Running main_process.py for CVE: CVE-2022-23596
Versions: 5.0.0, 1.0.1

[1m[Main] === Starting adaptation process for CVE-2022-23596 ===[0m
[96m[Processor] Fetching all available Maven versions...[0m
[96m[Analyzer] Loading cached versions from: /PoCAdaptation/library/com_github_junrar_junrar.txt[0m
[96m[Analyzer] com.github.junrar:junrar has 22 versions (cached).[0m
[96m[Processor] Identifying versions with successful reproduction...[0m
[96m[Processor] Pending versions: ['0.7', '1.0.0', '1.0.1', '2.0.0', '3.0.0', '3.1.0', '4.0.0', '5.0.0'][0m
[96m[Preparer] Pending directory already exists: /PoCAdaptation/exploit/pending/CVE-2022-23596[0m
[92m[Main] Total affected versions: 15[0m
[92m[Main] Already reproduced versions: 7[0m
[93m[Main] Versions pending adaptation: 8[0m
[96m[Main]     -> ['0.7', '1.0.0', '1.0.1', '2.0.0', '3.0.0', '3.1.0', '4.0.0', '5.0.0'][0m
[96m[Main]     -> ['6.0.0', '6.0.1', '7.0.0', '7.1.0', '7.2.0', '7.3.0', '7.4.0'][0m
[96m[Executor] Running initial exploit mvn test in /PoCAdaptation/exploit/origin/CVE-2022-23596/exploit[0m
[91m[Executor] Initial exploit execution finished with return code 1[0m
[96m[Verifier] Verifying reproduction...[0m
[92m[Verifier] âœ“ Behavior matched: 'org.junit.runners.model.TestTimedOutException'[0m
[92m[Verifier] âœ“ Detail matched: 'test timed out after'[0m
[92m[Verifier] âœ“ All reproduction indicators matched.[0m
[92m[Verifier] Initial exploit behavior verified successfully.[0m
[96m[Selector] Nearest need adapatation version selected: 5.0.0[0m
[96m[Selector] Closest reproduced version: 6.0.0 at index 8[0m
[96m[Adapter] Trying next closest version: 5.0.0[0m
[93m[Preparer] No usable exploit dirs found under /PoCAdaptation/exploit/valid/CVE-2022-23596[0m
[92m[Preparer] Copied exploit to: /PoCAdaptation/exploit/pending/CVE-2022-23596/5.0.0/exploit[0m
[96m[Preparer] Updating dependency version to 5.0.0 in /PoCAdaptation/exploit/pending/CVE-2022-23596/5.0.0/exploit/pom.xml[0m
[92m[Preparer] Updated dependency version to 5.0.0 in /PoCAdaptation/exploit/pending/CVE-2022-23596/5.0.0/exploit/pom.xml[0m
[96m[Executor] Attempting direct exploit execution on 5.0.0...[0m
[96m[Executor] Executing exploit for CVE-2022-23596 on version 5.0.0...[0m
[96m[Verifier] Verifying reproduction...[0m
[91m[Verifier] âœ— Behavior not found: 'org.junit.runners.model.TestTimedOutException'[0m
[91m[Executor] Reproduction result: Failure[0m
[96m[Adapter] Attempting adaptation from base version 6.0.0 to 5.0.0...[0m
[96m[Adapter] Start adapting exploit from 6.0.0 to 5.0.0"[0m
[96m[Executor] Executing exploit for CVE-2022-23596 on version 5.0.0...[0m
[96m[Verifier] Verifying reproduction...[0m
[91m[Verifier] âœ— Behavior not found: 'org.junit.runners.model.TestTimedOutException'[0m
[91m[Executor] Reproduction result: Failure[0m
[96m[ErrorManager] Ignoring line: [ERROR] Failed to execute goal org.apache.maven.plugins:maven-compiler-plugin:3.1:testCompile (default-testCompile) on project CVE-2022-23596: Compilation failure: Compilation failure:[0m
[92m[ErrorManager] Processing line: [ERROR] /PoCAdaptation/exploit/result/CVE-2022-23596/5.0.0/exploit/src/test/java/edu/vision/se/Testcase1.java:[6,35] cannot find symbol[0m
[92m[ErrorManager] Processing line: [ERROR]   symbol:   class CorruptHeaderException[0m
[92m[ErrorManager] Processing line: [ERROR]   location: package com.github.junrar.exception[0m
[92m[ErrorManager] Processing line: [ERROR] /PoCAdaptation/exploit/result/CVE-2022-23596/5.0.0/exploit/src/test/java/edu/vision/se/Testcase1.java:[27,33] cannot find symbol[0m
[92m[ErrorManager] Processing line: [ERROR]   symbol:   class CorruptHeaderException[0m
[92m[ErrorManager] Processing line: [ERROR]   location: class edu.vision.se.Testcase1[0m
[96m[ErrorManager] Ignoring line: [ERROR] -> [Help 1][0m
[96m[ErrorManager] Ignoring line: [ERROR][0m
[96m[ErrorManager] Ignoring line: [ERROR] To see the full stack trace of the errors, re-run Maven with the -e switch.[0m
[96m[ErrorManager] Ignoring line: [ERROR] Re-run Maven using the -X switch to enable full debug logging.[0m
[96m[ErrorManager] Ignoring line: [ERROR][0m
[96m[ErrorManager] Ignoring line: [ERROR] For more information about the errors and possible solutions, please read the following articles:[0m
[96m[ErrorManager] Ignoring line: [ERROR] [Help 1] http://cwiki.apache.org/confluence/display/MAVEN/MojoFailureException[0m
[96m[Adapter] Locating fix position in error log.[0m
[LLMClient] Tokens used: 1517 (prompt), 1 (completion), 1518 (total)
[LLMClient] Prompt: 
You are given a Java error log when executing 'mvn test' in a project with dependency version 5.0.0:com.github.junrar:junrar.
This test file compiles and runs successfully with version 6.0.0.

Your task is to:
1. Analyze why this issue occurs with the *6.0.0* but not with the *5.0.0 version*.
2. Consider how to resolve the issue **without updating this library**.
3. Determine and output the location in the project that should be modified to fix the problem.

Please return 'pom' if the fix is in the pom.xml file, or 'test' if the fix is in the test code.
Do not return any other text, just 'pom' or 'test'.

The error log is:
[INFO] Scanning for projects...
[INFO] 
[INFO] --------------------< edu.vision.se:CVE-2022-23596 >--------------------
[INFO] Building junrar CVE-2022-23596 1.0-SNAPSHOT
[INFO]   from pom.xml
[INFO] --------------------------------[ jar ]---------------------------------
[INFO] 
[INFO] --- maven-clean-plugin:2.5:clean (default-clean) @ CVE-2022-23596 ---
[INFO] Deleting /PoCAdaptation/exploit/result/CVE-2022-23596/5.0.0/exploit/target
[INFO] 
[INFO] --- maven-resources-plugin:2.6:resources (default-resources) @ CVE-2022-23596 ---
[WARNING] Using platform encoding (UTF-8 actually) to copy filtered resources, i.e. build is platform dependent!
[INFO] Copying 0 resource
[INFO] 
[INFO] --- maven-compiler-plugin:3.1:compile (default-compile) @ CVE-2022-23596 ---
[INFO] No sources to compile
[INFO] 
[INFO] --- maven-resources-plugin:2.6:testResources (default-testResources) @ CVE-2022-23596 ---
[WARNING] Using platform encoding (UTF-8 actually) to copy filtered resources, i.e. build is platform dependent!
[INFO] Copying 1 resource
[INFO] 
[INFO] --- maven-compiler-plugin:3.1:testCompile (default-testCompile) @ CVE-2022-23596 ---
[INFO] Changes detected - recompiling the module!
[WARNING] File encoding has not been set, using platform encoding UTF-8, i.e. build is platform dependent!
[INFO] Compiling 1 source file to /PoCAdaptation/exploit/result/CVE-2022-23596/5.0.0/exploit/target/test-classes
[INFO] -------------------------------------------------------------
[ERROR] COMPILATION ERROR : 
[INFO] -------------------------------------------------------------
[ERROR] /PoCAdaptation/exploit/result/CVE-2022-23596/5.0.0/exploit/src/test/java/edu/vision/se/Testcase1.java:[6,35] cannot find symbol
  symbol:   class CorruptHeaderException
  location: package com.github.junrar.exception
[ERROR] /PoCAdaptation/exploit/result/CVE-2022-23596/5.0.0/exploit/src/test/java/edu/vision/se/Testcase1.java:[27,33] cannot find symbol
  symbol:   class CorruptHeaderException
  location: class edu.vision.se.Testcase1
[INFO] 2 errors 
[INFO] -------------------------------------------------------------
[INFO] ------------------------------------------------------------------------
[INFO] BUILD FAILURE
[INFO] ------------------------------------------------------------------------
[INFO] Total time:  0.954 s
[INFO] Finished at: 2025-07-13T14:18:18Z
[INFO] ------------------------------------------------------------------------
[ERROR] Failed to execute goal org.apache.maven.plugins:maven-compiler-plugin:3.1:testCompile (default-testCompile) on project CVE-2022-23596: Compilation failure: Compilation failure: 
[ERROR] /PoCAdaptation/exploit/result/CVE-2022-23596/5.0.0/exploit/src/test/java/edu/vision/se/Testcase1.java:[6,35] cannot find symbol
[ERROR]   symbol:   class CorruptHeaderException
[ERROR]   location: package com.github.junrar.exception
[ERROR] /PoCAdaptation/exploit/result/CVE-2022-23596/5.0.0/exploit/src/test/java/edu/vision/se/Testcase1.java:[27,33] cannot find symbol
[ERROR]   symbol:   class CorruptHeaderException
[ERROR]   location: class edu.vision.se.Testcase1
[ERROR] -> [Help 1]
[ERROR] 
[ERROR] To see the full stack trace of the errors, re-run Maven with the -e switch.
[ERROR] Re-run Maven using the -X switch to enable full debug logging.
[ERROR] 
[ERROR] For more information about the errors and possible solutions, please read the following articles:
[ERROR] [Help 1] http://cwiki.apache.org/confluence/display/MAVEN/MojoFailureException


current_pom file is:<?xml version='1.0' encoding='utf-8'?>
<project xmlns="http://maven.apache.org/POM/4.0.0" xmlns:xsi="http://www.w3.org/2001/XMLSchema-instance" xsi:schemaLocation="http://maven.apache.org/POM/4.0.0 https://maven.apache.org/xsd/maven-4.0.0.xsd">
  <groupId>edu.vision.se</groupId><version>1.0-SNAPSHOT</version><modelVersion>4.0.0</modelVersion>
  <artifactId>CVE-2022-23596</artifactId>
  <name>junrar CVE-2022-23596</name>

  <properties>
    <maven.compiler.target>11</maven.compiler.target>
    <maven.compiler.source>11</maven.compiler.source>
  </properties>

  <dependencies>
    <dependency>
      <groupId>com.github.junrar</groupId>
      <artifactId>junrar</artifactId>
      <version>5.0.0</version>
    </dependency>
    <dependency>
        <groupId>cn.hutool</groupId>
        <artifactId>hutool-all</artifactId>
        <version>5.7.10</version>
    </dependency>
  <dependency><groupId>junit</groupId><artifactId>junit</artifactId><version>4.13.2</version></dependency>
  
  </dependencies>
</project>
[LLMClient] Response: 
test
[96m[Adapter] LLM response for fix position: test[0m
[LLMClient] Tokens used: 141 (prompt), 16 (completion), 157 (total)
[LLMClient] Prompt: 
You are given an error log when executing 'mvn test' in version 5.0.0: 

Error: cannot find symbol, class CorruptHeaderException, package com.github.junrar.exception 

The test executes as expected in 6.0.0 

Error code: import com.github.junrar.exception.CorruptHeaderException; 

Extract two key *entities* from the error for searching related diffs 

The extracted entities should reflect code-level identifiers that are likely to appear in source code or diffs. 

Output each node as a `;`-separated list, with no explanations. 


[LLMClient] Response: 
com.github.junrar.exception.CorruptHeaderException;CorruptHeaderException
[96m[ErrorManager] Extracted key entities: ['com.github.junrar.exception.CorruptHeaderException', 'CorruptHeaderException'][0m
[96m[Adapter] Try to solve error: {'file': '/PoCAdaptation/exploit/result/CVE-2022-23596/5.0.0/exploit/src/test/java/edu/vision/se/Testcase1.java', 'line': 6, 'column': 35, 'message': 'cannot find symbol', 'symbol': 'class CorruptHeaderException', 'location': 'package com.github.junrar.exception', 'code_line': 'import com.github.junrar.exception.CorruptHeaderException;'} with cause: ['com.github.junrar.exception.CorruptHeaderException', 'CorruptHeaderException'][0m
[LLMClient] Tokens used: 174 (prompt), 16 (completion), 190 (total)
[LLMClient] Prompt: 
You are given an error log when executing 'mvn test' in version 5.0.0: 

Error: cannot find symbol, class CorruptHeaderException, package com.github.junrar.exception 

The test executes as expected in 6.0.0 

Error code: import com.github.junrar.exception.CorruptHeaderException; 

Extract two key *entities* from the error for searching related diffs 

The extracted entities should reflect code-level identifiers that are likely to appear in source code or diffs. 

Current cause: ['com.github.junrar.exception.CorruptHeaderException', 'CorruptHeaderException'] 

 failed to catch, try simpler or other entities.

Output each node as a `;`-separated list, with no explanations. 


[LLMClient] Response: 
com.github.junrar.exception.CorruptHeaderException;CorruptHeaderException
[96m[ErrorManager] Extracted key entities: ['com.github.junrar.exception.CorruptHeaderException', 'CorruptHeaderException'][0m
[96m[Adapter] Related diffs for error: [(8, 10.0), (77, 10.0), (13, 5.0), (18, 5.0), (43, 5.0)][0m
[96m[Adapter] Fix position is in test code.[0m
[96m[RepairModule] Start repair for group: cannot find symbol | class CorruptHeaderException cause: ['com.github.junrar.exception.CorruptHeaderException', 'CorruptHeaderException'][0m
[96m[RepairModule] Trying best diff #8 with score 10.00[0m
[96m[RepairModule] Found 10 diff combinations for annealing.[0m
[96m[RepairModule] Iteration 1, temperature 1.000: Trying diff #8 with score 10.00[0m
[LLMClient] Tokens used: 629 (prompt), 190 (completion), 819 (total)
[LLMClient] Prompt: 
You are given a Java test file with compilation errors in version 5.0.0:com.github.junrar:junrar.
This test file compiles and runs successfully in 6.0.0.

The diff is related to the diff.
Your task has three steps:
 1. Locate the code where the compilation error occurs.
 2. Analyze the diff from 6.0.0 to 5.0.0.
 3. Fix the error in the error position only when diff is helpful. Add import statement when needed according to the diff. 

Only output the modified version of the test file according to the diff. No explanations. If mocking, access fields via reflection if they exist.
### Compilation Errors:
message: cannot find symbol, symble: class CorruptHeaderException, location: package com.github.junrar.exception

### Error Position:
import com.github.junrar.exception.CorruptHeaderException;

### Related Diff:
Operation: MODIFIED, File: src/main/java/com/github/junrar/Archive.java, Hunk: @@ -18,8 +18,15 @@
  */
 package com.github.junrar;

-import com.github.junrar.exception.BadRarArchiveException;
-import com.github.junrar.exception.CorruptHeaderException;
-import com.github.junrar.exception.CrcErrorException;
-import com.github.junrar.exception.HeaderNotInArchiveException;
-import com.github.junrar.exception.MainHeaderNullException;
-import com.github.junrar.exception.NotRarArchiveException;
 import com.github.junrar.exception.RarException;
+import com.github.junrar.exception.RarException.RarExceptionType;
-import com.github.junrar.exception.UnsupportedRarEncryptedException;
-import com.github.junrar.exception.UnsupportedRarV5Exception;
 import com.github.junrar.impl.FileVolumeManager;
 import com.github.junrar.impl.InputStreamVolumeManager;
 import com.github.junrar.io.IReadOnlyAccess;

### Test File Content:
package edu.vision.se;

import cn.hutool.core.io.FileUtil;
import com.github.junrar.Junrar;
import org.junit.Test;
import com.github.junrar.exception.CorruptHeaderException;
import java.io.File;

import static org.junit.Assert.assertTrue;
import static org.junit.Assert.fail;

public class Testcase1 {
    @Test(timeout = 2000)
    public void testCorruptHeader() throws Exception {
        File file = FileUtil.file(System.getProperty("user.dir"), "src/test/resources/loop.rar");
        File destFile = File.createTempFile("temp", null).getParentFile();

        try {
            Junrar.extract(file, destFile);
            fail("the test fail");
        } catch (Exception e) {
            validateThrow(e);
        }
    }

    public void validateThrow(Throwable e) {
        assertTrue(e instanceof CorruptHeaderException);
    }
}



[LLMClient] Response: 
package edu.vision.se;

import cn.hutool.core.io.FileUtil;
import com.github.junrar.Junrar;
import org.junit.Test;
import com.github.junrar.exception.RarException;
import java.io.File;

import static org.junit.Assert.assertTrue;
import static org.junit.Assert.fail;

public class Testcase1 {
    @Test(timeout = 2000)
    public void testCorruptHeader() throws Exception {
        File file = FileUtil.file(System.getProperty("user.dir"), "src/test/resources/loop.rar");
        File destFile = File.createTempFile("temp", null).getParentFile();

        try {
            Junrar.extract(file, destFile);
            fail("the test fail");
        } catch (Exception e) {
            validateThrow(e);
        }
    }

    public void validateThrow(Throwable e) {
        assertTrue(e instanceof RarException);
    }
}
[96m[RepairModule] Wrote modified code to /PoCAdaptation/exploit/result/CVE-2022-23596/5.0.0/exploit/src/test/java/edu/vision/se/Testcase1.java[0m
[96m[Executor] Executing exploit for CVE-2022-23596 on version 5.0.0...[0m
[96m[Verifier] Verifying reproduction...[0m
[92m[Verifier] âœ“ Behavior matched: 'org.junit.runners.model.TestTimedOutException'[0m
[92m[Verifier] âœ“ Detail matched: 'test timed out after'[0m
[92m[Verifier] âœ“ All reproduction indicators matched.[0m
[92m[Executor] Reproduction result: Success[0m
[92m[RepairModule] Repair success![0m
[92m[RepairModule] Repair success with diff #8 at iteration 1![0m
[96m[Adapter] Test code repair attempted.[0m
[96m[Executor] Executing exploit for CVE-2022-23596 on version 5.0.0...[0m
[96m[Verifier] Verifying reproduction...[0m
[92m[Verifier] âœ“ Behavior matched: 'org.junit.runners.model.TestTimedOutException'[0m
[92m[Verifier] âœ“ Detail matched: 'test timed out after'[0m
[92m[Verifier] âœ“ All reproduction indicators matched.[0m
[92m[Executor] Reproduction result: Success[0m
[92m[Adapter] Adaptation from 6.0.0 to 5.0.0 successful.[0m
[Adapt] âœ“ Completed: True
[96m[Adapter] Adaptation complete. Retesting exploit on 5.0.0...[0m
[92m[Executor] Adaptation + reproduction successful on 5.0.0[0m
[96m[Adapter] Copied successful adaptation to /PoCAdaptation/exploit/valid/CVE-2022-23596/5.0.0[0m
[1m[Main] === Starting adaptation process for CVE-2022-23596 ===[0m
[96m[Processor] Fetching all available Maven versions...[0m
[96m[Analyzer] Loading cached versions from: /PoCAdaptation/library/com_github_junrar_junrar.txt[0m
[96m[Analyzer] com.github.junrar:junrar has 22 versions (cached).[0m
[96m[Processor] Identifying versions with successful reproduction...[0m
[96m[Processor] Pending versions: ['0.7', '1.0.0', '1.0.1', '2.0.0', '3.0.0', '3.1.0', '4.0.0', '5.0.0'][0m
[96m[Preparer] Pending directory already exists: /PoCAdaptation/exploit/pending/CVE-2022-23596[0m
[92m[Main] Total affected versions: 15[0m
[92m[Main] Already reproduced versions: 12[0m
[93m[Main] Versions pending adaptation: 3[0m
[96m[Main]     -> ['0.7', '1.0.0', '1.0.1'][0m
[96m[Main]     -> ['2.0.0', '3.0.0', '3.1.0', '4.0.0', '5.0.0', '6.0.0', '6.0.1', '7.0.0', '7.1.0', '7.2.0', '7.3.0', '7.4.0'][0m
[96m[Executor] Running initial exploit mvn test in /PoCAdaptation/exploit/origin/CVE-2022-23596/exploit[0m
[91m[Executor] Initial exploit execution finished with return code 1[0m
[96m[Verifier] Verifying reproduction...[0m
[92m[Verifier] âœ“ Behavior matched: 'org.junit.runners.model.TestTimedOutException'[0m
[92m[Verifier] âœ“ Detail matched: 'test timed out after'[0m
[92m[Verifier] âœ“ All reproduction indicators matched.[0m
[92m[Verifier] Initial exploit behavior verified successfully.[0m
[96m[Selector] Nearest need adapatation version selected: 1.0.1[0m
[96m[Selector] Closest reproduced version: 2.0.0 at index 3[0m
[96m[Adapter] Trying next closest version: 1.0.1[0m
[96m[Preparer] Using closest existing exploit version: /PoCAdaptation/exploit/valid/CVE-2022-23596/5.0.0/exploit[0m
[92m[Preparer] Copied exploit to: /PoCAdaptation/exploit/pending/CVE-2022-23596/1.0.1/exploit[0m
[96m[Preparer] Updating dependency version to 1.0.1 in /PoCAdaptation/exploit/pending/CVE-2022-23596/1.0.1/exploit/pom.xml[0m
[92m[Preparer] Updated dependency version to 1.0.1 in /PoCAdaptation/exploit/pending/CVE-2022-23596/1.0.1/exploit/pom.xml[0m
[96m[Executor] Attempting direct exploit execution on 1.0.1...[0m
[96m[Executor] Executing exploit for CVE-2022-23596 on version 1.0.1...[0m
[96m[Verifier] Verifying reproduction...[0m
[91m[Verifier] âœ— Behavior not found: 'org.junit.runners.model.TestTimedOutException'[0m
[91m[Executor] Reproduction result: Failure[0m
[96m[Adapter] Attempting adaptation from base version 2.0.0 to 1.0.1...[0m
[96m[Adapter] Start adapting exploit from 2.0.0 to 1.0.1"[0m
[96m[Executor] Executing exploit for CVE-2022-23596 on version 1.0.1...[0m
[96m[Verifier] Verifying reproduction...[0m
[91m[Verifier] âœ— Behavior not found: 'org.junit.runners.model.TestTimedOutException'[0m
[91m[Executor] Reproduction result: Failure[0m
[96m[ErrorManager] Ignoring line: [ERROR] Failed to execute goal org.apache.maven.plugins:maven-compiler-plugin:3.1:testCompile (default-testCompile) on project CVE-2022-23596: Compilation failure: Compilation failure:[0m
[92m[ErrorManager] Processing line: [ERROR] /PoCAdaptation/exploit/result/CVE-2022-23596/1.0.1/exploit/src/test/java/edu/vision/se/Testcase1.java:[4,25] cannot find symbol[0m
[92m[ErrorManager] Processing line: [ERROR]   symbol:   class Junrar[0m
[92m[ErrorManager] Processing line: [ERROR]   location: package com.github.junrar[0m
[92m[ErrorManager] Processing line: [ERROR] /PoCAdaptation/exploit/result/CVE-2022-23596/1.0.1/exploit/src/test/java/edu/vision/se/Testcase1.java:[19,13] cannot find symbol[0m
[92m[ErrorManager] Processing line: [ERROR]   symbol:   variable Junrar[0m
[92m[ErrorManager] Processing line: [ERROR]   location: class edu.vision.se.Testcase1[0m
[96m[ErrorManager] Ignoring line: [ERROR] -> [Help 1][0m
[96m[ErrorManager] Ignoring line: [ERROR][0m
[96m[ErrorManager] Ignoring line: [ERROR] To see the full stack trace of the errors, re-run Maven with the -e switch.[0m
[96m[ErrorManager] Ignoring line: [ERROR] Re-run Maven using the -X switch to enable full debug logging.[0m
[96m[ErrorManager] Ignoring line: [ERROR][0m
[96m[ErrorManager] Ignoring line: [ERROR] For more information about the errors and possible solutions, please read the following articles:[0m
[96m[ErrorManager] Ignoring line: [ERROR] [Help 1] http://cwiki.apache.org/confluence/display/MAVEN/MojoFailureException[0m
[96m[Adapter] Locating fix position in error log.[0m
[LLMClient] Tokens used: 1507 (prompt), 1 (completion), 1508 (total)
[LLMClient] Prompt: 
You are given a Java error log when executing 'mvn test' in a project with dependency version 1.0.1:com.github.junrar:junrar.
This test file compiles and runs successfully with version 2.0.0.

Your task is to:
1. Analyze why this issue occurs with the *2.0.0* but not with the *1.0.1 version*.
2. Consider how to resolve the issue **without updating this library**.
3. Determine and output the location in the project that should be modified to fix the problem.

Please return 'pom' if the fix is in the pom.xml file, or 'test' if the fix is in the test code.
Do not return any other text, just 'pom' or 'test'.

The error log is:
[INFO] Scanning for projects...
[INFO] 
[INFO] --------------------< edu.vision.se:CVE-2022-23596 >--------------------
[INFO] Building junrar CVE-2022-23596 1.0-SNAPSHOT
[INFO]   from pom.xml
[INFO] --------------------------------[ jar ]---------------------------------
[INFO] 
[INFO] --- maven-clean-plugin:2.5:clean (default-clean) @ CVE-2022-23596 ---
[INFO] Deleting /PoCAdaptation/exploit/result/CVE-2022-23596/1.0.1/exploit/target
[INFO] 
[INFO] --- maven-resources-plugin:2.6:resources (default-resources) @ CVE-2022-23596 ---
[WARNING] Using platform encoding (UTF-8 actually) to copy filtered resources, i.e. build is platform dependent!
[INFO] Copying 0 resource
[INFO] 
[INFO] --- maven-compiler-plugin:3.1:compile (default-compile) @ CVE-2022-23596 ---
[INFO] No sources to compile
[INFO] 
[INFO] --- maven-resources-plugin:2.6:testResources (default-testResources) @ CVE-2022-23596 ---
[WARNING] Using platform encoding (UTF-8 actually) to copy filtered resources, i.e. build is platform dependent!
[INFO] Copying 1 resource
[INFO] 
[INFO] --- maven-compiler-plugin:3.1:testCompile (default-testCompile) @ CVE-2022-23596 ---
[INFO] Changes detected - recompiling the module!
[WARNING] File encoding has not been set, using platform encoding UTF-8, i.e. build is platform dependent!
[INFO] Compiling 1 source file to /PoCAdaptation/exploit/result/CVE-2022-23596/1.0.1/exploit/target/test-classes
[INFO] -------------------------------------------------------------
[ERROR] COMPILATION ERROR : 
[INFO] -------------------------------------------------------------
[ERROR] /PoCAdaptation/exploit/result/CVE-2022-23596/1.0.1/exploit/src/test/java/edu/vision/se/Testcase1.java:[4,25] cannot find symbol
  symbol:   class Junrar
  location: package com.github.junrar
[ERROR] /PoCAdaptation/exploit/result/CVE-2022-23596/1.0.1/exploit/src/test/java/edu/vision/se/Testcase1.java:[19,13] cannot find symbol
  symbol:   variable Junrar
  location: class edu.vision.se.Testcase1
[INFO] 2 errors 
[INFO] -------------------------------------------------------------
[INFO] ------------------------------------------------------------------------
[INFO] BUILD FAILURE
[INFO] ------------------------------------------------------------------------
[INFO] Total time:  0.862 s
[INFO] Finished at: 2025-07-13T14:19:01Z
[INFO] ------------------------------------------------------------------------
[ERROR] Failed to execute goal org.apache.maven.plugins:maven-compiler-plugin:3.1:testCompile (default-testCompile) on project CVE-2022-23596: Compilation failure: Compilation failure: 
[ERROR] /PoCAdaptation/exploit/result/CVE-2022-23596/1.0.1/exploit/src/test/java/edu/vision/se/Testcase1.java:[4,25] cannot find symbol
[ERROR]   symbol:   class Junrar
[ERROR]   location: package com.github.junrar
[ERROR] /PoCAdaptation/exploit/result/CVE-2022-23596/1.0.1/exploit/src/test/java/edu/vision/se/Testcase1.java:[19,13] cannot find symbol
[ERROR]   symbol:   variable Junrar
[ERROR]   location: class edu.vision.se.Testcase1
[ERROR] -> [Help 1]
[ERROR] 
[ERROR] To see the full stack trace of the errors, re-run Maven with the -e switch.
[ERROR] Re-run Maven using the -X switch to enable full debug logging.
[ERROR] 
[ERROR] For more information about the errors and possible solutions, please read the following articles:
[ERROR] [Help 1] http://cwiki.apache.org/confluence/display/MAVEN/MojoFailureException


current_pom file is:<?xml version='1.0' encoding='utf-8'?>
<project xmlns="http://maven.apache.org/POM/4.0.0" xmlns:xsi="http://www.w3.org/2001/XMLSchema-instance" xsi:schemaLocation="http://maven.apache.org/POM/4.0.0 https://maven.apache.org/xsd/maven-4.0.0.xsd">
  <groupId>edu.vision.se</groupId><version>1.0-SNAPSHOT</version><modelVersion>4.0.0</modelVersion>
  <artifactId>CVE-2022-23596</artifactId>
  <name>junrar CVE-2022-23596</name>

  <properties>
    <maven.compiler.target>11</maven.compiler.target>
    <maven.compiler.source>11</maven.compiler.source>
  </properties>

  <dependencies>
    <dependency>
      <groupId>com.github.junrar</groupId>
      <artifactId>junrar</artifactId>
      <version>1.0.1</version>
    </dependency>
    <dependency>
        <groupId>cn.hutool</groupId>
        <artifactId>hutool-all</artifactId>
        <version>5.7.10</version>
    </dependency>
  <dependency><groupId>junit</groupId><artifactId>junit</artifactId><version>4.13.2</version></dependency>
  
  </dependencies>
</project>
[LLMClient] Response: 
test
[96m[Adapter] LLM response for fix position: test[0m
[LLMClient] Tokens used: 135 (prompt), 11 (completion), 146 (total)
[LLMClient] Prompt: 
You are given an error log when executing 'mvn test' in version 1.0.1: 

Error: cannot find symbol, class Junrar, package com.github.junrar 

The test executes as expected in 2.0.0 

Error code: import com.github.junrar.Junrar; 

Extract two key *entities* from the error for searching related diffs 

The extracted entities should reflect code-level identifiers that are likely to appear in source code or diffs. 

Output each node as a `;`-separated list, with no explanations. 


[LLMClient] Response: 
com.github.junrar.Junrar;Junrar
[96m[ErrorManager] Extracted key entities: ['com.github.junrar.Junrar', 'Junrar'][0m
[96m[Adapter] Try to solve error: {'file': '/PoCAdaptation/exploit/result/CVE-2022-23596/1.0.1/exploit/src/test/java/edu/vision/se/Testcase1.java', 'line': 4, 'column': 25, 'message': 'cannot find symbol', 'symbol': 'class Junrar', 'location': 'package com.github.junrar', 'code_line': 'import com.github.junrar.Junrar;'} with cause: ['com.github.junrar.Junrar', 'Junrar'][0m
[LLMClient] Tokens used: 163 (prompt), 11 (completion), 174 (total)
[LLMClient] Prompt: 
You are given an error log when executing 'mvn test' in version 1.0.1: 

Error: cannot find symbol, class Junrar, package com.github.junrar 

The test executes as expected in 2.0.0 

Error code: import com.github.junrar.Junrar; 

Extract two key *entities* from the error for searching related diffs 

The extracted entities should reflect code-level identifiers that are likely to appear in source code or diffs. 

Current cause: ['com.github.junrar.Junrar', 'Junrar'] 

 failed to catch, try simpler or other entities.

Output each node as a `;`-separated list, with no explanations. 


[LLMClient] Response: 
com.github.junrar.Junrar;Junrar
[96m[ErrorManager] Extracted key entities: ['com.github.junrar.Junrar', 'Junrar'][0m
[96m[Adapter] Related diffs for error: [(37, 10.0), (68, 10.0), (1, 5.0), (32, 5.0), (38, 5.0)][0m
[96m[Adapter] Fix position is in test code.[0m
[96m[RepairModule] Start repair for group: cannot find symbol | class Junrar cause: ['com.github.junrar.Junrar', 'Junrar'][0m
[96m[RepairModule] Trying best diff #37 with score 10.00[0m
[96m[RepairModule] Found 10 diff combinations for annealing.[0m
[96m[RepairModule] Iteration 1, temperature 1.000: Trying diff #(37, 38) with score 7.50[0m
[LLMClient] Tokens used: 1322 (prompt), 217 (completion), 1539 (total)
[LLMClient] Prompt: 
You are given a Java test file with compilation errors in version 1.0.1:com.github.junrar:junrar.
This test file compiles and runs successfully in 2.0.0.

The diff is related to the diff.
Your task has three steps:
 1. Locate the code where the compilation error occurs.
 2. Analyze the diff from 2.0.0 to 1.0.1.
 3. Fix the error in the error position only when diff is helpful. Add import statement when needed according to the diff. 

Only output the modified version of the test file according to the diff. No explanations. If mocking, access fields via reflection if they exist.
### Compilation Errors:
message: cannot find symbol, symble: class Junrar, location: package com.github.junrar

### Error Position:
import com.github.junrar.Junrar;

### Related Diff:
Operation: MODIFIED, File: src/main/java/com/github/junrar/extract/ExtractArchive.java, Hunk: @@ -1,15 +1,10 @@
 package com.github.junrar.extract;

 import java.io.File;
+import java.io.FileOutputStream;
 import java.io.IOException;
+import java.io.OutputStream;

+import org.apache.commons.logging.Log;
+
+import com.github.junrar.Archive;
-import com.github.junrar.Junrar;
 import com.github.junrar.exception.RarException;
+import com.github.junrar.rarfile.FileHeader;

 /**
  * extract an archive to the given location
Operation: MODIFIED, File: src/main/java/com/github/junrar/extract/ExtractArchive.java, Hunk: @@ -18,153 +13,18 @@
  *
  */
 public class ExtractArchive {
+
+	private Log logger;
+
+	public void setLogger(Log logger) {
+		this.logger = logger;
+	}

-	/**
-	 * @deprecated  As of release 1.0.2, replaced by { @link #Junrar.extract(final String rarPath, final String destinationPath) }
-	 *
-	 * @param archive rar file path
-	 * @param destination folder where the files will be extracted
-	 *
-	 * @throws IOException .
-	 * @throws RarException .
-	 */
-	@Deprecated
 	public void extractArchive(File archive, File destination) throws RarException, IOException {
+		Archive arch = null;
+		try {
+			arch = new Archive(archive);
+		} catch (RarException e) {
+			logError(e);
+			throw e;
+		} catch (IOException e1) {
+			logError(e1);
+			throw e1;
+		}
+		if (arch != null) {
+			if (arch.isEncrypted()) {
+				logWarn("archive is encrypted cannot extract");
+				return;
+			}
+			try{
+				FileHeader fh = null;
+				while (true) {
+					fh = arch.nextFileHeader();
+					if (fh == null) {
+						break;
+					}
+					String fileNameString = fh.getFileNameString();
+					if (fh.isEncrypted()) {
+						logWarn("file is encrypted cannot extract: "+ fileNameString);
+						continue;
+					}
+					logInfo("extracting: " + fileNameString);
+					try {
+						if (fh.isDirectory()) {
+							createDirectory(fh, destination);
+						} else {
+							File f = createFile(fh, destination);
+							OutputStream stream = new FileOutputStream(f);
+							arch.extractFile(fh, stream);
+							stream.close();
+						}
+					} catch (IOException e) {
+						logError(e, "error extracting the file");
+						throw e;
+					} catch (RarException e) {
+						logError(e,"error extraction the file");
+						throw e;
+					}
+				}
+			}finally {
+				try {
+					arch.close();
+				} catch (IOException e) {
+					logError(e);
+				}
+			}
+		}
+	}
+
+	private void logWarn(String warning) {
+		if(logger!=null) logger.warn(warning);
+	}
+
+	private void logInfo(String info) {
+		if(logger!=null) logger.info(info);
+	}
+
+	private void logError(Exception e, String errorMessage) {
+		if(logger!=null) logger.error(errorMessage, e);
+	}
+
+	private void logError(Exception e) {
+		if(logger!=null) logger.error(e);
+	}
+
+	private File createFile(FileHeader fh, File destination) {
+		File f = null;
+		String name = null;
+		if (fh.isFileHeader() && fh.isUnicode()) {
+			name = fh.getFileNameW();
+		} else {
+			name = fh.getFileNameString();
+		}

### Test File Content:
package edu.vision.se;

import cn.hutool.core.io.FileUtil;
import com.github.junrar.Junrar;
import org.junit.Test;
import com.github.junrar.exception.RarException;
import java.io.File;

import static org.junit.Assert.assertTrue;
import static org.junit.Assert.fail;

public class Testcase1 {
    @Test(timeout = 2000)
    public void testCorruptHeader() throws Exception {
        File file = FileUtil.file(System.getProperty("user.dir"), "src/test/resources/loop.rar");
        File destFile = File.createTempFile("temp", null).getParentFile();

        try {
            Junrar.extract(file, destFile);
            fail("the test fail");
        } catch (Exception e) {
            validateThrow(e);
        }
    }

    public void validateThrow(Throwable e) {
        assertTrue(e instanceof RarException);
    }
}


[LLMClient] Response: 
Here's the modified version of the test file according to the diff:

```java
package edu.vision.se;

import cn.hutool.core.io.FileUtil;
import com.github.junrar.Archive;
import org.junit.Test;
import com.github.junrar.exception.RarException;
import java.io.File;

import static org.junit.Assert.assertTrue;
import static org.junit.Assert.fail;

public class Testcase1 {
    @Test(timeout = 2000)
    public void testCorruptHeader() throws Exception {
        File file = FileUtil.file(System.getProperty("user.dir"), "src/test/resources/loop.rar");
        File destFile = File.createTempFile("temp", null).getParentFile();

        try {
            Archive arch = new Archive(file);
            arch.extractAll(destFile.getAbsolutePath());
            fail("the test fail");
        } catch (Exception e) {
            validateThrow(e);
        }
    }

    public void validateThrow(Throwable e) {
        assertTrue(e instanceof RarException);
    }
}
```
[96m[RepairModule] Wrote modified code to /PoCAdaptation/exploit/result/CVE-2022-23596/1.0.1/exploit/src/test/java/edu/vision/se/Testcase1.java[0m
[96m[Executor] Executing exploit for CVE-2022-23596 on version 1.0.1...[0m
[96m[Verifier] Verifying reproduction...[0m
[91m[Verifier] âœ— Behavior not found: 'org.junit.runners.model.TestTimedOutException'[0m
[91m[Executor] Reproduction result: Failure[0m
[96m[ErrorManager] Ignoring line: [ERROR] Failed to execute goal org.apache.maven.plugins:maven-compiler-plugin:3.1:testCompile (default-testCompile) on project CVE-2022-23596: Compilation failure[0m
[92m[ErrorManager] Processing line: [ERROR] /PoCAdaptation/exploit/result/CVE-2022-23596/1.0.1/exploit/src/test/java/edu/vision/se/Testcase1.java:[20,17] cannot find symbol[0m
[92m[ErrorManager] Processing line: [ERROR]   symbol:   method extractAll(java.lang.String)[0m
[92m[ErrorManager] Processing line: [ERROR]   location: variable arch of type com.github.junrar.Archive[0m
[96m[ErrorManager] Ignoring line: [ERROR][0m
[96m[ErrorManager] Ignoring line: [ERROR] -> [Help 1][0m
[96m[ErrorManager] Ignoring line: [ERROR][0m
[96m[ErrorManager] Ignoring line: [ERROR] To see the full stack trace of the errors, re-run Maven with the -e switch.[0m
[96m[ErrorManager] Ignoring line: [ERROR] Re-run Maven using the -X switch to enable full debug logging.[0m
[96m[ErrorManager] Ignoring line: [ERROR][0m
[96m[ErrorManager] Ignoring line: [ERROR] For more information about the errors and possible solutions, please read the following articles:[0m
[96m[ErrorManager] Ignoring line: [ERROR] [Help 1] http://cwiki.apache.org/confluence/display/MAVEN/MojoFailureException[0m
[RepairModule] Old grouped keys: {'cannot find symbol | variable Junrar', 'cannot find symbol | class Junrar'}
[RepairModule] New grouped keys: {'cannot find symbol | method extractAll(java.lang.String)'}
[93m[RepairModule] [Analyzer] New error:
  File     : /PoCAdaptation/exploit/result/CVE-2022-23596/1.0.1/exploit/src/test/java/edu/vision/se/Testcase1.java
  Line     : 20, Column: 17
  Message  : cannot find symbol
  Symbol   : method extractAll(java.lang.String)
  Location : variable arch of type com.github.junrar.Archive
  Code     : arch.extractAll(destFile.getAbsolutePath());
  Position : after the fixing line (4)[0m
[92m[RepairModule] Error cannot find symbol resolved after applying diff.[0m
[92m[RepairModule] Repair success with diff #(37, 38) at iteration 1![0m
[96m[Adapter] Test code repair attempted.[0m
[96m[Executor] Executing exploit for CVE-2022-23596 on version 1.0.1...[0m
[96m[Verifier] Verifying reproduction...[0m
[91m[Verifier] âœ— Behavior not found: 'org.junit.runners.model.TestTimedOutException'[0m
[91m[Executor] Reproduction result: Failure[0m
[96m[ErrorManager] Ignoring line: [ERROR] Failed to execute goal org.apache.maven.plugins:maven-compiler-plugin:3.1:testCompile (default-testCompile) on project CVE-2022-23596: Compilation failure[0m
[92m[ErrorManager] Processing line: [ERROR] /PoCAdaptation/exploit/result/CVE-2022-23596/1.0.1/exploit/src/test/java/edu/vision/se/Testcase1.java:[20,17] cannot find symbol[0m
[92m[ErrorManager] Processing line: [ERROR]   symbol:   method extractAll(java.lang.String)[0m
[92m[ErrorManager] Processing line: [ERROR]   location: variable arch of type com.github.junrar.Archive[0m
[96m[ErrorManager] Ignoring line: [ERROR][0m
[96m[ErrorManager] Ignoring line: [ERROR] -> [Help 1][0m
[96m[ErrorManager] Ignoring line: [ERROR][0m
[96m[ErrorManager] Ignoring line: [ERROR] To see the full stack trace of the errors, re-run Maven with the -e switch.[0m
[96m[ErrorManager] Ignoring line: [ERROR] Re-run Maven using the -X switch to enable full debug logging.[0m
[96m[ErrorManager] Ignoring line: [ERROR][0m
[96m[ErrorManager] Ignoring line: [ERROR] For more information about the errors and possible solutions, please read the following articles:[0m
[96m[ErrorManager] Ignoring line: [ERROR] [Help 1] http://cwiki.apache.org/confluence/display/MAVEN/MojoFailureException[0m
[96m[Adapter] Locating fix position in error log.[0m
[LLMClient] Tokens used: 1374 (prompt), 1 (completion), 1375 (total)
[LLMClient] Prompt: 
You are given a Java error log when executing 'mvn test' in a project with dependency version 1.0.1:com.github.junrar:junrar.
This test file compiles and runs successfully with version 2.0.0.

Your task is to:
1. Analyze why this issue occurs with the *2.0.0* but not with the *1.0.1 version*.
2. Consider how to resolve the issue **without updating this library**.
3. Determine and output the location in the project that should be modified to fix the problem.

Please return 'pom' if the fix is in the pom.xml file, or 'test' if the fix is in the test code.
Do not return any other text, just 'pom' or 'test'.

The error log is:
[INFO] Scanning for projects...
[INFO] 
[INFO] --------------------< edu.vision.se:CVE-2022-23596 >--------------------
[INFO] Building junrar CVE-2022-23596 1.0-SNAPSHOT
[INFO]   from pom.xml
[INFO] --------------------------------[ jar ]---------------------------------
[INFO] 
[INFO] --- maven-clean-plugin:2.5:clean (default-clean) @ CVE-2022-23596 ---
[INFO] Deleting /PoCAdaptation/exploit/result/CVE-2022-23596/1.0.1/exploit/target
[INFO] 
[INFO] --- maven-resources-plugin:2.6:resources (default-resources) @ CVE-2022-23596 ---
[WARNING] Using platform encoding (UTF-8 actually) to copy filtered resources, i.e. build is platform dependent!
[INFO] Copying 0 resource
[INFO] 
[INFO] --- maven-compiler-plugin:3.1:compile (default-compile) @ CVE-2022-23596 ---
[INFO] No sources to compile
[INFO] 
[INFO] --- maven-resources-plugin:2.6:testResources (default-testResources) @ CVE-2022-23596 ---
[WARNING] Using platform encoding (UTF-8 actually) to copy filtered resources, i.e. build is platform dependent!
[INFO] Copying 1 resource
[INFO] 
[INFO] --- maven-compiler-plugin:3.1:testCompile (default-testCompile) @ CVE-2022-23596 ---
[INFO] Changes detected - recompiling the module!
[WARNING] File encoding has not been set, using platform encoding UTF-8, i.e. build is platform dependent!
[INFO] Compiling 1 source file to /PoCAdaptation/exploit/result/CVE-2022-23596/1.0.1/exploit/target/test-classes
[INFO] -------------------------------------------------------------
[ERROR] COMPILATION ERROR : 
[INFO] -------------------------------------------------------------
[ERROR] /PoCAdaptation/exploit/result/CVE-2022-23596/1.0.1/exploit/src/test/java/edu/vision/se/Testcase1.java:[20,17] cannot find symbol
  symbol:   method extractAll(java.lang.String)
  location: variable arch of type com.github.junrar.Archive
[INFO] 1 error
[INFO] -------------------------------------------------------------
[INFO] ------------------------------------------------------------------------
[INFO] BUILD FAILURE
[INFO] ------------------------------------------------------------------------
[INFO] Total time:  0.841 s
[INFO] Finished at: 2025-07-13T14:19:29Z
[INFO] ------------------------------------------------------------------------
[ERROR] Failed to execute goal org.apache.maven.plugins:maven-compiler-plugin:3.1:testCompile (default-testCompile) on project CVE-2022-23596: Compilation failure
[ERROR] /PoCAdaptation/exploit/result/CVE-2022-23596/1.0.1/exploit/src/test/java/edu/vision/se/Testcase1.java:[20,17] cannot find symbol
[ERROR]   symbol:   method extractAll(java.lang.String)
[ERROR]   location: variable arch of type com.github.junrar.Archive
[ERROR] 
[ERROR] -> [Help 1]
[ERROR] 
[ERROR] To see the full stack trace of the errors, re-run Maven with the -e switch.
[ERROR] Re-run Maven using the -X switch to enable full debug logging.
[ERROR] 
[ERROR] For more information about the errors and possible solutions, please read the following articles:
[ERROR] [Help 1] http://cwiki.apache.org/confluence/display/MAVEN/MojoFailureException


current_pom file is:<?xml version='1.0' encoding='utf-8'?>
<project xmlns="http://maven.apache.org/POM/4.0.0" xmlns:xsi="http://www.w3.org/2001/XMLSchema-instance" xsi:schemaLocation="http://maven.apache.org/POM/4.0.0 https://maven.apache.org/xsd/maven-4.0.0.xsd">
  <groupId>edu.vision.se</groupId><version>1.0-SNAPSHOT</version><modelVersion>4.0.0</modelVersion>
  <artifactId>CVE-2022-23596</artifactId>
  <name>junrar CVE-2022-23596</name>

  <properties>
    <maven.compiler.target>11</maven.compiler.target>
    <maven.compiler.source>11</maven.compiler.source>
  </properties>

  <dependencies>
    <dependency>
      <groupId>com.github.junrar</groupId>
      <artifactId>junrar</artifactId>
      <version>1.0.1</version>
    </dependency>
    <dependency>
        <groupId>cn.hutool</groupId>
        <artifactId>hutool-all</artifactId>
        <version>5.7.10</version>
    </dependency>
  <dependency><groupId>junit</groupId><artifactId>junit</artifactId><version>4.13.2</version></dependency>
  
  </dependencies>
</project>
[LLMClient] Response: 
test
[96m[Adapter] LLM response for fix position: test[0m
[LLMClient] Tokens used: 146 (prompt), 11 (completion), 157 (total)
[LLMClient] Prompt: 
You are given an error log when executing 'mvn test' in version 1.0.1: 

Error: cannot find symbol, method extractAll(java.lang.String), variable arch of type com.github.junrar.Archive 

The test executes as expected in 2.0.0 

Error code:             arch.extractAll(destFile.getAbsolutePath()); 

Extract two key *entities* from the error for searching related diffs 

The extracted entities should reflect code-level identifiers that are likely to appear in source code or diffs. 

Output each node as a `;`-separated list, with no explanations. 


[LLMClient] Response: 
com.github.junrar.Archive;extractAll
[96m[ErrorManager] Extracted key entities: ['com.github.junrar.Archive', 'extractAll'][0m
[96m[Adapter] Try to solve error: {'file': '/PoCAdaptation/exploit/result/CVE-2022-23596/1.0.1/exploit/src/test/java/edu/vision/se/Testcase1.java', 'line': 20, 'column': 17, 'message': 'cannot find symbol', 'symbol': 'method extractAll(java.lang.String)', 'location': 'variable arch of type com.github.junrar.Archive', 'code_line': '            arch.extractAll(destFile.getAbsolutePath());'} with cause: ['com.github.junrar.Archive', 'extractAll'][0m
[LLMClient] Tokens used: 174 (prompt), 11 (completion), 185 (total)
[LLMClient] Prompt: 
You are given an error log when executing 'mvn test' in version 1.0.1: 

Error: cannot find symbol, method extractAll(java.lang.String), variable arch of type com.github.junrar.Archive 

The test executes as expected in 2.0.0 

Error code:             arch.extractAll(destFile.getAbsolutePath()); 

Extract two key *entities* from the error for searching related diffs 

The extracted entities should reflect code-level identifiers that are likely to appear in source code or diffs. 

Current cause: ['com.github.junrar.Archive', 'extractAll'] 

 failed to catch, try simpler or other entities.

Output each node as a `;`-separated list, with no explanations. 


[LLMClient] Response: 
com.github.junrar.Archive;extractAll
[96m[ErrorManager] Extracted key entities: ['com.github.junrar.Archive', 'extractAll'][0m
[96m[Adapter] Related diffs for error: [(37, 5.0), (41, 5.0), (42, 5.0), (94, 5.0), (98, 5.0)][0m
[96m[Adapter] Fix position is in test code.[0m
[96m[RepairModule] Start repair for group: cannot find symbol | method extractAll(java.lang.String) cause: ['com.github.junrar.Archive', 'extractAll'][0m
[96m[RepairModule] Trying best diff #37 with score 5.00[0m
[96m[RepairModule] Found 10 diff combinations for annealing.[0m
[96m[RepairModule] Iteration 1, temperature 1.000: Trying diff #(42, 98) with score 5.00[0m
[LLMClient] Tokens used: 676 (prompt), 263 (completion), 939 (total)
[LLMClient] Prompt: 
You are given a Java test file with compilation errors in version 1.0.1:com.github.junrar:junrar.
This test file compiles and runs successfully in 2.0.0.

The diff is related to the diff.
Your task has three steps:
 1. Locate the code where the compilation error occurs.
 2. Analyze the diff from 2.0.0 to 1.0.1.
 3. Fix the error in the error position only when diff is helpful. Add import statement when needed according to the diff. 

Only output the modified version of the test file according to the diff. No explanations. If mocking, access fields via reflection if they exist.
### Compilation Errors:
message: cannot find symbol, symble: method extractAll(java.lang.String), location: variable arch of type com.github.junrar.Archive

### Error Position:
            arch.extractAll(destFile.getAbsolutePath());

### Related Diff:
Operation: DELETED_FILE, File: src/main/java/com/github/junrar/impl/InputStreamVolumeManager.java, Hunk: @@ -0,0 +1,23 @@
-package com.github.junrar.impl;
-
-import java.io.IOException;
-import java.io.InputStream;
-
-import com.github.junrar.Archive;
-import com.github.junrar.Volume;
-import com.github.junrar.VolumeManager;
-
-public class InputStreamVolumeManager implements VolumeManager {
-
-	private final InputStream is;
-
-	public InputStreamVolumeManager(final InputStream is) {
-		this.is = is;
-	}
-
-	@Override
-	public Volume nextArchive(final Archive archive, final Volume lastVolume) throws IOException {
-		return new InputStreamVolume(archive, this.is);
-	}
-
-}
Operation: MODIFIED, File: src/test/java/com/github/junrar/testUtil/SimpleTest.java, Hunk: @@ -17,6 +17,7 @@
 package com.github.junrar.testUtil;

 import com.github.junrar.Archive;
-import com.github.junrar.impl.FileVolumeManager;
 import com.github.junrar.rarfile.FileHeader;
 import org.junit.Test;

### Test File Content:
package edu.vision.se;

import cn.hutool.core.io.FileUtil;
import com.github.junrar.Archive;
import org.junit.Test;
import com.github.junrar.exception.RarException;
import java.io.File;

import static org.junit.Assert.assertTrue;
import static org.junit.Assert.fail;

public class Testcase1 {
    @Test(timeout = 2000)
    public void testCorruptHeader() throws Exception {
        File file = FileUtil.file(System.getProperty("user.dir"), "src/test/resources/loop.rar");
        File destFile = File.createTempFile("temp", null).getParentFile();

        try {
            Archive arch = new Archive(file);
            arch.extractAll(destFile.getAbsolutePath());
            fail("the test fail");
        } catch (Exception e) {
            validateThrow(e);
        }
    }

    public void validateThrow(Throwable e) {
        assertTrue(e instanceof RarException);
    }
}



[LLMClient] Response: 
Here's the modified test file according to the diff:

```java
package edu.vision.se;

import cn.hutool.core.io.FileUtil;
import com.github.junrar.Archive;
import org.junit.Test;
import com.github.junrar.exception.RarException;
import java.io.File;

import static org.junit.Assert.assertTrue;
import static org.junit.Assert.fail;

public class Testcase1 {
    @Test(timeout = 2000)
    public void testCorruptHeader() throws Exception {
        File file = FileUtil.file(System.getProperty("user.dir"), "src/test/resources/loop.rar");
        File destFile = File.createTempFile("temp", null).getParentFile();

        try {
            Archive arch = new Archive(file);
            arch.extractAll(destFile.getAbsolutePath());
            fail("the test fail");
        } catch (Exception e) {
            validateThrow(e);
        }
    }

    public void validateThrow(Throwable e) {
        assertTrue(e instanceof RarException);
    }
}
```

Note: Since the diff didn't provide any information about the `extractAll` method change, I couldn't modify that part. The diff only showed changes in volume manager implementation and test utility imports which don't directly affect this test case.
[96m[RepairModule] Wrote modified code to /PoCAdaptation/exploit/result/CVE-2022-23596/1.0.1/exploit/src/test/java/edu/vision/se/Testcase1.java[0m
[96m[Executor] Executing exploit for CVE-2022-23596 on version 1.0.1...[0m
[96m[Verifier] Verifying reproduction...[0m
[91m[Verifier] âœ— Behavior not found: 'org.junit.runners.model.TestTimedOutException'[0m
[91m[Executor] Reproduction result: Failure[0m
[96m[ErrorManager] Ignoring line: [ERROR] Failed to execute goal org.apache.maven.plugins:maven-compiler-plugin:3.1:testCompile (default-testCompile) on project CVE-2022-23596: Compilation failure[0m
[92m[ErrorManager] Processing line: [ERROR] /PoCAdaptation/exploit/result/CVE-2022-23596/1.0.1/exploit/src/test/java/edu/vision/se/Testcase1.java:[20,17] cannot find symbol[0m
[92m[ErrorManager] Processing line: [ERROR]   symbol:   method extractAll(java.lang.String)[0m
[92m[ErrorManager] Processing line: [ERROR]   location: variable arch of type com.github.junrar.Archive[0m
[96m[ErrorManager] Ignoring line: [ERROR][0m
[96m[ErrorManager] Ignoring line: [ERROR] -> [Help 1][0m
[96m[ErrorManager] Ignoring line: [ERROR][0m
[96m[ErrorManager] Ignoring line: [ERROR] To see the full stack trace of the errors, re-run Maven with the -e switch.[0m
[96m[ErrorManager] Ignoring line: [ERROR] Re-run Maven using the -X switch to enable full debug logging.[0m
[96m[ErrorManager] Ignoring line: [ERROR][0m
[96m[ErrorManager] Ignoring line: [ERROR] For more information about the errors and possible solutions, please read the following articles:[0m
[96m[ErrorManager] Ignoring line: [ERROR] [Help 1] http://cwiki.apache.org/confluence/display/MAVEN/MojoFailureException[0m
[RepairModule] Old grouped keys: {'cannot find symbol | method extractAll(java.lang.String)'}
[RepairModule] New grouped keys: {'cannot find symbol | method extractAll(java.lang.String)'}
[91m[RepairModule] Error cannot find symbol still exists in group cannot find symbol | method extractAll(java.lang.String) after applying diff.[0m
[96m[RepairModule] Iteration 2, temperature 0.900: Trying diff #(37, 41) with score 5.00[0m
[LLMClient] Tokens used: 804 (prompt), 227 (completion), 1031 (total)
[LLMClient] Prompt: 
You are given a Java test file with compilation errors in version 1.0.1:com.github.junrar:junrar.
This test file compiles and runs successfully in 2.0.0.

The diff is related to the diff.
Your task has three steps:
 1. Locate the code where the compilation error occurs.
 2. Analyze the diff from 2.0.0 to 1.0.1.
 3. Fix the error in the error position only when diff is helpful. Add import statement when needed according to the diff. 

Only output the modified version of the test file according to the diff. No explanations. If mocking, access fields via reflection if they exist.
### Compilation Errors:
message: cannot find symbol, symble: method extractAll(java.lang.String), location: variable arch of type com.github.junrar.Archive

### Error Position:
            arch.extractAll(destFile.getAbsolutePath());

### Related Diff:
Operation: MODIFIED, File: src/main/java/com/github/junrar/extract/ExtractArchive.java, Hunk: @@ -1,15 +1,10 @@
 package com.github.junrar.extract;

 import java.io.File;
+import java.io.FileOutputStream;
 import java.io.IOException;
+import java.io.OutputStream;

+import org.apache.commons.logging.Log;
+
+import com.github.junrar.Archive;
-import com.github.junrar.Junrar;
 import com.github.junrar.exception.RarException;
+import com.github.junrar.rarfile.FileHeader;

 /**
  * extract an archive to the given location
Operation: DELETED_FILE, File: src/main/java/com/github/junrar/impl/InputStreamVolume.java, Hunk: @@ -0,0 +1,36 @@
-package com.github.junrar.impl;
-
-import java.io.IOException;
-import java.io.InputStream;
-
-import com.github.junrar.Archive;
-import com.github.junrar.Volume;
-import com.github.junrar.io.IReadOnlyAccess;
-import com.github.junrar.io.InputStreamReadOnlyAccessFile;
-
-public class InputStreamVolume implements Volume {
-
-	private final Archive archive;
-	private final InputStream inputStream;
-
-	public InputStreamVolume(final Archive archive, final InputStream inputStream) {
-		this.archive = archive;
-		this.inputStream = inputStream;
-	}
-
-	@Override
-	public IReadOnlyAccess getReadOnlyAccess() throws IOException {
-		return new InputStreamReadOnlyAccessFile(this.inputStream);
-	}
-
-	@Override
-	public long getLength() {
-		return Long.MAX_VALUE;
-	}
-
-	@Override
-	public Archive getArchive() {
-		return this.archive;
-	}
-
-}

### Test File Content:
package edu.vision.se;

import cn.hutool.core.io.FileUtil;
import com.github.junrar.Archive;
import org.junit.Test;
import com.github.junrar.exception.RarException;
import java.io.File;

import static org.junit.Assert.assertTrue;
import static org.junit.Assert.fail;

public class Testcase1 {
    @Test(timeout = 2000)
    public void testCorruptHeader() throws Exception {
        File file = FileUtil.file(System.getProperty("user.dir"), "src/test/resources/loop.rar");
        File destFile = File.createTempFile("temp", null).getParentFile();

        try {
            Archive arch = new Archive(file);
            arch.extractAll(destFile.getAbsolutePath());
            fail("the test fail");
        } catch (Exception e) {
            validateThrow(e);
        }
    }

    public void validateThrow(Throwable e) {
        assertTrue(e instanceof RarException);
    }
}



[LLMClient] Response: 
Here's the modified test file according to the diff:

```java
package edu.vision.se;

import cn.hutool.core.io.FileUtil;
import com.github.junrar.Archive;
import org.junit.Test;
import com.github.junrar.exception.RarException;
import java.io.File;
import com.github.junrar.extract.ExtractArchive;

import static org.junit.Assert.assertTrue;
import static org.junit.Assert.fail;

public class Testcase1 {
    @Test(timeout = 2000)
    public void testCorruptHeader() throws Exception {
        File file = FileUtil.file(System.getProperty("user.dir"), "src/test/resources/loop.rar");
        File destFile = File.createTempFile("temp", null).getParentFile();

        try {
            Archive arch = new Archive(file);
            new ExtractArchive(arch, destFile).extract();
            fail("the test fail");
        } catch (Exception e) {
            validateThrow(e);
        }
    }

    public void validateThrow(Throwable e) {
        assertTrue(e instanceof RarException);
    }
}
```
[96m[RepairModule] Wrote modified code to /PoCAdaptation/exploit/result/CVE-2022-23596/1.0.1/exploit/src/test/java/edu/vision/se/Testcase1.java[0m
[96m[Executor] Executing exploit for CVE-2022-23596 on version 1.0.1...[0m
[96m[Verifier] Verifying reproduction...[0m
[91m[Verifier] âœ— Behavior not found: 'org.junit.runners.model.TestTimedOutException'[0m
[91m[Executor] Reproduction result: Failure[0m
[96m[ErrorManager] Ignoring line: [ERROR] Failed to execute goal org.apache.maven.plugins:maven-compiler-plugin:3.1:testCompile (default-testCompile) on project CVE-2022-23596: Compilation failure[0m
[92m[ErrorManager] Processing line: [ERROR] /PoCAdaptation/exploit/result/CVE-2022-23596/1.0.1/exploit/src/test/java/edu/vision/se/Testcase1.java:[21,13] constructor ExtractArchive in class com.github.junrar.extract.ExtractArchive cannot be applied to given types;[0m
[92m[ErrorManager] Processing line: [ERROR]   required: no arguments[0m
[92m[ErrorManager] Processing line: [ERROR]   found: com.github.junrar.Archive,java.io.File[0m
[92m[ErrorManager] Processing line: [ERROR]   reason: actual and formal argument lists differ in length[0m
[96m[ErrorManager] Ignoring line: [ERROR][0m
[96m[ErrorManager] Ignoring line: [ERROR] -> [Help 1][0m
[96m[ErrorManager] Ignoring line: [ERROR][0m
[96m[ErrorManager] Ignoring line: [ERROR] To see the full stack trace of the errors, re-run Maven with the -e switch.[0m
[96m[ErrorManager] Ignoring line: [ERROR] Re-run Maven using the -X switch to enable full debug logging.[0m
[96m[ErrorManager] Ignoring line: [ERROR][0m
[96m[ErrorManager] Ignoring line: [ERROR] For more information about the errors and possible solutions, please read the following articles:[0m
[96m[ErrorManager] Ignoring line: [ERROR] [Help 1] http://cwiki.apache.org/confluence/display/MAVEN/MojoFailureException[0m
[RepairModule] Old grouped keys: {'cannot find symbol | method extractAll(java.lang.String)'}
[RepairModule] New grouped keys: {'constructor ExtractArchive in class com.github.junrar.extract.ExtractArchive cannot be applied to given types; required: no arguments found: com.github.junrar.Archive,java.io.File reason: actual and formal argument lists differ in length |'}
[93m[RepairModule] [Analyzer] New error:
  File     : /PoCAdaptation/exploit/result/CVE-2022-23596/1.0.1/exploit/src/test/java/edu/vision/se/Testcase1.java
  Line     : 21, Column: 13
  Message  : constructor ExtractArchive in class com.github.junrar.extract.ExtractArchive cannot be applied to given types; required: no arguments found: com.github.junrar.Archive,java.io.File reason: actual and formal argument lists differ in length
  Symbol   : None
  Location : None
  Code     : new ExtractArchive(arch, destFile).extract();
  Position : after the fixing line (20)[0m
[92m[RepairModule] Error cannot find symbol resolved after applying diff.[0m
[92m[RepairModule] Repair success with diff #(37, 41) at iteration 2![0m
[96m[Adapter] Test code repair attempted.[0m
[96m[Executor] Executing exploit for CVE-2022-23596 on version 1.0.1...[0m
[96m[Verifier] Verifying reproduction...[0m
[91m[Verifier] âœ— Behavior not found: 'org.junit.runners.model.TestTimedOutException'[0m
[91m[Executor] Reproduction result: Failure[0m
[96m[ErrorManager] Ignoring line: [ERROR] Failed to execute goal org.apache.maven.plugins:maven-compiler-plugin:3.1:testCompile (default-testCompile) on project CVE-2022-23596: Compilation failure[0m
[92m[ErrorManager] Processing line: [ERROR] /PoCAdaptation/exploit/result/CVE-2022-23596/1.0.1/exploit/src/test/java/edu/vision/se/Testcase1.java:[21,13] constructor ExtractArchive in class com.github.junrar.extract.ExtractArchive cannot be applied to given types;[0m
[92m[ErrorManager] Processing line: [ERROR]   required: no arguments[0m
[92m[ErrorManager] Processing line: [ERROR]   found: com.github.junrar.Archive,java.io.File[0m
[92m[ErrorManager] Processing line: [ERROR]   reason: actual and formal argument lists differ in length[0m
[96m[ErrorManager] Ignoring line: [ERROR][0m
[96m[ErrorManager] Ignoring line: [ERROR] -> [Help 1][0m
[96m[ErrorManager] Ignoring line: [ERROR][0m
[96m[ErrorManager] Ignoring line: [ERROR] To see the full stack trace of the errors, re-run Maven with the -e switch.[0m
[96m[ErrorManager] Ignoring line: [ERROR] Re-run Maven using the -X switch to enable full debug logging.[0m
[96m[ErrorManager] Ignoring line: [ERROR][0m
[96m[ErrorManager] Ignoring line: [ERROR] For more information about the errors and possible solutions, please read the following articles:[0m
[96m[ErrorManager] Ignoring line: [ERROR] [Help 1] http://cwiki.apache.org/confluence/display/MAVEN/MojoFailureException[0m
[96m[Adapter] Locating fix position in error log.[0m
[LLMClient] Tokens used: 1425 (prompt), 1 (completion), 1426 (total)
[LLMClient] Prompt: 
You are given a Java error log when executing 'mvn test' in a project with dependency version 1.0.1:com.github.junrar:junrar.
This test file compiles and runs successfully with version 2.0.0.

Your task is to:
1. Analyze why this issue occurs with the *2.0.0* but not with the *1.0.1 version*.
2. Consider how to resolve the issue **without updating this library**.
3. Determine and output the location in the project that should be modified to fix the problem.

Please return 'pom' if the fix is in the pom.xml file, or 'test' if the fix is in the test code.
Do not return any other text, just 'pom' or 'test'.

The error log is:
[INFO] Scanning for projects...
[INFO] 
[INFO] --------------------< edu.vision.se:CVE-2022-23596 >--------------------
[INFO] Building junrar CVE-2022-23596 1.0-SNAPSHOT
[INFO]   from pom.xml
[INFO] --------------------------------[ jar ]---------------------------------
[INFO] 
[INFO] --- maven-clean-plugin:2.5:clean (default-clean) @ CVE-2022-23596 ---
[INFO] Deleting /PoCAdaptation/exploit/result/CVE-2022-23596/1.0.1/exploit/target
[INFO] 
[INFO] --- maven-resources-plugin:2.6:resources (default-resources) @ CVE-2022-23596 ---
[WARNING] Using platform encoding (UTF-8 actually) to copy filtered resources, i.e. build is platform dependent!
[INFO] Copying 0 resource
[INFO] 
[INFO] --- maven-compiler-plugin:3.1:compile (default-compile) @ CVE-2022-23596 ---
[INFO] No sources to compile
[INFO] 
[INFO] --- maven-resources-plugin:2.6:testResources (default-testResources) @ CVE-2022-23596 ---
[WARNING] Using platform encoding (UTF-8 actually) to copy filtered resources, i.e. build is platform dependent!
[INFO] Copying 1 resource
[INFO] 
[INFO] --- maven-compiler-plugin:3.1:testCompile (default-testCompile) @ CVE-2022-23596 ---
[INFO] Changes detected - recompiling the module!
[WARNING] File encoding has not been set, using platform encoding UTF-8, i.e. build is platform dependent!
[INFO] Compiling 1 source file to /PoCAdaptation/exploit/result/CVE-2022-23596/1.0.1/exploit/target/test-classes
[INFO] -------------------------------------------------------------
[ERROR] COMPILATION ERROR : 
[INFO] -------------------------------------------------------------
[ERROR] /PoCAdaptation/exploit/result/CVE-2022-23596/1.0.1/exploit/src/test/java/edu/vision/se/Testcase1.java:[21,13] constructor ExtractArchive in class com.github.junrar.extract.ExtractArchive cannot be applied to given types;
  required: no arguments
  found: com.github.junrar.Archive,java.io.File
  reason: actual and formal argument lists differ in length
[INFO] 1 error
[INFO] -------------------------------------------------------------
[INFO] ------------------------------------------------------------------------
[INFO] BUILD FAILURE
[INFO] ------------------------------------------------------------------------
[INFO] Total time:  0.971 s
[INFO] Finished at: 2025-07-13T14:20:14Z
[INFO] ------------------------------------------------------------------------
[ERROR] Failed to execute goal org.apache.maven.plugins:maven-compiler-plugin:3.1:testCompile (default-testCompile) on project CVE-2022-23596: Compilation failure
[ERROR] /PoCAdaptation/exploit/result/CVE-2022-23596/1.0.1/exploit/src/test/java/edu/vision/se/Testcase1.java:[21,13] constructor ExtractArchive in class com.github.junrar.extract.ExtractArchive cannot be applied to given types;
[ERROR]   required: no arguments
[ERROR]   found: com.github.junrar.Archive,java.io.File
[ERROR]   reason: actual and formal argument lists differ in length
[ERROR] 
[ERROR] -> [Help 1]
[ERROR] 
[ERROR] To see the full stack trace of the errors, re-run Maven with the -e switch.
[ERROR] Re-run Maven using the -X switch to enable full debug logging.
[ERROR] 
[ERROR] For more information about the errors and possible solutions, please read the following articles:
[ERROR] [Help 1] http://cwiki.apache.org/confluence/display/MAVEN/MojoFailureException


current_pom file is:<?xml version='1.0' encoding='utf-8'?>
<project xmlns="http://maven.apache.org/POM/4.0.0" xmlns:xsi="http://www.w3.org/2001/XMLSchema-instance" xsi:schemaLocation="http://maven.apache.org/POM/4.0.0 https://maven.apache.org/xsd/maven-4.0.0.xsd">
  <groupId>edu.vision.se</groupId><version>1.0-SNAPSHOT</version><modelVersion>4.0.0</modelVersion>
  <artifactId>CVE-2022-23596</artifactId>
  <name>junrar CVE-2022-23596</name>

  <properties>
    <maven.compiler.target>11</maven.compiler.target>
    <maven.compiler.source>11</maven.compiler.source>
  </properties>

  <dependencies>
    <dependency>
      <groupId>com.github.junrar</groupId>
      <artifactId>junrar</artifactId>
      <version>1.0.1</version>
    </dependency>
    <dependency>
        <groupId>cn.hutool</groupId>
        <artifactId>hutool-all</artifactId>
        <version>5.7.10</version>
    </dependency>
  <dependency><groupId>junit</groupId><artifactId>junit</artifactId><version>4.13.2</version></dependency>
  
  </dependencies>
</project>
[LLMClient] Response: 
test
[96m[Adapter] LLM response for fix position: test[0m
[LLMClient] Tokens used: 177 (prompt), 18 (completion), 195 (total)
[LLMClient] Prompt: 
You are given an error log when executing 'mvn test' in version 1.0.1: 

Error: constructor ExtractArchive in class com.github.junrar.extract.ExtractArchive cannot be applied to given types; required: no arguments found: com.github.junrar.Archive,java.io.File reason: actual and formal argument lists differ in length, None, None 

The test executes as expected in 2.0.0 

Error code:             new ExtractArchive(arch, destFile).extract(); 

Extract two key *entities* from the error for searching related diffs 

The extracted entities should reflect code-level identifiers that are likely to appear in source code or diffs. 

Output each node as a `;`-separated list, with no explanations. 


[LLMClient] Response: 
com.github.junrar.extract.ExtractArchive;com.github.junrar.Archive
[96m[ErrorManager] Extracted key entities: ['com.github.junrar.extract.ExtractArchive', 'com.github.junrar.Archive'][0m
[96m[Adapter] Try to solve error: {'file': '/PoCAdaptation/exploit/result/CVE-2022-23596/1.0.1/exploit/src/test/java/edu/vision/se/Testcase1.java', 'line': 21, 'column': 13, 'message': 'constructor ExtractArchive in class com.github.junrar.extract.ExtractArchive cannot be applied to given types; required: no arguments found: com.github.junrar.Archive,java.io.File reason: actual and formal argument lists differ in length', 'symbol': None, 'location': None, 'code_line': '            new ExtractArchive(arch, destFile).extract();'} with cause: ['com.github.junrar.extract.ExtractArchive', 'com.github.junrar.Archive'][0m
[LLMClient] Tokens used: 212 (prompt), 22 (completion), 234 (total)
[LLMClient] Prompt: 
You are given an error log when executing 'mvn test' in version 1.0.1: 

Error: constructor ExtractArchive in class com.github.junrar.extract.ExtractArchive cannot be applied to given types; required: no arguments found: com.github.junrar.Archive,java.io.File reason: actual and formal argument lists differ in length, None, None 

The test executes as expected in 2.0.0 

Error code:             new ExtractArchive(arch, destFile).extract(); 

Extract two key *entities* from the error for searching related diffs 

The extracted entities should reflect code-level identifiers that are likely to appear in source code or diffs. 

Current cause: ['com.github.junrar.extract.ExtractArchive', 'com.github.junrar.Archive'] 

 failed to catch, try simpler or other entities.

Output each node as a `;`-separated list, with no explanations. 


[LLMClient] Response: 
com.github.junrar.extract.ExtractArchive;com.github.junrar.Archive;java.io.File
[96m[ErrorManager] Extracted key entities: ['com.github.junrar.extract.ExtractArchive', 'com.github.junrar.Archive', 'java.io.File'][0m
[96m[Adapter] Related diffs for error: [(37, 10.0), (31, 5.0), (32, 5.0), (33, 5.0), (41, 5.0)][0m
[96m[Adapter] Fix position is in test code.[0m
[96m[RepairModule] Start repair for group: constructor ExtractArchive in class com.github.junrar.extract.ExtractArchive cannot be applied to given types; required: no arguments found: com.github.junrar.Archive,java.io.File reason: actual and formal argument lists differ in length | cause: ['com.github.junrar.extract.ExtractArchive', 'com.github.junrar.Archive', 'java.io.File'][0m
[96m[RepairModule] Trying best diff #37 with score 10.00[0m
[96m[RepairModule] Found 10 diff combinations for annealing.[0m
[96m[RepairModule] Iteration 1, temperature 1.000: Trying diff #(37, 31) with score 7.50[0m
[LLMClient] Tokens used: 743 (prompt), 228 (completion), 971 (total)
[LLMClient] Prompt: 
You are given a Java test file with compilation errors in version 1.0.1:com.github.junrar:junrar.
This test file compiles and runs successfully in 2.0.0.

The diff is related to the diff.
Your task has three steps:
 1. Locate the code where the compilation error occurs.
 2. Analyze the diff from 2.0.0 to 1.0.1.
 3. Fix the error in the error position only when diff is helpful. Add import statement when needed according to the diff. 

Only output the modified version of the test file according to the diff. No explanations. If mocking, access fields via reflection if they exist.
### Compilation Errors:
message: constructor ExtractArchive in class com.github.junrar.extract.ExtractArchive cannot be applied to given types; required: no arguments found: com.github.junrar.Archive,java.io.File reason: actual and formal argument lists differ in length, symble: None, location: None

### Error Position:
            new ExtractArchive(arch, destFile).extract();

### Related Diff:
Operation: MODIFIED, File: src/main/java/com/github/junrar/extract/ExtractArchive.java, Hunk: @@ -1,15 +1,10 @@
 package com.github.junrar.extract;

 import java.io.File;
+import java.io.FileOutputStream;
 import java.io.IOException;
+import java.io.OutputStream;

+import org.apache.commons.logging.Log;
+
+import com.github.junrar.Archive;
-import com.github.junrar.Junrar;
 import com.github.junrar.exception.RarException;
+import com.github.junrar.rarfile.FileHeader;

 /**
  * extract an archive to the given location
Operation: DELETED_FILE, File: src/main/java/com/github/junrar/ExtractDestination.java, Hunk: @@ -0,0 +1,17 @@
-package com.github.junrar;
-
-import java.io.FileNotFoundException;
-import java.io.IOException;
-
-import com.github.junrar.exception.RarException;
-import com.github.junrar.rarfile.FileHeader;
-
-public interface ExtractDestination {
-
-	public void createDirectory(FileHeader fileHeader);
-
-	public void extract(
-		final Archive arch,
-		final FileHeader fileHeader
-	) throws FileNotFoundException, RarException, IOException;
-}

### Test File Content:
package edu.vision.se;

import cn.hutool.core.io.FileUtil;
import com.github.junrar.Archive;
import org.junit.Test;
import com.github.junrar.exception.RarException;
import java.io.File;
import com.github.junrar.extract.ExtractArchive;

import static org.junit.Assert.assertTrue;
import static org.junit.Assert.fail;

public class Testcase1 {
    @Test(timeout = 2000)
    public void testCorruptHeader() throws Exception {
        File file = FileUtil.file(System.getProperty("user.dir"), "src/test/resources/loop.rar");
        File destFile = File.createTempFile("temp", null).getParentFile();

        try {
            Archive arch = new Archive(file);
            new ExtractArchive(arch, destFile).extract();
            fail("the test fail");
        } catch (Exception e) {
            validateThrow(e);
        }
    }

    public void validateThrow(Throwable e) {
        assertTrue(e instanceof RarException);
    }
}



[LLMClient] Response: 
Here's the modified test file according to the diff:

```java
package edu.vision.se;

import cn.hutool.core.io.FileUtil;
import com.github.junrar.Archive;
import org.junit.Test;
import com.github.junrar.exception.RarException;
import java.io.File;
import com.github.junrar.extract.ExtractArchive;

import static org.junit.Assert.assertTrue;
import static org.junit.Assert.fail;

public class Testcase1 {
    @Test(timeout = 2000)
    public void testCorruptHeader() throws Exception {
        File file = FileUtil.file(System.getProperty("user.dir"), "src/test/resources/loop.rar");
        File destFile = File.createTempFile("temp", null).getParentFile();

        try {
            Archive arch = new Archive(file);
            new ExtractArchive().extractArchive(arch, destFile);
            fail("the test fail");
        } catch (Exception e) {
            validateThrow(e);
        }
    }

    public void validateThrow(Throwable e) {
        assertTrue(e instanceof RarException);
    }
}
```
[96m[RepairModule] Wrote modified code to /PoCAdaptation/exploit/result/CVE-2022-23596/1.0.1/exploit/src/test/java/edu/vision/se/Testcase1.java[0m
[96m[Executor] Executing exploit for CVE-2022-23596 on version 1.0.1...[0m
[96m[Verifier] Verifying reproduction...[0m
[91m[Verifier] âœ— Behavior not found: 'org.junit.runners.model.TestTimedOutException'[0m
[91m[Executor] Reproduction result: Failure[0m
[96m[ErrorManager] Ignoring line: [ERROR] Failed to execute goal org.apache.maven.plugins:maven-compiler-plugin:3.1:testCompile (default-testCompile) on project CVE-2022-23596: Compilation failure[0m
[92m[ErrorManager] Processing line: [ERROR] /PoCAdaptation/exploit/result/CVE-2022-23596/1.0.1/exploit/src/test/java/edu/vision/se/Testcase1.java:[21,49] incompatible types: com.github.junrar.Archive cannot be converted to java.io.File[0m
[96m[ErrorManager] Ignoring line: [ERROR][0m
[96m[ErrorManager] Ignoring line: [ERROR] -> [Help 1][0m
[96m[ErrorManager] Ignoring line: [ERROR][0m
[96m[ErrorManager] Ignoring line: [ERROR] To see the full stack trace of the errors, re-run Maven with the -e switch.[0m
[96m[ErrorManager] Ignoring line: [ERROR] Re-run Maven using the -X switch to enable full debug logging.[0m
[96m[ErrorManager] Ignoring line: [ERROR][0m
[96m[ErrorManager] Ignoring line: [ERROR] For more information about the errors and possible solutions, please read the following articles:[0m
[96m[ErrorManager] Ignoring line: [ERROR] [Help 1] http://cwiki.apache.org/confluence/display/MAVEN/MojoFailureException[0m
[RepairModule] Old grouped keys: {'constructor ExtractArchive in class com.github.junrar.extract.ExtractArchive cannot be applied to given types; required: no arguments found: com.github.junrar.Archive,java.io.File reason: actual and formal argument lists differ in length |'}
[RepairModule] New grouped keys: {'incompatible types: com.github.junrar.Archive cannot be converted to java.io.File |'}
[93m[RepairModule] [Analyzer] New error:
  File     : /PoCAdaptation/exploit/result/CVE-2022-23596/1.0.1/exploit/src/test/java/edu/vision/se/Testcase1.java
  Line     : 21, Column: 49
  Message  : incompatible types: com.github.junrar.Archive cannot be converted to java.io.File
  Symbol   : None
  Location : None
  Code     : new ExtractArchive().extractArchive(arch, destFile);
  Position : same the fixing line (21)[0m
[92m[RepairModule] Error constructor ExtractArchive in class com.github.junrar.extract.ExtractArchive cannot be applied to given types; required: no arguments found: com.github.junrar.Archive,java.io.File reason: actual and formal argument lists differ in length resolved after applying diff.[0m
[92m[RepairModule] Repair success with diff #(37, 31) at iteration 1![0m
[96m[Adapter] Test code repair attempted.[0m
[96m[Executor] Executing exploit for CVE-2022-23596 on version 1.0.1...[0m
[96m[Verifier] Verifying reproduction...[0m
[91m[Verifier] âœ— Behavior not found: 'org.junit.runners.model.TestTimedOutException'[0m
[91m[Executor] Reproduction result: Failure[0m
[96m[ErrorManager] Ignoring line: [ERROR] Failed to execute goal org.apache.maven.plugins:maven-compiler-plugin:3.1:testCompile (default-testCompile) on project CVE-2022-23596: Compilation failure[0m
[92m[ErrorManager] Processing line: [ERROR] /PoCAdaptation/exploit/result/CVE-2022-23596/1.0.1/exploit/src/test/java/edu/vision/se/Testcase1.java:[21,49] incompatible types: com.github.junrar.Archive cannot be converted to java.io.File[0m
[96m[ErrorManager] Ignoring line: [ERROR][0m
[96m[ErrorManager] Ignoring line: [ERROR] -> [Help 1][0m
[96m[ErrorManager] Ignoring line: [ERROR][0m
[96m[ErrorManager] Ignoring line: [ERROR] To see the full stack trace of the errors, re-run Maven with the -e switch.[0m
[96m[ErrorManager] Ignoring line: [ERROR] Re-run Maven using the -X switch to enable full debug logging.[0m
[96m[ErrorManager] Ignoring line: [ERROR][0m
[96m[ErrorManager] Ignoring line: [ERROR] For more information about the errors and possible solutions, please read the following articles:[0m
[96m[ErrorManager] Ignoring line: [ERROR] [Help 1] http://cwiki.apache.org/confluence/display/MAVEN/MojoFailureException[0m
[96m[Adapter] Locating fix position in error log.[0m
[LLMClient] Tokens used: 1402 (prompt), 1 (completion), 1403 (total)
[LLMClient] Prompt: 
You are given a Java error log when executing 'mvn test' in a project with dependency version 1.0.1:com.github.junrar:junrar.
This test file compiles and runs successfully with version 2.0.0.

Your task is to:
1. Analyze why this issue occurs with the *2.0.0* but not with the *1.0.1 version*.
2. Consider how to resolve the issue **without updating this library**.
3. Determine and output the location in the project that should be modified to fix the problem.

Please return 'pom' if the fix is in the pom.xml file, or 'test' if the fix is in the test code.
Do not return any other text, just 'pom' or 'test'.

The error log is:
[INFO] Scanning for projects...
[INFO] 
[INFO] --------------------< edu.vision.se:CVE-2022-23596 >--------------------
[INFO] Building junrar CVE-2022-23596 1.0-SNAPSHOT
[INFO]   from pom.xml
[INFO] --------------------------------[ jar ]---------------------------------
[INFO] 
[INFO] --- maven-clean-plugin:2.5:clean (default-clean) @ CVE-2022-23596 ---
[INFO] Deleting /PoCAdaptation/exploit/result/CVE-2022-23596/1.0.1/exploit/target
[INFO] 
[INFO] --- maven-resources-plugin:2.6:resources (default-resources) @ CVE-2022-23596 ---
[WARNING] Using platform encoding (UTF-8 actually) to copy filtered resources, i.e. build is platform dependent!
[INFO] Copying 0 resource
[INFO] 
[INFO] --- maven-compiler-plugin:3.1:compile (default-compile) @ CVE-2022-23596 ---
[INFO] No sources to compile
[INFO] 
[INFO] --- maven-resources-plugin:2.6:testResources (default-testResources) @ CVE-2022-23596 ---
[WARNING] Using platform encoding (UTF-8 actually) to copy filtered resources, i.e. build is platform dependent!
[INFO] Copying 1 resource
[INFO] 
[INFO] --- maven-compiler-plugin:3.1:testCompile (default-testCompile) @ CVE-2022-23596 ---
[INFO] Changes detected - recompiling the module!
[WARNING] File encoding has not been set, using platform encoding UTF-8, i.e. build is platform dependent!
[INFO] Compiling 1 source file to /PoCAdaptation/exploit/result/CVE-2022-23596/1.0.1/exploit/target/test-classes
[INFO] -------------------------------------------------------------
[WARNING] COMPILATION WARNING : 
[INFO] -------------------------------------------------------------
[WARNING] Some messages have been simplified; recompile with -Xdiags:verbose to get full output
[INFO] 1 warning
[INFO] -------------------------------------------------------------
[INFO] -------------------------------------------------------------
[ERROR] COMPILATION ERROR : 
[INFO] -------------------------------------------------------------
[ERROR] /PoCAdaptation/exploit/result/CVE-2022-23596/1.0.1/exploit/src/test/java/edu/vision/se/Testcase1.java:[21,49] incompatible types: com.github.junrar.Archive cannot be converted to java.io.File
[INFO] 1 error
[INFO] -------------------------------------------------------------
[INFO] ------------------------------------------------------------------------
[INFO] BUILD FAILURE
[INFO] ------------------------------------------------------------------------
[INFO] Total time:  0.862 s
[INFO] Finished at: 2025-07-13T14:20:43Z
[INFO] ------------------------------------------------------------------------
[ERROR] Failed to execute goal org.apache.maven.plugins:maven-compiler-plugin:3.1:testCompile (default-testCompile) on project CVE-2022-23596: Compilation failure
[ERROR] /PoCAdaptation/exploit/result/CVE-2022-23596/1.0.1/exploit/src/test/java/edu/vision/se/Testcase1.java:[21,49] incompatible types: com.github.junrar.Archive cannot be converted to java.io.File
[ERROR] 
[ERROR] -> [Help 1]
[ERROR] 
[ERROR] To see the full stack trace of the errors, re-run Maven with the -e switch.
[ERROR] Re-run Maven using the -X switch to enable full debug logging.
[ERROR] 
[ERROR] For more information about the errors and possible solutions, please read the following articles:
[ERROR] [Help 1] http://cwiki.apache.org/confluence/display/MAVEN/MojoFailureException


current_pom file is:<?xml version='1.0' encoding='utf-8'?>
<project xmlns="http://maven.apache.org/POM/4.0.0" xmlns:xsi="http://www.w3.org/2001/XMLSchema-instance" xsi:schemaLocation="http://maven.apache.org/POM/4.0.0 https://maven.apache.org/xsd/maven-4.0.0.xsd">
  <groupId>edu.vision.se</groupId><version>1.0-SNAPSHOT</version><modelVersion>4.0.0</modelVersion>
  <artifactId>CVE-2022-23596</artifactId>
  <name>junrar CVE-2022-23596</name>

  <properties>
    <maven.compiler.target>11</maven.compiler.target>
    <maven.compiler.source>11</maven.compiler.source>
  </properties>

  <dependencies>
    <dependency>
      <groupId>com.github.junrar</groupId>
      <artifactId>junrar</artifactId>
      <version>1.0.1</version>
    </dependency>
    <dependency>
        <groupId>cn.hutool</groupId>
        <artifactId>hutool-all</artifactId>
        <version>5.7.10</version>
    </dependency>
  <dependency><groupId>junit</groupId><artifactId>junit</artifactId><version>4.13.2</version></dependency>
  
  </dependencies>
</project>
[LLMClient] Response: 
test
[96m[Adapter] LLM response for fix position: test[0m
[LLMClient] Tokens used: 146 (prompt), 14 (completion), 160 (total)
[LLMClient] Prompt: 
You are given an error log when executing 'mvn test' in version 1.0.1: 

Error: incompatible types: com.github.junrar.Archive cannot be converted to java.io.File, None, None 

The test executes as expected in 2.0.0 

Error code:             new ExtractArchive().extractArchive(arch, destFile); 

Extract two key *entities* from the error for searching related diffs 

The extracted entities should reflect code-level identifiers that are likely to appear in source code or diffs. 

Output each node as a `;`-separated list, with no explanations. 


[LLMClient] Response: 
com.github.junrar.Archive;ExtractArchive.extractArchive
[96m[ErrorManager] Extracted key entities: ['com.github.junrar.Archive', 'ExtractArchive.extractArchive'][0m
[96m[Adapter] Try to solve error: {'file': '/PoCAdaptation/exploit/result/CVE-2022-23596/1.0.1/exploit/src/test/java/edu/vision/se/Testcase1.java', 'line': 21, 'column': 49, 'message': 'incompatible types: com.github.junrar.Archive cannot be converted to java.io.File', 'symbol': None, 'location': None, 'code_line': '            new ExtractArchive().extractArchive(arch, destFile);'} with cause: ['com.github.junrar.Archive', 'ExtractArchive.extractArchive'][0m
[LLMClient] Tokens used: 177 (prompt), 14 (completion), 191 (total)
[LLMClient] Prompt: 
You are given an error log when executing 'mvn test' in version 1.0.1: 

Error: incompatible types: com.github.junrar.Archive cannot be converted to java.io.File, None, None 

The test executes as expected in 2.0.0 

Error code:             new ExtractArchive().extractArchive(arch, destFile); 

Extract two key *entities* from the error for searching related diffs 

The extracted entities should reflect code-level identifiers that are likely to appear in source code or diffs. 

Current cause: ['com.github.junrar.Archive', 'ExtractArchive.extractArchive'] 

 failed to catch, try simpler or other entities.

Output each node as a `;`-separated list, with no explanations. 


[LLMClient] Response: 
com.github.junrar.Archive;ExtractArchive.extractArchive
[96m[ErrorManager] Extracted key entities: ['com.github.junrar.Archive', 'ExtractArchive.extractArchive'][0m
[96m[Adapter] Related diffs for error: [(37, 5.0), (41, 5.0), (42, 5.0), (69, 5.0), (94, 5.0)][0m
[96m[Adapter] Fix position is in test code.[0m
[96m[RepairModule] Start repair for group: incompatible types: com.github.junrar.Archive cannot be converted to java.io.File | cause: ['com.github.junrar.Archive', 'ExtractArchive.extractArchive'][0m
[96m[RepairModule] Trying best diff #37 with score 5.00[0m
[96m[RepairModule] Found 10 diff combinations for annealing.[0m
[96m[RepairModule] Iteration 1, temperature 1.000: Trying diff #37 with score 5.00[0m
[LLMClient] Tokens used: 572 (prompt), 227 (completion), 799 (total)
[LLMClient] Prompt: 
You are given a Java test file with compilation errors in version 1.0.1:com.github.junrar:junrar.
This test file compiles and runs successfully in 2.0.0.

The diff is related to the diff.
Your task has three steps:
 1. Locate the code where the compilation error occurs.
 2. Analyze the diff from 2.0.0 to 1.0.1.
 3. Fix the error in the error position only when diff is helpful. Add import statement when needed according to the diff. 

Only output the modified version of the test file according to the diff. No explanations. If mocking, access fields via reflection if they exist.
### Compilation Errors:
message: incompatible types: com.github.junrar.Archive cannot be converted to java.io.File, symble: None, location: None

### Error Position:
            new ExtractArchive().extractArchive(arch, destFile);

### Related Diff:
Operation: MODIFIED, File: src/main/java/com/github/junrar/extract/ExtractArchive.java, Hunk: @@ -1,15 +1,10 @@
 package com.github.junrar.extract;

 import java.io.File;
+import java.io.FileOutputStream;
 import java.io.IOException;
+import java.io.OutputStream;

+import org.apache.commons.logging.Log;
+
+import com.github.junrar.Archive;
-import com.github.junrar.Junrar;
 import com.github.junrar.exception.RarException;
+import com.github.junrar.rarfile.FileHeader;

 /**
  * extract an archive to the given location

### Test File Content:
package edu.vision.se;

import cn.hutool.core.io.FileUtil;
import com.github.junrar.Archive;
import org.junit.Test;
import com.github.junrar.exception.RarException;
import java.io.File;
import com.github.junrar.extract.ExtractArchive;

import static org.junit.Assert.assertTrue;
import static org.junit.Assert.fail;

public class Testcase1 {
    @Test(timeout = 2000)
    public void testCorruptHeader() throws Exception {
        File file = FileUtil.file(System.getProperty("user.dir"), "src/test/resources/loop.rar");
        File destFile = File.createTempFile("temp", null).getParentFile();

        try {
            Archive arch = new Archive(file);
            new ExtractArchive().extractArchive(arch, destFile);
            fail("the test fail");
        } catch (Exception e) {
            validateThrow(e);
        }
    }

    public void validateThrow(Throwable e) {
        assertTrue(e instanceof RarException);
    }
}



[LLMClient] Response: 
Here's the modified test file according to the diff:

```java
package edu.vision.se;

import cn.hutool.core.io.FileUtil;
import com.github.junrar.Archive;
import org.junit.Test;
import com.github.junrar.exception.RarException;
import java.io.File;
import com.github.junrar.extract.ExtractArchive;

import static org.junit.Assert.assertTrue;
import static org.junit.Assert.fail;

public class Testcase1 {
    @Test(timeout = 2000)
    public void testCorruptHeader() throws Exception {
        File file = FileUtil.file(System.getProperty("user.dir"), "src/test/resources/loop.rar");
        File destFile = File.createTempFile("temp", null).getParentFile();

        try {
            Archive arch = new Archive(file);
            new ExtractArchive().extractArchive(file, destFile);
            fail("the test fail");
        } catch (Exception e) {
            validateThrow(e);
        }
    }

    public void validateThrow(Throwable e) {
        assertTrue(e instanceof RarException);
    }
}
```
[96m[RepairModule] Wrote modified code to /PoCAdaptation/exploit/result/CVE-2022-23596/1.0.1/exploit/src/test/java/edu/vision/se/Testcase1.java[0m
[96m[Executor] Executing exploit for CVE-2022-23596 on version 1.0.1...[0m
[96m[Verifier] Verifying reproduction...[0m
[92m[Verifier] âœ“ Behavior matched: 'org.junit.runners.model.TestTimedOutException'[0m
[92m[Verifier] âœ“ Detail matched: 'test timed out after'[0m
[92m[Verifier] âœ“ All reproduction indicators matched.[0m
[92m[Executor] Reproduction result: Success[0m
[92m[RepairModule] Repair success![0m
[92m[RepairModule] Repair success with diff #37 at iteration 1![0m
[96m[Adapter] Test code repair attempted.[0m
[96m[Executor] Executing exploit for CVE-2022-23596 on version 1.0.1...[0m
[96m[Verifier] Verifying reproduction...[0m
[92m[Verifier] âœ“ Behavior matched: 'org.junit.runners.model.TestTimedOutException'[0m
[92m[Verifier] âœ“ Detail matched: 'test timed out after'[0m
[92m[Verifier] âœ“ All reproduction indicators matched.[0m
[92m[Executor] Reproduction result: Success[0m
[92m[Adapter] Adaptation from 2.0.0 to 1.0.1 successful.[0m
[Adapt] âœ“ Completed: True
[96m[Adapter] Adaptation complete. Retesting exploit on 1.0.1...[0m
[92m[Executor] Adaptation + reproduction successful on 1.0.1[0m
[96m[Adapter] Copied successful adaptation to /PoCAdaptation/exploit/valid/CVE-2022-23596/1.0.1[0m

[Executor] â–¶ Summary of return codes:
  - Version 5.0.0: âœ“ Success (exit code 0)
  - Version 1.0.1: âœ“ Success (exit code 0)
