Running main_process.py for CVE: CVE-2019-11272
Versions: 2.0.8.RELEASE

[1m[Main] === Starting adaptation process for CVE-2019-11272 ===[0m
[96m[Processor] Fetching all available Maven versions...[0m
[96m[Analyzer] Loading cached versions from: /PoCAdaptation/library/org_springframework_security_spring-security-core.txt[0m
[96m[Analyzer] org.springframework.security:spring-security-core has 248 versions (cached).[0m
[96m[Processor] Identifying versions with successful reproduction...[0m
[96m[Processor] Pending versions: ['2.0.0', '2.0.1', '2.0.2', '2.0.3', '2.0.4', '2.0.5.RELEASE', '2.0.6.RELEASE', '2.0.7.RELEASE', '2.0.8.RELEASE'][0m
[96m[Preparer] Pending directory already exists: /PoCAdaptation/exploit/pending/CVE-2019-11272[0m
[92m[Main] Total affected versions: 61[0m
[92m[Main] Already reproduced versions: 52[0m
[93m[Main] Versions pending adaptation: 9[0m
[96m[Main]     -> ['2.0.0', '2.0.1', '2.0.2', '2.0.3', '2.0.4', '2.0.5.RELEASE', '2.0.6.RELEASE', '2.0.7.RELEASE', '2.0.8.RELEASE'][0m
[96m[Main]     -> ['3.0.0.RELEASE', '3.0.1.RELEASE', '3.0.2.RELEASE', '3.0.3.RELEASE', '3.0.4.RELEASE', '3.0.5.RELEASE', '3.0.6.RELEASE', '3.0.7.RELEASE', '3.0.8.RELEASE', '3.1.0.RELEASE', '3.1.1.RELEASE', '3.1.2.RELEASE', '3.1.3.RELEASE', '3.1.4.RELEASE', '3.1.5.RELEASE', '3.1.6.RELEASE', '3.1.7.RELEASE', '3.2.0.RELEASE', '3.2.1.RELEASE', '3.2.2.RELEASE', '3.2.3.RELEASE', '3.2.4.RELEASE', '3.2.5.RELEASE', '3.2.6.RELEASE', '3.2.7.RELEASE', '3.2.8.RELEASE', '3.2.9.RELEASE', '3.2.10.RELEASE', '4.0.0.RELEASE', '4.0.1.RELEASE', '4.0.2.RELEASE', '4.0.3.RELEASE', '4.0.4.RELEASE', '4.1.0.RELEASE', '4.1.1.RELEASE', '4.1.2.RELEASE', '4.1.3.RELEASE', '4.1.4.RELEASE', '4.1.5.RELEASE', '4.2.0.RELEASE', '4.2.1.RELEASE', '4.2.2.RELEASE', '4.2.3.RELEASE', '4.2.4.RELEASE', '4.2.5.RELEASE', '4.2.6.RELEASE', '4.2.7.RELEASE', '4.2.8.RELEASE', '4.2.9.RELEASE', '4.2.10.RELEASE', '4.2.11.RELEASE', '4.2.12.RELEASE'][0m
[96m[Executor] Running initial exploit mvn test in /PoCAdaptation/exploit/origin/CVE-2019-11272/exploit[0m
[91m[Executor] Initial exploit execution finished with return code 1[0m
[96m[Verifier] Verifying reproduction...[0m
[92m[Verifier] âœ“ Behavior matched: 'org.junit.ComparisonFailure'[0m
[92m[Verifier] âœ“ Detail matched: '<[tru]e>'[0m
[92m[Verifier] âœ“ All reproduction indicators matched.[0m
[92m[Verifier] Initial exploit behavior verified successfully.[0m
[96m[Selector] Nearest need adapatation version selected: 2.0.8.RELEASE[0m
[96m[Selector] Closest reproduced version: 3.0.0.RELEASE at index 9[0m
[96m[Adapter] Trying next closest version: 2.0.8.RELEASE[0m
[93m[Preparer] No usable exploit dirs found under /PoCAdaptation/exploit/valid/CVE-2019-11272[0m
[92m[Preparer] Copied exploit to: /PoCAdaptation/exploit/pending/CVE-2019-11272/2.0.8.RELEASE/exploit[0m
[96m[Preparer] Updating dependency version to 2.0.8.RELEASE in /PoCAdaptation/exploit/pending/CVE-2019-11272/2.0.8.RELEASE/exploit/pom.xml[0m
[92m[Preparer] Updated dependency version to 2.0.8.RELEASE in /PoCAdaptation/exploit/pending/CVE-2019-11272/2.0.8.RELEASE/exploit/pom.xml[0m
[96m[Executor] Attempting direct exploit execution on 2.0.8.RELEASE...[0m
[96m[Executor] Executing exploit for CVE-2019-11272 on version 2.0.8.RELEASE...[0m
[96m[Verifier] Verifying reproduction...[0m
[91m[Verifier] âœ— Behavior not found: 'org.junit.ComparisonFailure'[0m
[91m[Executor] Reproduction result: Failure[0m
[96m[Adapter] Attempting adaptation from base version 3.0.0.RELEASE to 2.0.8.RELEASE...[0m
[96m[Adapter] Start adapting exploit from 3.0.0.RELEASE to 2.0.8.RELEASE"[0m
[96m[Executor] Executing exploit for CVE-2019-11272 on version 2.0.8.RELEASE...[0m
[96m[Verifier] Verifying reproduction...[0m
[91m[Verifier] âœ— Behavior not found: 'org.junit.ComparisonFailure'[0m
[91m[Executor] Reproduction result: Failure[0m
[96m[ErrorManager] Ignoring line: [ERROR] Failed to execute goal org.apache.maven.plugins:maven-compiler-plugin:3.1:testCompile (default-testCompile) on project CVE-2019-11272: Compilation failure: Compilation failure:[0m
[92m[ErrorManager] Processing line: [ERROR] /PoCAdaptation/exploit/result/CVE-2019-11272/2.0.8.RELEASE/exploit/src/test/java/edu/vision/se/Testcase1.java:[4,60] package org.springframework.security.authentication.encoding does not exist[0m
[92m[ErrorManager] Processing line: [ERROR] /PoCAdaptation/exploit/result/CVE-2019-11272/2.0.8.RELEASE/exploit/src/test/java/edu/vision/se/Testcase1.java:[11,9] cannot find symbol[0m
[92m[ErrorManager] Processing line: [ERROR]   symbol:   class PlaintextPasswordEncoder[0m
[92m[ErrorManager] Processing line: [ERROR]   location: class edu.vision.se.Testcase1[0m
[92m[ErrorManager] Processing line: [ERROR] /PoCAdaptation/exploit/result/CVE-2019-11272/2.0.8.RELEASE/exploit/src/test/java/edu/vision/se/Testcase1.java:[11,65] cannot find symbol[0m
[92m[ErrorManager] Processing line: [ERROR]   symbol:   class PlaintextPasswordEncoder[0m
[92m[ErrorManager] Processing line: [ERROR]   location: class edu.vision.se.Testcase1[0m
[96m[ErrorManager] Ignoring line: [ERROR] -> [Help 1][0m
[96m[ErrorManager] Ignoring line: [ERROR][0m
[96m[ErrorManager] Ignoring line: [ERROR] To see the full stack trace of the errors, re-run Maven with the -e switch.[0m
[96m[ErrorManager] Ignoring line: [ERROR] Re-run Maven using the -X switch to enable full debug logging.[0m
[96m[ErrorManager] Ignoring line: [ERROR][0m
[96m[ErrorManager] Ignoring line: [ERROR] For more information about the errors and possible solutions, please read the following articles:[0m
[96m[ErrorManager] Ignoring line: [ERROR] [Help 1] http://cwiki.apache.org/confluence/display/MAVEN/MojoFailureException[0m
[96m[Adapter] Locating fix position in error log.[0m
[LLMClient] Tokens used: 1727 (prompt), 1 (completion), 1728 (total)
[LLMClient] Prompt: 
You are given a Java error log when executing 'mvn test' in a project with dependency version 2.0.8.RELEASE:org.springframework.security:spring-security-core.
This test file compiles and runs successfully with version 3.0.0.RELEASE.

Your task is to:
1. Analyze why this issue occurs with the *3.0.0.RELEASE* but not with the *2.0.8.RELEASE version*.
2. Consider how to resolve the issue **without updating this library**.
3. Determine and output the location in the project that should be modified to fix the problem.

Please return 'pom' if the fix is in the pom.xml file, or 'test' if the fix is in the test code.
Do not return any other text, just 'pom' or 'test'.

The error log is:
[INFO] Scanning for projects...
[INFO] 
[INFO] --------------------< edu.vision.se:CVE-2019-11272 >--------------------
[INFO] Building CVE-2019-11272 1.0-SNAPSHOT
[INFO]   from pom.xml
[INFO] --------------------------------[ jar ]---------------------------------
[INFO] 
[INFO] --- maven-clean-plugin:2.5:clean (default-clean) @ CVE-2019-11272 ---
[INFO] Deleting /PoCAdaptation/exploit/result/CVE-2019-11272/2.0.8.RELEASE/exploit/target
[INFO] 
[INFO] --- maven-resources-plugin:2.6:resources (default-resources) @ CVE-2019-11272 ---
[WARNING] Using platform encoding (UTF-8 actually) to copy filtered resources, i.e. build is platform dependent!
[INFO] skip non existing resourceDirectory /PoCAdaptation/exploit/result/CVE-2019-11272/2.0.8.RELEASE/exploit/src/main/resources
[INFO] 
[INFO] --- maven-compiler-plugin:3.1:compile (default-compile) @ CVE-2019-11272 ---
[INFO] No sources to compile
[INFO] 
[INFO] --- maven-resources-plugin:2.6:testResources (default-testResources) @ CVE-2019-11272 ---
[WARNING] Using platform encoding (UTF-8 actually) to copy filtered resources, i.e. build is platform dependent!
[INFO] skip non existing resourceDirectory /PoCAdaptation/exploit/result/CVE-2019-11272/2.0.8.RELEASE/exploit/src/test/resources
[INFO] 
[INFO] --- maven-compiler-plugin:3.1:testCompile (default-testCompile) @ CVE-2019-11272 ---
[INFO] Changes detected - recompiling the module!
[WARNING] File encoding has not been set, using platform encoding UTF-8, i.e. build is platform dependent!
[INFO] Compiling 1 source file to /PoCAdaptation/exploit/result/CVE-2019-11272/2.0.8.RELEASE/exploit/target/test-classes
[INFO] -------------------------------------------------------------
[ERROR] COMPILATION ERROR : 
[INFO] -------------------------------------------------------------
[ERROR] /PoCAdaptation/exploit/result/CVE-2019-11272/2.0.8.RELEASE/exploit/src/test/java/edu/vision/se/Testcase1.java:[4,60] package org.springframework.security.authentication.encoding does not exist
[ERROR] /PoCAdaptation/exploit/result/CVE-2019-11272/2.0.8.RELEASE/exploit/src/test/java/edu/vision/se/Testcase1.java:[11,9] cannot find symbol
  symbol:   class PlaintextPasswordEncoder
  location: class edu.vision.se.Testcase1
[ERROR] /PoCAdaptation/exploit/result/CVE-2019-11272/2.0.8.RELEASE/exploit/src/test/java/edu/vision/se/Testcase1.java:[11,65] cannot find symbol
  symbol:   class PlaintextPasswordEncoder
  location: class edu.vision.se.Testcase1
[INFO] 3 errors 
[INFO] -------------------------------------------------------------
[INFO] ------------------------------------------------------------------------
[INFO] BUILD FAILURE
[INFO] ------------------------------------------------------------------------
[INFO] Total time:  1.374 s
[INFO] Finished at: 2025-07-13T14:09:26Z
[INFO] ------------------------------------------------------------------------
[ERROR] Failed to execute goal org.apache.maven.plugins:maven-compiler-plugin:3.1:testCompile (default-testCompile) on project CVE-2019-11272: Compilation failure: Compilation failure: 
[ERROR] /PoCAdaptation/exploit/result/CVE-2019-11272/2.0.8.RELEASE/exploit/src/test/java/edu/vision/se/Testcase1.java:[4,60] package org.springframework.security.authentication.encoding does not exist
[ERROR] /PoCAdaptation/exploit/result/CVE-2019-11272/2.0.8.RELEASE/exploit/src/test/java/edu/vision/se/Testcase1.java:[11,9] cannot find symbol
[ERROR]   symbol:   class PlaintextPasswordEncoder
[ERROR]   location: class edu.vision.se.Testcase1
[ERROR] /PoCAdaptation/exploit/result/CVE-2019-11272/2.0.8.RELEASE/exploit/src/test/java/edu/vision/se/Testcase1.java:[11,65] cannot find symbol
[ERROR]   symbol:   class PlaintextPasswordEncoder
[ERROR]   location: class edu.vision.se.Testcase1
[ERROR] -> [Help 1]
[ERROR] 
[ERROR] To see the full stack trace of the errors, re-run Maven with the -e switch.
[ERROR] Re-run Maven using the -X switch to enable full debug logging.
[ERROR] 
[ERROR] For more information about the errors and possible solutions, please read the following articles:
[ERROR] [Help 1] http://cwiki.apache.org/confluence/display/MAVEN/MojoFailureException


current_pom file is:<?xml version='1.0' encoding='utf-8'?>
<project xmlns="http://maven.apache.org/POM/4.0.0" xmlns:xsi="http://www.w3.org/2001/XMLSchema-instance" xsi:schemaLocation="http://maven.apache.org/POM/4.0.0 http://maven.apache.org/xsd/maven-4.0.0.xsd">
    <modelVersion>4.0.0</modelVersion>
    <groupId>edu.vision.se</groupId>
    <artifactId>CVE-2019-11272</artifactId>
    <version>1.0-SNAPSHOT</version>

    <properties>
        <maven.compiler.source>11</maven.compiler.source>
        <maven.compiler.target>11</maven.compiler.target>
    </properties>

    <dependencies>
        
        <dependency>
            <groupId>org.springframework.security</groupId>
            <artifactId>spring-security-core</artifactId>
            <version>2.0.8.RELEASE</version>
        </dependency>
        
        <dependency>
            <groupId>org.assertj</groupId>
            <artifactId>assertj-core</artifactId>
            <version>3.24.0</version>
        </dependency>
    <dependency><groupId>junit</groupId><artifactId>junit</artifactId><version>4.13.2</version></dependency>
    
    </dependencies>
</project>
[LLMClient] Response: 
test
[96m[Adapter] LLM response for fix position: test[0m
[LLMClient] Tokens used: 146 (prompt), 12 (completion), 158 (total)
[LLMClient] Prompt: 
You are given an error log when executing 'mvn test' in version 2.0.8.RELEASE: 

Error: package org.springframework.security.authentication.encoding does not exist, None, None 

The test executes as expected in 3.0.0.RELEASE 

Error code: import org.springframework.security.authentication.encoding.PlaintextPasswordEncoder; 

Extract two key *entities* from the error for searching related diffs 

The extracted entities should reflect code-level identifiers that are likely to appear in source code or diffs. 

Output each node as a `;`-separated list, with no explanations. 


[LLMClient] Response: 
org.springframework.security.authentication.encoding;PlaintextPasswordEncoder
[96m[ErrorManager] Extracted key entities: ['org.springframework.security.authentication.encoding', 'PlaintextPasswordEncoder'][0m
[96m[Adapter] Try to solve error: {'file': '/PoCAdaptation/exploit/result/CVE-2019-11272/2.0.8.RELEASE/exploit/src/test/java/edu/vision/se/Testcase1.java', 'line': 4, 'column': 60, 'message': 'package org.springframework.security.authentication.encoding does not exist', 'symbol': None, 'location': None, 'code_line': 'import org.springframework.security.authentication.encoding.PlaintextPasswordEncoder;'} with cause: ['org.springframework.security.authentication.encoding', 'PlaintextPasswordEncoder'][0m
[96m[Adapter] Related diffs for error: [(700, 10.0), (0, 0.0), (2, 0.0), (4, 0.0), (5, 0.0)][0m
[96m[Adapter] Fix position is in test code.[0m
[96m[RepairModule] Start repair for group: package org.springframework.security.authentication.encoding does not exist | cause: ['org.springframework.security.authentication.encoding', 'PlaintextPasswordEncoder'][0m
[96m[RepairModule] Trying best diff #700 with score 10.00[0m
[96m[RepairModule] Found 10 diff combinations for annealing.[0m
[96m[RepairModule] Iteration 1, temperature 1.000: Trying diff #(700, 4) with score 5.00[0m
[LLMClient] Tokens used: 576 (prompt), 113 (completion), 689 (total)
[LLMClient] Prompt: 
You are given a Java test file with compilation errors in version 2.0.8.RELEASE:org.springframework.security:spring-security-core.
This test file compiles and runs successfully in 3.0.0.RELEASE.

The diff is related to the diff.
Your task has three steps:
 1. Locate the code where the compilation error occurs.
 2. Analyze the diff from 3.0.0.RELEASE to 2.0.8.RELEASE.
 3. Fix the error in the error position only when diff is helpful. Add import statement when needed according to the diff. 

Only output the modified version of the test file according to the diff. No explanations. If mocking, access fields via reflection if they exist.
### Compilation Errors:
message: package org.springframework.security.authentication.encoding does not exist, symble: None, location: None

### Error Position:
import org.springframework.security.authentication.encoding.PlaintextPasswordEncoder;

### Related Diff:
Operation: MODIFIED, File: core/src/main/java/org/springframework/security/authentication/encoding/PlaintextPasswordEncoder.java, Hunk: @@ -13,7 +13,7 @@
  * limitations under the License.
  */

+package org.springframework.security.providers.encoding;
-package org.springframework.security.authentication.encoding;

 /**
  * <p>Plaintext implementation of PasswordEncoder.</p>
Operation: MODIFIED, File: acl/pom.xml, Hunk: @@ -3,13 +3,13 @@
     <parent>
         <artifactId>spring-security-parent</artifactId>
         <groupId>org.springframework.security</groupId>
+        <version>2.0.5-SNAPSHOT</version>
-        <version>3.0.0.RELEASE</version>
     </parent>
     <modelVersion>4.0.0</modelVersion>
     <groupId>org.springframework.security</groupId>
     <artifactId>spring-security-acl</artifactId>
     <name>Spring Security - ACL module</name>
+    <packaging>bundle</packaging>
-    <packaging>jar</packaging>

     <dependencies>
         <dependency>

### Test File Content:
package edu.vision.se;

import org.junit.Test;
import org.springframework.security.authentication.encoding.PlaintextPasswordEncoder;

import static org.assertj.core.api.Assertions.assertThat;

public class Testcase1 {
    @Test
    public void testNull() {
        PlaintextPasswordEncoder plaintextPasswordEncoder = new PlaintextPasswordEncoder();
        assertThat(plaintextPasswordEncoder.isPasswordValid(null, "null", null)).isFalse();
    }
}


[LLMClient] Response: 
Here's the modified version of the test file according to the diff:

```java
package edu.vision.se;

import org.junit.Test;
import org.springframework.security.providers.encoding.PlaintextPasswordEncoder;

import static org.assertj.core.api.Assertions.assertThat;

public class Testcase1 {
    @Test
    public void testNull() {
        PlaintextPasswordEncoder plaintextPasswordEncoder = new PlaintextPasswordEncoder();
        assertThat(plaintextPasswordEncoder.isPasswordValid(null, "null", null)).isFalse();
    }
}
```
[96m[RepairModule] Wrote modified code to /PoCAdaptation/exploit/result/CVE-2019-11272/2.0.8.RELEASE/exploit/src/test/java/edu/vision/se/Testcase1.java[0m
[96m[Executor] Executing exploit for CVE-2019-11272 on version 2.0.8.RELEASE...[0m
[96m[Verifier] Verifying reproduction...[0m
[92m[Verifier] âœ“ Behavior matched: 'org.junit.ComparisonFailure'[0m
[92m[Verifier] âœ“ Detail matched: '<[tru]e>'[0m
[92m[Verifier] âœ“ All reproduction indicators matched.[0m
[92m[Executor] Reproduction result: Success[0m
[92m[RepairModule] Repair success![0m
[92m[RepairModule] Repair success with diff #(700, 4) at iteration 1![0m
[96m[Adapter] Test code repair attempted.[0m
[96m[Executor] Executing exploit for CVE-2019-11272 on version 2.0.8.RELEASE...[0m
[96m[Verifier] Verifying reproduction...[0m
[92m[Verifier] âœ“ Behavior matched: 'org.junit.ComparisonFailure'[0m
[92m[Verifier] âœ“ Detail matched: '<[tru]e>'[0m
[92m[Verifier] âœ“ All reproduction indicators matched.[0m
[92m[Executor] Reproduction result: Success[0m
[92m[Adapter] Adaptation from 3.0.0.RELEASE to 2.0.8.RELEASE successful.[0m
[Adapt] âœ“ Completed: True
[96m[Adapter] Adaptation complete. Retesting exploit on 2.0.8.RELEASE...[0m
[92m[Executor] Adaptation + reproduction successful on 2.0.8.RELEASE[0m
[96m[Adapter] Copied successful adaptation to /PoCAdaptation/exploit/valid/CVE-2019-11272/2.0.8.RELEASE[0m

[Executor] â–¶ Summary of return codes:
  - Version 2.0.8.RELEASE: âœ“ Success (exit code 0)
