Running main_process.py for CVE: CVE-2019-16869
Versions: 4.0.56.Final, 4.0.0.CR3, 5.0.0.Alpha1

[1m[Main] === Starting adaptation process for CVE-2019-16869 ===[0m
[96m[Processor] Fetching all available Maven versions...[0m
[96m[Analyzer] Loading cached versions from: /PoCAdaptation/library/io_netty_netty-codec-http.txt[0m
[96m[Analyzer] io.netty:netty-codec-http has 231 versions (cached).[0m
[96m[Processor] Identifying versions with successful reproduction...[0m
[96m[Processor] Pending versions: ['4.0.0.Beta1', '4.0.0.Beta2', '4.0.0.Beta3', '4.0.0.CR1', '4.0.0.CR2', '4.0.0.CR3', '4.0.0.CR4', '4.0.0.CR5', '4.0.0.CR6', '4.0.0.CR7', '4.0.0.CR8', '4.0.0.CR9', '4.0.0.Final', '4.0.1.Final', '4.0.2.Final', '4.0.3.Final', '4.0.4.Final', '4.0.5.Final', '4.0.6.Final', '4.0.7.Final', '4.0.8.Final', '4.0.9.Final', '4.0.10.Final', '4.0.11.Final', '4.0.12.Final', '4.0.13.Final', '4.0.14.Beta1', '4.0.14.Final', '4.0.15.Final', '4.0.16.Final', '4.0.17.Final', '4.0.18.Final', '4.0.19.Final', '4.0.20.Final', '4.0.21.Final', '4.0.22.Final', '4.0.23.Final', '4.0.24.Final', '4.0.25.Final', '4.0.26.Final', '4.0.27.Final', '4.0.28.Final', '4.0.29.Final', '4.0.30.Final', '4.0.31.Final', '4.0.32.Final', '4.0.33.Final', '4.0.34.Final', '4.0.35.Final', '4.0.36.Final', '4.0.37.Final', '4.0.38.Final', '4.0.39.Final', '4.0.40.Final', '4.0.41.Final', '4.0.42.Final', '4.0.43.Final', '4.0.44.Final', '4.0.45.Final', '4.0.46.Final', '4.0.47.Final', '4.0.48.Final', '4.0.49.Final', '4.0.50.Final', '4.0.51.Final', '4.0.52.Final', '4.0.53.Final', '4.0.54.Final', '4.0.55.Final', '4.0.56.Final', '5.0.0.Alpha1'][0m
[96m[Preparer] Pending directory already exists: /PoCAdaptation/exploit/pending/CVE-2019-16869[0m
[92m[Main] Total affected versions: 131[0m
[92m[Main] Already reproduced versions: 61[0m
[93m[Main] Versions pending adaptation: 70[0m
[96m[Main]     -> ['4.0.0.Beta1', '4.0.0.Beta2', '4.0.0.Beta3', '4.0.0.CR1', '4.0.0.CR2', '4.0.0.CR3', '4.0.0.CR4', '4.0.0.CR5', '4.0.0.CR6', '4.0.0.CR7', '4.0.0.CR8', '4.0.0.CR9', '4.0.0.Final', '4.0.1.Final', '4.0.2.Final', '4.0.3.Final', '4.0.4.Final', '4.0.5.Final', '4.0.6.Final', '4.0.7.Final', '4.0.8.Final', '4.0.9.Final', '4.0.10.Final', '4.0.11.Final', '4.0.12.Final', '4.0.13.Final', '4.0.14.Beta1', '4.0.14.Final', '4.0.15.Final', '4.0.16.Final', '4.0.17.Final', '4.0.18.Final', '4.0.19.Final', '4.0.20.Final', '4.0.21.Final', '4.0.22.Final', '4.0.23.Final', '4.0.24.Final', '4.0.25.Final', '4.0.26.Final', '4.0.27.Final', '4.0.28.Final', '4.0.29.Final', '4.0.30.Final', '4.0.31.Final', '4.0.32.Final', '4.0.33.Final', '4.0.34.Final', '4.0.35.Final', '4.0.36.Final', '4.0.37.Final', '4.0.38.Final', '4.0.39.Final', '4.0.40.Final', '4.0.41.Final', '4.0.42.Final', '4.0.43.Final', '4.0.44.Final', '4.0.45.Final', '4.0.46.Final', '4.0.47.Final', '4.0.48.Final', '4.0.49.Final', '4.0.50.Final', '4.0.51.Final', '4.0.52.Final', '4.0.53.Final', '4.0.54.Final', '4.0.55.Final', '4.0.56.Final'][0m
[96m[Main]     -> ['4.1.0.Beta1', '4.1.0.Beta2', '4.1.0.Beta3', '4.1.0.Beta4', '4.1.0.Beta5', '4.1.0.Beta6', '4.1.0.Beta7', '4.1.0.Beta8', '4.1.0.CR1', '4.1.0.CR2', '4.1.0.CR3', '4.1.0.CR4', '4.1.0.CR5', '4.1.0.CR6', '4.1.0.CR7', '4.1.0.Final', '4.1.1.Final', '4.1.2.Final', '4.1.3.Final', '4.1.4.Final', '4.1.5.Final', '4.1.6.Final', '4.1.7.Final', '4.1.8.Final', '4.1.9.Final', '4.1.10.Final', '4.1.11.Final', '4.1.12.Final', '4.1.13.Final', '4.1.14.Final', '4.1.15.Final', '4.1.16.Final', '4.1.17.Final', '4.1.18.Final', '4.1.19.Final', '4.1.20.Final', '4.1.21.Final', '4.1.22.Final', '4.1.23.Final', '4.1.24.Final', '4.1.25.Final', '4.1.26.Final', '4.1.27.Final', '4.1.28.Final', '4.1.29.Final', '4.1.30.Final', '4.1.31.Final', '4.1.32.Final', '4.1.33.Final', '4.1.34.Final', '4.1.35.Final', '4.1.36.Final', '4.1.37.Final', '4.1.38.Final', '4.1.39.Final', '4.1.40.Final', '4.1.41.Final', '4.1.42.Final', '4.1.43.Final', '5.0.0.Alpha1', '5.0.0.Alpha2'][0m
[96m[Executor] Running initial exploit mvn test in /PoCAdaptation/exploit/origin/CVE-2019-16869/exploit[0m
[91m[Executor] Initial exploit execution finished with return code 1[0m
[96m[Verifier] Verifying reproduction...[0m
[92m[Verifier] âœ“ Behavior matched: 'java.lang.AssertionError'[0m
[92m[Verifier] âœ“ Detail matched: 'org.junit.Assert.fail'[0m
[92m[Verifier] âœ“ All reproduction indicators matched.[0m
[92m[Verifier] Initial exploit behavior verified successfully.[0m
[96m[Selector] Nearest need adapatation version selected: 4.0.56.Final[0m
[96m[Selector] Closest reproduced version: 4.1.0.Beta1 at index 78[0m
[96m[Adapter] Trying next closest version: 4.0.56.Final[0m
[93m[Preparer] No usable exploit dirs found under /PoCAdaptation/exploit/valid/CVE-2019-16869[0m
[92m[Preparer] Copied exploit to: /PoCAdaptation/exploit/pending/CVE-2019-16869/4.0.56.Final/exploit[0m
[96m[Preparer] Updating dependency version to 4.0.56.Final in /PoCAdaptation/exploit/pending/CVE-2019-16869/4.0.56.Final/exploit/pom.xml[0m
[92m[Preparer] Updated dependency version to 4.0.56.Final in /PoCAdaptation/exploit/pending/CVE-2019-16869/4.0.56.Final/exploit/pom.xml[0m
[96m[Executor] Attempting direct exploit execution on 4.0.56.Final...[0m
[96m[Executor] Executing exploit for CVE-2019-16869 on version 4.0.56.Final...[0m
[96m[Verifier] Verifying reproduction...[0m
[91m[Verifier] âœ— Behavior not found: 'java.lang.AssertionError'[0m
[91m[Executor] Reproduction result: Failure[0m
[96m[Adapter] Attempting adaptation from base version 4.1.0.Beta1 to 4.0.56.Final...[0m
[96m[Adapter] Start adapting exploit from 4.1.0.Beta1 to 4.0.56.Final"[0m
[96m[Executor] Executing exploit for CVE-2019-16869 on version 4.0.56.Final...[0m
[96m[Verifier] Verifying reproduction...[0m
[91m[Verifier] âœ— Behavior not found: 'java.lang.AssertionError'[0m
[91m[Executor] Reproduction result: Failure[0m
[96m[ErrorManager] Ignoring line: [ERROR] Failed to execute goal org.apache.maven.plugins:maven-compiler-plugin:3.1:testCompile (default-testCompile) on project CVE-2019-16869: Compilation failure: Compilation failure:[0m
[92m[ErrorManager] Processing line: [ERROR] /PoCAdaptation/exploit/result/CVE-2019-16869/4.0.56.Final/exploit/src/test/java/edu/vision/se/Testcase1.java:[25,50] incompatible types: java.lang.Object cannot be converted to io.netty.handler.codec.http.HttpRequest[0m
[92m[ErrorManager] Processing line: [ERROR] /PoCAdaptation/exploit/result/CVE-2019-16869/4.0.56.Final/exploit/src/test/java/edu/vision/se/Testcase1.java:[26,27] cannot find symbol[0m
[92m[ErrorManager] Processing line: [ERROR]   symbol:   method decoderResult()[0m
[92m[ErrorManager] Processing line: [ERROR]   location: variable request of type io.netty.handler.codec.http.HttpRequest[0m
[92m[ErrorManager] Processing line: [ERROR] /PoCAdaptation/exploit/result/CVE-2019-16869/4.0.56.Final/exploit/src/test/java/edu/vision/se/Testcase1.java:[27,27] cannot find symbol[0m
[92m[ErrorManager] Processing line: [ERROR]   symbol:   method decoderResult()[0m
[92m[ErrorManager] Processing line: [ERROR]   location: variable request of type io.netty.handler.codec.http.HttpRequest[0m
[96m[ErrorManager] Ignoring line: [ERROR] -> [Help 1][0m
[96m[ErrorManager] Ignoring line: [ERROR][0m
[96m[ErrorManager] Ignoring line: [ERROR] To see the full stack trace of the errors, re-run Maven with the -e switch.[0m
[96m[ErrorManager] Ignoring line: [ERROR] Re-run Maven using the -X switch to enable full debug logging.[0m
[96m[ErrorManager] Ignoring line: [ERROR][0m
[96m[ErrorManager] Ignoring line: [ERROR] For more information about the errors and possible solutions, please read the following articles:[0m
[96m[ErrorManager] Ignoring line: [ERROR] [Help 1] http://cwiki.apache.org/confluence/display/MAVEN/MojoFailureException[0m
[96m[Adapter] Locating fix position in error log.[0m
[LLMClient] Tokens used: 1698 (prompt), 1 (completion), 1699 (total)
[LLMClient] Prompt: 
You are given a Java error log when executing 'mvn test' in a project with dependency version 4.0.56.Final:io.netty:netty-codec-http.
This test file compiles and runs successfully with version 4.1.0.Beta1.

Your task is to:
1. Analyze why this issue occurs with the *4.1.0.Beta1* but not with the *4.0.56.Final version*.
2. Consider how to resolve the issue **without updating this library**.
3. Determine and output the location in the project that should be modified to fix the problem.

Please return 'pom' if the fix is in the pom.xml file, or 'test' if the fix is in the test code.
Do not return any other text, just 'pom' or 'test'.

The error log is:
[INFO] Scanning for projects...
[INFO] 
[INFO] --------------------< edu.vision.se:CVE-2019-16869 >--------------------
[INFO] Building io.netty CVE-2019-16869 1.0-SNAPSHOT
[INFO]   from pom.xml
[INFO] --------------------------------[ jar ]---------------------------------
[INFO] 
[INFO] --- maven-clean-plugin:2.5:clean (default-clean) @ CVE-2019-16869 ---
[INFO] Deleting /PoCAdaptation/exploit/result/CVE-2019-16869/4.0.56.Final/exploit/target
[INFO] 
[INFO] --- maven-resources-plugin:2.6:resources (default-resources) @ CVE-2019-16869 ---
[INFO] Using 'UTF-8' encoding to copy filtered resources.
[INFO] skip non existing resourceDirectory /PoCAdaptation/exploit/result/CVE-2019-16869/4.0.56.Final/exploit/src/main/resources
[INFO] 
[INFO] --- maven-compiler-plugin:3.1:compile (default-compile) @ CVE-2019-16869 ---
[INFO] No sources to compile
[INFO] 
[INFO] --- maven-resources-plugin:2.6:testResources (default-testResources) @ CVE-2019-16869 ---
[INFO] Using 'UTF-8' encoding to copy filtered resources.
[INFO] skip non existing resourceDirectory /PoCAdaptation/exploit/result/CVE-2019-16869/4.0.56.Final/exploit/src/test/resources
[INFO] 
[INFO] --- maven-compiler-plugin:3.1:testCompile (default-testCompile) @ CVE-2019-16869 ---
[INFO] Changes detected - recompiling the module!
[INFO] Compiling 1 source file to /PoCAdaptation/exploit/result/CVE-2019-16869/4.0.56.Final/exploit/target/test-classes
[INFO] -------------------------------------------------------------
[ERROR] COMPILATION ERROR : 
[INFO] -------------------------------------------------------------
[ERROR] /PoCAdaptation/exploit/result/CVE-2019-16869/4.0.56.Final/exploit/src/test/java/edu/vision/se/Testcase1.java:[25,50] incompatible types: java.lang.Object cannot be converted to io.netty.handler.codec.http.HttpRequest
[ERROR] /PoCAdaptation/exploit/result/CVE-2019-16869/4.0.56.Final/exploit/src/test/java/edu/vision/se/Testcase1.java:[26,27] cannot find symbol
  symbol:   method decoderResult()
  location: variable request of type io.netty.handler.codec.http.HttpRequest
[ERROR] /PoCAdaptation/exploit/result/CVE-2019-16869/4.0.56.Final/exploit/src/test/java/edu/vision/se/Testcase1.java:[27,27] cannot find symbol
  symbol:   method decoderResult()
  location: variable request of type io.netty.handler.codec.http.HttpRequest
[INFO] 3 errors 
[INFO] -------------------------------------------------------------
[INFO] ------------------------------------------------------------------------
[INFO] BUILD FAILURE
[INFO] ------------------------------------------------------------------------
[INFO] Total time:  0.895 s
[INFO] Finished at: 2025-07-13T12:39:38Z
[INFO] ------------------------------------------------------------------------
[ERROR] Failed to execute goal org.apache.maven.plugins:maven-compiler-plugin:3.1:testCompile (default-testCompile) on project CVE-2019-16869: Compilation failure: Compilation failure: 
[ERROR] /PoCAdaptation/exploit/result/CVE-2019-16869/4.0.56.Final/exploit/src/test/java/edu/vision/se/Testcase1.java:[25,50] incompatible types: java.lang.Object cannot be converted to io.netty.handler.codec.http.HttpRequest
[ERROR] /PoCAdaptation/exploit/result/CVE-2019-16869/4.0.56.Final/exploit/src/test/java/edu/vision/se/Testcase1.java:[26,27] cannot find symbol
[ERROR]   symbol:   method decoderResult()
[ERROR]   location: variable request of type io.netty.handler.codec.http.HttpRequest
[ERROR] /PoCAdaptation/exploit/result/CVE-2019-16869/4.0.56.Final/exploit/src/test/java/edu/vision/se/Testcase1.java:[27,27] cannot find symbol
[ERROR]   symbol:   method decoderResult()
[ERROR]   location: variable request of type io.netty.handler.codec.http.HttpRequest
[ERROR] -> [Help 1]
[ERROR] 
[ERROR] To see the full stack trace of the errors, re-run Maven with the -e switch.
[ERROR] Re-run Maven using the -X switch to enable full debug logging.
[ERROR] 
[ERROR] For more information about the errors and possible solutions, please read the following articles:
[ERROR] [Help 1] http://cwiki.apache.org/confluence/display/MAVEN/MojoFailureException


current_pom file is:<?xml version='1.0' encoding='utf-8'?>
<project xmlns="http://maven.apache.org/POM/4.0.0" xmlns:xsi="http://www.w3.org/2001/XMLSchema-instance" xsi:schemaLocation="http://maven.apache.org/POM/4.0.0 https://maven.apache.org/xsd/maven-4.0.0.xsd">
  <groupId>edu.vision.se</groupId><version>1.0-SNAPSHOT</version><modelVersion>4.0.0</modelVersion>
  <artifactId>CVE-2019-16869</artifactId>
  <name>io.netty CVE-2019-16869</name>
   <properties>
    <maven.compiler.target>11</maven.compiler.target>
    <maven.compiler.source>11</maven.compiler.source>
    <project.build.sourceEncoding>UTF-8</project.build.sourceEncoding>
  </properties>
  
  <dependencies>
    <dependency>
      <groupId>io.netty</groupId>
      <artifactId>netty-codec-http</artifactId>
      <version>4.0.56.Final</version>
    </dependency>


  <dependency><groupId>junit</groupId><artifactId>junit</artifactId><version>4.13.2</version></dependency>
  
  </dependencies>
</project>
[LLMClient] Response: 
test
[96m[Adapter] LLM response for fix position: test[0m
[LLMClient] Tokens used: 150 (prompt), 8 (completion), 158 (total)
[LLMClient] Prompt: 
You are given an error log when executing 'mvn test' in version 4.0.56.Final: 

Error: incompatible types: java.lang.Object cannot be converted to io.netty.handler.codec.http.HttpRequest, None, None 

The test executes as expected in 4.1.0.Beta1 

Error code:         HttpRequest request = channel.readInbound(); 

Extract two key *entities* from the error for searching related diffs 

The extracted entities should reflect code-level identifiers that are likely to appear in source code or diffs. 

Output each node as a `;`-separated list, with no explanations. 


[LLMClient] Response: 
HttpRequest;channel.readInbound()
[96m[ErrorManager] Extracted key entities: ['HttpRequest', 'channel.readInbound()'][0m
[96m[Adapter] Try to solve error: {'file': '/PoCAdaptation/exploit/result/CVE-2019-16869/4.0.56.Final/exploit/src/test/java/edu/vision/se/Testcase1.java', 'line': 25, 'column': 50, 'message': 'incompatible types: java.lang.Object cannot be converted to io.netty.handler.codec.http.HttpRequest', 'symbol': None, 'location': None, 'code_line': '        HttpRequest request = channel.readInbound();'} with cause: ['HttpRequest', 'channel.readInbound()'][0m
[LLMClient] Tokens used: 175 (prompt), 8 (completion), 183 (total)
[LLMClient] Prompt: 
You are given an error log when executing 'mvn test' in version 4.0.56.Final: 

Error: incompatible types: java.lang.Object cannot be converted to io.netty.handler.codec.http.HttpRequest, None, None 

The test executes as expected in 4.1.0.Beta1 

Error code:         HttpRequest request = channel.readInbound(); 

Extract two key *entities* from the error for searching related diffs 

The extracted entities should reflect code-level identifiers that are likely to appear in source code or diffs. 

Current cause: ['HttpRequest', 'channel.readInbound()'] 

 failed to catch, try simpler or other entities.

Output each node as a `;`-separated list, with no explanations. 


[LLMClient] Response: 
HttpRequest;channel.readInbound()
[96m[ErrorManager] Extracted key entities: ['HttpRequest', 'channel.readInbound()'][0m
[96m[Adapter] Related diffs for error: [(714, 10.0), (716, 10.0), (717, 10.0), (224, 5.0), (225, 5.0)][0m
[96m[Adapter] Fix position is in test code.[0m
[96m[RepairModule] Start repair for group: incompatible types: java.lang.Object cannot be converted to io.netty.handler.codec.http.HttpRequest | cause: ['HttpRequest', 'channel.readInbound()'][0m
[96m[RepairModule] Trying best diff #714 with score 10.00[0m
[96m[RepairModule] Found 10 diff combinations for annealing.[0m
[96m[RepairModule] Iteration 1, temperature 1.000: Trying diff #(716, 717) with score 10.00[0m
[LLMClient] Tokens used: 1513 (prompt), 283 (completion), 1796 (total)
[LLMClient] Prompt: 
You are given a Java test file with compilation errors in version 4.0.56.Final:io.netty:netty-codec-http.
This test file compiles and runs successfully in 4.1.0.Beta1.

The diff is related to the diff.
Your task has three steps:
 1. Locate the code where the compilation error occurs.
 2. Analyze the diff from 4.1.0.Beta1 to 4.0.56.Final.
 3. Fix the error in the error position only when diff is helpful. Add import statement when needed according to the diff. 

Only output the modified version of the test file according to the diff. No explanations. If mocking, access fields via reflection if they exist.
### Compilation Errors:
message: incompatible types: java.lang.Object cannot be converted to io.netty.handler.codec.http.HttpRequest, symble: None, location: None

### Error Position:
        HttpRequest request = channel.readInbound();

### Related Diff:
Operation: MODIFIED, File: codec-http/src/test/java/io/netty/handler/codec/http/HttpRequestDecoderTest.java, Hunk: @@ -145,18 +145,18 @@ private static void testDecodeWholeRequestInMultipleSteps(byte[] content, int fr
             channel.writeInbound(Unpooled.wrappedBuffer(content, content.length - i, 1));
         }

+        HttpRequest req = (HttpRequest) channel.readInbound();
-        HttpRequest req = channel.readInbound();
         assertNotNull(req);
         checkHeaders(req.headers());

         for (int i = CONTENT_LENGTH; i > 1; i --) {
+            HttpContent c = (HttpContent) channel.readInbound();
-            HttpContent c = channel.readInbound();
             assertEquals(1, c.content().readableBytes());
             assertEquals(content[content.length - i], c.content().readByte());
             c.release();
         }

+        LastHttpContent c = (LastHttpContent) channel.readInbound();
-        LastHttpContent c = channel.readInbound();
         assertEquals(1, c.content().readableBytes());
         assertEquals(content[content.length - 1], c.content().readByte());
         c.release();
Operation: MODIFIED, File: codec-http/src/test/java/io/netty/handler/codec/http/HttpRequestDecoderTest.java, Hunk: @@ -173,7 +173,61 @@ public void testEmptyHeaderValue() {
                 "Host: localhost" + crlf +
                 "EmptyHeader:" + crlf + crlf;
         channel.writeInbound(Unpooled.wrappedBuffer(request.getBytes(CharsetUtil.US_ASCII)));
+        HttpRequest req = (HttpRequest) channel.readInbound();
-        HttpRequest req = channel.readInbound();
         assertEquals("", req.headers().get("EmptyHeader"));
     }
-
-    @Test
-    public void test100Continue() {
-        HttpRequestDecoder decoder = new HttpRequestDecoder();
-        EmbeddedChannel channel = new EmbeddedChannel(decoder);
-        String oversized =
-                "PUT /file HTTP/1.1\r\n" +
-                "Expect: 100-continue\r\n" +
-                "Content-Length: 1048576000\r\n\r\n";
-
-        channel.writeInbound(Unpooled.copiedBuffer(oversized, CharsetUtil.US_ASCII));
-        assertThat(channel.readInbound(), is(instanceOf(HttpRequest.class)));
-
-        // At this point, we assume that we sent '413 Entity Too Large' to the peer without closing the connection
-        // so that the client can try again.
-        decoder.reset();
-
-        String query = "GET /max-file-size HTTP/1.1\r\n\r\n";
-        channel.writeInbound(Unpooled.copiedBuffer(query, CharsetUtil.US_ASCII));
-        assertThat(channel.readInbound(), is(instanceOf(HttpRequest.class)));
-        assertThat(channel.readInbound(), is(instanceOf(LastHttpContent.class)));
-
-        assertThat(channel.finish(), is(false));
-    }
-
-    @Test
-    public void test100ContinueWithBadClient() {
-        HttpRequestDecoder decoder = new HttpRequestDecoder();
-        EmbeddedChannel channel = new EmbeddedChannel(decoder);
-        String oversized =
-                "PUT /file HTTP/1.1\r\n" +
-                "Expect: 100-continue\r\n" +
-                "Content-Length: 1048576000\r\n\r\n" +
-                "WAY_TOO_LARGE_DATA_BEGINS";
-
-        channel.writeInbound(Unpooled.copiedBuffer(oversized, CharsetUtil.US_ASCII));
-        assertThat(channel.readInbound(), is(instanceOf(HttpRequest.class)));
-
-        HttpContent prematureData = channel.readInbound();
-        prematureData.release();
-
-        assertThat(channel.readInbound(), is(nullValue()));
-
-        // At this point, we assume that we sent '413 Entity Too Large' to the peer without closing the connection
-        // so that the client can try again.
-        decoder.reset();
-
-        String query = "GET /max-file-size HTTP/1.1\r\n\r\n";
-        channel.writeInbound(Unpooled.copiedBuffer(query, CharsetUtil.US_ASCII));
-        assertThat(channel.readInbound(), is(instanceOf(HttpRequest.class)));
-        assertThat(channel.readInbound(), is(instanceOf(LastHttpContent.class)));
-
-        assertThat(channel.finish(), is(false));
-    }
 }

### Test File Content:
package edu.vision.se;

import io.netty.buffer.Unpooled;
import io.netty.channel.embedded.EmbeddedChannel;
import io.netty.handler.codec.http.HttpRequest;
import io.netty.handler.codec.http.HttpRequestDecoder;
import io.netty.util.CharsetUtil;
import org.junit.Test;

import static org.junit.Assert.assertFalse;
import static org.junit.Assert.assertTrue;

public class Testcase1 {
    @Test(timeout = 60000)
    public void testWhitespace() {
        EmbeddedChannel channel = new EmbeddedChannel(new HttpRequestDecoder());
        String requestStr = "GET /some/path HTTP/1.1\r\n" +
                "Transfer-Encoding : chunked\r\n" +
                "Host: netty.io\n\r\n";
        channel.writeInbound(Unpooled.copiedBuffer(requestStr, CharsetUtil.US_ASCII));
        validateReturnValue(channel);
    }

    public void validateReturnValue(EmbeddedChannel channel) {
        HttpRequest request = channel.readInbound();
        assertTrue(request.decoderResult().isFailure());
        assertTrue(request.decoderResult().cause() instanceof IllegalArgumentException);
        assertFalse(channel.finish());
    }
}


[LLMClient] Response: 
Here's the modified version of the test file with the fix based on the diff:

```java
package edu.vision.se;

import io.netty.buffer.Unpooled;
import io.netty.channel.embedded.EmbeddedChannel;
import io.netty.handler.codec.http.HttpRequest;
import io.netty.handler.codec.http.HttpRequestDecoder;
import io.netty.util.CharsetUtil;
import org.junit.Test;

import static org.junit.Assert.assertFalse;
import static org.junit.Assert.assertTrue;

public class Testcase1 {
    @Test(timeout = 60000)
    public void testWhitespace() {
        EmbeddedChannel channel = new EmbeddedChannel(new HttpRequestDecoder());
        String requestStr = "GET /some/path HTTP/1.1\r\n" +
                "Transfer-Encoding : chunked\r\n" +
                "Host: netty.io\n\r\n";
        channel.writeInbound(Unpooled.copiedBuffer(requestStr, CharsetUtil.US_ASCII));
        validateReturnValue(channel);
    }

    public void validateReturnValue(EmbeddedChannel channel) {
        HttpRequest request = (HttpRequest) channel.readInbound();
        assertTrue(request.decoderResult().isFailure());
        assertTrue(request.decoderResult().cause() instanceof IllegalArgumentException);
        assertFalse(channel.finish());
    }
}
```
[96m[RepairModule] Wrote modified code to /PoCAdaptation/exploit/result/CVE-2019-16869/4.0.56.Final/exploit/src/test/java/edu/vision/se/Testcase1.java[0m
[96m[Executor] Executing exploit for CVE-2019-16869 on version 4.0.56.Final...[0m
[96m[Verifier] Verifying reproduction...[0m
[91m[Verifier] âœ— Behavior not found: 'java.lang.AssertionError'[0m
[91m[Executor] Reproduction result: Failure[0m
[96m[ErrorManager] Ignoring line: [ERROR] Failed to execute goal org.apache.maven.plugins:maven-compiler-plugin:3.1:testCompile (default-testCompile) on project CVE-2019-16869: Compilation failure: Compilation failure:[0m
[92m[ErrorManager] Processing line: [ERROR] /PoCAdaptation/exploit/result/CVE-2019-16869/4.0.56.Final/exploit/src/test/java/edu/vision/se/Testcase1.java:[26,27] cannot find symbol[0m
[92m[ErrorManager] Processing line: [ERROR]   symbol:   method decoderResult()[0m
[92m[ErrorManager] Processing line: [ERROR]   location: variable request of type io.netty.handler.codec.http.HttpRequest[0m
[92m[ErrorManager] Processing line: [ERROR] /PoCAdaptation/exploit/result/CVE-2019-16869/4.0.56.Final/exploit/src/test/java/edu/vision/se/Testcase1.java:[27,27] cannot find symbol[0m
[92m[ErrorManager] Processing line: [ERROR]   symbol:   method decoderResult()[0m
[92m[ErrorManager] Processing line: [ERROR]   location: variable request of type io.netty.handler.codec.http.HttpRequest[0m
[96m[ErrorManager] Ignoring line: [ERROR] -> [Help 1][0m
[96m[ErrorManager] Ignoring line: [ERROR][0m
[96m[ErrorManager] Ignoring line: [ERROR] To see the full stack trace of the errors, re-run Maven with the -e switch.[0m
[96m[ErrorManager] Ignoring line: [ERROR] Re-run Maven using the -X switch to enable full debug logging.[0m
[96m[ErrorManager] Ignoring line: [ERROR][0m
[96m[ErrorManager] Ignoring line: [ERROR] For more information about the errors and possible solutions, please read the following articles:[0m
[96m[ErrorManager] Ignoring line: [ERROR] [Help 1] http://cwiki.apache.org/confluence/display/MAVEN/MojoFailureException[0m
[RepairModule] Old grouped keys: {'cannot find symbol | method decoderResult()', 'incompatible types: java.lang.Object cannot be converted to io.netty.handler.codec.http.HttpRequest |'}
[RepairModule] New grouped keys: {'cannot find symbol | method decoderResult()'}
[92m[RepairModule] Error incompatible types: java.lang.Object cannot be converted to io.netty.handler.codec.http.HttpRequest resolved after applying diff.[0m
[92m[RepairModule] Repair success with diff #(716, 717) at iteration 1![0m
[96m[Adapter] Test code repair attempted.[0m
[96m[Executor] Executing exploit for CVE-2019-16869 on version 4.0.56.Final...[0m
[96m[Verifier] Verifying reproduction...[0m
[91m[Verifier] âœ— Behavior not found: 'java.lang.AssertionError'[0m
[91m[Executor] Reproduction result: Failure[0m
[96m[ErrorManager] Ignoring line: [ERROR] Failed to execute goal org.apache.maven.plugins:maven-compiler-plugin:3.1:testCompile (default-testCompile) on project CVE-2019-16869: Compilation failure: Compilation failure:[0m
[92m[ErrorManager] Processing line: [ERROR] /PoCAdaptation/exploit/result/CVE-2019-16869/4.0.56.Final/exploit/src/test/java/edu/vision/se/Testcase1.java:[26,27] cannot find symbol[0m
[92m[ErrorManager] Processing line: [ERROR]   symbol:   method decoderResult()[0m
[92m[ErrorManager] Processing line: [ERROR]   location: variable request of type io.netty.handler.codec.http.HttpRequest[0m
[92m[ErrorManager] Processing line: [ERROR] /PoCAdaptation/exploit/result/CVE-2019-16869/4.0.56.Final/exploit/src/test/java/edu/vision/se/Testcase1.java:[27,27] cannot find symbol[0m
[92m[ErrorManager] Processing line: [ERROR]   symbol:   method decoderResult()[0m
[92m[ErrorManager] Processing line: [ERROR]   location: variable request of type io.netty.handler.codec.http.HttpRequest[0m
[96m[ErrorManager] Ignoring line: [ERROR] -> [Help 1][0m
[96m[ErrorManager] Ignoring line: [ERROR][0m
[96m[ErrorManager] Ignoring line: [ERROR] To see the full stack trace of the errors, re-run Maven with the -e switch.[0m
[96m[ErrorManager] Ignoring line: [ERROR] Re-run Maven using the -X switch to enable full debug logging.[0m
[96m[ErrorManager] Ignoring line: [ERROR][0m
[96m[ErrorManager] Ignoring line: [ERROR] For more information about the errors and possible solutions, please read the following articles:[0m
[96m[ErrorManager] Ignoring line: [ERROR] [Help 1] http://cwiki.apache.org/confluence/display/MAVEN/MojoFailureException[0m
[96m[Adapter] Locating fix position in error log.[0m
[LLMClient] Tokens used: 1556 (prompt), 1 (completion), 1557 (total)
[LLMClient] Prompt: 
You are given a Java error log when executing 'mvn test' in a project with dependency version 4.0.56.Final:io.netty:netty-codec-http.
This test file compiles and runs successfully with version 4.1.0.Beta1.

Your task is to:
1. Analyze why this issue occurs with the *4.1.0.Beta1* but not with the *4.0.56.Final version*.
2. Consider how to resolve the issue **without updating this library**.
3. Determine and output the location in the project that should be modified to fix the problem.

Please return 'pom' if the fix is in the pom.xml file, or 'test' if the fix is in the test code.
Do not return any other text, just 'pom' or 'test'.

The error log is:
[INFO] Scanning for projects...
[INFO] 
[INFO] --------------------< edu.vision.se:CVE-2019-16869 >--------------------
[INFO] Building io.netty CVE-2019-16869 1.0-SNAPSHOT
[INFO]   from pom.xml
[INFO] --------------------------------[ jar ]---------------------------------
[INFO] 
[INFO] --- maven-clean-plugin:2.5:clean (default-clean) @ CVE-2019-16869 ---
[INFO] Deleting /PoCAdaptation/exploit/result/CVE-2019-16869/4.0.56.Final/exploit/target
[INFO] 
[INFO] --- maven-resources-plugin:2.6:resources (default-resources) @ CVE-2019-16869 ---
[INFO] Using 'UTF-8' encoding to copy filtered resources.
[INFO] skip non existing resourceDirectory /PoCAdaptation/exploit/result/CVE-2019-16869/4.0.56.Final/exploit/src/main/resources
[INFO] 
[INFO] --- maven-compiler-plugin:3.1:compile (default-compile) @ CVE-2019-16869 ---
[INFO] No sources to compile
[INFO] 
[INFO] --- maven-resources-plugin:2.6:testResources (default-testResources) @ CVE-2019-16869 ---
[INFO] Using 'UTF-8' encoding to copy filtered resources.
[INFO] skip non existing resourceDirectory /PoCAdaptation/exploit/result/CVE-2019-16869/4.0.56.Final/exploit/src/test/resources
[INFO] 
[INFO] --- maven-compiler-plugin:3.1:testCompile (default-testCompile) @ CVE-2019-16869 ---
[INFO] Changes detected - recompiling the module!
[INFO] Compiling 1 source file to /PoCAdaptation/exploit/result/CVE-2019-16869/4.0.56.Final/exploit/target/test-classes
[INFO] -------------------------------------------------------------
[ERROR] COMPILATION ERROR : 
[INFO] -------------------------------------------------------------
[ERROR] /PoCAdaptation/exploit/result/CVE-2019-16869/4.0.56.Final/exploit/src/test/java/edu/vision/se/Testcase1.java:[26,27] cannot find symbol
  symbol:   method decoderResult()
  location: variable request of type io.netty.handler.codec.http.HttpRequest
[ERROR] /PoCAdaptation/exploit/result/CVE-2019-16869/4.0.56.Final/exploit/src/test/java/edu/vision/se/Testcase1.java:[27,27] cannot find symbol
  symbol:   method decoderResult()
  location: variable request of type io.netty.handler.codec.http.HttpRequest
[INFO] 2 errors 
[INFO] -------------------------------------------------------------
[INFO] ------------------------------------------------------------------------
[INFO] BUILD FAILURE
[INFO] ------------------------------------------------------------------------
[INFO] Total time:  0.883 s
[INFO] Finished at: 2025-07-13T12:40:09Z
[INFO] ------------------------------------------------------------------------
[ERROR] Failed to execute goal org.apache.maven.plugins:maven-compiler-plugin:3.1:testCompile (default-testCompile) on project CVE-2019-16869: Compilation failure: Compilation failure: 
[ERROR] /PoCAdaptation/exploit/result/CVE-2019-16869/4.0.56.Final/exploit/src/test/java/edu/vision/se/Testcase1.java:[26,27] cannot find symbol
[ERROR]   symbol:   method decoderResult()
[ERROR]   location: variable request of type io.netty.handler.codec.http.HttpRequest
[ERROR] /PoCAdaptation/exploit/result/CVE-2019-16869/4.0.56.Final/exploit/src/test/java/edu/vision/se/Testcase1.java:[27,27] cannot find symbol
[ERROR]   symbol:   method decoderResult()
[ERROR]   location: variable request of type io.netty.handler.codec.http.HttpRequest
[ERROR] -> [Help 1]
[ERROR] 
[ERROR] To see the full stack trace of the errors, re-run Maven with the -e switch.
[ERROR] Re-run Maven using the -X switch to enable full debug logging.
[ERROR] 
[ERROR] For more information about the errors and possible solutions, please read the following articles:
[ERROR] [Help 1] http://cwiki.apache.org/confluence/display/MAVEN/MojoFailureException


current_pom file is:<?xml version='1.0' encoding='utf-8'?>
<project xmlns="http://maven.apache.org/POM/4.0.0" xmlns:xsi="http://www.w3.org/2001/XMLSchema-instance" xsi:schemaLocation="http://maven.apache.org/POM/4.0.0 https://maven.apache.org/xsd/maven-4.0.0.xsd">
  <groupId>edu.vision.se</groupId><version>1.0-SNAPSHOT</version><modelVersion>4.0.0</modelVersion>
  <artifactId>CVE-2019-16869</artifactId>
  <name>io.netty CVE-2019-16869</name>
   <properties>
    <maven.compiler.target>11</maven.compiler.target>
    <maven.compiler.source>11</maven.compiler.source>
    <project.build.sourceEncoding>UTF-8</project.build.sourceEncoding>
  </properties>
  
  <dependencies>
    <dependency>
      <groupId>io.netty</groupId>
      <artifactId>netty-codec-http</artifactId>
      <version>4.0.56.Final</version>
    </dependency>


  <dependency><groupId>junit</groupId><artifactId>junit</artifactId><version>4.13.2</version></dependency>
  
  </dependencies>
</project>
[LLMClient] Response: 
test
[96m[Adapter] LLM response for fix position: test[0m
[LLMClient] Tokens used: 149 (prompt), 10 (completion), 159 (total)
[LLMClient] Prompt: 
You are given an error log when executing 'mvn test' in version 4.0.56.Final: 

Error: cannot find symbol, method decoderResult(), variable request of type io.netty.handler.codec.http.HttpRequest 

The test executes as expected in 4.1.0.Beta1 

Error code:         assertTrue(request.decoderResult().isFailure()); 

Extract two key *entities* from the error for searching related diffs 

The extracted entities should reflect code-level identifiers that are likely to appear in source code or diffs. 

Output each node as a `;`-separated list, with no explanations. 


[LLMClient] Response: 
request.decoderResult;HttpRequest.decoderResult
[96m[ErrorManager] Extracted key entities: ['request.decoderResult', 'HttpRequest.decoderResult'][0m
[96m[Adapter] Try to solve error: {'file': '/PoCAdaptation/exploit/result/CVE-2019-16869/4.0.56.Final/exploit/src/test/java/edu/vision/se/Testcase1.java', 'line': 26, 'column': 27, 'message': 'cannot find symbol', 'symbol': 'method decoderResult()', 'location': 'variable request of type io.netty.handler.codec.http.HttpRequest', 'code_line': '        assertTrue(request.decoderResult().isFailure());'} with cause: ['request.decoderResult', 'HttpRequest.decoderResult'][0m
[LLMClient] Tokens used: 176 (prompt), 10 (completion), 186 (total)
[LLMClient] Prompt: 
You are given an error log when executing 'mvn test' in version 4.0.56.Final: 

Error: cannot find symbol, method decoderResult(), variable request of type io.netty.handler.codec.http.HttpRequest 

The test executes as expected in 4.1.0.Beta1 

Error code:         assertTrue(request.decoderResult().isFailure()); 

Extract two key *entities* from the error for searching related diffs 

The extracted entities should reflect code-level identifiers that are likely to appear in source code or diffs. 

Current cause: ['request.decoderResult', 'HttpRequest.decoderResult'] 

 failed to catch, try simpler or other entities.

Output each node as a `;`-separated list, with no explanations. 


[LLMClient] Response: 
request.decoderResult;HttpRequest.decoderResult
[96m[ErrorManager] Extracted key entities: ['request.decoderResult', 'HttpRequest.decoderResult'][0m
[96m[Adapter] Related diffs for error: [(429, 5.0), (1333, 5.0), (9, 1.0), (10, 1.0), (11, 1.0)][0m
[96m[Adapter] Fix position is in test code.[0m
[96m[RepairModule] Start repair for group: cannot find symbol | method decoderResult() cause: ['request.decoderResult', 'HttpRequest.decoderResult'][0m
[96m[RepairModule] Trying best diff #429 with score 5.00[0m
[96m[RepairModule] Found 10 diff combinations for annealing.[0m
[96m[RepairModule] Iteration 1, temperature 1.000: Trying diff #9 with score 1.00[0m
[LLMClient] Tokens used: 593 (prompt), 302 (completion), 895 (total)
[LLMClient] Prompt: 
You are given a Java test file with compilation errors in version 4.0.56.Final:io.netty:netty-codec-http.
This test file compiles and runs successfully in 4.1.0.Beta1.

The diff is related to the diff.
Your task has three steps:
 1. Locate the code where the compilation error occurs.
 2. Analyze the diff from 4.1.0.Beta1 to 4.0.56.Final.
 3. Fix the error in the error position only when diff is helpful. Add import statement when needed according to the diff. 

Only output the modified version of the test file according to the diff. No explanations. If mocking, access fields via reflection if they exist.
### Compilation Errors:
message: cannot find symbol, symble: method decoderResult(), location: variable request of type io.netty.handler.codec.http.HttpRequest

### Error Position:
        assertTrue(request.decoderResult().isFailure());

### Related Diff:
Operation: MODIFIED, File: all/pom.xml, Hunk: @@ -20,7 +20,7 @@
   <parent>
     <groupId>io.netty</groupId>
     <artifactId>netty-parent</artifactId>
+    <version>4.0.16.Final-SNAPSHOT</version>
-    <version>4.1.0.Beta1</version>
   </parent>

   <artifactId>netty-all</artifactId>

### Test File Content:
package edu.vision.se;

import io.netty.buffer.Unpooled;
import io.netty.channel.embedded.EmbeddedChannel;
import io.netty.handler.codec.http.HttpRequest;
import io.netty.handler.codec.http.HttpRequestDecoder;
import io.netty.util.CharsetUtil;
import org.junit.Test;

import static org.junit.Assert.assertFalse;
import static org.junit.Assert.assertTrue;

public class Testcase1 {
    @Test(timeout = 60000)
    public void testWhitespace() {
        EmbeddedChannel channel = new EmbeddedChannel(new HttpRequestDecoder());
        String requestStr = "GET /some/path HTTP/1.1\r\n" +
                "Transfer-Encoding : chunked\r\n" +
                "Host: netty.io\n\r\n";
        channel.writeInbound(Unpooled.copiedBuffer(requestStr, CharsetUtil.US_ASCII));
        validateReturnValue(channel);
    }

    public void validateReturnValue(EmbeddedChannel channel) {
        HttpRequest request = (HttpRequest) channel.readInbound();
        assertTrue(request.decoderResult().isFailure());
        assertTrue(request.decoderResult().cause() instanceof IllegalArgumentException);
        assertFalse(channel.finish());
    }
}



[LLMClient] Response: 
Here's the modified version of the test file according to the diff:

```java
package edu.vision.se;

import io.netty.buffer.Unpooled;
import io.netty.channel.embedded.EmbeddedChannel;
import io.netty.handler.codec.http.HttpMessage;
import io.netty.handler.codec.http.HttpRequest;
import io.netty.handler.codec.http.HttpRequestDecoder;
import io.netty.util.CharsetUtil;
import org.junit.Test;

import static org.junit.Assert.assertFalse;
import static org.junit.Assert.assertTrue;

public class Testcase1 {
    @Test(timeout = 60000)
    public void testWhitespace() {
        EmbeddedChannel channel = new EmbeddedChannel(new HttpRequestDecoder());
        String requestStr = "GET /some/path HTTP/1.1\r\n" +
                "Transfer-Encoding : chunked\r\n" +
                "Host: netty.io\n\r\n";
        channel.writeInbound(Unpooled.copiedBuffer(requestStr, CharsetUtil.US_ASCII));
        validateReturnValue(channel);
    }

    public void validateReturnValue(EmbeddedChannel channel) {
        HttpRequest request = (HttpRequest) channel.readInbound();
        assertTrue(((HttpMessage) request).decoderResult().isFailure());
        assertTrue(((HttpMessage) request).decoderResult().cause() instanceof IllegalArgumentException);
        assertFalse(channel.finish());
    }
}
```
[96m[RepairModule] Wrote modified code to /PoCAdaptation/exploit/result/CVE-2019-16869/4.0.56.Final/exploit/src/test/java/edu/vision/se/Testcase1.java[0m
[96m[Executor] Executing exploit for CVE-2019-16869 on version 4.0.56.Final...[0m
[96m[Verifier] Verifying reproduction...[0m
[91m[Verifier] âœ— Behavior not found: 'java.lang.AssertionError'[0m
[91m[Executor] Reproduction result: Failure[0m
[96m[ErrorManager] Ignoring line: [ERROR] Failed to execute goal org.apache.maven.plugins:maven-compiler-plugin:3.1:testCompile (default-testCompile) on project CVE-2019-16869: Compilation failure: Compilation failure:[0m
[92m[ErrorManager] Processing line: [ERROR] /PoCAdaptation/exploit/result/CVE-2019-16869/4.0.56.Final/exploit/src/test/java/edu/vision/se/Testcase1.java:[27,43] cannot find symbol[0m
[92m[ErrorManager] Processing line: [ERROR]   symbol:   method decoderResult()[0m
[92m[ErrorManager] Processing line: [ERROR]   location: interface io.netty.handler.codec.http.HttpMessage[0m
[92m[ErrorManager] Processing line: [ERROR] /PoCAdaptation/exploit/result/CVE-2019-16869/4.0.56.Final/exploit/src/test/java/edu/vision/se/Testcase1.java:[28,43] cannot find symbol[0m
[92m[ErrorManager] Processing line: [ERROR]   symbol:   method decoderResult()[0m
[92m[ErrorManager] Processing line: [ERROR]   location: interface io.netty.handler.codec.http.HttpMessage[0m
[96m[ErrorManager] Ignoring line: [ERROR] -> [Help 1][0m
[96m[ErrorManager] Ignoring line: [ERROR][0m
[96m[ErrorManager] Ignoring line: [ERROR] To see the full stack trace of the errors, re-run Maven with the -e switch.[0m
[96m[ErrorManager] Ignoring line: [ERROR] Re-run Maven using the -X switch to enable full debug logging.[0m
[96m[ErrorManager] Ignoring line: [ERROR][0m
[96m[ErrorManager] Ignoring line: [ERROR] For more information about the errors and possible solutions, please read the following articles:[0m
[96m[ErrorManager] Ignoring line: [ERROR] [Help 1] http://cwiki.apache.org/confluence/display/MAVEN/MojoFailureException[0m
[RepairModule] Old grouped keys: {'cannot find symbol | method decoderResult()'}
[RepairModule] New grouped keys: {'cannot find symbol | method decoderResult()'}
[92m[RepairModule] Error cannot find symbol resolved after applying diff.[0m
[92m[RepairModule] Repair success with diff #9 at iteration 1![0m
[96m[Adapter] Test code repair attempted.[0m
[96m[Executor] Executing exploit for CVE-2019-16869 on version 4.0.56.Final...[0m
[96m[Verifier] Verifying reproduction...[0m
[91m[Verifier] âœ— Behavior not found: 'java.lang.AssertionError'[0m
[91m[Executor] Reproduction result: Failure[0m
[96m[ErrorManager] Ignoring line: [ERROR] Failed to execute goal org.apache.maven.plugins:maven-compiler-plugin:3.1:testCompile (default-testCompile) on project CVE-2019-16869: Compilation failure: Compilation failure:[0m
[92m[ErrorManager] Processing line: [ERROR] /PoCAdaptation/exploit/result/CVE-2019-16869/4.0.56.Final/exploit/src/test/java/edu/vision/se/Testcase1.java:[27,43] cannot find symbol[0m
[92m[ErrorManager] Processing line: [ERROR]   symbol:   method decoderResult()[0m
[92m[ErrorManager] Processing line: [ERROR]   location: interface io.netty.handler.codec.http.HttpMessage[0m
[92m[ErrorManager] Processing line: [ERROR] /PoCAdaptation/exploit/result/CVE-2019-16869/4.0.56.Final/exploit/src/test/java/edu/vision/se/Testcase1.java:[28,43] cannot find symbol[0m
[92m[ErrorManager] Processing line: [ERROR]   symbol:   method decoderResult()[0m
[92m[ErrorManager] Processing line: [ERROR]   location: interface io.netty.handler.codec.http.HttpMessage[0m
[96m[ErrorManager] Ignoring line: [ERROR] -> [Help 1][0m
[96m[ErrorManager] Ignoring line: [ERROR][0m
[96m[ErrorManager] Ignoring line: [ERROR] To see the full stack trace of the errors, re-run Maven with the -e switch.[0m
[96m[ErrorManager] Ignoring line: [ERROR] Re-run Maven using the -X switch to enable full debug logging.[0m
[96m[ErrorManager] Ignoring line: [ERROR][0m
[96m[ErrorManager] Ignoring line: [ERROR] For more information about the errors and possible solutions, please read the following articles:[0m
[96m[ErrorManager] Ignoring line: [ERROR] [Help 1] http://cwiki.apache.org/confluence/display/MAVEN/MojoFailureException[0m
[96m[Adapter] Locating fix position in error log.[0m
[LLMClient] Tokens used: 1544 (prompt), 1 (completion), 1545 (total)
[LLMClient] Prompt: 
You are given a Java error log when executing 'mvn test' in a project with dependency version 4.0.56.Final:io.netty:netty-codec-http.
This test file compiles and runs successfully with version 4.1.0.Beta1.

Your task is to:
1. Analyze why this issue occurs with the *4.1.0.Beta1* but not with the *4.0.56.Final version*.
2. Consider how to resolve the issue **without updating this library**.
3. Determine and output the location in the project that should be modified to fix the problem.

Please return 'pom' if the fix is in the pom.xml file, or 'test' if the fix is in the test code.
Do not return any other text, just 'pom' or 'test'.

The error log is:
[INFO] Scanning for projects...
[INFO] 
[INFO] --------------------< edu.vision.se:CVE-2019-16869 >--------------------
[INFO] Building io.netty CVE-2019-16869 1.0-SNAPSHOT
[INFO]   from pom.xml
[INFO] --------------------------------[ jar ]---------------------------------
[INFO] 
[INFO] --- maven-clean-plugin:2.5:clean (default-clean) @ CVE-2019-16869 ---
[INFO] Deleting /PoCAdaptation/exploit/result/CVE-2019-16869/4.0.56.Final/exploit/target
[INFO] 
[INFO] --- maven-resources-plugin:2.6:resources (default-resources) @ CVE-2019-16869 ---
[INFO] Using 'UTF-8' encoding to copy filtered resources.
[INFO] skip non existing resourceDirectory /PoCAdaptation/exploit/result/CVE-2019-16869/4.0.56.Final/exploit/src/main/resources
[INFO] 
[INFO] --- maven-compiler-plugin:3.1:compile (default-compile) @ CVE-2019-16869 ---
[INFO] No sources to compile
[INFO] 
[INFO] --- maven-resources-plugin:2.6:testResources (default-testResources) @ CVE-2019-16869 ---
[INFO] Using 'UTF-8' encoding to copy filtered resources.
[INFO] skip non existing resourceDirectory /PoCAdaptation/exploit/result/CVE-2019-16869/4.0.56.Final/exploit/src/test/resources
[INFO] 
[INFO] --- maven-compiler-plugin:3.1:testCompile (default-testCompile) @ CVE-2019-16869 ---
[INFO] Changes detected - recompiling the module!
[INFO] Compiling 1 source file to /PoCAdaptation/exploit/result/CVE-2019-16869/4.0.56.Final/exploit/target/test-classes
[INFO] -------------------------------------------------------------
[ERROR] COMPILATION ERROR : 
[INFO] -------------------------------------------------------------
[ERROR] /PoCAdaptation/exploit/result/CVE-2019-16869/4.0.56.Final/exploit/src/test/java/edu/vision/se/Testcase1.java:[27,43] cannot find symbol
  symbol:   method decoderResult()
  location: interface io.netty.handler.codec.http.HttpMessage
[ERROR] /PoCAdaptation/exploit/result/CVE-2019-16869/4.0.56.Final/exploit/src/test/java/edu/vision/se/Testcase1.java:[28,43] cannot find symbol
  symbol:   method decoderResult()
  location: interface io.netty.handler.codec.http.HttpMessage
[INFO] 2 errors 
[INFO] -------------------------------------------------------------
[INFO] ------------------------------------------------------------------------
[INFO] BUILD FAILURE
[INFO] ------------------------------------------------------------------------
[INFO] Total time:  1.130 s
[INFO] Finished at: 2025-07-13T12:40:41Z
[INFO] ------------------------------------------------------------------------
[ERROR] Failed to execute goal org.apache.maven.plugins:maven-compiler-plugin:3.1:testCompile (default-testCompile) on project CVE-2019-16869: Compilation failure: Compilation failure: 
[ERROR] /PoCAdaptation/exploit/result/CVE-2019-16869/4.0.56.Final/exploit/src/test/java/edu/vision/se/Testcase1.java:[27,43] cannot find symbol
[ERROR]   symbol:   method decoderResult()
[ERROR]   location: interface io.netty.handler.codec.http.HttpMessage
[ERROR] /PoCAdaptation/exploit/result/CVE-2019-16869/4.0.56.Final/exploit/src/test/java/edu/vision/se/Testcase1.java:[28,43] cannot find symbol
[ERROR]   symbol:   method decoderResult()
[ERROR]   location: interface io.netty.handler.codec.http.HttpMessage
[ERROR] -> [Help 1]
[ERROR] 
[ERROR] To see the full stack trace of the errors, re-run Maven with the -e switch.
[ERROR] Re-run Maven using the -X switch to enable full debug logging.
[ERROR] 
[ERROR] For more information about the errors and possible solutions, please read the following articles:
[ERROR] [Help 1] http://cwiki.apache.org/confluence/display/MAVEN/MojoFailureException


current_pom file is:<?xml version='1.0' encoding='utf-8'?>
<project xmlns="http://maven.apache.org/POM/4.0.0" xmlns:xsi="http://www.w3.org/2001/XMLSchema-instance" xsi:schemaLocation="http://maven.apache.org/POM/4.0.0 https://maven.apache.org/xsd/maven-4.0.0.xsd">
  <groupId>edu.vision.se</groupId><version>1.0-SNAPSHOT</version><modelVersion>4.0.0</modelVersion>
  <artifactId>CVE-2019-16869</artifactId>
  <name>io.netty CVE-2019-16869</name>
   <properties>
    <maven.compiler.target>11</maven.compiler.target>
    <maven.compiler.source>11</maven.compiler.source>
    <project.build.sourceEncoding>UTF-8</project.build.sourceEncoding>
  </properties>
  
  <dependencies>
    <dependency>
      <groupId>io.netty</groupId>
      <artifactId>netty-codec-http</artifactId>
      <version>4.0.56.Final</version>
    </dependency>


  <dependency><groupId>junit</groupId><artifactId>junit</artifactId><version>4.13.2</version></dependency>
  
  </dependencies>
</project>
[LLMClient] Response: 
test
[96m[Adapter] LLM response for fix position: test[0m
[LLMClient] Tokens used: 151 (prompt), 6 (completion), 157 (total)
[LLMClient] Prompt: 
You are given an error log when executing 'mvn test' in version 4.0.56.Final: 

Error: cannot find symbol, method decoderResult(), interface io.netty.handler.codec.http.HttpMessage 

The test executes as expected in 4.1.0.Beta1 

Error code:         assertTrue(((HttpMessage) request).decoderResult().isFailure()); 

Extract two key *entities* from the error for searching related diffs 

The extracted entities should reflect code-level identifiers that are likely to appear in source code or diffs. 

Output each node as a `;`-separated list, with no explanations. 


[LLMClient] Response: 
HttpMessage;decoderResult
[96m[ErrorManager] Extracted key entities: ['HttpMessage', 'decoderResult'][0m
[96m[Adapter] Try to solve error: {'file': '/PoCAdaptation/exploit/result/CVE-2019-16869/4.0.56.Final/exploit/src/test/java/edu/vision/se/Testcase1.java', 'line': 27, 'column': 43, 'message': 'cannot find symbol', 'symbol': 'method decoderResult()', 'location': 'interface io.netty.handler.codec.http.HttpMessage', 'code_line': '        assertTrue(((HttpMessage) request).decoderResult().isFailure());'} with cause: ['HttpMessage', 'decoderResult'][0m
[LLMClient] Tokens used: 174 (prompt), 6 (completion), 180 (total)
[LLMClient] Prompt: 
You are given an error log when executing 'mvn test' in version 4.0.56.Final: 

Error: cannot find symbol, method decoderResult(), interface io.netty.handler.codec.http.HttpMessage 

The test executes as expected in 4.1.0.Beta1 

Error code:         assertTrue(((HttpMessage) request).decoderResult().isFailure()); 

Extract two key *entities* from the error for searching related diffs 

The extracted entities should reflect code-level identifiers that are likely to appear in source code or diffs. 

Current cause: ['HttpMessage', 'decoderResult'] 

 failed to catch, try simpler or other entities.

Output each node as a `;`-separated list, with no explanations. 


[LLMClient] Response: 
HttpMessage;decoderResult
[96m[ErrorManager] Extracted key entities: ['HttpMessage', 'decoderResult'][0m
[96m[Adapter] Related diffs for error: [(296, 10.0), (202, 5.0), (231, 5.0), (235, 5.0), (238, 5.0)][0m
[96m[Adapter] Fix position is in test code.[0m
[96m[RepairModule] Start repair for group: cannot find symbol | method decoderResult() cause: ['HttpMessage', 'decoderResult'][0m
[96m[RepairModule] Trying best diff #296 with score 10.00[0m
[96m[RepairModule] Found 10 diff combinations for annealing.[0m
[96m[RepairModule] Iteration 1, temperature 1.000: Trying diff #(296, 238) with score 7.50[0m
[LLMClient] Tokens used: 1718 (prompt), 302 (completion), 2020 (total)
[LLMClient] Prompt: 
You are given a Java test file with compilation errors in version 4.0.56.Final:io.netty:netty-codec-http.
This test file compiles and runs successfully in 4.1.0.Beta1.

The diff is related to the diff.
Your task has three steps:
 1. Locate the code where the compilation error occurs.
 2. Analyze the diff from 4.1.0.Beta1 to 4.0.56.Final.
 3. Fix the error in the error position only when diff is helpful. Add import statement when needed according to the diff. 

Only output the modified version of the test file according to the diff. No explanations. If mocking, access fields via reflection if they exist.
### Compilation Errors:
message: cannot find symbol, symble: method decoderResult(), location: interface io.netty.handler.codec.http.HttpMessage

### Error Position:
        assertTrue(((HttpMessage) request).decoderResult().isFailure());

### Related Diff:
Operation: MODIFIED, File: codec-http/src/main/java/io/netty/handler/codec/http/HttpObjectAggregator.java, Hunk: @@ -65,186 +66,125 @@ public class HttpObjectAggregator extends MessageToMessageDecoder<HttpObject> {
      * @param maxContentLength
      *        the maximum length of the aggregated content.
      *        If the length of the aggregated content exceeds this value,
+     *        a {@link TooLongFrameException} will be raised.
-     *        {@link #handleOversizedMessage(ChannelHandlerContext, HttpMessage)}
-     *        will be called.
      */
     public HttpObjectAggregator(int maxContentLength) {
+        if (maxContentLength <= 0) {
+            throw new IllegalArgumentException(
+                    "maxContentLength must be a positive integer: " +
+                    maxContentLength);
+        }
+        this.maxContentLength = maxContentLength;
-        super(maxContentLength);
     }

+    /**
+     * Returns the maximum number of components in the cumulation buffer.  If the number of
+     * the components in the cumulation buffer exceeds this value, the components of the
+     * cumulation buffer are consolidated into a single component, involving memory copies.
+     * The default value of this property is {@link #DEFAULT_MAX_COMPOSITEBUFFER_COMPONENTS}.
+     */
+    public final int getMaxCumulationBufferComponents() {
+        return maxCumulationBufferComponents;
-    @Override
-    protected boolean isStartMessage(HttpObject msg) throws Exception {
-        return msg instanceof HttpMessage;
     }

+    /**
+     * Sets the maximum number of components in the cumulation buffer.  If the number of
+     * the components in the cumulation buffer exceeds this value, the components of the
+     * cumulation buffer are consolidated into a single component, involving memory copies.
+     * The default value of this property is {@link #DEFAULT_MAX_COMPOSITEBUFFER_COMPONENTS}
+     * and its minimum allowed value is {@code 2}.
+     */
+    public final void setMaxCumulationBufferComponents(int maxCumulationBufferComponents) {
+        if (maxCumulationBufferComponents < 2) {
+            throw new IllegalArgumentException(
+                    "maxCumulationBufferComponents: " + maxCumulationBufferComponents +
+                    " (expected: >= 2)");
+        }
+
+        if (ctx == null) {
+            this.maxCumulationBufferComponents = maxCumulationBufferComponents;
+        } else {
+            throw new IllegalStateException(
+                    "decoder properties cannot be changed once the decoder is added to a pipeline.");
+        }
-    @Override
-    protected boolean isContentMessage(HttpObject msg) throws Exception {
-        return msg instanceof HttpContent;
     }

     @Override
+    protected void decode(final ChannelHandlerContext ctx, HttpObject msg, List<Object> out) throws Exception {
+        FullHttpMessage currentMessage = this.currentMessage;
+
+        if (msg instanceof HttpMessage) {
+            tooLongFrameFound = false;
+            assert currentMessage == null;
+
+            HttpMessage m = (HttpMessage) msg;
+
+            // Handle the 'Expect: 100-continue' header if necessary.
+            // TODO: Respond with 413 Request Entity Too Large
+            //   and discard the traffic or close the connection.
+            //       No need to notify the upstream handlers - just log.
+            //       If decoding a response, just throw an exception.
+            if (is100ContinueExpected(m)) {
+                ctx.writeAndFlush(CONTINUE).addListener(new ChannelFutureListener() {
+                    @Override
+                    public void operationComplete(ChannelFuture future) throws Exception {
+                        if (!future.isSuccess()) {
+                            ctx.fireExceptionCaught(future.cause());
+                        }
+                    }
+                });
+            }
+
+            if (!m.getDecoderResult().isSuccess()) {
+                removeTransferEncodingChunked(m);
+                this.currentMessage = null;
+                out.add(ReferenceCountUtil.retain(m));
+                return;
+            }
+            if (msg instanceof HttpRequest) {
+                HttpRequest header = (HttpRequest) msg;
+                this.currentMessage = currentMessage = new DefaultFullHttpRequest(header.getProtocolVersion(),
+                        header.getMethod(), header.getUri(), Unpooled.compositeBuffer(maxCumulationBufferComponents));
+            } else if (msg instanceof HttpResponse) {
+                HttpResponse header = (HttpResponse) msg;
+                this.currentMessage = currentMessage = new DefaultFullHttpResponse(
+                        header.getProtocolVersion(), header.getStatus(),
+                        Unpooled.compositeBuffer(maxCumulationBufferComponents));
+            } else {
+                throw new Error();
+            }
+
Operation: MODIFIED, File: codec-http/src/main/java/io/netty/handler/codec/http/DefaultHttpObject.java, Hunk: @@ -26,10 +26,16 @@ protected DefaultHttpObject() {
     }

     @Override
+    public DecoderResult getDecoderResult() {
-    public DecoderResult decoderResult() {
         return decoderResult;
     }

-    @Override
-    @Deprecated
-    public DecoderResult getDecoderResult() {
-        return decoderResult();
-    }
-
     @Override
     public void setDecoderResult(DecoderResult decoderResult) {
         if (decoderResult == null) {

### Test File Content:
package edu.vision.se;

import io.netty.buffer.Unpooled;
import io.netty.channel.embedded.EmbeddedChannel;
import io.netty.handler.codec.http.HttpMessage;
import io.netty.handler.codec.http.HttpRequest;
import io.netty.handler.codec.http.HttpRequestDecoder;
import io.netty.util.CharsetUtil;
import org.junit.Test;

import static org.junit.Assert.assertFalse;
import static org.junit.Assert.assertTrue;

public class Testcase1 {
    @Test(timeout = 60000)
    public void testWhitespace() {
        EmbeddedChannel channel = new EmbeddedChannel(new HttpRequestDecoder());
        String requestStr = "GET /some/path HTTP/1.1\r\n" +
                "Transfer-Encoding : chunked\r\n" +
                "Host: netty.io\n\r\n";
        channel.writeInbound(Unpooled.copiedBuffer(requestStr, CharsetUtil.US_ASCII));
        validateReturnValue(channel);
    }

    public void validateReturnValue(EmbeddedChannel channel) {
        HttpRequest request = (HttpRequest) channel.readInbound();
        assertTrue(((HttpMessage) request).decoderResult().isFailure());
        assertTrue(((HttpMessage) request).decoderResult().cause() instanceof IllegalArgumentException);
        assertFalse(channel.finish());
    }
}



[LLMClient] Response: 
Here's the modified test file with the fix based on the diff:

```java
package edu.vision.se;

import io.netty.buffer.Unpooled;
import io.netty.channel.embedded.EmbeddedChannel;
import io.netty.handler.codec.http.HttpMessage;
import io.netty.handler.codec.http.HttpRequest;
import io.netty.handler.codec.http.HttpRequestDecoder;
import io.netty.util.CharsetUtil;
import org.junit.Test;

import static org.junit.Assert.assertFalse;
import static org.junit.Assert.assertTrue;

public class Testcase1 {
    @Test(timeout = 60000)
    public void testWhitespace() {
        EmbeddedChannel channel = new EmbeddedChannel(new HttpRequestDecoder());
        String requestStr = "GET /some/path HTTP/1.1\r\n" +
                "Transfer-Encoding : chunked\r\n" +
                "Host: netty.io\n\r\n";
        channel.writeInbound(Unpooled.copiedBuffer(requestStr, CharsetUtil.US_ASCII));
        validateReturnValue(channel);
    }

    public void validateReturnValue(EmbeddedChannel channel) {
        HttpRequest request = (HttpRequest) channel.readInbound();
        assertTrue(((HttpMessage) request).getDecoderResult().isFailure());
        assertTrue(((HttpMessage) request).getDecoderResult().cause() instanceof IllegalArgumentException);
        assertFalse(channel.finish());
    }
}
```
[96m[RepairModule] Wrote modified code to /PoCAdaptation/exploit/result/CVE-2019-16869/4.0.56.Final/exploit/src/test/java/edu/vision/se/Testcase1.java[0m
[96m[Executor] Executing exploit for CVE-2019-16869 on version 4.0.56.Final...[0m
[96m[Verifier] Verifying reproduction...[0m
[92m[Verifier] âœ“ Behavior matched: 'java.lang.AssertionError'[0m
[92m[Verifier] âœ“ Detail matched: 'org.junit.Assert.fail'[0m
[92m[Verifier] âœ“ All reproduction indicators matched.[0m
[92m[Executor] Reproduction result: Success[0m
[92m[RepairModule] Repair success![0m
[92m[RepairModule] Repair success with diff #(296, 238) at iteration 1![0m
[96m[Adapter] Test code repair attempted.[0m
[96m[Executor] Executing exploit for CVE-2019-16869 on version 4.0.56.Final...[0m
[96m[Verifier] Verifying reproduction...[0m
[92m[Verifier] âœ“ Behavior matched: 'java.lang.AssertionError'[0m
[92m[Verifier] âœ“ Detail matched: 'org.junit.Assert.fail'[0m
[92m[Verifier] âœ“ All reproduction indicators matched.[0m
[92m[Executor] Reproduction result: Success[0m
[92m[Adapter] Adaptation from 4.1.0.Beta1 to 4.0.56.Final successful.[0m
[Adapt] âœ“ Completed: True
[96m[Adapter] Adaptation complete. Retesting exploit on 4.0.56.Final...[0m
[92m[Executor] Adaptation + reproduction successful on 4.0.56.Final[0m
[96m[Adapter] Copied successful adaptation to /PoCAdaptation/exploit/valid/CVE-2019-16869/4.0.56.Final[0m
[1m[Main] === Starting adaptation process for CVE-2019-16869 ===[0m
[96m[Processor] Fetching all available Maven versions...[0m
[96m[Analyzer] Loading cached versions from: /PoCAdaptation/library/io_netty_netty-codec-http.txt[0m
[96m[Analyzer] io.netty:netty-codec-http has 231 versions (cached).[0m
[96m[Processor] Identifying versions with successful reproduction...[0m
[96m[Processor] Pending versions: ['4.0.0.Beta1', '4.0.0.Beta2', '4.0.0.Beta3', '4.0.0.CR1', '4.0.0.CR2', '4.0.0.CR3', '4.0.0.CR4', '4.0.0.CR5', '4.0.0.CR6', '4.0.0.CR7', '4.0.0.CR8', '4.0.0.CR9', '4.0.0.Final', '4.0.1.Final', '4.0.2.Final', '4.0.3.Final', '4.0.4.Final', '4.0.5.Final', '4.0.6.Final', '4.0.7.Final', '4.0.8.Final', '4.0.9.Final', '4.0.10.Final', '4.0.11.Final', '4.0.12.Final', '4.0.13.Final', '4.0.14.Beta1', '4.0.14.Final', '4.0.15.Final', '4.0.16.Final', '4.0.17.Final', '4.0.18.Final', '4.0.19.Final', '4.0.20.Final', '4.0.21.Final', '4.0.22.Final', '4.0.23.Final', '4.0.24.Final', '4.0.25.Final', '4.0.26.Final', '4.0.27.Final', '4.0.28.Final', '4.0.29.Final', '4.0.30.Final', '4.0.31.Final', '4.0.32.Final', '4.0.33.Final', '4.0.34.Final', '4.0.35.Final', '4.0.36.Final', '4.0.37.Final', '4.0.38.Final', '4.0.39.Final', '4.0.40.Final', '4.0.41.Final', '4.0.42.Final', '4.0.43.Final', '4.0.44.Final', '4.0.45.Final', '4.0.46.Final', '4.0.47.Final', '4.0.48.Final', '4.0.49.Final', '4.0.50.Final', '4.0.51.Final', '4.0.52.Final', '4.0.53.Final', '4.0.54.Final', '4.0.55.Final', '4.0.56.Final', '5.0.0.Alpha1'][0m
[96m[Preparer] Pending directory already exists: /PoCAdaptation/exploit/pending/CVE-2019-16869[0m
[92m[Main] Total affected versions: 131[0m
[92m[Main] Already reproduced versions: 125[0m
[93m[Main] Versions pending adaptation: 6[0m
[96m[Main]     -> ['4.0.0.Beta1', '4.0.0.Beta2', '4.0.0.Beta3', '4.0.0.CR1', '4.0.0.CR2', '4.0.0.CR3'][0m
[96m[Main]     -> ['4.0.0.CR4', '4.0.0.CR5', '4.0.0.CR6', '4.0.0.CR7', '4.0.0.CR8', '4.0.0.CR9', '4.0.0.Final', '4.0.1.Final', '4.0.2.Final', '4.0.3.Final', '4.0.4.Final', '4.0.5.Final', '4.0.6.Final', '4.0.7.Final', '4.0.8.Final', '4.0.9.Final', '4.0.10.Final', '4.0.11.Final', '4.0.12.Final', '4.0.13.Final', '4.0.14.Beta1', '4.0.14.Final', '4.0.15.Final', '4.0.16.Final', '4.0.17.Final', '4.0.18.Final', '4.0.19.Final', '4.0.20.Final', '4.0.21.Final', '4.0.22.Final', '4.0.23.Final', '4.0.24.Final', '4.0.25.Final', '4.0.26.Final', '4.0.27.Final', '4.0.28.Final', '4.0.29.Final', '4.0.30.Final', '4.0.31.Final', '4.0.32.Final', '4.0.33.Final', '4.0.34.Final', '4.0.35.Final', '4.0.36.Final', '4.0.37.Final', '4.0.38.Final', '4.0.39.Final', '4.0.40.Final', '4.0.41.Final', '4.0.42.Final', '4.0.43.Final', '4.0.44.Final', '4.0.45.Final', '4.0.46.Final', '4.0.47.Final', '4.0.48.Final', '4.0.49.Final', '4.0.50.Final', '4.0.51.Final', '4.0.52.Final', '4.0.53.Final', '4.0.54.Final', '4.0.55.Final', '4.0.56.Final', '4.1.0.Beta1', '4.1.0.Beta2', '4.1.0.Beta3', '4.1.0.Beta4', '4.1.0.Beta5', '4.1.0.Beta6', '4.1.0.Beta7', '4.1.0.Beta8', '4.1.0.CR1', '4.1.0.CR2', '4.1.0.CR3', '4.1.0.CR4', '4.1.0.CR5', '4.1.0.CR6', '4.1.0.CR7', '4.1.0.Final', '4.1.1.Final', '4.1.2.Final', '4.1.3.Final', '4.1.4.Final', '4.1.5.Final', '4.1.6.Final', '4.1.7.Final', '4.1.8.Final', '4.1.9.Final', '4.1.10.Final', '4.1.11.Final', '4.1.12.Final', '4.1.13.Final', '4.1.14.Final', '4.1.15.Final', '4.1.16.Final', '4.1.17.Final', '4.1.18.Final', '4.1.19.Final', '4.1.20.Final', '4.1.21.Final', '4.1.22.Final', '4.1.23.Final', '4.1.24.Final', '4.1.25.Final', '4.1.26.Final', '4.1.27.Final', '4.1.28.Final', '4.1.29.Final', '4.1.30.Final', '4.1.31.Final', '4.1.32.Final', '4.1.33.Final', '4.1.34.Final', '4.1.35.Final', '4.1.36.Final', '4.1.37.Final', '4.1.38.Final', '4.1.39.Final', '4.1.40.Final', '4.1.41.Final', '4.1.42.Final', '4.1.43.Final', '5.0.0.Alpha1', '5.0.0.Alpha2'][0m
[96m[Executor] Running initial exploit mvn test in /PoCAdaptation/exploit/origin/CVE-2019-16869/exploit[0m
[91m[Executor] Initial exploit execution finished with return code 1[0m
[96m[Verifier] Verifying reproduction...[0m
[92m[Verifier] âœ“ Behavior matched: 'java.lang.AssertionError'[0m
[92m[Verifier] âœ“ Detail matched: 'org.junit.Assert.fail'[0m
[92m[Verifier] âœ“ All reproduction indicators matched.[0m
[92m[Verifier] Initial exploit behavior verified successfully.[0m
[96m[Selector] Nearest need adapatation version selected: 4.0.0.CR3[0m
[96m[Selector] Closest reproduced version: 4.0.0.CR4 at index 14[0m
[96m[Adapter] Trying next closest version: 4.0.0.CR3[0m
[96m[Preparer] Using closest existing exploit version: /PoCAdaptation/exploit/valid/CVE-2019-16869/4.0.56.Final/exploit[0m
[92m[Preparer] Copied exploit to: /PoCAdaptation/exploit/pending/CVE-2019-16869/4.0.0.CR3/exploit[0m
[96m[Preparer] Updating dependency version to 4.0.0.CR3 in /PoCAdaptation/exploit/pending/CVE-2019-16869/4.0.0.CR3/exploit/pom.xml[0m
[92m[Preparer] Updated dependency version to 4.0.0.CR3 in /PoCAdaptation/exploit/pending/CVE-2019-16869/4.0.0.CR3/exploit/pom.xml[0m
[96m[Executor] Attempting direct exploit execution on 4.0.0.CR3...[0m
[96m[Executor] Executing exploit for CVE-2019-16869 on version 4.0.0.CR3...[0m
[96m[Verifier] Verifying reproduction...[0m
[91m[Verifier] âœ— Behavior not found: 'java.lang.AssertionError'[0m
[91m[Executor] Reproduction result: Failure[0m
[96m[Adapter] Attempting adaptation from base version 4.0.0.CR4 to 4.0.0.CR3...[0m
[96m[Adapter] Start adapting exploit from 4.0.0.CR4 to 4.0.0.CR3"[0m
[96m[Executor] Executing exploit for CVE-2019-16869 on version 4.0.0.CR3...[0m
[96m[Verifier] Verifying reproduction...[0m
[91m[Verifier] âœ— Behavior not found: 'java.lang.AssertionError'[0m
[91m[Executor] Reproduction result: Failure[0m
[96m[ErrorManager] Ignoring line: [ERROR] Failed to execute goal org.apache.maven.plugins:maven-compiler-plugin:3.1:testCompile (default-testCompile) on project CVE-2019-16869: Compilation failure: Compilation failure:[0m
[92m[ErrorManager] Processing line: [ERROR] /PoCAdaptation/exploit/result/CVE-2019-16869/4.0.0.CR3/exploit/src/test/java/edu/vision/se/Testcase1.java:[4,33] cannot find symbol[0m
[92m[ErrorManager] Processing line: [ERROR]   symbol:   class EmbeddedChannel[0m
[92m[ErrorManager] Processing line: [ERROR]   location: package io.netty.channel.embedded[0m
[92m[ErrorManager] Processing line: [ERROR] /PoCAdaptation/exploit/result/CVE-2019-16869/4.0.0.CR3/exploit/src/test/java/edu/vision/se/Testcase1.java:[25,37] cannot find symbol[0m
[92m[ErrorManager] Processing line: [ERROR]   symbol:   class EmbeddedChannel[0m
[92m[ErrorManager] Processing line: [ERROR]   location: class edu.vision.se.Testcase1[0m
[92m[ErrorManager] Processing line: [ERROR] /PoCAdaptation/exploit/result/CVE-2019-16869/4.0.0.CR3/exploit/src/test/java/edu/vision/se/Testcase1.java:[17,9] cannot find symbol[0m
[92m[ErrorManager] Processing line: [ERROR]   symbol:   class EmbeddedChannel[0m
[92m[ErrorManager] Processing line: [ERROR]   location: class edu.vision.se.Testcase1[0m
[92m[ErrorManager] Processing line: [ERROR] /PoCAdaptation/exploit/result/CVE-2019-16869/4.0.0.CR3/exploit/src/test/java/edu/vision/se/Testcase1.java:[17,39] cannot find symbol[0m
[92m[ErrorManager] Processing line: [ERROR]   symbol:   class EmbeddedChannel[0m
[92m[ErrorManager] Processing line: [ERROR]   location: class edu.vision.se.Testcase1[0m
[96m[ErrorManager] Ignoring line: [ERROR] -> [Help 1][0m
[96m[ErrorManager] Ignoring line: [ERROR][0m
[96m[ErrorManager] Ignoring line: [ERROR] To see the full stack trace of the errors, re-run Maven with the -e switch.[0m
[96m[ErrorManager] Ignoring line: [ERROR] Re-run Maven using the -X switch to enable full debug logging.[0m
[96m[ErrorManager] Ignoring line: [ERROR][0m
[96m[ErrorManager] Ignoring line: [ERROR] For more information about the errors and possible solutions, please read the following articles:[0m
[96m[ErrorManager] Ignoring line: [ERROR] [Help 1] http://cwiki.apache.org/confluence/display/MAVEN/MojoFailureException[0m
[96m[Adapter] Locating fix position in error log.[0m
[LLMClient] Tokens used: 1855 (prompt), 2 (completion), 1857 (total)
[LLMClient] Prompt: 
You are given a Java error log when executing 'mvn test' in a project with dependency version 4.0.0.CR3:io.netty:netty-codec-http.
This test file compiles and runs successfully with version 4.0.0.CR4.

Your task is to:
1. Analyze why this issue occurs with the *4.0.0.CR4* but not with the *4.0.0.CR3 version*.
2. Consider how to resolve the issue **without updating this library**.
3. Determine and output the location in the project that should be modified to fix the problem.

Please return 'pom' if the fix is in the pom.xml file, or 'test' if the fix is in the test code.
Do not return any other text, just 'pom' or 'test'.

The error log is:
[INFO] Scanning for projects...
[INFO] 
[INFO] --------------------< edu.vision.se:CVE-2019-16869 >--------------------
[INFO] Building io.netty CVE-2019-16869 1.0-SNAPSHOT
[INFO]   from pom.xml
[INFO] --------------------------------[ jar ]---------------------------------
[INFO] 
[INFO] --- maven-clean-plugin:2.5:clean (default-clean) @ CVE-2019-16869 ---
[INFO] Deleting /PoCAdaptation/exploit/result/CVE-2019-16869/4.0.0.CR3/exploit/target
[INFO] 
[INFO] --- maven-resources-plugin:2.6:resources (default-resources) @ CVE-2019-16869 ---
[INFO] Using 'UTF-8' encoding to copy filtered resources.
[INFO] skip non existing resourceDirectory /PoCAdaptation/exploit/result/CVE-2019-16869/4.0.0.CR3/exploit/src/main/resources
[INFO] 
[INFO] --- maven-compiler-plugin:3.1:compile (default-compile) @ CVE-2019-16869 ---
[INFO] No sources to compile
[INFO] 
[INFO] --- maven-resources-plugin:2.6:testResources (default-testResources) @ CVE-2019-16869 ---
[INFO] Using 'UTF-8' encoding to copy filtered resources.
[INFO] skip non existing resourceDirectory /PoCAdaptation/exploit/result/CVE-2019-16869/4.0.0.CR3/exploit/src/test/resources
[INFO] 
[INFO] --- maven-compiler-plugin:3.1:testCompile (default-testCompile) @ CVE-2019-16869 ---
[INFO] Changes detected - recompiling the module!
[INFO] Compiling 1 source file to /PoCAdaptation/exploit/result/CVE-2019-16869/4.0.0.CR3/exploit/target/test-classes
[INFO] -------------------------------------------------------------
[ERROR] COMPILATION ERROR : 
[INFO] -------------------------------------------------------------
[ERROR] /PoCAdaptation/exploit/result/CVE-2019-16869/4.0.0.CR3/exploit/src/test/java/edu/vision/se/Testcase1.java:[4,33] cannot find symbol
  symbol:   class EmbeddedChannel
  location: package io.netty.channel.embedded
[ERROR] /PoCAdaptation/exploit/result/CVE-2019-16869/4.0.0.CR3/exploit/src/test/java/edu/vision/se/Testcase1.java:[25,37] cannot find symbol
  symbol:   class EmbeddedChannel
  location: class edu.vision.se.Testcase1
[ERROR] /PoCAdaptation/exploit/result/CVE-2019-16869/4.0.0.CR3/exploit/src/test/java/edu/vision/se/Testcase1.java:[17,9] cannot find symbol
  symbol:   class EmbeddedChannel
  location: class edu.vision.se.Testcase1
[ERROR] /PoCAdaptation/exploit/result/CVE-2019-16869/4.0.0.CR3/exploit/src/test/java/edu/vision/se/Testcase1.java:[17,39] cannot find symbol
  symbol:   class EmbeddedChannel
  location: class edu.vision.se.Testcase1
[INFO] 4 errors 
[INFO] -------------------------------------------------------------
[INFO] ------------------------------------------------------------------------
[INFO] BUILD FAILURE
[INFO] ------------------------------------------------------------------------
[INFO] Total time:  1.034 s
[INFO] Finished at: 2025-07-13T12:41:24Z
[INFO] ------------------------------------------------------------------------
[ERROR] Failed to execute goal org.apache.maven.plugins:maven-compiler-plugin:3.1:testCompile (default-testCompile) on project CVE-2019-16869: Compilation failure: Compilation failure: 
[ERROR] /PoCAdaptation/exploit/result/CVE-2019-16869/4.0.0.CR3/exploit/src/test/java/edu/vision/se/Testcase1.java:[4,33] cannot find symbol
[ERROR]   symbol:   class EmbeddedChannel
[ERROR]   location: package io.netty.channel.embedded
[ERROR] /PoCAdaptation/exploit/result/CVE-2019-16869/4.0.0.CR3/exploit/src/test/java/edu/vision/se/Testcase1.java:[25,37] cannot find symbol
[ERROR]   symbol:   class EmbeddedChannel
[ERROR]   location: class edu.vision.se.Testcase1
[ERROR] /PoCAdaptation/exploit/result/CVE-2019-16869/4.0.0.CR3/exploit/src/test/java/edu/vision/se/Testcase1.java:[17,9] cannot find symbol
[ERROR]   symbol:   class EmbeddedChannel
[ERROR]   location: class edu.vision.se.Testcase1
[ERROR] /PoCAdaptation/exploit/result/CVE-2019-16869/4.0.0.CR3/exploit/src/test/java/edu/vision/se/Testcase1.java:[17,39] cannot find symbol
[ERROR]   symbol:   class EmbeddedChannel
[ERROR]   location: class edu.vision.se.Testcase1
[ERROR] -> [Help 1]
[ERROR] 
[ERROR] To see the full stack trace of the errors, re-run Maven with the -e switch.
[ERROR] Re-run Maven using the -X switch to enable full debug logging.
[ERROR] 
[ERROR] For more information about the errors and possible solutions, please read the following articles:
[ERROR] [Help 1] http://cwiki.apache.org/confluence/display/MAVEN/MojoFailureException


current_pom file is:<?xml version='1.0' encoding='utf-8'?>
<project xmlns="http://maven.apache.org/POM/4.0.0" xmlns:xsi="http://www.w3.org/2001/XMLSchema-instance" xsi:schemaLocation="http://maven.apache.org/POM/4.0.0 https://maven.apache.org/xsd/maven-4.0.0.xsd">
  <groupId>edu.vision.se</groupId><version>1.0-SNAPSHOT</version><modelVersion>4.0.0</modelVersion>
  <artifactId>CVE-2019-16869</artifactId>
  <name>io.netty CVE-2019-16869</name>
   <properties>
    <maven.compiler.target>11</maven.compiler.target>
    <maven.compiler.source>11</maven.compiler.source>
    <project.build.sourceEncoding>UTF-8</project.build.sourceEncoding>
  </properties>
  
  <dependencies>
    <dependency>
      <groupId>io.netty</groupId>
      <artifactId>netty-codec-http</artifactId>
      <version>4.0.0.CR3</version>
    </dependency>


  <dependency><groupId>junit</groupId><artifactId>junit</artifactId><version>4.13.2</version></dependency>
  
  </dependencies>
</project>
[LLMClient] Response: 
pom
[96m[Adapter] LLM response for fix position: pom[0m
[96m[Adapter] Fix position is in pom.xml.[0m
[LLMClient] Tokens used: 146 (prompt), 11 (completion), 157 (total)
[LLMClient] Prompt: 
You are given an error log when executing 'mvn test' in version 4.0.0.CR3: 

Error: cannot find symbol, class EmbeddedChannel, package io.netty.channel.embedded 

The test executes as expected in 4.0.0.CR4 

Error code: import io.netty.channel.embedded.EmbeddedChannel; 

Extract two key *entities* from the error for searching related diffs 

The extracted entities should reflect code-level identifiers that are likely to appear in source code or diffs. 

Output each node as a `;`-separated list, with no explanations. 


[LLMClient] Response: 
EmbeddedChannel;io.netty.channel.embedded
[96m[ErrorManager] Extracted key entities: ['EmbeddedChannel', 'io.netty.channel.embedded'][0m
[96m[RepairModule] Start repair[0m
[96m[RepairModule] Iteration 1, temperature 1.000: Trying diff #138 with score 10.00[0m
[LLMClient] Tokens used: 2142 (prompt), 226 (completion), 2368 (total)
[LLMClient] Prompt: 
You are given an error when executing test in in 4.0.0.CR3:io.netty:netty-codec-http
This test file compiles and runs successfully in 4.0.0.CR4.

Related diff is Operation: MODIFIED, File: codec-http/src/main/java/io/netty/handler/codec/http/HttpContentDecoder.java, Hunk: @@ -15,21 +15,19 @@
  */
 package io.netty.handler.codec.http;

-import io.netty.buffer.BufUtil;
 import io.netty.buffer.ByteBuf;
 import io.netty.buffer.ByteBufHolder;
-import io.netty.buffer.MessageBuf;
+import io.netty.buffer.ByteBufUtil;
 import io.netty.buffer.Unpooled;
 import io.netty.channel.ChannelHandlerContext;
-import io.netty.channel.embedded.EmbeddedByteChannel;
+import io.netty.channel.MessageList;
+import io.netty.channel.embedded.EmbeddedChannel;
 import io.netty.handler.codec.MessageToMessageDecoder;

-import java.util.Collections;
-
 /**
  * Decodes the content of the received {@link HttpRequest} and {@link HttpContent}.
  * The original content is replaced with the new content decoded by the
- * {@link EmbeddedByteChannel}, which is created by {@link #newContentDecoder(String)}.
+ * {@link EmbeddedChannel}, which is created by {@link #newContentDecoder(String)}.
  * Once decoding is finished, the value of the <tt>'Content-Encoding'</tt>
  * header is set to the target content encoding, as returned by {@link #getTargetContentEncoding(String)}.
  * Also, the <tt>'Content-Length'</tt> header is updated to the length of the

You are NOT allowed to change the version of the dependency io.netty:netty-codec-http.
Your task is to solve the problem by changing the pom file of the project
Current pom file is <?xml version='1.0' encoding='utf-8'?>
<project xmlns="http://maven.apache.org/POM/4.0.0" xmlns:xsi="http://www.w3.org/2001/XMLSchema-instance" xsi:schemaLocation="http://maven.apache.org/POM/4.0.0 https://maven.apache.org/xsd/maven-4.0.0.xsd">
  <groupId>edu.vision.se</groupId><version>1.0-SNAPSHOT</version><modelVersion>4.0.0</modelVersion>
  <artifactId>CVE-2019-16869</artifactId>
  <name>io.netty CVE-2019-16869</name>
   <properties>
    <maven.compiler.target>11</maven.compiler.target>
    <maven.compiler.source>11</maven.compiler.source>
    <project.build.sourceEncoding>UTF-8</project.build.sourceEncoding>
  </properties>
  
  <dependencies>
    <dependency>
      <groupId>io.netty</groupId>
      <artifactId>netty-codec-http</artifactId>
      <version>4.0.0.CR3</version>
    </dependency>


  <dependency><groupId>junit</groupId><artifactId>junit</artifactId><version>4.13.2</version></dependency>
  
  </dependencies>
</project>
Your task is 1. Analyze the cause of the errors 2. Decide fix position of the pom file according to the cause 3. Output only the updated partion of pom.xml entries without explanation

### Compilation Errors:
[INFO] Scanning for projects...
[INFO] 
[INFO] --------------------< edu.vision.se:CVE-2019-16869 >--------------------
[INFO] Building io.netty CVE-2019-16869 1.0-SNAPSHOT
[INFO]   from pom.xml
[INFO] --------------------------------[ jar ]---------------------------------
[INFO] 
[INFO] --- maven-clean-plugin:2.5:clean (default-clean) @ CVE-2019-16869 ---
[INFO] Deleting /PoCAdaptation/exploit/result/CVE-2019-16869/4.0.0.CR3/exploit/target
[INFO] 
[INFO] --- maven-resources-plugin:2.6:resources (default-resources) @ CVE-2019-16869 ---
[INFO] Using 'UTF-8' encoding to copy filtered resources.
[INFO] skip non existing resourceDirectory /PoCAdaptation/exploit/result/CVE-2019-16869/4.0.0.CR3/exploit/src/main/resources
[INFO] 
[INFO] --- maven-compiler-plugin:3.1:compile (default-compile) @ CVE-2019-16869 ---
[INFO] No sources to compile
[INFO] 
[INFO] --- maven-resources-plugin:2.6:testResources (default-testResources) @ CVE-2019-16869 ---
[INFO] Using 'UTF-8' encoding to copy filtered resources.
[INFO] skip non existing resourceDirectory /PoCAdaptation/exploit/result/CVE-2019-16869/4.0.0.CR3/exploit/src/test/resources
[INFO] 
[INFO] --- maven-compiler-plugin:3.1:testCompile (default-testCompile) @ CVE-2019-16869 ---
[INFO] Changes detected - recompiling the module!
[INFO] Compiling 1 source file to /PoCAdaptation/exploit/result/CVE-2019-16869/4.0.0.CR3/exploit/target/test-classes
[INFO] -------------------------------------------------------------
[ERROR] COMPILATION ERROR : 
[INFO] -------------------------------------------------------------
[ERROR] /PoCAdaptation/exploit/result/CVE-2019-16869/4.0.0.CR3/exploit/src/test/java/edu/vision/se/Testcase1.java:[4,33] cannot find symbol
  symbol:   class EmbeddedChannel
  location: package io.netty.channel.embedded
[ERROR] /PoCAdaptation/exploit/result/CVE-2019-16869/4.0.0.CR3/exploit/src/test/java/edu/vision/se/Testcase1.java:[25,37] cannot find symbol
  symbol:   class EmbeddedChannel
  location: class edu.vision.se.Testcase1
[ERROR] /PoCAdaptation/exploit/result/CVE-2019-16869/4.0.0.CR3/exploit/src/test/java/edu/vision/se/Testcase1.java:[17,9] cannot find symbol
  symbol:   class EmbeddedChannel
  location: class edu.vision.se.Testcase1
[ERROR] /PoCAdaptation/exploit/result/CVE-2019-16869/4.0.0.CR3/exploit/src/test/java/edu/vision/se/Testcase1.java:[17,39] cannot find symbol
  symbol:   class EmbeddedChannel
  location: class edu.vision.se.Testcase1
[INFO] 4 errors 
[INFO] -------------------------------------------------------------
[INFO] ------------------------------------------------------------------------
[INFO] BUILD FAILURE
[INFO] ------------------------------------------------------------------------
[INFO] Total time:  1.034 s
[INFO] Finished at: 2025-07-13T12:41:24Z
[INFO] ------------------------------------------------------------------------
[ERROR] Failed to execute goal org.apache.maven.plugins:maven-compiler-plugin:3.1:testCompile (default-testCompile) on project CVE-2019-16869: Compilation failure: Compilation failure: 
[ERROR] /PoCAdaptation/exploit/result/CVE-2019-16869/4.0.0.CR3/exploit/src/test/java/edu/vision/se/Testcase1.java:[4,33] cannot find symbol
[ERROR]   symbol:   class EmbeddedChannel
[ERROR]   location: package io.netty.channel.embedded
[ERROR] /PoCAdaptation/exploit/result/CVE-2019-16869/4.0.0.CR3/exploit/src/test/java/edu/vision/se/Testcase1.java:[25,37] cannot find symbol
[ERROR]   symbol:   class EmbeddedChannel
[ERROR]   location: class edu.vision.se.Testcase1
[ERROR] /PoCAdaptation/exploit/result/CVE-2019-16869/4.0.0.CR3/exploit/src/test/java/edu/vision/se/Testcase1.java:[17,9] cannot find symbol
[ERROR]   symbol:   class EmbeddedChannel
[ERROR]   location: class edu.vision.se.Testcase1
[ERROR] /PoCAdaptation/exploit/result/CVE-2019-16869/4.0.0.CR3/exploit/src/test/java/edu/vision/se/Testcase1.java:[17,39] cannot find symbol
[ERROR]   symbol:   class EmbeddedChannel
[ERROR]   location: class edu.vision.se.Testcase1
[ERROR] -> [Help 1]
[ERROR] 
[ERROR] To see the full stack trace of the errors, re-run Maven with the -e switch.
[ERROR] Re-run Maven using the -X switch to enable full debug logging.
[ERROR] 
[ERROR] For more information about the errors and possible solutions, please read the following articles:
[ERROR] [Help 1] http://cwiki.apache.org/confluence/display/MAVEN/MojoFailureException


[LLMClient] Response: 
Based on the error and the diff shown, the issue is that `EmbeddedChannel` class is being used but not available in the dependencies. The diff shows that `EmbeddedByteChannel` was replaced with `EmbeddedChannel` in the code, but the required dependency (`netty-transport`) that contains `EmbeddedChannel` is missing.

Here's the updated portion of the pom.xml to add the required dependency:

```xml
<dependencies>
  <dependency>
    <groupId>io.netty</groupId>
    <artifactId>netty-codec-http</artifactId>
    <version>4.0.0.CR3</version>
  </dependency>
  <dependency>
    <groupId>io.netty</groupId>
    <artifactId>netty-transport</artifactId>
    <version>4.0.0.CR3</version>
  </dependency>
  <dependency>
    <groupId>junit</groupId>
    <artifactId>junit</artifactId>
    <version>4.13.2</version>
  </dependency>
</dependencies>
```
[Adapter] ~ Updating version of io.netty:netty-codec-http to 4.0.0.CR3
[Adapter] + Adding new dependency io.netty:netty-transport:4.0.0.CR3
[Adapter] ~ Updating version of junit:junit to 4.13.2
[Adapter] âœ“ pom.xml successfully updated.
[96m[Executor] Executing exploit for CVE-2019-16869 on version 4.0.0.CR3...[0m
[96m[Verifier] Verifying reproduction...[0m
[91m[Verifier] âœ— Behavior not found: 'java.lang.AssertionError'[0m
[91m[Executor] Reproduction result: Failure[0m
[LLMClient] Tokens used: 1856 (prompt), 298 (completion), 2154 (total)
[LLMClient] Prompt: 
You are given an error when executing test in in 4.0.0.CR3:io.netty:netty-codec-http
This test file compiles and runs successfully in 4.0.0.CR4.

You are NOT allowed to change the version of the dependency io.netty:netty-codec-http.
Your task is to solve the problem by changing the pom file of the project. You can update other library to any versions
Current pom file is <?xml version='1.0' encoding='utf-8'?>
<project xmlns="http://maven.apache.org/POM/4.0.0" xmlns:xsi="http://www.w3.org/2001/XMLSchema-instance" xsi:schemaLocation="http://maven.apache.org/POM/4.0.0 https://maven.apache.org/xsd/maven-4.0.0.xsd">
  <groupId>edu.vision.se</groupId><version>1.0-SNAPSHOT</version><modelVersion>4.0.0</modelVersion>
  <artifactId>CVE-2019-16869</artifactId>
  <name>io.netty CVE-2019-16869</name>
   <properties>
    <maven.compiler.target>11</maven.compiler.target>
    <maven.compiler.source>11</maven.compiler.source>
    <project.build.sourceEncoding>UTF-8</project.build.sourceEncoding>
  </properties>
  
  <dependencies>
    <dependency>
      <groupId>io.netty</groupId>
      <artifactId>netty-codec-http</artifactId>
      <version>4.0.0.CR3</version>
    </dependency>


  <dependency><groupId>junit</groupId><artifactId>junit</artifactId><version>4.13.2</version></dependency>
  
  <dependency>
    <groupId>io.netty</groupId>
    <artifactId>netty-transport</artifactId>
    <version>4.0.0.CR3</version>
  </dependency>
  </dependencies>
</project>
Your task is 1. Analyze the cause of the errors 2. Decide fix position of the pom file according to the cause 3. Output only the updated partion of pom.xml entries without explanation

### Compilation Errors:
[INFO] Scanning for projects...
[INFO] 
[INFO] --------------------< edu.vision.se:CVE-2019-16869 >--------------------
[INFO] Building io.netty CVE-2019-16869 1.0-SNAPSHOT
[INFO]   from pom.xml
[INFO] --------------------------------[ jar ]---------------------------------
[INFO] 
[INFO] --- maven-clean-plugin:2.5:clean (default-clean) @ CVE-2019-16869 ---
[INFO] Deleting /PoCAdaptation/exploit/result/CVE-2019-16869/4.0.0.CR3/exploit/target
[INFO] 
[INFO] --- maven-resources-plugin:2.6:resources (default-resources) @ CVE-2019-16869 ---
[INFO] Using 'UTF-8' encoding to copy filtered resources.
[INFO] skip non existing resourceDirectory /PoCAdaptation/exploit/result/CVE-2019-16869/4.0.0.CR3/exploit/src/main/resources
[INFO] 
[INFO] --- maven-compiler-plugin:3.1:compile (default-compile) @ CVE-2019-16869 ---
[INFO] No sources to compile
[INFO] 
[INFO] --- maven-resources-plugin:2.6:testResources (default-testResources) @ CVE-2019-16869 ---
[INFO] Using 'UTF-8' encoding to copy filtered resources.
[INFO] skip non existing resourceDirectory /PoCAdaptation/exploit/result/CVE-2019-16869/4.0.0.CR3/exploit/src/test/resources
[INFO] 
[INFO] --- maven-compiler-plugin:3.1:testCompile (default-testCompile) @ CVE-2019-16869 ---
[INFO] Changes detected - recompiling the module!
[INFO] Compiling 1 source file to /PoCAdaptation/exploit/result/CVE-2019-16869/4.0.0.CR3/exploit/target/test-classes
[INFO] -------------------------------------------------------------
[ERROR] COMPILATION ERROR : 
[INFO] -------------------------------------------------------------
[ERROR] /PoCAdaptation/exploit/result/CVE-2019-16869/4.0.0.CR3/exploit/src/test/java/edu/vision/se/Testcase1.java:[4,33] cannot find symbol
  symbol:   class EmbeddedChannel
  location: package io.netty.channel.embedded
[ERROR] /PoCAdaptation/exploit/result/CVE-2019-16869/4.0.0.CR3/exploit/src/test/java/edu/vision/se/Testcase1.java:[25,37] cannot find symbol
  symbol:   class EmbeddedChannel
  location: class edu.vision.se.Testcase1
[ERROR] /PoCAdaptation/exploit/result/CVE-2019-16869/4.0.0.CR3/exploit/src/test/java/edu/vision/se/Testcase1.java:[17,9] cannot find symbol
  symbol:   class EmbeddedChannel
  location: class edu.vision.se.Testcase1
[ERROR] /PoCAdaptation/exploit/result/CVE-2019-16869/4.0.0.CR3/exploit/src/test/java/edu/vision/se/Testcase1.java:[17,39] cannot find symbol
  symbol:   class EmbeddedChannel
  location: class edu.vision.se.Testcase1
[INFO] 4 errors 
[INFO] -------------------------------------------------------------
[INFO] ------------------------------------------------------------------------
[INFO] BUILD FAILURE
[INFO] ------------------------------------------------------------------------
[INFO] Total time:  1.022 s
[INFO] Finished at: 2025-07-13T12:41:47Z
[INFO] ------------------------------------------------------------------------
[ERROR] Failed to execute goal org.apache.maven.plugins:maven-compiler-plugin:3.1:testCompile (default-testCompile) on project CVE-2019-16869: Compilation failure: Compilation failure: 
[ERROR] /PoCAdaptation/exploit/result/CVE-2019-16869/4.0.0.CR3/exploit/src/test/java/edu/vision/se/Testcase1.java:[4,33] cannot find symbol
[ERROR]   symbol:   class EmbeddedChannel
[ERROR]   location: package io.netty.channel.embedded
[ERROR] /PoCAdaptation/exploit/result/CVE-2019-16869/4.0.0.CR3/exploit/src/test/java/edu/vision/se/Testcase1.java:[25,37] cannot find symbol
[ERROR]   symbol:   class EmbeddedChannel
[ERROR]   location: class edu.vision.se.Testcase1
[ERROR] /PoCAdaptation/exploit/result/CVE-2019-16869/4.0.0.CR3/exploit/src/test/java/edu/vision/se/Testcase1.java:[17,9] cannot find symbol
[ERROR]   symbol:   class EmbeddedChannel
[ERROR]   location: class edu.vision.se.Testcase1
[ERROR] /PoCAdaptation/exploit/result/CVE-2019-16869/4.0.0.CR3/exploit/src/test/java/edu/vision/se/Testcase1.java:[17,39] cannot find symbol
[ERROR]   symbol:   class EmbeddedChannel
[ERROR]   location: class edu.vision.se.Testcase1
[ERROR] -> [Help 1]
[ERROR] 
[ERROR] To see the full stack trace of the errors, re-run Maven with the -e switch.
[ERROR] Re-run Maven using the -X switch to enable full debug logging.
[ERROR] 
[ERROR] For more information about the errors and possible solutions, please read the following articles:
[ERROR] [Help 1] http://cwiki.apache.org/confluence/display/MAVEN/MojoFailureException


[LLMClient] Response: 
The error indicates that the `EmbeddedChannel` class from `io.netty.channel.embedded` package is missing. This class is typically provided by `netty-transport` dependency, but in version 4.0.0.CR3 it might be in a different artifact. Here's the updated pom.xml portion:

```xml
<dependencies>
  <dependency>
    <groupId>io.netty</groupId>
    <artifactId>netty-codec-http</artifactId>
    <version>4.0.0.CR3</version>
  </dependency>

  <dependency>
    <groupId>junit</groupId>
    <artifactId>junit</artifactId>
    <version>4.13.2</version>
  </dependency>
  
  <dependency>
    <groupId>io.netty</groupId>
    <artifactId>netty-transport</artifactId>
    <version>4.0.0.CR3</version>
  </dependency>
  
  <dependency>
    <groupId>io.netty</groupId>
    <artifactId>netty-common</artifactId>
    <version>4.0.0.CR3</version>
  </dependency>
  
  <dependency>
    <groupId>io.netty</groupId>
    <artifactId>netty-buffer</artifactId>
    <version>4.0.0.CR3</version>
  </dependency>
</dependencies>
```
[Adapter] ~ Updating version of io.netty:netty-codec-http to 4.0.0.CR3
[Adapter] ~ Updating version of junit:junit to 4.13.2
[Adapter] ~ Updating version of io.netty:netty-transport to 4.0.0.CR3
[Adapter] + Adding new dependency io.netty:netty-common:4.0.0.CR3
[Adapter] + Adding new dependency io.netty:netty-buffer:4.0.0.CR3
[Adapter] âœ“ pom.xml successfully updated.
[96m[Executor] Executing exploit for CVE-2019-16869 on version 4.0.0.CR3...[0m
[96m[Verifier] Verifying reproduction...[0m
[91m[Verifier] âœ— Behavior not found: 'java.lang.AssertionError'[0m
[91m[Executor] Reproduction result: Failure[0m
[96m[RepairModule] Iteration 2, temperature 0.700: Trying diff #396 with score 10.00[0m
[LLMClient] Tokens used: 1939 (prompt), 192 (completion), 2131 (total)
[LLMClient] Prompt: 
You are given an error when executing test in in 4.0.0.CR3:io.netty:netty-codec-http
This test file compiles and runs successfully in 4.0.0.CR4.

Related diff is Operation: MODIFIED, File: codec-http/src/test/java/io/netty/handler/codec/http/HttpClientCodecTest.java, Hunk: @@ -16,7 +16,7 @@
 package io.netty.handler.codec.http;

 import io.netty.buffer.Unpooled;
-import io.netty.channel.embedded.EmbeddedByteChannel;
+import io.netty.channel.embedded.EmbeddedChannel;
 import io.netty.handler.codec.CodecException;
 import io.netty.handler.codec.PrematureChannelClosureException;
 import io.netty.util.CharsetUtil;

You are NOT allowed to change the version of the dependency io.netty:netty-codec-http.
Your task is to solve the problem by changing the pom file of the project
Current pom file is <?xml version='1.0' encoding='utf-8'?>
<project xmlns="http://maven.apache.org/POM/4.0.0" xmlns:xsi="http://www.w3.org/2001/XMLSchema-instance" xsi:schemaLocation="http://maven.apache.org/POM/4.0.0 https://maven.apache.org/xsd/maven-4.0.0.xsd">
  <groupId>edu.vision.se</groupId><version>1.0-SNAPSHOT</version><modelVersion>4.0.0</modelVersion>
  <artifactId>CVE-2019-16869</artifactId>
  <name>io.netty CVE-2019-16869</name>
   <properties>
    <maven.compiler.target>11</maven.compiler.target>
    <maven.compiler.source>11</maven.compiler.source>
    <project.build.sourceEncoding>UTF-8</project.build.sourceEncoding>
  </properties>
  
  <dependencies>
    <dependency>
      <groupId>io.netty</groupId>
      <artifactId>netty-codec-http</artifactId>
      <version>4.0.0.CR3</version>
    </dependency>


  <dependency><groupId>junit</groupId><artifactId>junit</artifactId><version>4.13.2</version></dependency>
  
  </dependencies>
</project>
Your task is 1. Analyze the cause of the errors 2. Decide fix position of the pom file according to the cause 3. Output only the updated partion of pom.xml entries without explanation

### Compilation Errors:
[INFO] Scanning for projects...
[INFO] 
[INFO] --------------------< edu.vision.se:CVE-2019-16869 >--------------------
[INFO] Building io.netty CVE-2019-16869 1.0-SNAPSHOT
[INFO]   from pom.xml
[INFO] --------------------------------[ jar ]---------------------------------
[INFO] 
[INFO] --- maven-clean-plugin:2.5:clean (default-clean) @ CVE-2019-16869 ---
[INFO] Deleting /PoCAdaptation/exploit/result/CVE-2019-16869/4.0.0.CR3/exploit/target
[INFO] 
[INFO] --- maven-resources-plugin:2.6:resources (default-resources) @ CVE-2019-16869 ---
[INFO] Using 'UTF-8' encoding to copy filtered resources.
[INFO] skip non existing resourceDirectory /PoCAdaptation/exploit/result/CVE-2019-16869/4.0.0.CR3/exploit/src/main/resources
[INFO] 
[INFO] --- maven-compiler-plugin:3.1:compile (default-compile) @ CVE-2019-16869 ---
[INFO] No sources to compile
[INFO] 
[INFO] --- maven-resources-plugin:2.6:testResources (default-testResources) @ CVE-2019-16869 ---
[INFO] Using 'UTF-8' encoding to copy filtered resources.
[INFO] skip non existing resourceDirectory /PoCAdaptation/exploit/result/CVE-2019-16869/4.0.0.CR3/exploit/src/test/resources
[INFO] 
[INFO] --- maven-compiler-plugin:3.1:testCompile (default-testCompile) @ CVE-2019-16869 ---
[INFO] Changes detected - recompiling the module!
[INFO] Compiling 1 source file to /PoCAdaptation/exploit/result/CVE-2019-16869/4.0.0.CR3/exploit/target/test-classes
[INFO] -------------------------------------------------------------
[ERROR] COMPILATION ERROR : 
[INFO] -------------------------------------------------------------
[ERROR] /PoCAdaptation/exploit/result/CVE-2019-16869/4.0.0.CR3/exploit/src/test/java/edu/vision/se/Testcase1.java:[4,33] cannot find symbol
  symbol:   class EmbeddedChannel
  location: package io.netty.channel.embedded
[ERROR] /PoCAdaptation/exploit/result/CVE-2019-16869/4.0.0.CR3/exploit/src/test/java/edu/vision/se/Testcase1.java:[25,37] cannot find symbol
  symbol:   class EmbeddedChannel
  location: class edu.vision.se.Testcase1
[ERROR] /PoCAdaptation/exploit/result/CVE-2019-16869/4.0.0.CR3/exploit/src/test/java/edu/vision/se/Testcase1.java:[17,9] cannot find symbol
  symbol:   class EmbeddedChannel
  location: class edu.vision.se.Testcase1
[ERROR] /PoCAdaptation/exploit/result/CVE-2019-16869/4.0.0.CR3/exploit/src/test/java/edu/vision/se/Testcase1.java:[17,39] cannot find symbol
  symbol:   class EmbeddedChannel
  location: class edu.vision.se.Testcase1
[INFO] 4 errors 
[INFO] -------------------------------------------------------------
[INFO] ------------------------------------------------------------------------
[INFO] BUILD FAILURE
[INFO] ------------------------------------------------------------------------
[INFO] Total time:  0.822 s
[INFO] Finished at: 2025-07-13T12:42:04Z
[INFO] ------------------------------------------------------------------------
[ERROR] Failed to execute goal org.apache.maven.plugins:maven-compiler-plugin:3.1:testCompile (default-testCompile) on project CVE-2019-16869: Compilation failure: Compilation failure: 
[ERROR] /PoCAdaptation/exploit/result/CVE-2019-16869/4.0.0.CR3/exploit/src/test/java/edu/vision/se/Testcase1.java:[4,33] cannot find symbol
[ERROR]   symbol:   class EmbeddedChannel
[ERROR]   location: package io.netty.channel.embedded
[ERROR] /PoCAdaptation/exploit/result/CVE-2019-16869/4.0.0.CR3/exploit/src/test/java/edu/vision/se/Testcase1.java:[25,37] cannot find symbol
[ERROR]   symbol:   class EmbeddedChannel
[ERROR]   location: class edu.vision.se.Testcase1
[ERROR] /PoCAdaptation/exploit/result/CVE-2019-16869/4.0.0.CR3/exploit/src/test/java/edu/vision/se/Testcase1.java:[17,9] cannot find symbol
[ERROR]   symbol:   class EmbeddedChannel
[ERROR]   location: class edu.vision.se.Testcase1
[ERROR] /PoCAdaptation/exploit/result/CVE-2019-16869/4.0.0.CR3/exploit/src/test/java/edu/vision/se/Testcase1.java:[17,39] cannot find symbol
[ERROR]   symbol:   class EmbeddedChannel
[ERROR]   location: class edu.vision.se.Testcase1
[ERROR] -> [Help 1]
[ERROR] 
[ERROR] To see the full stack trace of the errors, re-run Maven with the -e switch.
[ERROR] Re-run Maven using the -X switch to enable full debug logging.
[ERROR] 
[ERROR] For more information about the errors and possible solutions, please read the following articles:
[ERROR] [Help 1] http://cwiki.apache.org/confluence/display/MAVEN/MojoFailureException


[LLMClient] Response: 
The error occurs because `EmbeddedChannel` class is not available in the dependencies. In Netty 4.0.0.CR3, this class was in a different artifact (`netty-transport`). Here's the updated pom.xml portion:

```xml
<dependencies>
  <dependency>
    <groupId>io.netty</groupId>
    <artifactId>netty-codec-http</artifactId>
    <version>4.0.0.CR3</version>
  </dependency>
  <dependency>
    <groupId>io.netty</groupId>
    <artifactId>netty-transport</artifactId>
    <version>4.0.0.CR3</version>
  </dependency>
  <dependency>
    <groupId>junit</groupId>
    <artifactId>junit</artifactId>
    <version>4.13.2</version>
  </dependency>
</dependencies>
```
[Adapter] ~ Updating version of io.netty:netty-codec-http to 4.0.0.CR3
[Adapter] + Adding new dependency io.netty:netty-transport:4.0.0.CR3
[Adapter] ~ Updating version of junit:junit to 4.13.2
[Adapter] âœ“ pom.xml successfully updated.
[96m[Executor] Executing exploit for CVE-2019-16869 on version 4.0.0.CR3...[0m
[96m[Verifier] Verifying reproduction...[0m
[91m[Verifier] âœ— Behavior not found: 'java.lang.AssertionError'[0m
[91m[Executor] Reproduction result: Failure[0m
[LLMClient] Tokens used: 1856 (prompt), 262 (completion), 2118 (total)
[LLMClient] Prompt: 
You are given an error when executing test in in 4.0.0.CR3:io.netty:netty-codec-http
This test file compiles and runs successfully in 4.0.0.CR4.

You are NOT allowed to change the version of the dependency io.netty:netty-codec-http.
Your task is to solve the problem by changing the pom file of the project. You can update other library to any versions
Current pom file is <?xml version='1.0' encoding='utf-8'?>
<project xmlns="http://maven.apache.org/POM/4.0.0" xmlns:xsi="http://www.w3.org/2001/XMLSchema-instance" xsi:schemaLocation="http://maven.apache.org/POM/4.0.0 https://maven.apache.org/xsd/maven-4.0.0.xsd">
  <groupId>edu.vision.se</groupId><version>1.0-SNAPSHOT</version><modelVersion>4.0.0</modelVersion>
  <artifactId>CVE-2019-16869</artifactId>
  <name>io.netty CVE-2019-16869</name>
   <properties>
    <maven.compiler.target>11</maven.compiler.target>
    <maven.compiler.source>11</maven.compiler.source>
    <project.build.sourceEncoding>UTF-8</project.build.sourceEncoding>
  </properties>
  
  <dependencies>
    <dependency>
      <groupId>io.netty</groupId>
      <artifactId>netty-codec-http</artifactId>
      <version>4.0.0.CR3</version>
    </dependency>


  <dependency><groupId>junit</groupId><artifactId>junit</artifactId><version>4.13.2</version></dependency>
  
  <dependency>
    <groupId>io.netty</groupId>
    <artifactId>netty-transport</artifactId>
    <version>4.0.0.CR3</version>
  </dependency>
  </dependencies>
</project>
Your task is 1. Analyze the cause of the errors 2. Decide fix position of the pom file according to the cause 3. Output only the updated partion of pom.xml entries without explanation

### Compilation Errors:
[INFO] Scanning for projects...
[INFO] 
[INFO] --------------------< edu.vision.se:CVE-2019-16869 >--------------------
[INFO] Building io.netty CVE-2019-16869 1.0-SNAPSHOT
[INFO]   from pom.xml
[INFO] --------------------------------[ jar ]---------------------------------
[INFO] 
[INFO] --- maven-clean-plugin:2.5:clean (default-clean) @ CVE-2019-16869 ---
[INFO] Deleting /PoCAdaptation/exploit/result/CVE-2019-16869/4.0.0.CR3/exploit/target
[INFO] 
[INFO] --- maven-resources-plugin:2.6:resources (default-resources) @ CVE-2019-16869 ---
[INFO] Using 'UTF-8' encoding to copy filtered resources.
[INFO] skip non existing resourceDirectory /PoCAdaptation/exploit/result/CVE-2019-16869/4.0.0.CR3/exploit/src/main/resources
[INFO] 
[INFO] --- maven-compiler-plugin:3.1:compile (default-compile) @ CVE-2019-16869 ---
[INFO] No sources to compile
[INFO] 
[INFO] --- maven-resources-plugin:2.6:testResources (default-testResources) @ CVE-2019-16869 ---
[INFO] Using 'UTF-8' encoding to copy filtered resources.
[INFO] skip non existing resourceDirectory /PoCAdaptation/exploit/result/CVE-2019-16869/4.0.0.CR3/exploit/src/test/resources
[INFO] 
[INFO] --- maven-compiler-plugin:3.1:testCompile (default-testCompile) @ CVE-2019-16869 ---
[INFO] Changes detected - recompiling the module!
[INFO] Compiling 1 source file to /PoCAdaptation/exploit/result/CVE-2019-16869/4.0.0.CR3/exploit/target/test-classes
[INFO] -------------------------------------------------------------
[ERROR] COMPILATION ERROR : 
[INFO] -------------------------------------------------------------
[ERROR] /PoCAdaptation/exploit/result/CVE-2019-16869/4.0.0.CR3/exploit/src/test/java/edu/vision/se/Testcase1.java:[4,33] cannot find symbol
  symbol:   class EmbeddedChannel
  location: package io.netty.channel.embedded
[ERROR] /PoCAdaptation/exploit/result/CVE-2019-16869/4.0.0.CR3/exploit/src/test/java/edu/vision/se/Testcase1.java:[25,37] cannot find symbol
  symbol:   class EmbeddedChannel
  location: class edu.vision.se.Testcase1
[ERROR] /PoCAdaptation/exploit/result/CVE-2019-16869/4.0.0.CR3/exploit/src/test/java/edu/vision/se/Testcase1.java:[17,9] cannot find symbol
  symbol:   class EmbeddedChannel
  location: class edu.vision.se.Testcase1
[ERROR] /PoCAdaptation/exploit/result/CVE-2019-16869/4.0.0.CR3/exploit/src/test/java/edu/vision/se/Testcase1.java:[17,39] cannot find symbol
  symbol:   class EmbeddedChannel
  location: class edu.vision.se.Testcase1
[INFO] 4 errors 
[INFO] -------------------------------------------------------------
[INFO] ------------------------------------------------------------------------
[INFO] BUILD FAILURE
[INFO] ------------------------------------------------------------------------
[INFO] Total time:  0.840 s
[INFO] Finished at: 2025-07-13T12:42:19Z
[INFO] ------------------------------------------------------------------------
[ERROR] Failed to execute goal org.apache.maven.plugins:maven-compiler-plugin:3.1:testCompile (default-testCompile) on project CVE-2019-16869: Compilation failure: Compilation failure: 
[ERROR] /PoCAdaptation/exploit/result/CVE-2019-16869/4.0.0.CR3/exploit/src/test/java/edu/vision/se/Testcase1.java:[4,33] cannot find symbol
[ERROR]   symbol:   class EmbeddedChannel
[ERROR]   location: package io.netty.channel.embedded
[ERROR] /PoCAdaptation/exploit/result/CVE-2019-16869/4.0.0.CR3/exploit/src/test/java/edu/vision/se/Testcase1.java:[25,37] cannot find symbol
[ERROR]   symbol:   class EmbeddedChannel
[ERROR]   location: class edu.vision.se.Testcase1
[ERROR] /PoCAdaptation/exploit/result/CVE-2019-16869/4.0.0.CR3/exploit/src/test/java/edu/vision/se/Testcase1.java:[17,9] cannot find symbol
[ERROR]   symbol:   class EmbeddedChannel
[ERROR]   location: class edu.vision.se.Testcase1
[ERROR] /PoCAdaptation/exploit/result/CVE-2019-16869/4.0.0.CR3/exploit/src/test/java/edu/vision/se/Testcase1.java:[17,39] cannot find symbol
[ERROR]   symbol:   class EmbeddedChannel
[ERROR]   location: class edu.vision.se.Testcase1
[ERROR] -> [Help 1]
[ERROR] 
[ERROR] To see the full stack trace of the errors, re-run Maven with the -e switch.
[ERROR] Re-run Maven using the -X switch to enable full debug logging.
[ERROR] 
[ERROR] For more information about the errors and possible solutions, please read the following articles:
[ERROR] [Help 1] http://cwiki.apache.org/confluence/display/MAVEN/MojoFailureException


[LLMClient] Response: 
The issue is that the `EmbeddedChannel` class is missing, which is part of `netty-transport` but might have been moved or changed in later versions. Since we can't change the netty-codec-http version, we should add the specific netty-transport dependency that contains the EmbeddedChannel class.

Here's the updated portion of the pom.xml:

```xml
<dependencies>
  <dependency>
    <groupId>io.netty</groupId>
    <artifactId>netty-codec-http</artifactId>
    <version>4.0.0.CR3</version>
  </dependency>

  <dependency>
    <groupId>junit</groupId>
    <artifactId>junit</artifactId>
    <version>4.13.2</version>
  </dependency>
  
  <dependency>
    <groupId>io.netty</groupId>
    <artifactId>netty-transport</artifactId>
    <version>4.0.0.CR3</version>
  </dependency>
  
  <dependency>
    <groupId>io.netty</groupId>
    <artifactId>netty-common</artifactId>
    <version>4.0.0.CR3</version>
  </dependency>
</dependencies>
```
[Adapter] ~ Updating version of io.netty:netty-codec-http to 4.0.0.CR3
[Adapter] ~ Updating version of junit:junit to 4.13.2
[Adapter] ~ Updating version of io.netty:netty-transport to 4.0.0.CR3
[Adapter] + Adding new dependency io.netty:netty-common:4.0.0.CR3
[Adapter] âœ“ pom.xml successfully updated.
[96m[Executor] Executing exploit for CVE-2019-16869 on version 4.0.0.CR3...[0m
[96m[Verifier] Verifying reproduction...[0m
[91m[Verifier] âœ— Behavior not found: 'java.lang.AssertionError'[0m
[91m[Executor] Reproduction result: Failure[0m
[96m[RepairModule] Iteration 3, temperature 0.490: Trying diff #(138, 396) with score 10.00[0m
[LLMClient] Tokens used: 2275 (prompt), 230 (completion), 2505 (total)
[LLMClient] Prompt: 
You are given an error when executing test in in 4.0.0.CR3:io.netty:netty-codec-http
This test file compiles and runs successfully in 4.0.0.CR4.

Related diff is Operation: MODIFIED, File: codec-http/src/main/java/io/netty/handler/codec/http/HttpContentDecoder.java, Hunk: @@ -15,21 +15,19 @@
  */
 package io.netty.handler.codec.http;

-import io.netty.buffer.BufUtil;
 import io.netty.buffer.ByteBuf;
 import io.netty.buffer.ByteBufHolder;
-import io.netty.buffer.MessageBuf;
+import io.netty.buffer.ByteBufUtil;
 import io.netty.buffer.Unpooled;
 import io.netty.channel.ChannelHandlerContext;
-import io.netty.channel.embedded.EmbeddedByteChannel;
+import io.netty.channel.MessageList;
+import io.netty.channel.embedded.EmbeddedChannel;
 import io.netty.handler.codec.MessageToMessageDecoder;

-import java.util.Collections;
-
 /**
  * Decodes the content of the received {@link HttpRequest} and {@link HttpContent}.
  * The original content is replaced with the new content decoded by the
- * {@link EmbeddedByteChannel}, which is created by {@link #newContentDecoder(String)}.
+ * {@link EmbeddedChannel}, which is created by {@link #newContentDecoder(String)}.
  * Once decoding is finished, the value of the <tt>'Content-Encoding'</tt>
  * header is set to the target content encoding, as returned by {@link #getTargetContentEncoding(String)}.
  * Also, the <tt>'Content-Length'</tt> header is updated to the length of the
Operation: MODIFIED, File: codec-http/src/test/java/io/netty/handler/codec/http/HttpClientCodecTest.java, Hunk: @@ -16,7 +16,7 @@
 package io.netty.handler.codec.http;

 import io.netty.buffer.Unpooled;
-import io.netty.channel.embedded.EmbeddedByteChannel;
+import io.netty.channel.embedded.EmbeddedChannel;
 import io.netty.handler.codec.CodecException;
 import io.netty.handler.codec.PrematureChannelClosureException;
 import io.netty.util.CharsetUtil;

You are NOT allowed to change the version of the dependency io.netty:netty-codec-http.
Your task is to solve the problem by changing the pom file of the project
Current pom file is <?xml version='1.0' encoding='utf-8'?>
<project xmlns="http://maven.apache.org/POM/4.0.0" xmlns:xsi="http://www.w3.org/2001/XMLSchema-instance" xsi:schemaLocation="http://maven.apache.org/POM/4.0.0 https://maven.apache.org/xsd/maven-4.0.0.xsd">
  <groupId>edu.vision.se</groupId><version>1.0-SNAPSHOT</version><modelVersion>4.0.0</modelVersion>
  <artifactId>CVE-2019-16869</artifactId>
  <name>io.netty CVE-2019-16869</name>
   <properties>
    <maven.compiler.target>11</maven.compiler.target>
    <maven.compiler.source>11</maven.compiler.source>
    <project.build.sourceEncoding>UTF-8</project.build.sourceEncoding>
  </properties>
  
  <dependencies>
    <dependency>
      <groupId>io.netty</groupId>
      <artifactId>netty-codec-http</artifactId>
      <version>4.0.0.CR3</version>
    </dependency>


  <dependency><groupId>junit</groupId><artifactId>junit</artifactId><version>4.13.2</version></dependency>
  
  </dependencies>
</project>
Your task is 1. Analyze the cause of the errors 2. Decide fix position of the pom file according to the cause 3. Output only the updated partion of pom.xml entries without explanation

### Compilation Errors:
[INFO] Scanning for projects...
[INFO] 
[INFO] --------------------< edu.vision.se:CVE-2019-16869 >--------------------
[INFO] Building io.netty CVE-2019-16869 1.0-SNAPSHOT
[INFO]   from pom.xml
[INFO] --------------------------------[ jar ]---------------------------------
[INFO] 
[INFO] --- maven-clean-plugin:2.5:clean (default-clean) @ CVE-2019-16869 ---
[INFO] Deleting /PoCAdaptation/exploit/result/CVE-2019-16869/4.0.0.CR3/exploit/target
[INFO] 
[INFO] --- maven-resources-plugin:2.6:resources (default-resources) @ CVE-2019-16869 ---
[INFO] Using 'UTF-8' encoding to copy filtered resources.
[INFO] skip non existing resourceDirectory /PoCAdaptation/exploit/result/CVE-2019-16869/4.0.0.CR3/exploit/src/main/resources
[INFO] 
[INFO] --- maven-compiler-plugin:3.1:compile (default-compile) @ CVE-2019-16869 ---
[INFO] No sources to compile
[INFO] 
[INFO] --- maven-resources-plugin:2.6:testResources (default-testResources) @ CVE-2019-16869 ---
[INFO] Using 'UTF-8' encoding to copy filtered resources.
[INFO] skip non existing resourceDirectory /PoCAdaptation/exploit/result/CVE-2019-16869/4.0.0.CR3/exploit/src/test/resources
[INFO] 
[INFO] --- maven-compiler-plugin:3.1:testCompile (default-testCompile) @ CVE-2019-16869 ---
[INFO] Changes detected - recompiling the module!
[INFO] Compiling 1 source file to /PoCAdaptation/exploit/result/CVE-2019-16869/4.0.0.CR3/exploit/target/test-classes
[INFO] -------------------------------------------------------------
[ERROR] COMPILATION ERROR : 
[INFO] -------------------------------------------------------------
[ERROR] /PoCAdaptation/exploit/result/CVE-2019-16869/4.0.0.CR3/exploit/src/test/java/edu/vision/se/Testcase1.java:[4,33] cannot find symbol
  symbol:   class EmbeddedChannel
  location: package io.netty.channel.embedded
[ERROR] /PoCAdaptation/exploit/result/CVE-2019-16869/4.0.0.CR3/exploit/src/test/java/edu/vision/se/Testcase1.java:[25,37] cannot find symbol
  symbol:   class EmbeddedChannel
  location: class edu.vision.se.Testcase1
[ERROR] /PoCAdaptation/exploit/result/CVE-2019-16869/4.0.0.CR3/exploit/src/test/java/edu/vision/se/Testcase1.java:[17,9] cannot find symbol
  symbol:   class EmbeddedChannel
  location: class edu.vision.se.Testcase1
[ERROR] /PoCAdaptation/exploit/result/CVE-2019-16869/4.0.0.CR3/exploit/src/test/java/edu/vision/se/Testcase1.java:[17,39] cannot find symbol
  symbol:   class EmbeddedChannel
  location: class edu.vision.se.Testcase1
[INFO] 4 errors 
[INFO] -------------------------------------------------------------
[INFO] ------------------------------------------------------------------------
[INFO] BUILD FAILURE
[INFO] ------------------------------------------------------------------------
[INFO] Total time:  0.849 s
[INFO] Finished at: 2025-07-13T12:42:34Z
[INFO] ------------------------------------------------------------------------
[ERROR] Failed to execute goal org.apache.maven.plugins:maven-compiler-plugin:3.1:testCompile (default-testCompile) on project CVE-2019-16869: Compilation failure: Compilation failure: 
[ERROR] /PoCAdaptation/exploit/result/CVE-2019-16869/4.0.0.CR3/exploit/src/test/java/edu/vision/se/Testcase1.java:[4,33] cannot find symbol
[ERROR]   symbol:   class EmbeddedChannel
[ERROR]   location: package io.netty.channel.embedded
[ERROR] /PoCAdaptation/exploit/result/CVE-2019-16869/4.0.0.CR3/exploit/src/test/java/edu/vision/se/Testcase1.java:[25,37] cannot find symbol
[ERROR]   symbol:   class EmbeddedChannel
[ERROR]   location: class edu.vision.se.Testcase1
[ERROR] /PoCAdaptation/exploit/result/CVE-2019-16869/4.0.0.CR3/exploit/src/test/java/edu/vision/se/Testcase1.java:[17,9] cannot find symbol
[ERROR]   symbol:   class EmbeddedChannel
[ERROR]   location: class edu.vision.se.Testcase1
[ERROR] /PoCAdaptation/exploit/result/CVE-2019-16869/4.0.0.CR3/exploit/src/test/java/edu/vision/se/Testcase1.java:[17,39] cannot find symbol
[ERROR]   symbol:   class EmbeddedChannel
[ERROR]   location: class edu.vision.se.Testcase1
[ERROR] -> [Help 1]
[ERROR] 
[ERROR] To see the full stack trace of the errors, re-run Maven with the -e switch.
[ERROR] Re-run Maven using the -X switch to enable full debug logging.
[ERROR] 
[ERROR] For more information about the errors and possible solutions, please read the following articles:
[ERROR] [Help 1] http://cwiki.apache.org/confluence/display/MAVEN/MojoFailureException


[LLMClient] Response: 
Based on the error and the diff shown, the issue is that the test code is using `EmbeddedChannel` which was introduced in a later version (CR4), but the code is trying to compile against CR3 which uses `EmbeddedByteChannel`. Since we can't change the netty-codec-http version, we need to add the netty-transport dependency which contains the required class.

Here's the updated pom.xml portion:

```xml
<dependencies>
  <dependency>
    <groupId>io.netty</groupId>
    <artifactId>netty-codec-http</artifactId>
    <version>4.0.0.CR3</version>
  </dependency>
  <dependency>
    <groupId>io.netty</groupId>
    <artifactId>netty-transport</artifactId>
    <version>4.0.0.CR3</version>
  </dependency>
  <dependency>
    <groupId>junit</groupId>
    <artifactId>junit</artifactId>
    <version>4.13.2</version>
  </dependency>
</dependencies>
```
[Adapter] ~ Updating version of io.netty:netty-codec-http to 4.0.0.CR3
[Adapter] + Adding new dependency io.netty:netty-transport:4.0.0.CR3
[Adapter] ~ Updating version of junit:junit to 4.13.2
[Adapter] âœ“ pom.xml successfully updated.
[96m[Executor] Executing exploit for CVE-2019-16869 on version 4.0.0.CR3...[0m
[96m[Verifier] Verifying reproduction...[0m
[91m[Verifier] âœ— Behavior not found: 'java.lang.AssertionError'[0m
[91m[Executor] Reproduction result: Failure[0m
[LLMClient] Tokens used: 1856 (prompt), 226 (completion), 2082 (total)
[LLMClient] Prompt: 
You are given an error when executing test in in 4.0.0.CR3:io.netty:netty-codec-http
This test file compiles and runs successfully in 4.0.0.CR4.

You are NOT allowed to change the version of the dependency io.netty:netty-codec-http.
Your task is to solve the problem by changing the pom file of the project. You can update other library to any versions
Current pom file is <?xml version='1.0' encoding='utf-8'?>
<project xmlns="http://maven.apache.org/POM/4.0.0" xmlns:xsi="http://www.w3.org/2001/XMLSchema-instance" xsi:schemaLocation="http://maven.apache.org/POM/4.0.0 https://maven.apache.org/xsd/maven-4.0.0.xsd">
  <groupId>edu.vision.se</groupId><version>1.0-SNAPSHOT</version><modelVersion>4.0.0</modelVersion>
  <artifactId>CVE-2019-16869</artifactId>
  <name>io.netty CVE-2019-16869</name>
   <properties>
    <maven.compiler.target>11</maven.compiler.target>
    <maven.compiler.source>11</maven.compiler.source>
    <project.build.sourceEncoding>UTF-8</project.build.sourceEncoding>
  </properties>
  
  <dependencies>
    <dependency>
      <groupId>io.netty</groupId>
      <artifactId>netty-codec-http</artifactId>
      <version>4.0.0.CR3</version>
    </dependency>


  <dependency><groupId>junit</groupId><artifactId>junit</artifactId><version>4.13.2</version></dependency>
  
  <dependency>
    <groupId>io.netty</groupId>
    <artifactId>netty-transport</artifactId>
    <version>4.0.0.CR3</version>
  </dependency>
  </dependencies>
</project>
Your task is 1. Analyze the cause of the errors 2. Decide fix position of the pom file according to the cause 3. Output only the updated partion of pom.xml entries without explanation

### Compilation Errors:
[INFO] Scanning for projects...
[INFO] 
[INFO] --------------------< edu.vision.se:CVE-2019-16869 >--------------------
[INFO] Building io.netty CVE-2019-16869 1.0-SNAPSHOT
[INFO]   from pom.xml
[INFO] --------------------------------[ jar ]---------------------------------
[INFO] 
[INFO] --- maven-clean-plugin:2.5:clean (default-clean) @ CVE-2019-16869 ---
[INFO] Deleting /PoCAdaptation/exploit/result/CVE-2019-16869/4.0.0.CR3/exploit/target
[INFO] 
[INFO] --- maven-resources-plugin:2.6:resources (default-resources) @ CVE-2019-16869 ---
[INFO] Using 'UTF-8' encoding to copy filtered resources.
[INFO] skip non existing resourceDirectory /PoCAdaptation/exploit/result/CVE-2019-16869/4.0.0.CR3/exploit/src/main/resources
[INFO] 
[INFO] --- maven-compiler-plugin:3.1:compile (default-compile) @ CVE-2019-16869 ---
[INFO] No sources to compile
[INFO] 
[INFO] --- maven-resources-plugin:2.6:testResources (default-testResources) @ CVE-2019-16869 ---
[INFO] Using 'UTF-8' encoding to copy filtered resources.
[INFO] skip non existing resourceDirectory /PoCAdaptation/exploit/result/CVE-2019-16869/4.0.0.CR3/exploit/src/test/resources
[INFO] 
[INFO] --- maven-compiler-plugin:3.1:testCompile (default-testCompile) @ CVE-2019-16869 ---
[INFO] Changes detected - recompiling the module!
[INFO] Compiling 1 source file to /PoCAdaptation/exploit/result/CVE-2019-16869/4.0.0.CR3/exploit/target/test-classes
[INFO] -------------------------------------------------------------
[ERROR] COMPILATION ERROR : 
[INFO] -------------------------------------------------------------
[ERROR] /PoCAdaptation/exploit/result/CVE-2019-16869/4.0.0.CR3/exploit/src/test/java/edu/vision/se/Testcase1.java:[4,33] cannot find symbol
  symbol:   class EmbeddedChannel
  location: package io.netty.channel.embedded
[ERROR] /PoCAdaptation/exploit/result/CVE-2019-16869/4.0.0.CR3/exploit/src/test/java/edu/vision/se/Testcase1.java:[25,37] cannot find symbol
  symbol:   class EmbeddedChannel
  location: class edu.vision.se.Testcase1
[ERROR] /PoCAdaptation/exploit/result/CVE-2019-16869/4.0.0.CR3/exploit/src/test/java/edu/vision/se/Testcase1.java:[17,9] cannot find symbol
  symbol:   class EmbeddedChannel
  location: class edu.vision.se.Testcase1
[ERROR] /PoCAdaptation/exploit/result/CVE-2019-16869/4.0.0.CR3/exploit/src/test/java/edu/vision/se/Testcase1.java:[17,39] cannot find symbol
  symbol:   class EmbeddedChannel
  location: class edu.vision.se.Testcase1
[INFO] 4 errors 
[INFO] -------------------------------------------------------------
[INFO] ------------------------------------------------------------------------
[INFO] BUILD FAILURE
[INFO] ------------------------------------------------------------------------
[INFO] Total time:  0.944 s
[INFO] Finished at: 2025-07-13T12:42:49Z
[INFO] ------------------------------------------------------------------------
[ERROR] Failed to execute goal org.apache.maven.plugins:maven-compiler-plugin:3.1:testCompile (default-testCompile) on project CVE-2019-16869: Compilation failure: Compilation failure: 
[ERROR] /PoCAdaptation/exploit/result/CVE-2019-16869/4.0.0.CR3/exploit/src/test/java/edu/vision/se/Testcase1.java:[4,33] cannot find symbol
[ERROR]   symbol:   class EmbeddedChannel
[ERROR]   location: package io.netty.channel.embedded
[ERROR] /PoCAdaptation/exploit/result/CVE-2019-16869/4.0.0.CR3/exploit/src/test/java/edu/vision/se/Testcase1.java:[25,37] cannot find symbol
[ERROR]   symbol:   class EmbeddedChannel
[ERROR]   location: class edu.vision.se.Testcase1
[ERROR] /PoCAdaptation/exploit/result/CVE-2019-16869/4.0.0.CR3/exploit/src/test/java/edu/vision/se/Testcase1.java:[17,9] cannot find symbol
[ERROR]   symbol:   class EmbeddedChannel
[ERROR]   location: class edu.vision.se.Testcase1
[ERROR] /PoCAdaptation/exploit/result/CVE-2019-16869/4.0.0.CR3/exploit/src/test/java/edu/vision/se/Testcase1.java:[17,39] cannot find symbol
[ERROR]   symbol:   class EmbeddedChannel
[ERROR]   location: class edu.vision.se.Testcase1
[ERROR] -> [Help 1]
[ERROR] 
[ERROR] To see the full stack trace of the errors, re-run Maven with the -e switch.
[ERROR] Re-run Maven using the -X switch to enable full debug logging.
[ERROR] 
[ERROR] For more information about the errors and possible solutions, please read the following articles:
[ERROR] [Help 1] http://cwiki.apache.org/confluence/display/MAVEN/MojoFailureException


[LLMClient] Response: 
The error indicates that the `EmbeddedChannel` class is missing, which is part of `netty-handler` in Netty. Here's the updated pom.xml portion to add the missing dependency:

```xml
<dependencies>
  <dependency>
    <groupId>io.netty</groupId>
    <artifactId>netty-codec-http</artifactId>
    <version>4.0.0.CR3</version>
  </dependency>

  <dependency>
    <groupId>junit</groupId>
    <artifactId>junit</artifactId>
    <version>4.13.2</version>
  </dependency>
  
  <dependency>
    <groupId>io.netty</groupId>
    <artifactId>netty-transport</artifactId>
    <version>4.0.0.CR3</version>
  </dependency>

  <dependency>
    <groupId>io.netty</groupId>
    <artifactId>netty-handler</artifactId>
    <version>4.0.0.CR3</version>
  </dependency>
</dependencies>
```
[Adapter] ~ Updating version of io.netty:netty-codec-http to 4.0.0.CR3
[Adapter] ~ Updating version of junit:junit to 4.13.2
[Adapter] ~ Updating version of io.netty:netty-transport to 4.0.0.CR3
[Adapter] + Adding new dependency io.netty:netty-handler:4.0.0.CR3
[Adapter] âœ“ pom.xml successfully updated.
[96m[Executor] Executing exploit for CVE-2019-16869 on version 4.0.0.CR3...[0m
[96m[Verifier] Verifying reproduction...[0m
[91m[Verifier] âœ— Behavior not found: 'java.lang.AssertionError'[0m
[91m[Executor] Reproduction result: Failure[0m
[96m[RepairModule] Iteration 4, temperature 0.343: Trying diff #(138, 144) with score 10.00[0m
[LLMClient] Tokens used: 2259 (prompt), 290 (completion), 2549 (total)
[LLMClient] Prompt: 
You are given an error when executing test in in 4.0.0.CR3:io.netty:netty-codec-http
This test file compiles and runs successfully in 4.0.0.CR4.

Related diff is Operation: MODIFIED, File: codec-http/src/main/java/io/netty/handler/codec/http/HttpContentDecoder.java, Hunk: @@ -15,21 +15,19 @@
  */
 package io.netty.handler.codec.http;

-import io.netty.buffer.BufUtil;
 import io.netty.buffer.ByteBuf;
 import io.netty.buffer.ByteBufHolder;
-import io.netty.buffer.MessageBuf;
+import io.netty.buffer.ByteBufUtil;
 import io.netty.buffer.Unpooled;
 import io.netty.channel.ChannelHandlerContext;
-import io.netty.channel.embedded.EmbeddedByteChannel;
+import io.netty.channel.MessageList;
+import io.netty.channel.embedded.EmbeddedChannel;
 import io.netty.handler.codec.MessageToMessageDecoder;

-import java.util.Collections;
-
 /**
  * Decodes the content of the received {@link HttpRequest} and {@link HttpContent}.
  * The original content is replaced with the new content decoded by the
- * {@link EmbeddedByteChannel}, which is created by {@link #newContentDecoder(String)}.
+ * {@link EmbeddedChannel}, which is created by {@link #newContentDecoder(String)}.
  * Once decoding is finished, the value of the <tt>'Content-Encoding'</tt>
  * header is set to the target content encoding, as returned by {@link #getTargetContentEncoding(String)}.
  * Also, the <tt>'Content-Length'</tt> header is updated to the length of the
Operation: MODIFIED, File: codec-http/src/main/java/io/netty/handler/codec/http/HttpContentDecompressor.java, Hunk: @@ -15,7 +15,7 @@
  */
 package io.netty.handler.codec.http;

-import io.netty.channel.embedded.EmbeddedByteChannel;
+import io.netty.channel.embedded.EmbeddedChannel;
 import io.netty.handler.codec.compression.ZlibCodecFactory;
 import io.netty.handler.codec.compression.ZlibWrapper;


You are NOT allowed to change the version of the dependency io.netty:netty-codec-http.
Your task is to solve the problem by changing the pom file of the project
Current pom file is <?xml version='1.0' encoding='utf-8'?>
<project xmlns="http://maven.apache.org/POM/4.0.0" xmlns:xsi="http://www.w3.org/2001/XMLSchema-instance" xsi:schemaLocation="http://maven.apache.org/POM/4.0.0 https://maven.apache.org/xsd/maven-4.0.0.xsd">
  <groupId>edu.vision.se</groupId><version>1.0-SNAPSHOT</version><modelVersion>4.0.0</modelVersion>
  <artifactId>CVE-2019-16869</artifactId>
  <name>io.netty CVE-2019-16869</name>
   <properties>
    <maven.compiler.target>11</maven.compiler.target>
    <maven.compiler.source>11</maven.compiler.source>
    <project.build.sourceEncoding>UTF-8</project.build.sourceEncoding>
  </properties>
  
  <dependencies>
    <dependency>
      <groupId>io.netty</groupId>
      <artifactId>netty-codec-http</artifactId>
      <version>4.0.0.CR3</version>
    </dependency>


  <dependency><groupId>junit</groupId><artifactId>junit</artifactId><version>4.13.2</version></dependency>
  
  </dependencies>
</project>
Your task is 1. Analyze the cause of the errors 2. Decide fix position of the pom file according to the cause 3. Output only the updated partion of pom.xml entries without explanation

### Compilation Errors:
[INFO] Scanning for projects...
[INFO] 
[INFO] --------------------< edu.vision.se:CVE-2019-16869 >--------------------
[INFO] Building io.netty CVE-2019-16869 1.0-SNAPSHOT
[INFO]   from pom.xml
[INFO] --------------------------------[ jar ]---------------------------------
[INFO] 
[INFO] --- maven-clean-plugin:2.5:clean (default-clean) @ CVE-2019-16869 ---
[INFO] Deleting /PoCAdaptation/exploit/result/CVE-2019-16869/4.0.0.CR3/exploit/target
[INFO] 
[INFO] --- maven-resources-plugin:2.6:resources (default-resources) @ CVE-2019-16869 ---
[INFO] Using 'UTF-8' encoding to copy filtered resources.
[INFO] skip non existing resourceDirectory /PoCAdaptation/exploit/result/CVE-2019-16869/4.0.0.CR3/exploit/src/main/resources
[INFO] 
[INFO] --- maven-compiler-plugin:3.1:compile (default-compile) @ CVE-2019-16869 ---
[INFO] No sources to compile
[INFO] 
[INFO] --- maven-resources-plugin:2.6:testResources (default-testResources) @ CVE-2019-16869 ---
[INFO] Using 'UTF-8' encoding to copy filtered resources.
[INFO] skip non existing resourceDirectory /PoCAdaptation/exploit/result/CVE-2019-16869/4.0.0.CR3/exploit/src/test/resources
[INFO] 
[INFO] --- maven-compiler-plugin:3.1:testCompile (default-testCompile) @ CVE-2019-16869 ---
[INFO] Changes detected - recompiling the module!
[INFO] Compiling 1 source file to /PoCAdaptation/exploit/result/CVE-2019-16869/4.0.0.CR3/exploit/target/test-classes
[INFO] -------------------------------------------------------------
[ERROR] COMPILATION ERROR : 
[INFO] -------------------------------------------------------------
[ERROR] /PoCAdaptation/exploit/result/CVE-2019-16869/4.0.0.CR3/exploit/src/test/java/edu/vision/se/Testcase1.java:[4,33] cannot find symbol
  symbol:   class EmbeddedChannel
  location: package io.netty.channel.embedded
[ERROR] /PoCAdaptation/exploit/result/CVE-2019-16869/4.0.0.CR3/exploit/src/test/java/edu/vision/se/Testcase1.java:[25,37] cannot find symbol
  symbol:   class EmbeddedChannel
  location: class edu.vision.se.Testcase1
[ERROR] /PoCAdaptation/exploit/result/CVE-2019-16869/4.0.0.CR3/exploit/src/test/java/edu/vision/se/Testcase1.java:[17,9] cannot find symbol
  symbol:   class EmbeddedChannel
  location: class edu.vision.se.Testcase1
[ERROR] /PoCAdaptation/exploit/result/CVE-2019-16869/4.0.0.CR3/exploit/src/test/java/edu/vision/se/Testcase1.java:[17,39] cannot find symbol
  symbol:   class EmbeddedChannel
  location: class edu.vision.se.Testcase1
[INFO] 4 errors 
[INFO] -------------------------------------------------------------
[INFO] ------------------------------------------------------------------------
[INFO] BUILD FAILURE
[INFO] ------------------------------------------------------------------------
[INFO] Total time:  1.013 s
[INFO] Finished at: 2025-07-13T12:43:02Z
[INFO] ------------------------------------------------------------------------
[ERROR] Failed to execute goal org.apache.maven.plugins:maven-compiler-plugin:3.1:testCompile (default-testCompile) on project CVE-2019-16869: Compilation failure: Compilation failure: 
[ERROR] /PoCAdaptation/exploit/result/CVE-2019-16869/4.0.0.CR3/exploit/src/test/java/edu/vision/se/Testcase1.java:[4,33] cannot find symbol
[ERROR]   symbol:   class EmbeddedChannel
[ERROR]   location: package io.netty.channel.embedded
[ERROR] /PoCAdaptation/exploit/result/CVE-2019-16869/4.0.0.CR3/exploit/src/test/java/edu/vision/se/Testcase1.java:[25,37] cannot find symbol
[ERROR]   symbol:   class EmbeddedChannel
[ERROR]   location: class edu.vision.se.Testcase1
[ERROR] /PoCAdaptation/exploit/result/CVE-2019-16869/4.0.0.CR3/exploit/src/test/java/edu/vision/se/Testcase1.java:[17,9] cannot find symbol
[ERROR]   symbol:   class EmbeddedChannel
[ERROR]   location: class edu.vision.se.Testcase1
[ERROR] /PoCAdaptation/exploit/result/CVE-2019-16869/4.0.0.CR3/exploit/src/test/java/edu/vision/se/Testcase1.java:[17,39] cannot find symbol
[ERROR]   symbol:   class EmbeddedChannel
[ERROR]   location: class edu.vision.se.Testcase1
[ERROR] -> [Help 1]
[ERROR] 
[ERROR] To see the full stack trace of the errors, re-run Maven with the -e switch.
[ERROR] Re-run Maven using the -X switch to enable full debug logging.
[ERROR] 
[ERROR] For more information about the errors and possible solutions, please read the following articles:
[ERROR] [Help 1] http://cwiki.apache.org/confluence/display/MAVEN/MojoFailureException


[LLMClient] Response: 
Based on the error and the diff shown, the issue is that the test code is using `EmbeddedChannel` which was changed from `EmbeddedByteChannel` in the code, but the required dependencies for `EmbeddedChannel` are missing in the pom file. Here's the updated portion of the pom.xml to add the necessary dependencies:

```xml
<dependencies>
    <dependency>
      <groupId>io.netty</groupId>
      <artifactId>netty-codec-http</artifactId>
      <version>4.0.0.CR3</version>
    </dependency>
    <dependency>
      <groupId>io.netty</groupId>
      <artifactId>netty-transport</artifactId>
      <version>4.0.0.CR3</version>
    </dependency>
    <dependency>
      <groupId>io.netty</groupId>
      <artifactId>netty-buffer</artifactId>
      <version>4.0.0.CR3</version>
    </dependency>
    <dependency>
      <groupId>io.netty</groupId>
      <artifactId>netty-common</artifactId>
      <version>4.0.0.CR3</version>
    </dependency>

    <dependency><groupId>junit</groupId><artifactId>junit</artifactId><version>4.13.2</version></dependency>
  
</dependencies>
```
[Adapter] ~ Updating version of io.netty:netty-codec-http to 4.0.0.CR3
[Adapter] + Adding new dependency io.netty:netty-transport:4.0.0.CR3
[Adapter] + Adding new dependency io.netty:netty-buffer:4.0.0.CR3
[Adapter] + Adding new dependency io.netty:netty-common:4.0.0.CR3
[Adapter] ~ Updating version of junit:junit to 4.13.2
[Adapter] âœ“ pom.xml successfully updated.
[96m[Executor] Executing exploit for CVE-2019-16869 on version 4.0.0.CR3...[0m
[96m[Verifier] Verifying reproduction...[0m
[91m[Verifier] âœ— Behavior not found: 'java.lang.AssertionError'[0m
[91m[Executor] Reproduction result: Failure[0m
[LLMClient] Tokens used: 1944 (prompt), 337 (completion), 2281 (total)
[LLMClient] Prompt: 
You are given an error when executing test in in 4.0.0.CR3:io.netty:netty-codec-http
This test file compiles and runs successfully in 4.0.0.CR4.

You are NOT allowed to change the version of the dependency io.netty:netty-codec-http.
Your task is to solve the problem by changing the pom file of the project. You can update other library to any versions
Current pom file is <?xml version='1.0' encoding='utf-8'?>
<project xmlns="http://maven.apache.org/POM/4.0.0" xmlns:xsi="http://www.w3.org/2001/XMLSchema-instance" xsi:schemaLocation="http://maven.apache.org/POM/4.0.0 https://maven.apache.org/xsd/maven-4.0.0.xsd">
  <groupId>edu.vision.se</groupId><version>1.0-SNAPSHOT</version><modelVersion>4.0.0</modelVersion>
  <artifactId>CVE-2019-16869</artifactId>
  <name>io.netty CVE-2019-16869</name>
   <properties>
    <maven.compiler.target>11</maven.compiler.target>
    <maven.compiler.source>11</maven.compiler.source>
    <project.build.sourceEncoding>UTF-8</project.build.sourceEncoding>
  </properties>
  
  <dependencies>
    <dependency>
      <groupId>io.netty</groupId>
      <artifactId>netty-codec-http</artifactId>
      <version>4.0.0.CR3</version>
    </dependency>


  <dependency><groupId>junit</groupId><artifactId>junit</artifactId><version>4.13.2</version></dependency>
  
  <dependency>
      <groupId>io.netty</groupId>
      <artifactId>netty-transport</artifactId>
      <version>4.0.0.CR3</version>
    </dependency>
    <dependency>
      <groupId>io.netty</groupId>
      <artifactId>netty-buffer</artifactId>
      <version>4.0.0.CR3</version>
    </dependency>
    <dependency>
      <groupId>io.netty</groupId>
      <artifactId>netty-common</artifactId>
      <version>4.0.0.CR3</version>
    </dependency>

    </dependencies>
</project>
Your task is 1. Analyze the cause of the errors 2. Decide fix position of the pom file according to the cause 3. Output only the updated partion of pom.xml entries without explanation

### Compilation Errors:
[INFO] Scanning for projects...
[INFO] 
[INFO] --------------------< edu.vision.se:CVE-2019-16869 >--------------------
[INFO] Building io.netty CVE-2019-16869 1.0-SNAPSHOT
[INFO]   from pom.xml
[INFO] --------------------------------[ jar ]---------------------------------
[INFO] 
[INFO] --- maven-clean-plugin:2.5:clean (default-clean) @ CVE-2019-16869 ---
[INFO] Deleting /PoCAdaptation/exploit/result/CVE-2019-16869/4.0.0.CR3/exploit/target
[INFO] 
[INFO] --- maven-resources-plugin:2.6:resources (default-resources) @ CVE-2019-16869 ---
[INFO] Using 'UTF-8' encoding to copy filtered resources.
[INFO] skip non existing resourceDirectory /PoCAdaptation/exploit/result/CVE-2019-16869/4.0.0.CR3/exploit/src/main/resources
[INFO] 
[INFO] --- maven-compiler-plugin:3.1:compile (default-compile) @ CVE-2019-16869 ---
[INFO] No sources to compile
[INFO] 
[INFO] --- maven-resources-plugin:2.6:testResources (default-testResources) @ CVE-2019-16869 ---
[INFO] Using 'UTF-8' encoding to copy filtered resources.
[INFO] skip non existing resourceDirectory /PoCAdaptation/exploit/result/CVE-2019-16869/4.0.0.CR3/exploit/src/test/resources
[INFO] 
[INFO] --- maven-compiler-plugin:3.1:testCompile (default-testCompile) @ CVE-2019-16869 ---
[INFO] Changes detected - recompiling the module!
[INFO] Compiling 1 source file to /PoCAdaptation/exploit/result/CVE-2019-16869/4.0.0.CR3/exploit/target/test-classes
[INFO] -------------------------------------------------------------
[ERROR] COMPILATION ERROR : 
[INFO] -------------------------------------------------------------
[ERROR] /PoCAdaptation/exploit/result/CVE-2019-16869/4.0.0.CR3/exploit/src/test/java/edu/vision/se/Testcase1.java:[4,33] cannot find symbol
  symbol:   class EmbeddedChannel
  location: package io.netty.channel.embedded
[ERROR] /PoCAdaptation/exploit/result/CVE-2019-16869/4.0.0.CR3/exploit/src/test/java/edu/vision/se/Testcase1.java:[25,37] cannot find symbol
  symbol:   class EmbeddedChannel
  location: class edu.vision.se.Testcase1
[ERROR] /PoCAdaptation/exploit/result/CVE-2019-16869/4.0.0.CR3/exploit/src/test/java/edu/vision/se/Testcase1.java:[17,9] cannot find symbol
  symbol:   class EmbeddedChannel
  location: class edu.vision.se.Testcase1
[ERROR] /PoCAdaptation/exploit/result/CVE-2019-16869/4.0.0.CR3/exploit/src/test/java/edu/vision/se/Testcase1.java:[17,39] cannot find symbol
  symbol:   class EmbeddedChannel
  location: class edu.vision.se.Testcase1
[INFO] 4 errors 
[INFO] -------------------------------------------------------------
[INFO] ------------------------------------------------------------------------
[INFO] BUILD FAILURE
[INFO] ------------------------------------------------------------------------
[INFO] Total time:  1.110 s
[INFO] Finished at: 2025-07-13T12:43:20Z
[INFO] ------------------------------------------------------------------------
[ERROR] Failed to execute goal org.apache.maven.plugins:maven-compiler-plugin:3.1:testCompile (default-testCompile) on project CVE-2019-16869: Compilation failure: Compilation failure: 
[ERROR] /PoCAdaptation/exploit/result/CVE-2019-16869/4.0.0.CR3/exploit/src/test/java/edu/vision/se/Testcase1.java:[4,33] cannot find symbol
[ERROR]   symbol:   class EmbeddedChannel
[ERROR]   location: package io.netty.channel.embedded
[ERROR] /PoCAdaptation/exploit/result/CVE-2019-16869/4.0.0.CR3/exploit/src/test/java/edu/vision/se/Testcase1.java:[25,37] cannot find symbol
[ERROR]   symbol:   class EmbeddedChannel
[ERROR]   location: class edu.vision.se.Testcase1
[ERROR] /PoCAdaptation/exploit/result/CVE-2019-16869/4.0.0.CR3/exploit/src/test/java/edu/vision/se/Testcase1.java:[17,9] cannot find symbol
[ERROR]   symbol:   class EmbeddedChannel
[ERROR]   location: class edu.vision.se.Testcase1
[ERROR] /PoCAdaptation/exploit/result/CVE-2019-16869/4.0.0.CR3/exploit/src/test/java/edu/vision/se/Testcase1.java:[17,39] cannot find symbol
[ERROR]   symbol:   class EmbeddedChannel
[ERROR]   location: class edu.vision.se.Testcase1
[ERROR] -> [Help 1]
[ERROR] 
[ERROR] To see the full stack trace of the errors, re-run Maven with the -e switch.
[ERROR] Re-run Maven using the -X switch to enable full debug logging.
[ERROR] 
[ERROR] For more information about the errors and possible solutions, please read the following articles:
[ERROR] [Help 1] http://cwiki.apache.org/confluence/display/MAVEN/MojoFailureException


[LLMClient] Response: 
The error indicates that the `EmbeddedChannel` class from `io.netty.channel.embedded` package is missing. This class is part of `netty-transport` module, but likely wasn't included in the early CR3 version or was in a different artifact. Here's the updated pom.xml portion:

```xml
<dependencies>
    <dependency>
      <groupId>io.netty</groupId>
      <artifactId>netty-codec-http</artifactId>
      <version>4.0.0.CR3</version>
    </dependency>

    <dependency>
      <groupId>junit</groupId>
      <artifactId>junit</artifactId>
      <version>4.13.2</version>
    </dependency>
  
    <dependency>
      <groupId>io.netty</groupId>
      <artifactId>netty-transport</artifactId>
      <version>4.0.0.CR3</version>
    </dependency>
    <dependency>
      <groupId>io.netty</groupId>
      <artifactId>netty-buffer</artifactId>
      <version>4.0.0.CR3</version>
    </dependency>
    <dependency>
      <groupId>io.netty</groupId>
      <artifactId>netty-common</artifactId>
      <version>4.0.0.CR3</version>
    </dependency>
    <dependency>
      <groupId>io.netty</groupId>
      <artifactId>netty-handler</artifactId>
      <version>4.0.0.CR3</version>
    </dependency>
</dependencies>
```
[Adapter] ~ Updating version of io.netty:netty-codec-http to 4.0.0.CR3
[Adapter] ~ Updating version of junit:junit to 4.13.2
[Adapter] ~ Updating version of io.netty:netty-transport to 4.0.0.CR3
[Adapter] ~ Updating version of io.netty:netty-buffer to 4.0.0.CR3
[Adapter] ~ Updating version of io.netty:netty-common to 4.0.0.CR3
[Adapter] + Adding new dependency io.netty:netty-handler:4.0.0.CR3
[Adapter] âœ“ pom.xml successfully updated.
[96m[Executor] Executing exploit for CVE-2019-16869 on version 4.0.0.CR3...[0m
[96m[Verifier] Verifying reproduction...[0m
[91m[Verifier] âœ— Behavior not found: 'java.lang.AssertionError'[0m
[91m[Executor] Reproduction result: Failure[0m
[96m[RepairModule] Iteration 5, temperature 0.240: Trying diff #(136, 146) with score 10.00[0m
[LLMClient] Tokens used: 2297 (prompt), 223 (completion), 2520 (total)
[LLMClient] Prompt: 
You are given an error when executing test in in 4.0.0.CR3:io.netty:netty-codec-http
This test file compiles and runs successfully in 4.0.0.CR4.

Related diff is Operation: MODIFIED, File: codec-http/src/main/java/io/netty/handler/codec/http/HttpContentCompressor.java, Hunk: @@ -15,7 +15,7 @@
  */
 package io.netty.handler.codec.http;

-import io.netty.channel.embedded.EmbeddedByteChannel;
+import io.netty.channel.embedded.EmbeddedChannel;
 import io.netty.handler.codec.compression.ZlibCodecFactory;
 import io.netty.handler.codec.compression.ZlibWrapper;
 import io.netty.util.internal.StringUtil;
Operation: MODIFIED, File: codec-http/src/main/java/io/netty/handler/codec/http/HttpContentEncoder.java, Hunk: @@ -15,25 +15,24 @@
  */
 package io.netty.handler.codec.http;

-import io.netty.buffer.BufUtil;
 import io.netty.buffer.ByteBuf;
 import io.netty.buffer.ByteBufHolder;
-import io.netty.buffer.MessageBuf;
+import io.netty.buffer.ByteBufUtil;
 import io.netty.buffer.Unpooled;
 import io.netty.channel.ChannelHandlerContext;
-import io.netty.channel.embedded.EmbeddedByteChannel;
+import io.netty.channel.MessageList;
+import io.netty.channel.embedded.EmbeddedChannel;
 import io.netty.handler.codec.MessageToMessageCodec;
 import io.netty.handler.codec.http.HttpHeaders.Names;
 import io.netty.handler.codec.http.HttpHeaders.Values;

 import java.util.ArrayDeque;
-import java.util.Collections;
 import java.util.Queue;

 /**
  * Encodes the content of the outbound {@link HttpResponse} and {@link HttpContent}.
  * The original content is replaced with the new content encoded by the
- * {@link EmbeddedByteChannel}, which is created by {@link #beginEncode(HttpResponse, String)}.
+ * {@link EmbeddedChannel}, which is created by {@link #beginEncode(HttpResponse, String)}.
  * Once encoding is finished, the value of the <tt>'Content-Encoding'</tt> header
  * is set to the target content encoding, as returned by
  * {@link #beginEncode(HttpResponse, String)}.

You are NOT allowed to change the version of the dependency io.netty:netty-codec-http.
Your task is to solve the problem by changing the pom file of the project
Current pom file is <?xml version='1.0' encoding='utf-8'?>
<project xmlns="http://maven.apache.org/POM/4.0.0" xmlns:xsi="http://www.w3.org/2001/XMLSchema-instance" xsi:schemaLocation="http://maven.apache.org/POM/4.0.0 https://maven.apache.org/xsd/maven-4.0.0.xsd">
  <groupId>edu.vision.se</groupId><version>1.0-SNAPSHOT</version><modelVersion>4.0.0</modelVersion>
  <artifactId>CVE-2019-16869</artifactId>
  <name>io.netty CVE-2019-16869</name>
   <properties>
    <maven.compiler.target>11</maven.compiler.target>
    <maven.compiler.source>11</maven.compiler.source>
    <project.build.sourceEncoding>UTF-8</project.build.sourceEncoding>
  </properties>
  
  <dependencies>
    <dependency>
      <groupId>io.netty</groupId>
      <artifactId>netty-codec-http</artifactId>
      <version>4.0.0.CR3</version>
    </dependency>


  <dependency><groupId>junit</groupId><artifactId>junit</artifactId><version>4.13.2</version></dependency>
  
  </dependencies>
</project>
Your task is 1. Analyze the cause of the errors 2. Decide fix position of the pom file according to the cause 3. Output only the updated partion of pom.xml entries without explanation

### Compilation Errors:
[INFO] Scanning for projects...
[INFO] 
[INFO] --------------------< edu.vision.se:CVE-2019-16869 >--------------------
[INFO] Building io.netty CVE-2019-16869 1.0-SNAPSHOT
[INFO]   from pom.xml
[INFO] --------------------------------[ jar ]---------------------------------
[INFO] 
[INFO] --- maven-clean-plugin:2.5:clean (default-clean) @ CVE-2019-16869 ---
[INFO] Deleting /PoCAdaptation/exploit/result/CVE-2019-16869/4.0.0.CR3/exploit/target
[INFO] 
[INFO] --- maven-resources-plugin:2.6:resources (default-resources) @ CVE-2019-16869 ---
[INFO] Using 'UTF-8' encoding to copy filtered resources.
[INFO] skip non existing resourceDirectory /PoCAdaptation/exploit/result/CVE-2019-16869/4.0.0.CR3/exploit/src/main/resources
[INFO] 
[INFO] --- maven-compiler-plugin:3.1:compile (default-compile) @ CVE-2019-16869 ---
[INFO] No sources to compile
[INFO] 
[INFO] --- maven-resources-plugin:2.6:testResources (default-testResources) @ CVE-2019-16869 ---
[INFO] Using 'UTF-8' encoding to copy filtered resources.
[INFO] skip non existing resourceDirectory /PoCAdaptation/exploit/result/CVE-2019-16869/4.0.0.CR3/exploit/src/test/resources
[INFO] 
[INFO] --- maven-compiler-plugin:3.1:testCompile (default-testCompile) @ CVE-2019-16869 ---
[INFO] Changes detected - recompiling the module!
[INFO] Compiling 1 source file to /PoCAdaptation/exploit/result/CVE-2019-16869/4.0.0.CR3/exploit/target/test-classes
[INFO] -------------------------------------------------------------
[ERROR] COMPILATION ERROR : 
[INFO] -------------------------------------------------------------
[ERROR] /PoCAdaptation/exploit/result/CVE-2019-16869/4.0.0.CR3/exploit/src/test/java/edu/vision/se/Testcase1.java:[4,33] cannot find symbol
  symbol:   class EmbeddedChannel
  location: package io.netty.channel.embedded
[ERROR] /PoCAdaptation/exploit/result/CVE-2019-16869/4.0.0.CR3/exploit/src/test/java/edu/vision/se/Testcase1.java:[25,37] cannot find symbol
  symbol:   class EmbeddedChannel
  location: class edu.vision.se.Testcase1
[ERROR] /PoCAdaptation/exploit/result/CVE-2019-16869/4.0.0.CR3/exploit/src/test/java/edu/vision/se/Testcase1.java:[17,9] cannot find symbol
  symbol:   class EmbeddedChannel
  location: class edu.vision.se.Testcase1
[ERROR] /PoCAdaptation/exploit/result/CVE-2019-16869/4.0.0.CR3/exploit/src/test/java/edu/vision/se/Testcase1.java:[17,39] cannot find symbol
  symbol:   class EmbeddedChannel
  location: class edu.vision.se.Testcase1
[INFO] 4 errors 
[INFO] -------------------------------------------------------------
[INFO] ------------------------------------------------------------------------
[INFO] BUILD FAILURE
[INFO] ------------------------------------------------------------------------
[INFO] Total time:  0.982 s
[INFO] Finished at: 2025-07-13T12:43:38Z
[INFO] ------------------------------------------------------------------------
[ERROR] Failed to execute goal org.apache.maven.plugins:maven-compiler-plugin:3.1:testCompile (default-testCompile) on project CVE-2019-16869: Compilation failure: Compilation failure: 
[ERROR] /PoCAdaptation/exploit/result/CVE-2019-16869/4.0.0.CR3/exploit/src/test/java/edu/vision/se/Testcase1.java:[4,33] cannot find symbol
[ERROR]   symbol:   class EmbeddedChannel
[ERROR]   location: package io.netty.channel.embedded
[ERROR] /PoCAdaptation/exploit/result/CVE-2019-16869/4.0.0.CR3/exploit/src/test/java/edu/vision/se/Testcase1.java:[25,37] cannot find symbol
[ERROR]   symbol:   class EmbeddedChannel
[ERROR]   location: class edu.vision.se.Testcase1
[ERROR] /PoCAdaptation/exploit/result/CVE-2019-16869/4.0.0.CR3/exploit/src/test/java/edu/vision/se/Testcase1.java:[17,9] cannot find symbol
[ERROR]   symbol:   class EmbeddedChannel
[ERROR]   location: class edu.vision.se.Testcase1
[ERROR] /PoCAdaptation/exploit/result/CVE-2019-16869/4.0.0.CR3/exploit/src/test/java/edu/vision/se/Testcase1.java:[17,39] cannot find symbol
[ERROR]   symbol:   class EmbeddedChannel
[ERROR]   location: class edu.vision.se.Testcase1
[ERROR] -> [Help 1]
[ERROR] 
[ERROR] To see the full stack trace of the errors, re-run Maven with the -e switch.
[ERROR] Re-run Maven using the -X switch to enable full debug logging.
[ERROR] 
[ERROR] For more information about the errors and possible solutions, please read the following articles:
[ERROR] [Help 1] http://cwiki.apache.org/confluence/display/MAVEN/MojoFailureException


[LLMClient] Response: 
Based on the error and the diff shown, the issue is that the test code is using `EmbeddedChannel` which was renamed from `EmbeddedByteChannel` in the codec-http module. Since we can't change the netty-codec-http version, we need to add the netty-transport dependency which contains the `EmbeddedChannel` class.

Here's the updated pom.xml portion:

```xml
<dependencies>
    <dependency>
      <groupId>io.netty</groupId>
      <artifactId>netty-codec-http</artifactId>
      <version>4.0.0.CR3</version>
    </dependency>
    <dependency>
      <groupId>io.netty</groupId>
      <artifactId>netty-transport</artifactId>
      <version>4.0.0.CR3</version>
    </dependency>
    <dependency>
      <groupId>junit</groupId>
      <artifactId>junit</artifactId>
      <version>4.13.2</version>
    </dependency>
</dependencies>
```
[Adapter] ~ Updating version of io.netty:netty-codec-http to 4.0.0.CR3
[Adapter] + Adding new dependency io.netty:netty-transport:4.0.0.CR3
[Adapter] ~ Updating version of junit:junit to 4.13.2
[Adapter] âœ“ pom.xml successfully updated.
[96m[Executor] Executing exploit for CVE-2019-16869 on version 4.0.0.CR3...[0m
[96m[Verifier] Verifying reproduction...[0m
[91m[Verifier] âœ— Behavior not found: 'java.lang.AssertionError'[0m
[91m[Executor] Reproduction result: Failure[0m
[LLMClient] Tokens used: 1856 (prompt), 298 (completion), 2154 (total)
[LLMClient] Prompt: 
You are given an error when executing test in in 4.0.0.CR3:io.netty:netty-codec-http
This test file compiles and runs successfully in 4.0.0.CR4.

You are NOT allowed to change the version of the dependency io.netty:netty-codec-http.
Your task is to solve the problem by changing the pom file of the project. You can update other library to any versions
Current pom file is <?xml version='1.0' encoding='utf-8'?>
<project xmlns="http://maven.apache.org/POM/4.0.0" xmlns:xsi="http://www.w3.org/2001/XMLSchema-instance" xsi:schemaLocation="http://maven.apache.org/POM/4.0.0 https://maven.apache.org/xsd/maven-4.0.0.xsd">
  <groupId>edu.vision.se</groupId><version>1.0-SNAPSHOT</version><modelVersion>4.0.0</modelVersion>
  <artifactId>CVE-2019-16869</artifactId>
  <name>io.netty CVE-2019-16869</name>
   <properties>
    <maven.compiler.target>11</maven.compiler.target>
    <maven.compiler.source>11</maven.compiler.source>
    <project.build.sourceEncoding>UTF-8</project.build.sourceEncoding>
  </properties>
  
  <dependencies>
    <dependency>
      <groupId>io.netty</groupId>
      <artifactId>netty-codec-http</artifactId>
      <version>4.0.0.CR3</version>
    </dependency>


  <dependency><groupId>junit</groupId><artifactId>junit</artifactId><version>4.13.2</version></dependency>
  
  <dependency>
      <groupId>io.netty</groupId>
      <artifactId>netty-transport</artifactId>
      <version>4.0.0.CR3</version>
    </dependency>
    </dependencies>
</project>
Your task is 1. Analyze the cause of the errors 2. Decide fix position of the pom file according to the cause 3. Output only the updated partion of pom.xml entries without explanation

### Compilation Errors:
[INFO] Scanning for projects...
[INFO] 
[INFO] --------------------< edu.vision.se:CVE-2019-16869 >--------------------
[INFO] Building io.netty CVE-2019-16869 1.0-SNAPSHOT
[INFO]   from pom.xml
[INFO] --------------------------------[ jar ]---------------------------------
[INFO] 
[INFO] --- maven-clean-plugin:2.5:clean (default-clean) @ CVE-2019-16869 ---
[INFO] Deleting /PoCAdaptation/exploit/result/CVE-2019-16869/4.0.0.CR3/exploit/target
[INFO] 
[INFO] --- maven-resources-plugin:2.6:resources (default-resources) @ CVE-2019-16869 ---
[INFO] Using 'UTF-8' encoding to copy filtered resources.
[INFO] skip non existing resourceDirectory /PoCAdaptation/exploit/result/CVE-2019-16869/4.0.0.CR3/exploit/src/main/resources
[INFO] 
[INFO] --- maven-compiler-plugin:3.1:compile (default-compile) @ CVE-2019-16869 ---
[INFO] No sources to compile
[INFO] 
[INFO] --- maven-resources-plugin:2.6:testResources (default-testResources) @ CVE-2019-16869 ---
[INFO] Using 'UTF-8' encoding to copy filtered resources.
[INFO] skip non existing resourceDirectory /PoCAdaptation/exploit/result/CVE-2019-16869/4.0.0.CR3/exploit/src/test/resources
[INFO] 
[INFO] --- maven-compiler-plugin:3.1:testCompile (default-testCompile) @ CVE-2019-16869 ---
[INFO] Changes detected - recompiling the module!
[INFO] Compiling 1 source file to /PoCAdaptation/exploit/result/CVE-2019-16869/4.0.0.CR3/exploit/target/test-classes
[INFO] -------------------------------------------------------------
[ERROR] COMPILATION ERROR : 
[INFO] -------------------------------------------------------------
[ERROR] /PoCAdaptation/exploit/result/CVE-2019-16869/4.0.0.CR3/exploit/src/test/java/edu/vision/se/Testcase1.java:[4,33] cannot find symbol
  symbol:   class EmbeddedChannel
  location: package io.netty.channel.embedded
[ERROR] /PoCAdaptation/exploit/result/CVE-2019-16869/4.0.0.CR3/exploit/src/test/java/edu/vision/se/Testcase1.java:[25,37] cannot find symbol
  symbol:   class EmbeddedChannel
  location: class edu.vision.se.Testcase1
[ERROR] /PoCAdaptation/exploit/result/CVE-2019-16869/4.0.0.CR3/exploit/src/test/java/edu/vision/se/Testcase1.java:[17,9] cannot find symbol
  symbol:   class EmbeddedChannel
  location: class edu.vision.se.Testcase1
[ERROR] /PoCAdaptation/exploit/result/CVE-2019-16869/4.0.0.CR3/exploit/src/test/java/edu/vision/se/Testcase1.java:[17,39] cannot find symbol
  symbol:   class EmbeddedChannel
  location: class edu.vision.se.Testcase1
[INFO] 4 errors 
[INFO] -------------------------------------------------------------
[INFO] ------------------------------------------------------------------------
[INFO] BUILD FAILURE
[INFO] ------------------------------------------------------------------------
[INFO] Total time:  0.924 s
[INFO] Finished at: 2025-07-13T12:43:55Z
[INFO] ------------------------------------------------------------------------
[ERROR] Failed to execute goal org.apache.maven.plugins:maven-compiler-plugin:3.1:testCompile (default-testCompile) on project CVE-2019-16869: Compilation failure: Compilation failure: 
[ERROR] /PoCAdaptation/exploit/result/CVE-2019-16869/4.0.0.CR3/exploit/src/test/java/edu/vision/se/Testcase1.java:[4,33] cannot find symbol
[ERROR]   symbol:   class EmbeddedChannel
[ERROR]   location: package io.netty.channel.embedded
[ERROR] /PoCAdaptation/exploit/result/CVE-2019-16869/4.0.0.CR3/exploit/src/test/java/edu/vision/se/Testcase1.java:[25,37] cannot find symbol
[ERROR]   symbol:   class EmbeddedChannel
[ERROR]   location: class edu.vision.se.Testcase1
[ERROR] /PoCAdaptation/exploit/result/CVE-2019-16869/4.0.0.CR3/exploit/src/test/java/edu/vision/se/Testcase1.java:[17,9] cannot find symbol
[ERROR]   symbol:   class EmbeddedChannel
[ERROR]   location: class edu.vision.se.Testcase1
[ERROR] /PoCAdaptation/exploit/result/CVE-2019-16869/4.0.0.CR3/exploit/src/test/java/edu/vision/se/Testcase1.java:[17,39] cannot find symbol
[ERROR]   symbol:   class EmbeddedChannel
[ERROR]   location: class edu.vision.se.Testcase1
[ERROR] -> [Help 1]
[ERROR] 
[ERROR] To see the full stack trace of the errors, re-run Maven with the -e switch.
[ERROR] Re-run Maven using the -X switch to enable full debug logging.
[ERROR] 
[ERROR] For more information about the errors and possible solutions, please read the following articles:
[ERROR] [Help 1] http://cwiki.apache.org/confluence/display/MAVEN/MojoFailureException


[LLMClient] Response: 
The error indicates that the `EmbeddedChannel` class from `io.netty.channel.embedded` package is missing. This class is typically provided by `netty-transport` dependency, but in version 4.0.0.CR3 it might be in a different artifact. Here's the updated pom.xml portion:

```xml
<dependencies>
  <dependency>
    <groupId>io.netty</groupId>
    <artifactId>netty-codec-http</artifactId>
    <version>4.0.0.CR3</version>
  </dependency>

  <dependency>
    <groupId>junit</groupId>
    <artifactId>junit</artifactId>
    <version>4.13.2</version>
  </dependency>
  
  <dependency>
    <groupId>io.netty</groupId>
    <artifactId>netty-transport</artifactId>
    <version>4.0.0.CR3</version>
  </dependency>
  
  <dependency>
    <groupId>io.netty</groupId>
    <artifactId>netty-common</artifactId>
    <version>4.0.0.CR3</version>
  </dependency>
  
  <dependency>
    <groupId>io.netty</groupId>
    <artifactId>netty-buffer</artifactId>
    <version>4.0.0.CR3</version>
  </dependency>
</dependencies>
```
[Adapter] ~ Updating version of io.netty:netty-codec-http to 4.0.0.CR3
[Adapter] ~ Updating version of junit:junit to 4.13.2
[Adapter] ~ Updating version of io.netty:netty-transport to 4.0.0.CR3
[Adapter] + Adding new dependency io.netty:netty-common:4.0.0.CR3
[Adapter] + Adding new dependency io.netty:netty-buffer:4.0.0.CR3
[Adapter] âœ“ pom.xml successfully updated.
[96m[Executor] Executing exploit for CVE-2019-16869 on version 4.0.0.CR3...[0m
[96m[Verifier] Verifying reproduction...[0m
[91m[Verifier] âœ— Behavior not found: 'java.lang.AssertionError'[0m
[91m[Executor] Reproduction result: Failure[0m
[96m[RepairModule] Iteration 6, temperature 0.168: Trying diff #(138, 146) with score 10.00[0m
[LLMClient] Tokens used: 2508 (prompt), 222 (completion), 2730 (total)
[LLMClient] Prompt: 
You are given an error when executing test in in 4.0.0.CR3:io.netty:netty-codec-http
This test file compiles and runs successfully in 4.0.0.CR4.

Related diff is Operation: MODIFIED, File: codec-http/src/main/java/io/netty/handler/codec/http/HttpContentDecoder.java, Hunk: @@ -15,21 +15,19 @@
  */
 package io.netty.handler.codec.http;

-import io.netty.buffer.BufUtil;
 import io.netty.buffer.ByteBuf;
 import io.netty.buffer.ByteBufHolder;
-import io.netty.buffer.MessageBuf;
+import io.netty.buffer.ByteBufUtil;
 import io.netty.buffer.Unpooled;
 import io.netty.channel.ChannelHandlerContext;
-import io.netty.channel.embedded.EmbeddedByteChannel;
+import io.netty.channel.MessageList;
+import io.netty.channel.embedded.EmbeddedChannel;
 import io.netty.handler.codec.MessageToMessageDecoder;

-import java.util.Collections;
-
 /**
  * Decodes the content of the received {@link HttpRequest} and {@link HttpContent}.
  * The original content is replaced with the new content decoded by the
- * {@link EmbeddedByteChannel}, which is created by {@link #newContentDecoder(String)}.
+ * {@link EmbeddedChannel}, which is created by {@link #newContentDecoder(String)}.
  * Once decoding is finished, the value of the <tt>'Content-Encoding'</tt>
  * header is set to the target content encoding, as returned by {@link #getTargetContentEncoding(String)}.
  * Also, the <tt>'Content-Length'</tt> header is updated to the length of the
Operation: MODIFIED, File: codec-http/src/main/java/io/netty/handler/codec/http/HttpContentEncoder.java, Hunk: @@ -15,25 +15,24 @@
  */
 package io.netty.handler.codec.http;

-import io.netty.buffer.BufUtil;
 import io.netty.buffer.ByteBuf;
 import io.netty.buffer.ByteBufHolder;
-import io.netty.buffer.MessageBuf;
+import io.netty.buffer.ByteBufUtil;
 import io.netty.buffer.Unpooled;
 import io.netty.channel.ChannelHandlerContext;
-import io.netty.channel.embedded.EmbeddedByteChannel;
+import io.netty.channel.MessageList;
+import io.netty.channel.embedded.EmbeddedChannel;
 import io.netty.handler.codec.MessageToMessageCodec;
 import io.netty.handler.codec.http.HttpHeaders.Names;
 import io.netty.handler.codec.http.HttpHeaders.Values;

 import java.util.ArrayDeque;
-import java.util.Collections;
 import java.util.Queue;

 /**
  * Encodes the content of the outbound {@link HttpResponse} and {@link HttpContent}.
  * The original content is replaced with the new content encoded by the
- * {@link EmbeddedByteChannel}, which is created by {@link #beginEncode(HttpResponse, String)}.
+ * {@link EmbeddedChannel}, which is created by {@link #beginEncode(HttpResponse, String)}.
  * Once encoding is finished, the value of the <tt>'Content-Encoding'</tt> header
  * is set to the target content encoding, as returned by
  * {@link #beginEncode(HttpResponse, String)}.

You are NOT allowed to change the version of the dependency io.netty:netty-codec-http.
Your task is to solve the problem by changing the pom file of the project
Current pom file is <?xml version='1.0' encoding='utf-8'?>
<project xmlns="http://maven.apache.org/POM/4.0.0" xmlns:xsi="http://www.w3.org/2001/XMLSchema-instance" xsi:schemaLocation="http://maven.apache.org/POM/4.0.0 https://maven.apache.org/xsd/maven-4.0.0.xsd">
  <groupId>edu.vision.se</groupId><version>1.0-SNAPSHOT</version><modelVersion>4.0.0</modelVersion>
  <artifactId>CVE-2019-16869</artifactId>
  <name>io.netty CVE-2019-16869</name>
   <properties>
    <maven.compiler.target>11</maven.compiler.target>
    <maven.compiler.source>11</maven.compiler.source>
    <project.build.sourceEncoding>UTF-8</project.build.sourceEncoding>
  </properties>
  
  <dependencies>
    <dependency>
      <groupId>io.netty</groupId>
      <artifactId>netty-codec-http</artifactId>
      <version>4.0.0.CR3</version>
    </dependency>


  <dependency><groupId>junit</groupId><artifactId>junit</artifactId><version>4.13.2</version></dependency>
  
  </dependencies>
</project>
Your task is 1. Analyze the cause of the errors 2. Decide fix position of the pom file according to the cause 3. Output only the updated partion of pom.xml entries without explanation

### Compilation Errors:
[INFO] Scanning for projects...
[INFO] 
[INFO] --------------------< edu.vision.se:CVE-2019-16869 >--------------------
[INFO] Building io.netty CVE-2019-16869 1.0-SNAPSHOT
[INFO]   from pom.xml
[INFO] --------------------------------[ jar ]---------------------------------
[INFO] 
[INFO] --- maven-clean-plugin:2.5:clean (default-clean) @ CVE-2019-16869 ---
[INFO] Deleting /PoCAdaptation/exploit/result/CVE-2019-16869/4.0.0.CR3/exploit/target
[INFO] 
[INFO] --- maven-resources-plugin:2.6:resources (default-resources) @ CVE-2019-16869 ---
[INFO] Using 'UTF-8' encoding to copy filtered resources.
[INFO] skip non existing resourceDirectory /PoCAdaptation/exploit/result/CVE-2019-16869/4.0.0.CR3/exploit/src/main/resources
[INFO] 
[INFO] --- maven-compiler-plugin:3.1:compile (default-compile) @ CVE-2019-16869 ---
[INFO] No sources to compile
[INFO] 
[INFO] --- maven-resources-plugin:2.6:testResources (default-testResources) @ CVE-2019-16869 ---
[INFO] Using 'UTF-8' encoding to copy filtered resources.
[INFO] skip non existing resourceDirectory /PoCAdaptation/exploit/result/CVE-2019-16869/4.0.0.CR3/exploit/src/test/resources
[INFO] 
[INFO] --- maven-compiler-plugin:3.1:testCompile (default-testCompile) @ CVE-2019-16869 ---
[INFO] Changes detected - recompiling the module!
[INFO] Compiling 1 source file to /PoCAdaptation/exploit/result/CVE-2019-16869/4.0.0.CR3/exploit/target/test-classes
[INFO] -------------------------------------------------------------
[ERROR] COMPILATION ERROR : 
[INFO] -------------------------------------------------------------
[ERROR] /PoCAdaptation/exploit/result/CVE-2019-16869/4.0.0.CR3/exploit/src/test/java/edu/vision/se/Testcase1.java:[4,33] cannot find symbol
  symbol:   class EmbeddedChannel
  location: package io.netty.channel.embedded
[ERROR] /PoCAdaptation/exploit/result/CVE-2019-16869/4.0.0.CR3/exploit/src/test/java/edu/vision/se/Testcase1.java:[25,37] cannot find symbol
  symbol:   class EmbeddedChannel
  location: class edu.vision.se.Testcase1
[ERROR] /PoCAdaptation/exploit/result/CVE-2019-16869/4.0.0.CR3/exploit/src/test/java/edu/vision/se/Testcase1.java:[17,9] cannot find symbol
  symbol:   class EmbeddedChannel
  location: class edu.vision.se.Testcase1
[ERROR] /PoCAdaptation/exploit/result/CVE-2019-16869/4.0.0.CR3/exploit/src/test/java/edu/vision/se/Testcase1.java:[17,39] cannot find symbol
  symbol:   class EmbeddedChannel
  location: class edu.vision.se.Testcase1
[INFO] 4 errors 
[INFO] -------------------------------------------------------------
[INFO] ------------------------------------------------------------------------
[INFO] BUILD FAILURE
[INFO] ------------------------------------------------------------------------
[INFO] Total time:  1.016 s
[INFO] Finished at: 2025-07-13T12:44:12Z
[INFO] ------------------------------------------------------------------------
[ERROR] Failed to execute goal org.apache.maven.plugins:maven-compiler-plugin:3.1:testCompile (default-testCompile) on project CVE-2019-16869: Compilation failure: Compilation failure: 
[ERROR] /PoCAdaptation/exploit/result/CVE-2019-16869/4.0.0.CR3/exploit/src/test/java/edu/vision/se/Testcase1.java:[4,33] cannot find symbol
[ERROR]   symbol:   class EmbeddedChannel
[ERROR]   location: package io.netty.channel.embedded
[ERROR] /PoCAdaptation/exploit/result/CVE-2019-16869/4.0.0.CR3/exploit/src/test/java/edu/vision/se/Testcase1.java:[25,37] cannot find symbol
[ERROR]   symbol:   class EmbeddedChannel
[ERROR]   location: class edu.vision.se.Testcase1
[ERROR] /PoCAdaptation/exploit/result/CVE-2019-16869/4.0.0.CR3/exploit/src/test/java/edu/vision/se/Testcase1.java:[17,9] cannot find symbol
[ERROR]   symbol:   class EmbeddedChannel
[ERROR]   location: class edu.vision.se.Testcase1
[ERROR] /PoCAdaptation/exploit/result/CVE-2019-16869/4.0.0.CR3/exploit/src/test/java/edu/vision/se/Testcase1.java:[17,39] cannot find symbol
[ERROR]   symbol:   class EmbeddedChannel
[ERROR]   location: class edu.vision.se.Testcase1
[ERROR] -> [Help 1]
[ERROR] 
[ERROR] To see the full stack trace of the errors, re-run Maven with the -e switch.
[ERROR] Re-run Maven using the -X switch to enable full debug logging.
[ERROR] 
[ERROR] For more information about the errors and possible solutions, please read the following articles:
[ERROR] [Help 1] http://cwiki.apache.org/confluence/display/MAVEN/MojoFailureException


[LLMClient] Response: 
Based on the error and the diff shown, the issue is that the test code is using `EmbeddedChannel` which was introduced in a later version (CR4), but CR3 uses `EmbeddedByteChannel`. Since we can't change the netty-codec-http version, we need to add the netty-transport dependency which contains the required classes.

Here's the updated pom.xml portion:

```xml
<dependencies>
  <dependency>
    <groupId>io.netty</groupId>
    <artifactId>netty-codec-http</artifactId>
    <version>4.0.0.CR3</version>
  </dependency>
  <dependency>
    <groupId>io.netty</groupId>
    <artifactId>netty-transport</artifactId>
    <version>4.0.0.CR3</version>
  </dependency>
  <dependency>
    <groupId>junit</groupId>
    <artifactId>junit</artifactId>
    <version>4.13.2</version>
  </dependency>
</dependencies>
```
[Adapter] ~ Updating version of io.netty:netty-codec-http to 4.0.0.CR3
[Adapter] + Adding new dependency io.netty:netty-transport:4.0.0.CR3
[Adapter] ~ Updating version of junit:junit to 4.13.2
[Adapter] âœ“ pom.xml successfully updated.
[96m[Executor] Executing exploit for CVE-2019-16869 on version 4.0.0.CR3...[0m
[96m[Verifier] Verifying reproduction...[0m
[91m[Verifier] âœ— Behavior not found: 'java.lang.AssertionError'[0m
[91m[Executor] Reproduction result: Failure[0m
[LLMClient] Tokens used: 1856 (prompt), 276 (completion), 2132 (total)
[LLMClient] Prompt: 
You are given an error when executing test in in 4.0.0.CR3:io.netty:netty-codec-http
This test file compiles and runs successfully in 4.0.0.CR4.

You are NOT allowed to change the version of the dependency io.netty:netty-codec-http.
Your task is to solve the problem by changing the pom file of the project. You can update other library to any versions
Current pom file is <?xml version='1.0' encoding='utf-8'?>
<project xmlns="http://maven.apache.org/POM/4.0.0" xmlns:xsi="http://www.w3.org/2001/XMLSchema-instance" xsi:schemaLocation="http://maven.apache.org/POM/4.0.0 https://maven.apache.org/xsd/maven-4.0.0.xsd">
  <groupId>edu.vision.se</groupId><version>1.0-SNAPSHOT</version><modelVersion>4.0.0</modelVersion>
  <artifactId>CVE-2019-16869</artifactId>
  <name>io.netty CVE-2019-16869</name>
   <properties>
    <maven.compiler.target>11</maven.compiler.target>
    <maven.compiler.source>11</maven.compiler.source>
    <project.build.sourceEncoding>UTF-8</project.build.sourceEncoding>
  </properties>
  
  <dependencies>
    <dependency>
      <groupId>io.netty</groupId>
      <artifactId>netty-codec-http</artifactId>
      <version>4.0.0.CR3</version>
    </dependency>


  <dependency><groupId>junit</groupId><artifactId>junit</artifactId><version>4.13.2</version></dependency>
  
  <dependency>
    <groupId>io.netty</groupId>
    <artifactId>netty-transport</artifactId>
    <version>4.0.0.CR3</version>
  </dependency>
  </dependencies>
</project>
Your task is 1. Analyze the cause of the errors 2. Decide fix position of the pom file according to the cause 3. Output only the updated partion of pom.xml entries without explanation

### Compilation Errors:
[INFO] Scanning for projects...
[INFO] 
[INFO] --------------------< edu.vision.se:CVE-2019-16869 >--------------------
[INFO] Building io.netty CVE-2019-16869 1.0-SNAPSHOT
[INFO]   from pom.xml
[INFO] --------------------------------[ jar ]---------------------------------
[INFO] 
[INFO] --- maven-clean-plugin:2.5:clean (default-clean) @ CVE-2019-16869 ---
[INFO] Deleting /PoCAdaptation/exploit/result/CVE-2019-16869/4.0.0.CR3/exploit/target
[INFO] 
[INFO] --- maven-resources-plugin:2.6:resources (default-resources) @ CVE-2019-16869 ---
[INFO] Using 'UTF-8' encoding to copy filtered resources.
[INFO] skip non existing resourceDirectory /PoCAdaptation/exploit/result/CVE-2019-16869/4.0.0.CR3/exploit/src/main/resources
[INFO] 
[INFO] --- maven-compiler-plugin:3.1:compile (default-compile) @ CVE-2019-16869 ---
[INFO] No sources to compile
[INFO] 
[INFO] --- maven-resources-plugin:2.6:testResources (default-testResources) @ CVE-2019-16869 ---
[INFO] Using 'UTF-8' encoding to copy filtered resources.
[INFO] skip non existing resourceDirectory /PoCAdaptation/exploit/result/CVE-2019-16869/4.0.0.CR3/exploit/src/test/resources
[INFO] 
[INFO] --- maven-compiler-plugin:3.1:testCompile (default-testCompile) @ CVE-2019-16869 ---
[INFO] Changes detected - recompiling the module!
[INFO] Compiling 1 source file to /PoCAdaptation/exploit/result/CVE-2019-16869/4.0.0.CR3/exploit/target/test-classes
[INFO] -------------------------------------------------------------
[ERROR] COMPILATION ERROR : 
[INFO] -------------------------------------------------------------
[ERROR] /PoCAdaptation/exploit/result/CVE-2019-16869/4.0.0.CR3/exploit/src/test/java/edu/vision/se/Testcase1.java:[4,33] cannot find symbol
  symbol:   class EmbeddedChannel
  location: package io.netty.channel.embedded
[ERROR] /PoCAdaptation/exploit/result/CVE-2019-16869/4.0.0.CR3/exploit/src/test/java/edu/vision/se/Testcase1.java:[25,37] cannot find symbol
  symbol:   class EmbeddedChannel
  location: class edu.vision.se.Testcase1
[ERROR] /PoCAdaptation/exploit/result/CVE-2019-16869/4.0.0.CR3/exploit/src/test/java/edu/vision/se/Testcase1.java:[17,9] cannot find symbol
  symbol:   class EmbeddedChannel
  location: class edu.vision.se.Testcase1
[ERROR] /PoCAdaptation/exploit/result/CVE-2019-16869/4.0.0.CR3/exploit/src/test/java/edu/vision/se/Testcase1.java:[17,39] cannot find symbol
  symbol:   class EmbeddedChannel
  location: class edu.vision.se.Testcase1
[INFO] 4 errors 
[INFO] -------------------------------------------------------------
[INFO] ------------------------------------------------------------------------
[INFO] BUILD FAILURE
[INFO] ------------------------------------------------------------------------
[INFO] Total time:  1.103 s
[INFO] Finished at: 2025-07-13T12:44:26Z
[INFO] ------------------------------------------------------------------------
[ERROR] Failed to execute goal org.apache.maven.plugins:maven-compiler-plugin:3.1:testCompile (default-testCompile) on project CVE-2019-16869: Compilation failure: Compilation failure: 
[ERROR] /PoCAdaptation/exploit/result/CVE-2019-16869/4.0.0.CR3/exploit/src/test/java/edu/vision/se/Testcase1.java:[4,33] cannot find symbol
[ERROR]   symbol:   class EmbeddedChannel
[ERROR]   location: package io.netty.channel.embedded
[ERROR] /PoCAdaptation/exploit/result/CVE-2019-16869/4.0.0.CR3/exploit/src/test/java/edu/vision/se/Testcase1.java:[25,37] cannot find symbol
[ERROR]   symbol:   class EmbeddedChannel
[ERROR]   location: class edu.vision.se.Testcase1
[ERROR] /PoCAdaptation/exploit/result/CVE-2019-16869/4.0.0.CR3/exploit/src/test/java/edu/vision/se/Testcase1.java:[17,9] cannot find symbol
[ERROR]   symbol:   class EmbeddedChannel
[ERROR]   location: class edu.vision.se.Testcase1
[ERROR] /PoCAdaptation/exploit/result/CVE-2019-16869/4.0.0.CR3/exploit/src/test/java/edu/vision/se/Testcase1.java:[17,39] cannot find symbol
[ERROR]   symbol:   class EmbeddedChannel
[ERROR]   location: class edu.vision.se.Testcase1
[ERROR] -> [Help 1]
[ERROR] 
[ERROR] To see the full stack trace of the errors, re-run Maven with the -e switch.
[ERROR] Re-run Maven using the -X switch to enable full debug logging.
[ERROR] 
[ERROR] For more information about the errors and possible solutions, please read the following articles:
[ERROR] [Help 1] http://cwiki.apache.org/confluence/display/MAVEN/MojoFailureException


[LLMClient] Response: 
The issue is that `EmbeddedChannel` class is missing, which is part of `netty-transport` but might have been moved or changed in the version you're using. Here's the updated pom.xml portion:

```xml
<dependencies>
  <dependency>
    <groupId>io.netty</groupId>
    <artifactId>netty-codec-http</artifactId>
    <version>4.0.0.CR3</version>
  </dependency>

  <dependency>
    <groupId>junit</groupId>
    <artifactId>junit</artifactId>
    <version>4.13.2</version>
  </dependency>
  
  <dependency>
    <groupId>io.netty</groupId>
    <artifactId>netty-transport</artifactId>
    <version>4.0.0.CR3</version>
  </dependency>
  
  <dependency>
    <groupId>io.netty</groupId>
    <artifactId>netty-common</artifactId>
    <version>4.0.0.CR3</version>
  </dependency>
  
  <dependency>
    <groupId>io.netty</groupId>
    <artifactId>netty-buffer</artifactId>
    <version>4.0.0.CR3</version>
  </dependency>
</dependencies>
```
[Adapter] ~ Updating version of io.netty:netty-codec-http to 4.0.0.CR3
[Adapter] ~ Updating version of junit:junit to 4.13.2
[Adapter] ~ Updating version of io.netty:netty-transport to 4.0.0.CR3
[Adapter] + Adding new dependency io.netty:netty-common:4.0.0.CR3
[Adapter] + Adding new dependency io.netty:netty-buffer:4.0.0.CR3
[Adapter] âœ“ pom.xml successfully updated.
[96m[Executor] Executing exploit for CVE-2019-16869 on version 4.0.0.CR3...[0m
[96m[Verifier] Verifying reproduction...[0m
[91m[Verifier] âœ— Behavior not found: 'java.lang.AssertionError'[0m
[91m[Executor] Reproduction result: Failure[0m
[96m[RepairModule] Iteration 7, temperature 0.118: Trying diff #(136, 138) with score 10.00[0m
[LLMClient] Tokens used: 2267 (prompt), 226 (completion), 2493 (total)
[LLMClient] Prompt: 
You are given an error when executing test in in 4.0.0.CR3:io.netty:netty-codec-http
This test file compiles and runs successfully in 4.0.0.CR4.

Related diff is Operation: MODIFIED, File: codec-http/src/main/java/io/netty/handler/codec/http/HttpContentCompressor.java, Hunk: @@ -15,7 +15,7 @@
  */
 package io.netty.handler.codec.http;

-import io.netty.channel.embedded.EmbeddedByteChannel;
+import io.netty.channel.embedded.EmbeddedChannel;
 import io.netty.handler.codec.compression.ZlibCodecFactory;
 import io.netty.handler.codec.compression.ZlibWrapper;
 import io.netty.util.internal.StringUtil;
Operation: MODIFIED, File: codec-http/src/main/java/io/netty/handler/codec/http/HttpContentDecoder.java, Hunk: @@ -15,21 +15,19 @@
  */
 package io.netty.handler.codec.http;

-import io.netty.buffer.BufUtil;
 import io.netty.buffer.ByteBuf;
 import io.netty.buffer.ByteBufHolder;
-import io.netty.buffer.MessageBuf;
+import io.netty.buffer.ByteBufUtil;
 import io.netty.buffer.Unpooled;
 import io.netty.channel.ChannelHandlerContext;
-import io.netty.channel.embedded.EmbeddedByteChannel;
+import io.netty.channel.MessageList;
+import io.netty.channel.embedded.EmbeddedChannel;
 import io.netty.handler.codec.MessageToMessageDecoder;

-import java.util.Collections;
-
 /**
  * Decodes the content of the received {@link HttpRequest} and {@link HttpContent}.
  * The original content is replaced with the new content decoded by the
- * {@link EmbeddedByteChannel}, which is created by {@link #newContentDecoder(String)}.
+ * {@link EmbeddedChannel}, which is created by {@link #newContentDecoder(String)}.
  * Once decoding is finished, the value of the <tt>'Content-Encoding'</tt>
  * header is set to the target content encoding, as returned by {@link #getTargetContentEncoding(String)}.
  * Also, the <tt>'Content-Length'</tt> header is updated to the length of the

You are NOT allowed to change the version of the dependency io.netty:netty-codec-http.
Your task is to solve the problem by changing the pom file of the project
Current pom file is <?xml version='1.0' encoding='utf-8'?>
<project xmlns="http://maven.apache.org/POM/4.0.0" xmlns:xsi="http://www.w3.org/2001/XMLSchema-instance" xsi:schemaLocation="http://maven.apache.org/POM/4.0.0 https://maven.apache.org/xsd/maven-4.0.0.xsd">
  <groupId>edu.vision.se</groupId><version>1.0-SNAPSHOT</version><modelVersion>4.0.0</modelVersion>
  <artifactId>CVE-2019-16869</artifactId>
  <name>io.netty CVE-2019-16869</name>
   <properties>
    <maven.compiler.target>11</maven.compiler.target>
    <maven.compiler.source>11</maven.compiler.source>
    <project.build.sourceEncoding>UTF-8</project.build.sourceEncoding>
  </properties>
  
  <dependencies>
    <dependency>
      <groupId>io.netty</groupId>
      <artifactId>netty-codec-http</artifactId>
      <version>4.0.0.CR3</version>
    </dependency>


  <dependency><groupId>junit</groupId><artifactId>junit</artifactId><version>4.13.2</version></dependency>
  
  </dependencies>
</project>
Your task is 1. Analyze the cause of the errors 2. Decide fix position of the pom file according to the cause 3. Output only the updated partion of pom.xml entries without explanation

### Compilation Errors:
[INFO] Scanning for projects...
[INFO] 
[INFO] --------------------< edu.vision.se:CVE-2019-16869 >--------------------
[INFO] Building io.netty CVE-2019-16869 1.0-SNAPSHOT
[INFO]   from pom.xml
[INFO] --------------------------------[ jar ]---------------------------------
[INFO] 
[INFO] --- maven-clean-plugin:2.5:clean (default-clean) @ CVE-2019-16869 ---
[INFO] Deleting /PoCAdaptation/exploit/result/CVE-2019-16869/4.0.0.CR3/exploit/target
[INFO] 
[INFO] --- maven-resources-plugin:2.6:resources (default-resources) @ CVE-2019-16869 ---
[INFO] Using 'UTF-8' encoding to copy filtered resources.
[INFO] skip non existing resourceDirectory /PoCAdaptation/exploit/result/CVE-2019-16869/4.0.0.CR3/exploit/src/main/resources
[INFO] 
[INFO] --- maven-compiler-plugin:3.1:compile (default-compile) @ CVE-2019-16869 ---
[INFO] No sources to compile
[INFO] 
[INFO] --- maven-resources-plugin:2.6:testResources (default-testResources) @ CVE-2019-16869 ---
[INFO] Using 'UTF-8' encoding to copy filtered resources.
[INFO] skip non existing resourceDirectory /PoCAdaptation/exploit/result/CVE-2019-16869/4.0.0.CR3/exploit/src/test/resources
[INFO] 
[INFO] --- maven-compiler-plugin:3.1:testCompile (default-testCompile) @ CVE-2019-16869 ---
[INFO] Changes detected - recompiling the module!
[INFO] Compiling 1 source file to /PoCAdaptation/exploit/result/CVE-2019-16869/4.0.0.CR3/exploit/target/test-classes
[INFO] -------------------------------------------------------------
[ERROR] COMPILATION ERROR : 
[INFO] -------------------------------------------------------------
[ERROR] /PoCAdaptation/exploit/result/CVE-2019-16869/4.0.0.CR3/exploit/src/test/java/edu/vision/se/Testcase1.java:[4,33] cannot find symbol
  symbol:   class EmbeddedChannel
  location: package io.netty.channel.embedded
[ERROR] /PoCAdaptation/exploit/result/CVE-2019-16869/4.0.0.CR3/exploit/src/test/java/edu/vision/se/Testcase1.java:[25,37] cannot find symbol
  symbol:   class EmbeddedChannel
  location: class edu.vision.se.Testcase1
[ERROR] /PoCAdaptation/exploit/result/CVE-2019-16869/4.0.0.CR3/exploit/src/test/java/edu/vision/se/Testcase1.java:[17,9] cannot find symbol
  symbol:   class EmbeddedChannel
  location: class edu.vision.se.Testcase1
[ERROR] /PoCAdaptation/exploit/result/CVE-2019-16869/4.0.0.CR3/exploit/src/test/java/edu/vision/se/Testcase1.java:[17,39] cannot find symbol
  symbol:   class EmbeddedChannel
  location: class edu.vision.se.Testcase1
[INFO] 4 errors 
[INFO] -------------------------------------------------------------
[INFO] ------------------------------------------------------------------------
[INFO] BUILD FAILURE
[INFO] ------------------------------------------------------------------------
[INFO] Total time:  0.832 s
[INFO] Finished at: 2025-07-13T12:44:41Z
[INFO] ------------------------------------------------------------------------
[ERROR] Failed to execute goal org.apache.maven.plugins:maven-compiler-plugin:3.1:testCompile (default-testCompile) on project CVE-2019-16869: Compilation failure: Compilation failure: 
[ERROR] /PoCAdaptation/exploit/result/CVE-2019-16869/4.0.0.CR3/exploit/src/test/java/edu/vision/se/Testcase1.java:[4,33] cannot find symbol
[ERROR]   symbol:   class EmbeddedChannel
[ERROR]   location: package io.netty.channel.embedded
[ERROR] /PoCAdaptation/exploit/result/CVE-2019-16869/4.0.0.CR3/exploit/src/test/java/edu/vision/se/Testcase1.java:[25,37] cannot find symbol
[ERROR]   symbol:   class EmbeddedChannel
[ERROR]   location: class edu.vision.se.Testcase1
[ERROR] /PoCAdaptation/exploit/result/CVE-2019-16869/4.0.0.CR3/exploit/src/test/java/edu/vision/se/Testcase1.java:[17,9] cannot find symbol
[ERROR]   symbol:   class EmbeddedChannel
[ERROR]   location: class edu.vision.se.Testcase1
[ERROR] /PoCAdaptation/exploit/result/CVE-2019-16869/4.0.0.CR3/exploit/src/test/java/edu/vision/se/Testcase1.java:[17,39] cannot find symbol
[ERROR]   symbol:   class EmbeddedChannel
[ERROR]   location: class edu.vision.se.Testcase1
[ERROR] -> [Help 1]
[ERROR] 
[ERROR] To see the full stack trace of the errors, re-run Maven with the -e switch.
[ERROR] Re-run Maven using the -X switch to enable full debug logging.
[ERROR] 
[ERROR] For more information about the errors and possible solutions, please read the following articles:
[ERROR] [Help 1] http://cwiki.apache.org/confluence/display/MAVEN/MojoFailureException


[LLMClient] Response: 
Based on the error and the diff shown, the issue is that the test code is trying to use `EmbeddedChannel` which was renamed from `EmbeddedByteChannel` in the Netty library, but the required dependencies for `EmbeddedChannel` are missing. We need to add the `netty-transport` dependency which contains the `EmbeddedChannel` class.

Here's the updated portion of the pom.xml:

```xml
<dependencies>
  <dependency>
    <groupId>io.netty</groupId>
    <artifactId>netty-codec-http</artifactId>
    <version>4.0.0.CR3</version>
  </dependency>
  <dependency>
    <groupId>io.netty</groupId>
    <artifactId>netty-transport</artifactId>
    <version>4.0.0.CR3</version>
  </dependency>
  <dependency>
    <groupId>junit</groupId>
    <artifactId>junit</artifactId>
    <version>4.13.2</version>
  </dependency>
</dependencies>
```
[Adapter] ~ Updating version of io.netty:netty-codec-http to 4.0.0.CR3
[Adapter] + Adding new dependency io.netty:netty-transport:4.0.0.CR3
[Adapter] ~ Updating version of junit:junit to 4.13.2
[Adapter] âœ“ pom.xml successfully updated.
[96m[Executor] Executing exploit for CVE-2019-16869 on version 4.0.0.CR3...[0m
[96m[Verifier] Verifying reproduction...[0m
[91m[Verifier] âœ— Behavior not found: 'java.lang.AssertionError'[0m
[91m[Executor] Reproduction result: Failure[0m
[LLMClient] Tokens used: 1856 (prompt), 218 (completion), 2074 (total)
[LLMClient] Prompt: 
You are given an error when executing test in in 4.0.0.CR3:io.netty:netty-codec-http
This test file compiles and runs successfully in 4.0.0.CR4.

You are NOT allowed to change the version of the dependency io.netty:netty-codec-http.
Your task is to solve the problem by changing the pom file of the project. You can update other library to any versions
Current pom file is <?xml version='1.0' encoding='utf-8'?>
<project xmlns="http://maven.apache.org/POM/4.0.0" xmlns:xsi="http://www.w3.org/2001/XMLSchema-instance" xsi:schemaLocation="http://maven.apache.org/POM/4.0.0 https://maven.apache.org/xsd/maven-4.0.0.xsd">
  <groupId>edu.vision.se</groupId><version>1.0-SNAPSHOT</version><modelVersion>4.0.0</modelVersion>
  <artifactId>CVE-2019-16869</artifactId>
  <name>io.netty CVE-2019-16869</name>
   <properties>
    <maven.compiler.target>11</maven.compiler.target>
    <maven.compiler.source>11</maven.compiler.source>
    <project.build.sourceEncoding>UTF-8</project.build.sourceEncoding>
  </properties>
  
  <dependencies>
    <dependency>
      <groupId>io.netty</groupId>
      <artifactId>netty-codec-http</artifactId>
      <version>4.0.0.CR3</version>
    </dependency>


  <dependency><groupId>junit</groupId><artifactId>junit</artifactId><version>4.13.2</version></dependency>
  
  <dependency>
    <groupId>io.netty</groupId>
    <artifactId>netty-transport</artifactId>
    <version>4.0.0.CR3</version>
  </dependency>
  </dependencies>
</project>
Your task is 1. Analyze the cause of the errors 2. Decide fix position of the pom file according to the cause 3. Output only the updated partion of pom.xml entries without explanation

### Compilation Errors:
[INFO] Scanning for projects...
[INFO] 
[INFO] --------------------< edu.vision.se:CVE-2019-16869 >--------------------
[INFO] Building io.netty CVE-2019-16869 1.0-SNAPSHOT
[INFO]   from pom.xml
[INFO] --------------------------------[ jar ]---------------------------------
[INFO] 
[INFO] --- maven-clean-plugin:2.5:clean (default-clean) @ CVE-2019-16869 ---
[INFO] Deleting /PoCAdaptation/exploit/result/CVE-2019-16869/4.0.0.CR3/exploit/target
[INFO] 
[INFO] --- maven-resources-plugin:2.6:resources (default-resources) @ CVE-2019-16869 ---
[INFO] Using 'UTF-8' encoding to copy filtered resources.
[INFO] skip non existing resourceDirectory /PoCAdaptation/exploit/result/CVE-2019-16869/4.0.0.CR3/exploit/src/main/resources
[INFO] 
[INFO] --- maven-compiler-plugin:3.1:compile (default-compile) @ CVE-2019-16869 ---
[INFO] No sources to compile
[INFO] 
[INFO] --- maven-resources-plugin:2.6:testResources (default-testResources) @ CVE-2019-16869 ---
[INFO] Using 'UTF-8' encoding to copy filtered resources.
[INFO] skip non existing resourceDirectory /PoCAdaptation/exploit/result/CVE-2019-16869/4.0.0.CR3/exploit/src/test/resources
[INFO] 
[INFO] --- maven-compiler-plugin:3.1:testCompile (default-testCompile) @ CVE-2019-16869 ---
[INFO] Changes detected - recompiling the module!
[INFO] Compiling 1 source file to /PoCAdaptation/exploit/result/CVE-2019-16869/4.0.0.CR3/exploit/target/test-classes
[INFO] -------------------------------------------------------------
[ERROR] COMPILATION ERROR : 
[INFO] -------------------------------------------------------------
[ERROR] /PoCAdaptation/exploit/result/CVE-2019-16869/4.0.0.CR3/exploit/src/test/java/edu/vision/se/Testcase1.java:[4,33] cannot find symbol
  symbol:   class EmbeddedChannel
  location: package io.netty.channel.embedded
[ERROR] /PoCAdaptation/exploit/result/CVE-2019-16869/4.0.0.CR3/exploit/src/test/java/edu/vision/se/Testcase1.java:[25,37] cannot find symbol
  symbol:   class EmbeddedChannel
  location: class edu.vision.se.Testcase1
[ERROR] /PoCAdaptation/exploit/result/CVE-2019-16869/4.0.0.CR3/exploit/src/test/java/edu/vision/se/Testcase1.java:[17,9] cannot find symbol
  symbol:   class EmbeddedChannel
  location: class edu.vision.se.Testcase1
[ERROR] /PoCAdaptation/exploit/result/CVE-2019-16869/4.0.0.CR3/exploit/src/test/java/edu/vision/se/Testcase1.java:[17,39] cannot find symbol
  symbol:   class EmbeddedChannel
  location: class edu.vision.se.Testcase1
[INFO] 4 errors 
[INFO] -------------------------------------------------------------
[INFO] ------------------------------------------------------------------------
[INFO] BUILD FAILURE
[INFO] ------------------------------------------------------------------------
[INFO] Total time:  0.880 s
[INFO] Finished at: 2025-07-13T12:44:55Z
[INFO] ------------------------------------------------------------------------
[ERROR] Failed to execute goal org.apache.maven.plugins:maven-compiler-plugin:3.1:testCompile (default-testCompile) on project CVE-2019-16869: Compilation failure: Compilation failure: 
[ERROR] /PoCAdaptation/exploit/result/CVE-2019-16869/4.0.0.CR3/exploit/src/test/java/edu/vision/se/Testcase1.java:[4,33] cannot find symbol
[ERROR]   symbol:   class EmbeddedChannel
[ERROR]   location: package io.netty.channel.embedded
[ERROR] /PoCAdaptation/exploit/result/CVE-2019-16869/4.0.0.CR3/exploit/src/test/java/edu/vision/se/Testcase1.java:[25,37] cannot find symbol
[ERROR]   symbol:   class EmbeddedChannel
[ERROR]   location: class edu.vision.se.Testcase1
[ERROR] /PoCAdaptation/exploit/result/CVE-2019-16869/4.0.0.CR3/exploit/src/test/java/edu/vision/se/Testcase1.java:[17,9] cannot find symbol
[ERROR]   symbol:   class EmbeddedChannel
[ERROR]   location: class edu.vision.se.Testcase1
[ERROR] /PoCAdaptation/exploit/result/CVE-2019-16869/4.0.0.CR3/exploit/src/test/java/edu/vision/se/Testcase1.java:[17,39] cannot find symbol
[ERROR]   symbol:   class EmbeddedChannel
[ERROR]   location: class edu.vision.se.Testcase1
[ERROR] -> [Help 1]
[ERROR] 
[ERROR] To see the full stack trace of the errors, re-run Maven with the -e switch.
[ERROR] Re-run Maven using the -X switch to enable full debug logging.
[ERROR] 
[ERROR] For more information about the errors and possible solutions, please read the following articles:
[ERROR] [Help 1] http://cwiki.apache.org/confluence/display/MAVEN/MojoFailureException


[LLMClient] Response: 
The issue is that `EmbeddedChannel` class is missing, which is part of `netty-handler` artifact. Here's the updated pom.xml portion:

```xml
<dependencies>
  <dependency>
    <groupId>io.netty</groupId>
    <artifactId>netty-codec-http</artifactId>
    <version>4.0.0.CR3</version>
  </dependency>

  <dependency>
    <groupId>junit</groupId>
    <artifactId>junit</artifactId>
    <version>4.13.2</version>
  </dependency>
  
  <dependency>
    <groupId>io.netty</groupId>
    <artifactId>netty-transport</artifactId>
    <version>4.0.0.CR3</version>
  </dependency>

  <dependency>
    <groupId>io.netty</groupId>
    <artifactId>netty-handler</artifactId>
    <version>4.0.0.CR3</version>
  </dependency>
</dependencies>
```
[Adapter] ~ Updating version of io.netty:netty-codec-http to 4.0.0.CR3
[Adapter] ~ Updating version of junit:junit to 4.13.2
[Adapter] ~ Updating version of io.netty:netty-transport to 4.0.0.CR3
[Adapter] + Adding new dependency io.netty:netty-handler:4.0.0.CR3
[Adapter] âœ“ pom.xml successfully updated.
[96m[Executor] Executing exploit for CVE-2019-16869 on version 4.0.0.CR3...[0m
[96m[Verifier] Verifying reproduction...[0m
[91m[Verifier] âœ— Behavior not found: 'java.lang.AssertionError'[0m
[91m[Executor] Reproduction result: Failure[0m
[LLMClient] Tokens used: 146 (prompt), 11 (completion), 157 (total)
[LLMClient] Prompt: 
You are given an error log when executing 'mvn test' in version 4.0.0.CR3: 

Error: cannot find symbol, class EmbeddedChannel, package io.netty.channel.embedded 

The test executes as expected in 4.0.0.CR4 

Error code: import io.netty.channel.embedded.EmbeddedChannel; 

Extract two key *entities* from the error for searching related diffs 

The extracted entities should reflect code-level identifiers that are likely to appear in source code or diffs. 

Output each node as a `;`-separated list, with no explanations. 


[LLMClient] Response: 
EmbeddedChannel;io.netty.channel.embedded
[96m[ErrorManager] Extracted key entities: ['EmbeddedChannel', 'io.netty.channel.embedded'][0m
[96m[Adapter] Try to solve error: {'file': '/PoCAdaptation/exploit/result/CVE-2019-16869/4.0.0.CR3/exploit/src/test/java/edu/vision/se/Testcase1.java', 'line': 4, 'column': 33, 'message': 'cannot find symbol', 'symbol': 'class EmbeddedChannel', 'location': 'package io.netty.channel.embedded', 'code_line': 'import io.netty.channel.embedded.EmbeddedChannel;'} with cause: ['EmbeddedChannel', 'io.netty.channel.embedded'][0m
[96m[Adapter] Related diffs for error: [(1342, 10.0), (0, 0.0), (1, 0.0), (2, 0.0), (3, 0.0)][0m
[96m[Adapter] Fix position is in test code.[0m
[96m[RepairModule] Start repair for group: cannot find symbol | class EmbeddedChannel cause: ['EmbeddedChannel', 'io.netty.channel.embedded'][0m
[96m[RepairModule] Trying best diff #1342 with score 10.00[0m
[96m[RepairModule] Found 10 diff combinations for annealing.[0m
[96m[RepairModule] Iteration 1, temperature 1.000: Trying diff #1342 with score 10.00[0m
[LLMClient] Tokens used: 1504 (prompt), 319 (completion), 1823 (total)
[LLMClient] Prompt: 
You are given a Java test file with compilation errors in version 4.0.0.CR3:io.netty:netty-codec-http.
This test file compiles and runs successfully in 4.0.0.CR4.

The diff is related to the diff.
Your task has three steps:
 1. Locate the code where the compilation error occurs.
 2. Analyze the diff from 4.0.0.CR4 to 4.0.0.CR3.
 3. Fix the error in the error position only when diff is helpful. Add import statement when needed according to the diff. 

Only output the modified version of the test file according to the diff. No explanations. If mocking, access fields via reflection if they exist.
### Compilation Errors:
message: cannot find symbol, symble: class EmbeddedChannel, location: package io.netty.channel.embedded

### Error Position:
import io.netty.channel.embedded.EmbeddedChannel;

### Related Diff:
Operation: MODIFIED, File: transport/src/main/java/io/netty/channel/embedded/EmbeddedChannel.java, Hunk: @@ -15,92 +15,81 @@
  */
 package io.netty.channel.embedded;

+import io.netty.buffer.Buf;
+import io.netty.buffer.ByteBuf;
+import io.netty.buffer.MessageBuf;
+import io.netty.buffer.Unpooled;
 import io.netty.channel.AbstractChannel;
 import io.netty.channel.Channel;
 import io.netty.channel.ChannelConfig;
 import io.netty.channel.ChannelFuture;
 import io.netty.channel.ChannelHandler;
 import io.netty.channel.ChannelHandlerContext;
+import io.netty.channel.ChannelInboundByteHandler;
+import io.netty.channel.ChannelInboundMessageHandler;
-import io.netty.channel.ChannelInboundHandlerAdapter;
-import io.netty.channel.ChannelMetadata;
 import io.netty.channel.ChannelPipeline;
 import io.netty.channel.ChannelPromise;
+import io.netty.channel.ChannelStateHandlerAdapter;
 import io.netty.channel.DefaultChannelConfig;
 import io.netty.channel.EventLoop;
-import io.netty.channel.MessageList;
 import io.netty.util.internal.PlatformDependent;
 import io.netty.util.internal.logging.InternalLogger;
 import io.netty.util.internal.logging.InternalLoggerFactory;

 import java.net.SocketAddress;
 import java.nio.channels.ClosedChannelException;
-import java.util.ArrayDeque;
-import java.util.Queue;

 /**
  * Base class for {@link Channel} implementations that are used in an embedded fashion.
+ *
+ * @param <O>  the type of data that can be written to this {@link Channel}
  */
+public abstract class AbstractEmbeddedChannel<O> extends AbstractChannel {
-public class EmbeddedChannel extends AbstractChannel {
-
-    private static final InternalLogger logger = InternalLoggerFactory.getInstance(EmbeddedChannel.class);

+    private static final InternalLogger logger = InternalLoggerFactory.getInstance(AbstractEmbeddedChannel.class);
-    private static final ChannelMetadata METADATA = new ChannelMetadata(false);

     private final EmbeddedEventLoop loop = new EmbeddedEventLoop();
     private final ChannelConfig config = new DefaultChannelConfig(this);
     private final SocketAddress localAddress = new EmbeddedSocketAddress();
     private final SocketAddress remoteAddress = new EmbeddedSocketAddress();
+    private final MessageBuf<Object> lastInboundMessageBuffer = Unpooled.messageBuffer().retain(2);
+    private final ByteBuf lastInboundByteBuffer = Unpooled.buffer().retain(2);
+    protected final Object lastOutboundBuffer;
-    private final Queue<Object> lastInboundBuffer = new ArrayDeque<Object>();
-    private final Queue<Object> lastOutboundBuffer = new ArrayDeque<Object>();
     private Throwable lastException;
     private int state; // 0 = OPEN, 1 = ACTIVE, 2 = CLOSED

     /**
      * Create a new instance
      *
+     * @param lastOutboundBuffer    the last outbound buffer which will hold all the written data
+     * @param handlers              the @link ChannelHandler}s which will be add in the {@link ChannelPipeline}
-     * @param handlers the @link ChannelHandler}s which will be add in the {@link ChannelPipeline}
      */
+    AbstractEmbeddedChannel(Object lastOutboundBuffer, ChannelHandler... handlers) {
-    public EmbeddedChannel(ChannelHandler... handlers) {
         super(null, null);

         if (handlers == null) {
             throw new NullPointerException("handlers");
         }

+        this.lastOutboundBuffer = lastOutboundBuffer;
+
         int nHandlers = 0;
+        boolean hasBuffer = false;
         ChannelPipeline p = pipeline();
         for (ChannelHandler h: handlers) {
             if (h == null) {
                 break;
             }
             nHandlers ++;
+            ChannelHandlerContext ctx = p.addLast(h).context(h);
+
+            if (ctx.hasInboundByteBuffer() || ctx.hasOutboundByteBuffer()
+                    || ctx.hasInboundMessageBuffer() || ctx.hasOutboundMessageBuffer()) {
+                hasBuffer = true;
+            }
-            p.addLast(h);
         }

         if (nHandlers == 0) {
             throw new IllegalArgumentException("handlers is empty.");
         }

+        if (!hasBuffer) {
+            throw new IllegalArgumentException("handlers does not provide any buffers.");
+        }
+
+        p.addLast(new LastInboundMessageHandler(), new LastInboundByteHandler());

### Test File Content:
package edu.vision.se;

import io.netty.buffer.Unpooled;
import io.netty.channel.embedded.EmbeddedChannel;
import io.netty.handler.codec.http.HttpMessage;
import io.netty.handler.codec.http.HttpRequest;
import io.netty.handler.codec.http.HttpRequestDecoder;
import io.netty.util.CharsetUtil;
import org.junit.Test;

import static org.junit.Assert.assertFalse;
import static org.junit.Assert.assertTrue;

public class Testcase1 {
    @Test(timeout = 60000)
    public void testWhitespace() {
        EmbeddedChannel channel = new EmbeddedChannel(new HttpRequestDecoder());
        String requestStr = "GET /some/path HTTP/1.1\r\n" +
                "Transfer-Encoding : chunked\r\n" +
                "Host: netty.io\n\r\n";
        channel.writeInbound(Unpooled.copiedBuffer(requestStr, CharsetUtil.US_ASCII));
        validateReturnValue(channel);
    }

    public void validateReturnValue(EmbeddedChannel channel) {
        HttpRequest request = (HttpRequest) channel.readInbound();
        assertTrue(((HttpMessage) request).getDecoderResult().isFailure());
        assertTrue(((HttpMessage) request).getDecoderResult().cause() instanceof IllegalArgumentException);
        assertFalse(channel.finish());
    }
}



[LLMClient] Response: 
Here's the modified test file according to the diff:

```java
package edu.vision.se;

import io.netty.buffer.Unpooled;
import io.netty.channel.embedded.AbstractEmbeddedChannel;
import io.netty.handler.codec.http.HttpMessage;
import io.netty.handler.codec.http.HttpRequest;
import io.netty.handler.codec.http.HttpRequestDecoder;
import io.netty.util.CharsetUtil;
import org.junit.Test;

import static org.junit.Assert.assertFalse;
import static org.junit.Assert.assertTrue;

public class Testcase1 {
    @Test(timeout = 60000)
    public void testWhitespace() {
        AbstractEmbeddedChannel<Object> channel = new AbstractEmbeddedChannel<Object>(Unpooled.messageBuffer(), new HttpRequestDecoder());
        String requestStr = "GET /some/path HTTP/1.1\r\n" +
                "Transfer-Encoding : chunked\r\n" +
                "Host: netty.io\n\r\n";
        channel.writeInbound(Unpooled.copiedBuffer(requestStr, CharsetUtil.US_ASCII));
        validateReturnValue(channel);
    }

    public void validateReturnValue(AbstractEmbeddedChannel<Object> channel) {
        HttpRequest request = (HttpRequest) channel.readInbound();
        assertTrue(((HttpMessage) request).getDecoderResult().isFailure());
        assertTrue(((HttpMessage) request).getDecoderResult().cause() instanceof IllegalArgumentException);
        assertFalse(channel.finish());
    }
}
```
[96m[RepairModule] Wrote modified code to /PoCAdaptation/exploit/result/CVE-2019-16869/4.0.0.CR3/exploit/src/test/java/edu/vision/se/Testcase1.java[0m
[96m[Executor] Executing exploit for CVE-2019-16869 on version 4.0.0.CR3...[0m
[96m[Verifier] Verifying reproduction...[0m
[91m[Verifier] âœ— Behavior not found: 'java.lang.AssertionError'[0m
[91m[Executor] Reproduction result: Failure[0m
[96m[ErrorManager] Ignoring line: [ERROR] Failed to execute goal org.apache.maven.plugins:maven-compiler-plugin:3.1:testCompile (default-testCompile) on project CVE-2019-16869: Compilation failure[0m
[92m[ErrorManager] Processing line: [ERROR] /PoCAdaptation/exploit/result/CVE-2019-16869/4.0.0.CR3/exploit/src/test/java/edu/vision/se/Testcase1.java:[17,51] io.netty.channel.embedded.AbstractEmbeddedChannel is abstract; cannot be instantiated[0m
[96m[ErrorManager] Ignoring line: [ERROR][0m
[96m[ErrorManager] Ignoring line: [ERROR] -> [Help 1][0m
[96m[ErrorManager] Ignoring line: [ERROR][0m
[96m[ErrorManager] Ignoring line: [ERROR] To see the full stack trace of the errors, re-run Maven with the -e switch.[0m
[96m[ErrorManager] Ignoring line: [ERROR] Re-run Maven using the -X switch to enable full debug logging.[0m
[96m[ErrorManager] Ignoring line: [ERROR][0m
[96m[ErrorManager] Ignoring line: [ERROR] For more information about the errors and possible solutions, please read the following articles:[0m
[96m[ErrorManager] Ignoring line: [ERROR] [Help 1] http://cwiki.apache.org/confluence/display/MAVEN/MojoFailureException[0m
[RepairModule] Old grouped keys: {'cannot find symbol | class EmbeddedChannel'}
[RepairModule] New grouped keys: {'io.netty.channel.embedded.AbstractEmbeddedChannel is abstract; cannot be instantiated |'}
[93m[RepairModule] [Analyzer] New error:
  File     : /PoCAdaptation/exploit/result/CVE-2019-16869/4.0.0.CR3/exploit/src/test/java/edu/vision/se/Testcase1.java
  Line     : 17, Column: 51
  Message  : io.netty.channel.embedded.AbstractEmbeddedChannel is abstract; cannot be instantiated
  Symbol   : None
  Location : None
  Code     : AbstractEmbeddedChannel<Object> channel = new AbstractEmbeddedChannel<Object>(Unpooled.messageBuffer(), new HttpRequestDecoder());
  Position : after the fixing line (4)[0m
[92m[RepairModule] Error cannot find symbol resolved after applying diff.[0m
[92m[RepairModule] Repair success with diff #1342 at iteration 1![0m
[96m[Adapter] Test code repair attempted.[0m
[96m[Executor] Executing exploit for CVE-2019-16869 on version 4.0.0.CR3...[0m
[96m[Verifier] Verifying reproduction...[0m
[91m[Verifier] âœ— Behavior not found: 'java.lang.AssertionError'[0m
[91m[Executor] Reproduction result: Failure[0m
[96m[ErrorManager] Ignoring line: [ERROR] Failed to execute goal org.apache.maven.plugins:maven-compiler-plugin:3.1:testCompile (default-testCompile) on project CVE-2019-16869: Compilation failure[0m
[92m[ErrorManager] Processing line: [ERROR] /PoCAdaptation/exploit/result/CVE-2019-16869/4.0.0.CR3/exploit/src/test/java/edu/vision/se/Testcase1.java:[17,51] io.netty.channel.embedded.AbstractEmbeddedChannel is abstract; cannot be instantiated[0m
[96m[ErrorManager] Ignoring line: [ERROR][0m
[96m[ErrorManager] Ignoring line: [ERROR] -> [Help 1][0m
[96m[ErrorManager] Ignoring line: [ERROR][0m
[96m[ErrorManager] Ignoring line: [ERROR] To see the full stack trace of the errors, re-run Maven with the -e switch.[0m
[96m[ErrorManager] Ignoring line: [ERROR] Re-run Maven using the -X switch to enable full debug logging.[0m
[96m[ErrorManager] Ignoring line: [ERROR][0m
[96m[ErrorManager] Ignoring line: [ERROR] For more information about the errors and possible solutions, please read the following articles:[0m
[96m[ErrorManager] Ignoring line: [ERROR] [Help 1] http://cwiki.apache.org/confluence/display/MAVEN/MojoFailureException[0m
[96m[Adapter] Locating fix position in error log.[0m
[LLMClient] Tokens used: 1370 (prompt), 1 (completion), 1371 (total)
[LLMClient] Prompt: 
You are given a Java error log when executing 'mvn test' in a project with dependency version 4.0.0.CR3:io.netty:netty-codec-http.
This test file compiles and runs successfully with version 4.0.0.CR4.

Your task is to:
1. Analyze why this issue occurs with the *4.0.0.CR4* but not with the *4.0.0.CR3 version*.
2. Consider how to resolve the issue **without updating this library**.
3. Determine and output the location in the project that should be modified to fix the problem.

Please return 'pom' if the fix is in the pom.xml file, or 'test' if the fix is in the test code.
Do not return any other text, just 'pom' or 'test'.

The error log is:
[INFO] Scanning for projects...
[INFO] 
[INFO] --------------------< edu.vision.se:CVE-2019-16869 >--------------------
[INFO] Building io.netty CVE-2019-16869 1.0-SNAPSHOT
[INFO]   from pom.xml
[INFO] --------------------------------[ jar ]---------------------------------
[INFO] 
[INFO] --- maven-clean-plugin:2.5:clean (default-clean) @ CVE-2019-16869 ---
[INFO] Deleting /PoCAdaptation/exploit/result/CVE-2019-16869/4.0.0.CR3/exploit/target
[INFO] 
[INFO] --- maven-resources-plugin:2.6:resources (default-resources) @ CVE-2019-16869 ---
[INFO] Using 'UTF-8' encoding to copy filtered resources.
[INFO] skip non existing resourceDirectory /PoCAdaptation/exploit/result/CVE-2019-16869/4.0.0.CR3/exploit/src/main/resources
[INFO] 
[INFO] --- maven-compiler-plugin:3.1:compile (default-compile) @ CVE-2019-16869 ---
[INFO] No sources to compile
[INFO] 
[INFO] --- maven-resources-plugin:2.6:testResources (default-testResources) @ CVE-2019-16869 ---
[INFO] Using 'UTF-8' encoding to copy filtered resources.
[INFO] skip non existing resourceDirectory /PoCAdaptation/exploit/result/CVE-2019-16869/4.0.0.CR3/exploit/src/test/resources
[INFO] 
[INFO] --- maven-compiler-plugin:3.1:testCompile (default-testCompile) @ CVE-2019-16869 ---
[INFO] Changes detected - recompiling the module!
[INFO] Compiling 1 source file to /PoCAdaptation/exploit/result/CVE-2019-16869/4.0.0.CR3/exploit/target/test-classes
[INFO] -------------------------------------------------------------
[ERROR] COMPILATION ERROR : 
[INFO] -------------------------------------------------------------
[ERROR] /PoCAdaptation/exploit/result/CVE-2019-16869/4.0.0.CR3/exploit/src/test/java/edu/vision/se/Testcase1.java:[17,51] io.netty.channel.embedded.AbstractEmbeddedChannel is abstract; cannot be instantiated
[INFO] 1 error
[INFO] -------------------------------------------------------------
[INFO] ------------------------------------------------------------------------
[INFO] BUILD FAILURE
[INFO] ------------------------------------------------------------------------
[INFO] Total time:  0.996 s
[INFO] Finished at: 2025-07-13T12:45:33Z
[INFO] ------------------------------------------------------------------------
[ERROR] Failed to execute goal org.apache.maven.plugins:maven-compiler-plugin:3.1:testCompile (default-testCompile) on project CVE-2019-16869: Compilation failure
[ERROR] /PoCAdaptation/exploit/result/CVE-2019-16869/4.0.0.CR3/exploit/src/test/java/edu/vision/se/Testcase1.java:[17,51] io.netty.channel.embedded.AbstractEmbeddedChannel is abstract; cannot be instantiated
[ERROR] 
[ERROR] -> [Help 1]
[ERROR] 
[ERROR] To see the full stack trace of the errors, re-run Maven with the -e switch.
[ERROR] Re-run Maven using the -X switch to enable full debug logging.
[ERROR] 
[ERROR] For more information about the errors and possible solutions, please read the following articles:
[ERROR] [Help 1] http://cwiki.apache.org/confluence/display/MAVEN/MojoFailureException


current_pom file is:<?xml version='1.0' encoding='utf-8'?>
<project xmlns="http://maven.apache.org/POM/4.0.0" xmlns:xsi="http://www.w3.org/2001/XMLSchema-instance" xsi:schemaLocation="http://maven.apache.org/POM/4.0.0 https://maven.apache.org/xsd/maven-4.0.0.xsd">
  <groupId>edu.vision.se</groupId><version>1.0-SNAPSHOT</version><modelVersion>4.0.0</modelVersion>
  <artifactId>CVE-2019-16869</artifactId>
  <name>io.netty CVE-2019-16869</name>
   <properties>
    <maven.compiler.target>11</maven.compiler.target>
    <maven.compiler.source>11</maven.compiler.source>
    <project.build.sourceEncoding>UTF-8</project.build.sourceEncoding>
  </properties>
  
  <dependencies>
    <dependency>
      <groupId>io.netty</groupId>
      <artifactId>netty-codec-http</artifactId>
      <version>4.0.0.CR3</version>
    </dependency>


  <dependency><groupId>junit</groupId><artifactId>junit</artifactId><version>4.13.2</version></dependency>
  
  </dependencies>
</project>
[LLMClient] Response: 
test
[96m[Adapter] LLM response for fix position: test[0m
[LLMClient] Tokens used: 168 (prompt), 8 (completion), 176 (total)
[LLMClient] Prompt: 
You are given an error log when executing 'mvn test' in version 4.0.0.CR3: 

Error: io.netty.channel.embedded.AbstractEmbeddedChannel is abstract; cannot be instantiated, None, None 

The test executes as expected in 4.0.0.CR4 

Error code:         AbstractEmbeddedChannel<Object> channel = new AbstractEmbeddedChannel<Object>(Unpooled.messageBuffer(), new HttpRequestDecoder()); 

Extract two key *entities* from the error for searching related diffs 

The extracted entities should reflect code-level identifiers that are likely to appear in source code or diffs. 

Output each node as a `;`-separated list, with no explanations. 


[LLMClient] Response: 
AbstractEmbeddedChannel;HttpRequestDecoder
[96m[ErrorManager] Extracted key entities: ['AbstractEmbeddedChannel', 'HttpRequestDecoder'][0m
[96m[Adapter] Try to solve error: {'file': '/PoCAdaptation/exploit/result/CVE-2019-16869/4.0.0.CR3/exploit/src/test/java/edu/vision/se/Testcase1.java', 'line': 17, 'column': 51, 'message': 'io.netty.channel.embedded.AbstractEmbeddedChannel is abstract; cannot be instantiated', 'symbol': None, 'location': None, 'code_line': '        AbstractEmbeddedChannel<Object> channel = new AbstractEmbeddedChannel<Object>(Unpooled.messageBuffer(), new HttpRequestDecoder());'} with cause: ['AbstractEmbeddedChannel', 'HttpRequestDecoder'][0m
[LLMClient] Tokens used: 193 (prompt), 8 (completion), 201 (total)
[LLMClient] Prompt: 
You are given an error log when executing 'mvn test' in version 4.0.0.CR3: 

Error: io.netty.channel.embedded.AbstractEmbeddedChannel is abstract; cannot be instantiated, None, None 

The test executes as expected in 4.0.0.CR4 

Error code:         AbstractEmbeddedChannel<Object> channel = new AbstractEmbeddedChannel<Object>(Unpooled.messageBuffer(), new HttpRequestDecoder()); 

Extract two key *entities* from the error for searching related diffs 

The extracted entities should reflect code-level identifiers that are likely to appear in source code or diffs. 

Current cause: ['AbstractEmbeddedChannel', 'HttpRequestDecoder'] 

 failed to catch, try simpler or other entities.

Output each node as a `;`-separated list, with no explanations. 


[LLMClient] Response: 
AbstractEmbeddedChannel;HttpRequestDecoder
[96m[ErrorManager] Extracted key entities: ['AbstractEmbeddedChannel', 'HttpRequestDecoder'][0m
[96m[Adapter] Related diffs for error: [(189, 5.0), (190, 5.0), (335, 5.0), (415, 5.0), (416, 5.0)][0m
[96m[Adapter] Fix position is in test code.[0m
[96m[RepairModule] Start repair for group: io.netty.channel.embedded.AbstractEmbeddedChannel is abstract; cannot be instantiated | cause: ['AbstractEmbeddedChannel', 'HttpRequestDecoder'][0m
[96m[RepairModule] Trying best diff #189 with score 5.00[0m
[96m[RepairModule] Found 10 diff combinations for annealing.[0m
[96m[RepairModule] Iteration 1, temperature 1.000: Trying diff #(190, 416) with score 5.00[0m
[LLMClient] Tokens used: 1024 (prompt), 303 (completion), 1327 (total)
[LLMClient] Prompt: 
You are given a Java test file with compilation errors in version 4.0.0.CR3:io.netty:netty-codec-http.
This test file compiles and runs successfully in 4.0.0.CR4.

The diff is related to the diff.
Your task has three steps:
 1. Locate the code where the compilation error occurs.
 2. Analyze the diff from 4.0.0.CR4 to 4.0.0.CR3.
 3. Fix the error in the error position only when diff is helpful. Add import statement when needed according to the diff. 

Only output the modified version of the test file according to the diff. No explanations. If mocking, access fields via reflection if they exist.
### Compilation Errors:
message: io.netty.channel.embedded.AbstractEmbeddedChannel is abstract; cannot be instantiated, symble: None, location: None

### Error Position:
        AbstractEmbeddedChannel<Object> channel = new AbstractEmbeddedChannel<Object>(Unpooled.messageBuffer(), new HttpRequestDecoder());

### Related Diff:
Operation: MODIFIED, File: codec-http/src/main/java/io/netty/handler/codec/http/HttpServerCodec.java, Hunk: @@ -48,27 +42,4 @@ public HttpServerCodec() {
     public HttpServerCodec(int maxInitialLineLength, int maxHeaderSize, int maxChunkSize) {
         super(new HttpRequestDecoder(maxInitialLineLength, maxHeaderSize, maxChunkSize), new HttpResponseEncoder());
     }
+
+    private HttpRequestDecoder decoder() {
+        return (HttpRequestDecoder) stateHandler();
+    }
+
+    private HttpResponseEncoder encoder() {
+        return (HttpResponseEncoder) operationHandler();
+    }
+
+    @Override
+    public ByteBuf newInboundBuffer(ChannelHandlerContext ctx) throws Exception {
+        return decoder().newInboundBuffer(ctx);
+    }
+
+    @Override
+    public void discardInboundReadBytes(ChannelHandlerContext ctx) throws Exception {
+        decoder().discardInboundReadBytes(ctx);
+    }
+
+    @Override
+    public MessageBuf<HttpObject> newOutboundBuffer(ChannelHandlerContext ctx) throws Exception {
+        return encoder().newOutboundBuffer(ctx);
+    }
 }
Operation: MODIFIED, File: codec-http/src/test/java/io/netty/handler/codec/http/HttpInvalidMessageTest.java, Hunk: @@ -43,7 +43,7 @@ public void testRequestWithBadInitialLine() throws Exception {

     @Test
     public void testRequestWithBadHeader() throws Exception {
+        EmbeddedByteChannel ch = new EmbeddedByteChannel(new HttpRequestDecoder());
-        EmbeddedChannel ch = new EmbeddedChannel(new HttpRequestDecoder());
         ch.writeInbound(Unpooled.copiedBuffer("GET /maybe-something HTTP/1.0\r\n", CharsetUtil.UTF_8));
         ch.writeInbound(Unpooled.copiedBuffer("Good_Name: Good Value\r\n", CharsetUtil.UTF_8));
         ch.writeInbound(Unpooled.copiedBuffer("Bad=Name: Bad Value\r\n", CharsetUtil.UTF_8));

### Test File Content:
package edu.vision.se;

import io.netty.buffer.Unpooled;
import io.netty.channel.embedded.AbstractEmbeddedChannel;
import io.netty.handler.codec.http.HttpMessage;
import io.netty.handler.codec.http.HttpRequest;
import io.netty.handler.codec.http.HttpRequestDecoder;
import io.netty.util.CharsetUtil;
import org.junit.Test;

import static org.junit.Assert.assertFalse;
import static org.junit.Assert.assertTrue;

public class Testcase1 {
    @Test(timeout = 60000)
    public void testWhitespace() {
        AbstractEmbeddedChannel<Object> channel = new AbstractEmbeddedChannel<Object>(Unpooled.messageBuffer(), new HttpRequestDecoder());
        String requestStr = "GET /some/path HTTP/1.1\r\n" +
                "Transfer-Encoding : chunked\r\n" +
                "Host: netty.io\n\r\n";
        channel.writeInbound(Unpooled.copiedBuffer(requestStr, CharsetUtil.US_ASCII));
        validateReturnValue(channel);
    }

    public void validateReturnValue(AbstractEmbeddedChannel<Object> channel) {
        HttpRequest request = (HttpRequest) channel.readInbound();
        assertTrue(((HttpMessage) request).getDecoderResult().isFailure());
        assertTrue(((HttpMessage) request).getDecoderResult().cause() instanceof IllegalArgumentException);
        assertFalse(channel.finish());
    }
}



[LLMClient] Response: 
Here's the modified test file according to the diff:

```java
package edu.vision.se;

import io.netty.buffer.Unpooled;
import io.netty.channel.embedded.EmbeddedByteChannel;
import io.netty.handler.codec.http.HttpMessage;
import io.netty.handler.codec.http.HttpRequest;
import io.netty.handler.codec.http.HttpRequestDecoder;
import io.netty.util.CharsetUtil;
import org.junit.Test;

import static org.junit.Assert.assertFalse;
import static org.junit.Assert.assertTrue;

public class Testcase1 {
    @Test(timeout = 60000)
    public void testWhitespace() {
        EmbeddedByteChannel channel = new EmbeddedByteChannel(new HttpRequestDecoder());
        String requestStr = "GET /some/path HTTP/1.1\r\n" +
                "Transfer-Encoding : chunked\r\n" +
                "Host: netty.io\n\r\n";
        channel.writeInbound(Unpooled.copiedBuffer(requestStr, CharsetUtil.US_ASCII));
        validateReturnValue(channel);
    }

    public void validateReturnValue(EmbeddedByteChannel channel) {
        HttpRequest request = (HttpRequest) channel.readInbound();
        assertTrue(((HttpMessage) request).getDecoderResult().isFailure());
        assertTrue(((HttpMessage) request).getDecoderResult().cause() instanceof IllegalArgumentException);
        assertFalse(channel.finish());
    }
}
```
[96m[RepairModule] Wrote modified code to /PoCAdaptation/exploit/result/CVE-2019-16869/4.0.0.CR3/exploit/src/test/java/edu/vision/se/Testcase1.java[0m
[96m[Executor] Executing exploit for CVE-2019-16869 on version 4.0.0.CR3...[0m
[96m[Verifier] Verifying reproduction...[0m
[92m[Verifier] âœ“ Behavior matched: 'java.lang.AssertionError'[0m
[92m[Verifier] âœ“ Detail matched: 'org.junit.Assert.fail'[0m
[92m[Verifier] âœ“ All reproduction indicators matched.[0m
[92m[Executor] Reproduction result: Success[0m
[92m[RepairModule] Repair success![0m
[92m[RepairModule] Repair success with diff #(190, 416) at iteration 1![0m
[96m[Adapter] Test code repair attempted.[0m
[96m[Executor] Executing exploit for CVE-2019-16869 on version 4.0.0.CR3...[0m
[96m[Verifier] Verifying reproduction...[0m
[92m[Verifier] âœ“ Behavior matched: 'java.lang.AssertionError'[0m
[92m[Verifier] âœ“ Detail matched: 'org.junit.Assert.fail'[0m
[92m[Verifier] âœ“ All reproduction indicators matched.[0m
[92m[Executor] Reproduction result: Success[0m
[92m[Adapter] Adaptation from 4.0.0.CR4 to 4.0.0.CR3 successful.[0m
[Adapt] âœ“ Completed: True
[96m[Adapter] Adaptation complete. Retesting exploit on 4.0.0.CR3...[0m
[92m[Executor] Adaptation + reproduction successful on 4.0.0.CR3[0m
[96m[Adapter] Copied successful adaptation to /PoCAdaptation/exploit/valid/CVE-2019-16869/4.0.0.CR3[0m
[1m[Main] === Starting adaptation process for CVE-2019-16869 ===[0m
[96m[Processor] Fetching all available Maven versions...[0m
[96m[Analyzer] Loading cached versions from: /PoCAdaptation/library/io_netty_netty-codec-http.txt[0m
[96m[Analyzer] io.netty:netty-codec-http has 231 versions (cached).[0m
[96m[Processor] Identifying versions with successful reproduction...[0m
[96m[Processor] Pending versions: ['4.0.0.Beta1', '4.0.0.Beta2', '4.0.0.Beta3', '4.0.0.CR1', '4.0.0.CR2', '4.0.0.CR3', '4.0.0.CR4', '4.0.0.CR5', '4.0.0.CR6', '4.0.0.CR7', '4.0.0.CR8', '4.0.0.CR9', '4.0.0.Final', '4.0.1.Final', '4.0.2.Final', '4.0.3.Final', '4.0.4.Final', '4.0.5.Final', '4.0.6.Final', '4.0.7.Final', '4.0.8.Final', '4.0.9.Final', '4.0.10.Final', '4.0.11.Final', '4.0.12.Final', '4.0.13.Final', '4.0.14.Beta1', '4.0.14.Final', '4.0.15.Final', '4.0.16.Final', '4.0.17.Final', '4.0.18.Final', '4.0.19.Final', '4.0.20.Final', '4.0.21.Final', '4.0.22.Final', '4.0.23.Final', '4.0.24.Final', '4.0.25.Final', '4.0.26.Final', '4.0.27.Final', '4.0.28.Final', '4.0.29.Final', '4.0.30.Final', '4.0.31.Final', '4.0.32.Final', '4.0.33.Final', '4.0.34.Final', '4.0.35.Final', '4.0.36.Final', '4.0.37.Final', '4.0.38.Final', '4.0.39.Final', '4.0.40.Final', '4.0.41.Final', '4.0.42.Final', '4.0.43.Final', '4.0.44.Final', '4.0.45.Final', '4.0.46.Final', '4.0.47.Final', '4.0.48.Final', '4.0.49.Final', '4.0.50.Final', '4.0.51.Final', '4.0.52.Final', '4.0.53.Final', '4.0.54.Final', '4.0.55.Final', '4.0.56.Final', '5.0.0.Alpha1'][0m
[96m[Preparer] Pending directory already exists: /PoCAdaptation/exploit/pending/CVE-2019-16869[0m
[92m[Main] Total affected versions: 131[0m
[92m[Main] Already reproduced versions: 60[0m
[93m[Main] Versions pending adaptation: 71[0m
[96m[Main]     -> ['4.0.0.Beta1', '4.0.0.Beta2', '4.0.0.Beta3', '4.0.0.CR1', '4.0.0.CR2', '4.0.0.CR3', '4.0.0.CR4', '4.0.0.CR5', '4.0.0.CR6', '4.0.0.CR7', '4.0.0.CR8', '4.0.0.CR9', '4.0.0.Final', '4.0.1.Final', '4.0.2.Final', '4.0.3.Final', '4.0.4.Final', '4.0.5.Final', '4.0.6.Final', '4.0.7.Final', '4.0.8.Final', '4.0.9.Final', '4.0.10.Final', '4.0.11.Final', '4.0.12.Final', '4.0.13.Final', '4.0.14.Beta1', '4.0.14.Final', '4.0.15.Final', '4.0.16.Final', '4.0.17.Final', '4.0.18.Final', '4.0.19.Final', '4.0.20.Final', '4.0.21.Final', '4.0.22.Final', '4.0.23.Final', '4.0.24.Final', '4.0.25.Final', '4.0.26.Final', '4.0.27.Final', '4.0.28.Final', '4.0.29.Final', '4.0.30.Final', '4.0.31.Final', '4.0.32.Final', '4.0.33.Final', '4.0.34.Final', '4.0.35.Final', '4.0.36.Final', '4.0.37.Final', '4.0.38.Final', '4.0.39.Final', '4.0.40.Final', '4.0.41.Final', '4.0.42.Final', '4.0.43.Final', '4.0.44.Final', '4.0.45.Final', '4.0.46.Final', '4.0.47.Final', '4.0.48.Final', '4.0.49.Final', '4.0.50.Final', '4.0.51.Final', '4.0.52.Final', '4.0.53.Final', '4.0.54.Final', '4.0.55.Final', '4.0.56.Final', '5.0.0.Alpha1'][0m
[96m[Main]     -> ['4.1.0.Beta1', '4.1.0.Beta2', '4.1.0.Beta3', '4.1.0.Beta4', '4.1.0.Beta5', '4.1.0.Beta6', '4.1.0.Beta7', '4.1.0.Beta8', '4.1.0.CR1', '4.1.0.CR2', '4.1.0.CR3', '4.1.0.CR4', '4.1.0.CR5', '4.1.0.CR6', '4.1.0.CR7', '4.1.0.Final', '4.1.1.Final', '4.1.2.Final', '4.1.3.Final', '4.1.4.Final', '4.1.5.Final', '4.1.6.Final', '4.1.7.Final', '4.1.8.Final', '4.1.9.Final', '4.1.10.Final', '4.1.11.Final', '4.1.12.Final', '4.1.13.Final', '4.1.14.Final', '4.1.15.Final', '4.1.16.Final', '4.1.17.Final', '4.1.18.Final', '4.1.19.Final', '4.1.20.Final', '4.1.21.Final', '4.1.22.Final', '4.1.23.Final', '4.1.24.Final', '4.1.25.Final', '4.1.26.Final', '4.1.27.Final', '4.1.28.Final', '4.1.29.Final', '4.1.30.Final', '4.1.31.Final', '4.1.32.Final', '4.1.33.Final', '4.1.34.Final', '4.1.35.Final', '4.1.36.Final', '4.1.37.Final', '4.1.38.Final', '4.1.39.Final', '4.1.40.Final', '4.1.41.Final', '4.1.42.Final', '4.1.43.Final', '5.0.0.Alpha2'][0m
[96m[Executor] Running initial exploit mvn test in /PoCAdaptation/exploit/origin/CVE-2019-16869/exploit[0m
[91m[Executor] Initial exploit execution finished with return code 1[0m
[96m[Verifier] Verifying reproduction...[0m
[92m[Verifier] âœ“ Behavior matched: 'java.lang.AssertionError'[0m
[92m[Verifier] âœ“ Detail matched: 'org.junit.Assert.fail'[0m
[92m[Verifier] âœ“ All reproduction indicators matched.[0m
[92m[Verifier] Initial exploit behavior verified successfully.[0m
[96m[Selector] Nearest need adapatation version selected: 4.0.56.Final[0m
[96m[Selector] Closest reproduced version: 4.1.0.Beta1 at index 78[0m
[96m[Adapter] Trying next closest version: 4.0.56.Final[0m
[96m[Preparer] Using closest existing exploit version: /PoCAdaptation/exploit/valid/CVE-2019-16869/4.0.0.CR3/exploit[0m
[92m[Preparer] Copied exploit to: /PoCAdaptation/exploit/pending/CVE-2019-16869/4.0.56.Final/exploit[0m
[96m[Preparer] Updating dependency version to 4.0.56.Final in /PoCAdaptation/exploit/pending/CVE-2019-16869/4.0.56.Final/exploit/pom.xml[0m
[92m[Preparer] Updated dependency version to 4.0.56.Final in /PoCAdaptation/exploit/pending/CVE-2019-16869/4.0.56.Final/exploit/pom.xml[0m
[96m[Executor] Attempting direct exploit execution on 4.0.56.Final...[0m
[96m[Executor] Executing exploit for CVE-2019-16869 on version 4.0.56.Final...[0m
[96m[Verifier] Verifying reproduction...[0m
[91m[Verifier] âœ— Behavior not found: 'java.lang.AssertionError'[0m
[91m[Executor] Reproduction result: Failure[0m
[96m[Adapter] Attempting adaptation from base version 4.1.0.Beta1 to 4.0.56.Final...[0m
[96m[Adapter] Start adapting exploit from 4.1.0.Beta1 to 4.0.56.Final"[0m
[96m[Executor] Executing exploit for CVE-2019-16869 on version 4.0.56.Final...[0m
[96m[Verifier] Verifying reproduction...[0m
[91m[Verifier] âœ— Behavior not found: 'java.lang.AssertionError'[0m
[91m[Executor] Reproduction result: Failure[0m
[96m[ErrorManager] Ignoring line: [ERROR] Failed to execute goal org.apache.maven.plugins:maven-compiler-plugin:3.1:testCompile (default-testCompile) on project CVE-2019-16869: Compilation failure: Compilation failure:[0m
[92m[ErrorManager] Processing line: [ERROR] /PoCAdaptation/exploit/result/CVE-2019-16869/4.0.56.Final/exploit/src/test/java/edu/vision/se/Testcase1.java:[4,33] cannot find symbol[0m
[92m[ErrorManager] Processing line: [ERROR]   symbol:   class EmbeddedByteChannel[0m
[92m[ErrorManager] Processing line: [ERROR]   location: package io.netty.channel.embedded[0m
[92m[ErrorManager] Processing line: [ERROR] /PoCAdaptation/exploit/result/CVE-2019-16869/4.0.56.Final/exploit/src/test/java/edu/vision/se/Testcase1.java:[25,37] cannot find symbol[0m
[92m[ErrorManager] Processing line: [ERROR]   symbol:   class EmbeddedByteChannel[0m
[92m[ErrorManager] Processing line: [ERROR]   location: class edu.vision.se.Testcase1[0m
[92m[ErrorManager] Processing line: [ERROR] /PoCAdaptation/exploit/result/CVE-2019-16869/4.0.56.Final/exploit/src/test/java/edu/vision/se/Testcase1.java:[17,9] cannot find symbol[0m
[92m[ErrorManager] Processing line: [ERROR]   symbol:   class EmbeddedByteChannel[0m
[92m[ErrorManager] Processing line: [ERROR]   location: class edu.vision.se.Testcase1[0m
[92m[ErrorManager] Processing line: [ERROR] /PoCAdaptation/exploit/result/CVE-2019-16869/4.0.56.Final/exploit/src/test/java/edu/vision/se/Testcase1.java:[17,43] cannot find symbol[0m
[92m[ErrorManager] Processing line: [ERROR]   symbol:   class EmbeddedByteChannel[0m
[92m[ErrorManager] Processing line: [ERROR]   location: class edu.vision.se.Testcase1[0m
[96m[ErrorManager] Ignoring line: [ERROR] -> [Help 1][0m
[96m[ErrorManager] Ignoring line: [ERROR][0m
[96m[ErrorManager] Ignoring line: [ERROR] To see the full stack trace of the errors, re-run Maven with the -e switch.[0m
[96m[ErrorManager] Ignoring line: [ERROR] Re-run Maven using the -X switch to enable full debug logging.[0m
[96m[ErrorManager] Ignoring line: [ERROR][0m
[96m[ErrorManager] Ignoring line: [ERROR] For more information about the errors and possible solutions, please read the following articles:[0m
[96m[ErrorManager] Ignoring line: [ERROR] [Help 1] http://cwiki.apache.org/confluence/display/MAVEN/MojoFailureException[0m
[96m[Adapter] Locating fix position in error log.[0m
[LLMClient] Tokens used: 1848 (prompt), 1 (completion), 1849 (total)
[LLMClient] Prompt: 
You are given a Java error log when executing 'mvn test' in a project with dependency version 4.0.56.Final:io.netty:netty-codec-http.
This test file compiles and runs successfully with version 4.1.0.Beta1.

Your task is to:
1. Analyze why this issue occurs with the *4.1.0.Beta1* but not with the *4.0.56.Final version*.
2. Consider how to resolve the issue **without updating this library**.
3. Determine and output the location in the project that should be modified to fix the problem.

Please return 'pom' if the fix is in the pom.xml file, or 'test' if the fix is in the test code.
Do not return any other text, just 'pom' or 'test'.

The error log is:
[INFO] Scanning for projects...
[INFO] 
[INFO] --------------------< edu.vision.se:CVE-2019-16869 >--------------------
[INFO] Building io.netty CVE-2019-16869 1.0-SNAPSHOT
[INFO]   from pom.xml
[INFO] --------------------------------[ jar ]---------------------------------
[INFO] 
[INFO] --- maven-clean-plugin:2.5:clean (default-clean) @ CVE-2019-16869 ---
[INFO] Deleting /PoCAdaptation/exploit/result/CVE-2019-16869/4.0.56.Final/exploit/target
[INFO] 
[INFO] --- maven-resources-plugin:2.6:resources (default-resources) @ CVE-2019-16869 ---
[INFO] Using 'UTF-8' encoding to copy filtered resources.
[INFO] skip non existing resourceDirectory /PoCAdaptation/exploit/result/CVE-2019-16869/4.0.56.Final/exploit/src/main/resources
[INFO] 
[INFO] --- maven-compiler-plugin:3.1:compile (default-compile) @ CVE-2019-16869 ---
[INFO] No sources to compile
[INFO] 
[INFO] --- maven-resources-plugin:2.6:testResources (default-testResources) @ CVE-2019-16869 ---
[INFO] Using 'UTF-8' encoding to copy filtered resources.
[INFO] skip non existing resourceDirectory /PoCAdaptation/exploit/result/CVE-2019-16869/4.0.56.Final/exploit/src/test/resources
[INFO] 
[INFO] --- maven-compiler-plugin:3.1:testCompile (default-testCompile) @ CVE-2019-16869 ---
[INFO] Changes detected - recompiling the module!
[INFO] Compiling 1 source file to /PoCAdaptation/exploit/result/CVE-2019-16869/4.0.56.Final/exploit/target/test-classes
[INFO] -------------------------------------------------------------
[ERROR] COMPILATION ERROR : 
[INFO] -------------------------------------------------------------
[ERROR] /PoCAdaptation/exploit/result/CVE-2019-16869/4.0.56.Final/exploit/src/test/java/edu/vision/se/Testcase1.java:[4,33] cannot find symbol
  symbol:   class EmbeddedByteChannel
  location: package io.netty.channel.embedded
[ERROR] /PoCAdaptation/exploit/result/CVE-2019-16869/4.0.56.Final/exploit/src/test/java/edu/vision/se/Testcase1.java:[25,37] cannot find symbol
  symbol:   class EmbeddedByteChannel
  location: class edu.vision.se.Testcase1
[ERROR] /PoCAdaptation/exploit/result/CVE-2019-16869/4.0.56.Final/exploit/src/test/java/edu/vision/se/Testcase1.java:[17,9] cannot find symbol
  symbol:   class EmbeddedByteChannel
  location: class edu.vision.se.Testcase1
[ERROR] /PoCAdaptation/exploit/result/CVE-2019-16869/4.0.56.Final/exploit/src/test/java/edu/vision/se/Testcase1.java:[17,43] cannot find symbol
  symbol:   class EmbeddedByteChannel
  location: class edu.vision.se.Testcase1
[INFO] 4 errors 
[INFO] -------------------------------------------------------------
[INFO] ------------------------------------------------------------------------
[INFO] BUILD FAILURE
[INFO] ------------------------------------------------------------------------
[INFO] Total time:  0.882 s
[INFO] Finished at: 2025-07-13T12:46:16Z
[INFO] ------------------------------------------------------------------------
[ERROR] Failed to execute goal org.apache.maven.plugins:maven-compiler-plugin:3.1:testCompile (default-testCompile) on project CVE-2019-16869: Compilation failure: Compilation failure: 
[ERROR] /PoCAdaptation/exploit/result/CVE-2019-16869/4.0.56.Final/exploit/src/test/java/edu/vision/se/Testcase1.java:[4,33] cannot find symbol
[ERROR]   symbol:   class EmbeddedByteChannel
[ERROR]   location: package io.netty.channel.embedded
[ERROR] /PoCAdaptation/exploit/result/CVE-2019-16869/4.0.56.Final/exploit/src/test/java/edu/vision/se/Testcase1.java:[25,37] cannot find symbol
[ERROR]   symbol:   class EmbeddedByteChannel
[ERROR]   location: class edu.vision.se.Testcase1
[ERROR] /PoCAdaptation/exploit/result/CVE-2019-16869/4.0.56.Final/exploit/src/test/java/edu/vision/se/Testcase1.java:[17,9] cannot find symbol
[ERROR]   symbol:   class EmbeddedByteChannel
[ERROR]   location: class edu.vision.se.Testcase1
[ERROR] /PoCAdaptation/exploit/result/CVE-2019-16869/4.0.56.Final/exploit/src/test/java/edu/vision/se/Testcase1.java:[17,43] cannot find symbol
[ERROR]   symbol:   class EmbeddedByteChannel
[ERROR]   location: class edu.vision.se.Testcase1
[ERROR] -> [Help 1]
[ERROR] 
[ERROR] To see the full stack trace of the errors, re-run Maven with the -e switch.
[ERROR] Re-run Maven using the -X switch to enable full debug logging.
[ERROR] 
[ERROR] For more information about the errors and possible solutions, please read the following articles:
[ERROR] [Help 1] http://cwiki.apache.org/confluence/display/MAVEN/MojoFailureException


current_pom file is:<?xml version='1.0' encoding='utf-8'?>
<project xmlns="http://maven.apache.org/POM/4.0.0" xmlns:xsi="http://www.w3.org/2001/XMLSchema-instance" xsi:schemaLocation="http://maven.apache.org/POM/4.0.0 https://maven.apache.org/xsd/maven-4.0.0.xsd">
  <groupId>edu.vision.se</groupId><version>1.0-SNAPSHOT</version><modelVersion>4.0.0</modelVersion>
  <artifactId>CVE-2019-16869</artifactId>
  <name>io.netty CVE-2019-16869</name>
   <properties>
    <maven.compiler.target>11</maven.compiler.target>
    <maven.compiler.source>11</maven.compiler.source>
    <project.build.sourceEncoding>UTF-8</project.build.sourceEncoding>
  </properties>
  
  <dependencies>
    <dependency>
      <groupId>io.netty</groupId>
      <artifactId>netty-codec-http</artifactId>
      <version>4.0.56.Final</version>
    </dependency>


  <dependency><groupId>junit</groupId><artifactId>junit</artifactId><version>4.13.2</version></dependency>
  
  </dependencies>
</project>
[LLMClient] Response: 
test
[96m[Adapter] LLM response for fix position: test[0m
[LLMClient] Tokens used: 147 (prompt), 17 (completion), 164 (total)
[LLMClient] Prompt: 
You are given an error log when executing 'mvn test' in version 4.0.56.Final: 

Error: cannot find symbol, class EmbeddedByteChannel, package io.netty.channel.embedded 

The test executes as expected in 4.1.0.Beta1 

Error code: import io.netty.channel.embedded.EmbeddedByteChannel; 

Extract two key *entities* from the error for searching related diffs 

The extracted entities should reflect code-level identifiers that are likely to appear in source code or diffs. 

Output each node as a `;`-separated list, with no explanations. 


[LLMClient] Response: 
io.netty.channel.embedded.EmbeddedByteChannel;EmbeddedByteChannel
[96m[ErrorManager] Extracted key entities: ['io.netty.channel.embedded.EmbeddedByteChannel', 'EmbeddedByteChannel'][0m
[96m[Adapter] Try to solve error: {'file': '/PoCAdaptation/exploit/result/CVE-2019-16869/4.0.56.Final/exploit/src/test/java/edu/vision/se/Testcase1.java', 'line': 4, 'column': 33, 'message': 'cannot find symbol', 'symbol': 'class EmbeddedByteChannel', 'location': 'package io.netty.channel.embedded', 'code_line': 'import io.netty.channel.embedded.EmbeddedByteChannel;'} with cause: ['io.netty.channel.embedded.EmbeddedByteChannel', 'EmbeddedByteChannel'][0m
[LLMClient] Tokens used: 181 (prompt), 17 (completion), 198 (total)
[LLMClient] Prompt: 
You are given an error log when executing 'mvn test' in version 4.0.56.Final: 

Error: cannot find symbol, class EmbeddedByteChannel, package io.netty.channel.embedded 

The test executes as expected in 4.1.0.Beta1 

Error code: import io.netty.channel.embedded.EmbeddedByteChannel; 

Extract two key *entities* from the error for searching related diffs 

The extracted entities should reflect code-level identifiers that are likely to appear in source code or diffs. 

Current cause: ['io.netty.channel.embedded.EmbeddedByteChannel', 'EmbeddedByteChannel'] 

 failed to catch, try simpler or other entities.

Output each node as a `;`-separated list, with no explanations. 


[LLMClient] Response: 
io.netty.channel.embedded.EmbeddedByteChannel;EmbeddedByteChannel
[96m[ErrorManager] Extracted key entities: ['io.netty.channel.embedded.EmbeddedByteChannel', 'EmbeddedByteChannel'][0m
[96m[Adapter] Related diffs for error: [(9, 1.0), (10, 1.0), (11, 1.0), (12, 1.0), (13, 1.0)][0m
[96m[Adapter] Fix position is in test code.[0m
[96m[RepairModule] Start repair for group: cannot find symbol | class EmbeddedByteChannel cause: ['io.netty.channel.embedded.EmbeddedByteChannel', 'EmbeddedByteChannel'][0m
[96m[RepairModule] Trying best diff #9 with score 1.00[0m
[96m[RepairModule] Found 10 diff combinations for annealing.[0m
[96m[RepairModule] Iteration 1, temperature 1.000: Trying diff #(9, 11) with score 1.00[0m
[LLMClient] Tokens used: 762 (prompt), 284 (completion), 1046 (total)
[LLMClient] Prompt: 
You are given a Java test file with compilation errors in version 4.0.56.Final:io.netty:netty-codec-http.
This test file compiles and runs successfully in 4.1.0.Beta1.

The diff is related to the diff.
Your task has three steps:
 1. Locate the code where the compilation error occurs.
 2. Analyze the diff from 4.1.0.Beta1 to 4.0.56.Final.
 3. Fix the error in the error position only when diff is helpful. Add import statement when needed according to the diff. 

Only output the modified version of the test file according to the diff. No explanations. If mocking, access fields via reflection if they exist.
### Compilation Errors:
message: cannot find symbol, symble: class EmbeddedByteChannel, location: package io.netty.channel.embedded

### Error Position:
import io.netty.channel.embedded.EmbeddedByteChannel;

### Related Diff:
Operation: MODIFIED, File: all/pom.xml, Hunk: @@ -20,7 +20,7 @@
   <parent>
     <groupId>io.netty</groupId>
     <artifactId>netty-parent</artifactId>
+    <version>4.0.16.Final-SNAPSHOT</version>
-    <version>4.1.0.Beta1</version>
   </parent>

   <artifactId>netty-all</artifactId>
Operation: MODIFIED, File: all/pom.xml, Hunk: @@ -41,18 +41,6 @@
         <quickbuild>false</quickbuild>
       </properties>
     </profile>
+    <profile>
+      <id>sonatype-oss-release</id>
+      <properties>
+        <quickbuild>false</quickbuild>
+      </properties>
+    </profile>
+    <profile>
+      <id>release</id>
+      <properties>
+        <quickbuild>false</quickbuild>
+      </properties>
+    </profile>
     <profile>
       <id>coverage</id>
       <build>

### Test File Content:
package edu.vision.se;

import io.netty.buffer.Unpooled;
import io.netty.channel.embedded.EmbeddedByteChannel;
import io.netty.handler.codec.http.HttpMessage;
import io.netty.handler.codec.http.HttpRequest;
import io.netty.handler.codec.http.HttpRequestDecoder;
import io.netty.util.CharsetUtil;
import org.junit.Test;

import static org.junit.Assert.assertFalse;
import static org.junit.Assert.assertTrue;

public class Testcase1 {
    @Test(timeout = 60000)
    public void testWhitespace() {
        EmbeddedByteChannel channel = new EmbeddedByteChannel(new HttpRequestDecoder());
        String requestStr = "GET /some/path HTTP/1.1\r\n" +
                "Transfer-Encoding : chunked\r\n" +
                "Host: netty.io\n\r\n";
        channel.writeInbound(Unpooled.copiedBuffer(requestStr, CharsetUtil.US_ASCII));
        validateReturnValue(channel);
    }

    public void validateReturnValue(EmbeddedByteChannel channel) {
        HttpRequest request = (HttpRequest) channel.readInbound();
        assertTrue(((HttpMessage) request).getDecoderResult().isFailure());
        assertTrue(((HttpMessage) request).getDecoderResult().cause() instanceof IllegalArgumentException);
        assertFalse(channel.finish());
    }
}



[LLMClient] Response: 
package edu.vision.se;

import io.netty.buffer.Unpooled;
import io.netty.channel.embedded.EmbeddedChannel;
import io.netty.handler.codec.http.HttpMessage;
import io.netty.handler.codec.http.HttpRequest;
import io.netty.handler.codec.http.HttpRequestDecoder;
import io.netty.util.CharsetUtil;
import org.junit.Test;

import static org.junit.Assert.assertFalse;
import static org.junit.Assert.assertTrue;

public class Testcase1 {
    @Test(timeout = 60000)
    public void testWhitespace() {
        EmbeddedChannel channel = new EmbeddedChannel(new HttpRequestDecoder());
        String requestStr = "GET /some/path HTTP/1.1\r\n" +
                "Transfer-Encoding : chunked\r\n" +
                "Host: netty.io\n\r\n";
        channel.writeInbound(Unpooled.copiedBuffer(requestStr, CharsetUtil.US_ASCII));
        validateReturnValue(channel);
    }

    public void validateReturnValue(EmbeddedChannel channel) {
        HttpRequest request = (HttpRequest) channel.readInbound();
        assertTrue(((HttpMessage) request).getDecoderResult().isFailure());
        assertTrue(((HttpMessage) request).getDecoderResult().cause() instanceof IllegalArgumentException);
        assertFalse(channel.finish());
    }
}
[96m[RepairModule] Wrote modified code to /PoCAdaptation/exploit/result/CVE-2019-16869/4.0.56.Final/exploit/src/test/java/edu/vision/se/Testcase1.java[0m
[96m[Executor] Executing exploit for CVE-2019-16869 on version 4.0.56.Final...[0m
[96m[Verifier] Verifying reproduction...[0m
[92m[Verifier] âœ“ Behavior matched: 'java.lang.AssertionError'[0m
[92m[Verifier] âœ“ Detail matched: 'org.junit.Assert.fail'[0m
[92m[Verifier] âœ“ All reproduction indicators matched.[0m
[92m[Executor] Reproduction result: Success[0m
[92m[RepairModule] Repair success![0m
[92m[RepairModule] Repair success with diff #(9, 11) at iteration 1![0m
[96m[Adapter] Test code repair attempted.[0m
[96m[Executor] Executing exploit for CVE-2019-16869 on version 4.0.56.Final...[0m
[96m[Verifier] Verifying reproduction...[0m
[92m[Verifier] âœ“ Behavior matched: 'java.lang.AssertionError'[0m
[92m[Verifier] âœ“ Detail matched: 'org.junit.Assert.fail'[0m
[92m[Verifier] âœ“ All reproduction indicators matched.[0m
[92m[Executor] Reproduction result: Success[0m
[92m[Adapter] Adaptation from 4.1.0.Beta1 to 4.0.56.Final successful.[0m
[Adapt] âœ“ Completed: True
[96m[Adapter] Adaptation complete. Retesting exploit on 4.0.56.Final...[0m
[92m[Executor] Adaptation + reproduction successful on 4.0.56.Final[0m
[96m[Adapter] Copied successful adaptation to /PoCAdaptation/exploit/valid/CVE-2019-16869/4.0.56.Final[0m

[Executor] â–¶ Summary of return codes:
  - Version 4.0.56.Final: âœ“ Success (exit code 0)
  - Version 4.0.0.CR3: âœ“ Success (exit code 0)
  - Version 5.0.0.Alpha1: âœ“ Success (exit code 0)
