[1m[Main] === Starting adaptation process for CVE-2022-24197 ===[0m
[96m[Processor] Fetching all available Maven versions...[0m
[96m[Analyzer] Loading cached versions from: /PoCAdaptation/library/com_itextpdf_kernel.txt[0m
[96m[Analyzer] com.itextpdf:kernel has 45 versions (cached).[0m
[96m[Processor] Identifying versions with successful reproduction...[0m
[96m[Processor] Pending versions: ['7.1.15', '7.1.16', '7.1.17', '7.2.0', '7.2.1'][0m
[96m[Preparer] Pending directory already exists: /PoCAdaptation/exploit/pending/CVE-2022-24197[0m
[92m[Main] Total affected versions: 29[0m
[92m[Main] Already reproduced versions: 24[0m
[93m[Main] Versions pending adaptation: 5[0m
[96m[Main]     -> ['7.1.15', '7.1.16', '7.1.17', '7.2.0', '7.2.1'][0m
[96m[Main]     -> ['7.0.0', '7.0.1', '7.0.2', '7.0.3', '7.0.4', '7.0.5', '7.0.6', '7.0.7', '7.0.8', '7.1.0', '7.1.1', '7.1.2', '7.1.3', '7.1.4', '7.1.5', '7.1.6', '7.1.7', '7.1.8', '7.1.9', '7.1.10', '7.1.11', '7.1.12', '7.1.13', '7.1.14'][0m
[96m[Executor] Running initial exploit mvn test in /PoCAdaptation/exploit/origin/CVE-2022-24197/exploit[0m
[91m[Executor] Initial exploit execution finished with return code 1[0m
[96m[Verifier] Verifying reproduction...[0m
[91m[Verifier] âœ— Behavior not found: 'java.lang.AssertionError'[0m
[91m[Verifier] Initial exploit behavior does NOT match expected reproduction.[0m
[96m[Selector] Nearest need adapatation version selected: 7.1.15[0m
[96m[Selector] Closest reproduced version: 7.1.14 at index 23[0m
[96m[Adapter] Trying next closest version: 7.1.15[0m
[96m[Preparer] Using closest existing exploit version: /PoCAdaptation/exploit/valid/CVE-2022-24197/7.1.15/exploit[0m
[92m[Preparer] Copied exploit to: /PoCAdaptation/exploit/pending/CVE-2022-24197/7.1.15/exploit[0m
[96m[Preparer] Updating dependency version to 7.1.15 in /PoCAdaptation/exploit/pending/CVE-2022-24197/7.1.15/exploit/pom.xml[0m
[92m[Preparer] Updated dependency version to 7.1.15 in /PoCAdaptation/exploit/pending/CVE-2022-24197/7.1.15/exploit/pom.xml[0m
[96m[Executor] Attempting direct exploit execution on 7.1.15...[0m
[96m[Executor] Executing exploit for CVE-2022-24197 on version 7.1.15...[0m
[96m[Verifier] Verifying reproduction...[0m
[91m[Verifier] âœ— Behavior not found: 'java.lang.AssertionError'[0m
[91m[Executor] Reproduction result: Failure[0m
[96m[Adapter] Attempting adaptation from base version 7.1.14 to 7.1.15...[0m
[96m[Adapter] Start adapting exploit from 7.1.14 to 7.1.15"[0m
[91m[DiffManager] Diff file not found: /PoCAdaptation/library/diff/CVE-2022-24197/7.1.15-7.1.14.diff[0m
[96m[Executor] Executing exploit for CVE-2022-24197 on version 7.1.15...[0m
[96m[Verifier] Verifying reproduction...[0m
[91m[Verifier] âœ— Behavior not found: 'java.lang.AssertionError'[0m
[91m[Executor] Reproduction result: Failure[0m
[96m[ErrorManager] Ignoring line: [ERROR] Failed to execute goal org.apache.maven.plugins:maven-surefire-plugin:2.12.4:test (default-test) on project CVE-2022-24197: There are test failures.[0m
[96m[ErrorManager] Ignoring line: [ERROR][0m
[96m[ErrorManager] Ignoring line: [ERROR] Please refer to /PoCAdaptation/exploit/result/CVE-2022-24197/7.1.15/exploit/target/surefire-reports for the individual test results.[0m
[96m[ErrorManager] Ignoring line: [ERROR] -> [Help 1][0m
[96m[ErrorManager] Ignoring line: [ERROR][0m
[96m[ErrorManager] Ignoring line: [ERROR] To see the full stack trace of the errors, re-run Maven with the -e switch.[0m
[96m[ErrorManager] Ignoring line: [ERROR] Re-run Maven using the -X switch to enable full debug logging.[0m
[96m[ErrorManager] Ignoring line: [ERROR][0m
[96m[ErrorManager] Ignoring line: [ERROR] For more information about the errors and possible solutions, please read the following articles:[0m
[96m[ErrorManager] Ignoring line: [ERROR] [Help 1] http://cwiki.apache.org/confluence/display/MAVEN/MojoFailureException[0m
[96m[ErrorManager] Using fallback error line: [ERROR] Failed to execute goal org.apache.maven.plugins:maven-surefire-plugin:2.12.4:test (default-test) on project CVE-2022-24197: There are test failures.[0m
[91m[ErrorManager] Failed to read file UNKNOWN: [Errno 2] No such file or directory: 'UNKNOWN'[0m
[96m[Adapter] Locating fix position in error log.[0m
[LLMClient] Tokens used: 6264 (prompt), 1 (completion), 6265 (total)
[LLMClient] Prompt: 
You are given a Java error log when executing 'mvn test' in a project with dependency version 7.1.15:com.itextpdf:kernel.
This test file compiles and runs successfully with version 7.1.14.

Your task is to:
1. Analyze why this issue occurs with the *7.1.14* but not with the *7.1.15 version*.
2. Consider how to resolve the issue **without updating this library**.
3. Determine and output the location in the project that should be modified to fix the problem.

Please return 'pom' if the fix is in the pom.xml file, or 'test' if the fix is in the test code.
Do not return any other text, just 'pom' or 'test'.

The error log is:
[INFO] Scanning for projects...
[WARNING] 
[WARNING] Some problems were encountered while building the effective model for edu.vision.se:CVE-2022-24197:jar:1.0-SNAPSHOT
[WARNING] 'dependencies.dependency.(groupId:artifactId:type:classifier)' must be unique: junit:junit:jar -> duplicate declaration of version 4.13.2 @ line 25, column 119
[WARNING] 'dependencies.dependency.(groupId:artifactId:type:classifier)' must be unique: junit:junit:jar -> duplicate declaration of version 4.13.2 @ line 25, column 223
[WARNING] 'dependencies.dependency.(groupId:artifactId:type:classifier)' must be unique: junit:junit:jar -> duplicate declaration of version 4.13.2 @ line 25, column 327
[WARNING] 
[WARNING] It is highly recommended to fix these problems because they threaten the stability of your build.
[WARNING] 
[WARNING] For this reason, future Maven versions might no longer support building such malformed projects.
[WARNING] 
[INFO] 
[INFO] --------------------< edu.vision.se:CVE-2022-24197 >--------------------
[INFO] Building itextpdf-kernel CVE-2022-24197 1.0-SNAPSHOT
[INFO]   from pom.xml
[INFO] --------------------------------[ jar ]---------------------------------
[INFO] 
[INFO] --- maven-clean-plugin:2.5:clean (default-clean) @ CVE-2022-24197 ---
[INFO] Deleting /PoCAdaptation/exploit/result/CVE-2022-24197/7.1.15/exploit/target
[INFO] 
[INFO] --- maven-resources-plugin:2.6:resources (default-resources) @ CVE-2022-24197 ---
[WARNING] Using platform encoding (UTF-8 actually) to copy filtered resources, i.e. build is platform dependent!
[INFO] Copying 0 resource
[INFO] 
[INFO] --- maven-compiler-plugin:3.1:compile (default-compile) @ CVE-2022-24197 ---
[INFO] No sources to compile
[INFO] 
[INFO] --- maven-resources-plugin:2.6:testResources (default-testResources) @ CVE-2022-24197 ---
[WARNING] Using platform encoding (UTF-8 actually) to copy filtered resources, i.e. build is platform dependent!
[INFO] Copying 13 resources
[INFO] 
[INFO] --- maven-compiler-plugin:3.1:testCompile (default-testCompile) @ CVE-2022-24197 ---
[INFO] Changes detected - recompiling the module!
[WARNING] File encoding has not been set, using platform encoding UTF-8, i.e. build is platform dependent!
[INFO] Compiling 1 source file to /PoCAdaptation/exploit/result/CVE-2022-24197/7.1.15/exploit/target/test-classes
[INFO] 
[INFO] --- maven-surefire-plugin:2.12.4:test (default-test) @ CVE-2022-24197 ---
[INFO] Surefire report directory: /PoCAdaptation/exploit/result/CVE-2022-24197/7.1.15/exploit/target/surefire-reports

-------------------------------------------------------
 T E S T S
-------------------------------------------------------
Running edu.vision.se.Testcase1
Tests run: 8, Failures: 0, Errors: 7, Skipped: 0, Time elapsed: 0.168 sec <<< FAILURE!
endObjInsteadOfArrayClosingBracketTest(edu.vision.se.Testcase1)  Time elapsed: 0.119 sec  <<< ERROR!
com.itextpdf.kernel.PdfException: Unexpected end of file.
	at com.itextpdf.kernel.pdf.PdfReader.readObject(PdfReader.java:874)
	at com.itextpdf.kernel.pdf.PdfReader.readArray(PdfReader.java:929)
	at com.itextpdf.kernel.pdf.PdfReader.readObject(PdfReader.java:859)
	at com.itextpdf.kernel.pdf.PdfReader.readObject(PdfReader.java:790)
	at com.itextpdf.kernel.pdf.PdfReader.readObject(PdfReader.java:1331)
	at com.itextpdf.kernel.pdf.PdfReader.readObject(PdfReader.java:1335)
	at com.itextpdf.kernel.pdf.PdfReader.readObject(PdfReader.java:786)
	at com.itextpdf.kernel.pdf.PdfIndirectReference.getRefersTo(PdfIndirectReference.java:129)
	at com.itextpdf.kernel.pdf.PdfIndirectReference.getRefersTo(PdfIndirectReference.java:133)
	at com.itextpdf.kernel.pdf.PdfIndirectReference.getRefersTo(PdfIndirectReference.java:114)
	at com.itextpdf.kernel.pdf.PdfDocument.getPdfObject(PdfDocument.java:408)
	at edu.vision.se.Testcase1.endObjInsteadOfArrayClosingBracketTest(Testcase1.java:41)
	at java.base/jdk.internal.reflect.NativeMethodAccessorImpl.invoke0(Native Method)
	at java.base/jdk.internal.reflect.NativeMethodAccessorImpl.invoke(NativeMethodAccessorImpl.java:62)
	at java.base/jdk.internal.reflect.DelegatingMethodAccessorImpl.invoke(DelegatingMethodAccessorImpl.java:43)
	at java.base/java.lang.reflect.Method.invoke(Method.java:566)
	at org.junit.runners.model.FrameworkMethod$1.runReflectiveCall(FrameworkMethod.java:59)
	at org.junit.internal.runners.model.ReflectiveCallable.run(ReflectiveCallable.java:12)
	at org.junit.runners.model.FrameworkMethod.invokeExplosively(FrameworkMethod.java:56)
	at org.junit.internal.runners.statements.InvokeMethod.evaluate(InvokeMethod.java:17)
	at org.junit.internal.runners.statements.FailOnTimeout$CallableStatement.call(FailOnTimeout.java:299)
	at org.junit.internal.runners.statements.FailOnTimeout$CallableStatement.call(FailOnTimeout.java:293)
	at java.base/java.util.concurrent.FutureTask.run(FutureTask.java:264)
	at java.base/java.lang.Thread.run(Thread.java:834)

nameInsteadOfArrayClosingBracketTest(edu.vision.se.Testcase1)  Time elapsed: 0.001 sec  <<< ERROR!
com.itextpdf.kernel.PdfException: Unexpected end of file.
	at com.itextpdf.kernel.pdf.PdfReader.readObject(PdfReader.java:874)
	at com.itextpdf.kernel.pdf.PdfReader.readArray(PdfReader.java:929)
	at com.itextpdf.kernel.pdf.PdfReader.readObject(PdfReader.java:859)
	at com.itextpdf.kernel.pdf.PdfReader.readObject(PdfReader.java:790)
	at com.itextpdf.kernel.pdf.PdfReader.readObject(PdfReader.java:1331)
	at com.itextpdf.kernel.pdf.PdfReader.readObject(PdfReader.java:1335)
	at com.itextpdf.kernel.pdf.PdfReader.readObject(PdfReader.java:786)
	at com.itextpdf.kernel.pdf.PdfIndirectReference.getRefersTo(PdfIndirectReference.java:129)
	at com.itextpdf.kernel.pdf.PdfIndirectReference.getRefersTo(PdfIndirectReference.java:133)
	at com.itextpdf.kernel.pdf.PdfIndirectReference.getRefersTo(PdfIndirectReference.java:114)
	at com.itextpdf.kernel.pdf.PdfDocument.getPdfObject(PdfDocument.java:408)
	at edu.vision.se.Testcase1.nameInsteadOfArrayClosingBracketTest(Testcase1.java:53)
	at java.base/jdk.internal.reflect.NativeMethodAccessorImpl.invoke0(Native Method)
	at java.base/jdk.internal.reflect.NativeMethodAccessorImpl.invoke(NativeMethodAccessorImpl.java:62)
	at java.base/jdk.internal.reflect.DelegatingMethodAccessorImpl.invoke(DelegatingMethodAccessorImpl.java:43)
	at java.base/java.lang.reflect.Method.invoke(Method.java:566)
	at org.junit.runners.model.FrameworkMethod$1.runReflectiveCall(FrameworkMethod.java:59)
	at org.junit.internal.runners.model.ReflectiveCallable.run(ReflectiveCallable.java:12)
	at org.junit.runners.model.FrameworkMethod.invokeExplosively(FrameworkMethod.java:56)
	at org.junit.internal.runners.statements.InvokeMethod.evaluate(InvokeMethod.java:17)
	at org.junit.internal.runners.statements.FailOnTimeout$CallableStatement.call(FailOnTimeout.java:299)
	at org.junit.internal.runners.statements.FailOnTimeout$CallableStatement.call(FailOnTimeout.java:293)
	at java.base/java.util.concurrent.FutureTask.run(FutureTask.java:264)
	at java.base/java.lang.Thread.run(Thread.java:834)

startArrayInsteadOfArrayClosingBracketTest(edu.vision.se.Testcase1)  Time elapsed: 0.005 sec  <<< ERROR!
com.itextpdf.kernel.PdfException: Unexpected end of file.
	at com.itextpdf.kernel.pdf.PdfReader.readObject(PdfReader.java:874)
	at com.itextpdf.kernel.pdf.PdfReader.readArray(PdfReader.java:929)
	at com.itextpdf.kernel.pdf.PdfReader.readObject(PdfReader.java:859)
	at com.itextpdf.kernel.pdf.PdfReader.readArray(PdfReader.java:929)
	at com.itextpdf.kernel.pdf.PdfReader.readObject(PdfReader.java:859)
	at com.itextpdf.kernel.pdf.PdfReader.readObject(PdfReader.java:790)
	at com.itextpdf.kernel.pdf.PdfReader.readObject(PdfReader.java:1331)
	at com.itextpdf.kernel.pdf.PdfReader.readObject(PdfReader.java:1335)
	at com.itextpdf.kernel.pdf.PdfReader.readObject(PdfReader.java:786)
	at com.itextpdf.kernel.pdf.PdfIndirectReference.getRefersTo(PdfIndirectReference.java:129)
	at com.itextpdf.kernel.pdf.PdfIndirectReference.getRefersTo(PdfIndirectReference.java:133)
	at com.itextpdf.kernel.pdf.PdfIndirectReference.getRefersTo(PdfIndirectReference.java:114)
	at com.itextpdf.kernel.pdf.PdfDocument.getPdfObject(PdfDocument.java:408)
	at edu.vision.se.Testcase1.startArrayInsteadOfArrayClosingBracketTest(Testcase1.java:89)
	at java.base/jdk.internal.reflect.NativeMethodAccessorImpl.invoke0(Native Method)
	at java.base/jdk.internal.reflect.NativeMethodAccessorImpl.invoke(NativeMethodAccessorImpl.java:62)
	at java.base/jdk.internal.reflect.DelegatingMethodAccessorImpl.invoke(DelegatingMethodAccessorImpl.java:43)
	at java.base/java.lang.reflect.Method.invoke(Method.java:566)
	at org.junit.runners.model.FrameworkMethod$1.runReflectiveCall(FrameworkMethod.java:59)
	at org.junit.internal.runners.model.ReflectiveCallable.run(ReflectiveCallable.java:12)
	at org.junit.runners.model.FrameworkMethod.invokeExplosively(FrameworkMethod.java:56)
	at org.junit.internal.runners.statements.InvokeMethod.evaluate(InvokeMethod.java:17)
	at org.junit.internal.runners.statements.FailOnTimeout$CallableStatement.call(FailOnTimeout.java:299)
	at org.junit.internal.runners.statements.FailOnTimeout$CallableStatement.call(FailOnTimeout.java:293)
	at java.base/java.util.concurrent.FutureTask.run(FutureTask.java:264)
	at java.base/java.lang.Thread.run(Thread.java:834)

refInsteadOfArrayClosingBracketTest(edu.vision.se.Testcase1)  Time elapsed: 0.009 sec  <<< ERROR!
com.itextpdf.kernel.PdfException: Unexpected end of file.
	at com.itextpdf.kernel.pdf.PdfReader.readObject(PdfReader.java:874)
	at com.itextpdf.kernel.pdf.PdfReader.readArray(PdfReader.java:929)
	at com.itextpdf.kernel.pdf.PdfReader.readObject(PdfReader.java:859)
	at com.itextpdf.kernel.pdf.PdfReader.readObject(PdfReader.java:790)
	at com.itextpdf.kernel.pdf.PdfReader.readObject(PdfReader.java:1331)
	at com.itextpdf.kernel.pdf.PdfReader.readObject(PdfReader.java:1335)
	at com.itextpdf.kernel.pdf.PdfReader.readObject(PdfReader.java:786)
	at com.itextpdf.kernel.pdf.PdfIndirectReference.getRefersTo(PdfIndirectReference.java:129)
	at com.itextpdf.kernel.pdf.PdfIndirectReference.getRefersTo(PdfIndirectReference.java:133)
	at com.itextpdf.kernel.pdf.PdfIndirectReference.getRefersTo(PdfIndirectReference.java:114)
	at com.itextpdf.kernel.pdf.PdfDocument.getPdfObject(PdfDocument.java:408)
	at edu.vision.se.Testcase1.refInsteadOfArrayClosingBracketTest(Testcase1.java:77)
	at java.base/jdk.internal.reflect.NativeMethodAccessorImpl.invoke0(Native Method)
	at java.base/jdk.internal.reflect.NativeMethodAccessorImpl.invoke(NativeMethodAccessorImpl.java:62)
	at java.base/jdk.internal.reflect.DelegatingMethodAccessorImpl.invoke(DelegatingMethodAccessorImpl.java:43)
	at java.base/java.lang.reflect.Method.invoke(Method.java:566)
	at org.junit.runners.model.FrameworkMethod$1.runReflectiveCall(FrameworkMethod.java:59)
	at org.junit.internal.runners.model.ReflectiveCallable.run(ReflectiveCallable.java:12)
	at org.junit.runners.model.FrameworkMethod.invokeExplosively(FrameworkMethod.java:56)
	at org.junit.internal.runners.statements.InvokeMethod.evaluate(InvokeMethod.java:17)
	at org.junit.internal.runners.statements.FailOnTimeout$CallableStatement.call(FailOnTimeout.java:299)
	at org.junit.internal.runners.statements.FailOnTimeout$CallableStatement.call(FailOnTimeout.java:293)
	at java.base/java.util.concurrent.FutureTask.run(FutureTask.java:264)
	at java.base/java.lang.Thread.run(Thread.java:834)

objInsteadOfArrayClosingBracketTest(edu.vision.se.Testcase1)  Time elapsed: 0.005 sec  <<< ERROR!
com.itextpdf.kernel.PdfException: Unexpected end of file.
	at com.itextpdf.kernel.pdf.PdfReader.readObject(PdfReader.java:874)
	at com.itextpdf.kernel.pdf.PdfReader.readArray(PdfReader.java:929)
	at com.itextpdf.kernel.pdf.PdfReader.readObject(PdfReader.java:859)
	at com.itextpdf.kernel.pdf.PdfReader.readObject(PdfReader.java:790)
	at com.itextpdf.kernel.pdf.PdfReader.readObject(PdfReader.java:1331)
	at com.itextpdf.kernel.pdf.PdfReader.readObject(PdfReader.java:1335)
	at com.itextpdf.kernel.pdf.PdfReader.readObject(PdfReader.java:786)
	at com.itextpdf.kernel.pdf.PdfIndirectReference.getRefersTo(PdfIndirectReference.java:129)
	at com.itextpdf.kernel.pdf.PdfIndirectReference.getRefersTo(PdfIndirectReference.java:133)
	at com.itextpdf.kernel.pdf.PdfIndirectReference.getRefersTo(PdfIndirectReference.java:114)
	at com.itextpdf.kernel.pdf.PdfDocument.getPdfObject(PdfDocument.java:408)
	at edu.vision.se.Testcase1.objInsteadOfArrayClosingBracketTest(Testcase1.java:65)
	at java.base/jdk.internal.reflect.NativeMethodAccessorImpl.invoke0(Native Method)
	at java.base/jdk.internal.reflect.NativeMethodAccessorImpl.invoke(NativeMethodAccessorImpl.java:62)
	at java.base/jdk.internal.reflect.DelegatingMethodAccessorImpl.invoke(DelegatingMethodAccessorImpl.java:43)
	at java.base/java.lang.reflect.Method.invoke(Method.java:566)
	at org.junit.runners.model.FrameworkMethod$1.runReflectiveCall(FrameworkMethod.java:59)
	at org.junit.internal.runners.model.ReflectiveCallable.run(ReflectiveCallable.java:12)
	at org.junit.runners.model.FrameworkMethod.invokeExplosively(FrameworkMethod.java:56)
	at org.junit.internal.runners.statements.InvokeMethod.evaluate(InvokeMethod.java:17)
	at org.junit.internal.runners.statements.FailOnTimeout$CallableStatement.call(FailOnTimeout.java:299)
	at org.junit.internal.runners.statements.FailOnTimeout$CallableStatement.call(FailOnTimeout.java:293)
	at java.base/java.util.concurrent.FutureTask.run(FutureTask.java:264)
	at java.base/java.lang.Thread.run(Thread.java:834)

eofInsteadOfArrayClosingBracketTest(edu.vision.se.Testcase1)  Time elapsed: 0.005 sec  <<< ERROR!
com.itextpdf.kernel.PdfException: Unexpected end of file.
	at com.itextpdf.kernel.pdf.PdfReader.readObject(PdfReader.java:874)
	at com.itextpdf.kernel.pdf.PdfReader.readArray(PdfReader.java:929)
	at com.itextpdf.kernel.pdf.PdfReader.readObject(PdfReader.java:859)
	at com.itextpdf.kernel.pdf.PdfReader.readObject(PdfReader.java:790)
	at com.itextpdf.kernel.pdf.PdfReader.readObject(PdfReader.java:1331)
	at com.itextpdf.kernel.pdf.PdfReader.readObject(PdfReader.java:1335)
	at com.itextpdf.kernel.pdf.PdfReader.readObject(PdfReader.java:786)
	at com.itextpdf.kernel.pdf.PdfIndirectReference.getRefersTo(PdfIndirectReference.java:129)
	at com.itextpdf.kernel.pdf.PdfIndirectReference.getRefersTo(PdfIndirectReference.java:133)
	at com.itextpdf.kernel.pdf.PdfIndirectReference.getRefersTo(PdfIndirectReference.java:114)
	at com.itextpdf.kernel.pdf.PdfDocument.getPdfObject(PdfDocument.java:408)
	at edu.vision.se.Testcase1.eofInsteadOfArrayClosingBracketTest(Testcase1.java:29)
	at java.base/jdk.internal.reflect.NativeMethodAccessorImpl.invoke0(Native Method)
	at java.base/jdk.internal.reflect.NativeMethodAccessorImpl.invoke(NativeMethodAccessorImpl.java:62)
	at java.base/jdk.internal.reflect.DelegatingMethodAccessorImpl.invoke(DelegatingMethodAccessorImpl.java:43)
	at java.base/java.lang.reflect.Method.invoke(Method.java:566)
	at org.junit.runners.model.FrameworkMethod$1.runReflectiveCall(FrameworkMethod.java:59)
	at org.junit.internal.runners.model.ReflectiveCallable.run(ReflectiveCallable.java:12)
	at org.junit.runners.model.FrameworkMethod.invokeExplosively(FrameworkMethod.java:56)
	at org.junit.internal.runners.statements.InvokeMethod.evaluate(InvokeMethod.java:17)
	at org.junit.internal.runners.statements.FailOnTimeout$CallableStatement.call(FailOnTimeout.java:299)
	at org.junit.internal.runners.statements.FailOnTimeout$CallableStatement.call(FailOnTimeout.java:293)
	at java.base/java.util.concurrent.FutureTask.run(FutureTask.java:264)
	at java.base/java.lang.Thread.run(Thread.java:834)

endDicInsteadOfArrayClosingBracketTest(edu.vision.se.Testcase1)  Time elapsed: 0.008 sec  <<< ERROR!
com.itextpdf.io.IOException: Error at file pointer 532.
	at com.itextpdf.io.source.PdfTokenizer.throwError(PdfTokenizer.java:688)
	at com.itextpdf.kernel.pdf.PdfReader.readArray(PdfReader.java:934)
	at com.itextpdf.kernel.pdf.PdfReader.readObject(PdfReader.java:859)
	at com.itextpdf.kernel.pdf.PdfReader.readObject(PdfReader.java:790)
	at com.itextpdf.kernel.pdf.PdfReader.readObject(PdfReader.java:1331)
	at com.itextpdf.kernel.pdf.PdfReader.readObject(PdfReader.java:1335)
	at com.itextpdf.kernel.pdf.PdfReader.readObject(PdfReader.java:786)
	at com.itextpdf.kernel.pdf.PdfIndirectReference.getRefersTo(PdfIndirectReference.java:129)
	at com.itextpdf.kernel.pdf.PdfIndirectReference.getRefersTo(PdfIndirectReference.java:133)
	at com.itextpdf.kernel.pdf.PdfIndirectReference.getRefersTo(PdfIndirectReference.java:114)
	at com.itextpdf.kernel.pdf.PdfDocument.getPdfObject(PdfDocument.java:408)
	at edu.vision.se.Testcase1.endDicInsteadOfArrayClosingBracketTest(Testcase1.java:18)
	at java.base/jdk.internal.reflect.NativeMethodAccessorImpl.invoke0(Native Method)
	at java.base/jdk.internal.reflect.NativeMethodAccessorImpl.invoke(NativeMethodAccessorImpl.java:62)
	at java.base/jdk.internal.reflect.DelegatingMethodAccessorImpl.invoke(DelegatingMethodAccessorImpl.java:43)
	at java.base/java.lang.reflect.Method.invoke(Method.java:566)
	at org.junit.runners.model.FrameworkMethod$1.runReflectiveCall(FrameworkMethod.java:59)
	at org.junit.internal.runners.model.ReflectiveCallable.run(ReflectiveCallable.java:12)
	at org.junit.runners.model.FrameworkMethod.invokeExplosively(FrameworkMethod.java:56)
	at org.junit.internal.runners.statements.InvokeMethod.evaluate(InvokeMethod.java:17)
	at org.junit.internal.runners.statements.FailOnTimeout$CallableStatement.call(FailOnTimeout.java:299)
	at org.junit.internal.runners.statements.FailOnTimeout$CallableStatement.call(FailOnTimeout.java:293)
	at java.base/java.util.concurrent.FutureTask.run(FutureTask.java:264)
	at java.base/java.lang.Thread.run(Thread.java:834)
Caused by: com.itextpdf.io.IOException: unexpected >>.
	... 24 more


Results :

Tests in error: 
  endObjInsteadOfArrayClosingBracketTest(edu.vision.se.Testcase1): Unexpected end of file.
  nameInsteadOfArrayClosingBracketTest(edu.vision.se.Testcase1): Unexpected end of file.
  startArrayInsteadOfArrayClosingBracketTest(edu.vision.se.Testcase1): Unexpected end of file.
  refInsteadOfArrayClosingBracketTest(edu.vision.se.Testcase1): Unexpected end of file.
  objInsteadOfArrayClosingBracketTest(edu.vision.se.Testcase1): Unexpected end of file.
  eofInsteadOfArrayClosingBracketTest(edu.vision.se.Testcase1): Unexpected end of file.
  endDicInsteadOfArrayClosingBracketTest(edu.vision.se.Testcase1): Error at file pointer 532.

Tests run: 8, Failures: 0, Errors: 7, Skipped: 0

[INFO] ------------------------------------------------------------------------
[INFO] BUILD FAILURE
[INFO] ------------------------------------------------------------------------
[INFO] Total time:  1.746 s
[INFO] Finished at: 2025-07-12T11:50:59Z
[INFO] ------------------------------------------------------------------------
[ERROR] Failed to execute goal org.apache.maven.plugins:maven-surefire-plugin:2.12.4:test (default-test) on project CVE-2022-24197: There are test failures.
[ERROR] 
[ERROR] Please refer to /PoCAdaptation/exploit/result/CVE-2022-24197/7.1.15/exploit/target/surefire-reports for the individual test results.
[ERROR] -> [Help 1]
[ERROR] 
[ERROR] To see the full stack trace of the errors, re-run Maven with the -e switch.
[ERROR] Re-run Maven using the -X switch to enable full debug logging.
[ERROR] 
[ERROR] For more information about the errors and possible solutions, please read the following articles:
[ERROR] [Help 1] http://cwiki.apache.org/confluence/display/MAVEN/MojoFailureException

SLF4J: Failed to load class "org.slf4j.impl.StaticLoggerBinder".
SLF4J: Defaulting to no-operation (NOP) logger implementation
SLF4J: See http://www.slf4j.org/codes.html#StaticLoggerBinder for further details.

current_pom file is:<?xml version='1.0' encoding='utf-8'?>
<project xmlns="http://maven.apache.org/POM/4.0.0" xmlns:xsi="http://www.w3.org/2001/XMLSchema-instance" xsi:schemaLocation="http://maven.apache.org/POM/4.0.0 https://maven.apache.org/xsd/maven-4.0.0.xsd">
  <groupId>edu.vision.se</groupId><version>1.0-SNAPSHOT</version><modelVersion>4.0.0</modelVersion>
  <artifactId>CVE-2022-24197</artifactId>
  <name>itextpdf-kernel CVE-2022-24197</name>


  <properties>
        <maven.compiler.source>11</maven.compiler.source>
        <maven.compiler.target>11</maven.compiler.target>
    </properties>

    
  <dependencies>
    <dependency>
      <groupId>com.itextpdf</groupId>
      <artifactId>kernel</artifactId>
      <version>7.1.15</version>
    </dependency>
     <dependency>
        <groupId>cn.hutool</groupId>
        <artifactId>hutool-core</artifactId>
        <version>5.8.23</version>
    </dependency>
  <dependency><groupId>junit</groupId><artifactId>junit</artifactId><version>4.13.2</version></dependency><dependency><groupId>junit</groupId><artifactId>junit</artifactId><version>4.13.2</version></dependency><dependency><groupId>junit</groupId><artifactId>junit</artifactId><version>4.13.2</version></dependency><dependency><groupId>junit</groupId><artifactId>junit</artifactId><version>4.13.2</version></dependency></dependencies>
</project>
[LLMClient] Response: 
test
[96m[Adapter] LLM response for fix position: test[0m
[LLMClient] Tokens used: 5802 (prompt), 13 (completion), 5815 (total)
[LLMClient] Prompt: 
You are given an error log when executing 'mvn test' in a project relying on a library with version 7.1.15: 

Error: [INFO] Scanning for projects...
[WARNING] 
[WARNING] Some problems were encountered while building the effective model for edu.vision.se:CVE-2022-24197:jar:1.0-SNAPSHOT
[WARNING] 'dependencies.dependency.(groupId:artifactId:type:classifier)' must be unique: junit:junit:jar -> duplicate declaration of version 4.13.2 @ line 25, column 119
[WARNING] 'dependencies.dependency.(groupId:artifactId:type:classifier)' must be unique: junit:junit:jar -> duplicate declaration of version 4.13.2 @ line 25, column 223
[WARNING] 'dependencies.dependency.(groupId:artifactId:type:classifier)' must be unique: junit:junit:jar -> duplicate declaration of version 4.13.2 @ line 25, column 327
[WARNING] 
[WARNING] It is highly recommended to fix these problems because they threaten the stability of your build.
[WARNING] 
[WARNING] For this reason, future Maven versions might no longer support building such malformed projects.
[WARNING] 
[INFO] 
[INFO] --------------------< edu.vision.se:CVE-2022-24197 >--------------------
[INFO] Building itextpdf-kernel CVE-2022-24197 1.0-SNAPSHOT
[INFO]   from pom.xml
[INFO] --------------------------------[ jar ]---------------------------------
[INFO] 
[INFO] --- maven-clean-plugin:2.5:clean (default-clean) @ CVE-2022-24197 ---
[INFO] Deleting /PoCAdaptation/exploit/result/CVE-2022-24197/7.1.15/exploit/target
[INFO] 
[INFO] --- maven-resources-plugin:2.6:resources (default-resources) @ CVE-2022-24197 ---
[WARNING] Using platform encoding (UTF-8 actually) to copy filtered resources, i.e. build is platform dependent!
[INFO] Copying 0 resource
[INFO] 
[INFO] --- maven-compiler-plugin:3.1:compile (default-compile) @ CVE-2022-24197 ---
[INFO] No sources to compile
[INFO] 
[INFO] --- maven-resources-plugin:2.6:testResources (default-testResources) @ CVE-2022-24197 ---
[WARNING] Using platform encoding (UTF-8 actually) to copy filtered resources, i.e. build is platform dependent!
[INFO] Copying 13 resources
[INFO] 
[INFO] --- maven-compiler-plugin:3.1:testCompile (default-testCompile) @ CVE-2022-24197 ---
[INFO] Changes detected - recompiling the module!
[WARNING] File encoding has not been set, using platform encoding UTF-8, i.e. build is platform dependent!
[INFO] Compiling 1 source file to /PoCAdaptation/exploit/result/CVE-2022-24197/7.1.15/exploit/target/test-classes
[INFO] 
[INFO] --- maven-surefire-plugin:2.12.4:test (default-test) @ CVE-2022-24197 ---
[INFO] Surefire report directory: /PoCAdaptation/exploit/result/CVE-2022-24197/7.1.15/exploit/target/surefire-reports

-------------------------------------------------------
 T E S T S
-------------------------------------------------------
Running edu.vision.se.Testcase1
Tests run: 8, Failures: 0, Errors: 7, Skipped: 0, Time elapsed: 0.168 sec <<< FAILURE!
endObjInsteadOfArrayClosingBracketTest(edu.vision.se.Testcase1)  Time elapsed: 0.119 sec  <<< ERROR!
com.itextpdf.kernel.PdfException: Unexpected end of file.
	at com.itextpdf.kernel.pdf.PdfReader.readObject(PdfReader.java:874)
	at com.itextpdf.kernel.pdf.PdfReader.readArray(PdfReader.java:929)
	at com.itextpdf.kernel.pdf.PdfReader.readObject(PdfReader.java:859)
	at com.itextpdf.kernel.pdf.PdfReader.readObject(PdfReader.java:790)
	at com.itextpdf.kernel.pdf.PdfReader.readObject(PdfReader.java:1331)
	at com.itextpdf.kernel.pdf.PdfReader.readObject(PdfReader.java:1335)
	at com.itextpdf.kernel.pdf.PdfReader.readObject(PdfReader.java:786)
	at com.itextpdf.kernel.pdf.PdfIndirectReference.getRefersTo(PdfIndirectReference.java:129)
	at com.itextpdf.kernel.pdf.PdfIndirectReference.getRefersTo(PdfIndirectReference.java:133)
	at com.itextpdf.kernel.pdf.PdfIndirectReference.getRefersTo(PdfIndirectReference.java:114)
	at com.itextpdf.kernel.pdf.PdfDocument.getPdfObject(PdfDocument.java:408)
	at edu.vision.se.Testcase1.endObjInsteadOfArrayClosingBracketTest(Testcase1.java:41)
	at java.base/jdk.internal.reflect.NativeMethodAccessorImpl.invoke0(Native Method)
	at java.base/jdk.internal.reflect.NativeMethodAccessorImpl.invoke(NativeMethodAccessorImpl.java:62)
	at java.base/jdk.internal.reflect.DelegatingMethodAccessorImpl.invoke(DelegatingMethodAccessorImpl.java:43)
	at java.base/java.lang.reflect.Method.invoke(Method.java:566)
	at org.junit.runners.model.FrameworkMethod$1.runReflectiveCall(FrameworkMethod.java:59)
	at org.junit.internal.runners.model.ReflectiveCallable.run(ReflectiveCallable.java:12)
	at org.junit.runners.model.FrameworkMethod.invokeExplosively(FrameworkMethod.java:56)
	at org.junit.internal.runners.statements.InvokeMethod.evaluate(InvokeMethod.java:17)
	at org.junit.internal.runners.statements.FailOnTimeout$CallableStatement.call(FailOnTimeout.java:299)
	at org.junit.internal.runners.statements.FailOnTimeout$CallableStatement.call(FailOnTimeout.java:293)
	at java.base/java.util.concurrent.FutureTask.run(FutureTask.java:264)
	at java.base/java.lang.Thread.run(Thread.java:834)

nameInsteadOfArrayClosingBracketTest(edu.vision.se.Testcase1)  Time elapsed: 0.001 sec  <<< ERROR!
com.itextpdf.kernel.PdfException: Unexpected end of file.
	at com.itextpdf.kernel.pdf.PdfReader.readObject(PdfReader.java:874)
	at com.itextpdf.kernel.pdf.PdfReader.readArray(PdfReader.java:929)
	at com.itextpdf.kernel.pdf.PdfReader.readObject(PdfReader.java:859)
	at com.itextpdf.kernel.pdf.PdfReader.readObject(PdfReader.java:790)
	at com.itextpdf.kernel.pdf.PdfReader.readObject(PdfReader.java:1331)
	at com.itextpdf.kernel.pdf.PdfReader.readObject(PdfReader.java:1335)
	at com.itextpdf.kernel.pdf.PdfReader.readObject(PdfReader.java:786)
	at com.itextpdf.kernel.pdf.PdfIndirectReference.getRefersTo(PdfIndirectReference.java:129)
	at com.itextpdf.kernel.pdf.PdfIndirectReference.getRefersTo(PdfIndirectReference.java:133)
	at com.itextpdf.kernel.pdf.PdfIndirectReference.getRefersTo(PdfIndirectReference.java:114)
	at com.itextpdf.kernel.pdf.PdfDocument.getPdfObject(PdfDocument.java:408)
	at edu.vision.se.Testcase1.nameInsteadOfArrayClosingBracketTest(Testcase1.java:53)
	at java.base/jdk.internal.reflect.NativeMethodAccessorImpl.invoke0(Native Method)
	at java.base/jdk.internal.reflect.NativeMethodAccessorImpl.invoke(NativeMethodAccessorImpl.java:62)
	at java.base/jdk.internal.reflect.DelegatingMethodAccessorImpl.invoke(DelegatingMethodAccessorImpl.java:43)
	at java.base/java.lang.reflect.Method.invoke(Method.java:566)
	at org.junit.runners.model.FrameworkMethod$1.runReflectiveCall(FrameworkMethod.java:59)
	at org.junit.internal.runners.model.ReflectiveCallable.run(ReflectiveCallable.java:12)
	at org.junit.runners.model.FrameworkMethod.invokeExplosively(FrameworkMethod.java:56)
	at org.junit.internal.runners.statements.InvokeMethod.evaluate(InvokeMethod.java:17)
	at org.junit.internal.runners.statements.FailOnTimeout$CallableStatement.call(FailOnTimeout.java:299)
	at org.junit.internal.runners.statements.FailOnTimeout$CallableStatement.call(FailOnTimeout.java:293)
	at java.base/java.util.concurrent.FutureTask.run(FutureTask.java:264)
	at java.base/java.lang.Thread.run(Thread.java:834)

startArrayInsteadOfArrayClosingBracketTest(edu.vision.se.Testcase1)  Time elapsed: 0.005 sec  <<< ERROR!
com.itextpdf.kernel.PdfException: Unexpected end of file.
	at com.itextpdf.kernel.pdf.PdfReader.readObject(PdfReader.java:874)
	at com.itextpdf.kernel.pdf.PdfReader.readArray(PdfReader.java:929)
	at com.itextpdf.kernel.pdf.PdfReader.readObject(PdfReader.java:859)
	at com.itextpdf.kernel.pdf.PdfReader.readArray(PdfReader.java:929)
	at com.itextpdf.kernel.pdf.PdfReader.readObject(PdfReader.java:859)
	at com.itextpdf.kernel.pdf.PdfReader.readObject(PdfReader.java:790)
	at com.itextpdf.kernel.pdf.PdfReader.readObject(PdfReader.java:1331)
	at com.itextpdf.kernel.pdf.PdfReader.readObject(PdfReader.java:1335)
	at com.itextpdf.kernel.pdf.PdfReader.readObject(PdfReader.java:786)
	at com.itextpdf.kernel.pdf.PdfIndirectReference.getRefersTo(PdfIndirectReference.java:129)
	at com.itextpdf.kernel.pdf.PdfIndirectReference.getRefersTo(PdfIndirectReference.java:133)
	at com.itextpdf.kernel.pdf.PdfIndirectReference.getRefersTo(PdfIndirectReference.java:114)
	at com.itextpdf.kernel.pdf.PdfDocument.getPdfObject(PdfDocument.java:408)
	at edu.vision.se.Testcase1.startArrayInsteadOfArrayClosingBracketTest(Testcase1.java:89)
	at java.base/jdk.internal.reflect.NativeMethodAccessorImpl.invoke0(Native Method)
	at java.base/jdk.internal.reflect.NativeMethodAccessorImpl.invoke(NativeMethodAccessorImpl.java:62)
	at java.base/jdk.internal.reflect.DelegatingMethodAccessorImpl.invoke(DelegatingMethodAccessorImpl.java:43)
	at java.base/java.lang.reflect.Method.invoke(Method.java:566)
	at org.junit.runners.model.FrameworkMethod$1.runReflectiveCall(FrameworkMethod.java:59)
	at org.junit.internal.runners.model.ReflectiveCallable.run(ReflectiveCallable.java:12)
	at org.junit.runners.model.FrameworkMethod.invokeExplosively(FrameworkMethod.java:56)
	at org.junit.internal.runners.statements.InvokeMethod.evaluate(InvokeMethod.java:17)
	at org.junit.internal.runners.statements.FailOnTimeout$CallableStatement.call(FailOnTimeout.java:299)
	at org.junit.internal.runners.statements.FailOnTimeout$CallableStatement.call(FailOnTimeout.java:293)
	at java.base/java.util.concurrent.FutureTask.run(FutureTask.java:264)
	at java.base/java.lang.Thread.run(Thread.java:834)

refInsteadOfArrayClosingBracketTest(edu.vision.se.Testcase1)  Time elapsed: 0.009 sec  <<< ERROR!
com.itextpdf.kernel.PdfException: Unexpected end of file.
	at com.itextpdf.kernel.pdf.PdfReader.readObject(PdfReader.java:874)
	at com.itextpdf.kernel.pdf.PdfReader.readArray(PdfReader.java:929)
	at com.itextpdf.kernel.pdf.PdfReader.readObject(PdfReader.java:859)
	at com.itextpdf.kernel.pdf.PdfReader.readObject(PdfReader.java:790)
	at com.itextpdf.kernel.pdf.PdfReader.readObject(PdfReader.java:1331)
	at com.itextpdf.kernel.pdf.PdfReader.readObject(PdfReader.java:1335)
	at com.itextpdf.kernel.pdf.PdfReader.readObject(PdfReader.java:786)
	at com.itextpdf.kernel.pdf.PdfIndirectReference.getRefersTo(PdfIndirectReference.java:129)
	at com.itextpdf.kernel.pdf.PdfIndirectReference.getRefersTo(PdfIndirectReference.java:133)
	at com.itextpdf.kernel.pdf.PdfIndirectReference.getRefersTo(PdfIndirectReference.java:114)
	at com.itextpdf.kernel.pdf.PdfDocument.getPdfObject(PdfDocument.java:408)
	at edu.vision.se.Testcase1.refInsteadOfArrayClosingBracketTest(Testcase1.java:77)
	at java.base/jdk.internal.reflect.NativeMethodAccessorImpl.invoke0(Native Method)
	at java.base/jdk.internal.reflect.NativeMethodAccessorImpl.invoke(NativeMethodAccessorImpl.java:62)
	at java.base/jdk.internal.reflect.DelegatingMethodAccessorImpl.invoke(DelegatingMethodAccessorImpl.java:43)
	at java.base/java.lang.reflect.Method.invoke(Method.java:566)
	at org.junit.runners.model.FrameworkMethod$1.runReflectiveCall(FrameworkMethod.java:59)
	at org.junit.internal.runners.model.ReflectiveCallable.run(ReflectiveCallable.java:12)
	at org.junit.runners.model.FrameworkMethod.invokeExplosively(FrameworkMethod.java:56)
	at org.junit.internal.runners.statements.InvokeMethod.evaluate(InvokeMethod.java:17)
	at org.junit.internal.runners.statements.FailOnTimeout$CallableStatement.call(FailOnTimeout.java:299)
	at org.junit.internal.runners.statements.FailOnTimeout$CallableStatement.call(FailOnTimeout.java:293)
	at java.base/java.util.concurrent.FutureTask.run(FutureTask.java:264)
	at java.base/java.lang.Thread.run(Thread.java:834)

objInsteadOfArrayClosingBracketTest(edu.vision.se.Testcase1)  Time elapsed: 0.005 sec  <<< ERROR!
com.itextpdf.kernel.PdfException: Unexpected end of file.
	at com.itextpdf.kernel.pdf.PdfReader.readObject(PdfReader.java:874)
	at com.itextpdf.kernel.pdf.PdfReader.readArray(PdfReader.java:929)
	at com.itextpdf.kernel.pdf.PdfReader.readObject(PdfReader.java:859)
	at com.itextpdf.kernel.pdf.PdfReader.readObject(PdfReader.java:790)
	at com.itextpdf.kernel.pdf.PdfReader.readObject(PdfReader.java:1331)
	at com.itextpdf.kernel.pdf.PdfReader.readObject(PdfReader.java:1335)
	at com.itextpdf.kernel.pdf.PdfReader.readObject(PdfReader.java:786)
	at com.itextpdf.kernel.pdf.PdfIndirectReference.getRefersTo(PdfIndirectReference.java:129)
	at com.itextpdf.kernel.pdf.PdfIndirectReference.getRefersTo(PdfIndirectReference.java:133)
	at com.itextpdf.kernel.pdf.PdfIndirectReference.getRefersTo(PdfIndirectReference.java:114)
	at com.itextpdf.kernel.pdf.PdfDocument.getPdfObject(PdfDocument.java:408)
	at edu.vision.se.Testcase1.objInsteadOfArrayClosingBracketTest(Testcase1.java:65)
	at java.base/jdk.internal.reflect.NativeMethodAccessorImpl.invoke0(Native Method)
	at java.base/jdk.internal.reflect.NativeMethodAccessorImpl.invoke(NativeMethodAccessorImpl.java:62)
	at java.base/jdk.internal.reflect.DelegatingMethodAccessorImpl.invoke(DelegatingMethodAccessorImpl.java:43)
	at java.base/java.lang.reflect.Method.invoke(Method.java:566)
	at org.junit.runners.model.FrameworkMethod$1.runReflectiveCall(FrameworkMethod.java:59)
	at org.junit.internal.runners.model.ReflectiveCallable.run(ReflectiveCallable.java:12)
	at org.junit.runners.model.FrameworkMethod.invokeExplosively(FrameworkMethod.java:56)
	at org.junit.internal.runners.statements.InvokeMethod.evaluate(InvokeMethod.java:17)
	at org.junit.internal.runners.statements.FailOnTimeout$CallableStatement.call(FailOnTimeout.java:299)
	at org.junit.internal.runners.statements.FailOnTimeout$CallableStatement.call(FailOnTimeout.java:293)
	at java.base/java.util.concurrent.FutureTask.run(FutureTask.java:264)
	at java.base/java.lang.Thread.run(Thread.java:834)

eofInsteadOfArrayClosingBracketTest(edu.vision.se.Testcase1)  Time elapsed: 0.005 sec  <<< ERROR!
com.itextpdf.kernel.PdfException: Unexpected end of file.
	at com.itextpdf.kernel.pdf.PdfReader.readObject(PdfReader.java:874)
	at com.itextpdf.kernel.pdf.PdfReader.readArray(PdfReader.java:929)
	at com.itextpdf.kernel.pdf.PdfReader.readObject(PdfReader.java:859)
	at com.itextpdf.kernel.pdf.PdfReader.readObject(PdfReader.java:790)
	at com.itextpdf.kernel.pdf.PdfReader.readObject(PdfReader.java:1331)
	at com.itextpdf.kernel.pdf.PdfReader.readObject(PdfReader.java:1335)
	at com.itextpdf.kernel.pdf.PdfReader.readObject(PdfReader.java:786)
	at com.itextpdf.kernel.pdf.PdfIndirectReference.getRefersTo(PdfIndirectReference.java:129)
	at com.itextpdf.kernel.pdf.PdfIndirectReference.getRefersTo(PdfIndirectReference.java:133)
	at com.itextpdf.kernel.pdf.PdfIndirectReference.getRefersTo(PdfIndirectReference.java:114)
	at com.itextpdf.kernel.pdf.PdfDocument.getPdfObject(PdfDocument.java:408)
	at edu.vision.se.Testcase1.eofInsteadOfArrayClosingBracketTest(Testcase1.java:29)
	at java.base/jdk.internal.reflect.NativeMethodAccessorImpl.invoke0(Native Method)
	at java.base/jdk.internal.reflect.NativeMethodAccessorImpl.invoke(NativeMethodAccessorImpl.java:62)
	at java.base/jdk.internal.reflect.DelegatingMethodAccessorImpl.invoke(DelegatingMethodAccessorImpl.java:43)
	at java.base/java.lang.reflect.Method.invoke(Method.java:566)
	at org.junit.runners.model.FrameworkMethod$1.runReflectiveCall(FrameworkMethod.java:59)
	at org.junit.internal.runners.model.ReflectiveCallable.run(ReflectiveCallable.java:12)
	at org.junit.runners.model.FrameworkMethod.invokeExplosively(FrameworkMethod.java:56)
	at org.junit.internal.runners.statements.InvokeMethod.evaluate(InvokeMethod.java:17)
	at org.junit.internal.runners.statements.FailOnTimeout$CallableStatement.call(FailOnTimeout.java:299)
	at org.junit.internal.runners.statements.FailOnTimeout$CallableStatement.call(FailOnTimeout.java:293)
	at java.base/java.util.concurrent.FutureTask.run(FutureTask.java:264)
	at java.base/java.lang.Thread.run(Thread.java:834)

endDicInsteadOfArrayClosingBracketTest(edu.vision.se.Testcase1)  Time elapsed: 0.008 sec  <<< ERROR!
com.itextpdf.io.IOException: Error at file pointer 532.
	at com.itextpdf.io.source.PdfTokenizer.throwError(PdfTokenizer.java:688)
	at com.itextpdf.kernel.pdf.PdfReader.readArray(PdfReader.java:934)
	at com.itextpdf.kernel.pdf.PdfReader.readObject(PdfReader.java:859)
	at com.itextpdf.kernel.pdf.PdfReader.readObject(PdfReader.java:790)
	at com.itextpdf.kernel.pdf.PdfReader.readObject(PdfReader.java:1331)
	at com.itextpdf.kernel.pdf.PdfReader.readObject(PdfReader.java:1335)
	at com.itextpdf.kernel.pdf.PdfReader.readObject(PdfReader.java:786)
	at com.itextpdf.kernel.pdf.PdfIndirectReference.getRefersTo(PdfIndirectReference.java:129)
	at com.itextpdf.kernel.pdf.PdfIndirectReference.getRefersTo(PdfIndirectReference.java:133)
	at com.itextpdf.kernel.pdf.PdfIndirectReference.getRefersTo(PdfIndirectReference.java:114)
	at com.itextpdf.kernel.pdf.PdfDocument.getPdfObject(PdfDocument.java:408)
	at edu.vision.se.Testcase1.endDicInsteadOfArrayClosingBracketTest(Testcase1.java:18)
	at java.base/jdk.internal.reflect.NativeMethodAccessorImpl.invoke0(Native Method)
	at java.base/jdk.internal.reflect.NativeMethodAccessorImpl.invoke(NativeMethodAccessorImpl.java:62)
	at java.base/jdk.internal.reflect.DelegatingMethodAccessorImpl.invoke(DelegatingMethodAccessorImpl.java:43)
	at java.base/java.lang.reflect.Method.invoke(Method.java:566)
	at org.junit.runners.model.FrameworkMethod$1.runReflectiveCall(FrameworkMethod.java:59)
	at org.junit.internal.runners.model.ReflectiveCallable.run(ReflectiveCallable.java:12)
	at org.junit.runners.model.FrameworkMethod.invokeExplosively(FrameworkMethod.java:56)
	at org.junit.internal.runners.statements.InvokeMethod.evaluate(InvokeMethod.java:17)
	at org.junit.internal.runners.statements.FailOnTimeout$CallableStatement.call(FailOnTimeout.java:299)
	at org.junit.internal.runners.statements.FailOnTimeout$CallableStatement.call(FailOnTimeout.java:293)
	at java.base/java.util.concurrent.FutureTask.run(FutureTask.java:264)
	at java.base/java.lang.Thread.run(Thread.java:834)
Caused by: com.itextpdf.io.IOException: unexpected >>.
	... 24 more


Results :

Tests in error: 
  endObjInsteadOfArrayClosingBracketTest(edu.vision.se.Testcase1): Unexpected end of file.
  nameInsteadOfArrayClosingBracketTest(edu.vision.se.Testcase1): Unexpected end of file.
  startArrayInsteadOfArrayClosingBracketTest(edu.vision.se.Testcase1): Unexpected end of file.
  refInsteadOfArrayClosingBracketTest(edu.vision.se.Testcase1): Unexpected end of file.
  objInsteadOfArrayClosingBracketTest(edu.vision.se.Testcase1): Unexpected end of file.
  eofInsteadOfArrayClosingBracketTest(edu.vision.se.Testcase1): Unexpected end of file.
  endDicInsteadOfArrayClosingBracketTest(edu.vision.se.Testcase1): Error at file pointer 532.

Tests run: 8, Failures: 0, Errors: 7, Skipped: 0

[INFO] ------------------------------------------------------------------------
[INFO] BUILD FAILURE
[INFO] ------------------------------------------------------------------------
[INFO] Total time:  1.746 s
[INFO] Finished at: 2025-07-12T11:50:59Z
[INFO] ------------------------------------------------------------------------
[ERROR] Failed to execute goal org.apache.maven.plugins:maven-surefire-plugin:2.12.4:test (default-test) on project CVE-2022-24197: There are test failures.
[ERROR] 
[ERROR] Please refer to /PoCAdaptation/exploit/result/CVE-2022-24197/7.1.15/exploit/target/surefire-reports for the individual test results.
[ERROR] -> [Help 1]
[ERROR] 
[ERROR] To see the full stack trace of the errors, re-run Maven with the -e switch.
[ERROR] Re-run Maven using the -X switch to enable full debug logging.
[ERROR] 
[ERROR] For more information about the errors and possible solutions, please read the following articles:
[ERROR] [Help 1] http://cwiki.apache.org/confluence/display/MAVEN/MojoFailureException

SLF4J: Failed to load class "org.slf4j.impl.StaticLoggerBinder".
SLF4J: Defaulting to no-operation (NOP) logger implementation
SLF4J: See http://www.slf4j.org/codes.html#StaticLoggerBinder for further details.
 

The test executes as expected in 7.1.14 but not in 7.1.15. 

Extract two key entities from the error log for searching related diffs. Your classname and method name should ignore package and parameter

The extracted entities should reflect code-level identifiers that are likely to appear in diffs. We prefer a simple entity

Output each node as a `;`-separated list, with no explanations. 


[LLMClient] Response: 
PdfReader;readArray
PdfReader;readObject
[96m[ErrorManager] Extracted key entities: ['PdfReader', 'readArray\nPdfReader', 'readObject'][0m
[96m[Adapter] Try to solve error: {'file': 'UNKNOWN', 'line': -1, 'column': -1, 'message': '[ERROR] Failed to execute goal org.apache.maven.plugins:maven-surefire-plugin:2.12.4:test (default-test) on project CVE-2022-24197: There are test failures.', 'symbol': None, 'location': None, 'code_line': None} with cause: ['PdfReader', 'readArray\nPdfReader', 'readObject'][0m
[Adapt] âœ— Error during execution: list index out of range
[91m[Adapter] Adaptation failed for 7.1.15[0m
