[1m[Main] === Starting adaptation process for CVE-2022-23596 ===[0m
[96m[Processor] Fetching all available Maven versions...[0m
[96m[Analyzer] Loading cached versions from: /PoCAdaptation/library/com_github_junrar_junrar.txt[0m
[96m[Analyzer] com.github.junrar:junrar has 22 versions (cached).[0m
[96m[Processor] Identifying versions with successful reproduction...[0m
[96m[Processor] Pending versions: ['0.7', '1.0.0', '1.0.1', '2.0.0', '3.0.0', '3.1.0', '4.0.0', '5.0.0'][0m
[96m[Preparer] Pending directory already exists: /PoCAdaptation/exploit/pending/CVE-2022-23596[0m
[92m[Main] Total affected versions: 15[0m
[92m[Main] Already reproduced versions: 7[0m
[93m[Main] Versions pending adaptation: 8[0m
[96m[Main]     -> ['0.7', '1.0.0', '1.0.1', '2.0.0', '3.0.0', '3.1.0', '4.0.0', '5.0.0'][0m
[96m[Main]     -> ['6.0.0', '6.0.1', '7.0.0', '7.1.0', '7.2.0', '7.3.0', '7.4.0'][0m
[96m[Executor] Running initial exploit mvn test in /PoCAdaptation/exploit/origin/CVE-2022-23596/exploit[0m
[91m[Executor] Initial exploit execution finished with return code 1[0m
[96m[Verifier] Verifying reproduction...[0m
[92m[Verifier] âœ“ Behavior matched: 'org.junit.runners.model.TestTimedOutException'[0m
[92m[Verifier] âœ“ Detail matched: 'test timed out after'[0m
[92m[Verifier] âœ“ All reproduction indicators matched.[0m
[92m[Verifier] Initial exploit behavior verified successfully.[0m
[96m[Selector] Nearest need adapatation version selected: 5.0.0[0m
[96m[Selector] Closest reproduced version: 6.0.0 at index 8[0m
[96m[Adapter] Trying next closest version: 5.0.0[0m
[96m[Preparer] Using exploit from origin: /PoCAdaptation/exploit/origin/CVE-2022-23596/exploit[0m
[92m[Preparer] Copied exploit to: /PoCAdaptation/exploit/pending/CVE-2022-23596/5.0.0/exploit[0m
[96m[Preparer] Updating dependency version to 5.0.0 in /PoCAdaptation/exploit/pending/CVE-2022-23596/5.0.0/exploit/pom.xml[0m
[92m[Preparer] Updated dependency version to 5.0.0 in /PoCAdaptation/exploit/pending/CVE-2022-23596/5.0.0/exploit/pom.xml[0m
[96m[Executor] Attempting direct exploit execution on 5.0.0...[0m
[96m[Executor] Executing exploit for CVE-2022-23596 on version 5.0.0...[0m
[96m[Verifier] Verifying reproduction...[0m
[91m[Verifier] âœ— Behavior not found: 'org.junit.runners.model.TestTimedOutException'[0m
[91m[Executor] Reproduction result: Failure[0m
[96m[Adapter] Attempting adaptation from base version 6.0.0 to 5.0.0...[0m
[96m[Adapter] Start adapting exploit from 6.0.0 to 5.0.0"[0m
[96m[Executor] Executing exploit for CVE-2022-23596 on version 5.0.0...[0m
[96m[Verifier] Verifying reproduction...[0m
[91m[Verifier] âœ— Behavior not found: 'org.junit.runners.model.TestTimedOutException'[0m
[91m[Executor] Reproduction result: Failure[0m
[96m[ErrorManager] Ignoring line: [ERROR] Failed to execute goal org.apache.maven.plugins:maven-compiler-plugin:3.1:testCompile (default-testCompile) on project CVE-2022-23596: Compilation failure: Compilation failure:[0m
[92m[ErrorManager] Processing line: [ERROR] /PoCAdaptation/exploit/result/CVE-2022-23596/5.0.0/exploit/src/test/java/edu/vision/se/Testcase1.java:[6,35] cannot find symbol[0m
[92m[ErrorManager] Processing line: [ERROR]   symbol:   class CorruptHeaderException[0m
[92m[ErrorManager] Processing line: [ERROR]   location: package com.github.junrar.exception[0m
[92m[ErrorManager] Processing line: [ERROR] /PoCAdaptation/exploit/result/CVE-2022-23596/5.0.0/exploit/src/test/java/edu/vision/se/Testcase1.java:[27,33] cannot find symbol[0m
[92m[ErrorManager] Processing line: [ERROR]   symbol:   class CorruptHeaderException[0m
[92m[ErrorManager] Processing line: [ERROR]   location: class edu.vision.se.Testcase1[0m
[96m[ErrorManager] Ignoring line: [ERROR] -> [Help 1][0m
[96m[ErrorManager] Ignoring line: [ERROR][0m
[96m[ErrorManager] Ignoring line: [ERROR] To see the full stack trace of the errors, re-run Maven with the -e switch.[0m
[96m[ErrorManager] Ignoring line: [ERROR] Re-run Maven using the -X switch to enable full debug logging.[0m
[96m[ErrorManager] Ignoring line: [ERROR][0m
[96m[ErrorManager] Ignoring line: [ERROR] For more information about the errors and possible solutions, please read the following articles:[0m
[96m[ErrorManager] Ignoring line: [ERROR] [Help 1] http://cwiki.apache.org/confluence/display/MAVEN/MojoFailureException[0m
[96m[Adapter] Locating fix position in error log.[0m
[LLMClient] Tokens used: 1517 (prompt), 1 (completion), 1518 (total)
[LLMClient] Prompt: 
You are given a Java error log when executing 'mvn test' in a project with dependency version 5.0.0:com.github.junrar:junrar.
This test file compiles and runs successfully with version 6.0.0.

Your task is to:
1. Analyze why this issue occurs with the *6.0.0* but not with the *5.0.0 version*.
2. Consider how to resolve the issue **without updating this library**.
3. Determine and output the location in the project that should be modified to fix the problem.

Please return 'pom' if the fix is in the pom.xml file, or 'test' if the fix is in the test code.
Do not return any other text, just 'pom' or 'test'.

The error log is:
[INFO] Scanning for projects...
[INFO] 
[INFO] --------------------< edu.vision.se:CVE-2022-23596 >--------------------
[INFO] Building junrar CVE-2022-23596 1.0-SNAPSHOT
[INFO]   from pom.xml
[INFO] --------------------------------[ jar ]---------------------------------
[INFO] 
[INFO] --- maven-clean-plugin:2.5:clean (default-clean) @ CVE-2022-23596 ---
[INFO] Deleting /PoCAdaptation/exploit/result/CVE-2022-23596/5.0.0/exploit/target
[INFO] 
[INFO] --- maven-resources-plugin:2.6:resources (default-resources) @ CVE-2022-23596 ---
[WARNING] Using platform encoding (UTF-8 actually) to copy filtered resources, i.e. build is platform dependent!
[INFO] Copying 0 resource
[INFO] 
[INFO] --- maven-compiler-plugin:3.1:compile (default-compile) @ CVE-2022-23596 ---
[INFO] No sources to compile
[INFO] 
[INFO] --- maven-resources-plugin:2.6:testResources (default-testResources) @ CVE-2022-23596 ---
[WARNING] Using platform encoding (UTF-8 actually) to copy filtered resources, i.e. build is platform dependent!
[INFO] Copying 1 resource
[INFO] 
[INFO] --- maven-compiler-plugin:3.1:testCompile (default-testCompile) @ CVE-2022-23596 ---
[INFO] Changes detected - recompiling the module!
[WARNING] File encoding has not been set, using platform encoding UTF-8, i.e. build is platform dependent!
[INFO] Compiling 1 source file to /PoCAdaptation/exploit/result/CVE-2022-23596/5.0.0/exploit/target/test-classes
[INFO] -------------------------------------------------------------
[ERROR] COMPILATION ERROR : 
[INFO] -------------------------------------------------------------
[ERROR] /PoCAdaptation/exploit/result/CVE-2022-23596/5.0.0/exploit/src/test/java/edu/vision/se/Testcase1.java:[6,35] cannot find symbol
  symbol:   class CorruptHeaderException
  location: package com.github.junrar.exception
[ERROR] /PoCAdaptation/exploit/result/CVE-2022-23596/5.0.0/exploit/src/test/java/edu/vision/se/Testcase1.java:[27,33] cannot find symbol
  symbol:   class CorruptHeaderException
  location: class edu.vision.se.Testcase1
[INFO] 2 errors 
[INFO] -------------------------------------------------------------
[INFO] ------------------------------------------------------------------------
[INFO] BUILD FAILURE
[INFO] ------------------------------------------------------------------------
[INFO] Total time:  0.999 s
[INFO] Finished at: 2025-07-11T06:49:26Z
[INFO] ------------------------------------------------------------------------
[ERROR] Failed to execute goal org.apache.maven.plugins:maven-compiler-plugin:3.1:testCompile (default-testCompile) on project CVE-2022-23596: Compilation failure: Compilation failure: 
[ERROR] /PoCAdaptation/exploit/result/CVE-2022-23596/5.0.0/exploit/src/test/java/edu/vision/se/Testcase1.java:[6,35] cannot find symbol
[ERROR]   symbol:   class CorruptHeaderException
[ERROR]   location: package com.github.junrar.exception
[ERROR] /PoCAdaptation/exploit/result/CVE-2022-23596/5.0.0/exploit/src/test/java/edu/vision/se/Testcase1.java:[27,33] cannot find symbol
[ERROR]   symbol:   class CorruptHeaderException
[ERROR]   location: class edu.vision.se.Testcase1
[ERROR] -> [Help 1]
[ERROR] 
[ERROR] To see the full stack trace of the errors, re-run Maven with the -e switch.
[ERROR] Re-run Maven using the -X switch to enable full debug logging.
[ERROR] 
[ERROR] For more information about the errors and possible solutions, please read the following articles:
[ERROR] [Help 1] http://cwiki.apache.org/confluence/display/MAVEN/MojoFailureException


current_pom file is:<?xml version='1.0' encoding='utf-8'?>
<project xmlns="http://maven.apache.org/POM/4.0.0" xmlns:xsi="http://www.w3.org/2001/XMLSchema-instance" xsi:schemaLocation="http://maven.apache.org/POM/4.0.0 https://maven.apache.org/xsd/maven-4.0.0.xsd">
  <groupId>edu.vision.se</groupId><version>1.0-SNAPSHOT</version><modelVersion>4.0.0</modelVersion>
  <artifactId>CVE-2022-23596</artifactId>
  <name>junrar CVE-2022-23596</name>

  <properties>
    <maven.compiler.target>11</maven.compiler.target>
    <maven.compiler.source>11</maven.compiler.source>
  </properties>

  <dependencies>
    <dependency>
      <groupId>com.github.junrar</groupId>
      <artifactId>junrar</artifactId>
      <version>5.0.0</version>
    </dependency>
    <dependency>
        <groupId>cn.hutool</groupId>
        <artifactId>hutool-all</artifactId>
        <version>5.7.10</version>
    </dependency>
  <dependency><groupId>junit</groupId><artifactId>junit</artifactId><version>4.13.2</version></dependency>
  
  </dependencies>
</project>
[LLMClient] Response: 
test
[96m[Adapter] LLM response for fix position: test[0m
[LLMClient] Tokens used: 141 (prompt), 16 (completion), 157 (total)
[LLMClient] Prompt: 
You are given an error log when executing 'mvn test' in version 5.0.0: 

Error: cannot find symbol, class CorruptHeaderException, package com.github.junrar.exception 

The test executes as expected in 6.0.0 

Error code: import com.github.junrar.exception.CorruptHeaderException; 

Extract two key *entities* from the error for searching related diffs 

The extracted entities should reflect code-level identifiers that are likely to appear in source code or diffs. 

Output each node as a `;`-separated list, with no explanations. 


[LLMClient] Response: 
com.github.junrar.exception.CorruptHeaderException;CorruptHeaderException
[96m[ErrorManager] Extracted key entities: ['com.github.junrar.exception.CorruptHeaderException', 'CorruptHeaderException'][0m
[96m[Adapter] Try to solve error: {'file': '/PoCAdaptation/exploit/result/CVE-2022-23596/5.0.0/exploit/src/test/java/edu/vision/se/Testcase1.java', 'line': 6, 'column': 35, 'message': 'cannot find symbol', 'symbol': 'class CorruptHeaderException', 'location': 'package com.github.junrar.exception', 'code_line': 'import com.github.junrar.exception.CorruptHeaderException;'} with cause: ['com.github.junrar.exception.CorruptHeaderException', 'CorruptHeaderException'][0m
[96m[Adapter] Related diffs for error: [(18, 2.0), (0, 0.0), (1, 0.0), (2, 0.0), (3, 0.0)][0m
[96m[Adapter] Fix position is in test code.[0m
[96m[RepairModule] Start repair for group: cannot find symbol | class CorruptHeaderException cause: ['com.github.junrar.exception.CorruptHeaderException', 'CorruptHeaderException'][0m
[96m[RepairModule] Trying best diff #18 with score 2.00[0m
[93m[RepairModule] Diff #None content empty[0m
[LLMClient] Tokens used: 409 (prompt), 215 (completion), 624 (total)
[LLMClient] Prompt: 
You are given a Java test file with compilation errors in version 5.0.0:com.github.junrar:junrar.
This test file compiles and runs successfully in 6.0.0.

The diff is related to the diff.
Your task has three steps:
 1. Locate the code where the compilation error occurs.
 2. Analyze the diff from 6.0.0 to 5.0.0.
 3. Fix the error in the error position only when diff is helpful. Add import statement when needed according to the diff. 

Only output the modified version of the test file according to the diff. No explanations. If mocking, access fields via reflection if they exist.
### Compilation Errors:
message: cannot find symbol, symble: class CorruptHeaderException, location: package com.github.junrar.exception

### Error Position:
import com.github.junrar.exception.CorruptHeaderException;

### Related Diff:


### Test File Content:
package edu.vision.se;

import cn.hutool.core.io.FileUtil;
import com.github.junrar.Junrar;
import org.junit.Test;
import com.github.junrar.exception.CorruptHeaderException;
import java.io.File;

import static org.junit.Assert.assertTrue;
import static org.junit.Assert.fail;

public class Testcase1 {
    @Test(timeout = 2000)
    public void testCorruptHeader() throws Exception {
        File file = FileUtil.file(System.getProperty("user.dir"), "src/test/resources/loop.rar");
        File destFile = File.createTempFile("temp", null).getParentFile();

        try {
            Junrar.extract(file, destFile);
            fail("the test fail");
        } catch (Exception e) {
            validateThrow(e);
        }
    }

    public void validateThrow(Throwable e) {
        assertTrue(e instanceof CorruptHeaderException);
    }
}



[LLMClient] Response: 
Based on the error and the task requirements, here's the modified test file with the import change:

```java
package edu.vision.se;

import cn.hutool.core.io.FileUtil;
import com.github.junrar.Junrar;
import org.junit.Test;
import com.github.junrar.Archive;
import java.io.File;

import static org.junit.Assert.assertTrue;
import static org.junit.Assert.fail;

public class Testcase1 {
    @Test(timeout = 2000)
    public void testCorruptHeader() throws Exception {
        File file = FileUtil.file(System.getProperty("user.dir"), "src/test/resources/loop.rar");
        File destFile = File.createTempFile("temp", null).getParentFile();

        try {
            Junrar.extract(file, destFile);
            fail("the test fail");
        } catch (Exception e) {
            validateThrow(e);
        }
    }

    public void validateThrow(Throwable e) {
        assertTrue(Archive.isCorruptHeaderException(e));
    }
}
```
[96m[RepairModule] Wrote modified code to /PoCAdaptation/exploit/result/CVE-2022-23596/5.0.0/exploit/src/test/java/edu/vision/se/Testcase1.java[0m
[96m[Executor] Executing exploit for CVE-2022-23596 on version 5.0.0...[0m
[96m[Verifier] Verifying reproduction...[0m
[91m[Verifier] âœ— Behavior not found: 'org.junit.runners.model.TestTimedOutException'[0m
[91m[Executor] Reproduction result: Failure[0m
[96m[ErrorManager] Ignoring line: [ERROR] Failed to execute goal org.apache.maven.plugins:maven-compiler-plugin:3.1:testCompile (default-testCompile) on project CVE-2022-23596: Compilation failure[0m
[92m[ErrorManager] Processing line: [ERROR] /PoCAdaptation/exploit/result/CVE-2022-23596/5.0.0/exploit/src/test/java/edu/vision/se/Testcase1.java:[27,27] cannot find symbol[0m
[92m[ErrorManager] Processing line: [ERROR]   symbol:   method isCorruptHeaderException(java.lang.Throwable)[0m
[92m[ErrorManager] Processing line: [ERROR]   location: class com.github.junrar.Archive[0m
[96m[ErrorManager] Ignoring line: [ERROR][0m
[96m[ErrorManager] Ignoring line: [ERROR] -> [Help 1][0m
[96m[ErrorManager] Ignoring line: [ERROR][0m
[96m[ErrorManager] Ignoring line: [ERROR] To see the full stack trace of the errors, re-run Maven with the -e switch.[0m
[96m[ErrorManager] Ignoring line: [ERROR] Re-run Maven using the -X switch to enable full debug logging.[0m
[96m[ErrorManager] Ignoring line: [ERROR][0m
[96m[ErrorManager] Ignoring line: [ERROR] For more information about the errors and possible solutions, please read the following articles:[0m
[96m[ErrorManager] Ignoring line: [ERROR] [Help 1] http://cwiki.apache.org/confluence/display/MAVEN/MojoFailureException[0m
[RepairModule] Old grouped keys: {'cannot find symbol | class CorruptHeaderException'}
[RepairModule] New grouped keys: {'cannot find symbol | method isCorruptHeaderException(java.lang.Throwable)'}
[93m[RepairModule] [Analyzer] New error:
  File     : /PoCAdaptation/exploit/result/CVE-2022-23596/5.0.0/exploit/src/test/java/edu/vision/se/Testcase1.java
  Line     : 27, Column: 27
  Message  : cannot find symbol
  Symbol   : method isCorruptHeaderException(java.lang.Throwable)
  Location : class com.github.junrar.Archive
  Code     : assertTrue(Archive.isCorruptHeaderException(e));
  Position : after the fixing line (6)[0m
[92m[RepairModule] Error cannot find symbol resolved after applying diff.[0m
[92m[RepairModule] Repair success with no diff![0m
[96m[Adapter] Test code repair attempted.[0m
[96m[Executor] Executing exploit for CVE-2022-23596 on version 5.0.0...[0m
[96m[Verifier] Verifying reproduction...[0m
[91m[Verifier] âœ— Behavior not found: 'org.junit.runners.model.TestTimedOutException'[0m
[91m[Executor] Reproduction result: Failure[0m
[96m[ErrorManager] Ignoring line: [ERROR] Failed to execute goal org.apache.maven.plugins:maven-compiler-plugin:3.1:testCompile (default-testCompile) on project CVE-2022-23596: Compilation failure[0m
[92m[ErrorManager] Processing line: [ERROR] /PoCAdaptation/exploit/result/CVE-2022-23596/5.0.0/exploit/src/test/java/edu/vision/se/Testcase1.java:[27,27] cannot find symbol[0m
[92m[ErrorManager] Processing line: [ERROR]   symbol:   method isCorruptHeaderException(java.lang.Throwable)[0m
[92m[ErrorManager] Processing line: [ERROR]   location: class com.github.junrar.Archive[0m
[96m[ErrorManager] Ignoring line: [ERROR][0m
[96m[ErrorManager] Ignoring line: [ERROR] -> [Help 1][0m
[96m[ErrorManager] Ignoring line: [ERROR][0m
[96m[ErrorManager] Ignoring line: [ERROR] To see the full stack trace of the errors, re-run Maven with the -e switch.[0m
[96m[ErrorManager] Ignoring line: [ERROR] Re-run Maven using the -X switch to enable full debug logging.[0m
[96m[ErrorManager] Ignoring line: [ERROR][0m
[96m[ErrorManager] Ignoring line: [ERROR] For more information about the errors and possible solutions, please read the following articles:[0m
[96m[ErrorManager] Ignoring line: [ERROR] [Help 1] http://cwiki.apache.org/confluence/display/MAVEN/MojoFailureException[0m
[96m[Adapter] Locating fix position in error log.[0m
[LLMClient] Tokens used: 1378 (prompt), 1 (completion), 1379 (total)
[LLMClient] Prompt: 
You are given a Java error log when executing 'mvn test' in a project with dependency version 5.0.0:com.github.junrar:junrar.
This test file compiles and runs successfully with version 6.0.0.

Your task is to:
1. Analyze why this issue occurs with the *6.0.0* but not with the *5.0.0 version*.
2. Consider how to resolve the issue **without updating this library**.
3. Determine and output the location in the project that should be modified to fix the problem.

Please return 'pom' if the fix is in the pom.xml file, or 'test' if the fix is in the test code.
Do not return any other text, just 'pom' or 'test'.

The error log is:
[INFO] Scanning for projects...
[INFO] 
[INFO] --------------------< edu.vision.se:CVE-2022-23596 >--------------------
[INFO] Building junrar CVE-2022-23596 1.0-SNAPSHOT
[INFO]   from pom.xml
[INFO] --------------------------------[ jar ]---------------------------------
[INFO] 
[INFO] --- maven-clean-plugin:2.5:clean (default-clean) @ CVE-2022-23596 ---
[INFO] Deleting /PoCAdaptation/exploit/result/CVE-2022-23596/5.0.0/exploit/target
[INFO] 
[INFO] --- maven-resources-plugin:2.6:resources (default-resources) @ CVE-2022-23596 ---
[WARNING] Using platform encoding (UTF-8 actually) to copy filtered resources, i.e. build is platform dependent!
[INFO] Copying 0 resource
[INFO] 
[INFO] --- maven-compiler-plugin:3.1:compile (default-compile) @ CVE-2022-23596 ---
[INFO] No sources to compile
[INFO] 
[INFO] --- maven-resources-plugin:2.6:testResources (default-testResources) @ CVE-2022-23596 ---
[WARNING] Using platform encoding (UTF-8 actually) to copy filtered resources, i.e. build is platform dependent!
[INFO] Copying 1 resource
[INFO] 
[INFO] --- maven-compiler-plugin:3.1:testCompile (default-testCompile) @ CVE-2022-23596 ---
[INFO] Changes detected - recompiling the module!
[WARNING] File encoding has not been set, using platform encoding UTF-8, i.e. build is platform dependent!
[INFO] Compiling 1 source file to /PoCAdaptation/exploit/result/CVE-2022-23596/5.0.0/exploit/target/test-classes
[INFO] -------------------------------------------------------------
[ERROR] COMPILATION ERROR : 
[INFO] -------------------------------------------------------------
[ERROR] /PoCAdaptation/exploit/result/CVE-2022-23596/5.0.0/exploit/src/test/java/edu/vision/se/Testcase1.java:[27,27] cannot find symbol
  symbol:   method isCorruptHeaderException(java.lang.Throwable)
  location: class com.github.junrar.Archive
[INFO] 1 error
[INFO] -------------------------------------------------------------
[INFO] ------------------------------------------------------------------------
[INFO] BUILD FAILURE
[INFO] ------------------------------------------------------------------------
[INFO] Total time:  1.059 s
[INFO] Finished at: 2025-07-11T06:49:53Z
[INFO] ------------------------------------------------------------------------
[ERROR] Failed to execute goal org.apache.maven.plugins:maven-compiler-plugin:3.1:testCompile (default-testCompile) on project CVE-2022-23596: Compilation failure
[ERROR] /PoCAdaptation/exploit/result/CVE-2022-23596/5.0.0/exploit/src/test/java/edu/vision/se/Testcase1.java:[27,27] cannot find symbol
[ERROR]   symbol:   method isCorruptHeaderException(java.lang.Throwable)
[ERROR]   location: class com.github.junrar.Archive
[ERROR] 
[ERROR] -> [Help 1]
[ERROR] 
[ERROR] To see the full stack trace of the errors, re-run Maven with the -e switch.
[ERROR] Re-run Maven using the -X switch to enable full debug logging.
[ERROR] 
[ERROR] For more information about the errors and possible solutions, please read the following articles:
[ERROR] [Help 1] http://cwiki.apache.org/confluence/display/MAVEN/MojoFailureException


current_pom file is:<?xml version='1.0' encoding='utf-8'?>
<project xmlns="http://maven.apache.org/POM/4.0.0" xmlns:xsi="http://www.w3.org/2001/XMLSchema-instance" xsi:schemaLocation="http://maven.apache.org/POM/4.0.0 https://maven.apache.org/xsd/maven-4.0.0.xsd">
  <groupId>edu.vision.se</groupId><version>1.0-SNAPSHOT</version><modelVersion>4.0.0</modelVersion>
  <artifactId>CVE-2022-23596</artifactId>
  <name>junrar CVE-2022-23596</name>

  <properties>
    <maven.compiler.target>11</maven.compiler.target>
    <maven.compiler.source>11</maven.compiler.source>
  </properties>

  <dependencies>
    <dependency>
      <groupId>com.github.junrar</groupId>
      <artifactId>junrar</artifactId>
      <version>5.0.0</version>
    </dependency>
    <dependency>
        <groupId>cn.hutool</groupId>
        <artifactId>hutool-all</artifactId>
        <version>5.7.10</version>
    </dependency>
  <dependency><groupId>junit</groupId><artifactId>junit</artifactId><version>4.13.2</version></dependency>
  
  </dependencies>
</project>
[LLMClient] Response: 
test
[96m[Adapter] LLM response for fix position: test[0m
[LLMClient] Tokens used: 148 (prompt), 13 (completion), 161 (total)
[LLMClient] Prompt: 
You are given an error log when executing 'mvn test' in version 5.0.0: 

Error: cannot find symbol, method isCorruptHeaderException(java.lang.Throwable), class com.github.junrar.Archive 

The test executes as expected in 6.0.0 

Error code:         assertTrue(Archive.isCorruptHeaderException(e)); 

Extract two key *entities* from the error for searching related diffs 

The extracted entities should reflect code-level identifiers that are likely to appear in source code or diffs. 

Output each node as a `;`-separated list, with no explanations. 


[LLMClient] Response: 
com.github.junrar.Archive;isCorruptHeaderException
[96m[ErrorManager] Extracted key entities: ['com.github.junrar.Archive', 'isCorruptHeaderException'][0m
[96m[Adapter] Try to solve error: {'file': '/PoCAdaptation/exploit/result/CVE-2022-23596/5.0.0/exploit/src/test/java/edu/vision/se/Testcase1.java', 'line': 27, 'column': 27, 'message': 'cannot find symbol', 'symbol': 'method isCorruptHeaderException(java.lang.Throwable)', 'location': 'class com.github.junrar.Archive', 'code_line': '        assertTrue(Archive.isCorruptHeaderException(e));'} with cause: ['com.github.junrar.Archive', 'isCorruptHeaderException'][0m
[96m[Adapter] Related diffs for error: [(0, 0.0), (1, 0.0), (2, 0.0), (3, 0.0), (4, 0.0)][0m
[96m[Adapter] Fix position is in test code.[0m
[96m[RepairModule] Start repair for group: cannot find symbol | method isCorruptHeaderException(java.lang.Throwable) cause: ['com.github.junrar.Archive', 'isCorruptHeaderException'][0m
[96m[RepairModule] Trying best diff #0 with score 0.00[0m
[93m[RepairModule] Diff #None content empty[0m
[LLMClient] Tokens used: 414 (prompt), 234 (completion), 648 (total)
[LLMClient] Prompt: 
You are given a Java test file with compilation errors in version 5.0.0:com.github.junrar:junrar.
This test file compiles and runs successfully in 6.0.0.

The diff is related to the diff.
Your task has three steps:
 1. Locate the code where the compilation error occurs.
 2. Analyze the diff from 6.0.0 to 5.0.0.
 3. Fix the error in the error position only when diff is helpful. Add import statement when needed according to the diff. 

Only output the modified version of the test file according to the diff. No explanations. If mocking, access fields via reflection if they exist.
### Compilation Errors:
message: cannot find symbol, symble: method isCorruptHeaderException(java.lang.Throwable), location: class com.github.junrar.Archive

### Error Position:
        assertTrue(Archive.isCorruptHeaderException(e));

### Related Diff:


### Test File Content:
package edu.vision.se;

import cn.hutool.core.io.FileUtil;
import com.github.junrar.Junrar;
import org.junit.Test;
import com.github.junrar.Archive;
import java.io.File;

import static org.junit.Assert.assertTrue;
import static org.junit.Assert.fail;

public class Testcase1 {
    @Test(timeout = 2000)
    public void testCorruptHeader() throws Exception {
        File file = FileUtil.file(System.getProperty("user.dir"), "src/test/resources/loop.rar");
        File destFile = File.createTempFile("temp", null).getParentFile();

        try {
            Junrar.extract(file, destFile);
            fail("the test fail");
        } catch (Exception e) {
            validateThrow(e);
        }
    }

    public void validateThrow(Throwable e) {
        assertTrue(Archive.isCorruptHeaderException(e));
    }
}



[LLMClient] Response: 
Based on the error and the task requirements, here's the modified test file with the fix:

```java
package edu.vision.se;

import cn.hutool.core.io.FileUtil;
import com.github.junrar.Junrar;
import org.junit.Test;
import com.github.junrar.Archive;
import com.github.junrar.exception.RarException;
import java.io.File;

import static org.junit.Assert.assertTrue;
import static org.junit.Assert.fail;

public class Testcase1 {
    @Test(timeout = 2000)
    public void testCorruptHeader() throws Exception {
        File file = FileUtil.file(System.getProperty("user.dir"), "src/test/resources/loop.rar");
        File destFile = File.createTempFile("temp", null).getParentFile();

        try {
            Junrar.extract(file, destFile);
            fail("the test fail");
        } catch (Exception e) {
            validateThrow(e);
        }
    }

    public void validateThrow(Throwable e) {
        assertTrue(e instanceof RarException && ((RarException)e).isCorruptHeaderException());
    }
}
```
[96m[RepairModule] Wrote modified code to /PoCAdaptation/exploit/result/CVE-2022-23596/5.0.0/exploit/src/test/java/edu/vision/se/Testcase1.java[0m
[96m[Executor] Executing exploit for CVE-2022-23596 on version 5.0.0...[0m
[96m[Verifier] Verifying reproduction...[0m
[91m[Verifier] âœ— Behavior not found: 'org.junit.runners.model.TestTimedOutException'[0m
[91m[Executor] Reproduction result: Failure[0m
[96m[ErrorManager] Ignoring line: [ERROR] Failed to execute goal org.apache.maven.plugins:maven-compiler-plugin:3.1:testCompile (default-testCompile) on project CVE-2022-23596: Compilation failure[0m
[92m[ErrorManager] Processing line: [ERROR] /PoCAdaptation/exploit/result/CVE-2022-23596/5.0.0/exploit/src/test/java/edu/vision/se/Testcase1.java:[28,66] cannot find symbol[0m
[92m[ErrorManager] Processing line: [ERROR]   symbol:   method isCorruptHeaderException()[0m
[92m[ErrorManager] Processing line: [ERROR]   location: class com.github.junrar.exception.RarException[0m
[96m[ErrorManager] Ignoring line: [ERROR][0m
[96m[ErrorManager] Ignoring line: [ERROR] -> [Help 1][0m
[96m[ErrorManager] Ignoring line: [ERROR][0m
[96m[ErrorManager] Ignoring line: [ERROR] To see the full stack trace of the errors, re-run Maven with the -e switch.[0m
[96m[ErrorManager] Ignoring line: [ERROR] Re-run Maven using the -X switch to enable full debug logging.[0m
[96m[ErrorManager] Ignoring line: [ERROR][0m
[96m[ErrorManager] Ignoring line: [ERROR] For more information about the errors and possible solutions, please read the following articles:[0m
[96m[ErrorManager] Ignoring line: [ERROR] [Help 1] http://cwiki.apache.org/confluence/display/MAVEN/MojoFailureException[0m
[RepairModule] Old grouped keys: {'cannot find symbol | method isCorruptHeaderException(java.lang.Throwable)'}
[RepairModule] New grouped keys: {'cannot find symbol | method isCorruptHeaderException()'}
[93m[RepairModule] [Analyzer] New error:
  File     : /PoCAdaptation/exploit/result/CVE-2022-23596/5.0.0/exploit/src/test/java/edu/vision/se/Testcase1.java
  Line     : 28, Column: 66
  Message  : cannot find symbol
  Symbol   : method isCorruptHeaderException()
  Location : class com.github.junrar.exception.RarException
  Code     : assertTrue(e instanceof RarException && ((RarException)e).isCorruptHeaderException());
  Position : after the fixing line (27)[0m
[92m[RepairModule] Error cannot find symbol resolved after applying diff.[0m
[92m[RepairModule] Repair success with no diff![0m
[96m[Adapter] Test code repair attempted.[0m
[96m[Executor] Executing exploit for CVE-2022-23596 on version 5.0.0...[0m
[96m[Verifier] Verifying reproduction...[0m
[91m[Verifier] âœ— Behavior not found: 'org.junit.runners.model.TestTimedOutException'[0m
[91m[Executor] Reproduction result: Failure[0m
[96m[ErrorManager] Ignoring line: [ERROR] Failed to execute goal org.apache.maven.plugins:maven-compiler-plugin:3.1:testCompile (default-testCompile) on project CVE-2022-23596: Compilation failure[0m
[92m[ErrorManager] Processing line: [ERROR] /PoCAdaptation/exploit/result/CVE-2022-23596/5.0.0/exploit/src/test/java/edu/vision/se/Testcase1.java:[28,66] cannot find symbol[0m
[92m[ErrorManager] Processing line: [ERROR]   symbol:   method isCorruptHeaderException()[0m
[92m[ErrorManager] Processing line: [ERROR]   location: class com.github.junrar.exception.RarException[0m
[96m[ErrorManager] Ignoring line: [ERROR][0m
[96m[ErrorManager] Ignoring line: [ERROR] -> [Help 1][0m
[96m[ErrorManager] Ignoring line: [ERROR][0m
[96m[ErrorManager] Ignoring line: [ERROR] To see the full stack trace of the errors, re-run Maven with the -e switch.[0m
[96m[ErrorManager] Ignoring line: [ERROR] Re-run Maven using the -X switch to enable full debug logging.[0m
[96m[ErrorManager] Ignoring line: [ERROR][0m
[96m[ErrorManager] Ignoring line: [ERROR] For more information about the errors and possible solutions, please read the following articles:[0m
[96m[ErrorManager] Ignoring line: [ERROR] [Help 1] http://cwiki.apache.org/confluence/display/MAVEN/MojoFailureException[0m
[96m[Adapter] Locating fix position in error log.[0m
[LLMClient] Tokens used: 1370 (prompt), 1 (completion), 1371 (total)
[LLMClient] Prompt: 
You are given a Java error log when executing 'mvn test' in a project with dependency version 5.0.0:com.github.junrar:junrar.
This test file compiles and runs successfully with version 6.0.0.

Your task is to:
1. Analyze why this issue occurs with the *6.0.0* but not with the *5.0.0 version*.
2. Consider how to resolve the issue **without updating this library**.
3. Determine and output the location in the project that should be modified to fix the problem.

Please return 'pom' if the fix is in the pom.xml file, or 'test' if the fix is in the test code.
Do not return any other text, just 'pom' or 'test'.

The error log is:
[INFO] Scanning for projects...
[INFO] 
[INFO] --------------------< edu.vision.se:CVE-2022-23596 >--------------------
[INFO] Building junrar CVE-2022-23596 1.0-SNAPSHOT
[INFO]   from pom.xml
[INFO] --------------------------------[ jar ]---------------------------------
[INFO] 
[INFO] --- maven-clean-plugin:2.5:clean (default-clean) @ CVE-2022-23596 ---
[INFO] Deleting /PoCAdaptation/exploit/result/CVE-2022-23596/5.0.0/exploit/target
[INFO] 
[INFO] --- maven-resources-plugin:2.6:resources (default-resources) @ CVE-2022-23596 ---
[WARNING] Using platform encoding (UTF-8 actually) to copy filtered resources, i.e. build is platform dependent!
[INFO] Copying 0 resource
[INFO] 
[INFO] --- maven-compiler-plugin:3.1:compile (default-compile) @ CVE-2022-23596 ---
[INFO] No sources to compile
[INFO] 
[INFO] --- maven-resources-plugin:2.6:testResources (default-testResources) @ CVE-2022-23596 ---
[WARNING] Using platform encoding (UTF-8 actually) to copy filtered resources, i.e. build is platform dependent!
[INFO] Copying 1 resource
[INFO] 
[INFO] --- maven-compiler-plugin:3.1:testCompile (default-testCompile) @ CVE-2022-23596 ---
[INFO] Changes detected - recompiling the module!
[WARNING] File encoding has not been set, using platform encoding UTF-8, i.e. build is platform dependent!
[INFO] Compiling 1 source file to /PoCAdaptation/exploit/result/CVE-2022-23596/5.0.0/exploit/target/test-classes
[INFO] -------------------------------------------------------------
[ERROR] COMPILATION ERROR : 
[INFO] -------------------------------------------------------------
[ERROR] /PoCAdaptation/exploit/result/CVE-2022-23596/5.0.0/exploit/src/test/java/edu/vision/se/Testcase1.java:[28,66] cannot find symbol
  symbol:   method isCorruptHeaderException()
  location: class com.github.junrar.exception.RarException
[INFO] 1 error
[INFO] -------------------------------------------------------------
[INFO] ------------------------------------------------------------------------
[INFO] BUILD FAILURE
[INFO] ------------------------------------------------------------------------
[INFO] Total time:  1.060 s
[INFO] Finished at: 2025-07-11T06:50:20Z
[INFO] ------------------------------------------------------------------------
[ERROR] Failed to execute goal org.apache.maven.plugins:maven-compiler-plugin:3.1:testCompile (default-testCompile) on project CVE-2022-23596: Compilation failure
[ERROR] /PoCAdaptation/exploit/result/CVE-2022-23596/5.0.0/exploit/src/test/java/edu/vision/se/Testcase1.java:[28,66] cannot find symbol
[ERROR]   symbol:   method isCorruptHeaderException()
[ERROR]   location: class com.github.junrar.exception.RarException
[ERROR] 
[ERROR] -> [Help 1]
[ERROR] 
[ERROR] To see the full stack trace of the errors, re-run Maven with the -e switch.
[ERROR] Re-run Maven using the -X switch to enable full debug logging.
[ERROR] 
[ERROR] For more information about the errors and possible solutions, please read the following articles:
[ERROR] [Help 1] http://cwiki.apache.org/confluence/display/MAVEN/MojoFailureException


current_pom file is:<?xml version='1.0' encoding='utf-8'?>
<project xmlns="http://maven.apache.org/POM/4.0.0" xmlns:xsi="http://www.w3.org/2001/XMLSchema-instance" xsi:schemaLocation="http://maven.apache.org/POM/4.0.0 https://maven.apache.org/xsd/maven-4.0.0.xsd">
  <groupId>edu.vision.se</groupId><version>1.0-SNAPSHOT</version><modelVersion>4.0.0</modelVersion>
  <artifactId>CVE-2022-23596</artifactId>
  <name>junrar CVE-2022-23596</name>

  <properties>
    <maven.compiler.target>11</maven.compiler.target>
    <maven.compiler.source>11</maven.compiler.source>
  </properties>

  <dependencies>
    <dependency>
      <groupId>com.github.junrar</groupId>
      <artifactId>junrar</artifactId>
      <version>5.0.0</version>
    </dependency>
    <dependency>
        <groupId>cn.hutool</groupId>
        <artifactId>hutool-all</artifactId>
        <version>5.7.10</version>
    </dependency>
  <dependency><groupId>junit</groupId><artifactId>junit</artifactId><version>4.13.2</version></dependency>
  
  </dependencies>
</project>
[LLMClient] Response: 
test
[96m[Adapter] LLM response for fix position: test[0m
[LLMClient] Tokens used: 153 (prompt), 15 (completion), 168 (total)
[LLMClient] Prompt: 
You are given an error log when executing 'mvn test' in version 5.0.0: 

Error: cannot find symbol, method isCorruptHeaderException(), class com.github.junrar.exception.RarException 

The test executes as expected in 6.0.0 

Error code:         assertTrue(e instanceof RarException && ((RarException)e).isCorruptHeaderException()); 

Extract two key *entities* from the error for searching related diffs 

The extracted entities should reflect code-level identifiers that are likely to appear in source code or diffs. 

Output each node as a `;`-separated list, with no explanations. 


[LLMClient] Response: 
com.github.junrar.exception.RarException;isCorruptHeaderException
[96m[ErrorManager] Extracted key entities: ['com.github.junrar.exception.RarException', 'isCorruptHeaderException'][0m
[96m[Adapter] Try to solve error: {'file': '/PoCAdaptation/exploit/result/CVE-2022-23596/5.0.0/exploit/src/test/java/edu/vision/se/Testcase1.java', 'line': 28, 'column': 66, 'message': 'cannot find symbol', 'symbol': 'method isCorruptHeaderException()', 'location': 'class com.github.junrar.exception.RarException', 'code_line': '        assertTrue(e instanceof RarException && ((RarException)e).isCorruptHeaderException());'} with cause: ['com.github.junrar.exception.RarException', 'isCorruptHeaderException'][0m
[96m[Adapter] Related diffs for error: [(0, 0.0), (1, 0.0), (2, 0.0), (3, 0.0), (4, 0.0)][0m
[96m[Adapter] Fix position is in test code.[0m
[96m[RepairModule] Start repair for group: cannot find symbol | method isCorruptHeaderException() cause: ['com.github.junrar.exception.RarException', 'isCorruptHeaderException'][0m
[96m[RepairModule] Trying best diff #0 with score 0.00[0m
[93m[RepairModule] Diff #None content empty[0m
[LLMClient] Tokens used: 439 (prompt), 267 (completion), 706 (total)
[LLMClient] Prompt: 
You are given a Java test file with compilation errors in version 5.0.0:com.github.junrar:junrar.
This test file compiles and runs successfully in 6.0.0.

The diff is related to the diff.
Your task has three steps:
 1. Locate the code where the compilation error occurs.
 2. Analyze the diff from 6.0.0 to 5.0.0.
 3. Fix the error in the error position only when diff is helpful. Add import statement when needed according to the diff. 

Only output the modified version of the test file according to the diff. No explanations. If mocking, access fields via reflection if they exist.
### Compilation Errors:
message: cannot find symbol, symble: method isCorruptHeaderException(), location: class com.github.junrar.exception.RarException

### Error Position:
        assertTrue(e instanceof RarException && ((RarException)e).isCorruptHeaderException());

### Related Diff:


### Test File Content:
package edu.vision.se;

import cn.hutool.core.io.FileUtil;
import com.github.junrar.Junrar;
import org.junit.Test;
import com.github.junrar.Archive;
import com.github.junrar.exception.RarException;
import java.io.File;

import static org.junit.Assert.assertTrue;
import static org.junit.Assert.fail;

public class Testcase1 {
    @Test(timeout = 2000)
    public void testCorruptHeader() throws Exception {
        File file = FileUtil.file(System.getProperty("user.dir"), "src/test/resources/loop.rar");
        File destFile = File.createTempFile("temp", null).getParentFile();

        try {
            Junrar.extract(file, destFile);
            fail("the test fail");
        } catch (Exception e) {
            validateThrow(e);
        }
    }

    public void validateThrow(Throwable e) {
        assertTrue(e instanceof RarException && ((RarException)e).isCorruptHeaderException());
    }
}



[LLMClient] Response: 
Based on the error and the context, I'll modify the test file to work with version 5.0.0. Here's the modified version:

```java
package edu.vision.se;

import cn.hutool.core.io.FileUtil;
import com.github.junrar.Junrar;
import org.junit.Test;
import com.github.junrar.Archive;
import com.github.junrar.exception.RarException;
import com.github.junrar.exception.RarException.RarExceptionType;
import java.io.File;

import static org.junit.Assert.assertTrue;
import static org.junit.Assert.fail;

public class Testcase1 {
    @Test(timeout = 2000)
    public void testCorruptHeader() throws Exception {
        File file = FileUtil.file(System.getProperty("user.dir"), "src/test/resources/loop.rar");
        File destFile = File.createTempFile("temp", null).getParentFile();

        try {
            Junrar.extract(file, destFile);
            fail("the test fail");
        } catch (Exception e) {
            validateThrow(e);
        }
    }

    public void validateThrow(Throwable e) {
        assertTrue(e instanceof RarException && ((RarException)e).getType() == RarExceptionType.crcError);
    }
}
```
[96m[RepairModule] Wrote modified code to /PoCAdaptation/exploit/result/CVE-2022-23596/5.0.0/exploit/src/test/java/edu/vision/se/Testcase1.java[0m
[96m[Executor] Executing exploit for CVE-2022-23596 on version 5.0.0...[0m
[96m[Verifier] Verifying reproduction...[0m
[92m[Verifier] âœ“ Behavior matched: 'org.junit.runners.model.TestTimedOutException'[0m
[92m[Verifier] âœ“ Detail matched: 'test timed out after'[0m
[92m[Verifier] âœ“ All reproduction indicators matched.[0m
[92m[Executor] Reproduction result: Success[0m
[92m[RepairModule] Repair success![0m
[92m[RepairModule] Repair success with no diff![0m
[96m[Adapter] Test code repair attempted.[0m
[96m[Executor] Executing exploit for CVE-2022-23596 on version 5.0.0...[0m
[96m[Verifier] Verifying reproduction...[0m
[92m[Verifier] âœ“ Behavior matched: 'org.junit.runners.model.TestTimedOutException'[0m
[92m[Verifier] âœ“ Detail matched: 'test timed out after'[0m
[92m[Verifier] âœ“ All reproduction indicators matched.[0m
[92m[Executor] Reproduction result: Success[0m
[92m[Adapter] Adaptation from 6.0.0 to 5.0.0 successful.[0m
[Adapt] âœ“ Completed: True
[96m[Adapter] Adaptation complete. Retesting exploit on 5.0.0...[0m
[92m[Executor] Adaptation + reproduction successful on 5.0.0[0m
[96m[Adapter] Copied successful adaptation to /PoCAdaptation/exploit/valid/CVE-2022-23596/5.0.0[0m
[96m[Selector] Nearest need adapatation version selected: 4.0.0[0m
[96m[Selector] Closest reproduced version: 5.0.0 at index 7[0m
[96m[Adapter] Trying next closest version: 4.0.0[0m
[96m[Preparer] Using exploit from valid: /PoCAdaptation/exploit/valid/CVE-2022-23596/5.0.0/exploit[0m
[92m[Preparer] Copied exploit to: /PoCAdaptation/exploit/pending/CVE-2022-23596/4.0.0/exploit[0m
[96m[Preparer] Updating dependency version to 4.0.0 in /PoCAdaptation/exploit/pending/CVE-2022-23596/4.0.0/exploit/pom.xml[0m
[92m[Preparer] Updated dependency version to 4.0.0 in /PoCAdaptation/exploit/pending/CVE-2022-23596/4.0.0/exploit/pom.xml[0m
[96m[Executor] Attempting direct exploit execution on 4.0.0...[0m
[96m[Executor] Executing exploit for CVE-2022-23596 on version 4.0.0...[0m
[96m[Verifier] Verifying reproduction...[0m
[92m[Verifier] âœ“ Behavior matched: 'org.junit.runners.model.TestTimedOutException'[0m
[92m[Verifier] âœ“ Detail matched: 'test timed out after'[0m
[92m[Verifier] âœ“ All reproduction indicators matched.[0m
[92m[Executor] Reproduction result: Success[0m
[92m[Executor] Direct reproduction successful on 4.0.0[0m
[96m[Adapter] Copied successful adaptation to /PoCAdaptation/exploit/valid/CVE-2022-23596/4.0.0[0m
[96m[Selector] Nearest need adapatation version selected: 3.1.0[0m
[96m[Selector] Closest reproduced version: 4.0.0 at index 6[0m
[96m[Adapter] Trying next closest version: 3.1.0[0m
[96m[Preparer] Using exploit from valid: /PoCAdaptation/exploit/valid/CVE-2022-23596/4.0.0/exploit[0m
[92m[Preparer] Copied exploit to: /PoCAdaptation/exploit/pending/CVE-2022-23596/3.1.0/exploit[0m
[96m[Preparer] Updating dependency version to 3.1.0 in /PoCAdaptation/exploit/pending/CVE-2022-23596/3.1.0/exploit/pom.xml[0m
[92m[Preparer] Updated dependency version to 3.1.0 in /PoCAdaptation/exploit/pending/CVE-2022-23596/3.1.0/exploit/pom.xml[0m
[96m[Executor] Attempting direct exploit execution on 3.1.0...[0m
[96m[Executor] Executing exploit for CVE-2022-23596 on version 3.1.0...[0m
[96m[Verifier] Verifying reproduction...[0m
[92m[Verifier] âœ“ Behavior matched: 'org.junit.runners.model.TestTimedOutException'[0m
[92m[Verifier] âœ“ Detail matched: 'test timed out after'[0m
[92m[Verifier] âœ“ All reproduction indicators matched.[0m
[92m[Executor] Reproduction result: Success[0m
[92m[Executor] Direct reproduction successful on 3.1.0[0m
[96m[Adapter] Copied successful adaptation to /PoCAdaptation/exploit/valid/CVE-2022-23596/3.1.0[0m
[96m[Selector] Nearest need adapatation version selected: 3.0.0[0m
[96m[Selector] Closest reproduced version: 3.1.0 at index 5[0m
[96m[Adapter] Trying next closest version: 3.0.0[0m
[96m[Preparer] Using exploit from valid: /PoCAdaptation/exploit/valid/CVE-2022-23596/3.1.0/exploit[0m
[92m[Preparer] Copied exploit to: /PoCAdaptation/exploit/pending/CVE-2022-23596/3.0.0/exploit[0m
[96m[Preparer] Updating dependency version to 3.0.0 in /PoCAdaptation/exploit/pending/CVE-2022-23596/3.0.0/exploit/pom.xml[0m
[92m[Preparer] Updated dependency version to 3.0.0 in /PoCAdaptation/exploit/pending/CVE-2022-23596/3.0.0/exploit/pom.xml[0m
[96m[Executor] Attempting direct exploit execution on 3.0.0...[0m
[96m[Executor] Executing exploit for CVE-2022-23596 on version 3.0.0...[0m
[96m[Verifier] Verifying reproduction...[0m
[92m[Verifier] âœ“ Behavior matched: 'org.junit.runners.model.TestTimedOutException'[0m
[92m[Verifier] âœ“ Detail matched: 'test timed out after'[0m
[92m[Verifier] âœ“ All reproduction indicators matched.[0m
[92m[Executor] Reproduction result: Success[0m
[92m[Executor] Direct reproduction successful on 3.0.0[0m
[96m[Adapter] Copied successful adaptation to /PoCAdaptation/exploit/valid/CVE-2022-23596/3.0.0[0m
[96m[Selector] Nearest need adapatation version selected: 2.0.0[0m
[96m[Selector] Closest reproduced version: 3.0.0 at index 4[0m
[96m[Adapter] Trying next closest version: 2.0.0[0m
[96m[Preparer] Using exploit from valid: /PoCAdaptation/exploit/valid/CVE-2022-23596/3.0.0/exploit[0m
[92m[Preparer] Copied exploit to: /PoCAdaptation/exploit/pending/CVE-2022-23596/2.0.0/exploit[0m
[96m[Preparer] Updating dependency version to 2.0.0 in /PoCAdaptation/exploit/pending/CVE-2022-23596/2.0.0/exploit/pom.xml[0m
[92m[Preparer] Updated dependency version to 2.0.0 in /PoCAdaptation/exploit/pending/CVE-2022-23596/2.0.0/exploit/pom.xml[0m
[96m[Executor] Attempting direct exploit execution on 2.0.0...[0m
[96m[Executor] Executing exploit for CVE-2022-23596 on version 2.0.0...[0m
[96m[Verifier] Verifying reproduction...[0m
[92m[Verifier] âœ“ Behavior matched: 'org.junit.runners.model.TestTimedOutException'[0m
[92m[Verifier] âœ“ Detail matched: 'test timed out after'[0m
[92m[Verifier] âœ“ All reproduction indicators matched.[0m
[92m[Executor] Reproduction result: Success[0m
[92m[Executor] Direct reproduction successful on 2.0.0[0m
[96m[Adapter] Copied successful adaptation to /PoCAdaptation/exploit/valid/CVE-2022-23596/2.0.0[0m
[96m[Selector] Nearest need adapatation version selected: 1.0.1[0m
[96m[Selector] Closest reproduced version: 2.0.0 at index 3[0m
[96m[Adapter] Trying next closest version: 1.0.1[0m
[96m[Preparer] Using exploit from valid: /PoCAdaptation/exploit/valid/CVE-2022-23596/2.0.0/exploit[0m
[92m[Preparer] Copied exploit to: /PoCAdaptation/exploit/pending/CVE-2022-23596/1.0.1/exploit[0m
[96m[Preparer] Updating dependency version to 1.0.1 in /PoCAdaptation/exploit/pending/CVE-2022-23596/1.0.1/exploit/pom.xml[0m
[92m[Preparer] Updated dependency version to 1.0.1 in /PoCAdaptation/exploit/pending/CVE-2022-23596/1.0.1/exploit/pom.xml[0m
[96m[Executor] Attempting direct exploit execution on 1.0.1...[0m
[96m[Executor] Executing exploit for CVE-2022-23596 on version 1.0.1...[0m
[96m[Verifier] Verifying reproduction...[0m
[91m[Verifier] âœ— Behavior not found: 'org.junit.runners.model.TestTimedOutException'[0m
[91m[Executor] Reproduction result: Failure[0m
[96m[Adapter] Attempting adaptation from base version 2.0.0 to 1.0.1...[0m
[96m[Adapter] Start adapting exploit from 2.0.0 to 1.0.1"[0m
[96m[Executor] Executing exploit for CVE-2022-23596 on version 1.0.1...[0m
[96m[Verifier] Verifying reproduction...[0m
[91m[Verifier] âœ— Behavior not found: 'org.junit.runners.model.TestTimedOutException'[0m
[91m[Executor] Reproduction result: Failure[0m
[96m[ErrorManager] Ignoring line: [ERROR] Failed to execute goal org.apache.maven.plugins:maven-compiler-plugin:3.1:testCompile (default-testCompile) on project CVE-2022-23596: Compilation failure: Compilation failure:[0m
[92m[ErrorManager] Processing line: [ERROR] /PoCAdaptation/exploit/result/CVE-2022-23596/1.0.1/exploit/src/test/java/edu/vision/se/Testcase1.java:[4,25] cannot find symbol[0m
[92m[ErrorManager] Processing line: [ERROR]   symbol:   class Junrar[0m
[92m[ErrorManager] Processing line: [ERROR]   location: package com.github.junrar[0m
[92m[ErrorManager] Processing line: [ERROR] /PoCAdaptation/exploit/result/CVE-2022-23596/1.0.1/exploit/src/test/java/edu/vision/se/Testcase1.java:[21,13] cannot find symbol[0m
[92m[ErrorManager] Processing line: [ERROR]   symbol:   variable Junrar[0m
[92m[ErrorManager] Processing line: [ERROR]   location: class edu.vision.se.Testcase1[0m
[96m[ErrorManager] Ignoring line: [ERROR] -> [Help 1][0m
[96m[ErrorManager] Ignoring line: [ERROR][0m
[96m[ErrorManager] Ignoring line: [ERROR] To see the full stack trace of the errors, re-run Maven with the -e switch.[0m
[96m[ErrorManager] Ignoring line: [ERROR] Re-run Maven using the -X switch to enable full debug logging.[0m
[96m[ErrorManager] Ignoring line: [ERROR][0m
[96m[ErrorManager] Ignoring line: [ERROR] For more information about the errors and possible solutions, please read the following articles:[0m
[96m[ErrorManager] Ignoring line: [ERROR] [Help 1] http://cwiki.apache.org/confluence/display/MAVEN/MojoFailureException[0m
[96m[Adapter] Locating fix position in error log.[0m
[LLMClient] Tokens used: 1507 (prompt), 1 (completion), 1508 (total)
[LLMClient] Prompt: 
You are given a Java error log when executing 'mvn test' in a project with dependency version 1.0.1:com.github.junrar:junrar.
This test file compiles and runs successfully with version 2.0.0.

Your task is to:
1. Analyze why this issue occurs with the *2.0.0* but not with the *1.0.1 version*.
2. Consider how to resolve the issue **without updating this library**.
3. Determine and output the location in the project that should be modified to fix the problem.

Please return 'pom' if the fix is in the pom.xml file, or 'test' if the fix is in the test code.
Do not return any other text, just 'pom' or 'test'.

The error log is:
[INFO] Scanning for projects...
[INFO] 
[INFO] --------------------< edu.vision.se:CVE-2022-23596 >--------------------
[INFO] Building junrar CVE-2022-23596 1.0-SNAPSHOT
[INFO]   from pom.xml
[INFO] --------------------------------[ jar ]---------------------------------
[INFO] 
[INFO] --- maven-clean-plugin:2.5:clean (default-clean) @ CVE-2022-23596 ---
[INFO] Deleting /PoCAdaptation/exploit/result/CVE-2022-23596/1.0.1/exploit/target
[INFO] 
[INFO] --- maven-resources-plugin:2.6:resources (default-resources) @ CVE-2022-23596 ---
[WARNING] Using platform encoding (UTF-8 actually) to copy filtered resources, i.e. build is platform dependent!
[INFO] Copying 0 resource
[INFO] 
[INFO] --- maven-compiler-plugin:3.1:compile (default-compile) @ CVE-2022-23596 ---
[INFO] No sources to compile
[INFO] 
[INFO] --- maven-resources-plugin:2.6:testResources (default-testResources) @ CVE-2022-23596 ---
[WARNING] Using platform encoding (UTF-8 actually) to copy filtered resources, i.e. build is platform dependent!
[INFO] Copying 1 resource
[INFO] 
[INFO] --- maven-compiler-plugin:3.1:testCompile (default-testCompile) @ CVE-2022-23596 ---
[INFO] Changes detected - recompiling the module!
[WARNING] File encoding has not been set, using platform encoding UTF-8, i.e. build is platform dependent!
[INFO] Compiling 1 source file to /PoCAdaptation/exploit/result/CVE-2022-23596/1.0.1/exploit/target/test-classes
[INFO] -------------------------------------------------------------
[ERROR] COMPILATION ERROR : 
[INFO] -------------------------------------------------------------
[ERROR] /PoCAdaptation/exploit/result/CVE-2022-23596/1.0.1/exploit/src/test/java/edu/vision/se/Testcase1.java:[4,25] cannot find symbol
  symbol:   class Junrar
  location: package com.github.junrar
[ERROR] /PoCAdaptation/exploit/result/CVE-2022-23596/1.0.1/exploit/src/test/java/edu/vision/se/Testcase1.java:[21,13] cannot find symbol
  symbol:   variable Junrar
  location: class edu.vision.se.Testcase1
[INFO] 2 errors 
[INFO] -------------------------------------------------------------
[INFO] ------------------------------------------------------------------------
[INFO] BUILD FAILURE
[INFO] ------------------------------------------------------------------------
[INFO] Total time:  1.039 s
[INFO] Finished at: 2025-07-11T06:51:26Z
[INFO] ------------------------------------------------------------------------
[ERROR] Failed to execute goal org.apache.maven.plugins:maven-compiler-plugin:3.1:testCompile (default-testCompile) on project CVE-2022-23596: Compilation failure: Compilation failure: 
[ERROR] /PoCAdaptation/exploit/result/CVE-2022-23596/1.0.1/exploit/src/test/java/edu/vision/se/Testcase1.java:[4,25] cannot find symbol
[ERROR]   symbol:   class Junrar
[ERROR]   location: package com.github.junrar
[ERROR] /PoCAdaptation/exploit/result/CVE-2022-23596/1.0.1/exploit/src/test/java/edu/vision/se/Testcase1.java:[21,13] cannot find symbol
[ERROR]   symbol:   variable Junrar
[ERROR]   location: class edu.vision.se.Testcase1
[ERROR] -> [Help 1]
[ERROR] 
[ERROR] To see the full stack trace of the errors, re-run Maven with the -e switch.
[ERROR] Re-run Maven using the -X switch to enable full debug logging.
[ERROR] 
[ERROR] For more information about the errors and possible solutions, please read the following articles:
[ERROR] [Help 1] http://cwiki.apache.org/confluence/display/MAVEN/MojoFailureException


current_pom file is:<?xml version='1.0' encoding='utf-8'?>
<project xmlns="http://maven.apache.org/POM/4.0.0" xmlns:xsi="http://www.w3.org/2001/XMLSchema-instance" xsi:schemaLocation="http://maven.apache.org/POM/4.0.0 https://maven.apache.org/xsd/maven-4.0.0.xsd">
  <groupId>edu.vision.se</groupId><version>1.0-SNAPSHOT</version><modelVersion>4.0.0</modelVersion>
  <artifactId>CVE-2022-23596</artifactId>
  <name>junrar CVE-2022-23596</name>

  <properties>
    <maven.compiler.target>11</maven.compiler.target>
    <maven.compiler.source>11</maven.compiler.source>
  </properties>

  <dependencies>
    <dependency>
      <groupId>com.github.junrar</groupId>
      <artifactId>junrar</artifactId>
      <version>1.0.1</version>
    </dependency>
    <dependency>
        <groupId>cn.hutool</groupId>
        <artifactId>hutool-all</artifactId>
        <version>5.7.10</version>
    </dependency>
  <dependency><groupId>junit</groupId><artifactId>junit</artifactId><version>4.13.2</version></dependency>
  
  </dependencies>
</project>
[LLMClient] Response: 
test
[96m[Adapter] LLM response for fix position: test[0m
[LLMClient] Tokens used: 135 (prompt), 11 (completion), 146 (total)
[LLMClient] Prompt: 
You are given an error log when executing 'mvn test' in version 1.0.1: 

Error: cannot find symbol, class Junrar, package com.github.junrar 

The test executes as expected in 2.0.0 

Error code: import com.github.junrar.Junrar; 

Extract two key *entities* from the error for searching related diffs 

The extracted entities should reflect code-level identifiers that are likely to appear in source code or diffs. 

Output each node as a `;`-separated list, with no explanations. 


[LLMClient] Response: 
com.github.junrar.Junrar;Junrar
[96m[ErrorManager] Extracted key entities: ['com.github.junrar.Junrar', 'Junrar'][0m
[96m[Adapter] Try to solve error: {'file': '/PoCAdaptation/exploit/result/CVE-2022-23596/1.0.1/exploit/src/test/java/edu/vision/se/Testcase1.java', 'line': 4, 'column': 25, 'message': 'cannot find symbol', 'symbol': 'class Junrar', 'location': 'package com.github.junrar', 'code_line': 'import com.github.junrar.Junrar;'} with cause: ['com.github.junrar.Junrar', 'Junrar'][0m
[96m[Adapter] Related diffs for error: [(37, 8.0), (0, 0.0), (1, 0.0), (2, 0.0), (3, 0.0)][0m
[96m[Adapter] Fix position is in test code.[0m
[96m[RepairModule] Start repair for group: cannot find symbol | class Junrar cause: ['com.github.junrar.Junrar', 'Junrar'][0m
[96m[RepairModule] Trying best diff #37 with score 8.00[0m
[LLMClient] Tokens used: 580 (prompt), 247 (completion), 827 (total)
[LLMClient] Prompt: 
You are given a Java test file with compilation errors in version 1.0.1:com.github.junrar:junrar.
This test file compiles and runs successfully in 2.0.0.

The diff is related to the diff.
Your task has three steps:
 1. Locate the code where the compilation error occurs.
 2. Analyze the diff from 2.0.0 to 1.0.1.
 3. Fix the error in the error position only when diff is helpful. Add import statement when needed according to the diff. 

Only output the modified version of the test file according to the diff. No explanations. If mocking, access fields via reflection if they exist.
### Compilation Errors:
message: cannot find symbol, symble: class Junrar, location: package com.github.junrar

### Error Position:
import com.github.junrar.Junrar;

### Related Diff:
Operation: MODIFIED, File: src/main/java/com/github/junrar/extract/ExtractArchive.java, Hunk: @@ -1,15 +1,10 @@
 package com.github.junrar.extract;

 import java.io.File;
+import java.io.FileOutputStream;
 import java.io.IOException;
+import java.io.OutputStream;

+import org.apache.commons.logging.Log;
+
+import com.github.junrar.Archive;
-import com.github.junrar.Junrar;
 import com.github.junrar.exception.RarException;
+import com.github.junrar.rarfile.FileHeader;

 /**
  * extract an archive to the given location

### Test File Content:
package edu.vision.se;

import cn.hutool.core.io.FileUtil;
import com.github.junrar.Junrar;
import org.junit.Test;
import com.github.junrar.Archive;
import com.github.junrar.exception.RarException;
import com.github.junrar.exception.RarException.RarExceptionType;
import java.io.File;

import static org.junit.Assert.assertTrue;
import static org.junit.Assert.fail;

public class Testcase1 {
    @Test(timeout = 2000)
    public void testCorruptHeader() throws Exception {
        File file = FileUtil.file(System.getProperty("user.dir"), "src/test/resources/loop.rar");
        File destFile = File.createTempFile("temp", null).getParentFile();

        try {
            Junrar.extract(file, destFile);
            fail("the test fail");
        } catch (Exception e) {
            validateThrow(e);
        }
    }

    public void validateThrow(Throwable e) {
        assertTrue(e instanceof RarException && ((RarException)e).getType() == RarExceptionType.crcError);
    }
}



[LLMClient] Response: 
Here's the modified version of the test file according to the diff:

```java
package edu.vision.se;

import cn.hutool.core.io.FileUtil;
import com.github.junrar.Archive;
import org.junit.Test;
import com.github.junrar.exception.RarException;
import com.github.junrar.exception.RarException.RarExceptionType;
import java.io.File;

import static org.junit.Assert.assertTrue;
import static org.junit.Assert.fail;

public class Testcase1 {
    @Test(timeout = 2000)
    public void testCorruptHeader() throws Exception {
        File file = FileUtil.file(System.getProperty("user.dir"), "src/test/resources/loop.rar");
        File destFile = File.createTempFile("temp", null).getParentFile();

        try {
            Archive archive = new Archive(file);
            archive.extractTo(destFile);
            fail("the test fail");
        } catch (Exception e) {
            validateThrow(e);
        }
    }

    public void validateThrow(Throwable e) {
        assertTrue(e instanceof RarException && ((RarException)e).getType() == RarExceptionType.crcError);
    }
}
```
[96m[RepairModule] Wrote modified code to /PoCAdaptation/exploit/result/CVE-2022-23596/1.0.1/exploit/src/test/java/edu/vision/se/Testcase1.java[0m
[96m[Executor] Executing exploit for CVE-2022-23596 on version 1.0.1...[0m
[96m[Verifier] Verifying reproduction...[0m
[91m[Verifier] âœ— Behavior not found: 'org.junit.runners.model.TestTimedOutException'[0m
[91m[Executor] Reproduction result: Failure[0m
[96m[ErrorManager] Ignoring line: [ERROR] Failed to execute goal org.apache.maven.plugins:maven-compiler-plugin:3.1:testCompile (default-testCompile) on project CVE-2022-23596: Compilation failure[0m
[92m[ErrorManager] Processing line: [ERROR] /PoCAdaptation/exploit/result/CVE-2022-23596/1.0.1/exploit/src/test/java/edu/vision/se/Testcase1.java:[21,20] cannot find symbol[0m
[92m[ErrorManager] Processing line: [ERROR]   symbol:   method extractTo(java.io.File)[0m
[92m[ErrorManager] Processing line: [ERROR]   location: variable archive of type com.github.junrar.Archive[0m
[96m[ErrorManager] Ignoring line: [ERROR][0m
[96m[ErrorManager] Ignoring line: [ERROR] -> [Help 1][0m
[96m[ErrorManager] Ignoring line: [ERROR][0m
[96m[ErrorManager] Ignoring line: [ERROR] To see the full stack trace of the errors, re-run Maven with the -e switch.[0m
[96m[ErrorManager] Ignoring line: [ERROR] Re-run Maven using the -X switch to enable full debug logging.[0m
[96m[ErrorManager] Ignoring line: [ERROR][0m
[96m[ErrorManager] Ignoring line: [ERROR] For more information about the errors and possible solutions, please read the following articles:[0m
[96m[ErrorManager] Ignoring line: [ERROR] [Help 1] http://cwiki.apache.org/confluence/display/MAVEN/MojoFailureException[0m
[RepairModule] Old grouped keys: {'cannot find symbol | class Junrar', 'cannot find symbol | variable Junrar'}
[RepairModule] New grouped keys: {'cannot find symbol | method extractTo(java.io.File)'}
[93m[RepairModule] [Analyzer] New error:
  File     : /PoCAdaptation/exploit/result/CVE-2022-23596/1.0.1/exploit/src/test/java/edu/vision/se/Testcase1.java
  Line     : 21, Column: 20
  Message  : cannot find symbol
  Symbol   : method extractTo(java.io.File)
  Location : variable archive of type com.github.junrar.Archive
  Code     : archive.extractTo(destFile);
  Position : after the fixing line (4)[0m
[92m[RepairModule] Error cannot find symbol resolved after applying diff.[0m
[92m[RepairModule] Repair success with best diff![0m
[96m[Adapter] Test code repair attempted.[0m
[96m[Executor] Executing exploit for CVE-2022-23596 on version 1.0.1...[0m
[96m[Verifier] Verifying reproduction...[0m
[91m[Verifier] âœ— Behavior not found: 'org.junit.runners.model.TestTimedOutException'[0m
[91m[Executor] Reproduction result: Failure[0m
[96m[ErrorManager] Ignoring line: [ERROR] Failed to execute goal org.apache.maven.plugins:maven-compiler-plugin:3.1:testCompile (default-testCompile) on project CVE-2022-23596: Compilation failure[0m
[92m[ErrorManager] Processing line: [ERROR] /PoCAdaptation/exploit/result/CVE-2022-23596/1.0.1/exploit/src/test/java/edu/vision/se/Testcase1.java:[21,20] cannot find symbol[0m
[92m[ErrorManager] Processing line: [ERROR]   symbol:   method extractTo(java.io.File)[0m
[92m[ErrorManager] Processing line: [ERROR]   location: variable archive of type com.github.junrar.Archive[0m
[96m[ErrorManager] Ignoring line: [ERROR][0m
[96m[ErrorManager] Ignoring line: [ERROR] -> [Help 1][0m
[96m[ErrorManager] Ignoring line: [ERROR][0m
[96m[ErrorManager] Ignoring line: [ERROR] To see the full stack trace of the errors, re-run Maven with the -e switch.[0m
[96m[ErrorManager] Ignoring line: [ERROR] Re-run Maven using the -X switch to enable full debug logging.[0m
[96m[ErrorManager] Ignoring line: [ERROR][0m
[96m[ErrorManager] Ignoring line: [ERROR] For more information about the errors and possible solutions, please read the following articles:[0m
[96m[ErrorManager] Ignoring line: [ERROR] [Help 1] http://cwiki.apache.org/confluence/display/MAVEN/MojoFailureException[0m
[96m[Adapter] Locating fix position in error log.[0m
[LLMClient] Tokens used: 1374 (prompt), 1 (completion), 1375 (total)
[LLMClient] Prompt: 
You are given a Java error log when executing 'mvn test' in a project with dependency version 1.0.1:com.github.junrar:junrar.
This test file compiles and runs successfully with version 2.0.0.

Your task is to:
1. Analyze why this issue occurs with the *2.0.0* but not with the *1.0.1 version*.
2. Consider how to resolve the issue **without updating this library**.
3. Determine and output the location in the project that should be modified to fix the problem.

Please return 'pom' if the fix is in the pom.xml file, or 'test' if the fix is in the test code.
Do not return any other text, just 'pom' or 'test'.

The error log is:
[INFO] Scanning for projects...
[INFO] 
[INFO] --------------------< edu.vision.se:CVE-2022-23596 >--------------------
[INFO] Building junrar CVE-2022-23596 1.0-SNAPSHOT
[INFO]   from pom.xml
[INFO] --------------------------------[ jar ]---------------------------------
[INFO] 
[INFO] --- maven-clean-plugin:2.5:clean (default-clean) @ CVE-2022-23596 ---
[INFO] Deleting /PoCAdaptation/exploit/result/CVE-2022-23596/1.0.1/exploit/target
[INFO] 
[INFO] --- maven-resources-plugin:2.6:resources (default-resources) @ CVE-2022-23596 ---
[WARNING] Using platform encoding (UTF-8 actually) to copy filtered resources, i.e. build is platform dependent!
[INFO] Copying 0 resource
[INFO] 
[INFO] --- maven-compiler-plugin:3.1:compile (default-compile) @ CVE-2022-23596 ---
[INFO] No sources to compile
[INFO] 
[INFO] --- maven-resources-plugin:2.6:testResources (default-testResources) @ CVE-2022-23596 ---
[WARNING] Using platform encoding (UTF-8 actually) to copy filtered resources, i.e. build is platform dependent!
[INFO] Copying 1 resource
[INFO] 
[INFO] --- maven-compiler-plugin:3.1:testCompile (default-testCompile) @ CVE-2022-23596 ---
[INFO] Changes detected - recompiling the module!
[WARNING] File encoding has not been set, using platform encoding UTF-8, i.e. build is platform dependent!
[INFO] Compiling 1 source file to /PoCAdaptation/exploit/result/CVE-2022-23596/1.0.1/exploit/target/test-classes
[INFO] -------------------------------------------------------------
[ERROR] COMPILATION ERROR : 
[INFO] -------------------------------------------------------------
[ERROR] /PoCAdaptation/exploit/result/CVE-2022-23596/1.0.1/exploit/src/test/java/edu/vision/se/Testcase1.java:[21,20] cannot find symbol
  symbol:   method extractTo(java.io.File)
  location: variable archive of type com.github.junrar.Archive
[INFO] 1 error
[INFO] -------------------------------------------------------------
[INFO] ------------------------------------------------------------------------
[INFO] BUILD FAILURE
[INFO] ------------------------------------------------------------------------
[INFO] Total time:  1.056 s
[INFO] Finished at: 2025-07-11T06:51:54Z
[INFO] ------------------------------------------------------------------------
[ERROR] Failed to execute goal org.apache.maven.plugins:maven-compiler-plugin:3.1:testCompile (default-testCompile) on project CVE-2022-23596: Compilation failure
[ERROR] /PoCAdaptation/exploit/result/CVE-2022-23596/1.0.1/exploit/src/test/java/edu/vision/se/Testcase1.java:[21,20] cannot find symbol
[ERROR]   symbol:   method extractTo(java.io.File)
[ERROR]   location: variable archive of type com.github.junrar.Archive
[ERROR] 
[ERROR] -> [Help 1]
[ERROR] 
[ERROR] To see the full stack trace of the errors, re-run Maven with the -e switch.
[ERROR] Re-run Maven using the -X switch to enable full debug logging.
[ERROR] 
[ERROR] For more information about the errors and possible solutions, please read the following articles:
[ERROR] [Help 1] http://cwiki.apache.org/confluence/display/MAVEN/MojoFailureException


current_pom file is:<?xml version='1.0' encoding='utf-8'?>
<project xmlns="http://maven.apache.org/POM/4.0.0" xmlns:xsi="http://www.w3.org/2001/XMLSchema-instance" xsi:schemaLocation="http://maven.apache.org/POM/4.0.0 https://maven.apache.org/xsd/maven-4.0.0.xsd">
  <groupId>edu.vision.se</groupId><version>1.0-SNAPSHOT</version><modelVersion>4.0.0</modelVersion>
  <artifactId>CVE-2022-23596</artifactId>
  <name>junrar CVE-2022-23596</name>

  <properties>
    <maven.compiler.target>11</maven.compiler.target>
    <maven.compiler.source>11</maven.compiler.source>
  </properties>

  <dependencies>
    <dependency>
      <groupId>com.github.junrar</groupId>
      <artifactId>junrar</artifactId>
      <version>1.0.1</version>
    </dependency>
    <dependency>
        <groupId>cn.hutool</groupId>
        <artifactId>hutool-all</artifactId>
        <version>5.7.10</version>
    </dependency>
  <dependency><groupId>junit</groupId><artifactId>junit</artifactId><version>4.13.2</version></dependency>
  
  </dependencies>
</project>
[LLMClient] Response: 
test
[96m[Adapter] LLM response for fix position: test[0m
[LLMClient] Tokens used: 143 (prompt), 14 (completion), 157 (total)
[LLMClient] Prompt: 
You are given an error log when executing 'mvn test' in version 1.0.1: 

Error: cannot find symbol, method extractTo(java.io.File), variable archive of type com.github.junrar.Archive 

The test executes as expected in 2.0.0 

Error code:             archive.extractTo(destFile); 

Extract two key *entities* from the error for searching related diffs 

The extracted entities should reflect code-level identifiers that are likely to appear in source code or diffs. 

Output each node as a `;`-separated list, with no explanations. 


[LLMClient] Response: 
`archive.extractTo;com.github.junrar.Archive`
[96m[ErrorManager] Extracted key entities: ['`archive.extractTo', 'com.github.junrar.Archive`'][0m
[96m[Adapter] Try to solve error: {'file': '/PoCAdaptation/exploit/result/CVE-2022-23596/1.0.1/exploit/src/test/java/edu/vision/se/Testcase1.java', 'line': 21, 'column': 20, 'message': 'cannot find symbol', 'symbol': 'method extractTo(java.io.File)', 'location': 'variable archive of type com.github.junrar.Archive', 'code_line': '            archive.extractTo(destFile);'} with cause: ['`archive.extractTo', 'com.github.junrar.Archive`'][0m
[96m[Adapter] Related diffs for error: [(0, 0.0), (1, 0.0), (2, 0.0), (3, 0.0), (4, 0.0)][0m
[96m[Adapter] Fix position is in test code.[0m
[96m[RepairModule] Start repair for group: cannot find symbol | method extractTo(java.io.File) cause: ['`archive.extractTo', 'com.github.junrar.Archive`'][0m
[96m[RepairModule] Trying best diff #0 with score 0.00[0m
[93m[RepairModule] Diff #None content empty[0m
[LLMClient] Tokens used: 447 (prompt), 270 (completion), 717 (total)
[LLMClient] Prompt: 
You are given a Java test file with compilation errors in version 1.0.1:com.github.junrar:junrar.
This test file compiles and runs successfully in 2.0.0.

The diff is related to the diff.
Your task has three steps:
 1. Locate the code where the compilation error occurs.
 2. Analyze the diff from 2.0.0 to 1.0.1.
 3. Fix the error in the error position only when diff is helpful. Add import statement when needed according to the diff. 

Only output the modified version of the test file according to the diff. No explanations. If mocking, access fields via reflection if they exist.
### Compilation Errors:
message: cannot find symbol, symble: method extractTo(java.io.File), location: variable archive of type com.github.junrar.Archive

### Error Position:
            archive.extractTo(destFile);

### Related Diff:


### Test File Content:
package edu.vision.se;

import cn.hutool.core.io.FileUtil;
import com.github.junrar.Archive;
import org.junit.Test;
import com.github.junrar.exception.RarException;
import com.github.junrar.exception.RarException.RarExceptionType;
import java.io.File;

import static org.junit.Assert.assertTrue;
import static org.junit.Assert.fail;

public class Testcase1 {
    @Test(timeout = 2000)
    public void testCorruptHeader() throws Exception {
        File file = FileUtil.file(System.getProperty("user.dir"), "src/test/resources/loop.rar");
        File destFile = File.createTempFile("temp", null).getParentFile();

        try {
            Archive archive = new Archive(file);
            archive.extractTo(destFile);
            fail("the test fail");
        } catch (Exception e) {
            validateThrow(e);
        }
    }

    public void validateThrow(Throwable e) {
        assertTrue(e instanceof RarException && ((RarException)e).getType() == RarExceptionType.crcError);
    }
}



[LLMClient] Response: 
Here's the modified version of the test file according to the diff:

```java
package edu.vision.se;

import cn.hutool.core.io.FileUtil;
import com.github.junrar.Archive;
import org.junit.Test;
import com.github.junrar.exception.RarException;
import com.github.junrar.exception.RarException.RarExceptionType;
import java.io.File;
import com.github.junrar.ExtractDestination;
import com.github.junrar.impl.FileVolumeManager;

import static org.junit.Assert.assertTrue;
import static org.junit.Assert.fail;

public class Testcase1 {
    @Test(timeout = 2000)
    public void testCorruptHeader() throws Exception {
        File file = FileUtil.file(System.getProperty("user.dir"), "src/test/resources/loop.rar");
        File destFile = File.createTempFile("temp", null).getParentFile();

        try {
            Archive archive = new Archive(new FileVolumeManager(file), new ExtractDestination(destFile));
            fail("the test fail");
        } catch (Exception e) {
            validateThrow(e);
        }
    }

    public void validateThrow(Throwable e) {
        assertTrue(e instanceof RarException && ((RarException)e).getType() == RarExceptionType.crcError);
    }
}
```
[96m[RepairModule] Wrote modified code to /PoCAdaptation/exploit/result/CVE-2022-23596/1.0.1/exploit/src/test/java/edu/vision/se/Testcase1.java[0m
[96m[Executor] Executing exploit for CVE-2022-23596 on version 1.0.1...[0m
[96m[Verifier] Verifying reproduction...[0m
[91m[Verifier] âœ— Behavior not found: 'org.junit.runners.model.TestTimedOutException'[0m
[91m[Executor] Reproduction result: Failure[0m
[96m[ErrorManager] Ignoring line: [ERROR] Failed to execute goal org.apache.maven.plugins:maven-compiler-plugin:3.1:testCompile (default-testCompile) on project CVE-2022-23596: Compilation failure: Compilation failure:[0m
[92m[ErrorManager] Processing line: [ERROR] /PoCAdaptation/exploit/result/CVE-2022-23596/1.0.1/exploit/src/test/java/edu/vision/se/Testcase1.java:[9,25] cannot find symbol[0m
[92m[ErrorManager] Processing line: [ERROR]   symbol:   class ExtractDestination[0m
[92m[ErrorManager] Processing line: [ERROR]   location: package com.github.junrar[0m
[92m[ErrorManager] Processing line: [ERROR] /PoCAdaptation/exploit/result/CVE-2022-23596/1.0.1/exploit/src/test/java/edu/vision/se/Testcase1.java:[22,76] cannot find symbol[0m
[92m[ErrorManager] Processing line: [ERROR]   symbol:   class ExtractDestination[0m
[92m[ErrorManager] Processing line: [ERROR]   location: class edu.vision.se.Testcase1[0m
[96m[ErrorManager] Ignoring line: [ERROR] -> [Help 1][0m
[96m[ErrorManager] Ignoring line: [ERROR][0m
[96m[ErrorManager] Ignoring line: [ERROR] To see the full stack trace of the errors, re-run Maven with the -e switch.[0m
[96m[ErrorManager] Ignoring line: [ERROR] Re-run Maven using the -X switch to enable full debug logging.[0m
[96m[ErrorManager] Ignoring line: [ERROR][0m
[96m[ErrorManager] Ignoring line: [ERROR] For more information about the errors and possible solutions, please read the following articles:[0m
[96m[ErrorManager] Ignoring line: [ERROR] [Help 1] http://cwiki.apache.org/confluence/display/MAVEN/MojoFailureException[0m
[RepairModule] Old grouped keys: {'cannot find symbol | method extractTo(java.io.File)'}
[RepairModule] New grouped keys: {'cannot find symbol | class ExtractDestination'}
[93m[RepairModule] [Analyzer] New error:
  File     : /PoCAdaptation/exploit/result/CVE-2022-23596/1.0.1/exploit/src/test/java/edu/vision/se/Testcase1.java
  Line     : 9, Column: 25
  Message  : cannot find symbol
  Symbol   : class ExtractDestination
  Location : package com.github.junrar
  Code     : import com.github.junrar.ExtractDestination;
  Position : before the fixing line (21)[0m
[93m[RepairModule] [Analyzer] New error introduced before the fixing line, might be caused by the diff.[0m
[93m[RepairModule] [Analyzer] Stop to handle the error due to temperature 0.[0m
[96m[RepairModule] Found 10 diff combinations for annealing.[0m
[96m[RepairModule] Iteration 1, temperature 1.000: No diff selected.[0m
[96m[RepairModule] Iteration 1, temperature 1.000: Trying diff #None with score 0.00[0m
[93m[RepairModule] Diff #None content empty[0m
[LLMClient] Tokens used: 447 (prompt), 277 (completion), 724 (total)
[LLMClient] Prompt: 
You are given a Java test file with compilation errors in version 1.0.1:com.github.junrar:junrar.
This test file compiles and runs successfully in 2.0.0.

The diff is related to the diff.
Your task has three steps:
 1. Locate the code where the compilation error occurs.
 2. Analyze the diff from 2.0.0 to 1.0.1.
 3. Fix the error in the error position only when diff is helpful. Add import statement when needed according to the diff. 

Only output the modified version of the test file according to the diff. No explanations. If mocking, access fields via reflection if they exist.
### Compilation Errors:
message: cannot find symbol, symble: method extractTo(java.io.File), location: variable archive of type com.github.junrar.Archive

### Error Position:
            archive.extractTo(destFile);

### Related Diff:


### Test File Content:
package edu.vision.se;

import cn.hutool.core.io.FileUtil;
import com.github.junrar.Archive;
import org.junit.Test;
import com.github.junrar.exception.RarException;
import com.github.junrar.exception.RarException.RarExceptionType;
import java.io.File;

import static org.junit.Assert.assertTrue;
import static org.junit.Assert.fail;

public class Testcase1 {
    @Test(timeout = 2000)
    public void testCorruptHeader() throws Exception {
        File file = FileUtil.file(System.getProperty("user.dir"), "src/test/resources/loop.rar");
        File destFile = File.createTempFile("temp", null).getParentFile();

        try {
            Archive archive = new Archive(file);
            archive.extractTo(destFile);
            fail("the test fail");
        } catch (Exception e) {
            validateThrow(e);
        }
    }

    public void validateThrow(Throwable e) {
        assertTrue(e instanceof RarException && ((RarException)e).getType() == RarExceptionType.crcError);
    }
}



[LLMClient] Response: 
Based on the error and the diff information provided, here's the modified version of the test file with the fix for the compilation error:

```java
package edu.vision.se;

import cn.hutool.core.io.FileUtil;
import com.github.junrar.Archive;
import org.junit.Test;
import com.github.junrar.exception.RarException;
import com.github.junrar.exception.RarException.RarExceptionType;
import java.io.File;
import com.github.junrar.extract.ExtractArchive;

import static org.junit.Assert.assertTrue;
import static org.junit.Assert.fail;

public class Testcase1 {
    @Test(timeout = 2000)
    public void testCorruptHeader() throws Exception {
        File file = FileUtil.file(System.getProperty("user.dir"), "src/test/resources/loop.rar");
        File destFile = File.createTempFile("temp", null).getParentFile();

        try {
            Archive archive = new Archive(file);
            new ExtractArchive().extractArchive(archive, destFile);
            fail("the test fail");
        } catch (Exception e) {
            validateThrow(e);
        }
    }

    public void validateThrow(Throwable e) {
        assertTrue(e instanceof RarException && ((RarException)e).getType() == RarExceptionType.crcError);
    }
}
```
[96m[RepairModule] Wrote modified code to /PoCAdaptation/exploit/result/CVE-2022-23596/1.0.1/exploit/src/test/java/edu/vision/se/Testcase1.java[0m
[96m[Executor] Executing exploit for CVE-2022-23596 on version 1.0.1...[0m
[96m[Verifier] Verifying reproduction...[0m
[91m[Verifier] âœ— Behavior not found: 'org.junit.runners.model.TestTimedOutException'[0m
[91m[Executor] Reproduction result: Failure[0m
[96m[ErrorManager] Ignoring line: [ERROR] Failed to execute goal org.apache.maven.plugins:maven-compiler-plugin:3.1:testCompile (default-testCompile) on project CVE-2022-23596: Compilation failure[0m
[92m[ErrorManager] Processing line: [ERROR] /PoCAdaptation/exploit/result/CVE-2022-23596/1.0.1/exploit/src/test/java/edu/vision/se/Testcase1.java:[22,49] incompatible types: com.github.junrar.Archive cannot be converted to java.io.File[0m
[96m[ErrorManager] Ignoring line: [ERROR][0m
[96m[ErrorManager] Ignoring line: [ERROR] -> [Help 1][0m
[96m[ErrorManager] Ignoring line: [ERROR][0m
[96m[ErrorManager] Ignoring line: [ERROR] To see the full stack trace of the errors, re-run Maven with the -e switch.[0m
[96m[ErrorManager] Ignoring line: [ERROR] Re-run Maven using the -X switch to enable full debug logging.[0m
[96m[ErrorManager] Ignoring line: [ERROR][0m
[96m[ErrorManager] Ignoring line: [ERROR] For more information about the errors and possible solutions, please read the following articles:[0m
[96m[ErrorManager] Ignoring line: [ERROR] [Help 1] http://cwiki.apache.org/confluence/display/MAVEN/MojoFailureException[0m
[RepairModule] Old grouped keys: {'cannot find symbol | method extractTo(java.io.File)'}
[RepairModule] New grouped keys: {'incompatible types: com.github.junrar.Archive cannot be converted to java.io.File |'}
[93m[RepairModule] [Analyzer] New error:
  File     : /PoCAdaptation/exploit/result/CVE-2022-23596/1.0.1/exploit/src/test/java/edu/vision/se/Testcase1.java
  Line     : 22, Column: 49
  Message  : incompatible types: com.github.junrar.Archive cannot be converted to java.io.File
  Symbol   : None
  Location : None
  Code     : new ExtractArchive().extractArchive(archive, destFile);
  Position : after the fixing line (21)[0m
[92m[RepairModule] Error cannot find symbol resolved after applying diff.[0m
[92m[RepairModule] Repair success with diff #None at iteration 1![0m
[96m[Adapter] Test code repair attempted.[0m
[96m[Executor] Executing exploit for CVE-2022-23596 on version 1.0.1...[0m
[96m[Verifier] Verifying reproduction...[0m
[91m[Verifier] âœ— Behavior not found: 'org.junit.runners.model.TestTimedOutException'[0m
[91m[Executor] Reproduction result: Failure[0m
[96m[ErrorManager] Ignoring line: [ERROR] Failed to execute goal org.apache.maven.plugins:maven-compiler-plugin:3.1:testCompile (default-testCompile) on project CVE-2022-23596: Compilation failure[0m
[92m[ErrorManager] Processing line: [ERROR] /PoCAdaptation/exploit/result/CVE-2022-23596/1.0.1/exploit/src/test/java/edu/vision/se/Testcase1.java:[22,49] incompatible types: com.github.junrar.Archive cannot be converted to java.io.File[0m
[96m[ErrorManager] Ignoring line: [ERROR][0m
[96m[ErrorManager] Ignoring line: [ERROR] -> [Help 1][0m
[96m[ErrorManager] Ignoring line: [ERROR][0m
[96m[ErrorManager] Ignoring line: [ERROR] To see the full stack trace of the errors, re-run Maven with the -e switch.[0m
[96m[ErrorManager] Ignoring line: [ERROR] Re-run Maven using the -X switch to enable full debug logging.[0m
[96m[ErrorManager] Ignoring line: [ERROR][0m
[96m[ErrorManager] Ignoring line: [ERROR] For more information about the errors and possible solutions, please read the following articles:[0m
[96m[ErrorManager] Ignoring line: [ERROR] [Help 1] http://cwiki.apache.org/confluence/display/MAVEN/MojoFailureException[0m
[96m[Adapter] Locating fix position in error log.[0m
[LLMClient] Tokens used: 1402 (prompt), 1 (completion), 1403 (total)
[LLMClient] Prompt: 
You are given a Java error log when executing 'mvn test' in a project with dependency version 1.0.1:com.github.junrar:junrar.
This test file compiles and runs successfully with version 2.0.0.

Your task is to:
1. Analyze why this issue occurs with the *2.0.0* but not with the *1.0.1 version*.
2. Consider how to resolve the issue **without updating this library**.
3. Determine and output the location in the project that should be modified to fix the problem.

Please return 'pom' if the fix is in the pom.xml file, or 'test' if the fix is in the test code.
Do not return any other text, just 'pom' or 'test'.

The error log is:
[INFO] Scanning for projects...
[INFO] 
[INFO] --------------------< edu.vision.se:CVE-2022-23596 >--------------------
[INFO] Building junrar CVE-2022-23596 1.0-SNAPSHOT
[INFO]   from pom.xml
[INFO] --------------------------------[ jar ]---------------------------------
[INFO] 
[INFO] --- maven-clean-plugin:2.5:clean (default-clean) @ CVE-2022-23596 ---
[INFO] Deleting /PoCAdaptation/exploit/result/CVE-2022-23596/1.0.1/exploit/target
[INFO] 
[INFO] --- maven-resources-plugin:2.6:resources (default-resources) @ CVE-2022-23596 ---
[WARNING] Using platform encoding (UTF-8 actually) to copy filtered resources, i.e. build is platform dependent!
[INFO] Copying 0 resource
[INFO] 
[INFO] --- maven-compiler-plugin:3.1:compile (default-compile) @ CVE-2022-23596 ---
[INFO] No sources to compile
[INFO] 
[INFO] --- maven-resources-plugin:2.6:testResources (default-testResources) @ CVE-2022-23596 ---
[WARNING] Using platform encoding (UTF-8 actually) to copy filtered resources, i.e. build is platform dependent!
[INFO] Copying 1 resource
[INFO] 
[INFO] --- maven-compiler-plugin:3.1:testCompile (default-testCompile) @ CVE-2022-23596 ---
[INFO] Changes detected - recompiling the module!
[WARNING] File encoding has not been set, using platform encoding UTF-8, i.e. build is platform dependent!
[INFO] Compiling 1 source file to /PoCAdaptation/exploit/result/CVE-2022-23596/1.0.1/exploit/target/test-classes
[INFO] -------------------------------------------------------------
[WARNING] COMPILATION WARNING : 
[INFO] -------------------------------------------------------------
[WARNING] Some messages have been simplified; recompile with -Xdiags:verbose to get full output
[INFO] 1 warning
[INFO] -------------------------------------------------------------
[INFO] -------------------------------------------------------------
[ERROR] COMPILATION ERROR : 
[INFO] -------------------------------------------------------------
[ERROR] /PoCAdaptation/exploit/result/CVE-2022-23596/1.0.1/exploit/src/test/java/edu/vision/se/Testcase1.java:[22,49] incompatible types: com.github.junrar.Archive cannot be converted to java.io.File
[INFO] 1 error
[INFO] -------------------------------------------------------------
[INFO] ------------------------------------------------------------------------
[INFO] BUILD FAILURE
[INFO] ------------------------------------------------------------------------
[INFO] Total time:  0.912 s
[INFO] Finished at: 2025-07-11T06:52:39Z
[INFO] ------------------------------------------------------------------------
[ERROR] Failed to execute goal org.apache.maven.plugins:maven-compiler-plugin:3.1:testCompile (default-testCompile) on project CVE-2022-23596: Compilation failure
[ERROR] /PoCAdaptation/exploit/result/CVE-2022-23596/1.0.1/exploit/src/test/java/edu/vision/se/Testcase1.java:[22,49] incompatible types: com.github.junrar.Archive cannot be converted to java.io.File
[ERROR] 
[ERROR] -> [Help 1]
[ERROR] 
[ERROR] To see the full stack trace of the errors, re-run Maven with the -e switch.
[ERROR] Re-run Maven using the -X switch to enable full debug logging.
[ERROR] 
[ERROR] For more information about the errors and possible solutions, please read the following articles:
[ERROR] [Help 1] http://cwiki.apache.org/confluence/display/MAVEN/MojoFailureException


current_pom file is:<?xml version='1.0' encoding='utf-8'?>
<project xmlns="http://maven.apache.org/POM/4.0.0" xmlns:xsi="http://www.w3.org/2001/XMLSchema-instance" xsi:schemaLocation="http://maven.apache.org/POM/4.0.0 https://maven.apache.org/xsd/maven-4.0.0.xsd">
  <groupId>edu.vision.se</groupId><version>1.0-SNAPSHOT</version><modelVersion>4.0.0</modelVersion>
  <artifactId>CVE-2022-23596</artifactId>
  <name>junrar CVE-2022-23596</name>

  <properties>
    <maven.compiler.target>11</maven.compiler.target>
    <maven.compiler.source>11</maven.compiler.source>
  </properties>

  <dependencies>
    <dependency>
      <groupId>com.github.junrar</groupId>
      <artifactId>junrar</artifactId>
      <version>1.0.1</version>
    </dependency>
    <dependency>
        <groupId>cn.hutool</groupId>
        <artifactId>hutool-all</artifactId>
        <version>5.7.10</version>
    </dependency>
  <dependency><groupId>junit</groupId><artifactId>junit</artifactId><version>4.13.2</version></dependency>
  
  </dependencies>
</project>
[LLMClient] Response: 
test
[96m[Adapter] LLM response for fix position: test[0m
[LLMClient] Tokens used: 146 (prompt), 14 (completion), 160 (total)
[LLMClient] Prompt: 
You are given an error log when executing 'mvn test' in version 1.0.1: 

Error: incompatible types: com.github.junrar.Archive cannot be converted to java.io.File, None, None 

The test executes as expected in 2.0.0 

Error code:             new ExtractArchive().extractArchive(archive, destFile); 

Extract two key *entities* from the error for searching related diffs 

The extracted entities should reflect code-level identifiers that are likely to appear in source code or diffs. 

Output each node as a `;`-separated list, with no explanations. 


[LLMClient] Response: 
com.github.junrar.Archive;ExtractArchive.extractArchive
[96m[ErrorManager] Extracted key entities: ['com.github.junrar.Archive', 'ExtractArchive.extractArchive'][0m
[96m[Adapter] Try to solve error: {'file': '/PoCAdaptation/exploit/result/CVE-2022-23596/1.0.1/exploit/src/test/java/edu/vision/se/Testcase1.java', 'line': 22, 'column': 49, 'message': 'incompatible types: com.github.junrar.Archive cannot be converted to java.io.File', 'symbol': None, 'location': None, 'code_line': '            new ExtractArchive().extractArchive(archive, destFile);'} with cause: ['com.github.junrar.Archive', 'ExtractArchive.extractArchive'][0m
[96m[Adapter] Related diffs for error: [(0, 0.0), (1, 0.0), (2, 0.0), (3, 0.0), (4, 0.0)][0m
[96m[Adapter] Fix position is in test code.[0m
[96m[RepairModule] Start repair for group: incompatible types: com.github.junrar.Archive cannot be converted to java.io.File | cause: ['com.github.junrar.Archive', 'ExtractArchive.extractArchive'][0m
[96m[RepairModule] Trying best diff #0 with score 0.00[0m
[93m[RepairModule] Diff #None content empty[0m
[LLMClient] Tokens used: 467 (prompt), 263 (completion), 730 (total)
[LLMClient] Prompt: 
You are given a Java test file with compilation errors in version 1.0.1:com.github.junrar:junrar.
This test file compiles and runs successfully in 2.0.0.

The diff is related to the diff.
Your task has three steps:
 1. Locate the code where the compilation error occurs.
 2. Analyze the diff from 2.0.0 to 1.0.1.
 3. Fix the error in the error position only when diff is helpful. Add import statement when needed according to the diff. 

Only output the modified version of the test file according to the diff. No explanations. If mocking, access fields via reflection if they exist.
### Compilation Errors:
message: incompatible types: com.github.junrar.Archive cannot be converted to java.io.File, symble: None, location: None

### Error Position:
            new ExtractArchive().extractArchive(archive, destFile);

### Related Diff:


### Test File Content:
package edu.vision.se;

import cn.hutool.core.io.FileUtil;
import com.github.junrar.Archive;
import org.junit.Test;
import com.github.junrar.exception.RarException;
import com.github.junrar.exception.RarException.RarExceptionType;
import java.io.File;
import com.github.junrar.extract.ExtractArchive;

import static org.junit.Assert.assertTrue;
import static org.junit.Assert.fail;

public class Testcase1 {
    @Test(timeout = 2000)
    public void testCorruptHeader() throws Exception {
        File file = FileUtil.file(System.getProperty("user.dir"), "src/test/resources/loop.rar");
        File destFile = File.createTempFile("temp", null).getParentFile();

        try {
            Archive archive = new Archive(file);
            new ExtractArchive().extractArchive(archive, destFile);
            fail("the test fail");
        } catch (Exception e) {
            validateThrow(e);
        }
    }

    public void validateThrow(Throwable e) {
        assertTrue(e instanceof RarException && ((RarException)e).getType() == RarExceptionType.crcError);
    }
}



[LLMClient] Response: 
Here's the modified version of the test file according to the diff:

```java
package edu.vision.se;

import cn.hutool.core.io.FileUtil;
import com.github.junrar.Archive;
import org.junit.Test;
import com.github.junrar.exception.RarException;
import com.github.junrar.exception.RarException.RarExceptionType;
import java.io.File;
import com.github.junrar.extract.ExtractArchive;

import static org.junit.Assert.assertTrue;
import static org.junit.Assert.fail;

public class Testcase1 {
    @Test(timeout = 2000)
    public void testCorruptHeader() throws Exception {
        File file = FileUtil.file(System.getProperty("user.dir"), "src/test/resources/loop.rar");
        File destFile = File.createTempFile("temp", null).getParentFile();

        try {
            Archive archive = new Archive(file);
            new ExtractArchive().extractArchive(file, destFile);
            fail("the test fail");
        } catch (Exception e) {
            validateThrow(e);
        }
    }

    public void validateThrow(Throwable e) {
        assertTrue(e instanceof RarException && ((RarException)e).getType() == RarExceptionType.crcError);
    }
}
```
[96m[RepairModule] Wrote modified code to /PoCAdaptation/exploit/result/CVE-2022-23596/1.0.1/exploit/src/test/java/edu/vision/se/Testcase1.java[0m
[96m[Executor] Executing exploit for CVE-2022-23596 on version 1.0.1...[0m
[96m[Verifier] Verifying reproduction...[0m
[92m[Verifier] âœ“ Behavior matched: 'org.junit.runners.model.TestTimedOutException'[0m
[92m[Verifier] âœ“ Detail matched: 'test timed out after'[0m
[92m[Verifier] âœ“ All reproduction indicators matched.[0m
[92m[Executor] Reproduction result: Success[0m
[92m[RepairModule] Repair success![0m
[92m[RepairModule] Repair success with no diff![0m
[96m[Adapter] Test code repair attempted.[0m
[96m[Executor] Executing exploit for CVE-2022-23596 on version 1.0.1...[0m
[96m[Verifier] Verifying reproduction...[0m
[92m[Verifier] âœ“ Behavior matched: 'org.junit.runners.model.TestTimedOutException'[0m
[92m[Verifier] âœ“ Detail matched: 'test timed out after'[0m
[92m[Verifier] âœ“ All reproduction indicators matched.[0m
[92m[Executor] Reproduction result: Success[0m
[92m[Adapter] Adaptation from 2.0.0 to 1.0.1 successful.[0m
[Adapt] âœ“ Completed: True
[96m[Adapter] Adaptation complete. Retesting exploit on 1.0.1...[0m
[92m[Executor] Adaptation + reproduction successful on 1.0.1[0m
[96m[Adapter] Copied successful adaptation to /PoCAdaptation/exploit/valid/CVE-2022-23596/1.0.1[0m
[96m[Selector] Nearest need adapatation version selected: 1.0.0[0m
[96m[Selector] Closest reproduced version: 1.0.1 at index 2[0m
[96m[Adapter] Trying next closest version: 1.0.0[0m
[96m[Preparer] Using exploit from valid: /PoCAdaptation/exploit/valid/CVE-2022-23596/1.0.1/exploit[0m
[92m[Preparer] Copied exploit to: /PoCAdaptation/exploit/pending/CVE-2022-23596/1.0.0/exploit[0m
[96m[Preparer] Updating dependency version to 1.0.0 in /PoCAdaptation/exploit/pending/CVE-2022-23596/1.0.0/exploit/pom.xml[0m
[92m[Preparer] Updated dependency version to 1.0.0 in /PoCAdaptation/exploit/pending/CVE-2022-23596/1.0.0/exploit/pom.xml[0m
[96m[Executor] Attempting direct exploit execution on 1.0.0...[0m
[96m[Executor] Executing exploit for CVE-2022-23596 on version 1.0.0...[0m
[96m[Verifier] Verifying reproduction...[0m
[92m[Verifier] âœ“ Behavior matched: 'org.junit.runners.model.TestTimedOutException'[0m
[92m[Verifier] âœ“ Detail matched: 'test timed out after'[0m
[92m[Verifier] âœ“ All reproduction indicators matched.[0m
[92m[Executor] Reproduction result: Success[0m
[92m[Executor] Direct reproduction successful on 1.0.0[0m
[96m[Adapter] Copied successful adaptation to /PoCAdaptation/exploit/valid/CVE-2022-23596/1.0.0[0m
[96m[Selector] Nearest need adapatation version selected: 0.7[0m
[96m[Selector] Closest reproduced version: 1.0.0 at index 1[0m
[96m[Adapter] Trying next closest version: 0.7[0m
[96m[Preparer] Using exploit from valid: /PoCAdaptation/exploit/valid/CVE-2022-23596/1.0.0/exploit[0m
[92m[Preparer] Copied exploit to: /PoCAdaptation/exploit/pending/CVE-2022-23596/0.7/exploit[0m
[96m[Preparer] Updating dependency version to 0.7 in /PoCAdaptation/exploit/pending/CVE-2022-23596/0.7/exploit/pom.xml[0m
[92m[Preparer] Updated dependency version to 0.7 in /PoCAdaptation/exploit/pending/CVE-2022-23596/0.7/exploit/pom.xml[0m
[96m[Executor] Attempting direct exploit execution on 0.7...[0m
[96m[Executor] Executing exploit for CVE-2022-23596 on version 0.7...[0m
[96m[Verifier] Verifying reproduction...[0m
[92m[Verifier] âœ“ Behavior matched: 'org.junit.runners.model.TestTimedOutException'[0m
[92m[Verifier] âœ“ Detail matched: 'test timed out after'[0m
[92m[Verifier] âœ“ All reproduction indicators matched.[0m
[92m[Executor] Reproduction result: Success[0m
[92m[Executor] Direct reproduction successful on 0.7[0m
[96m[Adapter] Copied successful adaptation to /PoCAdaptation/exploit/valid/CVE-2022-23596/0.7[0m
[93m[Selector] No pending versions available.[0m
[91m[Main] No suitable version found for further adaptation. Stopping.[0m
[1m[Main] === Adaptation process complete ===[0m
[92m[Main] Total reproduced versions: 15[0m
