[1m[Main] === Starting adaptation process for CVE-2019-10219 ===[0m
[96m[Processor] Fetching all available Maven versions...[0m
[96m[Analyzer] Loading cached versions from: /PoCAdaptation/library/org_hibernate_validator_hibernate-validator.txt[0m
[96m[Analyzer] org.hibernate.validator:hibernate-validator has 79 versions (cached).[0m
[96m[Processor] Identifying versions with successful reproduction...[0m
[96m[Processor] Pending versions: ['6.0.0.Alpha1', '6.0.0.Alpha2', '6.0.0.Beta1', '6.0.0.Beta2', '6.0.0.CR1', '6.0.0.CR2', '6.0.0.CR3', '6.0.0.Final', '6.0.1.Final', '6.0.2.Final', '6.0.3.Final', '6.0.4.Final'][0m
[96m[Preparer] Pending directory already exists: /PoCAdaptation/exploit/pending/CVE-2019-10219[0m
[92m[Main] Total affected versions: 31[0m
[92m[Main] Already reproduced versions: 19[0m
[93m[Main] Versions pending adaptation: 12[0m
[96m[Main]     -> ['6.0.0.Alpha1', '6.0.0.Alpha2', '6.0.0.Beta1', '6.0.0.Beta2', '6.0.0.CR1', '6.0.0.CR2', '6.0.0.CR3', '6.0.0.Final', '6.0.1.Final', '6.0.2.Final', '6.0.3.Final', '6.0.4.Final'][0m
[96m[Main]     -> ['6.0.5.Final', '6.0.6.Final', '6.0.7.Final', '6.0.8.Final', '6.0.9.Final', '6.0.10.Final', '6.0.11.Final', '6.0.12.Final', '6.0.13.Final', '6.0.14.Final', '6.0.15.Final', '6.0.16.Final', '6.0.17.Final', '6.1.0.Alpha1', '6.1.0.Alpha2', '6.1.0.Alpha3', '6.1.0.Alpha4', '6.1.0.Alpha5', '6.1.0.Alpha6'][0m
[96m[Executor] Running initial exploit mvn test in /PoCAdaptation/exploit/origin/CVE-2019-10219/exploit[0m
[91m[Executor] Initial exploit execution finished with return code 1[0m
[96m[Verifier] Verifying reproduction...[0m
[92m[Verifier] âœ“ Behavior matched: 'java.lang.AssertionError'[0m
[92m[Verifier] âœ“ Detail matched: 'org.junit.Assert.fail'[0m
[92m[Verifier] âœ“ All reproduction indicators matched.[0m
[92m[Verifier] Initial exploit behavior verified successfully.[0m
[96m[Selector] Nearest need adapatation version selected: 6.0.4.Final[0m
[96m[Selector] Closest reproduced version: 6.0.5.Final at index 12[0m
[96m[Adapter] Trying next closest version: 6.0.4.Final[0m
[93m[Preparer] No usable exploit dirs found under /PoCAdaptation/exploit/valid/CVE-2019-10219[0m
[92m[Preparer] Copied exploit to: /PoCAdaptation/exploit/pending/CVE-2019-10219/6.0.4.Final/exploit[0m
[96m[Preparer] Updating dependency version to 6.0.4.Final in /PoCAdaptation/exploit/pending/CVE-2019-10219/6.0.4.Final/exploit/pom.xml[0m
[92m[Preparer] Updated dependency version to 6.0.4.Final in /PoCAdaptation/exploit/pending/CVE-2019-10219/6.0.4.Final/exploit/pom.xml[0m
[96m[Executor] Attempting direct exploit execution on 6.0.4.Final...[0m
[96m[Executor] Executing exploit for CVE-2019-10219 on version 6.0.4.Final...[0m
[96m[Verifier] Verifying reproduction...[0m
[91m[Verifier] âœ— Behavior not found: 'java.lang.AssertionError'[0m
[91m[Executor] Reproduction result: Failure[0m
[96m[Adapter] Attempting adaptation from base version 6.0.5.Final to 6.0.4.Final...[0m
[96m[Adapter] Start adapting exploit from 6.0.5.Final to 6.0.4.Final"[0m
[96m[Executor] Executing exploit for CVE-2019-10219 on version 6.0.4.Final...[0m
[96m[Verifier] Verifying reproduction...[0m
[91m[Verifier] âœ— Behavior not found: 'java.lang.AssertionError'[0m
[91m[Executor] Reproduction result: Failure[0m
[96m[ErrorManager] Ignoring line: [ERROR] Failed to execute goal org.apache.maven.plugins:maven-compiler-plugin:3.1:testCompile (default-testCompile) on project CVE-2019-10219: Compilation failure: Compilation failure:[0m
[92m[ErrorManager] Processing line: [ERROR] /PoCAdaptation/exploit/result/CVE-2019-10219/6.0.4.Final/exploit/src/test/java/edu/vision/se/Testcase1.java:[7,56] cannot find symbol[0m
[92m[ErrorManager] Processing line: [ERROR]   symbol:   class ConstraintAnnotationDescriptor[0m
[92m[ErrorManager] Processing line: [ERROR]   location: package org.hibernate.validator.internal.util.annotation[0m
[92m[ErrorManager] Processing line: [ERROR] /PoCAdaptation/exploit/result/CVE-2019-10219/6.0.4.Final/exploit/src/test/java/edu/vision/se/Testcase1.java:[14,43] package ConstraintAnnotationDescriptor does not exist[0m
[92m[ErrorManager] Processing line: [ERROR] /PoCAdaptation/exploit/result/CVE-2019-10219/6.0.4.Final/exploit/src/test/java/edu/vision/se/Testcase1.java:[28,63] package ConstraintAnnotationDescriptor does not exist[0m
[92m[ErrorManager] Processing line: [ERROR] /PoCAdaptation/exploit/result/CVE-2019-10219/6.0.4.Final/exploit/src/test/java/edu/vision/se/Testcase1.java:[36,63] package ConstraintAnnotationDescriptor does not exist[0m
[92m[ErrorManager] Processing line: [ERROR] /PoCAdaptation/exploit/result/CVE-2019-10219/6.0.4.Final/exploit/src/test/java/edu/vision/se/Testcase1.java:[44,63] package ConstraintAnnotationDescriptor does not exist[0m
[92m[ErrorManager] Processing line: [ERROR] /PoCAdaptation/exploit/result/CVE-2019-10219/6.0.4.Final/exploit/src/test/java/edu/vision/se/Testcase1.java:[52,63] package ConstraintAnnotationDescriptor does not exist[0m
[92m[ErrorManager] Processing line: [ERROR] /PoCAdaptation/exploit/result/CVE-2019-10219/6.0.4.Final/exploit/src/test/java/edu/vision/se/Testcase1.java:[60,63] package ConstraintAnnotationDescriptor does not exist[0m
[96m[ErrorManager] Ignoring line: [ERROR] -> [Help 1][0m
[96m[ErrorManager] Ignoring line: [ERROR][0m
[96m[ErrorManager] Ignoring line: [ERROR] To see the full stack trace of the errors, re-run Maven with the -e switch.[0m
[96m[ErrorManager] Ignoring line: [ERROR] Re-run Maven using the -X switch to enable full debug logging.[0m
[96m[ErrorManager] Ignoring line: [ERROR][0m
[96m[ErrorManager] Ignoring line: [ERROR] For more information about the errors and possible solutions, please read the following articles:[0m
[96m[ErrorManager] Ignoring line: [ERROR] [Help 1] http://cwiki.apache.org/confluence/display/MAVEN/MojoFailureException[0m
[96m[Adapter] Locating fix position in error log.[0m
[LLMClient] Tokens used: 2107 (prompt), 1 (completion), 2108 (total)
[LLMClient] Prompt: 
You are given a Java error log when executing 'mvn test' in a project with dependency version 6.0.4.Final:org.hibernate.validator:hibernate-validator.
This test file compiles and runs successfully with version 6.0.5.Final.

Your task is to:
1. Analyze why this issue occurs with the *6.0.5.Final* but not with the *6.0.4.Final version*.
2. Consider how to resolve the issue **without updating this library**.
3. Determine and output the location in the project that should be modified to fix the problem.

Please return 'pom' if the fix is in the pom.xml file, or 'test' if the fix is in the test code.
Do not return any other text, just 'pom' or 'test'.

The error log is:
[INFO] Scanning for projects...
[INFO] 
[INFO] --------------------< edu.vision.se:CVE-2019-10219 >--------------------
[INFO] Building CVE-2019-10219 1.0-SNAPSHOT
[INFO]   from pom.xml
[INFO] --------------------------------[ jar ]---------------------------------
[INFO] 
[INFO] --- maven-clean-plugin:2.5:clean (default-clean) @ CVE-2019-10219 ---
[INFO] Deleting /PoCAdaptation/exploit/result/CVE-2019-10219/6.0.4.Final/exploit/target
[INFO] 
[INFO] --- maven-resources-plugin:2.6:resources (default-resources) @ CVE-2019-10219 ---
[INFO] Using 'UTF-8' encoding to copy filtered resources.
[INFO] skip non existing resourceDirectory /PoCAdaptation/exploit/result/CVE-2019-10219/6.0.4.Final/exploit/src/main/resources
[INFO] 
[INFO] --- maven-compiler-plugin:3.1:compile (default-compile) @ CVE-2019-10219 ---
[INFO] No sources to compile
[INFO] 
[INFO] --- maven-resources-plugin:2.6:testResources (default-testResources) @ CVE-2019-10219 ---
[INFO] Using 'UTF-8' encoding to copy filtered resources.
[INFO] skip non existing resourceDirectory /PoCAdaptation/exploit/result/CVE-2019-10219/6.0.4.Final/exploit/src/test/resources
[INFO] 
[INFO] --- maven-compiler-plugin:3.1:testCompile (default-testCompile) @ CVE-2019-10219 ---
[INFO] Changes detected - recompiling the module!
[INFO] Compiling 1 source file to /PoCAdaptation/exploit/result/CVE-2019-10219/6.0.4.Final/exploit/target/test-classes
[INFO] -------------------------------------------------------------
[ERROR] COMPILATION ERROR : 
[INFO] -------------------------------------------------------------
[ERROR] /PoCAdaptation/exploit/result/CVE-2019-10219/6.0.4.Final/exploit/src/test/java/edu/vision/se/Testcase1.java:[7,56] cannot find symbol
  symbol:   class ConstraintAnnotationDescriptor
  location: package org.hibernate.validator.internal.util.annotation
[ERROR] /PoCAdaptation/exploit/result/CVE-2019-10219/6.0.4.Final/exploit/src/test/java/edu/vision/se/Testcase1.java:[14,43] package ConstraintAnnotationDescriptor does not exist
[ERROR] /PoCAdaptation/exploit/result/CVE-2019-10219/6.0.4.Final/exploit/src/test/java/edu/vision/se/Testcase1.java:[28,63] package ConstraintAnnotationDescriptor does not exist
[ERROR] /PoCAdaptation/exploit/result/CVE-2019-10219/6.0.4.Final/exploit/src/test/java/edu/vision/se/Testcase1.java:[36,63] package ConstraintAnnotationDescriptor does not exist
[ERROR] /PoCAdaptation/exploit/result/CVE-2019-10219/6.0.4.Final/exploit/src/test/java/edu/vision/se/Testcase1.java:[44,63] package ConstraintAnnotationDescriptor does not exist
[ERROR] /PoCAdaptation/exploit/result/CVE-2019-10219/6.0.4.Final/exploit/src/test/java/edu/vision/se/Testcase1.java:[52,63] package ConstraintAnnotationDescriptor does not exist
[ERROR] /PoCAdaptation/exploit/result/CVE-2019-10219/6.0.4.Final/exploit/src/test/java/edu/vision/se/Testcase1.java:[60,63] package ConstraintAnnotationDescriptor does not exist
[INFO] 7 errors 
[INFO] -------------------------------------------------------------
[INFO] ------------------------------------------------------------------------
[INFO] BUILD FAILURE
[INFO] ------------------------------------------------------------------------
[INFO] Total time:  0.870 s
[INFO] Finished at: 2025-07-11T03:40:42Z
[INFO] ------------------------------------------------------------------------
[ERROR] Failed to execute goal org.apache.maven.plugins:maven-compiler-plugin:3.1:testCompile (default-testCompile) on project CVE-2019-10219: Compilation failure: Compilation failure: 
[ERROR] /PoCAdaptation/exploit/result/CVE-2019-10219/6.0.4.Final/exploit/src/test/java/edu/vision/se/Testcase1.java:[7,56] cannot find symbol
[ERROR]   symbol:   class ConstraintAnnotationDescriptor
[ERROR]   location: package org.hibernate.validator.internal.util.annotation
[ERROR] /PoCAdaptation/exploit/result/CVE-2019-10219/6.0.4.Final/exploit/src/test/java/edu/vision/se/Testcase1.java:[14,43] package ConstraintAnnotationDescriptor does not exist
[ERROR] /PoCAdaptation/exploit/result/CVE-2019-10219/6.0.4.Final/exploit/src/test/java/edu/vision/se/Testcase1.java:[28,63] package ConstraintAnnotationDescriptor does not exist
[ERROR] /PoCAdaptation/exploit/result/CVE-2019-10219/6.0.4.Final/exploit/src/test/java/edu/vision/se/Testcase1.java:[36,63] package ConstraintAnnotationDescriptor does not exist
[ERROR] /PoCAdaptation/exploit/result/CVE-2019-10219/6.0.4.Final/exploit/src/test/java/edu/vision/se/Testcase1.java:[44,63] package ConstraintAnnotationDescriptor does not exist
[ERROR] /PoCAdaptation/exploit/result/CVE-2019-10219/6.0.4.Final/exploit/src/test/java/edu/vision/se/Testcase1.java:[52,63] package ConstraintAnnotationDescriptor does not exist
[ERROR] /PoCAdaptation/exploit/result/CVE-2019-10219/6.0.4.Final/exploit/src/test/java/edu/vision/se/Testcase1.java:[60,63] package ConstraintAnnotationDescriptor does not exist
[ERROR] -> [Help 1]
[ERROR] 
[ERROR] To see the full stack trace of the errors, re-run Maven with the -e switch.
[ERROR] Re-run Maven using the -X switch to enable full debug logging.
[ERROR] 
[ERROR] For more information about the errors and possible solutions, please read the following articles:
[ERROR] [Help 1] http://cwiki.apache.org/confluence/display/MAVEN/MojoFailureException


current_pom file is:<?xml version='1.0' encoding='utf-8'?>
<project xmlns="http://maven.apache.org/POM/4.0.0" xmlns:xsi="http://www.w3.org/2001/XMLSchema-instance" xsi:schemaLocation="http://maven.apache.org/POM/4.0.0 http://maven.apache.org/xsd/maven-4.0.0.xsd">
    <groupId>edu.vision.se</groupId><version>1.0-SNAPSHOT</version><modelVersion>4.0.0</modelVersion>
    <artifactId>CVE-2019-10219</artifactId>

    <properties>
        <maven.compiler.source>11</maven.compiler.source>
        <maven.compiler.target>11</maven.compiler.target>
        <project.build.sourceEncoding>UTF-8</project.build.sourceEncoding>
    </properties>

    <dependencies>
        
        <dependency>
            <groupId>org.hibernate.validator</groupId>
            <artifactId>hibernate-validator</artifactId>
            <version>6.0.4.Final</version>
        </dependency>

        
        <dependency>
            <groupId>org.jsoup</groupId>
            <artifactId>jsoup</artifactId>
            <version>1.8.3</version>
        </dependency>

    <dependency><groupId>junit</groupId><artifactId>junit</artifactId><version>4.13.2</version></dependency>
    </dependencies>

</project>
[LLMClient] Response: 
test
[96m[Adapter] LLM response for fix position: test[0m
[LLMClient] Tokens used: 148 (prompt), 12 (completion), 160 (total)
[LLMClient] Prompt: 
You are given an error log when executing 'mvn test' in version 6.0.4.Final: 

Error: cannot find symbol, class ConstraintAnnotationDescriptor, package org.hibernate.validator.internal.util.annotation 

The test executes as expected in 6.0.5.Final 

Error code: import org.hibernate.validator.internal.util.annotation.ConstraintAnnotationDescriptor; 

Extract two key *entities* from the error for searching related diffs 

The extracted entities should reflect code-level identifiers that are likely to appear in source code or diffs. 

Output each node as a `;`-separated list, with no explanations. 


[LLMClient] Response: 
org.hibernate.validator.internal.util.annotation;ConstraintAnnotationDescriptor
[96m[ErrorManager] Extracted key entities: ['org.hibernate.validator.internal.util.annotation', 'ConstraintAnnotationDescriptor'][0m
[96m[Adapter] Try to solve error: {'file': '/PoCAdaptation/exploit/result/CVE-2019-10219/6.0.4.Final/exploit/src/test/java/edu/vision/se/Testcase1.java', 'line': 7, 'column': 56, 'message': 'cannot find symbol', 'symbol': 'class ConstraintAnnotationDescriptor', 'location': 'package org.hibernate.validator.internal.util.annotation', 'code_line': 'import org.hibernate.validator.internal.util.annotation.ConstraintAnnotationDescriptor;'} with cause: ['org.hibernate.validator.internal.util.annotation', 'ConstraintAnnotationDescriptor'][0m
[96m[Adapter] Related diffs for error: [(269, 8.0), (364, 8.0), (379, 8.0), (544, 8.0), (548, 8.0)][0m
[96m[Adapter] Fix position is in test code.[0m
[96m[RepairModule] Start repair for group: cannot find symbol | class ConstraintAnnotationDescriptor cause: ['org.hibernate.validator.internal.util.annotation', 'ConstraintAnnotationDescriptor'][0m
[96m[RepairModule] Trying best diff #269 with score 8.00[0m
[LLMClient] Tokens used: 1126 (prompt), 674 (completion), 1800 (total)
[LLMClient] Prompt: 
You are given a Java test file with compilation errors in version 6.0.4.Final:org.hibernate.validator:hibernate-validator.
This test file compiles and runs successfully in 6.0.5.Final.

The diff is related to the diff.
Your task has three steps:
 1. Locate the code where the compilation error occurs.
 2. Analyze the diff from 6.0.5.Final to 6.0.4.Final.
 3. Fix the error in the error position only when diff is helpful. Add import statement when needed according to the diff. 

Only output the modified version of the test file according to the diff. No explanations. If mocking, access fields via reflection if they exist.
### Compilation Errors:
message: cannot find symbol, symble: class ConstraintAnnotationDescriptor, location: package org.hibernate.validator.internal.util.annotation

### Error Position:
import org.hibernate.validator.internal.util.annotation.ConstraintAnnotationDescriptor;

### Related Diff:
Operation: MODIFIED, File: engine/src/main/java/org/hibernate/validator/internal/engine/constraintvalidation/ConstraintValidatorManager.java, Hunk: @@ -17,16 +18,19 @@
 import java.util.Map.Entry;
 import java.util.concurrent.ConcurrentHashMap;

-import javax.validation.ConstraintDeclarationException;
 import javax.validation.ConstraintValidator;
 import javax.validation.ConstraintValidatorContext;
 import javax.validation.ConstraintValidatorFactory;
 import javax.validation.constraints.Null;
 import javax.validation.metadata.ConstraintDescriptor;

-import org.hibernate.validator.constraintvalidation.HibernateConstraintValidator;
-import org.hibernate.validator.constraintvalidation.HibernateConstraintValidatorInitializationContext;
 import org.hibernate.validator.internal.metadata.descriptor.ConstraintDescriptorImpl;
 import org.hibernate.validator.internal.util.Contracts;
 import org.hibernate.validator.internal.util.TypeHelper;
+import org.hibernate.validator.internal.util.annotation.AnnotationDescriptor;
-import org.hibernate.validator.internal.util.annotation.ConstraintAnnotationDescriptor;
 import org.hibernate.validator.internal.util.logging.Log;
 import org.hibernate.validator.internal.util.logging.LoggerFactory;

### Test File Content:
package edu.vision.se;

import org.hibernate.validator.constraints.SafeHtml;
import org.hibernate.validator.constraints.SafeHtml.WhiteListType;
import org.hibernate.validator.internal.constraintvalidators.hv.SafeHtmlValidator;
import org.junit.Test;
import org.hibernate.validator.internal.util.annotation.ConstraintAnnotationDescriptor;
import static org.junit.Assert.assertFalse;
import org.jsoup.safety.Whitelist;  // è§£å†³ 10ClassNotFound é—®é¢˜


public class Testcase1 {

    private ConstraintAnnotationDescriptor.Builder<SafeHtml> descriptorBuilder;

    private SafeHtmlValidator getSafeHtmlValidator() {
        SafeHtml p = descriptorBuilder.build().getAnnotation();
        SafeHtmlValidator validator = new SafeHtmlValidator();
        validator.initialize( p );
        return validator;
    }

    @Test
    // A "downlevel revealed" conditional 'comment' is not an (X)HTML comment at all,
    // despite the misleading name, it is default Microsoft syntax.
    // The tag is unrecognized by therefore executed
    public void testDownlevelRevealedConditionalComment() throws Exception {
        descriptorBuilder = new ConstraintAnnotationDescriptor.Builder<>( SafeHtml.class );
        descriptorBuilder.setAttribute("whitelistType", WhiteListType.BASIC);

        assertFalse( getSafeHtmlValidator().isValid( "<![if !IE]>\n<SCRIPT>alert{'XSS'};</SCRIPT>\n<![endif]>", null ) );
    }

    @Test
    public void testDownlevelHiddenConditionalComment() throws Exception {
        descriptorBuilder = new ConstraintAnnotationDescriptor.Builder<>( SafeHtml.class );
        descriptorBuilder.setAttribute( "whitelistType", WhiteListType.BASIC );

        assertFalse( getSafeHtmlValidator().isValid( "<!--[if gte IE 4]>\n<SCRIPT>alert{'XSS'};</SCRIPT>\n<![endif]-->", null ) );
    }

    @Test
    public void testSimpleComment() throws Exception {
        descriptorBuilder = new ConstraintAnnotationDescriptor.Builder<>( SafeHtml.class );
        descriptorBuilder.setAttribute( "whitelistType", WhiteListType.BASIC );

        assertFalse( getSafeHtmlValidator().isValid( "<!-- Just a comment -->", null ) );
    }

    @Test
    public void testServerSideIncludesSSI() throws Exception {
        descriptorBuilder = new ConstraintAnnotationDescriptor.Builder<>( SafeHtml.class );
        descriptorBuilder.setAttribute( "whitelistType", WhiteListType.BASIC );

        assertFalse( getSafeHtmlValidator().isValid( "<? echo{'<SCR}'; echo{'IPT>alert{\"XSS\"}</SCRIPT>'}; ?>", null ) );
    }

    @Test
    public void testPHPScript() throws Exception {
        descriptorBuilder = new ConstraintAnnotationDescriptor.Builder<>( SafeHtml.class );
        descriptorBuilder.setAttribute( "whitelistType", WhiteListType.BASIC );

        assertFalse( getSafeHtmlValidator().isValid( "<? echo{'<SCR}'; echo{'IPT>alert{\"XSS\"}</SCRIPT>'}; ?>", null ) );
    }
}


[LLMClient] Response: 
Here's the modified version of the test file with the fix based on the diff:

```java
package edu.vision.se;

import org.hibernate.validator.constraints.SafeHtml;
import org.hibernate.validator.constraints.SafeHtml.WhiteListType;
import org.hibernate.validator.internal.constraintvalidators.hv.SafeHtmlValidator;
import org.junit.Test;
import org.hibernate.validator.internal.util.annotation.AnnotationDescriptor;
import static org.junit.Assert.assertFalse;
import org.jsoup.safety.Whitelist;  // è§£å†³ 10ClassNotFound é—®é¢˜


public class Testcase1 {

    private AnnotationDescriptor.Builder<SafeHtml> descriptorBuilder;

    private SafeHtmlValidator getSafeHtmlValidator() {
        SafeHtml p = descriptorBuilder.build().getAnnotation();
        SafeHtmlValidator validator = new SafeHtmlValidator();
        validator.initialize( p );
        return validator;
    }

    @Test
    // A "downlevel revealed" conditional 'comment' is not an (X)HTML comment at all,
    // despite the misleading name, it is default Microsoft syntax.
    // The tag is unrecognized by therefore executed
    public void testDownlevelRevealedConditionalComment() throws Exception {
        descriptorBuilder = new AnnotationDescriptor.Builder<>( SafeHtml.class );
        descriptorBuilder.setAttribute("whitelistType", WhiteListType.BASIC);

        assertFalse( getSafeHtmlValidator().isValid( "<![if !IE]>\n<SCRIPT>alert{'XSS'};</SCRIPT>\n<![endif]>", null ) );
    }

    @Test
    public void testDownlevelHiddenConditionalComment() throws Exception {
        descriptorBuilder = new AnnotationDescriptor.Builder<>( SafeHtml.class );
        descriptorBuilder.setAttribute( "whitelistType", WhiteListType.BASIC );

        assertFalse( getSafeHtmlValidator().isValid( "<!--[if gte IE 4]>\n<SCRIPT>alert{'XSS'};</SCRIPT>\n<![endif]-->", null ) );
    }

    @Test
    public void testSimpleComment() throws Exception {
        descriptorBuilder = new AnnotationDescriptor.Builder<>( SafeHtml.class );
        descriptorBuilder.setAttribute( "whitelistType", WhiteListType.BASIC );

        assertFalse( getSafeHtmlValidator().isValid( "<!-- Just a comment -->", null ) );
    }

    @Test
    public void testServerSideIncludesSSI() throws Exception {
        descriptorBuilder = new AnnotationDescriptor.Builder<>( SafeHtml.class );
        descriptorBuilder.setAttribute( "whitelistType", WhiteListType.BASIC );

        assertFalse( getSafeHtmlValidator().isValid( "<? echo{'<SCR}'; echo{'IPT>alert{\"XSS\"}</SCRIPT>'}; ?>", null ) );
    }

    @Test
    public void testPHPScript() throws Exception {
        descriptorBuilder = new AnnotationDescriptor.Builder<>( SafeHtml.class );
        descriptorBuilder.setAttribute( "whitelistType", WhiteListType.BASIC );

        assertFalse( getSafeHtmlValidator().isValid( "<? echo{'<SCR}'; echo{'IPT>alert{\"XSS\"}</SCRIPT>'}; ?>", null ) );
    }
}
```
[96m[RepairModule] Wrote modified code to /PoCAdaptation/exploit/result/CVE-2019-10219/6.0.4.Final/exploit/src/test/java/edu/vision/se/Testcase1.java[0m
[96m[Executor] Executing exploit for CVE-2019-10219 on version 6.0.4.Final...[0m
[96m[Verifier] Verifying reproduction...[0m
[92m[Verifier] âœ“ Behavior matched: 'java.lang.AssertionError'[0m
[92m[Verifier] âœ“ Detail matched: 'org.junit.Assert.fail'[0m
[92m[Verifier] âœ“ All reproduction indicators matched.[0m
[92m[Executor] Reproduction result: Success[0m
[92m[RepairModule] Repair success![0m
[92m[RepairModule] Repair success with best diff![0m
[96m[Adapter] Test code repair attempted.[0m
[96m[Executor] Executing exploit for CVE-2019-10219 on version 6.0.4.Final...[0m
[96m[Verifier] Verifying reproduction...[0m
[92m[Verifier] âœ“ Behavior matched: 'java.lang.AssertionError'[0m
[92m[Verifier] âœ“ Detail matched: 'org.junit.Assert.fail'[0m
[92m[Verifier] âœ“ All reproduction indicators matched.[0m
[92m[Executor] Reproduction result: Success[0m
[92m[Adapter] Adaptation from 6.0.5.Final to 6.0.4.Final successful.[0m
[Adapt] âœ“ Completed: True
[96m[Adapter] Adaptation complete. Retesting exploit on 6.0.4.Final...[0m
[92m[Executor] Adaptation + reproduction successful on 6.0.4.Final[0m
[96m[Adapter] Copied successful adaptation to /PoCAdaptation/exploit/valid/CVE-2019-10219/6.0.4.Final[0m
[96m[Selector] Nearest need adapatation version selected: 6.0.3.Final[0m
[96m[Selector] Closest reproduced version: 6.0.4.Final at index 11[0m
[96m[Adapter] Trying next closest version: 6.0.3.Final[0m
[96m[Preparer] Using exploit from valid: /PoCAdaptation/exploit/valid/CVE-2019-10219/6.0.4.Final/exploit[0m
[92m[Preparer] Copied exploit to: /PoCAdaptation/exploit/pending/CVE-2019-10219/6.0.3.Final/exploit[0m
[96m[Preparer] Updating dependency version to 6.0.3.Final in /PoCAdaptation/exploit/pending/CVE-2019-10219/6.0.3.Final/exploit/pom.xml[0m
[92m[Preparer] Updated dependency version to 6.0.3.Final in /PoCAdaptation/exploit/pending/CVE-2019-10219/6.0.3.Final/exploit/pom.xml[0m
[96m[Executor] Attempting direct exploit execution on 6.0.3.Final...[0m
[96m[Executor] Executing exploit for CVE-2019-10219 on version 6.0.3.Final...[0m
[96m[Verifier] Verifying reproduction...[0m
[91m[Verifier] âœ— Behavior not found: 'java.lang.AssertionError'[0m
[91m[Executor] Reproduction result: Failure[0m
[96m[Adapter] Attempting adaptation from base version 6.0.4.Final to 6.0.3.Final...[0m
[96m[Adapter] Start adapting exploit from 6.0.4.Final to 6.0.3.Final"[0m
[96m[Executor] Executing exploit for CVE-2019-10219 on version 6.0.3.Final...[0m
[96m[Verifier] Verifying reproduction...[0m
[91m[Verifier] âœ— Behavior not found: 'java.lang.AssertionError'[0m
[91m[Executor] Reproduction result: Failure[0m
[96m[ErrorManager] Ignoring line: [ERROR] Failed to execute goal org.apache.maven.plugins:maven-compiler-plugin:3.1:testCompile (default-testCompile) on project CVE-2019-10219: Compilation failure: Compilation failure:[0m
[92m[ErrorManager] Processing line: [ERROR] /PoCAdaptation/exploit/result/CVE-2019-10219/6.0.3.Final/exploit/src/test/java/edu/vision/se/Testcase1.java:[7,56] package org.hibernate.validator.internal.util.annotation does not exist[0m
[92m[ErrorManager] Processing line: [ERROR] /PoCAdaptation/exploit/result/CVE-2019-10219/6.0.3.Final/exploit/src/test/java/edu/vision/se/Testcase1.java:[14,33] package AnnotationDescriptor does not exist[0m
[92m[ErrorManager] Processing line: [ERROR] /PoCAdaptation/exploit/result/CVE-2019-10219/6.0.3.Final/exploit/src/test/java/edu/vision/se/Testcase1.java:[28,53] package AnnotationDescriptor does not exist[0m
[92m[ErrorManager] Processing line: [ERROR] /PoCAdaptation/exploit/result/CVE-2019-10219/6.0.3.Final/exploit/src/test/java/edu/vision/se/Testcase1.java:[36,53] package AnnotationDescriptor does not exist[0m
[92m[ErrorManager] Processing line: [ERROR] /PoCAdaptation/exploit/result/CVE-2019-10219/6.0.3.Final/exploit/src/test/java/edu/vision/se/Testcase1.java:[44,53] package AnnotationDescriptor does not exist[0m
[92m[ErrorManager] Processing line: [ERROR] /PoCAdaptation/exploit/result/CVE-2019-10219/6.0.3.Final/exploit/src/test/java/edu/vision/se/Testcase1.java:[52,53] package AnnotationDescriptor does not exist[0m
[92m[ErrorManager] Processing line: [ERROR] /PoCAdaptation/exploit/result/CVE-2019-10219/6.0.3.Final/exploit/src/test/java/edu/vision/se/Testcase1.java:[60,53] package AnnotationDescriptor does not exist[0m
[96m[ErrorManager] Ignoring line: [ERROR] -> [Help 1][0m
[96m[ErrorManager] Ignoring line: [ERROR][0m
[96m[ErrorManager] Ignoring line: [ERROR] To see the full stack trace of the errors, re-run Maven with the -e switch.[0m
[96m[ErrorManager] Ignoring line: [ERROR] Re-run Maven using the -X switch to enable full debug logging.[0m
[96m[ErrorManager] Ignoring line: [ERROR][0m
[96m[ErrorManager] Ignoring line: [ERROR] For more information about the errors and possible solutions, please read the following articles:[0m
[96m[ErrorManager] Ignoring line: [ERROR] [Help 1] http://cwiki.apache.org/confluence/display/MAVEN/MojoFailureException[0m
[96m[Adapter] Locating fix position in error log.[0m
[LLMClient] Tokens used: 2049 (prompt), 1 (completion), 2050 (total)
[LLMClient] Prompt: 
You are given a Java error log when executing 'mvn test' in a project with dependency version 6.0.3.Final:org.hibernate.validator:hibernate-validator.
This test file compiles and runs successfully with version 6.0.4.Final.

Your task is to:
1. Analyze why this issue occurs with the *6.0.4.Final* but not with the *6.0.3.Final version*.
2. Consider how to resolve the issue **without updating this library**.
3. Determine and output the location in the project that should be modified to fix the problem.

Please return 'pom' if the fix is in the pom.xml file, or 'test' if the fix is in the test code.
Do not return any other text, just 'pom' or 'test'.

The error log is:
[INFO] Scanning for projects...
[INFO] 
[INFO] --------------------< edu.vision.se:CVE-2019-10219 >--------------------
[INFO] Building CVE-2019-10219 1.0-SNAPSHOT
[INFO]   from pom.xml
[INFO] --------------------------------[ jar ]---------------------------------
[INFO] 
[INFO] --- maven-clean-plugin:2.5:clean (default-clean) @ CVE-2019-10219 ---
[INFO] Deleting /PoCAdaptation/exploit/result/CVE-2019-10219/6.0.3.Final/exploit/target
[INFO] 
[INFO] --- maven-resources-plugin:2.6:resources (default-resources) @ CVE-2019-10219 ---
[INFO] Using 'UTF-8' encoding to copy filtered resources.
[INFO] skip non existing resourceDirectory /PoCAdaptation/exploit/result/CVE-2019-10219/6.0.3.Final/exploit/src/main/resources
[INFO] 
[INFO] --- maven-compiler-plugin:3.1:compile (default-compile) @ CVE-2019-10219 ---
[INFO] No sources to compile
[INFO] 
[INFO] --- maven-resources-plugin:2.6:testResources (default-testResources) @ CVE-2019-10219 ---
[INFO] Using 'UTF-8' encoding to copy filtered resources.
[INFO] skip non existing resourceDirectory /PoCAdaptation/exploit/result/CVE-2019-10219/6.0.3.Final/exploit/src/test/resources
[INFO] 
[INFO] --- maven-compiler-plugin:3.1:testCompile (default-testCompile) @ CVE-2019-10219 ---
[INFO] Changes detected - recompiling the module!
[INFO] Compiling 1 source file to /PoCAdaptation/exploit/result/CVE-2019-10219/6.0.3.Final/exploit/target/test-classes
[INFO] -------------------------------------------------------------
[ERROR] COMPILATION ERROR : 
[INFO] -------------------------------------------------------------
[ERROR] /PoCAdaptation/exploit/result/CVE-2019-10219/6.0.3.Final/exploit/src/test/java/edu/vision/se/Testcase1.java:[7,56] package org.hibernate.validator.internal.util.annotation does not exist
[ERROR] /PoCAdaptation/exploit/result/CVE-2019-10219/6.0.3.Final/exploit/src/test/java/edu/vision/se/Testcase1.java:[14,33] package AnnotationDescriptor does not exist
[ERROR] /PoCAdaptation/exploit/result/CVE-2019-10219/6.0.3.Final/exploit/src/test/java/edu/vision/se/Testcase1.java:[28,53] package AnnotationDescriptor does not exist
[ERROR] /PoCAdaptation/exploit/result/CVE-2019-10219/6.0.3.Final/exploit/src/test/java/edu/vision/se/Testcase1.java:[36,53] package AnnotationDescriptor does not exist
[ERROR] /PoCAdaptation/exploit/result/CVE-2019-10219/6.0.3.Final/exploit/src/test/java/edu/vision/se/Testcase1.java:[44,53] package AnnotationDescriptor does not exist
[ERROR] /PoCAdaptation/exploit/result/CVE-2019-10219/6.0.3.Final/exploit/src/test/java/edu/vision/se/Testcase1.java:[52,53] package AnnotationDescriptor does not exist
[ERROR] /PoCAdaptation/exploit/result/CVE-2019-10219/6.0.3.Final/exploit/src/test/java/edu/vision/se/Testcase1.java:[60,53] package AnnotationDescriptor does not exist
[INFO] 7 errors 
[INFO] -------------------------------------------------------------
[INFO] ------------------------------------------------------------------------
[INFO] BUILD FAILURE
[INFO] ------------------------------------------------------------------------
[INFO] Total time:  1.084 s
[INFO] Finished at: 2025-07-11T03:41:35Z
[INFO] ------------------------------------------------------------------------
[ERROR] Failed to execute goal org.apache.maven.plugins:maven-compiler-plugin:3.1:testCompile (default-testCompile) on project CVE-2019-10219: Compilation failure: Compilation failure: 
[ERROR] /PoCAdaptation/exploit/result/CVE-2019-10219/6.0.3.Final/exploit/src/test/java/edu/vision/se/Testcase1.java:[7,56] package org.hibernate.validator.internal.util.annotation does not exist
[ERROR] /PoCAdaptation/exploit/result/CVE-2019-10219/6.0.3.Final/exploit/src/test/java/edu/vision/se/Testcase1.java:[14,33] package AnnotationDescriptor does not exist
[ERROR] /PoCAdaptation/exploit/result/CVE-2019-10219/6.0.3.Final/exploit/src/test/java/edu/vision/se/Testcase1.java:[28,53] package AnnotationDescriptor does not exist
[ERROR] /PoCAdaptation/exploit/result/CVE-2019-10219/6.0.3.Final/exploit/src/test/java/edu/vision/se/Testcase1.java:[36,53] package AnnotationDescriptor does not exist
[ERROR] /PoCAdaptation/exploit/result/CVE-2019-10219/6.0.3.Final/exploit/src/test/java/edu/vision/se/Testcase1.java:[44,53] package AnnotationDescriptor does not exist
[ERROR] /PoCAdaptation/exploit/result/CVE-2019-10219/6.0.3.Final/exploit/src/test/java/edu/vision/se/Testcase1.java:[52,53] package AnnotationDescriptor does not exist
[ERROR] /PoCAdaptation/exploit/result/CVE-2019-10219/6.0.3.Final/exploit/src/test/java/edu/vision/se/Testcase1.java:[60,53] package AnnotationDescriptor does not exist
[ERROR] -> [Help 1]
[ERROR] 
[ERROR] To see the full stack trace of the errors, re-run Maven with the -e switch.
[ERROR] Re-run Maven using the -X switch to enable full debug logging.
[ERROR] 
[ERROR] For more information about the errors and possible solutions, please read the following articles:
[ERROR] [Help 1] http://cwiki.apache.org/confluence/display/MAVEN/MojoFailureException


current_pom file is:<?xml version='1.0' encoding='utf-8'?>
<project xmlns="http://maven.apache.org/POM/4.0.0" xmlns:xsi="http://www.w3.org/2001/XMLSchema-instance" xsi:schemaLocation="http://maven.apache.org/POM/4.0.0 http://maven.apache.org/xsd/maven-4.0.0.xsd">
    <groupId>edu.vision.se</groupId><version>1.0-SNAPSHOT</version><modelVersion>4.0.0</modelVersion>
    <artifactId>CVE-2019-10219</artifactId>

    <properties>
        <maven.compiler.source>11</maven.compiler.source>
        <maven.compiler.target>11</maven.compiler.target>
        <project.build.sourceEncoding>UTF-8</project.build.sourceEncoding>
    </properties>

    <dependencies>
        
        <dependency>
            <groupId>org.hibernate.validator</groupId>
            <artifactId>hibernate-validator</artifactId>
            <version>6.0.3.Final</version>
        </dependency>

        
        <dependency>
            <groupId>org.jsoup</groupId>
            <artifactId>jsoup</artifactId>
            <version>1.8.3</version>
        </dependency>

    <dependency><groupId>junit</groupId><artifactId>junit</artifactId><version>4.13.2</version></dependency>
    </dependencies>

</project>
[LLMClient] Response: 
test
[96m[Adapter] LLM response for fix position: test[0m
[LLMClient] Tokens used: 144 (prompt), 11 (completion), 155 (total)
[LLMClient] Prompt: 
You are given an error log when executing 'mvn test' in version 6.0.3.Final: 

Error: package org.hibernate.validator.internal.util.annotation does not exist, None, None 

The test executes as expected in 6.0.4.Final 

Error code: import org.hibernate.validator.internal.util.annotation.AnnotationDescriptor; 

Extract two key *entities* from the error for searching related diffs 

The extracted entities should reflect code-level identifiers that are likely to appear in source code or diffs. 

Output each node as a `;`-separated list, with no explanations. 


[LLMClient] Response: 
org.hibernate.validator.internal.util.annotation;AnnotationDescriptor
[96m[ErrorManager] Extracted key entities: ['org.hibernate.validator.internal.util.annotation', 'AnnotationDescriptor'][0m
[96m[Adapter] Try to solve error: {'file': '/PoCAdaptation/exploit/result/CVE-2019-10219/6.0.3.Final/exploit/src/test/java/edu/vision/se/Testcase1.java', 'line': 7, 'column': 56, 'message': 'package org.hibernate.validator.internal.util.annotation does not exist', 'symbol': None, 'location': None, 'code_line': 'import org.hibernate.validator.internal.util.annotation.AnnotationDescriptor;'} with cause: ['org.hibernate.validator.internal.util.annotation', 'AnnotationDescriptor'][0m
[96m[Adapter] Related diffs for error: [(118, 10.0), (142, 8.0), (151, 8.0), (159, 8.0), (14, 4.0)][0m
[96m[Adapter] Fix position is in test code.[0m
[96m[RepairModule] Start repair for group: package org.hibernate.validator.internal.util.annotation does not exist | cause: ['org.hibernate.validator.internal.util.annotation', 'AnnotationDescriptor'][0m
[96m[RepairModule] Trying best diff #118 with score 10.00[0m
[LLMClient] Tokens used: 1696 (prompt), 672 (completion), 2368 (total)
[LLMClient] Prompt: 
You are given a Java test file with compilation errors in version 6.0.3.Final:org.hibernate.validator:hibernate-validator.
This test file compiles and runs successfully in 6.0.4.Final.

The diff is related to the diff.
Your task has three steps:
 1. Locate the code where the compilation error occurs.
 2. Analyze the diff from 6.0.4.Final to 6.0.3.Final.
 3. Fix the error in the error position only when diff is helpful. Add import statement when needed according to the diff. 

Only output the modified version of the test file according to the diff. No explanations. If mocking, access fields via reflection if they exist.
### Compilation Errors:
message: package org.hibernate.validator.internal.util.annotation does not exist, symble: None, location: None

### Error Position:
import org.hibernate.validator.internal.util.annotation.AnnotationDescriptor;

### Related Diff:
Operation: NEW_FILE, File: engine/src/main/java/org/hibernate/validator/internal/util/annotationfactory/AnnotationDescriptor.java, Hunk: @@ -1,97 +0,0 @@
+/*
+ * Hibernate Validator, declare and validate application constraints
+ *
+ * License: Apache License, Version 2.0
+ * See the license.txt file in the root directory or <http://www.apache.org/licenses/LICENSE-2.0>.
+ */
+package org.hibernate.validator.internal.util.annotationfactory;
+
+import java.lang.annotation.Annotation;
+import java.util.HashMap;
+import java.util.Map;
+
+/**
+ * Encapsulates the data you need to create an annotation. In
+ * particular, it stores the type of an {@code Annotation} instance
+ * and the values of its elements.
+ * The "elements" we're talking about are the annotation attributes,
+ * not its targets (the term "element" is used ambiguously
+ * in Java's annotations documentation).
+ *
+ * @author Paolo Perrotta
+ * @author Davide Marchignoli
+ * @author Hardy Ferentschik
+ * @author Gunnar Morling
+ */
+public class AnnotationDescriptor<T extends Annotation> {
+
+	private final Class<T> type;
+
+	private final Map<String, Object> elements = new HashMap<String, Object>();
+
+	/**
+	 * Returns a new descriptor for the given annotation type.
+	 *
+	 * @param <S> The type of the annotation.
+	 * @param annotationType The annotation's class.
+	 *
+	 * @return A new descriptor for the given annotation type.
+	 */
+	public static <S extends Annotation> AnnotationDescriptor<S> getInstance(Class<S> annotationType) {
+		return new AnnotationDescriptor<S>( annotationType );
+	}
+
+	/**
+	 * Returns a new descriptor for the given annotation type.
+	 *
+	 * @param <S> The type of the annotation.
+	 * @param annotationType The annotation's class.
+	 * @param elements A map with attribute values for the annotation to be created.
+	 *
+	 * @return A new descriptor for the given annotation type.
+	 */
+	public static <S extends Annotation> AnnotationDescriptor<S> getInstance(Class<S> annotationType, Map<String, Object> elements) {
+		return new AnnotationDescriptor<S>( annotationType, elements );
+	}
+
+	public AnnotationDescriptor(Class<T> annotationType) {
+		this.type = annotationType;
+	}
+
+	public AnnotationDescriptor(Class<T> annotationType, Map<String, Object> elements) {
+		this.type = annotationType;
+		for ( Map.Entry<String, Object> entry : elements.entrySet() ) {
+			this.elements.put( entry.getKey(), entry.getValue() );
+		}
+	}
+
+	public void setValue(String elementName, Object value) {
+		elements.put( elementName, value );
+	}
+
+	public Object valueOf(String elementName) {
+		return elements.get( elementName );
+	}
+
+	public boolean containsElement(String elementName) {
+		return elements.containsKey( elementName );
+	}
+
+	public int numberOfElements() {
+		return elements.size();
+	}
+
+	/**
+	 * Returns a map with the elements contained in this descriptor keyed by name. This map is a copy
+	 * of the internally used map, so it can safely be modified without altering this descriptor.
+	 *
+	 * @return A map with this descriptor's elements.
+	 */
+	public Map<String, Object> getElements() {
+		return new HashMap<String, Object>( elements );
+	}
+
+	public Class<T> type() {
+		return type;
+	}
+}

### Test File Content:
package edu.vision.se;

import org.hibernate.validator.constraints.SafeHtml;
import org.hibernate.validator.constraints.SafeHtml.WhiteListType;
import org.hibernate.validator.internal.constraintvalidators.hv.SafeHtmlValidator;
import org.junit.Test;
import org.hibernate.validator.internal.util.annotation.AnnotationDescriptor;
import static org.junit.Assert.assertFalse;
import org.jsoup.safety.Whitelist;  // è§£å†³ 10ClassNotFound é—®é¢˜


public class Testcase1 {

    private AnnotationDescriptor.Builder<SafeHtml> descriptorBuilder;

    private SafeHtmlValidator getSafeHtmlValidator() {
        SafeHtml p = descriptorBuilder.build().getAnnotation();
        SafeHtmlValidator validator = new SafeHtmlValidator();
        validator.initialize( p );
        return validator;
    }

    @Test
    // A "downlevel revealed" conditional 'comment' is not an (X)HTML comment at all,
    // despite the misleading name, it is default Microsoft syntax.
    // The tag is unrecognized by therefore executed
    public void testDownlevelRevealedConditionalComment() throws Exception {
        descriptorBuilder = new AnnotationDescriptor.Builder<>( SafeHtml.class );
        descriptorBuilder.setAttribute("whitelistType", WhiteListType.BASIC);

        assertFalse( getSafeHtmlValidator().isValid( "<![if !IE]>\n<SCRIPT>alert{'XSS'};</SCRIPT>\n<![endif]>", null ) );
    }

    @Test
    public void testDownlevelHiddenConditionalComment() throws Exception {
        descriptorBuilder = new AnnotationDescriptor.Builder<>( SafeHtml.class );
        descriptorBuilder.setAttribute( "whitelistType", WhiteListType.BASIC );

        assertFalse( getSafeHtmlValidator().isValid( "<!--[if gte IE 4]>\n<SCRIPT>alert{'XSS'};</SCRIPT>\n<![endif]-->", null ) );
    }

    @Test
    public void testSimpleComment() throws Exception {
        descriptorBuilder = new AnnotationDescriptor.Builder<>( SafeHtml.class );
        descriptorBuilder.setAttribute( "whitelistType", WhiteListType.BASIC );

        assertFalse( getSafeHtmlValidator().isValid( "<!-- Just a comment -->", null ) );
    }

    @Test
    public void testServerSideIncludesSSI() throws Exception {
        descriptorBuilder = new AnnotationDescriptor.Builder<>( SafeHtml.class );
        descriptorBuilder.setAttribute( "whitelistType", WhiteListType.BASIC );

        assertFalse( getSafeHtmlValidator().isValid( "<? echo{'<SCR}'; echo{'IPT>alert{\"XSS\"}</SCRIPT>'}; ?>", null ) );
    }

    @Test
    public void testPHPScript() throws Exception {
        descriptorBuilder = new AnnotationDescriptor.Builder<>( SafeHtml.class );
        descriptorBuilder.setAttribute( "whitelistType", WhiteListType.BASIC );

        assertFalse( getSafeHtmlValidator().isValid( "<? echo{'<SCR}'; echo{'IPT>alert{\"XSS\"}</SCRIPT>'}; ?>", null ) );
    }
}



[LLMClient] Response: 
Here's the modified test file with the fix based on the diff:

```java
package edu.vision.se;

import org.hibernate.validator.constraints.SafeHtml;
import org.hibernate.validator.constraints.SafeHtml.WhiteListType;
import org.hibernate.validator.internal.constraintvalidators.hv.SafeHtmlValidator;
import org.junit.Test;
import org.hibernate.validator.internal.util.annotationfactory.AnnotationDescriptor;
import static org.junit.Assert.assertFalse;
import org.jsoup.safety.Whitelist;  // è§£å†³ 10ClassNotFound é—®é¢˜


public class Testcase1 {

    private AnnotationDescriptor.Builder<SafeHtml> descriptorBuilder;

    private SafeHtmlValidator getSafeHtmlValidator() {
        SafeHtml p = descriptorBuilder.build().getAnnotation();
        SafeHtmlValidator validator = new SafeHtmlValidator();
        validator.initialize( p );
        return validator;
    }

    @Test
    // A "downlevel revealed" conditional 'comment' is not an (X)HTML comment at all,
    // despite the misleading name, it is default Microsoft syntax.
    // The tag is unrecognized by therefore executed
    public void testDownlevelRevealedConditionalComment() throws Exception {
        descriptorBuilder = new AnnotationDescriptor.Builder<>( SafeHtml.class );
        descriptorBuilder.setAttribute("whitelistType", WhiteListType.BASIC);

        assertFalse( getSafeHtmlValidator().isValid( "<![if !IE]>\n<SCRIPT>alert{'XSS'};</SCRIPT>\n<![endif]>", null ) );
    }

    @Test
    public void testDownlevelHiddenConditionalComment() throws Exception {
        descriptorBuilder = new AnnotationDescriptor.Builder<>( SafeHtml.class );
        descriptorBuilder.setAttribute( "whitelistType", WhiteListType.BASIC );

        assertFalse( getSafeHtmlValidator().isValid( "<!--[if gte IE 4]>\n<SCRIPT>alert{'XSS'};</SCRIPT>\n<![endif]-->", null ) );
    }

    @Test
    public void testSimpleComment() throws Exception {
        descriptorBuilder = new AnnotationDescriptor.Builder<>( SafeHtml.class );
        descriptorBuilder.setAttribute( "whitelistType", WhiteListType.BASIC );

        assertFalse( getSafeHtmlValidator().isValid( "<!-- Just a comment -->", null ) );
    }

    @Test
    public void testServerSideIncludesSSI() throws Exception {
        descriptorBuilder = new AnnotationDescriptor.Builder<>( SafeHtml.class );
        descriptorBuilder.setAttribute( "whitelistType", WhiteListType.BASIC );

        assertFalse( getSafeHtmlValidator().isValid( "<? echo{'<SCR}'; echo{'IPT>alert{\"XSS\"}</SCRIPT>'}; ?>", null ) );
    }

    @Test
    public void testPHPScript() throws Exception {
        descriptorBuilder = new AnnotationDescriptor.Builder<>( SafeHtml.class );
        descriptorBuilder.setAttribute( "whitelistType", WhiteListType.BASIC );

        assertFalse( getSafeHtmlValidator().isValid( "<? echo{'<SCR}'; echo{'IPT>alert{\"XSS\"}</SCRIPT>'}; ?>", null ) );
    }
}
```
[96m[RepairModule] Wrote modified code to /PoCAdaptation/exploit/result/CVE-2019-10219/6.0.3.Final/exploit/src/test/java/edu/vision/se/Testcase1.java[0m
[96m[Executor] Executing exploit for CVE-2019-10219 on version 6.0.3.Final...[0m
[96m[Verifier] Verifying reproduction...[0m
[91m[Verifier] âœ— Behavior not found: 'java.lang.AssertionError'[0m
[91m[Executor] Reproduction result: Failure[0m
[96m[ErrorManager] Ignoring line: [ERROR] Failed to execute goal org.apache.maven.plugins:maven-compiler-plugin:3.1:testCompile (default-testCompile) on project CVE-2019-10219: Compilation failure: Compilation failure:[0m
[92m[ErrorManager] Processing line: [ERROR] /PoCAdaptation/exploit/result/CVE-2019-10219/6.0.3.Final/exploit/src/test/java/edu/vision/se/Testcase1.java:[14,33] cannot find symbol[0m
[92m[ErrorManager] Processing line: [ERROR]   symbol:   class Builder[0m
[92m[ErrorManager] Processing line: [ERROR]   location: class org.hibernate.validator.internal.util.annotationfactory.AnnotationDescriptor[0m
[92m[ErrorManager] Processing line: [ERROR] /PoCAdaptation/exploit/result/CVE-2019-10219/6.0.3.Final/exploit/src/test/java/edu/vision/se/Testcase1.java:[28,53] cannot find symbol[0m
[92m[ErrorManager] Processing line: [ERROR]   symbol:   class Builder[0m
[92m[ErrorManager] Processing line: [ERROR]   location: class org.hibernate.validator.internal.util.annotationfactory.AnnotationDescriptor[0m
[92m[ErrorManager] Processing line: [ERROR] /PoCAdaptation/exploit/result/CVE-2019-10219/6.0.3.Final/exploit/src/test/java/edu/vision/se/Testcase1.java:[36,53] cannot find symbol[0m
[92m[ErrorManager] Processing line: [ERROR]   symbol:   class Builder[0m
[92m[ErrorManager] Processing line: [ERROR]   location: class org.hibernate.validator.internal.util.annotationfactory.AnnotationDescriptor[0m
[92m[ErrorManager] Processing line: [ERROR] /PoCAdaptation/exploit/result/CVE-2019-10219/6.0.3.Final/exploit/src/test/java/edu/vision/se/Testcase1.java:[44,53] cannot find symbol[0m
[92m[ErrorManager] Processing line: [ERROR]   symbol:   class Builder[0m
[92m[ErrorManager] Processing line: [ERROR]   location: class org.hibernate.validator.internal.util.annotationfactory.AnnotationDescriptor[0m
[92m[ErrorManager] Processing line: [ERROR] /PoCAdaptation/exploit/result/CVE-2019-10219/6.0.3.Final/exploit/src/test/java/edu/vision/se/Testcase1.java:[52,53] cannot find symbol[0m
[92m[ErrorManager] Processing line: [ERROR]   symbol:   class Builder[0m
[92m[ErrorManager] Processing line: [ERROR]   location: class org.hibernate.validator.internal.util.annotationfactory.AnnotationDescriptor[0m
[92m[ErrorManager] Processing line: [ERROR] /PoCAdaptation/exploit/result/CVE-2019-10219/6.0.3.Final/exploit/src/test/java/edu/vision/se/Testcase1.java:[60,53] cannot find symbol[0m
[92m[ErrorManager] Processing line: [ERROR]   symbol:   class Builder[0m
[92m[ErrorManager] Processing line: [ERROR]   location: class org.hibernate.validator.internal.util.annotationfactory.AnnotationDescriptor[0m
[96m[ErrorManager] Ignoring line: [ERROR] -> [Help 1][0m
[96m[ErrorManager] Ignoring line: [ERROR][0m
[96m[ErrorManager] Ignoring line: [ERROR] To see the full stack trace of the errors, re-run Maven with the -e switch.[0m
[96m[ErrorManager] Ignoring line: [ERROR] Re-run Maven using the -X switch to enable full debug logging.[0m
[96m[ErrorManager] Ignoring line: [ERROR][0m
[96m[ErrorManager] Ignoring line: [ERROR] For more information about the errors and possible solutions, please read the following articles:[0m
[96m[ErrorManager] Ignoring line: [ERROR] [Help 1] http://cwiki.apache.org/confluence/display/MAVEN/MojoFailureException[0m
[RepairModule] Old grouped keys: {'package org.hibernate.validator.internal.util.annotation does not exist |', 'package AnnotationDescriptor does not exist |'}
[RepairModule] New grouped keys: {'cannot find symbol | class Builder'}
[93m[RepairModule] [Analyzer] New error:
  File     : /PoCAdaptation/exploit/result/CVE-2019-10219/6.0.3.Final/exploit/src/test/java/edu/vision/se/Testcase1.java
  Line     : 14, Column: 33
  Message  : cannot find symbol
  Symbol   : class Builder
  Location : class org.hibernate.validator.internal.util.annotationfactory.AnnotationDescriptor
  Code     : private AnnotationDescriptor.Builder<SafeHtml> descriptorBuilder;
  Position : after the fixing line (7)[0m
[93m[RepairModule] [Analyzer] New error:
  File     : /PoCAdaptation/exploit/result/CVE-2019-10219/6.0.3.Final/exploit/src/test/java/edu/vision/se/Testcase1.java
  Line     : 28, Column: 53
  Message  : cannot find symbol
  Symbol   : class Builder
  Location : class org.hibernate.validator.internal.util.annotationfactory.AnnotationDescriptor
  Code     : descriptorBuilder = new AnnotationDescriptor.Builder<>( SafeHtml.class );
  Position : after the fixing line (7)[0m
[93m[RepairModule] [Analyzer] New error:
  File     : /PoCAdaptation/exploit/result/CVE-2019-10219/6.0.3.Final/exploit/src/test/java/edu/vision/se/Testcase1.java
  Line     : 36, Column: 53
  Message  : cannot find symbol
  Symbol   : class Builder
  Location : class org.hibernate.validator.internal.util.annotationfactory.AnnotationDescriptor
  Code     : descriptorBuilder = new AnnotationDescriptor.Builder<>( SafeHtml.class );
  Position : after the fixing line (7)[0m
[93m[RepairModule] [Analyzer] New error:
  File     : /PoCAdaptation/exploit/result/CVE-2019-10219/6.0.3.Final/exploit/src/test/java/edu/vision/se/Testcase1.java
  Line     : 44, Column: 53
  Message  : cannot find symbol
  Symbol   : class Builder
  Location : class org.hibernate.validator.internal.util.annotationfactory.AnnotationDescriptor
  Code     : descriptorBuilder = new AnnotationDescriptor.Builder<>( SafeHtml.class );
  Position : after the fixing line (7)[0m
[93m[RepairModule] [Analyzer] New error:
  File     : /PoCAdaptation/exploit/result/CVE-2019-10219/6.0.3.Final/exploit/src/test/java/edu/vision/se/Testcase1.java
  Line     : 52, Column: 53
  Message  : cannot find symbol
  Symbol   : class Builder
  Location : class org.hibernate.validator.internal.util.annotationfactory.AnnotationDescriptor
  Code     : descriptorBuilder = new AnnotationDescriptor.Builder<>( SafeHtml.class );
  Position : after the fixing line (7)[0m
[93m[RepairModule] [Analyzer] New error:
  File     : /PoCAdaptation/exploit/result/CVE-2019-10219/6.0.3.Final/exploit/src/test/java/edu/vision/se/Testcase1.java
  Line     : 60, Column: 53
  Message  : cannot find symbol
  Symbol   : class Builder
  Location : class org.hibernate.validator.internal.util.annotationfactory.AnnotationDescriptor
  Code     : descriptorBuilder = new AnnotationDescriptor.Builder<>( SafeHtml.class );
  Position : after the fixing line (7)[0m
[92m[RepairModule] Error package org.hibernate.validator.internal.util.annotation does not exist resolved after applying diff.[0m
[92m[RepairModule] Repair success with best diff![0m
[96m[Adapter] Test code repair attempted.[0m
[96m[Executor] Executing exploit for CVE-2019-10219 on version 6.0.3.Final...[0m
[96m[Verifier] Verifying reproduction...[0m
[91m[Verifier] âœ— Behavior not found: 'java.lang.AssertionError'[0m
[91m[Executor] Reproduction result: Failure[0m
[96m[ErrorManager] Ignoring line: [ERROR] Failed to execute goal org.apache.maven.plugins:maven-compiler-plugin:3.1:testCompile (default-testCompile) on project CVE-2019-10219: Compilation failure: Compilation failure:[0m
[92m[ErrorManager] Processing line: [ERROR] /PoCAdaptation/exploit/result/CVE-2019-10219/6.0.3.Final/exploit/src/test/java/edu/vision/se/Testcase1.java:[14,33] cannot find symbol[0m
[92m[ErrorManager] Processing line: [ERROR]   symbol:   class Builder[0m
[92m[ErrorManager] Processing line: [ERROR]   location: class org.hibernate.validator.internal.util.annotationfactory.AnnotationDescriptor[0m
[92m[ErrorManager] Processing line: [ERROR] /PoCAdaptation/exploit/result/CVE-2019-10219/6.0.3.Final/exploit/src/test/java/edu/vision/se/Testcase1.java:[28,53] cannot find symbol[0m
[92m[ErrorManager] Processing line: [ERROR]   symbol:   class Builder[0m
[92m[ErrorManager] Processing line: [ERROR]   location: class org.hibernate.validator.internal.util.annotationfactory.AnnotationDescriptor[0m
[92m[ErrorManager] Processing line: [ERROR] /PoCAdaptation/exploit/result/CVE-2019-10219/6.0.3.Final/exploit/src/test/java/edu/vision/se/Testcase1.java:[36,53] cannot find symbol[0m
[92m[ErrorManager] Processing line: [ERROR]   symbol:   class Builder[0m
[92m[ErrorManager] Processing line: [ERROR]   location: class org.hibernate.validator.internal.util.annotationfactory.AnnotationDescriptor[0m
[92m[ErrorManager] Processing line: [ERROR] /PoCAdaptation/exploit/result/CVE-2019-10219/6.0.3.Final/exploit/src/test/java/edu/vision/se/Testcase1.java:[44,53] cannot find symbol[0m
[92m[ErrorManager] Processing line: [ERROR]   symbol:   class Builder[0m
[92m[ErrorManager] Processing line: [ERROR]   location: class org.hibernate.validator.internal.util.annotationfactory.AnnotationDescriptor[0m
[92m[ErrorManager] Processing line: [ERROR] /PoCAdaptation/exploit/result/CVE-2019-10219/6.0.3.Final/exploit/src/test/java/edu/vision/se/Testcase1.java:[52,53] cannot find symbol[0m
[92m[ErrorManager] Processing line: [ERROR]   symbol:   class Builder[0m
[92m[ErrorManager] Processing line: [ERROR]   location: class org.hibernate.validator.internal.util.annotationfactory.AnnotationDescriptor[0m
[92m[ErrorManager] Processing line: [ERROR] /PoCAdaptation/exploit/result/CVE-2019-10219/6.0.3.Final/exploit/src/test/java/edu/vision/se/Testcase1.java:[60,53] cannot find symbol[0m
[92m[ErrorManager] Processing line: [ERROR]   symbol:   class Builder[0m
[92m[ErrorManager] Processing line: [ERROR]   location: class org.hibernate.validator.internal.util.annotationfactory.AnnotationDescriptor[0m
[96m[ErrorManager] Ignoring line: [ERROR] -> [Help 1][0m
[96m[ErrorManager] Ignoring line: [ERROR][0m
[96m[ErrorManager] Ignoring line: [ERROR] To see the full stack trace of the errors, re-run Maven with the -e switch.[0m
[96m[ErrorManager] Ignoring line: [ERROR] Re-run Maven using the -X switch to enable full debug logging.[0m
[96m[ErrorManager] Ignoring line: [ERROR][0m
[96m[ErrorManager] Ignoring line: [ERROR] For more information about the errors and possible solutions, please read the following articles:[0m
[96m[ErrorManager] Ignoring line: [ERROR] [Help 1] http://cwiki.apache.org/confluence/display/MAVEN/MojoFailureException[0m
[96m[Adapter] Locating fix position in error log.[0m
[LLMClient] Tokens used: 2211 (prompt), 1 (completion), 2212 (total)
[LLMClient] Prompt: 
You are given a Java error log when executing 'mvn test' in a project with dependency version 6.0.3.Final:org.hibernate.validator:hibernate-validator.
This test file compiles and runs successfully with version 6.0.4.Final.

Your task is to:
1. Analyze why this issue occurs with the *6.0.4.Final* but not with the *6.0.3.Final version*.
2. Consider how to resolve the issue **without updating this library**.
3. Determine and output the location in the project that should be modified to fix the problem.

Please return 'pom' if the fix is in the pom.xml file, or 'test' if the fix is in the test code.
Do not return any other text, just 'pom' or 'test'.

The error log is:
[INFO] Scanning for projects...
[INFO] 
[INFO] --------------------< edu.vision.se:CVE-2019-10219 >--------------------
[INFO] Building CVE-2019-10219 1.0-SNAPSHOT
[INFO]   from pom.xml
[INFO] --------------------------------[ jar ]---------------------------------
[INFO] 
[INFO] --- maven-clean-plugin:2.5:clean (default-clean) @ CVE-2019-10219 ---
[INFO] Deleting /PoCAdaptation/exploit/result/CVE-2019-10219/6.0.3.Final/exploit/target
[INFO] 
[INFO] --- maven-resources-plugin:2.6:resources (default-resources) @ CVE-2019-10219 ---
[INFO] Using 'UTF-8' encoding to copy filtered resources.
[INFO] skip non existing resourceDirectory /PoCAdaptation/exploit/result/CVE-2019-10219/6.0.3.Final/exploit/src/main/resources
[INFO] 
[INFO] --- maven-compiler-plugin:3.1:compile (default-compile) @ CVE-2019-10219 ---
[INFO] No sources to compile
[INFO] 
[INFO] --- maven-resources-plugin:2.6:testResources (default-testResources) @ CVE-2019-10219 ---
[INFO] Using 'UTF-8' encoding to copy filtered resources.
[INFO] skip non existing resourceDirectory /PoCAdaptation/exploit/result/CVE-2019-10219/6.0.3.Final/exploit/src/test/resources
[INFO] 
[INFO] --- maven-compiler-plugin:3.1:testCompile (default-testCompile) @ CVE-2019-10219 ---
[INFO] Changes detected - recompiling the module!
[INFO] Compiling 1 source file to /PoCAdaptation/exploit/result/CVE-2019-10219/6.0.3.Final/exploit/target/test-classes
[INFO] -------------------------------------------------------------
[ERROR] COMPILATION ERROR : 
[INFO] -------------------------------------------------------------
[ERROR] /PoCAdaptation/exploit/result/CVE-2019-10219/6.0.3.Final/exploit/src/test/java/edu/vision/se/Testcase1.java:[14,33] cannot find symbol
  symbol:   class Builder
  location: class org.hibernate.validator.internal.util.annotationfactory.AnnotationDescriptor
[ERROR] /PoCAdaptation/exploit/result/CVE-2019-10219/6.0.3.Final/exploit/src/test/java/edu/vision/se/Testcase1.java:[28,53] cannot find symbol
  symbol:   class Builder
  location: class org.hibernate.validator.internal.util.annotationfactory.AnnotationDescriptor
[ERROR] /PoCAdaptation/exploit/result/CVE-2019-10219/6.0.3.Final/exploit/src/test/java/edu/vision/se/Testcase1.java:[36,53] cannot find symbol
  symbol:   class Builder
  location: class org.hibernate.validator.internal.util.annotationfactory.AnnotationDescriptor
[ERROR] /PoCAdaptation/exploit/result/CVE-2019-10219/6.0.3.Final/exploit/src/test/java/edu/vision/se/Testcase1.java:[44,53] cannot find symbol
  symbol:   class Builder
  location: class org.hibernate.validator.internal.util.annotationfactory.AnnotationDescriptor
[ERROR] /PoCAdaptation/exploit/result/CVE-2019-10219/6.0.3.Final/exploit/src/test/java/edu/vision/se/Testcase1.java:[52,53] cannot find symbol
  symbol:   class Builder
  location: class org.hibernate.validator.internal.util.annotationfactory.AnnotationDescriptor
[ERROR] /PoCAdaptation/exploit/result/CVE-2019-10219/6.0.3.Final/exploit/src/test/java/edu/vision/se/Testcase1.java:[60,53] cannot find symbol
  symbol:   class Builder
  location: class org.hibernate.validator.internal.util.annotationfactory.AnnotationDescriptor
[INFO] 6 errors 
[INFO] -------------------------------------------------------------
[INFO] ------------------------------------------------------------------------
[INFO] BUILD FAILURE
[INFO] ------------------------------------------------------------------------
[INFO] Total time:  0.852 s
[INFO] Finished at: 2025-07-11T03:42:19Z
[INFO] ------------------------------------------------------------------------
[ERROR] Failed to execute goal org.apache.maven.plugins:maven-compiler-plugin:3.1:testCompile (default-testCompile) on project CVE-2019-10219: Compilation failure: Compilation failure: 
[ERROR] /PoCAdaptation/exploit/result/CVE-2019-10219/6.0.3.Final/exploit/src/test/java/edu/vision/se/Testcase1.java:[14,33] cannot find symbol
[ERROR]   symbol:   class Builder
[ERROR]   location: class org.hibernate.validator.internal.util.annotationfactory.AnnotationDescriptor
[ERROR] /PoCAdaptation/exploit/result/CVE-2019-10219/6.0.3.Final/exploit/src/test/java/edu/vision/se/Testcase1.java:[28,53] cannot find symbol
[ERROR]   symbol:   class Builder
[ERROR]   location: class org.hibernate.validator.internal.util.annotationfactory.AnnotationDescriptor
[ERROR] /PoCAdaptation/exploit/result/CVE-2019-10219/6.0.3.Final/exploit/src/test/java/edu/vision/se/Testcase1.java:[36,53] cannot find symbol
[ERROR]   symbol:   class Builder
[ERROR]   location: class org.hibernate.validator.internal.util.annotationfactory.AnnotationDescriptor
[ERROR] /PoCAdaptation/exploit/result/CVE-2019-10219/6.0.3.Final/exploit/src/test/java/edu/vision/se/Testcase1.java:[44,53] cannot find symbol
[ERROR]   symbol:   class Builder
[ERROR]   location: class org.hibernate.validator.internal.util.annotationfactory.AnnotationDescriptor
[ERROR] /PoCAdaptation/exploit/result/CVE-2019-10219/6.0.3.Final/exploit/src/test/java/edu/vision/se/Testcase1.java:[52,53] cannot find symbol
[ERROR]   symbol:   class Builder
[ERROR]   location: class org.hibernate.validator.internal.util.annotationfactory.AnnotationDescriptor
[ERROR] /PoCAdaptation/exploit/result/CVE-2019-10219/6.0.3.Final/exploit/src/test/java/edu/vision/se/Testcase1.java:[60,53] cannot find symbol
[ERROR]   symbol:   class Builder
[ERROR]   location: class org.hibernate.validator.internal.util.annotationfactory.AnnotationDescriptor
[ERROR] -> [Help 1]
[ERROR] 
[ERROR] To see the full stack trace of the errors, re-run Maven with the -e switch.
[ERROR] Re-run Maven using the -X switch to enable full debug logging.
[ERROR] 
[ERROR] For more information about the errors and possible solutions, please read the following articles:
[ERROR] [Help 1] http://cwiki.apache.org/confluence/display/MAVEN/MojoFailureException


current_pom file is:<?xml version='1.0' encoding='utf-8'?>
<project xmlns="http://maven.apache.org/POM/4.0.0" xmlns:xsi="http://www.w3.org/2001/XMLSchema-instance" xsi:schemaLocation="http://maven.apache.org/POM/4.0.0 http://maven.apache.org/xsd/maven-4.0.0.xsd">
    <groupId>edu.vision.se</groupId><version>1.0-SNAPSHOT</version><modelVersion>4.0.0</modelVersion>
    <artifactId>CVE-2019-10219</artifactId>

    <properties>
        <maven.compiler.source>11</maven.compiler.source>
        <maven.compiler.target>11</maven.compiler.target>
        <project.build.sourceEncoding>UTF-8</project.build.sourceEncoding>
    </properties>

    <dependencies>
        
        <dependency>
            <groupId>org.hibernate.validator</groupId>
            <artifactId>hibernate-validator</artifactId>
            <version>6.0.3.Final</version>
        </dependency>

        
        <dependency>
            <groupId>org.jsoup</groupId>
            <artifactId>jsoup</artifactId>
            <version>1.8.3</version>
        </dependency>

    <dependency><groupId>junit</groupId><artifactId>junit</artifactId><version>4.13.2</version></dependency>
    </dependencies>

</project>
[LLMClient] Response: 
test
[96m[Adapter] LLM response for fix position: test[0m
[LLMClient] Tokens used: 147 (prompt), 8 (completion), 155 (total)
[LLMClient] Prompt: 
You are given an error log when executing 'mvn test' in version 6.0.3.Final: 

Error: cannot find symbol, class Builder, class org.hibernate.validator.internal.util.annotationfactory.AnnotationDescriptor 

The test executes as expected in 6.0.4.Final 

Error code:     private AnnotationDescriptor.Builder<SafeHtml> descriptorBuilder; 

Extract two key *entities* from the error for searching related diffs 

The extracted entities should reflect code-level identifiers that are likely to appear in source code or diffs. 

Output each node as a `;`-separated list, with no explanations. 


[LLMClient] Response: 
`AnnotationDescriptor.Builder;SafeHtml`
[96m[ErrorManager] Extracted key entities: ['`AnnotationDescriptor.Builder', 'SafeHtml`'][0m
[96m[Adapter] Try to solve error: {'file': '/PoCAdaptation/exploit/result/CVE-2019-10219/6.0.3.Final/exploit/src/test/java/edu/vision/se/Testcase1.java', 'line': 14, 'column': 33, 'message': 'cannot find symbol', 'symbol': 'class Builder', 'location': 'class org.hibernate.validator.internal.util.annotationfactory.AnnotationDescriptor', 'code_line': '    private AnnotationDescriptor.Builder<SafeHtml> descriptorBuilder;'} with cause: ['`AnnotationDescriptor.Builder', 'SafeHtml`'][0m
[96m[Adapter] Related diffs for error: [(0, 0.0), (1, 0.0), (2, 0.0), (3, 0.0), (4, 0.0)][0m
[96m[Adapter] Fix position is in test code.[0m
[96m[RepairModule] Start repair for group: cannot find symbol | class Builder cause: ['`AnnotationDescriptor.Builder', 'SafeHtml`'][0m
[96m[RepairModule] Trying best diff #0 with score 0.00[0m
[LLMClient] Tokens used: 960 (prompt), 664 (completion), 1624 (total)
[LLMClient] Prompt: 
You are given a Java test file with compilation errors in version 6.0.3.Final:org.hibernate.validator:hibernate-validator.
This test file compiles and runs successfully in 6.0.4.Final.

The diff is related to the diff.
Your task has three steps:
 1. Locate the code where the compilation error occurs.
 2. Analyze the diff from 6.0.4.Final to 6.0.3.Final.
 3. Fix the error in the error position only when diff is helpful. Add import statement when needed according to the diff. 

Only output the modified version of the test file according to the diff. No explanations. If mocking, access fields via reflection if they exist.
### Compilation Errors:
message: cannot find symbol, symble: class Builder, location: class org.hibernate.validator.internal.util.annotationfactory.AnnotationDescriptor

### Error Position:
    private AnnotationDescriptor.Builder<SafeHtml> descriptorBuilder;

### Related Diff:
Operation: MODIFIED, File: README.md, Hunk: @@ -1,6 +1,6 @@
 # Hibernate Validator

+*Version: 6.0.3.Final - 19-10-2017*
-*Version: 6.0.4.Final - 25-10-2017*


 ## What is it?

### Test File Content:
package edu.vision.se;

import org.hibernate.validator.constraints.SafeHtml;
import org.hibernate.validator.constraints.SafeHtml.WhiteListType;
import org.hibernate.validator.internal.constraintvalidators.hv.SafeHtmlValidator;
import org.junit.Test;
import org.hibernate.validator.internal.util.annotationfactory.AnnotationDescriptor;
import static org.junit.Assert.assertFalse;
import org.jsoup.safety.Whitelist;  // è§£å†³ 10ClassNotFound é—®é¢˜


public class Testcase1 {

    private AnnotationDescriptor.Builder<SafeHtml> descriptorBuilder;

    private SafeHtmlValidator getSafeHtmlValidator() {
        SafeHtml p = descriptorBuilder.build().getAnnotation();
        SafeHtmlValidator validator = new SafeHtmlValidator();
        validator.initialize( p );
        return validator;
    }

    @Test
    // A "downlevel revealed" conditional 'comment' is not an (X)HTML comment at all,
    // despite the misleading name, it is default Microsoft syntax.
    // The tag is unrecognized by therefore executed
    public void testDownlevelRevealedConditionalComment() throws Exception {
        descriptorBuilder = new AnnotationDescriptor.Builder<>( SafeHtml.class );
        descriptorBuilder.setAttribute("whitelistType", WhiteListType.BASIC);

        assertFalse( getSafeHtmlValidator().isValid( "<![if !IE]>\n<SCRIPT>alert{'XSS'};</SCRIPT>\n<![endif]>", null ) );
    }

    @Test
    public void testDownlevelHiddenConditionalComment() throws Exception {
        descriptorBuilder = new AnnotationDescriptor.Builder<>( SafeHtml.class );
        descriptorBuilder.setAttribute( "whitelistType", WhiteListType.BASIC );

        assertFalse( getSafeHtmlValidator().isValid( "<!--[if gte IE 4]>\n<SCRIPT>alert{'XSS'};</SCRIPT>\n<![endif]-->", null ) );
    }

    @Test
    public void testSimpleComment() throws Exception {
        descriptorBuilder = new AnnotationDescriptor.Builder<>( SafeHtml.class );
        descriptorBuilder.setAttribute( "whitelistType", WhiteListType.BASIC );

        assertFalse( getSafeHtmlValidator().isValid( "<!-- Just a comment -->", null ) );
    }

    @Test
    public void testServerSideIncludesSSI() throws Exception {
        descriptorBuilder = new AnnotationDescriptor.Builder<>( SafeHtml.class );
        descriptorBuilder.setAttribute( "whitelistType", WhiteListType.BASIC );

        assertFalse( getSafeHtmlValidator().isValid( "<? echo{'<SCR}'; echo{'IPT>alert{\"XSS\"}</SCRIPT>'}; ?>", null ) );
    }

    @Test
    public void testPHPScript() throws Exception {
        descriptorBuilder = new AnnotationDescriptor.Builder<>( SafeHtml.class );
        descriptorBuilder.setAttribute( "whitelistType", WhiteListType.BASIC );

        assertFalse( getSafeHtmlValidator().isValid( "<? echo{'<SCR}'; echo{'IPT>alert{\"XSS\"}</SCRIPT>'}; ?>", null ) );
    }
}



[LLMClient] Response: 
Here's the modified version of the test file according to the diff:

```java
package edu.vision.se;

import org.hibernate.validator.constraints.SafeHtml;
import org.hibernate.validator.constraints.SafeHtml.WhiteListType;
import org.hibernate.validator.internal.constraintvalidators.hv.SafeHtmlValidator;
import org.junit.Test;
import org.hibernate.validator.internal.util.annotationfactory.AnnotationDescriptor;
import static org.junit.Assert.assertFalse;
import org.jsoup.safety.Whitelist;  // è§£å†³ 10ClassNotFound é—®é¢˜


public class Testcase1 {

    private AnnotationDescriptor<SafeHtml> descriptorBuilder;

    private SafeHtmlValidator getSafeHtmlValidator() {
        SafeHtml p = descriptorBuilder.getAnnotation();
        SafeHtmlValidator validator = new SafeHtmlValidator();
        validator.initialize( p );
        return validator;
    }

    @Test
    // A "downlevel revealed" conditional 'comment' is not an (X)HTML comment at all,
    // despite the misleading name, it is default Microsoft syntax.
    // The tag is unrecognized by therefore executed
    public void testDownlevelRevealedConditionalComment() throws Exception {
        descriptorBuilder = new AnnotationDescriptor<>( SafeHtml.class );
        descriptorBuilder.setAttribute("whitelistType", WhiteListType.BASIC);

        assertFalse( getSafeHtmlValidator().isValid( "<![if !IE]>\n<SCRIPT>alert{'XSS'};</SCRIPT>\n<![endif]>", null ) );
    }

    @Test
    public void testDownlevelHiddenConditionalComment() throws Exception {
        descriptorBuilder = new AnnotationDescriptor<>( SafeHtml.class );
        descriptorBuilder.setAttribute( "whitelistType", WhiteListType.BASIC );

        assertFalse( getSafeHtmlValidator().isValid( "<!--[if gte IE 4]>\n<SCRIPT>alert{'XSS'};</SCRIPT>\n<![endif]-->", null ) );
    }

    @Test
    public void testSimpleComment() throws Exception {
        descriptorBuilder = new AnnotationDescriptor<>( SafeHtml.class );
        descriptorBuilder.setAttribute( "whitelistType", WhiteListType.BASIC );

        assertFalse( getSafeHtmlValidator().isValid( "<!-- Just a comment -->", null ) );
    }

    @Test
    public void testServerSideIncludesSSI() throws Exception {
        descriptorBuilder = new AnnotationDescriptor<>( SafeHtml.class );
        descriptorBuilder.setAttribute( "whitelistType", WhiteListType.BASIC );

        assertFalse( getSafeHtmlValidator().isValid( "<? echo{'<SCR}'; echo{'IPT>alert{\"XSS\"}</SCRIPT>'}; ?>", null ) );
    }

    @Test
    public void testPHPScript() throws Exception {
        descriptorBuilder = new AnnotationDescriptor<>( SafeHtml.class );
        descriptorBuilder.setAttribute( "whitelistType", WhiteListType.BASIC );

        assertFalse( getSafeHtmlValidator().isValid( "<? echo{'<SCR}'; echo{'IPT>alert{\"XSS\"}</SCRIPT>'}; ?>", null ) );
    }
}
```
[96m[RepairModule] Wrote modified code to /PoCAdaptation/exploit/result/CVE-2019-10219/6.0.3.Final/exploit/src/test/java/edu/vision/se/Testcase1.java[0m
[96m[Executor] Executing exploit for CVE-2019-10219 on version 6.0.3.Final...[0m
[96m[Verifier] Verifying reproduction...[0m
[91m[Verifier] âœ— Behavior not found: 'java.lang.AssertionError'[0m
[91m[Executor] Reproduction result: Failure[0m
[96m[ErrorManager] Ignoring line: [ERROR] Failed to execute goal org.apache.maven.plugins:maven-compiler-plugin:3.1:testCompile (default-testCompile) on project CVE-2019-10219: Compilation failure: Compilation failure:[0m
[92m[ErrorManager] Processing line: [ERROR] /PoCAdaptation/exploit/result/CVE-2019-10219/6.0.3.Final/exploit/src/test/java/edu/vision/se/Testcase1.java:[17,39] cannot find symbol[0m
[92m[ErrorManager] Processing line: [ERROR]   symbol:   method getAnnotation()[0m
[92m[ErrorManager] Processing line: [ERROR]   location: variable descriptorBuilder of type org.hibernate.validator.internal.util.annotationfactory.AnnotationDescriptor<org.hibernate.validator.constraints.SafeHtml>[0m
[92m[ErrorManager] Processing line: [ERROR] /PoCAdaptation/exploit/result/CVE-2019-10219/6.0.3.Final/exploit/src/test/java/edu/vision/se/Testcase1.java:[29,26] cannot find symbol[0m
[92m[ErrorManager] Processing line: [ERROR]   symbol:   method setAttribute(java.lang.String,org.hibernate.validator.constraints.SafeHtml.WhiteListType)[0m
[92m[ErrorManager] Processing line: [ERROR]   location: variable descriptorBuilder of type org.hibernate.validator.internal.util.annotationfactory.AnnotationDescriptor<org.hibernate.validator.constraints.SafeHtml>[0m
[92m[ErrorManager] Processing line: [ERROR] /PoCAdaptation/exploit/result/CVE-2019-10219/6.0.3.Final/exploit/src/test/java/edu/vision/se/Testcase1.java:[37,26] cannot find symbol[0m
[92m[ErrorManager] Processing line: [ERROR]   symbol:   method setAttribute(java.lang.String,org.hibernate.validator.constraints.SafeHtml.WhiteListType)[0m
[92m[ErrorManager] Processing line: [ERROR]   location: variable descriptorBuilder of type org.hibernate.validator.internal.util.annotationfactory.AnnotationDescriptor<org.hibernate.validator.constraints.SafeHtml>[0m
[92m[ErrorManager] Processing line: [ERROR] /PoCAdaptation/exploit/result/CVE-2019-10219/6.0.3.Final/exploit/src/test/java/edu/vision/se/Testcase1.java:[45,26] cannot find symbol[0m
[92m[ErrorManager] Processing line: [ERROR]   symbol:   method setAttribute(java.lang.String,org.hibernate.validator.constraints.SafeHtml.WhiteListType)[0m
[92m[ErrorManager] Processing line: [ERROR]   location: variable descriptorBuilder of type org.hibernate.validator.internal.util.annotationfactory.AnnotationDescriptor<org.hibernate.validator.constraints.SafeHtml>[0m
[92m[ErrorManager] Processing line: [ERROR] /PoCAdaptation/exploit/result/CVE-2019-10219/6.0.3.Final/exploit/src/test/java/edu/vision/se/Testcase1.java:[53,26] cannot find symbol[0m
[92m[ErrorManager] Processing line: [ERROR]   symbol:   method setAttribute(java.lang.String,org.hibernate.validator.constraints.SafeHtml.WhiteListType)[0m
[92m[ErrorManager] Processing line: [ERROR]   location: variable descriptorBuilder of type org.hibernate.validator.internal.util.annotationfactory.AnnotationDescriptor<org.hibernate.validator.constraints.SafeHtml>[0m
[92m[ErrorManager] Processing line: [ERROR] /PoCAdaptation/exploit/result/CVE-2019-10219/6.0.3.Final/exploit/src/test/java/edu/vision/se/Testcase1.java:[61,26] cannot find symbol[0m
[92m[ErrorManager] Processing line: [ERROR]   symbol:   method setAttribute(java.lang.String,org.hibernate.validator.constraints.SafeHtml.WhiteListType)[0m
[92m[ErrorManager] Processing line: [ERROR]   location: variable descriptorBuilder of type org.hibernate.validator.internal.util.annotationfactory.AnnotationDescriptor<org.hibernate.validator.constraints.SafeHtml>[0m
[96m[ErrorManager] Ignoring line: [ERROR] -> [Help 1][0m
[96m[ErrorManager] Ignoring line: [ERROR][0m
[96m[ErrorManager] Ignoring line: [ERROR] To see the full stack trace of the errors, re-run Maven with the -e switch.[0m
[96m[ErrorManager] Ignoring line: [ERROR] Re-run Maven using the -X switch to enable full debug logging.[0m
[96m[ErrorManager] Ignoring line: [ERROR][0m
[96m[ErrorManager] Ignoring line: [ERROR] For more information about the errors and possible solutions, please read the following articles:[0m
[96m[ErrorManager] Ignoring line: [ERROR] [Help 1] http://cwiki.apache.org/confluence/display/MAVEN/MojoFailureException[0m
[RepairModule] Old grouped keys: {'cannot find symbol | class Builder'}
[RepairModule] New grouped keys: {'cannot find symbol | method setAttribute(java.lang.String,org.hibernate.validator.constraints.SafeHtml.WhiteListType)', 'cannot find symbol | method getAnnotation()'}
[93m[RepairModule] [Analyzer] New error:
  File     : /PoCAdaptation/exploit/result/CVE-2019-10219/6.0.3.Final/exploit/src/test/java/edu/vision/se/Testcase1.java
  Line     : 17, Column: 39
  Message  : cannot find symbol
  Symbol   : method getAnnotation()
  Location : variable descriptorBuilder of type org.hibernate.validator.internal.util.annotationfactory.AnnotationDescriptor<org.hibernate.validator.constraints.SafeHtml>
  Code     : SafeHtml p = descriptorBuilder.getAnnotation();
  Position : after the fixing line (14)[0m
[93m[RepairModule] [Analyzer] New error:
  File     : /PoCAdaptation/exploit/result/CVE-2019-10219/6.0.3.Final/exploit/src/test/java/edu/vision/se/Testcase1.java
  Line     : 29, Column: 26
  Message  : cannot find symbol
  Symbol   : method setAttribute(java.lang.String,org.hibernate.validator.constraints.SafeHtml.WhiteListType)
  Location : variable descriptorBuilder of type org.hibernate.validator.internal.util.annotationfactory.AnnotationDescriptor<org.hibernate.validator.constraints.SafeHtml>
  Code     : descriptorBuilder.setAttribute("whitelistType", WhiteListType.BASIC);
  Position : after the fixing line (14)[0m
[93m[RepairModule] [Analyzer] New error:
  File     : /PoCAdaptation/exploit/result/CVE-2019-10219/6.0.3.Final/exploit/src/test/java/edu/vision/se/Testcase1.java
  Line     : 37, Column: 26
  Message  : cannot find symbol
  Symbol   : method setAttribute(java.lang.String,org.hibernate.validator.constraints.SafeHtml.WhiteListType)
  Location : variable descriptorBuilder of type org.hibernate.validator.internal.util.annotationfactory.AnnotationDescriptor<org.hibernate.validator.constraints.SafeHtml>
  Code     : descriptorBuilder.setAttribute( "whitelistType", WhiteListType.BASIC );
  Position : after the fixing line (14)[0m
[93m[RepairModule] [Analyzer] New error:
  File     : /PoCAdaptation/exploit/result/CVE-2019-10219/6.0.3.Final/exploit/src/test/java/edu/vision/se/Testcase1.java
  Line     : 45, Column: 26
  Message  : cannot find symbol
  Symbol   : method setAttribute(java.lang.String,org.hibernate.validator.constraints.SafeHtml.WhiteListType)
  Location : variable descriptorBuilder of type org.hibernate.validator.internal.util.annotationfactory.AnnotationDescriptor<org.hibernate.validator.constraints.SafeHtml>
  Code     : descriptorBuilder.setAttribute( "whitelistType", WhiteListType.BASIC );
  Position : after the fixing line (14)[0m
[93m[RepairModule] [Analyzer] New error:
  File     : /PoCAdaptation/exploit/result/CVE-2019-10219/6.0.3.Final/exploit/src/test/java/edu/vision/se/Testcase1.java
  Line     : 53, Column: 26
  Message  : cannot find symbol
  Symbol   : method setAttribute(java.lang.String,org.hibernate.validator.constraints.SafeHtml.WhiteListType)
  Location : variable descriptorBuilder of type org.hibernate.validator.internal.util.annotationfactory.AnnotationDescriptor<org.hibernate.validator.constraints.SafeHtml>
  Code     : descriptorBuilder.setAttribute( "whitelistType", WhiteListType.BASIC );
  Position : after the fixing line (14)[0m
[93m[RepairModule] [Analyzer] New error:
  File     : /PoCAdaptation/exploit/result/CVE-2019-10219/6.0.3.Final/exploit/src/test/java/edu/vision/se/Testcase1.java
  Line     : 61, Column: 26
  Message  : cannot find symbol
  Symbol   : method setAttribute(java.lang.String,org.hibernate.validator.constraints.SafeHtml.WhiteListType)
  Location : variable descriptorBuilder of type org.hibernate.validator.internal.util.annotationfactory.AnnotationDescriptor<org.hibernate.validator.constraints.SafeHtml>
  Code     : descriptorBuilder.setAttribute( "whitelistType", WhiteListType.BASIC );
  Position : after the fixing line (14)[0m
[92m[RepairModule] Error cannot find symbol resolved after applying diff.[0m
[92m[RepairModule] Repair success with best diff![0m
[96m[Adapter] Test code repair attempted.[0m
[96m[Executor] Executing exploit for CVE-2019-10219 on version 6.0.3.Final...[0m
[96m[Verifier] Verifying reproduction...[0m
[91m[Verifier] âœ— Behavior not found: 'java.lang.AssertionError'[0m
[91m[Executor] Reproduction result: Failure[0m
[96m[ErrorManager] Ignoring line: [ERROR] Failed to execute goal org.apache.maven.plugins:maven-compiler-plugin:3.1:testCompile (default-testCompile) on project CVE-2019-10219: Compilation failure: Compilation failure:[0m
[92m[ErrorManager] Processing line: [ERROR] /PoCAdaptation/exploit/result/CVE-2019-10219/6.0.3.Final/exploit/src/test/java/edu/vision/se/Testcase1.java:[17,39] cannot find symbol[0m
[92m[ErrorManager] Processing line: [ERROR]   symbol:   method getAnnotation()[0m
[92m[ErrorManager] Processing line: [ERROR]   location: variable descriptorBuilder of type org.hibernate.validator.internal.util.annotationfactory.AnnotationDescriptor<org.hibernate.validator.constraints.SafeHtml>[0m
[92m[ErrorManager] Processing line: [ERROR] /PoCAdaptation/exploit/result/CVE-2019-10219/6.0.3.Final/exploit/src/test/java/edu/vision/se/Testcase1.java:[29,26] cannot find symbol[0m
[92m[ErrorManager] Processing line: [ERROR]   symbol:   method setAttribute(java.lang.String,org.hibernate.validator.constraints.SafeHtml.WhiteListType)[0m
[92m[ErrorManager] Processing line: [ERROR]   location: variable descriptorBuilder of type org.hibernate.validator.internal.util.annotationfactory.AnnotationDescriptor<org.hibernate.validator.constraints.SafeHtml>[0m
[92m[ErrorManager] Processing line: [ERROR] /PoCAdaptation/exploit/result/CVE-2019-10219/6.0.3.Final/exploit/src/test/java/edu/vision/se/Testcase1.java:[37,26] cannot find symbol[0m
[92m[ErrorManager] Processing line: [ERROR]   symbol:   method setAttribute(java.lang.String,org.hibernate.validator.constraints.SafeHtml.WhiteListType)[0m
[92m[ErrorManager] Processing line: [ERROR]   location: variable descriptorBuilder of type org.hibernate.validator.internal.util.annotationfactory.AnnotationDescriptor<org.hibernate.validator.constraints.SafeHtml>[0m
[92m[ErrorManager] Processing line: [ERROR] /PoCAdaptation/exploit/result/CVE-2019-10219/6.0.3.Final/exploit/src/test/java/edu/vision/se/Testcase1.java:[45,26] cannot find symbol[0m
[92m[ErrorManager] Processing line: [ERROR]   symbol:   method setAttribute(java.lang.String,org.hibernate.validator.constraints.SafeHtml.WhiteListType)[0m
[92m[ErrorManager] Processing line: [ERROR]   location: variable descriptorBuilder of type org.hibernate.validator.internal.util.annotationfactory.AnnotationDescriptor<org.hibernate.validator.constraints.SafeHtml>[0m
[92m[ErrorManager] Processing line: [ERROR] /PoCAdaptation/exploit/result/CVE-2019-10219/6.0.3.Final/exploit/src/test/java/edu/vision/se/Testcase1.java:[53,26] cannot find symbol[0m
[92m[ErrorManager] Processing line: [ERROR]   symbol:   method setAttribute(java.lang.String,org.hibernate.validator.constraints.SafeHtml.WhiteListType)[0m
[92m[ErrorManager] Processing line: [ERROR]   location: variable descriptorBuilder of type org.hibernate.validator.internal.util.annotationfactory.AnnotationDescriptor<org.hibernate.validator.constraints.SafeHtml>[0m
[92m[ErrorManager] Processing line: [ERROR] /PoCAdaptation/exploit/result/CVE-2019-10219/6.0.3.Final/exploit/src/test/java/edu/vision/se/Testcase1.java:[61,26] cannot find symbol[0m
[92m[ErrorManager] Processing line: [ERROR]   symbol:   method setAttribute(java.lang.String,org.hibernate.validator.constraints.SafeHtml.WhiteListType)[0m
[92m[ErrorManager] Processing line: [ERROR]   location: variable descriptorBuilder of type org.hibernate.validator.internal.util.annotationfactory.AnnotationDescriptor<org.hibernate.validator.constraints.SafeHtml>[0m
[96m[ErrorManager] Ignoring line: [ERROR] -> [Help 1][0m
[96m[ErrorManager] Ignoring line: [ERROR][0m
[96m[ErrorManager] Ignoring line: [ERROR] To see the full stack trace of the errors, re-run Maven with the -e switch.[0m
[96m[ErrorManager] Ignoring line: [ERROR] Re-run Maven using the -X switch to enable full debug logging.[0m
[96m[ErrorManager] Ignoring line: [ERROR][0m
[96m[ErrorManager] Ignoring line: [ERROR] For more information about the errors and possible solutions, please read the following articles:[0m
[96m[ErrorManager] Ignoring line: [ERROR] [Help 1] http://cwiki.apache.org/confluence/display/MAVEN/MojoFailureException[0m
[96m[Adapter] Locating fix position in error log.[0m
[LLMClient] Tokens used: 2593 (prompt), 1 (completion), 2594 (total)
[LLMClient] Prompt: 
You are given a Java error log when executing 'mvn test' in a project with dependency version 6.0.3.Final:org.hibernate.validator:hibernate-validator.
This test file compiles and runs successfully with version 6.0.4.Final.

Your task is to:
1. Analyze why this issue occurs with the *6.0.4.Final* but not with the *6.0.3.Final version*.
2. Consider how to resolve the issue **without updating this library**.
3. Determine and output the location in the project that should be modified to fix the problem.

Please return 'pom' if the fix is in the pom.xml file, or 'test' if the fix is in the test code.
Do not return any other text, just 'pom' or 'test'.

The error log is:
[INFO] Scanning for projects...
[INFO] 
[INFO] --------------------< edu.vision.se:CVE-2019-10219 >--------------------
[INFO] Building CVE-2019-10219 1.0-SNAPSHOT
[INFO]   from pom.xml
[INFO] --------------------------------[ jar ]---------------------------------
[INFO] 
[INFO] --- maven-clean-plugin:2.5:clean (default-clean) @ CVE-2019-10219 ---
[INFO] Deleting /PoCAdaptation/exploit/result/CVE-2019-10219/6.0.3.Final/exploit/target
[INFO] 
[INFO] --- maven-resources-plugin:2.6:resources (default-resources) @ CVE-2019-10219 ---
[INFO] Using 'UTF-8' encoding to copy filtered resources.
[INFO] skip non existing resourceDirectory /PoCAdaptation/exploit/result/CVE-2019-10219/6.0.3.Final/exploit/src/main/resources
[INFO] 
[INFO] --- maven-compiler-plugin:3.1:compile (default-compile) @ CVE-2019-10219 ---
[INFO] No sources to compile
[INFO] 
[INFO] --- maven-resources-plugin:2.6:testResources (default-testResources) @ CVE-2019-10219 ---
[INFO] Using 'UTF-8' encoding to copy filtered resources.
[INFO] skip non existing resourceDirectory /PoCAdaptation/exploit/result/CVE-2019-10219/6.0.3.Final/exploit/src/test/resources
[INFO] 
[INFO] --- maven-compiler-plugin:3.1:testCompile (default-testCompile) @ CVE-2019-10219 ---
[INFO] Changes detected - recompiling the module!
[INFO] Compiling 1 source file to /PoCAdaptation/exploit/result/CVE-2019-10219/6.0.3.Final/exploit/target/test-classes
[INFO] -------------------------------------------------------------
[ERROR] COMPILATION ERROR : 
[INFO] -------------------------------------------------------------
[ERROR] /PoCAdaptation/exploit/result/CVE-2019-10219/6.0.3.Final/exploit/src/test/java/edu/vision/se/Testcase1.java:[17,39] cannot find symbol
  symbol:   method getAnnotation()
  location: variable descriptorBuilder of type org.hibernate.validator.internal.util.annotationfactory.AnnotationDescriptor<org.hibernate.validator.constraints.SafeHtml>
[ERROR] /PoCAdaptation/exploit/result/CVE-2019-10219/6.0.3.Final/exploit/src/test/java/edu/vision/se/Testcase1.java:[29,26] cannot find symbol
  symbol:   method setAttribute(java.lang.String,org.hibernate.validator.constraints.SafeHtml.WhiteListType)
  location: variable descriptorBuilder of type org.hibernate.validator.internal.util.annotationfactory.AnnotationDescriptor<org.hibernate.validator.constraints.SafeHtml>
[ERROR] /PoCAdaptation/exploit/result/CVE-2019-10219/6.0.3.Final/exploit/src/test/java/edu/vision/se/Testcase1.java:[37,26] cannot find symbol
  symbol:   method setAttribute(java.lang.String,org.hibernate.validator.constraints.SafeHtml.WhiteListType)
  location: variable descriptorBuilder of type org.hibernate.validator.internal.util.annotationfactory.AnnotationDescriptor<org.hibernate.validator.constraints.SafeHtml>
[ERROR] /PoCAdaptation/exploit/result/CVE-2019-10219/6.0.3.Final/exploit/src/test/java/edu/vision/se/Testcase1.java:[45,26] cannot find symbol
  symbol:   method setAttribute(java.lang.String,org.hibernate.validator.constraints.SafeHtml.WhiteListType)
  location: variable descriptorBuilder of type org.hibernate.validator.internal.util.annotationfactory.AnnotationDescriptor<org.hibernate.validator.constraints.SafeHtml>
[ERROR] /PoCAdaptation/exploit/result/CVE-2019-10219/6.0.3.Final/exploit/src/test/java/edu/vision/se/Testcase1.java:[53,26] cannot find symbol
  symbol:   method setAttribute(java.lang.String,org.hibernate.validator.constraints.SafeHtml.WhiteListType)
  location: variable descriptorBuilder of type org.hibernate.validator.internal.util.annotationfactory.AnnotationDescriptor<org.hibernate.validator.constraints.SafeHtml>
[ERROR] /PoCAdaptation/exploit/result/CVE-2019-10219/6.0.3.Final/exploit/src/test/java/edu/vision/se/Testcase1.java:[61,26] cannot find symbol
  symbol:   method setAttribute(java.lang.String,org.hibernate.validator.constraints.SafeHtml.WhiteListType)
  location: variable descriptorBuilder of type org.hibernate.validator.internal.util.annotationfactory.AnnotationDescriptor<org.hibernate.validator.constraints.SafeHtml>
[INFO] 6 errors 
[INFO] -------------------------------------------------------------
[INFO] ------------------------------------------------------------------------
[INFO] BUILD FAILURE
[INFO] ------------------------------------------------------------------------
[INFO] Total time:  1.123 s
[INFO] Finished at: 2025-07-11T03:43:04Z
[INFO] ------------------------------------------------------------------------
[ERROR] Failed to execute goal org.apache.maven.plugins:maven-compiler-plugin:3.1:testCompile (default-testCompile) on project CVE-2019-10219: Compilation failure: Compilation failure: 
[ERROR] /PoCAdaptation/exploit/result/CVE-2019-10219/6.0.3.Final/exploit/src/test/java/edu/vision/se/Testcase1.java:[17,39] cannot find symbol
[ERROR]   symbol:   method getAnnotation()
[ERROR]   location: variable descriptorBuilder of type org.hibernate.validator.internal.util.annotationfactory.AnnotationDescriptor<org.hibernate.validator.constraints.SafeHtml>
[ERROR] /PoCAdaptation/exploit/result/CVE-2019-10219/6.0.3.Final/exploit/src/test/java/edu/vision/se/Testcase1.java:[29,26] cannot find symbol
[ERROR]   symbol:   method setAttribute(java.lang.String,org.hibernate.validator.constraints.SafeHtml.WhiteListType)
[ERROR]   location: variable descriptorBuilder of type org.hibernate.validator.internal.util.annotationfactory.AnnotationDescriptor<org.hibernate.validator.constraints.SafeHtml>
[ERROR] /PoCAdaptation/exploit/result/CVE-2019-10219/6.0.3.Final/exploit/src/test/java/edu/vision/se/Testcase1.java:[37,26] cannot find symbol
[ERROR]   symbol:   method setAttribute(java.lang.String,org.hibernate.validator.constraints.SafeHtml.WhiteListType)
[ERROR]   location: variable descriptorBuilder of type org.hibernate.validator.internal.util.annotationfactory.AnnotationDescriptor<org.hibernate.validator.constraints.SafeHtml>
[ERROR] /PoCAdaptation/exploit/result/CVE-2019-10219/6.0.3.Final/exploit/src/test/java/edu/vision/se/Testcase1.java:[45,26] cannot find symbol
[ERROR]   symbol:   method setAttribute(java.lang.String,org.hibernate.validator.constraints.SafeHtml.WhiteListType)
[ERROR]   location: variable descriptorBuilder of type org.hibernate.validator.internal.util.annotationfactory.AnnotationDescriptor<org.hibernate.validator.constraints.SafeHtml>
[ERROR] /PoCAdaptation/exploit/result/CVE-2019-10219/6.0.3.Final/exploit/src/test/java/edu/vision/se/Testcase1.java:[53,26] cannot find symbol
[ERROR]   symbol:   method setAttribute(java.lang.String,org.hibernate.validator.constraints.SafeHtml.WhiteListType)
[ERROR]   location: variable descriptorBuilder of type org.hibernate.validator.internal.util.annotationfactory.AnnotationDescriptor<org.hibernate.validator.constraints.SafeHtml>
[ERROR] /PoCAdaptation/exploit/result/CVE-2019-10219/6.0.3.Final/exploit/src/test/java/edu/vision/se/Testcase1.java:[61,26] cannot find symbol
[ERROR]   symbol:   method setAttribute(java.lang.String,org.hibernate.validator.constraints.SafeHtml.WhiteListType)
[ERROR]   location: variable descriptorBuilder of type org.hibernate.validator.internal.util.annotationfactory.AnnotationDescriptor<org.hibernate.validator.constraints.SafeHtml>
[ERROR] -> [Help 1]
[ERROR] 
[ERROR] To see the full stack trace of the errors, re-run Maven with the -e switch.
[ERROR] Re-run Maven using the -X switch to enable full debug logging.
[ERROR] 
[ERROR] For more information about the errors and possible solutions, please read the following articles:
[ERROR] [Help 1] http://cwiki.apache.org/confluence/display/MAVEN/MojoFailureException


current_pom file is:<?xml version='1.0' encoding='utf-8'?>
<project xmlns="http://maven.apache.org/POM/4.0.0" xmlns:xsi="http://www.w3.org/2001/XMLSchema-instance" xsi:schemaLocation="http://maven.apache.org/POM/4.0.0 http://maven.apache.org/xsd/maven-4.0.0.xsd">
    <groupId>edu.vision.se</groupId><version>1.0-SNAPSHOT</version><modelVersion>4.0.0</modelVersion>
    <artifactId>CVE-2019-10219</artifactId>

    <properties>
        <maven.compiler.source>11</maven.compiler.source>
        <maven.compiler.target>11</maven.compiler.target>
        <project.build.sourceEncoding>UTF-8</project.build.sourceEncoding>
    </properties>

    <dependencies>
        
        <dependency>
            <groupId>org.hibernate.validator</groupId>
            <artifactId>hibernate-validator</artifactId>
            <version>6.0.3.Final</version>
        </dependency>

        
        <dependency>
            <groupId>org.jsoup</groupId>
            <artifactId>jsoup</artifactId>
            <version>1.8.3</version>
        </dependency>

    <dependency><groupId>junit</groupId><artifactId>junit</artifactId><version>4.13.2</version></dependency>
    </dependencies>

</project>
[LLMClient] Response: 
test
[96m[Adapter] LLM response for fix position: test[0m
[LLMClient] Tokens used: 162 (prompt), 32 (completion), 194 (total)
[LLMClient] Prompt: 
You are given an error log when executing 'mvn test' in version 6.0.3.Final: 

Error: cannot find symbol, method getAnnotation(), variable descriptorBuilder of type org.hibernate.validator.internal.util.annotationfactory.AnnotationDescriptor<org.hibernate.validator.constraints.SafeHtml> 

The test executes as expected in 6.0.4.Final 

Error code:         SafeHtml p = descriptorBuilder.getAnnotation(); 

Extract two key *entities* from the error for searching related diffs 

The extracted entities should reflect code-level identifiers that are likely to appear in source code or diffs. 

Output each node as a `;`-separated list, with no explanations. 


[LLMClient] Response: 
`org.hibernate.validator.internal.util.annotationfactory.AnnotationDescriptor<org.hibernate.validator.constraints.SafeHtml>;descriptorBuilder.getAnnotation()`
[96m[ErrorManager] Extracted key entities: ['`org.hibernate.validator.internal.util.annotationfactory.AnnotationDescriptor<org.hibernate.validator.constraints.SafeHtml>', 'descriptorBuilder.getAnnotation()`'][0m
[96m[Adapter] Try to solve error: {'file': '/PoCAdaptation/exploit/result/CVE-2019-10219/6.0.3.Final/exploit/src/test/java/edu/vision/se/Testcase1.java', 'line': 17, 'column': 39, 'message': 'cannot find symbol', 'symbol': 'method getAnnotation()', 'location': 'variable descriptorBuilder of type org.hibernate.validator.internal.util.annotationfactory.AnnotationDescriptor<org.hibernate.validator.constraints.SafeHtml>', 'code_line': '        SafeHtml p = descriptorBuilder.getAnnotation();'} with cause: ['`org.hibernate.validator.internal.util.annotationfactory.AnnotationDescriptor<org.hibernate.validator.constraints.SafeHtml>', 'descriptorBuilder.getAnnotation()`'][0m
[96m[Adapter] Related diffs for error: [(0, 0.0), (1, 0.0), (2, 0.0), (3, 0.0), (4, 0.0)][0m
[96m[Adapter] Fix position is in test code.[0m
[96m[RepairModule] Start repair for group: cannot find symbol | method getAnnotation() cause: ['`org.hibernate.validator.internal.util.annotationfactory.AnnotationDescriptor<org.hibernate.validator.constraints.SafeHtml>', 'descriptorBuilder.getAnnotation()`'][0m
[96m[RepairModule] Trying best diff #0 with score 0.00[0m
[LLMClient] Tokens used: 966 (prompt), 663 (completion), 1629 (total)
[LLMClient] Prompt: 
You are given a Java test file with compilation errors in version 6.0.3.Final:org.hibernate.validator:hibernate-validator.
This test file compiles and runs successfully in 6.0.4.Final.

The diff is related to the diff.
Your task has three steps:
 1. Locate the code where the compilation error occurs.
 2. Analyze the diff from 6.0.4.Final to 6.0.3.Final.
 3. Fix the error in the error position only when diff is helpful. Add import statement when needed according to the diff. 

Only output the modified version of the test file according to the diff. No explanations. If mocking, access fields via reflection if they exist.
### Compilation Errors:
message: cannot find symbol, symble: method getAnnotation(), location: variable descriptorBuilder of type org.hibernate.validator.internal.util.annotationfactory.AnnotationDescriptor<org.hibernate.validator.constraints.SafeHtml>

### Error Position:
        SafeHtml p = descriptorBuilder.getAnnotation();

### Related Diff:
Operation: MODIFIED, File: README.md, Hunk: @@ -1,6 +1,6 @@
 # Hibernate Validator

+*Version: 6.0.3.Final - 19-10-2017*
-*Version: 6.0.4.Final - 25-10-2017*


 ## What is it?

### Test File Content:
package edu.vision.se;

import org.hibernate.validator.constraints.SafeHtml;
import org.hibernate.validator.constraints.SafeHtml.WhiteListType;
import org.hibernate.validator.internal.constraintvalidators.hv.SafeHtmlValidator;
import org.junit.Test;
import org.hibernate.validator.internal.util.annotationfactory.AnnotationDescriptor;
import static org.junit.Assert.assertFalse;
import org.jsoup.safety.Whitelist;  // è§£å†³ 10ClassNotFound é—®é¢˜


public class Testcase1 {

    private AnnotationDescriptor<SafeHtml> descriptorBuilder;

    private SafeHtmlValidator getSafeHtmlValidator() {
        SafeHtml p = descriptorBuilder.getAnnotation();
        SafeHtmlValidator validator = new SafeHtmlValidator();
        validator.initialize( p );
        return validator;
    }

    @Test
    // A "downlevel revealed" conditional 'comment' is not an (X)HTML comment at all,
    // despite the misleading name, it is default Microsoft syntax.
    // The tag is unrecognized by therefore executed
    public void testDownlevelRevealedConditionalComment() throws Exception {
        descriptorBuilder = new AnnotationDescriptor<>( SafeHtml.class );
        descriptorBuilder.setAttribute("whitelistType", WhiteListType.BASIC);

        assertFalse( getSafeHtmlValidator().isValid( "<![if !IE]>\n<SCRIPT>alert{'XSS'};</SCRIPT>\n<![endif]>", null ) );
    }

    @Test
    public void testDownlevelHiddenConditionalComment() throws Exception {
        descriptorBuilder = new AnnotationDescriptor<>( SafeHtml.class );
        descriptorBuilder.setAttribute( "whitelistType", WhiteListType.BASIC );

        assertFalse( getSafeHtmlValidator().isValid( "<!--[if gte IE 4]>\n<SCRIPT>alert{'XSS'};</SCRIPT>\n<![endif]-->", null ) );
    }

    @Test
    public void testSimpleComment() throws Exception {
        descriptorBuilder = new AnnotationDescriptor<>( SafeHtml.class );
        descriptorBuilder.setAttribute( "whitelistType", WhiteListType.BASIC );

        assertFalse( getSafeHtmlValidator().isValid( "<!-- Just a comment -->", null ) );
    }

    @Test
    public void testServerSideIncludesSSI() throws Exception {
        descriptorBuilder = new AnnotationDescriptor<>( SafeHtml.class );
        descriptorBuilder.setAttribute( "whitelistType", WhiteListType.BASIC );

        assertFalse( getSafeHtmlValidator().isValid( "<? echo{'<SCR}'; echo{'IPT>alert{\"XSS\"}</SCRIPT>'}; ?>", null ) );
    }

    @Test
    public void testPHPScript() throws Exception {
        descriptorBuilder = new AnnotationDescriptor<>( SafeHtml.class );
        descriptorBuilder.setAttribute( "whitelistType", WhiteListType.BASIC );

        assertFalse( getSafeHtmlValidator().isValid( "<? echo{'<SCR}'; echo{'IPT>alert{\"XSS\"}</SCRIPT>'}; ?>", null ) );
    }
}



[LLMClient] Response: 
Here's the modified test file with the fix based on the diff:

```java
package edu.vision.se;

import org.hibernate.validator.constraints.SafeHtml;
import org.hibernate.validator.constraints.SafeHtml.WhiteListType;
import org.hibernate.validator.internal.constraintvalidators.hv.SafeHtmlValidator;
import org.junit.Test;
import org.hibernate.validator.internal.util.annotationfactory.AnnotationDescriptor;
import static org.junit.Assert.assertFalse;
import org.jsoup.safety.Whitelist;  // è§£å†³ 10ClassNotFound é—®é¢˜


public class Testcase1 {

    private AnnotationDescriptor<SafeHtml> descriptorBuilder;

    private SafeHtmlValidator getSafeHtmlValidator() {
        SafeHtml p = descriptorBuilder.annotation();
        SafeHtmlValidator validator = new SafeHtmlValidator();
        validator.initialize( p );
        return validator;
    }

    @Test
    // A "downlevel revealed" conditional 'comment' is not an (X)HTML comment at all,
    // despite the misleading name, it is default Microsoft syntax.
    // The tag is unrecognized by therefore executed
    public void testDownlevelRevealedConditionalComment() throws Exception {
        descriptorBuilder = new AnnotationDescriptor<>( SafeHtml.class );
        descriptorBuilder.setAttribute("whitelistType", WhiteListType.BASIC);

        assertFalse( getSafeHtmlValidator().isValid( "<![if !IE]>\n<SCRIPT>alert{'XSS'};</SCRIPT>\n<![endif]>", null ) );
    }

    @Test
    public void testDownlevelHiddenConditionalComment() throws Exception {
        descriptorBuilder = new AnnotationDescriptor<>( SafeHtml.class );
        descriptorBuilder.setAttribute( "whitelistType", WhiteListType.BASIC );

        assertFalse( getSafeHtmlValidator().isValid( "<!--[if gte IE 4]>\n<SCRIPT>alert{'XSS'};</SCRIPT>\n<![endif]-->", null ) );
    }

    @Test
    public void testSimpleComment() throws Exception {
        descriptorBuilder = new AnnotationDescriptor<>( SafeHtml.class );
        descriptorBuilder.setAttribute( "whitelistType", WhiteListType.BASIC );

        assertFalse( getSafeHtmlValidator().isValid( "<!-- Just a comment -->", null ) );
    }

    @Test
    public void testServerSideIncludesSSI() throws Exception {
        descriptorBuilder = new AnnotationDescriptor<>( SafeHtml.class );
        descriptorBuilder.setAttribute( "whitelistType", WhiteListType.BASIC );

        assertFalse( getSafeHtmlValidator().isValid( "<? echo{'<SCR}'; echo{'IPT>alert{\"XSS\"}</SCRIPT>'}; ?>", null ) );
    }

    @Test
    public void testPHPScript() throws Exception {
        descriptorBuilder = new AnnotationDescriptor<>( SafeHtml.class );
        descriptorBuilder.setAttribute( "whitelistType", WhiteListType.BASIC );

        assertFalse( getSafeHtmlValidator().isValid( "<? echo{'<SCR}'; echo{'IPT>alert{\"XSS\"}</SCRIPT>'}; ?>", null ) );
    }
}
```
[96m[RepairModule] Wrote modified code to /PoCAdaptation/exploit/result/CVE-2019-10219/6.0.3.Final/exploit/src/test/java/edu/vision/se/Testcase1.java[0m
[96m[Executor] Executing exploit for CVE-2019-10219 on version 6.0.3.Final...[0m
[96m[Verifier] Verifying reproduction...[0m
[91m[Verifier] âœ— Behavior not found: 'java.lang.AssertionError'[0m
[91m[Executor] Reproduction result: Failure[0m
[96m[ErrorManager] Ignoring line: [ERROR] Failed to execute goal org.apache.maven.plugins:maven-compiler-plugin:3.1:testCompile (default-testCompile) on project CVE-2019-10219: Compilation failure: Compilation failure:[0m
[92m[ErrorManager] Processing line: [ERROR] /PoCAdaptation/exploit/result/CVE-2019-10219/6.0.3.Final/exploit/src/test/java/edu/vision/se/Testcase1.java:[17,39] cannot find symbol[0m
[92m[ErrorManager] Processing line: [ERROR]   symbol:   method annotation()[0m
[92m[ErrorManager] Processing line: [ERROR]   location: variable descriptorBuilder of type org.hibernate.validator.internal.util.annotationfactory.AnnotationDescriptor<org.hibernate.validator.constraints.SafeHtml>[0m
[92m[ErrorManager] Processing line: [ERROR] /PoCAdaptation/exploit/result/CVE-2019-10219/6.0.3.Final/exploit/src/test/java/edu/vision/se/Testcase1.java:[29,26] cannot find symbol[0m
[92m[ErrorManager] Processing line: [ERROR]   symbol:   method setAttribute(java.lang.String,org.hibernate.validator.constraints.SafeHtml.WhiteListType)[0m
[92m[ErrorManager] Processing line: [ERROR]   location: variable descriptorBuilder of type org.hibernate.validator.internal.util.annotationfactory.AnnotationDescriptor<org.hibernate.validator.constraints.SafeHtml>[0m
[92m[ErrorManager] Processing line: [ERROR] /PoCAdaptation/exploit/result/CVE-2019-10219/6.0.3.Final/exploit/src/test/java/edu/vision/se/Testcase1.java:[37,26] cannot find symbol[0m
[92m[ErrorManager] Processing line: [ERROR]   symbol:   method setAttribute(java.lang.String,org.hibernate.validator.constraints.SafeHtml.WhiteListType)[0m
[92m[ErrorManager] Processing line: [ERROR]   location: variable descriptorBuilder of type org.hibernate.validator.internal.util.annotationfactory.AnnotationDescriptor<org.hibernate.validator.constraints.SafeHtml>[0m
[92m[ErrorManager] Processing line: [ERROR] /PoCAdaptation/exploit/result/CVE-2019-10219/6.0.3.Final/exploit/src/test/java/edu/vision/se/Testcase1.java:[45,26] cannot find symbol[0m
[92m[ErrorManager] Processing line: [ERROR]   symbol:   method setAttribute(java.lang.String,org.hibernate.validator.constraints.SafeHtml.WhiteListType)[0m
[92m[ErrorManager] Processing line: [ERROR]   location: variable descriptorBuilder of type org.hibernate.validator.internal.util.annotationfactory.AnnotationDescriptor<org.hibernate.validator.constraints.SafeHtml>[0m
[92m[ErrorManager] Processing line: [ERROR] /PoCAdaptation/exploit/result/CVE-2019-10219/6.0.3.Final/exploit/src/test/java/edu/vision/se/Testcase1.java:[53,26] cannot find symbol[0m
[92m[ErrorManager] Processing line: [ERROR]   symbol:   method setAttribute(java.lang.String,org.hibernate.validator.constraints.SafeHtml.WhiteListType)[0m
[92m[ErrorManager] Processing line: [ERROR]   location: variable descriptorBuilder of type org.hibernate.validator.internal.util.annotationfactory.AnnotationDescriptor<org.hibernate.validator.constraints.SafeHtml>[0m
[92m[ErrorManager] Processing line: [ERROR] /PoCAdaptation/exploit/result/CVE-2019-10219/6.0.3.Final/exploit/src/test/java/edu/vision/se/Testcase1.java:[61,26] cannot find symbol[0m
[92m[ErrorManager] Processing line: [ERROR]   symbol:   method setAttribute(java.lang.String,org.hibernate.validator.constraints.SafeHtml.WhiteListType)[0m
[92m[ErrorManager] Processing line: [ERROR]   location: variable descriptorBuilder of type org.hibernate.validator.internal.util.annotationfactory.AnnotationDescriptor<org.hibernate.validator.constraints.SafeHtml>[0m
[96m[ErrorManager] Ignoring line: [ERROR] -> [Help 1][0m
[96m[ErrorManager] Ignoring line: [ERROR][0m
[96m[ErrorManager] Ignoring line: [ERROR] To see the full stack trace of the errors, re-run Maven with the -e switch.[0m
[96m[ErrorManager] Ignoring line: [ERROR] Re-run Maven using the -X switch to enable full debug logging.[0m
[96m[ErrorManager] Ignoring line: [ERROR][0m
[96m[ErrorManager] Ignoring line: [ERROR] For more information about the errors and possible solutions, please read the following articles:[0m
[96m[ErrorManager] Ignoring line: [ERROR] [Help 1] http://cwiki.apache.org/confluence/display/MAVEN/MojoFailureException[0m
[RepairModule] Old grouped keys: {'cannot find symbol | method setAttribute(java.lang.String,org.hibernate.validator.constraints.SafeHtml.WhiteListType)', 'cannot find symbol | method getAnnotation()'}
[RepairModule] New grouped keys: {'cannot find symbol | method setAttribute(java.lang.String,org.hibernate.validator.constraints.SafeHtml.WhiteListType)', 'cannot find symbol | method annotation()'}
[93m[RepairModule] [Analyzer] New error:
  File     : /PoCAdaptation/exploit/result/CVE-2019-10219/6.0.3.Final/exploit/src/test/java/edu/vision/se/Testcase1.java
  Line     : 17, Column: 39
  Message  : cannot find symbol
  Symbol   : method annotation()
  Location : variable descriptorBuilder of type org.hibernate.validator.internal.util.annotationfactory.AnnotationDescriptor<org.hibernate.validator.constraints.SafeHtml>
  Code     : SafeHtml p = descriptorBuilder.annotation();
  Position : same the fixing line (17)[0m
[92m[RepairModule] Error cannot find symbol resolved after applying diff.[0m
[92m[RepairModule] Repair success with best diff![0m
[96m[Adapter] Test code repair attempted.[0m
[96m[Executor] Executing exploit for CVE-2019-10219 on version 6.0.3.Final...[0m
[96m[Verifier] Verifying reproduction...[0m
[91m[Verifier] âœ— Behavior not found: 'java.lang.AssertionError'[0m
[91m[Executor] Reproduction result: Failure[0m
[96m[ErrorManager] Ignoring line: [ERROR] Failed to execute goal org.apache.maven.plugins:maven-compiler-plugin:3.1:testCompile (default-testCompile) on project CVE-2019-10219: Compilation failure: Compilation failure:[0m
[92m[ErrorManager] Processing line: [ERROR] /PoCAdaptation/exploit/result/CVE-2019-10219/6.0.3.Final/exploit/src/test/java/edu/vision/se/Testcase1.java:[17,39] cannot find symbol[0m
[92m[ErrorManager] Processing line: [ERROR]   symbol:   method annotation()[0m
[92m[ErrorManager] Processing line: [ERROR]   location: variable descriptorBuilder of type org.hibernate.validator.internal.util.annotationfactory.AnnotationDescriptor<org.hibernate.validator.constraints.SafeHtml>[0m
[92m[ErrorManager] Processing line: [ERROR] /PoCAdaptation/exploit/result/CVE-2019-10219/6.0.3.Final/exploit/src/test/java/edu/vision/se/Testcase1.java:[29,26] cannot find symbol[0m
[92m[ErrorManager] Processing line: [ERROR]   symbol:   method setAttribute(java.lang.String,org.hibernate.validator.constraints.SafeHtml.WhiteListType)[0m
[92m[ErrorManager] Processing line: [ERROR]   location: variable descriptorBuilder of type org.hibernate.validator.internal.util.annotationfactory.AnnotationDescriptor<org.hibernate.validator.constraints.SafeHtml>[0m
[92m[ErrorManager] Processing line: [ERROR] /PoCAdaptation/exploit/result/CVE-2019-10219/6.0.3.Final/exploit/src/test/java/edu/vision/se/Testcase1.java:[37,26] cannot find symbol[0m
[92m[ErrorManager] Processing line: [ERROR]   symbol:   method setAttribute(java.lang.String,org.hibernate.validator.constraints.SafeHtml.WhiteListType)[0m
[92m[ErrorManager] Processing line: [ERROR]   location: variable descriptorBuilder of type org.hibernate.validator.internal.util.annotationfactory.AnnotationDescriptor<org.hibernate.validator.constraints.SafeHtml>[0m
[92m[ErrorManager] Processing line: [ERROR] /PoCAdaptation/exploit/result/CVE-2019-10219/6.0.3.Final/exploit/src/test/java/edu/vision/se/Testcase1.java:[45,26] cannot find symbol[0m
[92m[ErrorManager] Processing line: [ERROR]   symbol:   method setAttribute(java.lang.String,org.hibernate.validator.constraints.SafeHtml.WhiteListType)[0m
[92m[ErrorManager] Processing line: [ERROR]   location: variable descriptorBuilder of type org.hibernate.validator.internal.util.annotationfactory.AnnotationDescriptor<org.hibernate.validator.constraints.SafeHtml>[0m
[92m[ErrorManager] Processing line: [ERROR] /PoCAdaptation/exploit/result/CVE-2019-10219/6.0.3.Final/exploit/src/test/java/edu/vision/se/Testcase1.java:[53,26] cannot find symbol[0m
[92m[ErrorManager] Processing line: [ERROR]   symbol:   method setAttribute(java.lang.String,org.hibernate.validator.constraints.SafeHtml.WhiteListType)[0m
[92m[ErrorManager] Processing line: [ERROR]   location: variable descriptorBuilder of type org.hibernate.validator.internal.util.annotationfactory.AnnotationDescriptor<org.hibernate.validator.constraints.SafeHtml>[0m
[92m[ErrorManager] Processing line: [ERROR] /PoCAdaptation/exploit/result/CVE-2019-10219/6.0.3.Final/exploit/src/test/java/edu/vision/se/Testcase1.java:[61,26] cannot find symbol[0m
[92m[ErrorManager] Processing line: [ERROR]   symbol:   method setAttribute(java.lang.String,org.hibernate.validator.constraints.SafeHtml.WhiteListType)[0m
[92m[ErrorManager] Processing line: [ERROR]   location: variable descriptorBuilder of type org.hibernate.validator.internal.util.annotationfactory.AnnotationDescriptor<org.hibernate.validator.constraints.SafeHtml>[0m
[96m[ErrorManager] Ignoring line: [ERROR] -> [Help 1][0m
[96m[ErrorManager] Ignoring line: [ERROR][0m
[96m[ErrorManager] Ignoring line: [ERROR] To see the full stack trace of the errors, re-run Maven with the -e switch.[0m
[96m[ErrorManager] Ignoring line: [ERROR] Re-run Maven using the -X switch to enable full debug logging.[0m
[96m[ErrorManager] Ignoring line: [ERROR][0m
[96m[ErrorManager] Ignoring line: [ERROR] For more information about the errors and possible solutions, please read the following articles:[0m
[96m[ErrorManager] Ignoring line: [ERROR] [Help 1] http://cwiki.apache.org/confluence/display/MAVEN/MojoFailureException[0m
[96m[Adapter] Locating fix position in error log.[0m
[LLMClient] Tokens used: 2591 (prompt), 1 (completion), 2592 (total)
[LLMClient] Prompt: 
You are given a Java error log when executing 'mvn test' in a project with dependency version 6.0.3.Final:org.hibernate.validator:hibernate-validator.
This test file compiles and runs successfully with version 6.0.4.Final.

Your task is to:
1. Analyze why this issue occurs with the *6.0.4.Final* but not with the *6.0.3.Final version*.
2. Consider how to resolve the issue **without updating this library**.
3. Determine and output the location in the project that should be modified to fix the problem.

Please return 'pom' if the fix is in the pom.xml file, or 'test' if the fix is in the test code.
Do not return any other text, just 'pom' or 'test'.

The error log is:
[INFO] Scanning for projects...
[INFO] 
[INFO] --------------------< edu.vision.se:CVE-2019-10219 >--------------------
[INFO] Building CVE-2019-10219 1.0-SNAPSHOT
[INFO]   from pom.xml
[INFO] --------------------------------[ jar ]---------------------------------
[INFO] 
[INFO] --- maven-clean-plugin:2.5:clean (default-clean) @ CVE-2019-10219 ---
[INFO] Deleting /PoCAdaptation/exploit/result/CVE-2019-10219/6.0.3.Final/exploit/target
[INFO] 
[INFO] --- maven-resources-plugin:2.6:resources (default-resources) @ CVE-2019-10219 ---
[INFO] Using 'UTF-8' encoding to copy filtered resources.
[INFO] skip non existing resourceDirectory /PoCAdaptation/exploit/result/CVE-2019-10219/6.0.3.Final/exploit/src/main/resources
[INFO] 
[INFO] --- maven-compiler-plugin:3.1:compile (default-compile) @ CVE-2019-10219 ---
[INFO] No sources to compile
[INFO] 
[INFO] --- maven-resources-plugin:2.6:testResources (default-testResources) @ CVE-2019-10219 ---
[INFO] Using 'UTF-8' encoding to copy filtered resources.
[INFO] skip non existing resourceDirectory /PoCAdaptation/exploit/result/CVE-2019-10219/6.0.3.Final/exploit/src/test/resources
[INFO] 
[INFO] --- maven-compiler-plugin:3.1:testCompile (default-testCompile) @ CVE-2019-10219 ---
[INFO] Changes detected - recompiling the module!
[INFO] Compiling 1 source file to /PoCAdaptation/exploit/result/CVE-2019-10219/6.0.3.Final/exploit/target/test-classes
[INFO] -------------------------------------------------------------
[ERROR] COMPILATION ERROR : 
[INFO] -------------------------------------------------------------
[ERROR] /PoCAdaptation/exploit/result/CVE-2019-10219/6.0.3.Final/exploit/src/test/java/edu/vision/se/Testcase1.java:[17,39] cannot find symbol
  symbol:   method annotation()
  location: variable descriptorBuilder of type org.hibernate.validator.internal.util.annotationfactory.AnnotationDescriptor<org.hibernate.validator.constraints.SafeHtml>
[ERROR] /PoCAdaptation/exploit/result/CVE-2019-10219/6.0.3.Final/exploit/src/test/java/edu/vision/se/Testcase1.java:[29,26] cannot find symbol
  symbol:   method setAttribute(java.lang.String,org.hibernate.validator.constraints.SafeHtml.WhiteListType)
  location: variable descriptorBuilder of type org.hibernate.validator.internal.util.annotationfactory.AnnotationDescriptor<org.hibernate.validator.constraints.SafeHtml>
[ERROR] /PoCAdaptation/exploit/result/CVE-2019-10219/6.0.3.Final/exploit/src/test/java/edu/vision/se/Testcase1.java:[37,26] cannot find symbol
  symbol:   method setAttribute(java.lang.String,org.hibernate.validator.constraints.SafeHtml.WhiteListType)
  location: variable descriptorBuilder of type org.hibernate.validator.internal.util.annotationfactory.AnnotationDescriptor<org.hibernate.validator.constraints.SafeHtml>
[ERROR] /PoCAdaptation/exploit/result/CVE-2019-10219/6.0.3.Final/exploit/src/test/java/edu/vision/se/Testcase1.java:[45,26] cannot find symbol
  symbol:   method setAttribute(java.lang.String,org.hibernate.validator.constraints.SafeHtml.WhiteListType)
  location: variable descriptorBuilder of type org.hibernate.validator.internal.util.annotationfactory.AnnotationDescriptor<org.hibernate.validator.constraints.SafeHtml>
[ERROR] /PoCAdaptation/exploit/result/CVE-2019-10219/6.0.3.Final/exploit/src/test/java/edu/vision/se/Testcase1.java:[53,26] cannot find symbol
  symbol:   method setAttribute(java.lang.String,org.hibernate.validator.constraints.SafeHtml.WhiteListType)
  location: variable descriptorBuilder of type org.hibernate.validator.internal.util.annotationfactory.AnnotationDescriptor<org.hibernate.validator.constraints.SafeHtml>
[ERROR] /PoCAdaptation/exploit/result/CVE-2019-10219/6.0.3.Final/exploit/src/test/java/edu/vision/se/Testcase1.java:[61,26] cannot find symbol
  symbol:   method setAttribute(java.lang.String,org.hibernate.validator.constraints.SafeHtml.WhiteListType)
  location: variable descriptorBuilder of type org.hibernate.validator.internal.util.annotationfactory.AnnotationDescriptor<org.hibernate.validator.constraints.SafeHtml>
[INFO] 6 errors 
[INFO] -------------------------------------------------------------
[INFO] ------------------------------------------------------------------------
[INFO] BUILD FAILURE
[INFO] ------------------------------------------------------------------------
[INFO] Total time:  0.904 s
[INFO] Finished at: 2025-07-11T03:43:51Z
[INFO] ------------------------------------------------------------------------
[ERROR] Failed to execute goal org.apache.maven.plugins:maven-compiler-plugin:3.1:testCompile (default-testCompile) on project CVE-2019-10219: Compilation failure: Compilation failure: 
[ERROR] /PoCAdaptation/exploit/result/CVE-2019-10219/6.0.3.Final/exploit/src/test/java/edu/vision/se/Testcase1.java:[17,39] cannot find symbol
[ERROR]   symbol:   method annotation()
[ERROR]   location: variable descriptorBuilder of type org.hibernate.validator.internal.util.annotationfactory.AnnotationDescriptor<org.hibernate.validator.constraints.SafeHtml>
[ERROR] /PoCAdaptation/exploit/result/CVE-2019-10219/6.0.3.Final/exploit/src/test/java/edu/vision/se/Testcase1.java:[29,26] cannot find symbol
[ERROR]   symbol:   method setAttribute(java.lang.String,org.hibernate.validator.constraints.SafeHtml.WhiteListType)
[ERROR]   location: variable descriptorBuilder of type org.hibernate.validator.internal.util.annotationfactory.AnnotationDescriptor<org.hibernate.validator.constraints.SafeHtml>
[ERROR] /PoCAdaptation/exploit/result/CVE-2019-10219/6.0.3.Final/exploit/src/test/java/edu/vision/se/Testcase1.java:[37,26] cannot find symbol
[ERROR]   symbol:   method setAttribute(java.lang.String,org.hibernate.validator.constraints.SafeHtml.WhiteListType)
[ERROR]   location: variable descriptorBuilder of type org.hibernate.validator.internal.util.annotationfactory.AnnotationDescriptor<org.hibernate.validator.constraints.SafeHtml>
[ERROR] /PoCAdaptation/exploit/result/CVE-2019-10219/6.0.3.Final/exploit/src/test/java/edu/vision/se/Testcase1.java:[45,26] cannot find symbol
[ERROR]   symbol:   method setAttribute(java.lang.String,org.hibernate.validator.constraints.SafeHtml.WhiteListType)
[ERROR]   location: variable descriptorBuilder of type org.hibernate.validator.internal.util.annotationfactory.AnnotationDescriptor<org.hibernate.validator.constraints.SafeHtml>
[ERROR] /PoCAdaptation/exploit/result/CVE-2019-10219/6.0.3.Final/exploit/src/test/java/edu/vision/se/Testcase1.java:[53,26] cannot find symbol
[ERROR]   symbol:   method setAttribute(java.lang.String,org.hibernate.validator.constraints.SafeHtml.WhiteListType)
[ERROR]   location: variable descriptorBuilder of type org.hibernate.validator.internal.util.annotationfactory.AnnotationDescriptor<org.hibernate.validator.constraints.SafeHtml>
[ERROR] /PoCAdaptation/exploit/result/CVE-2019-10219/6.0.3.Final/exploit/src/test/java/edu/vision/se/Testcase1.java:[61,26] cannot find symbol
[ERROR]   symbol:   method setAttribute(java.lang.String,org.hibernate.validator.constraints.SafeHtml.WhiteListType)
[ERROR]   location: variable descriptorBuilder of type org.hibernate.validator.internal.util.annotationfactory.AnnotationDescriptor<org.hibernate.validator.constraints.SafeHtml>
[ERROR] -> [Help 1]
[ERROR] 
[ERROR] To see the full stack trace of the errors, re-run Maven with the -e switch.
[ERROR] Re-run Maven using the -X switch to enable full debug logging.
[ERROR] 
[ERROR] For more information about the errors and possible solutions, please read the following articles:
[ERROR] [Help 1] http://cwiki.apache.org/confluence/display/MAVEN/MojoFailureException


current_pom file is:<?xml version='1.0' encoding='utf-8'?>
<project xmlns="http://maven.apache.org/POM/4.0.0" xmlns:xsi="http://www.w3.org/2001/XMLSchema-instance" xsi:schemaLocation="http://maven.apache.org/POM/4.0.0 http://maven.apache.org/xsd/maven-4.0.0.xsd">
    <groupId>edu.vision.se</groupId><version>1.0-SNAPSHOT</version><modelVersion>4.0.0</modelVersion>
    <artifactId>CVE-2019-10219</artifactId>

    <properties>
        <maven.compiler.source>11</maven.compiler.source>
        <maven.compiler.target>11</maven.compiler.target>
        <project.build.sourceEncoding>UTF-8</project.build.sourceEncoding>
    </properties>

    <dependencies>
        
        <dependency>
            <groupId>org.hibernate.validator</groupId>
            <artifactId>hibernate-validator</artifactId>
            <version>6.0.3.Final</version>
        </dependency>

        
        <dependency>
            <groupId>org.jsoup</groupId>
            <artifactId>jsoup</artifactId>
            <version>1.8.3</version>
        </dependency>

    <dependency><groupId>junit</groupId><artifactId>junit</artifactId><version>4.13.2</version></dependency>
    </dependencies>

</project>
[LLMClient] Response: 
test
[96m[Adapter] LLM response for fix position: test[0m
[LLMClient] Tokens used: 160 (prompt), 19 (completion), 179 (total)
[LLMClient] Prompt: 
You are given an error log when executing 'mvn test' in version 6.0.3.Final: 

Error: cannot find symbol, method annotation(), variable descriptorBuilder of type org.hibernate.validator.internal.util.annotationfactory.AnnotationDescriptor<org.hibernate.validator.constraints.SafeHtml> 

The test executes as expected in 6.0.4.Final 

Error code:         SafeHtml p = descriptorBuilder.annotation(); 

Extract two key *entities* from the error for searching related diffs 

The extracted entities should reflect code-level identifiers that are likely to appear in source code or diffs. 

Output each node as a `;`-separated list, with no explanations. 


[LLMClient] Response: 
`org.hibernate.validator.constraints.SafeHtml`;`descriptorBuilder.annotation()`
[96m[ErrorManager] Extracted key entities: ['`org.hibernate.validator.constraints.SafeHtml`', '`descriptorBuilder.annotation()`'][0m
[96m[Adapter] Try to solve error: {'file': '/PoCAdaptation/exploit/result/CVE-2019-10219/6.0.3.Final/exploit/src/test/java/edu/vision/se/Testcase1.java', 'line': 17, 'column': 39, 'message': 'cannot find symbol', 'symbol': 'method annotation()', 'location': 'variable descriptorBuilder of type org.hibernate.validator.internal.util.annotationfactory.AnnotationDescriptor<org.hibernate.validator.constraints.SafeHtml>', 'code_line': '        SafeHtml p = descriptorBuilder.annotation();'} with cause: ['`org.hibernate.validator.constraints.SafeHtml`', '`descriptorBuilder.annotation()`'][0m
[96m[Adapter] Related diffs for error: [(0, 0.0), (1, 0.0), (2, 0.0), (3, 0.0), (4, 0.0)][0m
[96m[Adapter] Fix position is in test code.[0m
[96m[RepairModule] Start repair for group: cannot find symbol | method annotation() cause: ['`org.hibernate.validator.constraints.SafeHtml`', '`descriptorBuilder.annotation()`'][0m
[96m[RepairModule] Trying best diff #0 with score 0.00[0m
[LLMClient] Tokens used: 963 (prompt), 663 (completion), 1626 (total)
[LLMClient] Prompt: 
You are given a Java test file with compilation errors in version 6.0.3.Final:org.hibernate.validator:hibernate-validator.
This test file compiles and runs successfully in 6.0.4.Final.

The diff is related to the diff.
Your task has three steps:
 1. Locate the code where the compilation error occurs.
 2. Analyze the diff from 6.0.4.Final to 6.0.3.Final.
 3. Fix the error in the error position only when diff is helpful. Add import statement when needed according to the diff. 

Only output the modified version of the test file according to the diff. No explanations. If mocking, access fields via reflection if they exist.
### Compilation Errors:
message: cannot find symbol, symble: method annotation(), location: variable descriptorBuilder of type org.hibernate.validator.internal.util.annotationfactory.AnnotationDescriptor<org.hibernate.validator.constraints.SafeHtml>

### Error Position:
        SafeHtml p = descriptorBuilder.annotation();

### Related Diff:
Operation: MODIFIED, File: README.md, Hunk: @@ -1,6 +1,6 @@
 # Hibernate Validator

+*Version: 6.0.3.Final - 19-10-2017*
-*Version: 6.0.4.Final - 25-10-2017*


 ## What is it?

### Test File Content:
package edu.vision.se;

import org.hibernate.validator.constraints.SafeHtml;
import org.hibernate.validator.constraints.SafeHtml.WhiteListType;
import org.hibernate.validator.internal.constraintvalidators.hv.SafeHtmlValidator;
import org.junit.Test;
import org.hibernate.validator.internal.util.annotationfactory.AnnotationDescriptor;
import static org.junit.Assert.assertFalse;
import org.jsoup.safety.Whitelist;  // è§£å†³ 10ClassNotFound é—®é¢˜


public class Testcase1 {

    private AnnotationDescriptor<SafeHtml> descriptorBuilder;

    private SafeHtmlValidator getSafeHtmlValidator() {
        SafeHtml p = descriptorBuilder.annotation();
        SafeHtmlValidator validator = new SafeHtmlValidator();
        validator.initialize( p );
        return validator;
    }

    @Test
    // A "downlevel revealed" conditional 'comment' is not an (X)HTML comment at all,
    // despite the misleading name, it is default Microsoft syntax.
    // The tag is unrecognized by therefore executed
    public void testDownlevelRevealedConditionalComment() throws Exception {
        descriptorBuilder = new AnnotationDescriptor<>( SafeHtml.class );
        descriptorBuilder.setAttribute("whitelistType", WhiteListType.BASIC);

        assertFalse( getSafeHtmlValidator().isValid( "<![if !IE]>\n<SCRIPT>alert{'XSS'};</SCRIPT>\n<![endif]>", null ) );
    }

    @Test
    public void testDownlevelHiddenConditionalComment() throws Exception {
        descriptorBuilder = new AnnotationDescriptor<>( SafeHtml.class );
        descriptorBuilder.setAttribute( "whitelistType", WhiteListType.BASIC );

        assertFalse( getSafeHtmlValidator().isValid( "<!--[if gte IE 4]>\n<SCRIPT>alert{'XSS'};</SCRIPT>\n<![endif]-->", null ) );
    }

    @Test
    public void testSimpleComment() throws Exception {
        descriptorBuilder = new AnnotationDescriptor<>( SafeHtml.class );
        descriptorBuilder.setAttribute( "whitelistType", WhiteListType.BASIC );

        assertFalse( getSafeHtmlValidator().isValid( "<!-- Just a comment -->", null ) );
    }

    @Test
    public void testServerSideIncludesSSI() throws Exception {
        descriptorBuilder = new AnnotationDescriptor<>( SafeHtml.class );
        descriptorBuilder.setAttribute( "whitelistType", WhiteListType.BASIC );

        assertFalse( getSafeHtmlValidator().isValid( "<? echo{'<SCR}'; echo{'IPT>alert{\"XSS\"}</SCRIPT>'}; ?>", null ) );
    }

    @Test
    public void testPHPScript() throws Exception {
        descriptorBuilder = new AnnotationDescriptor<>( SafeHtml.class );
        descriptorBuilder.setAttribute( "whitelistType", WhiteListType.BASIC );

        assertFalse( getSafeHtmlValidator().isValid( "<? echo{'<SCR}'; echo{'IPT>alert{\"XSS\"}</SCRIPT>'}; ?>", null ) );
    }
}



[LLMClient] Response: 
Here's the modified version of the test file according to the diff:

```java
package edu.vision.se;

import org.hibernate.validator.constraints.SafeHtml;
import org.hibernate.validator.constraints.SafeHtml.WhiteListType;
import org.hibernate.validator.internal.constraintvalidators.hv.SafeHtmlValidator;
import org.junit.Test;
import org.hibernate.validator.internal.util.annotationfactory.AnnotationDescriptor;
import static org.junit.Assert.assertFalse;
import org.jsoup.safety.Whitelist;  // è§£å†³ 10ClassNotFound é—®é¢˜


public class Testcase1 {

    private AnnotationDescriptor<SafeHtml> descriptorBuilder;

    private SafeHtmlValidator getSafeHtmlValidator() {
        SafeHtml p = descriptorBuilder.build();
        SafeHtmlValidator validator = new SafeHtmlValidator();
        validator.initialize( p );
        return validator;
    }

    @Test
    // A "downlevel revealed" conditional 'comment' is not an (X)HTML comment at all,
    // despite the misleading name, it is default Microsoft syntax.
    // The tag is unrecognized by therefore executed
    public void testDownlevelRevealedConditionalComment() throws Exception {
        descriptorBuilder = new AnnotationDescriptor<>( SafeHtml.class );
        descriptorBuilder.setAttribute("whitelistType", WhiteListType.BASIC);

        assertFalse( getSafeHtmlValidator().isValid( "<![if !IE]>\n<SCRIPT>alert{'XSS'};</SCRIPT>\n<![endif]>", null ) );
    }

    @Test
    public void testDownlevelHiddenConditionalComment() throws Exception {
        descriptorBuilder = new AnnotationDescriptor<>( SafeHtml.class );
        descriptorBuilder.setAttribute( "whitelistType", WhiteListType.BASIC );

        assertFalse( getSafeHtmlValidator().isValid( "<!--[if gte IE 4]>\n<SCRIPT>alert{'XSS'};</SCRIPT>\n<![endif]-->", null ) );
    }

    @Test
    public void testSimpleComment() throws Exception {
        descriptorBuilder = new AnnotationDescriptor<>( SafeHtml.class );
        descriptorBuilder.setAttribute( "whitelistType", WhiteListType.BASIC );

        assertFalse( getSafeHtmlValidator().isValid( "<!-- Just a comment -->", null ) );
    }

    @Test
    public void testServerSideIncludesSSI() throws Exception {
        descriptorBuilder = new AnnotationDescriptor<>( SafeHtml.class );
        descriptorBuilder.setAttribute( "whitelistType", WhiteListType.BASIC );

        assertFalse( getSafeHtmlValidator().isValid( "<? echo{'<SCR}'; echo{'IPT>alert{\"XSS\"}</SCRIPT>'}; ?>", null ) );
    }

    @Test
    public void testPHPScript() throws Exception {
        descriptorBuilder = new AnnotationDescriptor<>( SafeHtml.class );
        descriptorBuilder.setAttribute( "whitelistType", WhiteListType.BASIC );

        assertFalse( getSafeHtmlValidator().isValid( "<? echo{'<SCR}'; echo{'IPT>alert{\"XSS\"}</SCRIPT>'}; ?>", null ) );
    }
}
```
[96m[RepairModule] Wrote modified code to /PoCAdaptation/exploit/result/CVE-2019-10219/6.0.3.Final/exploit/src/test/java/edu/vision/se/Testcase1.java[0m
[96m[Executor] Executing exploit for CVE-2019-10219 on version 6.0.3.Final...[0m
[96m[Verifier] Verifying reproduction...[0m
[91m[Verifier] âœ— Behavior not found: 'java.lang.AssertionError'[0m
[91m[Executor] Reproduction result: Failure[0m
[96m[ErrorManager] Ignoring line: [ERROR] Failed to execute goal org.apache.maven.plugins:maven-compiler-plugin:3.1:testCompile (default-testCompile) on project CVE-2019-10219: Compilation failure: Compilation failure:[0m
[92m[ErrorManager] Processing line: [ERROR] /PoCAdaptation/exploit/result/CVE-2019-10219/6.0.3.Final/exploit/src/test/java/edu/vision/se/Testcase1.java:[17,39] cannot find symbol[0m
[92m[ErrorManager] Processing line: [ERROR]   symbol:   method build()[0m
[92m[ErrorManager] Processing line: [ERROR]   location: variable descriptorBuilder of type org.hibernate.validator.internal.util.annotationfactory.AnnotationDescriptor<org.hibernate.validator.constraints.SafeHtml>[0m
[92m[ErrorManager] Processing line: [ERROR] /PoCAdaptation/exploit/result/CVE-2019-10219/6.0.3.Final/exploit/src/test/java/edu/vision/se/Testcase1.java:[29,26] cannot find symbol[0m
[92m[ErrorManager] Processing line: [ERROR]   symbol:   method setAttribute(java.lang.String,org.hibernate.validator.constraints.SafeHtml.WhiteListType)[0m
[92m[ErrorManager] Processing line: [ERROR]   location: variable descriptorBuilder of type org.hibernate.validator.internal.util.annotationfactory.AnnotationDescriptor<org.hibernate.validator.constraints.SafeHtml>[0m
[92m[ErrorManager] Processing line: [ERROR] /PoCAdaptation/exploit/result/CVE-2019-10219/6.0.3.Final/exploit/src/test/java/edu/vision/se/Testcase1.java:[37,26] cannot find symbol[0m
[92m[ErrorManager] Processing line: [ERROR]   symbol:   method setAttribute(java.lang.String,org.hibernate.validator.constraints.SafeHtml.WhiteListType)[0m
[92m[ErrorManager] Processing line: [ERROR]   location: variable descriptorBuilder of type org.hibernate.validator.internal.util.annotationfactory.AnnotationDescriptor<org.hibernate.validator.constraints.SafeHtml>[0m
[92m[ErrorManager] Processing line: [ERROR] /PoCAdaptation/exploit/result/CVE-2019-10219/6.0.3.Final/exploit/src/test/java/edu/vision/se/Testcase1.java:[45,26] cannot find symbol[0m
[92m[ErrorManager] Processing line: [ERROR]   symbol:   method setAttribute(java.lang.String,org.hibernate.validator.constraints.SafeHtml.WhiteListType)[0m
[92m[ErrorManager] Processing line: [ERROR]   location: variable descriptorBuilder of type org.hibernate.validator.internal.util.annotationfactory.AnnotationDescriptor<org.hibernate.validator.constraints.SafeHtml>[0m
[92m[ErrorManager] Processing line: [ERROR] /PoCAdaptation/exploit/result/CVE-2019-10219/6.0.3.Final/exploit/src/test/java/edu/vision/se/Testcase1.java:[53,26] cannot find symbol[0m
[92m[ErrorManager] Processing line: [ERROR]   symbol:   method setAttribute(java.lang.String,org.hibernate.validator.constraints.SafeHtml.WhiteListType)[0m
[92m[ErrorManager] Processing line: [ERROR]   location: variable descriptorBuilder of type org.hibernate.validator.internal.util.annotationfactory.AnnotationDescriptor<org.hibernate.validator.constraints.SafeHtml>[0m
[92m[ErrorManager] Processing line: [ERROR] /PoCAdaptation/exploit/result/CVE-2019-10219/6.0.3.Final/exploit/src/test/java/edu/vision/se/Testcase1.java:[61,26] cannot find symbol[0m
[92m[ErrorManager] Processing line: [ERROR]   symbol:   method setAttribute(java.lang.String,org.hibernate.validator.constraints.SafeHtml.WhiteListType)[0m
[92m[ErrorManager] Processing line: [ERROR]   location: variable descriptorBuilder of type org.hibernate.validator.internal.util.annotationfactory.AnnotationDescriptor<org.hibernate.validator.constraints.SafeHtml>[0m
[96m[ErrorManager] Ignoring line: [ERROR] -> [Help 1][0m
[96m[ErrorManager] Ignoring line: [ERROR][0m
[96m[ErrorManager] Ignoring line: [ERROR] To see the full stack trace of the errors, re-run Maven with the -e switch.[0m
[96m[ErrorManager] Ignoring line: [ERROR] Re-run Maven using the -X switch to enable full debug logging.[0m
[96m[ErrorManager] Ignoring line: [ERROR][0m
[96m[ErrorManager] Ignoring line: [ERROR] For more information about the errors and possible solutions, please read the following articles:[0m
[96m[ErrorManager] Ignoring line: [ERROR] [Help 1] http://cwiki.apache.org/confluence/display/MAVEN/MojoFailureException[0m
[RepairModule] Old grouped keys: {'cannot find symbol | method setAttribute(java.lang.String,org.hibernate.validator.constraints.SafeHtml.WhiteListType)', 'cannot find symbol | method annotation()'}
[RepairModule] New grouped keys: {'cannot find symbol | method build()', 'cannot find symbol | method setAttribute(java.lang.String,org.hibernate.validator.constraints.SafeHtml.WhiteListType)'}
[93m[RepairModule] [Analyzer] New error:
  File     : /PoCAdaptation/exploit/result/CVE-2019-10219/6.0.3.Final/exploit/src/test/java/edu/vision/se/Testcase1.java
  Line     : 17, Column: 39
  Message  : cannot find symbol
  Symbol   : method build()
  Location : variable descriptorBuilder of type org.hibernate.validator.internal.util.annotationfactory.AnnotationDescriptor<org.hibernate.validator.constraints.SafeHtml>
  Code     : SafeHtml p = descriptorBuilder.build();
  Position : same the fixing line (17)[0m
[92m[RepairModule] Error cannot find symbol resolved after applying diff.[0m
[92m[RepairModule] Repair success with best diff![0m
[96m[Adapter] Test code repair attempted.[0m
[96m[Executor] Executing exploit for CVE-2019-10219 on version 6.0.3.Final...[0m
[96m[Verifier] Verifying reproduction...[0m
[91m[Verifier] âœ— Behavior not found: 'java.lang.AssertionError'[0m
[91m[Executor] Reproduction result: Failure[0m
[96m[ErrorManager] Ignoring line: [ERROR] Failed to execute goal org.apache.maven.plugins:maven-compiler-plugin:3.1:testCompile (default-testCompile) on project CVE-2019-10219: Compilation failure: Compilation failure:[0m
[92m[ErrorManager] Processing line: [ERROR] /PoCAdaptation/exploit/result/CVE-2019-10219/6.0.3.Final/exploit/src/test/java/edu/vision/se/Testcase1.java:[17,39] cannot find symbol[0m
[92m[ErrorManager] Processing line: [ERROR]   symbol:   method build()[0m
[92m[ErrorManager] Processing line: [ERROR]   location: variable descriptorBuilder of type org.hibernate.validator.internal.util.annotationfactory.AnnotationDescriptor<org.hibernate.validator.constraints.SafeHtml>[0m
[92m[ErrorManager] Processing line: [ERROR] /PoCAdaptation/exploit/result/CVE-2019-10219/6.0.3.Final/exploit/src/test/java/edu/vision/se/Testcase1.java:[29,26] cannot find symbol[0m
[92m[ErrorManager] Processing line: [ERROR]   symbol:   method setAttribute(java.lang.String,org.hibernate.validator.constraints.SafeHtml.WhiteListType)[0m
[92m[ErrorManager] Processing line: [ERROR]   location: variable descriptorBuilder of type org.hibernate.validator.internal.util.annotationfactory.AnnotationDescriptor<org.hibernate.validator.constraints.SafeHtml>[0m
[92m[ErrorManager] Processing line: [ERROR] /PoCAdaptation/exploit/result/CVE-2019-10219/6.0.3.Final/exploit/src/test/java/edu/vision/se/Testcase1.java:[37,26] cannot find symbol[0m
[92m[ErrorManager] Processing line: [ERROR]   symbol:   method setAttribute(java.lang.String,org.hibernate.validator.constraints.SafeHtml.WhiteListType)[0m
[92m[ErrorManager] Processing line: [ERROR]   location: variable descriptorBuilder of type org.hibernate.validator.internal.util.annotationfactory.AnnotationDescriptor<org.hibernate.validator.constraints.SafeHtml>[0m
[92m[ErrorManager] Processing line: [ERROR] /PoCAdaptation/exploit/result/CVE-2019-10219/6.0.3.Final/exploit/src/test/java/edu/vision/se/Testcase1.java:[45,26] cannot find symbol[0m
[92m[ErrorManager] Processing line: [ERROR]   symbol:   method setAttribute(java.lang.String,org.hibernate.validator.constraints.SafeHtml.WhiteListType)[0m
[92m[ErrorManager] Processing line: [ERROR]   location: variable descriptorBuilder of type org.hibernate.validator.internal.util.annotationfactory.AnnotationDescriptor<org.hibernate.validator.constraints.SafeHtml>[0m
[92m[ErrorManager] Processing line: [ERROR] /PoCAdaptation/exploit/result/CVE-2019-10219/6.0.3.Final/exploit/src/test/java/edu/vision/se/Testcase1.java:[53,26] cannot find symbol[0m
[92m[ErrorManager] Processing line: [ERROR]   symbol:   method setAttribute(java.lang.String,org.hibernate.validator.constraints.SafeHtml.WhiteListType)[0m
[92m[ErrorManager] Processing line: [ERROR]   location: variable descriptorBuilder of type org.hibernate.validator.internal.util.annotationfactory.AnnotationDescriptor<org.hibernate.validator.constraints.SafeHtml>[0m
[92m[ErrorManager] Processing line: [ERROR] /PoCAdaptation/exploit/result/CVE-2019-10219/6.0.3.Final/exploit/src/test/java/edu/vision/se/Testcase1.java:[61,26] cannot find symbol[0m
[92m[ErrorManager] Processing line: [ERROR]   symbol:   method setAttribute(java.lang.String,org.hibernate.validator.constraints.SafeHtml.WhiteListType)[0m
[92m[ErrorManager] Processing line: [ERROR]   location: variable descriptorBuilder of type org.hibernate.validator.internal.util.annotationfactory.AnnotationDescriptor<org.hibernate.validator.constraints.SafeHtml>[0m
[96m[ErrorManager] Ignoring line: [ERROR] -> [Help 1][0m
[96m[ErrorManager] Ignoring line: [ERROR][0m
[96m[ErrorManager] Ignoring line: [ERROR] To see the full stack trace of the errors, re-run Maven with the -e switch.[0m
[96m[ErrorManager] Ignoring line: [ERROR] Re-run Maven using the -X switch to enable full debug logging.[0m
[96m[ErrorManager] Ignoring line: [ERROR][0m
[96m[ErrorManager] Ignoring line: [ERROR] For more information about the errors and possible solutions, please read the following articles:[0m
[96m[ErrorManager] Ignoring line: [ERROR] [Help 1] http://cwiki.apache.org/confluence/display/MAVEN/MojoFailureException[0m
[96m[Adapter] Locating fix position in error log.[0m
[LLMClient] Tokens used: 2591 (prompt), 1 (completion), 2592 (total)
[LLMClient] Prompt: 
You are given a Java error log when executing 'mvn test' in a project with dependency version 6.0.3.Final:org.hibernate.validator:hibernate-validator.
This test file compiles and runs successfully with version 6.0.4.Final.

Your task is to:
1. Analyze why this issue occurs with the *6.0.4.Final* but not with the *6.0.3.Final version*.
2. Consider how to resolve the issue **without updating this library**.
3. Determine and output the location in the project that should be modified to fix the problem.

Please return 'pom' if the fix is in the pom.xml file, or 'test' if the fix is in the test code.
Do not return any other text, just 'pom' or 'test'.

The error log is:
[INFO] Scanning for projects...
[INFO] 
[INFO] --------------------< edu.vision.se:CVE-2019-10219 >--------------------
[INFO] Building CVE-2019-10219 1.0-SNAPSHOT
[INFO]   from pom.xml
[INFO] --------------------------------[ jar ]---------------------------------
[INFO] 
[INFO] --- maven-clean-plugin:2.5:clean (default-clean) @ CVE-2019-10219 ---
[INFO] Deleting /PoCAdaptation/exploit/result/CVE-2019-10219/6.0.3.Final/exploit/target
[INFO] 
[INFO] --- maven-resources-plugin:2.6:resources (default-resources) @ CVE-2019-10219 ---
[INFO] Using 'UTF-8' encoding to copy filtered resources.
[INFO] skip non existing resourceDirectory /PoCAdaptation/exploit/result/CVE-2019-10219/6.0.3.Final/exploit/src/main/resources
[INFO] 
[INFO] --- maven-compiler-plugin:3.1:compile (default-compile) @ CVE-2019-10219 ---
[INFO] No sources to compile
[INFO] 
[INFO] --- maven-resources-plugin:2.6:testResources (default-testResources) @ CVE-2019-10219 ---
[INFO] Using 'UTF-8' encoding to copy filtered resources.
[INFO] skip non existing resourceDirectory /PoCAdaptation/exploit/result/CVE-2019-10219/6.0.3.Final/exploit/src/test/resources
[INFO] 
[INFO] --- maven-compiler-plugin:3.1:testCompile (default-testCompile) @ CVE-2019-10219 ---
[INFO] Changes detected - recompiling the module!
[INFO] Compiling 1 source file to /PoCAdaptation/exploit/result/CVE-2019-10219/6.0.3.Final/exploit/target/test-classes
[INFO] -------------------------------------------------------------
[ERROR] COMPILATION ERROR : 
[INFO] -------------------------------------------------------------
[ERROR] /PoCAdaptation/exploit/result/CVE-2019-10219/6.0.3.Final/exploit/src/test/java/edu/vision/se/Testcase1.java:[17,39] cannot find symbol
  symbol:   method build()
  location: variable descriptorBuilder of type org.hibernate.validator.internal.util.annotationfactory.AnnotationDescriptor<org.hibernate.validator.constraints.SafeHtml>
[ERROR] /PoCAdaptation/exploit/result/CVE-2019-10219/6.0.3.Final/exploit/src/test/java/edu/vision/se/Testcase1.java:[29,26] cannot find symbol
  symbol:   method setAttribute(java.lang.String,org.hibernate.validator.constraints.SafeHtml.WhiteListType)
  location: variable descriptorBuilder of type org.hibernate.validator.internal.util.annotationfactory.AnnotationDescriptor<org.hibernate.validator.constraints.SafeHtml>
[ERROR] /PoCAdaptation/exploit/result/CVE-2019-10219/6.0.3.Final/exploit/src/test/java/edu/vision/se/Testcase1.java:[37,26] cannot find symbol
  symbol:   method setAttribute(java.lang.String,org.hibernate.validator.constraints.SafeHtml.WhiteListType)
  location: variable descriptorBuilder of type org.hibernate.validator.internal.util.annotationfactory.AnnotationDescriptor<org.hibernate.validator.constraints.SafeHtml>
[ERROR] /PoCAdaptation/exploit/result/CVE-2019-10219/6.0.3.Final/exploit/src/test/java/edu/vision/se/Testcase1.java:[45,26] cannot find symbol
  symbol:   method setAttribute(java.lang.String,org.hibernate.validator.constraints.SafeHtml.WhiteListType)
  location: variable descriptorBuilder of type org.hibernate.validator.internal.util.annotationfactory.AnnotationDescriptor<org.hibernate.validator.constraints.SafeHtml>
[ERROR] /PoCAdaptation/exploit/result/CVE-2019-10219/6.0.3.Final/exploit/src/test/java/edu/vision/se/Testcase1.java:[53,26] cannot find symbol
  symbol:   method setAttribute(java.lang.String,org.hibernate.validator.constraints.SafeHtml.WhiteListType)
  location: variable descriptorBuilder of type org.hibernate.validator.internal.util.annotationfactory.AnnotationDescriptor<org.hibernate.validator.constraints.SafeHtml>
[ERROR] /PoCAdaptation/exploit/result/CVE-2019-10219/6.0.3.Final/exploit/src/test/java/edu/vision/se/Testcase1.java:[61,26] cannot find symbol
  symbol:   method setAttribute(java.lang.String,org.hibernate.validator.constraints.SafeHtml.WhiteListType)
  location: variable descriptorBuilder of type org.hibernate.validator.internal.util.annotationfactory.AnnotationDescriptor<org.hibernate.validator.constraints.SafeHtml>
[INFO] 6 errors 
[INFO] -------------------------------------------------------------
[INFO] ------------------------------------------------------------------------
[INFO] BUILD FAILURE
[INFO] ------------------------------------------------------------------------
[INFO] Total time:  1.047 s
[INFO] Finished at: 2025-07-11T03:44:35Z
[INFO] ------------------------------------------------------------------------
[ERROR] Failed to execute goal org.apache.maven.plugins:maven-compiler-plugin:3.1:testCompile (default-testCompile) on project CVE-2019-10219: Compilation failure: Compilation failure: 
[ERROR] /PoCAdaptation/exploit/result/CVE-2019-10219/6.0.3.Final/exploit/src/test/java/edu/vision/se/Testcase1.java:[17,39] cannot find symbol
[ERROR]   symbol:   method build()
[ERROR]   location: variable descriptorBuilder of type org.hibernate.validator.internal.util.annotationfactory.AnnotationDescriptor<org.hibernate.validator.constraints.SafeHtml>
[ERROR] /PoCAdaptation/exploit/result/CVE-2019-10219/6.0.3.Final/exploit/src/test/java/edu/vision/se/Testcase1.java:[29,26] cannot find symbol
[ERROR]   symbol:   method setAttribute(java.lang.String,org.hibernate.validator.constraints.SafeHtml.WhiteListType)
[ERROR]   location: variable descriptorBuilder of type org.hibernate.validator.internal.util.annotationfactory.AnnotationDescriptor<org.hibernate.validator.constraints.SafeHtml>
[ERROR] /PoCAdaptation/exploit/result/CVE-2019-10219/6.0.3.Final/exploit/src/test/java/edu/vision/se/Testcase1.java:[37,26] cannot find symbol
[ERROR]   symbol:   method setAttribute(java.lang.String,org.hibernate.validator.constraints.SafeHtml.WhiteListType)
[ERROR]   location: variable descriptorBuilder of type org.hibernate.validator.internal.util.annotationfactory.AnnotationDescriptor<org.hibernate.validator.constraints.SafeHtml>
[ERROR] /PoCAdaptation/exploit/result/CVE-2019-10219/6.0.3.Final/exploit/src/test/java/edu/vision/se/Testcase1.java:[45,26] cannot find symbol
[ERROR]   symbol:   method setAttribute(java.lang.String,org.hibernate.validator.constraints.SafeHtml.WhiteListType)
[ERROR]   location: variable descriptorBuilder of type org.hibernate.validator.internal.util.annotationfactory.AnnotationDescriptor<org.hibernate.validator.constraints.SafeHtml>
[ERROR] /PoCAdaptation/exploit/result/CVE-2019-10219/6.0.3.Final/exploit/src/test/java/edu/vision/se/Testcase1.java:[53,26] cannot find symbol
[ERROR]   symbol:   method setAttribute(java.lang.String,org.hibernate.validator.constraints.SafeHtml.WhiteListType)
[ERROR]   location: variable descriptorBuilder of type org.hibernate.validator.internal.util.annotationfactory.AnnotationDescriptor<org.hibernate.validator.constraints.SafeHtml>
[ERROR] /PoCAdaptation/exploit/result/CVE-2019-10219/6.0.3.Final/exploit/src/test/java/edu/vision/se/Testcase1.java:[61,26] cannot find symbol
[ERROR]   symbol:   method setAttribute(java.lang.String,org.hibernate.validator.constraints.SafeHtml.WhiteListType)
[ERROR]   location: variable descriptorBuilder of type org.hibernate.validator.internal.util.annotationfactory.AnnotationDescriptor<org.hibernate.validator.constraints.SafeHtml>
[ERROR] -> [Help 1]
[ERROR] 
[ERROR] To see the full stack trace of the errors, re-run Maven with the -e switch.
[ERROR] Re-run Maven using the -X switch to enable full debug logging.
[ERROR] 
[ERROR] For more information about the errors and possible solutions, please read the following articles:
[ERROR] [Help 1] http://cwiki.apache.org/confluence/display/MAVEN/MojoFailureException


current_pom file is:<?xml version='1.0' encoding='utf-8'?>
<project xmlns="http://maven.apache.org/POM/4.0.0" xmlns:xsi="http://www.w3.org/2001/XMLSchema-instance" xsi:schemaLocation="http://maven.apache.org/POM/4.0.0 http://maven.apache.org/xsd/maven-4.0.0.xsd">
    <groupId>edu.vision.se</groupId><version>1.0-SNAPSHOT</version><modelVersion>4.0.0</modelVersion>
    <artifactId>CVE-2019-10219</artifactId>

    <properties>
        <maven.compiler.source>11</maven.compiler.source>
        <maven.compiler.target>11</maven.compiler.target>
        <project.build.sourceEncoding>UTF-8</project.build.sourceEncoding>
    </properties>

    <dependencies>
        
        <dependency>
            <groupId>org.hibernate.validator</groupId>
            <artifactId>hibernate-validator</artifactId>
            <version>6.0.3.Final</version>
        </dependency>

        
        <dependency>
            <groupId>org.jsoup</groupId>
            <artifactId>jsoup</artifactId>
            <version>1.8.3</version>
        </dependency>

    <dependency><groupId>junit</groupId><artifactId>junit</artifactId><version>4.13.2</version></dependency>
    </dependencies>

</project>
[LLMClient] Response: 
test
[96m[Adapter] LLM response for fix position: test[0m
[LLMClient] Tokens used: 160 (prompt), 5 (completion), 165 (total)
[LLMClient] Prompt: 
You are given an error log when executing 'mvn test' in version 6.0.3.Final: 

Error: cannot find symbol, method build(), variable descriptorBuilder of type org.hibernate.validator.internal.util.annotationfactory.AnnotationDescriptor<org.hibernate.validator.constraints.SafeHtml> 

The test executes as expected in 6.0.4.Final 

Error code:         SafeHtml p = descriptorBuilder.build(); 

Extract two key *entities* from the error for searching related diffs 

The extracted entities should reflect code-level identifiers that are likely to appear in source code or diffs. 

Output each node as a `;`-separated list, with no explanations. 


[LLMClient] Response: 
descriptorBuilder;build
[96m[ErrorManager] Extracted key entities: ['descriptorBuilder', 'build'][0m
[96m[Adapter] Try to solve error: {'file': '/PoCAdaptation/exploit/result/CVE-2019-10219/6.0.3.Final/exploit/src/test/java/edu/vision/se/Testcase1.java', 'line': 17, 'column': 39, 'message': 'cannot find symbol', 'symbol': 'method build()', 'location': 'variable descriptorBuilder of type org.hibernate.validator.internal.util.annotationfactory.AnnotationDescriptor<org.hibernate.validator.constraints.SafeHtml>', 'code_line': '        SafeHtml p = descriptorBuilder.build();'} with cause: ['descriptorBuilder', 'build'][0m
[96m[Adapter] Related diffs for error: [(168, 8.0), (182, 8.0), (184, 8.0), (186, 8.0), (188, 8.0)][0m
[96m[Adapter] Fix position is in test code.[0m
[96m[RepairModule] Start repair for group: cannot find symbol | method build() cause: ['descriptorBuilder', 'build'][0m
[96m[RepairModule] Trying best diff #168 with score 8.00[0m
[LLMClient] Tokens used: 1115 (prompt), 681 (completion), 1796 (total)
[LLMClient] Prompt: 
You are given a Java test file with compilation errors in version 6.0.3.Final:org.hibernate.validator:hibernate-validator.
This test file compiles and runs successfully in 6.0.4.Final.

The diff is related to the diff.
Your task has three steps:
 1. Locate the code where the compilation error occurs.
 2. Analyze the diff from 6.0.4.Final to 6.0.3.Final.
 3. Fix the error in the error position only when diff is helpful. Add import statement when needed according to the diff. 

Only output the modified version of the test file according to the diff. No explanations. If mocking, access fields via reflection if they exist.
### Compilation Errors:
message: cannot find symbol, symble: method build(), location: variable descriptorBuilder of type org.hibernate.validator.internal.util.annotationfactory.AnnotationDescriptor<org.hibernate.validator.constraints.SafeHtml>

### Error Position:
        SafeHtml p = descriptorBuilder.build();

### Related Diff:
Operation: MODIFIED, File: engine/src/test/java/org/hibernate/validator/test/internal/constraintvalidators/bv/PatternValidatorTest.java, Hunk: @@ -72,10 +70,10 @@ public void testIsValidForEmptyStringRegexp() {

 	@Test(expectedExceptions = IllegalArgumentException.class)
 	public void testInvalidRegularExpression() {
+		AnnotationDescriptor<Pattern> descriptor = new AnnotationDescriptor<Pattern>( Pattern.class );
+		descriptor.setValue( "regexp", "(unbalanced parentheses" );
+		descriptor.setValue( "message", "pattern does not match" );
+		Pattern p = AnnotationFactory.create( descriptor );
-		AnnotationDescriptor.Builder<Pattern> descriptorBuilder = new AnnotationDescriptor.Builder<>( Pattern.class );
-		descriptorBuilder.setAttribute( "regexp", "(unbalanced parentheses" );
-		descriptorBuilder.setAttribute( "message", "pattern does not match" );
-		Pattern p = descriptorBuilder.build().getAnnotation();

 		PatternValidator constraint = new PatternValidator();
 		constraint.initialize( p );

### Test File Content:
package edu.vision.se;

import org.hibernate.validator.constraints.SafeHtml;
import org.hibernate.validator.constraints.SafeHtml.WhiteListType;
import org.hibernate.validator.internal.constraintvalidators.hv.SafeHtmlValidator;
import org.junit.Test;
import org.hibernate.validator.internal.util.annotationfactory.AnnotationDescriptor;
import static org.junit.Assert.assertFalse;
import org.jsoup.safety.Whitelist;  // è§£å†³ 10ClassNotFound é—®é¢˜


public class Testcase1 {

    private AnnotationDescriptor<SafeHtml> descriptorBuilder;

    private SafeHtmlValidator getSafeHtmlValidator() {
        SafeHtml p = descriptorBuilder.build();
        SafeHtmlValidator validator = new SafeHtmlValidator();
        validator.initialize( p );
        return validator;
    }

    @Test
    // A "downlevel revealed" conditional 'comment' is not an (X)HTML comment at all,
    // despite the misleading name, it is default Microsoft syntax.
    // The tag is unrecognized by therefore executed
    public void testDownlevelRevealedConditionalComment() throws Exception {
        descriptorBuilder = new AnnotationDescriptor<>( SafeHtml.class );
        descriptorBuilder.setAttribute("whitelistType", WhiteListType.BASIC);

        assertFalse( getSafeHtmlValidator().isValid( "<![if !IE]>\n<SCRIPT>alert{'XSS'};</SCRIPT>\n<![endif]>", null ) );
    }

    @Test
    public void testDownlevelHiddenConditionalComment() throws Exception {
        descriptorBuilder = new AnnotationDescriptor<>( SafeHtml.class );
        descriptorBuilder.setAttribute( "whitelistType", WhiteListType.BASIC );

        assertFalse( getSafeHtmlValidator().isValid( "<!--[if gte IE 4]>\n<SCRIPT>alert{'XSS'};</SCRIPT>\n<![endif]-->", null ) );
    }

    @Test
    public void testSimpleComment() throws Exception {
        descriptorBuilder = new AnnotationDescriptor<>( SafeHtml.class );
        descriptorBuilder.setAttribute( "whitelistType", WhiteListType.BASIC );

        assertFalse( getSafeHtmlValidator().isValid( "<!-- Just a comment -->", null ) );
    }

    @Test
    public void testServerSideIncludesSSI() throws Exception {
        descriptorBuilder = new AnnotationDescriptor<>( SafeHtml.class );
        descriptorBuilder.setAttribute( "whitelistType", WhiteListType.BASIC );

        assertFalse( getSafeHtmlValidator().isValid( "<? echo{'<SCR}'; echo{'IPT>alert{\"XSS\"}</SCRIPT>'}; ?>", null ) );
    }

    @Test
    public void testPHPScript() throws Exception {
        descriptorBuilder = new AnnotationDescriptor<>( SafeHtml.class );
        descriptorBuilder.setAttribute( "whitelistType", WhiteListType.BASIC );

        assertFalse( getSafeHtmlValidator().isValid( "<? echo{'<SCR}'; echo{'IPT>alert{\"XSS\"}</SCRIPT>'}; ?>", null ) );
    }
}



[LLMClient] Response: 
Here's the modified version of the test file according to the diff:

```java
package edu.vision.se;

import org.hibernate.validator.constraints.SafeHtml;
import org.hibernate.validator.constraints.SafeHtml.WhiteListType;
import org.hibernate.validator.internal.constraintvalidators.hv.SafeHtmlValidator;
import org.junit.Test;
import org.hibernate.validator.internal.util.annotationfactory.AnnotationDescriptor;
import static org.junit.Assert.assertFalse;
import org.jsoup.safety.Whitelist;  // è§£å†³ 10ClassNotFound é—®é¢˜
import org.hibernate.validator.internal.util.annotationfactory.AnnotationFactory;


public class Testcase1 {

    private AnnotationDescriptor<SafeHtml> descriptorBuilder;

    private SafeHtmlValidator getSafeHtmlValidator() {
        SafeHtml p = AnnotationFactory.create(descriptorBuilder);
        SafeHtmlValidator validator = new SafeHtmlValidator();
        validator.initialize( p );
        return validator;
    }

    @Test
    // A "downlevel revealed" conditional 'comment' is not an (X)HTML comment at all,
    // despite the misleading name, it is default Microsoft syntax.
    // The tag is unrecognized by therefore executed
    public void testDownlevelRevealedConditionalComment() throws Exception {
        descriptorBuilder = new AnnotationDescriptor<>( SafeHtml.class );
        descriptorBuilder.setValue("whitelistType", WhiteListType.BASIC);

        assertFalse( getSafeHtmlValidator().isValid( "<![if !IE]>\n<SCRIPT>alert{'XSS'};</SCRIPT>\n<![endif]>", null ) );
    }

    @Test
    public void testDownlevelHiddenConditionalComment() throws Exception {
        descriptorBuilder = new AnnotationDescriptor<>( SafeHtml.class );
        descriptorBuilder.setValue( "whitelistType", WhiteListType.BASIC );

        assertFalse( getSafeHtmlValidator().isValid( "<!--[if gte IE 4]>\n<SCRIPT>alert{'XSS'};</SCRIPT>\n<![endif]-->", null ) );
    }

    @Test
    public void testSimpleComment() throws Exception {
        descriptorBuilder = new AnnotationDescriptor<>( SafeHtml.class );
        descriptorBuilder.setValue( "whitelistType", WhiteListType.BASIC );

        assertFalse( getSafeHtmlValidator().isValid( "<!-- Just a comment -->", null ) );
    }

    @Test
    public void testServerSideIncludesSSI() throws Exception {
        descriptorBuilder = new AnnotationDescriptor<>( SafeHtml.class );
        descriptorBuilder.setValue( "whitelistType", WhiteListType.BASIC );

        assertFalse( getSafeHtmlValidator().isValid( "<? echo{'<SCR}'; echo{'IPT>alert{\"XSS\"}</SCRIPT>'}; ?>", null ) );
    }

    @Test
    public void testPHPScript() throws Exception {
        descriptorBuilder = new AnnotationDescriptor<>( SafeHtml.class );
        descriptorBuilder.setValue( "whitelistType", WhiteListType.BASIC );

        assertFalse( getSafeHtmlValidator().isValid( "<? echo{'<SCR}'; echo{'IPT>alert{\"XSS\"}</SCRIPT>'}; ?>", null ) );
    }
}
```
[96m[RepairModule] Wrote modified code to /PoCAdaptation/exploit/result/CVE-2019-10219/6.0.3.Final/exploit/src/test/java/edu/vision/se/Testcase1.java[0m
[96m[Executor] Executing exploit for CVE-2019-10219 on version 6.0.3.Final...[0m
[96m[Verifier] Verifying reproduction...[0m
[92m[Verifier] âœ“ Behavior matched: 'java.lang.AssertionError'[0m
[92m[Verifier] âœ“ Detail matched: 'org.junit.Assert.fail'[0m
[92m[Verifier] âœ“ All reproduction indicators matched.[0m
[92m[Executor] Reproduction result: Success[0m
[92m[RepairModule] Repair success![0m
[92m[RepairModule] Repair success with best diff![0m
[96m[Adapter] Test code repair attempted.[0m
[96m[Executor] Executing exploit for CVE-2019-10219 on version 6.0.3.Final...[0m
[96m[Verifier] Verifying reproduction...[0m
[92m[Verifier] âœ“ Behavior matched: 'java.lang.AssertionError'[0m
[92m[Verifier] âœ“ Detail matched: 'org.junit.Assert.fail'[0m
[92m[Verifier] âœ“ All reproduction indicators matched.[0m
[92m[Executor] Reproduction result: Success[0m
[92m[Adapter] Adaptation from 6.0.4.Final to 6.0.3.Final successful.[0m
[Adapt] âœ“ Completed: True
[96m[Adapter] Adaptation complete. Retesting exploit on 6.0.3.Final...[0m
[92m[Executor] Adaptation + reproduction successful on 6.0.3.Final[0m
[96m[Adapter] Copied successful adaptation to /PoCAdaptation/exploit/valid/CVE-2019-10219/6.0.3.Final[0m
[96m[Selector] Nearest need adapatation version selected: 6.0.2.Final[0m
[96m[Selector] Closest reproduced version: 6.0.3.Final at index 10[0m
[96m[Adapter] Trying next closest version: 6.0.2.Final[0m
[96m[Preparer] Using exploit from valid: /PoCAdaptation/exploit/valid/CVE-2019-10219/6.0.3.Final/exploit[0m
[92m[Preparer] Copied exploit to: /PoCAdaptation/exploit/pending/CVE-2019-10219/6.0.2.Final/exploit[0m
[96m[Preparer] Updating dependency version to 6.0.2.Final in /PoCAdaptation/exploit/pending/CVE-2019-10219/6.0.2.Final/exploit/pom.xml[0m
[92m[Preparer] Updated dependency version to 6.0.2.Final in /PoCAdaptation/exploit/pending/CVE-2019-10219/6.0.2.Final/exploit/pom.xml[0m
[96m[Executor] Attempting direct exploit execution on 6.0.2.Final...[0m
[96m[Executor] Executing exploit for CVE-2019-10219 on version 6.0.2.Final...[0m
[96m[Verifier] Verifying reproduction...[0m
[92m[Verifier] âœ“ Behavior matched: 'java.lang.AssertionError'[0m
[92m[Verifier] âœ“ Detail matched: 'org.junit.Assert.fail'[0m
[92m[Verifier] âœ“ All reproduction indicators matched.[0m
[92m[Executor] Reproduction result: Success[0m
[92m[Executor] Direct reproduction successful on 6.0.2.Final[0m
[96m[Adapter] Copied successful adaptation to /PoCAdaptation/exploit/valid/CVE-2019-10219/6.0.2.Final[0m
[96m[Selector] Nearest need adapatation version selected: 6.0.1.Final[0m
[96m[Selector] Closest reproduced version: 6.0.2.Final at index 9[0m
[96m[Adapter] Trying next closest version: 6.0.1.Final[0m
[96m[Preparer] Using exploit from valid: /PoCAdaptation/exploit/valid/CVE-2019-10219/6.0.2.Final/exploit[0m
[92m[Preparer] Copied exploit to: /PoCAdaptation/exploit/pending/CVE-2019-10219/6.0.1.Final/exploit[0m
[96m[Preparer] Updating dependency version to 6.0.1.Final in /PoCAdaptation/exploit/pending/CVE-2019-10219/6.0.1.Final/exploit/pom.xml[0m
[92m[Preparer] Updated dependency version to 6.0.1.Final in /PoCAdaptation/exploit/pending/CVE-2019-10219/6.0.1.Final/exploit/pom.xml[0m
[96m[Executor] Attempting direct exploit execution on 6.0.1.Final...[0m
[96m[Executor] Executing exploit for CVE-2019-10219 on version 6.0.1.Final...[0m
[96m[Verifier] Verifying reproduction...[0m
[92m[Verifier] âœ“ Behavior matched: 'java.lang.AssertionError'[0m
[92m[Verifier] âœ“ Detail matched: 'org.junit.Assert.fail'[0m
[92m[Verifier] âœ“ All reproduction indicators matched.[0m
[92m[Executor] Reproduction result: Success[0m
[92m[Executor] Direct reproduction successful on 6.0.1.Final[0m
[96m[Adapter] Copied successful adaptation to /PoCAdaptation/exploit/valid/CVE-2019-10219/6.0.1.Final[0m
[96m[Selector] Nearest need adapatation version selected: 6.0.0.Final[0m
[96m[Selector] Closest reproduced version: 6.0.1.Final at index 8[0m
[96m[Adapter] Trying next closest version: 6.0.0.Final[0m
[96m[Preparer] Using exploit from valid: /PoCAdaptation/exploit/valid/CVE-2019-10219/6.0.1.Final/exploit[0m
[92m[Preparer] Copied exploit to: /PoCAdaptation/exploit/pending/CVE-2019-10219/6.0.0.Final/exploit[0m
[96m[Preparer] Updating dependency version to 6.0.0.Final in /PoCAdaptation/exploit/pending/CVE-2019-10219/6.0.0.Final/exploit/pom.xml[0m
[92m[Preparer] Updated dependency version to 6.0.0.Final in /PoCAdaptation/exploit/pending/CVE-2019-10219/6.0.0.Final/exploit/pom.xml[0m
[96m[Executor] Attempting direct exploit execution on 6.0.0.Final...[0m
[96m[Executor] Executing exploit for CVE-2019-10219 on version 6.0.0.Final...[0m
[96m[Verifier] Verifying reproduction...[0m
[92m[Verifier] âœ“ Behavior matched: 'java.lang.AssertionError'[0m
[92m[Verifier] âœ“ Detail matched: 'org.junit.Assert.fail'[0m
[92m[Verifier] âœ“ All reproduction indicators matched.[0m
[92m[Executor] Reproduction result: Success[0m
[92m[Executor] Direct reproduction successful on 6.0.0.Final[0m
[96m[Adapter] Copied successful adaptation to /PoCAdaptation/exploit/valid/CVE-2019-10219/6.0.0.Final[0m
[96m[Selector] Nearest need adapatation version selected: 6.0.0.CR3[0m
[96m[Selector] Closest reproduced version: 6.0.0.Final at index 7[0m
[96m[Adapter] Trying next closest version: 6.0.0.CR3[0m
[96m[Preparer] Using exploit from valid: /PoCAdaptation/exploit/valid/CVE-2019-10219/6.0.0.Final/exploit[0m
[92m[Preparer] Copied exploit to: /PoCAdaptation/exploit/pending/CVE-2019-10219/6.0.0.CR3/exploit[0m
[96m[Preparer] Updating dependency version to 6.0.0.CR3 in /PoCAdaptation/exploit/pending/CVE-2019-10219/6.0.0.CR3/exploit/pom.xml[0m
[92m[Preparer] Updated dependency version to 6.0.0.CR3 in /PoCAdaptation/exploit/pending/CVE-2019-10219/6.0.0.CR3/exploit/pom.xml[0m
[96m[Executor] Attempting direct exploit execution on 6.0.0.CR3...[0m
[96m[Executor] Executing exploit for CVE-2019-10219 on version 6.0.0.CR3...[0m
[96m[Verifier] Verifying reproduction...[0m
[92m[Verifier] âœ“ Behavior matched: 'java.lang.AssertionError'[0m
[92m[Verifier] âœ“ Detail matched: 'org.junit.Assert.fail'[0m
[92m[Verifier] âœ“ All reproduction indicators matched.[0m
[92m[Executor] Reproduction result: Success[0m
[92m[Executor] Direct reproduction successful on 6.0.0.CR3[0m
[96m[Adapter] Copied successful adaptation to /PoCAdaptation/exploit/valid/CVE-2019-10219/6.0.0.CR3[0m
[96m[Selector] Nearest need adapatation version selected: 6.0.0.CR2[0m
[96m[Selector] Closest reproduced version: 6.0.0.CR3 at index 6[0m
[96m[Adapter] Trying next closest version: 6.0.0.CR2[0m
[96m[Preparer] Using exploit from valid: /PoCAdaptation/exploit/valid/CVE-2019-10219/6.0.0.CR3/exploit[0m
[92m[Preparer] Copied exploit to: /PoCAdaptation/exploit/pending/CVE-2019-10219/6.0.0.CR2/exploit[0m
[96m[Preparer] Updating dependency version to 6.0.0.CR2 in /PoCAdaptation/exploit/pending/CVE-2019-10219/6.0.0.CR2/exploit/pom.xml[0m
[92m[Preparer] Updated dependency version to 6.0.0.CR2 in /PoCAdaptation/exploit/pending/CVE-2019-10219/6.0.0.CR2/exploit/pom.xml[0m
[96m[Executor] Attempting direct exploit execution on 6.0.0.CR2...[0m
[96m[Executor] Executing exploit for CVE-2019-10219 on version 6.0.0.CR2...[0m
[96m[Verifier] Verifying reproduction...[0m
[92m[Verifier] âœ“ Behavior matched: 'java.lang.AssertionError'[0m
[92m[Verifier] âœ“ Detail matched: 'org.junit.Assert.fail'[0m
[92m[Verifier] âœ“ All reproduction indicators matched.[0m
[92m[Executor] Reproduction result: Success[0m
[92m[Executor] Direct reproduction successful on 6.0.0.CR2[0m
[96m[Adapter] Copied successful adaptation to /PoCAdaptation/exploit/valid/CVE-2019-10219/6.0.0.CR2[0m
[96m[Selector] Nearest need adapatation version selected: 6.0.0.CR1[0m
[96m[Selector] Closest reproduced version: 6.0.0.CR2 at index 5[0m
[96m[Adapter] Trying next closest version: 6.0.0.CR1[0m
[96m[Preparer] Using exploit from valid: /PoCAdaptation/exploit/valid/CVE-2019-10219/6.0.0.CR2/exploit[0m
[92m[Preparer] Copied exploit to: /PoCAdaptation/exploit/pending/CVE-2019-10219/6.0.0.CR1/exploit[0m
[96m[Preparer] Updating dependency version to 6.0.0.CR1 in /PoCAdaptation/exploit/pending/CVE-2019-10219/6.0.0.CR1/exploit/pom.xml[0m
[92m[Preparer] Updated dependency version to 6.0.0.CR1 in /PoCAdaptation/exploit/pending/CVE-2019-10219/6.0.0.CR1/exploit/pom.xml[0m
[96m[Executor] Attempting direct exploit execution on 6.0.0.CR1...[0m
[96m[Executor] Executing exploit for CVE-2019-10219 on version 6.0.0.CR1...[0m
[96m[Verifier] Verifying reproduction...[0m
[92m[Verifier] âœ“ Behavior matched: 'java.lang.AssertionError'[0m
[92m[Verifier] âœ“ Detail matched: 'org.junit.Assert.fail'[0m
[92m[Verifier] âœ“ All reproduction indicators matched.[0m
[92m[Executor] Reproduction result: Success[0m
[92m[Executor] Direct reproduction successful on 6.0.0.CR1[0m
[96m[Adapter] Copied successful adaptation to /PoCAdaptation/exploit/valid/CVE-2019-10219/6.0.0.CR1[0m
[96m[Selector] Nearest need adapatation version selected: 6.0.0.Beta2[0m
[96m[Selector] Closest reproduced version: 6.0.0.CR1 at index 4[0m
[96m[Adapter] Trying next closest version: 6.0.0.Beta2[0m
[96m[Preparer] Using exploit from valid: /PoCAdaptation/exploit/valid/CVE-2019-10219/6.0.0.CR1/exploit[0m
[92m[Preparer] Copied exploit to: /PoCAdaptation/exploit/pending/CVE-2019-10219/6.0.0.Beta2/exploit[0m
[96m[Preparer] Updating dependency version to 6.0.0.Beta2 in /PoCAdaptation/exploit/pending/CVE-2019-10219/6.0.0.Beta2/exploit/pom.xml[0m
[92m[Preparer] Updated dependency version to 6.0.0.Beta2 in /PoCAdaptation/exploit/pending/CVE-2019-10219/6.0.0.Beta2/exploit/pom.xml[0m
[96m[Executor] Attempting direct exploit execution on 6.0.0.Beta2...[0m
[96m[Executor] Executing exploit for CVE-2019-10219 on version 6.0.0.Beta2...[0m
[96m[Verifier] Verifying reproduction...[0m
[92m[Verifier] âœ“ Behavior matched: 'java.lang.AssertionError'[0m
[92m[Verifier] âœ“ Detail matched: 'org.junit.Assert.fail'[0m
[92m[Verifier] âœ“ All reproduction indicators matched.[0m
[92m[Executor] Reproduction result: Success[0m
[92m[Executor] Direct reproduction successful on 6.0.0.Beta2[0m
[96m[Adapter] Copied successful adaptation to /PoCAdaptation/exploit/valid/CVE-2019-10219/6.0.0.Beta2[0m
[96m[Selector] Nearest need adapatation version selected: 6.0.0.Beta1[0m
[96m[Selector] Closest reproduced version: 6.0.0.Beta2 at index 3[0m
[96m[Adapter] Trying next closest version: 6.0.0.Beta1[0m
[96m[Preparer] Using exploit from valid: /PoCAdaptation/exploit/valid/CVE-2019-10219/6.0.0.Beta2/exploit[0m
[92m[Preparer] Copied exploit to: /PoCAdaptation/exploit/pending/CVE-2019-10219/6.0.0.Beta1/exploit[0m
[96m[Preparer] Updating dependency version to 6.0.0.Beta1 in /PoCAdaptation/exploit/pending/CVE-2019-10219/6.0.0.Beta1/exploit/pom.xml[0m
[92m[Preparer] Updated dependency version to 6.0.0.Beta1 in /PoCAdaptation/exploit/pending/CVE-2019-10219/6.0.0.Beta1/exploit/pom.xml[0m
[96m[Executor] Attempting direct exploit execution on 6.0.0.Beta1...[0m
[96m[Executor] Executing exploit for CVE-2019-10219 on version 6.0.0.Beta1...[0m
[96m[Verifier] Verifying reproduction...[0m
[92m[Verifier] âœ“ Behavior matched: 'java.lang.AssertionError'[0m
[92m[Verifier] âœ“ Detail matched: 'org.junit.Assert.fail'[0m
[92m[Verifier] âœ“ All reproduction indicators matched.[0m
[92m[Executor] Reproduction result: Success[0m
[92m[Executor] Direct reproduction successful on 6.0.0.Beta1[0m
[96m[Adapter] Copied successful adaptation to /PoCAdaptation/exploit/valid/CVE-2019-10219/6.0.0.Beta1[0m
[96m[Selector] Nearest need adapatation version selected: 6.0.0.Alpha2[0m
[96m[Selector] Closest reproduced version: 6.0.0.Beta1 at index 2[0m
[96m[Adapter] Trying next closest version: 6.0.0.Alpha2[0m
[96m[Preparer] Using exploit from valid: /PoCAdaptation/exploit/valid/CVE-2019-10219/6.0.0.Beta1/exploit[0m
[92m[Preparer] Copied exploit to: /PoCAdaptation/exploit/pending/CVE-2019-10219/6.0.0.Alpha2/exploit[0m
[96m[Preparer] Updating dependency version to 6.0.0.Alpha2 in /PoCAdaptation/exploit/pending/CVE-2019-10219/6.0.0.Alpha2/exploit/pom.xml[0m
[92m[Preparer] Updated dependency version to 6.0.0.Alpha2 in /PoCAdaptation/exploit/pending/CVE-2019-10219/6.0.0.Alpha2/exploit/pom.xml[0m
[96m[Executor] Attempting direct exploit execution on 6.0.0.Alpha2...[0m
[96m[Executor] Executing exploit for CVE-2019-10219 on version 6.0.0.Alpha2...[0m
[96m[Verifier] Verifying reproduction...[0m
[92m[Verifier] âœ“ Behavior matched: 'java.lang.AssertionError'[0m
[92m[Verifier] âœ“ Detail matched: 'org.junit.Assert.fail'[0m
[92m[Verifier] âœ“ All reproduction indicators matched.[0m
[92m[Executor] Reproduction result: Success[0m
[92m[Executor] Direct reproduction successful on 6.0.0.Alpha2[0m
[96m[Adapter] Copied successful adaptation to /PoCAdaptation/exploit/valid/CVE-2019-10219/6.0.0.Alpha2[0m
[96m[Selector] Nearest need adapatation version selected: 6.0.0.Alpha1[0m
[96m[Selector] Closest reproduced version: 6.0.0.Alpha2 at index 1[0m
[96m[Adapter] Trying next closest version: 6.0.0.Alpha1[0m
[96m[Preparer] Using exploit from valid: /PoCAdaptation/exploit/valid/CVE-2019-10219/6.0.0.Alpha2/exploit[0m
[92m[Preparer] Copied exploit to: /PoCAdaptation/exploit/pending/CVE-2019-10219/6.0.0.Alpha1/exploit[0m
[96m[Preparer] Updating dependency version to 6.0.0.Alpha1 in /PoCAdaptation/exploit/pending/CVE-2019-10219/6.0.0.Alpha1/exploit/pom.xml[0m
[92m[Preparer] Updated dependency version to 6.0.0.Alpha1 in /PoCAdaptation/exploit/pending/CVE-2019-10219/6.0.0.Alpha1/exploit/pom.xml[0m
[96m[Executor] Attempting direct exploit execution on 6.0.0.Alpha1...[0m
[96m[Executor] Executing exploit for CVE-2019-10219 on version 6.0.0.Alpha1...[0m
[96m[Verifier] Verifying reproduction...[0m
[92m[Verifier] âœ“ Behavior matched: 'java.lang.AssertionError'[0m
[92m[Verifier] âœ“ Detail matched: 'org.junit.Assert.fail'[0m
[92m[Verifier] âœ“ All reproduction indicators matched.[0m
[92m[Executor] Reproduction result: Success[0m
[92m[Executor] Direct reproduction successful on 6.0.0.Alpha1[0m
[96m[Adapter] Copied successful adaptation to /PoCAdaptation/exploit/valid/CVE-2019-10219/6.0.0.Alpha1[0m
[93m[Selector] No pending versions available.[0m
[91m[Main] No suitable version found for further adaptation. Stopping.[0m
[1m[Main] === Adaptation process complete ===[0m
[92m[Main] Total reproduced versions: 31[0m
