[1m[Main] === Starting adaptation process for CVE-2019-16869 ===[0m
[96m[Processor] Fetching all available Maven versions...[0m
[96m[Analyzer] Loading cached versions from: /PoCAdaptation/library/io_netty_netty-codec-http.txt[0m
[96m[Analyzer] io.netty:netty-codec-http has 231 versions (cached).[0m
[96m[Processor] Identifying versions with successful reproduction...[0m
[96m[Processor] Pending versions: ['4.0.0.Beta1', '4.0.0.Beta2', '4.0.0.Beta3', '4.0.0.CR1', '4.0.0.CR2', '4.0.0.CR3', '4.0.0.CR4', '4.0.0.CR5', '4.0.0.CR6', '4.0.0.CR7', '4.0.0.CR8', '4.0.0.CR9', '4.0.0.Final', '4.0.1.Final', '4.0.2.Final', '4.0.3.Final', '4.0.4.Final', '4.0.5.Final', '4.0.6.Final', '4.0.7.Final', '4.0.8.Final', '4.0.9.Final', '4.0.10.Final', '4.0.11.Final', '4.0.12.Final', '4.0.13.Final', '4.0.14.Beta1', '4.0.14.Final', '4.0.15.Final', '4.0.16.Final', '4.0.17.Final', '4.0.18.Final', '4.0.19.Final', '4.0.20.Final', '4.0.21.Final', '4.0.22.Final', '4.0.23.Final', '4.0.24.Final', '4.0.25.Final', '4.0.26.Final', '4.0.27.Final', '4.0.28.Final', '4.0.29.Final', '4.0.30.Final', '4.0.31.Final', '4.0.32.Final', '4.0.33.Final', '4.0.34.Final', '4.0.35.Final', '4.0.36.Final', '4.0.37.Final', '4.0.38.Final', '4.0.39.Final', '4.0.40.Final', '4.0.41.Final', '4.0.42.Final', '4.0.43.Final', '4.0.44.Final', '4.0.45.Final', '4.0.46.Final', '4.0.47.Final', '4.0.48.Final', '4.0.49.Final', '4.0.50.Final', '4.0.51.Final', '4.0.52.Final', '4.0.53.Final', '4.0.54.Final', '4.0.55.Final', '4.0.56.Final', '5.0.0.Alpha1'][0m
[96m[Preparer] Pending directory already exists: /PoCAdaptation/exploit/pending/CVE-2019-16869[0m
[92m[Main] Total affected versions: 131[0m
[92m[Main] Already reproduced versions: 60[0m
[93m[Main] Versions pending adaptation: 71[0m
[96m[Main]     -> ['4.0.0.Beta1', '4.0.0.Beta2', '4.0.0.Beta3', '4.0.0.CR1', '4.0.0.CR2', '4.0.0.CR3', '4.0.0.CR4', '4.0.0.CR5', '4.0.0.CR6', '4.0.0.CR7', '4.0.0.CR8', '4.0.0.CR9', '4.0.0.Final', '4.0.1.Final', '4.0.2.Final', '4.0.3.Final', '4.0.4.Final', '4.0.5.Final', '4.0.6.Final', '4.0.7.Final', '4.0.8.Final', '4.0.9.Final', '4.0.10.Final', '4.0.11.Final', '4.0.12.Final', '4.0.13.Final', '4.0.14.Beta1', '4.0.14.Final', '4.0.15.Final', '4.0.16.Final', '4.0.17.Final', '4.0.18.Final', '4.0.19.Final', '4.0.20.Final', '4.0.21.Final', '4.0.22.Final', '4.0.23.Final', '4.0.24.Final', '4.0.25.Final', '4.0.26.Final', '4.0.27.Final', '4.0.28.Final', '4.0.29.Final', '4.0.30.Final', '4.0.31.Final', '4.0.32.Final', '4.0.33.Final', '4.0.34.Final', '4.0.35.Final', '4.0.36.Final', '4.0.37.Final', '4.0.38.Final', '4.0.39.Final', '4.0.40.Final', '4.0.41.Final', '4.0.42.Final', '4.0.43.Final', '4.0.44.Final', '4.0.45.Final', '4.0.46.Final', '4.0.47.Final', '4.0.48.Final', '4.0.49.Final', '4.0.50.Final', '4.0.51.Final', '4.0.52.Final', '4.0.53.Final', '4.0.54.Final', '4.0.55.Final', '4.0.56.Final', '5.0.0.Alpha1'][0m
[96m[Main]     -> ['4.1.0.Beta1', '4.1.0.Beta2', '4.1.0.Beta3', '4.1.0.Beta4', '4.1.0.Beta5', '4.1.0.Beta6', '4.1.0.Beta7', '4.1.0.Beta8', '4.1.0.CR1', '4.1.0.CR2', '4.1.0.CR3', '4.1.0.CR4', '4.1.0.CR5', '4.1.0.CR6', '4.1.0.CR7', '4.1.0.Final', '4.1.1.Final', '4.1.2.Final', '4.1.3.Final', '4.1.4.Final', '4.1.5.Final', '4.1.6.Final', '4.1.7.Final', '4.1.8.Final', '4.1.9.Final', '4.1.10.Final', '4.1.11.Final', '4.1.12.Final', '4.1.13.Final', '4.1.14.Final', '4.1.15.Final', '4.1.16.Final', '4.1.17.Final', '4.1.18.Final', '4.1.19.Final', '4.1.20.Final', '4.1.21.Final', '4.1.22.Final', '4.1.23.Final', '4.1.24.Final', '4.1.25.Final', '4.1.26.Final', '4.1.27.Final', '4.1.28.Final', '4.1.29.Final', '4.1.30.Final', '4.1.31.Final', '4.1.32.Final', '4.1.33.Final', '4.1.34.Final', '4.1.35.Final', '4.1.36.Final', '4.1.37.Final', '4.1.38.Final', '4.1.39.Final', '4.1.40.Final', '4.1.41.Final', '4.1.42.Final', '4.1.43.Final', '5.0.0.Alpha2'][0m
[96m[Executor] Running initial exploit mvn test in /PoCAdaptation/exploit/origin/CVE-2019-16869/exploit[0m
[91m[Executor] Initial exploit execution finished with return code 1[0m
[96m[Verifier] Verifying reproduction...[0m
[92m[Verifier] âœ“ Behavior matched: 'java.lang.AssertionError'[0m
[92m[Verifier] âœ“ Detail matched: 'org.junit.Assert.fail'[0m
[92m[Verifier] âœ“ All reproduction indicators matched.[0m
[92m[Verifier] Initial exploit behavior verified successfully.[0m
[96m[Selector] Nearest need adapatation version selected: 4.0.56.Final[0m
[96m[Selector] Closest reproduced version: 4.1.0.Beta1 at index 78[0m
[96m[Adapter] Trying next closest version: 4.0.56.Final[0m
[96m[Preparer] Using exploit from origin: /PoCAdaptation/exploit/origin/CVE-2019-16869/exploit[0m
[92m[Preparer] Copied exploit to: /PoCAdaptation/exploit/pending/CVE-2019-16869/4.0.56.Final/exploit[0m
[96m[Preparer] Updating dependency version to 4.0.56.Final in /PoCAdaptation/exploit/pending/CVE-2019-16869/4.0.56.Final/exploit/pom.xml[0m
[92m[Preparer] Updated dependency version to 4.0.56.Final in /PoCAdaptation/exploit/pending/CVE-2019-16869/4.0.56.Final/exploit/pom.xml[0m
[96m[Executor] Attempting direct exploit execution on 4.0.56.Final...[0m
[96m[Executor] Executing exploit for CVE-2019-16869 on version 4.0.56.Final...[0m
[96m[Verifier] Verifying reproduction...[0m
[91m[Verifier] âœ— Behavior not found: 'java.lang.AssertionError'[0m
[91m[Executor] Reproduction result: Failure[0m
[96m[Adapter] Attempting adaptation from base version 4.1.0.Beta1 to 4.0.56.Final...[0m
[96m[Adapter] Start adapting exploit from 4.1.0.Beta1 to 4.0.56.Final"[0m
[96m[Executor] Executing exploit for CVE-2019-16869 on version 4.0.56.Final...[0m
[96m[Verifier] Verifying reproduction...[0m
[91m[Verifier] âœ— Behavior not found: 'java.lang.AssertionError'[0m
[91m[Executor] Reproduction result: Failure[0m
[96m[ErrorManager] Ignoring line: [ERROR] Failed to execute goal org.apache.maven.plugins:maven-compiler-plugin:3.1:testCompile (default-testCompile) on project CVE-2019-16869: Compilation failure: Compilation failure:[0m
[92m[ErrorManager] Processing line: [ERROR] /PoCAdaptation/exploit/result/CVE-2019-16869/4.0.56.Final/exploit/src/test/java/edu/vision/se/Testcase1.java:[25,50] incompatible types: java.lang.Object cannot be converted to io.netty.handler.codec.http.HttpRequest[0m
[92m[ErrorManager] Processing line: [ERROR] /PoCAdaptation/exploit/result/CVE-2019-16869/4.0.56.Final/exploit/src/test/java/edu/vision/se/Testcase1.java:[26,27] cannot find symbol[0m
[92m[ErrorManager] Processing line: [ERROR]   symbol:   method decoderResult()[0m
[92m[ErrorManager] Processing line: [ERROR]   location: variable request of type io.netty.handler.codec.http.HttpRequest[0m
[92m[ErrorManager] Processing line: [ERROR] /PoCAdaptation/exploit/result/CVE-2019-16869/4.0.56.Final/exploit/src/test/java/edu/vision/se/Testcase1.java:[27,27] cannot find symbol[0m
[92m[ErrorManager] Processing line: [ERROR]   symbol:   method decoderResult()[0m
[92m[ErrorManager] Processing line: [ERROR]   location: variable request of type io.netty.handler.codec.http.HttpRequest[0m
[96m[ErrorManager] Ignoring line: [ERROR] -> [Help 1][0m
[96m[ErrorManager] Ignoring line: [ERROR][0m
[96m[ErrorManager] Ignoring line: [ERROR] To see the full stack trace of the errors, re-run Maven with the -e switch.[0m
[96m[ErrorManager] Ignoring line: [ERROR] Re-run Maven using the -X switch to enable full debug logging.[0m
[96m[ErrorManager] Ignoring line: [ERROR][0m
[96m[ErrorManager] Ignoring line: [ERROR] For more information about the errors and possible solutions, please read the following articles:[0m
[96m[ErrorManager] Ignoring line: [ERROR] [Help 1] http://cwiki.apache.org/confluence/display/MAVEN/MojoFailureException[0m
[96m[Adapter] Locating fix position in error log.[0m
[LLMClient] Tokens used: 1698 (prompt), 1 (completion), 1699 (total)
[LLMClient] Prompt: 
You are given a Java error log when executing 'mvn test' in a project with dependency version 4.0.56.Final:io.netty:netty-codec-http.
This test file compiles and runs successfully with version 4.1.0.Beta1.

Your task is to:
1. Analyze why this issue occurs with the *4.1.0.Beta1* but not with the *4.0.56.Final version*.
2. Consider how to resolve the issue **without updating this library**.
3. Determine and output the location in the project that should be modified to fix the problem.

Please return 'pom' if the fix is in the pom.xml file, or 'test' if the fix is in the test code.
Do not return any other text, just 'pom' or 'test'.

The error log is:
[INFO] Scanning for projects...
[INFO] 
[INFO] --------------------< edu.vision.se:CVE-2019-16869 >--------------------
[INFO] Building io.netty CVE-2019-16869 1.0-SNAPSHOT
[INFO]   from pom.xml
[INFO] --------------------------------[ jar ]---------------------------------
[INFO] 
[INFO] --- maven-clean-plugin:2.5:clean (default-clean) @ CVE-2019-16869 ---
[INFO] Deleting /PoCAdaptation/exploit/result/CVE-2019-16869/4.0.56.Final/exploit/target
[INFO] 
[INFO] --- maven-resources-plugin:2.6:resources (default-resources) @ CVE-2019-16869 ---
[INFO] Using 'UTF-8' encoding to copy filtered resources.
[INFO] skip non existing resourceDirectory /PoCAdaptation/exploit/result/CVE-2019-16869/4.0.56.Final/exploit/src/main/resources
[INFO] 
[INFO] --- maven-compiler-plugin:3.1:compile (default-compile) @ CVE-2019-16869 ---
[INFO] No sources to compile
[INFO] 
[INFO] --- maven-resources-plugin:2.6:testResources (default-testResources) @ CVE-2019-16869 ---
[INFO] Using 'UTF-8' encoding to copy filtered resources.
[INFO] skip non existing resourceDirectory /PoCAdaptation/exploit/result/CVE-2019-16869/4.0.56.Final/exploit/src/test/resources
[INFO] 
[INFO] --- maven-compiler-plugin:3.1:testCompile (default-testCompile) @ CVE-2019-16869 ---
[INFO] Changes detected - recompiling the module!
[INFO] Compiling 1 source file to /PoCAdaptation/exploit/result/CVE-2019-16869/4.0.56.Final/exploit/target/test-classes
[INFO] -------------------------------------------------------------
[ERROR] COMPILATION ERROR : 
[INFO] -------------------------------------------------------------
[ERROR] /PoCAdaptation/exploit/result/CVE-2019-16869/4.0.56.Final/exploit/src/test/java/edu/vision/se/Testcase1.java:[25,50] incompatible types: java.lang.Object cannot be converted to io.netty.handler.codec.http.HttpRequest
[ERROR] /PoCAdaptation/exploit/result/CVE-2019-16869/4.0.56.Final/exploit/src/test/java/edu/vision/se/Testcase1.java:[26,27] cannot find symbol
  symbol:   method decoderResult()
  location: variable request of type io.netty.handler.codec.http.HttpRequest
[ERROR] /PoCAdaptation/exploit/result/CVE-2019-16869/4.0.56.Final/exploit/src/test/java/edu/vision/se/Testcase1.java:[27,27] cannot find symbol
  symbol:   method decoderResult()
  location: variable request of type io.netty.handler.codec.http.HttpRequest
[INFO] 3 errors 
[INFO] -------------------------------------------------------------
[INFO] ------------------------------------------------------------------------
[INFO] BUILD FAILURE
[INFO] ------------------------------------------------------------------------
[INFO] Total time:  0.866 s
[INFO] Finished at: 2025-07-10T06:20:55Z
[INFO] ------------------------------------------------------------------------
[ERROR] Failed to execute goal org.apache.maven.plugins:maven-compiler-plugin:3.1:testCompile (default-testCompile) on project CVE-2019-16869: Compilation failure: Compilation failure: 
[ERROR] /PoCAdaptation/exploit/result/CVE-2019-16869/4.0.56.Final/exploit/src/test/java/edu/vision/se/Testcase1.java:[25,50] incompatible types: java.lang.Object cannot be converted to io.netty.handler.codec.http.HttpRequest
[ERROR] /PoCAdaptation/exploit/result/CVE-2019-16869/4.0.56.Final/exploit/src/test/java/edu/vision/se/Testcase1.java:[26,27] cannot find symbol
[ERROR]   symbol:   method decoderResult()
[ERROR]   location: variable request of type io.netty.handler.codec.http.HttpRequest
[ERROR] /PoCAdaptation/exploit/result/CVE-2019-16869/4.0.56.Final/exploit/src/test/java/edu/vision/se/Testcase1.java:[27,27] cannot find symbol
[ERROR]   symbol:   method decoderResult()
[ERROR]   location: variable request of type io.netty.handler.codec.http.HttpRequest
[ERROR] -> [Help 1]
[ERROR] 
[ERROR] To see the full stack trace of the errors, re-run Maven with the -e switch.
[ERROR] Re-run Maven using the -X switch to enable full debug logging.
[ERROR] 
[ERROR] For more information about the errors and possible solutions, please read the following articles:
[ERROR] [Help 1] http://cwiki.apache.org/confluence/display/MAVEN/MojoFailureException


current_pom file is:<?xml version='1.0' encoding='utf-8'?>
<project xmlns="http://maven.apache.org/POM/4.0.0" xmlns:xsi="http://www.w3.org/2001/XMLSchema-instance" xsi:schemaLocation="http://maven.apache.org/POM/4.0.0 https://maven.apache.org/xsd/maven-4.0.0.xsd">
  <groupId>edu.vision.se</groupId><version>1.0-SNAPSHOT</version><modelVersion>4.0.0</modelVersion>
  <artifactId>CVE-2019-16869</artifactId>
  <name>io.netty CVE-2019-16869</name>
   <properties>
    <maven.compiler.target>11</maven.compiler.target>
    <maven.compiler.source>11</maven.compiler.source>
    <project.build.sourceEncoding>UTF-8</project.build.sourceEncoding>
  </properties>
  
  <dependencies>
    <dependency>
      <groupId>io.netty</groupId>
      <artifactId>netty-codec-http</artifactId>
      <version>4.0.56.Final</version>
    </dependency>


  <dependency><groupId>junit</groupId><artifactId>junit</artifactId><version>4.13.2</version></dependency>
  
  </dependencies>
</project>
[LLMClient] Response: 
test
[96m[Adapter] LLM response for fix position: test[0m
[LLMClient] Tokens used: 150 (prompt), 8 (completion), 158 (total)
[LLMClient] Prompt: 
You are given an error log when executing 'mvn test' in version 4.0.56.Final: 

Error: incompatible types: java.lang.Object cannot be converted to io.netty.handler.codec.http.HttpRequest, None, None 

The test executes as expected in 4.1.0.Beta1 

Error code:         HttpRequest request = channel.readInbound(); 

Extract two key *entities* from the error for searching related diffs 

The extracted entities should reflect code-level identifiers that are likely to appear in source code or diffs. 

Output each node as a `;`-separated list, with no explanations. 


[LLMClient] Response: 
HttpRequest;channel.readInbound()
[96m[ErrorManager] Extracted key entities: ['HttpRequest', 'channel.readInbound()'][0m
[96m[Adapter] Try to solve error: {'file': '/PoCAdaptation/exploit/result/CVE-2019-16869/4.0.56.Final/exploit/src/test/java/edu/vision/se/Testcase1.java', 'line': 25, 'column': 50, 'message': 'incompatible types: java.lang.Object cannot be converted to io.netty.handler.codec.http.HttpRequest', 'symbol': None, 'location': None, 'code_line': '        HttpRequest request = channel.readInbound();'} with cause: ['HttpRequest', 'channel.readInbound()'][0m
[96m[Adapter] Related diffs for error: [(714, 8.0), (716, 8.0), (717, 8.0), (255, 4.0), (393, 4.0)][0m
[96m[Adapter] Fix position is in test code.[0m
[96m[RepairModule] Start repair for group: incompatible types: java.lang.Object cannot be converted to io.netty.handler.codec.http.HttpRequest | cause: ['HttpRequest', 'channel.readInbound()'][0m
[96m[RepairModule] Trying best diff #714 with score 8.00[0m
[LLMClient] Tokens used: 702 (prompt), 280 (completion), 982 (total)
[LLMClient] Prompt: 
You are given a Java test file with compilation errors in version 4.0.56.Final:io.netty:netty-codec-http.
This test file compiles and runs successfully in 4.1.0.Beta1.

The diff is related to the diff.
Your task has three steps:
 1. Locate the code where the compilation error occurs.
 2. Analyze the diff from 4.1.0.Beta1 to 4.0.56.Final.
 3. Fix the error in the error position only when diff is helpful. Add import statement when needed according to the diff. 

Only output the modified version of the test file according to the diff. No explanations. If mocking, access fields via reflection if they exist.
### Compilation Errors:
message: incompatible types: java.lang.Object cannot be converted to io.netty.handler.codec.http.HttpRequest, symble: None, location: None

### Error Position:
        HttpRequest request = channel.readInbound();

### Related Diff:
Operation: MODIFIED, File: codec-http/src/test/java/io/netty/handler/codec/http/HttpRequestDecoderTest.java, Hunk: @@ -71,10 +72,10 @@ public void testDecodeWholeRequestAtOnceMixedDelimiters() {
     private static void testDecodeWholeRequestAtOnce(byte[] content) {
         EmbeddedChannel channel = new EmbeddedChannel(new HttpRequestDecoder());
         assertTrue(channel.writeInbound(Unpooled.wrappedBuffer(content)));
+        HttpRequest req = (HttpRequest) channel.readInbound();
-        HttpRequest req = channel.readInbound();
         assertNotNull(req);
         checkHeaders(req.headers());
+        LastHttpContent c = (LastHttpContent) channel.readInbound();
-        LastHttpContent c = channel.readInbound();
         assertEquals(CONTENT_LENGTH, c.content().readableBytes());
         assertEquals(
                 Unpooled.wrappedBuffer(content, content.length - CONTENT_LENGTH, CONTENT_LENGTH),

### Test File Content:
package edu.vision.se;

import io.netty.buffer.Unpooled;
import io.netty.channel.embedded.EmbeddedChannel;
import io.netty.handler.codec.http.HttpRequest;
import io.netty.handler.codec.http.HttpRequestDecoder;
import io.netty.util.CharsetUtil;
import org.junit.Test;

import static org.junit.Assert.assertFalse;
import static org.junit.Assert.assertTrue;

public class Testcase1 {
    @Test(timeout = 60000)
    public void testWhitespace() {
        EmbeddedChannel channel = new EmbeddedChannel(new HttpRequestDecoder());
        String requestStr = "GET /some/path HTTP/1.1\r\n" +
                "Transfer-Encoding : chunked\r\n" +
                "Host: netty.io\n\r\n";
        channel.writeInbound(Unpooled.copiedBuffer(requestStr, CharsetUtil.US_ASCII));
        validateReturnValue(channel);
    }

    public void validateReturnValue(EmbeddedChannel channel) {
        HttpRequest request = channel.readInbound();
        assertTrue(request.decoderResult().isFailure());
        assertTrue(request.decoderResult().cause() instanceof IllegalArgumentException);
        assertFalse(channel.finish());
    }
}


[LLMClient] Response: 
Here's the modified version of the test file according to the diff:

```java
package edu.vision.se;

import io.netty.buffer.Unpooled;
import io.netty.channel.embedded.EmbeddedChannel;
import io.netty.handler.codec.http.HttpRequest;
import io.netty.handler.codec.http.HttpRequestDecoder;
import io.netty.util.CharsetUtil;
import org.junit.Test;

import static org.junit.Assert.assertFalse;
import static org.junit.Assert.assertTrue;

public class Testcase1 {
    @Test(timeout = 60000)
    public void testWhitespace() {
        EmbeddedChannel channel = new EmbeddedChannel(new HttpRequestDecoder());
        String requestStr = "GET /some/path HTTP/1.1\r\n" +
                "Transfer-Encoding : chunked\r\n" +
                "Host: netty.io\n\r\n";
        channel.writeInbound(Unpooled.copiedBuffer(requestStr, CharsetUtil.US_ASCII));
        validateReturnValue(channel);
    }

    public void validateReturnValue(EmbeddedChannel channel) {
        HttpRequest request = (HttpRequest) channel.readInbound();
        assertTrue(request.decoderResult().isFailure());
        assertTrue(request.decoderResult().cause() instanceof IllegalArgumentException);
        assertFalse(channel.finish());
    }
}
```
[96m[RepairModule] Wrote modified code to /PoCAdaptation/exploit/result/CVE-2019-16869/4.0.56.Final/exploit/src/test/java/edu/vision/se/Testcase1.java[0m
[96m[Executor] Executing exploit for CVE-2019-16869 on version 4.0.56.Final...[0m
[96m[Verifier] Verifying reproduction...[0m
[91m[Verifier] âœ— Behavior not found: 'java.lang.AssertionError'[0m
[91m[Executor] Reproduction result: Failure[0m
[96m[ErrorManager] Ignoring line: [ERROR] Failed to execute goal org.apache.maven.plugins:maven-compiler-plugin:3.1:testCompile (default-testCompile) on project CVE-2019-16869: Compilation failure: Compilation failure:[0m
[92m[ErrorManager] Processing line: [ERROR] /PoCAdaptation/exploit/result/CVE-2019-16869/4.0.56.Final/exploit/src/test/java/edu/vision/se/Testcase1.java:[26,27] cannot find symbol[0m
[92m[ErrorManager] Processing line: [ERROR]   symbol:   method decoderResult()[0m
[92m[ErrorManager] Processing line: [ERROR]   location: variable request of type io.netty.handler.codec.http.HttpRequest[0m
[92m[ErrorManager] Processing line: [ERROR] /PoCAdaptation/exploit/result/CVE-2019-16869/4.0.56.Final/exploit/src/test/java/edu/vision/se/Testcase1.java:[27,27] cannot find symbol[0m
[92m[ErrorManager] Processing line: [ERROR]   symbol:   method decoderResult()[0m
[92m[ErrorManager] Processing line: [ERROR]   location: variable request of type io.netty.handler.codec.http.HttpRequest[0m
[96m[ErrorManager] Ignoring line: [ERROR] -> [Help 1][0m
[96m[ErrorManager] Ignoring line: [ERROR][0m
[96m[ErrorManager] Ignoring line: [ERROR] To see the full stack trace of the errors, re-run Maven with the -e switch.[0m
[96m[ErrorManager] Ignoring line: [ERROR] Re-run Maven using the -X switch to enable full debug logging.[0m
[96m[ErrorManager] Ignoring line: [ERROR][0m
[96m[ErrorManager] Ignoring line: [ERROR] For more information about the errors and possible solutions, please read the following articles:[0m
[96m[ErrorManager] Ignoring line: [ERROR] [Help 1] http://cwiki.apache.org/confluence/display/MAVEN/MojoFailureException[0m
[92m[RepairModule] Error incompatible types: java.lang.Object cannot be converted to io.netty.handler.codec.http.HttpRequest resolved after applying diff.[0m
[92m[RepairModule] Repair success with best diff![0m
[96m[Adapter] Test code repair attempted.[0m
[96m[Executor] Executing exploit for CVE-2019-16869 on version 4.0.56.Final...[0m
[96m[Verifier] Verifying reproduction...[0m
[91m[Verifier] âœ— Behavior not found: 'java.lang.AssertionError'[0m
[91m[Executor] Reproduction result: Failure[0m
[96m[ErrorManager] Ignoring line: [ERROR] Failed to execute goal org.apache.maven.plugins:maven-compiler-plugin:3.1:testCompile (default-testCompile) on project CVE-2019-16869: Compilation failure: Compilation failure:[0m
[92m[ErrorManager] Processing line: [ERROR] /PoCAdaptation/exploit/result/CVE-2019-16869/4.0.56.Final/exploit/src/test/java/edu/vision/se/Testcase1.java:[26,27] cannot find symbol[0m
[92m[ErrorManager] Processing line: [ERROR]   symbol:   method decoderResult()[0m
[92m[ErrorManager] Processing line: [ERROR]   location: variable request of type io.netty.handler.codec.http.HttpRequest[0m
[92m[ErrorManager] Processing line: [ERROR] /PoCAdaptation/exploit/result/CVE-2019-16869/4.0.56.Final/exploit/src/test/java/edu/vision/se/Testcase1.java:[27,27] cannot find symbol[0m
[92m[ErrorManager] Processing line: [ERROR]   symbol:   method decoderResult()[0m
[92m[ErrorManager] Processing line: [ERROR]   location: variable request of type io.netty.handler.codec.http.HttpRequest[0m
[96m[ErrorManager] Ignoring line: [ERROR] -> [Help 1][0m
[96m[ErrorManager] Ignoring line: [ERROR][0m
[96m[ErrorManager] Ignoring line: [ERROR] To see the full stack trace of the errors, re-run Maven with the -e switch.[0m
[96m[ErrorManager] Ignoring line: [ERROR] Re-run Maven using the -X switch to enable full debug logging.[0m
[96m[ErrorManager] Ignoring line: [ERROR][0m
[96m[ErrorManager] Ignoring line: [ERROR] For more information about the errors and possible solutions, please read the following articles:[0m
[96m[ErrorManager] Ignoring line: [ERROR] [Help 1] http://cwiki.apache.org/confluence/display/MAVEN/MojoFailureException[0m
[96m[Adapter] Locating fix position in error log.[0m
[LLMClient] Tokens used: 1556 (prompt), 1 (completion), 1557 (total)
[LLMClient] Prompt: 
You are given a Java error log when executing 'mvn test' in a project with dependency version 4.0.56.Final:io.netty:netty-codec-http.
This test file compiles and runs successfully with version 4.1.0.Beta1.

Your task is to:
1. Analyze why this issue occurs with the *4.1.0.Beta1* but not with the *4.0.56.Final version*.
2. Consider how to resolve the issue **without updating this library**.
3. Determine and output the location in the project that should be modified to fix the problem.

Please return 'pom' if the fix is in the pom.xml file, or 'test' if the fix is in the test code.
Do not return any other text, just 'pom' or 'test'.

The error log is:
[INFO] Scanning for projects...
[INFO] 
[INFO] --------------------< edu.vision.se:CVE-2019-16869 >--------------------
[INFO] Building io.netty CVE-2019-16869 1.0-SNAPSHOT
[INFO]   from pom.xml
[INFO] --------------------------------[ jar ]---------------------------------
[INFO] 
[INFO] --- maven-clean-plugin:2.5:clean (default-clean) @ CVE-2019-16869 ---
[INFO] Deleting /PoCAdaptation/exploit/result/CVE-2019-16869/4.0.56.Final/exploit/target
[INFO] 
[INFO] --- maven-resources-plugin:2.6:resources (default-resources) @ CVE-2019-16869 ---
[INFO] Using 'UTF-8' encoding to copy filtered resources.
[INFO] skip non existing resourceDirectory /PoCAdaptation/exploit/result/CVE-2019-16869/4.0.56.Final/exploit/src/main/resources
[INFO] 
[INFO] --- maven-compiler-plugin:3.1:compile (default-compile) @ CVE-2019-16869 ---
[INFO] No sources to compile
[INFO] 
[INFO] --- maven-resources-plugin:2.6:testResources (default-testResources) @ CVE-2019-16869 ---
[INFO] Using 'UTF-8' encoding to copy filtered resources.
[INFO] skip non existing resourceDirectory /PoCAdaptation/exploit/result/CVE-2019-16869/4.0.56.Final/exploit/src/test/resources
[INFO] 
[INFO] --- maven-compiler-plugin:3.1:testCompile (default-testCompile) @ CVE-2019-16869 ---
[INFO] Changes detected - recompiling the module!
[INFO] Compiling 1 source file to /PoCAdaptation/exploit/result/CVE-2019-16869/4.0.56.Final/exploit/target/test-classes
[INFO] -------------------------------------------------------------
[ERROR] COMPILATION ERROR : 
[INFO] -------------------------------------------------------------
[ERROR] /PoCAdaptation/exploit/result/CVE-2019-16869/4.0.56.Final/exploit/src/test/java/edu/vision/se/Testcase1.java:[26,27] cannot find symbol
  symbol:   method decoderResult()
  location: variable request of type io.netty.handler.codec.http.HttpRequest
[ERROR] /PoCAdaptation/exploit/result/CVE-2019-16869/4.0.56.Final/exploit/src/test/java/edu/vision/se/Testcase1.java:[27,27] cannot find symbol
  symbol:   method decoderResult()
  location: variable request of type io.netty.handler.codec.http.HttpRequest
[INFO] 2 errors 
[INFO] -------------------------------------------------------------
[INFO] ------------------------------------------------------------------------
[INFO] BUILD FAILURE
[INFO] ------------------------------------------------------------------------
[INFO] Total time:  0.878 s
[INFO] Finished at: 2025-07-10T06:21:24Z
[INFO] ------------------------------------------------------------------------
[ERROR] Failed to execute goal org.apache.maven.plugins:maven-compiler-plugin:3.1:testCompile (default-testCompile) on project CVE-2019-16869: Compilation failure: Compilation failure: 
[ERROR] /PoCAdaptation/exploit/result/CVE-2019-16869/4.0.56.Final/exploit/src/test/java/edu/vision/se/Testcase1.java:[26,27] cannot find symbol
[ERROR]   symbol:   method decoderResult()
[ERROR]   location: variable request of type io.netty.handler.codec.http.HttpRequest
[ERROR] /PoCAdaptation/exploit/result/CVE-2019-16869/4.0.56.Final/exploit/src/test/java/edu/vision/se/Testcase1.java:[27,27] cannot find symbol
[ERROR]   symbol:   method decoderResult()
[ERROR]   location: variable request of type io.netty.handler.codec.http.HttpRequest
[ERROR] -> [Help 1]
[ERROR] 
[ERROR] To see the full stack trace of the errors, re-run Maven with the -e switch.
[ERROR] Re-run Maven using the -X switch to enable full debug logging.
[ERROR] 
[ERROR] For more information about the errors and possible solutions, please read the following articles:
[ERROR] [Help 1] http://cwiki.apache.org/confluence/display/MAVEN/MojoFailureException


current_pom file is:<?xml version='1.0' encoding='utf-8'?>
<project xmlns="http://maven.apache.org/POM/4.0.0" xmlns:xsi="http://www.w3.org/2001/XMLSchema-instance" xsi:schemaLocation="http://maven.apache.org/POM/4.0.0 https://maven.apache.org/xsd/maven-4.0.0.xsd">
  <groupId>edu.vision.se</groupId><version>1.0-SNAPSHOT</version><modelVersion>4.0.0</modelVersion>
  <artifactId>CVE-2019-16869</artifactId>
  <name>io.netty CVE-2019-16869</name>
   <properties>
    <maven.compiler.target>11</maven.compiler.target>
    <maven.compiler.source>11</maven.compiler.source>
    <project.build.sourceEncoding>UTF-8</project.build.sourceEncoding>
  </properties>
  
  <dependencies>
    <dependency>
      <groupId>io.netty</groupId>
      <artifactId>netty-codec-http</artifactId>
      <version>4.0.56.Final</version>
    </dependency>


  <dependency><groupId>junit</groupId><artifactId>junit</artifactId><version>4.13.2</version></dependency>
  
  </dependencies>
</project>
[LLMClient] Response: 
test
[96m[Adapter] LLM response for fix position: test[0m
[LLMClient] Tokens used: 149 (prompt), 10 (completion), 159 (total)
[LLMClient] Prompt: 
You are given an error log when executing 'mvn test' in version 4.0.56.Final: 

Error: cannot find symbol, method decoderResult(), variable request of type io.netty.handler.codec.http.HttpRequest 

The test executes as expected in 4.1.0.Beta1 

Error code:         assertTrue(request.decoderResult().isFailure()); 

Extract two key *entities* from the error for searching related diffs 

The extracted entities should reflect code-level identifiers that are likely to appear in source code or diffs. 

Output each node as a `;`-separated list, with no explanations. 


[LLMClient] Response: 
request.decoderResult;HttpRequest.decoderResult
[96m[ErrorManager] Extracted key entities: ['request.decoderResult', 'HttpRequest.decoderResult'][0m
[96m[Adapter] Try to solve error: {'file': '/PoCAdaptation/exploit/result/CVE-2019-16869/4.0.56.Final/exploit/src/test/java/edu/vision/se/Testcase1.java', 'line': 26, 'column': 27, 'message': 'cannot find symbol', 'symbol': 'method decoderResult()', 'location': 'variable request of type io.netty.handler.codec.http.HttpRequest', 'code_line': '        assertTrue(request.decoderResult().isFailure());'} with cause: ['request.decoderResult', 'HttpRequest.decoderResult'][0m
[96m[Adapter] Related diffs for error: [(1333, 4.0), (0, 0.0), (2, 0.0), (3, 0.0), (4, 0.0)][0m
[96m[Adapter] Fix position is in test code.[0m
[96m[RepairModule] Start repair for group: cannot find symbol | method decoderResult() cause: ['request.decoderResult', 'HttpRequest.decoderResult'][0m
[96m[RepairModule] Trying best diff #1333 with score 4.00[0m
[LLMClient] Tokens used: 796 (prompt), 280 (completion), 1076 (total)
[LLMClient] Prompt: 
You are given a Java test file with compilation errors in version 4.0.56.Final:io.netty:netty-codec-http.
This test file compiles and runs successfully in 4.1.0.Beta1.

The diff is related to the diff.
Your task has three steps:
 1. Locate the code where the compilation error occurs.
 2. Analyze the diff from 4.1.0.Beta1 to 4.0.56.Final.
 3. Fix the error in the error position only when diff is helpful. Add import statement when needed according to the diff. 

Only output the modified version of the test file according to the diff. No explanations. If mocking, access fields via reflection if they exist.
### Compilation Errors:
message: cannot find symbol, symble: method decoderResult(), location: variable request of type io.netty.handler.codec.http.HttpRequest

### Error Position:
        assertTrue(request.decoderResult().isFailure());

### Related Diff:
Operation: MODIFIED, File: example/src/main/java/io/netty/example/http/file/HttpStaticFileServerHandler.java, Hunk: @@ -107,26 +109,19 @@ public class HttpStaticFileServerHandler extends SimpleChannelInboundHandler<Ful
     public static final String HTTP_DATE_GMT_TIMEZONE = "GMT";
     public static final int HTTP_CACHE_SECONDS = 60;

+    private final boolean useSendFile;
+
+    public HttpStaticFileServerHandler(boolean useSendFile) {
+        this.useSendFile = useSendFile;
+    }
+
     @Override
+    public void channelRead0(
+            ChannelHandlerContext ctx, FullHttpRequest request) throws Exception {
+        if (!request.getDecoderResult().isSuccess()) {
-    public void channelRead0(ChannelHandlerContext ctx, FullHttpRequest request) throws Exception {
-        if (!request.decoderResult().isSuccess()) {
             sendError(ctx, BAD_REQUEST);
             return;
         }

+        if (request.getMethod() != GET) {
-        if (request.method() != GET) {
             sendError(ctx, METHOD_NOT_ALLOWED);
             return;
         }

+        final String uri = request.getUri();
-        final String uri = request.uri();
         final String path = sanitizeUri(uri);
         if (path == null) {
             sendError(ctx, FORBIDDEN);

### Test File Content:
package edu.vision.se;

import io.netty.buffer.Unpooled;
import io.netty.channel.embedded.EmbeddedChannel;
import io.netty.handler.codec.http.HttpRequest;
import io.netty.handler.codec.http.HttpRequestDecoder;
import io.netty.util.CharsetUtil;
import org.junit.Test;

import static org.junit.Assert.assertFalse;
import static org.junit.Assert.assertTrue;

public class Testcase1 {
    @Test(timeout = 60000)
    public void testWhitespace() {
        EmbeddedChannel channel = new EmbeddedChannel(new HttpRequestDecoder());
        String requestStr = "GET /some/path HTTP/1.1\r\n" +
                "Transfer-Encoding : chunked\r\n" +
                "Host: netty.io\n\r\n";
        channel.writeInbound(Unpooled.copiedBuffer(requestStr, CharsetUtil.US_ASCII));
        validateReturnValue(channel);
    }

    public void validateReturnValue(EmbeddedChannel channel) {
        HttpRequest request = (HttpRequest) channel.readInbound();
        assertTrue(request.decoderResult().isFailure());
        assertTrue(request.decoderResult().cause() instanceof IllegalArgumentException);
        assertFalse(channel.finish());
    }
}



[LLMClient] Response: 
Here's the modified version of the test file according to the diff:

```java
package edu.vision.se;

import io.netty.buffer.Unpooled;
import io.netty.channel.embedded.EmbeddedChannel;
import io.netty.handler.codec.http.HttpRequest;
import io.netty.handler.codec.http.HttpRequestDecoder;
import io.netty.util.CharsetUtil;
import org.junit.Test;

import static org.junit.Assert.assertFalse;
import static org.junit.Assert.assertTrue;

public class Testcase1 {
    @Test(timeout = 60000)
    public void testWhitespace() {
        EmbeddedChannel channel = new EmbeddedChannel(new HttpRequestDecoder());
        String requestStr = "GET /some/path HTTP/1.1\r\n" +
                "Transfer-Encoding : chunked\r\n" +
                "Host: netty.io\n\r\n";
        channel.writeInbound(Unpooled.copiedBuffer(requestStr, CharsetUtil.US_ASCII));
        validateReturnValue(channel);
    }

    public void validateReturnValue(EmbeddedChannel channel) {
        HttpRequest request = (HttpRequest) channel.readInbound();
        assertTrue(request.getDecoderResult().isFailure());
        assertTrue(request.getDecoderResult().cause() instanceof IllegalArgumentException);
        assertFalse(channel.finish());
    }
}
```
[96m[RepairModule] Wrote modified code to /PoCAdaptation/exploit/result/CVE-2019-16869/4.0.56.Final/exploit/src/test/java/edu/vision/se/Testcase1.java[0m
[96m[Executor] Executing exploit for CVE-2019-16869 on version 4.0.56.Final...[0m
[96m[Verifier] Verifying reproduction...[0m
[92m[Verifier] âœ“ Behavior matched: 'java.lang.AssertionError'[0m
[92m[Verifier] âœ“ Detail matched: 'org.junit.Assert.fail'[0m
[92m[Verifier] âœ“ All reproduction indicators matched.[0m
[92m[Executor] Reproduction result: Success[0m
[92m[RepairModule] Repair success![0m
[92m[RepairModule] Repair success with best diff![0m
[96m[Adapter] Test code repair attempted.[0m
[96m[Executor] Executing exploit for CVE-2019-16869 on version 4.0.56.Final...[0m
[96m[Verifier] Verifying reproduction...[0m
[92m[Verifier] âœ“ Behavior matched: 'java.lang.AssertionError'[0m
[92m[Verifier] âœ“ Detail matched: 'org.junit.Assert.fail'[0m
[92m[Verifier] âœ“ All reproduction indicators matched.[0m
[92m[Executor] Reproduction result: Success[0m
[92m[Adapter] Adaptation from 4.1.0.Beta1 to 4.0.56.Final successful.[0m
[96m[Adapter] Adaptation complete. Retesting exploit on 4.0.56.Final...[0m
[92m[Executor] Adaptation + reproduction successful on 4.0.56.Final[0m
[96m[Adapter] Copied successful adaptation to /PoCAdaptation/exploit/valid/CVE-2019-16869/4.0.56.Final[0m
[96m[Selector] Nearest need adapatation version selected: 4.0.55.Final[0m
[96m[Selector] Closest reproduced version: 4.0.56.Final at index 77[0m
[96m[Adapter] Trying next closest version: 4.0.55.Final[0m
[96m[Preparer] Using exploit from valid: /PoCAdaptation/exploit/valid/CVE-2019-16869/4.0.56.Final/exploit[0m
[92m[Preparer] Copied exploit to: /PoCAdaptation/exploit/pending/CVE-2019-16869/4.0.55.Final/exploit[0m
[96m[Preparer] Updating dependency version to 4.0.55.Final in /PoCAdaptation/exploit/pending/CVE-2019-16869/4.0.55.Final/exploit/pom.xml[0m
[92m[Preparer] Updated dependency version to 4.0.55.Final in /PoCAdaptation/exploit/pending/CVE-2019-16869/4.0.55.Final/exploit/pom.xml[0m
[96m[Executor] Attempting direct exploit execution on 4.0.55.Final...[0m
[96m[Executor] Executing exploit for CVE-2019-16869 on version 4.0.55.Final...[0m
[96m[Verifier] Verifying reproduction...[0m
[92m[Verifier] âœ“ Behavior matched: 'java.lang.AssertionError'[0m
[92m[Verifier] âœ“ Detail matched: 'org.junit.Assert.fail'[0m
[92m[Verifier] âœ“ All reproduction indicators matched.[0m
[92m[Executor] Reproduction result: Success[0m
[92m[Executor] Direct reproduction successful on 4.0.55.Final[0m
[96m[Adapter] Copied successful adaptation to /PoCAdaptation/exploit/valid/CVE-2019-16869/4.0.55.Final[0m
[96m[Selector] Nearest need adapatation version selected: 4.0.54.Final[0m
[96m[Selector] Closest reproduced version: 4.0.55.Final at index 76[0m
[96m[Adapter] Trying next closest version: 4.0.54.Final[0m
[96m[Preparer] Using exploit from valid: /PoCAdaptation/exploit/valid/CVE-2019-16869/4.0.55.Final/exploit[0m
[92m[Preparer] Copied exploit to: /PoCAdaptation/exploit/pending/CVE-2019-16869/4.0.54.Final/exploit[0m
[96m[Preparer] Updating dependency version to 4.0.54.Final in /PoCAdaptation/exploit/pending/CVE-2019-16869/4.0.54.Final/exploit/pom.xml[0m
[92m[Preparer] Updated dependency version to 4.0.54.Final in /PoCAdaptation/exploit/pending/CVE-2019-16869/4.0.54.Final/exploit/pom.xml[0m
[96m[Executor] Attempting direct exploit execution on 4.0.54.Final...[0m
[96m[Executor] Executing exploit for CVE-2019-16869 on version 4.0.54.Final...[0m
[96m[Verifier] Verifying reproduction...[0m
[92m[Verifier] âœ“ Behavior matched: 'java.lang.AssertionError'[0m
[92m[Verifier] âœ“ Detail matched: 'org.junit.Assert.fail'[0m
[92m[Verifier] âœ“ All reproduction indicators matched.[0m
[92m[Executor] Reproduction result: Success[0m
[92m[Executor] Direct reproduction successful on 4.0.54.Final[0m
[96m[Adapter] Copied successful adaptation to /PoCAdaptation/exploit/valid/CVE-2019-16869/4.0.54.Final[0m
[96m[Selector] Nearest need adapatation version selected: 4.0.53.Final[0m
[96m[Selector] Closest reproduced version: 4.0.54.Final at index 75[0m
[96m[Adapter] Trying next closest version: 4.0.53.Final[0m
[96m[Preparer] Using exploit from valid: /PoCAdaptation/exploit/valid/CVE-2019-16869/4.0.54.Final/exploit[0m
[92m[Preparer] Copied exploit to: /PoCAdaptation/exploit/pending/CVE-2019-16869/4.0.53.Final/exploit[0m
[96m[Preparer] Updating dependency version to 4.0.53.Final in /PoCAdaptation/exploit/pending/CVE-2019-16869/4.0.53.Final/exploit/pom.xml[0m
[92m[Preparer] Updated dependency version to 4.0.53.Final in /PoCAdaptation/exploit/pending/CVE-2019-16869/4.0.53.Final/exploit/pom.xml[0m
[96m[Executor] Attempting direct exploit execution on 4.0.53.Final...[0m
[96m[Executor] Executing exploit for CVE-2019-16869 on version 4.0.53.Final...[0m
[96m[Verifier] Verifying reproduction...[0m
[92m[Verifier] âœ“ Behavior matched: 'java.lang.AssertionError'[0m
[92m[Verifier] âœ“ Detail matched: 'org.junit.Assert.fail'[0m
[92m[Verifier] âœ“ All reproduction indicators matched.[0m
[92m[Executor] Reproduction result: Success[0m
[92m[Executor] Direct reproduction successful on 4.0.53.Final[0m
[96m[Adapter] Copied successful adaptation to /PoCAdaptation/exploit/valid/CVE-2019-16869/4.0.53.Final[0m
[96m[Selector] Nearest need adapatation version selected: 4.0.52.Final[0m
[96m[Selector] Closest reproduced version: 4.0.53.Final at index 74[0m
[96m[Adapter] Trying next closest version: 4.0.52.Final[0m
[96m[Preparer] Using exploit from valid: /PoCAdaptation/exploit/valid/CVE-2019-16869/4.0.53.Final/exploit[0m
[92m[Preparer] Copied exploit to: /PoCAdaptation/exploit/pending/CVE-2019-16869/4.0.52.Final/exploit[0m
[96m[Preparer] Updating dependency version to 4.0.52.Final in /PoCAdaptation/exploit/pending/CVE-2019-16869/4.0.52.Final/exploit/pom.xml[0m
[92m[Preparer] Updated dependency version to 4.0.52.Final in /PoCAdaptation/exploit/pending/CVE-2019-16869/4.0.52.Final/exploit/pom.xml[0m
[96m[Executor] Attempting direct exploit execution on 4.0.52.Final...[0m
[96m[Executor] Executing exploit for CVE-2019-16869 on version 4.0.52.Final...[0m
[96m[Verifier] Verifying reproduction...[0m
[92m[Verifier] âœ“ Behavior matched: 'java.lang.AssertionError'[0m
[92m[Verifier] âœ“ Detail matched: 'org.junit.Assert.fail'[0m
[92m[Verifier] âœ“ All reproduction indicators matched.[0m
[92m[Executor] Reproduction result: Success[0m
[92m[Executor] Direct reproduction successful on 4.0.52.Final[0m
[96m[Adapter] Copied successful adaptation to /PoCAdaptation/exploit/valid/CVE-2019-16869/4.0.52.Final[0m
[96m[Selector] Nearest need adapatation version selected: 4.0.51.Final[0m
[96m[Selector] Closest reproduced version: 4.0.52.Final at index 73[0m
[96m[Adapter] Trying next closest version: 4.0.51.Final[0m
[96m[Preparer] Using exploit from valid: /PoCAdaptation/exploit/valid/CVE-2019-16869/4.0.52.Final/exploit[0m
[92m[Preparer] Copied exploit to: /PoCAdaptation/exploit/pending/CVE-2019-16869/4.0.51.Final/exploit[0m
[96m[Preparer] Updating dependency version to 4.0.51.Final in /PoCAdaptation/exploit/pending/CVE-2019-16869/4.0.51.Final/exploit/pom.xml[0m
[92m[Preparer] Updated dependency version to 4.0.51.Final in /PoCAdaptation/exploit/pending/CVE-2019-16869/4.0.51.Final/exploit/pom.xml[0m
[96m[Executor] Attempting direct exploit execution on 4.0.51.Final...[0m
[96m[Executor] Executing exploit for CVE-2019-16869 on version 4.0.51.Final...[0m
[96m[Verifier] Verifying reproduction...[0m
[92m[Verifier] âœ“ Behavior matched: 'java.lang.AssertionError'[0m
[92m[Verifier] âœ“ Detail matched: 'org.junit.Assert.fail'[0m
[92m[Verifier] âœ“ All reproduction indicators matched.[0m
[92m[Executor] Reproduction result: Success[0m
[92m[Executor] Direct reproduction successful on 4.0.51.Final[0m
[96m[Adapter] Copied successful adaptation to /PoCAdaptation/exploit/valid/CVE-2019-16869/4.0.51.Final[0m
[96m[Selector] Nearest need adapatation version selected: 4.0.50.Final[0m
[96m[Selector] Closest reproduced version: 4.0.51.Final at index 72[0m
[96m[Adapter] Trying next closest version: 4.0.50.Final[0m
[96m[Preparer] Using exploit from valid: /PoCAdaptation/exploit/valid/CVE-2019-16869/4.0.51.Final/exploit[0m
[92m[Preparer] Copied exploit to: /PoCAdaptation/exploit/pending/CVE-2019-16869/4.0.50.Final/exploit[0m
[96m[Preparer] Updating dependency version to 4.0.50.Final in /PoCAdaptation/exploit/pending/CVE-2019-16869/4.0.50.Final/exploit/pom.xml[0m
[92m[Preparer] Updated dependency version to 4.0.50.Final in /PoCAdaptation/exploit/pending/CVE-2019-16869/4.0.50.Final/exploit/pom.xml[0m
[96m[Executor] Attempting direct exploit execution on 4.0.50.Final...[0m
[96m[Executor] Executing exploit for CVE-2019-16869 on version 4.0.50.Final...[0m
[96m[Verifier] Verifying reproduction...[0m
[92m[Verifier] âœ“ Behavior matched: 'java.lang.AssertionError'[0m
[92m[Verifier] âœ“ Detail matched: 'org.junit.Assert.fail'[0m
[92m[Verifier] âœ“ All reproduction indicators matched.[0m
[92m[Executor] Reproduction result: Success[0m
[92m[Executor] Direct reproduction successful on 4.0.50.Final[0m
[96m[Adapter] Copied successful adaptation to /PoCAdaptation/exploit/valid/CVE-2019-16869/4.0.50.Final[0m
[96m[Selector] Nearest need adapatation version selected: 4.0.49.Final[0m
[96m[Selector] Closest reproduced version: 4.0.50.Final at index 71[0m
[96m[Adapter] Trying next closest version: 4.0.49.Final[0m
[96m[Preparer] Using exploit from valid: /PoCAdaptation/exploit/valid/CVE-2019-16869/4.0.50.Final/exploit[0m
[92m[Preparer] Copied exploit to: /PoCAdaptation/exploit/pending/CVE-2019-16869/4.0.49.Final/exploit[0m
[96m[Preparer] Updating dependency version to 4.0.49.Final in /PoCAdaptation/exploit/pending/CVE-2019-16869/4.0.49.Final/exploit/pom.xml[0m
[92m[Preparer] Updated dependency version to 4.0.49.Final in /PoCAdaptation/exploit/pending/CVE-2019-16869/4.0.49.Final/exploit/pom.xml[0m
[96m[Executor] Attempting direct exploit execution on 4.0.49.Final...[0m
[96m[Executor] Executing exploit for CVE-2019-16869 on version 4.0.49.Final...[0m
[96m[Verifier] Verifying reproduction...[0m
[92m[Verifier] âœ“ Behavior matched: 'java.lang.AssertionError'[0m
[92m[Verifier] âœ“ Detail matched: 'org.junit.Assert.fail'[0m
[92m[Verifier] âœ“ All reproduction indicators matched.[0m
[92m[Executor] Reproduction result: Success[0m
[92m[Executor] Direct reproduction successful on 4.0.49.Final[0m
[96m[Adapter] Copied successful adaptation to /PoCAdaptation/exploit/valid/CVE-2019-16869/4.0.49.Final[0m
[96m[Selector] Nearest need adapatation version selected: 4.0.48.Final[0m
[96m[Selector] Closest reproduced version: 4.0.49.Final at index 70[0m
[96m[Adapter] Trying next closest version: 4.0.48.Final[0m
[96m[Preparer] Using exploit from valid: /PoCAdaptation/exploit/valid/CVE-2019-16869/4.0.49.Final/exploit[0m
[92m[Preparer] Copied exploit to: /PoCAdaptation/exploit/pending/CVE-2019-16869/4.0.48.Final/exploit[0m
[96m[Preparer] Updating dependency version to 4.0.48.Final in /PoCAdaptation/exploit/pending/CVE-2019-16869/4.0.48.Final/exploit/pom.xml[0m
[92m[Preparer] Updated dependency version to 4.0.48.Final in /PoCAdaptation/exploit/pending/CVE-2019-16869/4.0.48.Final/exploit/pom.xml[0m
[96m[Executor] Attempting direct exploit execution on 4.0.48.Final...[0m
[96m[Executor] Executing exploit for CVE-2019-16869 on version 4.0.48.Final...[0m
[96m[Verifier] Verifying reproduction...[0m
[92m[Verifier] âœ“ Behavior matched: 'java.lang.AssertionError'[0m
[92m[Verifier] âœ“ Detail matched: 'org.junit.Assert.fail'[0m
[92m[Verifier] âœ“ All reproduction indicators matched.[0m
[92m[Executor] Reproduction result: Success[0m
[92m[Executor] Direct reproduction successful on 4.0.48.Final[0m
[96m[Adapter] Copied successful adaptation to /PoCAdaptation/exploit/valid/CVE-2019-16869/4.0.48.Final[0m
[96m[Selector] Nearest need adapatation version selected: 4.0.47.Final[0m
[96m[Selector] Closest reproduced version: 4.0.48.Final at index 69[0m
[96m[Adapter] Trying next closest version: 4.0.47.Final[0m
[96m[Preparer] Using exploit from valid: /PoCAdaptation/exploit/valid/CVE-2019-16869/4.0.48.Final/exploit[0m
[92m[Preparer] Copied exploit to: /PoCAdaptation/exploit/pending/CVE-2019-16869/4.0.47.Final/exploit[0m
[96m[Preparer] Updating dependency version to 4.0.47.Final in /PoCAdaptation/exploit/pending/CVE-2019-16869/4.0.47.Final/exploit/pom.xml[0m
[92m[Preparer] Updated dependency version to 4.0.47.Final in /PoCAdaptation/exploit/pending/CVE-2019-16869/4.0.47.Final/exploit/pom.xml[0m
[96m[Executor] Attempting direct exploit execution on 4.0.47.Final...[0m
[96m[Executor] Executing exploit for CVE-2019-16869 on version 4.0.47.Final...[0m
[96m[Verifier] Verifying reproduction...[0m
[92m[Verifier] âœ“ Behavior matched: 'java.lang.AssertionError'[0m
[92m[Verifier] âœ“ Detail matched: 'org.junit.Assert.fail'[0m
[92m[Verifier] âœ“ All reproduction indicators matched.[0m
[92m[Executor] Reproduction result: Success[0m
[92m[Executor] Direct reproduction successful on 4.0.47.Final[0m
[96m[Adapter] Copied successful adaptation to /PoCAdaptation/exploit/valid/CVE-2019-16869/4.0.47.Final[0m
[96m[Selector] Nearest need adapatation version selected: 4.0.46.Final[0m
[96m[Selector] Closest reproduced version: 4.0.47.Final at index 68[0m
[96m[Adapter] Trying next closest version: 4.0.46.Final[0m
[96m[Preparer] Using exploit from valid: /PoCAdaptation/exploit/valid/CVE-2019-16869/4.0.47.Final/exploit[0m
[92m[Preparer] Copied exploit to: /PoCAdaptation/exploit/pending/CVE-2019-16869/4.0.46.Final/exploit[0m
[96m[Preparer] Updating dependency version to 4.0.46.Final in /PoCAdaptation/exploit/pending/CVE-2019-16869/4.0.46.Final/exploit/pom.xml[0m
[92m[Preparer] Updated dependency version to 4.0.46.Final in /PoCAdaptation/exploit/pending/CVE-2019-16869/4.0.46.Final/exploit/pom.xml[0m
[96m[Executor] Attempting direct exploit execution on 4.0.46.Final...[0m
[96m[Executor] Executing exploit for CVE-2019-16869 on version 4.0.46.Final...[0m
[96m[Verifier] Verifying reproduction...[0m
[92m[Verifier] âœ“ Behavior matched: 'java.lang.AssertionError'[0m
[92m[Verifier] âœ“ Detail matched: 'org.junit.Assert.fail'[0m
[92m[Verifier] âœ“ All reproduction indicators matched.[0m
[92m[Executor] Reproduction result: Success[0m
[92m[Executor] Direct reproduction successful on 4.0.46.Final[0m
[96m[Adapter] Copied successful adaptation to /PoCAdaptation/exploit/valid/CVE-2019-16869/4.0.46.Final[0m
[96m[Selector] Nearest need adapatation version selected: 4.0.45.Final[0m
[96m[Selector] Closest reproduced version: 4.0.46.Final at index 67[0m
[96m[Adapter] Trying next closest version: 4.0.45.Final[0m
[96m[Preparer] Using exploit from valid: /PoCAdaptation/exploit/valid/CVE-2019-16869/4.0.46.Final/exploit[0m
[92m[Preparer] Copied exploit to: /PoCAdaptation/exploit/pending/CVE-2019-16869/4.0.45.Final/exploit[0m
[96m[Preparer] Updating dependency version to 4.0.45.Final in /PoCAdaptation/exploit/pending/CVE-2019-16869/4.0.45.Final/exploit/pom.xml[0m
[92m[Preparer] Updated dependency version to 4.0.45.Final in /PoCAdaptation/exploit/pending/CVE-2019-16869/4.0.45.Final/exploit/pom.xml[0m
[96m[Executor] Attempting direct exploit execution on 4.0.45.Final...[0m
[96m[Executor] Executing exploit for CVE-2019-16869 on version 4.0.45.Final...[0m
[96m[Verifier] Verifying reproduction...[0m
[92m[Verifier] âœ“ Behavior matched: 'java.lang.AssertionError'[0m
[92m[Verifier] âœ“ Detail matched: 'org.junit.Assert.fail'[0m
[92m[Verifier] âœ“ All reproduction indicators matched.[0m
[92m[Executor] Reproduction result: Success[0m
[92m[Executor] Direct reproduction successful on 4.0.45.Final[0m
[96m[Adapter] Copied successful adaptation to /PoCAdaptation/exploit/valid/CVE-2019-16869/4.0.45.Final[0m
[96m[Selector] Nearest need adapatation version selected: 4.0.44.Final[0m
[96m[Selector] Closest reproduced version: 4.0.45.Final at index 66[0m
[96m[Adapter] Trying next closest version: 4.0.44.Final[0m
[96m[Preparer] Using exploit from valid: /PoCAdaptation/exploit/valid/CVE-2019-16869/4.0.45.Final/exploit[0m
[92m[Preparer] Copied exploit to: /PoCAdaptation/exploit/pending/CVE-2019-16869/4.0.44.Final/exploit[0m
[96m[Preparer] Updating dependency version to 4.0.44.Final in /PoCAdaptation/exploit/pending/CVE-2019-16869/4.0.44.Final/exploit/pom.xml[0m
[92m[Preparer] Updated dependency version to 4.0.44.Final in /PoCAdaptation/exploit/pending/CVE-2019-16869/4.0.44.Final/exploit/pom.xml[0m
[96m[Executor] Attempting direct exploit execution on 4.0.44.Final...[0m
[96m[Executor] Executing exploit for CVE-2019-16869 on version 4.0.44.Final...[0m
[96m[Verifier] Verifying reproduction...[0m
[92m[Verifier] âœ“ Behavior matched: 'java.lang.AssertionError'[0m
[92m[Verifier] âœ“ Detail matched: 'org.junit.Assert.fail'[0m
[92m[Verifier] âœ“ All reproduction indicators matched.[0m
[92m[Executor] Reproduction result: Success[0m
[92m[Executor] Direct reproduction successful on 4.0.44.Final[0m
[96m[Adapter] Copied successful adaptation to /PoCAdaptation/exploit/valid/CVE-2019-16869/4.0.44.Final[0m
[96m[Selector] Nearest need adapatation version selected: 4.0.43.Final[0m
[96m[Selector] Closest reproduced version: 4.0.44.Final at index 65[0m
[96m[Adapter] Trying next closest version: 4.0.43.Final[0m
[96m[Preparer] Using exploit from valid: /PoCAdaptation/exploit/valid/CVE-2019-16869/4.0.44.Final/exploit[0m
[92m[Preparer] Copied exploit to: /PoCAdaptation/exploit/pending/CVE-2019-16869/4.0.43.Final/exploit[0m
[96m[Preparer] Updating dependency version to 4.0.43.Final in /PoCAdaptation/exploit/pending/CVE-2019-16869/4.0.43.Final/exploit/pom.xml[0m
[92m[Preparer] Updated dependency version to 4.0.43.Final in /PoCAdaptation/exploit/pending/CVE-2019-16869/4.0.43.Final/exploit/pom.xml[0m
[96m[Executor] Attempting direct exploit execution on 4.0.43.Final...[0m
[96m[Executor] Executing exploit for CVE-2019-16869 on version 4.0.43.Final...[0m
[96m[Verifier] Verifying reproduction...[0m
[92m[Verifier] âœ“ Behavior matched: 'java.lang.AssertionError'[0m
[92m[Verifier] âœ“ Detail matched: 'org.junit.Assert.fail'[0m
[92m[Verifier] âœ“ All reproduction indicators matched.[0m
[92m[Executor] Reproduction result: Success[0m
[92m[Executor] Direct reproduction successful on 4.0.43.Final[0m
[96m[Adapter] Copied successful adaptation to /PoCAdaptation/exploit/valid/CVE-2019-16869/4.0.43.Final[0m
[96m[Selector] Nearest need adapatation version selected: 4.0.42.Final[0m
[96m[Selector] Closest reproduced version: 4.0.43.Final at index 64[0m
[96m[Adapter] Trying next closest version: 4.0.42.Final[0m
[96m[Preparer] Using exploit from valid: /PoCAdaptation/exploit/valid/CVE-2019-16869/4.0.43.Final/exploit[0m
[92m[Preparer] Copied exploit to: /PoCAdaptation/exploit/pending/CVE-2019-16869/4.0.42.Final/exploit[0m
[96m[Preparer] Updating dependency version to 4.0.42.Final in /PoCAdaptation/exploit/pending/CVE-2019-16869/4.0.42.Final/exploit/pom.xml[0m
[92m[Preparer] Updated dependency version to 4.0.42.Final in /PoCAdaptation/exploit/pending/CVE-2019-16869/4.0.42.Final/exploit/pom.xml[0m
[96m[Executor] Attempting direct exploit execution on 4.0.42.Final...[0m
[96m[Executor] Executing exploit for CVE-2019-16869 on version 4.0.42.Final...[0m
[96m[Verifier] Verifying reproduction...[0m
[92m[Verifier] âœ“ Behavior matched: 'java.lang.AssertionError'[0m
[92m[Verifier] âœ“ Detail matched: 'org.junit.Assert.fail'[0m
[92m[Verifier] âœ“ All reproduction indicators matched.[0m
[92m[Executor] Reproduction result: Success[0m
[92m[Executor] Direct reproduction successful on 4.0.42.Final[0m
[96m[Adapter] Copied successful adaptation to /PoCAdaptation/exploit/valid/CVE-2019-16869/4.0.42.Final[0m
[96m[Selector] Nearest need adapatation version selected: 4.0.41.Final[0m
[96m[Selector] Closest reproduced version: 4.0.42.Final at index 63[0m
[96m[Adapter] Trying next closest version: 4.0.41.Final[0m
[96m[Preparer] Using exploit from valid: /PoCAdaptation/exploit/valid/CVE-2019-16869/4.0.42.Final/exploit[0m
[92m[Preparer] Copied exploit to: /PoCAdaptation/exploit/pending/CVE-2019-16869/4.0.41.Final/exploit[0m
[96m[Preparer] Updating dependency version to 4.0.41.Final in /PoCAdaptation/exploit/pending/CVE-2019-16869/4.0.41.Final/exploit/pom.xml[0m
[92m[Preparer] Updated dependency version to 4.0.41.Final in /PoCAdaptation/exploit/pending/CVE-2019-16869/4.0.41.Final/exploit/pom.xml[0m
[96m[Executor] Attempting direct exploit execution on 4.0.41.Final...[0m
[96m[Executor] Executing exploit for CVE-2019-16869 on version 4.0.41.Final...[0m
[96m[Verifier] Verifying reproduction...[0m
[92m[Verifier] âœ“ Behavior matched: 'java.lang.AssertionError'[0m
[92m[Verifier] âœ“ Detail matched: 'org.junit.Assert.fail'[0m
[92m[Verifier] âœ“ All reproduction indicators matched.[0m
[92m[Executor] Reproduction result: Success[0m
[92m[Executor] Direct reproduction successful on 4.0.41.Final[0m
[96m[Adapter] Copied successful adaptation to /PoCAdaptation/exploit/valid/CVE-2019-16869/4.0.41.Final[0m
[96m[Selector] Nearest need adapatation version selected: 4.0.40.Final[0m
[96m[Selector] Closest reproduced version: 4.0.41.Final at index 62[0m
[96m[Adapter] Trying next closest version: 4.0.40.Final[0m
[96m[Preparer] Using exploit from valid: /PoCAdaptation/exploit/valid/CVE-2019-16869/4.0.41.Final/exploit[0m
[92m[Preparer] Copied exploit to: /PoCAdaptation/exploit/pending/CVE-2019-16869/4.0.40.Final/exploit[0m
[96m[Preparer] Updating dependency version to 4.0.40.Final in /PoCAdaptation/exploit/pending/CVE-2019-16869/4.0.40.Final/exploit/pom.xml[0m
[92m[Preparer] Updated dependency version to 4.0.40.Final in /PoCAdaptation/exploit/pending/CVE-2019-16869/4.0.40.Final/exploit/pom.xml[0m
[96m[Executor] Attempting direct exploit execution on 4.0.40.Final...[0m
[96m[Executor] Executing exploit for CVE-2019-16869 on version 4.0.40.Final...[0m
[96m[Verifier] Verifying reproduction...[0m
[92m[Verifier] âœ“ Behavior matched: 'java.lang.AssertionError'[0m
[92m[Verifier] âœ“ Detail matched: 'org.junit.Assert.fail'[0m
[92m[Verifier] âœ“ All reproduction indicators matched.[0m
[92m[Executor] Reproduction result: Success[0m
[92m[Executor] Direct reproduction successful on 4.0.40.Final[0m
[96m[Adapter] Copied successful adaptation to /PoCAdaptation/exploit/valid/CVE-2019-16869/4.0.40.Final[0m
[96m[Selector] Nearest need adapatation version selected: 4.0.39.Final[0m
[96m[Selector] Closest reproduced version: 4.0.40.Final at index 61[0m
[96m[Adapter] Trying next closest version: 4.0.39.Final[0m
[96m[Preparer] Using exploit from valid: /PoCAdaptation/exploit/valid/CVE-2019-16869/4.0.40.Final/exploit[0m
[92m[Preparer] Copied exploit to: /PoCAdaptation/exploit/pending/CVE-2019-16869/4.0.39.Final/exploit[0m
[96m[Preparer] Updating dependency version to 4.0.39.Final in /PoCAdaptation/exploit/pending/CVE-2019-16869/4.0.39.Final/exploit/pom.xml[0m
[92m[Preparer] Updated dependency version to 4.0.39.Final in /PoCAdaptation/exploit/pending/CVE-2019-16869/4.0.39.Final/exploit/pom.xml[0m
[96m[Executor] Attempting direct exploit execution on 4.0.39.Final...[0m
[96m[Executor] Executing exploit for CVE-2019-16869 on version 4.0.39.Final...[0m
[96m[Verifier] Verifying reproduction...[0m
[92m[Verifier] âœ“ Behavior matched: 'java.lang.AssertionError'[0m
[92m[Verifier] âœ“ Detail matched: 'org.junit.Assert.fail'[0m
[92m[Verifier] âœ“ All reproduction indicators matched.[0m
[92m[Executor] Reproduction result: Success[0m
[92m[Executor] Direct reproduction successful on 4.0.39.Final[0m
[96m[Adapter] Copied successful adaptation to /PoCAdaptation/exploit/valid/CVE-2019-16869/4.0.39.Final[0m
[96m[Selector] Nearest need adapatation version selected: 4.0.38.Final[0m
[96m[Selector] Closest reproduced version: 4.0.39.Final at index 60[0m
[96m[Adapter] Trying next closest version: 4.0.38.Final[0m
[96m[Preparer] Using exploit from valid: /PoCAdaptation/exploit/valid/CVE-2019-16869/4.0.39.Final/exploit[0m
[92m[Preparer] Copied exploit to: /PoCAdaptation/exploit/pending/CVE-2019-16869/4.0.38.Final/exploit[0m
[96m[Preparer] Updating dependency version to 4.0.38.Final in /PoCAdaptation/exploit/pending/CVE-2019-16869/4.0.38.Final/exploit/pom.xml[0m
[92m[Preparer] Updated dependency version to 4.0.38.Final in /PoCAdaptation/exploit/pending/CVE-2019-16869/4.0.38.Final/exploit/pom.xml[0m
[96m[Executor] Attempting direct exploit execution on 4.0.38.Final...[0m
[96m[Executor] Executing exploit for CVE-2019-16869 on version 4.0.38.Final...[0m
[96m[Verifier] Verifying reproduction...[0m
[92m[Verifier] âœ“ Behavior matched: 'java.lang.AssertionError'[0m
[92m[Verifier] âœ“ Detail matched: 'org.junit.Assert.fail'[0m
[92m[Verifier] âœ“ All reproduction indicators matched.[0m
[92m[Executor] Reproduction result: Success[0m
[92m[Executor] Direct reproduction successful on 4.0.38.Final[0m
[96m[Adapter] Copied successful adaptation to /PoCAdaptation/exploit/valid/CVE-2019-16869/4.0.38.Final[0m
[96m[Selector] Nearest need adapatation version selected: 4.0.37.Final[0m
[96m[Selector] Closest reproduced version: 4.0.38.Final at index 59[0m
[96m[Adapter] Trying next closest version: 4.0.37.Final[0m
[96m[Preparer] Using exploit from valid: /PoCAdaptation/exploit/valid/CVE-2019-16869/4.0.38.Final/exploit[0m
[92m[Preparer] Copied exploit to: /PoCAdaptation/exploit/pending/CVE-2019-16869/4.0.37.Final/exploit[0m
[96m[Preparer] Updating dependency version to 4.0.37.Final in /PoCAdaptation/exploit/pending/CVE-2019-16869/4.0.37.Final/exploit/pom.xml[0m
[92m[Preparer] Updated dependency version to 4.0.37.Final in /PoCAdaptation/exploit/pending/CVE-2019-16869/4.0.37.Final/exploit/pom.xml[0m
[96m[Executor] Attempting direct exploit execution on 4.0.37.Final...[0m
[96m[Executor] Executing exploit for CVE-2019-16869 on version 4.0.37.Final...[0m
[96m[Verifier] Verifying reproduction...[0m
[92m[Verifier] âœ“ Behavior matched: 'java.lang.AssertionError'[0m
[92m[Verifier] âœ“ Detail matched: 'org.junit.Assert.fail'[0m
[92m[Verifier] âœ“ All reproduction indicators matched.[0m
[92m[Executor] Reproduction result: Success[0m
[92m[Executor] Direct reproduction successful on 4.0.37.Final[0m
[96m[Adapter] Copied successful adaptation to /PoCAdaptation/exploit/valid/CVE-2019-16869/4.0.37.Final[0m
[96m[Selector] Nearest need adapatation version selected: 4.0.36.Final[0m
[96m[Selector] Closest reproduced version: 4.0.37.Final at index 58[0m
[96m[Adapter] Trying next closest version: 4.0.36.Final[0m
[96m[Preparer] Using exploit from valid: /PoCAdaptation/exploit/valid/CVE-2019-16869/4.0.37.Final/exploit[0m
[92m[Preparer] Copied exploit to: /PoCAdaptation/exploit/pending/CVE-2019-16869/4.0.36.Final/exploit[0m
[96m[Preparer] Updating dependency version to 4.0.36.Final in /PoCAdaptation/exploit/pending/CVE-2019-16869/4.0.36.Final/exploit/pom.xml[0m
[92m[Preparer] Updated dependency version to 4.0.36.Final in /PoCAdaptation/exploit/pending/CVE-2019-16869/4.0.36.Final/exploit/pom.xml[0m
[96m[Executor] Attempting direct exploit execution on 4.0.36.Final...[0m
[96m[Executor] Executing exploit for CVE-2019-16869 on version 4.0.36.Final...[0m
[96m[Verifier] Verifying reproduction...[0m
[92m[Verifier] âœ“ Behavior matched: 'java.lang.AssertionError'[0m
[92m[Verifier] âœ“ Detail matched: 'org.junit.Assert.fail'[0m
[92m[Verifier] âœ“ All reproduction indicators matched.[0m
[92m[Executor] Reproduction result: Success[0m
[92m[Executor] Direct reproduction successful on 4.0.36.Final[0m
[96m[Adapter] Copied successful adaptation to /PoCAdaptation/exploit/valid/CVE-2019-16869/4.0.36.Final[0m
[96m[Selector] Nearest need adapatation version selected: 4.0.35.Final[0m
[96m[Selector] Closest reproduced version: 4.0.36.Final at index 57[0m
[96m[Adapter] Trying next closest version: 4.0.35.Final[0m
[96m[Preparer] Using exploit from valid: /PoCAdaptation/exploit/valid/CVE-2019-16869/4.0.36.Final/exploit[0m
[92m[Preparer] Copied exploit to: /PoCAdaptation/exploit/pending/CVE-2019-16869/4.0.35.Final/exploit[0m
[96m[Preparer] Updating dependency version to 4.0.35.Final in /PoCAdaptation/exploit/pending/CVE-2019-16869/4.0.35.Final/exploit/pom.xml[0m
[92m[Preparer] Updated dependency version to 4.0.35.Final in /PoCAdaptation/exploit/pending/CVE-2019-16869/4.0.35.Final/exploit/pom.xml[0m
[96m[Executor] Attempting direct exploit execution on 4.0.35.Final...[0m
[96m[Executor] Executing exploit for CVE-2019-16869 on version 4.0.35.Final...[0m
[96m[Verifier] Verifying reproduction...[0m
[92m[Verifier] âœ“ Behavior matched: 'java.lang.AssertionError'[0m
[92m[Verifier] âœ“ Detail matched: 'org.junit.Assert.fail'[0m
[92m[Verifier] âœ“ All reproduction indicators matched.[0m
[92m[Executor] Reproduction result: Success[0m
[92m[Executor] Direct reproduction successful on 4.0.35.Final[0m
[96m[Adapter] Copied successful adaptation to /PoCAdaptation/exploit/valid/CVE-2019-16869/4.0.35.Final[0m
[96m[Selector] Nearest need adapatation version selected: 4.0.34.Final[0m
[96m[Selector] Closest reproduced version: 4.0.35.Final at index 56[0m
[96m[Adapter] Trying next closest version: 4.0.34.Final[0m
[96m[Preparer] Using exploit from valid: /PoCAdaptation/exploit/valid/CVE-2019-16869/4.0.35.Final/exploit[0m
[92m[Preparer] Copied exploit to: /PoCAdaptation/exploit/pending/CVE-2019-16869/4.0.34.Final/exploit[0m
[96m[Preparer] Updating dependency version to 4.0.34.Final in /PoCAdaptation/exploit/pending/CVE-2019-16869/4.0.34.Final/exploit/pom.xml[0m
[92m[Preparer] Updated dependency version to 4.0.34.Final in /PoCAdaptation/exploit/pending/CVE-2019-16869/4.0.34.Final/exploit/pom.xml[0m
[96m[Executor] Attempting direct exploit execution on 4.0.34.Final...[0m
[96m[Executor] Executing exploit for CVE-2019-16869 on version 4.0.34.Final...[0m
[96m[Verifier] Verifying reproduction...[0m
[92m[Verifier] âœ“ Behavior matched: 'java.lang.AssertionError'[0m
[92m[Verifier] âœ“ Detail matched: 'org.junit.Assert.fail'[0m
[92m[Verifier] âœ“ All reproduction indicators matched.[0m
[92m[Executor] Reproduction result: Success[0m
[92m[Executor] Direct reproduction successful on 4.0.34.Final[0m
[96m[Adapter] Copied successful adaptation to /PoCAdaptation/exploit/valid/CVE-2019-16869/4.0.34.Final[0m
[96m[Selector] Nearest need adapatation version selected: 4.0.33.Final[0m
[96m[Selector] Closest reproduced version: 4.0.34.Final at index 55[0m
[96m[Adapter] Trying next closest version: 4.0.33.Final[0m
[96m[Preparer] Using exploit from valid: /PoCAdaptation/exploit/valid/CVE-2019-16869/4.0.34.Final/exploit[0m
[92m[Preparer] Copied exploit to: /PoCAdaptation/exploit/pending/CVE-2019-16869/4.0.33.Final/exploit[0m
[96m[Preparer] Updating dependency version to 4.0.33.Final in /PoCAdaptation/exploit/pending/CVE-2019-16869/4.0.33.Final/exploit/pom.xml[0m
[92m[Preparer] Updated dependency version to 4.0.33.Final in /PoCAdaptation/exploit/pending/CVE-2019-16869/4.0.33.Final/exploit/pom.xml[0m
[96m[Executor] Attempting direct exploit execution on 4.0.33.Final...[0m
[96m[Executor] Executing exploit for CVE-2019-16869 on version 4.0.33.Final...[0m
[96m[Verifier] Verifying reproduction...[0m
[92m[Verifier] âœ“ Behavior matched: 'java.lang.AssertionError'[0m
[92m[Verifier] âœ“ Detail matched: 'org.junit.Assert.fail'[0m
[92m[Verifier] âœ“ All reproduction indicators matched.[0m
[92m[Executor] Reproduction result: Success[0m
[92m[Executor] Direct reproduction successful on 4.0.33.Final[0m
[96m[Adapter] Copied successful adaptation to /PoCAdaptation/exploit/valid/CVE-2019-16869/4.0.33.Final[0m
[96m[Selector] Nearest need adapatation version selected: 4.0.32.Final[0m
[96m[Selector] Closest reproduced version: 4.0.33.Final at index 54[0m
[96m[Adapter] Trying next closest version: 4.0.32.Final[0m
[96m[Preparer] Using exploit from valid: /PoCAdaptation/exploit/valid/CVE-2019-16869/4.0.33.Final/exploit[0m
[92m[Preparer] Copied exploit to: /PoCAdaptation/exploit/pending/CVE-2019-16869/4.0.32.Final/exploit[0m
[96m[Preparer] Updating dependency version to 4.0.32.Final in /PoCAdaptation/exploit/pending/CVE-2019-16869/4.0.32.Final/exploit/pom.xml[0m
[92m[Preparer] Updated dependency version to 4.0.32.Final in /PoCAdaptation/exploit/pending/CVE-2019-16869/4.0.32.Final/exploit/pom.xml[0m
[96m[Executor] Attempting direct exploit execution on 4.0.32.Final...[0m
[96m[Executor] Executing exploit for CVE-2019-16869 on version 4.0.32.Final...[0m
[96m[Verifier] Verifying reproduction...[0m
[92m[Verifier] âœ“ Behavior matched: 'java.lang.AssertionError'[0m
[92m[Verifier] âœ“ Detail matched: 'org.junit.Assert.fail'[0m
[92m[Verifier] âœ“ All reproduction indicators matched.[0m
[92m[Executor] Reproduction result: Success[0m
[92m[Executor] Direct reproduction successful on 4.0.32.Final[0m
[96m[Adapter] Copied successful adaptation to /PoCAdaptation/exploit/valid/CVE-2019-16869/4.0.32.Final[0m
[96m[Selector] Nearest need adapatation version selected: 4.0.31.Final[0m
[96m[Selector] Closest reproduced version: 4.0.32.Final at index 53[0m
[96m[Adapter] Trying next closest version: 4.0.31.Final[0m
[96m[Preparer] Using exploit from valid: /PoCAdaptation/exploit/valid/CVE-2019-16869/4.0.32.Final/exploit[0m
[92m[Preparer] Copied exploit to: /PoCAdaptation/exploit/pending/CVE-2019-16869/4.0.31.Final/exploit[0m
[96m[Preparer] Updating dependency version to 4.0.31.Final in /PoCAdaptation/exploit/pending/CVE-2019-16869/4.0.31.Final/exploit/pom.xml[0m
[92m[Preparer] Updated dependency version to 4.0.31.Final in /PoCAdaptation/exploit/pending/CVE-2019-16869/4.0.31.Final/exploit/pom.xml[0m
[96m[Executor] Attempting direct exploit execution on 4.0.31.Final...[0m
[96m[Executor] Executing exploit for CVE-2019-16869 on version 4.0.31.Final...[0m
[96m[Verifier] Verifying reproduction...[0m
[92m[Verifier] âœ“ Behavior matched: 'java.lang.AssertionError'[0m
[92m[Verifier] âœ“ Detail matched: 'org.junit.Assert.fail'[0m
[92m[Verifier] âœ“ All reproduction indicators matched.[0m
[92m[Executor] Reproduction result: Success[0m
[92m[Executor] Direct reproduction successful on 4.0.31.Final[0m
[96m[Adapter] Copied successful adaptation to /PoCAdaptation/exploit/valid/CVE-2019-16869/4.0.31.Final[0m
[96m[Selector] Nearest need adapatation version selected: 4.0.30.Final[0m
[96m[Selector] Closest reproduced version: 4.0.31.Final at index 52[0m
[96m[Adapter] Trying next closest version: 4.0.30.Final[0m
[96m[Preparer] Using exploit from valid: /PoCAdaptation/exploit/valid/CVE-2019-16869/4.0.31.Final/exploit[0m
[92m[Preparer] Copied exploit to: /PoCAdaptation/exploit/pending/CVE-2019-16869/4.0.30.Final/exploit[0m
[96m[Preparer] Updating dependency version to 4.0.30.Final in /PoCAdaptation/exploit/pending/CVE-2019-16869/4.0.30.Final/exploit/pom.xml[0m
[92m[Preparer] Updated dependency version to 4.0.30.Final in /PoCAdaptation/exploit/pending/CVE-2019-16869/4.0.30.Final/exploit/pom.xml[0m
[96m[Executor] Attempting direct exploit execution on 4.0.30.Final...[0m
[96m[Executor] Executing exploit for CVE-2019-16869 on version 4.0.30.Final...[0m
[96m[Verifier] Verifying reproduction...[0m
[92m[Verifier] âœ“ Behavior matched: 'java.lang.AssertionError'[0m
[92m[Verifier] âœ“ Detail matched: 'org.junit.Assert.fail'[0m
[92m[Verifier] âœ“ All reproduction indicators matched.[0m
[92m[Executor] Reproduction result: Success[0m
[92m[Executor] Direct reproduction successful on 4.0.30.Final[0m
[96m[Adapter] Copied successful adaptation to /PoCAdaptation/exploit/valid/CVE-2019-16869/4.0.30.Final[0m
[96m[Selector] Nearest need adapatation version selected: 4.0.29.Final[0m
[96m[Selector] Closest reproduced version: 4.0.30.Final at index 51[0m
[96m[Adapter] Trying next closest version: 4.0.29.Final[0m
[96m[Preparer] Using exploit from valid: /PoCAdaptation/exploit/valid/CVE-2019-16869/4.0.30.Final/exploit[0m
[92m[Preparer] Copied exploit to: /PoCAdaptation/exploit/pending/CVE-2019-16869/4.0.29.Final/exploit[0m
[96m[Preparer] Updating dependency version to 4.0.29.Final in /PoCAdaptation/exploit/pending/CVE-2019-16869/4.0.29.Final/exploit/pom.xml[0m
[92m[Preparer] Updated dependency version to 4.0.29.Final in /PoCAdaptation/exploit/pending/CVE-2019-16869/4.0.29.Final/exploit/pom.xml[0m
[96m[Executor] Attempting direct exploit execution on 4.0.29.Final...[0m
[96m[Executor] Executing exploit for CVE-2019-16869 on version 4.0.29.Final...[0m
[96m[Verifier] Verifying reproduction...[0m
[92m[Verifier] âœ“ Behavior matched: 'java.lang.AssertionError'[0m
[92m[Verifier] âœ“ Detail matched: 'org.junit.Assert.fail'[0m
[92m[Verifier] âœ“ All reproduction indicators matched.[0m
[92m[Executor] Reproduction result: Success[0m
[92m[Executor] Direct reproduction successful on 4.0.29.Final[0m
[96m[Adapter] Copied successful adaptation to /PoCAdaptation/exploit/valid/CVE-2019-16869/4.0.29.Final[0m
[96m[Selector] Nearest need adapatation version selected: 4.0.28.Final[0m
[96m[Selector] Closest reproduced version: 4.0.29.Final at index 50[0m
[96m[Adapter] Trying next closest version: 4.0.28.Final[0m
[96m[Preparer] Using exploit from valid: /PoCAdaptation/exploit/valid/CVE-2019-16869/4.0.29.Final/exploit[0m
[92m[Preparer] Copied exploit to: /PoCAdaptation/exploit/pending/CVE-2019-16869/4.0.28.Final/exploit[0m
[96m[Preparer] Updating dependency version to 4.0.28.Final in /PoCAdaptation/exploit/pending/CVE-2019-16869/4.0.28.Final/exploit/pom.xml[0m
[92m[Preparer] Updated dependency version to 4.0.28.Final in /PoCAdaptation/exploit/pending/CVE-2019-16869/4.0.28.Final/exploit/pom.xml[0m
[96m[Executor] Attempting direct exploit execution on 4.0.28.Final...[0m
[96m[Executor] Executing exploit for CVE-2019-16869 on version 4.0.28.Final...[0m
[96m[Verifier] Verifying reproduction...[0m
[92m[Verifier] âœ“ Behavior matched: 'java.lang.AssertionError'[0m
[92m[Verifier] âœ“ Detail matched: 'org.junit.Assert.fail'[0m
[92m[Verifier] âœ“ All reproduction indicators matched.[0m
[92m[Executor] Reproduction result: Success[0m
[92m[Executor] Direct reproduction successful on 4.0.28.Final[0m
[96m[Adapter] Copied successful adaptation to /PoCAdaptation/exploit/valid/CVE-2019-16869/4.0.28.Final[0m
[96m[Selector] Nearest need adapatation version selected: 4.0.27.Final[0m
[96m[Selector] Closest reproduced version: 4.0.28.Final at index 49[0m
[96m[Adapter] Trying next closest version: 4.0.27.Final[0m
[96m[Preparer] Using exploit from valid: /PoCAdaptation/exploit/valid/CVE-2019-16869/4.0.28.Final/exploit[0m
[92m[Preparer] Copied exploit to: /PoCAdaptation/exploit/pending/CVE-2019-16869/4.0.27.Final/exploit[0m
[96m[Preparer] Updating dependency version to 4.0.27.Final in /PoCAdaptation/exploit/pending/CVE-2019-16869/4.0.27.Final/exploit/pom.xml[0m
[92m[Preparer] Updated dependency version to 4.0.27.Final in /PoCAdaptation/exploit/pending/CVE-2019-16869/4.0.27.Final/exploit/pom.xml[0m
[96m[Executor] Attempting direct exploit execution on 4.0.27.Final...[0m
[96m[Executor] Executing exploit for CVE-2019-16869 on version 4.0.27.Final...[0m
[96m[Verifier] Verifying reproduction...[0m
[92m[Verifier] âœ“ Behavior matched: 'java.lang.AssertionError'[0m
[92m[Verifier] âœ“ Detail matched: 'org.junit.Assert.fail'[0m
[92m[Verifier] âœ“ All reproduction indicators matched.[0m
[92m[Executor] Reproduction result: Success[0m
[92m[Executor] Direct reproduction successful on 4.0.27.Final[0m
[96m[Adapter] Copied successful adaptation to /PoCAdaptation/exploit/valid/CVE-2019-16869/4.0.27.Final[0m
[96m[Selector] Nearest need adapatation version selected: 4.0.26.Final[0m
[96m[Selector] Closest reproduced version: 4.0.27.Final at index 48[0m
[96m[Adapter] Trying next closest version: 4.0.26.Final[0m
[96m[Preparer] Using exploit from valid: /PoCAdaptation/exploit/valid/CVE-2019-16869/4.0.27.Final/exploit[0m
[92m[Preparer] Copied exploit to: /PoCAdaptation/exploit/pending/CVE-2019-16869/4.0.26.Final/exploit[0m
[96m[Preparer] Updating dependency version to 4.0.26.Final in /PoCAdaptation/exploit/pending/CVE-2019-16869/4.0.26.Final/exploit/pom.xml[0m
[92m[Preparer] Updated dependency version to 4.0.26.Final in /PoCAdaptation/exploit/pending/CVE-2019-16869/4.0.26.Final/exploit/pom.xml[0m
[96m[Executor] Attempting direct exploit execution on 4.0.26.Final...[0m
[96m[Executor] Executing exploit for CVE-2019-16869 on version 4.0.26.Final...[0m
[96m[Verifier] Verifying reproduction...[0m
[92m[Verifier] âœ“ Behavior matched: 'java.lang.AssertionError'[0m
[92m[Verifier] âœ“ Detail matched: 'org.junit.Assert.fail'[0m
[92m[Verifier] âœ“ All reproduction indicators matched.[0m
[92m[Executor] Reproduction result: Success[0m
[92m[Executor] Direct reproduction successful on 4.0.26.Final[0m
[96m[Adapter] Copied successful adaptation to /PoCAdaptation/exploit/valid/CVE-2019-16869/4.0.26.Final[0m
[96m[Selector] Nearest need adapatation version selected: 4.0.25.Final[0m
[96m[Selector] Closest reproduced version: 4.0.26.Final at index 47[0m
[96m[Adapter] Trying next closest version: 4.0.25.Final[0m
[96m[Preparer] Using exploit from valid: /PoCAdaptation/exploit/valid/CVE-2019-16869/4.0.26.Final/exploit[0m
[92m[Preparer] Copied exploit to: /PoCAdaptation/exploit/pending/CVE-2019-16869/4.0.25.Final/exploit[0m
[96m[Preparer] Updating dependency version to 4.0.25.Final in /PoCAdaptation/exploit/pending/CVE-2019-16869/4.0.25.Final/exploit/pom.xml[0m
[92m[Preparer] Updated dependency version to 4.0.25.Final in /PoCAdaptation/exploit/pending/CVE-2019-16869/4.0.25.Final/exploit/pom.xml[0m
[96m[Executor] Attempting direct exploit execution on 4.0.25.Final...[0m
[96m[Executor] Executing exploit for CVE-2019-16869 on version 4.0.25.Final...[0m
[96m[Verifier] Verifying reproduction...[0m
[92m[Verifier] âœ“ Behavior matched: 'java.lang.AssertionError'[0m
[92m[Verifier] âœ“ Detail matched: 'org.junit.Assert.fail'[0m
[92m[Verifier] âœ“ All reproduction indicators matched.[0m
[92m[Executor] Reproduction result: Success[0m
[92m[Executor] Direct reproduction successful on 4.0.25.Final[0m
[96m[Adapter] Copied successful adaptation to /PoCAdaptation/exploit/valid/CVE-2019-16869/4.0.25.Final[0m
[96m[Selector] Nearest need adapatation version selected: 4.0.24.Final[0m
[96m[Selector] Closest reproduced version: 4.0.25.Final at index 46[0m
[96m[Adapter] Trying next closest version: 4.0.24.Final[0m
[96m[Preparer] Using exploit from valid: /PoCAdaptation/exploit/valid/CVE-2019-16869/4.0.25.Final/exploit[0m
[92m[Preparer] Copied exploit to: /PoCAdaptation/exploit/pending/CVE-2019-16869/4.0.24.Final/exploit[0m
[96m[Preparer] Updating dependency version to 4.0.24.Final in /PoCAdaptation/exploit/pending/CVE-2019-16869/4.0.24.Final/exploit/pom.xml[0m
[92m[Preparer] Updated dependency version to 4.0.24.Final in /PoCAdaptation/exploit/pending/CVE-2019-16869/4.0.24.Final/exploit/pom.xml[0m
[96m[Executor] Attempting direct exploit execution on 4.0.24.Final...[0m
[96m[Executor] Executing exploit for CVE-2019-16869 on version 4.0.24.Final...[0m
[96m[Verifier] Verifying reproduction...[0m
[92m[Verifier] âœ“ Behavior matched: 'java.lang.AssertionError'[0m
[92m[Verifier] âœ“ Detail matched: 'org.junit.Assert.fail'[0m
[92m[Verifier] âœ“ All reproduction indicators matched.[0m
[92m[Executor] Reproduction result: Success[0m
[92m[Executor] Direct reproduction successful on 4.0.24.Final[0m
[96m[Adapter] Copied successful adaptation to /PoCAdaptation/exploit/valid/CVE-2019-16869/4.0.24.Final[0m
[96m[Selector] Nearest need adapatation version selected: 4.0.23.Final[0m
[96m[Selector] Closest reproduced version: 4.0.24.Final at index 45[0m
[96m[Adapter] Trying next closest version: 4.0.23.Final[0m
[96m[Preparer] Using exploit from valid: /PoCAdaptation/exploit/valid/CVE-2019-16869/4.0.24.Final/exploit[0m
[92m[Preparer] Copied exploit to: /PoCAdaptation/exploit/pending/CVE-2019-16869/4.0.23.Final/exploit[0m
[96m[Preparer] Updating dependency version to 4.0.23.Final in /PoCAdaptation/exploit/pending/CVE-2019-16869/4.0.23.Final/exploit/pom.xml[0m
[92m[Preparer] Updated dependency version to 4.0.23.Final in /PoCAdaptation/exploit/pending/CVE-2019-16869/4.0.23.Final/exploit/pom.xml[0m
[96m[Executor] Attempting direct exploit execution on 4.0.23.Final...[0m
[96m[Executor] Executing exploit for CVE-2019-16869 on version 4.0.23.Final...[0m
[96m[Verifier] Verifying reproduction...[0m
[92m[Verifier] âœ“ Behavior matched: 'java.lang.AssertionError'[0m
[92m[Verifier] âœ“ Detail matched: 'org.junit.Assert.fail'[0m
[92m[Verifier] âœ“ All reproduction indicators matched.[0m
[92m[Executor] Reproduction result: Success[0m
[92m[Executor] Direct reproduction successful on 4.0.23.Final[0m
[96m[Adapter] Copied successful adaptation to /PoCAdaptation/exploit/valid/CVE-2019-16869/4.0.23.Final[0m
[96m[Selector] Nearest need adapatation version selected: 4.0.22.Final[0m
[96m[Selector] Closest reproduced version: 4.0.23.Final at index 44[0m
[96m[Adapter] Trying next closest version: 4.0.22.Final[0m
[96m[Preparer] Using exploit from valid: /PoCAdaptation/exploit/valid/CVE-2019-16869/4.0.23.Final/exploit[0m
[92m[Preparer] Copied exploit to: /PoCAdaptation/exploit/pending/CVE-2019-16869/4.0.22.Final/exploit[0m
[96m[Preparer] Updating dependency version to 4.0.22.Final in /PoCAdaptation/exploit/pending/CVE-2019-16869/4.0.22.Final/exploit/pom.xml[0m
[92m[Preparer] Updated dependency version to 4.0.22.Final in /PoCAdaptation/exploit/pending/CVE-2019-16869/4.0.22.Final/exploit/pom.xml[0m
[96m[Executor] Attempting direct exploit execution on 4.0.22.Final...[0m
[96m[Executor] Executing exploit for CVE-2019-16869 on version 4.0.22.Final...[0m
[96m[Verifier] Verifying reproduction...[0m
[92m[Verifier] âœ“ Behavior matched: 'java.lang.AssertionError'[0m
[92m[Verifier] âœ“ Detail matched: 'org.junit.Assert.fail'[0m
[92m[Verifier] âœ“ All reproduction indicators matched.[0m
[92m[Executor] Reproduction result: Success[0m
[92m[Executor] Direct reproduction successful on 4.0.22.Final[0m
[96m[Adapter] Copied successful adaptation to /PoCAdaptation/exploit/valid/CVE-2019-16869/4.0.22.Final[0m
[96m[Selector] Nearest need adapatation version selected: 4.0.21.Final[0m
[96m[Selector] Closest reproduced version: 4.0.22.Final at index 43[0m
[96m[Adapter] Trying next closest version: 4.0.21.Final[0m
[96m[Preparer] Using exploit from valid: /PoCAdaptation/exploit/valid/CVE-2019-16869/4.0.22.Final/exploit[0m
[92m[Preparer] Copied exploit to: /PoCAdaptation/exploit/pending/CVE-2019-16869/4.0.21.Final/exploit[0m
[96m[Preparer] Updating dependency version to 4.0.21.Final in /PoCAdaptation/exploit/pending/CVE-2019-16869/4.0.21.Final/exploit/pom.xml[0m
[92m[Preparer] Updated dependency version to 4.0.21.Final in /PoCAdaptation/exploit/pending/CVE-2019-16869/4.0.21.Final/exploit/pom.xml[0m
[96m[Executor] Attempting direct exploit execution on 4.0.21.Final...[0m
[96m[Executor] Executing exploit for CVE-2019-16869 on version 4.0.21.Final...[0m
[96m[Verifier] Verifying reproduction...[0m
[92m[Verifier] âœ“ Behavior matched: 'java.lang.AssertionError'[0m
[92m[Verifier] âœ“ Detail matched: 'org.junit.Assert.fail'[0m
[92m[Verifier] âœ“ All reproduction indicators matched.[0m
[92m[Executor] Reproduction result: Success[0m
[92m[Executor] Direct reproduction successful on 4.0.21.Final[0m
[96m[Adapter] Copied successful adaptation to /PoCAdaptation/exploit/valid/CVE-2019-16869/4.0.21.Final[0m
[96m[Selector] Nearest need adapatation version selected: 4.0.20.Final[0m
[96m[Selector] Closest reproduced version: 4.0.21.Final at index 42[0m
[96m[Adapter] Trying next closest version: 4.0.20.Final[0m
[96m[Preparer] Using exploit from valid: /PoCAdaptation/exploit/valid/CVE-2019-16869/4.0.21.Final/exploit[0m
[92m[Preparer] Copied exploit to: /PoCAdaptation/exploit/pending/CVE-2019-16869/4.0.20.Final/exploit[0m
[96m[Preparer] Updating dependency version to 4.0.20.Final in /PoCAdaptation/exploit/pending/CVE-2019-16869/4.0.20.Final/exploit/pom.xml[0m
[92m[Preparer] Updated dependency version to 4.0.20.Final in /PoCAdaptation/exploit/pending/CVE-2019-16869/4.0.20.Final/exploit/pom.xml[0m
[96m[Executor] Attempting direct exploit execution on 4.0.20.Final...[0m
[96m[Executor] Executing exploit for CVE-2019-16869 on version 4.0.20.Final...[0m
[96m[Verifier] Verifying reproduction...[0m
[92m[Verifier] âœ“ Behavior matched: 'java.lang.AssertionError'[0m
[92m[Verifier] âœ“ Detail matched: 'org.junit.Assert.fail'[0m
[92m[Verifier] âœ“ All reproduction indicators matched.[0m
[92m[Executor] Reproduction result: Success[0m
[92m[Executor] Direct reproduction successful on 4.0.20.Final[0m
[96m[Adapter] Copied successful adaptation to /PoCAdaptation/exploit/valid/CVE-2019-16869/4.0.20.Final[0m
[96m[Selector] Nearest need adapatation version selected: 4.0.19.Final[0m
[96m[Selector] Closest reproduced version: 4.0.20.Final at index 41[0m
[96m[Adapter] Trying next closest version: 4.0.19.Final[0m
[96m[Preparer] Using exploit from valid: /PoCAdaptation/exploit/valid/CVE-2019-16869/4.0.20.Final/exploit[0m
[92m[Preparer] Copied exploit to: /PoCAdaptation/exploit/pending/CVE-2019-16869/4.0.19.Final/exploit[0m
[96m[Preparer] Updating dependency version to 4.0.19.Final in /PoCAdaptation/exploit/pending/CVE-2019-16869/4.0.19.Final/exploit/pom.xml[0m
[92m[Preparer] Updated dependency version to 4.0.19.Final in /PoCAdaptation/exploit/pending/CVE-2019-16869/4.0.19.Final/exploit/pom.xml[0m
[96m[Executor] Attempting direct exploit execution on 4.0.19.Final...[0m
[96m[Executor] Executing exploit for CVE-2019-16869 on version 4.0.19.Final...[0m
[96m[Verifier] Verifying reproduction...[0m
[92m[Verifier] âœ“ Behavior matched: 'java.lang.AssertionError'[0m
[92m[Verifier] âœ“ Detail matched: 'org.junit.Assert.fail'[0m
[92m[Verifier] âœ“ All reproduction indicators matched.[0m
[92m[Executor] Reproduction result: Success[0m
[92m[Executor] Direct reproduction successful on 4.0.19.Final[0m
[96m[Adapter] Copied successful adaptation to /PoCAdaptation/exploit/valid/CVE-2019-16869/4.0.19.Final[0m
[96m[Selector] Nearest need adapatation version selected: 4.0.18.Final[0m
[96m[Selector] Closest reproduced version: 4.0.19.Final at index 40[0m
[96m[Adapter] Trying next closest version: 4.0.18.Final[0m
[96m[Preparer] Using exploit from valid: /PoCAdaptation/exploit/valid/CVE-2019-16869/4.0.19.Final/exploit[0m
[92m[Preparer] Copied exploit to: /PoCAdaptation/exploit/pending/CVE-2019-16869/4.0.18.Final/exploit[0m
[96m[Preparer] Updating dependency version to 4.0.18.Final in /PoCAdaptation/exploit/pending/CVE-2019-16869/4.0.18.Final/exploit/pom.xml[0m
[92m[Preparer] Updated dependency version to 4.0.18.Final in /PoCAdaptation/exploit/pending/CVE-2019-16869/4.0.18.Final/exploit/pom.xml[0m
[96m[Executor] Attempting direct exploit execution on 4.0.18.Final...[0m
[96m[Executor] Executing exploit for CVE-2019-16869 on version 4.0.18.Final...[0m
[96m[Verifier] Verifying reproduction...[0m
[92m[Verifier] âœ“ Behavior matched: 'java.lang.AssertionError'[0m
[92m[Verifier] âœ“ Detail matched: 'org.junit.Assert.fail'[0m
[92m[Verifier] âœ“ All reproduction indicators matched.[0m
[92m[Executor] Reproduction result: Success[0m
[92m[Executor] Direct reproduction successful on 4.0.18.Final[0m
[96m[Adapter] Copied successful adaptation to /PoCAdaptation/exploit/valid/CVE-2019-16869/4.0.18.Final[0m
[96m[Selector] Nearest need adapatation version selected: 4.0.17.Final[0m
[96m[Selector] Closest reproduced version: 4.0.18.Final at index 39[0m
[96m[Adapter] Trying next closest version: 4.0.17.Final[0m
[96m[Preparer] Using exploit from valid: /PoCAdaptation/exploit/valid/CVE-2019-16869/4.0.18.Final/exploit[0m
[92m[Preparer] Copied exploit to: /PoCAdaptation/exploit/pending/CVE-2019-16869/4.0.17.Final/exploit[0m
[96m[Preparer] Updating dependency version to 4.0.17.Final in /PoCAdaptation/exploit/pending/CVE-2019-16869/4.0.17.Final/exploit/pom.xml[0m
[92m[Preparer] Updated dependency version to 4.0.17.Final in /PoCAdaptation/exploit/pending/CVE-2019-16869/4.0.17.Final/exploit/pom.xml[0m
[96m[Executor] Attempting direct exploit execution on 4.0.17.Final...[0m
[96m[Executor] Executing exploit for CVE-2019-16869 on version 4.0.17.Final...[0m
[96m[Verifier] Verifying reproduction...[0m
[92m[Verifier] âœ“ Behavior matched: 'java.lang.AssertionError'[0m
[92m[Verifier] âœ“ Detail matched: 'org.junit.Assert.fail'[0m
[92m[Verifier] âœ“ All reproduction indicators matched.[0m
[92m[Executor] Reproduction result: Success[0m
[92m[Executor] Direct reproduction successful on 4.0.17.Final[0m
[96m[Adapter] Copied successful adaptation to /PoCAdaptation/exploit/valid/CVE-2019-16869/4.0.17.Final[0m
[96m[Selector] Nearest need adapatation version selected: 4.0.16.Final[0m
[96m[Selector] Closest reproduced version: 4.0.17.Final at index 38[0m
[96m[Adapter] Trying next closest version: 4.0.16.Final[0m
[96m[Preparer] Using exploit from valid: /PoCAdaptation/exploit/valid/CVE-2019-16869/4.0.17.Final/exploit[0m
[92m[Preparer] Copied exploit to: /PoCAdaptation/exploit/pending/CVE-2019-16869/4.0.16.Final/exploit[0m
[96m[Preparer] Updating dependency version to 4.0.16.Final in /PoCAdaptation/exploit/pending/CVE-2019-16869/4.0.16.Final/exploit/pom.xml[0m
[92m[Preparer] Updated dependency version to 4.0.16.Final in /PoCAdaptation/exploit/pending/CVE-2019-16869/4.0.16.Final/exploit/pom.xml[0m
[96m[Executor] Attempting direct exploit execution on 4.0.16.Final...[0m
[96m[Executor] Executing exploit for CVE-2019-16869 on version 4.0.16.Final...[0m
[96m[Verifier] Verifying reproduction...[0m
[92m[Verifier] âœ“ Behavior matched: 'java.lang.AssertionError'[0m
[92m[Verifier] âœ“ Detail matched: 'org.junit.Assert.fail'[0m
[92m[Verifier] âœ“ All reproduction indicators matched.[0m
[92m[Executor] Reproduction result: Success[0m
[92m[Executor] Direct reproduction successful on 4.0.16.Final[0m
[96m[Adapter] Copied successful adaptation to /PoCAdaptation/exploit/valid/CVE-2019-16869/4.0.16.Final[0m
[96m[Selector] Nearest need adapatation version selected: 4.0.15.Final[0m
[96m[Selector] Closest reproduced version: 4.0.16.Final at index 37[0m
[96m[Adapter] Trying next closest version: 4.0.15.Final[0m
[96m[Preparer] Using exploit from valid: /PoCAdaptation/exploit/valid/CVE-2019-16869/4.0.16.Final/exploit[0m
[92m[Preparer] Copied exploit to: /PoCAdaptation/exploit/pending/CVE-2019-16869/4.0.15.Final/exploit[0m
[96m[Preparer] Updating dependency version to 4.0.15.Final in /PoCAdaptation/exploit/pending/CVE-2019-16869/4.0.15.Final/exploit/pom.xml[0m
[92m[Preparer] Updated dependency version to 4.0.15.Final in /PoCAdaptation/exploit/pending/CVE-2019-16869/4.0.15.Final/exploit/pom.xml[0m
[96m[Executor] Attempting direct exploit execution on 4.0.15.Final...[0m
[96m[Executor] Executing exploit for CVE-2019-16869 on version 4.0.15.Final...[0m
[96m[Verifier] Verifying reproduction...[0m
[92m[Verifier] âœ“ Behavior matched: 'java.lang.AssertionError'[0m
[92m[Verifier] âœ“ Detail matched: 'org.junit.Assert.fail'[0m
[92m[Verifier] âœ“ All reproduction indicators matched.[0m
[92m[Executor] Reproduction result: Success[0m
[92m[Executor] Direct reproduction successful on 4.0.15.Final[0m
[96m[Adapter] Copied successful adaptation to /PoCAdaptation/exploit/valid/CVE-2019-16869/4.0.15.Final[0m
[96m[Selector] Nearest need adapatation version selected: 4.0.14.Final[0m
[96m[Selector] Closest reproduced version: 4.0.15.Final at index 36[0m
[96m[Adapter] Trying next closest version: 4.0.14.Final[0m
[96m[Preparer] Using exploit from valid: /PoCAdaptation/exploit/valid/CVE-2019-16869/4.0.15.Final/exploit[0m
[92m[Preparer] Copied exploit to: /PoCAdaptation/exploit/pending/CVE-2019-16869/4.0.14.Final/exploit[0m
[96m[Preparer] Updating dependency version to 4.0.14.Final in /PoCAdaptation/exploit/pending/CVE-2019-16869/4.0.14.Final/exploit/pom.xml[0m
[92m[Preparer] Updated dependency version to 4.0.14.Final in /PoCAdaptation/exploit/pending/CVE-2019-16869/4.0.14.Final/exploit/pom.xml[0m
[96m[Executor] Attempting direct exploit execution on 4.0.14.Final...[0m
[96m[Executor] Executing exploit for CVE-2019-16869 on version 4.0.14.Final...[0m
[96m[Verifier] Verifying reproduction...[0m
[92m[Verifier] âœ“ Behavior matched: 'java.lang.AssertionError'[0m
[92m[Verifier] âœ“ Detail matched: 'org.junit.Assert.fail'[0m
[92m[Verifier] âœ“ All reproduction indicators matched.[0m
[92m[Executor] Reproduction result: Success[0m
[92m[Executor] Direct reproduction successful on 4.0.14.Final[0m
[96m[Adapter] Copied successful adaptation to /PoCAdaptation/exploit/valid/CVE-2019-16869/4.0.14.Final[0m
[96m[Selector] Nearest need adapatation version selected: 4.0.14.Beta1[0m
[96m[Selector] Closest reproduced version: 4.0.14.Final at index 35[0m
[96m[Adapter] Trying next closest version: 4.0.14.Beta1[0m
[96m[Preparer] Using exploit from valid: /PoCAdaptation/exploit/valid/CVE-2019-16869/4.0.14.Final/exploit[0m
[92m[Preparer] Copied exploit to: /PoCAdaptation/exploit/pending/CVE-2019-16869/4.0.14.Beta1/exploit[0m
[96m[Preparer] Updating dependency version to 4.0.14.Beta1 in /PoCAdaptation/exploit/pending/CVE-2019-16869/4.0.14.Beta1/exploit/pom.xml[0m
[92m[Preparer] Updated dependency version to 4.0.14.Beta1 in /PoCAdaptation/exploit/pending/CVE-2019-16869/4.0.14.Beta1/exploit/pom.xml[0m
[96m[Executor] Attempting direct exploit execution on 4.0.14.Beta1...[0m
[96m[Executor] Executing exploit for CVE-2019-16869 on version 4.0.14.Beta1...[0m
[96m[Verifier] Verifying reproduction...[0m
[92m[Verifier] âœ“ Behavior matched: 'java.lang.AssertionError'[0m
[92m[Verifier] âœ“ Detail matched: 'org.junit.Assert.fail'[0m
[92m[Verifier] âœ“ All reproduction indicators matched.[0m
[92m[Executor] Reproduction result: Success[0m
[92m[Executor] Direct reproduction successful on 4.0.14.Beta1[0m
[96m[Adapter] Copied successful adaptation to /PoCAdaptation/exploit/valid/CVE-2019-16869/4.0.14.Beta1[0m
[96m[Selector] Nearest need adapatation version selected: 4.0.13.Final[0m
[96m[Selector] Closest reproduced version: 4.0.14.Beta1 at index 34[0m
[96m[Adapter] Trying next closest version: 4.0.13.Final[0m
[96m[Preparer] Using exploit from valid: /PoCAdaptation/exploit/valid/CVE-2019-16869/4.0.14.Beta1/exploit[0m
[92m[Preparer] Copied exploit to: /PoCAdaptation/exploit/pending/CVE-2019-16869/4.0.13.Final/exploit[0m
[96m[Preparer] Updating dependency version to 4.0.13.Final in /PoCAdaptation/exploit/pending/CVE-2019-16869/4.0.13.Final/exploit/pom.xml[0m
[92m[Preparer] Updated dependency version to 4.0.13.Final in /PoCAdaptation/exploit/pending/CVE-2019-16869/4.0.13.Final/exploit/pom.xml[0m
[96m[Executor] Attempting direct exploit execution on 4.0.13.Final...[0m
[96m[Executor] Executing exploit for CVE-2019-16869 on version 4.0.13.Final...[0m
[96m[Verifier] Verifying reproduction...[0m
[92m[Verifier] âœ“ Behavior matched: 'java.lang.AssertionError'[0m
[92m[Verifier] âœ“ Detail matched: 'org.junit.Assert.fail'[0m
[92m[Verifier] âœ“ All reproduction indicators matched.[0m
[92m[Executor] Reproduction result: Success[0m
[92m[Executor] Direct reproduction successful on 4.0.13.Final[0m
[96m[Adapter] Copied successful adaptation to /PoCAdaptation/exploit/valid/CVE-2019-16869/4.0.13.Final[0m
[96m[Selector] Nearest need adapatation version selected: 4.0.12.Final[0m
[96m[Selector] Closest reproduced version: 4.0.13.Final at index 33[0m
[96m[Adapter] Trying next closest version: 4.0.12.Final[0m
[96m[Preparer] Using exploit from valid: /PoCAdaptation/exploit/valid/CVE-2019-16869/4.0.13.Final/exploit[0m
[92m[Preparer] Copied exploit to: /PoCAdaptation/exploit/pending/CVE-2019-16869/4.0.12.Final/exploit[0m
[96m[Preparer] Updating dependency version to 4.0.12.Final in /PoCAdaptation/exploit/pending/CVE-2019-16869/4.0.12.Final/exploit/pom.xml[0m
[92m[Preparer] Updated dependency version to 4.0.12.Final in /PoCAdaptation/exploit/pending/CVE-2019-16869/4.0.12.Final/exploit/pom.xml[0m
[96m[Executor] Attempting direct exploit execution on 4.0.12.Final...[0m
[96m[Executor] Executing exploit for CVE-2019-16869 on version 4.0.12.Final...[0m
[96m[Verifier] Verifying reproduction...[0m
[92m[Verifier] âœ“ Behavior matched: 'java.lang.AssertionError'[0m
[92m[Verifier] âœ“ Detail matched: 'org.junit.Assert.fail'[0m
[92m[Verifier] âœ“ All reproduction indicators matched.[0m
[92m[Executor] Reproduction result: Success[0m
[92m[Executor] Direct reproduction successful on 4.0.12.Final[0m
[96m[Adapter] Copied successful adaptation to /PoCAdaptation/exploit/valid/CVE-2019-16869/4.0.12.Final[0m
[96m[Selector] Nearest need adapatation version selected: 4.0.11.Final[0m
[96m[Selector] Closest reproduced version: 4.0.12.Final at index 32[0m
[96m[Adapter] Trying next closest version: 4.0.11.Final[0m
[96m[Preparer] Using exploit from valid: /PoCAdaptation/exploit/valid/CVE-2019-16869/4.0.12.Final/exploit[0m
[92m[Preparer] Copied exploit to: /PoCAdaptation/exploit/pending/CVE-2019-16869/4.0.11.Final/exploit[0m
[96m[Preparer] Updating dependency version to 4.0.11.Final in /PoCAdaptation/exploit/pending/CVE-2019-16869/4.0.11.Final/exploit/pom.xml[0m
[92m[Preparer] Updated dependency version to 4.0.11.Final in /PoCAdaptation/exploit/pending/CVE-2019-16869/4.0.11.Final/exploit/pom.xml[0m
[96m[Executor] Attempting direct exploit execution on 4.0.11.Final...[0m
[96m[Executor] Executing exploit for CVE-2019-16869 on version 4.0.11.Final...[0m
[96m[Verifier] Verifying reproduction...[0m
[92m[Verifier] âœ“ Behavior matched: 'java.lang.AssertionError'[0m
[92m[Verifier] âœ“ Detail matched: 'org.junit.Assert.fail'[0m
[92m[Verifier] âœ“ All reproduction indicators matched.[0m
[92m[Executor] Reproduction result: Success[0m
[92m[Executor] Direct reproduction successful on 4.0.11.Final[0m
[96m[Adapter] Copied successful adaptation to /PoCAdaptation/exploit/valid/CVE-2019-16869/4.0.11.Final[0m
[96m[Selector] Nearest need adapatation version selected: 4.0.10.Final[0m
[96m[Selector] Closest reproduced version: 4.0.11.Final at index 31[0m
[96m[Adapter] Trying next closest version: 4.0.10.Final[0m
[96m[Preparer] Using exploit from valid: /PoCAdaptation/exploit/valid/CVE-2019-16869/4.0.11.Final/exploit[0m
[92m[Preparer] Copied exploit to: /PoCAdaptation/exploit/pending/CVE-2019-16869/4.0.10.Final/exploit[0m
[96m[Preparer] Updating dependency version to 4.0.10.Final in /PoCAdaptation/exploit/pending/CVE-2019-16869/4.0.10.Final/exploit/pom.xml[0m
[92m[Preparer] Updated dependency version to 4.0.10.Final in /PoCAdaptation/exploit/pending/CVE-2019-16869/4.0.10.Final/exploit/pom.xml[0m
[96m[Executor] Attempting direct exploit execution on 4.0.10.Final...[0m
[96m[Executor] Executing exploit for CVE-2019-16869 on version 4.0.10.Final...[0m
[96m[Verifier] Verifying reproduction...[0m
[92m[Verifier] âœ“ Behavior matched: 'java.lang.AssertionError'[0m
[92m[Verifier] âœ“ Detail matched: 'org.junit.Assert.fail'[0m
[92m[Verifier] âœ“ All reproduction indicators matched.[0m
[92m[Executor] Reproduction result: Success[0m
[92m[Executor] Direct reproduction successful on 4.0.10.Final[0m
[96m[Adapter] Copied successful adaptation to /PoCAdaptation/exploit/valid/CVE-2019-16869/4.0.10.Final[0m
[96m[Selector] Nearest need adapatation version selected: 4.0.9.Final[0m
[96m[Selector] Closest reproduced version: 4.0.10.Final at index 30[0m
[96m[Adapter] Trying next closest version: 4.0.9.Final[0m
[96m[Preparer] Using exploit from valid: /PoCAdaptation/exploit/valid/CVE-2019-16869/4.0.10.Final/exploit[0m
[92m[Preparer] Copied exploit to: /PoCAdaptation/exploit/pending/CVE-2019-16869/4.0.9.Final/exploit[0m
[96m[Preparer] Updating dependency version to 4.0.9.Final in /PoCAdaptation/exploit/pending/CVE-2019-16869/4.0.9.Final/exploit/pom.xml[0m
[92m[Preparer] Updated dependency version to 4.0.9.Final in /PoCAdaptation/exploit/pending/CVE-2019-16869/4.0.9.Final/exploit/pom.xml[0m
[96m[Executor] Attempting direct exploit execution on 4.0.9.Final...[0m
[96m[Executor] Executing exploit for CVE-2019-16869 on version 4.0.9.Final...[0m
[96m[Verifier] Verifying reproduction...[0m
[92m[Verifier] âœ“ Behavior matched: 'java.lang.AssertionError'[0m
[92m[Verifier] âœ“ Detail matched: 'org.junit.Assert.fail'[0m
[92m[Verifier] âœ“ All reproduction indicators matched.[0m
[92m[Executor] Reproduction result: Success[0m
[92m[Executor] Direct reproduction successful on 4.0.9.Final[0m
[96m[Adapter] Copied successful adaptation to /PoCAdaptation/exploit/valid/CVE-2019-16869/4.0.9.Final[0m
[96m[Selector] Nearest need adapatation version selected: 4.0.8.Final[0m
[96m[Selector] Closest reproduced version: 4.0.9.Final at index 29[0m
[96m[Adapter] Trying next closest version: 4.0.8.Final[0m
[96m[Preparer] Using exploit from valid: /PoCAdaptation/exploit/valid/CVE-2019-16869/4.0.9.Final/exploit[0m
[92m[Preparer] Copied exploit to: /PoCAdaptation/exploit/pending/CVE-2019-16869/4.0.8.Final/exploit[0m
[96m[Preparer] Updating dependency version to 4.0.8.Final in /PoCAdaptation/exploit/pending/CVE-2019-16869/4.0.8.Final/exploit/pom.xml[0m
[92m[Preparer] Updated dependency version to 4.0.8.Final in /PoCAdaptation/exploit/pending/CVE-2019-16869/4.0.8.Final/exploit/pom.xml[0m
[96m[Executor] Attempting direct exploit execution on 4.0.8.Final...[0m
[96m[Executor] Executing exploit for CVE-2019-16869 on version 4.0.8.Final...[0m
[96m[Verifier] Verifying reproduction...[0m
[92m[Verifier] âœ“ Behavior matched: 'java.lang.AssertionError'[0m
[92m[Verifier] âœ“ Detail matched: 'org.junit.Assert.fail'[0m
[92m[Verifier] âœ“ All reproduction indicators matched.[0m
[92m[Executor] Reproduction result: Success[0m
[92m[Executor] Direct reproduction successful on 4.0.8.Final[0m
[96m[Adapter] Copied successful adaptation to /PoCAdaptation/exploit/valid/CVE-2019-16869/4.0.8.Final[0m
[96m[Selector] Nearest need adapatation version selected: 4.0.7.Final[0m
[96m[Selector] Closest reproduced version: 4.0.8.Final at index 28[0m
[96m[Adapter] Trying next closest version: 4.0.7.Final[0m
[96m[Preparer] Using exploit from valid: /PoCAdaptation/exploit/valid/CVE-2019-16869/4.0.8.Final/exploit[0m
[92m[Preparer] Copied exploit to: /PoCAdaptation/exploit/pending/CVE-2019-16869/4.0.7.Final/exploit[0m
[96m[Preparer] Updating dependency version to 4.0.7.Final in /PoCAdaptation/exploit/pending/CVE-2019-16869/4.0.7.Final/exploit/pom.xml[0m
[92m[Preparer] Updated dependency version to 4.0.7.Final in /PoCAdaptation/exploit/pending/CVE-2019-16869/4.0.7.Final/exploit/pom.xml[0m
[96m[Executor] Attempting direct exploit execution on 4.0.7.Final...[0m
[96m[Executor] Executing exploit for CVE-2019-16869 on version 4.0.7.Final...[0m
[96m[Verifier] Verifying reproduction...[0m
[92m[Verifier] âœ“ Behavior matched: 'java.lang.AssertionError'[0m
[92m[Verifier] âœ“ Detail matched: 'org.junit.Assert.fail'[0m
[92m[Verifier] âœ“ All reproduction indicators matched.[0m
[92m[Executor] Reproduction result: Success[0m
[92m[Executor] Direct reproduction successful on 4.0.7.Final[0m
[96m[Adapter] Copied successful adaptation to /PoCAdaptation/exploit/valid/CVE-2019-16869/4.0.7.Final[0m
[96m[Selector] Nearest need adapatation version selected: 4.0.6.Final[0m
[96m[Selector] Closest reproduced version: 4.0.7.Final at index 27[0m
[96m[Adapter] Trying next closest version: 4.0.6.Final[0m
[96m[Preparer] Using exploit from valid: /PoCAdaptation/exploit/valid/CVE-2019-16869/4.0.7.Final/exploit[0m
[92m[Preparer] Copied exploit to: /PoCAdaptation/exploit/pending/CVE-2019-16869/4.0.6.Final/exploit[0m
[96m[Preparer] Updating dependency version to 4.0.6.Final in /PoCAdaptation/exploit/pending/CVE-2019-16869/4.0.6.Final/exploit/pom.xml[0m
[92m[Preparer] Updated dependency version to 4.0.6.Final in /PoCAdaptation/exploit/pending/CVE-2019-16869/4.0.6.Final/exploit/pom.xml[0m
[96m[Executor] Attempting direct exploit execution on 4.0.6.Final...[0m
[96m[Executor] Executing exploit for CVE-2019-16869 on version 4.0.6.Final...[0m
[96m[Verifier] Verifying reproduction...[0m
[92m[Verifier] âœ“ Behavior matched: 'java.lang.AssertionError'[0m
[92m[Verifier] âœ“ Detail matched: 'org.junit.Assert.fail'[0m
[92m[Verifier] âœ“ All reproduction indicators matched.[0m
[92m[Executor] Reproduction result: Success[0m
[92m[Executor] Direct reproduction successful on 4.0.6.Final[0m
[96m[Adapter] Copied successful adaptation to /PoCAdaptation/exploit/valid/CVE-2019-16869/4.0.6.Final[0m
[96m[Selector] Nearest need adapatation version selected: 4.0.5.Final[0m
[96m[Selector] Closest reproduced version: 4.0.6.Final at index 26[0m
[96m[Adapter] Trying next closest version: 4.0.5.Final[0m
[96m[Preparer] Using exploit from valid: /PoCAdaptation/exploit/valid/CVE-2019-16869/4.0.6.Final/exploit[0m
[92m[Preparer] Copied exploit to: /PoCAdaptation/exploit/pending/CVE-2019-16869/4.0.5.Final/exploit[0m
[96m[Preparer] Updating dependency version to 4.0.5.Final in /PoCAdaptation/exploit/pending/CVE-2019-16869/4.0.5.Final/exploit/pom.xml[0m
[92m[Preparer] Updated dependency version to 4.0.5.Final in /PoCAdaptation/exploit/pending/CVE-2019-16869/4.0.5.Final/exploit/pom.xml[0m
[96m[Executor] Attempting direct exploit execution on 4.0.5.Final...[0m
[96m[Executor] Executing exploit for CVE-2019-16869 on version 4.0.5.Final...[0m
[96m[Verifier] Verifying reproduction...[0m
[92m[Verifier] âœ“ Behavior matched: 'java.lang.AssertionError'[0m
[92m[Verifier] âœ“ Detail matched: 'org.junit.Assert.fail'[0m
[92m[Verifier] âœ“ All reproduction indicators matched.[0m
[92m[Executor] Reproduction result: Success[0m
[92m[Executor] Direct reproduction successful on 4.0.5.Final[0m
[96m[Adapter] Copied successful adaptation to /PoCAdaptation/exploit/valid/CVE-2019-16869/4.0.5.Final[0m
[96m[Selector] Nearest need adapatation version selected: 4.0.4.Final[0m
[96m[Selector] Closest reproduced version: 4.0.5.Final at index 25[0m
[96m[Adapter] Trying next closest version: 4.0.4.Final[0m
[96m[Preparer] Using exploit from valid: /PoCAdaptation/exploit/valid/CVE-2019-16869/4.0.5.Final/exploit[0m
[92m[Preparer] Copied exploit to: /PoCAdaptation/exploit/pending/CVE-2019-16869/4.0.4.Final/exploit[0m
[96m[Preparer] Updating dependency version to 4.0.4.Final in /PoCAdaptation/exploit/pending/CVE-2019-16869/4.0.4.Final/exploit/pom.xml[0m
[92m[Preparer] Updated dependency version to 4.0.4.Final in /PoCAdaptation/exploit/pending/CVE-2019-16869/4.0.4.Final/exploit/pom.xml[0m
[96m[Executor] Attempting direct exploit execution on 4.0.4.Final...[0m
[96m[Executor] Executing exploit for CVE-2019-16869 on version 4.0.4.Final...[0m
[96m[Verifier] Verifying reproduction...[0m
[92m[Verifier] âœ“ Behavior matched: 'java.lang.AssertionError'[0m
[92m[Verifier] âœ“ Detail matched: 'org.junit.Assert.fail'[0m
[92m[Verifier] âœ“ All reproduction indicators matched.[0m
[92m[Executor] Reproduction result: Success[0m
[92m[Executor] Direct reproduction successful on 4.0.4.Final[0m
[96m[Adapter] Copied successful adaptation to /PoCAdaptation/exploit/valid/CVE-2019-16869/4.0.4.Final[0m
[96m[Selector] Nearest need adapatation version selected: 4.0.3.Final[0m
[96m[Selector] Closest reproduced version: 4.0.4.Final at index 24[0m
[96m[Adapter] Trying next closest version: 4.0.3.Final[0m
[96m[Preparer] Using exploit from valid: /PoCAdaptation/exploit/valid/CVE-2019-16869/4.0.4.Final/exploit[0m
[92m[Preparer] Copied exploit to: /PoCAdaptation/exploit/pending/CVE-2019-16869/4.0.3.Final/exploit[0m
[96m[Preparer] Updating dependency version to 4.0.3.Final in /PoCAdaptation/exploit/pending/CVE-2019-16869/4.0.3.Final/exploit/pom.xml[0m
[92m[Preparer] Updated dependency version to 4.0.3.Final in /PoCAdaptation/exploit/pending/CVE-2019-16869/4.0.3.Final/exploit/pom.xml[0m
[96m[Executor] Attempting direct exploit execution on 4.0.3.Final...[0m
[96m[Executor] Executing exploit for CVE-2019-16869 on version 4.0.3.Final...[0m
[96m[Verifier] Verifying reproduction...[0m
[92m[Verifier] âœ“ Behavior matched: 'java.lang.AssertionError'[0m
[92m[Verifier] âœ“ Detail matched: 'org.junit.Assert.fail'[0m
[92m[Verifier] âœ“ All reproduction indicators matched.[0m
[92m[Executor] Reproduction result: Success[0m
[92m[Executor] Direct reproduction successful on 4.0.3.Final[0m
[96m[Adapter] Copied successful adaptation to /PoCAdaptation/exploit/valid/CVE-2019-16869/4.0.3.Final[0m
[96m[Selector] Nearest need adapatation version selected: 4.0.2.Final[0m
[96m[Selector] Closest reproduced version: 4.0.3.Final at index 23[0m
[96m[Adapter] Trying next closest version: 4.0.2.Final[0m
[96m[Preparer] Using exploit from valid: /PoCAdaptation/exploit/valid/CVE-2019-16869/4.0.3.Final/exploit[0m
[92m[Preparer] Copied exploit to: /PoCAdaptation/exploit/pending/CVE-2019-16869/4.0.2.Final/exploit[0m
[96m[Preparer] Updating dependency version to 4.0.2.Final in /PoCAdaptation/exploit/pending/CVE-2019-16869/4.0.2.Final/exploit/pom.xml[0m
[92m[Preparer] Updated dependency version to 4.0.2.Final in /PoCAdaptation/exploit/pending/CVE-2019-16869/4.0.2.Final/exploit/pom.xml[0m
[96m[Executor] Attempting direct exploit execution on 4.0.2.Final...[0m
[96m[Executor] Executing exploit for CVE-2019-16869 on version 4.0.2.Final...[0m
[96m[Verifier] Verifying reproduction...[0m
[92m[Verifier] âœ“ Behavior matched: 'java.lang.AssertionError'[0m
[92m[Verifier] âœ“ Detail matched: 'org.junit.Assert.fail'[0m
[92m[Verifier] âœ“ All reproduction indicators matched.[0m
[92m[Executor] Reproduction result: Success[0m
[92m[Executor] Direct reproduction successful on 4.0.2.Final[0m
[96m[Adapter] Copied successful adaptation to /PoCAdaptation/exploit/valid/CVE-2019-16869/4.0.2.Final[0m
[96m[Selector] Nearest need adapatation version selected: 4.0.1.Final[0m
[96m[Selector] Closest reproduced version: 4.0.2.Final at index 22[0m
[96m[Adapter] Trying next closest version: 4.0.1.Final[0m
[96m[Preparer] Using exploit from valid: /PoCAdaptation/exploit/valid/CVE-2019-16869/4.0.2.Final/exploit[0m
[92m[Preparer] Copied exploit to: /PoCAdaptation/exploit/pending/CVE-2019-16869/4.0.1.Final/exploit[0m
[96m[Preparer] Updating dependency version to 4.0.1.Final in /PoCAdaptation/exploit/pending/CVE-2019-16869/4.0.1.Final/exploit/pom.xml[0m
[92m[Preparer] Updated dependency version to 4.0.1.Final in /PoCAdaptation/exploit/pending/CVE-2019-16869/4.0.1.Final/exploit/pom.xml[0m
[96m[Executor] Attempting direct exploit execution on 4.0.1.Final...[0m
[96m[Executor] Executing exploit for CVE-2019-16869 on version 4.0.1.Final...[0m
[96m[Verifier] Verifying reproduction...[0m
[92m[Verifier] âœ“ Behavior matched: 'java.lang.AssertionError'[0m
[92m[Verifier] âœ“ Detail matched: 'org.junit.Assert.fail'[0m
[92m[Verifier] âœ“ All reproduction indicators matched.[0m
[92m[Executor] Reproduction result: Success[0m
[92m[Executor] Direct reproduction successful on 4.0.1.Final[0m
[96m[Adapter] Copied successful adaptation to /PoCAdaptation/exploit/valid/CVE-2019-16869/4.0.1.Final[0m
[96m[Selector] Nearest need adapatation version selected: 4.0.0.Final[0m
[96m[Selector] Closest reproduced version: 4.0.1.Final at index 21[0m
[96m[Adapter] Trying next closest version: 4.0.0.Final[0m
[96m[Preparer] Using exploit from valid: /PoCAdaptation/exploit/valid/CVE-2019-16869/4.0.1.Final/exploit[0m
[92m[Preparer] Copied exploit to: /PoCAdaptation/exploit/pending/CVE-2019-16869/4.0.0.Final/exploit[0m
[96m[Preparer] Updating dependency version to 4.0.0.Final in /PoCAdaptation/exploit/pending/CVE-2019-16869/4.0.0.Final/exploit/pom.xml[0m
[92m[Preparer] Updated dependency version to 4.0.0.Final in /PoCAdaptation/exploit/pending/CVE-2019-16869/4.0.0.Final/exploit/pom.xml[0m
[96m[Executor] Attempting direct exploit execution on 4.0.0.Final...[0m
[96m[Executor] Executing exploit for CVE-2019-16869 on version 4.0.0.Final...[0m
[96m[Verifier] Verifying reproduction...[0m
[92m[Verifier] âœ“ Behavior matched: 'java.lang.AssertionError'[0m
[92m[Verifier] âœ“ Detail matched: 'org.junit.Assert.fail'[0m
[92m[Verifier] âœ“ All reproduction indicators matched.[0m
[92m[Executor] Reproduction result: Success[0m
[92m[Executor] Direct reproduction successful on 4.0.0.Final[0m
[96m[Adapter] Copied successful adaptation to /PoCAdaptation/exploit/valid/CVE-2019-16869/4.0.0.Final[0m
[96m[Selector] Nearest need adapatation version selected: 4.0.0.CR9[0m
[96m[Selector] Closest reproduced version: 4.0.0.Final at index 20[0m
[96m[Adapter] Trying next closest version: 4.0.0.CR9[0m
[96m[Preparer] Using exploit from valid: /PoCAdaptation/exploit/valid/CVE-2019-16869/4.0.0.Final/exploit[0m
[92m[Preparer] Copied exploit to: /PoCAdaptation/exploit/pending/CVE-2019-16869/4.0.0.CR9/exploit[0m
[96m[Preparer] Updating dependency version to 4.0.0.CR9 in /PoCAdaptation/exploit/pending/CVE-2019-16869/4.0.0.CR9/exploit/pom.xml[0m
[92m[Preparer] Updated dependency version to 4.0.0.CR9 in /PoCAdaptation/exploit/pending/CVE-2019-16869/4.0.0.CR9/exploit/pom.xml[0m
[96m[Executor] Attempting direct exploit execution on 4.0.0.CR9...[0m
[96m[Executor] Executing exploit for CVE-2019-16869 on version 4.0.0.CR9...[0m
[96m[Verifier] Verifying reproduction...[0m
[92m[Verifier] âœ“ Behavior matched: 'java.lang.AssertionError'[0m
[92m[Verifier] âœ“ Detail matched: 'org.junit.Assert.fail'[0m
[92m[Verifier] âœ“ All reproduction indicators matched.[0m
[92m[Executor] Reproduction result: Success[0m
[92m[Executor] Direct reproduction successful on 4.0.0.CR9[0m
[96m[Adapter] Copied successful adaptation to /PoCAdaptation/exploit/valid/CVE-2019-16869/4.0.0.CR9[0m
[96m[Selector] Nearest need adapatation version selected: 4.0.0.CR8[0m
[96m[Selector] Closest reproduced version: 4.0.0.CR9 at index 19[0m
[96m[Adapter] Trying next closest version: 4.0.0.CR8[0m
[96m[Preparer] Using exploit from valid: /PoCAdaptation/exploit/valid/CVE-2019-16869/4.0.0.CR9/exploit[0m
[92m[Preparer] Copied exploit to: /PoCAdaptation/exploit/pending/CVE-2019-16869/4.0.0.CR8/exploit[0m
[96m[Preparer] Updating dependency version to 4.0.0.CR8 in /PoCAdaptation/exploit/pending/CVE-2019-16869/4.0.0.CR8/exploit/pom.xml[0m
[92m[Preparer] Updated dependency version to 4.0.0.CR8 in /PoCAdaptation/exploit/pending/CVE-2019-16869/4.0.0.CR8/exploit/pom.xml[0m
[96m[Executor] Attempting direct exploit execution on 4.0.0.CR8...[0m
[96m[Executor] Executing exploit for CVE-2019-16869 on version 4.0.0.CR8...[0m
[96m[Verifier] Verifying reproduction...[0m
[92m[Verifier] âœ“ Behavior matched: 'java.lang.AssertionError'[0m
[92m[Verifier] âœ“ Detail matched: 'org.junit.Assert.fail'[0m
[92m[Verifier] âœ“ All reproduction indicators matched.[0m
[92m[Executor] Reproduction result: Success[0m
[92m[Executor] Direct reproduction successful on 4.0.0.CR8[0m
[96m[Adapter] Copied successful adaptation to /PoCAdaptation/exploit/valid/CVE-2019-16869/4.0.0.CR8[0m
[96m[Selector] Nearest need adapatation version selected: 4.0.0.CR7[0m
[96m[Selector] Closest reproduced version: 4.0.0.CR8 at index 18[0m
[96m[Adapter] Trying next closest version: 4.0.0.CR7[0m
[96m[Preparer] Using exploit from valid: /PoCAdaptation/exploit/valid/CVE-2019-16869/4.0.0.CR8/exploit[0m
[92m[Preparer] Copied exploit to: /PoCAdaptation/exploit/pending/CVE-2019-16869/4.0.0.CR7/exploit[0m
[96m[Preparer] Updating dependency version to 4.0.0.CR7 in /PoCAdaptation/exploit/pending/CVE-2019-16869/4.0.0.CR7/exploit/pom.xml[0m
[92m[Preparer] Updated dependency version to 4.0.0.CR7 in /PoCAdaptation/exploit/pending/CVE-2019-16869/4.0.0.CR7/exploit/pom.xml[0m
[96m[Executor] Attempting direct exploit execution on 4.0.0.CR7...[0m
[96m[Executor] Executing exploit for CVE-2019-16869 on version 4.0.0.CR7...[0m
[96m[Verifier] Verifying reproduction...[0m
[92m[Verifier] âœ“ Behavior matched: 'java.lang.AssertionError'[0m
[92m[Verifier] âœ“ Detail matched: 'org.junit.Assert.fail'[0m
[92m[Verifier] âœ“ All reproduction indicators matched.[0m
[92m[Executor] Reproduction result: Success[0m
[92m[Executor] Direct reproduction successful on 4.0.0.CR7[0m
[96m[Adapter] Copied successful adaptation to /PoCAdaptation/exploit/valid/CVE-2019-16869/4.0.0.CR7[0m
[96m[Selector] Nearest need adapatation version selected: 4.0.0.CR6[0m
[96m[Selector] Closest reproduced version: 4.0.0.CR7 at index 17[0m
[96m[Adapter] Trying next closest version: 4.0.0.CR6[0m
[96m[Preparer] Using exploit from valid: /PoCAdaptation/exploit/valid/CVE-2019-16869/4.0.0.CR7/exploit[0m
[92m[Preparer] Copied exploit to: /PoCAdaptation/exploit/pending/CVE-2019-16869/4.0.0.CR6/exploit[0m
[96m[Preparer] Updating dependency version to 4.0.0.CR6 in /PoCAdaptation/exploit/pending/CVE-2019-16869/4.0.0.CR6/exploit/pom.xml[0m
[92m[Preparer] Updated dependency version to 4.0.0.CR6 in /PoCAdaptation/exploit/pending/CVE-2019-16869/4.0.0.CR6/exploit/pom.xml[0m
[96m[Executor] Attempting direct exploit execution on 4.0.0.CR6...[0m
[96m[Executor] Executing exploit for CVE-2019-16869 on version 4.0.0.CR6...[0m
[96m[Verifier] Verifying reproduction...[0m
[92m[Verifier] âœ“ Behavior matched: 'java.lang.AssertionError'[0m
[92m[Verifier] âœ“ Detail matched: 'org.junit.Assert.fail'[0m
[92m[Verifier] âœ“ All reproduction indicators matched.[0m
[92m[Executor] Reproduction result: Success[0m
[92m[Executor] Direct reproduction successful on 4.0.0.CR6[0m
[96m[Adapter] Copied successful adaptation to /PoCAdaptation/exploit/valid/CVE-2019-16869/4.0.0.CR6[0m
[96m[Selector] Nearest need adapatation version selected: 4.0.0.CR5[0m
[96m[Selector] Closest reproduced version: 4.0.0.CR6 at index 16[0m
[96m[Adapter] Trying next closest version: 4.0.0.CR5[0m
[96m[Preparer] Using exploit from valid: /PoCAdaptation/exploit/valid/CVE-2019-16869/4.0.0.CR6/exploit[0m
[92m[Preparer] Copied exploit to: /PoCAdaptation/exploit/pending/CVE-2019-16869/4.0.0.CR5/exploit[0m
[96m[Preparer] Updating dependency version to 4.0.0.CR5 in /PoCAdaptation/exploit/pending/CVE-2019-16869/4.0.0.CR5/exploit/pom.xml[0m
[92m[Preparer] Updated dependency version to 4.0.0.CR5 in /PoCAdaptation/exploit/pending/CVE-2019-16869/4.0.0.CR5/exploit/pom.xml[0m
[96m[Executor] Attempting direct exploit execution on 4.0.0.CR5...[0m
[96m[Executor] Executing exploit for CVE-2019-16869 on version 4.0.0.CR5...[0m
[96m[Verifier] Verifying reproduction...[0m
[92m[Verifier] âœ“ Behavior matched: 'java.lang.AssertionError'[0m
[92m[Verifier] âœ“ Detail matched: 'org.junit.Assert.fail'[0m
[92m[Verifier] âœ“ All reproduction indicators matched.[0m
[92m[Executor] Reproduction result: Success[0m
[92m[Executor] Direct reproduction successful on 4.0.0.CR5[0m
[96m[Adapter] Copied successful adaptation to /PoCAdaptation/exploit/valid/CVE-2019-16869/4.0.0.CR5[0m
[96m[Selector] Nearest need adapatation version selected: 4.0.0.CR4[0m
[96m[Selector] Closest reproduced version: 4.0.0.CR5 at index 15[0m
[96m[Adapter] Trying next closest version: 4.0.0.CR4[0m
[96m[Preparer] Using exploit from valid: /PoCAdaptation/exploit/valid/CVE-2019-16869/4.0.0.CR5/exploit[0m
[92m[Preparer] Copied exploit to: /PoCAdaptation/exploit/pending/CVE-2019-16869/4.0.0.CR4/exploit[0m
[96m[Preparer] Updating dependency version to 4.0.0.CR4 in /PoCAdaptation/exploit/pending/CVE-2019-16869/4.0.0.CR4/exploit/pom.xml[0m
[92m[Preparer] Updated dependency version to 4.0.0.CR4 in /PoCAdaptation/exploit/pending/CVE-2019-16869/4.0.0.CR4/exploit/pom.xml[0m
[96m[Executor] Attempting direct exploit execution on 4.0.0.CR4...[0m
[96m[Executor] Executing exploit for CVE-2019-16869 on version 4.0.0.CR4...[0m
[96m[Verifier] Verifying reproduction...[0m
[92m[Verifier] âœ“ Behavior matched: 'java.lang.AssertionError'[0m
[92m[Verifier] âœ“ Detail matched: 'org.junit.Assert.fail'[0m
[92m[Verifier] âœ“ All reproduction indicators matched.[0m
[92m[Executor] Reproduction result: Success[0m
[92m[Executor] Direct reproduction successful on 4.0.0.CR4[0m
[96m[Adapter] Copied successful adaptation to /PoCAdaptation/exploit/valid/CVE-2019-16869/4.0.0.CR4[0m
[96m[Selector] Nearest need adapatation version selected: 4.0.0.CR3[0m
[96m[Selector] Closest reproduced version: 4.0.0.CR4 at index 14[0m
[96m[Adapter] Trying next closest version: 4.0.0.CR3[0m
[96m[Preparer] Using exploit from valid: /PoCAdaptation/exploit/valid/CVE-2019-16869/4.0.0.CR4/exploit[0m
[92m[Preparer] Copied exploit to: /PoCAdaptation/exploit/pending/CVE-2019-16869/4.0.0.CR3/exploit[0m
[96m[Preparer] Updating dependency version to 4.0.0.CR3 in /PoCAdaptation/exploit/pending/CVE-2019-16869/4.0.0.CR3/exploit/pom.xml[0m
[92m[Preparer] Updated dependency version to 4.0.0.CR3 in /PoCAdaptation/exploit/pending/CVE-2019-16869/4.0.0.CR3/exploit/pom.xml[0m
[96m[Executor] Attempting direct exploit execution on 4.0.0.CR3...[0m
[96m[Executor] Executing exploit for CVE-2019-16869 on version 4.0.0.CR3...[0m
[96m[Verifier] Verifying reproduction...[0m
[91m[Verifier] âœ— Behavior not found: 'java.lang.AssertionError'[0m
[91m[Executor] Reproduction result: Failure[0m
[96m[Adapter] Attempting adaptation from base version 4.0.0.CR4 to 4.0.0.CR3...[0m
[96m[Adapter] Start adapting exploit from 4.0.0.CR4 to 4.0.0.CR3"[0m
[96m[Executor] Executing exploit for CVE-2019-16869 on version 4.0.0.CR3...[0m
[96m[Verifier] Verifying reproduction...[0m
[91m[Verifier] âœ— Behavior not found: 'java.lang.AssertionError'[0m
[91m[Executor] Reproduction result: Failure[0m
[96m[ErrorManager] Ignoring line: [ERROR] Failed to execute goal org.apache.maven.plugins:maven-compiler-plugin:3.1:testCompile (default-testCompile) on project CVE-2019-16869: Compilation failure: Compilation failure:[0m
[92m[ErrorManager] Processing line: [ERROR] /PoCAdaptation/exploit/result/CVE-2019-16869/4.0.0.CR3/exploit/src/test/java/edu/vision/se/Testcase1.java:[4,33] cannot find symbol[0m
[92m[ErrorManager] Processing line: [ERROR]   symbol:   class EmbeddedChannel[0m
[92m[ErrorManager] Processing line: [ERROR]   location: package io.netty.channel.embedded[0m
[92m[ErrorManager] Processing line: [ERROR] /PoCAdaptation/exploit/result/CVE-2019-16869/4.0.0.CR3/exploit/src/test/java/edu/vision/se/Testcase1.java:[24,37] cannot find symbol[0m
[92m[ErrorManager] Processing line: [ERROR]   symbol:   class EmbeddedChannel[0m
[92m[ErrorManager] Processing line: [ERROR]   location: class edu.vision.se.Testcase1[0m
[92m[ErrorManager] Processing line: [ERROR] /PoCAdaptation/exploit/result/CVE-2019-16869/4.0.0.CR3/exploit/src/test/java/edu/vision/se/Testcase1.java:[16,9] cannot find symbol[0m
[92m[ErrorManager] Processing line: [ERROR]   symbol:   class EmbeddedChannel[0m
[92m[ErrorManager] Processing line: [ERROR]   location: class edu.vision.se.Testcase1[0m
[92m[ErrorManager] Processing line: [ERROR] /PoCAdaptation/exploit/result/CVE-2019-16869/4.0.0.CR3/exploit/src/test/java/edu/vision/se/Testcase1.java:[16,39] cannot find symbol[0m
[92m[ErrorManager] Processing line: [ERROR]   symbol:   class EmbeddedChannel[0m
[92m[ErrorManager] Processing line: [ERROR]   location: class edu.vision.se.Testcase1[0m
[96m[ErrorManager] Ignoring line: [ERROR] -> [Help 1][0m
[96m[ErrorManager] Ignoring line: [ERROR][0m
[96m[ErrorManager] Ignoring line: [ERROR] To see the full stack trace of the errors, re-run Maven with the -e switch.[0m
[96m[ErrorManager] Ignoring line: [ERROR] Re-run Maven using the -X switch to enable full debug logging.[0m
[96m[ErrorManager] Ignoring line: [ERROR][0m
[96m[ErrorManager] Ignoring line: [ERROR] For more information about the errors and possible solutions, please read the following articles:[0m
[96m[ErrorManager] Ignoring line: [ERROR] [Help 1] http://cwiki.apache.org/confluence/display/MAVEN/MojoFailureException[0m
[96m[Adapter] Locating fix position in error log.[0m
[LLMClient] Tokens used: 1855 (prompt), 2 (completion), 1857 (total)
[LLMClient] Prompt: 
You are given a Java error log when executing 'mvn test' in a project with dependency version 4.0.0.CR3:io.netty:netty-codec-http.
This test file compiles and runs successfully with version 4.0.0.CR4.

Your task is to:
1. Analyze why this issue occurs with the *4.0.0.CR4* but not with the *4.0.0.CR3 version*.
2. Consider how to resolve the issue **without updating this library**.
3. Determine and output the location in the project that should be modified to fix the problem.

Please return 'pom' if the fix is in the pom.xml file, or 'test' if the fix is in the test code.
Do not return any other text, just 'pom' or 'test'.

The error log is:
[INFO] Scanning for projects...
[INFO] 
[INFO] --------------------< edu.vision.se:CVE-2019-16869 >--------------------
[INFO] Building io.netty CVE-2019-16869 1.0-SNAPSHOT
[INFO]   from pom.xml
[INFO] --------------------------------[ jar ]---------------------------------
[INFO] 
[INFO] --- maven-clean-plugin:2.5:clean (default-clean) @ CVE-2019-16869 ---
[INFO] Deleting /PoCAdaptation/exploit/result/CVE-2019-16869/4.0.0.CR3/exploit/target
[INFO] 
[INFO] --- maven-resources-plugin:2.6:resources (default-resources) @ CVE-2019-16869 ---
[INFO] Using 'UTF-8' encoding to copy filtered resources.
[INFO] skip non existing resourceDirectory /PoCAdaptation/exploit/result/CVE-2019-16869/4.0.0.CR3/exploit/src/main/resources
[INFO] 
[INFO] --- maven-compiler-plugin:3.1:compile (default-compile) @ CVE-2019-16869 ---
[INFO] No sources to compile
[INFO] 
[INFO] --- maven-resources-plugin:2.6:testResources (default-testResources) @ CVE-2019-16869 ---
[INFO] Using 'UTF-8' encoding to copy filtered resources.
[INFO] skip non existing resourceDirectory /PoCAdaptation/exploit/result/CVE-2019-16869/4.0.0.CR3/exploit/src/test/resources
[INFO] 
[INFO] --- maven-compiler-plugin:3.1:testCompile (default-testCompile) @ CVE-2019-16869 ---
[INFO] Changes detected - recompiling the module!
[INFO] Compiling 1 source file to /PoCAdaptation/exploit/result/CVE-2019-16869/4.0.0.CR3/exploit/target/test-classes
[INFO] -------------------------------------------------------------
[ERROR] COMPILATION ERROR : 
[INFO] -------------------------------------------------------------
[ERROR] /PoCAdaptation/exploit/result/CVE-2019-16869/4.0.0.CR3/exploit/src/test/java/edu/vision/se/Testcase1.java:[4,33] cannot find symbol
  symbol:   class EmbeddedChannel
  location: package io.netty.channel.embedded
[ERROR] /PoCAdaptation/exploit/result/CVE-2019-16869/4.0.0.CR3/exploit/src/test/java/edu/vision/se/Testcase1.java:[24,37] cannot find symbol
  symbol:   class EmbeddedChannel
  location: class edu.vision.se.Testcase1
[ERROR] /PoCAdaptation/exploit/result/CVE-2019-16869/4.0.0.CR3/exploit/src/test/java/edu/vision/se/Testcase1.java:[16,9] cannot find symbol
  symbol:   class EmbeddedChannel
  location: class edu.vision.se.Testcase1
[ERROR] /PoCAdaptation/exploit/result/CVE-2019-16869/4.0.0.CR3/exploit/src/test/java/edu/vision/se/Testcase1.java:[16,39] cannot find symbol
  symbol:   class EmbeddedChannel
  location: class edu.vision.se.Testcase1
[INFO] 4 errors 
[INFO] -------------------------------------------------------------
[INFO] ------------------------------------------------------------------------
[INFO] BUILD FAILURE
[INFO] ------------------------------------------------------------------------
[INFO] Total time:  0.954 s
[INFO] Finished at: 2025-07-10T06:26:39Z
[INFO] ------------------------------------------------------------------------
[ERROR] Failed to execute goal org.apache.maven.plugins:maven-compiler-plugin:3.1:testCompile (default-testCompile) on project CVE-2019-16869: Compilation failure: Compilation failure: 
[ERROR] /PoCAdaptation/exploit/result/CVE-2019-16869/4.0.0.CR3/exploit/src/test/java/edu/vision/se/Testcase1.java:[4,33] cannot find symbol
[ERROR]   symbol:   class EmbeddedChannel
[ERROR]   location: package io.netty.channel.embedded
[ERROR] /PoCAdaptation/exploit/result/CVE-2019-16869/4.0.0.CR3/exploit/src/test/java/edu/vision/se/Testcase1.java:[24,37] cannot find symbol
[ERROR]   symbol:   class EmbeddedChannel
[ERROR]   location: class edu.vision.se.Testcase1
[ERROR] /PoCAdaptation/exploit/result/CVE-2019-16869/4.0.0.CR3/exploit/src/test/java/edu/vision/se/Testcase1.java:[16,9] cannot find symbol
[ERROR]   symbol:   class EmbeddedChannel
[ERROR]   location: class edu.vision.se.Testcase1
[ERROR] /PoCAdaptation/exploit/result/CVE-2019-16869/4.0.0.CR3/exploit/src/test/java/edu/vision/se/Testcase1.java:[16,39] cannot find symbol
[ERROR]   symbol:   class EmbeddedChannel
[ERROR]   location: class edu.vision.se.Testcase1
[ERROR] -> [Help 1]
[ERROR] 
[ERROR] To see the full stack trace of the errors, re-run Maven with the -e switch.
[ERROR] Re-run Maven using the -X switch to enable full debug logging.
[ERROR] 
[ERROR] For more information about the errors and possible solutions, please read the following articles:
[ERROR] [Help 1] http://cwiki.apache.org/confluence/display/MAVEN/MojoFailureException


current_pom file is:<?xml version='1.0' encoding='utf-8'?>
<project xmlns="http://maven.apache.org/POM/4.0.0" xmlns:xsi="http://www.w3.org/2001/XMLSchema-instance" xsi:schemaLocation="http://maven.apache.org/POM/4.0.0 https://maven.apache.org/xsd/maven-4.0.0.xsd">
  <groupId>edu.vision.se</groupId><version>1.0-SNAPSHOT</version><modelVersion>4.0.0</modelVersion>
  <artifactId>CVE-2019-16869</artifactId>
  <name>io.netty CVE-2019-16869</name>
   <properties>
    <maven.compiler.target>11</maven.compiler.target>
    <maven.compiler.source>11</maven.compiler.source>
    <project.build.sourceEncoding>UTF-8</project.build.sourceEncoding>
  </properties>
  
  <dependencies>
    <dependency>
      <groupId>io.netty</groupId>
      <artifactId>netty-codec-http</artifactId>
      <version>4.0.0.CR3</version>
    </dependency>


  <dependency><groupId>junit</groupId><artifactId>junit</artifactId><version>4.13.2</version></dependency>
  
  </dependencies>
</project>
[LLMClient] Response: 
pom
[96m[Adapter] LLM response for fix position: pom[0m
[96m[Adapter] Fix position is in pom.xml.[0m
[LLMClient] Tokens used: 146 (prompt), 11 (completion), 157 (total)
[LLMClient] Prompt: 
You are given an error log when executing 'mvn test' in version 4.0.0.CR3: 

Error: cannot find symbol, class EmbeddedChannel, package io.netty.channel.embedded 

The test executes as expected in 4.0.0.CR4 

Error code: import io.netty.channel.embedded.EmbeddedChannel; 

Extract two key *entities* from the error for searching related diffs 

The extracted entities should reflect code-level identifiers that are likely to appear in source code or diffs. 

Output each node as a `;`-separated list, with no explanations. 


[LLMClient] Response: 
EmbeddedChannel;io.netty.channel.embedded
[96m[ErrorManager] Extracted key entities: ['EmbeddedChannel', 'io.netty.channel.embedded'][0m
[96m[RepairModule] Start repair[0m
[96m[RepairModule] Iteration 1, temperature 1.000: Trying diff #144 with score 10.00[0m
[LLMClient] Tokens used: 1923 (prompt), 173 (completion), 2096 (total)
[LLMClient] Prompt: 
You are given an error when executing test in in 4.0.0.CR3:io.netty:netty-codec-http
This test file compiles and runs successfully in 4.0.0.CR4.

Related diff is Operation: MODIFIED, File: codec-http/src/main/java/io/netty/handler/codec/http/HttpContentDecompressor.java, Hunk: @@ -15,7 +15,7 @@
  */
 package io.netty.handler.codec.http;

-import io.netty.channel.embedded.EmbeddedByteChannel;
+import io.netty.channel.embedded.EmbeddedChannel;
 import io.netty.handler.codec.compression.ZlibCodecFactory;
 import io.netty.handler.codec.compression.ZlibWrapper;


You are NOT allowed to change the version of the dependency io.netty:netty-codec-http.
Your task is to solve the problem by changing the pom file of the project
Current pom file is <?xml version='1.0' encoding='utf-8'?>
<project xmlns="http://maven.apache.org/POM/4.0.0" xmlns:xsi="http://www.w3.org/2001/XMLSchema-instance" xsi:schemaLocation="http://maven.apache.org/POM/4.0.0 https://maven.apache.org/xsd/maven-4.0.0.xsd">
  <groupId>edu.vision.se</groupId><version>1.0-SNAPSHOT</version><modelVersion>4.0.0</modelVersion>
  <artifactId>CVE-2019-16869</artifactId>
  <name>io.netty CVE-2019-16869</name>
   <properties>
    <maven.compiler.target>11</maven.compiler.target>
    <maven.compiler.source>11</maven.compiler.source>
    <project.build.sourceEncoding>UTF-8</project.build.sourceEncoding>
  </properties>
  
  <dependencies>
    <dependency>
      <groupId>io.netty</groupId>
      <artifactId>netty-codec-http</artifactId>
      <version>4.0.0.CR3</version>
    </dependency>


  <dependency><groupId>junit</groupId><artifactId>junit</artifactId><version>4.13.2</version></dependency>
  
  </dependencies>
</project>
Your task is 1. Analyze the cause of the errors 2. Decide fix position of the pom file according to the cause 3. Output only the updated partion of pom.xml entries without explanation

### Compilation Errors:
[INFO] Scanning for projects...
[INFO] 
[INFO] --------------------< edu.vision.se:CVE-2019-16869 >--------------------
[INFO] Building io.netty CVE-2019-16869 1.0-SNAPSHOT
[INFO]   from pom.xml
[INFO] --------------------------------[ jar ]---------------------------------
[INFO] 
[INFO] --- maven-clean-plugin:2.5:clean (default-clean) @ CVE-2019-16869 ---
[INFO] Deleting /PoCAdaptation/exploit/result/CVE-2019-16869/4.0.0.CR3/exploit/target
[INFO] 
[INFO] --- maven-resources-plugin:2.6:resources (default-resources) @ CVE-2019-16869 ---
[INFO] Using 'UTF-8' encoding to copy filtered resources.
[INFO] skip non existing resourceDirectory /PoCAdaptation/exploit/result/CVE-2019-16869/4.0.0.CR3/exploit/src/main/resources
[INFO] 
[INFO] --- maven-compiler-plugin:3.1:compile (default-compile) @ CVE-2019-16869 ---
[INFO] No sources to compile
[INFO] 
[INFO] --- maven-resources-plugin:2.6:testResources (default-testResources) @ CVE-2019-16869 ---
[INFO] Using 'UTF-8' encoding to copy filtered resources.
[INFO] skip non existing resourceDirectory /PoCAdaptation/exploit/result/CVE-2019-16869/4.0.0.CR3/exploit/src/test/resources
[INFO] 
[INFO] --- maven-compiler-plugin:3.1:testCompile (default-testCompile) @ CVE-2019-16869 ---
[INFO] Changes detected - recompiling the module!
[INFO] Compiling 1 source file to /PoCAdaptation/exploit/result/CVE-2019-16869/4.0.0.CR3/exploit/target/test-classes
[INFO] -------------------------------------------------------------
[ERROR] COMPILATION ERROR : 
[INFO] -------------------------------------------------------------
[ERROR] /PoCAdaptation/exploit/result/CVE-2019-16869/4.0.0.CR3/exploit/src/test/java/edu/vision/se/Testcase1.java:[4,33] cannot find symbol
  symbol:   class EmbeddedChannel
  location: package io.netty.channel.embedded
[ERROR] /PoCAdaptation/exploit/result/CVE-2019-16869/4.0.0.CR3/exploit/src/test/java/edu/vision/se/Testcase1.java:[24,37] cannot find symbol
  symbol:   class EmbeddedChannel
  location: class edu.vision.se.Testcase1
[ERROR] /PoCAdaptation/exploit/result/CVE-2019-16869/4.0.0.CR3/exploit/src/test/java/edu/vision/se/Testcase1.java:[16,9] cannot find symbol
  symbol:   class EmbeddedChannel
  location: class edu.vision.se.Testcase1
[ERROR] /PoCAdaptation/exploit/result/CVE-2019-16869/4.0.0.CR3/exploit/src/test/java/edu/vision/se/Testcase1.java:[16,39] cannot find symbol
  symbol:   class EmbeddedChannel
  location: class edu.vision.se.Testcase1
[INFO] 4 errors 
[INFO] -------------------------------------------------------------
[INFO] ------------------------------------------------------------------------
[INFO] BUILD FAILURE
[INFO] ------------------------------------------------------------------------
[INFO] Total time:  0.954 s
[INFO] Finished at: 2025-07-10T06:26:39Z
[INFO] ------------------------------------------------------------------------
[ERROR] Failed to execute goal org.apache.maven.plugins:maven-compiler-plugin:3.1:testCompile (default-testCompile) on project CVE-2019-16869: Compilation failure: Compilation failure: 
[ERROR] /PoCAdaptation/exploit/result/CVE-2019-16869/4.0.0.CR3/exploit/src/test/java/edu/vision/se/Testcase1.java:[4,33] cannot find symbol
[ERROR]   symbol:   class EmbeddedChannel
[ERROR]   location: package io.netty.channel.embedded
[ERROR] /PoCAdaptation/exploit/result/CVE-2019-16869/4.0.0.CR3/exploit/src/test/java/edu/vision/se/Testcase1.java:[24,37] cannot find symbol
[ERROR]   symbol:   class EmbeddedChannel
[ERROR]   location: class edu.vision.se.Testcase1
[ERROR] /PoCAdaptation/exploit/result/CVE-2019-16869/4.0.0.CR3/exploit/src/test/java/edu/vision/se/Testcase1.java:[16,9] cannot find symbol
[ERROR]   symbol:   class EmbeddedChannel
[ERROR]   location: class edu.vision.se.Testcase1
[ERROR] /PoCAdaptation/exploit/result/CVE-2019-16869/4.0.0.CR3/exploit/src/test/java/edu/vision/se/Testcase1.java:[16,39] cannot find symbol
[ERROR]   symbol:   class EmbeddedChannel
[ERROR]   location: class edu.vision.se.Testcase1
[ERROR] -> [Help 1]
[ERROR] 
[ERROR] To see the full stack trace of the errors, re-run Maven with the -e switch.
[ERROR] Re-run Maven using the -X switch to enable full debug logging.
[ERROR] 
[ERROR] For more information about the errors and possible solutions, please read the following articles:
[ERROR] [Help 1] http://cwiki.apache.org/confluence/display/MAVEN/MojoFailureException


[LLMClient] Response: 
The issue is caused by a missing dependency on `netty-transport` which contains the `EmbeddedChannel` class. Here's the updated pom.xml portion:

```xml
<dependencies>
  <dependency>
    <groupId>io.netty</groupId>
    <artifactId>netty-codec-http</artifactId>
    <version>4.0.0.CR3</version>
  </dependency>
  <dependency>
    <groupId>io.netty</groupId>
    <artifactId>netty-transport</artifactId>
    <version>4.0.0.CR3</version>
  </dependency>
  <dependency>
    <groupId>junit</groupId>
    <artifactId>junit</artifactId>
    <version>4.13.2</version>
  </dependency>
</dependencies>
```
[Adapter] ~ Updating version of io.netty:netty-codec-http to 4.0.0.CR3
[Adapter] + Adding new dependency io.netty:netty-transport:4.0.0.CR3
[Adapter] ~ Updating version of junit:junit to 4.13.2
[Adapter] âœ“ pom.xml successfully updated.
[96m[Executor] Executing exploit for CVE-2019-16869 on version 4.0.0.CR3...[0m
[96m[Verifier] Verifying reproduction...[0m
[91m[Verifier] âœ— Behavior not found: 'java.lang.AssertionError'[0m
[91m[Executor] Reproduction result: Failure[0m
[96m[RepairModule] Iteration 2, temperature 0.700: Trying diff #(138, 396) with score 10.00[0m
[LLMClient] Tokens used: 2275 (prompt), 238 (completion), 2513 (total)
[LLMClient] Prompt: 
You are given an error when executing test in in 4.0.0.CR3:io.netty:netty-codec-http
This test file compiles and runs successfully in 4.0.0.CR4.

Related diff is Operation: MODIFIED, File: codec-http/src/main/java/io/netty/handler/codec/http/HttpContentDecoder.java, Hunk: @@ -15,21 +15,19 @@
  */
 package io.netty.handler.codec.http;

-import io.netty.buffer.BufUtil;
 import io.netty.buffer.ByteBuf;
 import io.netty.buffer.ByteBufHolder;
-import io.netty.buffer.MessageBuf;
+import io.netty.buffer.ByteBufUtil;
 import io.netty.buffer.Unpooled;
 import io.netty.channel.ChannelHandlerContext;
-import io.netty.channel.embedded.EmbeddedByteChannel;
+import io.netty.channel.MessageList;
+import io.netty.channel.embedded.EmbeddedChannel;
 import io.netty.handler.codec.MessageToMessageDecoder;

-import java.util.Collections;
-
 /**
  * Decodes the content of the received {@link HttpRequest} and {@link HttpContent}.
  * The original content is replaced with the new content decoded by the
- * {@link EmbeddedByteChannel}, which is created by {@link #newContentDecoder(String)}.
+ * {@link EmbeddedChannel}, which is created by {@link #newContentDecoder(String)}.
  * Once decoding is finished, the value of the <tt>'Content-Encoding'</tt>
  * header is set to the target content encoding, as returned by {@link #getTargetContentEncoding(String)}.
  * Also, the <tt>'Content-Length'</tt> header is updated to the length of the
Operation: MODIFIED, File: codec-http/src/test/java/io/netty/handler/codec/http/HttpClientCodecTest.java, Hunk: @@ -16,7 +16,7 @@
 package io.netty.handler.codec.http;

 import io.netty.buffer.Unpooled;
-import io.netty.channel.embedded.EmbeddedByteChannel;
+import io.netty.channel.embedded.EmbeddedChannel;
 import io.netty.handler.codec.CodecException;
 import io.netty.handler.codec.PrematureChannelClosureException;
 import io.netty.util.CharsetUtil;

You are NOT allowed to change the version of the dependency io.netty:netty-codec-http.
Your task is to solve the problem by changing the pom file of the project
Current pom file is <?xml version='1.0' encoding='utf-8'?>
<project xmlns="http://maven.apache.org/POM/4.0.0" xmlns:xsi="http://www.w3.org/2001/XMLSchema-instance" xsi:schemaLocation="http://maven.apache.org/POM/4.0.0 https://maven.apache.org/xsd/maven-4.0.0.xsd">
  <groupId>edu.vision.se</groupId><version>1.0-SNAPSHOT</version><modelVersion>4.0.0</modelVersion>
  <artifactId>CVE-2019-16869</artifactId>
  <name>io.netty CVE-2019-16869</name>
   <properties>
    <maven.compiler.target>11</maven.compiler.target>
    <maven.compiler.source>11</maven.compiler.source>
    <project.build.sourceEncoding>UTF-8</project.build.sourceEncoding>
  </properties>
  
  <dependencies>
    <dependency>
      <groupId>io.netty</groupId>
      <artifactId>netty-codec-http</artifactId>
      <version>4.0.0.CR3</version>
    </dependency>


  <dependency><groupId>junit</groupId><artifactId>junit</artifactId><version>4.13.2</version></dependency>
  
  </dependencies>
</project>
Your task is 1. Analyze the cause of the errors 2. Decide fix position of the pom file according to the cause 3. Output only the updated partion of pom.xml entries without explanation

### Compilation Errors:
[INFO] Scanning for projects...
[INFO] 
[INFO] --------------------< edu.vision.se:CVE-2019-16869 >--------------------
[INFO] Building io.netty CVE-2019-16869 1.0-SNAPSHOT
[INFO]   from pom.xml
[INFO] --------------------------------[ jar ]---------------------------------
[INFO] 
[INFO] --- maven-clean-plugin:2.5:clean (default-clean) @ CVE-2019-16869 ---
[INFO] Deleting /PoCAdaptation/exploit/result/CVE-2019-16869/4.0.0.CR3/exploit/target
[INFO] 
[INFO] --- maven-resources-plugin:2.6:resources (default-resources) @ CVE-2019-16869 ---
[INFO] Using 'UTF-8' encoding to copy filtered resources.
[INFO] skip non existing resourceDirectory /PoCAdaptation/exploit/result/CVE-2019-16869/4.0.0.CR3/exploit/src/main/resources
[INFO] 
[INFO] --- maven-compiler-plugin:3.1:compile (default-compile) @ CVE-2019-16869 ---
[INFO] No sources to compile
[INFO] 
[INFO] --- maven-resources-plugin:2.6:testResources (default-testResources) @ CVE-2019-16869 ---
[INFO] Using 'UTF-8' encoding to copy filtered resources.
[INFO] skip non existing resourceDirectory /PoCAdaptation/exploit/result/CVE-2019-16869/4.0.0.CR3/exploit/src/test/resources
[INFO] 
[INFO] --- maven-compiler-plugin:3.1:testCompile (default-testCompile) @ CVE-2019-16869 ---
[INFO] Changes detected - recompiling the module!
[INFO] Compiling 1 source file to /PoCAdaptation/exploit/result/CVE-2019-16869/4.0.0.CR3/exploit/target/test-classes
[INFO] -------------------------------------------------------------
[ERROR] COMPILATION ERROR : 
[INFO] -------------------------------------------------------------
[ERROR] /PoCAdaptation/exploit/result/CVE-2019-16869/4.0.0.CR3/exploit/src/test/java/edu/vision/se/Testcase1.java:[4,33] cannot find symbol
  symbol:   class EmbeddedChannel
  location: package io.netty.channel.embedded
[ERROR] /PoCAdaptation/exploit/result/CVE-2019-16869/4.0.0.CR3/exploit/src/test/java/edu/vision/se/Testcase1.java:[24,37] cannot find symbol
  symbol:   class EmbeddedChannel
  location: class edu.vision.se.Testcase1
[ERROR] /PoCAdaptation/exploit/result/CVE-2019-16869/4.0.0.CR3/exploit/src/test/java/edu/vision/se/Testcase1.java:[16,9] cannot find symbol
  symbol:   class EmbeddedChannel
  location: class edu.vision.se.Testcase1
[ERROR] /PoCAdaptation/exploit/result/CVE-2019-16869/4.0.0.CR3/exploit/src/test/java/edu/vision/se/Testcase1.java:[16,39] cannot find symbol
  symbol:   class EmbeddedChannel
  location: class edu.vision.se.Testcase1
[INFO] 4 errors 
[INFO] -------------------------------------------------------------
[INFO] ------------------------------------------------------------------------
[INFO] BUILD FAILURE
[INFO] ------------------------------------------------------------------------
[INFO] Total time:  1.023 s
[INFO] Finished at: 2025-07-10T06:27:04Z
[INFO] ------------------------------------------------------------------------
[ERROR] Failed to execute goal org.apache.maven.plugins:maven-compiler-plugin:3.1:testCompile (default-testCompile) on project CVE-2019-16869: Compilation failure: Compilation failure: 
[ERROR] /PoCAdaptation/exploit/result/CVE-2019-16869/4.0.0.CR3/exploit/src/test/java/edu/vision/se/Testcase1.java:[4,33] cannot find symbol
[ERROR]   symbol:   class EmbeddedChannel
[ERROR]   location: package io.netty.channel.embedded
[ERROR] /PoCAdaptation/exploit/result/CVE-2019-16869/4.0.0.CR3/exploit/src/test/java/edu/vision/se/Testcase1.java:[24,37] cannot find symbol
[ERROR]   symbol:   class EmbeddedChannel
[ERROR]   location: class edu.vision.se.Testcase1
[ERROR] /PoCAdaptation/exploit/result/CVE-2019-16869/4.0.0.CR3/exploit/src/test/java/edu/vision/se/Testcase1.java:[16,9] cannot find symbol
[ERROR]   symbol:   class EmbeddedChannel
[ERROR]   location: class edu.vision.se.Testcase1
[ERROR] /PoCAdaptation/exploit/result/CVE-2019-16869/4.0.0.CR3/exploit/src/test/java/edu/vision/se/Testcase1.java:[16,39] cannot find symbol
[ERROR]   symbol:   class EmbeddedChannel
[ERROR]   location: class edu.vision.se.Testcase1
[ERROR] -> [Help 1]
[ERROR] 
[ERROR] To see the full stack trace of the errors, re-run Maven with the -e switch.
[ERROR] Re-run Maven using the -X switch to enable full debug logging.
[ERROR] 
[ERROR] For more information about the errors and possible solutions, please read the following articles:
[ERROR] [Help 1] http://cwiki.apache.org/confluence/display/MAVEN/MojoFailureException


[LLMClient] Response: 
Based on the error and the diff shown, the issue is that the test code is using `EmbeddedChannel` which was introduced in a later version (CR4), but the code is trying to compile against CR3 where it was called `EmbeddedByteChannel`. Since we can't change the netty-codec-http version, we need to add the netty-transport dependency which contains the `EmbeddedChannel` class.

Here's the updated pom.xml portion:

```xml
  <dependencies>
    <dependency>
      <groupId>io.netty</groupId>
      <artifactId>netty-codec-http</artifactId>
      <version>4.0.0.CR3</version>
    </dependency>
    <dependency>
      <groupId>io.netty</groupId>
      <artifactId>netty-transport</artifactId>
      <version>4.0.0.CR3</version>
    </dependency>
    <dependency>
      <groupId>junit</groupId>
      <artifactId>junit</artifactId>
      <version>4.13.2</version>
    </dependency>
  </dependencies>
```
[Adapter] ~ Updating version of io.netty:netty-codec-http to 4.0.0.CR3
[Adapter] + Adding new dependency io.netty:netty-transport:4.0.0.CR3
[Adapter] ~ Updating version of junit:junit to 4.13.2
[Adapter] âœ“ pom.xml successfully updated.
[96m[Executor] Executing exploit for CVE-2019-16869 on version 4.0.0.CR3...[0m
[96m[Verifier] Verifying reproduction...[0m
[91m[Verifier] âœ— Behavior not found: 'java.lang.AssertionError'[0m
[91m[Executor] Reproduction result: Failure[0m
[96m[RepairModule] Iteration 3, temperature 0.490: Trying diff #(146, 396) with score 10.00[0m
[LLMClient] Tokens used: 2305 (prompt), 243 (completion), 2548 (total)
[LLMClient] Prompt: 
You are given an error when executing test in in 4.0.0.CR3:io.netty:netty-codec-http
This test file compiles and runs successfully in 4.0.0.CR4.

Related diff is Operation: MODIFIED, File: codec-http/src/main/java/io/netty/handler/codec/http/HttpContentEncoder.java, Hunk: @@ -15,25 +15,24 @@
  */
 package io.netty.handler.codec.http;

-import io.netty.buffer.BufUtil;
 import io.netty.buffer.ByteBuf;
 import io.netty.buffer.ByteBufHolder;
-import io.netty.buffer.MessageBuf;
+import io.netty.buffer.ByteBufUtil;
 import io.netty.buffer.Unpooled;
 import io.netty.channel.ChannelHandlerContext;
-import io.netty.channel.embedded.EmbeddedByteChannel;
+import io.netty.channel.MessageList;
+import io.netty.channel.embedded.EmbeddedChannel;
 import io.netty.handler.codec.MessageToMessageCodec;
 import io.netty.handler.codec.http.HttpHeaders.Names;
 import io.netty.handler.codec.http.HttpHeaders.Values;

 import java.util.ArrayDeque;
-import java.util.Collections;
 import java.util.Queue;

 /**
  * Encodes the content of the outbound {@link HttpResponse} and {@link HttpContent}.
  * The original content is replaced with the new content encoded by the
- * {@link EmbeddedByteChannel}, which is created by {@link #beginEncode(HttpResponse, String)}.
+ * {@link EmbeddedChannel}, which is created by {@link #beginEncode(HttpResponse, String)}.
  * Once encoding is finished, the value of the <tt>'Content-Encoding'</tt> header
  * is set to the target content encoding, as returned by
  * {@link #beginEncode(HttpResponse, String)}.
Operation: MODIFIED, File: codec-http/src/test/java/io/netty/handler/codec/http/HttpClientCodecTest.java, Hunk: @@ -16,7 +16,7 @@
 package io.netty.handler.codec.http;

 import io.netty.buffer.Unpooled;
-import io.netty.channel.embedded.EmbeddedByteChannel;
+import io.netty.channel.embedded.EmbeddedChannel;
 import io.netty.handler.codec.CodecException;
 import io.netty.handler.codec.PrematureChannelClosureException;
 import io.netty.util.CharsetUtil;

You are NOT allowed to change the version of the dependency io.netty:netty-codec-http.
Your task is to solve the problem by changing the pom file of the project
Current pom file is <?xml version='1.0' encoding='utf-8'?>
<project xmlns="http://maven.apache.org/POM/4.0.0" xmlns:xsi="http://www.w3.org/2001/XMLSchema-instance" xsi:schemaLocation="http://maven.apache.org/POM/4.0.0 https://maven.apache.org/xsd/maven-4.0.0.xsd">
  <groupId>edu.vision.se</groupId><version>1.0-SNAPSHOT</version><modelVersion>4.0.0</modelVersion>
  <artifactId>CVE-2019-16869</artifactId>
  <name>io.netty CVE-2019-16869</name>
   <properties>
    <maven.compiler.target>11</maven.compiler.target>
    <maven.compiler.source>11</maven.compiler.source>
    <project.build.sourceEncoding>UTF-8</project.build.sourceEncoding>
  </properties>
  
  <dependencies>
    <dependency>
      <groupId>io.netty</groupId>
      <artifactId>netty-codec-http</artifactId>
      <version>4.0.0.CR3</version>
    </dependency>


  <dependency><groupId>junit</groupId><artifactId>junit</artifactId><version>4.13.2</version></dependency>
  
  </dependencies>
</project>
Your task is 1. Analyze the cause of the errors 2. Decide fix position of the pom file according to the cause 3. Output only the updated partion of pom.xml entries without explanation

### Compilation Errors:
[INFO] Scanning for projects...
[INFO] 
[INFO] --------------------< edu.vision.se:CVE-2019-16869 >--------------------
[INFO] Building io.netty CVE-2019-16869 1.0-SNAPSHOT
[INFO]   from pom.xml
[INFO] --------------------------------[ jar ]---------------------------------
[INFO] 
[INFO] --- maven-clean-plugin:2.5:clean (default-clean) @ CVE-2019-16869 ---
[INFO] Deleting /PoCAdaptation/exploit/result/CVE-2019-16869/4.0.0.CR3/exploit/target
[INFO] 
[INFO] --- maven-resources-plugin:2.6:resources (default-resources) @ CVE-2019-16869 ---
[INFO] Using 'UTF-8' encoding to copy filtered resources.
[INFO] skip non existing resourceDirectory /PoCAdaptation/exploit/result/CVE-2019-16869/4.0.0.CR3/exploit/src/main/resources
[INFO] 
[INFO] --- maven-compiler-plugin:3.1:compile (default-compile) @ CVE-2019-16869 ---
[INFO] No sources to compile
[INFO] 
[INFO] --- maven-resources-plugin:2.6:testResources (default-testResources) @ CVE-2019-16869 ---
[INFO] Using 'UTF-8' encoding to copy filtered resources.
[INFO] skip non existing resourceDirectory /PoCAdaptation/exploit/result/CVE-2019-16869/4.0.0.CR3/exploit/src/test/resources
[INFO] 
[INFO] --- maven-compiler-plugin:3.1:testCompile (default-testCompile) @ CVE-2019-16869 ---
[INFO] Changes detected - recompiling the module!
[INFO] Compiling 1 source file to /PoCAdaptation/exploit/result/CVE-2019-16869/4.0.0.CR3/exploit/target/test-classes
[INFO] -------------------------------------------------------------
[ERROR] COMPILATION ERROR : 
[INFO] -------------------------------------------------------------
[ERROR] /PoCAdaptation/exploit/result/CVE-2019-16869/4.0.0.CR3/exploit/src/test/java/edu/vision/se/Testcase1.java:[4,33] cannot find symbol
  symbol:   class EmbeddedChannel
  location: package io.netty.channel.embedded
[ERROR] /PoCAdaptation/exploit/result/CVE-2019-16869/4.0.0.CR3/exploit/src/test/java/edu/vision/se/Testcase1.java:[24,37] cannot find symbol
  symbol:   class EmbeddedChannel
  location: class edu.vision.se.Testcase1
[ERROR] /PoCAdaptation/exploit/result/CVE-2019-16869/4.0.0.CR3/exploit/src/test/java/edu/vision/se/Testcase1.java:[16,9] cannot find symbol
  symbol:   class EmbeddedChannel
  location: class edu.vision.se.Testcase1
[ERROR] /PoCAdaptation/exploit/result/CVE-2019-16869/4.0.0.CR3/exploit/src/test/java/edu/vision/se/Testcase1.java:[16,39] cannot find symbol
  symbol:   class EmbeddedChannel
  location: class edu.vision.se.Testcase1
[INFO] 4 errors 
[INFO] -------------------------------------------------------------
[INFO] ------------------------------------------------------------------------
[INFO] BUILD FAILURE
[INFO] ------------------------------------------------------------------------
[INFO] Total time:  0.911 s
[INFO] Finished at: 2025-07-10T06:27:22Z
[INFO] ------------------------------------------------------------------------
[ERROR] Failed to execute goal org.apache.maven.plugins:maven-compiler-plugin:3.1:testCompile (default-testCompile) on project CVE-2019-16869: Compilation failure: Compilation failure: 
[ERROR] /PoCAdaptation/exploit/result/CVE-2019-16869/4.0.0.CR3/exploit/src/test/java/edu/vision/se/Testcase1.java:[4,33] cannot find symbol
[ERROR]   symbol:   class EmbeddedChannel
[ERROR]   location: package io.netty.channel.embedded
[ERROR] /PoCAdaptation/exploit/result/CVE-2019-16869/4.0.0.CR3/exploit/src/test/java/edu/vision/se/Testcase1.java:[24,37] cannot find symbol
[ERROR]   symbol:   class EmbeddedChannel
[ERROR]   location: class edu.vision.se.Testcase1
[ERROR] /PoCAdaptation/exploit/result/CVE-2019-16869/4.0.0.CR3/exploit/src/test/java/edu/vision/se/Testcase1.java:[16,9] cannot find symbol
[ERROR]   symbol:   class EmbeddedChannel
[ERROR]   location: class edu.vision.se.Testcase1
[ERROR] /PoCAdaptation/exploit/result/CVE-2019-16869/4.0.0.CR3/exploit/src/test/java/edu/vision/se/Testcase1.java:[16,39] cannot find symbol
[ERROR]   symbol:   class EmbeddedChannel
[ERROR]   location: class edu.vision.se.Testcase1
[ERROR] -> [Help 1]
[ERROR] 
[ERROR] To see the full stack trace of the errors, re-run Maven with the -e switch.
[ERROR] Re-run Maven using the -X switch to enable full debug logging.
[ERROR] 
[ERROR] For more information about the errors and possible solutions, please read the following articles:
[ERROR] [Help 1] http://cwiki.apache.org/confluence/display/MAVEN/MojoFailureException


[LLMClient] Response: 
Based on the error and the diff shown, the issue is that the test code is using `EmbeddedChannel` which was introduced in 4.0.0.CR4, but the project is using 4.0.0.CR3 where the class was called `EmbeddedByteChannel`. Since we can't change the netty-codec-http version, we need to add a dependency on netty-transport which contains the required class.

Here's the updated pom.xml portion:

```xml
  <dependencies>
    <dependency>
      <groupId>io.netty</groupId>
      <artifactId>netty-codec-http</artifactId>
      <version>4.0.0.CR3</version>
    </dependency>
    <dependency>
      <groupId>io.netty</groupId>
      <artifactId>netty-transport</artifactId>
      <version>4.0.0.CR3</version>
    </dependency>
    <dependency>
      <groupId>junit</groupId>
      <artifactId>junit</artifactId>
      <version>4.13.2</version>
    </dependency>
  </dependencies>
```
[Adapter] ~ Updating version of io.netty:netty-codec-http to 4.0.0.CR3
[Adapter] + Adding new dependency io.netty:netty-transport:4.0.0.CR3
[Adapter] ~ Updating version of junit:junit to 4.13.2
[Adapter] âœ“ pom.xml successfully updated.
[96m[Executor] Executing exploit for CVE-2019-16869 on version 4.0.0.CR3...[0m
[96m[Verifier] Verifying reproduction...[0m
[91m[Verifier] âœ— Behavior not found: 'java.lang.AssertionError'[0m
[91m[Executor] Reproduction result: Failure[0m
[96m[RepairModule] Iteration 4, temperature 0.343: Trying diff #138 with score 10.00[0m
[LLMClient] Tokens used: 2142 (prompt), 222 (completion), 2364 (total)
[LLMClient] Prompt: 
You are given an error when executing test in in 4.0.0.CR3:io.netty:netty-codec-http
This test file compiles and runs successfully in 4.0.0.CR4.

Related diff is Operation: MODIFIED, File: codec-http/src/main/java/io/netty/handler/codec/http/HttpContentDecoder.java, Hunk: @@ -15,21 +15,19 @@
  */
 package io.netty.handler.codec.http;

-import io.netty.buffer.BufUtil;
 import io.netty.buffer.ByteBuf;
 import io.netty.buffer.ByteBufHolder;
-import io.netty.buffer.MessageBuf;
+import io.netty.buffer.ByteBufUtil;
 import io.netty.buffer.Unpooled;
 import io.netty.channel.ChannelHandlerContext;
-import io.netty.channel.embedded.EmbeddedByteChannel;
+import io.netty.channel.MessageList;
+import io.netty.channel.embedded.EmbeddedChannel;
 import io.netty.handler.codec.MessageToMessageDecoder;

-import java.util.Collections;
-
 /**
  * Decodes the content of the received {@link HttpRequest} and {@link HttpContent}.
  * The original content is replaced with the new content decoded by the
- * {@link EmbeddedByteChannel}, which is created by {@link #newContentDecoder(String)}.
+ * {@link EmbeddedChannel}, which is created by {@link #newContentDecoder(String)}.
  * Once decoding is finished, the value of the <tt>'Content-Encoding'</tt>
  * header is set to the target content encoding, as returned by {@link #getTargetContentEncoding(String)}.
  * Also, the <tt>'Content-Length'</tt> header is updated to the length of the

You are NOT allowed to change the version of the dependency io.netty:netty-codec-http.
Your task is to solve the problem by changing the pom file of the project
Current pom file is <?xml version='1.0' encoding='utf-8'?>
<project xmlns="http://maven.apache.org/POM/4.0.0" xmlns:xsi="http://www.w3.org/2001/XMLSchema-instance" xsi:schemaLocation="http://maven.apache.org/POM/4.0.0 https://maven.apache.org/xsd/maven-4.0.0.xsd">
  <groupId>edu.vision.se</groupId><version>1.0-SNAPSHOT</version><modelVersion>4.0.0</modelVersion>
  <artifactId>CVE-2019-16869</artifactId>
  <name>io.netty CVE-2019-16869</name>
   <properties>
    <maven.compiler.target>11</maven.compiler.target>
    <maven.compiler.source>11</maven.compiler.source>
    <project.build.sourceEncoding>UTF-8</project.build.sourceEncoding>
  </properties>
  
  <dependencies>
    <dependency>
      <groupId>io.netty</groupId>
      <artifactId>netty-codec-http</artifactId>
      <version>4.0.0.CR3</version>
    </dependency>


  <dependency><groupId>junit</groupId><artifactId>junit</artifactId><version>4.13.2</version></dependency>
  
  </dependencies>
</project>
Your task is 1. Analyze the cause of the errors 2. Decide fix position of the pom file according to the cause 3. Output only the updated partion of pom.xml entries without explanation

### Compilation Errors:
[INFO] Scanning for projects...
[INFO] 
[INFO] --------------------< edu.vision.se:CVE-2019-16869 >--------------------
[INFO] Building io.netty CVE-2019-16869 1.0-SNAPSHOT
[INFO]   from pom.xml
[INFO] --------------------------------[ jar ]---------------------------------
[INFO] 
[INFO] --- maven-clean-plugin:2.5:clean (default-clean) @ CVE-2019-16869 ---
[INFO] Deleting /PoCAdaptation/exploit/result/CVE-2019-16869/4.0.0.CR3/exploit/target
[INFO] 
[INFO] --- maven-resources-plugin:2.6:resources (default-resources) @ CVE-2019-16869 ---
[INFO] Using 'UTF-8' encoding to copy filtered resources.
[INFO] skip non existing resourceDirectory /PoCAdaptation/exploit/result/CVE-2019-16869/4.0.0.CR3/exploit/src/main/resources
[INFO] 
[INFO] --- maven-compiler-plugin:3.1:compile (default-compile) @ CVE-2019-16869 ---
[INFO] No sources to compile
[INFO] 
[INFO] --- maven-resources-plugin:2.6:testResources (default-testResources) @ CVE-2019-16869 ---
[INFO] Using 'UTF-8' encoding to copy filtered resources.
[INFO] skip non existing resourceDirectory /PoCAdaptation/exploit/result/CVE-2019-16869/4.0.0.CR3/exploit/src/test/resources
[INFO] 
[INFO] --- maven-compiler-plugin:3.1:testCompile (default-testCompile) @ CVE-2019-16869 ---
[INFO] Changes detected - recompiling the module!
[INFO] Compiling 1 source file to /PoCAdaptation/exploit/result/CVE-2019-16869/4.0.0.CR3/exploit/target/test-classes
[INFO] -------------------------------------------------------------
[ERROR] COMPILATION ERROR : 
[INFO] -------------------------------------------------------------
[ERROR] /PoCAdaptation/exploit/result/CVE-2019-16869/4.0.0.CR3/exploit/src/test/java/edu/vision/se/Testcase1.java:[4,33] cannot find symbol
  symbol:   class EmbeddedChannel
  location: package io.netty.channel.embedded
[ERROR] /PoCAdaptation/exploit/result/CVE-2019-16869/4.0.0.CR3/exploit/src/test/java/edu/vision/se/Testcase1.java:[24,37] cannot find symbol
  symbol:   class EmbeddedChannel
  location: class edu.vision.se.Testcase1
[ERROR] /PoCAdaptation/exploit/result/CVE-2019-16869/4.0.0.CR3/exploit/src/test/java/edu/vision/se/Testcase1.java:[16,9] cannot find symbol
  symbol:   class EmbeddedChannel
  location: class edu.vision.se.Testcase1
[ERROR] /PoCAdaptation/exploit/result/CVE-2019-16869/4.0.0.CR3/exploit/src/test/java/edu/vision/se/Testcase1.java:[16,39] cannot find symbol
  symbol:   class EmbeddedChannel
  location: class edu.vision.se.Testcase1
[INFO] 4 errors 
[INFO] -------------------------------------------------------------
[INFO] ------------------------------------------------------------------------
[INFO] BUILD FAILURE
[INFO] ------------------------------------------------------------------------
[INFO] Total time:  0.990 s
[INFO] Finished at: 2025-07-10T06:27:40Z
[INFO] ------------------------------------------------------------------------
[ERROR] Failed to execute goal org.apache.maven.plugins:maven-compiler-plugin:3.1:testCompile (default-testCompile) on project CVE-2019-16869: Compilation failure: Compilation failure: 
[ERROR] /PoCAdaptation/exploit/result/CVE-2019-16869/4.0.0.CR3/exploit/src/test/java/edu/vision/se/Testcase1.java:[4,33] cannot find symbol
[ERROR]   symbol:   class EmbeddedChannel
[ERROR]   location: package io.netty.channel.embedded
[ERROR] /PoCAdaptation/exploit/result/CVE-2019-16869/4.0.0.CR3/exploit/src/test/java/edu/vision/se/Testcase1.java:[24,37] cannot find symbol
[ERROR]   symbol:   class EmbeddedChannel
[ERROR]   location: class edu.vision.se.Testcase1
[ERROR] /PoCAdaptation/exploit/result/CVE-2019-16869/4.0.0.CR3/exploit/src/test/java/edu/vision/se/Testcase1.java:[16,9] cannot find symbol
[ERROR]   symbol:   class EmbeddedChannel
[ERROR]   location: class edu.vision.se.Testcase1
[ERROR] /PoCAdaptation/exploit/result/CVE-2019-16869/4.0.0.CR3/exploit/src/test/java/edu/vision/se/Testcase1.java:[16,39] cannot find symbol
[ERROR]   symbol:   class EmbeddedChannel
[ERROR]   location: class edu.vision.se.Testcase1
[ERROR] -> [Help 1]
[ERROR] 
[ERROR] To see the full stack trace of the errors, re-run Maven with the -e switch.
[ERROR] Re-run Maven using the -X switch to enable full debug logging.
[ERROR] 
[ERROR] For more information about the errors and possible solutions, please read the following articles:
[ERROR] [Help 1] http://cwiki.apache.org/confluence/display/MAVEN/MojoFailureException


[LLMClient] Response: 
Based on the error and the diff shown, the issue is that `EmbeddedChannel` class is missing, which was moved from `netty-transport` to `netty-codec-http` between versions. Since we can't change the netty-codec-http version, we need to add the netty-transport dependency to provide the missing class.

Here's the updated pom.xml portion:

```xml
<dependencies>
  <dependency>
    <groupId>io.netty</groupId>
    <artifactId>netty-codec-http</artifactId>
    <version>4.0.0.CR3</version>
  </dependency>
  <dependency>
    <groupId>io.netty</groupId>
    <artifactId>netty-transport</artifactId>
    <version>4.0.0.CR3</version>
  </dependency>
  <dependency>
    <groupId>junit</groupId>
    <artifactId>junit</artifactId>
    <version>4.13.2</version>
  </dependency>
</dependencies>
```
[Adapter] ~ Updating version of io.netty:netty-codec-http to 4.0.0.CR3
[Adapter] + Adding new dependency io.netty:netty-transport:4.0.0.CR3
[Adapter] ~ Updating version of junit:junit to 4.13.2
[Adapter] âœ“ pom.xml successfully updated.
[96m[Executor] Executing exploit for CVE-2019-16869 on version 4.0.0.CR3...[0m
[96m[Verifier] Verifying reproduction...[0m
[91m[Verifier] âœ— Behavior not found: 'java.lang.AssertionError'[0m
[91m[Executor] Reproduction result: Failure[0m
[96m[RepairModule] Iteration 5, temperature 0.240: Trying diff #(144, 396) with score 10.00[0m
[LLMClient] Tokens used: 2056 (prompt), 191 (completion), 2247 (total)
[LLMClient] Prompt: 
You are given an error when executing test in in 4.0.0.CR3:io.netty:netty-codec-http
This test file compiles and runs successfully in 4.0.0.CR4.

Related diff is Operation: MODIFIED, File: codec-http/src/main/java/io/netty/handler/codec/http/HttpContentDecompressor.java, Hunk: @@ -15,7 +15,7 @@
  */
 package io.netty.handler.codec.http;

-import io.netty.channel.embedded.EmbeddedByteChannel;
+import io.netty.channel.embedded.EmbeddedChannel;
 import io.netty.handler.codec.compression.ZlibCodecFactory;
 import io.netty.handler.codec.compression.ZlibWrapper;

Operation: MODIFIED, File: codec-http/src/test/java/io/netty/handler/codec/http/HttpClientCodecTest.java, Hunk: @@ -16,7 +16,7 @@
 package io.netty.handler.codec.http;

 import io.netty.buffer.Unpooled;
-import io.netty.channel.embedded.EmbeddedByteChannel;
+import io.netty.channel.embedded.EmbeddedChannel;
 import io.netty.handler.codec.CodecException;
 import io.netty.handler.codec.PrematureChannelClosureException;
 import io.netty.util.CharsetUtil;

You are NOT allowed to change the version of the dependency io.netty:netty-codec-http.
Your task is to solve the problem by changing the pom file of the project
Current pom file is <?xml version='1.0' encoding='utf-8'?>
<project xmlns="http://maven.apache.org/POM/4.0.0" xmlns:xsi="http://www.w3.org/2001/XMLSchema-instance" xsi:schemaLocation="http://maven.apache.org/POM/4.0.0 https://maven.apache.org/xsd/maven-4.0.0.xsd">
  <groupId>edu.vision.se</groupId><version>1.0-SNAPSHOT</version><modelVersion>4.0.0</modelVersion>
  <artifactId>CVE-2019-16869</artifactId>
  <name>io.netty CVE-2019-16869</name>
   <properties>
    <maven.compiler.target>11</maven.compiler.target>
    <maven.compiler.source>11</maven.compiler.source>
    <project.build.sourceEncoding>UTF-8</project.build.sourceEncoding>
  </properties>
  
  <dependencies>
    <dependency>
      <groupId>io.netty</groupId>
      <artifactId>netty-codec-http</artifactId>
      <version>4.0.0.CR3</version>
    </dependency>


  <dependency><groupId>junit</groupId><artifactId>junit</artifactId><version>4.13.2</version></dependency>
  
  </dependencies>
</project>
Your task is 1. Analyze the cause of the errors 2. Decide fix position of the pom file according to the cause 3. Output only the updated partion of pom.xml entries without explanation

### Compilation Errors:
[INFO] Scanning for projects...
[INFO] 
[INFO] --------------------< edu.vision.se:CVE-2019-16869 >--------------------
[INFO] Building io.netty CVE-2019-16869 1.0-SNAPSHOT
[INFO]   from pom.xml
[INFO] --------------------------------[ jar ]---------------------------------
[INFO] 
[INFO] --- maven-clean-plugin:2.5:clean (default-clean) @ CVE-2019-16869 ---
[INFO] Deleting /PoCAdaptation/exploit/result/CVE-2019-16869/4.0.0.CR3/exploit/target
[INFO] 
[INFO] --- maven-resources-plugin:2.6:resources (default-resources) @ CVE-2019-16869 ---
[INFO] Using 'UTF-8' encoding to copy filtered resources.
[INFO] skip non existing resourceDirectory /PoCAdaptation/exploit/result/CVE-2019-16869/4.0.0.CR3/exploit/src/main/resources
[INFO] 
[INFO] --- maven-compiler-plugin:3.1:compile (default-compile) @ CVE-2019-16869 ---
[INFO] No sources to compile
[INFO] 
[INFO] --- maven-resources-plugin:2.6:testResources (default-testResources) @ CVE-2019-16869 ---
[INFO] Using 'UTF-8' encoding to copy filtered resources.
[INFO] skip non existing resourceDirectory /PoCAdaptation/exploit/result/CVE-2019-16869/4.0.0.CR3/exploit/src/test/resources
[INFO] 
[INFO] --- maven-compiler-plugin:3.1:testCompile (default-testCompile) @ CVE-2019-16869 ---
[INFO] Changes detected - recompiling the module!
[INFO] Compiling 1 source file to /PoCAdaptation/exploit/result/CVE-2019-16869/4.0.0.CR3/exploit/target/test-classes
[INFO] -------------------------------------------------------------
[ERROR] COMPILATION ERROR : 
[INFO] -------------------------------------------------------------
[ERROR] /PoCAdaptation/exploit/result/CVE-2019-16869/4.0.0.CR3/exploit/src/test/java/edu/vision/se/Testcase1.java:[4,33] cannot find symbol
  symbol:   class EmbeddedChannel
  location: package io.netty.channel.embedded
[ERROR] /PoCAdaptation/exploit/result/CVE-2019-16869/4.0.0.CR3/exploit/src/test/java/edu/vision/se/Testcase1.java:[24,37] cannot find symbol
  symbol:   class EmbeddedChannel
  location: class edu.vision.se.Testcase1
[ERROR] /PoCAdaptation/exploit/result/CVE-2019-16869/4.0.0.CR3/exploit/src/test/java/edu/vision/se/Testcase1.java:[16,9] cannot find symbol
  symbol:   class EmbeddedChannel
  location: class edu.vision.se.Testcase1
[ERROR] /PoCAdaptation/exploit/result/CVE-2019-16869/4.0.0.CR3/exploit/src/test/java/edu/vision/se/Testcase1.java:[16,39] cannot find symbol
  symbol:   class EmbeddedChannel
  location: class edu.vision.se.Testcase1
[INFO] 4 errors 
[INFO] -------------------------------------------------------------
[INFO] ------------------------------------------------------------------------
[INFO] BUILD FAILURE
[INFO] ------------------------------------------------------------------------
[INFO] Total time:  1.069 s
[INFO] Finished at: 2025-07-10T06:27:57Z
[INFO] ------------------------------------------------------------------------
[ERROR] Failed to execute goal org.apache.maven.plugins:maven-compiler-plugin:3.1:testCompile (default-testCompile) on project CVE-2019-16869: Compilation failure: Compilation failure: 
[ERROR] /PoCAdaptation/exploit/result/CVE-2019-16869/4.0.0.CR3/exploit/src/test/java/edu/vision/se/Testcase1.java:[4,33] cannot find symbol
[ERROR]   symbol:   class EmbeddedChannel
[ERROR]   location: package io.netty.channel.embedded
[ERROR] /PoCAdaptation/exploit/result/CVE-2019-16869/4.0.0.CR3/exploit/src/test/java/edu/vision/se/Testcase1.java:[24,37] cannot find symbol
[ERROR]   symbol:   class EmbeddedChannel
[ERROR]   location: class edu.vision.se.Testcase1
[ERROR] /PoCAdaptation/exploit/result/CVE-2019-16869/4.0.0.CR3/exploit/src/test/java/edu/vision/se/Testcase1.java:[16,9] cannot find symbol
[ERROR]   symbol:   class EmbeddedChannel
[ERROR]   location: class edu.vision.se.Testcase1
[ERROR] /PoCAdaptation/exploit/result/CVE-2019-16869/4.0.0.CR3/exploit/src/test/java/edu/vision/se/Testcase1.java:[16,39] cannot find symbol
[ERROR]   symbol:   class EmbeddedChannel
[ERROR]   location: class edu.vision.se.Testcase1
[ERROR] -> [Help 1]
[ERROR] 
[ERROR] To see the full stack trace of the errors, re-run Maven with the -e switch.
[ERROR] Re-run Maven using the -X switch to enable full debug logging.
[ERROR] 
[ERROR] For more information about the errors and possible solutions, please read the following articles:
[ERROR] [Help 1] http://cwiki.apache.org/confluence/display/MAVEN/MojoFailureException


[LLMClient] Response: 
The error occurs because the test code is trying to use `EmbeddedChannel` which was renamed from `EmbeddedByteChannel` in the newer version, but we need to maintain compatibility with 4.0.0.CR3. Here's the updated pom.xml portion:

```xml
  <dependencies>
    <dependency>
      <groupId>io.netty</groupId>
      <artifactId>netty-codec-http</artifactId>
      <version>4.0.0.CR3</version>
    </dependency>
    <dependency>
      <groupId>io.netty</groupId>
      <artifactId>netty-transport</artifactId>
      <version>4.0.0.CR3</version>
    </dependency>

  <dependency><groupId>junit</groupId><artifactId>junit</artifactId><version>4.13.2</version></dependency>
  
  </dependencies>
```
[Adapter] ~ Updating version of io.netty:netty-codec-http to 4.0.0.CR3
[Adapter] + Adding new dependency io.netty:netty-transport:4.0.0.CR3
[Adapter] ~ Updating version of junit:junit to 4.13.2
[Adapter] âœ“ pom.xml successfully updated.
[96m[Executor] Executing exploit for CVE-2019-16869 on version 4.0.0.CR3...[0m
[96m[Verifier] Verifying reproduction...[0m
[91m[Verifier] âœ— Behavior not found: 'java.lang.AssertionError'[0m
[91m[Executor] Reproduction result: Failure[0m
[96m[RepairModule] Iteration 6, temperature 0.168: Trying diff #(136, 396) with score 10.00[0m
[LLMClient] Tokens used: 2064 (prompt), 211 (completion), 2275 (total)
[LLMClient] Prompt: 
You are given an error when executing test in in 4.0.0.CR3:io.netty:netty-codec-http
This test file compiles and runs successfully in 4.0.0.CR4.

Related diff is Operation: MODIFIED, File: codec-http/src/main/java/io/netty/handler/codec/http/HttpContentCompressor.java, Hunk: @@ -15,7 +15,7 @@
  */
 package io.netty.handler.codec.http;

-import io.netty.channel.embedded.EmbeddedByteChannel;
+import io.netty.channel.embedded.EmbeddedChannel;
 import io.netty.handler.codec.compression.ZlibCodecFactory;
 import io.netty.handler.codec.compression.ZlibWrapper;
 import io.netty.util.internal.StringUtil;
Operation: MODIFIED, File: codec-http/src/test/java/io/netty/handler/codec/http/HttpClientCodecTest.java, Hunk: @@ -16,7 +16,7 @@
 package io.netty.handler.codec.http;

 import io.netty.buffer.Unpooled;
-import io.netty.channel.embedded.EmbeddedByteChannel;
+import io.netty.channel.embedded.EmbeddedChannel;
 import io.netty.handler.codec.CodecException;
 import io.netty.handler.codec.PrematureChannelClosureException;
 import io.netty.util.CharsetUtil;

You are NOT allowed to change the version of the dependency io.netty:netty-codec-http.
Your task is to solve the problem by changing the pom file of the project
Current pom file is <?xml version='1.0' encoding='utf-8'?>
<project xmlns="http://maven.apache.org/POM/4.0.0" xmlns:xsi="http://www.w3.org/2001/XMLSchema-instance" xsi:schemaLocation="http://maven.apache.org/POM/4.0.0 https://maven.apache.org/xsd/maven-4.0.0.xsd">
  <groupId>edu.vision.se</groupId><version>1.0-SNAPSHOT</version><modelVersion>4.0.0</modelVersion>
  <artifactId>CVE-2019-16869</artifactId>
  <name>io.netty CVE-2019-16869</name>
   <properties>
    <maven.compiler.target>11</maven.compiler.target>
    <maven.compiler.source>11</maven.compiler.source>
    <project.build.sourceEncoding>UTF-8</project.build.sourceEncoding>
  </properties>
  
  <dependencies>
    <dependency>
      <groupId>io.netty</groupId>
      <artifactId>netty-codec-http</artifactId>
      <version>4.0.0.CR3</version>
    </dependency>


  <dependency><groupId>junit</groupId><artifactId>junit</artifactId><version>4.13.2</version></dependency>
  
  </dependencies>
</project>
Your task is 1. Analyze the cause of the errors 2. Decide fix position of the pom file according to the cause 3. Output only the updated partion of pom.xml entries without explanation

### Compilation Errors:
[INFO] Scanning for projects...
[INFO] 
[INFO] --------------------< edu.vision.se:CVE-2019-16869 >--------------------
[INFO] Building io.netty CVE-2019-16869 1.0-SNAPSHOT
[INFO]   from pom.xml
[INFO] --------------------------------[ jar ]---------------------------------
[INFO] 
[INFO] --- maven-clean-plugin:2.5:clean (default-clean) @ CVE-2019-16869 ---
[INFO] Deleting /PoCAdaptation/exploit/result/CVE-2019-16869/4.0.0.CR3/exploit/target
[INFO] 
[INFO] --- maven-resources-plugin:2.6:resources (default-resources) @ CVE-2019-16869 ---
[INFO] Using 'UTF-8' encoding to copy filtered resources.
[INFO] skip non existing resourceDirectory /PoCAdaptation/exploit/result/CVE-2019-16869/4.0.0.CR3/exploit/src/main/resources
[INFO] 
[INFO] --- maven-compiler-plugin:3.1:compile (default-compile) @ CVE-2019-16869 ---
[INFO] No sources to compile
[INFO] 
[INFO] --- maven-resources-plugin:2.6:testResources (default-testResources) @ CVE-2019-16869 ---
[INFO] Using 'UTF-8' encoding to copy filtered resources.
[INFO] skip non existing resourceDirectory /PoCAdaptation/exploit/result/CVE-2019-16869/4.0.0.CR3/exploit/src/test/resources
[INFO] 
[INFO] --- maven-compiler-plugin:3.1:testCompile (default-testCompile) @ CVE-2019-16869 ---
[INFO] Changes detected - recompiling the module!
[INFO] Compiling 1 source file to /PoCAdaptation/exploit/result/CVE-2019-16869/4.0.0.CR3/exploit/target/test-classes
[INFO] -------------------------------------------------------------
[ERROR] COMPILATION ERROR : 
[INFO] -------------------------------------------------------------
[ERROR] /PoCAdaptation/exploit/result/CVE-2019-16869/4.0.0.CR3/exploit/src/test/java/edu/vision/se/Testcase1.java:[4,33] cannot find symbol
  symbol:   class EmbeddedChannel
  location: package io.netty.channel.embedded
[ERROR] /PoCAdaptation/exploit/result/CVE-2019-16869/4.0.0.CR3/exploit/src/test/java/edu/vision/se/Testcase1.java:[24,37] cannot find symbol
  symbol:   class EmbeddedChannel
  location: class edu.vision.se.Testcase1
[ERROR] /PoCAdaptation/exploit/result/CVE-2019-16869/4.0.0.CR3/exploit/src/test/java/edu/vision/se/Testcase1.java:[16,9] cannot find symbol
  symbol:   class EmbeddedChannel
  location: class edu.vision.se.Testcase1
[ERROR] /PoCAdaptation/exploit/result/CVE-2019-16869/4.0.0.CR3/exploit/src/test/java/edu/vision/se/Testcase1.java:[16,39] cannot find symbol
  symbol:   class EmbeddedChannel
  location: class edu.vision.se.Testcase1
[INFO] 4 errors 
[INFO] -------------------------------------------------------------
[INFO] ------------------------------------------------------------------------
[INFO] BUILD FAILURE
[INFO] ------------------------------------------------------------------------
[INFO] Total time:  1.043 s
[INFO] Finished at: 2025-07-10T06:28:13Z
[INFO] ------------------------------------------------------------------------
[ERROR] Failed to execute goal org.apache.maven.plugins:maven-compiler-plugin:3.1:testCompile (default-testCompile) on project CVE-2019-16869: Compilation failure: Compilation failure: 
[ERROR] /PoCAdaptation/exploit/result/CVE-2019-16869/4.0.0.CR3/exploit/src/test/java/edu/vision/se/Testcase1.java:[4,33] cannot find symbol
[ERROR]   symbol:   class EmbeddedChannel
[ERROR]   location: package io.netty.channel.embedded
[ERROR] /PoCAdaptation/exploit/result/CVE-2019-16869/4.0.0.CR3/exploit/src/test/java/edu/vision/se/Testcase1.java:[24,37] cannot find symbol
[ERROR]   symbol:   class EmbeddedChannel
[ERROR]   location: class edu.vision.se.Testcase1
[ERROR] /PoCAdaptation/exploit/result/CVE-2019-16869/4.0.0.CR3/exploit/src/test/java/edu/vision/se/Testcase1.java:[16,9] cannot find symbol
[ERROR]   symbol:   class EmbeddedChannel
[ERROR]   location: class edu.vision.se.Testcase1
[ERROR] /PoCAdaptation/exploit/result/CVE-2019-16869/4.0.0.CR3/exploit/src/test/java/edu/vision/se/Testcase1.java:[16,39] cannot find symbol
[ERROR]   symbol:   class EmbeddedChannel
[ERROR]   location: class edu.vision.se.Testcase1
[ERROR] -> [Help 1]
[ERROR] 
[ERROR] To see the full stack trace of the errors, re-run Maven with the -e switch.
[ERROR] Re-run Maven using the -X switch to enable full debug logging.
[ERROR] 
[ERROR] For more information about the errors and possible solutions, please read the following articles:
[ERROR] [Help 1] http://cwiki.apache.org/confluence/display/MAVEN/MojoFailureException


[LLMClient] Response: 
The issue is caused by missing dependencies that contain the `EmbeddedChannel` class. Here's the updated portion of the pom.xml:

```xml
<dependencies>
  <dependency>
    <groupId>io.netty</groupId>
    <artifactId>netty-codec-http</artifactId>
    <version>4.0.0.CR3</version>
  </dependency>
  <dependency>
    <groupId>io.netty</groupId>
    <artifactId>netty-transport</artifactId>
    <version>4.0.0.CR3</version>
  </dependency>
  <dependency>
    <groupId>io.netty</groupId>
    <artifactId>netty-common</artifactId>
    <version>4.0.0.CR3</version>
  </dependency>
  <dependency>
    <groupId>junit</groupId>
    <artifactId>junit</artifactId>
    <version>4.13.2</version>
  </dependency>
</dependencies>
```
[Adapter] ~ Updating version of io.netty:netty-codec-http to 4.0.0.CR3
[Adapter] + Adding new dependency io.netty:netty-transport:4.0.0.CR3
[Adapter] + Adding new dependency io.netty:netty-common:4.0.0.CR3
[Adapter] ~ Updating version of junit:junit to 4.13.2
[Adapter] âœ“ pom.xml successfully updated.
[96m[Executor] Executing exploit for CVE-2019-16869 on version 4.0.0.CR3...[0m
[96m[Verifier] Verifying reproduction...[0m
[91m[Verifier] âœ— Behavior not found: 'java.lang.AssertionError'[0m
[91m[Executor] Reproduction result: Failure[0m
[96m[RepairModule] Iteration 7, temperature 0.118: Trying diff #(138, 146) with score 10.00[0m
[LLMClient] Tokens used: 2508 (prompt), 233 (completion), 2741 (total)
[LLMClient] Prompt: 
You are given an error when executing test in in 4.0.0.CR3:io.netty:netty-codec-http
This test file compiles and runs successfully in 4.0.0.CR4.

Related diff is Operation: MODIFIED, File: codec-http/src/main/java/io/netty/handler/codec/http/HttpContentDecoder.java, Hunk: @@ -15,21 +15,19 @@
  */
 package io.netty.handler.codec.http;

-import io.netty.buffer.BufUtil;
 import io.netty.buffer.ByteBuf;
 import io.netty.buffer.ByteBufHolder;
-import io.netty.buffer.MessageBuf;
+import io.netty.buffer.ByteBufUtil;
 import io.netty.buffer.Unpooled;
 import io.netty.channel.ChannelHandlerContext;
-import io.netty.channel.embedded.EmbeddedByteChannel;
+import io.netty.channel.MessageList;
+import io.netty.channel.embedded.EmbeddedChannel;
 import io.netty.handler.codec.MessageToMessageDecoder;

-import java.util.Collections;
-
 /**
  * Decodes the content of the received {@link HttpRequest} and {@link HttpContent}.
  * The original content is replaced with the new content decoded by the
- * {@link EmbeddedByteChannel}, which is created by {@link #newContentDecoder(String)}.
+ * {@link EmbeddedChannel}, which is created by {@link #newContentDecoder(String)}.
  * Once decoding is finished, the value of the <tt>'Content-Encoding'</tt>
  * header is set to the target content encoding, as returned by {@link #getTargetContentEncoding(String)}.
  * Also, the <tt>'Content-Length'</tt> header is updated to the length of the
Operation: MODIFIED, File: codec-http/src/main/java/io/netty/handler/codec/http/HttpContentEncoder.java, Hunk: @@ -15,25 +15,24 @@
  */
 package io.netty.handler.codec.http;

-import io.netty.buffer.BufUtil;
 import io.netty.buffer.ByteBuf;
 import io.netty.buffer.ByteBufHolder;
-import io.netty.buffer.MessageBuf;
+import io.netty.buffer.ByteBufUtil;
 import io.netty.buffer.Unpooled;
 import io.netty.channel.ChannelHandlerContext;
-import io.netty.channel.embedded.EmbeddedByteChannel;
+import io.netty.channel.MessageList;
+import io.netty.channel.embedded.EmbeddedChannel;
 import io.netty.handler.codec.MessageToMessageCodec;
 import io.netty.handler.codec.http.HttpHeaders.Names;
 import io.netty.handler.codec.http.HttpHeaders.Values;

 import java.util.ArrayDeque;
-import java.util.Collections;
 import java.util.Queue;

 /**
  * Encodes the content of the outbound {@link HttpResponse} and {@link HttpContent}.
  * The original content is replaced with the new content encoded by the
- * {@link EmbeddedByteChannel}, which is created by {@link #beginEncode(HttpResponse, String)}.
+ * {@link EmbeddedChannel}, which is created by {@link #beginEncode(HttpResponse, String)}.
  * Once encoding is finished, the value of the <tt>'Content-Encoding'</tt> header
  * is set to the target content encoding, as returned by
  * {@link #beginEncode(HttpResponse, String)}.

You are NOT allowed to change the version of the dependency io.netty:netty-codec-http.
Your task is to solve the problem by changing the pom file of the project
Current pom file is <?xml version='1.0' encoding='utf-8'?>
<project xmlns="http://maven.apache.org/POM/4.0.0" xmlns:xsi="http://www.w3.org/2001/XMLSchema-instance" xsi:schemaLocation="http://maven.apache.org/POM/4.0.0 https://maven.apache.org/xsd/maven-4.0.0.xsd">
  <groupId>edu.vision.se</groupId><version>1.0-SNAPSHOT</version><modelVersion>4.0.0</modelVersion>
  <artifactId>CVE-2019-16869</artifactId>
  <name>io.netty CVE-2019-16869</name>
   <properties>
    <maven.compiler.target>11</maven.compiler.target>
    <maven.compiler.source>11</maven.compiler.source>
    <project.build.sourceEncoding>UTF-8</project.build.sourceEncoding>
  </properties>
  
  <dependencies>
    <dependency>
      <groupId>io.netty</groupId>
      <artifactId>netty-codec-http</artifactId>
      <version>4.0.0.CR3</version>
    </dependency>


  <dependency><groupId>junit</groupId><artifactId>junit</artifactId><version>4.13.2</version></dependency>
  
  </dependencies>
</project>
Your task is 1. Analyze the cause of the errors 2. Decide fix position of the pom file according to the cause 3. Output only the updated partion of pom.xml entries without explanation

### Compilation Errors:
[INFO] Scanning for projects...
[INFO] 
[INFO] --------------------< edu.vision.se:CVE-2019-16869 >--------------------
[INFO] Building io.netty CVE-2019-16869 1.0-SNAPSHOT
[INFO]   from pom.xml
[INFO] --------------------------------[ jar ]---------------------------------
[INFO] 
[INFO] --- maven-clean-plugin:2.5:clean (default-clean) @ CVE-2019-16869 ---
[INFO] Deleting /PoCAdaptation/exploit/result/CVE-2019-16869/4.0.0.CR3/exploit/target
[INFO] 
[INFO] --- maven-resources-plugin:2.6:resources (default-resources) @ CVE-2019-16869 ---
[INFO] Using 'UTF-8' encoding to copy filtered resources.
[INFO] skip non existing resourceDirectory /PoCAdaptation/exploit/result/CVE-2019-16869/4.0.0.CR3/exploit/src/main/resources
[INFO] 
[INFO] --- maven-compiler-plugin:3.1:compile (default-compile) @ CVE-2019-16869 ---
[INFO] No sources to compile
[INFO] 
[INFO] --- maven-resources-plugin:2.6:testResources (default-testResources) @ CVE-2019-16869 ---
[INFO] Using 'UTF-8' encoding to copy filtered resources.
[INFO] skip non existing resourceDirectory /PoCAdaptation/exploit/result/CVE-2019-16869/4.0.0.CR3/exploit/src/test/resources
[INFO] 
[INFO] --- maven-compiler-plugin:3.1:testCompile (default-testCompile) @ CVE-2019-16869 ---
[INFO] Changes detected - recompiling the module!
[INFO] Compiling 1 source file to /PoCAdaptation/exploit/result/CVE-2019-16869/4.0.0.CR3/exploit/target/test-classes
[INFO] -------------------------------------------------------------
[ERROR] COMPILATION ERROR : 
[INFO] -------------------------------------------------------------
[ERROR] /PoCAdaptation/exploit/result/CVE-2019-16869/4.0.0.CR3/exploit/src/test/java/edu/vision/se/Testcase1.java:[4,33] cannot find symbol
  symbol:   class EmbeddedChannel
  location: package io.netty.channel.embedded
[ERROR] /PoCAdaptation/exploit/result/CVE-2019-16869/4.0.0.CR3/exploit/src/test/java/edu/vision/se/Testcase1.java:[24,37] cannot find symbol
  symbol:   class EmbeddedChannel
  location: class edu.vision.se.Testcase1
[ERROR] /PoCAdaptation/exploit/result/CVE-2019-16869/4.0.0.CR3/exploit/src/test/java/edu/vision/se/Testcase1.java:[16,9] cannot find symbol
  symbol:   class EmbeddedChannel
  location: class edu.vision.se.Testcase1
[ERROR] /PoCAdaptation/exploit/result/CVE-2019-16869/4.0.0.CR3/exploit/src/test/java/edu/vision/se/Testcase1.java:[16,39] cannot find symbol
  symbol:   class EmbeddedChannel
  location: class edu.vision.se.Testcase1
[INFO] 4 errors 
[INFO] -------------------------------------------------------------
[INFO] ------------------------------------------------------------------------
[INFO] BUILD FAILURE
[INFO] ------------------------------------------------------------------------
[INFO] Total time:  0.936 s
[INFO] Finished at: 2025-07-10T06:28:29Z
[INFO] ------------------------------------------------------------------------
[ERROR] Failed to execute goal org.apache.maven.plugins:maven-compiler-plugin:3.1:testCompile (default-testCompile) on project CVE-2019-16869: Compilation failure: Compilation failure: 
[ERROR] /PoCAdaptation/exploit/result/CVE-2019-16869/4.0.0.CR3/exploit/src/test/java/edu/vision/se/Testcase1.java:[4,33] cannot find symbol
[ERROR]   symbol:   class EmbeddedChannel
[ERROR]   location: package io.netty.channel.embedded
[ERROR] /PoCAdaptation/exploit/result/CVE-2019-16869/4.0.0.CR3/exploit/src/test/java/edu/vision/se/Testcase1.java:[24,37] cannot find symbol
[ERROR]   symbol:   class EmbeddedChannel
[ERROR]   location: class edu.vision.se.Testcase1
[ERROR] /PoCAdaptation/exploit/result/CVE-2019-16869/4.0.0.CR3/exploit/src/test/java/edu/vision/se/Testcase1.java:[16,9] cannot find symbol
[ERROR]   symbol:   class EmbeddedChannel
[ERROR]   location: class edu.vision.se.Testcase1
[ERROR] /PoCAdaptation/exploit/result/CVE-2019-16869/4.0.0.CR3/exploit/src/test/java/edu/vision/se/Testcase1.java:[16,39] cannot find symbol
[ERROR]   symbol:   class EmbeddedChannel
[ERROR]   location: class edu.vision.se.Testcase1
[ERROR] -> [Help 1]
[ERROR] 
[ERROR] To see the full stack trace of the errors, re-run Maven with the -e switch.
[ERROR] Re-run Maven using the -X switch to enable full debug logging.
[ERROR] 
[ERROR] For more information about the errors and possible solutions, please read the following articles:
[ERROR] [Help 1] http://cwiki.apache.org/confluence/display/MAVEN/MojoFailureException


[LLMClient] Response: 
Based on the error and the diff shown, the issue is that the test is trying to use `EmbeddedChannel` which was introduced in a later version, while the code is using `EmbeddedByteChannel` in 4.0.0.CR3. Since we can't change the netty-codec-http version, we need to add the netty-transport dependency which contains the EmbeddedChannel class.

Here's the updated pom.xml portion:

```xml
<dependencies>
    <dependency>
      <groupId>io.netty</groupId>
      <artifactId>netty-codec-http</artifactId>
      <version>4.0.0.CR3</version>
    </dependency>
    <dependency>
      <groupId>io.netty</groupId>
      <artifactId>netty-transport</artifactId>
      <version>4.0.0.CR3</version>
    </dependency>
    <dependency>
      <groupId>junit</groupId>
      <artifactId>junit</artifactId>
      <version>4.13.2</version>
    </dependency>
</dependencies>
```
[Adapter] ~ Updating version of io.netty:netty-codec-http to 4.0.0.CR3
[Adapter] + Adding new dependency io.netty:netty-transport:4.0.0.CR3
[Adapter] ~ Updating version of junit:junit to 4.13.2
[Adapter] âœ“ pom.xml successfully updated.
[96m[Executor] Executing exploit for CVE-2019-16869 on version 4.0.0.CR3...[0m
[96m[Verifier] Verifying reproduction...[0m
[91m[Verifier] âœ— Behavior not found: 'java.lang.AssertionError'[0m
[91m[Executor] Reproduction result: Failure[0m
[LLMClient] Tokens used: 146 (prompt), 11 (completion), 157 (total)
[LLMClient] Prompt: 
You are given an error log when executing 'mvn test' in version 4.0.0.CR3: 

Error: cannot find symbol, class EmbeddedChannel, package io.netty.channel.embedded 

The test executes as expected in 4.0.0.CR4 

Error code: import io.netty.channel.embedded.EmbeddedChannel; 

Extract two key *entities* from the error for searching related diffs 

The extracted entities should reflect code-level identifiers that are likely to appear in source code or diffs. 

Output each node as a `;`-separated list, with no explanations. 


[LLMClient] Response: 
EmbeddedChannel;io.netty.channel.embedded
[96m[ErrorManager] Extracted key entities: ['EmbeddedChannel', 'io.netty.channel.embedded'][0m
[96m[Adapter] Try to solve error: {'file': '/PoCAdaptation/exploit/result/CVE-2019-16869/4.0.0.CR3/exploit/src/test/java/edu/vision/se/Testcase1.java', 'line': 4, 'column': 33, 'message': 'cannot find symbol', 'symbol': 'class EmbeddedChannel', 'location': 'package io.netty.channel.embedded', 'code_line': 'import io.netty.channel.embedded.EmbeddedChannel;'} with cause: ['EmbeddedChannel', 'io.netty.channel.embedded'][0m
[96m[Adapter] Related diffs for error: [(1342, 18.0), (136, 8.0), (138, 8.0), (144, 8.0), (146, 8.0)][0m
[96m[Adapter] Fix position is in test code.[0m
[96m[RepairModule] Start repair for group: cannot find symbol | class EmbeddedChannel cause: ['EmbeddedChannel', 'io.netty.channel.embedded'][0m
[96m[RepairModule] Trying best diff #1342 with score 18.00[0m
[LLMClient] Tokens used: 1482 (prompt), 297 (completion), 1779 (total)
[LLMClient] Prompt: 
You are given a Java test file with compilation errors in version 4.0.0.CR3:io.netty:netty-codec-http.
This test file compiles and runs successfully in 4.0.0.CR4.

The diff is related to the diff.
Your task has three steps:
 1. Locate the code where the compilation error occurs.
 2. Analyze the diff from 4.0.0.CR4 to 4.0.0.CR3.
 3. Fix the error in the error position only when diff is helpful. Add import statement when needed according to the diff. 

Only output the modified version of the test file according to the diff. No explanations. If mocking, access fields via reflection if they exist.
### Compilation Errors:
message: cannot find symbol, symble: class EmbeddedChannel, location: package io.netty.channel.embedded

### Error Position:
import io.netty.channel.embedded.EmbeddedChannel;

### Related Diff:
Operation: MODIFIED, File: transport/src/main/java/io/netty/channel/embedded/EmbeddedChannel.java, Hunk: @@ -15,92 +15,81 @@
  */
 package io.netty.channel.embedded;

+import io.netty.buffer.Buf;
+import io.netty.buffer.ByteBuf;
+import io.netty.buffer.MessageBuf;
+import io.netty.buffer.Unpooled;
 import io.netty.channel.AbstractChannel;
 import io.netty.channel.Channel;
 import io.netty.channel.ChannelConfig;
 import io.netty.channel.ChannelFuture;
 import io.netty.channel.ChannelHandler;
 import io.netty.channel.ChannelHandlerContext;
+import io.netty.channel.ChannelInboundByteHandler;
+import io.netty.channel.ChannelInboundMessageHandler;
-import io.netty.channel.ChannelInboundHandlerAdapter;
-import io.netty.channel.ChannelMetadata;
 import io.netty.channel.ChannelPipeline;
 import io.netty.channel.ChannelPromise;
+import io.netty.channel.ChannelStateHandlerAdapter;
 import io.netty.channel.DefaultChannelConfig;
 import io.netty.channel.EventLoop;
-import io.netty.channel.MessageList;
 import io.netty.util.internal.PlatformDependent;
 import io.netty.util.internal.logging.InternalLogger;
 import io.netty.util.internal.logging.InternalLoggerFactory;

 import java.net.SocketAddress;
 import java.nio.channels.ClosedChannelException;
-import java.util.ArrayDeque;
-import java.util.Queue;

 /**
  * Base class for {@link Channel} implementations that are used in an embedded fashion.
+ *
+ * @param <O>  the type of data that can be written to this {@link Channel}
  */
+public abstract class AbstractEmbeddedChannel<O> extends AbstractChannel {
-public class EmbeddedChannel extends AbstractChannel {
-
-    private static final InternalLogger logger = InternalLoggerFactory.getInstance(EmbeddedChannel.class);

+    private static final InternalLogger logger = InternalLoggerFactory.getInstance(AbstractEmbeddedChannel.class);
-    private static final ChannelMetadata METADATA = new ChannelMetadata(false);

     private final EmbeddedEventLoop loop = new EmbeddedEventLoop();
     private final ChannelConfig config = new DefaultChannelConfig(this);
     private final SocketAddress localAddress = new EmbeddedSocketAddress();
     private final SocketAddress remoteAddress = new EmbeddedSocketAddress();
+    private final MessageBuf<Object> lastInboundMessageBuffer = Unpooled.messageBuffer().retain(2);
+    private final ByteBuf lastInboundByteBuffer = Unpooled.buffer().retain(2);
+    protected final Object lastOutboundBuffer;
-    private final Queue<Object> lastInboundBuffer = new ArrayDeque<Object>();
-    private final Queue<Object> lastOutboundBuffer = new ArrayDeque<Object>();
     private Throwable lastException;
     private int state; // 0 = OPEN, 1 = ACTIVE, 2 = CLOSED

     /**
      * Create a new instance
      *
+     * @param lastOutboundBuffer    the last outbound buffer which will hold all the written data
+     * @param handlers              the @link ChannelHandler}s which will be add in the {@link ChannelPipeline}
-     * @param handlers the @link ChannelHandler}s which will be add in the {@link ChannelPipeline}
      */
+    AbstractEmbeddedChannel(Object lastOutboundBuffer, ChannelHandler... handlers) {
-    public EmbeddedChannel(ChannelHandler... handlers) {
         super(null, null);

         if (handlers == null) {
             throw new NullPointerException("handlers");
         }

+        this.lastOutboundBuffer = lastOutboundBuffer;
+
         int nHandlers = 0;
+        boolean hasBuffer = false;
         ChannelPipeline p = pipeline();
         for (ChannelHandler h: handlers) {
             if (h == null) {
                 break;
             }
             nHandlers ++;
+            ChannelHandlerContext ctx = p.addLast(h).context(h);
+
+            if (ctx.hasInboundByteBuffer() || ctx.hasOutboundByteBuffer()
+                    || ctx.hasInboundMessageBuffer() || ctx.hasOutboundMessageBuffer()) {
+                hasBuffer = true;
+            }
-            p.addLast(h);
         }

         if (nHandlers == 0) {
             throw new IllegalArgumentException("handlers is empty.");
         }

+        if (!hasBuffer) {
+            throw new IllegalArgumentException("handlers does not provide any buffers.");
+        }
+
+        p.addLast(new LastInboundMessageHandler(), new LastInboundByteHandler());

### Test File Content:
package edu.vision.se;

import io.netty.buffer.Unpooled;
import io.netty.channel.embedded.EmbeddedChannel;
import io.netty.handler.codec.http.HttpRequest;
import io.netty.handler.codec.http.HttpRequestDecoder;
import io.netty.util.CharsetUtil;
import org.junit.Test;

import static org.junit.Assert.assertFalse;
import static org.junit.Assert.assertTrue;

public class Testcase1 {
    @Test(timeout = 60000)
    public void testWhitespace() {
        EmbeddedChannel channel = new EmbeddedChannel(new HttpRequestDecoder());
        String requestStr = "GET /some/path HTTP/1.1\r\n" +
                "Transfer-Encoding : chunked\r\n" +
                "Host: netty.io\n\r\n";
        channel.writeInbound(Unpooled.copiedBuffer(requestStr, CharsetUtil.US_ASCII));
        validateReturnValue(channel);
    }

    public void validateReturnValue(EmbeddedChannel channel) {
        HttpRequest request = (HttpRequest) channel.readInbound();
        assertTrue(request.getDecoderResult().isFailure());
        assertTrue(request.getDecoderResult().cause() instanceof IllegalArgumentException);
        assertFalse(channel.finish());
    }
}



[LLMClient] Response: 
Here's the modified test file according to the diff:

```java
package edu.vision.se;

import io.netty.buffer.Unpooled;
import io.netty.channel.embedded.AbstractEmbeddedChannel;
import io.netty.handler.codec.http.HttpRequest;
import io.netty.handler.codec.http.HttpRequestDecoder;
import io.netty.util.CharsetUtil;
import org.junit.Test;

import static org.junit.Assert.assertFalse;
import static org.junit.Assert.assertTrue;

public class Testcase1 {
    @Test(timeout = 60000)
    public void testWhitespace() {
        AbstractEmbeddedChannel<Object> channel = new AbstractEmbeddedChannel<Object>(Unpooled.messageBuffer(), new HttpRequestDecoder());
        String requestStr = "GET /some/path HTTP/1.1\r\n" +
                "Transfer-Encoding : chunked\r\n" +
                "Host: netty.io\n\r\n";
        channel.writeInbound(Unpooled.copiedBuffer(requestStr, CharsetUtil.US_ASCII));
        validateReturnValue(channel);
    }

    public void validateReturnValue(AbstractEmbeddedChannel<Object> channel) {
        HttpRequest request = (HttpRequest) channel.readInbound();
        assertTrue(request.getDecoderResult().isFailure());
        assertTrue(request.getDecoderResult().cause() instanceof IllegalArgumentException);
        assertFalse(channel.finish());
    }
}
```
[96m[RepairModule] Wrote modified code to /PoCAdaptation/exploit/result/CVE-2019-16869/4.0.0.CR3/exploit/src/test/java/edu/vision/se/Testcase1.java[0m
[96m[Executor] Executing exploit for CVE-2019-16869 on version 4.0.0.CR3...[0m
[96m[Verifier] Verifying reproduction...[0m
[91m[Verifier] âœ— Behavior not found: 'java.lang.AssertionError'[0m
[91m[Executor] Reproduction result: Failure[0m
[96m[ErrorManager] Ignoring line: [ERROR] Failed to execute goal org.apache.maven.plugins:maven-compiler-plugin:3.1:testCompile (default-testCompile) on project CVE-2019-16869: Compilation failure[0m
[92m[ErrorManager] Processing line: [ERROR] /PoCAdaptation/exploit/result/CVE-2019-16869/4.0.0.CR3/exploit/src/test/java/edu/vision/se/Testcase1.java:[16,51] io.netty.channel.embedded.AbstractEmbeddedChannel is abstract; cannot be instantiated[0m
[96m[ErrorManager] Ignoring line: [ERROR][0m
[96m[ErrorManager] Ignoring line: [ERROR] -> [Help 1][0m
[96m[ErrorManager] Ignoring line: [ERROR][0m
[96m[ErrorManager] Ignoring line: [ERROR] To see the full stack trace of the errors, re-run Maven with the -e switch.[0m
[96m[ErrorManager] Ignoring line: [ERROR] Re-run Maven using the -X switch to enable full debug logging.[0m
[96m[ErrorManager] Ignoring line: [ERROR][0m
[96m[ErrorManager] Ignoring line: [ERROR] For more information about the errors and possible solutions, please read the following articles:[0m
[96m[ErrorManager] Ignoring line: [ERROR] [Help 1] http://cwiki.apache.org/confluence/display/MAVEN/MojoFailureException[0m
[93m[RepairModule] [Analyzer] New error:
  File     : /PoCAdaptation/exploit/result/CVE-2019-16869/4.0.0.CR3/exploit/src/test/java/edu/vision/se/Testcase1.java
  Line     : 16, Column: 51
  Message  : io.netty.channel.embedded.AbstractEmbeddedChannel is abstract; cannot be instantiated
  Symbol   : None
  Location : None
  Code     : AbstractEmbeddedChannel<Object> channel = new AbstractEmbeddedChannel<Object>(Unpooled.messageBuffer(), new HttpRequestDecoder());
  Position : after the fixing line (4)[0m
[92m[RepairModule] Error cannot find symbol resolved after applying diff.[0m
[92m[RepairModule] Repair success with best diff![0m
[96m[Adapter] Test code repair attempted.[0m
[96m[Executor] Executing exploit for CVE-2019-16869 on version 4.0.0.CR3...[0m
[96m[Verifier] Verifying reproduction...[0m
[91m[Verifier] âœ— Behavior not found: 'java.lang.AssertionError'[0m
[91m[Executor] Reproduction result: Failure[0m
[96m[ErrorManager] Ignoring line: [ERROR] Failed to execute goal org.apache.maven.plugins:maven-compiler-plugin:3.1:testCompile (default-testCompile) on project CVE-2019-16869: Compilation failure[0m
[92m[ErrorManager] Processing line: [ERROR] /PoCAdaptation/exploit/result/CVE-2019-16869/4.0.0.CR3/exploit/src/test/java/edu/vision/se/Testcase1.java:[16,51] io.netty.channel.embedded.AbstractEmbeddedChannel is abstract; cannot be instantiated[0m
[96m[ErrorManager] Ignoring line: [ERROR][0m
[96m[ErrorManager] Ignoring line: [ERROR] -> [Help 1][0m
[96m[ErrorManager] Ignoring line: [ERROR][0m
[96m[ErrorManager] Ignoring line: [ERROR] To see the full stack trace of the errors, re-run Maven with the -e switch.[0m
[96m[ErrorManager] Ignoring line: [ERROR] Re-run Maven using the -X switch to enable full debug logging.[0m
[96m[ErrorManager] Ignoring line: [ERROR][0m
[96m[ErrorManager] Ignoring line: [ERROR] For more information about the errors and possible solutions, please read the following articles:[0m
[96m[ErrorManager] Ignoring line: [ERROR] [Help 1] http://cwiki.apache.org/confluence/display/MAVEN/MojoFailureException[0m
[96m[Adapter] Locating fix position in error log.[0m
[LLMClient] Tokens used: 1370 (prompt), 1 (completion), 1371 (total)
[LLMClient] Prompt: 
You are given a Java error log when executing 'mvn test' in a project with dependency version 4.0.0.CR3:io.netty:netty-codec-http.
This test file compiles and runs successfully with version 4.0.0.CR4.

Your task is to:
1. Analyze why this issue occurs with the *4.0.0.CR4* but not with the *4.0.0.CR3 version*.
2. Consider how to resolve the issue **without updating this library**.
3. Determine and output the location in the project that should be modified to fix the problem.

Please return 'pom' if the fix is in the pom.xml file, or 'test' if the fix is in the test code.
Do not return any other text, just 'pom' or 'test'.

The error log is:
[INFO] Scanning for projects...
[INFO] 
[INFO] --------------------< edu.vision.se:CVE-2019-16869 >--------------------
[INFO] Building io.netty CVE-2019-16869 1.0-SNAPSHOT
[INFO]   from pom.xml
[INFO] --------------------------------[ jar ]---------------------------------
[INFO] 
[INFO] --- maven-clean-plugin:2.5:clean (default-clean) @ CVE-2019-16869 ---
[INFO] Deleting /PoCAdaptation/exploit/result/CVE-2019-16869/4.0.0.CR3/exploit/target
[INFO] 
[INFO] --- maven-resources-plugin:2.6:resources (default-resources) @ CVE-2019-16869 ---
[INFO] Using 'UTF-8' encoding to copy filtered resources.
[INFO] skip non existing resourceDirectory /PoCAdaptation/exploit/result/CVE-2019-16869/4.0.0.CR3/exploit/src/main/resources
[INFO] 
[INFO] --- maven-compiler-plugin:3.1:compile (default-compile) @ CVE-2019-16869 ---
[INFO] No sources to compile
[INFO] 
[INFO] --- maven-resources-plugin:2.6:testResources (default-testResources) @ CVE-2019-16869 ---
[INFO] Using 'UTF-8' encoding to copy filtered resources.
[INFO] skip non existing resourceDirectory /PoCAdaptation/exploit/result/CVE-2019-16869/4.0.0.CR3/exploit/src/test/resources
[INFO] 
[INFO] --- maven-compiler-plugin:3.1:testCompile (default-testCompile) @ CVE-2019-16869 ---
[INFO] Changes detected - recompiling the module!
[INFO] Compiling 1 source file to /PoCAdaptation/exploit/result/CVE-2019-16869/4.0.0.CR3/exploit/target/test-classes
[INFO] -------------------------------------------------------------
[ERROR] COMPILATION ERROR : 
[INFO] -------------------------------------------------------------
[ERROR] /PoCAdaptation/exploit/result/CVE-2019-16869/4.0.0.CR3/exploit/src/test/java/edu/vision/se/Testcase1.java:[16,51] io.netty.channel.embedded.AbstractEmbeddedChannel is abstract; cannot be instantiated
[INFO] 1 error
[INFO] -------------------------------------------------------------
[INFO] ------------------------------------------------------------------------
[INFO] BUILD FAILURE
[INFO] ------------------------------------------------------------------------
[INFO] Total time:  1.007 s
[INFO] Finished at: 2025-07-10T06:29:14Z
[INFO] ------------------------------------------------------------------------
[ERROR] Failed to execute goal org.apache.maven.plugins:maven-compiler-plugin:3.1:testCompile (default-testCompile) on project CVE-2019-16869: Compilation failure
[ERROR] /PoCAdaptation/exploit/result/CVE-2019-16869/4.0.0.CR3/exploit/src/test/java/edu/vision/se/Testcase1.java:[16,51] io.netty.channel.embedded.AbstractEmbeddedChannel is abstract; cannot be instantiated
[ERROR] 
[ERROR] -> [Help 1]
[ERROR] 
[ERROR] To see the full stack trace of the errors, re-run Maven with the -e switch.
[ERROR] Re-run Maven using the -X switch to enable full debug logging.
[ERROR] 
[ERROR] For more information about the errors and possible solutions, please read the following articles:
[ERROR] [Help 1] http://cwiki.apache.org/confluence/display/MAVEN/MojoFailureException


current_pom file is:<?xml version='1.0' encoding='utf-8'?>
<project xmlns="http://maven.apache.org/POM/4.0.0" xmlns:xsi="http://www.w3.org/2001/XMLSchema-instance" xsi:schemaLocation="http://maven.apache.org/POM/4.0.0 https://maven.apache.org/xsd/maven-4.0.0.xsd">
  <groupId>edu.vision.se</groupId><version>1.0-SNAPSHOT</version><modelVersion>4.0.0</modelVersion>
  <artifactId>CVE-2019-16869</artifactId>
  <name>io.netty CVE-2019-16869</name>
   <properties>
    <maven.compiler.target>11</maven.compiler.target>
    <maven.compiler.source>11</maven.compiler.source>
    <project.build.sourceEncoding>UTF-8</project.build.sourceEncoding>
  </properties>
  
  <dependencies>
    <dependency>
      <groupId>io.netty</groupId>
      <artifactId>netty-codec-http</artifactId>
      <version>4.0.0.CR3</version>
    </dependency>


  <dependency><groupId>junit</groupId><artifactId>junit</artifactId><version>4.13.2</version></dependency>
  
  </dependencies>
</project>
[LLMClient] Response: 
test
[96m[Adapter] LLM response for fix position: test[0m
[LLMClient] Tokens used: 168 (prompt), 15 (completion), 183 (total)
[LLMClient] Prompt: 
You are given an error log when executing 'mvn test' in version 4.0.0.CR3: 

Error: io.netty.channel.embedded.AbstractEmbeddedChannel is abstract; cannot be instantiated, None, None 

The test executes as expected in 4.0.0.CR4 

Error code:         AbstractEmbeddedChannel<Object> channel = new AbstractEmbeddedChannel<Object>(Unpooled.messageBuffer(), new HttpRequestDecoder()); 

Extract two key *entities* from the error for searching related diffs 

The extracted entities should reflect code-level identifiers that are likely to appear in source code or diffs. 

Output each node as a `;`-separated list, with no explanations. 


[LLMClient] Response: 
io.netty.channel.embedded.AbstractEmbeddedChannel;HttpRequestDecoder
[96m[ErrorManager] Extracted key entities: ['io.netty.channel.embedded.AbstractEmbeddedChannel', 'HttpRequestDecoder'][0m
[96m[Adapter] Try to solve error: {'file': '/PoCAdaptation/exploit/result/CVE-2019-16869/4.0.0.CR3/exploit/src/test/java/edu/vision/se/Testcase1.java', 'line': 16, 'column': 51, 'message': 'io.netty.channel.embedded.AbstractEmbeddedChannel is abstract; cannot be instantiated', 'symbol': None, 'location': None, 'code_line': '        AbstractEmbeddedChannel<Object> channel = new AbstractEmbeddedChannel<Object>(Unpooled.messageBuffer(), new HttpRequestDecoder());'} with cause: ['io.netty.channel.embedded.AbstractEmbeddedChannel', 'HttpRequestDecoder'][0m
[96m[Adapter] Related diffs for error: [(415, 4.0), (416, 4.0), (419, 4.0), (448, 4.0), (0, 0.0)][0m
[96m[Adapter] Fix position is in test code.[0m
[96m[RepairModule] Start repair for group: io.netty.channel.embedded.AbstractEmbeddedChannel is abstract; cannot be instantiated | cause: ['io.netty.channel.embedded.AbstractEmbeddedChannel', 'HttpRequestDecoder'][0m
[96m[RepairModule] Trying best diff #415 with score 4.00[0m
[LLMClient] Tokens used: 691 (prompt), 281 (completion), 972 (total)
[LLMClient] Prompt: 
You are given a Java test file with compilation errors in version 4.0.0.CR3:io.netty:netty-codec-http.
This test file compiles and runs successfully in 4.0.0.CR4.

The diff is related to the diff.
Your task has three steps:
 1. Locate the code where the compilation error occurs.
 2. Analyze the diff from 4.0.0.CR4 to 4.0.0.CR3.
 3. Fix the error in the error position only when diff is helpful. Add import statement when needed according to the diff. 

Only output the modified version of the test file according to the diff. No explanations. If mocking, access fields via reflection if they exist.
### Compilation Errors:
message: io.netty.channel.embedded.AbstractEmbeddedChannel is abstract; cannot be instantiated, symble: None, location: None

### Error Position:
        AbstractEmbeddedChannel<Object> channel = new AbstractEmbeddedChannel<Object>(Unpooled.messageBuffer(), new HttpRequestDecoder());

### Related Diff:
Operation: MODIFIED, File: codec-http/src/test/java/io/netty/handler/codec/http/HttpInvalidMessageTest.java, Hunk: @@ -32,7 +32,7 @@ public class HttpInvalidMessageTest {

     @Test
     public void testRequestWithBadInitialLine() throws Exception {
+        EmbeddedByteChannel ch = new EmbeddedByteChannel(new HttpRequestDecoder());
-        EmbeddedChannel ch = new EmbeddedChannel(new HttpRequestDecoder());
         ch.writeInbound(Unpooled.copiedBuffer("GET / HTTP/1.0 with extra\r\n", CharsetUtil.UTF_8));
         HttpRequest req = (HttpRequest) ch.readInbound();
         DecoderResult dr = req.getDecoderResult();

### Test File Content:
package edu.vision.se;

import io.netty.buffer.Unpooled;
import io.netty.channel.embedded.AbstractEmbeddedChannel;
import io.netty.handler.codec.http.HttpRequest;
import io.netty.handler.codec.http.HttpRequestDecoder;
import io.netty.util.CharsetUtil;
import org.junit.Test;

import static org.junit.Assert.assertFalse;
import static org.junit.Assert.assertTrue;

public class Testcase1 {
    @Test(timeout = 60000)
    public void testWhitespace() {
        AbstractEmbeddedChannel<Object> channel = new AbstractEmbeddedChannel<Object>(Unpooled.messageBuffer(), new HttpRequestDecoder());
        String requestStr = "GET /some/path HTTP/1.1\r\n" +
                "Transfer-Encoding : chunked\r\n" +
                "Host: netty.io\n\r\n";
        channel.writeInbound(Unpooled.copiedBuffer(requestStr, CharsetUtil.US_ASCII));
        validateReturnValue(channel);
    }

    public void validateReturnValue(AbstractEmbeddedChannel<Object> channel) {
        HttpRequest request = (HttpRequest) channel.readInbound();
        assertTrue(request.getDecoderResult().isFailure());
        assertTrue(request.getDecoderResult().cause() instanceof IllegalArgumentException);
        assertFalse(channel.finish());
    }
}



[LLMClient] Response: 
Here's the modified test file according to the diff:

```java
package edu.vision.se;

import io.netty.buffer.Unpooled;
import io.netty.channel.embedded.EmbeddedByteChannel;
import io.netty.handler.codec.http.HttpRequest;
import io.netty.handler.codec.http.HttpRequestDecoder;
import io.netty.util.CharsetUtil;
import org.junit.Test;

import static org.junit.Assert.assertFalse;
import static org.junit.Assert.assertTrue;

public class Testcase1 {
    @Test(timeout = 60000)
    public void testWhitespace() {
        EmbeddedByteChannel channel = new EmbeddedByteChannel(new HttpRequestDecoder());
        String requestStr = "GET /some/path HTTP/1.1\r\n" +
                "Transfer-Encoding : chunked\r\n" +
                "Host: netty.io\n\r\n";
        channel.writeInbound(Unpooled.copiedBuffer(requestStr, CharsetUtil.US_ASCII));
        validateReturnValue(channel);
    }

    public void validateReturnValue(EmbeddedByteChannel channel) {
        HttpRequest request = (HttpRequest) channel.readInbound();
        assertTrue(request.getDecoderResult().isFailure());
        assertTrue(request.getDecoderResult().cause() instanceof IllegalArgumentException);
        assertFalse(channel.finish());
    }
}
```
[96m[RepairModule] Wrote modified code to /PoCAdaptation/exploit/result/CVE-2019-16869/4.0.0.CR3/exploit/src/test/java/edu/vision/se/Testcase1.java[0m
[96m[Executor] Executing exploit for CVE-2019-16869 on version 4.0.0.CR3...[0m
[96m[Verifier] Verifying reproduction...[0m
[92m[Verifier] âœ“ Behavior matched: 'java.lang.AssertionError'[0m
[92m[Verifier] âœ“ Detail matched: 'org.junit.Assert.fail'[0m
[92m[Verifier] âœ“ All reproduction indicators matched.[0m
[92m[Executor] Reproduction result: Success[0m
[92m[RepairModule] Repair success![0m
[92m[RepairModule] Repair success with best diff![0m
[96m[Adapter] Test code repair attempted.[0m
[96m[Executor] Executing exploit for CVE-2019-16869 on version 4.0.0.CR3...[0m
[96m[Verifier] Verifying reproduction...[0m
[92m[Verifier] âœ“ Behavior matched: 'java.lang.AssertionError'[0m
[92m[Verifier] âœ“ Detail matched: 'org.junit.Assert.fail'[0m
[92m[Verifier] âœ“ All reproduction indicators matched.[0m
[92m[Executor] Reproduction result: Success[0m
[92m[Adapter] Adaptation from 4.0.0.CR4 to 4.0.0.CR3 successful.[0m
[96m[Adapter] Adaptation complete. Retesting exploit on 4.0.0.CR3...[0m
[92m[Executor] Adaptation + reproduction successful on 4.0.0.CR3[0m
[96m[Adapter] Copied successful adaptation to /PoCAdaptation/exploit/valid/CVE-2019-16869/4.0.0.CR3[0m
[96m[Selector] Nearest need adapatation version selected: 4.0.0.CR2[0m
[96m[Selector] Closest reproduced version: 4.0.0.CR3 at index 13[0m
[96m[Adapter] Trying next closest version: 4.0.0.CR2[0m
[96m[Preparer] Using exploit from valid: /PoCAdaptation/exploit/valid/CVE-2019-16869/4.0.0.CR3/exploit[0m
[92m[Preparer] Copied exploit to: /PoCAdaptation/exploit/pending/CVE-2019-16869/4.0.0.CR2/exploit[0m
[96m[Preparer] Updating dependency version to 4.0.0.CR2 in /PoCAdaptation/exploit/pending/CVE-2019-16869/4.0.0.CR2/exploit/pom.xml[0m
[92m[Preparer] Updated dependency version to 4.0.0.CR2 in /PoCAdaptation/exploit/pending/CVE-2019-16869/4.0.0.CR2/exploit/pom.xml[0m
[96m[Executor] Attempting direct exploit execution on 4.0.0.CR2...[0m
[96m[Executor] Executing exploit for CVE-2019-16869 on version 4.0.0.CR2...[0m
[96m[Verifier] Verifying reproduction...[0m
[92m[Verifier] âœ“ Behavior matched: 'java.lang.AssertionError'[0m
[92m[Verifier] âœ“ Detail matched: 'org.junit.Assert.fail'[0m
[92m[Verifier] âœ“ All reproduction indicators matched.[0m
[92m[Executor] Reproduction result: Success[0m
[92m[Executor] Direct reproduction successful on 4.0.0.CR2[0m
[96m[Adapter] Copied successful adaptation to /PoCAdaptation/exploit/valid/CVE-2019-16869/4.0.0.CR2[0m
[96m[Selector] Nearest need adapatation version selected: 4.0.0.CR1[0m
[96m[Selector] Closest reproduced version: 4.0.0.CR2 at index 12[0m
[96m[Adapter] Trying next closest version: 4.0.0.CR1[0m
[96m[Preparer] Using exploit from valid: /PoCAdaptation/exploit/valid/CVE-2019-16869/4.0.0.CR2/exploit[0m
[92m[Preparer] Copied exploit to: /PoCAdaptation/exploit/pending/CVE-2019-16869/4.0.0.CR1/exploit[0m
[96m[Preparer] Updating dependency version to 4.0.0.CR1 in /PoCAdaptation/exploit/pending/CVE-2019-16869/4.0.0.CR1/exploit/pom.xml[0m
[92m[Preparer] Updated dependency version to 4.0.0.CR1 in /PoCAdaptation/exploit/pending/CVE-2019-16869/4.0.0.CR1/exploit/pom.xml[0m
[96m[Executor] Attempting direct exploit execution on 4.0.0.CR1...[0m
[96m[Executor] Executing exploit for CVE-2019-16869 on version 4.0.0.CR1...[0m
[96m[Verifier] Verifying reproduction...[0m
[92m[Verifier] âœ“ Behavior matched: 'java.lang.AssertionError'[0m
[92m[Verifier] âœ“ Detail matched: 'org.junit.Assert.fail'[0m
[92m[Verifier] âœ“ All reproduction indicators matched.[0m
[92m[Executor] Reproduction result: Success[0m
[92m[Executor] Direct reproduction successful on 4.0.0.CR1[0m
[96m[Adapter] Copied successful adaptation to /PoCAdaptation/exploit/valid/CVE-2019-16869/4.0.0.CR1[0m
[96m[Selector] Nearest need adapatation version selected: 4.0.0.Beta3[0m
[96m[Selector] Closest reproduced version: 4.0.0.CR1 at index 11[0m
[96m[Adapter] Trying next closest version: 4.0.0.Beta3[0m
[96m[Preparer] Using exploit from valid: /PoCAdaptation/exploit/valid/CVE-2019-16869/4.0.0.CR1/exploit[0m
[92m[Preparer] Copied exploit to: /PoCAdaptation/exploit/pending/CVE-2019-16869/4.0.0.Beta3/exploit[0m
[96m[Preparer] Updating dependency version to 4.0.0.Beta3 in /PoCAdaptation/exploit/pending/CVE-2019-16869/4.0.0.Beta3/exploit/pom.xml[0m
[92m[Preparer] Updated dependency version to 4.0.0.Beta3 in /PoCAdaptation/exploit/pending/CVE-2019-16869/4.0.0.Beta3/exploit/pom.xml[0m
[96m[Executor] Attempting direct exploit execution on 4.0.0.Beta3...[0m
[96m[Executor] Executing exploit for CVE-2019-16869 on version 4.0.0.Beta3...[0m
[96m[Verifier] Verifying reproduction...[0m
[92m[Verifier] âœ“ Behavior matched: 'java.lang.AssertionError'[0m
[92m[Verifier] âœ“ Detail matched: 'org.junit.Assert.fail'[0m
[92m[Verifier] âœ“ All reproduction indicators matched.[0m
[92m[Executor] Reproduction result: Success[0m
[92m[Executor] Direct reproduction successful on 4.0.0.Beta3[0m
[96m[Adapter] Copied successful adaptation to /PoCAdaptation/exploit/valid/CVE-2019-16869/4.0.0.Beta3[0m
[96m[Selector] Nearest need adapatation version selected: 4.0.0.Beta2[0m
[96m[Selector] Closest reproduced version: 4.0.0.Beta3 at index 10[0m
[96m[Adapter] Trying next closest version: 4.0.0.Beta2[0m
[96m[Preparer] Using exploit from valid: /PoCAdaptation/exploit/valid/CVE-2019-16869/4.0.0.Beta3/exploit[0m
[92m[Preparer] Copied exploit to: /PoCAdaptation/exploit/pending/CVE-2019-16869/4.0.0.Beta2/exploit[0m
[96m[Preparer] Updating dependency version to 4.0.0.Beta2 in /PoCAdaptation/exploit/pending/CVE-2019-16869/4.0.0.Beta2/exploit/pom.xml[0m
[92m[Preparer] Updated dependency version to 4.0.0.Beta2 in /PoCAdaptation/exploit/pending/CVE-2019-16869/4.0.0.Beta2/exploit/pom.xml[0m
[96m[Executor] Attempting direct exploit execution on 4.0.0.Beta2...[0m
[96m[Executor] Executing exploit for CVE-2019-16869 on version 4.0.0.Beta2...[0m
[96m[Verifier] Verifying reproduction...[0m
[92m[Verifier] âœ“ Behavior matched: 'java.lang.AssertionError'[0m
[92m[Verifier] âœ“ Detail matched: 'org.junit.Assert.fail'[0m
[92m[Verifier] âœ“ All reproduction indicators matched.[0m
[92m[Executor] Reproduction result: Success[0m
[92m[Executor] Direct reproduction successful on 4.0.0.Beta2[0m
[96m[Adapter] Copied successful adaptation to /PoCAdaptation/exploit/valid/CVE-2019-16869/4.0.0.Beta2[0m
[96m[Selector] Nearest need adapatation version selected: 4.0.0.Beta1[0m
[96m[Selector] Closest reproduced version: 4.0.0.Beta2 at index 9[0m
[96m[Adapter] Trying next closest version: 4.0.0.Beta1[0m
[96m[Preparer] Using exploit from valid: /PoCAdaptation/exploit/valid/CVE-2019-16869/4.0.0.Beta2/exploit[0m
[92m[Preparer] Copied exploit to: /PoCAdaptation/exploit/pending/CVE-2019-16869/4.0.0.Beta1/exploit[0m
[96m[Preparer] Updating dependency version to 4.0.0.Beta1 in /PoCAdaptation/exploit/pending/CVE-2019-16869/4.0.0.Beta1/exploit/pom.xml[0m
[92m[Preparer] Updated dependency version to 4.0.0.Beta1 in /PoCAdaptation/exploit/pending/CVE-2019-16869/4.0.0.Beta1/exploit/pom.xml[0m
[96m[Executor] Attempting direct exploit execution on 4.0.0.Beta1...[0m
[96m[Executor] Executing exploit for CVE-2019-16869 on version 4.0.0.Beta1...[0m
[96m[Verifier] Verifying reproduction...[0m
[92m[Verifier] âœ“ Behavior matched: 'java.lang.AssertionError'[0m
[92m[Verifier] âœ“ Detail matched: 'org.junit.Assert.fail'[0m
[92m[Verifier] âœ“ All reproduction indicators matched.[0m
[92m[Executor] Reproduction result: Success[0m
[92m[Executor] Direct reproduction successful on 4.0.0.Beta1[0m
[96m[Adapter] Copied successful adaptation to /PoCAdaptation/exploit/valid/CVE-2019-16869/4.0.0.Beta1[0m
[96m[Selector] Nearest need adapatation version selected: 5.0.0.Alpha1[0m
[96m[Selector] Closest reproduced version: 5.0.0.Alpha2 at index 230[0m
[96m[Adapter] Trying next closest version: 5.0.0.Alpha1[0m
[96m[Preparer] Using closest existing exploit version: /PoCAdaptation/exploit/valid/CVE-2019-16869/4.0.56.Final/exploit[0m
[92m[Preparer] Copied exploit to: /PoCAdaptation/exploit/pending/CVE-2019-16869/5.0.0.Alpha1/exploit[0m
[96m[Preparer] Updating dependency version to 5.0.0.Alpha1 in /PoCAdaptation/exploit/pending/CVE-2019-16869/5.0.0.Alpha1/exploit/pom.xml[0m
[92m[Preparer] Updated dependency version to 5.0.0.Alpha1 in /PoCAdaptation/exploit/pending/CVE-2019-16869/5.0.0.Alpha1/exploit/pom.xml[0m
[96m[Executor] Attempting direct exploit execution on 5.0.0.Alpha1...[0m
[96m[Executor] Executing exploit for CVE-2019-16869 on version 5.0.0.Alpha1...[0m
[96m[Verifier] Verifying reproduction...[0m
[92m[Verifier] âœ“ Behavior matched: 'java.lang.AssertionError'[0m
[92m[Verifier] âœ“ Detail matched: 'org.junit.Assert.fail'[0m
[92m[Verifier] âœ“ All reproduction indicators matched.[0m
[92m[Executor] Reproduction result: Success[0m
[92m[Executor] Direct reproduction successful on 5.0.0.Alpha1[0m
[96m[Adapter] Copied successful adaptation to /PoCAdaptation/exploit/valid/CVE-2019-16869/5.0.0.Alpha1[0m
[93m[Selector] No pending versions available.[0m
[91m[Main] No suitable version found for further adaptation. Stopping.[0m
[1m[Main] === Adaptation process complete ===[0m
[92m[Main] Total reproduced versions: 131[0m
