[1m[Main] === Starting adaptation process for CVE-2013-6430 ===[0m
[96m[Processor] Fetching all available Maven versions...[0m
[96m[Analyzer] Loading cached versions from: /PoCAdaptation/library/org_springframework_spring-web.txt[0m
[96m[Analyzer] org.springframework:spring-web has 306 versions (cached).[0m
[96m[Processor] Identifying versions with successful reproduction...[0m
[96m[Processor] Pending versions: ['1.2.1', '1.2.2', '1.2.3', '1.2.4'][0m
[96m[Preparer] Pending directory already exists: /PoCAdaptation/exploit/pending/CVE-2013-6430[0m
[92m[Main] Total affected versions: 53[0m
[92m[Main] Already reproduced versions: 49[0m
[93m[Main] Versions pending adaptation: 4[0m
[96m[Main]     -> ['1.2.1', '1.2.2', '1.2.3', '1.2.4'][0m
[96m[Main]     -> ['1.1.1', '1.1.2', '1.1.3', '1.1.4', '1.1.5', '1.2-rc1', '1.2-rc2', '1.2', '1.2.5', '1.2.6', '1.2.7', '1.2.8', '1.2.9', '2.0-m1', '2.0-m2', '2.0', '2.0.1', '2.0.2', '2.0.3', '2.0.4', '2.0.5', '2.0.6', '2.0.7', '2.0.8', '2.5', '2.5.1', '2.5.2', '2.5.3', '2.5.4', '2.5.5', '2.5.6', '2.5.6.SEC01', '2.5.6.SEC02', '2.5.6.SEC03', '3.0.0.RELEASE', '3.0.1.RELEASE', '3.0.2.RELEASE', '3.0.3.RELEASE', '3.0.4.RELEASE', '3.0.5.RELEASE', '3.0.6.RELEASE', '3.0.7.RELEASE', '3.1.0.RELEASE', '3.1.1.RELEASE', '3.1.2.RELEASE', '3.1.3.RELEASE', '3.1.4.RELEASE', '3.2.0.RELEASE', '3.2.1.RELEASE'][0m
[96m[Executor] Running initial exploit mvn test in /PoCAdaptation/exploit/origin/CVE-2013-6430/exploit[0m
[91m[Executor] Initial exploit execution finished with return code 1[0m
[96m[Verifier] Verifying reproduction...[0m
[92m[Verifier] âœ“ Behavior matched: 'org.junit.ComparisonFailure'[0m
[92m[Verifier] âœ“ Detail matched: '<[<>]>'[0m
[92m[Verifier] âœ“ All reproduction indicators matched.[0m
[92m[Verifier] Initial exploit behavior verified successfully.[0m
[96m[Selector] Nearest need adapatation version selected: 1.2.1[0m
[96m[Selector] Closest reproduced version: 1.2 at index 13[0m
[96m[Adapter] Trying next closest version: 1.2.1[0m
[96m[Preparer] Using closest existing exploit version: /PoCAdaptation/exploit/valid/CVE-2013-6430/1.2.1/exploit[0m
[92m[Preparer] Copied exploit to: /PoCAdaptation/exploit/pending/CVE-2013-6430/1.2.1/exploit[0m
[96m[Preparer] Updating dependency version to 1.2.1 in /PoCAdaptation/exploit/pending/CVE-2013-6430/1.2.1/exploit/pom.xml[0m
[92m[Preparer] Updated dependency version to 1.2.1 in /PoCAdaptation/exploit/pending/CVE-2013-6430/1.2.1/exploit/pom.xml[0m
[96m[Executor] Attempting direct exploit execution on 1.2.1...[0m
[96m[Executor] Executing exploit for CVE-2013-6430 on version 1.2.1...[0m
[96m[Verifier] Verifying reproduction...[0m
[91m[Verifier] âœ— Behavior not found: 'org.junit.ComparisonFailure'[0m
[91m[Executor] Reproduction result: Failure[0m
[96m[Adapter] Attempting adaptation from base version 1.2 to 1.2.1...[0m
[96m[Adapter] Start adapting exploit from 1.2 to 1.2.1"[0m
[91m[DiffManager] Diff file not found: /PoCAdaptation/library/diff/CVE-2013-6430/1.2.1-1.2.diff[0m
[96m[Executor] Executing exploit for CVE-2013-6430 on version 1.2.1...[0m
[96m[Verifier] Verifying reproduction...[0m
[91m[Verifier] âœ— Behavior not found: 'org.junit.ComparisonFailure'[0m
[91m[Executor] Reproduction result: Failure[0m
[92m[ErrorManager] Processing line: [ERROR] Failed to execute goal on project CVE-2013-6430: Could not resolve dependencies for project edu.vision.se:CVE-2013-6430:jar:1.0-SNAPSHOT: Could not find artifact javax.faces:jsf-api:jar:1.1 in aliyunmaven (https://maven.aliyun.com/repository/public) -> [Help 1][0m
[96m[ErrorManager] Ignoring line: [ERROR][0m
[96m[ErrorManager] Ignoring line: [ERROR] To see the full stack trace of the errors, re-run Maven with the -e switch.[0m
[96m[ErrorManager] Ignoring line: [ERROR] Re-run Maven using the -X switch to enable full debug logging.[0m
[96m[ErrorManager] Ignoring line: [ERROR][0m
[96m[ErrorManager] Ignoring line: [ERROR] For more information about the errors and possible solutions, please read the following articles:[0m
[96m[ErrorManager] Ignoring line: [ERROR] [Help 1] http://cwiki.apache.org/confluence/display/MAVEN/DependencyResolutionException[0m
[91m[ErrorManager] Failed to read file UNKNOWN: [Errno 2] No such file or directory: 'UNKNOWN'[0m
[96m[Adapter] Locating fix position in error log.[0m
[LLMClient] Tokens used: 847 (prompt), 2 (completion), 849 (total)
[LLMClient] Prompt: 
You are given a Java error log when executing 'mvn test' in a project with dependency version 1.2.1:org.springframework:spring-web.
This test file compiles and runs successfully with version 1.2.

Your task is to:
1. Analyze why this issue occurs with the *1.2* but not with the *1.2.1 version*.
2. Consider how to resolve the issue **without updating this library**.
3. Determine and output the location in the project that should be modified to fix the problem.

Please return 'pom' if the fix is in the pom.xml file, or 'test' if the fix is in the test code.
Do not return any other text, just 'pom' or 'test'.

The error log is:
[INFO] Scanning for projects...
[INFO] 
[INFO] --------------------< edu.vision.se:CVE-2013-6430 >---------------------
[INFO] Building CVE-2013-6430 1.0-SNAPSHOT
[INFO]   from pom.xml
[INFO] --------------------------------[ jar ]---------------------------------
Downloading from aliyunmaven: https://maven.aliyun.com/repository/public/javax/faces/jsf-api/1.1/jsf-api-1.1.jar
[INFO] ------------------------------------------------------------------------
[INFO] BUILD FAILURE
[INFO] ------------------------------------------------------------------------
[INFO] Total time:  0.694 s
[INFO] Finished at: 2025-07-11T08:07:00Z
[INFO] ------------------------------------------------------------------------
[ERROR] Failed to execute goal on project CVE-2013-6430: Could not resolve dependencies for project edu.vision.se:CVE-2013-6430:jar:1.0-SNAPSHOT: Could not find artifact javax.faces:jsf-api:jar:1.1 in aliyunmaven (https://maven.aliyun.com/repository/public) -> [Help 1]
[ERROR] 
[ERROR] To see the full stack trace of the errors, re-run Maven with the -e switch.
[ERROR] Re-run Maven using the -X switch to enable full debug logging.
[ERROR] 
[ERROR] For more information about the errors and possible solutions, please read the following articles:
[ERROR] [Help 1] http://cwiki.apache.org/confluence/display/MAVEN/DependencyResolutionException


current_pom file is:<?xml version='1.0' encoding='utf-8'?>
<project xmlns="http://maven.apache.org/POM/4.0.0" xmlns:xsi="http://www.w3.org/2001/XMLSchema-instance" xsi:schemaLocation="http://maven.apache.org/POM/4.0.0 https://maven.apache.org/xsd/maven-4.0.0.xsd">
  <modelVersion>4.0.0</modelVersion>
  <groupId>edu.vision.se</groupId>
  <artifactId>CVE-2013-6430</artifactId>
  <version>1.0-SNAPSHOT</version>
  <properties>
    <maven.compiler.target>11</maven.compiler.target>
    <maven.compiler.source>11</maven.compiler.source>
  </properties>
  <dependencies>
    <dependency>
      <groupId>org.springframework</groupId>
      <artifactId>spring-web</artifactId>
      <version>1.2.1</version>
    </dependency>
  <dependency><groupId>junit</groupId><artifactId>junit</artifactId><version>4.13.2</version></dependency>
  </dependencies>
  <repositories>
  <repository>
    <id>central</id>
    <url>https://repo.maven.apache.org/maven2</url>
  </repository>
</repositories>
</project>
[LLMClient] Response: 
pom
[96m[Adapter] LLM response for fix position: pom[0m
[96m[Adapter] Fix position is in pom.xml.[0m
[LLMClient] Tokens used: 200 (prompt), 21 (completion), 221 (total)
[LLMClient] Prompt: 
You are given an error log when executing 'mvn test' in version 1.2.1: 

Error: Failed to execute goal on project CVE-2013-6430: Could not resolve dependencies for project edu.vision.se:CVE-2013-6430:jar:1.0-SNAPSHOT: Could not find artifact javax.faces:jsf-api:jar:1.1 in aliyunmaven (https://maven.aliyun.com/repository/public) -> [Help 1], None, None 

The test executes as expected in 1.2 

Error code: None 

Extract two key *entities* from the error for searching related diffs 

The extracted entities should reflect code-level identifiers that are likely to appear in source code or diffs. 

Output each node as a `;`-separated list, with no explanations. 


[LLMClient] Response: 
javax.faces:jsf-api;edu.vision.se:CVE-2013-6430
[96m[ErrorManager] Extracted key entities: ['javax.faces:jsf-api', 'edu.vision.se:CVE-2013-6430'][0m
[96m[RepairModule] Start repair[0m
[96m[RepairModule] Iteration 1, temperature 1.000: Trying diff #None with score 0.00[0m
[LLMClient] Tokens used: 803 (prompt), 144 (completion), 947 (total)
[LLMClient] Prompt: 
You are given an error when executing test in in 1.2.1:org.springframework:spring-web
This test file compiles and runs successfully in 1.2.

Related diff is None

You are NOT allowed to change the version of the dependency org.springframework:spring-web.
Your task is to solve the problem by changing the pom file of the project
Current pom file is <?xml version='1.0' encoding='utf-8'?>
<project xmlns="http://maven.apache.org/POM/4.0.0" xmlns:xsi="http://www.w3.org/2001/XMLSchema-instance" xsi:schemaLocation="http://maven.apache.org/POM/4.0.0 https://maven.apache.org/xsd/maven-4.0.0.xsd">
  <modelVersion>4.0.0</modelVersion>
  <groupId>edu.vision.se</groupId>
  <artifactId>CVE-2013-6430</artifactId>
  <version>1.0-SNAPSHOT</version>
  <properties>
    <maven.compiler.target>11</maven.compiler.target>
    <maven.compiler.source>11</maven.compiler.source>
  </properties>
  <dependencies>
    <dependency>
      <groupId>org.springframework</groupId>
      <artifactId>spring-web</artifactId>
      <version>1.2.1</version>
    </dependency>
  <dependency><groupId>junit</groupId><artifactId>junit</artifactId><version>4.13.2</version></dependency>
  </dependencies>
  <repositories>
  <repository>
    <id>central</id>
    <url>https://repo.maven.apache.org/maven2</url>
  </repository>
</repositories>
</project>
Your task is 1. Analyze the cause of the errors 2. Decide fix position of the pom file according to the cause 3. Output only the updated partion of pom.xml entries without explanation

### Compilation Errors:
[INFO] Scanning for projects...
[INFO] 
[INFO] --------------------< edu.vision.se:CVE-2013-6430 >---------------------
[INFO] Building CVE-2013-6430 1.0-SNAPSHOT
[INFO]   from pom.xml
[INFO] --------------------------------[ jar ]---------------------------------
Downloading from aliyunmaven: https://maven.aliyun.com/repository/public/javax/faces/jsf-api/1.1/jsf-api-1.1.jar
[INFO] ------------------------------------------------------------------------
[INFO] BUILD FAILURE
[INFO] ------------------------------------------------------------------------
[INFO] Total time:  0.694 s
[INFO] Finished at: 2025-07-11T08:07:00Z
[INFO] ------------------------------------------------------------------------
[ERROR] Failed to execute goal on project CVE-2013-6430: Could not resolve dependencies for project edu.vision.se:CVE-2013-6430:jar:1.0-SNAPSHOT: Could not find artifact javax.faces:jsf-api:jar:1.1 in aliyunmaven (https://maven.aliyun.com/repository/public) -> [Help 1]
[ERROR] 
[ERROR] To see the full stack trace of the errors, re-run Maven with the -e switch.
[ERROR] Re-run Maven using the -X switch to enable full debug logging.
[ERROR] 
[ERROR] For more information about the errors and possible solutions, please read the following articles:
[ERROR] [Help 1] http://cwiki.apache.org/confluence/display/MAVEN/DependencyResolutionException


[LLMClient] Response: 
Based on the error message, the build is failing because it cannot find the `javax.faces:jsf-api:1.1` dependency which is likely a transitive dependency of `spring-web:1.2.1`. Here's the updated portion of the pom.xml to add the missing repository that contains this artifact:

```xml
<repositories>
  <repository>
    <id>central</id>
    <url>https://repo.maven.apache.org/maven2</url>
  </repository>
  <repository>
    <id>java.net</id>
    <url>https://download.java.net/maven/2</url>
  </repository>
</repositories>
```
[Adapter] ~ Updating existing tag <repositories> in pom.xml
[Adapter] âœ“ pom.xml successfully updated.
[96m[Executor] Executing exploit for CVE-2013-6430 on version 1.2.1...[0m
[96m[Verifier] Verifying reproduction...[0m
[91m[Verifier] âœ— Behavior not found: 'org.junit.ComparisonFailure'[0m
[91m[Executor] Reproduction result: Failure[0m
[LLMClient] Tokens used: 876 (prompt), 303 (completion), 1179 (total)
[LLMClient] Prompt: 
You are given an error when executing test in in 1.2.1:org.springframework:spring-web
This test file compiles and runs successfully in 1.2.

You are NOT allowed to change the version of the dependency org.springframework:spring-web.
Your task is to solve the problem by changing the pom file of the project. You can update other library to any versions
Current pom file is <?xml version='1.0' encoding='utf-8'?>
<project xmlns="http://maven.apache.org/POM/4.0.0" xmlns:xsi="http://www.w3.org/2001/XMLSchema-instance" xsi:schemaLocation="http://maven.apache.org/POM/4.0.0 https://maven.apache.org/xsd/maven-4.0.0.xsd">
  <modelVersion>4.0.0</modelVersion>
  <groupId>edu.vision.se</groupId>
  <artifactId>CVE-2013-6430</artifactId>
  <version>1.0-SNAPSHOT</version>
  <properties>
    <maven.compiler.target>11</maven.compiler.target>
    <maven.compiler.source>11</maven.compiler.source>
  </properties>
  <dependencies>
    <dependency>
      <groupId>org.springframework</groupId>
      <artifactId>spring-web</artifactId>
      <version>1.2.1</version>
    </dependency>
  <dependency><groupId>junit</groupId><artifactId>junit</artifactId><version>4.13.2</version></dependency>
  </dependencies>
  <repositories>
  <repository>
    <id>central</id>
    <url>https://repo.maven.apache.org/maven2</url>
  </repository>
  <repository>
    <id>java.net</id>
    <url>https://download.java.net/maven/2</url>
  </repository>
</repositories>
</project>
Your task is 1. Analyze the cause of the errors 2. Decide fix position of the pom file according to the cause 3. Output only the updated partion of pom.xml entries without explanation

### Compilation Errors:
[INFO] Scanning for projects...
[INFO] 
[INFO] --------------------< edu.vision.se:CVE-2013-6430 >---------------------
[INFO] Building CVE-2013-6430 1.0-SNAPSHOT
[INFO]   from pom.xml
[INFO] --------------------------------[ jar ]---------------------------------
Downloading from aliyunmaven: https://maven.aliyun.com/repository/public/javax/faces/jsf-api/1.1/jsf-api-1.1.jar
Downloading from java.net: https://download.java.net/maven/2/javax/faces/jsf-api/1.1/jsf-api-1.1.jar
[INFO] ------------------------------------------------------------------------
[INFO] BUILD FAILURE
[INFO] ------------------------------------------------------------------------
[INFO] Total time:  2.521 s
[INFO] Finished at: 2025-07-11T08:07:23Z
[INFO] ------------------------------------------------------------------------
[ERROR] Failed to execute goal on project CVE-2013-6430: Could not resolve dependencies for project edu.vision.se:CVE-2013-6430:jar:1.0-SNAPSHOT: Could not find artifact javax.faces:jsf-api:jar:1.1 in aliyunmaven (https://maven.aliyun.com/repository/public) -> [Help 1]
[ERROR] 
[ERROR] To see the full stack trace of the errors, re-run Maven with the -e switch.
[ERROR] Re-run Maven using the -X switch to enable full debug logging.
[ERROR] 
[ERROR] For more information about the errors and possible solutions, please read the following articles:
[ERROR] [Help 1] http://cwiki.apache.org/confluence/display/MAVEN/DependencyResolutionException


[LLMClient] Response: 
Based on the error message, the build is failing because it cannot find the `javax.faces:jsf-api:1.1` dependency which is likely a transitive dependency of spring-web 1.2.1. Here's the updated portion of the pom.xml to fix this issue:

```xml
<dependencies>
  <dependency>
    <groupId>org.springframework</groupId>
    <artifactId>spring-web</artifactId>
    <version>1.2.1</version>
  </dependency>
  <dependency>
    <groupId>javax.faces</groupId>
    <artifactId>jsf-api</artifactId>
    <version>1.1_02</version>
  </dependency>
  <dependency>
    <groupId>junit</groupId>
    <artifactId>junit</artifactId>
    <version>4.13.2</version>
  </dependency>
</dependencies>
<repositories>
  <repository>
    <id>central</id>
    <url>https://repo.maven.apache.org/maven2</url>
  </repository>
  <repository>
    <id>java.net</id>
    <url>https://download.java.net/maven/2</url>
  </repository>
  <repository>
    <id>jboss-releases</id>
    <url>https://repository.jboss.org/nexus/content/repositories/releases</url>
  </repository>
</repositories>
```
[Adapter] ~ Updating version of org.springframework:spring-web to 1.2.1
[Adapter] + Adding new dependency javax.faces:jsf-api:1.1_02
[Adapter] ~ Updating version of junit:junit to 4.13.2
[Adapter] ~ Updating existing tag <repositories> in pom.xml
[Adapter] âœ“ pom.xml successfully updated.
[96m[Executor] Executing exploit for CVE-2013-6430 on version 1.2.1...[0m
[96m[Verifier] Verifying reproduction...[0m
[92m[Verifier] âœ“ Behavior matched: 'org.junit.ComparisonFailure'[0m
[92m[Verifier] âœ“ Detail matched: '<[<>]>'[0m
[92m[Verifier] âœ“ All reproduction indicators matched.[0m
[92m[Executor] Reproduction result: Success[0m
[96m[Executor] Executing exploit for CVE-2013-6430 on version 1.2.1...[0m
[96m[Verifier] Verifying reproduction...[0m
[92m[Verifier] âœ“ Behavior matched: 'org.junit.ComparisonFailure'[0m
[92m[Verifier] âœ“ Detail matched: '<[<>]>'[0m
[92m[Verifier] âœ“ All reproduction indicators matched.[0m
[92m[Executor] Reproduction result: Success[0m
[Adapt] âœ“ Completed: True
[96m[Adapter] Adaptation complete. Retesting exploit on 1.2.1...[0m
[92m[Executor] Adaptation + reproduction successful on 1.2.1[0m
[96m[Adapter] Copied successful adaptation to /PoCAdaptation/exploit/valid/CVE-2013-6430/1.2.1[0m
[96m[Selector] Nearest need adapatation version selected: 1.2.2[0m
[96m[Selector] Closest reproduced version: 1.2.1 at index 14[0m
[96m[Adapter] Trying next closest version: 1.2.2[0m
[96m[Preparer] Using exploit from valid: /PoCAdaptation/exploit/valid/CVE-2013-6430/1.2.1/exploit[0m
[92m[Preparer] Copied exploit to: /PoCAdaptation/exploit/pending/CVE-2013-6430/1.2.2/exploit[0m
[96m[Preparer] Updating dependency version to 1.2.2 in /PoCAdaptation/exploit/pending/CVE-2013-6430/1.2.2/exploit/pom.xml[0m
[92m[Preparer] Updated dependency version to 1.2.2 in /PoCAdaptation/exploit/pending/CVE-2013-6430/1.2.2/exploit/pom.xml[0m
[96m[Executor] Attempting direct exploit execution on 1.2.2...[0m
[96m[Executor] Executing exploit for CVE-2013-6430 on version 1.2.2...[0m
[96m[Verifier] Verifying reproduction...[0m
[92m[Verifier] âœ“ Behavior matched: 'org.junit.ComparisonFailure'[0m
[92m[Verifier] âœ“ Detail matched: '<[<>]>'[0m
[92m[Verifier] âœ“ All reproduction indicators matched.[0m
[92m[Executor] Reproduction result: Success[0m
[92m[Executor] Direct reproduction successful on 1.2.2[0m
[96m[Adapter] Copied successful adaptation to /PoCAdaptation/exploit/valid/CVE-2013-6430/1.2.2[0m
[96m[Selector] Nearest need adapatation version selected: 1.2.3[0m
[96m[Selector] Closest reproduced version: 1.2.2 at index 15[0m
[96m[Adapter] Trying next closest version: 1.2.3[0m
[96m[Preparer] Using exploit from valid: /PoCAdaptation/exploit/valid/CVE-2013-6430/1.2.2/exploit[0m
[92m[Preparer] Copied exploit to: /PoCAdaptation/exploit/pending/CVE-2013-6430/1.2.3/exploit[0m
[96m[Preparer] Updating dependency version to 1.2.3 in /PoCAdaptation/exploit/pending/CVE-2013-6430/1.2.3/exploit/pom.xml[0m
[92m[Preparer] Updated dependency version to 1.2.3 in /PoCAdaptation/exploit/pending/CVE-2013-6430/1.2.3/exploit/pom.xml[0m
[96m[Executor] Attempting direct exploit execution on 1.2.3...[0m
[96m[Executor] Executing exploit for CVE-2013-6430 on version 1.2.3...[0m
[96m[Verifier] Verifying reproduction...[0m
[92m[Verifier] âœ“ Behavior matched: 'org.junit.ComparisonFailure'[0m
[92m[Verifier] âœ“ Detail matched: '<[<>]>'[0m
[92m[Verifier] âœ“ All reproduction indicators matched.[0m
[92m[Executor] Reproduction result: Success[0m
[92m[Executor] Direct reproduction successful on 1.2.3[0m
[96m[Adapter] Copied successful adaptation to /PoCAdaptation/exploit/valid/CVE-2013-6430/1.2.3[0m
[96m[Selector] Nearest need adapatation version selected: 1.2.4[0m
[96m[Selector] Closest reproduced version: 1.2.3 at index 16[0m
[96m[Adapter] Trying next closest version: 1.2.4[0m
[96m[Preparer] Using exploit from valid: /PoCAdaptation/exploit/valid/CVE-2013-6430/1.2.3/exploit[0m
[92m[Preparer] Copied exploit to: /PoCAdaptation/exploit/pending/CVE-2013-6430/1.2.4/exploit[0m
[96m[Preparer] Updating dependency version to 1.2.4 in /PoCAdaptation/exploit/pending/CVE-2013-6430/1.2.4/exploit/pom.xml[0m
[92m[Preparer] Updated dependency version to 1.2.4 in /PoCAdaptation/exploit/pending/CVE-2013-6430/1.2.4/exploit/pom.xml[0m
[96m[Executor] Attempting direct exploit execution on 1.2.4...[0m
[96m[Executor] Executing exploit for CVE-2013-6430 on version 1.2.4...[0m
[96m[Verifier] Verifying reproduction...[0m
[92m[Verifier] âœ“ Behavior matched: 'org.junit.ComparisonFailure'[0m
[92m[Verifier] âœ“ Detail matched: '<[<>]>'[0m
[92m[Verifier] âœ“ All reproduction indicators matched.[0m
[92m[Executor] Reproduction result: Success[0m
[92m[Executor] Direct reproduction successful on 1.2.4[0m
[96m[Adapter] Copied successful adaptation to /PoCAdaptation/exploit/valid/CVE-2013-6430/1.2.4[0m
[93m[Selector] No pending versions available.[0m
[91m[Main] No suitable version found for further adaptation. Stopping.[0m
[1m[Main] === Adaptation process complete ===[0m
[92m[Main] Total reproduced versions: 53[0m
