[1m[Main] === Starting adaptation process for CVE-2014-3625 ===[0m
[96m[Processor] Fetching all available Maven versions...[0m
[96m[Analyzer] Loading cached versions from: /PoCAdaptation/library/org_springframework_spring-webmvc.txt[0m
[96m[Analyzer] org.springframework:spring-webmvc has 306 versions (cached).[0m
[96m[Processor] Identifying versions with successful reproduction...[0m
[96m[Processor] Pending versions: ['3.2.1.RELEASE'][0m
[96m[Preparer] Pending directory already exists: /PoCAdaptation/exploit/pending/CVE-2014-3625[0m
[92m[Main] Total affected versions: 30[0m
[92m[Main] Already reproduced versions: 29[0m
[93m[Main] Versions pending adaptation: 1[0m
[96m[Main]     -> ['3.2.1.RELEASE'][0m
[96m[Main]     -> ['3.0.5.RELEASE', '3.0.6.RELEASE', '3.0.7.RELEASE', '3.1.0.RELEASE', '3.1.1.RELEASE', '3.1.2.RELEASE', '3.1.3.RELEASE', '3.1.4.RELEASE', '3.2.0.RELEASE', '3.2.2.RELEASE', '3.2.3.RELEASE', '3.2.4.RELEASE', '3.2.5.RELEASE', '3.2.6.RELEASE', '3.2.7.RELEASE', '3.2.8.RELEASE', '3.2.9.RELEASE', '3.2.10.RELEASE', '3.2.11.RELEASE', '4.0.0.RELEASE', '4.0.1.RELEASE', '4.0.2.RELEASE', '4.0.3.RELEASE', '4.0.4.RELEASE', '4.0.5.RELEASE', '4.0.6.RELEASE', '4.0.7.RELEASE', '4.1.0.RELEASE', '4.1.1.RELEASE'][0m
[96m[Executor] Running initial exploit mvn test in /PoCAdaptation/exploit/origin/CVE-2014-3625/exploit[0m
[91m[Executor] Initial exploit execution finished with return code 1[0m
[96m[Verifier] Verifying reproduction...[0m
[92m[Verifier] âœ“ Behavior matched: 'java.lang.AssertionError'[0m
[92m[Verifier] âœ“ Detail matched: '200'[0m
[92m[Verifier] âœ“ All reproduction indicators matched.[0m
[92m[Verifier] Initial exploit behavior verified successfully.[0m
[96m[Selector] Nearest need adapatation version selected: 3.2.1.RELEASE[0m
[96m[Selector] Closest reproduced version: 3.2.0.RELEASE at index 57[0m
[96m[Adapter] Trying next closest version: 3.2.1.RELEASE[0m
[96m[Preparer] Using exploit from origin: /PoCAdaptation/exploit/origin/CVE-2014-3625/exploit[0m
[92m[Preparer] Copied exploit to: /PoCAdaptation/exploit/pending/CVE-2014-3625/3.2.1.RELEASE/exploit[0m
[96m[Preparer] Updating dependency version to 3.2.1.RELEASE in /PoCAdaptation/exploit/pending/CVE-2014-3625/3.2.1.RELEASE/exploit/pom.xml[0m
[92m[Preparer] Updated dependency version to 3.2.1.RELEASE in /PoCAdaptation/exploit/pending/CVE-2014-3625/3.2.1.RELEASE/exploit/pom.xml[0m
[96m[Executor] Attempting direct exploit execution on 3.2.1.RELEASE...[0m
[96m[Executor] Executing exploit for CVE-2014-3625 on version 3.2.1.RELEASE...[0m
[96m[Verifier] Verifying reproduction...[0m
[91m[Verifier] âœ— Behavior not found: 'java.lang.AssertionError'[0m
[91m[Executor] Reproduction result: Failure[0m
[96m[Adapter] Attempting adaptation from base version 3.2.0.RELEASE to 3.2.1.RELEASE...[0m
[96m[Adapter] Start adapting exploit from 3.2.0.RELEASE to 3.2.1.RELEASE"[0m
[96m[Executor] Executing exploit for CVE-2014-3625 on version 3.2.1.RELEASE...[0m
[96m[Verifier] Verifying reproduction...[0m
[91m[Verifier] âœ— Behavior not found: 'java.lang.AssertionError'[0m
[91m[Executor] Reproduction result: Failure[0m
[96m[ErrorManager] Ignoring line: [ERROR] Failed to execute goal org.apache.maven.plugins:maven-compiler-plugin:3.1:testCompile (default-testCompile) on project CVE-2014-3625: Compilation failure: Compilation failure:[0m
[92m[ErrorManager] Processing line: [ERROR] /PoCAdaptation/exploit/result/CVE-2014-3625/3.2.1.RELEASE/exploit/src/test/java/edu/vision/se/Testcase1.java:[30,16] cannot access org.springframework.web.HttpRequestHandler[0m
[92m[ErrorManager] Processing line: [ERROR]   class file for org.springframework.web.HttpRequestHandler not found[0m
[92m[ErrorManager] Processing line: [ERROR] /PoCAdaptation/exploit/result/CVE-2014-3625/3.2.1.RELEASE/exploit/src/test/java/edu/vision/se/Testcase1.java:[31,16] cannot access org.springframework.web.context.support.WebApplicationObjectSupport[0m
[92m[ErrorManager] Processing line: [ERROR]   class file for org.springframework.web.context.support.WebApplicationObjectSupport not found[0m
[92m[ErrorManager] Processing line: [ERROR] /PoCAdaptation/exploit/result/CVE-2014-3625/3.2.1.RELEASE/exploit/src/test/java/edu/vision/se/Testcase1.java:[32,16] cannot find symbol[0m
[92m[ErrorManager] Processing line: [ERROR]   symbol:   method setServletContext(edu.vision.se.Testcase1.TestServletContext)[0m
[92m[ErrorManager] Processing line: [ERROR]   location: variable handler of type org.springframework.web.servlet.resource.ResourceHttpRequestHandler[0m
[96m[ErrorManager] Ignoring line: [ERROR] -> [Help 1][0m
[96m[ErrorManager] Ignoring line: [ERROR][0m
[96m[ErrorManager] Ignoring line: [ERROR] To see the full stack trace of the errors, re-run Maven with the -e switch.[0m
[96m[ErrorManager] Ignoring line: [ERROR] Re-run Maven using the -X switch to enable full debug logging.[0m
[96m[ErrorManager] Ignoring line: [ERROR][0m
[96m[ErrorManager] Ignoring line: [ERROR] For more information about the errors and possible solutions, please read the following articles:[0m
[96m[ErrorManager] Ignoring line: [ERROR] [Help 1] http://cwiki.apache.org/confluence/display/MAVEN/MojoFailureException[0m
[96m[Adapter] Locating fix position in error log.[0m
[LLMClient] Tokens used: 2083 (prompt), 2 (completion), 2085 (total)
[LLMClient] Prompt: 
You are given a Java error log when executing 'mvn test' in a project with dependency version 3.2.1.RELEASE:org.springframework:spring-webmvc.
This test file compiles and runs successfully with version 3.2.0.RELEASE.

Your task is to:
1. Analyze why this issue occurs with the *3.2.0.RELEASE* but not with the *3.2.1.RELEASE version*.
2. Consider how to resolve the issue **without updating this library**.
3. Determine and output the location in the project that should be modified to fix the problem.

Please return 'pom' if the fix is in the pom.xml file, or 'test' if the fix is in the test code.
Do not return any other text, just 'pom' or 'test'.

The error log is:
[INFO] Scanning for projects...
[WARNING] 
[WARNING] Some problems were encountered while building the effective model for edu.vision.se:CVE-2014-3625:jar:1.0-SNAPSHOT
[WARNING] 'dependencies.dependency.(groupId:artifactId:type:classifier)' must be unique: junit:junit:jar -> duplicate declaration of version 4.13.2 @ line 39, column 121
[WARNING] 'dependencies.dependency.(groupId:artifactId:type:classifier)' must be unique: junit:junit:jar -> duplicate declaration of version 4.13.2 @ line 39, column 225
[WARNING] 
[WARNING] It is highly recommended to fix these problems because they threaten the stability of your build.
[WARNING] 
[WARNING] For this reason, future Maven versions might no longer support building such malformed projects.
[WARNING] 
[INFO] 
[INFO] --------------------< edu.vision.se:CVE-2014-3625 >---------------------
[INFO] Building CVE-2014-3625 1.0-SNAPSHOT
[INFO]   from pom.xml
[INFO] --------------------------------[ jar ]---------------------------------
[INFO] 
[INFO] --- maven-clean-plugin:2.5:clean (default-clean) @ CVE-2014-3625 ---
[INFO] Deleting /PoCAdaptation/exploit/result/CVE-2014-3625/3.2.1.RELEASE/exploit/target
[INFO] 
[INFO] --- maven-resources-plugin:2.6:resources (default-resources) @ CVE-2014-3625 ---
[WARNING] Using platform encoding (UTF-8 actually) to copy filtered resources, i.e. build is platform dependent!
[INFO] skip non existing resourceDirectory /PoCAdaptation/exploit/result/CVE-2014-3625/3.2.1.RELEASE/exploit/src/main/resources
[INFO] 
[INFO] --- maven-compiler-plugin:3.1:compile (default-compile) @ CVE-2014-3625 ---
[INFO] No sources to compile
[INFO] 
[INFO] --- maven-resources-plugin:2.6:testResources (default-testResources) @ CVE-2014-3625 ---
[WARNING] Using platform encoding (UTF-8 actually) to copy filtered resources, i.e. build is platform dependent!
[INFO] Copying 13 resources
[INFO] 
[INFO] --- maven-compiler-plugin:3.1:testCompile (default-testCompile) @ CVE-2014-3625 ---
[INFO] Changes detected - recompiling the module!
[WARNING] File encoding has not been set, using platform encoding UTF-8, i.e. build is platform dependent!
[INFO] Compiling 1 source file to /PoCAdaptation/exploit/result/CVE-2014-3625/3.2.1.RELEASE/exploit/target/test-classes
[INFO] -------------------------------------------------------------
[ERROR] COMPILATION ERROR : 
[INFO] -------------------------------------------------------------
[ERROR] /PoCAdaptation/exploit/result/CVE-2014-3625/3.2.1.RELEASE/exploit/src/test/java/edu/vision/se/Testcase1.java:[30,16] cannot access org.springframework.web.HttpRequestHandler
  class file for org.springframework.web.HttpRequestHandler not found
[ERROR] /PoCAdaptation/exploit/result/CVE-2014-3625/3.2.1.RELEASE/exploit/src/test/java/edu/vision/se/Testcase1.java:[31,16] cannot access org.springframework.web.context.support.WebApplicationObjectSupport
  class file for org.springframework.web.context.support.WebApplicationObjectSupport not found
[ERROR] /PoCAdaptation/exploit/result/CVE-2014-3625/3.2.1.RELEASE/exploit/src/test/java/edu/vision/se/Testcase1.java:[32,16] cannot find symbol
  symbol:   method setServletContext(edu.vision.se.Testcase1.TestServletContext)
  location: variable handler of type org.springframework.web.servlet.resource.ResourceHttpRequestHandler
[INFO] 3 errors 
[INFO] -------------------------------------------------------------
[INFO] ------------------------------------------------------------------------
[INFO] BUILD FAILURE
[INFO] ------------------------------------------------------------------------
[INFO] Total time:  1.330 s
[INFO] Finished at: 2025-07-11T10:45:22Z
[INFO] ------------------------------------------------------------------------
[ERROR] Failed to execute goal org.apache.maven.plugins:maven-compiler-plugin:3.1:testCompile (default-testCompile) on project CVE-2014-3625: Compilation failure: Compilation failure: 
[ERROR] /PoCAdaptation/exploit/result/CVE-2014-3625/3.2.1.RELEASE/exploit/src/test/java/edu/vision/se/Testcase1.java:[30,16] cannot access org.springframework.web.HttpRequestHandler
[ERROR]   class file for org.springframework.web.HttpRequestHandler not found
[ERROR] /PoCAdaptation/exploit/result/CVE-2014-3625/3.2.1.RELEASE/exploit/src/test/java/edu/vision/se/Testcase1.java:[31,16] cannot access org.springframework.web.context.support.WebApplicationObjectSupport
[ERROR]   class file for org.springframework.web.context.support.WebApplicationObjectSupport not found
[ERROR] /PoCAdaptation/exploit/result/CVE-2014-3625/3.2.1.RELEASE/exploit/src/test/java/edu/vision/se/Testcase1.java:[32,16] cannot find symbol
[ERROR]   symbol:   method setServletContext(edu.vision.se.Testcase1.TestServletContext)
[ERROR]   location: variable handler of type org.springframework.web.servlet.resource.ResourceHttpRequestHandler
[ERROR] -> [Help 1]
[ERROR] 
[ERROR] To see the full stack trace of the errors, re-run Maven with the -e switch.
[ERROR] Re-run Maven using the -X switch to enable full debug logging.
[ERROR] 
[ERROR] For more information about the errors and possible solutions, please read the following articles:
[ERROR] [Help 1] http://cwiki.apache.org/confluence/display/MAVEN/MojoFailureException


current_pom file is:<?xml version='1.0' encoding='utf-8'?>
<project xmlns="http://maven.apache.org/POM/4.0.0" xmlns:xsi="http://www.w3.org/2001/XMLSchema-instance" xsi:schemaLocation="http://maven.apache.org/POM/4.0.0 http://maven.apache.org/xsd/maven-4.0.0.xsd">
    <modelVersion>4.0.0</modelVersion>
    <groupId>edu.vision.se</groupId>
    <artifactId>CVE-2014-3625</artifactId>
    <version>1.0-SNAPSHOT</version>

    <properties>
        <maven.compiler.source>11</maven.compiler.source>
        <maven.compiler.target>11</maven.compiler.target>
    </properties>

    <dependencies>
        
        <dependency>
            <groupId>org.springframework</groupId>
            <artifactId>spring-webmvc</artifactId>
            <version>3.2.1.RELEASE</version>
        </dependency>

        <dependency>
            <groupId>org.springframework</groupId>
            <artifactId>spring-test</artifactId>
            <version>3.2.11.RELEASE</version>
        </dependency>

        
        <dependency>
            <groupId>javax.servlet</groupId>
            <artifactId>javax.servlet-api</artifactId>
            <version>4.0.1</version>
        </dependency>

        <dependency>
            <groupId>javax.activation</groupId>
            <artifactId>activation</artifactId>
            <version>1.1</version>
        </dependency>
    <dependency><groupId>junit</groupId><artifactId>junit</artifactId><version>4.13.2</version></dependency><dependency><groupId>junit</groupId><artifactId>junit</artifactId><version>4.13.2</version></dependency><dependency><groupId>junit</groupId><artifactId>junit</artifactId><version>4.13.2</version></dependency></dependencies>

</project>
[LLMClient] Response: 
pom
[96m[Adapter] LLM response for fix position: pom[0m
[96m[Adapter] Fix position is in pom.xml.[0m
[LLMClient] Tokens used: 149 (prompt), 11 (completion), 160 (total)
[LLMClient] Prompt: 
You are given an error log when executing 'mvn test' in version 3.2.1.RELEASE: 

Error: cannot access org.springframework.web.HttpRequestHandler class file for org.springframework.web.HttpRequestHandler not found, None, None 

The test executes as expected in 3.2.0.RELEASE 

Error code:         handler.setLocations(resourcePaths); 

Extract two key *entities* from the error for searching related diffs 

The extracted entities should reflect code-level identifiers that are likely to appear in source code or diffs. 

Output each node as a `;`-separated list, with no explanations. 


[LLMClient] Response: 
org.springframework.web.HttpRequestHandler;handler.setLocations
[96m[ErrorManager] Extracted key entities: ['org.springframework.web.HttpRequestHandler', 'handler.setLocations'][0m
[96m[RepairModule] Start repair[0m
[96m[RepairModule] Iteration 1, temperature 1.000: Trying diff #None with score 0.00[0m
[LLMClient] Tokens used: 2033 (prompt), 306 (completion), 2339 (total)
[LLMClient] Prompt: 
You are given an error when executing test in in 3.2.1.RELEASE:org.springframework:spring-webmvc
This test file compiles and runs successfully in 3.2.0.RELEASE.

Related diff is None

You are NOT allowed to change the version of the dependency org.springframework:spring-webmvc.
Your task is to solve the problem by changing the pom file of the project
Current pom file is <?xml version='1.0' encoding='utf-8'?>
<project xmlns="http://maven.apache.org/POM/4.0.0" xmlns:xsi="http://www.w3.org/2001/XMLSchema-instance" xsi:schemaLocation="http://maven.apache.org/POM/4.0.0 http://maven.apache.org/xsd/maven-4.0.0.xsd">
    <modelVersion>4.0.0</modelVersion>
    <groupId>edu.vision.se</groupId>
    <artifactId>CVE-2014-3625</artifactId>
    <version>1.0-SNAPSHOT</version>

    <properties>
        <maven.compiler.source>11</maven.compiler.source>
        <maven.compiler.target>11</maven.compiler.target>
    </properties>

    <dependencies>
        
        <dependency>
            <groupId>org.springframework</groupId>
            <artifactId>spring-webmvc</artifactId>
            <version>3.2.1.RELEASE</version>
        </dependency>

        <dependency>
            <groupId>org.springframework</groupId>
            <artifactId>spring-test</artifactId>
            <version>3.2.11.RELEASE</version>
        </dependency>

        
        <dependency>
            <groupId>javax.servlet</groupId>
            <artifactId>javax.servlet-api</artifactId>
            <version>4.0.1</version>
        </dependency>

        <dependency>
            <groupId>javax.activation</groupId>
            <artifactId>activation</artifactId>
            <version>1.1</version>
        </dependency>
    <dependency><groupId>junit</groupId><artifactId>junit</artifactId><version>4.13.2</version></dependency><dependency><groupId>junit</groupId><artifactId>junit</artifactId><version>4.13.2</version></dependency><dependency><groupId>junit</groupId><artifactId>junit</artifactId><version>4.13.2</version></dependency></dependencies>

</project>
Your task is 1. Analyze the cause of the errors 2. Decide fix position of the pom file according to the cause 3. Output only the updated partion of pom.xml entries without explanation

### Compilation Errors:
[INFO] Scanning for projects...
[WARNING] 
[WARNING] Some problems were encountered while building the effective model for edu.vision.se:CVE-2014-3625:jar:1.0-SNAPSHOT
[WARNING] 'dependencies.dependency.(groupId:artifactId:type:classifier)' must be unique: junit:junit:jar -> duplicate declaration of version 4.13.2 @ line 39, column 121
[WARNING] 'dependencies.dependency.(groupId:artifactId:type:classifier)' must be unique: junit:junit:jar -> duplicate declaration of version 4.13.2 @ line 39, column 225
[WARNING] 
[WARNING] It is highly recommended to fix these problems because they threaten the stability of your build.
[WARNING] 
[WARNING] For this reason, future Maven versions might no longer support building such malformed projects.
[WARNING] 
[INFO] 
[INFO] --------------------< edu.vision.se:CVE-2014-3625 >---------------------
[INFO] Building CVE-2014-3625 1.0-SNAPSHOT
[INFO]   from pom.xml
[INFO] --------------------------------[ jar ]---------------------------------
[INFO] 
[INFO] --- maven-clean-plugin:2.5:clean (default-clean) @ CVE-2014-3625 ---
[INFO] Deleting /PoCAdaptation/exploit/result/CVE-2014-3625/3.2.1.RELEASE/exploit/target
[INFO] 
[INFO] --- maven-resources-plugin:2.6:resources (default-resources) @ CVE-2014-3625 ---
[WARNING] Using platform encoding (UTF-8 actually) to copy filtered resources, i.e. build is platform dependent!
[INFO] skip non existing resourceDirectory /PoCAdaptation/exploit/result/CVE-2014-3625/3.2.1.RELEASE/exploit/src/main/resources
[INFO] 
[INFO] --- maven-compiler-plugin:3.1:compile (default-compile) @ CVE-2014-3625 ---
[INFO] No sources to compile
[INFO] 
[INFO] --- maven-resources-plugin:2.6:testResources (default-testResources) @ CVE-2014-3625 ---
[WARNING] Using platform encoding (UTF-8 actually) to copy filtered resources, i.e. build is platform dependent!
[INFO] Copying 13 resources
[INFO] 
[INFO] --- maven-compiler-plugin:3.1:testCompile (default-testCompile) @ CVE-2014-3625 ---
[INFO] Changes detected - recompiling the module!
[WARNING] File encoding has not been set, using platform encoding UTF-8, i.e. build is platform dependent!
[INFO] Compiling 1 source file to /PoCAdaptation/exploit/result/CVE-2014-3625/3.2.1.RELEASE/exploit/target/test-classes
[INFO] -------------------------------------------------------------
[ERROR] COMPILATION ERROR : 
[INFO] -------------------------------------------------------------
[ERROR] /PoCAdaptation/exploit/result/CVE-2014-3625/3.2.1.RELEASE/exploit/src/test/java/edu/vision/se/Testcase1.java:[30,16] cannot access org.springframework.web.HttpRequestHandler
  class file for org.springframework.web.HttpRequestHandler not found
[ERROR] /PoCAdaptation/exploit/result/CVE-2014-3625/3.2.1.RELEASE/exploit/src/test/java/edu/vision/se/Testcase1.java:[31,16] cannot access org.springframework.web.context.support.WebApplicationObjectSupport
  class file for org.springframework.web.context.support.WebApplicationObjectSupport not found
[ERROR] /PoCAdaptation/exploit/result/CVE-2014-3625/3.2.1.RELEASE/exploit/src/test/java/edu/vision/se/Testcase1.java:[32,16] cannot find symbol
  symbol:   method setServletContext(edu.vision.se.Testcase1.TestServletContext)
  location: variable handler of type org.springframework.web.servlet.resource.ResourceHttpRequestHandler
[INFO] 3 errors 
[INFO] -------------------------------------------------------------
[INFO] ------------------------------------------------------------------------
[INFO] BUILD FAILURE
[INFO] ------------------------------------------------------------------------
[INFO] Total time:  1.330 s
[INFO] Finished at: 2025-07-11T10:45:22Z
[INFO] ------------------------------------------------------------------------
[ERROR] Failed to execute goal org.apache.maven.plugins:maven-compiler-plugin:3.1:testCompile (default-testCompile) on project CVE-2014-3625: Compilation failure: Compilation failure: 
[ERROR] /PoCAdaptation/exploit/result/CVE-2014-3625/3.2.1.RELEASE/exploit/src/test/java/edu/vision/se/Testcase1.java:[30,16] cannot access org.springframework.web.HttpRequestHandler
[ERROR]   class file for org.springframework.web.HttpRequestHandler not found
[ERROR] /PoCAdaptation/exploit/result/CVE-2014-3625/3.2.1.RELEASE/exploit/src/test/java/edu/vision/se/Testcase1.java:[31,16] cannot access org.springframework.web.context.support.WebApplicationObjectSupport
[ERROR]   class file for org.springframework.web.context.support.WebApplicationObjectSupport not found
[ERROR] /PoCAdaptation/exploit/result/CVE-2014-3625/3.2.1.RELEASE/exploit/src/test/java/edu/vision/se/Testcase1.java:[32,16] cannot find symbol
[ERROR]   symbol:   method setServletContext(edu.vision.se.Testcase1.TestServletContext)
[ERROR]   location: variable handler of type org.springframework.web.servlet.resource.ResourceHttpRequestHandler
[ERROR] -> [Help 1]
[ERROR] 
[ERROR] To see the full stack trace of the errors, re-run Maven with the -e switch.
[ERROR] Re-run Maven using the -X switch to enable full debug logging.
[ERROR] 
[ERROR] For more information about the errors and possible solutions, please read the following articles:
[ERROR] [Help 1] http://cwiki.apache.org/confluence/display/MAVEN/MojoFailureException


[LLMClient] Response: 
Here's the updated portion of the pom.xml file:

```xml
<dependencies>
    <dependency>
        <groupId>org.springframework</groupId>
        <artifactId>spring-webmvc</artifactId>
        <version>3.2.1.RELEASE</version>
    </dependency>

    <dependency>
        <groupId>org.springframework</groupId>
        <artifactId>spring-test</artifactId>
        <version>3.2.11.RELEASE</version>
    </dependency>

    <dependency>
        <groupId>org.springframework</groupId>
        <artifactId>spring-web</artifactId>
        <version>3.2.1.RELEASE</version>
    </dependency>

    <dependency>
        <groupId>org.springframework</groupId>
        <artifactId>spring-context</artifactId>
        <version>3.2.1.RELEASE</version>
    </dependency>

    <dependency>
        <groupId>javax.servlet</groupId>
        <artifactId>javax.servlet-api</artifactId>
        <version>4.0.1</version>
    </dependency>

    <dependency>
        <groupId>javax.activation</groupId>
        <artifactId>activation</artifactId>
        <version>1.1</version>
    </dependency>
    <dependency>
        <groupId>junit</groupId>
        <artifactId>junit</artifactId>
        <version>4.13.2</version>
    </dependency>
</dependencies>
```
[Adapter] ~ Updating version of org.springframework:spring-webmvc to 3.2.1.RELEASE
[Adapter] ~ Updating version of org.springframework:spring-test to 3.2.11.RELEASE
[Adapter] + Adding new dependency org.springframework:spring-web:3.2.1.RELEASE
[Adapter] + Adding new dependency org.springframework:spring-context:3.2.1.RELEASE
[Adapter] ~ Updating version of javax.servlet:javax.servlet-api to 4.0.1
[Adapter] ~ Updating version of javax.activation:activation to 1.1
[Adapter] ~ Updating version of junit:junit to 4.13.2
[Adapter] âœ“ pom.xml successfully updated.
[96m[Executor] Executing exploit for CVE-2014-3625 on version 3.2.1.RELEASE...[0m
[96m[Verifier] Verifying reproduction...[0m
[92m[Verifier] âœ“ Behavior matched: 'java.lang.AssertionError'[0m
[92m[Verifier] âœ“ Detail matched: '200'[0m
[92m[Verifier] âœ“ All reproduction indicators matched.[0m
[92m[Executor] Reproduction result: Success[0m
[96m[Executor] Executing exploit for CVE-2014-3625 on version 3.2.1.RELEASE...[0m
[96m[Verifier] Verifying reproduction...[0m
[92m[Verifier] âœ“ Behavior matched: 'java.lang.AssertionError'[0m
[92m[Verifier] âœ“ Detail matched: '200'[0m
[92m[Verifier] âœ“ All reproduction indicators matched.[0m
[92m[Executor] Reproduction result: Success[0m
[Adapt] âœ“ Completed: True
[96m[Adapter] Adaptation complete. Retesting exploit on 3.2.1.RELEASE...[0m
[92m[Executor] Adaptation + reproduction successful on 3.2.1.RELEASE[0m
[96m[Adapter] Copied successful adaptation to /PoCAdaptation/exploit/valid/CVE-2014-3625/3.2.1.RELEASE[0m
[93m[Selector] No pending versions available.[0m
[91m[Main] No suitable version found for further adaptation. Stopping.[0m
[1m[Main] === Adaptation process complete ===[0m
[92m[Main] Total reproduced versions: 30[0m
