Running main_process.py for CVE: CVE-2024-22257
Versions: 2.0.8.RELEASE

[1m[Main] === Starting adaptation process for CVE-2024-22257 ===[0m
[96m[Processor] Fetching all available Maven versions...[0m
[96m[Analyzer] Loading cached versions from: /PoCAdaptation/library/org_springframework_security_spring-security-core.txt[0m
[96m[Analyzer] org.springframework.security:spring-security-core has 248 versions (cached).[0m
[96m[Processor] Identifying versions with successful reproduction...[0m
[96m[Processor] Pending versions: ['2.0.0', '2.0.1', '2.0.2', '2.0.3', '2.0.4', '2.0.5.RELEASE', '2.0.6.RELEASE', '2.0.7.RELEASE', '2.0.8.RELEASE'][0m
[96m[Preparer] Pending directory already exists: /PoCAdaptation/exploit/pending/CVE-2024-22257[0m
[92m[Main] Total affected versions: 210[0m
[92m[Main] Already reproduced versions: 201[0m
[93m[Main] Versions pending adaptation: 9[0m
[96m[Main]     -> ['2.0.0', '2.0.1', '2.0.2', '2.0.3', '2.0.4', '2.0.5.RELEASE', '2.0.6.RELEASE', '2.0.7.RELEASE', '2.0.8.RELEASE'][0m
[96m[Main]     -> ['3.0.0.RELEASE', '3.0.1.RELEASE', '3.0.2.RELEASE', '3.0.3.RELEASE', '3.0.4.RELEASE', '3.0.5.RELEASE', '3.0.6.RELEASE', '3.0.7.RELEASE', '3.0.8.RELEASE', '3.1.0.RELEASE', '3.1.1.RELEASE', '3.1.2.RELEASE', '3.1.3.RELEASE', '3.1.4.RELEASE', '3.1.5.RELEASE', '3.1.6.RELEASE', '3.1.7.RELEASE', '3.2.0.RELEASE', '3.2.1.RELEASE', '3.2.2.RELEASE', '3.2.3.RELEASE', '3.2.4.RELEASE', '3.2.5.RELEASE', '3.2.6.RELEASE', '3.2.7.RELEASE', '3.2.8.RELEASE', '3.2.9.RELEASE', '3.2.10.RELEASE', '4.0.0.RELEASE', '4.0.1.RELEASE', '4.0.2.RELEASE', '4.0.3.RELEASE', '4.0.4.RELEASE', '4.1.0.RELEASE', '4.1.1.RELEASE', '4.1.2.RELEASE', '4.1.3.RELEASE', '4.1.4.RELEASE', '4.1.5.RELEASE', '4.2.0.RELEASE', '4.2.1.RELEASE', '4.2.2.RELEASE', '4.2.3.RELEASE', '4.2.4.RELEASE', '4.2.5.RELEASE', '4.2.6.RELEASE', '4.2.7.RELEASE', '4.2.8.RELEASE', '4.2.9.RELEASE', '4.2.10.RELEASE', '4.2.11.RELEASE', '4.2.12.RELEASE', '4.2.13.RELEASE', '4.2.14.RELEASE', '4.2.15.RELEASE', '4.2.16.RELEASE', '4.2.17.RELEASE', '4.2.18.RELEASE', '4.2.19.RELEASE', '4.2.20.RELEASE', '5.0.0.RELEASE', '5.0.1.RELEASE', '5.0.2.RELEASE', '5.0.3.RELEASE', '5.0.4.RELEASE', '5.0.5.RELEASE', '5.0.6.RELEASE', '5.0.7.RELEASE', '5.0.8.RELEASE', '5.0.9.RELEASE', '5.0.10.RELEASE', '5.0.11.RELEASE', '5.0.12.RELEASE', '5.0.13.RELEASE', '5.0.14.RELEASE', '5.0.15.RELEASE', '5.0.16.RELEASE', '5.0.17.RELEASE', '5.0.18.RELEASE', '5.0.19.RELEASE', '5.1.0.RELEASE', '5.1.1.RELEASE', '5.1.2.RELEASE', '5.1.3.RELEASE', '5.1.4.RELEASE', '5.1.5.RELEASE', '5.1.6.RELEASE', '5.1.7.RELEASE', '5.1.8.RELEASE', '5.1.9.RELEASE', '5.1.10.RELEASE', '5.1.11.RELEASE', '5.1.12.RELEASE', '5.1.13.RELEASE', '5.2.0.RELEASE', '5.2.1.RELEASE', '5.2.2.RELEASE', '5.2.3.RELEASE', '5.2.4.RELEASE', '5.2.5.RELEASE', '5.2.6.RELEASE', '5.2.7.RELEASE', '5.2.8.RELEASE', '5.2.9.RELEASE', '5.2.10.RELEASE', '5.2.11.RELEASE', '5.2.12.RELEASE', '5.2.13.RELEASE', '5.2.14.RELEASE', '5.2.15.RELEASE', '5.3.0.RELEASE', '5.3.1.RELEASE', '5.3.2.RELEASE', '5.3.3.RELEASE', '5.3.4.RELEASE', '5.3.5.RELEASE', '5.3.6.RELEASE', '5.3.7.RELEASE', '5.3.8.RELEASE', '5.3.9.RELEASE', '5.3.10.RELEASE', '5.3.11.RELEASE', '5.3.12.RELEASE', '5.3.13.RELEASE', '5.4.0', '5.4.1', '5.4.2', '5.4.3', '5.4.4', '5.4.5', '5.4.6', '5.4.7', '5.4.8', '5.4.9', '5.4.10', '5.4.11', '5.5.0', '5.5.1', '5.5.2', '5.5.3', '5.5.4', '5.5.5', '5.5.6', '5.5.7', '5.5.8', '5.6.0', '5.6.1', '5.6.2', '5.6.3', '5.6.4', '5.6.5', '5.6.6', '5.6.7', '5.6.8', '5.6.9', '5.6.10', '5.6.11', '5.6.12', '5.7.0', '5.7.1', '5.7.2', '5.7.3', '5.7.4', '5.7.5', '5.7.6', '5.7.7', '5.7.8', '5.7.9', '5.7.10', '5.7.11', '5.8.0', '5.8.1', '5.8.2', '5.8.3', '5.8.4', '5.8.5', '5.8.6', '5.8.7', '5.8.8', '5.8.9', '5.8.10', '6.0.0', '6.0.1', '6.0.2', '6.0.3', '6.0.4', '6.0.5', '6.0.6', '6.0.7', '6.0.8', '6.1.0', '6.1.1', '6.1.2', '6.1.3', '6.1.4', '6.1.5', '6.1.6', '6.1.7', '6.2.0', '6.2.1', '6.2.2'][0m
[96m[Executor] Running initial exploit mvn test in /PoCAdaptation/exploit/origin/CVE-2024-22257/exploit[0m
[91m[Executor] Initial exploit execution finished with return code 1[0m
[96m[Verifier] Verifying reproduction...[0m
[92m[Verifier] âœ“ Behavior matched: 'org.junit.ComparisonFailure'[0m
[92m[Verifier] âœ“ Detail matched: '<[]1>'[0m
[92m[Verifier] âœ“ All reproduction indicators matched.[0m
[92m[Verifier] Initial exploit behavior verified successfully.[0m
[96m[Selector] Nearest need adapatation version selected: 2.0.8.RELEASE[0m
[96m[Selector] Closest reproduced version: 3.0.0.RELEASE at index 9[0m
[96m[Adapter] Trying next closest version: 2.0.8.RELEASE[0m
[93m[Preparer] No usable exploit dirs found under /PoCAdaptation/exploit/valid/CVE-2024-22257[0m
[92m[Preparer] Copied exploit to: /PoCAdaptation/exploit/pending/CVE-2024-22257/2.0.8.RELEASE/exploit[0m
[96m[Preparer] Updating dependency version to 2.0.8.RELEASE in /PoCAdaptation/exploit/pending/CVE-2024-22257/2.0.8.RELEASE/exploit/pom.xml[0m
[92m[Preparer] Updated dependency version to 2.0.8.RELEASE in /PoCAdaptation/exploit/pending/CVE-2024-22257/2.0.8.RELEASE/exploit/pom.xml[0m
[96m[Executor] Attempting direct exploit execution on 2.0.8.RELEASE...[0m
[96m[Executor] Executing exploit for CVE-2024-22257 on version 2.0.8.RELEASE...[0m
[96m[Verifier] Verifying reproduction...[0m
[91m[Verifier] âœ— Behavior not found: 'org.junit.ComparisonFailure'[0m
[91m[Executor] Reproduction result: Failure[0m
[96m[Adapter] Attempting adaptation from base version 3.0.0.RELEASE to 2.0.8.RELEASE...[0m
[96m[Adapter] Start adapting exploit from 3.0.0.RELEASE to 2.0.8.RELEASE"[0m
[96m[Executor] Executing exploit for CVE-2024-22257 on version 2.0.8.RELEASE...[0m
[96m[Verifier] Verifying reproduction...[0m
[91m[Verifier] âœ— Behavior not found: 'org.junit.ComparisonFailure'[0m
[91m[Executor] Reproduction result: Failure[0m
[96m[ErrorManager] Ignoring line: [ERROR] Failed to execute goal org.apache.maven.plugins:maven-compiler-plugin:3.1:testCompile (default-testCompile) on project CVE-2024-22257: Compilation failure: Compilation failure:[0m
[92m[ErrorManager] Processing line: [ERROR] /PoCAdaptation/exploit/result/CVE-2024-22257/2.0.8.RELEASE/exploit/src/test/java/edu/vision/se/Testcase1.java:[7,43] package org.springframework.security.access does not exist[0m
[92m[ErrorManager] Processing line: [ERROR] /PoCAdaptation/exploit/result/CVE-2024-22257/2.0.8.RELEASE/exploit/src/test/java/edu/vision/se/Testcase1.java:[8,43] package org.springframework.security.access does not exist[0m
[92m[ErrorManager] Processing line: [ERROR] /PoCAdaptation/exploit/result/CVE-2024-22257/2.0.8.RELEASE/exploit/src/test/java/edu/vision/se/Testcase1.java:[9,43] package org.springframework.security.access does not exist[0m
[92m[ErrorManager] Processing line: [ERROR] /PoCAdaptation/exploit/result/CVE-2024-22257/2.0.8.RELEASE/exploit/src/test/java/edu/vision/se/Testcase1.java:[10,48] package org.springframework.security.access.vote does not exist[0m
[92m[ErrorManager] Processing line: [ERROR] /PoCAdaptation/exploit/result/CVE-2024-22257/2.0.8.RELEASE/exploit/src/test/java/edu/vision/se/Testcase1.java:[11,51] package org.springframework.security.authentication does not exist[0m
[92m[ErrorManager] Processing line: [ERROR] /PoCAdaptation/exploit/result/CVE-2024-22257/2.0.8.RELEASE/exploit/src/test/java/edu/vision/se/Testcase1.java:[12,41] package org.springframework.security.core does not exist[0m
[92m[ErrorManager] Processing line: [ERROR] /PoCAdaptation/exploit/result/CVE-2024-22257/2.0.8.RELEASE/exploit/src/test/java/edu/vision/se/Testcase1.java:[13,51] package org.springframework.security.core.authority does not exist[0m
[92m[ErrorManager] Processing line: [ERROR] /PoCAdaptation/exploit/result/CVE-2024-22257/2.0.8.RELEASE/exploit/src/test/java/edu/vision/se/Testcase1.java:[28,12] cannot find symbol[0m
[92m[ErrorManager] Processing line: [ERROR]   symbol:   class Authentication[0m
[92m[ErrorManager] Processing line: [ERROR]   location: class edu.vision.se.Testcase1[0m
[92m[ErrorManager] Processing line: [ERROR] /PoCAdaptation/exploit/result/CVE-2024-22257/2.0.8.RELEASE/exploit/src/test/java/edu/vision/se/Testcase1.java:[19,9] cannot find symbol[0m
[92m[ErrorManager] Processing line: [ERROR]   symbol:   class AuthenticatedVoter[0m
[92m[ErrorManager] Processing line: [ERROR]   location: class edu.vision.se.Testcase1[0m
[92m[ErrorManager] Processing line: [ERROR] /PoCAdaptation/exploit/result/CVE-2024-22257/2.0.8.RELEASE/exploit/src/test/java/edu/vision/se/Testcase1.java:[19,40] cannot find symbol[0m
[92m[ErrorManager] Processing line: [ERROR]   symbol:   class AuthenticatedVoter[0m
[92m[ErrorManager] Processing line: [ERROR]   location: class edu.vision.se.Testcase1[0m
[92m[ErrorManager] Processing line: [ERROR] /PoCAdaptation/exploit/result/CVE-2024-22257/2.0.8.RELEASE/exploit/src/test/java/edu/vision/se/Testcase1.java:[20,14] cannot find symbol[0m
[92m[ErrorManager] Processing line: [ERROR]   symbol:   class ConfigAttribute[0m
[92m[ErrorManager] Processing line: [ERROR]   location: class edu.vision.se.Testcase1[0m
[92m[ErrorManager] Processing line: [ERROR] /PoCAdaptation/exploit/result/CVE-2024-22257/2.0.8.RELEASE/exploit/src/test/java/edu/vision/se/Testcase1.java:[20,63] cannot find symbol[0m
[92m[ErrorManager] Processing line: [ERROR]   symbol:   variable AuthenticatedVoter[0m
[92m[ErrorManager] Processing line: [ERROR]   location: class edu.vision.se.Testcase1[0m
[92m[ErrorManager] Processing line: [ERROR] /PoCAdaptation/exploit/result/CVE-2024-22257/2.0.8.RELEASE/exploit/src/test/java/edu/vision/se/Testcase1.java:[20,37] cannot find symbol[0m
[92m[ErrorManager] Processing line: [ERROR]   symbol:   variable SecurityConfig[0m
[92m[ErrorManager] Processing line: [ERROR]   location: class edu.vision.se.Testcase1[0m
[92m[ErrorManager] Processing line: [ERROR] /PoCAdaptation/exploit/result/CVE-2024-22257/2.0.8.RELEASE/exploit/src/test/java/edu/vision/se/Testcase1.java:[25,39] cannot find symbol[0m
[92m[ErrorManager] Processing line: [ERROR]   symbol:   variable AccessDecisionVoter[0m
[92m[ErrorManager] Processing line: [ERROR]   location: class edu.vision.se.Testcase1[0m
[92m[ErrorManager] Processing line: [ERROR] /PoCAdaptation/exploit/result/CVE-2024-22257/2.0.8.RELEASE/exploit/src/test/java/edu/vision/se/Testcase1.java:[29,20] cannot find symbol[0m
[92m[ErrorManager] Processing line: [ERROR]   symbol:   class AnonymousAuthenticationToken[0m
[92m[ErrorManager] Processing line: [ERROR]   location: class edu.vision.se.Testcase1[0m
[92m[ErrorManager] Processing line: [ERROR] /PoCAdaptation/exploit/result/CVE-2024-22257/2.0.8.RELEASE/exploit/src/test/java/edu/vision/se/Testcase1.java:[29,71] cannot find symbol[0m
[92m[ErrorManager] Processing line: [ERROR]   symbol:   variable AuthorityUtils[0m
[92m[ErrorManager] Processing line: [ERROR]   location: class edu.vision.se.Testcase1[0m
[96m[ErrorManager] Ignoring line: [ERROR] -> [Help 1][0m
[96m[ErrorManager] Ignoring line: [ERROR][0m
[96m[ErrorManager] Ignoring line: [ERROR] To see the full stack trace of the errors, re-run Maven with the -e switch.[0m
[96m[ErrorManager] Ignoring line: [ERROR] Re-run Maven using the -X switch to enable full debug logging.[0m
[96m[ErrorManager] Ignoring line: [ERROR][0m
[96m[ErrorManager] Ignoring line: [ERROR] For more information about the errors and possible solutions, please read the following articles:[0m
[96m[ErrorManager] Ignoring line: [ERROR] [Help 1] http://cwiki.apache.org/confluence/display/MAVEN/MojoFailureException[0m
[96m[Adapter] Locating fix position in error log.[0m
[LLMClient] Tokens used: 3551 (prompt), 1 (completion), 3552 (total)
[LLMClient] Prompt: 
You are given a Java error log when executing 'mvn test' in a project with dependency version 2.0.8.RELEASE:org.springframework.security:spring-security-core.
This test file compiles and runs successfully with version 3.0.0.RELEASE.

Your task is to:
1. Analyze why this issue occurs with the *3.0.0.RELEASE* but not with the *2.0.8.RELEASE version*.
2. Consider how to resolve the issue **without updating this library**.
3. Determine and output the location in the project that should be modified to fix the problem.

Please return 'pom' if the fix is in the pom.xml file, or 'test' if the fix is in the test code.
Do not return any other text, just 'pom' or 'test'.

The error log is:
[INFO] Scanning for projects...
[INFO] 
[INFO] --------------------< edu.vision.se:CVE-2024-22257 >--------------------
[INFO] Building CVE-2024-22257 1.0-SNAPSHOT
[INFO]   from pom.xml
[INFO] --------------------------------[ jar ]---------------------------------
[INFO] 
[INFO] --- maven-clean-plugin:2.5:clean (default-clean) @ CVE-2024-22257 ---
[INFO] Deleting /PoCAdaptation/exploit/result/CVE-2024-22257/2.0.8.RELEASE/exploit/target
[INFO] 
[INFO] --- maven-resources-plugin:2.6:resources (default-resources) @ CVE-2024-22257 ---
[WARNING] Using platform encoding (UTF-8 actually) to copy filtered resources, i.e. build is platform dependent!
[INFO] skip non existing resourceDirectory /PoCAdaptation/exploit/result/CVE-2024-22257/2.0.8.RELEASE/exploit/src/main/resources
[INFO] 
[INFO] --- maven-compiler-plugin:3.1:compile (default-compile) @ CVE-2024-22257 ---
[INFO] No sources to compile
[INFO] 
[INFO] --- maven-resources-plugin:2.6:testResources (default-testResources) @ CVE-2024-22257 ---
[WARNING] Using platform encoding (UTF-8 actually) to copy filtered resources, i.e. build is platform dependent!
[INFO] skip non existing resourceDirectory /PoCAdaptation/exploit/result/CVE-2024-22257/2.0.8.RELEASE/exploit/src/test/resources
[INFO] 
[INFO] --- maven-compiler-plugin:3.1:testCompile (default-testCompile) @ CVE-2024-22257 ---
[INFO] Changes detected - recompiling the module!
[WARNING] File encoding has not been set, using platform encoding UTF-8, i.e. build is platform dependent!
[INFO] Compiling 1 source file to /PoCAdaptation/exploit/result/CVE-2024-22257/2.0.8.RELEASE/exploit/target/test-classes
[INFO] -------------------------------------------------------------
[ERROR] COMPILATION ERROR : 
[INFO] -------------------------------------------------------------
[ERROR] /PoCAdaptation/exploit/result/CVE-2024-22257/2.0.8.RELEASE/exploit/src/test/java/edu/vision/se/Testcase1.java:[7,43] package org.springframework.security.access does not exist
[ERROR] /PoCAdaptation/exploit/result/CVE-2024-22257/2.0.8.RELEASE/exploit/src/test/java/edu/vision/se/Testcase1.java:[8,43] package org.springframework.security.access does not exist
[ERROR] /PoCAdaptation/exploit/result/CVE-2024-22257/2.0.8.RELEASE/exploit/src/test/java/edu/vision/se/Testcase1.java:[9,43] package org.springframework.security.access does not exist
[ERROR] /PoCAdaptation/exploit/result/CVE-2024-22257/2.0.8.RELEASE/exploit/src/test/java/edu/vision/se/Testcase1.java:[10,48] package org.springframework.security.access.vote does not exist
[ERROR] /PoCAdaptation/exploit/result/CVE-2024-22257/2.0.8.RELEASE/exploit/src/test/java/edu/vision/se/Testcase1.java:[11,51] package org.springframework.security.authentication does not exist
[ERROR] /PoCAdaptation/exploit/result/CVE-2024-22257/2.0.8.RELEASE/exploit/src/test/java/edu/vision/se/Testcase1.java:[12,41] package org.springframework.security.core does not exist
[ERROR] /PoCAdaptation/exploit/result/CVE-2024-22257/2.0.8.RELEASE/exploit/src/test/java/edu/vision/se/Testcase1.java:[13,51] package org.springframework.security.core.authority does not exist
[ERROR] /PoCAdaptation/exploit/result/CVE-2024-22257/2.0.8.RELEASE/exploit/src/test/java/edu/vision/se/Testcase1.java:[28,12] cannot find symbol
  symbol:   class Authentication
  location: class edu.vision.se.Testcase1
[ERROR] /PoCAdaptation/exploit/result/CVE-2024-22257/2.0.8.RELEASE/exploit/src/test/java/edu/vision/se/Testcase1.java:[19,9] cannot find symbol
  symbol:   class AuthenticatedVoter
  location: class edu.vision.se.Testcase1
[ERROR] /PoCAdaptation/exploit/result/CVE-2024-22257/2.0.8.RELEASE/exploit/src/test/java/edu/vision/se/Testcase1.java:[19,40] cannot find symbol
  symbol:   class AuthenticatedVoter
  location: class edu.vision.se.Testcase1
[ERROR] /PoCAdaptation/exploit/result/CVE-2024-22257/2.0.8.RELEASE/exploit/src/test/java/edu/vision/se/Testcase1.java:[20,14] cannot find symbol
  symbol:   class ConfigAttribute
  location: class edu.vision.se.Testcase1
[ERROR] /PoCAdaptation/exploit/result/CVE-2024-22257/2.0.8.RELEASE/exploit/src/test/java/edu/vision/se/Testcase1.java:[20,63] cannot find symbol
  symbol:   variable AuthenticatedVoter
  location: class edu.vision.se.Testcase1
[ERROR] /PoCAdaptation/exploit/result/CVE-2024-22257/2.0.8.RELEASE/exploit/src/test/java/edu/vision/se/Testcase1.java:[20,37] cannot find symbol
  symbol:   variable SecurityConfig
  location: class edu.vision.se.Testcase1
[ERROR] /PoCAdaptation/exploit/result/CVE-2024-22257/2.0.8.RELEASE/exploit/src/test/java/edu/vision/se/Testcase1.java:[25,39] cannot find symbol
  symbol:   variable AccessDecisionVoter
  location: class edu.vision.se.Testcase1
[ERROR] /PoCAdaptation/exploit/result/CVE-2024-22257/2.0.8.RELEASE/exploit/src/test/java/edu/vision/se/Testcase1.java:[29,20] cannot find symbol
  symbol:   class AnonymousAuthenticationToken
  location: class edu.vision.se.Testcase1
[ERROR] /PoCAdaptation/exploit/result/CVE-2024-22257/2.0.8.RELEASE/exploit/src/test/java/edu/vision/se/Testcase1.java:[29,71] cannot find symbol
  symbol:   variable AuthorityUtils
  location: class edu.vision.se.Testcase1
[INFO] 16 errors 
[INFO] -------------------------------------------------------------
[INFO] ------------------------------------------------------------------------
[INFO] BUILD FAILURE
[INFO] ------------------------------------------------------------------------
[INFO] Total time:  1.079 s
[INFO] Finished at: 2025-07-13T12:49:44Z
[INFO] ------------------------------------------------------------------------
[ERROR] Failed to execute goal org.apache.maven.plugins:maven-compiler-plugin:3.1:testCompile (default-testCompile) on project CVE-2024-22257: Compilation failure: Compilation failure: 
[ERROR] /PoCAdaptation/exploit/result/CVE-2024-22257/2.0.8.RELEASE/exploit/src/test/java/edu/vision/se/Testcase1.java:[7,43] package org.springframework.security.access does not exist
[ERROR] /PoCAdaptation/exploit/result/CVE-2024-22257/2.0.8.RELEASE/exploit/src/test/java/edu/vision/se/Testcase1.java:[8,43] package org.springframework.security.access does not exist
[ERROR] /PoCAdaptation/exploit/result/CVE-2024-22257/2.0.8.RELEASE/exploit/src/test/java/edu/vision/se/Testcase1.java:[9,43] package org.springframework.security.access does not exist
[ERROR] /PoCAdaptation/exploit/result/CVE-2024-22257/2.0.8.RELEASE/exploit/src/test/java/edu/vision/se/Testcase1.java:[10,48] package org.springframework.security.access.vote does not exist
[ERROR] /PoCAdaptation/exploit/result/CVE-2024-22257/2.0.8.RELEASE/exploit/src/test/java/edu/vision/se/Testcase1.java:[11,51] package org.springframework.security.authentication does not exist
[ERROR] /PoCAdaptation/exploit/result/CVE-2024-22257/2.0.8.RELEASE/exploit/src/test/java/edu/vision/se/Testcase1.java:[12,41] package org.springframework.security.core does not exist
[ERROR] /PoCAdaptation/exploit/result/CVE-2024-22257/2.0.8.RELEASE/exploit/src/test/java/edu/vision/se/Testcase1.java:[13,51] package org.springframework.security.core.authority does not exist
[ERROR] /PoCAdaptation/exploit/result/CVE-2024-22257/2.0.8.RELEASE/exploit/src/test/java/edu/vision/se/Testcase1.java:[28,12] cannot find symbol
[ERROR]   symbol:   class Authentication
[ERROR]   location: class edu.vision.se.Testcase1
[ERROR] /PoCAdaptation/exploit/result/CVE-2024-22257/2.0.8.RELEASE/exploit/src/test/java/edu/vision/se/Testcase1.java:[19,9] cannot find symbol
[ERROR]   symbol:   class AuthenticatedVoter
[ERROR]   location: class edu.vision.se.Testcase1
[ERROR] /PoCAdaptation/exploit/result/CVE-2024-22257/2.0.8.RELEASE/exploit/src/test/java/edu/vision/se/Testcase1.java:[19,40] cannot find symbol
[ERROR]   symbol:   class AuthenticatedVoter
[ERROR]   location: class edu.vision.se.Testcase1
[ERROR] /PoCAdaptation/exploit/result/CVE-2024-22257/2.0.8.RELEASE/exploit/src/test/java/edu/vision/se/Testcase1.java:[20,14] cannot find symbol
[ERROR]   symbol:   class ConfigAttribute
[ERROR]   location: class edu.vision.se.Testcase1
[ERROR] /PoCAdaptation/exploit/result/CVE-2024-22257/2.0.8.RELEASE/exploit/src/test/java/edu/vision/se/Testcase1.java:[20,63] cannot find symbol
[ERROR]   symbol:   variable AuthenticatedVoter
[ERROR]   location: class edu.vision.se.Testcase1
[ERROR] /PoCAdaptation/exploit/result/CVE-2024-22257/2.0.8.RELEASE/exploit/src/test/java/edu/vision/se/Testcase1.java:[20,37] cannot find symbol
[ERROR]   symbol:   variable SecurityConfig
[ERROR]   location: class edu.vision.se.Testcase1
[ERROR] /PoCAdaptation/exploit/result/CVE-2024-22257/2.0.8.RELEASE/exploit/src/test/java/edu/vision/se/Testcase1.java:[25,39] cannot find symbol
[ERROR]   symbol:   variable AccessDecisionVoter
[ERROR]   location: class edu.vision.se.Testcase1
[ERROR] /PoCAdaptation/exploit/result/CVE-2024-22257/2.0.8.RELEASE/exploit/src/test/java/edu/vision/se/Testcase1.java:[29,20] cannot find symbol
[ERROR]   symbol:   class AnonymousAuthenticationToken
[ERROR]   location: class edu.vision.se.Testcase1
[ERROR] /PoCAdaptation/exploit/result/CVE-2024-22257/2.0.8.RELEASE/exploit/src/test/java/edu/vision/se/Testcase1.java:[29,71] cannot find symbol
[ERROR]   symbol:   variable AuthorityUtils
[ERROR]   location: class edu.vision.se.Testcase1
[ERROR] -> [Help 1]
[ERROR] 
[ERROR] To see the full stack trace of the errors, re-run Maven with the -e switch.
[ERROR] Re-run Maven using the -X switch to enable full debug logging.
[ERROR] 
[ERROR] For more information about the errors and possible solutions, please read the following articles:
[ERROR] [Help 1] http://cwiki.apache.org/confluence/display/MAVEN/MojoFailureException


current_pom file is:<?xml version='1.0' encoding='utf-8'?>
<project xmlns="http://maven.apache.org/POM/4.0.0" xmlns:xsi="http://www.w3.org/2001/XMLSchema-instance" xsi:schemaLocation="http://maven.apache.org/POM/4.0.0 http://maven.apache.org/xsd/maven-4.0.0.xsd">
    <modelVersion>4.0.0</modelVersion>
    <groupId>edu.vision.se</groupId>
    <artifactId>CVE-2024-22257</artifactId>
    <version>1.0-SNAPSHOT</version>

    <properties>
        <maven.compiler.source>11</maven.compiler.source>
        <maven.compiler.target>11</maven.compiler.target>
    </properties>

    <dependencies>
        
        <dependency>
            <groupId>org.springframework.security</groupId>
            <artifactId>spring-security-core</artifactId>
            <version>2.0.8.RELEASE</version>
        </dependency>

        
        <dependency>
            <groupId>org.assertj</groupId>
            <artifactId>assertj-core</artifactId>
            <version>3.24.0</version>
        </dependency>
    <dependency><groupId>junit</groupId><artifactId>junit</artifactId><version>4.13.2</version></dependency>
    
    </dependencies>

</project>
[LLMClient] Response: 
test
[96m[Adapter] LLM response for fix position: test[0m
[LLMClient] Tokens used: 140 (prompt), 9 (completion), 149 (total)
[LLMClient] Prompt: 
You are given an error log when executing 'mvn test' in version 2.0.8.RELEASE: 

Error: package org.springframework.security.access does not exist, None, None 

The test executes as expected in 3.0.0.RELEASE 

Error code: import org.springframework.security.access.AccessDecisionVoter; 

Extract two key *entities* from the error for searching related diffs 

The extracted entities should reflect code-level identifiers that are likely to appear in source code or diffs. 

Output each node as a `;`-separated list, with no explanations. 


[LLMClient] Response: 
org.springframework.security.access;AccessDecisionVoter
[96m[ErrorManager] Extracted key entities: ['org.springframework.security.access', 'AccessDecisionVoter'][0m
[96m[Adapter] Try to solve error: {'file': '/PoCAdaptation/exploit/result/CVE-2024-22257/2.0.8.RELEASE/exploit/src/test/java/edu/vision/se/Testcase1.java', 'line': 7, 'column': 43, 'message': 'package org.springframework.security.access does not exist', 'symbol': None, 'location': None, 'code_line': 'import org.springframework.security.access.AccessDecisionVoter;'} with cause: ['org.springframework.security.access', 'AccessDecisionVoter'][0m
[96m[Adapter] Related diffs for error: [(445, 8.0), (446, 8.0), (555, 8.0), (561, 8.0), (567, 8.0)][0m
[96m[Adapter] Fix position is in test code.[0m
[96m[RepairModule] Start repair for group: package org.springframework.security.access does not exist | cause: ['org.springframework.security.access', 'AccessDecisionVoter'][0m
[96m[RepairModule] Trying best diff #445 with score 8.00[0m
[96m[RepairModule] Found 10 diff combinations for annealing.[0m
[96m[RepairModule] Iteration 1, temperature 1.000: Trying diff #(446, 567) with score 8.00[0m
[LLMClient] Tokens used: 1400 (prompt), 222 (completion), 1622 (total)
[LLMClient] Prompt: 
You are given a Java test file with compilation errors in version 2.0.8.RELEASE:org.springframework.security:spring-security-core.
This test file compiles and runs successfully in 3.0.0.RELEASE.

The diff is related to the diff.
Your task has three steps:
 1. Locate the code where the compilation error occurs.
 2. Analyze the diff from 3.0.0.RELEASE to 2.0.8.RELEASE.
 3. Fix the error in the error position only when diff is helpful. Add import statement when needed according to the diff. 

Only output the modified version of the test file according to the diff. No explanations. If mocking, access fields via reflection if they exist.
### Compilation Errors:
message: package org.springframework.security.access does not exist, symble: None, location: None

### Error Position:
import org.springframework.security.access.AccessDecisionVoter;

### Related Diff:
Operation: MODIFIED, File: core/src/main/java/org/springframework/security/access/AccessDecisionVoter.java, Hunk: @@ -62,14 +62,14 @@ public interface AccessDecisionVoter {
      *
      * @return true if the implementation can process the indicated class
      */
+    boolean supports(Class clazz);
-    boolean supports(Class<?> clazz);

     /**
      * Indicates whether or not access is granted.
      * <p>The decision must be affirmative (<code>ACCESS_GRANTED</code>), negative (<code>ACCESS_DENIED</code>)
      * or the <code>AccessDecisionVoter</code> can abstain (<code>ACCESS_ABSTAIN</code>) from voting.
      * Under no circumstances should implementing classes return any other value. If a weighting of results is desired,
+     * this should be handled in a custom {@link org.springframework.security.AccessDecisionManager} instead.
-     * this should be handled in a custom {@link org.springframework.security.access.AccessDecisionManager} instead.
      * </p>
      * <p>Unless an <code>AccessDecisionVoter</code> is specifically intended to vote on an access control
      * decision due to a passed method invocation or configuration attribute parameter, it must return
Operation: MODIFIED, File: core/src/main/java/org/springframework/security/access/vote/AuthenticatedVoter.java, Hunk: @@ -13,30 +13,31 @@
  * limitations under the License.
  */

+package org.springframework.security.vote;
-package org.springframework.security.access.vote;

+import org.springframework.security.Authentication;
+import org.springframework.security.AuthenticationTrustResolver;
+import org.springframework.security.AuthenticationTrustResolverImpl;
+import org.springframework.security.ConfigAttribute;
+import org.springframework.security.ConfigAttributeDefinition;
-import java.util.Collection;

-import org.springframework.security.access.AccessDecisionVoter;
-import org.springframework.security.access.ConfigAttribute;
-import org.springframework.security.authentication.AuthenticationTrustResolver;
-import org.springframework.security.authentication.AuthenticationTrustResolverImpl;
-import org.springframework.security.core.Authentication;
 import org.springframework.util.Assert;

+import java.util.Iterator;
+

 /**
+ * <p>Votes if a {@link ConfigAttribute#getAttribute()} of <code>IS_AUTHENTICATED_FULLY</code> or
- * Votes if a {@link ConfigAttribute#getAttribute()} of <code>IS_AUTHENTICATED_FULLY</code> or
  * <code>IS_AUTHENTICATED_REMEMBERED</code> or <code>IS_AUTHENTICATED_ANONYMOUSLY</code> is present. This list is in
+ * order of most strict checking to least strict checking.</p>
+ *  <p>The current <code>Authentication</code> will be inspected to determine if the principal has a particular
+ * level of authentication. The "FULLY" authenticated option means the user is authenticated fully (ie {@link
+ * org.springframework.security.AuthenticationTrustResolver#isAnonymous(Authentication)} is false and {@link
+ * org.springframework.security.AuthenticationTrustResolver#isRememberMe(Authentication)} is false. The "REMEMBERED" will grant
- * order of most strict checking to least strict checking.
- * <p>
- * The current <code>Authentication</code> will be inspected to determine if the principal has a particular
- * level of authentication. The "FULLY" authenticated option means the user is authenticated fully (i.e. {@link
- * org.springframework.security.authentication.AuthenticationTrustResolver#isAnonymous(Authentication)} is false and {@link
- * org.springframework.security.authentication.AuthenticationTrustResolver#isRememberMe(Authentication)} is false). The "REMEMBERED" will grant
  * access if the principal was either authenticated via remember-me OR is fully authenticated. The "ANONYMOUSLY" will
+ * grant access if the principal was authenticated via remember-me, OR anonymously, OR via full authentication.</p>
+ *  <p>All comparisons and prefixes are case sensitive.</p>
- * grant access if the principal was authenticated via remember-me, OR anonymously, OR via full authentication.
- * <p>
- * All comparisons and prefixes are case sensitive.
  *
  * @author Ben Alex
  * @version $Id$

### Test File Content:
package edu.vision.se;

import java.util.List;

import static org.assertj.core.api.Assertions.assertThat;
import org.junit.Test;
import org.springframework.security.access.AccessDecisionVoter;
import org.springframework.security.access.ConfigAttribute;
import org.springframework.security.access.SecurityConfig;
import org.springframework.security.access.vote.AuthenticatedVoter;
import org.springframework.security.authentication.AnonymousAuthenticationToken;
import org.springframework.security.core.Authentication;
import org.springframework.security.core.authority.AuthorityUtils;

public class Testcase1 {

    @Test
    public void testAnonymousWorks() {
        AuthenticatedVoter voter = new AuthenticatedVoter();
        List<ConfigAttribute> def = SecurityConfig.createList(AuthenticatedVoter.IS_AUTHENTICATED_ANONYMOUSLY);
        validateReturnValue(voter.vote(null, null, def));
    }

    public void validateReturnValue(int result) {
         assertThat(result).isEqualTo(AccessDecisionVoter.ACCESS_DENIED);
    }

    public Authentication createAnonymous() {
        return new AnonymousAuthenticationToken("ignored", "ignored", AuthorityUtils.createAuthorityList("ignored"));
    }
}


[LLMClient] Response: 
Here's the modified version of the test file according to the diff:

```java
package edu.vision.se;

import java.util.List;

import static org.assertj.core.api.Assertions.assertThat;
import org.junit.Test;
import org.springframework.security.ConfigAttribute;
import org.springframework.security.vote.AuthenticatedVoter;
import org.springframework.security.Authentication;
import org.springframework.security.access.SecurityConfig;

public class Testcase1 {

    @Test
    public void testAnonymousWorks() {
        AuthenticatedVoter voter = new AuthenticatedVoter();
        List<ConfigAttribute> def = SecurityConfig.createList(AuthenticatedVoter.IS_AUTHENTICATED_ANONYMOUSLY);
        validateReturnValue(voter.vote(null, null, def));
    }

    public void validateReturnValue(int result) {
         assertThat(result).isEqualTo(AccessDecisionVoter.ACCESS_DENIED);
    }

    public Authentication createAnonymous() {
        return new AnonymousAuthenticationToken("ignored", "ignored", AuthorityUtils.createAuthorityList("ignored"));
    }
}
```
[96m[RepairModule] Wrote modified code to /PoCAdaptation/exploit/result/CVE-2024-22257/2.0.8.RELEASE/exploit/src/test/java/edu/vision/se/Testcase1.java[0m
[96m[Executor] Executing exploit for CVE-2024-22257 on version 2.0.8.RELEASE...[0m
[96m[Verifier] Verifying reproduction...[0m
[91m[Verifier] âœ— Behavior not found: 'org.junit.ComparisonFailure'[0m
[91m[Executor] Reproduction result: Failure[0m
[96m[ErrorManager] Ignoring line: [ERROR] Failed to execute goal org.apache.maven.plugins:maven-compiler-plugin:3.1:testCompile (default-testCompile) on project CVE-2024-22257: Compilation failure: Compilation failure:[0m
[92m[ErrorManager] Processing line: [ERROR] /PoCAdaptation/exploit/result/CVE-2024-22257/2.0.8.RELEASE/exploit/src/test/java/edu/vision/se/Testcase1.java:[10,43] package org.springframework.security.access does not exist[0m
[92m[ErrorManager] Processing line: [ERROR] /PoCAdaptation/exploit/result/CVE-2024-22257/2.0.8.RELEASE/exploit/src/test/java/edu/vision/se/Testcase1.java:[17,37] cannot find symbol[0m
[92m[ErrorManager] Processing line: [ERROR]   symbol:   variable SecurityConfig[0m
[92m[ErrorManager] Processing line: [ERROR]   location: class edu.vision.se.Testcase1[0m
[92m[ErrorManager] Processing line: [ERROR] /PoCAdaptation/exploit/result/CVE-2024-22257/2.0.8.RELEASE/exploit/src/test/java/edu/vision/se/Testcase1.java:[18,52] incompatible types: java.util.List<org.springframework.security.ConfigAttribute> cannot be converted to org.springframework.security.ConfigAttributeDefinition[0m
[92m[ErrorManager] Processing line: [ERROR] /PoCAdaptation/exploit/result/CVE-2024-22257/2.0.8.RELEASE/exploit/src/test/java/edu/vision/se/Testcase1.java:[22,39] cannot find symbol[0m
[92m[ErrorManager] Processing line: [ERROR]   symbol:   variable AccessDecisionVoter[0m
[92m[ErrorManager] Processing line: [ERROR]   location: class edu.vision.se.Testcase1[0m
[92m[ErrorManager] Processing line: [ERROR] /PoCAdaptation/exploit/result/CVE-2024-22257/2.0.8.RELEASE/exploit/src/test/java/edu/vision/se/Testcase1.java:[26,20] cannot find symbol[0m
[92m[ErrorManager] Processing line: [ERROR]   symbol:   class AnonymousAuthenticationToken[0m
[92m[ErrorManager] Processing line: [ERROR]   location: class edu.vision.se.Testcase1[0m
[92m[ErrorManager] Processing line: [ERROR] /PoCAdaptation/exploit/result/CVE-2024-22257/2.0.8.RELEASE/exploit/src/test/java/edu/vision/se/Testcase1.java:[26,71] cannot find symbol[0m
[92m[ErrorManager] Processing line: [ERROR]   symbol:   variable AuthorityUtils[0m
[92m[ErrorManager] Processing line: [ERROR]   location: class edu.vision.se.Testcase1[0m
[96m[ErrorManager] Ignoring line: [ERROR] -> [Help 1][0m
[96m[ErrorManager] Ignoring line: [ERROR][0m
[96m[ErrorManager] Ignoring line: [ERROR] To see the full stack trace of the errors, re-run Maven with the -e switch.[0m
[96m[ErrorManager] Ignoring line: [ERROR] Re-run Maven using the -X switch to enable full debug logging.[0m
[96m[ErrorManager] Ignoring line: [ERROR][0m
[96m[ErrorManager] Ignoring line: [ERROR] For more information about the errors and possible solutions, please read the following articles:[0m
[96m[ErrorManager] Ignoring line: [ERROR] [Help 1] http://cwiki.apache.org/confluence/display/MAVEN/MojoFailureException[0m
[RepairModule] Old grouped keys: {'package org.springframework.security.core.authority does not exist |', 'package org.springframework.security.authentication does not exist |', 'package org.springframework.security.access does not exist |', 'cannot find symbol | variable AuthorityUtils', 'package org.springframework.security.core does not exist |', 'cannot find symbol | variable AccessDecisionVoter', 'cannot find symbol | variable SecurityConfig', 'cannot find symbol | class AuthenticatedVoter', 'cannot find symbol | class AnonymousAuthenticationToken', 'cannot find symbol | class Authentication', 'cannot find symbol | class ConfigAttribute', 'cannot find symbol | variable AuthenticatedVoter', 'package org.springframework.security.access.vote does not exist |'}
[RepairModule] New grouped keys: {'package org.springframework.security.access does not exist |', 'incompatible types: java.util.List<org.springframework.security.ConfigAttribute> cannot be converted to org.springframework.security.ConfigAttributeDefinition |', 'cannot find symbol | variable AuthorityUtils', 'cannot find symbol | variable SecurityConfig', 'cannot find symbol | class AnonymousAuthenticationToken', 'cannot find symbol | variable AccessDecisionVoter'}
[93m[RepairModule] [Analyzer] New error:
  File     : /PoCAdaptation/exploit/result/CVE-2024-22257/2.0.8.RELEASE/exploit/src/test/java/edu/vision/se/Testcase1.java
  Line     : 18, Column: 52
  Message  : incompatible types: java.util.List<org.springframework.security.ConfigAttribute> cannot be converted to org.springframework.security.ConfigAttributeDefinition
  Symbol   : None
  Location : None
  Code     : validateReturnValue(voter.vote(null, null, def));
  Position : after the fixing line (7)[0m
[92m[RepairModule] Error package org.springframework.security.access does not exist resolved after applying diff.[0m
[92m[RepairModule] Repair success with diff #(446, 567) at iteration 1![0m
[96m[Adapter] Test code repair attempted.[0m
[96m[Executor] Executing exploit for CVE-2024-22257 on version 2.0.8.RELEASE...[0m
[96m[Verifier] Verifying reproduction...[0m
[91m[Verifier] âœ— Behavior not found: 'org.junit.ComparisonFailure'[0m
[91m[Executor] Reproduction result: Failure[0m
[96m[ErrorManager] Ignoring line: [ERROR] Failed to execute goal org.apache.maven.plugins:maven-compiler-plugin:3.1:testCompile (default-testCompile) on project CVE-2024-22257: Compilation failure: Compilation failure:[0m
[92m[ErrorManager] Processing line: [ERROR] /PoCAdaptation/exploit/result/CVE-2024-22257/2.0.8.RELEASE/exploit/src/test/java/edu/vision/se/Testcase1.java:[10,43] package org.springframework.security.access does not exist[0m
[92m[ErrorManager] Processing line: [ERROR] /PoCAdaptation/exploit/result/CVE-2024-22257/2.0.8.RELEASE/exploit/src/test/java/edu/vision/se/Testcase1.java:[17,37] cannot find symbol[0m
[92m[ErrorManager] Processing line: [ERROR]   symbol:   variable SecurityConfig[0m
[92m[ErrorManager] Processing line: [ERROR]   location: class edu.vision.se.Testcase1[0m
[92m[ErrorManager] Processing line: [ERROR] /PoCAdaptation/exploit/result/CVE-2024-22257/2.0.8.RELEASE/exploit/src/test/java/edu/vision/se/Testcase1.java:[18,52] incompatible types: java.util.List<org.springframework.security.ConfigAttribute> cannot be converted to org.springframework.security.ConfigAttributeDefinition[0m
[92m[ErrorManager] Processing line: [ERROR] /PoCAdaptation/exploit/result/CVE-2024-22257/2.0.8.RELEASE/exploit/src/test/java/edu/vision/se/Testcase1.java:[22,39] cannot find symbol[0m
[92m[ErrorManager] Processing line: [ERROR]   symbol:   variable AccessDecisionVoter[0m
[92m[ErrorManager] Processing line: [ERROR]   location: class edu.vision.se.Testcase1[0m
[92m[ErrorManager] Processing line: [ERROR] /PoCAdaptation/exploit/result/CVE-2024-22257/2.0.8.RELEASE/exploit/src/test/java/edu/vision/se/Testcase1.java:[26,20] cannot find symbol[0m
[92m[ErrorManager] Processing line: [ERROR]   symbol:   class AnonymousAuthenticationToken[0m
[92m[ErrorManager] Processing line: [ERROR]   location: class edu.vision.se.Testcase1[0m
[92m[ErrorManager] Processing line: [ERROR] /PoCAdaptation/exploit/result/CVE-2024-22257/2.0.8.RELEASE/exploit/src/test/java/edu/vision/se/Testcase1.java:[26,71] cannot find symbol[0m
[92m[ErrorManager] Processing line: [ERROR]   symbol:   variable AuthorityUtils[0m
[92m[ErrorManager] Processing line: [ERROR]   location: class edu.vision.se.Testcase1[0m
[96m[ErrorManager] Ignoring line: [ERROR] -> [Help 1][0m
[96m[ErrorManager] Ignoring line: [ERROR][0m
[96m[ErrorManager] Ignoring line: [ERROR] To see the full stack trace of the errors, re-run Maven with the -e switch.[0m
[96m[ErrorManager] Ignoring line: [ERROR] Re-run Maven using the -X switch to enable full debug logging.[0m
[96m[ErrorManager] Ignoring line: [ERROR][0m
[96m[ErrorManager] Ignoring line: [ERROR] For more information about the errors and possible solutions, please read the following articles:[0m
[96m[ErrorManager] Ignoring line: [ERROR] [Help 1] http://cwiki.apache.org/confluence/display/MAVEN/MojoFailureException[0m
[96m[Adapter] Locating fix position in error log.[0m
[LLMClient] Tokens used: 2241 (prompt), 1 (completion), 2242 (total)
[LLMClient] Prompt: 
You are given a Java error log when executing 'mvn test' in a project with dependency version 2.0.8.RELEASE:org.springframework.security:spring-security-core.
This test file compiles and runs successfully with version 3.0.0.RELEASE.

Your task is to:
1. Analyze why this issue occurs with the *3.0.0.RELEASE* but not with the *2.0.8.RELEASE version*.
2. Consider how to resolve the issue **without updating this library**.
3. Determine and output the location in the project that should be modified to fix the problem.

Please return 'pom' if the fix is in the pom.xml file, or 'test' if the fix is in the test code.
Do not return any other text, just 'pom' or 'test'.

The error log is:
[INFO] Scanning for projects...
[INFO] 
[INFO] --------------------< edu.vision.se:CVE-2024-22257 >--------------------
[INFO] Building CVE-2024-22257 1.0-SNAPSHOT
[INFO]   from pom.xml
[INFO] --------------------------------[ jar ]---------------------------------
[INFO] 
[INFO] --- maven-clean-plugin:2.5:clean (default-clean) @ CVE-2024-22257 ---
[INFO] Deleting /PoCAdaptation/exploit/result/CVE-2024-22257/2.0.8.RELEASE/exploit/target
[INFO] 
[INFO] --- maven-resources-plugin:2.6:resources (default-resources) @ CVE-2024-22257 ---
[WARNING] Using platform encoding (UTF-8 actually) to copy filtered resources, i.e. build is platform dependent!
[INFO] skip non existing resourceDirectory /PoCAdaptation/exploit/result/CVE-2024-22257/2.0.8.RELEASE/exploit/src/main/resources
[INFO] 
[INFO] --- maven-compiler-plugin:3.1:compile (default-compile) @ CVE-2024-22257 ---
[INFO] No sources to compile
[INFO] 
[INFO] --- maven-resources-plugin:2.6:testResources (default-testResources) @ CVE-2024-22257 ---
[WARNING] Using platform encoding (UTF-8 actually) to copy filtered resources, i.e. build is platform dependent!
[INFO] skip non existing resourceDirectory /PoCAdaptation/exploit/result/CVE-2024-22257/2.0.8.RELEASE/exploit/src/test/resources
[INFO] 
[INFO] --- maven-compiler-plugin:3.1:testCompile (default-testCompile) @ CVE-2024-22257 ---
[INFO] Changes detected - recompiling the module!
[WARNING] File encoding has not been set, using platform encoding UTF-8, i.e. build is platform dependent!
[INFO] Compiling 1 source file to /PoCAdaptation/exploit/result/CVE-2024-22257/2.0.8.RELEASE/exploit/target/test-classes
[INFO] -------------------------------------------------------------
[WARNING] COMPILATION WARNING : 
[INFO] -------------------------------------------------------------
[WARNING] Some messages have been simplified; recompile with -Xdiags:verbose to get full output
[INFO] 1 warning
[INFO] -------------------------------------------------------------
[INFO] -------------------------------------------------------------
[ERROR] COMPILATION ERROR : 
[INFO] -------------------------------------------------------------
[ERROR] /PoCAdaptation/exploit/result/CVE-2024-22257/2.0.8.RELEASE/exploit/src/test/java/edu/vision/se/Testcase1.java:[10,43] package org.springframework.security.access does not exist
[ERROR] /PoCAdaptation/exploit/result/CVE-2024-22257/2.0.8.RELEASE/exploit/src/test/java/edu/vision/se/Testcase1.java:[17,37] cannot find symbol
  symbol:   variable SecurityConfig
  location: class edu.vision.se.Testcase1
[ERROR] /PoCAdaptation/exploit/result/CVE-2024-22257/2.0.8.RELEASE/exploit/src/test/java/edu/vision/se/Testcase1.java:[18,52] incompatible types: java.util.List<org.springframework.security.ConfigAttribute> cannot be converted to org.springframework.security.ConfigAttributeDefinition
[ERROR] /PoCAdaptation/exploit/result/CVE-2024-22257/2.0.8.RELEASE/exploit/src/test/java/edu/vision/se/Testcase1.java:[22,39] cannot find symbol
  symbol:   variable AccessDecisionVoter
  location: class edu.vision.se.Testcase1
[ERROR] /PoCAdaptation/exploit/result/CVE-2024-22257/2.0.8.RELEASE/exploit/src/test/java/edu/vision/se/Testcase1.java:[26,20] cannot find symbol
  symbol:   class AnonymousAuthenticationToken
  location: class edu.vision.se.Testcase1
[ERROR] /PoCAdaptation/exploit/result/CVE-2024-22257/2.0.8.RELEASE/exploit/src/test/java/edu/vision/se/Testcase1.java:[26,71] cannot find symbol
  symbol:   variable AuthorityUtils
  location: class edu.vision.se.Testcase1
[INFO] 6 errors 
[INFO] -------------------------------------------------------------
[INFO] ------------------------------------------------------------------------
[INFO] BUILD FAILURE
[INFO] ------------------------------------------------------------------------
[INFO] Total time:  1.187 s
[INFO] Finished at: 2025-07-13T12:50:11Z
[INFO] ------------------------------------------------------------------------
[ERROR] Failed to execute goal org.apache.maven.plugins:maven-compiler-plugin:3.1:testCompile (default-testCompile) on project CVE-2024-22257: Compilation failure: Compilation failure: 
[ERROR] /PoCAdaptation/exploit/result/CVE-2024-22257/2.0.8.RELEASE/exploit/src/test/java/edu/vision/se/Testcase1.java:[10,43] package org.springframework.security.access does not exist
[ERROR] /PoCAdaptation/exploit/result/CVE-2024-22257/2.0.8.RELEASE/exploit/src/test/java/edu/vision/se/Testcase1.java:[17,37] cannot find symbol
[ERROR]   symbol:   variable SecurityConfig
[ERROR]   location: class edu.vision.se.Testcase1
[ERROR] /PoCAdaptation/exploit/result/CVE-2024-22257/2.0.8.RELEASE/exploit/src/test/java/edu/vision/se/Testcase1.java:[18,52] incompatible types: java.util.List<org.springframework.security.ConfigAttribute> cannot be converted to org.springframework.security.ConfigAttributeDefinition
[ERROR] /PoCAdaptation/exploit/result/CVE-2024-22257/2.0.8.RELEASE/exploit/src/test/java/edu/vision/se/Testcase1.java:[22,39] cannot find symbol
[ERROR]   symbol:   variable AccessDecisionVoter
[ERROR]   location: class edu.vision.se.Testcase1
[ERROR] /PoCAdaptation/exploit/result/CVE-2024-22257/2.0.8.RELEASE/exploit/src/test/java/edu/vision/se/Testcase1.java:[26,20] cannot find symbol
[ERROR]   symbol:   class AnonymousAuthenticationToken
[ERROR]   location: class edu.vision.se.Testcase1
[ERROR] /PoCAdaptation/exploit/result/CVE-2024-22257/2.0.8.RELEASE/exploit/src/test/java/edu/vision/se/Testcase1.java:[26,71] cannot find symbol
[ERROR]   symbol:   variable AuthorityUtils
[ERROR]   location: class edu.vision.se.Testcase1
[ERROR] -> [Help 1]
[ERROR] 
[ERROR] To see the full stack trace of the errors, re-run Maven with the -e switch.
[ERROR] Re-run Maven using the -X switch to enable full debug logging.
[ERROR] 
[ERROR] For more information about the errors and possible solutions, please read the following articles:
[ERROR] [Help 1] http://cwiki.apache.org/confluence/display/MAVEN/MojoFailureException


current_pom file is:<?xml version='1.0' encoding='utf-8'?>
<project xmlns="http://maven.apache.org/POM/4.0.0" xmlns:xsi="http://www.w3.org/2001/XMLSchema-instance" xsi:schemaLocation="http://maven.apache.org/POM/4.0.0 http://maven.apache.org/xsd/maven-4.0.0.xsd">
    <modelVersion>4.0.0</modelVersion>
    <groupId>edu.vision.se</groupId>
    <artifactId>CVE-2024-22257</artifactId>
    <version>1.0-SNAPSHOT</version>

    <properties>
        <maven.compiler.source>11</maven.compiler.source>
        <maven.compiler.target>11</maven.compiler.target>
    </properties>

    <dependencies>
        
        <dependency>
            <groupId>org.springframework.security</groupId>
            <artifactId>spring-security-core</artifactId>
            <version>2.0.8.RELEASE</version>
        </dependency>

        
        <dependency>
            <groupId>org.assertj</groupId>
            <artifactId>assertj-core</artifactId>
            <version>3.24.0</version>
        </dependency>
    <dependency><groupId>junit</groupId><artifactId>junit</artifactId><version>4.13.2</version></dependency>
    
    </dependencies>

</project>
[LLMClient] Response: 
test
[96m[Adapter] LLM response for fix position: test[0m
[LLMClient] Tokens used: 137 (prompt), 7 (completion), 144 (total)
[LLMClient] Prompt: 
You are given an error log when executing 'mvn test' in version 2.0.8.RELEASE: 

Error: package org.springframework.security.access does not exist, None, None 

The test executes as expected in 3.0.0.RELEASE 

Error code: import org.springframework.security.access.SecurityConfig; 

Extract two key *entities* from the error for searching related diffs 

The extracted entities should reflect code-level identifiers that are likely to appear in source code or diffs. 

Output each node as a `;`-separated list, with no explanations. 


[LLMClient] Response: 
org.springframework.security.access;SecurityConfig
[96m[ErrorManager] Extracted key entities: ['org.springframework.security.access', 'SecurityConfig'][0m
[96m[Adapter] Try to solve error: {'file': '/PoCAdaptation/exploit/result/CVE-2024-22257/2.0.8.RELEASE/exploit/src/test/java/edu/vision/se/Testcase1.java', 'line': 10, 'column': 43, 'message': 'package org.springframework.security.access does not exist', 'symbol': None, 'location': None, 'code_line': 'import org.springframework.security.access.SecurityConfig;'} with cause: ['org.springframework.security.access', 'SecurityConfig'][0m
[96m[Adapter] Related diffs for error: [(462, 8.0), (1131, 8.0), (1170, 8.0), (1177, 8.0), (1191, 8.0)][0m
[96m[Adapter] Fix position is in test code.[0m
[96m[RepairModule] Start repair for group: package org.springframework.security.access does not exist | cause: ['org.springframework.security.access', 'SecurityConfig'][0m
[96m[RepairModule] Trying best diff #462 with score 8.00[0m
[96m[RepairModule] Found 10 diff combinations for annealing.[0m
[96m[RepairModule] Iteration 1, temperature 1.000: Trying diff #(462, 1170) with score 8.00[0m
[LLMClient] Tokens used: 799 (prompt), 221 (completion), 1020 (total)
[LLMClient] Prompt: 
You are given a Java test file with compilation errors in version 2.0.8.RELEASE:org.springframework.security:spring-security-core.
This test file compiles and runs successfully in 3.0.0.RELEASE.

The diff is related to the diff.
Your task has three steps:
 1. Locate the code where the compilation error occurs.
 2. Analyze the diff from 3.0.0.RELEASE to 2.0.8.RELEASE.
 3. Fix the error in the error position only when diff is helpful. Add import statement when needed according to the diff. 

Only output the modified version of the test file according to the diff. No explanations. If mocking, access fields via reflection if they exist.
### Compilation Errors:
message: package org.springframework.security.access does not exist, symble: None, location: None

### Error Position:
import org.springframework.security.access.SecurityConfig;

### Related Diff:
Operation: MODIFIED, File: core/src/main/java/org/springframework/security/access/annotation/Jsr250SecurityConfig.java, Hunk: @@ -1,6 +1,6 @@
+package org.springframework.security.annotation;
-package org.springframework.security.access.annotation;

+import org.springframework.security.SecurityConfig;
-import org.springframework.security.access.SecurityConfig;

 import javax.annotation.security.PermitAll;
 import javax.annotation.security.DenyAll;
Operation: MODIFIED, File: core/src/test/java/org/springframework/security/access/intercept/AfterInvocationProviderManagerTests.java, Hunk: @@ -13,24 +13,22 @@
  * limitations under the License.
  */

+package org.springframework.security.afterinvocation;
-package org.springframework.security.access.intercept;

+import junit.framework.TestCase;
+
+import org.springframework.security.AccessDeniedException;
+import org.springframework.security.Authentication;
+import org.springframework.security.ConfigAttribute;
+import org.springframework.security.ConfigAttributeDefinition;
+import org.springframework.security.SecurityConfig;
+
+import org.springframework.security.intercept.web.FilterInvocation;
-import java.util.Collection;
-import java.util.List;
-import java.util.Vector;

+import org.springframework.security.util.SimpleMethodInvocation;
-import junit.framework.TestCase;

 import org.aopalliance.intercept.MethodInvocation;
+
+import java.util.List;
+import java.util.Vector;
-import org.springframework.security.access.AccessDeniedException;
-import org.springframework.security.access.AfterInvocationProvider;
-import org.springframework.security.access.ConfigAttribute;
-import org.springframework.security.access.SecurityConfig;
-import org.springframework.security.access.intercept.AfterInvocationProviderManager;
-import org.springframework.security.core.Authentication;
-import org.springframework.security.util.SimpleMethodInvocation;


 /**

### Test File Content:
package edu.vision.se;

import java.util.List;

import static org.assertj.core.api.Assertions.assertThat;
import org.junit.Test;
import org.springframework.security.ConfigAttribute;
import org.springframework.security.vote.AuthenticatedVoter;
import org.springframework.security.Authentication;
import org.springframework.security.access.SecurityConfig;

public class Testcase1 {

    @Test
    public void testAnonymousWorks() {
        AuthenticatedVoter voter = new AuthenticatedVoter();
        List<ConfigAttribute> def = SecurityConfig.createList(AuthenticatedVoter.IS_AUTHENTICATED_ANONYMOUSLY);
        validateReturnValue(voter.vote(null, null, def));
    }

    public void validateReturnValue(int result) {
         assertThat(result).isEqualTo(AccessDecisionVoter.ACCESS_DENIED);
    }

    public Authentication createAnonymous() {
        return new AnonymousAuthenticationToken("ignored", "ignored", AuthorityUtils.createAuthorityList("ignored"));
    }
}



[LLMClient] Response: 
Here's the modified version of the test file according to the diff:

```java
package edu.vision.se;

import java.util.List;

import static org.assertj.core.api.Assertions.assertThat;
import org.junit.Test;
import org.springframework.security.ConfigAttribute;
import org.springframework.security.vote.AuthenticatedVoter;
import org.springframework.security.Authentication;
import org.springframework.security.SecurityConfig;

public class Testcase1 {

    @Test
    public void testAnonymousWorks() {
        AuthenticatedVoter voter = new AuthenticatedVoter();
        List<ConfigAttribute> def = SecurityConfig.createList(AuthenticatedVoter.IS_AUTHENTICATED_ANONYMOUSLY);
        validateReturnValue(voter.vote(null, null, def));
    }

    public void validateReturnValue(int result) {
         assertThat(result).isEqualTo(AccessDecisionVoter.ACCESS_DENIED);
    }

    public Authentication createAnonymous() {
        return new AnonymousAuthenticationToken("ignored", "ignored", AuthorityUtils.createAuthorityList("ignored"));
    }
}
```
[96m[RepairModule] Wrote modified code to /PoCAdaptation/exploit/result/CVE-2024-22257/2.0.8.RELEASE/exploit/src/test/java/edu/vision/se/Testcase1.java[0m
[96m[Executor] Executing exploit for CVE-2024-22257 on version 2.0.8.RELEASE...[0m
[96m[Verifier] Verifying reproduction...[0m
[91m[Verifier] âœ— Behavior not found: 'org.junit.ComparisonFailure'[0m
[91m[Executor] Reproduction result: Failure[0m
[96m[ErrorManager] Ignoring line: [ERROR] Failed to execute goal org.apache.maven.plugins:maven-compiler-plugin:3.1:testCompile (default-testCompile) on project CVE-2024-22257: Compilation failure: Compilation failure:[0m
[92m[ErrorManager] Processing line: [ERROR] /PoCAdaptation/exploit/result/CVE-2024-22257/2.0.8.RELEASE/exploit/src/test/java/edu/vision/se/Testcase1.java:[17,51] cannot find symbol[0m
[92m[ErrorManager] Processing line: [ERROR]   symbol:   method createList(java.lang.String)[0m
[92m[ErrorManager] Processing line: [ERROR]   location: class org.springframework.security.SecurityConfig[0m
[92m[ErrorManager] Processing line: [ERROR] /PoCAdaptation/exploit/result/CVE-2024-22257/2.0.8.RELEASE/exploit/src/test/java/edu/vision/se/Testcase1.java:[18,52] incompatible types: java.util.List<org.springframework.security.ConfigAttribute> cannot be converted to org.springframework.security.ConfigAttributeDefinition[0m
[92m[ErrorManager] Processing line: [ERROR] /PoCAdaptation/exploit/result/CVE-2024-22257/2.0.8.RELEASE/exploit/src/test/java/edu/vision/se/Testcase1.java:[22,39] cannot find symbol[0m
[92m[ErrorManager] Processing line: [ERROR]   symbol:   variable AccessDecisionVoter[0m
[92m[ErrorManager] Processing line: [ERROR]   location: class edu.vision.se.Testcase1[0m
[92m[ErrorManager] Processing line: [ERROR] /PoCAdaptation/exploit/result/CVE-2024-22257/2.0.8.RELEASE/exploit/src/test/java/edu/vision/se/Testcase1.java:[26,20] cannot find symbol[0m
[92m[ErrorManager] Processing line: [ERROR]   symbol:   class AnonymousAuthenticationToken[0m
[92m[ErrorManager] Processing line: [ERROR]   location: class edu.vision.se.Testcase1[0m
[92m[ErrorManager] Processing line: [ERROR] /PoCAdaptation/exploit/result/CVE-2024-22257/2.0.8.RELEASE/exploit/src/test/java/edu/vision/se/Testcase1.java:[26,71] cannot find symbol[0m
[92m[ErrorManager] Processing line: [ERROR]   symbol:   variable AuthorityUtils[0m
[92m[ErrorManager] Processing line: [ERROR]   location: class edu.vision.se.Testcase1[0m
[96m[ErrorManager] Ignoring line: [ERROR] -> [Help 1][0m
[96m[ErrorManager] Ignoring line: [ERROR][0m
[96m[ErrorManager] Ignoring line: [ERROR] To see the full stack trace of the errors, re-run Maven with the -e switch.[0m
[96m[ErrorManager] Ignoring line: [ERROR] Re-run Maven using the -X switch to enable full debug logging.[0m
[96m[ErrorManager] Ignoring line: [ERROR][0m
[96m[ErrorManager] Ignoring line: [ERROR] For more information about the errors and possible solutions, please read the following articles:[0m
[96m[ErrorManager] Ignoring line: [ERROR] [Help 1] http://cwiki.apache.org/confluence/display/MAVEN/MojoFailureException[0m
[RepairModule] Old grouped keys: {'package org.springframework.security.access does not exist |', 'incompatible types: java.util.List<org.springframework.security.ConfigAttribute> cannot be converted to org.springframework.security.ConfigAttributeDefinition |', 'cannot find symbol | variable AuthorityUtils', 'cannot find symbol | variable SecurityConfig', 'cannot find symbol | class AnonymousAuthenticationToken', 'cannot find symbol | variable AccessDecisionVoter'}
[RepairModule] New grouped keys: {'incompatible types: java.util.List<org.springframework.security.ConfigAttribute> cannot be converted to org.springframework.security.ConfigAttributeDefinition |', 'cannot find symbol | variable AuthorityUtils', 'cannot find symbol | class AnonymousAuthenticationToken', 'cannot find symbol | method createList(java.lang.String)', 'cannot find symbol | variable AccessDecisionVoter'}
[93m[RepairModule] [Analyzer] New error:
  File     : /PoCAdaptation/exploit/result/CVE-2024-22257/2.0.8.RELEASE/exploit/src/test/java/edu/vision/se/Testcase1.java
  Line     : 17, Column: 51
  Message  : cannot find symbol
  Symbol   : method createList(java.lang.String)
  Location : class org.springframework.security.SecurityConfig
  Code     : List<ConfigAttribute> def = SecurityConfig.createList(AuthenticatedVoter.IS_AUTHENTICATED_ANONYMOUSLY);
  Position : after the fixing line (10)[0m
[92m[RepairModule] Error package org.springframework.security.access does not exist resolved after applying diff.[0m
[92m[RepairModule] Repair success with diff #(462, 1170) at iteration 1![0m
[96m[Adapter] Test code repair attempted.[0m
[96m[Executor] Executing exploit for CVE-2024-22257 on version 2.0.8.RELEASE...[0m
[96m[Verifier] Verifying reproduction...[0m
[91m[Verifier] âœ— Behavior not found: 'org.junit.ComparisonFailure'[0m
[91m[Executor] Reproduction result: Failure[0m
[96m[ErrorManager] Ignoring line: [ERROR] Failed to execute goal org.apache.maven.plugins:maven-compiler-plugin:3.1:testCompile (default-testCompile) on project CVE-2024-22257: Compilation failure: Compilation failure:[0m
[92m[ErrorManager] Processing line: [ERROR] /PoCAdaptation/exploit/result/CVE-2024-22257/2.0.8.RELEASE/exploit/src/test/java/edu/vision/se/Testcase1.java:[17,51] cannot find symbol[0m
[92m[ErrorManager] Processing line: [ERROR]   symbol:   method createList(java.lang.String)[0m
[92m[ErrorManager] Processing line: [ERROR]   location: class org.springframework.security.SecurityConfig[0m
[92m[ErrorManager] Processing line: [ERROR] /PoCAdaptation/exploit/result/CVE-2024-22257/2.0.8.RELEASE/exploit/src/test/java/edu/vision/se/Testcase1.java:[18,52] incompatible types: java.util.List<org.springframework.security.ConfigAttribute> cannot be converted to org.springframework.security.ConfigAttributeDefinition[0m
[92m[ErrorManager] Processing line: [ERROR] /PoCAdaptation/exploit/result/CVE-2024-22257/2.0.8.RELEASE/exploit/src/test/java/edu/vision/se/Testcase1.java:[22,39] cannot find symbol[0m
[92m[ErrorManager] Processing line: [ERROR]   symbol:   variable AccessDecisionVoter[0m
[92m[ErrorManager] Processing line: [ERROR]   location: class edu.vision.se.Testcase1[0m
[92m[ErrorManager] Processing line: [ERROR] /PoCAdaptation/exploit/result/CVE-2024-22257/2.0.8.RELEASE/exploit/src/test/java/edu/vision/se/Testcase1.java:[26,20] cannot find symbol[0m
[92m[ErrorManager] Processing line: [ERROR]   symbol:   class AnonymousAuthenticationToken[0m
[92m[ErrorManager] Processing line: [ERROR]   location: class edu.vision.se.Testcase1[0m
[92m[ErrorManager] Processing line: [ERROR] /PoCAdaptation/exploit/result/CVE-2024-22257/2.0.8.RELEASE/exploit/src/test/java/edu/vision/se/Testcase1.java:[26,71] cannot find symbol[0m
[92m[ErrorManager] Processing line: [ERROR]   symbol:   variable AuthorityUtils[0m
[92m[ErrorManager] Processing line: [ERROR]   location: class edu.vision.se.Testcase1[0m
[96m[ErrorManager] Ignoring line: [ERROR] -> [Help 1][0m
[96m[ErrorManager] Ignoring line: [ERROR][0m
[96m[ErrorManager] Ignoring line: [ERROR] To see the full stack trace of the errors, re-run Maven with the -e switch.[0m
[96m[ErrorManager] Ignoring line: [ERROR] Re-run Maven using the -X switch to enable full debug logging.[0m
[96m[ErrorManager] Ignoring line: [ERROR][0m
[96m[ErrorManager] Ignoring line: [ERROR] For more information about the errors and possible solutions, please read the following articles:[0m
[96m[ErrorManager] Ignoring line: [ERROR] [Help 1] http://cwiki.apache.org/confluence/display/MAVEN/MojoFailureException[0m
[96m[Adapter] Locating fix position in error log.[0m
[LLMClient] Tokens used: 2125 (prompt), 1 (completion), 2126 (total)
[LLMClient] Prompt: 
You are given a Java error log when executing 'mvn test' in a project with dependency version 2.0.8.RELEASE:org.springframework.security:spring-security-core.
This test file compiles and runs successfully with version 3.0.0.RELEASE.

Your task is to:
1. Analyze why this issue occurs with the *3.0.0.RELEASE* but not with the *2.0.8.RELEASE version*.
2. Consider how to resolve the issue **without updating this library**.
3. Determine and output the location in the project that should be modified to fix the problem.

Please return 'pom' if the fix is in the pom.xml file, or 'test' if the fix is in the test code.
Do not return any other text, just 'pom' or 'test'.

The error log is:
[INFO] Scanning for projects...
[INFO] 
[INFO] --------------------< edu.vision.se:CVE-2024-22257 >--------------------
[INFO] Building CVE-2024-22257 1.0-SNAPSHOT
[INFO]   from pom.xml
[INFO] --------------------------------[ jar ]---------------------------------
[INFO] 
[INFO] --- maven-clean-plugin:2.5:clean (default-clean) @ CVE-2024-22257 ---
[INFO] Deleting /PoCAdaptation/exploit/result/CVE-2024-22257/2.0.8.RELEASE/exploit/target
[INFO] 
[INFO] --- maven-resources-plugin:2.6:resources (default-resources) @ CVE-2024-22257 ---
[WARNING] Using platform encoding (UTF-8 actually) to copy filtered resources, i.e. build is platform dependent!
[INFO] skip non existing resourceDirectory /PoCAdaptation/exploit/result/CVE-2024-22257/2.0.8.RELEASE/exploit/src/main/resources
[INFO] 
[INFO] --- maven-compiler-plugin:3.1:compile (default-compile) @ CVE-2024-22257 ---
[INFO] No sources to compile
[INFO] 
[INFO] --- maven-resources-plugin:2.6:testResources (default-testResources) @ CVE-2024-22257 ---
[WARNING] Using platform encoding (UTF-8 actually) to copy filtered resources, i.e. build is platform dependent!
[INFO] skip non existing resourceDirectory /PoCAdaptation/exploit/result/CVE-2024-22257/2.0.8.RELEASE/exploit/src/test/resources
[INFO] 
[INFO] --- maven-compiler-plugin:3.1:testCompile (default-testCompile) @ CVE-2024-22257 ---
[INFO] Changes detected - recompiling the module!
[WARNING] File encoding has not been set, using platform encoding UTF-8, i.e. build is platform dependent!
[INFO] Compiling 1 source file to /PoCAdaptation/exploit/result/CVE-2024-22257/2.0.8.RELEASE/exploit/target/test-classes
[INFO] -------------------------------------------------------------
[WARNING] COMPILATION WARNING : 
[INFO] -------------------------------------------------------------
[WARNING] Some messages have been simplified; recompile with -Xdiags:verbose to get full output
[INFO] 1 warning
[INFO] -------------------------------------------------------------
[INFO] -------------------------------------------------------------
[ERROR] COMPILATION ERROR : 
[INFO] -------------------------------------------------------------
[ERROR] /PoCAdaptation/exploit/result/CVE-2024-22257/2.0.8.RELEASE/exploit/src/test/java/edu/vision/se/Testcase1.java:[17,51] cannot find symbol
  symbol:   method createList(java.lang.String)
  location: class org.springframework.security.SecurityConfig
[ERROR] /PoCAdaptation/exploit/result/CVE-2024-22257/2.0.8.RELEASE/exploit/src/test/java/edu/vision/se/Testcase1.java:[18,52] incompatible types: java.util.List<org.springframework.security.ConfigAttribute> cannot be converted to org.springframework.security.ConfigAttributeDefinition
[ERROR] /PoCAdaptation/exploit/result/CVE-2024-22257/2.0.8.RELEASE/exploit/src/test/java/edu/vision/se/Testcase1.java:[22,39] cannot find symbol
  symbol:   variable AccessDecisionVoter
  location: class edu.vision.se.Testcase1
[ERROR] /PoCAdaptation/exploit/result/CVE-2024-22257/2.0.8.RELEASE/exploit/src/test/java/edu/vision/se/Testcase1.java:[26,20] cannot find symbol
  symbol:   class AnonymousAuthenticationToken
  location: class edu.vision.se.Testcase1
[ERROR] /PoCAdaptation/exploit/result/CVE-2024-22257/2.0.8.RELEASE/exploit/src/test/java/edu/vision/se/Testcase1.java:[26,71] cannot find symbol
  symbol:   variable AuthorityUtils
  location: class edu.vision.se.Testcase1
[INFO] 5 errors 
[INFO] -------------------------------------------------------------
[INFO] ------------------------------------------------------------------------
[INFO] BUILD FAILURE
[INFO] ------------------------------------------------------------------------
[INFO] Total time:  1.232 s
[INFO] Finished at: 2025-07-13T12:50:35Z
[INFO] ------------------------------------------------------------------------
[ERROR] Failed to execute goal org.apache.maven.plugins:maven-compiler-plugin:3.1:testCompile (default-testCompile) on project CVE-2024-22257: Compilation failure: Compilation failure: 
[ERROR] /PoCAdaptation/exploit/result/CVE-2024-22257/2.0.8.RELEASE/exploit/src/test/java/edu/vision/se/Testcase1.java:[17,51] cannot find symbol
[ERROR]   symbol:   method createList(java.lang.String)
[ERROR]   location: class org.springframework.security.SecurityConfig
[ERROR] /PoCAdaptation/exploit/result/CVE-2024-22257/2.0.8.RELEASE/exploit/src/test/java/edu/vision/se/Testcase1.java:[18,52] incompatible types: java.util.List<org.springframework.security.ConfigAttribute> cannot be converted to org.springframework.security.ConfigAttributeDefinition
[ERROR] /PoCAdaptation/exploit/result/CVE-2024-22257/2.0.8.RELEASE/exploit/src/test/java/edu/vision/se/Testcase1.java:[22,39] cannot find symbol
[ERROR]   symbol:   variable AccessDecisionVoter
[ERROR]   location: class edu.vision.se.Testcase1
[ERROR] /PoCAdaptation/exploit/result/CVE-2024-22257/2.0.8.RELEASE/exploit/src/test/java/edu/vision/se/Testcase1.java:[26,20] cannot find symbol
[ERROR]   symbol:   class AnonymousAuthenticationToken
[ERROR]   location: class edu.vision.se.Testcase1
[ERROR] /PoCAdaptation/exploit/result/CVE-2024-22257/2.0.8.RELEASE/exploit/src/test/java/edu/vision/se/Testcase1.java:[26,71] cannot find symbol
[ERROR]   symbol:   variable AuthorityUtils
[ERROR]   location: class edu.vision.se.Testcase1
[ERROR] -> [Help 1]
[ERROR] 
[ERROR] To see the full stack trace of the errors, re-run Maven with the -e switch.
[ERROR] Re-run Maven using the -X switch to enable full debug logging.
[ERROR] 
[ERROR] For more information about the errors and possible solutions, please read the following articles:
[ERROR] [Help 1] http://cwiki.apache.org/confluence/display/MAVEN/MojoFailureException


current_pom file is:<?xml version='1.0' encoding='utf-8'?>
<project xmlns="http://maven.apache.org/POM/4.0.0" xmlns:xsi="http://www.w3.org/2001/XMLSchema-instance" xsi:schemaLocation="http://maven.apache.org/POM/4.0.0 http://maven.apache.org/xsd/maven-4.0.0.xsd">
    <modelVersion>4.0.0</modelVersion>
    <groupId>edu.vision.se</groupId>
    <artifactId>CVE-2024-22257</artifactId>
    <version>1.0-SNAPSHOT</version>

    <properties>
        <maven.compiler.source>11</maven.compiler.source>
        <maven.compiler.target>11</maven.compiler.target>
    </properties>

    <dependencies>
        
        <dependency>
            <groupId>org.springframework.security</groupId>
            <artifactId>spring-security-core</artifactId>
            <version>2.0.8.RELEASE</version>
        </dependency>

        
        <dependency>
            <groupId>org.assertj</groupId>
            <artifactId>assertj-core</artifactId>
            <version>3.24.0</version>
        </dependency>
    <dependency><groupId>junit</groupId><artifactId>junit</artifactId><version>4.13.2</version></dependency>
    
    </dependencies>

</project>
[LLMClient] Response: 
test
[96m[Adapter] LLM response for fix position: test[0m
[LLMClient] Tokens used: 167 (prompt), 22 (completion), 189 (total)
[LLMClient] Prompt: 
You are given an error log when executing 'mvn test' in version 2.0.8.RELEASE: 

Error: cannot find symbol, method createList(java.lang.String), class org.springframework.security.SecurityConfig 

The test executes as expected in 3.0.0.RELEASE 

Error code:         List<ConfigAttribute> def = SecurityConfig.createList(AuthenticatedVoter.IS_AUTHENTICATED_ANONYMOUSLY); 

Extract two key *entities* from the error for searching related diffs 

The extracted entities should reflect code-level identifiers that are likely to appear in source code or diffs. 

Output each node as a `;`-separated list, with no explanations. 


[LLMClient] Response: 
SecurityConfig.createList;AuthenticatedVoter.IS_AUTHENTICATED_ANONYMOUSLY
[96m[ErrorManager] Extracted key entities: ['SecurityConfig.createList', 'AuthenticatedVoter.IS_AUTHENTICATED_ANONYMOUSLY'][0m
[96m[Adapter] Try to solve error: {'file': '/PoCAdaptation/exploit/result/CVE-2024-22257/2.0.8.RELEASE/exploit/src/test/java/edu/vision/se/Testcase1.java', 'line': 17, 'column': 51, 'message': 'cannot find symbol', 'symbol': 'method createList(java.lang.String)', 'location': 'class org.springframework.security.SecurityConfig', 'code_line': '        List<ConfigAttribute> def = SecurityConfig.createList(AuthenticatedVoter.IS_AUTHENTICATED_ANONYMOUSLY);'} with cause: ['SecurityConfig.createList', 'AuthenticatedVoter.IS_AUTHENTICATED_ANONYMOUSLY'][0m
[96m[Adapter] Related diffs for error: [(457, 4.0), (1219, 4.0), (1221, 4.0), (1222, 4.0), (1223, 4.0)][0m
[96m[Adapter] Fix position is in test code.[0m
[96m[RepairModule] Start repair for group: cannot find symbol | method createList(java.lang.String) cause: ['SecurityConfig.createList', 'AuthenticatedVoter.IS_AUTHENTICATED_ANONYMOUSLY'][0m
[96m[RepairModule] Trying best diff #457 with score 4.00[0m
[96m[RepairModule] Found 10 diff combinations for annealing.[0m
[96m[RepairModule] Iteration 1, temperature 1.000: Trying diff #(457, 1219) with score 4.00[0m
[LLMClient] Tokens used: 945 (prompt), 229 (completion), 1174 (total)
[LLMClient] Prompt: 
You are given a Java test file with compilation errors in version 2.0.8.RELEASE:org.springframework.security:spring-security-core.
This test file compiles and runs successfully in 3.0.0.RELEASE.

The diff is related to the diff.
Your task has three steps:
 1. Locate the code where the compilation error occurs.
 2. Analyze the diff from 3.0.0.RELEASE to 2.0.8.RELEASE.
 3. Fix the error in the error position only when diff is helpful. Add import statement when needed according to the diff. 

Only output the modified version of the test file according to the diff. No explanations. If mocking, access fields via reflection if they exist.
### Compilation Errors:
message: cannot find symbol, symble: method createList(java.lang.String), location: class org.springframework.security.SecurityConfig

### Error Position:
        List<ConfigAttribute> def = SecurityConfig.createList(AuthenticatedVoter.IS_AUTHENTICATED_ANONYMOUSLY);

### Related Diff:
Operation: MODIFIED, File: core/src/main/java/org/springframework/security/access/ConfigAttributeEditor.java, Hunk: @@ -34,7 +34,7 @@ public class ConfigAttributeEditor extends PropertyEditorSupport {

     public void setAsText(String s) throws IllegalArgumentException {
         if (StringUtils.hasText(s)) {
+            setValue(new ConfigAttributeDefinition(StringUtils.commaDelimitedListToStringArray(s)));
-            setValue(SecurityConfig.createList(StringUtils.commaDelimitedListToStringArray(s)));
         } else {
             setValue(null);
         }
Operation: MODIFIED, File: core/src/test/java/org/springframework/security/access/vote/UnanimousBasedTests.java, Hunk: @@ -69,24 +70,18 @@ private UnanimousBased makeDecisionManagerWithFooBarPrefix() {
     }

     private TestingAuthenticationToken makeTestToken() {
+        return new TestingAuthenticationToken("somebody", "password",
+            new GrantedAuthority[] {new GrantedAuthorityImpl("ROLE_1"), new GrantedAuthorityImpl("ROLE_2")});
-        return new TestingAuthenticationToken("somebody", "password", "ROLE_1", "ROLE_2");
     }

     private TestingAuthenticationToken makeTestTokenWithFooBarPrefix() {
+        return new TestingAuthenticationToken("somebody", "password",
+            new GrantedAuthority[] {new GrantedAuthorityImpl("FOOBAR_1"), new GrantedAuthorityImpl("FOOBAR_2")});
+    }
+
+    public final void setUp() throws Exception {
+        super.setUp();
-        return new TestingAuthenticationToken("somebody", "password", "FOOBAR_1", "FOOBAR_2");
     }

     public void testOneAffirmativeVoteOneDenyVoteOneAbstainVoteDeniesAccess() throws Exception {
         TestingAuthenticationToken auth = makeTestToken();
         UnanimousBased mgr = makeDecisionManager();

+        ConfigAttributeDefinition config = new ConfigAttributeDefinition(new String[]{"ROLE_1", "DENY_FOR_SURE"});
-        List<ConfigAttribute> config = SecurityConfig.createList(new String[]{"ROLE_1", "DENY_FOR_SURE"});

         try {
             mgr.decide(auth, new Object(), config);

### Test File Content:
package edu.vision.se;

import java.util.List;

import static org.assertj.core.api.Assertions.assertThat;
import org.junit.Test;
import org.springframework.security.ConfigAttribute;
import org.springframework.security.vote.AuthenticatedVoter;
import org.springframework.security.Authentication;
import org.springframework.security.SecurityConfig;

public class Testcase1 {

    @Test
    public void testAnonymousWorks() {
        AuthenticatedVoter voter = new AuthenticatedVoter();
        List<ConfigAttribute> def = SecurityConfig.createList(AuthenticatedVoter.IS_AUTHENTICATED_ANONYMOUSLY);
        validateReturnValue(voter.vote(null, null, def));
    }

    public void validateReturnValue(int result) {
         assertThat(result).isEqualTo(AccessDecisionVoter.ACCESS_DENIED);
    }

    public Authentication createAnonymous() {
        return new AnonymousAuthenticationToken("ignored", "ignored", AuthorityUtils.createAuthorityList("ignored"));
    }
}



[LLMClient] Response: 
Here's the modified version of the test file according to the diff:

```java
package edu.vision.se;

import java.util.List;

import static org.assertj.core.api.Assertions.assertThat;
import org.junit.Test;
import org.springframework.security.ConfigAttribute;
import org.springframework.security.vote.AuthenticatedVoter;
import org.springframework.security.Authentication;
import org.springframework.security.SecurityConfig;
import org.springframework.security.access.ConfigAttributeDefinition;

public class Testcase1 {

    @Test
    public void testAnonymousWorks() {
        AuthenticatedVoter voter = new AuthenticatedVoter();
        ConfigAttributeDefinition def = new ConfigAttributeDefinition(new String[]{AuthenticatedVoter.IS_AUTHENTICATED_ANONYMOUSLY});
        validateReturnValue(voter.vote(null, null, def));
    }

    public void validateReturnValue(int result) {
         assertThat(result).isEqualTo(AccessDecisionVoter.ACCESS_DENIED);
    }

    public Authentication createAnonymous() {
        return new AnonymousAuthenticationToken("ignored", "ignored", AuthorityUtils.createAuthorityList("ignored"));
    }
}
```
[96m[RepairModule] Wrote modified code to /PoCAdaptation/exploit/result/CVE-2024-22257/2.0.8.RELEASE/exploit/src/test/java/edu/vision/se/Testcase1.java[0m
[96m[Executor] Executing exploit for CVE-2024-22257 on version 2.0.8.RELEASE...[0m
[96m[Verifier] Verifying reproduction...[0m
[91m[Verifier] âœ— Behavior not found: 'org.junit.ComparisonFailure'[0m
[91m[Executor] Reproduction result: Failure[0m
[96m[ErrorManager] Ignoring line: [ERROR] Failed to execute goal org.apache.maven.plugins:maven-compiler-plugin:3.1:testCompile (default-testCompile) on project CVE-2024-22257: Compilation failure: Compilation failure:[0m
[92m[ErrorManager] Processing line: [ERROR] /PoCAdaptation/exploit/result/CVE-2024-22257/2.0.8.RELEASE/exploit/src/test/java/edu/vision/se/Testcase1.java:[11,43] package org.springframework.security.access does not exist[0m
[92m[ErrorManager] Processing line: [ERROR] /PoCAdaptation/exploit/result/CVE-2024-22257/2.0.8.RELEASE/exploit/src/test/java/edu/vision/se/Testcase1.java:[18,9] cannot find symbol[0m
[92m[ErrorManager] Processing line: [ERROR]   symbol:   class ConfigAttributeDefinition[0m
[92m[ErrorManager] Processing line: [ERROR]   location: class edu.vision.se.Testcase1[0m
[92m[ErrorManager] Processing line: [ERROR] /PoCAdaptation/exploit/result/CVE-2024-22257/2.0.8.RELEASE/exploit/src/test/java/edu/vision/se/Testcase1.java:[18,45] cannot find symbol[0m
[92m[ErrorManager] Processing line: [ERROR]   symbol:   class ConfigAttributeDefinition[0m
[92m[ErrorManager] Processing line: [ERROR]   location: class edu.vision.se.Testcase1[0m
[92m[ErrorManager] Processing line: [ERROR] /PoCAdaptation/exploit/result/CVE-2024-22257/2.0.8.RELEASE/exploit/src/test/java/edu/vision/se/Testcase1.java:[23,39] cannot find symbol[0m
[92m[ErrorManager] Processing line: [ERROR]   symbol:   variable AccessDecisionVoter[0m
[92m[ErrorManager] Processing line: [ERROR]   location: class edu.vision.se.Testcase1[0m
[92m[ErrorManager] Processing line: [ERROR] /PoCAdaptation/exploit/result/CVE-2024-22257/2.0.8.RELEASE/exploit/src/test/java/edu/vision/se/Testcase1.java:[27,20] cannot find symbol[0m
[92m[ErrorManager] Processing line: [ERROR]   symbol:   class AnonymousAuthenticationToken[0m
[92m[ErrorManager] Processing line: [ERROR]   location: class edu.vision.se.Testcase1[0m
[92m[ErrorManager] Processing line: [ERROR] /PoCAdaptation/exploit/result/CVE-2024-22257/2.0.8.RELEASE/exploit/src/test/java/edu/vision/se/Testcase1.java:[27,71] cannot find symbol[0m
[92m[ErrorManager] Processing line: [ERROR]   symbol:   variable AuthorityUtils[0m
[92m[ErrorManager] Processing line: [ERROR]   location: class edu.vision.se.Testcase1[0m
[96m[ErrorManager] Ignoring line: [ERROR] -> [Help 1][0m
[96m[ErrorManager] Ignoring line: [ERROR][0m
[96m[ErrorManager] Ignoring line: [ERROR] To see the full stack trace of the errors, re-run Maven with the -e switch.[0m
[96m[ErrorManager] Ignoring line: [ERROR] Re-run Maven using the -X switch to enable full debug logging.[0m
[96m[ErrorManager] Ignoring line: [ERROR][0m
[96m[ErrorManager] Ignoring line: [ERROR] For more information about the errors and possible solutions, please read the following articles:[0m
[96m[ErrorManager] Ignoring line: [ERROR] [Help 1] http://cwiki.apache.org/confluence/display/MAVEN/MojoFailureException[0m
[RepairModule] Old grouped keys: {'incompatible types: java.util.List<org.springframework.security.ConfigAttribute> cannot be converted to org.springframework.security.ConfigAttributeDefinition |', 'cannot find symbol | variable AuthorityUtils', 'cannot find symbol | class AnonymousAuthenticationToken', 'cannot find symbol | method createList(java.lang.String)', 'cannot find symbol | variable AccessDecisionVoter'}
[RepairModule] New grouped keys: {'package org.springframework.security.access does not exist |', 'cannot find symbol | class ConfigAttributeDefinition', 'cannot find symbol | variable AuthorityUtils', 'cannot find symbol | class AnonymousAuthenticationToken', 'cannot find symbol | variable AccessDecisionVoter'}
[93m[RepairModule] [Analyzer] New error:
  File     : /PoCAdaptation/exploit/result/CVE-2024-22257/2.0.8.RELEASE/exploit/src/test/java/edu/vision/se/Testcase1.java
  Line     : 11, Column: 43
  Message  : package org.springframework.security.access does not exist
  Symbol   : None
  Location : None
  Code     : import org.springframework.security.access.ConfigAttributeDefinition;
  Position : before the fixing line (17)[0m
[93m[RepairModule] [Analyzer] New error introduced before the fixing line, might be caused by the diff.[0m
[96m[RepairModule] Simple repair for error: {'file': '/PoCAdaptation/exploit/result/CVE-2024-22257/2.0.8.RELEASE/exploit/src/test/java/edu/vision/se/Testcase1.java', 'line': 11, 'column': 43, 'message': 'package org.springframework.security.access does not exist', 'symbol': None, 'location': None, 'code_line': 'import org.springframework.security.access.ConfigAttributeDefinition;'}[0m
[96m[RepairModule] Group : [{'file': '/PoCAdaptation/exploit/result/CVE-2024-22257/2.0.8.RELEASE/exploit/src/test/java/edu/vision/se/Testcase1.java', 'line': 11, 'column': 43, 'message': 'package org.springframework.security.access does not exist', 'symbol': None, 'location': None, 'code_line': 'import org.springframework.security.access.ConfigAttributeDefinition;'}][0m
[96m[RepairModule] Group key : package org.springframework.security.access does not exist |[0m
[LLMClient] Tokens used: 138 (prompt), 8 (completion), 146 (total)
[LLMClient] Prompt: 
You are given an error log when executing 'mvn test' in version 2.0.8.RELEASE: 

Error: package org.springframework.security.access does not exist, None, None 

The test executes as expected in 3.0.0.RELEASE 

Error code: import org.springframework.security.access.ConfigAttributeDefinition; 

Extract two key *entities* from the error for searching related diffs 

The extracted entities should reflect code-level identifiers that are likely to appear in source code or diffs. 

Output each node as a `;`-separated list, with no explanations. 


[LLMClient] Response: 
org.springframework.security.access;ConfigAttributeDefinition
[96m[ErrorManager] Extracted key entities: ['org.springframework.security.access', 'ConfigAttributeDefinition'][0m
[96m[RepairModule] Extracted cause: ['org.springframework.security.access', 'ConfigAttributeDefinition'][0m
[96m[RepairModule] Related diffs for simple repair: [(444, 8.0), (449, 8.0), (456, 8.0), (473, 8.0), (496, 8.0)][0m
[96m[RepairModule] Trying diff #444 with score 8.00 for simple repair[0m
[LLMClient] Tokens used: 519 (prompt), 240 (completion), 759 (total)
[LLMClient] Prompt: 
You are given a Java test file with compilation errors in version 2.0.8.RELEASE:org.springframework.security:spring-security-core.
This test file compiles and runs successfully in 3.0.0.RELEASE.

The diff is related to the diff.
Your task has three steps:
 1. Locate the code where the compilation error occurs.
 2. Analyze the diff from 3.0.0.RELEASE to 2.0.8.RELEASE.
 3. Fix the error in the error position only when diff is helpful. Add import statement when needed according to the diff. If mocking, access fields via reflection if they exist.

Only output the modified version of the test file. No explanations. 
### Compilation Errors:
package org.springframework.security.access does not exist in import org.springframework.security.access.ConfigAttributeDefinition;### Related Diff:
Operation: MODIFIED, File: core/src/main/java/org/springframework/security/access/AccessDecisionVoter.java, Hunk: @@ -13,11 +13,11 @@
  * limitations under the License.
  */

+package org.springframework.security.vote;
-package org.springframework.security.access;

+import org.springframework.security.Authentication;
+import org.springframework.security.ConfigAttribute;
+import org.springframework.security.ConfigAttributeDefinition;
-import java.util.Collection;
-
-import org.springframework.security.core.Authentication;


 /**

### Test File Content:
package edu.vision.se;

import java.util.List;

import static org.assertj.core.api.Assertions.assertThat;
import org.junit.Test;
import org.springframework.security.ConfigAttribute;
import org.springframework.security.vote.AuthenticatedVoter;
import org.springframework.security.Authentication;
import org.springframework.security.SecurityConfig;
import org.springframework.security.access.ConfigAttributeDefinition;

public class Testcase1 {

    @Test
    public void testAnonymousWorks() {
        AuthenticatedVoter voter = new AuthenticatedVoter();
        ConfigAttributeDefinition def = new ConfigAttributeDefinition(new String[]{AuthenticatedVoter.IS_AUTHENTICATED_ANONYMOUSLY});
        validateReturnValue(voter.vote(null, null, def));
    }

    public void validateReturnValue(int result) {
         assertThat(result).isEqualTo(AccessDecisionVoter.ACCESS_DENIED);
    }

    public Authentication createAnonymous() {
        return new AnonymousAuthenticationToken("ignored", "ignored", AuthorityUtils.createAuthorityList("ignored"));
    }
}



[LLMClient] Response: 
Here's the modified test file with the fixes based on the diff:

```java
package edu.vision.se;

import java.util.List;

import static org.assertj.core.api.Assertions.assertThat;
import org.junit.Test;
import org.springframework.security.ConfigAttribute;
import org.springframework.security.vote.AuthenticatedVoter;
import org.springframework.security.Authentication;
import org.springframework.security.SecurityConfig;
import org.springframework.security.ConfigAttributeDefinition;
import org.springframework.security.vote.AccessDecisionVoter;

public class Testcase1 {

    @Test
    public void testAnonymousWorks() {
        AuthenticatedVoter voter = new AuthenticatedVoter();
        ConfigAttributeDefinition def = new ConfigAttributeDefinition(new String[]{AuthenticatedVoter.IS_AUTHENTICATED_ANONYMOUSLY});
        validateReturnValue(voter.vote(null, null, def));
    }

    public void validateReturnValue(int result) {
         assertThat(result).isEqualTo(AccessDecisionVoter.ACCESS_DENIED);
    }

    public Authentication createAnonymous() {
        return new AnonymousAuthenticationToken("ignored", "ignored", AuthorityUtils.createAuthorityList("ignored"));
    }
}
```
[96m[RepairModule] Wrote modified code to /PoCAdaptation/exploit/result/CVE-2024-22257/2.0.8.RELEASE/exploit/src/test/java/edu/vision/se/Testcase1.java[0m
[96m[Executor] Executing exploit for CVE-2024-22257 on version 2.0.8.RELEASE...[0m
[96m[Verifier] Verifying reproduction...[0m
[91m[Verifier] âœ— Behavior not found: 'org.junit.ComparisonFailure'[0m
[91m[Executor] Reproduction result: Failure[0m
[92m[RepairModule] Simple repair success![0m
[93m[RepairModule] [Analyzer] New error:
  File     : /PoCAdaptation/exploit/result/CVE-2024-22257/2.0.8.RELEASE/exploit/src/test/java/edu/vision/se/Testcase1.java
  Line     : 18, Column: 9
  Message  : cannot find symbol
  Symbol   : class ConfigAttributeDefinition
  Location : class edu.vision.se.Testcase1
  Code     : ConfigAttributeDefinition def = new ConfigAttributeDefinition(new String[]{AuthenticatedVoter.IS_AUTHENTICATED_ANONYMOUSLY});
  Position : after the fixing line (17)[0m
[93m[RepairModule] [Analyzer] New error:
  File     : /PoCAdaptation/exploit/result/CVE-2024-22257/2.0.8.RELEASE/exploit/src/test/java/edu/vision/se/Testcase1.java
  Line     : 18, Column: 45
  Message  : cannot find symbol
  Symbol   : class ConfigAttributeDefinition
  Location : class edu.vision.se.Testcase1
  Code     : ConfigAttributeDefinition def = new ConfigAttributeDefinition(new String[]{AuthenticatedVoter.IS_AUTHENTICATED_ANONYMOUSLY});
  Position : after the fixing line (17)[0m
[92m[RepairModule] Error cannot find symbol resolved after applying diff.[0m
[92m[RepairModule] Repair success with diff #(457, 1219) at iteration 1![0m
[96m[Adapter] Test code repair attempted.[0m
[96m[Executor] Executing exploit for CVE-2024-22257 on version 2.0.8.RELEASE...[0m
[96m[Verifier] Verifying reproduction...[0m
[91m[Verifier] âœ— Behavior not found: 'org.junit.ComparisonFailure'[0m
[91m[Executor] Reproduction result: Failure[0m
[96m[ErrorManager] Ignoring line: [ERROR] Failed to execute goal org.apache.maven.plugins:maven-compiler-plugin:3.1:testCompile (default-testCompile) on project CVE-2024-22257: Compilation failure: Compilation failure:[0m
[92m[ErrorManager] Processing line: [ERROR] /PoCAdaptation/exploit/result/CVE-2024-22257/2.0.8.RELEASE/exploit/src/test/java/edu/vision/se/Testcase1.java:[28,20] cannot find symbol[0m
[92m[ErrorManager] Processing line: [ERROR]   symbol:   class AnonymousAuthenticationToken[0m
[92m[ErrorManager] Processing line: [ERROR]   location: class edu.vision.se.Testcase1[0m
[92m[ErrorManager] Processing line: [ERROR] /PoCAdaptation/exploit/result/CVE-2024-22257/2.0.8.RELEASE/exploit/src/test/java/edu/vision/se/Testcase1.java:[28,71] cannot find symbol[0m
[92m[ErrorManager] Processing line: [ERROR]   symbol:   variable AuthorityUtils[0m
[92m[ErrorManager] Processing line: [ERROR]   location: class edu.vision.se.Testcase1[0m
[96m[ErrorManager] Ignoring line: [ERROR] -> [Help 1][0m
[96m[ErrorManager] Ignoring line: [ERROR][0m
[96m[ErrorManager] Ignoring line: [ERROR] To see the full stack trace of the errors, re-run Maven with the -e switch.[0m
[96m[ErrorManager] Ignoring line: [ERROR] Re-run Maven using the -X switch to enable full debug logging.[0m
[96m[ErrorManager] Ignoring line: [ERROR][0m
[96m[ErrorManager] Ignoring line: [ERROR] For more information about the errors and possible solutions, please read the following articles:[0m
[96m[ErrorManager] Ignoring line: [ERROR] [Help 1] http://cwiki.apache.org/confluence/display/MAVEN/MojoFailureException[0m
[96m[Adapter] Locating fix position in error log.[0m
[LLMClient] Tokens used: 1595 (prompt), 1 (completion), 1596 (total)
[LLMClient] Prompt: 
You are given a Java error log when executing 'mvn test' in a project with dependency version 2.0.8.RELEASE:org.springframework.security:spring-security-core.
This test file compiles and runs successfully with version 3.0.0.RELEASE.

Your task is to:
1. Analyze why this issue occurs with the *3.0.0.RELEASE* but not with the *2.0.8.RELEASE version*.
2. Consider how to resolve the issue **without updating this library**.
3. Determine and output the location in the project that should be modified to fix the problem.

Please return 'pom' if the fix is in the pom.xml file, or 'test' if the fix is in the test code.
Do not return any other text, just 'pom' or 'test'.

The error log is:
[INFO] Scanning for projects...
[INFO] 
[INFO] --------------------< edu.vision.se:CVE-2024-22257 >--------------------
[INFO] Building CVE-2024-22257 1.0-SNAPSHOT
[INFO]   from pom.xml
[INFO] --------------------------------[ jar ]---------------------------------
[INFO] 
[INFO] --- maven-clean-plugin:2.5:clean (default-clean) @ CVE-2024-22257 ---
[INFO] Deleting /PoCAdaptation/exploit/result/CVE-2024-22257/2.0.8.RELEASE/exploit/target
[INFO] 
[INFO] --- maven-resources-plugin:2.6:resources (default-resources) @ CVE-2024-22257 ---
[WARNING] Using platform encoding (UTF-8 actually) to copy filtered resources, i.e. build is platform dependent!
[INFO] skip non existing resourceDirectory /PoCAdaptation/exploit/result/CVE-2024-22257/2.0.8.RELEASE/exploit/src/main/resources
[INFO] 
[INFO] --- maven-compiler-plugin:3.1:compile (default-compile) @ CVE-2024-22257 ---
[INFO] No sources to compile
[INFO] 
[INFO] --- maven-resources-plugin:2.6:testResources (default-testResources) @ CVE-2024-22257 ---
[WARNING] Using platform encoding (UTF-8 actually) to copy filtered resources, i.e. build is platform dependent!
[INFO] skip non existing resourceDirectory /PoCAdaptation/exploit/result/CVE-2024-22257/2.0.8.RELEASE/exploit/src/test/resources
[INFO] 
[INFO] --- maven-compiler-plugin:3.1:testCompile (default-testCompile) @ CVE-2024-22257 ---
[INFO] Changes detected - recompiling the module!
[WARNING] File encoding has not been set, using platform encoding UTF-8, i.e. build is platform dependent!
[INFO] Compiling 1 source file to /PoCAdaptation/exploit/result/CVE-2024-22257/2.0.8.RELEASE/exploit/target/test-classes
[INFO] -------------------------------------------------------------
[ERROR] COMPILATION ERROR : 
[INFO] -------------------------------------------------------------
[ERROR] /PoCAdaptation/exploit/result/CVE-2024-22257/2.0.8.RELEASE/exploit/src/test/java/edu/vision/se/Testcase1.java:[28,20] cannot find symbol
  symbol:   class AnonymousAuthenticationToken
  location: class edu.vision.se.Testcase1
[ERROR] /PoCAdaptation/exploit/result/CVE-2024-22257/2.0.8.RELEASE/exploit/src/test/java/edu/vision/se/Testcase1.java:[28,71] cannot find symbol
  symbol:   variable AuthorityUtils
  location: class edu.vision.se.Testcase1
[INFO] 2 errors 
[INFO] -------------------------------------------------------------
[INFO] ------------------------------------------------------------------------
[INFO] BUILD FAILURE
[INFO] ------------------------------------------------------------------------
[INFO] Total time:  1.223 s
[INFO] Finished at: 2025-07-13T12:51:23Z
[INFO] ------------------------------------------------------------------------
[ERROR] Failed to execute goal org.apache.maven.plugins:maven-compiler-plugin:3.1:testCompile (default-testCompile) on project CVE-2024-22257: Compilation failure: Compilation failure: 
[ERROR] /PoCAdaptation/exploit/result/CVE-2024-22257/2.0.8.RELEASE/exploit/src/test/java/edu/vision/se/Testcase1.java:[28,20] cannot find symbol
[ERROR]   symbol:   class AnonymousAuthenticationToken
[ERROR]   location: class edu.vision.se.Testcase1
[ERROR] /PoCAdaptation/exploit/result/CVE-2024-22257/2.0.8.RELEASE/exploit/src/test/java/edu/vision/se/Testcase1.java:[28,71] cannot find symbol
[ERROR]   symbol:   variable AuthorityUtils
[ERROR]   location: class edu.vision.se.Testcase1
[ERROR] -> [Help 1]
[ERROR] 
[ERROR] To see the full stack trace of the errors, re-run Maven with the -e switch.
[ERROR] Re-run Maven using the -X switch to enable full debug logging.
[ERROR] 
[ERROR] For more information about the errors and possible solutions, please read the following articles:
[ERROR] [Help 1] http://cwiki.apache.org/confluence/display/MAVEN/MojoFailureException


current_pom file is:<?xml version='1.0' encoding='utf-8'?>
<project xmlns="http://maven.apache.org/POM/4.0.0" xmlns:xsi="http://www.w3.org/2001/XMLSchema-instance" xsi:schemaLocation="http://maven.apache.org/POM/4.0.0 http://maven.apache.org/xsd/maven-4.0.0.xsd">
    <modelVersion>4.0.0</modelVersion>
    <groupId>edu.vision.se</groupId>
    <artifactId>CVE-2024-22257</artifactId>
    <version>1.0-SNAPSHOT</version>

    <properties>
        <maven.compiler.source>11</maven.compiler.source>
        <maven.compiler.target>11</maven.compiler.target>
    </properties>

    <dependencies>
        
        <dependency>
            <groupId>org.springframework.security</groupId>
            <artifactId>spring-security-core</artifactId>
            <version>2.0.8.RELEASE</version>
        </dependency>

        
        <dependency>
            <groupId>org.assertj</groupId>
            <artifactId>assertj-core</artifactId>
            <version>3.24.0</version>
        </dependency>
    <dependency><groupId>junit</groupId><artifactId>junit</artifactId><version>4.13.2</version></dependency>
    
    </dependencies>

</project>
[LLMClient] Response: 
test
[96m[Adapter] LLM response for fix position: test[0m
[LLMClient] Tokens used: 158 (prompt), 9 (completion), 167 (total)
[LLMClient] Prompt: 
You are given an error log when executing 'mvn test' in version 2.0.8.RELEASE: 

Error: cannot find symbol, class AnonymousAuthenticationToken, class edu.vision.se.Testcase1 

The test executes as expected in 3.0.0.RELEASE 

Error code:         return new AnonymousAuthenticationToken("ignored", "ignored", AuthorityUtils.createAuthorityList("ignored")); 

Extract two key *entities* from the error for searching related diffs 

The extracted entities should reflect code-level identifiers that are likely to appear in source code or diffs. 

Output each node as a `;`-separated list, with no explanations. 


[LLMClient] Response: 
AnonymousAuthenticationToken;AuthorityUtils.createAuthorityList
[96m[ErrorManager] Extracted key entities: ['AnonymousAuthenticationToken', 'AuthorityUtils.createAuthorityList'][0m
[96m[Adapter] Try to solve error: {'file': '/PoCAdaptation/exploit/result/CVE-2024-22257/2.0.8.RELEASE/exploit/src/test/java/edu/vision/se/Testcase1.java', 'line': 28, 'column': 20, 'message': 'cannot find symbol', 'symbol': 'class AnonymousAuthenticationToken', 'location': 'class edu.vision.se.Testcase1', 'code_line': '        return new AnonymousAuthenticationToken("ignored", "ignored", AuthorityUtils.createAuthorityList("ignored"));'} with cause: ['AnonymousAuthenticationToken', 'AuthorityUtils.createAuthorityList'][0m
[96m[Adapter] Related diffs for error: [(1711, 8.0), (635, 4.0), (1253, 4.0), (1254, 4.0), (1412, 4.0)][0m
[96m[Adapter] Fix position is in test code.[0m
[96m[RepairModule] Start repair for group: cannot find symbol | class AnonymousAuthenticationToken cause: ['AnonymousAuthenticationToken', 'AuthorityUtils.createAuthorityList'][0m
[96m[RepairModule] Trying best diff #1711 with score 8.00[0m
[96m[RepairModule] Found 10 diff combinations for annealing.[0m
[96m[RepairModule] Iteration 1, temperature 1.000: Trying diff #(1711, 1253) with score 6.00[0m
[LLMClient] Tokens used: 772 (prompt), 280 (completion), 1052 (total)
[LLMClient] Prompt: 
You are given a Java test file with compilation errors in version 2.0.8.RELEASE:org.springframework.security:spring-security-core.
This test file compiles and runs successfully in 3.0.0.RELEASE.

The diff is related to the diff.
Your task has three steps:
 1. Locate the code where the compilation error occurs.
 2. Analyze the diff from 3.0.0.RELEASE to 2.0.8.RELEASE.
 3. Fix the error in the error position only when diff is helpful. Add import statement when needed according to the diff. 

Only output the modified version of the test file according to the diff. No explanations. If mocking, access fields via reflection if they exist.
### Compilation Errors:
message: cannot find symbol, symble: class AnonymousAuthenticationToken, location: class edu.vision.se.Testcase1

### Error Position:
        return new AnonymousAuthenticationToken("ignored", "ignored", AuthorityUtils.createAuthorityList("ignored"));

### Related Diff:
Operation: MODIFIED, File: ldap/src/test/java/org/springframework/security/ldap/SpringSecurityAuthenticationSourceTests.java, Hunk: @@ -36,8 +37,7 @@ public void principalIsEmptyForAnonymousUser() {
         AuthenticationSource source = new SpringSecurityAuthenticationSource();

         SecurityContextHolder.getContext().setAuthentication(
+                new AnonymousAuthenticationToken("key", "anonUser",
+                        AuthorityUtils.commaSeparatedStringToAuthorityArray("ignored")));
-                new AnonymousAuthenticationToken("key", "anonUser", AuthorityUtils.createAuthorityList("ignored")));
         assertEquals("", source.getPrincipal());
     }

Operation: MODIFIED, File: core/src/test/java/org/springframework/security/authentication/anonymous/AnonymousAuthenticationProviderTests.java, Hunk: @@ -48,10 +43,10 @@ public void testDetectsAnInvalidKey() throws Exception {
         aap.setKey("qwerty");

         AnonymousAuthenticationToken token = new AnonymousAuthenticationToken("WRONG_KEY", "Test",
+                new GrantedAuthority[] {new GrantedAuthorityImpl("ROLE_ONE"), new GrantedAuthorityImpl("ROLE_TWO")});
-                AuthorityUtils.createAuthorityList("ROLE_ONE", "ROLE_TWO"));

         try {
+            Authentication result = aap.authenticate(token);
-            aap.authenticate(token);
             fail("Should have thrown BadCredentialsException");
         } catch (BadCredentialsException expected) {
         }

### Test File Content:
package edu.vision.se;

import java.util.List;

import static org.assertj.core.api.Assertions.assertThat;
import org.junit.Test;
import org.springframework.security.ConfigAttribute;
import org.springframework.security.vote.AuthenticatedVoter;
import org.springframework.security.Authentication;
import org.springframework.security.SecurityConfig;
import org.springframework.security.ConfigAttributeDefinition;
import org.springframework.security.vote.AccessDecisionVoter;

public class Testcase1 {

    @Test
    public void testAnonymousWorks() {
        AuthenticatedVoter voter = new AuthenticatedVoter();
        ConfigAttributeDefinition def = new ConfigAttributeDefinition(new String[]{AuthenticatedVoter.IS_AUTHENTICATED_ANONYMOUSLY});
        validateReturnValue(voter.vote(null, null, def));
    }

    public void validateReturnValue(int result) {
         assertThat(result).isEqualTo(AccessDecisionVoter.ACCESS_DENIED);
    }

    public Authentication createAnonymous() {
        return new AnonymousAuthenticationToken("ignored", "ignored", AuthorityUtils.createAuthorityList("ignored"));
    }
}



[LLMClient] Response: 
Here's the modified version of the test file according to the diff:

```java
package edu.vision.se;

import java.util.List;

import static org.assertj.core.api.Assertions.assertThat;
import org.junit.Test;
import org.springframework.security.ConfigAttribute;
import org.springframework.security.vote.AuthenticatedVoter;
import org.springframework.security.Authentication;
import org.springframework.security.SecurityConfig;
import org.springframework.security.ConfigAttributeDefinition;
import org.springframework.security.vote.AccessDecisionVoter;
import org.springframework.security.providers.anonymous.AnonymousAuthenticationToken;
import org.springframework.security.GrantedAuthority;
import org.springframework.security.GrantedAuthorityImpl;

public class Testcase1 {

    @Test
    public void testAnonymousWorks() {
        AuthenticatedVoter voter = new AuthenticatedVoter();
        ConfigAttributeDefinition def = new ConfigAttributeDefinition(new String[]{AuthenticatedVoter.IS_AUTHENTICATED_ANONYMOUSLY});
        validateReturnValue(voter.vote(null, null, def));
    }

    public void validateReturnValue(int result) {
         assertThat(result).isEqualTo(AccessDecisionVoter.ACCESS_DENIED);
    }

    public Authentication createAnonymous() {
        return new AnonymousAuthenticationToken("ignored", "ignored", 
            new GrantedAuthority[] {new GrantedAuthorityImpl("ignored")});
    }
}
```
[96m[RepairModule] Wrote modified code to /PoCAdaptation/exploit/result/CVE-2024-22257/2.0.8.RELEASE/exploit/src/test/java/edu/vision/se/Testcase1.java[0m
[96m[Executor] Executing exploit for CVE-2024-22257 on version 2.0.8.RELEASE...[0m
[96m[Verifier] Verifying reproduction...[0m
[92m[Verifier] âœ“ Behavior matched: 'org.junit.ComparisonFailure'[0m
[92m[Verifier] âœ“ Detail matched: '<[]1>'[0m
[92m[Verifier] âœ“ All reproduction indicators matched.[0m
[92m[Executor] Reproduction result: Success[0m
[92m[RepairModule] Repair success![0m
[92m[RepairModule] Repair success with diff #(1711, 1253) at iteration 1![0m
[96m[Adapter] Test code repair attempted.[0m
[96m[Executor] Executing exploit for CVE-2024-22257 on version 2.0.8.RELEASE...[0m
[96m[Verifier] Verifying reproduction...[0m
[92m[Verifier] âœ“ Behavior matched: 'org.junit.ComparisonFailure'[0m
[92m[Verifier] âœ“ Detail matched: '<[]1>'[0m
[92m[Verifier] âœ“ All reproduction indicators matched.[0m
[92m[Executor] Reproduction result: Success[0m
[92m[Adapter] Adaptation from 3.0.0.RELEASE to 2.0.8.RELEASE successful.[0m
[Adapt] âœ“ Completed: True
[96m[Adapter] Adaptation complete. Retesting exploit on 2.0.8.RELEASE...[0m
[92m[Executor] Adaptation + reproduction successful on 2.0.8.RELEASE[0m
[96m[Adapter] Copied successful adaptation to /PoCAdaptation/exploit/valid/CVE-2024-22257/2.0.8.RELEASE[0m

[Executor] â–¶ Summary of return codes:
  - Version 2.0.8.RELEASE: âœ“ Success (exit code 0)
