Running main_process.py for CVE: CVE-2017-8045
Versions: 2.1.1.RELEASE

[1m[Main] === Starting adaptation process for CVE-2017-8045 ===[0m
[96m[Processor] Fetching all available Maven versions...[0m
[96m[Analyzer] Loading cached versions from: /PoCAdaptation/library/org_springframework_amqp_spring-amqp.txt[0m
[96m[Analyzer] org.springframework.amqp:spring-amqp has 190 versions (cached).[0m
[96m[Processor] Identifying versions with successful reproduction...[0m
[96m[Processor] Pending versions: ['2.1.1.RELEASE', '2.1.9.RELEASE'][0m
[96m[Preparer] Pending directory already exists: /PoCAdaptation/exploit/pending/CVE-2017-8045[0m
[92m[Main] Total affected versions: 49[0m
[92m[Main] Already reproduced versions: 48[0m
[93m[Main] Versions pending adaptation: 1[0m
[96m[Main]     -> ['2.1.1.RELEASE'][0m
[96m[Main]     -> ['2.1.0.RELEASE', '2.1.2.RELEASE', '2.1.3.RELEASE', '2.1.4.RELEASE', '2.1.5.RELEASE', '2.1.6.RELEASE', '2.1.7.RELEASE', '2.1.8.RELEASE', '2.1.9.RELEASE', '2.1.10.RELEASE', '2.1.11.RELEASE', '2.1.12.RELEASE', '2.1.13.RELEASE', '2.1.14.RELEASE', '2.1.15.RELEASE', '2.1.16.RELEASE', '2.1.17.RELEASE', '2.1.18.RELEASE', '2.2.0.RELEASE', '2.2.1.RELEASE', '2.2.2.RELEASE', '2.2.3.RELEASE', '2.2.4.RELEASE', '2.2.5.RELEASE', '2.2.6.RELEASE', '2.2.7.RELEASE', '2.2.8.RELEASE', '2.2.9.RELEASE', '2.2.10.RELEASE', '2.2.11.RELEASE', '2.2.12.RELEASE', '2.2.13.RELEASE', '2.2.14.RELEASE', '2.2.15.RELEASE', '2.2.16.RELEASE', '2.2.17.RELEASE', '2.2.18.RELEASE', '2.3.0', '2.3.1', '2.3.2', '2.3.3', '2.3.4', '2.3.5', '2.3.6', '2.3.7', '2.3.8', '2.3.9', '2.3.10'][0m
[96m[Executor] Running initial exploit mvn test in /PoCAdaptation/exploit/origin/CVE-2017-8045/exploit[0m
[91m[Executor] Initial exploit execution finished with return code 1[0m
[96m[Verifier] Verifying reproduction...[0m
[92m[Verifier] âœ“ Behavior matched: 'java.lang.AssertionError'[0m
[92m[Verifier] âœ“ Detail matched: 'serialized object'[0m
[92m[Verifier] âœ“ All reproduction indicators matched.[0m
[92m[Verifier] Initial exploit behavior verified successfully.[0m
[96m[Selector] Nearest need adapatation version selected: 2.1.1.RELEASE[0m
[96m[Selector] Closest reproduced version: 2.1.0.RELEASE at index 77[0m
[96m[Adapter] Trying next closest version: 2.1.1.RELEASE[0m
[96m[Preparer] Using exploit from origin: /PoCAdaptation/exploit/origin/CVE-2017-8045/exploit[0m
[92m[Preparer] Copied exploit to: /PoCAdaptation/exploit/pending/CVE-2017-8045/2.1.1.RELEASE/exploit[0m
[96m[Preparer] Updating dependency version to 2.1.1.RELEASE in /PoCAdaptation/exploit/pending/CVE-2017-8045/2.1.1.RELEASE/exploit/pom.xml[0m
[92m[Preparer] Updated dependency version to 2.1.1.RELEASE in /PoCAdaptation/exploit/pending/CVE-2017-8045/2.1.1.RELEASE/exploit/pom.xml[0m
[96m[Executor] Attempting direct exploit execution on 2.1.1.RELEASE...[0m
[96m[Executor] Executing exploit for CVE-2017-8045 on version 2.1.1.RELEASE...[0m
[96m[Verifier] Verifying reproduction...[0m
[91m[Verifier] âœ— Behavior not found: 'java.lang.AssertionError'[0m
[91m[Executor] Reproduction result: Failure[0m
[96m[Adapter] Attempting adaptation from base version 2.1.0.RELEASE to 2.1.1.RELEASE...[0m
[96m[Adapter] Start adapting exploit from 2.1.0.RELEASE to 2.1.1.RELEASE"[0m
[96m[Executor] Executing exploit for CVE-2017-8045 on version 2.1.1.RELEASE...[0m
[96m[Verifier] Verifying reproduction...[0m
[91m[Verifier] âœ— Behavior not found: 'java.lang.AssertionError'[0m
[91m[Executor] Reproduction result: Failure[0m
[92m[ErrorManager] Processing line: [ERROR] Failed to execute goal on project CVE-2017-8045: Could not resolve dependencies for project edu.vision.se:CVE-2017-8045:jar:1.0-SNAPSHOT: Could not find artifact org.springframework:spring-core:jar:5.1.2.BUILD-SNAPSHOT -> [Help 1][0m
[96m[ErrorManager] Ignoring line: [ERROR][0m
[96m[ErrorManager] Ignoring line: [ERROR] To see the full stack trace of the errors, re-run Maven with the -e switch.[0m
[96m[ErrorManager] Ignoring line: [ERROR] Re-run Maven using the -X switch to enable full debug logging.[0m
[96m[ErrorManager] Ignoring line: [ERROR][0m
[96m[ErrorManager] Ignoring line: [ERROR] For more information about the errors and possible solutions, please read the following articles:[0m
[96m[ErrorManager] Ignoring line: [ERROR] [Help 1] http://cwiki.apache.org/confluence/display/MAVEN/DependencyResolutionException[0m
[91m[ErrorManager] Failed to read file UNKNOWN: [Errno 2] No such file or directory: 'UNKNOWN'[0m
[96m[Adapter] Locating fix position in error log.[0m
[LLMClient] Tokens used: 942 (prompt), 2 (completion), 944 (total)
[LLMClient] Prompt: 
You are given a Java error log when executing 'mvn test' in a project with dependency version 2.1.1.RELEASE:org.springframework.amqp:spring-amqp.
This test file compiles and runs successfully with version 2.1.0.RELEASE.

Your task is to:
1. Analyze why this issue occurs with the *2.1.0.RELEASE* but not with the *2.1.1.RELEASE version*.
2. Consider how to resolve the issue **without updating this library**.
3. Determine and output the location in the project that should be modified to fix the problem.

Please return 'pom' if the fix is in the pom.xml file, or 'test' if the fix is in the test code.
Do not return any other text, just 'pom' or 'test'.

The error log is:
[INFO] Scanning for projects...
[INFO] 
[INFO] --------------------< edu.vision.se:CVE-2017-8045 >---------------------
[INFO] Building CVE-2017-8045 1.0-SNAPSHOT
[INFO]   from pom.xml
[INFO] --------------------------------[ jar ]---------------------------------
[WARNING] The POM for org.springframework:spring-core:jar:5.1.2.BUILD-SNAPSHOT is missing, no dependency information available
[INFO] ------------------------------------------------------------------------
[INFO] BUILD FAILURE
[INFO] ------------------------------------------------------------------------
[INFO] Total time:  0.194 s
[INFO] Finished at: 2025-07-13T14:42:13Z
[INFO] ------------------------------------------------------------------------
[ERROR] Failed to execute goal on project CVE-2017-8045: Could not resolve dependencies for project edu.vision.se:CVE-2017-8045:jar:1.0-SNAPSHOT: Could not find artifact org.springframework:spring-core:jar:5.1.2.BUILD-SNAPSHOT -> [Help 1]
[ERROR] 
[ERROR] To see the full stack trace of the errors, re-run Maven with the -e switch.
[ERROR] Re-run Maven using the -X switch to enable full debug logging.
[ERROR] 
[ERROR] For more information about the errors and possible solutions, please read the following articles:
[ERROR] [Help 1] http://cwiki.apache.org/confluence/display/MAVEN/DependencyResolutionException


current_pom file is:<?xml version='1.0' encoding='utf-8'?>
<project xmlns="http://maven.apache.org/POM/4.0.0" xmlns:xsi="http://www.w3.org/2001/XMLSchema-instance" xsi:schemaLocation="http://maven.apache.org/POM/4.0.0 http://maven.apache.org/xsd/maven-4.0.0.xsd">
    <modelVersion>4.0.0</modelVersion>
    <groupId>edu.vision.se</groupId>
    <artifactId>CVE-2017-8045</artifactId>
    <version>1.0-SNAPSHOT</version>

    <properties>
        <maven.compiler.source>11</maven.compiler.source>
        <maven.compiler.target>11</maven.compiler.target>
    </properties>

    <dependencies>
        
        <dependency>
            <groupId>org.springframework.amqp</groupId>
            <artifactId>spring-amqp</artifactId>
            <version>2.1.1.RELEASE</version>
        </dependency>
        
        <dependency>
            <groupId>org.assertj</groupId>
            <artifactId>assertj-core</artifactId>
            <version>3.24.0</version>
        </dependency>
        
        <dependency>
            <groupId>org.springframework</groupId>
            <artifactId>spring-beans</artifactId>
            <version>3.2.3.RELEASE</version>
        </dependency>
        
        <dependency>
            <groupId>org.springframework</groupId>
            <artifactId>spring-remoting</artifactId>
            <version>2.0.8</version>
        </dependency>

        <dependency><groupId>junit</groupId><artifactId>junit</artifactId><version>4.13.2</version></dependency>
    
    </dependencies>

</project>
[LLMClient] Response: 
pom
[96m[Adapter] LLM response for fix position: pom[0m
[96m[Adapter] Fix position is in pom.xml.[0m
[LLMClient] Tokens used: 197 (prompt), 19 (completion), 216 (total)
[LLMClient] Prompt: 
You are given an error log when executing 'mvn test' in version 2.1.1.RELEASE: 

Error: Failed to execute goal on project CVE-2017-8045: Could not resolve dependencies for project edu.vision.se:CVE-2017-8045:jar:1.0-SNAPSHOT: Could not find artifact org.springframework:spring-core:jar:5.1.2.BUILD-SNAPSHOT -> [Help 1], None, None 

The test executes as expected in 2.1.0.RELEASE 

Error code: None 

Extract two key *entities* from the error for searching related diffs 

The extracted entities should reflect code-level identifiers that are likely to appear in source code or diffs. 

Output each node as a `;`-separated list, with no explanations. 


[LLMClient] Response: 
org.springframework:spring-core;5.1.2.BUILD-SNAPSHOT
[96m[ErrorManager] Extracted key entities: ['org.springframework:spring-core', '5.1.2.BUILD-SNAPSHOT'][0m
[96m[RepairModule] Start repair[0m
[96m[RepairModule] Iteration 1, temperature 1.000: Trying diff #None with score 0.00[0m
[LLMClient] Tokens used: 893 (prompt), 127 (completion), 1020 (total)
[LLMClient] Prompt: 
You are given an error when executing test in in 2.1.1.RELEASE:org.springframework.amqp:spring-amqp
This test file compiles and runs successfully in 2.1.0.RELEASE.

Related diff is None

You are NOT allowed to change the version of the dependency org.springframework.amqp:spring-amqp.
Your task is to solve the problem by changing the pom file of the project
Current pom file is <?xml version='1.0' encoding='utf-8'?>
<project xmlns="http://maven.apache.org/POM/4.0.0" xmlns:xsi="http://www.w3.org/2001/XMLSchema-instance" xsi:schemaLocation="http://maven.apache.org/POM/4.0.0 http://maven.apache.org/xsd/maven-4.0.0.xsd">
    <modelVersion>4.0.0</modelVersion>
    <groupId>edu.vision.se</groupId>
    <artifactId>CVE-2017-8045</artifactId>
    <version>1.0-SNAPSHOT</version>

    <properties>
        <maven.compiler.source>11</maven.compiler.source>
        <maven.compiler.target>11</maven.compiler.target>
    </properties>

    <dependencies>
        
        <dependency>
            <groupId>org.springframework.amqp</groupId>
            <artifactId>spring-amqp</artifactId>
            <version>2.1.1.RELEASE</version>
        </dependency>
        
        <dependency>
            <groupId>org.assertj</groupId>
            <artifactId>assertj-core</artifactId>
            <version>3.24.0</version>
        </dependency>
        
        <dependency>
            <groupId>org.springframework</groupId>
            <artifactId>spring-beans</artifactId>
            <version>3.2.3.RELEASE</version>
        </dependency>
        
        <dependency>
            <groupId>org.springframework</groupId>
            <artifactId>spring-remoting</artifactId>
            <version>2.0.8</version>
        </dependency>

        <dependency><groupId>junit</groupId><artifactId>junit</artifactId><version>4.13.2</version></dependency>
    
    </dependencies>

</project>
Your task is 1. Analyze the cause of the errors 2. Decide fix position of the pom file according to the cause 3. Output only the updated partion of pom.xml entries without explanation

### Compilation Errors:
[INFO] Scanning for projects...
[INFO] 
[INFO] --------------------< edu.vision.se:CVE-2017-8045 >---------------------
[INFO] Building CVE-2017-8045 1.0-SNAPSHOT
[INFO]   from pom.xml
[INFO] --------------------------------[ jar ]---------------------------------
[WARNING] The POM for org.springframework:spring-core:jar:5.1.2.BUILD-SNAPSHOT is missing, no dependency information available
[INFO] ------------------------------------------------------------------------
[INFO] BUILD FAILURE
[INFO] ------------------------------------------------------------------------
[INFO] Total time:  0.194 s
[INFO] Finished at: 2025-07-13T14:42:13Z
[INFO] ------------------------------------------------------------------------
[ERROR] Failed to execute goal on project CVE-2017-8045: Could not resolve dependencies for project edu.vision.se:CVE-2017-8045:jar:1.0-SNAPSHOT: Could not find artifact org.springframework:spring-core:jar:5.1.2.BUILD-SNAPSHOT -> [Help 1]
[ERROR] 
[ERROR] To see the full stack trace of the errors, re-run Maven with the -e switch.
[ERROR] Re-run Maven using the -X switch to enable full debug logging.
[ERROR] 
[ERROR] For more information about the errors and possible solutions, please read the following articles:
[ERROR] [Help 1] http://cwiki.apache.org/confluence/display/MAVEN/DependencyResolutionException


[LLMClient] Response: 
The error shows a missing dependency for spring-core 5.1.2.BUILD-SNAPSHOT, which is being pulled transitively but isn't available. Since we can't change the spring-amqp version, we need to add an explicit dependency for spring-core with a stable version that's compatible with the other Spring dependencies in the project.

Here's the updated portion of the pom.xml to add:

```xml
<dependency>
    <groupId>org.springframework</groupId>
    <artifactId>spring-core</artifactId>
    <version>3.2.3.RELEASE</version>
</dependency>
```
[Adapter] + Adding new dependency org.springframework:spring-core:3.2.3.RELEASE
[Adapter] âœ“ pom.xml successfully updated.
[96m[Executor] Executing exploit for CVE-2017-8045 on version 2.1.1.RELEASE...[0m
[96m[Verifier] Verifying reproduction...[0m
[91m[Verifier] âœ— Behavior not found: 'java.lang.AssertionError'[0m
[91m[Executor] Reproduction result: Failure[0m
[96m[Executor] Executing exploit for CVE-2017-8045 on version 2.1.1.RELEASE...[0m
[96m[Verifier] Verifying reproduction...[0m
[91m[Verifier] âœ— Behavior not found: 'java.lang.AssertionError'[0m
[91m[Executor] Reproduction result: Failure[0m
[LLMClient] Tokens used: 197 (prompt), 19 (completion), 216 (total)
[LLMClient] Prompt: 
You are given an error log when executing 'mvn test' in version 2.1.1.RELEASE: 

Error: Failed to execute goal on project CVE-2017-8045: Could not resolve dependencies for project edu.vision.se:CVE-2017-8045:jar:1.0-SNAPSHOT: Could not find artifact org.springframework:spring-core:jar:5.1.2.BUILD-SNAPSHOT -> [Help 1], None, None 

The test executes as expected in 2.1.0.RELEASE 

Error code: None 

Extract two key *entities* from the error for searching related diffs 

The extracted entities should reflect code-level identifiers that are likely to appear in source code or diffs. 

Output each node as a `;`-separated list, with no explanations. 


[LLMClient] Response: 
org.springframework:spring-core;5.1.2.BUILD-SNAPSHOT
[96m[ErrorManager] Extracted key entities: ['org.springframework:spring-core', '5.1.2.BUILD-SNAPSHOT'][0m
[96m[Adapter] Try to solve error: {'file': 'UNKNOWN', 'line': -1, 'column': -1, 'message': 'Failed to execute goal on project CVE-2017-8045: Could not resolve dependencies for project edu.vision.se:CVE-2017-8045:jar:1.0-SNAPSHOT: Could not find artifact org.springframework:spring-core:jar:5.1.2.BUILD-SNAPSHOT -> [Help 1]', 'symbol': None, 'location': None, 'code_line': None} with cause: ['org.springframework:spring-core', '5.1.2.BUILD-SNAPSHOT'][0m
[LLMClient] Tokens used: 233 (prompt), 19 (completion), 252 (total)
[LLMClient] Prompt: 
You are given an error log when executing 'mvn test' in version 2.1.1.RELEASE: 

Error: Failed to execute goal on project CVE-2017-8045: Could not resolve dependencies for project edu.vision.se:CVE-2017-8045:jar:1.0-SNAPSHOT: Could not find artifact org.springframework:spring-core:jar:5.1.2.BUILD-SNAPSHOT -> [Help 1], None, None 

The test executes as expected in 2.1.0.RELEASE 

Error code: None 

Extract two key *entities* from the error for searching related diffs 

The extracted entities should reflect code-level identifiers that are likely to appear in source code or diffs. 

Current cause: ['org.springframework:spring-core', '5.1.2.BUILD-SNAPSHOT'] 

 failed to catch, try simpler or other entities.

Output each node as a `;`-separated list, with no explanations. 


[LLMClient] Response: 
org.springframework:spring-core;5.1.2.BUILD-SNAPSHOT
[96m[ErrorManager] Extracted key entities: ['org.springframework:spring-core', '5.1.2.BUILD-SNAPSHOT'][0m
[96m[Adapter] Related diffs for error: [][0m
[96m[Adapter] Fix position is in test code.[0m
[96m[RepairModule] Start repair for group: Failed to execute goal on project CVE-2017-8045: Could not resolve dependencies for project edu.vision.se:CVE-2017-8045:jar:1.0-SNAPSHOT: Could not find artifact org.springframework:spring-core:jar:5.1.2.BUILD-SNAPSHOT -> [Help 1] | cause: ['org.springframework:spring-core', '5.1.2.BUILD-SNAPSHOT'][0m
[96m[RepairModule] Trying best diff #None with score 0.00[0m
[96m[RepairModule] Found 0 diff combinations for annealing.[0m
[96m[RepairModule] Iteration 1, temperature 1.000: No diff selected.[0m
[96m[RepairModule] Iteration 1, temperature 1.000: Trying diff #None with score 0.00[0m
[93m[RepairModule] Diff #None content empty[0m
[LLMClient] Tokens used: 506 (prompt), 323 (completion), 829 (total)
[LLMClient] Prompt: 
You are given a Java test file with compilation errors in version 2.1.1.RELEASE:org.springframework.amqp:spring-amqp.
This test file compiles and runs successfully in 2.1.0.RELEASE.

The diff is related to the diff.
Your task has three steps:
 1. Locate the code where the compilation error occurs.
 2. Analyze the diff from 2.1.0.RELEASE to 2.1.1.RELEASE.
 3. Fix the error in the error position only when diff is helpful. Add import statement when needed according to the diff. 

Only output the modified version of the test file according to the diff. No explanations. If mocking, access fields via reflection if they exist.
### Compilation Errors:
message: Failed to execute goal on project CVE-2017-8045: Could not resolve dependencies for project edu.vision.se:CVE-2017-8045:jar:1.0-SNAPSHOT: Could not find artifact org.springframework:spring-core:jar:5.1.2.BUILD-SNAPSHOT -> [Help 1], symble: None, location: None

### Error Position:
None

### Related Diff:


### Test File Content:
package edu.vision.se;

import static org.assertj.core.api.Assertions.assertThat;

import java.io.Serializable;
import java.util.Collections;

import org.junit.Test;
import org.springframework.amqp.core.Message;
import org.springframework.amqp.core.MessageProperties;
import org.springframework.amqp.support.converter.SimpleMessageConverter;

public class Testcase1 {
    @Test
    public void fooNotDeserialized() {
        Message message = new SimpleMessageConverter().toMessage(new Foo(), new MessageProperties());
        // assertThat(message.toString()).doesNotContainPattern("aFoo");
        Message listMessage = new SimpleMessageConverter().toMessage(Collections.singletonList(new Foo()),
                new MessageProperties());
        // assertThat(listMessage.toString()).doesNotContainPattern("aFoo");
        assertThat(message.toString()).contains("[serialized object]");
        assertThat(listMessage.toString()).contains("[serialized object]");

    }

    @SuppressWarnings("serial")
    public static class Foo implements Serializable {

        @Override
        public String toString() {
            return "aFoo";
        }

    }
}


[LLMClient] Response: 
Based on the error message and the context, the issue appears to be related to dependency resolution rather than a compilation error in the test file itself. The error indicates that Maven cannot find a specific version of spring-core (5.1.2.BUILD-SNAPSHOT).

Since there's no actual compilation error in the test file and no relevant diff provided, I'll output the original test file as is, as it doesn't require modifications:

```java
package edu.vision.se;

import static org.assertj.core.api.Assertions.assertThat;

import java.io.Serializable;
import java.util.Collections;

import org.junit.Test;
import org.springframework.amqp.core.Message;
import org.springframework.amqp.core.MessageProperties;
import org.springframework.amqp.support.converter.SimpleMessageConverter;

public class Testcase1 {
    @Test
    public void fooNotDeserialized() {
        Message message = new SimpleMessageConverter().toMessage(new Foo(), new MessageProperties());
        // assertThat(message.toString()).doesNotContainPattern("aFoo");
        Message listMessage = new SimpleMessageConverter().toMessage(Collections.singletonList(new Foo()),
                new MessageProperties());
        // assertThat(listMessage.toString()).doesNotContainPattern("aFoo");
        assertThat(message.toString()).contains("[serialized object]");
        assertThat(listMessage.toString()).contains("[serialized object]");

    }

    @SuppressWarnings("serial")
    public static class Foo implements Serializable {

        @Override
        public String toString() {
            return "aFoo";
        }

    }
}
```
[96m[RepairModule] Wrote modified code to /PoCAdaptation/exploit/result/CVE-2017-8045/2.1.1.RELEASE/exploit/src/test/java/edu/vision/se/Testcase1.java[0m
[96m[Executor] Executing exploit for CVE-2017-8045 on version 2.1.1.RELEASE...[0m
[96m[Verifier] Verifying reproduction...[0m
[91m[Verifier] âœ— Behavior not found: 'java.lang.AssertionError'[0m
[91m[Executor] Reproduction result: Failure[0m
[92m[ErrorManager] Processing line: [ERROR] Failed to execute goal on project CVE-2017-8045: Could not resolve dependencies for project edu.vision.se:CVE-2017-8045:jar:1.0-SNAPSHOT: Could not find artifact org.springframework:spring-core:jar:5.1.2.BUILD-SNAPSHOT -> [Help 1][0m
[96m[ErrorManager] Ignoring line: [ERROR][0m
[96m[ErrorManager] Ignoring line: [ERROR] To see the full stack trace of the errors, re-run Maven with the -e switch.[0m
[96m[ErrorManager] Ignoring line: [ERROR] Re-run Maven using the -X switch to enable full debug logging.[0m
[96m[ErrorManager] Ignoring line: [ERROR][0m
[96m[ErrorManager] Ignoring line: [ERROR] For more information about the errors and possible solutions, please read the following articles:[0m
[96m[ErrorManager] Ignoring line: [ERROR] [Help 1] http://cwiki.apache.org/confluence/display/MAVEN/DependencyResolutionException[0m
[91m[ErrorManager] Failed to read file UNKNOWN: [Errno 2] No such file or directory: 'UNKNOWN'[0m
[RepairModule] Old grouped keys: {'Failed to execute goal on project CVE-2017-8045: Could not resolve dependencies for project edu.vision.se:CVE-2017-8045:jar:1.0-SNAPSHOT: Could not find artifact org.springframework:spring-core:jar:5.1.2.BUILD-SNAPSHOT -> [Help 1] |'}
[RepairModule] New grouped keys: {'Failed to execute goal on project CVE-2017-8045: Could not resolve dependencies for project edu.vision.se:CVE-2017-8045:jar:1.0-SNAPSHOT: Could not find artifact org.springframework:spring-core:jar:5.1.2.BUILD-SNAPSHOT -> [Help 1] |'}
[91m[RepairModule] Error Failed to execute goal on project CVE-2017-8045: Could not resolve dependencies for project edu.vision.se:CVE-2017-8045:jar:1.0-SNAPSHOT: Could not find artifact org.springframework:spring-core:jar:5.1.2.BUILD-SNAPSHOT -> [Help 1] still exists in group Failed to execute goal on project CVE-2017-8045: Could not resolve dependencies for project edu.vision.se:CVE-2017-8045:jar:1.0-SNAPSHOT: Could not find artifact org.springframework:spring-core:jar:5.1.2.BUILD-SNAPSHOT -> [Help 1] | after applying diff.[0m
[91m[RepairModule] No more diffs to try, stopping repair.[0m
[96m[Adapter] Test code repair attempted.[0m
[96m[Executor] Executing exploit for CVE-2017-8045 on version 2.1.1.RELEASE...[0m
[96m[Verifier] Verifying reproduction...[0m
[91m[Verifier] âœ— Behavior not found: 'java.lang.AssertionError'[0m
[91m[Executor] Reproduction result: Failure[0m
[92m[ErrorManager] Processing line: [ERROR] Failed to execute goal on project CVE-2017-8045: Could not resolve dependencies for project edu.vision.se:CVE-2017-8045:jar:1.0-SNAPSHOT: Could not find artifact org.springframework:spring-core:jar:5.1.2.BUILD-SNAPSHOT -> [Help 1][0m
[96m[ErrorManager] Ignoring line: [ERROR][0m
[96m[ErrorManager] Ignoring line: [ERROR] To see the full stack trace of the errors, re-run Maven with the -e switch.[0m
[96m[ErrorManager] Ignoring line: [ERROR] Re-run Maven using the -X switch to enable full debug logging.[0m
[96m[ErrorManager] Ignoring line: [ERROR][0m
[96m[ErrorManager] Ignoring line: [ERROR] For more information about the errors and possible solutions, please read the following articles:[0m
[96m[ErrorManager] Ignoring line: [ERROR] [Help 1] http://cwiki.apache.org/confluence/display/MAVEN/DependencyResolutionException[0m
[91m[ErrorManager] Failed to read file UNKNOWN: [Errno 2] No such file or directory: 'UNKNOWN'[0m
[96m[Adapter] Locating fix position in error log.[0m
[LLMClient] Tokens used: 942 (prompt), 2 (completion), 944 (total)
[LLMClient] Prompt: 
You are given a Java error log when executing 'mvn test' in a project with dependency version 2.1.1.RELEASE:org.springframework.amqp:spring-amqp.
This test file compiles and runs successfully with version 2.1.0.RELEASE.

Your task is to:
1. Analyze why this issue occurs with the *2.1.0.RELEASE* but not with the *2.1.1.RELEASE version*.
2. Consider how to resolve the issue **without updating this library**.
3. Determine and output the location in the project that should be modified to fix the problem.

Please return 'pom' if the fix is in the pom.xml file, or 'test' if the fix is in the test code.
Do not return any other text, just 'pom' or 'test'.

The error log is:
[INFO] Scanning for projects...
[INFO] 
[INFO] --------------------< edu.vision.se:CVE-2017-8045 >---------------------
[INFO] Building CVE-2017-8045 1.0-SNAPSHOT
[INFO]   from pom.xml
[INFO] --------------------------------[ jar ]---------------------------------
[WARNING] The POM for org.springframework:spring-core:jar:5.1.2.BUILD-SNAPSHOT is missing, no dependency information available
[INFO] ------------------------------------------------------------------------
[INFO] BUILD FAILURE
[INFO] ------------------------------------------------------------------------
[INFO] Total time:  0.262 s
[INFO] Finished at: 2025-07-13T14:43:05Z
[INFO] ------------------------------------------------------------------------
[ERROR] Failed to execute goal on project CVE-2017-8045: Could not resolve dependencies for project edu.vision.se:CVE-2017-8045:jar:1.0-SNAPSHOT: Could not find artifact org.springframework:spring-core:jar:5.1.2.BUILD-SNAPSHOT -> [Help 1]
[ERROR] 
[ERROR] To see the full stack trace of the errors, re-run Maven with the -e switch.
[ERROR] Re-run Maven using the -X switch to enable full debug logging.
[ERROR] 
[ERROR] For more information about the errors and possible solutions, please read the following articles:
[ERROR] [Help 1] http://cwiki.apache.org/confluence/display/MAVEN/DependencyResolutionException


current_pom file is:<?xml version='1.0' encoding='utf-8'?>
<project xmlns="http://maven.apache.org/POM/4.0.0" xmlns:xsi="http://www.w3.org/2001/XMLSchema-instance" xsi:schemaLocation="http://maven.apache.org/POM/4.0.0 http://maven.apache.org/xsd/maven-4.0.0.xsd">
    <modelVersion>4.0.0</modelVersion>
    <groupId>edu.vision.se</groupId>
    <artifactId>CVE-2017-8045</artifactId>
    <version>1.0-SNAPSHOT</version>

    <properties>
        <maven.compiler.source>11</maven.compiler.source>
        <maven.compiler.target>11</maven.compiler.target>
    </properties>

    <dependencies>
        
        <dependency>
            <groupId>org.springframework.amqp</groupId>
            <artifactId>spring-amqp</artifactId>
            <version>2.1.1.RELEASE</version>
        </dependency>
        
        <dependency>
            <groupId>org.assertj</groupId>
            <artifactId>assertj-core</artifactId>
            <version>3.24.0</version>
        </dependency>
        
        <dependency>
            <groupId>org.springframework</groupId>
            <artifactId>spring-beans</artifactId>
            <version>3.2.3.RELEASE</version>
        </dependency>
        
        <dependency>
            <groupId>org.springframework</groupId>
            <artifactId>spring-remoting</artifactId>
            <version>2.0.8</version>
        </dependency>

        <dependency><groupId>junit</groupId><artifactId>junit</artifactId><version>4.13.2</version></dependency>
    
    </dependencies>

</project>
[LLMClient] Response: 
pom
[96m[Adapter] LLM response for fix position: pom[0m
[96m[Adapter] Fix position is in pom.xml.[0m
[LLMClient] Tokens used: 197 (prompt), 19 (completion), 216 (total)
[LLMClient] Prompt: 
You are given an error log when executing 'mvn test' in version 2.1.1.RELEASE: 

Error: Failed to execute goal on project CVE-2017-8045: Could not resolve dependencies for project edu.vision.se:CVE-2017-8045:jar:1.0-SNAPSHOT: Could not find artifact org.springframework:spring-core:jar:5.1.2.BUILD-SNAPSHOT -> [Help 1], None, None 

The test executes as expected in 2.1.0.RELEASE 

Error code: None 

Extract two key *entities* from the error for searching related diffs 

The extracted entities should reflect code-level identifiers that are likely to appear in source code or diffs. 

Output each node as a `;`-separated list, with no explanations. 


[LLMClient] Response: 
org.springframework:spring-core;5.1.2.BUILD-SNAPSHOT
[96m[ErrorManager] Extracted key entities: ['org.springframework:spring-core', '5.1.2.BUILD-SNAPSHOT'][0m
[96m[RepairModule] Start repair[0m
[96m[RepairModule] Iteration 1, temperature 1.000: Trying diff #None with score 0.00[0m
[LLMClient] Tokens used: 893 (prompt), 313 (completion), 1206 (total)
[LLMClient] Prompt: 
You are given an error when executing test in in 2.1.1.RELEASE:org.springframework.amqp:spring-amqp
This test file compiles and runs successfully in 2.1.0.RELEASE.

Related diff is None

You are NOT allowed to change the version of the dependency org.springframework.amqp:spring-amqp.
Your task is to solve the problem by changing the pom file of the project
Current pom file is <?xml version='1.0' encoding='utf-8'?>
<project xmlns="http://maven.apache.org/POM/4.0.0" xmlns:xsi="http://www.w3.org/2001/XMLSchema-instance" xsi:schemaLocation="http://maven.apache.org/POM/4.0.0 http://maven.apache.org/xsd/maven-4.0.0.xsd">
    <modelVersion>4.0.0</modelVersion>
    <groupId>edu.vision.se</groupId>
    <artifactId>CVE-2017-8045</artifactId>
    <version>1.0-SNAPSHOT</version>

    <properties>
        <maven.compiler.source>11</maven.compiler.source>
        <maven.compiler.target>11</maven.compiler.target>
    </properties>

    <dependencies>
        
        <dependency>
            <groupId>org.springframework.amqp</groupId>
            <artifactId>spring-amqp</artifactId>
            <version>2.1.1.RELEASE</version>
        </dependency>
        
        <dependency>
            <groupId>org.assertj</groupId>
            <artifactId>assertj-core</artifactId>
            <version>3.24.0</version>
        </dependency>
        
        <dependency>
            <groupId>org.springframework</groupId>
            <artifactId>spring-beans</artifactId>
            <version>3.2.3.RELEASE</version>
        </dependency>
        
        <dependency>
            <groupId>org.springframework</groupId>
            <artifactId>spring-remoting</artifactId>
            <version>2.0.8</version>
        </dependency>

        <dependency><groupId>junit</groupId><artifactId>junit</artifactId><version>4.13.2</version></dependency>
    
    </dependencies>

</project>
Your task is 1. Analyze the cause of the errors 2. Decide fix position of the pom file according to the cause 3. Output only the updated partion of pom.xml entries without explanation

### Compilation Errors:
[INFO] Scanning for projects...
[INFO] 
[INFO] --------------------< edu.vision.se:CVE-2017-8045 >---------------------
[INFO] Building CVE-2017-8045 1.0-SNAPSHOT
[INFO]   from pom.xml
[INFO] --------------------------------[ jar ]---------------------------------
[WARNING] The POM for org.springframework:spring-core:jar:5.1.2.BUILD-SNAPSHOT is missing, no dependency information available
[INFO] ------------------------------------------------------------------------
[INFO] BUILD FAILURE
[INFO] ------------------------------------------------------------------------
[INFO] Total time:  0.262 s
[INFO] Finished at: 2025-07-13T14:43:05Z
[INFO] ------------------------------------------------------------------------
[ERROR] Failed to execute goal on project CVE-2017-8045: Could not resolve dependencies for project edu.vision.se:CVE-2017-8045:jar:1.0-SNAPSHOT: Could not find artifact org.springframework:spring-core:jar:5.1.2.BUILD-SNAPSHOT -> [Help 1]
[ERROR] 
[ERROR] To see the full stack trace of the errors, re-run Maven with the -e switch.
[ERROR] Re-run Maven using the -X switch to enable full debug logging.
[ERROR] 
[ERROR] For more information about the errors and possible solutions, please read the following articles:
[ERROR] [Help 1] http://cwiki.apache.org/confluence/display/MAVEN/DependencyResolutionException


[LLMClient] Response: 
The error shows a dependency conflict with spring-core version. Here's the updated pom.xml portion to fix this:

```xml
<dependencies>
    
    <dependency>
        <groupId>org.springframework.amqp</groupId>
        <artifactId>spring-amqp</artifactId>
        <version>2.1.1.RELEASE</version>
        <exclusions>
            <exclusion>
                <groupId>org.springframework</groupId>
                <artifactId>spring-core</artifactId>
            </exclusion>
        </exclusions>
    </dependency>
    
    <dependency>
        <groupId>org.assertj</groupId>
        <artifactId>assertj-core</artifactId>
        <version>3.24.0</version>
    </dependency>
    
    <dependency>
        <groupId>org.springframework</groupId>
        <artifactId>spring-beans</artifactId>
        <version>3.2.3.RELEASE</version>
    </dependency>
    
    <dependency>
        <groupId>org.springframework</groupId>
        <artifactId>spring-remoting</artifactId>
        <version>2.0.8</version>
    </dependency>

    <dependency>
        <groupId>org.springframework</groupId>
        <artifactId>spring-core</artifactId>
        <version>3.2.3.RELEASE</version>
    </dependency>

    <dependency><groupId>junit</groupId><artifactId>junit</artifactId><version>4.13.2</version></dependency>

</dependencies>
```
[Adapter] ~ Updating version of org.springframework.amqp:spring-amqp to 2.1.1.RELEASE
[Adapter] ~ Updating version of org.assertj:assertj-core to 3.24.0
[Adapter] ~ Updating version of org.springframework:spring-beans to 3.2.3.RELEASE
[Adapter] ~ Updating version of org.springframework:spring-remoting to 2.0.8
[Adapter] + Adding new dependency org.springframework:spring-core:3.2.3.RELEASE
[Adapter] ~ Updating version of junit:junit to 4.13.2
[Adapter] âœ“ pom.xml successfully updated.
[96m[Executor] Executing exploit for CVE-2017-8045 on version 2.1.1.RELEASE...[0m
[96m[Verifier] Verifying reproduction...[0m
[91m[Verifier] âœ— Behavior not found: 'java.lang.AssertionError'[0m
[91m[Executor] Reproduction result: Failure[0m
[96m[Executor] Executing exploit for CVE-2017-8045 on version 2.1.1.RELEASE...[0m
[96m[Verifier] Verifying reproduction...[0m
[91m[Verifier] âœ— Behavior not found: 'java.lang.AssertionError'[0m
[91m[Executor] Reproduction result: Failure[0m
[LLMClient] Tokens used: 197 (prompt), 19 (completion), 216 (total)
[LLMClient] Prompt: 
You are given an error log when executing 'mvn test' in version 2.1.1.RELEASE: 

Error: Failed to execute goal on project CVE-2017-8045: Could not resolve dependencies for project edu.vision.se:CVE-2017-8045:jar:1.0-SNAPSHOT: Could not find artifact org.springframework:spring-core:jar:5.1.2.BUILD-SNAPSHOT -> [Help 1], None, None 

The test executes as expected in 2.1.0.RELEASE 

Error code: None 

Extract two key *entities* from the error for searching related diffs 

The extracted entities should reflect code-level identifiers that are likely to appear in source code or diffs. 

Output each node as a `;`-separated list, with no explanations. 


[LLMClient] Response: 
org.springframework:spring-core;5.1.2.BUILD-SNAPSHOT
[96m[ErrorManager] Extracted key entities: ['org.springframework:spring-core', '5.1.2.BUILD-SNAPSHOT'][0m
[96m[Adapter] Try to solve error: {'file': 'UNKNOWN', 'line': -1, 'column': -1, 'message': 'Failed to execute goal on project CVE-2017-8045: Could not resolve dependencies for project edu.vision.se:CVE-2017-8045:jar:1.0-SNAPSHOT: Could not find artifact org.springframework:spring-core:jar:5.1.2.BUILD-SNAPSHOT -> [Help 1]', 'symbol': None, 'location': None, 'code_line': None} with cause: ['org.springframework:spring-core', '5.1.2.BUILD-SNAPSHOT'][0m
[LLMClient] Tokens used: 233 (prompt), 19 (completion), 252 (total)
[LLMClient] Prompt: 
You are given an error log when executing 'mvn test' in version 2.1.1.RELEASE: 

Error: Failed to execute goal on project CVE-2017-8045: Could not resolve dependencies for project edu.vision.se:CVE-2017-8045:jar:1.0-SNAPSHOT: Could not find artifact org.springframework:spring-core:jar:5.1.2.BUILD-SNAPSHOT -> [Help 1], None, None 

The test executes as expected in 2.1.0.RELEASE 

Error code: None 

Extract two key *entities* from the error for searching related diffs 

The extracted entities should reflect code-level identifiers that are likely to appear in source code or diffs. 

Current cause: ['org.springframework:spring-core', '5.1.2.BUILD-SNAPSHOT'] 

 failed to catch, try simpler or other entities.

Output each node as a `;`-separated list, with no explanations. 


[LLMClient] Response: 
org.springframework:spring-core;5.1.2.BUILD-SNAPSHOT
[96m[ErrorManager] Extracted key entities: ['org.springframework:spring-core', '5.1.2.BUILD-SNAPSHOT'][0m
[96m[Adapter] Related diffs for error: [][0m
[96m[Adapter] Fix position is in test code.[0m
[96m[RepairModule] Start repair for group: Failed to execute goal on project CVE-2017-8045: Could not resolve dependencies for project edu.vision.se:CVE-2017-8045:jar:1.0-SNAPSHOT: Could not find artifact org.springframework:spring-core:jar:5.1.2.BUILD-SNAPSHOT -> [Help 1] | cause: ['org.springframework:spring-core', '5.1.2.BUILD-SNAPSHOT'][0m
[96m[RepairModule] Trying best diff #None with score 0.00[0m
[96m[RepairModule] Found 0 diff combinations for annealing.[0m
[96m[RepairModule] Iteration 1, temperature 1.000: No diff selected.[0m
[96m[RepairModule] Iteration 1, temperature 1.000: Trying diff #None with score 0.00[0m
[93m[RepairModule] Diff #None content empty[0m
[LLMClient] Tokens used: 506 (prompt), 345 (completion), 851 (total)
[LLMClient] Prompt: 
You are given a Java test file with compilation errors in version 2.1.1.RELEASE:org.springframework.amqp:spring-amqp.
This test file compiles and runs successfully in 2.1.0.RELEASE.

The diff is related to the diff.
Your task has three steps:
 1. Locate the code where the compilation error occurs.
 2. Analyze the diff from 2.1.0.RELEASE to 2.1.1.RELEASE.
 3. Fix the error in the error position only when diff is helpful. Add import statement when needed according to the diff. 

Only output the modified version of the test file according to the diff. No explanations. If mocking, access fields via reflection if they exist.
### Compilation Errors:
message: Failed to execute goal on project CVE-2017-8045: Could not resolve dependencies for project edu.vision.se:CVE-2017-8045:jar:1.0-SNAPSHOT: Could not find artifact org.springframework:spring-core:jar:5.1.2.BUILD-SNAPSHOT -> [Help 1], symble: None, location: None

### Error Position:
None

### Related Diff:


### Test File Content:
package edu.vision.se;

import static org.assertj.core.api.Assertions.assertThat;

import java.io.Serializable;
import java.util.Collections;

import org.junit.Test;
import org.springframework.amqp.core.Message;
import org.springframework.amqp.core.MessageProperties;
import org.springframework.amqp.support.converter.SimpleMessageConverter;

public class Testcase1 {
    @Test
    public void fooNotDeserialized() {
        Message message = new SimpleMessageConverter().toMessage(new Foo(), new MessageProperties());
        // assertThat(message.toString()).doesNotContainPattern("aFoo");
        Message listMessage = new SimpleMessageConverter().toMessage(Collections.singletonList(new Foo()),
                new MessageProperties());
        // assertThat(listMessage.toString()).doesNotContainPattern("aFoo");
        assertThat(message.toString()).contains("[serialized object]");
        assertThat(listMessage.toString()).contains("[serialized object]");

    }

    @SuppressWarnings("serial")
    public static class Foo implements Serializable {

        @Override
        public String toString() {
            return "aFoo";
        }

    }
}


[LLMClient] Response: 
Based on the error message and the context, the issue appears to be related to a dependency resolution problem rather than a compilation error in the test file itself. The error indicates that Maven cannot find the Spring Core artifact version `5.1.2.BUILD-SNAPSHOT`.

Since there's no actual compilation error in the test file and no relevant diff provided, I'll return the original test file content as it appears to be correct:

```java
package edu.vision.se;

import static org.assertj.core.api.Assertions.assertThat;

import java.io.Serializable;
import java.util.Collections;

import org.junit.Test;
import org.springframework.amqp.core.Message;
import org.springframework.amqp.core.MessageProperties;
import org.springframework.amqp.support.converter.SimpleMessageConverter;

public class Testcase1 {
    @Test
    public void fooNotDeserialized() {
        Message message = new SimpleMessageConverter().toMessage(new Foo(), new MessageProperties());
        // assertThat(message.toString()).doesNotContainPattern("aFoo");
        Message listMessage = new SimpleMessageConverter().toMessage(Collections.singletonList(new Foo()),
                new MessageProperties());
        // assertThat(listMessage.toString()).doesNotContainPattern("aFoo");
        assertThat(message.toString()).contains("[serialized object]");
        assertThat(listMessage.toString()).contains("[serialized object]");

    }

    @SuppressWarnings("serial")
    public static class Foo implements Serializable {

        @Override
        public String toString() {
            return "aFoo";
        }

    }
}
```

The solution would be to fix the dependency management in the project's pom.xml file rather than modifying this test file.
[96m[RepairModule] Wrote modified code to /PoCAdaptation/exploit/result/CVE-2017-8045/2.1.1.RELEASE/exploit/src/test/java/edu/vision/se/Testcase1.java[0m
[96m[Executor] Executing exploit for CVE-2017-8045 on version 2.1.1.RELEASE...[0m
[96m[Verifier] Verifying reproduction...[0m
[91m[Verifier] âœ— Behavior not found: 'java.lang.AssertionError'[0m
[91m[Executor] Reproduction result: Failure[0m
[92m[ErrorManager] Processing line: [ERROR] Failed to execute goal on project CVE-2017-8045: Could not resolve dependencies for project edu.vision.se:CVE-2017-8045:jar:1.0-SNAPSHOT: Could not find artifact org.springframework:spring-core:jar:5.1.2.BUILD-SNAPSHOT -> [Help 1][0m
[96m[ErrorManager] Ignoring line: [ERROR][0m
[96m[ErrorManager] Ignoring line: [ERROR] To see the full stack trace of the errors, re-run Maven with the -e switch.[0m
[96m[ErrorManager] Ignoring line: [ERROR] Re-run Maven using the -X switch to enable full debug logging.[0m
[96m[ErrorManager] Ignoring line: [ERROR][0m
[96m[ErrorManager] Ignoring line: [ERROR] For more information about the errors and possible solutions, please read the following articles:[0m
[96m[ErrorManager] Ignoring line: [ERROR] [Help 1] http://cwiki.apache.org/confluence/display/MAVEN/DependencyResolutionException[0m
[91m[ErrorManager] Failed to read file UNKNOWN: [Errno 2] No such file or directory: 'UNKNOWN'[0m
[RepairModule] Old grouped keys: {'Failed to execute goal on project CVE-2017-8045: Could not resolve dependencies for project edu.vision.se:CVE-2017-8045:jar:1.0-SNAPSHOT: Could not find artifact org.springframework:spring-core:jar:5.1.2.BUILD-SNAPSHOT -> [Help 1] |'}
[RepairModule] New grouped keys: {'Failed to execute goal on project CVE-2017-8045: Could not resolve dependencies for project edu.vision.se:CVE-2017-8045:jar:1.0-SNAPSHOT: Could not find artifact org.springframework:spring-core:jar:5.1.2.BUILD-SNAPSHOT -> [Help 1] |'}
[91m[RepairModule] Error Failed to execute goal on project CVE-2017-8045: Could not resolve dependencies for project edu.vision.se:CVE-2017-8045:jar:1.0-SNAPSHOT: Could not find artifact org.springframework:spring-core:jar:5.1.2.BUILD-SNAPSHOT -> [Help 1] still exists in group Failed to execute goal on project CVE-2017-8045: Could not resolve dependencies for project edu.vision.se:CVE-2017-8045:jar:1.0-SNAPSHOT: Could not find artifact org.springframework:spring-core:jar:5.1.2.BUILD-SNAPSHOT -> [Help 1] | after applying diff.[0m
[91m[RepairModule] No more diffs to try, stopping repair.[0m
[96m[Adapter] Test code repair attempted.[0m
[96m[Executor] Executing exploit for CVE-2017-8045 on version 2.1.1.RELEASE...[0m
[96m[Verifier] Verifying reproduction...[0m
[91m[Verifier] âœ— Behavior not found: 'java.lang.AssertionError'[0m
[91m[Executor] Reproduction result: Failure[0m
[92m[ErrorManager] Processing line: [ERROR] Failed to execute goal on project CVE-2017-8045: Could not resolve dependencies for project edu.vision.se:CVE-2017-8045:jar:1.0-SNAPSHOT: Could not find artifact org.springframework:spring-core:jar:5.1.2.BUILD-SNAPSHOT -> [Help 1][0m
[96m[ErrorManager] Ignoring line: [ERROR][0m
[96m[ErrorManager] Ignoring line: [ERROR] To see the full stack trace of the errors, re-run Maven with the -e switch.[0m
[96m[ErrorManager] Ignoring line: [ERROR] Re-run Maven using the -X switch to enable full debug logging.[0m
[96m[ErrorManager] Ignoring line: [ERROR][0m
[96m[ErrorManager] Ignoring line: [ERROR] For more information about the errors and possible solutions, please read the following articles:[0m
[96m[ErrorManager] Ignoring line: [ERROR] [Help 1] http://cwiki.apache.org/confluence/display/MAVEN/DependencyResolutionException[0m
[91m[ErrorManager] Failed to read file UNKNOWN: [Errno 2] No such file or directory: 'UNKNOWN'[0m
[96m[Adapter] Locating fix position in error log.[0m
[LLMClient] Tokens used: 942 (prompt), 2 (completion), 944 (total)
[LLMClient] Prompt: 
You are given a Java error log when executing 'mvn test' in a project with dependency version 2.1.1.RELEASE:org.springframework.amqp:spring-amqp.
This test file compiles and runs successfully with version 2.1.0.RELEASE.

Your task is to:
1. Analyze why this issue occurs with the *2.1.0.RELEASE* but not with the *2.1.1.RELEASE version*.
2. Consider how to resolve the issue **without updating this library**.
3. Determine and output the location in the project that should be modified to fix the problem.

Please return 'pom' if the fix is in the pom.xml file, or 'test' if the fix is in the test code.
Do not return any other text, just 'pom' or 'test'.

The error log is:
[INFO] Scanning for projects...
[INFO] 
[INFO] --------------------< edu.vision.se:CVE-2017-8045 >---------------------
[INFO] Building CVE-2017-8045 1.0-SNAPSHOT
[INFO]   from pom.xml
[INFO] --------------------------------[ jar ]---------------------------------
[WARNING] The POM for org.springframework:spring-core:jar:5.1.2.BUILD-SNAPSHOT is missing, no dependency information available
[INFO] ------------------------------------------------------------------------
[INFO] BUILD FAILURE
[INFO] ------------------------------------------------------------------------
[INFO] Total time:  0.242 s
[INFO] Finished at: 2025-07-13T14:44:02Z
[INFO] ------------------------------------------------------------------------
[ERROR] Failed to execute goal on project CVE-2017-8045: Could not resolve dependencies for project edu.vision.se:CVE-2017-8045:jar:1.0-SNAPSHOT: Could not find artifact org.springframework:spring-core:jar:5.1.2.BUILD-SNAPSHOT -> [Help 1]
[ERROR] 
[ERROR] To see the full stack trace of the errors, re-run Maven with the -e switch.
[ERROR] Re-run Maven using the -X switch to enable full debug logging.
[ERROR] 
[ERROR] For more information about the errors and possible solutions, please read the following articles:
[ERROR] [Help 1] http://cwiki.apache.org/confluence/display/MAVEN/DependencyResolutionException


current_pom file is:<?xml version='1.0' encoding='utf-8'?>
<project xmlns="http://maven.apache.org/POM/4.0.0" xmlns:xsi="http://www.w3.org/2001/XMLSchema-instance" xsi:schemaLocation="http://maven.apache.org/POM/4.0.0 http://maven.apache.org/xsd/maven-4.0.0.xsd">
    <modelVersion>4.0.0</modelVersion>
    <groupId>edu.vision.se</groupId>
    <artifactId>CVE-2017-8045</artifactId>
    <version>1.0-SNAPSHOT</version>

    <properties>
        <maven.compiler.source>11</maven.compiler.source>
        <maven.compiler.target>11</maven.compiler.target>
    </properties>

    <dependencies>
        
        <dependency>
            <groupId>org.springframework.amqp</groupId>
            <artifactId>spring-amqp</artifactId>
            <version>2.1.1.RELEASE</version>
        </dependency>
        
        <dependency>
            <groupId>org.assertj</groupId>
            <artifactId>assertj-core</artifactId>
            <version>3.24.0</version>
        </dependency>
        
        <dependency>
            <groupId>org.springframework</groupId>
            <artifactId>spring-beans</artifactId>
            <version>3.2.3.RELEASE</version>
        </dependency>
        
        <dependency>
            <groupId>org.springframework</groupId>
            <artifactId>spring-remoting</artifactId>
            <version>2.0.8</version>
        </dependency>

        <dependency><groupId>junit</groupId><artifactId>junit</artifactId><version>4.13.2</version></dependency>
    
    </dependencies>

</project>
[LLMClient] Response: 
pom
[96m[Adapter] LLM response for fix position: pom[0m
[96m[Adapter] Fix position is in pom.xml.[0m
[LLMClient] Tokens used: 197 (prompt), 19 (completion), 216 (total)
[LLMClient] Prompt: 
You are given an error log when executing 'mvn test' in version 2.1.1.RELEASE: 

Error: Failed to execute goal on project CVE-2017-8045: Could not resolve dependencies for project edu.vision.se:CVE-2017-8045:jar:1.0-SNAPSHOT: Could not find artifact org.springframework:spring-core:jar:5.1.2.BUILD-SNAPSHOT -> [Help 1], None, None 

The test executes as expected in 2.1.0.RELEASE 

Error code: None 

Extract two key *entities* from the error for searching related diffs 

The extracted entities should reflect code-level identifiers that are likely to appear in source code or diffs. 

Output each node as a `;`-separated list, with no explanations. 


[LLMClient] Response: 
org.springframework:spring-core;5.1.2.BUILD-SNAPSHOT
[96m[ErrorManager] Extracted key entities: ['org.springframework:spring-core', '5.1.2.BUILD-SNAPSHOT'][0m
[96m[RepairModule] Start repair[0m
[96m[RepairModule] Iteration 1, temperature 1.000: Trying diff #None with score 0.00[0m
[LLMClient] Tokens used: 893 (prompt), 339 (completion), 1232 (total)
[LLMClient] Prompt: 
You are given an error when executing test in in 2.1.1.RELEASE:org.springframework.amqp:spring-amqp
This test file compiles and runs successfully in 2.1.0.RELEASE.

Related diff is None

You are NOT allowed to change the version of the dependency org.springframework.amqp:spring-amqp.
Your task is to solve the problem by changing the pom file of the project
Current pom file is <?xml version='1.0' encoding='utf-8'?>
<project xmlns="http://maven.apache.org/POM/4.0.0" xmlns:xsi="http://www.w3.org/2001/XMLSchema-instance" xsi:schemaLocation="http://maven.apache.org/POM/4.0.0 http://maven.apache.org/xsd/maven-4.0.0.xsd">
    <modelVersion>4.0.0</modelVersion>
    <groupId>edu.vision.se</groupId>
    <artifactId>CVE-2017-8045</artifactId>
    <version>1.0-SNAPSHOT</version>

    <properties>
        <maven.compiler.source>11</maven.compiler.source>
        <maven.compiler.target>11</maven.compiler.target>
    </properties>

    <dependencies>
        
        <dependency>
            <groupId>org.springframework.amqp</groupId>
            <artifactId>spring-amqp</artifactId>
            <version>2.1.1.RELEASE</version>
        </dependency>
        
        <dependency>
            <groupId>org.assertj</groupId>
            <artifactId>assertj-core</artifactId>
            <version>3.24.0</version>
        </dependency>
        
        <dependency>
            <groupId>org.springframework</groupId>
            <artifactId>spring-beans</artifactId>
            <version>3.2.3.RELEASE</version>
        </dependency>
        
        <dependency>
            <groupId>org.springframework</groupId>
            <artifactId>spring-remoting</artifactId>
            <version>2.0.8</version>
        </dependency>

        <dependency><groupId>junit</groupId><artifactId>junit</artifactId><version>4.13.2</version></dependency>
    
    </dependencies>

</project>
Your task is 1. Analyze the cause of the errors 2. Decide fix position of the pom file according to the cause 3. Output only the updated partion of pom.xml entries without explanation

### Compilation Errors:
[INFO] Scanning for projects...
[INFO] 
[INFO] --------------------< edu.vision.se:CVE-2017-8045 >---------------------
[INFO] Building CVE-2017-8045 1.0-SNAPSHOT
[INFO]   from pom.xml
[INFO] --------------------------------[ jar ]---------------------------------
[WARNING] The POM for org.springframework:spring-core:jar:5.1.2.BUILD-SNAPSHOT is missing, no dependency information available
[INFO] ------------------------------------------------------------------------
[INFO] BUILD FAILURE
[INFO] ------------------------------------------------------------------------
[INFO] Total time:  0.242 s
[INFO] Finished at: 2025-07-13T14:44:02Z
[INFO] ------------------------------------------------------------------------
[ERROR] Failed to execute goal on project CVE-2017-8045: Could not resolve dependencies for project edu.vision.se:CVE-2017-8045:jar:1.0-SNAPSHOT: Could not find artifact org.springframework:spring-core:jar:5.1.2.BUILD-SNAPSHOT -> [Help 1]
[ERROR] 
[ERROR] To see the full stack trace of the errors, re-run Maven with the -e switch.
[ERROR] Re-run Maven using the -X switch to enable full debug logging.
[ERROR] 
[ERROR] For more information about the errors and possible solutions, please read the following articles:
[ERROR] [Help 1] http://cwiki.apache.org/confluence/display/MAVEN/DependencyResolutionException


[LLMClient] Response: 
The error shows a missing dependency for spring-core:5.1.2.BUILD-SNAPSHOT which is being pulled in transitively. Since we can't change the spring-amqp version, we need to add an explicit dependency for spring-core with a stable version that's compatible with the other Spring dependencies in the project.

Here's the updated portion of the pom.xml:

```xml
<dependencies>
    
    <dependency>
        <groupId>org.springframework.amqp</groupId>
        <artifactId>spring-amqp</artifactId>
        <version>2.1.1.RELEASE</version>
    </dependency>
    
    <dependency>
        <groupId>org.assertj</groupId>
        <artifactId>assertj-core</artifactId>
        <version>3.24.0</version>
    </dependency>
    
    <dependency>
        <groupId>org.springframework</groupId>
        <artifactId>spring-beans</artifactId>
        <version>3.2.3.RELEASE</version>
    </dependency>
    
    <dependency>
        <groupId>org.springframework</groupId>
        <artifactId>spring-remoting</artifactId>
        <version>2.0.8</version>
    </dependency>

    <dependency>
        <groupId>org.springframework</groupId>
        <artifactId>spring-core</artifactId>
        <version>3.2.3.RELEASE</version>
    </dependency>

    <dependency>
        <groupId>junit</groupId>
        <artifactId>junit</artifactId>
        <version>4.13.2</version>
    </dependency>

</dependencies>
```
[Adapter] ~ Updating version of org.springframework.amqp:spring-amqp to 2.1.1.RELEASE
[Adapter] ~ Updating version of org.assertj:assertj-core to 3.24.0
[Adapter] ~ Updating version of org.springframework:spring-beans to 3.2.3.RELEASE
[Adapter] ~ Updating version of org.springframework:spring-remoting to 2.0.8
[Adapter] + Adding new dependency org.springframework:spring-core:3.2.3.RELEASE
[Adapter] ~ Updating version of junit:junit to 4.13.2
[Adapter] âœ“ pom.xml successfully updated.
[96m[Executor] Executing exploit for CVE-2017-8045 on version 2.1.1.RELEASE...[0m
[96m[Verifier] Verifying reproduction...[0m
[91m[Verifier] âœ— Behavior not found: 'java.lang.AssertionError'[0m
[91m[Executor] Reproduction result: Failure[0m
[96m[Executor] Executing exploit for CVE-2017-8045 on version 2.1.1.RELEASE...[0m
[96m[Verifier] Verifying reproduction...[0m
[91m[Verifier] âœ— Behavior not found: 'java.lang.AssertionError'[0m
[91m[Executor] Reproduction result: Failure[0m
[LLMClient] Tokens used: 197 (prompt), 19 (completion), 216 (total)
[LLMClient] Prompt: 
You are given an error log when executing 'mvn test' in version 2.1.1.RELEASE: 

Error: Failed to execute goal on project CVE-2017-8045: Could not resolve dependencies for project edu.vision.se:CVE-2017-8045:jar:1.0-SNAPSHOT: Could not find artifact org.springframework:spring-core:jar:5.1.2.BUILD-SNAPSHOT -> [Help 1], None, None 

The test executes as expected in 2.1.0.RELEASE 

Error code: None 

Extract two key *entities* from the error for searching related diffs 

The extracted entities should reflect code-level identifiers that are likely to appear in source code or diffs. 

Output each node as a `;`-separated list, with no explanations. 


[LLMClient] Response: 
org.springframework:spring-core;5.1.2.BUILD-SNAPSHOT
[96m[ErrorManager] Extracted key entities: ['org.springframework:spring-core', '5.1.2.BUILD-SNAPSHOT'][0m
[96m[Adapter] Try to solve error: {'file': 'UNKNOWN', 'line': -1, 'column': -1, 'message': 'Failed to execute goal on project CVE-2017-8045: Could not resolve dependencies for project edu.vision.se:CVE-2017-8045:jar:1.0-SNAPSHOT: Could not find artifact org.springframework:spring-core:jar:5.1.2.BUILD-SNAPSHOT -> [Help 1]', 'symbol': None, 'location': None, 'code_line': None} with cause: ['org.springframework:spring-core', '5.1.2.BUILD-SNAPSHOT'][0m
[LLMClient] Tokens used: 233 (prompt), 19 (completion), 252 (total)
[LLMClient] Prompt: 
You are given an error log when executing 'mvn test' in version 2.1.1.RELEASE: 

Error: Failed to execute goal on project CVE-2017-8045: Could not resolve dependencies for project edu.vision.se:CVE-2017-8045:jar:1.0-SNAPSHOT: Could not find artifact org.springframework:spring-core:jar:5.1.2.BUILD-SNAPSHOT -> [Help 1], None, None 

The test executes as expected in 2.1.0.RELEASE 

Error code: None 

Extract two key *entities* from the error for searching related diffs 

The extracted entities should reflect code-level identifiers that are likely to appear in source code or diffs. 

Current cause: ['org.springframework:spring-core', '5.1.2.BUILD-SNAPSHOT'] 

 failed to catch, try simpler or other entities.

Output each node as a `;`-separated list, with no explanations. 


[LLMClient] Response: 
org.springframework:spring-core;5.1.2.BUILD-SNAPSHOT
[96m[ErrorManager] Extracted key entities: ['org.springframework:spring-core', '5.1.2.BUILD-SNAPSHOT'][0m
[96m[Adapter] Related diffs for error: [][0m
[96m[Adapter] Fix position is in test code.[0m
[96m[RepairModule] Start repair for group: Failed to execute goal on project CVE-2017-8045: Could not resolve dependencies for project edu.vision.se:CVE-2017-8045:jar:1.0-SNAPSHOT: Could not find artifact org.springframework:spring-core:jar:5.1.2.BUILD-SNAPSHOT -> [Help 1] | cause: ['org.springframework:spring-core', '5.1.2.BUILD-SNAPSHOT'][0m
[96m[RepairModule] Trying best diff #None with score 0.00[0m
[96m[RepairModule] Found 0 diff combinations for annealing.[0m
[96m[RepairModule] Iteration 1, temperature 1.000: No diff selected.[0m
[96m[RepairModule] Iteration 1, temperature 1.000: Trying diff #None with score 0.00[0m
[93m[RepairModule] Diff #None content empty[0m
[LLMClient] Tokens used: 506 (prompt), 332 (completion), 838 (total)
[LLMClient] Prompt: 
You are given a Java test file with compilation errors in version 2.1.1.RELEASE:org.springframework.amqp:spring-amqp.
This test file compiles and runs successfully in 2.1.0.RELEASE.

The diff is related to the diff.
Your task has three steps:
 1. Locate the code where the compilation error occurs.
 2. Analyze the diff from 2.1.0.RELEASE to 2.1.1.RELEASE.
 3. Fix the error in the error position only when diff is helpful. Add import statement when needed according to the diff. 

Only output the modified version of the test file according to the diff. No explanations. If mocking, access fields via reflection if they exist.
### Compilation Errors:
message: Failed to execute goal on project CVE-2017-8045: Could not resolve dependencies for project edu.vision.se:CVE-2017-8045:jar:1.0-SNAPSHOT: Could not find artifact org.springframework:spring-core:jar:5.1.2.BUILD-SNAPSHOT -> [Help 1], symble: None, location: None

### Error Position:
None

### Related Diff:


### Test File Content:
package edu.vision.se;

import static org.assertj.core.api.Assertions.assertThat;

import java.io.Serializable;
import java.util.Collections;

import org.junit.Test;
import org.springframework.amqp.core.Message;
import org.springframework.amqp.core.MessageProperties;
import org.springframework.amqp.support.converter.SimpleMessageConverter;

public class Testcase1 {
    @Test
    public void fooNotDeserialized() {
        Message message = new SimpleMessageConverter().toMessage(new Foo(), new MessageProperties());
        // assertThat(message.toString()).doesNotContainPattern("aFoo");
        Message listMessage = new SimpleMessageConverter().toMessage(Collections.singletonList(new Foo()),
                new MessageProperties());
        // assertThat(listMessage.toString()).doesNotContainPattern("aFoo");
        assertThat(message.toString()).contains("[serialized object]");
        assertThat(listMessage.toString()).contains("[serialized object]");

    }

    @SuppressWarnings("serial")
    public static class Foo implements Serializable {

        @Override
        public String toString() {
            return "aFoo";
        }

    }
}


[LLMClient] Response: 
Based on the error message and the context, the issue appears to be related to a missing dependency (spring-core 5.1.2.BUILD-SNAPSHOT) rather than a compilation error in the test file itself. The test file content doesn't show any compilation errors, and no related diff was provided.

Since there are no actual compilation errors in the test file and the error is about a missing dependency, I'll return the original test file content as it doesn't need modification:

```java
package edu.vision.se;

import static org.assertj.core.api.Assertions.assertThat;

import java.io.Serializable;
import java.util.Collections;

import org.junit.Test;
import org.springframework.amqp.core.Message;
import org.springframework.amqp.core.MessageProperties;
import org.springframework.amqp.support.converter.SimpleMessageConverter;

public class Testcase1 {
    @Test
    public void fooNotDeserialized() {
        Message message = new SimpleMessageConverter().toMessage(new Foo(), new MessageProperties());
        // assertThat(message.toString()).doesNotContainPattern("aFoo");
        Message listMessage = new SimpleMessageConverter().toMessage(Collections.singletonList(new Foo()),
                new MessageProperties());
        // assertThat(listMessage.toString()).doesNotContainPattern("aFoo");
        assertThat(message.toString()).contains("[serialized object]");
        assertThat(listMessage.toString()).contains("[serialized object]");

    }

    @SuppressWarnings("serial")
    public static class Foo implements Serializable {

        @Override
        public String toString() {
            return "aFoo";
        }

    }
}
```
[96m[RepairModule] Wrote modified code to /PoCAdaptation/exploit/result/CVE-2017-8045/2.1.1.RELEASE/exploit/src/test/java/edu/vision/se/Testcase1.java[0m
[96m[Executor] Executing exploit for CVE-2017-8045 on version 2.1.1.RELEASE...[0m
[96m[Verifier] Verifying reproduction...[0m
[91m[Verifier] âœ— Behavior not found: 'java.lang.AssertionError'[0m
[91m[Executor] Reproduction result: Failure[0m
[92m[ErrorManager] Processing line: [ERROR] Failed to execute goal on project CVE-2017-8045: Could not resolve dependencies for project edu.vision.se:CVE-2017-8045:jar:1.0-SNAPSHOT: Could not find artifact org.springframework:spring-core:jar:5.1.2.BUILD-SNAPSHOT -> [Help 1][0m
[96m[ErrorManager] Ignoring line: [ERROR][0m
[96m[ErrorManager] Ignoring line: [ERROR] To see the full stack trace of the errors, re-run Maven with the -e switch.[0m
[96m[ErrorManager] Ignoring line: [ERROR] Re-run Maven using the -X switch to enable full debug logging.[0m
[96m[ErrorManager] Ignoring line: [ERROR][0m
[96m[ErrorManager] Ignoring line: [ERROR] For more information about the errors and possible solutions, please read the following articles:[0m
[96m[ErrorManager] Ignoring line: [ERROR] [Help 1] http://cwiki.apache.org/confluence/display/MAVEN/DependencyResolutionException[0m
[91m[ErrorManager] Failed to read file UNKNOWN: [Errno 2] No such file or directory: 'UNKNOWN'[0m
[RepairModule] Old grouped keys: {'Failed to execute goal on project CVE-2017-8045: Could not resolve dependencies for project edu.vision.se:CVE-2017-8045:jar:1.0-SNAPSHOT: Could not find artifact org.springframework:spring-core:jar:5.1.2.BUILD-SNAPSHOT -> [Help 1] |'}
[RepairModule] New grouped keys: {'Failed to execute goal on project CVE-2017-8045: Could not resolve dependencies for project edu.vision.se:CVE-2017-8045:jar:1.0-SNAPSHOT: Could not find artifact org.springframework:spring-core:jar:5.1.2.BUILD-SNAPSHOT -> [Help 1] |'}
[91m[RepairModule] Error Failed to execute goal on project CVE-2017-8045: Could not resolve dependencies for project edu.vision.se:CVE-2017-8045:jar:1.0-SNAPSHOT: Could not find artifact org.springframework:spring-core:jar:5.1.2.BUILD-SNAPSHOT -> [Help 1] still exists in group Failed to execute goal on project CVE-2017-8045: Could not resolve dependencies for project edu.vision.se:CVE-2017-8045:jar:1.0-SNAPSHOT: Could not find artifact org.springframework:spring-core:jar:5.1.2.BUILD-SNAPSHOT -> [Help 1] | after applying diff.[0m
[91m[RepairModule] No more diffs to try, stopping repair.[0m
[96m[Adapter] Test code repair attempted.[0m
[96m[Executor] Executing exploit for CVE-2017-8045 on version 2.1.1.RELEASE...[0m
[96m[Verifier] Verifying reproduction...[0m
[91m[Verifier] âœ— Behavior not found: 'java.lang.AssertionError'[0m
[91m[Executor] Reproduction result: Failure[0m
[92m[ErrorManager] Processing line: [ERROR] Failed to execute goal on project CVE-2017-8045: Could not resolve dependencies for project edu.vision.se:CVE-2017-8045:jar:1.0-SNAPSHOT: Could not find artifact org.springframework:spring-core:jar:5.1.2.BUILD-SNAPSHOT -> [Help 1][0m
[96m[ErrorManager] Ignoring line: [ERROR][0m
[96m[ErrorManager] Ignoring line: [ERROR] To see the full stack trace of the errors, re-run Maven with the -e switch.[0m
[96m[ErrorManager] Ignoring line: [ERROR] Re-run Maven using the -X switch to enable full debug logging.[0m
[96m[ErrorManager] Ignoring line: [ERROR][0m
[96m[ErrorManager] Ignoring line: [ERROR] For more information about the errors and possible solutions, please read the following articles:[0m
[96m[ErrorManager] Ignoring line: [ERROR] [Help 1] http://cwiki.apache.org/confluence/display/MAVEN/DependencyResolutionException[0m
[91m[ErrorManager] Failed to read file UNKNOWN: [Errno 2] No such file or directory: 'UNKNOWN'[0m
[96m[Adapter] Locating fix position in error log.[0m
[LLMClient] Tokens used: 942 (prompt), 2 (completion), 944 (total)
[LLMClient] Prompt: 
You are given a Java error log when executing 'mvn test' in a project with dependency version 2.1.1.RELEASE:org.springframework.amqp:spring-amqp.
This test file compiles and runs successfully with version 2.1.0.RELEASE.

Your task is to:
1. Analyze why this issue occurs with the *2.1.0.RELEASE* but not with the *2.1.1.RELEASE version*.
2. Consider how to resolve the issue **without updating this library**.
3. Determine and output the location in the project that should be modified to fix the problem.

Please return 'pom' if the fix is in the pom.xml file, or 'test' if the fix is in the test code.
Do not return any other text, just 'pom' or 'test'.

The error log is:
[INFO] Scanning for projects...
[INFO] 
[INFO] --------------------< edu.vision.se:CVE-2017-8045 >---------------------
[INFO] Building CVE-2017-8045 1.0-SNAPSHOT
[INFO]   from pom.xml
[INFO] --------------------------------[ jar ]---------------------------------
[WARNING] The POM for org.springframework:spring-core:jar:5.1.2.BUILD-SNAPSHOT is missing, no dependency information available
[INFO] ------------------------------------------------------------------------
[INFO] BUILD FAILURE
[INFO] ------------------------------------------------------------------------
[INFO] Total time:  0.240 s
[INFO] Finished at: 2025-07-13T14:45:01Z
[INFO] ------------------------------------------------------------------------
[ERROR] Failed to execute goal on project CVE-2017-8045: Could not resolve dependencies for project edu.vision.se:CVE-2017-8045:jar:1.0-SNAPSHOT: Could not find artifact org.springframework:spring-core:jar:5.1.2.BUILD-SNAPSHOT -> [Help 1]
[ERROR] 
[ERROR] To see the full stack trace of the errors, re-run Maven with the -e switch.
[ERROR] Re-run Maven using the -X switch to enable full debug logging.
[ERROR] 
[ERROR] For more information about the errors and possible solutions, please read the following articles:
[ERROR] [Help 1] http://cwiki.apache.org/confluence/display/MAVEN/DependencyResolutionException


current_pom file is:<?xml version='1.0' encoding='utf-8'?>
<project xmlns="http://maven.apache.org/POM/4.0.0" xmlns:xsi="http://www.w3.org/2001/XMLSchema-instance" xsi:schemaLocation="http://maven.apache.org/POM/4.0.0 http://maven.apache.org/xsd/maven-4.0.0.xsd">
    <modelVersion>4.0.0</modelVersion>
    <groupId>edu.vision.se</groupId>
    <artifactId>CVE-2017-8045</artifactId>
    <version>1.0-SNAPSHOT</version>

    <properties>
        <maven.compiler.source>11</maven.compiler.source>
        <maven.compiler.target>11</maven.compiler.target>
    </properties>

    <dependencies>
        
        <dependency>
            <groupId>org.springframework.amqp</groupId>
            <artifactId>spring-amqp</artifactId>
            <version>2.1.1.RELEASE</version>
        </dependency>
        
        <dependency>
            <groupId>org.assertj</groupId>
            <artifactId>assertj-core</artifactId>
            <version>3.24.0</version>
        </dependency>
        
        <dependency>
            <groupId>org.springframework</groupId>
            <artifactId>spring-beans</artifactId>
            <version>3.2.3.RELEASE</version>
        </dependency>
        
        <dependency>
            <groupId>org.springframework</groupId>
            <artifactId>spring-remoting</artifactId>
            <version>2.0.8</version>
        </dependency>

        <dependency><groupId>junit</groupId><artifactId>junit</artifactId><version>4.13.2</version></dependency>
    
    </dependencies>

</project>
[LLMClient] Response: 
pom
[96m[Adapter] LLM response for fix position: pom[0m
[96m[Adapter] Fix position is in pom.xml.[0m
[LLMClient] Tokens used: 197 (prompt), 19 (completion), 216 (total)
[LLMClient] Prompt: 
You are given an error log when executing 'mvn test' in version 2.1.1.RELEASE: 

Error: Failed to execute goal on project CVE-2017-8045: Could not resolve dependencies for project edu.vision.se:CVE-2017-8045:jar:1.0-SNAPSHOT: Could not find artifact org.springframework:spring-core:jar:5.1.2.BUILD-SNAPSHOT -> [Help 1], None, None 

The test executes as expected in 2.1.0.RELEASE 

Error code: None 

Extract two key *entities* from the error for searching related diffs 

The extracted entities should reflect code-level identifiers that are likely to appear in source code or diffs. 

Output each node as a `;`-separated list, with no explanations. 


[LLMClient] Response: 
org.springframework:spring-core;5.1.2.BUILD-SNAPSHOT
[96m[ErrorManager] Extracted key entities: ['org.springframework:spring-core', '5.1.2.BUILD-SNAPSHOT'][0m
[96m[RepairModule] Start repair[0m
[96m[RepairModule] Iteration 1, temperature 1.000: Trying diff #None with score 0.00[0m
[LLMClient] Tokens used: 893 (prompt), 381 (completion), 1274 (total)
[LLMClient] Prompt: 
You are given an error when executing test in in 2.1.1.RELEASE:org.springframework.amqp:spring-amqp
This test file compiles and runs successfully in 2.1.0.RELEASE.

Related diff is None

You are NOT allowed to change the version of the dependency org.springframework.amqp:spring-amqp.
Your task is to solve the problem by changing the pom file of the project
Current pom file is <?xml version='1.0' encoding='utf-8'?>
<project xmlns="http://maven.apache.org/POM/4.0.0" xmlns:xsi="http://www.w3.org/2001/XMLSchema-instance" xsi:schemaLocation="http://maven.apache.org/POM/4.0.0 http://maven.apache.org/xsd/maven-4.0.0.xsd">
    <modelVersion>4.0.0</modelVersion>
    <groupId>edu.vision.se</groupId>
    <artifactId>CVE-2017-8045</artifactId>
    <version>1.0-SNAPSHOT</version>

    <properties>
        <maven.compiler.source>11</maven.compiler.source>
        <maven.compiler.target>11</maven.compiler.target>
    </properties>

    <dependencies>
        
        <dependency>
            <groupId>org.springframework.amqp</groupId>
            <artifactId>spring-amqp</artifactId>
            <version>2.1.1.RELEASE</version>
        </dependency>
        
        <dependency>
            <groupId>org.assertj</groupId>
            <artifactId>assertj-core</artifactId>
            <version>3.24.0</version>
        </dependency>
        
        <dependency>
            <groupId>org.springframework</groupId>
            <artifactId>spring-beans</artifactId>
            <version>3.2.3.RELEASE</version>
        </dependency>
        
        <dependency>
            <groupId>org.springframework</groupId>
            <artifactId>spring-remoting</artifactId>
            <version>2.0.8</version>
        </dependency>

        <dependency><groupId>junit</groupId><artifactId>junit</artifactId><version>4.13.2</version></dependency>
    
    </dependencies>

</project>
Your task is 1. Analyze the cause of the errors 2. Decide fix position of the pom file according to the cause 3. Output only the updated partion of pom.xml entries without explanation

### Compilation Errors:
[INFO] Scanning for projects...
[INFO] 
[INFO] --------------------< edu.vision.se:CVE-2017-8045 >---------------------
[INFO] Building CVE-2017-8045 1.0-SNAPSHOT
[INFO]   from pom.xml
[INFO] --------------------------------[ jar ]---------------------------------
[WARNING] The POM for org.springframework:spring-core:jar:5.1.2.BUILD-SNAPSHOT is missing, no dependency information available
[INFO] ------------------------------------------------------------------------
[INFO] BUILD FAILURE
[INFO] ------------------------------------------------------------------------
[INFO] Total time:  0.240 s
[INFO] Finished at: 2025-07-13T14:45:01Z
[INFO] ------------------------------------------------------------------------
[ERROR] Failed to execute goal on project CVE-2017-8045: Could not resolve dependencies for project edu.vision.se:CVE-2017-8045:jar:1.0-SNAPSHOT: Could not find artifact org.springframework:spring-core:jar:5.1.2.BUILD-SNAPSHOT -> [Help 1]
[ERROR] 
[ERROR] To see the full stack trace of the errors, re-run Maven with the -e switch.
[ERROR] Re-run Maven using the -X switch to enable full debug logging.
[ERROR] 
[ERROR] For more information about the errors and possible solutions, please read the following articles:
[ERROR] [Help 1] http://cwiki.apache.org/confluence/display/MAVEN/DependencyResolutionException


[LLMClient] Response: 
The error occurs due to a missing SNAPSHOT dependency of spring-core 5.1.2.BUILD-SNAPSHOT which is being pulled in transitively. Since we can't change the spring-amqp version, we need to add explicit dependencies for compatible versions of spring-core and other required Spring dependencies.

Here's the updated portion of the pom.xml:

```xml
<dependencies>
    <dependency>
        <groupId>org.springframework.amqp</groupId>
        <artifactId>spring-amqp</artifactId>
        <version>2.1.1.RELEASE</version>
    </dependency>
    
    <dependency>
        <groupId>org.assertj</groupId>
        <artifactId>assertj-core</artifactId>
        <version>3.24.0</version>
    </dependency>
    
    <dependency>
        <groupId>org.springframework</groupId>
        <artifactId>spring-beans</artifactId>
        <version>5.1.2.RELEASE</version>
    </dependency>
    
    <dependency>
        <groupId>org.springframework</groupId>
        <artifactId>spring-core</artifactId>
        <version>5.1.2.RELEASE</version>
    </dependency>
    
    <dependency>
        <groupId>org.springframework</groupId>
        <artifactId>spring-context</artifactId>
        <version>5.1.2.RELEASE</version>
    </dependency>
    
    <dependency>
        <groupId>org.springframework</groupId>
        <artifactId>spring-remoting</artifactId>
        <version>2.0.8</version>
    </dependency>

    <dependency>
        <groupId>junit</groupId>
        <artifactId>junit</artifactId>
        <version>4.13.2</version>
    </dependency>
</dependencies>
```
[Adapter] ~ Updating version of org.springframework.amqp:spring-amqp to 2.1.1.RELEASE
[Adapter] ~ Updating version of org.assertj:assertj-core to 3.24.0
[Adapter] ~ Updating version of org.springframework:spring-beans to 5.1.2.RELEASE
[Adapter] + Adding new dependency org.springframework:spring-core:5.1.2.RELEASE
[Adapter] + Adding new dependency org.springframework:spring-context:5.1.2.RELEASE
[Adapter] ~ Updating version of org.springframework:spring-remoting to 2.0.8
[Adapter] ~ Updating version of junit:junit to 4.13.2
[Adapter] âœ“ pom.xml successfully updated.
[96m[Executor] Executing exploit for CVE-2017-8045 on version 2.1.1.RELEASE...[0m
[96m[Verifier] Verifying reproduction...[0m
[92m[Verifier] âœ“ Behavior matched: 'java.lang.AssertionError'[0m
[92m[Verifier] âœ“ Detail matched: 'serialized object'[0m
[92m[Verifier] âœ“ All reproduction indicators matched.[0m
[92m[Executor] Reproduction result: Success[0m
[96m[Executor] Executing exploit for CVE-2017-8045 on version 2.1.1.RELEASE...[0m
[96m[Verifier] Verifying reproduction...[0m
[92m[Verifier] âœ“ Behavior matched: 'java.lang.AssertionError'[0m
[92m[Verifier] âœ“ Detail matched: 'serialized object'[0m
[92m[Verifier] âœ“ All reproduction indicators matched.[0m
[92m[Executor] Reproduction result: Success[0m
[Adapt] âœ“ Completed: True
[96m[Adapter] Adaptation complete. Retesting exploit on 2.1.1.RELEASE...[0m
[92m[Executor] Adaptation + reproduction successful on 2.1.1.RELEASE[0m
[96m[Adapter] Copied successful adaptation to /PoCAdaptation/exploit/valid/CVE-2017-8045/2.1.1.RELEASE[0m

[Executor] â–¶ Summary of return codes:
  - Version 2.1.1.RELEASE: âœ“ Success (exit code 0)
