Running main_process.py for CVE: CVE-2019-10219
Versions: 6.0.4.Final, 6.0.3.Final

[1m[Main] === Starting adaptation process for CVE-2019-10219 ===[0m
[96m[Processor] Fetching all available Maven versions...[0m
[96m[Analyzer] Loading cached versions from: /PoCAdaptation/library/org_hibernate_validator_hibernate-validator.txt[0m
[96m[Analyzer] org.hibernate.validator:hibernate-validator has 79 versions (cached).[0m
[96m[Processor] Identifying versions with successful reproduction...[0m
[96m[Processor] Pending versions: ['6.0.0.Alpha1', '6.0.0.Alpha2', '6.0.0.Beta1', '6.0.0.Beta2', '6.0.0.CR1', '6.0.0.CR2', '6.0.0.CR3', '6.0.0.Final', '6.0.1.Final', '6.0.2.Final', '6.0.3.Final', '6.0.4.Final'][0m
[96m[Preparer] Pending directory already exists: /PoCAdaptation/exploit/pending/CVE-2019-10219[0m
[92m[Main] Total affected versions: 31[0m
[92m[Main] Already reproduced versions: 19[0m
[93m[Main] Versions pending adaptation: 12[0m
[96m[Main]     -> ['6.0.0.Alpha1', '6.0.0.Alpha2', '6.0.0.Beta1', '6.0.0.Beta2', '6.0.0.CR1', '6.0.0.CR2', '6.0.0.CR3', '6.0.0.Final', '6.0.1.Final', '6.0.2.Final', '6.0.3.Final', '6.0.4.Final'][0m
[96m[Main]     -> ['6.0.5.Final', '6.0.6.Final', '6.0.7.Final', '6.0.8.Final', '6.0.9.Final', '6.0.10.Final', '6.0.11.Final', '6.0.12.Final', '6.0.13.Final', '6.0.14.Final', '6.0.15.Final', '6.0.16.Final', '6.0.17.Final', '6.1.0.Alpha1', '6.1.0.Alpha2', '6.1.0.Alpha3', '6.1.0.Alpha4', '6.1.0.Alpha5', '6.1.0.Alpha6'][0m
[96m[Executor] Running initial exploit mvn test in /PoCAdaptation/exploit/origin/CVE-2019-10219/exploit[0m
[91m[Executor] Initial exploit execution finished with return code 1[0m
[96m[Verifier] Verifying reproduction...[0m
[92m[Verifier] âœ“ Behavior matched: 'java.lang.AssertionError'[0m
[92m[Verifier] âœ“ Detail matched: 'org.junit.Assert.fail'[0m
[92m[Verifier] âœ“ All reproduction indicators matched.[0m
[92m[Verifier] Initial exploit behavior verified successfully.[0m
[96m[Selector] Nearest need adapatation version selected: 6.0.4.Final[0m
[96m[Selector] Closest reproduced version: 6.0.5.Final at index 12[0m
[96m[Adapter] Trying next closest version: 6.0.4.Final[0m
[96m[Preparer] Using exploit from origin: /PoCAdaptation/exploit/origin/CVE-2019-10219/exploit[0m
[92m[Preparer] Copied exploit to: /PoCAdaptation/exploit/pending/CVE-2019-10219/6.0.4.Final/exploit[0m
[96m[Preparer] Updating dependency version to 6.0.4.Final in /PoCAdaptation/exploit/pending/CVE-2019-10219/6.0.4.Final/exploit/pom.xml[0m
[92m[Preparer] Updated dependency version to 6.0.4.Final in /PoCAdaptation/exploit/pending/CVE-2019-10219/6.0.4.Final/exploit/pom.xml[0m
[96m[Executor] Attempting direct exploit execution on 6.0.4.Final...[0m
[96m[Executor] Executing exploit for CVE-2019-10219 on version 6.0.4.Final...[0m
[96m[Verifier] Verifying reproduction...[0m
[91m[Verifier] âœ— Behavior not found: 'java.lang.AssertionError'[0m
[91m[Executor] Reproduction result: Failure[0m
[96m[Adapter] Attempting adaptation from base version 6.0.5.Final to 6.0.4.Final...[0m
[96m[Adapter] Start adapting exploit from 6.0.5.Final to 6.0.4.Final"[0m
[96m[Executor] Executing exploit for CVE-2019-10219 on version 6.0.4.Final...[0m
[96m[Verifier] Verifying reproduction...[0m
[91m[Verifier] âœ— Behavior not found: 'java.lang.AssertionError'[0m
[91m[Executor] Reproduction result: Failure[0m
[96m[ErrorManager] Ignoring line: [ERROR] Failed to execute goal org.apache.maven.plugins:maven-compiler-plugin:3.1:testCompile (default-testCompile) on project CVE-2019-10219: Compilation failure: Compilation failure:[0m
[92m[ErrorManager] Processing line: [ERROR] /PoCAdaptation/exploit/result/CVE-2019-10219/6.0.4.Final/exploit/src/test/java/edu/vision/se/Testcase1.java:[7,56] cannot find symbol[0m
[92m[ErrorManager] Processing line: [ERROR]   symbol:   class ConstraintAnnotationDescriptor[0m
[92m[ErrorManager] Processing line: [ERROR]   location: package org.hibernate.validator.internal.util.annotation[0m
[92m[ErrorManager] Processing line: [ERROR] /PoCAdaptation/exploit/result/CVE-2019-10219/6.0.4.Final/exploit/src/test/java/edu/vision/se/Testcase1.java:[14,43] package ConstraintAnnotationDescriptor does not exist[0m
[92m[ErrorManager] Processing line: [ERROR] /PoCAdaptation/exploit/result/CVE-2019-10219/6.0.4.Final/exploit/src/test/java/edu/vision/se/Testcase1.java:[28,63] package ConstraintAnnotationDescriptor does not exist[0m
[92m[ErrorManager] Processing line: [ERROR] /PoCAdaptation/exploit/result/CVE-2019-10219/6.0.4.Final/exploit/src/test/java/edu/vision/se/Testcase1.java:[36,63] package ConstraintAnnotationDescriptor does not exist[0m
[92m[ErrorManager] Processing line: [ERROR] /PoCAdaptation/exploit/result/CVE-2019-10219/6.0.4.Final/exploit/src/test/java/edu/vision/se/Testcase1.java:[44,63] package ConstraintAnnotationDescriptor does not exist[0m
[92m[ErrorManager] Processing line: [ERROR] /PoCAdaptation/exploit/result/CVE-2019-10219/6.0.4.Final/exploit/src/test/java/edu/vision/se/Testcase1.java:[52,63] package ConstraintAnnotationDescriptor does not exist[0m
[92m[ErrorManager] Processing line: [ERROR] /PoCAdaptation/exploit/result/CVE-2019-10219/6.0.4.Final/exploit/src/test/java/edu/vision/se/Testcase1.java:[60,63] package ConstraintAnnotationDescriptor does not exist[0m
[96m[ErrorManager] Ignoring line: [ERROR] -> [Help 1][0m
[96m[ErrorManager] Ignoring line: [ERROR][0m
[96m[ErrorManager] Ignoring line: [ERROR] To see the full stack trace of the errors, re-run Maven with the -e switch.[0m
[96m[ErrorManager] Ignoring line: [ERROR] Re-run Maven using the -X switch to enable full debug logging.[0m
[96m[ErrorManager] Ignoring line: [ERROR][0m
[96m[ErrorManager] Ignoring line: [ERROR] For more information about the errors and possible solutions, please read the following articles:[0m
[96m[ErrorManager] Ignoring line: [ERROR] [Help 1] http://cwiki.apache.org/confluence/display/MAVEN/MojoFailureException[0m
[96m[Adapter] Locating fix position in error log.[0m
[LLMClient] Tokens used: 2107 (prompt), 1 (completion), 2108 (total)
[LLMClient] Prompt: 
You are given a Java error log when executing 'mvn test' in a project with dependency version 6.0.4.Final:org.hibernate.validator:hibernate-validator.
This test file compiles and runs successfully with version 6.0.5.Final.

Your task is to:
1. Analyze why this issue occurs with the *6.0.5.Final* but not with the *6.0.4.Final version*.
2. Consider how to resolve the issue **without updating this library**.
3. Determine and output the location in the project that should be modified to fix the problem.

Please return 'pom' if the fix is in the pom.xml file, or 'test' if the fix is in the test code.
Do not return any other text, just 'pom' or 'test'.

The error log is:
[INFO] Scanning for projects...
[INFO] 
[INFO] --------------------< edu.vision.se:CVE-2019-10219 >--------------------
[INFO] Building CVE-2019-10219 1.0-SNAPSHOT
[INFO]   from pom.xml
[INFO] --------------------------------[ jar ]---------------------------------
[INFO] 
[INFO] --- maven-clean-plugin:2.5:clean (default-clean) @ CVE-2019-10219 ---
[INFO] Deleting /PoCAdaptation/exploit/result/CVE-2019-10219/6.0.4.Final/exploit/target
[INFO] 
[INFO] --- maven-resources-plugin:2.6:resources (default-resources) @ CVE-2019-10219 ---
[INFO] Using 'UTF-8' encoding to copy filtered resources.
[INFO] skip non existing resourceDirectory /PoCAdaptation/exploit/result/CVE-2019-10219/6.0.4.Final/exploit/src/main/resources
[INFO] 
[INFO] --- maven-compiler-plugin:3.1:compile (default-compile) @ CVE-2019-10219 ---
[INFO] No sources to compile
[INFO] 
[INFO] --- maven-resources-plugin:2.6:testResources (default-testResources) @ CVE-2019-10219 ---
[INFO] Using 'UTF-8' encoding to copy filtered resources.
[INFO] skip non existing resourceDirectory /PoCAdaptation/exploit/result/CVE-2019-10219/6.0.4.Final/exploit/src/test/resources
[INFO] 
[INFO] --- maven-compiler-plugin:3.1:testCompile (default-testCompile) @ CVE-2019-10219 ---
[INFO] Changes detected - recompiling the module!
[INFO] Compiling 1 source file to /PoCAdaptation/exploit/result/CVE-2019-10219/6.0.4.Final/exploit/target/test-classes
[INFO] -------------------------------------------------------------
[ERROR] COMPILATION ERROR : 
[INFO] -------------------------------------------------------------
[ERROR] /PoCAdaptation/exploit/result/CVE-2019-10219/6.0.4.Final/exploit/src/test/java/edu/vision/se/Testcase1.java:[7,56] cannot find symbol
  symbol:   class ConstraintAnnotationDescriptor
  location: package org.hibernate.validator.internal.util.annotation
[ERROR] /PoCAdaptation/exploit/result/CVE-2019-10219/6.0.4.Final/exploit/src/test/java/edu/vision/se/Testcase1.java:[14,43] package ConstraintAnnotationDescriptor does not exist
[ERROR] /PoCAdaptation/exploit/result/CVE-2019-10219/6.0.4.Final/exploit/src/test/java/edu/vision/se/Testcase1.java:[28,63] package ConstraintAnnotationDescriptor does not exist
[ERROR] /PoCAdaptation/exploit/result/CVE-2019-10219/6.0.4.Final/exploit/src/test/java/edu/vision/se/Testcase1.java:[36,63] package ConstraintAnnotationDescriptor does not exist
[ERROR] /PoCAdaptation/exploit/result/CVE-2019-10219/6.0.4.Final/exploit/src/test/java/edu/vision/se/Testcase1.java:[44,63] package ConstraintAnnotationDescriptor does not exist
[ERROR] /PoCAdaptation/exploit/result/CVE-2019-10219/6.0.4.Final/exploit/src/test/java/edu/vision/se/Testcase1.java:[52,63] package ConstraintAnnotationDescriptor does not exist
[ERROR] /PoCAdaptation/exploit/result/CVE-2019-10219/6.0.4.Final/exploit/src/test/java/edu/vision/se/Testcase1.java:[60,63] package ConstraintAnnotationDescriptor does not exist
[INFO] 7 errors 
[INFO] -------------------------------------------------------------
[INFO] ------------------------------------------------------------------------
[INFO] BUILD FAILURE
[INFO] ------------------------------------------------------------------------
[INFO] Total time:  1.085 s
[INFO] Finished at: 2025-07-13T13:45:13Z
[INFO] ------------------------------------------------------------------------
[ERROR] Failed to execute goal org.apache.maven.plugins:maven-compiler-plugin:3.1:testCompile (default-testCompile) on project CVE-2019-10219: Compilation failure: Compilation failure: 
[ERROR] /PoCAdaptation/exploit/result/CVE-2019-10219/6.0.4.Final/exploit/src/test/java/edu/vision/se/Testcase1.java:[7,56] cannot find symbol
[ERROR]   symbol:   class ConstraintAnnotationDescriptor
[ERROR]   location: package org.hibernate.validator.internal.util.annotation
[ERROR] /PoCAdaptation/exploit/result/CVE-2019-10219/6.0.4.Final/exploit/src/test/java/edu/vision/se/Testcase1.java:[14,43] package ConstraintAnnotationDescriptor does not exist
[ERROR] /PoCAdaptation/exploit/result/CVE-2019-10219/6.0.4.Final/exploit/src/test/java/edu/vision/se/Testcase1.java:[28,63] package ConstraintAnnotationDescriptor does not exist
[ERROR] /PoCAdaptation/exploit/result/CVE-2019-10219/6.0.4.Final/exploit/src/test/java/edu/vision/se/Testcase1.java:[36,63] package ConstraintAnnotationDescriptor does not exist
[ERROR] /PoCAdaptation/exploit/result/CVE-2019-10219/6.0.4.Final/exploit/src/test/java/edu/vision/se/Testcase1.java:[44,63] package ConstraintAnnotationDescriptor does not exist
[ERROR] /PoCAdaptation/exploit/result/CVE-2019-10219/6.0.4.Final/exploit/src/test/java/edu/vision/se/Testcase1.java:[52,63] package ConstraintAnnotationDescriptor does not exist
[ERROR] /PoCAdaptation/exploit/result/CVE-2019-10219/6.0.4.Final/exploit/src/test/java/edu/vision/se/Testcase1.java:[60,63] package ConstraintAnnotationDescriptor does not exist
[ERROR] -> [Help 1]
[ERROR] 
[ERROR] To see the full stack trace of the errors, re-run Maven with the -e switch.
[ERROR] Re-run Maven using the -X switch to enable full debug logging.
[ERROR] 
[ERROR] For more information about the errors and possible solutions, please read the following articles:
[ERROR] [Help 1] http://cwiki.apache.org/confluence/display/MAVEN/MojoFailureException


current_pom file is:<?xml version='1.0' encoding='utf-8'?>
<project xmlns="http://maven.apache.org/POM/4.0.0" xmlns:xsi="http://www.w3.org/2001/XMLSchema-instance" xsi:schemaLocation="http://maven.apache.org/POM/4.0.0 http://maven.apache.org/xsd/maven-4.0.0.xsd">
    <groupId>edu.vision.se</groupId><version>1.0-SNAPSHOT</version><modelVersion>4.0.0</modelVersion>
    <artifactId>CVE-2019-10219</artifactId>

    <properties>
        <maven.compiler.source>11</maven.compiler.source>
        <maven.compiler.target>11</maven.compiler.target>
        <project.build.sourceEncoding>UTF-8</project.build.sourceEncoding>
    </properties>

    <dependencies>
        
        <dependency>
            <groupId>org.hibernate.validator</groupId>
            <artifactId>hibernate-validator</artifactId>
            <version>6.0.4.Final</version>
        </dependency>

        
        <dependency>
            <groupId>org.jsoup</groupId>
            <artifactId>jsoup</artifactId>
            <version>1.8.3</version>
        </dependency>

    <dependency><groupId>junit</groupId><artifactId>junit</artifactId><version>4.13.2</version></dependency>
    </dependencies>

</project>
[LLMClient] Response: 
test
[96m[Adapter] LLM response for fix position: test[0m
[LLMClient] Tokens used: 148 (prompt), 12 (completion), 160 (total)
[LLMClient] Prompt: 
You are given an error log when executing 'mvn test' in version 6.0.4.Final: 

Error: cannot find symbol, class ConstraintAnnotationDescriptor, package org.hibernate.validator.internal.util.annotation 

The test executes as expected in 6.0.5.Final 

Error code: import org.hibernate.validator.internal.util.annotation.ConstraintAnnotationDescriptor; 

Extract two key *entities* from the error for searching related diffs 

The extracted entities should reflect code-level identifiers that are likely to appear in source code or diffs. 

Output each node as a `;`-separated list, with no explanations. 


[LLMClient] Response: 
org.hibernate.validator.internal.util.annotation;ConstraintAnnotationDescriptor
[96m[ErrorManager] Extracted key entities: ['org.hibernate.validator.internal.util.annotation', 'ConstraintAnnotationDescriptor'][0m
[96m[Adapter] Try to solve error: {'file': '/PoCAdaptation/exploit/result/CVE-2019-10219/6.0.4.Final/exploit/src/test/java/edu/vision/se/Testcase1.java', 'line': 7, 'column': 56, 'message': 'cannot find symbol', 'symbol': 'class ConstraintAnnotationDescriptor', 'location': 'package org.hibernate.validator.internal.util.annotation', 'code_line': 'import org.hibernate.validator.internal.util.annotation.ConstraintAnnotationDescriptor;'} with cause: ['org.hibernate.validator.internal.util.annotation', 'ConstraintAnnotationDescriptor'][0m
[96m[Adapter] Related diffs for error: [(269, 8.0), (364, 8.0), (379, 8.0), (544, 8.0), (548, 8.0)][0m
[96m[Adapter] Fix position is in test code.[0m
[96m[RepairModule] Start repair for group: cannot find symbol | class ConstraintAnnotationDescriptor cause: ['org.hibernate.validator.internal.util.annotation', 'ConstraintAnnotationDescriptor'][0m
[96m[RepairModule] Trying best diff #269 with score 8.00[0m
[96m[RepairModule] Found 10 diff combinations for annealing.[0m
[96m[RepairModule] Iteration 1, temperature 1.000: Trying diff #269 with score 8.00[0m
[LLMClient] Tokens used: 1126 (prompt), 671 (completion), 1797 (total)
[LLMClient] Prompt: 
You are given a Java test file with compilation errors in version 6.0.4.Final:org.hibernate.validator:hibernate-validator.
This test file compiles and runs successfully in 6.0.5.Final.

The diff is related to the diff.
Your task has three steps:
 1. Locate the code where the compilation error occurs.
 2. Analyze the diff from 6.0.5.Final to 6.0.4.Final.
 3. Fix the error in the error position only when diff is helpful. Add import statement when needed according to the diff. 

Only output the modified version of the test file according to the diff. No explanations. If mocking, access fields via reflection if they exist.
### Compilation Errors:
message: cannot find symbol, symble: class ConstraintAnnotationDescriptor, location: package org.hibernate.validator.internal.util.annotation

### Error Position:
import org.hibernate.validator.internal.util.annotation.ConstraintAnnotationDescriptor;

### Related Diff:
Operation: MODIFIED, File: engine/src/main/java/org/hibernate/validator/internal/engine/constraintvalidation/ConstraintValidatorManager.java, Hunk: @@ -17,16 +18,19 @@
 import java.util.Map.Entry;
 import java.util.concurrent.ConcurrentHashMap;

-import javax.validation.ConstraintDeclarationException;
 import javax.validation.ConstraintValidator;
 import javax.validation.ConstraintValidatorContext;
 import javax.validation.ConstraintValidatorFactory;
 import javax.validation.constraints.Null;
 import javax.validation.metadata.ConstraintDescriptor;

-import org.hibernate.validator.constraintvalidation.HibernateConstraintValidator;
-import org.hibernate.validator.constraintvalidation.HibernateConstraintValidatorInitializationContext;
 import org.hibernate.validator.internal.metadata.descriptor.ConstraintDescriptorImpl;
 import org.hibernate.validator.internal.util.Contracts;
 import org.hibernate.validator.internal.util.TypeHelper;
+import org.hibernate.validator.internal.util.annotation.AnnotationDescriptor;
-import org.hibernate.validator.internal.util.annotation.ConstraintAnnotationDescriptor;
 import org.hibernate.validator.internal.util.logging.Log;
 import org.hibernate.validator.internal.util.logging.LoggerFactory;

### Test File Content:
package edu.vision.se;

import org.hibernate.validator.constraints.SafeHtml;
import org.hibernate.validator.constraints.SafeHtml.WhiteListType;
import org.hibernate.validator.internal.constraintvalidators.hv.SafeHtmlValidator;
import org.junit.Test;
import org.hibernate.validator.internal.util.annotation.ConstraintAnnotationDescriptor;
import static org.junit.Assert.assertFalse;
import org.jsoup.safety.Whitelist;  // è§£å†³ 10ClassNotFound é—®é¢˜


public class Testcase1 {

    private ConstraintAnnotationDescriptor.Builder<SafeHtml> descriptorBuilder;

    private SafeHtmlValidator getSafeHtmlValidator() {
        SafeHtml p = descriptorBuilder.build().getAnnotation();
        SafeHtmlValidator validator = new SafeHtmlValidator();
        validator.initialize( p );
        return validator;
    }

    @Test
    // A "downlevel revealed" conditional 'comment' is not an (X)HTML comment at all,
    // despite the misleading name, it is default Microsoft syntax.
    // The tag is unrecognized by therefore executed
    public void testDownlevelRevealedConditionalComment() throws Exception {
        descriptorBuilder = new ConstraintAnnotationDescriptor.Builder<>( SafeHtml.class );
        descriptorBuilder.setAttribute("whitelistType", WhiteListType.BASIC);

        assertFalse( getSafeHtmlValidator().isValid( "<![if !IE]>\n<SCRIPT>alert{'XSS'};</SCRIPT>\n<![endif]>", null ) );
    }

    @Test
    public void testDownlevelHiddenConditionalComment() throws Exception {
        descriptorBuilder = new ConstraintAnnotationDescriptor.Builder<>( SafeHtml.class );
        descriptorBuilder.setAttribute( "whitelistType", WhiteListType.BASIC );

        assertFalse( getSafeHtmlValidator().isValid( "<!--[if gte IE 4]>\n<SCRIPT>alert{'XSS'};</SCRIPT>\n<![endif]-->", null ) );
    }

    @Test
    public void testSimpleComment() throws Exception {
        descriptorBuilder = new ConstraintAnnotationDescriptor.Builder<>( SafeHtml.class );
        descriptorBuilder.setAttribute( "whitelistType", WhiteListType.BASIC );

        assertFalse( getSafeHtmlValidator().isValid( "<!-- Just a comment -->", null ) );
    }

    @Test
    public void testServerSideIncludesSSI() throws Exception {
        descriptorBuilder = new ConstraintAnnotationDescriptor.Builder<>( SafeHtml.class );
        descriptorBuilder.setAttribute( "whitelistType", WhiteListType.BASIC );

        assertFalse( getSafeHtmlValidator().isValid( "<? echo{'<SCR}'; echo{'IPT>alert{\"XSS\"}</SCRIPT>'}; ?>", null ) );
    }

    @Test
    public void testPHPScript() throws Exception {
        descriptorBuilder = new ConstraintAnnotationDescriptor.Builder<>( SafeHtml.class );
        descriptorBuilder.setAttribute( "whitelistType", WhiteListType.BASIC );

        assertFalse( getSafeHtmlValidator().isValid( "<? echo{'<SCR}'; echo{'IPT>alert{\"XSS\"}</SCRIPT>'}; ?>", null ) );
    }
}


[LLMClient] Response: 
Here's the modified test file with the fix based on the diff:

```java
package edu.vision.se;

import org.hibernate.validator.constraints.SafeHtml;
import org.hibernate.validator.constraints.SafeHtml.WhiteListType;
import org.hibernate.validator.internal.constraintvalidators.hv.SafeHtmlValidator;
import org.junit.Test;
import org.hibernate.validator.internal.util.annotation.AnnotationDescriptor;
import static org.junit.Assert.assertFalse;
import org.jsoup.safety.Whitelist;  // è§£å†³ 10ClassNotFound é—®é¢˜


public class Testcase1 {

    private AnnotationDescriptor.Builder<SafeHtml> descriptorBuilder;

    private SafeHtmlValidator getSafeHtmlValidator() {
        SafeHtml p = descriptorBuilder.build().getAnnotation();
        SafeHtmlValidator validator = new SafeHtmlValidator();
        validator.initialize( p );
        return validator;
    }

    @Test
    // A "downlevel revealed" conditional 'comment' is not an (X)HTML comment at all,
    // despite the misleading name, it is default Microsoft syntax.
    // The tag is unrecognized by therefore executed
    public void testDownlevelRevealedConditionalComment() throws Exception {
        descriptorBuilder = new AnnotationDescriptor.Builder<>( SafeHtml.class );
        descriptorBuilder.setAttribute("whitelistType", WhiteListType.BASIC);

        assertFalse( getSafeHtmlValidator().isValid( "<![if !IE]>\n<SCRIPT>alert{'XSS'};</SCRIPT>\n<![endif]>", null ) );
    }

    @Test
    public void testDownlevelHiddenConditionalComment() throws Exception {
        descriptorBuilder = new AnnotationDescriptor.Builder<>( SafeHtml.class );
        descriptorBuilder.setAttribute( "whitelistType", WhiteListType.BASIC );

        assertFalse( getSafeHtmlValidator().isValid( "<!--[if gte IE 4]>\n<SCRIPT>alert{'XSS'};</SCRIPT>\n<![endif]-->", null ) );
    }

    @Test
    public void testSimpleComment() throws Exception {
        descriptorBuilder = new AnnotationDescriptor.Builder<>( SafeHtml.class );
        descriptorBuilder.setAttribute( "whitelistType", WhiteListType.BASIC );

        assertFalse( getSafeHtmlValidator().isValid( "<!-- Just a comment -->", null ) );
    }

    @Test
    public void testServerSideIncludesSSI() throws Exception {
        descriptorBuilder = new AnnotationDescriptor.Builder<>( SafeHtml.class );
        descriptorBuilder.setAttribute( "whitelistType", WhiteListType.BASIC );

        assertFalse( getSafeHtmlValidator().isValid( "<? echo{'<SCR}'; echo{'IPT>alert{\"XSS\"}</SCRIPT>'}; ?>", null ) );
    }

    @Test
    public void testPHPScript() throws Exception {
        descriptorBuilder = new AnnotationDescriptor.Builder<>( SafeHtml.class );
        descriptorBuilder.setAttribute( "whitelistType", WhiteListType.BASIC );

        assertFalse( getSafeHtmlValidator().isValid( "<? echo{'<SCR}'; echo{'IPT>alert{\"XSS\"}</SCRIPT>'}; ?>", null ) );
    }
}
```
[96m[RepairModule] Wrote modified code to /PoCAdaptation/exploit/result/CVE-2019-10219/6.0.4.Final/exploit/src/test/java/edu/vision/se/Testcase1.java[0m
[96m[Executor] Executing exploit for CVE-2019-10219 on version 6.0.4.Final...[0m
[96m[Verifier] Verifying reproduction...[0m
[92m[Verifier] âœ“ Behavior matched: 'java.lang.AssertionError'[0m
[92m[Verifier] âœ“ Detail matched: 'org.junit.Assert.fail'[0m
[92m[Verifier] âœ“ All reproduction indicators matched.[0m
[92m[Executor] Reproduction result: Success[0m
[92m[RepairModule] Repair success![0m
[92m[RepairModule] Repair success with diff #269 at iteration 1![0m
[96m[Adapter] Test code repair attempted.[0m
[96m[Executor] Executing exploit for CVE-2019-10219 on version 6.0.4.Final...[0m
[96m[Verifier] Verifying reproduction...[0m
[92m[Verifier] âœ“ Behavior matched: 'java.lang.AssertionError'[0m
[92m[Verifier] âœ“ Detail matched: 'org.junit.Assert.fail'[0m
[92m[Verifier] âœ“ All reproduction indicators matched.[0m
[92m[Executor] Reproduction result: Success[0m
[92m[Adapter] Adaptation from 6.0.5.Final to 6.0.4.Final successful.[0m
[Adapt] âœ“ Completed: True
[96m[Adapter] Adaptation complete. Retesting exploit on 6.0.4.Final...[0m
[92m[Executor] Adaptation + reproduction successful on 6.0.4.Final[0m
[96m[Adapter] Copied successful adaptation to /PoCAdaptation/exploit/valid/CVE-2019-10219/6.0.4.Final[0m
[1m[Main] === Starting adaptation process for CVE-2019-10219 ===[0m
[96m[Processor] Fetching all available Maven versions...[0m
[96m[Analyzer] Loading cached versions from: /PoCAdaptation/library/org_hibernate_validator_hibernate-validator.txt[0m
[96m[Analyzer] org.hibernate.validator:hibernate-validator has 79 versions (cached).[0m
[96m[Processor] Identifying versions with successful reproduction...[0m
[96m[Processor] Pending versions: ['6.0.0.Alpha1', '6.0.0.Alpha2', '6.0.0.Beta1', '6.0.0.Beta2', '6.0.0.CR1', '6.0.0.CR2', '6.0.0.CR3', '6.0.0.Final', '6.0.1.Final', '6.0.2.Final', '6.0.3.Final', '6.0.4.Final'][0m
[96m[Preparer] Pending directory already exists: /PoCAdaptation/exploit/pending/CVE-2019-10219[0m
[92m[Main] Total affected versions: 31[0m
[92m[Main] Already reproduced versions: 20[0m
[93m[Main] Versions pending adaptation: 11[0m
[96m[Main]     -> ['6.0.0.Alpha1', '6.0.0.Alpha2', '6.0.0.Beta1', '6.0.0.Beta2', '6.0.0.CR1', '6.0.0.CR2', '6.0.0.CR3', '6.0.0.Final', '6.0.1.Final', '6.0.2.Final', '6.0.3.Final'][0m
[96m[Main]     -> ['6.0.4.Final', '6.0.5.Final', '6.0.6.Final', '6.0.7.Final', '6.0.8.Final', '6.0.9.Final', '6.0.10.Final', '6.0.11.Final', '6.0.12.Final', '6.0.13.Final', '6.0.14.Final', '6.0.15.Final', '6.0.16.Final', '6.0.17.Final', '6.1.0.Alpha1', '6.1.0.Alpha2', '6.1.0.Alpha3', '6.1.0.Alpha4', '6.1.0.Alpha5', '6.1.0.Alpha6'][0m
[96m[Executor] Running initial exploit mvn test in /PoCAdaptation/exploit/origin/CVE-2019-10219/exploit[0m
[91m[Executor] Initial exploit execution finished with return code 1[0m
[96m[Verifier] Verifying reproduction...[0m
[92m[Verifier] âœ“ Behavior matched: 'java.lang.AssertionError'[0m
[92m[Verifier] âœ“ Detail matched: 'org.junit.Assert.fail'[0m
[92m[Verifier] âœ“ All reproduction indicators matched.[0m
[92m[Verifier] Initial exploit behavior verified successfully.[0m
[96m[Selector] Nearest need adapatation version selected: 6.0.3.Final[0m
[96m[Selector] Closest reproduced version: 6.0.4.Final at index 11[0m
[96m[Adapter] Trying next closest version: 6.0.3.Final[0m
[96m[Preparer] Using exploit from valid: /PoCAdaptation/exploit/valid/CVE-2019-10219/6.0.4.Final/exploit[0m
[92m[Preparer] Copied exploit to: /PoCAdaptation/exploit/pending/CVE-2019-10219/6.0.3.Final/exploit[0m
[96m[Preparer] Updating dependency version to 6.0.3.Final in /PoCAdaptation/exploit/pending/CVE-2019-10219/6.0.3.Final/exploit/pom.xml[0m
[92m[Preparer] Updated dependency version to 6.0.3.Final in /PoCAdaptation/exploit/pending/CVE-2019-10219/6.0.3.Final/exploit/pom.xml[0m
[96m[Executor] Attempting direct exploit execution on 6.0.3.Final...[0m
[96m[Executor] Executing exploit for CVE-2019-10219 on version 6.0.3.Final...[0m
[96m[Verifier] Verifying reproduction...[0m
[91m[Verifier] âœ— Behavior not found: 'java.lang.AssertionError'[0m
[91m[Executor] Reproduction result: Failure[0m
[96m[Adapter] Attempting adaptation from base version 6.0.4.Final to 6.0.3.Final...[0m
[96m[Adapter] Start adapting exploit from 6.0.4.Final to 6.0.3.Final"[0m
[96m[Executor] Executing exploit for CVE-2019-10219 on version 6.0.3.Final...[0m
[96m[Verifier] Verifying reproduction...[0m
[91m[Verifier] âœ— Behavior not found: 'java.lang.AssertionError'[0m
[91m[Executor] Reproduction result: Failure[0m
[96m[ErrorManager] Ignoring line: [ERROR] Failed to execute goal org.apache.maven.plugins:maven-compiler-plugin:3.1:testCompile (default-testCompile) on project CVE-2019-10219: Compilation failure: Compilation failure:[0m
[92m[ErrorManager] Processing line: [ERROR] /PoCAdaptation/exploit/result/CVE-2019-10219/6.0.3.Final/exploit/src/test/java/edu/vision/se/Testcase1.java:[7,56] package org.hibernate.validator.internal.util.annotation does not exist[0m
[92m[ErrorManager] Processing line: [ERROR] /PoCAdaptation/exploit/result/CVE-2019-10219/6.0.3.Final/exploit/src/test/java/edu/vision/se/Testcase1.java:[14,33] package AnnotationDescriptor does not exist[0m
[92m[ErrorManager] Processing line: [ERROR] /PoCAdaptation/exploit/result/CVE-2019-10219/6.0.3.Final/exploit/src/test/java/edu/vision/se/Testcase1.java:[28,53] package AnnotationDescriptor does not exist[0m
[92m[ErrorManager] Processing line: [ERROR] /PoCAdaptation/exploit/result/CVE-2019-10219/6.0.3.Final/exploit/src/test/java/edu/vision/se/Testcase1.java:[36,53] package AnnotationDescriptor does not exist[0m
[92m[ErrorManager] Processing line: [ERROR] /PoCAdaptation/exploit/result/CVE-2019-10219/6.0.3.Final/exploit/src/test/java/edu/vision/se/Testcase1.java:[44,53] package AnnotationDescriptor does not exist[0m
[92m[ErrorManager] Processing line: [ERROR] /PoCAdaptation/exploit/result/CVE-2019-10219/6.0.3.Final/exploit/src/test/java/edu/vision/se/Testcase1.java:[52,53] package AnnotationDescriptor does not exist[0m
[92m[ErrorManager] Processing line: [ERROR] /PoCAdaptation/exploit/result/CVE-2019-10219/6.0.3.Final/exploit/src/test/java/edu/vision/se/Testcase1.java:[60,53] package AnnotationDescriptor does not exist[0m
[96m[ErrorManager] Ignoring line: [ERROR] -> [Help 1][0m
[96m[ErrorManager] Ignoring line: [ERROR][0m
[96m[ErrorManager] Ignoring line: [ERROR] To see the full stack trace of the errors, re-run Maven with the -e switch.[0m
[96m[ErrorManager] Ignoring line: [ERROR] Re-run Maven using the -X switch to enable full debug logging.[0m
[96m[ErrorManager] Ignoring line: [ERROR][0m
[96m[ErrorManager] Ignoring line: [ERROR] For more information about the errors and possible solutions, please read the following articles:[0m
[96m[ErrorManager] Ignoring line: [ERROR] [Help 1] http://cwiki.apache.org/confluence/display/MAVEN/MojoFailureException[0m
[96m[Adapter] Locating fix position in error log.[0m
[LLMClient] Tokens used: 2049 (prompt), 1 (completion), 2050 (total)
[LLMClient] Prompt: 
You are given a Java error log when executing 'mvn test' in a project with dependency version 6.0.3.Final:org.hibernate.validator:hibernate-validator.
This test file compiles and runs successfully with version 6.0.4.Final.

Your task is to:
1. Analyze why this issue occurs with the *6.0.4.Final* but not with the *6.0.3.Final version*.
2. Consider how to resolve the issue **without updating this library**.
3. Determine and output the location in the project that should be modified to fix the problem.

Please return 'pom' if the fix is in the pom.xml file, or 'test' if the fix is in the test code.
Do not return any other text, just 'pom' or 'test'.

The error log is:
[INFO] Scanning for projects...
[INFO] 
[INFO] --------------------< edu.vision.se:CVE-2019-10219 >--------------------
[INFO] Building CVE-2019-10219 1.0-SNAPSHOT
[INFO]   from pom.xml
[INFO] --------------------------------[ jar ]---------------------------------
[INFO] 
[INFO] --- maven-clean-plugin:2.5:clean (default-clean) @ CVE-2019-10219 ---
[INFO] Deleting /PoCAdaptation/exploit/result/CVE-2019-10219/6.0.3.Final/exploit/target
[INFO] 
[INFO] --- maven-resources-plugin:2.6:resources (default-resources) @ CVE-2019-10219 ---
[INFO] Using 'UTF-8' encoding to copy filtered resources.
[INFO] skip non existing resourceDirectory /PoCAdaptation/exploit/result/CVE-2019-10219/6.0.3.Final/exploit/src/main/resources
[INFO] 
[INFO] --- maven-compiler-plugin:3.1:compile (default-compile) @ CVE-2019-10219 ---
[INFO] No sources to compile
[INFO] 
[INFO] --- maven-resources-plugin:2.6:testResources (default-testResources) @ CVE-2019-10219 ---
[INFO] Using 'UTF-8' encoding to copy filtered resources.
[INFO] skip non existing resourceDirectory /PoCAdaptation/exploit/result/CVE-2019-10219/6.0.3.Final/exploit/src/test/resources
[INFO] 
[INFO] --- maven-compiler-plugin:3.1:testCompile (default-testCompile) @ CVE-2019-10219 ---
[INFO] Changes detected - recompiling the module!
[INFO] Compiling 1 source file to /PoCAdaptation/exploit/result/CVE-2019-10219/6.0.3.Final/exploit/target/test-classes
[INFO] -------------------------------------------------------------
[ERROR] COMPILATION ERROR : 
[INFO] -------------------------------------------------------------
[ERROR] /PoCAdaptation/exploit/result/CVE-2019-10219/6.0.3.Final/exploit/src/test/java/edu/vision/se/Testcase1.java:[7,56] package org.hibernate.validator.internal.util.annotation does not exist
[ERROR] /PoCAdaptation/exploit/result/CVE-2019-10219/6.0.3.Final/exploit/src/test/java/edu/vision/se/Testcase1.java:[14,33] package AnnotationDescriptor does not exist
[ERROR] /PoCAdaptation/exploit/result/CVE-2019-10219/6.0.3.Final/exploit/src/test/java/edu/vision/se/Testcase1.java:[28,53] package AnnotationDescriptor does not exist
[ERROR] /PoCAdaptation/exploit/result/CVE-2019-10219/6.0.3.Final/exploit/src/test/java/edu/vision/se/Testcase1.java:[36,53] package AnnotationDescriptor does not exist
[ERROR] /PoCAdaptation/exploit/result/CVE-2019-10219/6.0.3.Final/exploit/src/test/java/edu/vision/se/Testcase1.java:[44,53] package AnnotationDescriptor does not exist
[ERROR] /PoCAdaptation/exploit/result/CVE-2019-10219/6.0.3.Final/exploit/src/test/java/edu/vision/se/Testcase1.java:[52,53] package AnnotationDescriptor does not exist
[ERROR] /PoCAdaptation/exploit/result/CVE-2019-10219/6.0.3.Final/exploit/src/test/java/edu/vision/se/Testcase1.java:[60,53] package AnnotationDescriptor does not exist
[INFO] 7 errors 
[INFO] -------------------------------------------------------------
[INFO] ------------------------------------------------------------------------
[INFO] BUILD FAILURE
[INFO] ------------------------------------------------------------------------
[INFO] Total time:  0.906 s
[INFO] Finished at: 2025-07-13T13:46:03Z
[INFO] ------------------------------------------------------------------------
[ERROR] Failed to execute goal org.apache.maven.plugins:maven-compiler-plugin:3.1:testCompile (default-testCompile) on project CVE-2019-10219: Compilation failure: Compilation failure: 
[ERROR] /PoCAdaptation/exploit/result/CVE-2019-10219/6.0.3.Final/exploit/src/test/java/edu/vision/se/Testcase1.java:[7,56] package org.hibernate.validator.internal.util.annotation does not exist
[ERROR] /PoCAdaptation/exploit/result/CVE-2019-10219/6.0.3.Final/exploit/src/test/java/edu/vision/se/Testcase1.java:[14,33] package AnnotationDescriptor does not exist
[ERROR] /PoCAdaptation/exploit/result/CVE-2019-10219/6.0.3.Final/exploit/src/test/java/edu/vision/se/Testcase1.java:[28,53] package AnnotationDescriptor does not exist
[ERROR] /PoCAdaptation/exploit/result/CVE-2019-10219/6.0.3.Final/exploit/src/test/java/edu/vision/se/Testcase1.java:[36,53] package AnnotationDescriptor does not exist
[ERROR] /PoCAdaptation/exploit/result/CVE-2019-10219/6.0.3.Final/exploit/src/test/java/edu/vision/se/Testcase1.java:[44,53] package AnnotationDescriptor does not exist
[ERROR] /PoCAdaptation/exploit/result/CVE-2019-10219/6.0.3.Final/exploit/src/test/java/edu/vision/se/Testcase1.java:[52,53] package AnnotationDescriptor does not exist
[ERROR] /PoCAdaptation/exploit/result/CVE-2019-10219/6.0.3.Final/exploit/src/test/java/edu/vision/se/Testcase1.java:[60,53] package AnnotationDescriptor does not exist
[ERROR] -> [Help 1]
[ERROR] 
[ERROR] To see the full stack trace of the errors, re-run Maven with the -e switch.
[ERROR] Re-run Maven using the -X switch to enable full debug logging.
[ERROR] 
[ERROR] For more information about the errors and possible solutions, please read the following articles:
[ERROR] [Help 1] http://cwiki.apache.org/confluence/display/MAVEN/MojoFailureException


current_pom file is:<?xml version='1.0' encoding='utf-8'?>
<project xmlns="http://maven.apache.org/POM/4.0.0" xmlns:xsi="http://www.w3.org/2001/XMLSchema-instance" xsi:schemaLocation="http://maven.apache.org/POM/4.0.0 http://maven.apache.org/xsd/maven-4.0.0.xsd">
    <groupId>edu.vision.se</groupId><version>1.0-SNAPSHOT</version><modelVersion>4.0.0</modelVersion>
    <artifactId>CVE-2019-10219</artifactId>

    <properties>
        <maven.compiler.source>11</maven.compiler.source>
        <maven.compiler.target>11</maven.compiler.target>
        <project.build.sourceEncoding>UTF-8</project.build.sourceEncoding>
    </properties>

    <dependencies>
        
        <dependency>
            <groupId>org.hibernate.validator</groupId>
            <artifactId>hibernate-validator</artifactId>
            <version>6.0.3.Final</version>
        </dependency>

        
        <dependency>
            <groupId>org.jsoup</groupId>
            <artifactId>jsoup</artifactId>
            <version>1.8.3</version>
        </dependency>

    <dependency><groupId>junit</groupId><artifactId>junit</artifactId><version>4.13.2</version></dependency>
    </dependencies>

</project>
[LLMClient] Response: 
test
[96m[Adapter] LLM response for fix position: test[0m
[LLMClient] Tokens used: 144 (prompt), 11 (completion), 155 (total)
[LLMClient] Prompt: 
You are given an error log when executing 'mvn test' in version 6.0.3.Final: 

Error: package org.hibernate.validator.internal.util.annotation does not exist, None, None 

The test executes as expected in 6.0.4.Final 

Error code: import org.hibernate.validator.internal.util.annotation.AnnotationDescriptor; 

Extract two key *entities* from the error for searching related diffs 

The extracted entities should reflect code-level identifiers that are likely to appear in source code or diffs. 

Output each node as a `;`-separated list, with no explanations. 


[LLMClient] Response: 
org.hibernate.validator.internal.util.annotation;AnnotationDescriptor
[96m[ErrorManager] Extracted key entities: ['org.hibernate.validator.internal.util.annotation', 'AnnotationDescriptor'][0m
[96m[Adapter] Try to solve error: {'file': '/PoCAdaptation/exploit/result/CVE-2019-10219/6.0.3.Final/exploit/src/test/java/edu/vision/se/Testcase1.java', 'line': 7, 'column': 56, 'message': 'package org.hibernate.validator.internal.util.annotation does not exist', 'symbol': None, 'location': None, 'code_line': 'import org.hibernate.validator.internal.util.annotation.AnnotationDescriptor;'} with cause: ['org.hibernate.validator.internal.util.annotation', 'AnnotationDescriptor'][0m
[96m[Adapter] Related diffs for error: [(142, 8.0), (151, 8.0), (159, 8.0), (14, 4.0), (25, 4.0)][0m
[96m[Adapter] Fix position is in test code.[0m
[96m[RepairModule] Start repair for group: package org.hibernate.validator.internal.util.annotation does not exist | cause: ['org.hibernate.validator.internal.util.annotation', 'AnnotationDescriptor'][0m
[96m[RepairModule] Trying best diff #142 with score 8.00[0m
[96m[RepairModule] Found 10 diff combinations for annealing.[0m
[96m[RepairModule] Iteration 1, temperature 1.000: Trying diff #14 with score 4.00[0m
[LLMClient] Tokens used: 1013 (prompt), 674 (completion), 1687 (total)
[LLMClient] Prompt: 
You are given a Java test file with compilation errors in version 6.0.3.Final:org.hibernate.validator:hibernate-validator.
This test file compiles and runs successfully in 6.0.4.Final.

The diff is related to the diff.
Your task has three steps:
 1. Locate the code where the compilation error occurs.
 2. Analyze the diff from 6.0.4.Final to 6.0.3.Final.
 3. Fix the error in the error position only when diff is helpful. Add import statement when needed according to the diff. 

Only output the modified version of the test file according to the diff. No explanations. If mocking, access fields via reflection if they exist.
### Compilation Errors:
message: package org.hibernate.validator.internal.util.annotation does not exist, symble: None, location: None

### Error Position:
import org.hibernate.validator.internal.util.annotation.AnnotationDescriptor;

### Related Diff:
Operation: MODIFIED, File: engine/src/main/java/org/hibernate/validator/cfg/AnnotationDef.java, Hunk: @@ -14,9 +14,7 @@
 import java.util.Map;

 import org.hibernate.validator.internal.util.CollectionHelper;
+import org.hibernate.validator.internal.util.StringHelper;
+import org.hibernate.validator.internal.util.annotationfactory.AnnotationDescriptor;
+import org.hibernate.validator.internal.util.annotationfactory.AnnotationFactory;
-import org.hibernate.validator.internal.util.annotation.AnnotationDescriptor;
 import org.hibernate.validator.internal.util.logging.Log;
 import org.hibernate.validator.internal.util.logging.LoggerFactory;

### Test File Content:
package edu.vision.se;

import org.hibernate.validator.constraints.SafeHtml;
import org.hibernate.validator.constraints.SafeHtml.WhiteListType;
import org.hibernate.validator.internal.constraintvalidators.hv.SafeHtmlValidator;
import org.junit.Test;
import org.hibernate.validator.internal.util.annotation.AnnotationDescriptor;
import static org.junit.Assert.assertFalse;
import org.jsoup.safety.Whitelist;  // è§£å†³ 10ClassNotFound é—®é¢˜


public class Testcase1 {

    private AnnotationDescriptor.Builder<SafeHtml> descriptorBuilder;

    private SafeHtmlValidator getSafeHtmlValidator() {
        SafeHtml p = descriptorBuilder.build().getAnnotation();
        SafeHtmlValidator validator = new SafeHtmlValidator();
        validator.initialize( p );
        return validator;
    }

    @Test
    // A "downlevel revealed" conditional 'comment' is not an (X)HTML comment at all,
    // despite the misleading name, it is default Microsoft syntax.
    // The tag is unrecognized by therefore executed
    public void testDownlevelRevealedConditionalComment() throws Exception {
        descriptorBuilder = new AnnotationDescriptor.Builder<>( SafeHtml.class );
        descriptorBuilder.setAttribute("whitelistType", WhiteListType.BASIC);

        assertFalse( getSafeHtmlValidator().isValid( "<![if !IE]>\n<SCRIPT>alert{'XSS'};</SCRIPT>\n<![endif]>", null ) );
    }

    @Test
    public void testDownlevelHiddenConditionalComment() throws Exception {
        descriptorBuilder = new AnnotationDescriptor.Builder<>( SafeHtml.class );
        descriptorBuilder.setAttribute( "whitelistType", WhiteListType.BASIC );

        assertFalse( getSafeHtmlValidator().isValid( "<!--[if gte IE 4]>\n<SCRIPT>alert{'XSS'};</SCRIPT>\n<![endif]-->", null ) );
    }

    @Test
    public void testSimpleComment() throws Exception {
        descriptorBuilder = new AnnotationDescriptor.Builder<>( SafeHtml.class );
        descriptorBuilder.setAttribute( "whitelistType", WhiteListType.BASIC );

        assertFalse( getSafeHtmlValidator().isValid( "<!-- Just a comment -->", null ) );
    }

    @Test
    public void testServerSideIncludesSSI() throws Exception {
        descriptorBuilder = new AnnotationDescriptor.Builder<>( SafeHtml.class );
        descriptorBuilder.setAttribute( "whitelistType", WhiteListType.BASIC );

        assertFalse( getSafeHtmlValidator().isValid( "<? echo{'<SCR}'; echo{'IPT>alert{\"XSS\"}</SCRIPT>'}; ?>", null ) );
    }

    @Test
    public void testPHPScript() throws Exception {
        descriptorBuilder = new AnnotationDescriptor.Builder<>( SafeHtml.class );
        descriptorBuilder.setAttribute( "whitelistType", WhiteListType.BASIC );

        assertFalse( getSafeHtmlValidator().isValid( "<? echo{'<SCR}'; echo{'IPT>alert{\"XSS\"}</SCRIPT>'}; ?>", null ) );
    }
}



[LLMClient] Response: 
Here's the modified test file with the import statement updated according to the diff:

```java
package edu.vision.se;

import org.hibernate.validator.constraints.SafeHtml;
import org.hibernate.validator.constraints.SafeHtml.WhiteListType;
import org.hibernate.validator.internal.constraintvalidators.hv.SafeHtmlValidator;
import org.junit.Test;
import org.hibernate.validator.internal.util.annotationfactory.AnnotationDescriptor;
import static org.junit.Assert.assertFalse;
import org.jsoup.safety.Whitelist;  // è§£å†³ 10ClassNotFound é—®é¢˜


public class Testcase1 {

    private AnnotationDescriptor.Builder<SafeHtml> descriptorBuilder;

    private SafeHtmlValidator getSafeHtmlValidator() {
        SafeHtml p = descriptorBuilder.build().getAnnotation();
        SafeHtmlValidator validator = new SafeHtmlValidator();
        validator.initialize( p );
        return validator;
    }

    @Test
    // A "downlevel revealed" conditional 'comment' is not an (X)HTML comment at all,
    // despite the misleading name, it is default Microsoft syntax.
    // The tag is unrecognized by therefore executed
    public void testDownlevelRevealedConditionalComment() throws Exception {
        descriptorBuilder = new AnnotationDescriptor.Builder<>( SafeHtml.class );
        descriptorBuilder.setAttribute("whitelistType", WhiteListType.BASIC);

        assertFalse( getSafeHtmlValidator().isValid( "<![if !IE]>\n<SCRIPT>alert{'XSS'};</SCRIPT>\n<![endif]>", null ) );
    }

    @Test
    public void testDownlevelHiddenConditionalComment() throws Exception {
        descriptorBuilder = new AnnotationDescriptor.Builder<>( SafeHtml.class );
        descriptorBuilder.setAttribute( "whitelistType", WhiteListType.BASIC );

        assertFalse( getSafeHtmlValidator().isValid( "<!--[if gte IE 4]>\n<SCRIPT>alert{'XSS'};</SCRIPT>\n<![endif]-->", null ) );
    }

    @Test
    public void testSimpleComment() throws Exception {
        descriptorBuilder = new AnnotationDescriptor.Builder<>( SafeHtml.class );
        descriptorBuilder.setAttribute( "whitelistType", WhiteListType.BASIC );

        assertFalse( getSafeHtmlValidator().isValid( "<!-- Just a comment -->", null ) );
    }

    @Test
    public void testServerSideIncludesSSI() throws Exception {
        descriptorBuilder = new AnnotationDescriptor.Builder<>( SafeHtml.class );
        descriptorBuilder.setAttribute( "whitelistType", WhiteListType.BASIC );

        assertFalse( getSafeHtmlValidator().isValid( "<? echo{'<SCR}'; echo{'IPT>alert{\"XSS\"}</SCRIPT>'}; ?>", null ) );
    }

    @Test
    public void testPHPScript() throws Exception {
        descriptorBuilder = new AnnotationDescriptor.Builder<>( SafeHtml.class );
        descriptorBuilder.setAttribute( "whitelistType", WhiteListType.BASIC );

        assertFalse( getSafeHtmlValidator().isValid( "<? echo{'<SCR}'; echo{'IPT>alert{\"XSS\"}</SCRIPT>'}; ?>", null ) );
    }
}
```
[96m[RepairModule] Wrote modified code to /PoCAdaptation/exploit/result/CVE-2019-10219/6.0.3.Final/exploit/src/test/java/edu/vision/se/Testcase1.java[0m
[96m[Executor] Executing exploit for CVE-2019-10219 on version 6.0.3.Final...[0m
[96m[Verifier] Verifying reproduction...[0m
[91m[Verifier] âœ— Behavior not found: 'java.lang.AssertionError'[0m
[91m[Executor] Reproduction result: Failure[0m
[96m[ErrorManager] Ignoring line: [ERROR] Failed to execute goal org.apache.maven.plugins:maven-compiler-plugin:3.1:testCompile (default-testCompile) on project CVE-2019-10219: Compilation failure: Compilation failure:[0m
[92m[ErrorManager] Processing line: [ERROR] /PoCAdaptation/exploit/result/CVE-2019-10219/6.0.3.Final/exploit/src/test/java/edu/vision/se/Testcase1.java:[14,33] cannot find symbol[0m
[92m[ErrorManager] Processing line: [ERROR]   symbol:   class Builder[0m
[92m[ErrorManager] Processing line: [ERROR]   location: class org.hibernate.validator.internal.util.annotationfactory.AnnotationDescriptor[0m
[92m[ErrorManager] Processing line: [ERROR] /PoCAdaptation/exploit/result/CVE-2019-10219/6.0.3.Final/exploit/src/test/java/edu/vision/se/Testcase1.java:[28,53] cannot find symbol[0m
[92m[ErrorManager] Processing line: [ERROR]   symbol:   class Builder[0m
[92m[ErrorManager] Processing line: [ERROR]   location: class org.hibernate.validator.internal.util.annotationfactory.AnnotationDescriptor[0m
[92m[ErrorManager] Processing line: [ERROR] /PoCAdaptation/exploit/result/CVE-2019-10219/6.0.3.Final/exploit/src/test/java/edu/vision/se/Testcase1.java:[36,53] cannot find symbol[0m
[92m[ErrorManager] Processing line: [ERROR]   symbol:   class Builder[0m
[92m[ErrorManager] Processing line: [ERROR]   location: class org.hibernate.validator.internal.util.annotationfactory.AnnotationDescriptor[0m
[92m[ErrorManager] Processing line: [ERROR] /PoCAdaptation/exploit/result/CVE-2019-10219/6.0.3.Final/exploit/src/test/java/edu/vision/se/Testcase1.java:[44,53] cannot find symbol[0m
[92m[ErrorManager] Processing line: [ERROR]   symbol:   class Builder[0m
[92m[ErrorManager] Processing line: [ERROR]   location: class org.hibernate.validator.internal.util.annotationfactory.AnnotationDescriptor[0m
[92m[ErrorManager] Processing line: [ERROR] /PoCAdaptation/exploit/result/CVE-2019-10219/6.0.3.Final/exploit/src/test/java/edu/vision/se/Testcase1.java:[52,53] cannot find symbol[0m
[92m[ErrorManager] Processing line: [ERROR]   symbol:   class Builder[0m
[92m[ErrorManager] Processing line: [ERROR]   location: class org.hibernate.validator.internal.util.annotationfactory.AnnotationDescriptor[0m
[92m[ErrorManager] Processing line: [ERROR] /PoCAdaptation/exploit/result/CVE-2019-10219/6.0.3.Final/exploit/src/test/java/edu/vision/se/Testcase1.java:[60,53] cannot find symbol[0m
[92m[ErrorManager] Processing line: [ERROR]   symbol:   class Builder[0m
[92m[ErrorManager] Processing line: [ERROR]   location: class org.hibernate.validator.internal.util.annotationfactory.AnnotationDescriptor[0m
[96m[ErrorManager] Ignoring line: [ERROR] -> [Help 1][0m
[96m[ErrorManager] Ignoring line: [ERROR][0m
[96m[ErrorManager] Ignoring line: [ERROR] To see the full stack trace of the errors, re-run Maven with the -e switch.[0m
[96m[ErrorManager] Ignoring line: [ERROR] Re-run Maven using the -X switch to enable full debug logging.[0m
[96m[ErrorManager] Ignoring line: [ERROR][0m
[96m[ErrorManager] Ignoring line: [ERROR] For more information about the errors and possible solutions, please read the following articles:[0m
[96m[ErrorManager] Ignoring line: [ERROR] [Help 1] http://cwiki.apache.org/confluence/display/MAVEN/MojoFailureException[0m
[RepairModule] Old grouped keys: {'package org.hibernate.validator.internal.util.annotation does not exist |', 'package AnnotationDescriptor does not exist |'}
[RepairModule] New grouped keys: {'cannot find symbol | class Builder'}
[93m[RepairModule] [Analyzer] New error:
  File     : /PoCAdaptation/exploit/result/CVE-2019-10219/6.0.3.Final/exploit/src/test/java/edu/vision/se/Testcase1.java
  Line     : 14, Column: 33
  Message  : cannot find symbol
  Symbol   : class Builder
  Location : class org.hibernate.validator.internal.util.annotationfactory.AnnotationDescriptor
  Code     : private AnnotationDescriptor.Builder<SafeHtml> descriptorBuilder;
  Position : after the fixing line (7)[0m
[93m[RepairModule] [Analyzer] New error:
  File     : /PoCAdaptation/exploit/result/CVE-2019-10219/6.0.3.Final/exploit/src/test/java/edu/vision/se/Testcase1.java
  Line     : 28, Column: 53
  Message  : cannot find symbol
  Symbol   : class Builder
  Location : class org.hibernate.validator.internal.util.annotationfactory.AnnotationDescriptor
  Code     : descriptorBuilder = new AnnotationDescriptor.Builder<>( SafeHtml.class );
  Position : after the fixing line (7)[0m
[93m[RepairModule] [Analyzer] New error:
  File     : /PoCAdaptation/exploit/result/CVE-2019-10219/6.0.3.Final/exploit/src/test/java/edu/vision/se/Testcase1.java
  Line     : 36, Column: 53
  Message  : cannot find symbol
  Symbol   : class Builder
  Location : class org.hibernate.validator.internal.util.annotationfactory.AnnotationDescriptor
  Code     : descriptorBuilder = new AnnotationDescriptor.Builder<>( SafeHtml.class );
  Position : after the fixing line (7)[0m
[93m[RepairModule] [Analyzer] New error:
  File     : /PoCAdaptation/exploit/result/CVE-2019-10219/6.0.3.Final/exploit/src/test/java/edu/vision/se/Testcase1.java
  Line     : 44, Column: 53
  Message  : cannot find symbol
  Symbol   : class Builder
  Location : class org.hibernate.validator.internal.util.annotationfactory.AnnotationDescriptor
  Code     : descriptorBuilder = new AnnotationDescriptor.Builder<>( SafeHtml.class );
  Position : after the fixing line (7)[0m
[93m[RepairModule] [Analyzer] New error:
  File     : /PoCAdaptation/exploit/result/CVE-2019-10219/6.0.3.Final/exploit/src/test/java/edu/vision/se/Testcase1.java
  Line     : 52, Column: 53
  Message  : cannot find symbol
  Symbol   : class Builder
  Location : class org.hibernate.validator.internal.util.annotationfactory.AnnotationDescriptor
  Code     : descriptorBuilder = new AnnotationDescriptor.Builder<>( SafeHtml.class );
  Position : after the fixing line (7)[0m
[93m[RepairModule] [Analyzer] New error:
  File     : /PoCAdaptation/exploit/result/CVE-2019-10219/6.0.3.Final/exploit/src/test/java/edu/vision/se/Testcase1.java
  Line     : 60, Column: 53
  Message  : cannot find symbol
  Symbol   : class Builder
  Location : class org.hibernate.validator.internal.util.annotationfactory.AnnotationDescriptor
  Code     : descriptorBuilder = new AnnotationDescriptor.Builder<>( SafeHtml.class );
  Position : after the fixing line (7)[0m
[92m[RepairModule] Error package org.hibernate.validator.internal.util.annotation does not exist resolved after applying diff.[0m
[92m[RepairModule] Repair success with diff #14 at iteration 1![0m
[96m[Adapter] Test code repair attempted.[0m
[96m[Executor] Executing exploit for CVE-2019-10219 on version 6.0.3.Final...[0m
[96m[Verifier] Verifying reproduction...[0m
[91m[Verifier] âœ— Behavior not found: 'java.lang.AssertionError'[0m
[91m[Executor] Reproduction result: Failure[0m
[96m[ErrorManager] Ignoring line: [ERROR] Failed to execute goal org.apache.maven.plugins:maven-compiler-plugin:3.1:testCompile (default-testCompile) on project CVE-2019-10219: Compilation failure: Compilation failure:[0m
[92m[ErrorManager] Processing line: [ERROR] /PoCAdaptation/exploit/result/CVE-2019-10219/6.0.3.Final/exploit/src/test/java/edu/vision/se/Testcase1.java:[14,33] cannot find symbol[0m
[92m[ErrorManager] Processing line: [ERROR]   symbol:   class Builder[0m
[92m[ErrorManager] Processing line: [ERROR]   location: class org.hibernate.validator.internal.util.annotationfactory.AnnotationDescriptor[0m
[92m[ErrorManager] Processing line: [ERROR] /PoCAdaptation/exploit/result/CVE-2019-10219/6.0.3.Final/exploit/src/test/java/edu/vision/se/Testcase1.java:[28,53] cannot find symbol[0m
[92m[ErrorManager] Processing line: [ERROR]   symbol:   class Builder[0m
[92m[ErrorManager] Processing line: [ERROR]   location: class org.hibernate.validator.internal.util.annotationfactory.AnnotationDescriptor[0m
[92m[ErrorManager] Processing line: [ERROR] /PoCAdaptation/exploit/result/CVE-2019-10219/6.0.3.Final/exploit/src/test/java/edu/vision/se/Testcase1.java:[36,53] cannot find symbol[0m
[92m[ErrorManager] Processing line: [ERROR]   symbol:   class Builder[0m
[92m[ErrorManager] Processing line: [ERROR]   location: class org.hibernate.validator.internal.util.annotationfactory.AnnotationDescriptor[0m
[92m[ErrorManager] Processing line: [ERROR] /PoCAdaptation/exploit/result/CVE-2019-10219/6.0.3.Final/exploit/src/test/java/edu/vision/se/Testcase1.java:[44,53] cannot find symbol[0m
[92m[ErrorManager] Processing line: [ERROR]   symbol:   class Builder[0m
[92m[ErrorManager] Processing line: [ERROR]   location: class org.hibernate.validator.internal.util.annotationfactory.AnnotationDescriptor[0m
[92m[ErrorManager] Processing line: [ERROR] /PoCAdaptation/exploit/result/CVE-2019-10219/6.0.3.Final/exploit/src/test/java/edu/vision/se/Testcase1.java:[52,53] cannot find symbol[0m
[92m[ErrorManager] Processing line: [ERROR]   symbol:   class Builder[0m
[92m[ErrorManager] Processing line: [ERROR]   location: class org.hibernate.validator.internal.util.annotationfactory.AnnotationDescriptor[0m
[92m[ErrorManager] Processing line: [ERROR] /PoCAdaptation/exploit/result/CVE-2019-10219/6.0.3.Final/exploit/src/test/java/edu/vision/se/Testcase1.java:[60,53] cannot find symbol[0m
[92m[ErrorManager] Processing line: [ERROR]   symbol:   class Builder[0m
[92m[ErrorManager] Processing line: [ERROR]   location: class org.hibernate.validator.internal.util.annotationfactory.AnnotationDescriptor[0m
[96m[ErrorManager] Ignoring line: [ERROR] -> [Help 1][0m
[96m[ErrorManager] Ignoring line: [ERROR][0m
[96m[ErrorManager] Ignoring line: [ERROR] To see the full stack trace of the errors, re-run Maven with the -e switch.[0m
[96m[ErrorManager] Ignoring line: [ERROR] Re-run Maven using the -X switch to enable full debug logging.[0m
[96m[ErrorManager] Ignoring line: [ERROR][0m
[96m[ErrorManager] Ignoring line: [ERROR] For more information about the errors and possible solutions, please read the following articles:[0m
[96m[ErrorManager] Ignoring line: [ERROR] [Help 1] http://cwiki.apache.org/confluence/display/MAVEN/MojoFailureException[0m
[96m[Adapter] Locating fix position in error log.[0m
[LLMClient] Tokens used: 2211 (prompt), 1 (completion), 2212 (total)
[LLMClient] Prompt: 
You are given a Java error log when executing 'mvn test' in a project with dependency version 6.0.3.Final:org.hibernate.validator:hibernate-validator.
This test file compiles and runs successfully with version 6.0.4.Final.

Your task is to:
1. Analyze why this issue occurs with the *6.0.4.Final* but not with the *6.0.3.Final version*.
2. Consider how to resolve the issue **without updating this library**.
3. Determine and output the location in the project that should be modified to fix the problem.

Please return 'pom' if the fix is in the pom.xml file, or 'test' if the fix is in the test code.
Do not return any other text, just 'pom' or 'test'.

The error log is:
[INFO] Scanning for projects...
[INFO] 
[INFO] --------------------< edu.vision.se:CVE-2019-10219 >--------------------
[INFO] Building CVE-2019-10219 1.0-SNAPSHOT
[INFO]   from pom.xml
[INFO] --------------------------------[ jar ]---------------------------------
[INFO] 
[INFO] --- maven-clean-plugin:2.5:clean (default-clean) @ CVE-2019-10219 ---
[INFO] Deleting /PoCAdaptation/exploit/result/CVE-2019-10219/6.0.3.Final/exploit/target
[INFO] 
[INFO] --- maven-resources-plugin:2.6:resources (default-resources) @ CVE-2019-10219 ---
[INFO] Using 'UTF-8' encoding to copy filtered resources.
[INFO] skip non existing resourceDirectory /PoCAdaptation/exploit/result/CVE-2019-10219/6.0.3.Final/exploit/src/main/resources
[INFO] 
[INFO] --- maven-compiler-plugin:3.1:compile (default-compile) @ CVE-2019-10219 ---
[INFO] No sources to compile
[INFO] 
[INFO] --- maven-resources-plugin:2.6:testResources (default-testResources) @ CVE-2019-10219 ---
[INFO] Using 'UTF-8' encoding to copy filtered resources.
[INFO] skip non existing resourceDirectory /PoCAdaptation/exploit/result/CVE-2019-10219/6.0.3.Final/exploit/src/test/resources
[INFO] 
[INFO] --- maven-compiler-plugin:3.1:testCompile (default-testCompile) @ CVE-2019-10219 ---
[INFO] Changes detected - recompiling the module!
[INFO] Compiling 1 source file to /PoCAdaptation/exploit/result/CVE-2019-10219/6.0.3.Final/exploit/target/test-classes
[INFO] -------------------------------------------------------------
[ERROR] COMPILATION ERROR : 
[INFO] -------------------------------------------------------------
[ERROR] /PoCAdaptation/exploit/result/CVE-2019-10219/6.0.3.Final/exploit/src/test/java/edu/vision/se/Testcase1.java:[14,33] cannot find symbol
  symbol:   class Builder
  location: class org.hibernate.validator.internal.util.annotationfactory.AnnotationDescriptor
[ERROR] /PoCAdaptation/exploit/result/CVE-2019-10219/6.0.3.Final/exploit/src/test/java/edu/vision/se/Testcase1.java:[28,53] cannot find symbol
  symbol:   class Builder
  location: class org.hibernate.validator.internal.util.annotationfactory.AnnotationDescriptor
[ERROR] /PoCAdaptation/exploit/result/CVE-2019-10219/6.0.3.Final/exploit/src/test/java/edu/vision/se/Testcase1.java:[36,53] cannot find symbol
  symbol:   class Builder
  location: class org.hibernate.validator.internal.util.annotationfactory.AnnotationDescriptor
[ERROR] /PoCAdaptation/exploit/result/CVE-2019-10219/6.0.3.Final/exploit/src/test/java/edu/vision/se/Testcase1.java:[44,53] cannot find symbol
  symbol:   class Builder
  location: class org.hibernate.validator.internal.util.annotationfactory.AnnotationDescriptor
[ERROR] /PoCAdaptation/exploit/result/CVE-2019-10219/6.0.3.Final/exploit/src/test/java/edu/vision/se/Testcase1.java:[52,53] cannot find symbol
  symbol:   class Builder
  location: class org.hibernate.validator.internal.util.annotationfactory.AnnotationDescriptor
[ERROR] /PoCAdaptation/exploit/result/CVE-2019-10219/6.0.3.Final/exploit/src/test/java/edu/vision/se/Testcase1.java:[60,53] cannot find symbol
  symbol:   class Builder
  location: class org.hibernate.validator.internal.util.annotationfactory.AnnotationDescriptor
[INFO] 6 errors 
[INFO] -------------------------------------------------------------
[INFO] ------------------------------------------------------------------------
[INFO] BUILD FAILURE
[INFO] ------------------------------------------------------------------------
[INFO] Total time:  0.839 s
[INFO] Finished at: 2025-07-13T13:46:45Z
[INFO] ------------------------------------------------------------------------
[ERROR] Failed to execute goal org.apache.maven.plugins:maven-compiler-plugin:3.1:testCompile (default-testCompile) on project CVE-2019-10219: Compilation failure: Compilation failure: 
[ERROR] /PoCAdaptation/exploit/result/CVE-2019-10219/6.0.3.Final/exploit/src/test/java/edu/vision/se/Testcase1.java:[14,33] cannot find symbol
[ERROR]   symbol:   class Builder
[ERROR]   location: class org.hibernate.validator.internal.util.annotationfactory.AnnotationDescriptor
[ERROR] /PoCAdaptation/exploit/result/CVE-2019-10219/6.0.3.Final/exploit/src/test/java/edu/vision/se/Testcase1.java:[28,53] cannot find symbol
[ERROR]   symbol:   class Builder
[ERROR]   location: class org.hibernate.validator.internal.util.annotationfactory.AnnotationDescriptor
[ERROR] /PoCAdaptation/exploit/result/CVE-2019-10219/6.0.3.Final/exploit/src/test/java/edu/vision/se/Testcase1.java:[36,53] cannot find symbol
[ERROR]   symbol:   class Builder
[ERROR]   location: class org.hibernate.validator.internal.util.annotationfactory.AnnotationDescriptor
[ERROR] /PoCAdaptation/exploit/result/CVE-2019-10219/6.0.3.Final/exploit/src/test/java/edu/vision/se/Testcase1.java:[44,53] cannot find symbol
[ERROR]   symbol:   class Builder
[ERROR]   location: class org.hibernate.validator.internal.util.annotationfactory.AnnotationDescriptor
[ERROR] /PoCAdaptation/exploit/result/CVE-2019-10219/6.0.3.Final/exploit/src/test/java/edu/vision/se/Testcase1.java:[52,53] cannot find symbol
[ERROR]   symbol:   class Builder
[ERROR]   location: class org.hibernate.validator.internal.util.annotationfactory.AnnotationDescriptor
[ERROR] /PoCAdaptation/exploit/result/CVE-2019-10219/6.0.3.Final/exploit/src/test/java/edu/vision/se/Testcase1.java:[60,53] cannot find symbol
[ERROR]   symbol:   class Builder
[ERROR]   location: class org.hibernate.validator.internal.util.annotationfactory.AnnotationDescriptor
[ERROR] -> [Help 1]
[ERROR] 
[ERROR] To see the full stack trace of the errors, re-run Maven with the -e switch.
[ERROR] Re-run Maven using the -X switch to enable full debug logging.
[ERROR] 
[ERROR] For more information about the errors and possible solutions, please read the following articles:
[ERROR] [Help 1] http://cwiki.apache.org/confluence/display/MAVEN/MojoFailureException


current_pom file is:<?xml version='1.0' encoding='utf-8'?>
<project xmlns="http://maven.apache.org/POM/4.0.0" xmlns:xsi="http://www.w3.org/2001/XMLSchema-instance" xsi:schemaLocation="http://maven.apache.org/POM/4.0.0 http://maven.apache.org/xsd/maven-4.0.0.xsd">
    <groupId>edu.vision.se</groupId><version>1.0-SNAPSHOT</version><modelVersion>4.0.0</modelVersion>
    <artifactId>CVE-2019-10219</artifactId>

    <properties>
        <maven.compiler.source>11</maven.compiler.source>
        <maven.compiler.target>11</maven.compiler.target>
        <project.build.sourceEncoding>UTF-8</project.build.sourceEncoding>
    </properties>

    <dependencies>
        
        <dependency>
            <groupId>org.hibernate.validator</groupId>
            <artifactId>hibernate-validator</artifactId>
            <version>6.0.3.Final</version>
        </dependency>

        
        <dependency>
            <groupId>org.jsoup</groupId>
            <artifactId>jsoup</artifactId>
            <version>1.8.3</version>
        </dependency>

    <dependency><groupId>junit</groupId><artifactId>junit</artifactId><version>4.13.2</version></dependency>
    </dependencies>

</project>
[LLMClient] Response: 
test
[96m[Adapter] LLM response for fix position: test[0m
[LLMClient] Tokens used: 147 (prompt), 8 (completion), 155 (total)
[LLMClient] Prompt: 
You are given an error log when executing 'mvn test' in version 6.0.3.Final: 

Error: cannot find symbol, class Builder, class org.hibernate.validator.internal.util.annotationfactory.AnnotationDescriptor 

The test executes as expected in 6.0.4.Final 

Error code:     private AnnotationDescriptor.Builder<SafeHtml> descriptorBuilder; 

Extract two key *entities* from the error for searching related diffs 

The extracted entities should reflect code-level identifiers that are likely to appear in source code or diffs. 

Output each node as a `;`-separated list, with no explanations. 


[LLMClient] Response: 
`AnnotationDescriptor.Builder;SafeHtml`
[96m[ErrorManager] Extracted key entities: ['`AnnotationDescriptor.Builder', 'SafeHtml`'][0m
[96m[Adapter] Try to solve error: {'file': '/PoCAdaptation/exploit/result/CVE-2019-10219/6.0.3.Final/exploit/src/test/java/edu/vision/se/Testcase1.java', 'line': 14, 'column': 33, 'message': 'cannot find symbol', 'symbol': 'class Builder', 'location': 'class org.hibernate.validator.internal.util.annotationfactory.AnnotationDescriptor', 'code_line': '    private AnnotationDescriptor.Builder<SafeHtml> descriptorBuilder;'} with cause: ['`AnnotationDescriptor.Builder', 'SafeHtml`'][0m
[LLMClient] Tokens used: 172 (prompt), 6 (completion), 178 (total)
[LLMClient] Prompt: 
You are given an error log when executing 'mvn test' in version 6.0.3.Final: 

Error: cannot find symbol, class Builder, class org.hibernate.validator.internal.util.annotationfactory.AnnotationDescriptor 

The test executes as expected in 6.0.4.Final 

Error code:     private AnnotationDescriptor.Builder<SafeHtml> descriptorBuilder; 

Extract two key *entities* from the error for searching related diffs 

The extracted entities should reflect code-level identifiers that are likely to appear in source code or diffs. 

Current cause: ['`AnnotationDescriptor.Builder', 'SafeHtml`'] 

 failed to catch, try simpler or other entities.

Output each node as a `;`-separated list, with no explanations. 


[LLMClient] Response: 
AnnotationDescriptor.Builder;SafeHtml
[96m[ErrorManager] Extracted key entities: ['AnnotationDescriptor.Builder', 'SafeHtml'][0m
[96m[Adapter] Related diffs for error: [(3, 1.0), (4, 1.0), (5, 1.0), (6, 1.0), (7, 1.0)][0m
[96m[Adapter] Fix position is in test code.[0m
[96m[RepairModule] Start repair for group: cannot find symbol | class Builder cause: ['AnnotationDescriptor.Builder', 'SafeHtml'][0m
[96m[RepairModule] Trying best diff #3 with score 1.00[0m
[96m[RepairModule] Found 10 diff combinations for annealing.[0m
[96m[RepairModule] Iteration 1, temperature 1.000: Trying diff #7 with score 1.00[0m
[LLMClient] Tokens used: 982 (prompt), 664 (completion), 1646 (total)
[LLMClient] Prompt: 
You are given a Java test file with compilation errors in version 6.0.3.Final:org.hibernate.validator:hibernate-validator.
This test file compiles and runs successfully in 6.0.4.Final.

The diff is related to the diff.
Your task has three steps:
 1. Locate the code where the compilation error occurs.
 2. Analyze the diff from 6.0.4.Final to 6.0.3.Final.
 3. Fix the error in the error position only when diff is helpful. Add import statement when needed according to the diff. 

Only output the modified version of the test file according to the diff. No explanations. If mocking, access fields via reflection if they exist.
### Compilation Errors:
message: cannot find symbol, symble: class Builder, location: class org.hibernate.validator.internal.util.annotationfactory.AnnotationDescriptor

### Error Position:
    private AnnotationDescriptor.Builder<SafeHtml> descriptorBuilder;

### Related Diff:
Operation: MODIFIED, File: distribution/pom.xml, Hunk: @@ -10,7 +10,7 @@
     <parent>
         <groupId>org.hibernate.validator</groupId>
         <artifactId>hibernate-validator-parent</artifactId>
+        <version>6.0.3.Final</version>
-        <version>6.0.4.Final</version>
         <relativePath>../pom.xml</relativePath>
     </parent>

### Test File Content:
package edu.vision.se;

import org.hibernate.validator.constraints.SafeHtml;
import org.hibernate.validator.constraints.SafeHtml.WhiteListType;
import org.hibernate.validator.internal.constraintvalidators.hv.SafeHtmlValidator;
import org.junit.Test;
import org.hibernate.validator.internal.util.annotationfactory.AnnotationDescriptor;
import static org.junit.Assert.assertFalse;
import org.jsoup.safety.Whitelist;  // è§£å†³ 10ClassNotFound é—®é¢˜


public class Testcase1 {

    private AnnotationDescriptor.Builder<SafeHtml> descriptorBuilder;

    private SafeHtmlValidator getSafeHtmlValidator() {
        SafeHtml p = descriptorBuilder.build().getAnnotation();
        SafeHtmlValidator validator = new SafeHtmlValidator();
        validator.initialize( p );
        return validator;
    }

    @Test
    // A "downlevel revealed" conditional 'comment' is not an (X)HTML comment at all,
    // despite the misleading name, it is default Microsoft syntax.
    // The tag is unrecognized by therefore executed
    public void testDownlevelRevealedConditionalComment() throws Exception {
        descriptorBuilder = new AnnotationDescriptor.Builder<>( SafeHtml.class );
        descriptorBuilder.setAttribute("whitelistType", WhiteListType.BASIC);

        assertFalse( getSafeHtmlValidator().isValid( "<![if !IE]>\n<SCRIPT>alert{'XSS'};</SCRIPT>\n<![endif]>", null ) );
    }

    @Test
    public void testDownlevelHiddenConditionalComment() throws Exception {
        descriptorBuilder = new AnnotationDescriptor.Builder<>( SafeHtml.class );
        descriptorBuilder.setAttribute( "whitelistType", WhiteListType.BASIC );

        assertFalse( getSafeHtmlValidator().isValid( "<!--[if gte IE 4]>\n<SCRIPT>alert{'XSS'};</SCRIPT>\n<![endif]-->", null ) );
    }

    @Test
    public void testSimpleComment() throws Exception {
        descriptorBuilder = new AnnotationDescriptor.Builder<>( SafeHtml.class );
        descriptorBuilder.setAttribute( "whitelistType", WhiteListType.BASIC );

        assertFalse( getSafeHtmlValidator().isValid( "<!-- Just a comment -->", null ) );
    }

    @Test
    public void testServerSideIncludesSSI() throws Exception {
        descriptorBuilder = new AnnotationDescriptor.Builder<>( SafeHtml.class );
        descriptorBuilder.setAttribute( "whitelistType", WhiteListType.BASIC );

        assertFalse( getSafeHtmlValidator().isValid( "<? echo{'<SCR}'; echo{'IPT>alert{\"XSS\"}</SCRIPT>'}; ?>", null ) );
    }

    @Test
    public void testPHPScript() throws Exception {
        descriptorBuilder = new AnnotationDescriptor.Builder<>( SafeHtml.class );
        descriptorBuilder.setAttribute( "whitelistType", WhiteListType.BASIC );

        assertFalse( getSafeHtmlValidator().isValid( "<? echo{'<SCR}'; echo{'IPT>alert{\"XSS\"}</SCRIPT>'}; ?>", null ) );
    }
}



[LLMClient] Response: 
Here's the modified version of the test file according to the diff:

```java
package edu.vision.se;

import org.hibernate.validator.constraints.SafeHtml;
import org.hibernate.validator.constraints.SafeHtml.WhiteListType;
import org.hibernate.validator.internal.constraintvalidators.hv.SafeHtmlValidator;
import org.junit.Test;
import org.hibernate.validator.internal.util.annotationfactory.AnnotationDescriptor;
import static org.junit.Assert.assertFalse;
import org.jsoup.safety.Whitelist;  // è§£å†³ 10ClassNotFound é—®é¢˜


public class Testcase1 {

    private AnnotationDescriptor<SafeHtml> descriptorBuilder;

    private SafeHtmlValidator getSafeHtmlValidator() {
        SafeHtml p = descriptorBuilder.getAnnotation();
        SafeHtmlValidator validator = new SafeHtmlValidator();
        validator.initialize( p );
        return validator;
    }

    @Test
    // A "downlevel revealed" conditional 'comment' is not an (X)HTML comment at all,
    // despite the misleading name, it is default Microsoft syntax.
    // The tag is unrecognized by therefore executed
    public void testDownlevelRevealedConditionalComment() throws Exception {
        descriptorBuilder = new AnnotationDescriptor<>( SafeHtml.class );
        descriptorBuilder.setAttribute("whitelistType", WhiteListType.BASIC);

        assertFalse( getSafeHtmlValidator().isValid( "<![if !IE]>\n<SCRIPT>alert{'XSS'};</SCRIPT>\n<![endif]>", null ) );
    }

    @Test
    public void testDownlevelHiddenConditionalComment() throws Exception {
        descriptorBuilder = new AnnotationDescriptor<>( SafeHtml.class );
        descriptorBuilder.setAttribute( "whitelistType", WhiteListType.BASIC );

        assertFalse( getSafeHtmlValidator().isValid( "<!--[if gte IE 4]>\n<SCRIPT>alert{'XSS'};</SCRIPT>\n<![endif]-->", null ) );
    }

    @Test
    public void testSimpleComment() throws Exception {
        descriptorBuilder = new AnnotationDescriptor<>( SafeHtml.class );
        descriptorBuilder.setAttribute( "whitelistType", WhiteListType.BASIC );

        assertFalse( getSafeHtmlValidator().isValid( "<!-- Just a comment -->", null ) );
    }

    @Test
    public void testServerSideIncludesSSI() throws Exception {
        descriptorBuilder = new AnnotationDescriptor<>( SafeHtml.class );
        descriptorBuilder.setAttribute( "whitelistType", WhiteListType.BASIC );

        assertFalse( getSafeHtmlValidator().isValid( "<? echo{'<SCR}'; echo{'IPT>alert{\"XSS\"}</SCRIPT>'}; ?>", null ) );
    }

    @Test
    public void testPHPScript() throws Exception {
        descriptorBuilder = new AnnotationDescriptor<>( SafeHtml.class );
        descriptorBuilder.setAttribute( "whitelistType", WhiteListType.BASIC );

        assertFalse( getSafeHtmlValidator().isValid( "<? echo{'<SCR}'; echo{'IPT>alert{\"XSS\"}</SCRIPT>'}; ?>", null ) );
    }
}
```
[96m[RepairModule] Wrote modified code to /PoCAdaptation/exploit/result/CVE-2019-10219/6.0.3.Final/exploit/src/test/java/edu/vision/se/Testcase1.java[0m
[96m[Executor] Executing exploit for CVE-2019-10219 on version 6.0.3.Final...[0m
[96m[Verifier] Verifying reproduction...[0m
[91m[Verifier] âœ— Behavior not found: 'java.lang.AssertionError'[0m
[91m[Executor] Reproduction result: Failure[0m
[96m[ErrorManager] Ignoring line: [ERROR] Failed to execute goal org.apache.maven.plugins:maven-compiler-plugin:3.1:testCompile (default-testCompile) on project CVE-2019-10219: Compilation failure: Compilation failure:[0m
[92m[ErrorManager] Processing line: [ERROR] /PoCAdaptation/exploit/result/CVE-2019-10219/6.0.3.Final/exploit/src/test/java/edu/vision/se/Testcase1.java:[17,39] cannot find symbol[0m
[92m[ErrorManager] Processing line: [ERROR]   symbol:   method getAnnotation()[0m
[92m[ErrorManager] Processing line: [ERROR]   location: variable descriptorBuilder of type org.hibernate.validator.internal.util.annotationfactory.AnnotationDescriptor<org.hibernate.validator.constraints.SafeHtml>[0m
[92m[ErrorManager] Processing line: [ERROR] /PoCAdaptation/exploit/result/CVE-2019-10219/6.0.3.Final/exploit/src/test/java/edu/vision/se/Testcase1.java:[29,26] cannot find symbol[0m
[92m[ErrorManager] Processing line: [ERROR]   symbol:   method setAttribute(java.lang.String,org.hibernate.validator.constraints.SafeHtml.WhiteListType)[0m
[92m[ErrorManager] Processing line: [ERROR]   location: variable descriptorBuilder of type org.hibernate.validator.internal.util.annotationfactory.AnnotationDescriptor<org.hibernate.validator.constraints.SafeHtml>[0m
[92m[ErrorManager] Processing line: [ERROR] /PoCAdaptation/exploit/result/CVE-2019-10219/6.0.3.Final/exploit/src/test/java/edu/vision/se/Testcase1.java:[37,26] cannot find symbol[0m
[92m[ErrorManager] Processing line: [ERROR]   symbol:   method setAttribute(java.lang.String,org.hibernate.validator.constraints.SafeHtml.WhiteListType)[0m
[92m[ErrorManager] Processing line: [ERROR]   location: variable descriptorBuilder of type org.hibernate.validator.internal.util.annotationfactory.AnnotationDescriptor<org.hibernate.validator.constraints.SafeHtml>[0m
[92m[ErrorManager] Processing line: [ERROR] /PoCAdaptation/exploit/result/CVE-2019-10219/6.0.3.Final/exploit/src/test/java/edu/vision/se/Testcase1.java:[45,26] cannot find symbol[0m
[92m[ErrorManager] Processing line: [ERROR]   symbol:   method setAttribute(java.lang.String,org.hibernate.validator.constraints.SafeHtml.WhiteListType)[0m
[92m[ErrorManager] Processing line: [ERROR]   location: variable descriptorBuilder of type org.hibernate.validator.internal.util.annotationfactory.AnnotationDescriptor<org.hibernate.validator.constraints.SafeHtml>[0m
[92m[ErrorManager] Processing line: [ERROR] /PoCAdaptation/exploit/result/CVE-2019-10219/6.0.3.Final/exploit/src/test/java/edu/vision/se/Testcase1.java:[53,26] cannot find symbol[0m
[92m[ErrorManager] Processing line: [ERROR]   symbol:   method setAttribute(java.lang.String,org.hibernate.validator.constraints.SafeHtml.WhiteListType)[0m
[92m[ErrorManager] Processing line: [ERROR]   location: variable descriptorBuilder of type org.hibernate.validator.internal.util.annotationfactory.AnnotationDescriptor<org.hibernate.validator.constraints.SafeHtml>[0m
[92m[ErrorManager] Processing line: [ERROR] /PoCAdaptation/exploit/result/CVE-2019-10219/6.0.3.Final/exploit/src/test/java/edu/vision/se/Testcase1.java:[61,26] cannot find symbol[0m
[92m[ErrorManager] Processing line: [ERROR]   symbol:   method setAttribute(java.lang.String,org.hibernate.validator.constraints.SafeHtml.WhiteListType)[0m
[92m[ErrorManager] Processing line: [ERROR]   location: variable descriptorBuilder of type org.hibernate.validator.internal.util.annotationfactory.AnnotationDescriptor<org.hibernate.validator.constraints.SafeHtml>[0m
[96m[ErrorManager] Ignoring line: [ERROR] -> [Help 1][0m
[96m[ErrorManager] Ignoring line: [ERROR][0m
[96m[ErrorManager] Ignoring line: [ERROR] To see the full stack trace of the errors, re-run Maven with the -e switch.[0m
[96m[ErrorManager] Ignoring line: [ERROR] Re-run Maven using the -X switch to enable full debug logging.[0m
[96m[ErrorManager] Ignoring line: [ERROR][0m
[96m[ErrorManager] Ignoring line: [ERROR] For more information about the errors and possible solutions, please read the following articles:[0m
[96m[ErrorManager] Ignoring line: [ERROR] [Help 1] http://cwiki.apache.org/confluence/display/MAVEN/MojoFailureException[0m
[RepairModule] Old grouped keys: {'cannot find symbol | class Builder'}
[RepairModule] New grouped keys: {'cannot find symbol | method setAttribute(java.lang.String,org.hibernate.validator.constraints.SafeHtml.WhiteListType)', 'cannot find symbol | method getAnnotation()'}
[93m[RepairModule] [Analyzer] New error:
  File     : /PoCAdaptation/exploit/result/CVE-2019-10219/6.0.3.Final/exploit/src/test/java/edu/vision/se/Testcase1.java
  Line     : 29, Column: 26
  Message  : cannot find symbol
  Symbol   : method setAttribute(java.lang.String,org.hibernate.validator.constraints.SafeHtml.WhiteListType)
  Location : variable descriptorBuilder of type org.hibernate.validator.internal.util.annotationfactory.AnnotationDescriptor<org.hibernate.validator.constraints.SafeHtml>
  Code     : descriptorBuilder.setAttribute("whitelistType", WhiteListType.BASIC);
  Position : after the fixing line (14)[0m
[93m[RepairModule] [Analyzer] New error:
  File     : /PoCAdaptation/exploit/result/CVE-2019-10219/6.0.3.Final/exploit/src/test/java/edu/vision/se/Testcase1.java
  Line     : 37, Column: 26
  Message  : cannot find symbol
  Symbol   : method setAttribute(java.lang.String,org.hibernate.validator.constraints.SafeHtml.WhiteListType)
  Location : variable descriptorBuilder of type org.hibernate.validator.internal.util.annotationfactory.AnnotationDescriptor<org.hibernate.validator.constraints.SafeHtml>
  Code     : descriptorBuilder.setAttribute( "whitelistType", WhiteListType.BASIC );
  Position : after the fixing line (14)[0m
[93m[RepairModule] [Analyzer] New error:
  File     : /PoCAdaptation/exploit/result/CVE-2019-10219/6.0.3.Final/exploit/src/test/java/edu/vision/se/Testcase1.java
  Line     : 45, Column: 26
  Message  : cannot find symbol
  Symbol   : method setAttribute(java.lang.String,org.hibernate.validator.constraints.SafeHtml.WhiteListType)
  Location : variable descriptorBuilder of type org.hibernate.validator.internal.util.annotationfactory.AnnotationDescriptor<org.hibernate.validator.constraints.SafeHtml>
  Code     : descriptorBuilder.setAttribute( "whitelistType", WhiteListType.BASIC );
  Position : after the fixing line (14)[0m
[93m[RepairModule] [Analyzer] New error:
  File     : /PoCAdaptation/exploit/result/CVE-2019-10219/6.0.3.Final/exploit/src/test/java/edu/vision/se/Testcase1.java
  Line     : 53, Column: 26
  Message  : cannot find symbol
  Symbol   : method setAttribute(java.lang.String,org.hibernate.validator.constraints.SafeHtml.WhiteListType)
  Location : variable descriptorBuilder of type org.hibernate.validator.internal.util.annotationfactory.AnnotationDescriptor<org.hibernate.validator.constraints.SafeHtml>
  Code     : descriptorBuilder.setAttribute( "whitelistType", WhiteListType.BASIC );
  Position : after the fixing line (14)[0m
[93m[RepairModule] [Analyzer] New error:
  File     : /PoCAdaptation/exploit/result/CVE-2019-10219/6.0.3.Final/exploit/src/test/java/edu/vision/se/Testcase1.java
  Line     : 61, Column: 26
  Message  : cannot find symbol
  Symbol   : method setAttribute(java.lang.String,org.hibernate.validator.constraints.SafeHtml.WhiteListType)
  Location : variable descriptorBuilder of type org.hibernate.validator.internal.util.annotationfactory.AnnotationDescriptor<org.hibernate.validator.constraints.SafeHtml>
  Code     : descriptorBuilder.setAttribute( "whitelistType", WhiteListType.BASIC );
  Position : after the fixing line (14)[0m
[93m[RepairModule] [Analyzer] New error:
  File     : /PoCAdaptation/exploit/result/CVE-2019-10219/6.0.3.Final/exploit/src/test/java/edu/vision/se/Testcase1.java
  Line     : 17, Column: 39
  Message  : cannot find symbol
  Symbol   : method getAnnotation()
  Location : variable descriptorBuilder of type org.hibernate.validator.internal.util.annotationfactory.AnnotationDescriptor<org.hibernate.validator.constraints.SafeHtml>
  Code     : SafeHtml p = descriptorBuilder.getAnnotation();
  Position : after the fixing line (14)[0m
[92m[RepairModule] Error cannot find symbol resolved after applying diff.[0m
[92m[RepairModule] Repair success with diff #7 at iteration 1![0m
[96m[Adapter] Test code repair attempted.[0m
[96m[Executor] Executing exploit for CVE-2019-10219 on version 6.0.3.Final...[0m
[96m[Verifier] Verifying reproduction...[0m
[91m[Verifier] âœ— Behavior not found: 'java.lang.AssertionError'[0m
[91m[Executor] Reproduction result: Failure[0m
[96m[ErrorManager] Ignoring line: [ERROR] Failed to execute goal org.apache.maven.plugins:maven-compiler-plugin:3.1:testCompile (default-testCompile) on project CVE-2019-10219: Compilation failure: Compilation failure:[0m
[92m[ErrorManager] Processing line: [ERROR] /PoCAdaptation/exploit/result/CVE-2019-10219/6.0.3.Final/exploit/src/test/java/edu/vision/se/Testcase1.java:[17,39] cannot find symbol[0m
[92m[ErrorManager] Processing line: [ERROR]   symbol:   method getAnnotation()[0m
[92m[ErrorManager] Processing line: [ERROR]   location: variable descriptorBuilder of type org.hibernate.validator.internal.util.annotationfactory.AnnotationDescriptor<org.hibernate.validator.constraints.SafeHtml>[0m
[92m[ErrorManager] Processing line: [ERROR] /PoCAdaptation/exploit/result/CVE-2019-10219/6.0.3.Final/exploit/src/test/java/edu/vision/se/Testcase1.java:[29,26] cannot find symbol[0m
[92m[ErrorManager] Processing line: [ERROR]   symbol:   method setAttribute(java.lang.String,org.hibernate.validator.constraints.SafeHtml.WhiteListType)[0m
[92m[ErrorManager] Processing line: [ERROR]   location: variable descriptorBuilder of type org.hibernate.validator.internal.util.annotationfactory.AnnotationDescriptor<org.hibernate.validator.constraints.SafeHtml>[0m
[92m[ErrorManager] Processing line: [ERROR] /PoCAdaptation/exploit/result/CVE-2019-10219/6.0.3.Final/exploit/src/test/java/edu/vision/se/Testcase1.java:[37,26] cannot find symbol[0m
[92m[ErrorManager] Processing line: [ERROR]   symbol:   method setAttribute(java.lang.String,org.hibernate.validator.constraints.SafeHtml.WhiteListType)[0m
[92m[ErrorManager] Processing line: [ERROR]   location: variable descriptorBuilder of type org.hibernate.validator.internal.util.annotationfactory.AnnotationDescriptor<org.hibernate.validator.constraints.SafeHtml>[0m
[92m[ErrorManager] Processing line: [ERROR] /PoCAdaptation/exploit/result/CVE-2019-10219/6.0.3.Final/exploit/src/test/java/edu/vision/se/Testcase1.java:[45,26] cannot find symbol[0m
[92m[ErrorManager] Processing line: [ERROR]   symbol:   method setAttribute(java.lang.String,org.hibernate.validator.constraints.SafeHtml.WhiteListType)[0m
[92m[ErrorManager] Processing line: [ERROR]   location: variable descriptorBuilder of type org.hibernate.validator.internal.util.annotationfactory.AnnotationDescriptor<org.hibernate.validator.constraints.SafeHtml>[0m
[92m[ErrorManager] Processing line: [ERROR] /PoCAdaptation/exploit/result/CVE-2019-10219/6.0.3.Final/exploit/src/test/java/edu/vision/se/Testcase1.java:[53,26] cannot find symbol[0m
[92m[ErrorManager] Processing line: [ERROR]   symbol:   method setAttribute(java.lang.String,org.hibernate.validator.constraints.SafeHtml.WhiteListType)[0m
[92m[ErrorManager] Processing line: [ERROR]   location: variable descriptorBuilder of type org.hibernate.validator.internal.util.annotationfactory.AnnotationDescriptor<org.hibernate.validator.constraints.SafeHtml>[0m
[92m[ErrorManager] Processing line: [ERROR] /PoCAdaptation/exploit/result/CVE-2019-10219/6.0.3.Final/exploit/src/test/java/edu/vision/se/Testcase1.java:[61,26] cannot find symbol[0m
[92m[ErrorManager] Processing line: [ERROR]   symbol:   method setAttribute(java.lang.String,org.hibernate.validator.constraints.SafeHtml.WhiteListType)[0m
[92m[ErrorManager] Processing line: [ERROR]   location: variable descriptorBuilder of type org.hibernate.validator.internal.util.annotationfactory.AnnotationDescriptor<org.hibernate.validator.constraints.SafeHtml>[0m
[96m[ErrorManager] Ignoring line: [ERROR] -> [Help 1][0m
[96m[ErrorManager] Ignoring line: [ERROR][0m
[96m[ErrorManager] Ignoring line: [ERROR] To see the full stack trace of the errors, re-run Maven with the -e switch.[0m
[96m[ErrorManager] Ignoring line: [ERROR] Re-run Maven using the -X switch to enable full debug logging.[0m
[96m[ErrorManager] Ignoring line: [ERROR][0m
[96m[ErrorManager] Ignoring line: [ERROR] For more information about the errors and possible solutions, please read the following articles:[0m
[96m[ErrorManager] Ignoring line: [ERROR] [Help 1] http://cwiki.apache.org/confluence/display/MAVEN/MojoFailureException[0m
[96m[Adapter] Locating fix position in error log.[0m
[LLMClient] Tokens used: 2593 (prompt), 1 (completion), 2594 (total)
[LLMClient] Prompt: 
You are given a Java error log when executing 'mvn test' in a project with dependency version 6.0.3.Final:org.hibernate.validator:hibernate-validator.
This test file compiles and runs successfully with version 6.0.4.Final.

Your task is to:
1. Analyze why this issue occurs with the *6.0.4.Final* but not with the *6.0.3.Final version*.
2. Consider how to resolve the issue **without updating this library**.
3. Determine and output the location in the project that should be modified to fix the problem.

Please return 'pom' if the fix is in the pom.xml file, or 'test' if the fix is in the test code.
Do not return any other text, just 'pom' or 'test'.

The error log is:
[INFO] Scanning for projects...
[INFO] 
[INFO] --------------------< edu.vision.se:CVE-2019-10219 >--------------------
[INFO] Building CVE-2019-10219 1.0-SNAPSHOT
[INFO]   from pom.xml
[INFO] --------------------------------[ jar ]---------------------------------
[INFO] 
[INFO] --- maven-clean-plugin:2.5:clean (default-clean) @ CVE-2019-10219 ---
[INFO] Deleting /PoCAdaptation/exploit/result/CVE-2019-10219/6.0.3.Final/exploit/target
[INFO] 
[INFO] --- maven-resources-plugin:2.6:resources (default-resources) @ CVE-2019-10219 ---
[INFO] Using 'UTF-8' encoding to copy filtered resources.
[INFO] skip non existing resourceDirectory /PoCAdaptation/exploit/result/CVE-2019-10219/6.0.3.Final/exploit/src/main/resources
[INFO] 
[INFO] --- maven-compiler-plugin:3.1:compile (default-compile) @ CVE-2019-10219 ---
[INFO] No sources to compile
[INFO] 
[INFO] --- maven-resources-plugin:2.6:testResources (default-testResources) @ CVE-2019-10219 ---
[INFO] Using 'UTF-8' encoding to copy filtered resources.
[INFO] skip non existing resourceDirectory /PoCAdaptation/exploit/result/CVE-2019-10219/6.0.3.Final/exploit/src/test/resources
[INFO] 
[INFO] --- maven-compiler-plugin:3.1:testCompile (default-testCompile) @ CVE-2019-10219 ---
[INFO] Changes detected - recompiling the module!
[INFO] Compiling 1 source file to /PoCAdaptation/exploit/result/CVE-2019-10219/6.0.3.Final/exploit/target/test-classes
[INFO] -------------------------------------------------------------
[ERROR] COMPILATION ERROR : 
[INFO] -------------------------------------------------------------
[ERROR] /PoCAdaptation/exploit/result/CVE-2019-10219/6.0.3.Final/exploit/src/test/java/edu/vision/se/Testcase1.java:[17,39] cannot find symbol
  symbol:   method getAnnotation()
  location: variable descriptorBuilder of type org.hibernate.validator.internal.util.annotationfactory.AnnotationDescriptor<org.hibernate.validator.constraints.SafeHtml>
[ERROR] /PoCAdaptation/exploit/result/CVE-2019-10219/6.0.3.Final/exploit/src/test/java/edu/vision/se/Testcase1.java:[29,26] cannot find symbol
  symbol:   method setAttribute(java.lang.String,org.hibernate.validator.constraints.SafeHtml.WhiteListType)
  location: variable descriptorBuilder of type org.hibernate.validator.internal.util.annotationfactory.AnnotationDescriptor<org.hibernate.validator.constraints.SafeHtml>
[ERROR] /PoCAdaptation/exploit/result/CVE-2019-10219/6.0.3.Final/exploit/src/test/java/edu/vision/se/Testcase1.java:[37,26] cannot find symbol
  symbol:   method setAttribute(java.lang.String,org.hibernate.validator.constraints.SafeHtml.WhiteListType)
  location: variable descriptorBuilder of type org.hibernate.validator.internal.util.annotationfactory.AnnotationDescriptor<org.hibernate.validator.constraints.SafeHtml>
[ERROR] /PoCAdaptation/exploit/result/CVE-2019-10219/6.0.3.Final/exploit/src/test/java/edu/vision/se/Testcase1.java:[45,26] cannot find symbol
  symbol:   method setAttribute(java.lang.String,org.hibernate.validator.constraints.SafeHtml.WhiteListType)
  location: variable descriptorBuilder of type org.hibernate.validator.internal.util.annotationfactory.AnnotationDescriptor<org.hibernate.validator.constraints.SafeHtml>
[ERROR] /PoCAdaptation/exploit/result/CVE-2019-10219/6.0.3.Final/exploit/src/test/java/edu/vision/se/Testcase1.java:[53,26] cannot find symbol
  symbol:   method setAttribute(java.lang.String,org.hibernate.validator.constraints.SafeHtml.WhiteListType)
  location: variable descriptorBuilder of type org.hibernate.validator.internal.util.annotationfactory.AnnotationDescriptor<org.hibernate.validator.constraints.SafeHtml>
[ERROR] /PoCAdaptation/exploit/result/CVE-2019-10219/6.0.3.Final/exploit/src/test/java/edu/vision/se/Testcase1.java:[61,26] cannot find symbol
  symbol:   method setAttribute(java.lang.String,org.hibernate.validator.constraints.SafeHtml.WhiteListType)
  location: variable descriptorBuilder of type org.hibernate.validator.internal.util.annotationfactory.AnnotationDescriptor<org.hibernate.validator.constraints.SafeHtml>
[INFO] 6 errors 
[INFO] -------------------------------------------------------------
[INFO] ------------------------------------------------------------------------
[INFO] BUILD FAILURE
[INFO] ------------------------------------------------------------------------
[INFO] Total time:  0.869 s
[INFO] Finished at: 2025-07-13T13:47:29Z
[INFO] ------------------------------------------------------------------------
[ERROR] Failed to execute goal org.apache.maven.plugins:maven-compiler-plugin:3.1:testCompile (default-testCompile) on project CVE-2019-10219: Compilation failure: Compilation failure: 
[ERROR] /PoCAdaptation/exploit/result/CVE-2019-10219/6.0.3.Final/exploit/src/test/java/edu/vision/se/Testcase1.java:[17,39] cannot find symbol
[ERROR]   symbol:   method getAnnotation()
[ERROR]   location: variable descriptorBuilder of type org.hibernate.validator.internal.util.annotationfactory.AnnotationDescriptor<org.hibernate.validator.constraints.SafeHtml>
[ERROR] /PoCAdaptation/exploit/result/CVE-2019-10219/6.0.3.Final/exploit/src/test/java/edu/vision/se/Testcase1.java:[29,26] cannot find symbol
[ERROR]   symbol:   method setAttribute(java.lang.String,org.hibernate.validator.constraints.SafeHtml.WhiteListType)
[ERROR]   location: variable descriptorBuilder of type org.hibernate.validator.internal.util.annotationfactory.AnnotationDescriptor<org.hibernate.validator.constraints.SafeHtml>
[ERROR] /PoCAdaptation/exploit/result/CVE-2019-10219/6.0.3.Final/exploit/src/test/java/edu/vision/se/Testcase1.java:[37,26] cannot find symbol
[ERROR]   symbol:   method setAttribute(java.lang.String,org.hibernate.validator.constraints.SafeHtml.WhiteListType)
[ERROR]   location: variable descriptorBuilder of type org.hibernate.validator.internal.util.annotationfactory.AnnotationDescriptor<org.hibernate.validator.constraints.SafeHtml>
[ERROR] /PoCAdaptation/exploit/result/CVE-2019-10219/6.0.3.Final/exploit/src/test/java/edu/vision/se/Testcase1.java:[45,26] cannot find symbol
[ERROR]   symbol:   method setAttribute(java.lang.String,org.hibernate.validator.constraints.SafeHtml.WhiteListType)
[ERROR]   location: variable descriptorBuilder of type org.hibernate.validator.internal.util.annotationfactory.AnnotationDescriptor<org.hibernate.validator.constraints.SafeHtml>
[ERROR] /PoCAdaptation/exploit/result/CVE-2019-10219/6.0.3.Final/exploit/src/test/java/edu/vision/se/Testcase1.java:[53,26] cannot find symbol
[ERROR]   symbol:   method setAttribute(java.lang.String,org.hibernate.validator.constraints.SafeHtml.WhiteListType)
[ERROR]   location: variable descriptorBuilder of type org.hibernate.validator.internal.util.annotationfactory.AnnotationDescriptor<org.hibernate.validator.constraints.SafeHtml>
[ERROR] /PoCAdaptation/exploit/result/CVE-2019-10219/6.0.3.Final/exploit/src/test/java/edu/vision/se/Testcase1.java:[61,26] cannot find symbol
[ERROR]   symbol:   method setAttribute(java.lang.String,org.hibernate.validator.constraints.SafeHtml.WhiteListType)
[ERROR]   location: variable descriptorBuilder of type org.hibernate.validator.internal.util.annotationfactory.AnnotationDescriptor<org.hibernate.validator.constraints.SafeHtml>
[ERROR] -> [Help 1]
[ERROR] 
[ERROR] To see the full stack trace of the errors, re-run Maven with the -e switch.
[ERROR] Re-run Maven using the -X switch to enable full debug logging.
[ERROR] 
[ERROR] For more information about the errors and possible solutions, please read the following articles:
[ERROR] [Help 1] http://cwiki.apache.org/confluence/display/MAVEN/MojoFailureException


current_pom file is:<?xml version='1.0' encoding='utf-8'?>
<project xmlns="http://maven.apache.org/POM/4.0.0" xmlns:xsi="http://www.w3.org/2001/XMLSchema-instance" xsi:schemaLocation="http://maven.apache.org/POM/4.0.0 http://maven.apache.org/xsd/maven-4.0.0.xsd">
    <groupId>edu.vision.se</groupId><version>1.0-SNAPSHOT</version><modelVersion>4.0.0</modelVersion>
    <artifactId>CVE-2019-10219</artifactId>

    <properties>
        <maven.compiler.source>11</maven.compiler.source>
        <maven.compiler.target>11</maven.compiler.target>
        <project.build.sourceEncoding>UTF-8</project.build.sourceEncoding>
    </properties>

    <dependencies>
        
        <dependency>
            <groupId>org.hibernate.validator</groupId>
            <artifactId>hibernate-validator</artifactId>
            <version>6.0.3.Final</version>
        </dependency>

        
        <dependency>
            <groupId>org.jsoup</groupId>
            <artifactId>jsoup</artifactId>
            <version>1.8.3</version>
        </dependency>

    <dependency><groupId>junit</groupId><artifactId>junit</artifactId><version>4.13.2</version></dependency>
    </dependencies>

</project>
[LLMClient] Response: 
test
[96m[Adapter] LLM response for fix position: test[0m
[LLMClient] Tokens used: 162 (prompt), 25 (completion), 187 (total)
[LLMClient] Prompt: 
You are given an error log when executing 'mvn test' in version 6.0.3.Final: 

Error: cannot find symbol, method getAnnotation(), variable descriptorBuilder of type org.hibernate.validator.internal.util.annotationfactory.AnnotationDescriptor<org.hibernate.validator.constraints.SafeHtml> 

The test executes as expected in 6.0.4.Final 

Error code:         SafeHtml p = descriptorBuilder.getAnnotation(); 

Extract two key *entities* from the error for searching related diffs 

The extracted entities should reflect code-level identifiers that are likely to appear in source code or diffs. 

Output each node as a `;`-separated list, with no explanations. 


[LLMClient] Response: 
`org.hibernate.validator.internal.util.annotationfactory.AnnotationDescriptor;org.hibernate.validator.constraints.SafeHtml`
[96m[ErrorManager] Extracted key entities: ['`org.hibernate.validator.internal.util.annotationfactory.AnnotationDescriptor', 'org.hibernate.validator.constraints.SafeHtml`'][0m
[96m[Adapter] Try to solve error: {'file': '/PoCAdaptation/exploit/result/CVE-2019-10219/6.0.3.Final/exploit/src/test/java/edu/vision/se/Testcase1.java', 'line': 17, 'column': 39, 'message': 'cannot find symbol', 'symbol': 'method getAnnotation()', 'location': 'variable descriptorBuilder of type org.hibernate.validator.internal.util.annotationfactory.AnnotationDescriptor<org.hibernate.validator.constraints.SafeHtml>', 'code_line': '        SafeHtml p = descriptorBuilder.getAnnotation();'} with cause: ['`org.hibernate.validator.internal.util.annotationfactory.AnnotationDescriptor', 'org.hibernate.validator.constraints.SafeHtml`'][0m
[LLMClient] Tokens used: 204 (prompt), 23 (completion), 227 (total)
[LLMClient] Prompt: 
You are given an error log when executing 'mvn test' in version 6.0.3.Final: 

Error: cannot find symbol, method getAnnotation(), variable descriptorBuilder of type org.hibernate.validator.internal.util.annotationfactory.AnnotationDescriptor<org.hibernate.validator.constraints.SafeHtml> 

The test executes as expected in 6.0.4.Final 

Error code:         SafeHtml p = descriptorBuilder.getAnnotation(); 

Extract two key *entities* from the error for searching related diffs 

The extracted entities should reflect code-level identifiers that are likely to appear in source code or diffs. 

Current cause: ['`org.hibernate.validator.internal.util.annotationfactory.AnnotationDescriptor', 'org.hibernate.validator.constraints.SafeHtml`'] 

 failed to catch, try simpler or other entities.

Output each node as a `;`-separated list, with no explanations. 


[LLMClient] Response: 
org.hibernate.validator.internal.util.annotationfactory.AnnotationDescriptor;org.hibernate.validator.constraints.SafeHtml
[96m[ErrorManager] Extracted key entities: ['org.hibernate.validator.internal.util.annotationfactory.AnnotationDescriptor', 'org.hibernate.validator.constraints.SafeHtml'][0m
[96m[Adapter] Related diffs for error: [(3, 1.0), (4, 1.0), (5, 1.0), (7, 1.0), (8, 1.0)][0m
[96m[Adapter] Fix position is in test code.[0m
[96m[RepairModule] Start repair for group: cannot find symbol | method getAnnotation() cause: ['org.hibernate.validator.internal.util.annotationfactory.AnnotationDescriptor', 'org.hibernate.validator.constraints.SafeHtml'][0m
[96m[RepairModule] Trying best diff #3 with score 1.00[0m
[96m[RepairModule] Found 10 diff combinations for annealing.[0m
[96m[RepairModule] Iteration 1, temperature 1.000: Trying diff #7 with score 1.00[0m
[LLMClient] Tokens used: 988 (prompt), 659 (completion), 1647 (total)
[LLMClient] Prompt: 
You are given a Java test file with compilation errors in version 6.0.3.Final:org.hibernate.validator:hibernate-validator.
This test file compiles and runs successfully in 6.0.4.Final.

The diff is related to the diff.
Your task has three steps:
 1. Locate the code where the compilation error occurs.
 2. Analyze the diff from 6.0.4.Final to 6.0.3.Final.
 3. Fix the error in the error position only when diff is helpful. Add import statement when needed according to the diff. 

Only output the modified version of the test file according to the diff. No explanations. If mocking, access fields via reflection if they exist.
### Compilation Errors:
message: cannot find symbol, symble: method getAnnotation(), location: variable descriptorBuilder of type org.hibernate.validator.internal.util.annotationfactory.AnnotationDescriptor<org.hibernate.validator.constraints.SafeHtml>

### Error Position:
        SafeHtml p = descriptorBuilder.getAnnotation();

### Related Diff:
Operation: MODIFIED, File: distribution/pom.xml, Hunk: @@ -10,7 +10,7 @@
     <parent>
         <groupId>org.hibernate.validator</groupId>
         <artifactId>hibernate-validator-parent</artifactId>
+        <version>6.0.3.Final</version>
-        <version>6.0.4.Final</version>
         <relativePath>../pom.xml</relativePath>
     </parent>

### Test File Content:
package edu.vision.se;

import org.hibernate.validator.constraints.SafeHtml;
import org.hibernate.validator.constraints.SafeHtml.WhiteListType;
import org.hibernate.validator.internal.constraintvalidators.hv.SafeHtmlValidator;
import org.junit.Test;
import org.hibernate.validator.internal.util.annotationfactory.AnnotationDescriptor;
import static org.junit.Assert.assertFalse;
import org.jsoup.safety.Whitelist;  // è§£å†³ 10ClassNotFound é—®é¢˜


public class Testcase1 {

    private AnnotationDescriptor<SafeHtml> descriptorBuilder;

    private SafeHtmlValidator getSafeHtmlValidator() {
        SafeHtml p = descriptorBuilder.getAnnotation();
        SafeHtmlValidator validator = new SafeHtmlValidator();
        validator.initialize( p );
        return validator;
    }

    @Test
    // A "downlevel revealed" conditional 'comment' is not an (X)HTML comment at all,
    // despite the misleading name, it is default Microsoft syntax.
    // The tag is unrecognized by therefore executed
    public void testDownlevelRevealedConditionalComment() throws Exception {
        descriptorBuilder = new AnnotationDescriptor<>( SafeHtml.class );
        descriptorBuilder.setAttribute("whitelistType", WhiteListType.BASIC);

        assertFalse( getSafeHtmlValidator().isValid( "<![if !IE]>\n<SCRIPT>alert{'XSS'};</SCRIPT>\n<![endif]>", null ) );
    }

    @Test
    public void testDownlevelHiddenConditionalComment() throws Exception {
        descriptorBuilder = new AnnotationDescriptor<>( SafeHtml.class );
        descriptorBuilder.setAttribute( "whitelistType", WhiteListType.BASIC );

        assertFalse( getSafeHtmlValidator().isValid( "<!--[if gte IE 4]>\n<SCRIPT>alert{'XSS'};</SCRIPT>\n<![endif]-->", null ) );
    }

    @Test
    public void testSimpleComment() throws Exception {
        descriptorBuilder = new AnnotationDescriptor<>( SafeHtml.class );
        descriptorBuilder.setAttribute( "whitelistType", WhiteListType.BASIC );

        assertFalse( getSafeHtmlValidator().isValid( "<!-- Just a comment -->", null ) );
    }

    @Test
    public void testServerSideIncludesSSI() throws Exception {
        descriptorBuilder = new AnnotationDescriptor<>( SafeHtml.class );
        descriptorBuilder.setAttribute( "whitelistType", WhiteListType.BASIC );

        assertFalse( getSafeHtmlValidator().isValid( "<? echo{'<SCR}'; echo{'IPT>alert{\"XSS\"}</SCRIPT>'}; ?>", null ) );
    }

    @Test
    public void testPHPScript() throws Exception {
        descriptorBuilder = new AnnotationDescriptor<>( SafeHtml.class );
        descriptorBuilder.setAttribute( "whitelistType", WhiteListType.BASIC );

        assertFalse( getSafeHtmlValidator().isValid( "<? echo{'<SCR}'; echo{'IPT>alert{\"XSS\"}</SCRIPT>'}; ?>", null ) );
    }
}



[LLMClient] Response: 
Here's the modified test file with the fix:

```java
package edu.vision.se;

import org.hibernate.validator.constraints.SafeHtml;
import org.hibernate.validator.constraints.SafeHtml.WhiteListType;
import org.hibernate.validator.internal.constraintvalidators.hv.SafeHtmlValidator;
import org.junit.Test;
import org.hibernate.validator.internal.util.annotationfactory.AnnotationDescriptor;
import static org.junit.Assert.assertFalse;
import org.jsoup.safety.Whitelist;  // è§£å†³ 10ClassNotFound é—®é¢˜


public class Testcase1 {

    private AnnotationDescriptor<SafeHtml> descriptorBuilder;

    private SafeHtmlValidator getSafeHtmlValidator() {
        SafeHtml p = descriptorBuilder.annotation();
        SafeHtmlValidator validator = new SafeHtmlValidator();
        validator.initialize( p );
        return validator;
    }

    @Test
    // A "downlevel revealed" conditional 'comment' is not an (X)HTML comment at all,
    // despite the misleading name, it is default Microsoft syntax.
    // The tag is unrecognized by therefore executed
    public void testDownlevelRevealedConditionalComment() throws Exception {
        descriptorBuilder = new AnnotationDescriptor<>( SafeHtml.class );
        descriptorBuilder.setAttribute("whitelistType", WhiteListType.BASIC);

        assertFalse( getSafeHtmlValidator().isValid( "<![if !IE]>\n<SCRIPT>alert{'XSS'};</SCRIPT>\n<![endif]>", null ) );
    }

    @Test
    public void testDownlevelHiddenConditionalComment() throws Exception {
        descriptorBuilder = new AnnotationDescriptor<>( SafeHtml.class );
        descriptorBuilder.setAttribute( "whitelistType", WhiteListType.BASIC );

        assertFalse( getSafeHtmlValidator().isValid( "<!--[if gte IE 4]>\n<SCRIPT>alert{'XSS'};</SCRIPT>\n<![endif]-->", null ) );
    }

    @Test
    public void testSimpleComment() throws Exception {
        descriptorBuilder = new AnnotationDescriptor<>( SafeHtml.class );
        descriptorBuilder.setAttribute( "whitelistType", WhiteListType.BASIC );

        assertFalse( getSafeHtmlValidator().isValid( "<!-- Just a comment -->", null ) );
    }

    @Test
    public void testServerSideIncludesSSI() throws Exception {
        descriptorBuilder = new AnnotationDescriptor<>( SafeHtml.class );
        descriptorBuilder.setAttribute( "whitelistType", WhiteListType.BASIC );

        assertFalse( getSafeHtmlValidator().isValid( "<? echo{'<SCR}'; echo{'IPT>alert{\"XSS\"}</SCRIPT>'}; ?>", null ) );
    }

    @Test
    public void testPHPScript() throws Exception {
        descriptorBuilder = new AnnotationDescriptor<>( SafeHtml.class );
        descriptorBuilder.setAttribute( "whitelistType", WhiteListType.BASIC );

        assertFalse( getSafeHtmlValidator().isValid( "<? echo{'<SCR}'; echo{'IPT>alert{\"XSS\"}</SCRIPT>'}; ?>", null ) );
    }
}
```
[96m[RepairModule] Wrote modified code to /PoCAdaptation/exploit/result/CVE-2019-10219/6.0.3.Final/exploit/src/test/java/edu/vision/se/Testcase1.java[0m
[96m[Executor] Executing exploit for CVE-2019-10219 on version 6.0.3.Final...[0m
[96m[Verifier] Verifying reproduction...[0m
[91m[Verifier] âœ— Behavior not found: 'java.lang.AssertionError'[0m
[91m[Executor] Reproduction result: Failure[0m
[96m[ErrorManager] Ignoring line: [ERROR] Failed to execute goal org.apache.maven.plugins:maven-compiler-plugin:3.1:testCompile (default-testCompile) on project CVE-2019-10219: Compilation failure: Compilation failure:[0m
[92m[ErrorManager] Processing line: [ERROR] /PoCAdaptation/exploit/result/CVE-2019-10219/6.0.3.Final/exploit/src/test/java/edu/vision/se/Testcase1.java:[17,39] cannot find symbol[0m
[92m[ErrorManager] Processing line: [ERROR]   symbol:   method annotation()[0m
[92m[ErrorManager] Processing line: [ERROR]   location: variable descriptorBuilder of type org.hibernate.validator.internal.util.annotationfactory.AnnotationDescriptor<org.hibernate.validator.constraints.SafeHtml>[0m
[92m[ErrorManager] Processing line: [ERROR] /PoCAdaptation/exploit/result/CVE-2019-10219/6.0.3.Final/exploit/src/test/java/edu/vision/se/Testcase1.java:[29,26] cannot find symbol[0m
[92m[ErrorManager] Processing line: [ERROR]   symbol:   method setAttribute(java.lang.String,org.hibernate.validator.constraints.SafeHtml.WhiteListType)[0m
[92m[ErrorManager] Processing line: [ERROR]   location: variable descriptorBuilder of type org.hibernate.validator.internal.util.annotationfactory.AnnotationDescriptor<org.hibernate.validator.constraints.SafeHtml>[0m
[92m[ErrorManager] Processing line: [ERROR] /PoCAdaptation/exploit/result/CVE-2019-10219/6.0.3.Final/exploit/src/test/java/edu/vision/se/Testcase1.java:[37,26] cannot find symbol[0m
[92m[ErrorManager] Processing line: [ERROR]   symbol:   method setAttribute(java.lang.String,org.hibernate.validator.constraints.SafeHtml.WhiteListType)[0m
[92m[ErrorManager] Processing line: [ERROR]   location: variable descriptorBuilder of type org.hibernate.validator.internal.util.annotationfactory.AnnotationDescriptor<org.hibernate.validator.constraints.SafeHtml>[0m
[92m[ErrorManager] Processing line: [ERROR] /PoCAdaptation/exploit/result/CVE-2019-10219/6.0.3.Final/exploit/src/test/java/edu/vision/se/Testcase1.java:[45,26] cannot find symbol[0m
[92m[ErrorManager] Processing line: [ERROR]   symbol:   method setAttribute(java.lang.String,org.hibernate.validator.constraints.SafeHtml.WhiteListType)[0m
[92m[ErrorManager] Processing line: [ERROR]   location: variable descriptorBuilder of type org.hibernate.validator.internal.util.annotationfactory.AnnotationDescriptor<org.hibernate.validator.constraints.SafeHtml>[0m
[92m[ErrorManager] Processing line: [ERROR] /PoCAdaptation/exploit/result/CVE-2019-10219/6.0.3.Final/exploit/src/test/java/edu/vision/se/Testcase1.java:[53,26] cannot find symbol[0m
[92m[ErrorManager] Processing line: [ERROR]   symbol:   method setAttribute(java.lang.String,org.hibernate.validator.constraints.SafeHtml.WhiteListType)[0m
[92m[ErrorManager] Processing line: [ERROR]   location: variable descriptorBuilder of type org.hibernate.validator.internal.util.annotationfactory.AnnotationDescriptor<org.hibernate.validator.constraints.SafeHtml>[0m
[92m[ErrorManager] Processing line: [ERROR] /PoCAdaptation/exploit/result/CVE-2019-10219/6.0.3.Final/exploit/src/test/java/edu/vision/se/Testcase1.java:[61,26] cannot find symbol[0m
[92m[ErrorManager] Processing line: [ERROR]   symbol:   method setAttribute(java.lang.String,org.hibernate.validator.constraints.SafeHtml.WhiteListType)[0m
[92m[ErrorManager] Processing line: [ERROR]   location: variable descriptorBuilder of type org.hibernate.validator.internal.util.annotationfactory.AnnotationDescriptor<org.hibernate.validator.constraints.SafeHtml>[0m
[96m[ErrorManager] Ignoring line: [ERROR] -> [Help 1][0m
[96m[ErrorManager] Ignoring line: [ERROR][0m
[96m[ErrorManager] Ignoring line: [ERROR] To see the full stack trace of the errors, re-run Maven with the -e switch.[0m
[96m[ErrorManager] Ignoring line: [ERROR] Re-run Maven using the -X switch to enable full debug logging.[0m
[96m[ErrorManager] Ignoring line: [ERROR][0m
[96m[ErrorManager] Ignoring line: [ERROR] For more information about the errors and possible solutions, please read the following articles:[0m
[96m[ErrorManager] Ignoring line: [ERROR] [Help 1] http://cwiki.apache.org/confluence/display/MAVEN/MojoFailureException[0m
[RepairModule] Old grouped keys: {'cannot find symbol | method setAttribute(java.lang.String,org.hibernate.validator.constraints.SafeHtml.WhiteListType)', 'cannot find symbol | method getAnnotation()'}
[RepairModule] New grouped keys: {'cannot find symbol | method setAttribute(java.lang.String,org.hibernate.validator.constraints.SafeHtml.WhiteListType)', 'cannot find symbol | method annotation()'}
[93m[RepairModule] [Analyzer] New error:
  File     : /PoCAdaptation/exploit/result/CVE-2019-10219/6.0.3.Final/exploit/src/test/java/edu/vision/se/Testcase1.java
  Line     : 17, Column: 39
  Message  : cannot find symbol
  Symbol   : method annotation()
  Location : variable descriptorBuilder of type org.hibernate.validator.internal.util.annotationfactory.AnnotationDescriptor<org.hibernate.validator.constraints.SafeHtml>
  Code     : SafeHtml p = descriptorBuilder.annotation();
  Position : same the fixing line (17)[0m
[92m[RepairModule] Error cannot find symbol resolved after applying diff.[0m
[92m[RepairModule] Repair success with diff #7 at iteration 1![0m
[96m[Adapter] Test code repair attempted.[0m
[96m[Executor] Executing exploit for CVE-2019-10219 on version 6.0.3.Final...[0m
[96m[Verifier] Verifying reproduction...[0m
[91m[Verifier] âœ— Behavior not found: 'java.lang.AssertionError'[0m
[91m[Executor] Reproduction result: Failure[0m
[96m[ErrorManager] Ignoring line: [ERROR] Failed to execute goal org.apache.maven.plugins:maven-compiler-plugin:3.1:testCompile (default-testCompile) on project CVE-2019-10219: Compilation failure: Compilation failure:[0m
[92m[ErrorManager] Processing line: [ERROR] /PoCAdaptation/exploit/result/CVE-2019-10219/6.0.3.Final/exploit/src/test/java/edu/vision/se/Testcase1.java:[17,39] cannot find symbol[0m
[92m[ErrorManager] Processing line: [ERROR]   symbol:   method annotation()[0m
[92m[ErrorManager] Processing line: [ERROR]   location: variable descriptorBuilder of type org.hibernate.validator.internal.util.annotationfactory.AnnotationDescriptor<org.hibernate.validator.constraints.SafeHtml>[0m
[92m[ErrorManager] Processing line: [ERROR] /PoCAdaptation/exploit/result/CVE-2019-10219/6.0.3.Final/exploit/src/test/java/edu/vision/se/Testcase1.java:[29,26] cannot find symbol[0m
[92m[ErrorManager] Processing line: [ERROR]   symbol:   method setAttribute(java.lang.String,org.hibernate.validator.constraints.SafeHtml.WhiteListType)[0m
[92m[ErrorManager] Processing line: [ERROR]   location: variable descriptorBuilder of type org.hibernate.validator.internal.util.annotationfactory.AnnotationDescriptor<org.hibernate.validator.constraints.SafeHtml>[0m
[92m[ErrorManager] Processing line: [ERROR] /PoCAdaptation/exploit/result/CVE-2019-10219/6.0.3.Final/exploit/src/test/java/edu/vision/se/Testcase1.java:[37,26] cannot find symbol[0m
[92m[ErrorManager] Processing line: [ERROR]   symbol:   method setAttribute(java.lang.String,org.hibernate.validator.constraints.SafeHtml.WhiteListType)[0m
[92m[ErrorManager] Processing line: [ERROR]   location: variable descriptorBuilder of type org.hibernate.validator.internal.util.annotationfactory.AnnotationDescriptor<org.hibernate.validator.constraints.SafeHtml>[0m
[92m[ErrorManager] Processing line: [ERROR] /PoCAdaptation/exploit/result/CVE-2019-10219/6.0.3.Final/exploit/src/test/java/edu/vision/se/Testcase1.java:[45,26] cannot find symbol[0m
[92m[ErrorManager] Processing line: [ERROR]   symbol:   method setAttribute(java.lang.String,org.hibernate.validator.constraints.SafeHtml.WhiteListType)[0m
[92m[ErrorManager] Processing line: [ERROR]   location: variable descriptorBuilder of type org.hibernate.validator.internal.util.annotationfactory.AnnotationDescriptor<org.hibernate.validator.constraints.SafeHtml>[0m
[92m[ErrorManager] Processing line: [ERROR] /PoCAdaptation/exploit/result/CVE-2019-10219/6.0.3.Final/exploit/src/test/java/edu/vision/se/Testcase1.java:[53,26] cannot find symbol[0m
[92m[ErrorManager] Processing line: [ERROR]   symbol:   method setAttribute(java.lang.String,org.hibernate.validator.constraints.SafeHtml.WhiteListType)[0m
[92m[ErrorManager] Processing line: [ERROR]   location: variable descriptorBuilder of type org.hibernate.validator.internal.util.annotationfactory.AnnotationDescriptor<org.hibernate.validator.constraints.SafeHtml>[0m
[92m[ErrorManager] Processing line: [ERROR] /PoCAdaptation/exploit/result/CVE-2019-10219/6.0.3.Final/exploit/src/test/java/edu/vision/se/Testcase1.java:[61,26] cannot find symbol[0m
[92m[ErrorManager] Processing line: [ERROR]   symbol:   method setAttribute(java.lang.String,org.hibernate.validator.constraints.SafeHtml.WhiteListType)[0m
[92m[ErrorManager] Processing line: [ERROR]   location: variable descriptorBuilder of type org.hibernate.validator.internal.util.annotationfactory.AnnotationDescriptor<org.hibernate.validator.constraints.SafeHtml>[0m
[96m[ErrorManager] Ignoring line: [ERROR] -> [Help 1][0m
[96m[ErrorManager] Ignoring line: [ERROR][0m
[96m[ErrorManager] Ignoring line: [ERROR] To see the full stack trace of the errors, re-run Maven with the -e switch.[0m
[96m[ErrorManager] Ignoring line: [ERROR] Re-run Maven using the -X switch to enable full debug logging.[0m
[96m[ErrorManager] Ignoring line: [ERROR][0m
[96m[ErrorManager] Ignoring line: [ERROR] For more information about the errors and possible solutions, please read the following articles:[0m
[96m[ErrorManager] Ignoring line: [ERROR] [Help 1] http://cwiki.apache.org/confluence/display/MAVEN/MojoFailureException[0m
[96m[Adapter] Locating fix position in error log.[0m
[LLMClient] Tokens used: 2591 (prompt), 1 (completion), 2592 (total)
[LLMClient] Prompt: 
You are given a Java error log when executing 'mvn test' in a project with dependency version 6.0.3.Final:org.hibernate.validator:hibernate-validator.
This test file compiles and runs successfully with version 6.0.4.Final.

Your task is to:
1. Analyze why this issue occurs with the *6.0.4.Final* but not with the *6.0.3.Final version*.
2. Consider how to resolve the issue **without updating this library**.
3. Determine and output the location in the project that should be modified to fix the problem.

Please return 'pom' if the fix is in the pom.xml file, or 'test' if the fix is in the test code.
Do not return any other text, just 'pom' or 'test'.

The error log is:
[INFO] Scanning for projects...
[INFO] 
[INFO] --------------------< edu.vision.se:CVE-2019-10219 >--------------------
[INFO] Building CVE-2019-10219 1.0-SNAPSHOT
[INFO]   from pom.xml
[INFO] --------------------------------[ jar ]---------------------------------
[INFO] 
[INFO] --- maven-clean-plugin:2.5:clean (default-clean) @ CVE-2019-10219 ---
[INFO] Deleting /PoCAdaptation/exploit/result/CVE-2019-10219/6.0.3.Final/exploit/target
[INFO] 
[INFO] --- maven-resources-plugin:2.6:resources (default-resources) @ CVE-2019-10219 ---
[INFO] Using 'UTF-8' encoding to copy filtered resources.
[INFO] skip non existing resourceDirectory /PoCAdaptation/exploit/result/CVE-2019-10219/6.0.3.Final/exploit/src/main/resources
[INFO] 
[INFO] --- maven-compiler-plugin:3.1:compile (default-compile) @ CVE-2019-10219 ---
[INFO] No sources to compile
[INFO] 
[INFO] --- maven-resources-plugin:2.6:testResources (default-testResources) @ CVE-2019-10219 ---
[INFO] Using 'UTF-8' encoding to copy filtered resources.
[INFO] skip non existing resourceDirectory /PoCAdaptation/exploit/result/CVE-2019-10219/6.0.3.Final/exploit/src/test/resources
[INFO] 
[INFO] --- maven-compiler-plugin:3.1:testCompile (default-testCompile) @ CVE-2019-10219 ---
[INFO] Changes detected - recompiling the module!
[INFO] Compiling 1 source file to /PoCAdaptation/exploit/result/CVE-2019-10219/6.0.3.Final/exploit/target/test-classes
[INFO] -------------------------------------------------------------
[ERROR] COMPILATION ERROR : 
[INFO] -------------------------------------------------------------
[ERROR] /PoCAdaptation/exploit/result/CVE-2019-10219/6.0.3.Final/exploit/src/test/java/edu/vision/se/Testcase1.java:[17,39] cannot find symbol
  symbol:   method annotation()
  location: variable descriptorBuilder of type org.hibernate.validator.internal.util.annotationfactory.AnnotationDescriptor<org.hibernate.validator.constraints.SafeHtml>
[ERROR] /PoCAdaptation/exploit/result/CVE-2019-10219/6.0.3.Final/exploit/src/test/java/edu/vision/se/Testcase1.java:[29,26] cannot find symbol
  symbol:   method setAttribute(java.lang.String,org.hibernate.validator.constraints.SafeHtml.WhiteListType)
  location: variable descriptorBuilder of type org.hibernate.validator.internal.util.annotationfactory.AnnotationDescriptor<org.hibernate.validator.constraints.SafeHtml>
[ERROR] /PoCAdaptation/exploit/result/CVE-2019-10219/6.0.3.Final/exploit/src/test/java/edu/vision/se/Testcase1.java:[37,26] cannot find symbol
  symbol:   method setAttribute(java.lang.String,org.hibernate.validator.constraints.SafeHtml.WhiteListType)
  location: variable descriptorBuilder of type org.hibernate.validator.internal.util.annotationfactory.AnnotationDescriptor<org.hibernate.validator.constraints.SafeHtml>
[ERROR] /PoCAdaptation/exploit/result/CVE-2019-10219/6.0.3.Final/exploit/src/test/java/edu/vision/se/Testcase1.java:[45,26] cannot find symbol
  symbol:   method setAttribute(java.lang.String,org.hibernate.validator.constraints.SafeHtml.WhiteListType)
  location: variable descriptorBuilder of type org.hibernate.validator.internal.util.annotationfactory.AnnotationDescriptor<org.hibernate.validator.constraints.SafeHtml>
[ERROR] /PoCAdaptation/exploit/result/CVE-2019-10219/6.0.3.Final/exploit/src/test/java/edu/vision/se/Testcase1.java:[53,26] cannot find symbol
  symbol:   method setAttribute(java.lang.String,org.hibernate.validator.constraints.SafeHtml.WhiteListType)
  location: variable descriptorBuilder of type org.hibernate.validator.internal.util.annotationfactory.AnnotationDescriptor<org.hibernate.validator.constraints.SafeHtml>
[ERROR] /PoCAdaptation/exploit/result/CVE-2019-10219/6.0.3.Final/exploit/src/test/java/edu/vision/se/Testcase1.java:[61,26] cannot find symbol
  symbol:   method setAttribute(java.lang.String,org.hibernate.validator.constraints.SafeHtml.WhiteListType)
  location: variable descriptorBuilder of type org.hibernate.validator.internal.util.annotationfactory.AnnotationDescriptor<org.hibernate.validator.constraints.SafeHtml>
[INFO] 6 errors 
[INFO] -------------------------------------------------------------
[INFO] ------------------------------------------------------------------------
[INFO] BUILD FAILURE
[INFO] ------------------------------------------------------------------------
[INFO] Total time:  0.900 s
[INFO] Finished at: 2025-07-13T13:48:16Z
[INFO] ------------------------------------------------------------------------
[ERROR] Failed to execute goal org.apache.maven.plugins:maven-compiler-plugin:3.1:testCompile (default-testCompile) on project CVE-2019-10219: Compilation failure: Compilation failure: 
[ERROR] /PoCAdaptation/exploit/result/CVE-2019-10219/6.0.3.Final/exploit/src/test/java/edu/vision/se/Testcase1.java:[17,39] cannot find symbol
[ERROR]   symbol:   method annotation()
[ERROR]   location: variable descriptorBuilder of type org.hibernate.validator.internal.util.annotationfactory.AnnotationDescriptor<org.hibernate.validator.constraints.SafeHtml>
[ERROR] /PoCAdaptation/exploit/result/CVE-2019-10219/6.0.3.Final/exploit/src/test/java/edu/vision/se/Testcase1.java:[29,26] cannot find symbol
[ERROR]   symbol:   method setAttribute(java.lang.String,org.hibernate.validator.constraints.SafeHtml.WhiteListType)
[ERROR]   location: variable descriptorBuilder of type org.hibernate.validator.internal.util.annotationfactory.AnnotationDescriptor<org.hibernate.validator.constraints.SafeHtml>
[ERROR] /PoCAdaptation/exploit/result/CVE-2019-10219/6.0.3.Final/exploit/src/test/java/edu/vision/se/Testcase1.java:[37,26] cannot find symbol
[ERROR]   symbol:   method setAttribute(java.lang.String,org.hibernate.validator.constraints.SafeHtml.WhiteListType)
[ERROR]   location: variable descriptorBuilder of type org.hibernate.validator.internal.util.annotationfactory.AnnotationDescriptor<org.hibernate.validator.constraints.SafeHtml>
[ERROR] /PoCAdaptation/exploit/result/CVE-2019-10219/6.0.3.Final/exploit/src/test/java/edu/vision/se/Testcase1.java:[45,26] cannot find symbol
[ERROR]   symbol:   method setAttribute(java.lang.String,org.hibernate.validator.constraints.SafeHtml.WhiteListType)
[ERROR]   location: variable descriptorBuilder of type org.hibernate.validator.internal.util.annotationfactory.AnnotationDescriptor<org.hibernate.validator.constraints.SafeHtml>
[ERROR] /PoCAdaptation/exploit/result/CVE-2019-10219/6.0.3.Final/exploit/src/test/java/edu/vision/se/Testcase1.java:[53,26] cannot find symbol
[ERROR]   symbol:   method setAttribute(java.lang.String,org.hibernate.validator.constraints.SafeHtml.WhiteListType)
[ERROR]   location: variable descriptorBuilder of type org.hibernate.validator.internal.util.annotationfactory.AnnotationDescriptor<org.hibernate.validator.constraints.SafeHtml>
[ERROR] /PoCAdaptation/exploit/result/CVE-2019-10219/6.0.3.Final/exploit/src/test/java/edu/vision/se/Testcase1.java:[61,26] cannot find symbol
[ERROR]   symbol:   method setAttribute(java.lang.String,org.hibernate.validator.constraints.SafeHtml.WhiteListType)
[ERROR]   location: variable descriptorBuilder of type org.hibernate.validator.internal.util.annotationfactory.AnnotationDescriptor<org.hibernate.validator.constraints.SafeHtml>
[ERROR] -> [Help 1]
[ERROR] 
[ERROR] To see the full stack trace of the errors, re-run Maven with the -e switch.
[ERROR] Re-run Maven using the -X switch to enable full debug logging.
[ERROR] 
[ERROR] For more information about the errors and possible solutions, please read the following articles:
[ERROR] [Help 1] http://cwiki.apache.org/confluence/display/MAVEN/MojoFailureException


current_pom file is:<?xml version='1.0' encoding='utf-8'?>
<project xmlns="http://maven.apache.org/POM/4.0.0" xmlns:xsi="http://www.w3.org/2001/XMLSchema-instance" xsi:schemaLocation="http://maven.apache.org/POM/4.0.0 http://maven.apache.org/xsd/maven-4.0.0.xsd">
    <groupId>edu.vision.se</groupId><version>1.0-SNAPSHOT</version><modelVersion>4.0.0</modelVersion>
    <artifactId>CVE-2019-10219</artifactId>

    <properties>
        <maven.compiler.source>11</maven.compiler.source>
        <maven.compiler.target>11</maven.compiler.target>
        <project.build.sourceEncoding>UTF-8</project.build.sourceEncoding>
    </properties>

    <dependencies>
        
        <dependency>
            <groupId>org.hibernate.validator</groupId>
            <artifactId>hibernate-validator</artifactId>
            <version>6.0.3.Final</version>
        </dependency>

        
        <dependency>
            <groupId>org.jsoup</groupId>
            <artifactId>jsoup</artifactId>
            <version>1.8.3</version>
        </dependency>

    <dependency><groupId>junit</groupId><artifactId>junit</artifactId><version>4.13.2</version></dependency>
    </dependencies>

</project>
[LLMClient] Response: 
test
[96m[Adapter] LLM response for fix position: test[0m
[LLMClient] Tokens used: 160 (prompt), 19 (completion), 179 (total)
[LLMClient] Prompt: 
You are given an error log when executing 'mvn test' in version 6.0.3.Final: 

Error: cannot find symbol, method annotation(), variable descriptorBuilder of type org.hibernate.validator.internal.util.annotationfactory.AnnotationDescriptor<org.hibernate.validator.constraints.SafeHtml> 

The test executes as expected in 6.0.4.Final 

Error code:         SafeHtml p = descriptorBuilder.annotation(); 

Extract two key *entities* from the error for searching related diffs 

The extracted entities should reflect code-level identifiers that are likely to appear in source code or diffs. 

Output each node as a `;`-separated list, with no explanations. 


[LLMClient] Response: 
`org.hibernate.validator.constraints.SafeHtml`;`descriptorBuilder.annotation()`
[96m[ErrorManager] Extracted key entities: ['`org.hibernate.validator.constraints.SafeHtml`', '`descriptorBuilder.annotation()`'][0m
[96m[Adapter] Try to solve error: {'file': '/PoCAdaptation/exploit/result/CVE-2019-10219/6.0.3.Final/exploit/src/test/java/edu/vision/se/Testcase1.java', 'line': 17, 'column': 39, 'message': 'cannot find symbol', 'symbol': 'method annotation()', 'location': 'variable descriptorBuilder of type org.hibernate.validator.internal.util.annotationfactory.AnnotationDescriptor<org.hibernate.validator.constraints.SafeHtml>', 'code_line': '        SafeHtml p = descriptorBuilder.annotation();'} with cause: ['`org.hibernate.validator.constraints.SafeHtml`', '`descriptorBuilder.annotation()`'][0m
[LLMClient] Tokens used: 196 (prompt), 17 (completion), 213 (total)
[LLMClient] Prompt: 
You are given an error log when executing 'mvn test' in version 6.0.3.Final: 

Error: cannot find symbol, method annotation(), variable descriptorBuilder of type org.hibernate.validator.internal.util.annotationfactory.AnnotationDescriptor<org.hibernate.validator.constraints.SafeHtml> 

The test executes as expected in 6.0.4.Final 

Error code:         SafeHtml p = descriptorBuilder.annotation(); 

Extract two key *entities* from the error for searching related diffs 

The extracted entities should reflect code-level identifiers that are likely to appear in source code or diffs. 

Current cause: ['`org.hibernate.validator.constraints.SafeHtml`', '`descriptorBuilder.annotation()`'] 

 failed to catch, try simpler or other entities.

Output each node as a `;`-separated list, with no explanations. 


[LLMClient] Response: 
`org.hibernate.validator.constraints.SafeHtml;descriptorBuilder.annotation()`
[96m[ErrorManager] Extracted key entities: ['`org.hibernate.validator.constraints.SafeHtml', 'descriptorBuilder.annotation()`'][0m
[96m[Adapter] Related diffs for error: [(3, 1.0), (4, 1.0), (5, 1.0), (7, 1.0), (8, 1.0)][0m
[96m[Adapter] Fix position is in test code.[0m
[96m[RepairModule] Start repair for group: cannot find symbol | method annotation() cause: ['`org.hibernate.validator.constraints.SafeHtml', 'descriptorBuilder.annotation()`'][0m
[96m[RepairModule] Trying best diff #3 with score 1.00[0m
[96m[RepairModule] Found 10 diff combinations for annealing.[0m
[96m[RepairModule] Iteration 1, temperature 1.000: Trying diff #7 with score 1.00[0m
[LLMClient] Tokens used: 985 (prompt), 684 (completion), 1669 (total)
[LLMClient] Prompt: 
You are given a Java test file with compilation errors in version 6.0.3.Final:org.hibernate.validator:hibernate-validator.
This test file compiles and runs successfully in 6.0.4.Final.

The diff is related to the diff.
Your task has three steps:
 1. Locate the code where the compilation error occurs.
 2. Analyze the diff from 6.0.4.Final to 6.0.3.Final.
 3. Fix the error in the error position only when diff is helpful. Add import statement when needed according to the diff. 

Only output the modified version of the test file according to the diff. No explanations. If mocking, access fields via reflection if they exist.
### Compilation Errors:
message: cannot find symbol, symble: method annotation(), location: variable descriptorBuilder of type org.hibernate.validator.internal.util.annotationfactory.AnnotationDescriptor<org.hibernate.validator.constraints.SafeHtml>

### Error Position:
        SafeHtml p = descriptorBuilder.annotation();

### Related Diff:
Operation: MODIFIED, File: distribution/pom.xml, Hunk: @@ -10,7 +10,7 @@
     <parent>
         <groupId>org.hibernate.validator</groupId>
         <artifactId>hibernate-validator-parent</artifactId>
+        <version>6.0.3.Final</version>
-        <version>6.0.4.Final</version>
         <relativePath>../pom.xml</relativePath>
     </parent>

### Test File Content:
package edu.vision.se;

import org.hibernate.validator.constraints.SafeHtml;
import org.hibernate.validator.constraints.SafeHtml.WhiteListType;
import org.hibernate.validator.internal.constraintvalidators.hv.SafeHtmlValidator;
import org.junit.Test;
import org.hibernate.validator.internal.util.annotationfactory.AnnotationDescriptor;
import static org.junit.Assert.assertFalse;
import org.jsoup.safety.Whitelist;  // è§£å†³ 10ClassNotFound é—®é¢˜


public class Testcase1 {

    private AnnotationDescriptor<SafeHtml> descriptorBuilder;

    private SafeHtmlValidator getSafeHtmlValidator() {
        SafeHtml p = descriptorBuilder.annotation();
        SafeHtmlValidator validator = new SafeHtmlValidator();
        validator.initialize( p );
        return validator;
    }

    @Test
    // A "downlevel revealed" conditional 'comment' is not an (X)HTML comment at all,
    // despite the misleading name, it is default Microsoft syntax.
    // The tag is unrecognized by therefore executed
    public void testDownlevelRevealedConditionalComment() throws Exception {
        descriptorBuilder = new AnnotationDescriptor<>( SafeHtml.class );
        descriptorBuilder.setAttribute("whitelistType", WhiteListType.BASIC);

        assertFalse( getSafeHtmlValidator().isValid( "<![if !IE]>\n<SCRIPT>alert{'XSS'};</SCRIPT>\n<![endif]>", null ) );
    }

    @Test
    public void testDownlevelHiddenConditionalComment() throws Exception {
        descriptorBuilder = new AnnotationDescriptor<>( SafeHtml.class );
        descriptorBuilder.setAttribute( "whitelistType", WhiteListType.BASIC );

        assertFalse( getSafeHtmlValidator().isValid( "<!--[if gte IE 4]>\n<SCRIPT>alert{'XSS'};</SCRIPT>\n<![endif]-->", null ) );
    }

    @Test
    public void testSimpleComment() throws Exception {
        descriptorBuilder = new AnnotationDescriptor<>( SafeHtml.class );
        descriptorBuilder.setAttribute( "whitelistType", WhiteListType.BASIC );

        assertFalse( getSafeHtmlValidator().isValid( "<!-- Just a comment -->", null ) );
    }

    @Test
    public void testServerSideIncludesSSI() throws Exception {
        descriptorBuilder = new AnnotationDescriptor<>( SafeHtml.class );
        descriptorBuilder.setAttribute( "whitelistType", WhiteListType.BASIC );

        assertFalse( getSafeHtmlValidator().isValid( "<? echo{'<SCR}'; echo{'IPT>alert{\"XSS\"}</SCRIPT>'}; ?>", null ) );
    }

    @Test
    public void testPHPScript() throws Exception {
        descriptorBuilder = new AnnotationDescriptor<>( SafeHtml.class );
        descriptorBuilder.setAttribute( "whitelistType", WhiteListType.BASIC );

        assertFalse( getSafeHtmlValidator().isValid( "<? echo{'<SCR}'; echo{'IPT>alert{\"XSS\"}</SCRIPT>'}; ?>", null ) );
    }
}



[LLMClient] Response: 
Based on the error and the diff, I'll modify the test file to work with version 6.0.3.Final. Here's the modified version:

```java
package edu.vision.se;

import org.hibernate.validator.constraints.SafeHtml;
import org.hibernate.validator.constraints.SafeHtml.WhiteListType;
import org.hibernate.validator.internal.constraintvalidators.hv.SafeHtmlValidator;
import org.junit.Test;
import org.hibernate.validator.internal.util.annotationfactory.AnnotationDescriptor;
import static org.junit.Assert.assertFalse;
import org.jsoup.safety.Whitelist;  // è§£å†³ 10ClassNotFound é—®é¢˜


public class Testcase1 {

    private AnnotationDescriptor<SafeHtml> descriptorBuilder;

    private SafeHtmlValidator getSafeHtmlValidator() {
        SafeHtml p = descriptorBuilder.build().annotation();
        SafeHtmlValidator validator = new SafeHtmlValidator();
        validator.initialize( p );
        return validator;
    }

    @Test
    // A "downlevel revealed" conditional 'comment' is not an (X)HTML comment at all,
    // despite the misleading name, it is default Microsoft syntax.
    // The tag is unrecognized by therefore executed
    public void testDownlevelRevealedConditionalComment() throws Exception {
        descriptorBuilder = new AnnotationDescriptor<>( SafeHtml.class );
        descriptorBuilder.setAttribute("whitelistType", WhiteListType.BASIC);

        assertFalse( getSafeHtmlValidator().isValid( "<![if !IE]>\n<SCRIPT>alert{'XSS'};</SCRIPT>\n<![endif]>", null ) );
    }

    @Test
    public void testDownlevelHiddenConditionalComment() throws Exception {
        descriptorBuilder = new AnnotationDescriptor<>( SafeHtml.class );
        descriptorBuilder.setAttribute( "whitelistType", WhiteListType.BASIC );

        assertFalse( getSafeHtmlValidator().isValid( "<!--[if gte IE 4]>\n<SCRIPT>alert{'XSS'};</SCRIPT>\n<![endif]-->", null ) );
    }

    @Test
    public void testSimpleComment() throws Exception {
        descriptorBuilder = new AnnotationDescriptor<>( SafeHtml.class );
        descriptorBuilder.setAttribute( "whitelistType", WhiteListType.BASIC );

        assertFalse( getSafeHtmlValidator().isValid( "<!-- Just a comment -->", null ) );
    }

    @Test
    public void testServerSideIncludesSSI() throws Exception {
        descriptorBuilder = new AnnotationDescriptor<>( SafeHtml.class );
        descriptorBuilder.setAttribute( "whitelistType", WhiteListType.BASIC );

        assertFalse( getSafeHtmlValidator().isValid( "<? echo{'<SCR}'; echo{'IPT>alert{\"XSS\"}</SCRIPT>'}; ?>", null ) );
    }

    @Test
    public void testPHPScript() throws Exception {
        descriptorBuilder = new AnnotationDescriptor<>( SafeHtml.class );
        descriptorBuilder.setAttribute( "whitelistType", WhiteListType.BASIC );

        assertFalse( getSafeHtmlValidator().isValid( "<? echo{'<SCR}'; echo{'IPT>alert{\"XSS\"}</SCRIPT>'}; ?>", null ) );
    }
}
```
[96m[RepairModule] Wrote modified code to /PoCAdaptation/exploit/result/CVE-2019-10219/6.0.3.Final/exploit/src/test/java/edu/vision/se/Testcase1.java[0m
[96m[Executor] Executing exploit for CVE-2019-10219 on version 6.0.3.Final...[0m
[96m[Verifier] Verifying reproduction...[0m
[91m[Verifier] âœ— Behavior not found: 'java.lang.AssertionError'[0m
[91m[Executor] Reproduction result: Failure[0m
[96m[ErrorManager] Ignoring line: [ERROR] Failed to execute goal org.apache.maven.plugins:maven-compiler-plugin:3.1:testCompile (default-testCompile) on project CVE-2019-10219: Compilation failure: Compilation failure:[0m
[92m[ErrorManager] Processing line: [ERROR] /PoCAdaptation/exploit/result/CVE-2019-10219/6.0.3.Final/exploit/src/test/java/edu/vision/se/Testcase1.java:[17,39] cannot find symbol[0m
[92m[ErrorManager] Processing line: [ERROR]   symbol:   method build()[0m
[92m[ErrorManager] Processing line: [ERROR]   location: variable descriptorBuilder of type org.hibernate.validator.internal.util.annotationfactory.AnnotationDescriptor<org.hibernate.validator.constraints.SafeHtml>[0m
[92m[ErrorManager] Processing line: [ERROR] /PoCAdaptation/exploit/result/CVE-2019-10219/6.0.3.Final/exploit/src/test/java/edu/vision/se/Testcase1.java:[29,26] cannot find symbol[0m
[92m[ErrorManager] Processing line: [ERROR]   symbol:   method setAttribute(java.lang.String,org.hibernate.validator.constraints.SafeHtml.WhiteListType)[0m
[92m[ErrorManager] Processing line: [ERROR]   location: variable descriptorBuilder of type org.hibernate.validator.internal.util.annotationfactory.AnnotationDescriptor<org.hibernate.validator.constraints.SafeHtml>[0m
[92m[ErrorManager] Processing line: [ERROR] /PoCAdaptation/exploit/result/CVE-2019-10219/6.0.3.Final/exploit/src/test/java/edu/vision/se/Testcase1.java:[37,26] cannot find symbol[0m
[92m[ErrorManager] Processing line: [ERROR]   symbol:   method setAttribute(java.lang.String,org.hibernate.validator.constraints.SafeHtml.WhiteListType)[0m
[92m[ErrorManager] Processing line: [ERROR]   location: variable descriptorBuilder of type org.hibernate.validator.internal.util.annotationfactory.AnnotationDescriptor<org.hibernate.validator.constraints.SafeHtml>[0m
[92m[ErrorManager] Processing line: [ERROR] /PoCAdaptation/exploit/result/CVE-2019-10219/6.0.3.Final/exploit/src/test/java/edu/vision/se/Testcase1.java:[45,26] cannot find symbol[0m
[92m[ErrorManager] Processing line: [ERROR]   symbol:   method setAttribute(java.lang.String,org.hibernate.validator.constraints.SafeHtml.WhiteListType)[0m
[92m[ErrorManager] Processing line: [ERROR]   location: variable descriptorBuilder of type org.hibernate.validator.internal.util.annotationfactory.AnnotationDescriptor<org.hibernate.validator.constraints.SafeHtml>[0m
[92m[ErrorManager] Processing line: [ERROR] /PoCAdaptation/exploit/result/CVE-2019-10219/6.0.3.Final/exploit/src/test/java/edu/vision/se/Testcase1.java:[53,26] cannot find symbol[0m
[92m[ErrorManager] Processing line: [ERROR]   symbol:   method setAttribute(java.lang.String,org.hibernate.validator.constraints.SafeHtml.WhiteListType)[0m
[92m[ErrorManager] Processing line: [ERROR]   location: variable descriptorBuilder of type org.hibernate.validator.internal.util.annotationfactory.AnnotationDescriptor<org.hibernate.validator.constraints.SafeHtml>[0m
[92m[ErrorManager] Processing line: [ERROR] /PoCAdaptation/exploit/result/CVE-2019-10219/6.0.3.Final/exploit/src/test/java/edu/vision/se/Testcase1.java:[61,26] cannot find symbol[0m
[92m[ErrorManager] Processing line: [ERROR]   symbol:   method setAttribute(java.lang.String,org.hibernate.validator.constraints.SafeHtml.WhiteListType)[0m
[92m[ErrorManager] Processing line: [ERROR]   location: variable descriptorBuilder of type org.hibernate.validator.internal.util.annotationfactory.AnnotationDescriptor<org.hibernate.validator.constraints.SafeHtml>[0m
[96m[ErrorManager] Ignoring line: [ERROR] -> [Help 1][0m
[96m[ErrorManager] Ignoring line: [ERROR][0m
[96m[ErrorManager] Ignoring line: [ERROR] To see the full stack trace of the errors, re-run Maven with the -e switch.[0m
[96m[ErrorManager] Ignoring line: [ERROR] Re-run Maven using the -X switch to enable full debug logging.[0m
[96m[ErrorManager] Ignoring line: [ERROR][0m
[96m[ErrorManager] Ignoring line: [ERROR] For more information about the errors and possible solutions, please read the following articles:[0m
[96m[ErrorManager] Ignoring line: [ERROR] [Help 1] http://cwiki.apache.org/confluence/display/MAVEN/MojoFailureException[0m
[RepairModule] Old grouped keys: {'cannot find symbol | method setAttribute(java.lang.String,org.hibernate.validator.constraints.SafeHtml.WhiteListType)', 'cannot find symbol | method annotation()'}
[RepairModule] New grouped keys: {'cannot find symbol | method build()', 'cannot find symbol | method setAttribute(java.lang.String,org.hibernate.validator.constraints.SafeHtml.WhiteListType)'}
[93m[RepairModule] [Analyzer] New error:
  File     : /PoCAdaptation/exploit/result/CVE-2019-10219/6.0.3.Final/exploit/src/test/java/edu/vision/se/Testcase1.java
  Line     : 17, Column: 39
  Message  : cannot find symbol
  Symbol   : method build()
  Location : variable descriptorBuilder of type org.hibernate.validator.internal.util.annotationfactory.AnnotationDescriptor<org.hibernate.validator.constraints.SafeHtml>
  Code     : SafeHtml p = descriptorBuilder.build().annotation();
  Position : same the fixing line (17)[0m
[92m[RepairModule] Error cannot find symbol resolved after applying diff.[0m
[92m[RepairModule] Repair success with diff #7 at iteration 1![0m
[96m[Adapter] Test code repair attempted.[0m
[96m[Executor] Executing exploit for CVE-2019-10219 on version 6.0.3.Final...[0m
[96m[Verifier] Verifying reproduction...[0m
[91m[Verifier] âœ— Behavior not found: 'java.lang.AssertionError'[0m
[91m[Executor] Reproduction result: Failure[0m
[96m[ErrorManager] Ignoring line: [ERROR] Failed to execute goal org.apache.maven.plugins:maven-compiler-plugin:3.1:testCompile (default-testCompile) on project CVE-2019-10219: Compilation failure: Compilation failure:[0m
[92m[ErrorManager] Processing line: [ERROR] /PoCAdaptation/exploit/result/CVE-2019-10219/6.0.3.Final/exploit/src/test/java/edu/vision/se/Testcase1.java:[17,39] cannot find symbol[0m
[92m[ErrorManager] Processing line: [ERROR]   symbol:   method build()[0m
[92m[ErrorManager] Processing line: [ERROR]   location: variable descriptorBuilder of type org.hibernate.validator.internal.util.annotationfactory.AnnotationDescriptor<org.hibernate.validator.constraints.SafeHtml>[0m
[92m[ErrorManager] Processing line: [ERROR] /PoCAdaptation/exploit/result/CVE-2019-10219/6.0.3.Final/exploit/src/test/java/edu/vision/se/Testcase1.java:[29,26] cannot find symbol[0m
[92m[ErrorManager] Processing line: [ERROR]   symbol:   method setAttribute(java.lang.String,org.hibernate.validator.constraints.SafeHtml.WhiteListType)[0m
[92m[ErrorManager] Processing line: [ERROR]   location: variable descriptorBuilder of type org.hibernate.validator.internal.util.annotationfactory.AnnotationDescriptor<org.hibernate.validator.constraints.SafeHtml>[0m
[92m[ErrorManager] Processing line: [ERROR] /PoCAdaptation/exploit/result/CVE-2019-10219/6.0.3.Final/exploit/src/test/java/edu/vision/se/Testcase1.java:[37,26] cannot find symbol[0m
[92m[ErrorManager] Processing line: [ERROR]   symbol:   method setAttribute(java.lang.String,org.hibernate.validator.constraints.SafeHtml.WhiteListType)[0m
[92m[ErrorManager] Processing line: [ERROR]   location: variable descriptorBuilder of type org.hibernate.validator.internal.util.annotationfactory.AnnotationDescriptor<org.hibernate.validator.constraints.SafeHtml>[0m
[92m[ErrorManager] Processing line: [ERROR] /PoCAdaptation/exploit/result/CVE-2019-10219/6.0.3.Final/exploit/src/test/java/edu/vision/se/Testcase1.java:[45,26] cannot find symbol[0m
[92m[ErrorManager] Processing line: [ERROR]   symbol:   method setAttribute(java.lang.String,org.hibernate.validator.constraints.SafeHtml.WhiteListType)[0m
[92m[ErrorManager] Processing line: [ERROR]   location: variable descriptorBuilder of type org.hibernate.validator.internal.util.annotationfactory.AnnotationDescriptor<org.hibernate.validator.constraints.SafeHtml>[0m
[92m[ErrorManager] Processing line: [ERROR] /PoCAdaptation/exploit/result/CVE-2019-10219/6.0.3.Final/exploit/src/test/java/edu/vision/se/Testcase1.java:[53,26] cannot find symbol[0m
[92m[ErrorManager] Processing line: [ERROR]   symbol:   method setAttribute(java.lang.String,org.hibernate.validator.constraints.SafeHtml.WhiteListType)[0m
[92m[ErrorManager] Processing line: [ERROR]   location: variable descriptorBuilder of type org.hibernate.validator.internal.util.annotationfactory.AnnotationDescriptor<org.hibernate.validator.constraints.SafeHtml>[0m
[92m[ErrorManager] Processing line: [ERROR] /PoCAdaptation/exploit/result/CVE-2019-10219/6.0.3.Final/exploit/src/test/java/edu/vision/se/Testcase1.java:[61,26] cannot find symbol[0m
[92m[ErrorManager] Processing line: [ERROR]   symbol:   method setAttribute(java.lang.String,org.hibernate.validator.constraints.SafeHtml.WhiteListType)[0m
[92m[ErrorManager] Processing line: [ERROR]   location: variable descriptorBuilder of type org.hibernate.validator.internal.util.annotationfactory.AnnotationDescriptor<org.hibernate.validator.constraints.SafeHtml>[0m
[96m[ErrorManager] Ignoring line: [ERROR] -> [Help 1][0m
[96m[ErrorManager] Ignoring line: [ERROR][0m
[96m[ErrorManager] Ignoring line: [ERROR] To see the full stack trace of the errors, re-run Maven with the -e switch.[0m
[96m[ErrorManager] Ignoring line: [ERROR] Re-run Maven using the -X switch to enable full debug logging.[0m
[96m[ErrorManager] Ignoring line: [ERROR][0m
[96m[ErrorManager] Ignoring line: [ERROR] For more information about the errors and possible solutions, please read the following articles:[0m
[96m[ErrorManager] Ignoring line: [ERROR] [Help 1] http://cwiki.apache.org/confluence/display/MAVEN/MojoFailureException[0m
[96m[Adapter] Locating fix position in error log.[0m
[LLMClient] Tokens used: 2591 (prompt), 1 (completion), 2592 (total)
[LLMClient] Prompt: 
You are given a Java error log when executing 'mvn test' in a project with dependency version 6.0.3.Final:org.hibernate.validator:hibernate-validator.
This test file compiles and runs successfully with version 6.0.4.Final.

Your task is to:
1. Analyze why this issue occurs with the *6.0.4.Final* but not with the *6.0.3.Final version*.
2. Consider how to resolve the issue **without updating this library**.
3. Determine and output the location in the project that should be modified to fix the problem.

Please return 'pom' if the fix is in the pom.xml file, or 'test' if the fix is in the test code.
Do not return any other text, just 'pom' or 'test'.

The error log is:
[INFO] Scanning for projects...
[INFO] 
[INFO] --------------------< edu.vision.se:CVE-2019-10219 >--------------------
[INFO] Building CVE-2019-10219 1.0-SNAPSHOT
[INFO]   from pom.xml
[INFO] --------------------------------[ jar ]---------------------------------
[INFO] 
[INFO] --- maven-clean-plugin:2.5:clean (default-clean) @ CVE-2019-10219 ---
[INFO] Deleting /PoCAdaptation/exploit/result/CVE-2019-10219/6.0.3.Final/exploit/target
[INFO] 
[INFO] --- maven-resources-plugin:2.6:resources (default-resources) @ CVE-2019-10219 ---
[INFO] Using 'UTF-8' encoding to copy filtered resources.
[INFO] skip non existing resourceDirectory /PoCAdaptation/exploit/result/CVE-2019-10219/6.0.3.Final/exploit/src/main/resources
[INFO] 
[INFO] --- maven-compiler-plugin:3.1:compile (default-compile) @ CVE-2019-10219 ---
[INFO] No sources to compile
[INFO] 
[INFO] --- maven-resources-plugin:2.6:testResources (default-testResources) @ CVE-2019-10219 ---
[INFO] Using 'UTF-8' encoding to copy filtered resources.
[INFO] skip non existing resourceDirectory /PoCAdaptation/exploit/result/CVE-2019-10219/6.0.3.Final/exploit/src/test/resources
[INFO] 
[INFO] --- maven-compiler-plugin:3.1:testCompile (default-testCompile) @ CVE-2019-10219 ---
[INFO] Changes detected - recompiling the module!
[INFO] Compiling 1 source file to /PoCAdaptation/exploit/result/CVE-2019-10219/6.0.3.Final/exploit/target/test-classes
[INFO] -------------------------------------------------------------
[ERROR] COMPILATION ERROR : 
[INFO] -------------------------------------------------------------
[ERROR] /PoCAdaptation/exploit/result/CVE-2019-10219/6.0.3.Final/exploit/src/test/java/edu/vision/se/Testcase1.java:[17,39] cannot find symbol
  symbol:   method build()
  location: variable descriptorBuilder of type org.hibernate.validator.internal.util.annotationfactory.AnnotationDescriptor<org.hibernate.validator.constraints.SafeHtml>
[ERROR] /PoCAdaptation/exploit/result/CVE-2019-10219/6.0.3.Final/exploit/src/test/java/edu/vision/se/Testcase1.java:[29,26] cannot find symbol
  symbol:   method setAttribute(java.lang.String,org.hibernate.validator.constraints.SafeHtml.WhiteListType)
  location: variable descriptorBuilder of type org.hibernate.validator.internal.util.annotationfactory.AnnotationDescriptor<org.hibernate.validator.constraints.SafeHtml>
[ERROR] /PoCAdaptation/exploit/result/CVE-2019-10219/6.0.3.Final/exploit/src/test/java/edu/vision/se/Testcase1.java:[37,26] cannot find symbol
  symbol:   method setAttribute(java.lang.String,org.hibernate.validator.constraints.SafeHtml.WhiteListType)
  location: variable descriptorBuilder of type org.hibernate.validator.internal.util.annotationfactory.AnnotationDescriptor<org.hibernate.validator.constraints.SafeHtml>
[ERROR] /PoCAdaptation/exploit/result/CVE-2019-10219/6.0.3.Final/exploit/src/test/java/edu/vision/se/Testcase1.java:[45,26] cannot find symbol
  symbol:   method setAttribute(java.lang.String,org.hibernate.validator.constraints.SafeHtml.WhiteListType)
  location: variable descriptorBuilder of type org.hibernate.validator.internal.util.annotationfactory.AnnotationDescriptor<org.hibernate.validator.constraints.SafeHtml>
[ERROR] /PoCAdaptation/exploit/result/CVE-2019-10219/6.0.3.Final/exploit/src/test/java/edu/vision/se/Testcase1.java:[53,26] cannot find symbol
  symbol:   method setAttribute(java.lang.String,org.hibernate.validator.constraints.SafeHtml.WhiteListType)
  location: variable descriptorBuilder of type org.hibernate.validator.internal.util.annotationfactory.AnnotationDescriptor<org.hibernate.validator.constraints.SafeHtml>
[ERROR] /PoCAdaptation/exploit/result/CVE-2019-10219/6.0.3.Final/exploit/src/test/java/edu/vision/se/Testcase1.java:[61,26] cannot find symbol
  symbol:   method setAttribute(java.lang.String,org.hibernate.validator.constraints.SafeHtml.WhiteListType)
  location: variable descriptorBuilder of type org.hibernate.validator.internal.util.annotationfactory.AnnotationDescriptor<org.hibernate.validator.constraints.SafeHtml>
[INFO] 6 errors 
[INFO] -------------------------------------------------------------
[INFO] ------------------------------------------------------------------------
[INFO] BUILD FAILURE
[INFO] ------------------------------------------------------------------------
[INFO] Total time:  1.067 s
[INFO] Finished at: 2025-07-13T13:49:04Z
[INFO] ------------------------------------------------------------------------
[ERROR] Failed to execute goal org.apache.maven.plugins:maven-compiler-plugin:3.1:testCompile (default-testCompile) on project CVE-2019-10219: Compilation failure: Compilation failure: 
[ERROR] /PoCAdaptation/exploit/result/CVE-2019-10219/6.0.3.Final/exploit/src/test/java/edu/vision/se/Testcase1.java:[17,39] cannot find symbol
[ERROR]   symbol:   method build()
[ERROR]   location: variable descriptorBuilder of type org.hibernate.validator.internal.util.annotationfactory.AnnotationDescriptor<org.hibernate.validator.constraints.SafeHtml>
[ERROR] /PoCAdaptation/exploit/result/CVE-2019-10219/6.0.3.Final/exploit/src/test/java/edu/vision/se/Testcase1.java:[29,26] cannot find symbol
[ERROR]   symbol:   method setAttribute(java.lang.String,org.hibernate.validator.constraints.SafeHtml.WhiteListType)
[ERROR]   location: variable descriptorBuilder of type org.hibernate.validator.internal.util.annotationfactory.AnnotationDescriptor<org.hibernate.validator.constraints.SafeHtml>
[ERROR] /PoCAdaptation/exploit/result/CVE-2019-10219/6.0.3.Final/exploit/src/test/java/edu/vision/se/Testcase1.java:[37,26] cannot find symbol
[ERROR]   symbol:   method setAttribute(java.lang.String,org.hibernate.validator.constraints.SafeHtml.WhiteListType)
[ERROR]   location: variable descriptorBuilder of type org.hibernate.validator.internal.util.annotationfactory.AnnotationDescriptor<org.hibernate.validator.constraints.SafeHtml>
[ERROR] /PoCAdaptation/exploit/result/CVE-2019-10219/6.0.3.Final/exploit/src/test/java/edu/vision/se/Testcase1.java:[45,26] cannot find symbol
[ERROR]   symbol:   method setAttribute(java.lang.String,org.hibernate.validator.constraints.SafeHtml.WhiteListType)
[ERROR]   location: variable descriptorBuilder of type org.hibernate.validator.internal.util.annotationfactory.AnnotationDescriptor<org.hibernate.validator.constraints.SafeHtml>
[ERROR] /PoCAdaptation/exploit/result/CVE-2019-10219/6.0.3.Final/exploit/src/test/java/edu/vision/se/Testcase1.java:[53,26] cannot find symbol
[ERROR]   symbol:   method setAttribute(java.lang.String,org.hibernate.validator.constraints.SafeHtml.WhiteListType)
[ERROR]   location: variable descriptorBuilder of type org.hibernate.validator.internal.util.annotationfactory.AnnotationDescriptor<org.hibernate.validator.constraints.SafeHtml>
[ERROR] /PoCAdaptation/exploit/result/CVE-2019-10219/6.0.3.Final/exploit/src/test/java/edu/vision/se/Testcase1.java:[61,26] cannot find symbol
[ERROR]   symbol:   method setAttribute(java.lang.String,org.hibernate.validator.constraints.SafeHtml.WhiteListType)
[ERROR]   location: variable descriptorBuilder of type org.hibernate.validator.internal.util.annotationfactory.AnnotationDescriptor<org.hibernate.validator.constraints.SafeHtml>
[ERROR] -> [Help 1]
[ERROR] 
[ERROR] To see the full stack trace of the errors, re-run Maven with the -e switch.
[ERROR] Re-run Maven using the -X switch to enable full debug logging.
[ERROR] 
[ERROR] For more information about the errors and possible solutions, please read the following articles:
[ERROR] [Help 1] http://cwiki.apache.org/confluence/display/MAVEN/MojoFailureException


current_pom file is:<?xml version='1.0' encoding='utf-8'?>
<project xmlns="http://maven.apache.org/POM/4.0.0" xmlns:xsi="http://www.w3.org/2001/XMLSchema-instance" xsi:schemaLocation="http://maven.apache.org/POM/4.0.0 http://maven.apache.org/xsd/maven-4.0.0.xsd">
    <groupId>edu.vision.se</groupId><version>1.0-SNAPSHOT</version><modelVersion>4.0.0</modelVersion>
    <artifactId>CVE-2019-10219</artifactId>

    <properties>
        <maven.compiler.source>11</maven.compiler.source>
        <maven.compiler.target>11</maven.compiler.target>
        <project.build.sourceEncoding>UTF-8</project.build.sourceEncoding>
    </properties>

    <dependencies>
        
        <dependency>
            <groupId>org.hibernate.validator</groupId>
            <artifactId>hibernate-validator</artifactId>
            <version>6.0.3.Final</version>
        </dependency>

        
        <dependency>
            <groupId>org.jsoup</groupId>
            <artifactId>jsoup</artifactId>
            <version>1.8.3</version>
        </dependency>

    <dependency><groupId>junit</groupId><artifactId>junit</artifactId><version>4.13.2</version></dependency>
    </dependencies>

</project>
[LLMClient] Response: 
test
[96m[Adapter] LLM response for fix position: test[0m
[LLMClient] Tokens used: 162 (prompt), 31 (completion), 193 (total)
[LLMClient] Prompt: 
You are given an error log when executing 'mvn test' in version 6.0.3.Final: 

Error: cannot find symbol, method build(), variable descriptorBuilder of type org.hibernate.validator.internal.util.annotationfactory.AnnotationDescriptor<org.hibernate.validator.constraints.SafeHtml> 

The test executes as expected in 6.0.4.Final 

Error code:         SafeHtml p = descriptorBuilder.build().annotation(); 

Extract two key *entities* from the error for searching related diffs 

The extracted entities should reflect code-level identifiers that are likely to appear in source code or diffs. 

Output each node as a `;`-separated list, with no explanations. 


[LLMClient] Response: 
`org.hibernate.validator.internal.util.annotationfactory.AnnotationDescriptor<org.hibernate.validator.constraints.SafeHtml>;descriptorBuilder.build()`
[96m[ErrorManager] Extracted key entities: ['`org.hibernate.validator.internal.util.annotationfactory.AnnotationDescriptor<org.hibernate.validator.constraints.SafeHtml>', 'descriptorBuilder.build()`'][0m
[96m[Adapter] Try to solve error: {'file': '/PoCAdaptation/exploit/result/CVE-2019-10219/6.0.3.Final/exploit/src/test/java/edu/vision/se/Testcase1.java', 'line': 17, 'column': 39, 'message': 'cannot find symbol', 'symbol': 'method build()', 'location': 'variable descriptorBuilder of type org.hibernate.validator.internal.util.annotationfactory.AnnotationDescriptor<org.hibernate.validator.constraints.SafeHtml>', 'code_line': '        SafeHtml p = descriptorBuilder.build().annotation();'} with cause: ['`org.hibernate.validator.internal.util.annotationfactory.AnnotationDescriptor<org.hibernate.validator.constraints.SafeHtml>', 'descriptorBuilder.build()`'][0m
[LLMClient] Tokens used: 210 (prompt), 16 (completion), 226 (total)
[LLMClient] Prompt: 
You are given an error log when executing 'mvn test' in version 6.0.3.Final: 

Error: cannot find symbol, method build(), variable descriptorBuilder of type org.hibernate.validator.internal.util.annotationfactory.AnnotationDescriptor<org.hibernate.validator.constraints.SafeHtml> 

The test executes as expected in 6.0.4.Final 

Error code:         SafeHtml p = descriptorBuilder.build().annotation(); 

Extract two key *entities* from the error for searching related diffs 

The extracted entities should reflect code-level identifiers that are likely to appear in source code or diffs. 

Current cause: ['`org.hibernate.validator.internal.util.annotationfactory.AnnotationDescriptor<org.hibernate.validator.constraints.SafeHtml>', 'descriptorBuilder.build()`'] 

 failed to catch, try simpler or other entities.

Output each node as a `;`-separated list, with no explanations. 


[LLMClient] Response: 
org.hibernate.validator.constraints.SafeHtml;descriptorBuilder.build()
[96m[ErrorManager] Extracted key entities: ['org.hibernate.validator.constraints.SafeHtml', 'descriptorBuilder.build()'][0m
[96m[Adapter] Related diffs for error: [(3, 1.0), (4, 1.0), (5, 1.0), (7, 1.0), (8, 1.0)][0m
[96m[Adapter] Fix position is in test code.[0m
[96m[RepairModule] Start repair for group: cannot find symbol | method build() cause: ['org.hibernate.validator.constraints.SafeHtml', 'descriptorBuilder.build()'][0m
[96m[RepairModule] Trying best diff #3 with score 1.00[0m
[96m[RepairModule] Found 10 diff combinations for annealing.[0m
[96m[RepairModule] Iteration 1, temperature 1.000: Trying diff #(3, 8) with score 1.00[0m
[LLMClient] Tokens used: 1092 (prompt), 664 (completion), 1756 (total)
[LLMClient] Prompt: 
You are given a Java test file with compilation errors in version 6.0.3.Final:org.hibernate.validator:hibernate-validator.
This test file compiles and runs successfully in 6.0.4.Final.

The diff is related to the diff.
Your task has three steps:
 1. Locate the code where the compilation error occurs.
 2. Analyze the diff from 6.0.4.Final to 6.0.3.Final.
 3. Fix the error in the error position only when diff is helpful. Add import statement when needed according to the diff. 

Only output the modified version of the test file according to the diff. No explanations. If mocking, access fields via reflection if they exist.
### Compilation Errors:
message: cannot find symbol, symble: method build(), location: variable descriptorBuilder of type org.hibernate.validator.internal.util.annotationfactory.AnnotationDescriptor<org.hibernate.validator.constraints.SafeHtml>

### Error Position:
        SafeHtml p = descriptorBuilder.build().annotation();

### Related Diff:
Operation: MODIFIED, File: annotation-processor/pom.xml, Hunk: @@ -11,7 +11,7 @@
     <parent>
         <groupId>org.hibernate.validator</groupId>
         <artifactId>hibernate-validator-parent</artifactId>
+        <version>6.0.3.Final</version>
-        <version>6.0.4.Final</version>
         <relativePath>../pom.xml</relativePath>
     </parent>

Operation: MODIFIED, File: documentation/pom.xml, Hunk: @@ -11,7 +11,7 @@
     <parent>
         <groupId>org.hibernate.validator</groupId>
         <artifactId>hibernate-validator-parent</artifactId>
+        <version>6.0.3.Final</version>
-        <version>6.0.4.Final</version>
         <relativePath>../pom.xml</relativePath>
     </parent>

### Test File Content:
package edu.vision.se;

import org.hibernate.validator.constraints.SafeHtml;
import org.hibernate.validator.constraints.SafeHtml.WhiteListType;
import org.hibernate.validator.internal.constraintvalidators.hv.SafeHtmlValidator;
import org.junit.Test;
import org.hibernate.validator.internal.util.annotationfactory.AnnotationDescriptor;
import static org.junit.Assert.assertFalse;
import org.jsoup.safety.Whitelist;  // è§£å†³ 10ClassNotFound é—®é¢˜


public class Testcase1 {

    private AnnotationDescriptor<SafeHtml> descriptorBuilder;

    private SafeHtmlValidator getSafeHtmlValidator() {
        SafeHtml p = descriptorBuilder.build().annotation();
        SafeHtmlValidator validator = new SafeHtmlValidator();
        validator.initialize( p );
        return validator;
    }

    @Test
    // A "downlevel revealed" conditional 'comment' is not an (X)HTML comment at all,
    // despite the misleading name, it is default Microsoft syntax.
    // The tag is unrecognized by therefore executed
    public void testDownlevelRevealedConditionalComment() throws Exception {
        descriptorBuilder = new AnnotationDescriptor<>( SafeHtml.class );
        descriptorBuilder.setAttribute("whitelistType", WhiteListType.BASIC);

        assertFalse( getSafeHtmlValidator().isValid( "<![if !IE]>\n<SCRIPT>alert{'XSS'};</SCRIPT>\n<![endif]>", null ) );
    }

    @Test
    public void testDownlevelHiddenConditionalComment() throws Exception {
        descriptorBuilder = new AnnotationDescriptor<>( SafeHtml.class );
        descriptorBuilder.setAttribute( "whitelistType", WhiteListType.BASIC );

        assertFalse( getSafeHtmlValidator().isValid( "<!--[if gte IE 4]>\n<SCRIPT>alert{'XSS'};</SCRIPT>\n<![endif]-->", null ) );
    }

    @Test
    public void testSimpleComment() throws Exception {
        descriptorBuilder = new AnnotationDescriptor<>( SafeHtml.class );
        descriptorBuilder.setAttribute( "whitelistType", WhiteListType.BASIC );

        assertFalse( getSafeHtmlValidator().isValid( "<!-- Just a comment -->", null ) );
    }

    @Test
    public void testServerSideIncludesSSI() throws Exception {
        descriptorBuilder = new AnnotationDescriptor<>( SafeHtml.class );
        descriptorBuilder.setAttribute( "whitelistType", WhiteListType.BASIC );

        assertFalse( getSafeHtmlValidator().isValid( "<? echo{'<SCR}'; echo{'IPT>alert{\"XSS\"}</SCRIPT>'}; ?>", null ) );
    }

    @Test
    public void testPHPScript() throws Exception {
        descriptorBuilder = new AnnotationDescriptor<>( SafeHtml.class );
        descriptorBuilder.setAttribute( "whitelistType", WhiteListType.BASIC );

        assertFalse( getSafeHtmlValidator().isValid( "<? echo{'<SCR}'; echo{'IPT>alert{\"XSS\"}</SCRIPT>'}; ?>", null ) );
    }
}



[LLMClient] Response: 
Here's the modified version of the test file according to the diff:

```java
package edu.vision.se;

import org.hibernate.validator.constraints.SafeHtml;
import org.hibernate.validator.constraints.SafeHtml.WhiteListType;
import org.hibernate.validator.internal.constraintvalidators.hv.SafeHtmlValidator;
import org.junit.Test;
import org.hibernate.validator.internal.util.annotationfactory.AnnotationDescriptor;
import static org.junit.Assert.assertFalse;
import org.jsoup.safety.Whitelist;  // è§£å†³ 10ClassNotFound é—®é¢˜


public class Testcase1 {

    private AnnotationDescriptor<SafeHtml> descriptorBuilder;

    private SafeHtmlValidator getSafeHtmlValidator() {
        SafeHtml p = descriptorBuilder.createAnnotation();
        SafeHtmlValidator validator = new SafeHtmlValidator();
        validator.initialize( p );
        return validator;
    }

    @Test
    // A "downlevel revealed" conditional 'comment' is not an (X)HTML comment at all,
    // despite the misleading name, it is default Microsoft syntax.
    // The tag is unrecognized by therefore executed
    public void testDownlevelRevealedConditionalComment() throws Exception {
        descriptorBuilder = new AnnotationDescriptor<>( SafeHtml.class );
        descriptorBuilder.setAttribute("whitelistType", WhiteListType.BASIC);

        assertFalse( getSafeHtmlValidator().isValid( "<![if !IE]>\n<SCRIPT>alert{'XSS'};</SCRIPT>\n<![endif]>", null ) );
    }

    @Test
    public void testDownlevelHiddenConditionalComment() throws Exception {
        descriptorBuilder = new AnnotationDescriptor<>( SafeHtml.class );
        descriptorBuilder.setAttribute( "whitelistType", WhiteListType.BASIC );

        assertFalse( getSafeHtmlValidator().isValid( "<!--[if gte IE 4]>\n<SCRIPT>alert{'XSS'};</SCRIPT>\n<![endif]-->", null ) );
    }

    @Test
    public void testSimpleComment() throws Exception {
        descriptorBuilder = new AnnotationDescriptor<>( SafeHtml.class );
        descriptorBuilder.setAttribute( "whitelistType", WhiteListType.BASIC );

        assertFalse( getSafeHtmlValidator().isValid( "<!-- Just a comment -->", null ) );
    }

    @Test
    public void testServerSideIncludesSSI() throws Exception {
        descriptorBuilder = new AnnotationDescriptor<>( SafeHtml.class );
        descriptorBuilder.setAttribute( "whitelistType", WhiteListType.BASIC );

        assertFalse( getSafeHtmlValidator().isValid( "<? echo{'<SCR}'; echo{'IPT>alert{\"XSS\"}</SCRIPT>'}; ?>", null ) );
    }

    @Test
    public void testPHPScript() throws Exception {
        descriptorBuilder = new AnnotationDescriptor<>( SafeHtml.class );
        descriptorBuilder.setAttribute( "whitelistType", WhiteListType.BASIC );

        assertFalse( getSafeHtmlValidator().isValid( "<? echo{'<SCR}'; echo{'IPT>alert{\"XSS\"}</SCRIPT>'}; ?>", null ) );
    }
}
```
[96m[RepairModule] Wrote modified code to /PoCAdaptation/exploit/result/CVE-2019-10219/6.0.3.Final/exploit/src/test/java/edu/vision/se/Testcase1.java[0m
[96m[Executor] Executing exploit for CVE-2019-10219 on version 6.0.3.Final...[0m
[96m[Verifier] Verifying reproduction...[0m
[91m[Verifier] âœ— Behavior not found: 'java.lang.AssertionError'[0m
[91m[Executor] Reproduction result: Failure[0m
[96m[ErrorManager] Ignoring line: [ERROR] Failed to execute goal org.apache.maven.plugins:maven-compiler-plugin:3.1:testCompile (default-testCompile) on project CVE-2019-10219: Compilation failure: Compilation failure:[0m
[92m[ErrorManager] Processing line: [ERROR] /PoCAdaptation/exploit/result/CVE-2019-10219/6.0.3.Final/exploit/src/test/java/edu/vision/se/Testcase1.java:[17,39] cannot find symbol[0m
[92m[ErrorManager] Processing line: [ERROR]   symbol:   method createAnnotation()[0m
[92m[ErrorManager] Processing line: [ERROR]   location: variable descriptorBuilder of type org.hibernate.validator.internal.util.annotationfactory.AnnotationDescriptor<org.hibernate.validator.constraints.SafeHtml>[0m
[92m[ErrorManager] Processing line: [ERROR] /PoCAdaptation/exploit/result/CVE-2019-10219/6.0.3.Final/exploit/src/test/java/edu/vision/se/Testcase1.java:[29,26] cannot find symbol[0m
[92m[ErrorManager] Processing line: [ERROR]   symbol:   method setAttribute(java.lang.String,org.hibernate.validator.constraints.SafeHtml.WhiteListType)[0m
[92m[ErrorManager] Processing line: [ERROR]   location: variable descriptorBuilder of type org.hibernate.validator.internal.util.annotationfactory.AnnotationDescriptor<org.hibernate.validator.constraints.SafeHtml>[0m
[92m[ErrorManager] Processing line: [ERROR] /PoCAdaptation/exploit/result/CVE-2019-10219/6.0.3.Final/exploit/src/test/java/edu/vision/se/Testcase1.java:[37,26] cannot find symbol[0m
[92m[ErrorManager] Processing line: [ERROR]   symbol:   method setAttribute(java.lang.String,org.hibernate.validator.constraints.SafeHtml.WhiteListType)[0m
[92m[ErrorManager] Processing line: [ERROR]   location: variable descriptorBuilder of type org.hibernate.validator.internal.util.annotationfactory.AnnotationDescriptor<org.hibernate.validator.constraints.SafeHtml>[0m
[92m[ErrorManager] Processing line: [ERROR] /PoCAdaptation/exploit/result/CVE-2019-10219/6.0.3.Final/exploit/src/test/java/edu/vision/se/Testcase1.java:[45,26] cannot find symbol[0m
[92m[ErrorManager] Processing line: [ERROR]   symbol:   method setAttribute(java.lang.String,org.hibernate.validator.constraints.SafeHtml.WhiteListType)[0m
[92m[ErrorManager] Processing line: [ERROR]   location: variable descriptorBuilder of type org.hibernate.validator.internal.util.annotationfactory.AnnotationDescriptor<org.hibernate.validator.constraints.SafeHtml>[0m
[92m[ErrorManager] Processing line: [ERROR] /PoCAdaptation/exploit/result/CVE-2019-10219/6.0.3.Final/exploit/src/test/java/edu/vision/se/Testcase1.java:[53,26] cannot find symbol[0m
[92m[ErrorManager] Processing line: [ERROR]   symbol:   method setAttribute(java.lang.String,org.hibernate.validator.constraints.SafeHtml.WhiteListType)[0m
[92m[ErrorManager] Processing line: [ERROR]   location: variable descriptorBuilder of type org.hibernate.validator.internal.util.annotationfactory.AnnotationDescriptor<org.hibernate.validator.constraints.SafeHtml>[0m
[92m[ErrorManager] Processing line: [ERROR] /PoCAdaptation/exploit/result/CVE-2019-10219/6.0.3.Final/exploit/src/test/java/edu/vision/se/Testcase1.java:[61,26] cannot find symbol[0m
[92m[ErrorManager] Processing line: [ERROR]   symbol:   method setAttribute(java.lang.String,org.hibernate.validator.constraints.SafeHtml.WhiteListType)[0m
[92m[ErrorManager] Processing line: [ERROR]   location: variable descriptorBuilder of type org.hibernate.validator.internal.util.annotationfactory.AnnotationDescriptor<org.hibernate.validator.constraints.SafeHtml>[0m
[96m[ErrorManager] Ignoring line: [ERROR] -> [Help 1][0m
[96m[ErrorManager] Ignoring line: [ERROR][0m
[96m[ErrorManager] Ignoring line: [ERROR] To see the full stack trace of the errors, re-run Maven with the -e switch.[0m
[96m[ErrorManager] Ignoring line: [ERROR] Re-run Maven using the -X switch to enable full debug logging.[0m
[96m[ErrorManager] Ignoring line: [ERROR][0m
[96m[ErrorManager] Ignoring line: [ERROR] For more information about the errors and possible solutions, please read the following articles:[0m
[96m[ErrorManager] Ignoring line: [ERROR] [Help 1] http://cwiki.apache.org/confluence/display/MAVEN/MojoFailureException[0m
[RepairModule] Old grouped keys: {'cannot find symbol | method build()', 'cannot find symbol | method setAttribute(java.lang.String,org.hibernate.validator.constraints.SafeHtml.WhiteListType)'}
[RepairModule] New grouped keys: {'cannot find symbol | method createAnnotation()', 'cannot find symbol | method setAttribute(java.lang.String,org.hibernate.validator.constraints.SafeHtml.WhiteListType)'}
[93m[RepairModule] [Analyzer] New error:
  File     : /PoCAdaptation/exploit/result/CVE-2019-10219/6.0.3.Final/exploit/src/test/java/edu/vision/se/Testcase1.java
  Line     : 17, Column: 39
  Message  : cannot find symbol
  Symbol   : method createAnnotation()
  Location : variable descriptorBuilder of type org.hibernate.validator.internal.util.annotationfactory.AnnotationDescriptor<org.hibernate.validator.constraints.SafeHtml>
  Code     : SafeHtml p = descriptorBuilder.createAnnotation();
  Position : same the fixing line (17)[0m
[92m[RepairModule] Error cannot find symbol resolved after applying diff.[0m
[92m[RepairModule] Repair success with diff #(3, 8) at iteration 1![0m
[96m[Adapter] Test code repair attempted.[0m
[96m[Executor] Executing exploit for CVE-2019-10219 on version 6.0.3.Final...[0m
[96m[Verifier] Verifying reproduction...[0m
[91m[Verifier] âœ— Behavior not found: 'java.lang.AssertionError'[0m
[91m[Executor] Reproduction result: Failure[0m
[96m[ErrorManager] Ignoring line: [ERROR] Failed to execute goal org.apache.maven.plugins:maven-compiler-plugin:3.1:testCompile (default-testCompile) on project CVE-2019-10219: Compilation failure: Compilation failure:[0m
[92m[ErrorManager] Processing line: [ERROR] /PoCAdaptation/exploit/result/CVE-2019-10219/6.0.3.Final/exploit/src/test/java/edu/vision/se/Testcase1.java:[17,39] cannot find symbol[0m
[92m[ErrorManager] Processing line: [ERROR]   symbol:   method createAnnotation()[0m
[92m[ErrorManager] Processing line: [ERROR]   location: variable descriptorBuilder of type org.hibernate.validator.internal.util.annotationfactory.AnnotationDescriptor<org.hibernate.validator.constraints.SafeHtml>[0m
[92m[ErrorManager] Processing line: [ERROR] /PoCAdaptation/exploit/result/CVE-2019-10219/6.0.3.Final/exploit/src/test/java/edu/vision/se/Testcase1.java:[29,26] cannot find symbol[0m
[92m[ErrorManager] Processing line: [ERROR]   symbol:   method setAttribute(java.lang.String,org.hibernate.validator.constraints.SafeHtml.WhiteListType)[0m
[92m[ErrorManager] Processing line: [ERROR]   location: variable descriptorBuilder of type org.hibernate.validator.internal.util.annotationfactory.AnnotationDescriptor<org.hibernate.validator.constraints.SafeHtml>[0m
[92m[ErrorManager] Processing line: [ERROR] /PoCAdaptation/exploit/result/CVE-2019-10219/6.0.3.Final/exploit/src/test/java/edu/vision/se/Testcase1.java:[37,26] cannot find symbol[0m
[92m[ErrorManager] Processing line: [ERROR]   symbol:   method setAttribute(java.lang.String,org.hibernate.validator.constraints.SafeHtml.WhiteListType)[0m
[92m[ErrorManager] Processing line: [ERROR]   location: variable descriptorBuilder of type org.hibernate.validator.internal.util.annotationfactory.AnnotationDescriptor<org.hibernate.validator.constraints.SafeHtml>[0m
[92m[ErrorManager] Processing line: [ERROR] /PoCAdaptation/exploit/result/CVE-2019-10219/6.0.3.Final/exploit/src/test/java/edu/vision/se/Testcase1.java:[45,26] cannot find symbol[0m
[92m[ErrorManager] Processing line: [ERROR]   symbol:   method setAttribute(java.lang.String,org.hibernate.validator.constraints.SafeHtml.WhiteListType)[0m
[92m[ErrorManager] Processing line: [ERROR]   location: variable descriptorBuilder of type org.hibernate.validator.internal.util.annotationfactory.AnnotationDescriptor<org.hibernate.validator.constraints.SafeHtml>[0m
[92m[ErrorManager] Processing line: [ERROR] /PoCAdaptation/exploit/result/CVE-2019-10219/6.0.3.Final/exploit/src/test/java/edu/vision/se/Testcase1.java:[53,26] cannot find symbol[0m
[92m[ErrorManager] Processing line: [ERROR]   symbol:   method setAttribute(java.lang.String,org.hibernate.validator.constraints.SafeHtml.WhiteListType)[0m
[92m[ErrorManager] Processing line: [ERROR]   location: variable descriptorBuilder of type org.hibernate.validator.internal.util.annotationfactory.AnnotationDescriptor<org.hibernate.validator.constraints.SafeHtml>[0m
[92m[ErrorManager] Processing line: [ERROR] /PoCAdaptation/exploit/result/CVE-2019-10219/6.0.3.Final/exploit/src/test/java/edu/vision/se/Testcase1.java:[61,26] cannot find symbol[0m
[92m[ErrorManager] Processing line: [ERROR]   symbol:   method setAttribute(java.lang.String,org.hibernate.validator.constraints.SafeHtml.WhiteListType)[0m
[92m[ErrorManager] Processing line: [ERROR]   location: variable descriptorBuilder of type org.hibernate.validator.internal.util.annotationfactory.AnnotationDescriptor<org.hibernate.validator.constraints.SafeHtml>[0m
[96m[ErrorManager] Ignoring line: [ERROR] -> [Help 1][0m
[96m[ErrorManager] Ignoring line: [ERROR][0m
[96m[ErrorManager] Ignoring line: [ERROR] To see the full stack trace of the errors, re-run Maven with the -e switch.[0m
[96m[ErrorManager] Ignoring line: [ERROR] Re-run Maven using the -X switch to enable full debug logging.[0m
[96m[ErrorManager] Ignoring line: [ERROR][0m
[96m[ErrorManager] Ignoring line: [ERROR] For more information about the errors and possible solutions, please read the following articles:[0m
[96m[ErrorManager] Ignoring line: [ERROR] [Help 1] http://cwiki.apache.org/confluence/display/MAVEN/MojoFailureException[0m
[96m[Adapter] Locating fix position in error log.[0m
[LLMClient] Tokens used: 2593 (prompt), 1 (completion), 2594 (total)
[LLMClient] Prompt: 
You are given a Java error log when executing 'mvn test' in a project with dependency version 6.0.3.Final:org.hibernate.validator:hibernate-validator.
This test file compiles and runs successfully with version 6.0.4.Final.

Your task is to:
1. Analyze why this issue occurs with the *6.0.4.Final* but not with the *6.0.3.Final version*.
2. Consider how to resolve the issue **without updating this library**.
3. Determine and output the location in the project that should be modified to fix the problem.

Please return 'pom' if the fix is in the pom.xml file, or 'test' if the fix is in the test code.
Do not return any other text, just 'pom' or 'test'.

The error log is:
[INFO] Scanning for projects...
[INFO] 
[INFO] --------------------< edu.vision.se:CVE-2019-10219 >--------------------
[INFO] Building CVE-2019-10219 1.0-SNAPSHOT
[INFO]   from pom.xml
[INFO] --------------------------------[ jar ]---------------------------------
[INFO] 
[INFO] --- maven-clean-plugin:2.5:clean (default-clean) @ CVE-2019-10219 ---
[INFO] Deleting /PoCAdaptation/exploit/result/CVE-2019-10219/6.0.3.Final/exploit/target
[INFO] 
[INFO] --- maven-resources-plugin:2.6:resources (default-resources) @ CVE-2019-10219 ---
[INFO] Using 'UTF-8' encoding to copy filtered resources.
[INFO] skip non existing resourceDirectory /PoCAdaptation/exploit/result/CVE-2019-10219/6.0.3.Final/exploit/src/main/resources
[INFO] 
[INFO] --- maven-compiler-plugin:3.1:compile (default-compile) @ CVE-2019-10219 ---
[INFO] No sources to compile
[INFO] 
[INFO] --- maven-resources-plugin:2.6:testResources (default-testResources) @ CVE-2019-10219 ---
[INFO] Using 'UTF-8' encoding to copy filtered resources.
[INFO] skip non existing resourceDirectory /PoCAdaptation/exploit/result/CVE-2019-10219/6.0.3.Final/exploit/src/test/resources
[INFO] 
[INFO] --- maven-compiler-plugin:3.1:testCompile (default-testCompile) @ CVE-2019-10219 ---
[INFO] Changes detected - recompiling the module!
[INFO] Compiling 1 source file to /PoCAdaptation/exploit/result/CVE-2019-10219/6.0.3.Final/exploit/target/test-classes
[INFO] -------------------------------------------------------------
[ERROR] COMPILATION ERROR : 
[INFO] -------------------------------------------------------------
[ERROR] /PoCAdaptation/exploit/result/CVE-2019-10219/6.0.3.Final/exploit/src/test/java/edu/vision/se/Testcase1.java:[17,39] cannot find symbol
  symbol:   method createAnnotation()
  location: variable descriptorBuilder of type org.hibernate.validator.internal.util.annotationfactory.AnnotationDescriptor<org.hibernate.validator.constraints.SafeHtml>
[ERROR] /PoCAdaptation/exploit/result/CVE-2019-10219/6.0.3.Final/exploit/src/test/java/edu/vision/se/Testcase1.java:[29,26] cannot find symbol
  symbol:   method setAttribute(java.lang.String,org.hibernate.validator.constraints.SafeHtml.WhiteListType)
  location: variable descriptorBuilder of type org.hibernate.validator.internal.util.annotationfactory.AnnotationDescriptor<org.hibernate.validator.constraints.SafeHtml>
[ERROR] /PoCAdaptation/exploit/result/CVE-2019-10219/6.0.3.Final/exploit/src/test/java/edu/vision/se/Testcase1.java:[37,26] cannot find symbol
  symbol:   method setAttribute(java.lang.String,org.hibernate.validator.constraints.SafeHtml.WhiteListType)
  location: variable descriptorBuilder of type org.hibernate.validator.internal.util.annotationfactory.AnnotationDescriptor<org.hibernate.validator.constraints.SafeHtml>
[ERROR] /PoCAdaptation/exploit/result/CVE-2019-10219/6.0.3.Final/exploit/src/test/java/edu/vision/se/Testcase1.java:[45,26] cannot find symbol
  symbol:   method setAttribute(java.lang.String,org.hibernate.validator.constraints.SafeHtml.WhiteListType)
  location: variable descriptorBuilder of type org.hibernate.validator.internal.util.annotationfactory.AnnotationDescriptor<org.hibernate.validator.constraints.SafeHtml>
[ERROR] /PoCAdaptation/exploit/result/CVE-2019-10219/6.0.3.Final/exploit/src/test/java/edu/vision/se/Testcase1.java:[53,26] cannot find symbol
  symbol:   method setAttribute(java.lang.String,org.hibernate.validator.constraints.SafeHtml.WhiteListType)
  location: variable descriptorBuilder of type org.hibernate.validator.internal.util.annotationfactory.AnnotationDescriptor<org.hibernate.validator.constraints.SafeHtml>
[ERROR] /PoCAdaptation/exploit/result/CVE-2019-10219/6.0.3.Final/exploit/src/test/java/edu/vision/se/Testcase1.java:[61,26] cannot find symbol
  symbol:   method setAttribute(java.lang.String,org.hibernate.validator.constraints.SafeHtml.WhiteListType)
  location: variable descriptorBuilder of type org.hibernate.validator.internal.util.annotationfactory.AnnotationDescriptor<org.hibernate.validator.constraints.SafeHtml>
[INFO] 6 errors 
[INFO] -------------------------------------------------------------
[INFO] ------------------------------------------------------------------------
[INFO] BUILD FAILURE
[INFO] ------------------------------------------------------------------------
[INFO] Total time:  1.057 s
[INFO] Finished at: 2025-07-13T13:49:50Z
[INFO] ------------------------------------------------------------------------
[ERROR] Failed to execute goal org.apache.maven.plugins:maven-compiler-plugin:3.1:testCompile (default-testCompile) on project CVE-2019-10219: Compilation failure: Compilation failure: 
[ERROR] /PoCAdaptation/exploit/result/CVE-2019-10219/6.0.3.Final/exploit/src/test/java/edu/vision/se/Testcase1.java:[17,39] cannot find symbol
[ERROR]   symbol:   method createAnnotation()
[ERROR]   location: variable descriptorBuilder of type org.hibernate.validator.internal.util.annotationfactory.AnnotationDescriptor<org.hibernate.validator.constraints.SafeHtml>
[ERROR] /PoCAdaptation/exploit/result/CVE-2019-10219/6.0.3.Final/exploit/src/test/java/edu/vision/se/Testcase1.java:[29,26] cannot find symbol
[ERROR]   symbol:   method setAttribute(java.lang.String,org.hibernate.validator.constraints.SafeHtml.WhiteListType)
[ERROR]   location: variable descriptorBuilder of type org.hibernate.validator.internal.util.annotationfactory.AnnotationDescriptor<org.hibernate.validator.constraints.SafeHtml>
[ERROR] /PoCAdaptation/exploit/result/CVE-2019-10219/6.0.3.Final/exploit/src/test/java/edu/vision/se/Testcase1.java:[37,26] cannot find symbol
[ERROR]   symbol:   method setAttribute(java.lang.String,org.hibernate.validator.constraints.SafeHtml.WhiteListType)
[ERROR]   location: variable descriptorBuilder of type org.hibernate.validator.internal.util.annotationfactory.AnnotationDescriptor<org.hibernate.validator.constraints.SafeHtml>
[ERROR] /PoCAdaptation/exploit/result/CVE-2019-10219/6.0.3.Final/exploit/src/test/java/edu/vision/se/Testcase1.java:[45,26] cannot find symbol
[ERROR]   symbol:   method setAttribute(java.lang.String,org.hibernate.validator.constraints.SafeHtml.WhiteListType)
[ERROR]   location: variable descriptorBuilder of type org.hibernate.validator.internal.util.annotationfactory.AnnotationDescriptor<org.hibernate.validator.constraints.SafeHtml>
[ERROR] /PoCAdaptation/exploit/result/CVE-2019-10219/6.0.3.Final/exploit/src/test/java/edu/vision/se/Testcase1.java:[53,26] cannot find symbol
[ERROR]   symbol:   method setAttribute(java.lang.String,org.hibernate.validator.constraints.SafeHtml.WhiteListType)
[ERROR]   location: variable descriptorBuilder of type org.hibernate.validator.internal.util.annotationfactory.AnnotationDescriptor<org.hibernate.validator.constraints.SafeHtml>
[ERROR] /PoCAdaptation/exploit/result/CVE-2019-10219/6.0.3.Final/exploit/src/test/java/edu/vision/se/Testcase1.java:[61,26] cannot find symbol
[ERROR]   symbol:   method setAttribute(java.lang.String,org.hibernate.validator.constraints.SafeHtml.WhiteListType)
[ERROR]   location: variable descriptorBuilder of type org.hibernate.validator.internal.util.annotationfactory.AnnotationDescriptor<org.hibernate.validator.constraints.SafeHtml>
[ERROR] -> [Help 1]
[ERROR] 
[ERROR] To see the full stack trace of the errors, re-run Maven with the -e switch.
[ERROR] Re-run Maven using the -X switch to enable full debug logging.
[ERROR] 
[ERROR] For more information about the errors and possible solutions, please read the following articles:
[ERROR] [Help 1] http://cwiki.apache.org/confluence/display/MAVEN/MojoFailureException


current_pom file is:<?xml version='1.0' encoding='utf-8'?>
<project xmlns="http://maven.apache.org/POM/4.0.0" xmlns:xsi="http://www.w3.org/2001/XMLSchema-instance" xsi:schemaLocation="http://maven.apache.org/POM/4.0.0 http://maven.apache.org/xsd/maven-4.0.0.xsd">
    <groupId>edu.vision.se</groupId><version>1.0-SNAPSHOT</version><modelVersion>4.0.0</modelVersion>
    <artifactId>CVE-2019-10219</artifactId>

    <properties>
        <maven.compiler.source>11</maven.compiler.source>
        <maven.compiler.target>11</maven.compiler.target>
        <project.build.sourceEncoding>UTF-8</project.build.sourceEncoding>
    </properties>

    <dependencies>
        
        <dependency>
            <groupId>org.hibernate.validator</groupId>
            <artifactId>hibernate-validator</artifactId>
            <version>6.0.3.Final</version>
        </dependency>

        
        <dependency>
            <groupId>org.jsoup</groupId>
            <artifactId>jsoup</artifactId>
            <version>1.8.3</version>
        </dependency>

    <dependency><groupId>junit</groupId><artifactId>junit</artifactId><version>4.13.2</version></dependency>
    </dependencies>

</project>
[LLMClient] Response: 
test
[96m[Adapter] LLM response for fix position: test[0m
[LLMClient] Tokens used: 162 (prompt), 32 (completion), 194 (total)
[LLMClient] Prompt: 
You are given an error log when executing 'mvn test' in version 6.0.3.Final: 

Error: cannot find symbol, method createAnnotation(), variable descriptorBuilder of type org.hibernate.validator.internal.util.annotationfactory.AnnotationDescriptor<org.hibernate.validator.constraints.SafeHtml> 

The test executes as expected in 6.0.4.Final 

Error code:         SafeHtml p = descriptorBuilder.createAnnotation(); 

Extract two key *entities* from the error for searching related diffs 

The extracted entities should reflect code-level identifiers that are likely to appear in source code or diffs. 

Output each node as a `;`-separated list, with no explanations. 


[LLMClient] Response: 
`org.hibernate.validator.internal.util.annotationfactory.AnnotationDescriptor<org.hibernate.validator.constraints.SafeHtml>;descriptorBuilder.createAnnotation()`
[96m[ErrorManager] Extracted key entities: ['`org.hibernate.validator.internal.util.annotationfactory.AnnotationDescriptor<org.hibernate.validator.constraints.SafeHtml>', 'descriptorBuilder.createAnnotation()`'][0m
[96m[Adapter] Try to solve error: {'file': '/PoCAdaptation/exploit/result/CVE-2019-10219/6.0.3.Final/exploit/src/test/java/edu/vision/se/Testcase1.java', 'line': 17, 'column': 39, 'message': 'cannot find symbol', 'symbol': 'method createAnnotation()', 'location': 'variable descriptorBuilder of type org.hibernate.validator.internal.util.annotationfactory.AnnotationDescriptor<org.hibernate.validator.constraints.SafeHtml>', 'code_line': '        SafeHtml p = descriptorBuilder.createAnnotation();'} with cause: ['`org.hibernate.validator.internal.util.annotationfactory.AnnotationDescriptor<org.hibernate.validator.constraints.SafeHtml>', 'descriptorBuilder.createAnnotation()`'][0m
[LLMClient] Tokens used: 211 (prompt), 20 (completion), 231 (total)
[LLMClient] Prompt: 
You are given an error log when executing 'mvn test' in version 6.0.3.Final: 

Error: cannot find symbol, method createAnnotation(), variable descriptorBuilder of type org.hibernate.validator.internal.util.annotationfactory.AnnotationDescriptor<org.hibernate.validator.constraints.SafeHtml> 

The test executes as expected in 6.0.4.Final 

Error code:         SafeHtml p = descriptorBuilder.createAnnotation(); 

Extract two key *entities* from the error for searching related diffs 

The extracted entities should reflect code-level identifiers that are likely to appear in source code or diffs. 

Current cause: ['`org.hibernate.validator.internal.util.annotationfactory.AnnotationDescriptor<org.hibernate.validator.constraints.SafeHtml>', 'descriptorBuilder.createAnnotation()`'] 

 failed to catch, try simpler or other entities.

Output each node as a `;`-separated list, with no explanations. 


[LLMClient] Response: 
`org.hibernate.validator.internal.util.annotationfactory.AnnotationDescriptor;descriptorBuilder.createAnnotation`
[96m[ErrorManager] Extracted key entities: ['`org.hibernate.validator.internal.util.annotationfactory.AnnotationDescriptor', 'descriptorBuilder.createAnnotation`'][0m
[96m[Adapter] Related diffs for error: [(3, 1.0), (4, 1.0), (5, 1.0), (7, 1.0), (8, 1.0)][0m
[96m[Adapter] Fix position is in test code.[0m
[96m[RepairModule] Start repair for group: cannot find symbol | method createAnnotation() cause: ['`org.hibernate.validator.internal.util.annotationfactory.AnnotationDescriptor', 'descriptorBuilder.createAnnotation`'][0m
[96m[RepairModule] Trying best diff #3 with score 1.00[0m
[96m[RepairModule] Found 10 diff combinations for annealing.[0m
[96m[RepairModule] Iteration 1, temperature 1.000: Trying diff #(4, 7) with score 1.00[0m
[LLMClient] Tokens used: 1090 (prompt), 664 (completion), 1754 (total)
[LLMClient] Prompt: 
You are given a Java test file with compilation errors in version 6.0.3.Final:org.hibernate.validator:hibernate-validator.
This test file compiles and runs successfully in 6.0.4.Final.

The diff is related to the diff.
Your task has three steps:
 1. Locate the code where the compilation error occurs.
 2. Analyze the diff from 6.0.4.Final to 6.0.3.Final.
 3. Fix the error in the error position only when diff is helpful. Add import statement when needed according to the diff. 

Only output the modified version of the test file according to the diff. No explanations. If mocking, access fields via reflection if they exist.
### Compilation Errors:
message: cannot find symbol, symble: method createAnnotation(), location: variable descriptorBuilder of type org.hibernate.validator.internal.util.annotationfactory.AnnotationDescriptor<org.hibernate.validator.constraints.SafeHtml>

### Error Position:
        SafeHtml p = descriptorBuilder.createAnnotation();

### Related Diff:
Operation: MODIFIED, File: build-config/pom.xml, Hunk: @@ -11,7 +11,7 @@
     <parent>
         <groupId>org.hibernate.validator</groupId>
         <artifactId>hibernate-validator-parent</artifactId>
+        <version>6.0.3.Final</version>
-        <version>6.0.4.Final</version>
         <relativePath>../pom.xml</relativePath>
     </parent>

Operation: MODIFIED, File: distribution/pom.xml, Hunk: @@ -10,7 +10,7 @@
     <parent>
         <groupId>org.hibernate.validator</groupId>
         <artifactId>hibernate-validator-parent</artifactId>
+        <version>6.0.3.Final</version>
-        <version>6.0.4.Final</version>
         <relativePath>../pom.xml</relativePath>
     </parent>

### Test File Content:
package edu.vision.se;

import org.hibernate.validator.constraints.SafeHtml;
import org.hibernate.validator.constraints.SafeHtml.WhiteListType;
import org.hibernate.validator.internal.constraintvalidators.hv.SafeHtmlValidator;
import org.junit.Test;
import org.hibernate.validator.internal.util.annotationfactory.AnnotationDescriptor;
import static org.junit.Assert.assertFalse;
import org.jsoup.safety.Whitelist;  // è§£å†³ 10ClassNotFound é—®é¢˜


public class Testcase1 {

    private AnnotationDescriptor<SafeHtml> descriptorBuilder;

    private SafeHtmlValidator getSafeHtmlValidator() {
        SafeHtml p = descriptorBuilder.createAnnotation();
        SafeHtmlValidator validator = new SafeHtmlValidator();
        validator.initialize( p );
        return validator;
    }

    @Test
    // A "downlevel revealed" conditional 'comment' is not an (X)HTML comment at all,
    // despite the misleading name, it is default Microsoft syntax.
    // The tag is unrecognized by therefore executed
    public void testDownlevelRevealedConditionalComment() throws Exception {
        descriptorBuilder = new AnnotationDescriptor<>( SafeHtml.class );
        descriptorBuilder.setAttribute("whitelistType", WhiteListType.BASIC);

        assertFalse( getSafeHtmlValidator().isValid( "<![if !IE]>\n<SCRIPT>alert{'XSS'};</SCRIPT>\n<![endif]>", null ) );
    }

    @Test
    public void testDownlevelHiddenConditionalComment() throws Exception {
        descriptorBuilder = new AnnotationDescriptor<>( SafeHtml.class );
        descriptorBuilder.setAttribute( "whitelistType", WhiteListType.BASIC );

        assertFalse( getSafeHtmlValidator().isValid( "<!--[if gte IE 4]>\n<SCRIPT>alert{'XSS'};</SCRIPT>\n<![endif]-->", null ) );
    }

    @Test
    public void testSimpleComment() throws Exception {
        descriptorBuilder = new AnnotationDescriptor<>( SafeHtml.class );
        descriptorBuilder.setAttribute( "whitelistType", WhiteListType.BASIC );

        assertFalse( getSafeHtmlValidator().isValid( "<!-- Just a comment -->", null ) );
    }

    @Test
    public void testServerSideIncludesSSI() throws Exception {
        descriptorBuilder = new AnnotationDescriptor<>( SafeHtml.class );
        descriptorBuilder.setAttribute( "whitelistType", WhiteListType.BASIC );

        assertFalse( getSafeHtmlValidator().isValid( "<? echo{'<SCR}'; echo{'IPT>alert{\"XSS\"}</SCRIPT>'}; ?>", null ) );
    }

    @Test
    public void testPHPScript() throws Exception {
        descriptorBuilder = new AnnotationDescriptor<>( SafeHtml.class );
        descriptorBuilder.setAttribute( "whitelistType", WhiteListType.BASIC );

        assertFalse( getSafeHtmlValidator().isValid( "<? echo{'<SCR}'; echo{'IPT>alert{\"XSS\"}</SCRIPT>'}; ?>", null ) );
    }
}



[LLMClient] Response: 
Here's the modified version of the test file according to the diff:

```java
package edu.vision.se;

import org.hibernate.validator.constraints.SafeHtml;
import org.hibernate.validator.constraints.SafeHtml.WhiteListType;
import org.hibernate.validator.internal.constraintvalidators.hv.SafeHtmlValidator;
import org.junit.Test;
import org.hibernate.validator.internal.util.annotationfactory.AnnotationDescriptor;
import static org.junit.Assert.assertFalse;
import org.jsoup.safety.Whitelist;  // è§£å†³ 10ClassNotFound é—®é¢˜


public class Testcase1 {

    private AnnotationDescriptor<SafeHtml> descriptorBuilder;

    private SafeHtmlValidator getSafeHtmlValidator() {
        SafeHtml p = descriptorBuilder.buildAnnotation();
        SafeHtmlValidator validator = new SafeHtmlValidator();
        validator.initialize( p );
        return validator;
    }

    @Test
    // A "downlevel revealed" conditional 'comment' is not an (X)HTML comment at all,
    // despite the misleading name, it is default Microsoft syntax.
    // The tag is unrecognized by therefore executed
    public void testDownlevelRevealedConditionalComment() throws Exception {
        descriptorBuilder = new AnnotationDescriptor<>( SafeHtml.class );
        descriptorBuilder.setAttribute("whitelistType", WhiteListType.BASIC);

        assertFalse( getSafeHtmlValidator().isValid( "<![if !IE]>\n<SCRIPT>alert{'XSS'};</SCRIPT>\n<![endif]>", null ) );
    }

    @Test
    public void testDownlevelHiddenConditionalComment() throws Exception {
        descriptorBuilder = new AnnotationDescriptor<>( SafeHtml.class );
        descriptorBuilder.setAttribute( "whitelistType", WhiteListType.BASIC );

        assertFalse( getSafeHtmlValidator().isValid( "<!--[if gte IE 4]>\n<SCRIPT>alert{'XSS'};</SCRIPT>\n<![endif]-->", null ) );
    }

    @Test
    public void testSimpleComment() throws Exception {
        descriptorBuilder = new AnnotationDescriptor<>( SafeHtml.class );
        descriptorBuilder.setAttribute( "whitelistType", WhiteListType.BASIC );

        assertFalse( getSafeHtmlValidator().isValid( "<!-- Just a comment -->", null ) );
    }

    @Test
    public void testServerSideIncludesSSI() throws Exception {
        descriptorBuilder = new AnnotationDescriptor<>( SafeHtml.class );
        descriptorBuilder.setAttribute( "whitelistType", WhiteListType.BASIC );

        assertFalse( getSafeHtmlValidator().isValid( "<? echo{'<SCR}'; echo{'IPT>alert{\"XSS\"}</SCRIPT>'}; ?>", null ) );
    }

    @Test
    public void testPHPScript() throws Exception {
        descriptorBuilder = new AnnotationDescriptor<>( SafeHtml.class );
        descriptorBuilder.setAttribute( "whitelistType", WhiteListType.BASIC );

        assertFalse( getSafeHtmlValidator().isValid( "<? echo{'<SCR}'; echo{'IPT>alert{\"XSS\"}</SCRIPT>'}; ?>", null ) );
    }
}
```
[96m[RepairModule] Wrote modified code to /PoCAdaptation/exploit/result/CVE-2019-10219/6.0.3.Final/exploit/src/test/java/edu/vision/se/Testcase1.java[0m
[96m[Executor] Executing exploit for CVE-2019-10219 on version 6.0.3.Final...[0m
[96m[Verifier] Verifying reproduction...[0m
[91m[Verifier] âœ— Behavior not found: 'java.lang.AssertionError'[0m
[91m[Executor] Reproduction result: Failure[0m
[96m[ErrorManager] Ignoring line: [ERROR] Failed to execute goal org.apache.maven.plugins:maven-compiler-plugin:3.1:testCompile (default-testCompile) on project CVE-2019-10219: Compilation failure: Compilation failure:[0m
[92m[ErrorManager] Processing line: [ERROR] /PoCAdaptation/exploit/result/CVE-2019-10219/6.0.3.Final/exploit/src/test/java/edu/vision/se/Testcase1.java:[17,39] cannot find symbol[0m
[92m[ErrorManager] Processing line: [ERROR]   symbol:   method buildAnnotation()[0m
[92m[ErrorManager] Processing line: [ERROR]   location: variable descriptorBuilder of type org.hibernate.validator.internal.util.annotationfactory.AnnotationDescriptor<org.hibernate.validator.constraints.SafeHtml>[0m
[92m[ErrorManager] Processing line: [ERROR] /PoCAdaptation/exploit/result/CVE-2019-10219/6.0.3.Final/exploit/src/test/java/edu/vision/se/Testcase1.java:[29,26] cannot find symbol[0m
[92m[ErrorManager] Processing line: [ERROR]   symbol:   method setAttribute(java.lang.String,org.hibernate.validator.constraints.SafeHtml.WhiteListType)[0m
[92m[ErrorManager] Processing line: [ERROR]   location: variable descriptorBuilder of type org.hibernate.validator.internal.util.annotationfactory.AnnotationDescriptor<org.hibernate.validator.constraints.SafeHtml>[0m
[92m[ErrorManager] Processing line: [ERROR] /PoCAdaptation/exploit/result/CVE-2019-10219/6.0.3.Final/exploit/src/test/java/edu/vision/se/Testcase1.java:[37,26] cannot find symbol[0m
[92m[ErrorManager] Processing line: [ERROR]   symbol:   method setAttribute(java.lang.String,org.hibernate.validator.constraints.SafeHtml.WhiteListType)[0m
[92m[ErrorManager] Processing line: [ERROR]   location: variable descriptorBuilder of type org.hibernate.validator.internal.util.annotationfactory.AnnotationDescriptor<org.hibernate.validator.constraints.SafeHtml>[0m
[92m[ErrorManager] Processing line: [ERROR] /PoCAdaptation/exploit/result/CVE-2019-10219/6.0.3.Final/exploit/src/test/java/edu/vision/se/Testcase1.java:[45,26] cannot find symbol[0m
[92m[ErrorManager] Processing line: [ERROR]   symbol:   method setAttribute(java.lang.String,org.hibernate.validator.constraints.SafeHtml.WhiteListType)[0m
[92m[ErrorManager] Processing line: [ERROR]   location: variable descriptorBuilder of type org.hibernate.validator.internal.util.annotationfactory.AnnotationDescriptor<org.hibernate.validator.constraints.SafeHtml>[0m
[92m[ErrorManager] Processing line: [ERROR] /PoCAdaptation/exploit/result/CVE-2019-10219/6.0.3.Final/exploit/src/test/java/edu/vision/se/Testcase1.java:[53,26] cannot find symbol[0m
[92m[ErrorManager] Processing line: [ERROR]   symbol:   method setAttribute(java.lang.String,org.hibernate.validator.constraints.SafeHtml.WhiteListType)[0m
[92m[ErrorManager] Processing line: [ERROR]   location: variable descriptorBuilder of type org.hibernate.validator.internal.util.annotationfactory.AnnotationDescriptor<org.hibernate.validator.constraints.SafeHtml>[0m
[92m[ErrorManager] Processing line: [ERROR] /PoCAdaptation/exploit/result/CVE-2019-10219/6.0.3.Final/exploit/src/test/java/edu/vision/se/Testcase1.java:[61,26] cannot find symbol[0m
[92m[ErrorManager] Processing line: [ERROR]   symbol:   method setAttribute(java.lang.String,org.hibernate.validator.constraints.SafeHtml.WhiteListType)[0m
[92m[ErrorManager] Processing line: [ERROR]   location: variable descriptorBuilder of type org.hibernate.validator.internal.util.annotationfactory.AnnotationDescriptor<org.hibernate.validator.constraints.SafeHtml>[0m
[96m[ErrorManager] Ignoring line: [ERROR] -> [Help 1][0m
[96m[ErrorManager] Ignoring line: [ERROR][0m
[96m[ErrorManager] Ignoring line: [ERROR] To see the full stack trace of the errors, re-run Maven with the -e switch.[0m
[96m[ErrorManager] Ignoring line: [ERROR] Re-run Maven using the -X switch to enable full debug logging.[0m
[96m[ErrorManager] Ignoring line: [ERROR][0m
[96m[ErrorManager] Ignoring line: [ERROR] For more information about the errors and possible solutions, please read the following articles:[0m
[96m[ErrorManager] Ignoring line: [ERROR] [Help 1] http://cwiki.apache.org/confluence/display/MAVEN/MojoFailureException[0m
[RepairModule] Old grouped keys: {'cannot find symbol | method createAnnotation()', 'cannot find symbol | method setAttribute(java.lang.String,org.hibernate.validator.constraints.SafeHtml.WhiteListType)'}
[RepairModule] New grouped keys: {'cannot find symbol | method setAttribute(java.lang.String,org.hibernate.validator.constraints.SafeHtml.WhiteListType)', 'cannot find symbol | method buildAnnotation()'}
[93m[RepairModule] [Analyzer] New error:
  File     : /PoCAdaptation/exploit/result/CVE-2019-10219/6.0.3.Final/exploit/src/test/java/edu/vision/se/Testcase1.java
  Line     : 17, Column: 39
  Message  : cannot find symbol
  Symbol   : method buildAnnotation()
  Location : variable descriptorBuilder of type org.hibernate.validator.internal.util.annotationfactory.AnnotationDescriptor<org.hibernate.validator.constraints.SafeHtml>
  Code     : SafeHtml p = descriptorBuilder.buildAnnotation();
  Position : same the fixing line (17)[0m
[92m[RepairModule] Error cannot find symbol resolved after applying diff.[0m
[92m[RepairModule] Repair success with diff #(4, 7) at iteration 1![0m
[96m[Adapter] Test code repair attempted.[0m
[96m[Executor] Executing exploit for CVE-2019-10219 on version 6.0.3.Final...[0m
[96m[Verifier] Verifying reproduction...[0m
[91m[Verifier] âœ— Behavior not found: 'java.lang.AssertionError'[0m
[91m[Executor] Reproduction result: Failure[0m
[96m[ErrorManager] Ignoring line: [ERROR] Failed to execute goal org.apache.maven.plugins:maven-compiler-plugin:3.1:testCompile (default-testCompile) on project CVE-2019-10219: Compilation failure: Compilation failure:[0m
[92m[ErrorManager] Processing line: [ERROR] /PoCAdaptation/exploit/result/CVE-2019-10219/6.0.3.Final/exploit/src/test/java/edu/vision/se/Testcase1.java:[17,39] cannot find symbol[0m
[92m[ErrorManager] Processing line: [ERROR]   symbol:   method buildAnnotation()[0m
[92m[ErrorManager] Processing line: [ERROR]   location: variable descriptorBuilder of type org.hibernate.validator.internal.util.annotationfactory.AnnotationDescriptor<org.hibernate.validator.constraints.SafeHtml>[0m
[92m[ErrorManager] Processing line: [ERROR] /PoCAdaptation/exploit/result/CVE-2019-10219/6.0.3.Final/exploit/src/test/java/edu/vision/se/Testcase1.java:[29,26] cannot find symbol[0m
[92m[ErrorManager] Processing line: [ERROR]   symbol:   method setAttribute(java.lang.String,org.hibernate.validator.constraints.SafeHtml.WhiteListType)[0m
[92m[ErrorManager] Processing line: [ERROR]   location: variable descriptorBuilder of type org.hibernate.validator.internal.util.annotationfactory.AnnotationDescriptor<org.hibernate.validator.constraints.SafeHtml>[0m
[92m[ErrorManager] Processing line: [ERROR] /PoCAdaptation/exploit/result/CVE-2019-10219/6.0.3.Final/exploit/src/test/java/edu/vision/se/Testcase1.java:[37,26] cannot find symbol[0m
[92m[ErrorManager] Processing line: [ERROR]   symbol:   method setAttribute(java.lang.String,org.hibernate.validator.constraints.SafeHtml.WhiteListType)[0m
[92m[ErrorManager] Processing line: [ERROR]   location: variable descriptorBuilder of type org.hibernate.validator.internal.util.annotationfactory.AnnotationDescriptor<org.hibernate.validator.constraints.SafeHtml>[0m
[92m[ErrorManager] Processing line: [ERROR] /PoCAdaptation/exploit/result/CVE-2019-10219/6.0.3.Final/exploit/src/test/java/edu/vision/se/Testcase1.java:[45,26] cannot find symbol[0m
[92m[ErrorManager] Processing line: [ERROR]   symbol:   method setAttribute(java.lang.String,org.hibernate.validator.constraints.SafeHtml.WhiteListType)[0m
[92m[ErrorManager] Processing line: [ERROR]   location: variable descriptorBuilder of type org.hibernate.validator.internal.util.annotationfactory.AnnotationDescriptor<org.hibernate.validator.constraints.SafeHtml>[0m
[92m[ErrorManager] Processing line: [ERROR] /PoCAdaptation/exploit/result/CVE-2019-10219/6.0.3.Final/exploit/src/test/java/edu/vision/se/Testcase1.java:[53,26] cannot find symbol[0m
[92m[ErrorManager] Processing line: [ERROR]   symbol:   method setAttribute(java.lang.String,org.hibernate.validator.constraints.SafeHtml.WhiteListType)[0m
[92m[ErrorManager] Processing line: [ERROR]   location: variable descriptorBuilder of type org.hibernate.validator.internal.util.annotationfactory.AnnotationDescriptor<org.hibernate.validator.constraints.SafeHtml>[0m
[92m[ErrorManager] Processing line: [ERROR] /PoCAdaptation/exploit/result/CVE-2019-10219/6.0.3.Final/exploit/src/test/java/edu/vision/se/Testcase1.java:[61,26] cannot find symbol[0m
[92m[ErrorManager] Processing line: [ERROR]   symbol:   method setAttribute(java.lang.String,org.hibernate.validator.constraints.SafeHtml.WhiteListType)[0m
[92m[ErrorManager] Processing line: [ERROR]   location: variable descriptorBuilder of type org.hibernate.validator.internal.util.annotationfactory.AnnotationDescriptor<org.hibernate.validator.constraints.SafeHtml>[0m
[96m[ErrorManager] Ignoring line: [ERROR] -> [Help 1][0m
[96m[ErrorManager] Ignoring line: [ERROR][0m
[96m[ErrorManager] Ignoring line: [ERROR] To see the full stack trace of the errors, re-run Maven with the -e switch.[0m
[96m[ErrorManager] Ignoring line: [ERROR] Re-run Maven using the -X switch to enable full debug logging.[0m
[96m[ErrorManager] Ignoring line: [ERROR][0m
[96m[ErrorManager] Ignoring line: [ERROR] For more information about the errors and possible solutions, please read the following articles:[0m
[96m[ErrorManager] Ignoring line: [ERROR] [Help 1] http://cwiki.apache.org/confluence/display/MAVEN/MojoFailureException[0m
[96m[Adapter] Locating fix position in error log.[0m
[LLMClient] Tokens used: 2593 (prompt), 1 (completion), 2594 (total)
[LLMClient] Prompt: 
You are given a Java error log when executing 'mvn test' in a project with dependency version 6.0.3.Final:org.hibernate.validator:hibernate-validator.
This test file compiles and runs successfully with version 6.0.4.Final.

Your task is to:
1. Analyze why this issue occurs with the *6.0.4.Final* but not with the *6.0.3.Final version*.
2. Consider how to resolve the issue **without updating this library**.
3. Determine and output the location in the project that should be modified to fix the problem.

Please return 'pom' if the fix is in the pom.xml file, or 'test' if the fix is in the test code.
Do not return any other text, just 'pom' or 'test'.

The error log is:
[INFO] Scanning for projects...
[INFO] 
[INFO] --------------------< edu.vision.se:CVE-2019-10219 >--------------------
[INFO] Building CVE-2019-10219 1.0-SNAPSHOT
[INFO]   from pom.xml
[INFO] --------------------------------[ jar ]---------------------------------
[INFO] 
[INFO] --- maven-clean-plugin:2.5:clean (default-clean) @ CVE-2019-10219 ---
[INFO] Deleting /PoCAdaptation/exploit/result/CVE-2019-10219/6.0.3.Final/exploit/target
[INFO] 
[INFO] --- maven-resources-plugin:2.6:resources (default-resources) @ CVE-2019-10219 ---
[INFO] Using 'UTF-8' encoding to copy filtered resources.
[INFO] skip non existing resourceDirectory /PoCAdaptation/exploit/result/CVE-2019-10219/6.0.3.Final/exploit/src/main/resources
[INFO] 
[INFO] --- maven-compiler-plugin:3.1:compile (default-compile) @ CVE-2019-10219 ---
[INFO] No sources to compile
[INFO] 
[INFO] --- maven-resources-plugin:2.6:testResources (default-testResources) @ CVE-2019-10219 ---
[INFO] Using 'UTF-8' encoding to copy filtered resources.
[INFO] skip non existing resourceDirectory /PoCAdaptation/exploit/result/CVE-2019-10219/6.0.3.Final/exploit/src/test/resources
[INFO] 
[INFO] --- maven-compiler-plugin:3.1:testCompile (default-testCompile) @ CVE-2019-10219 ---
[INFO] Changes detected - recompiling the module!
[INFO] Compiling 1 source file to /PoCAdaptation/exploit/result/CVE-2019-10219/6.0.3.Final/exploit/target/test-classes
[INFO] -------------------------------------------------------------
[ERROR] COMPILATION ERROR : 
[INFO] -------------------------------------------------------------
[ERROR] /PoCAdaptation/exploit/result/CVE-2019-10219/6.0.3.Final/exploit/src/test/java/edu/vision/se/Testcase1.java:[17,39] cannot find symbol
  symbol:   method buildAnnotation()
  location: variable descriptorBuilder of type org.hibernate.validator.internal.util.annotationfactory.AnnotationDescriptor<org.hibernate.validator.constraints.SafeHtml>
[ERROR] /PoCAdaptation/exploit/result/CVE-2019-10219/6.0.3.Final/exploit/src/test/java/edu/vision/se/Testcase1.java:[29,26] cannot find symbol
  symbol:   method setAttribute(java.lang.String,org.hibernate.validator.constraints.SafeHtml.WhiteListType)
  location: variable descriptorBuilder of type org.hibernate.validator.internal.util.annotationfactory.AnnotationDescriptor<org.hibernate.validator.constraints.SafeHtml>
[ERROR] /PoCAdaptation/exploit/result/CVE-2019-10219/6.0.3.Final/exploit/src/test/java/edu/vision/se/Testcase1.java:[37,26] cannot find symbol
  symbol:   method setAttribute(java.lang.String,org.hibernate.validator.constraints.SafeHtml.WhiteListType)
  location: variable descriptorBuilder of type org.hibernate.validator.internal.util.annotationfactory.AnnotationDescriptor<org.hibernate.validator.constraints.SafeHtml>
[ERROR] /PoCAdaptation/exploit/result/CVE-2019-10219/6.0.3.Final/exploit/src/test/java/edu/vision/se/Testcase1.java:[45,26] cannot find symbol
  symbol:   method setAttribute(java.lang.String,org.hibernate.validator.constraints.SafeHtml.WhiteListType)
  location: variable descriptorBuilder of type org.hibernate.validator.internal.util.annotationfactory.AnnotationDescriptor<org.hibernate.validator.constraints.SafeHtml>
[ERROR] /PoCAdaptation/exploit/result/CVE-2019-10219/6.0.3.Final/exploit/src/test/java/edu/vision/se/Testcase1.java:[53,26] cannot find symbol
  symbol:   method setAttribute(java.lang.String,org.hibernate.validator.constraints.SafeHtml.WhiteListType)
  location: variable descriptorBuilder of type org.hibernate.validator.internal.util.annotationfactory.AnnotationDescriptor<org.hibernate.validator.constraints.SafeHtml>
[ERROR] /PoCAdaptation/exploit/result/CVE-2019-10219/6.0.3.Final/exploit/src/test/java/edu/vision/se/Testcase1.java:[61,26] cannot find symbol
  symbol:   method setAttribute(java.lang.String,org.hibernate.validator.constraints.SafeHtml.WhiteListType)
  location: variable descriptorBuilder of type org.hibernate.validator.internal.util.annotationfactory.AnnotationDescriptor<org.hibernate.validator.constraints.SafeHtml>
[INFO] 6 errors 
[INFO] -------------------------------------------------------------
[INFO] ------------------------------------------------------------------------
[INFO] BUILD FAILURE
[INFO] ------------------------------------------------------------------------
[INFO] Total time:  0.870 s
[INFO] Finished at: 2025-07-13T13:50:32Z
[INFO] ------------------------------------------------------------------------
[ERROR] Failed to execute goal org.apache.maven.plugins:maven-compiler-plugin:3.1:testCompile (default-testCompile) on project CVE-2019-10219: Compilation failure: Compilation failure: 
[ERROR] /PoCAdaptation/exploit/result/CVE-2019-10219/6.0.3.Final/exploit/src/test/java/edu/vision/se/Testcase1.java:[17,39] cannot find symbol
[ERROR]   symbol:   method buildAnnotation()
[ERROR]   location: variable descriptorBuilder of type org.hibernate.validator.internal.util.annotationfactory.AnnotationDescriptor<org.hibernate.validator.constraints.SafeHtml>
[ERROR] /PoCAdaptation/exploit/result/CVE-2019-10219/6.0.3.Final/exploit/src/test/java/edu/vision/se/Testcase1.java:[29,26] cannot find symbol
[ERROR]   symbol:   method setAttribute(java.lang.String,org.hibernate.validator.constraints.SafeHtml.WhiteListType)
[ERROR]   location: variable descriptorBuilder of type org.hibernate.validator.internal.util.annotationfactory.AnnotationDescriptor<org.hibernate.validator.constraints.SafeHtml>
[ERROR] /PoCAdaptation/exploit/result/CVE-2019-10219/6.0.3.Final/exploit/src/test/java/edu/vision/se/Testcase1.java:[37,26] cannot find symbol
[ERROR]   symbol:   method setAttribute(java.lang.String,org.hibernate.validator.constraints.SafeHtml.WhiteListType)
[ERROR]   location: variable descriptorBuilder of type org.hibernate.validator.internal.util.annotationfactory.AnnotationDescriptor<org.hibernate.validator.constraints.SafeHtml>
[ERROR] /PoCAdaptation/exploit/result/CVE-2019-10219/6.0.3.Final/exploit/src/test/java/edu/vision/se/Testcase1.java:[45,26] cannot find symbol
[ERROR]   symbol:   method setAttribute(java.lang.String,org.hibernate.validator.constraints.SafeHtml.WhiteListType)
[ERROR]   location: variable descriptorBuilder of type org.hibernate.validator.internal.util.annotationfactory.AnnotationDescriptor<org.hibernate.validator.constraints.SafeHtml>
[ERROR] /PoCAdaptation/exploit/result/CVE-2019-10219/6.0.3.Final/exploit/src/test/java/edu/vision/se/Testcase1.java:[53,26] cannot find symbol
[ERROR]   symbol:   method setAttribute(java.lang.String,org.hibernate.validator.constraints.SafeHtml.WhiteListType)
[ERROR]   location: variable descriptorBuilder of type org.hibernate.validator.internal.util.annotationfactory.AnnotationDescriptor<org.hibernate.validator.constraints.SafeHtml>
[ERROR] /PoCAdaptation/exploit/result/CVE-2019-10219/6.0.3.Final/exploit/src/test/java/edu/vision/se/Testcase1.java:[61,26] cannot find symbol
[ERROR]   symbol:   method setAttribute(java.lang.String,org.hibernate.validator.constraints.SafeHtml.WhiteListType)
[ERROR]   location: variable descriptorBuilder of type org.hibernate.validator.internal.util.annotationfactory.AnnotationDescriptor<org.hibernate.validator.constraints.SafeHtml>
[ERROR] -> [Help 1]
[ERROR] 
[ERROR] To see the full stack trace of the errors, re-run Maven with the -e switch.
[ERROR] Re-run Maven using the -X switch to enable full debug logging.
[ERROR] 
[ERROR] For more information about the errors and possible solutions, please read the following articles:
[ERROR] [Help 1] http://cwiki.apache.org/confluence/display/MAVEN/MojoFailureException


current_pom file is:<?xml version='1.0' encoding='utf-8'?>
<project xmlns="http://maven.apache.org/POM/4.0.0" xmlns:xsi="http://www.w3.org/2001/XMLSchema-instance" xsi:schemaLocation="http://maven.apache.org/POM/4.0.0 http://maven.apache.org/xsd/maven-4.0.0.xsd">
    <groupId>edu.vision.se</groupId><version>1.0-SNAPSHOT</version><modelVersion>4.0.0</modelVersion>
    <artifactId>CVE-2019-10219</artifactId>

    <properties>
        <maven.compiler.source>11</maven.compiler.source>
        <maven.compiler.target>11</maven.compiler.target>
        <project.build.sourceEncoding>UTF-8</project.build.sourceEncoding>
    </properties>

    <dependencies>
        
        <dependency>
            <groupId>org.hibernate.validator</groupId>
            <artifactId>hibernate-validator</artifactId>
            <version>6.0.3.Final</version>
        </dependency>

        
        <dependency>
            <groupId>org.jsoup</groupId>
            <artifactId>jsoup</artifactId>
            <version>1.8.3</version>
        </dependency>

    <dependency><groupId>junit</groupId><artifactId>junit</artifactId><version>4.13.2</version></dependency>
    </dependencies>

</project>
[LLMClient] Response: 
test
[96m[Adapter] LLM response for fix position: test[0m
[LLMClient] Tokens used: 162 (prompt), 32 (completion), 194 (total)
[LLMClient] Prompt: 
You are given an error log when executing 'mvn test' in version 6.0.3.Final: 

Error: cannot find symbol, method buildAnnotation(), variable descriptorBuilder of type org.hibernate.validator.internal.util.annotationfactory.AnnotationDescriptor<org.hibernate.validator.constraints.SafeHtml> 

The test executes as expected in 6.0.4.Final 

Error code:         SafeHtml p = descriptorBuilder.buildAnnotation(); 

Extract two key *entities* from the error for searching related diffs 

The extracted entities should reflect code-level identifiers that are likely to appear in source code or diffs. 

Output each node as a `;`-separated list, with no explanations. 


[LLMClient] Response: 
`org.hibernate.validator.internal.util.annotationfactory.AnnotationDescriptor<org.hibernate.validator.constraints.SafeHtml>;descriptorBuilder.buildAnnotation()`
[96m[ErrorManager] Extracted key entities: ['`org.hibernate.validator.internal.util.annotationfactory.AnnotationDescriptor<org.hibernate.validator.constraints.SafeHtml>', 'descriptorBuilder.buildAnnotation()`'][0m
[96m[Adapter] Try to solve error: {'file': '/PoCAdaptation/exploit/result/CVE-2019-10219/6.0.3.Final/exploit/src/test/java/edu/vision/se/Testcase1.java', 'line': 17, 'column': 39, 'message': 'cannot find symbol', 'symbol': 'method buildAnnotation()', 'location': 'variable descriptorBuilder of type org.hibernate.validator.internal.util.annotationfactory.AnnotationDescriptor<org.hibernate.validator.constraints.SafeHtml>', 'code_line': '        SafeHtml p = descriptorBuilder.buildAnnotation();'} with cause: ['`org.hibernate.validator.internal.util.annotationfactory.AnnotationDescriptor<org.hibernate.validator.constraints.SafeHtml>', 'descriptorBuilder.buildAnnotation()`'][0m
[LLMClient] Tokens used: 211 (prompt), 18 (completion), 229 (total)
[LLMClient] Prompt: 
You are given an error log when executing 'mvn test' in version 6.0.3.Final: 

Error: cannot find symbol, method buildAnnotation(), variable descriptorBuilder of type org.hibernate.validator.internal.util.annotationfactory.AnnotationDescriptor<org.hibernate.validator.constraints.SafeHtml> 

The test executes as expected in 6.0.4.Final 

Error code:         SafeHtml p = descriptorBuilder.buildAnnotation(); 

Extract two key *entities* from the error for searching related diffs 

The extracted entities should reflect code-level identifiers that are likely to appear in source code or diffs. 

Current cause: ['`org.hibernate.validator.internal.util.annotationfactory.AnnotationDescriptor<org.hibernate.validator.constraints.SafeHtml>', 'descriptorBuilder.buildAnnotation()`'] 

 failed to catch, try simpler or other entities.

Output each node as a `;`-separated list, with no explanations. 


[LLMClient] Response: 
org.hibernate.validator.internal.util.annotationfactory.AnnotationDescriptor;descriptorBuilder.buildAnnotation
[96m[ErrorManager] Extracted key entities: ['org.hibernate.validator.internal.util.annotationfactory.AnnotationDescriptor', 'descriptorBuilder.buildAnnotation'][0m
[96m[Adapter] Related diffs for error: [(3, 1.0), (4, 1.0), (5, 1.0), (7, 1.0), (8, 1.0)][0m
[96m[Adapter] Fix position is in test code.[0m
[96m[RepairModule] Start repair for group: cannot find symbol | method buildAnnotation() cause: ['org.hibernate.validator.internal.util.annotationfactory.AnnotationDescriptor', 'descriptorBuilder.buildAnnotation'][0m
[96m[RepairModule] Trying best diff #3 with score 1.00[0m
[96m[RepairModule] Found 10 diff combinations for annealing.[0m
[96m[RepairModule] Iteration 1, temperature 1.000: Trying diff #3 with score 1.00[0m
[Adapt] â° Timeout: exceeded 300 seconds for 6.0.4.Final â†’ 6.0.3.Final
[91m[Adapter] Adaptation failed for 6.0.3.Final[0m

[Executor] â–¶ Summary of return codes:
  - Version 6.0.4.Final: âœ“ Success (exit code 0)
  - Version 6.0.3.Final: âœ— Failed (exit code 1)
