Running main_process.py for CVE: CVE-2013-6430
Versions: 1.2.1

[1m[Main] === Starting adaptation process for CVE-2013-6430 ===[0m
[96m[Processor] Fetching all available Maven versions...[0m
[96m[Analyzer] Loading cached versions from: /PoCAdaptation/library/org_springframework_spring-web.txt[0m
[96m[Analyzer] org.springframework:spring-web has 306 versions (cached).[0m
[96m[Processor] Identifying versions with successful reproduction...[0m
[96m[Processor] Pending versions: ['1.2.1', '1.2.2', '1.2.3', '1.2.4'][0m
[96m[Preparer] Pending directory already exists: /PoCAdaptation/exploit/pending/CVE-2013-6430[0m
[92m[Main] Total affected versions: 53[0m
[92m[Main] Already reproduced versions: 52[0m
[93m[Main] Versions pending adaptation: 1[0m
[96m[Main]     -> ['1.2.1'][0m
[96m[Main]     -> ['1.1.1', '1.1.2', '1.1.3', '1.1.4', '1.1.5', '1.2-rc1', '1.2-rc2', '1.2', '1.2.2', '1.2.3', '1.2.4', '1.2.5', '1.2.6', '1.2.7', '1.2.8', '1.2.9', '2.0-m1', '2.0-m2', '2.0', '2.0.1', '2.0.2', '2.0.3', '2.0.4', '2.0.5', '2.0.6', '2.0.7', '2.0.8', '2.5', '2.5.1', '2.5.2', '2.5.3', '2.5.4', '2.5.5', '2.5.6', '2.5.6.SEC01', '2.5.6.SEC02', '2.5.6.SEC03', '3.0.0.RELEASE', '3.0.1.RELEASE', '3.0.2.RELEASE', '3.0.3.RELEASE', '3.0.4.RELEASE', '3.0.5.RELEASE', '3.0.6.RELEASE', '3.0.7.RELEASE', '3.1.0.RELEASE', '3.1.1.RELEASE', '3.1.2.RELEASE', '3.1.3.RELEASE', '3.1.4.RELEASE', '3.2.0.RELEASE', '3.2.1.RELEASE'][0m
[96m[Executor] Running initial exploit mvn test in /PoCAdaptation/exploit/origin/CVE-2013-6430/exploit[0m
[91m[Executor] Initial exploit execution finished with return code 1[0m
[96m[Verifier] Verifying reproduction...[0m
[92m[Verifier] âœ“ Behavior matched: 'org.junit.ComparisonFailure'[0m
[92m[Verifier] âœ“ Detail matched: '<[<>]>'[0m
[92m[Verifier] âœ“ All reproduction indicators matched.[0m
[92m[Verifier] Initial exploit behavior verified successfully.[0m
[96m[Selector] Nearest need adapatation version selected: 1.2.1[0m
[96m[Selector] Closest reproduced version: 1.2 at index 13[0m
[96m[Adapter] Trying next closest version: 1.2.1[0m
[96m[Preparer] Using exploit from origin: /PoCAdaptation/exploit/origin/CVE-2013-6430/exploit[0m
[92m[Preparer] Copied exploit to: /PoCAdaptation/exploit/pending/CVE-2013-6430/1.2.1/exploit[0m
[96m[Preparer] Updating dependency version to 1.2.1 in /PoCAdaptation/exploit/pending/CVE-2013-6430/1.2.1/exploit/pom.xml[0m
[92m[Preparer] Updated dependency version to 1.2.1 in /PoCAdaptation/exploit/pending/CVE-2013-6430/1.2.1/exploit/pom.xml[0m
[96m[Executor] Attempting direct exploit execution on 1.2.1...[0m
[96m[Executor] Executing exploit for CVE-2013-6430 on version 1.2.1...[0m
[96m[Verifier] Verifying reproduction...[0m
[91m[Verifier] âœ— Behavior not found: 'org.junit.ComparisonFailure'[0m
[91m[Executor] Reproduction result: Failure[0m
[96m[Adapter] Attempting adaptation from base version 1.2 to 1.2.1...[0m
[96m[Adapter] Start adapting exploit from 1.2 to 1.2.1"[0m
[91m[DiffManager] Diff file not found: /PoCAdaptation/library/diff/CVE-2013-6430/1.2.1-1.2.diff[0m
[96m[Executor] Executing exploit for CVE-2013-6430 on version 1.2.1...[0m
[96m[Verifier] Verifying reproduction...[0m
[91m[Verifier] âœ— Behavior not found: 'org.junit.ComparisonFailure'[0m
[91m[Executor] Reproduction result: Failure[0m
[92m[ErrorManager] Processing line: [ERROR] Failed to execute goal on project CVE-2013-6430: Could not resolve dependencies for project edu.vision.se:CVE-2013-6430:jar:1.0-SNAPSHOT: javax.faces:jsf-api:jar:1.1 was not found in https://maven.aliyun.com/repository/public during a previous attempt. This failure was cached in the local repository and resolution is not reattempted until the update interval of aliyunmaven has elapsed or updates are forced -> [Help 1][0m
[96m[ErrorManager] Ignoring line: [ERROR][0m
[96m[ErrorManager] Ignoring line: [ERROR] To see the full stack trace of the errors, re-run Maven with the -e switch.[0m
[96m[ErrorManager] Ignoring line: [ERROR] Re-run Maven using the -X switch to enable full debug logging.[0m
[96m[ErrorManager] Ignoring line: [ERROR][0m
[96m[ErrorManager] Ignoring line: [ERROR] For more information about the errors and possible solutions, please read the following articles:[0m
[96m[ErrorManager] Ignoring line: [ERROR] [Help 1] http://cwiki.apache.org/confluence/display/MAVEN/DependencyResolutionException[0m
[91m[ErrorManager] Failed to read file UNKNOWN: [Errno 2] No such file or directory: 'UNKNOWN'[0m
[96m[Adapter] Locating fix position in error log.[0m
[LLMClient] Tokens used: 834 (prompt), 2 (completion), 836 (total)
[LLMClient] Prompt: 
You are given a Java error log when executing 'mvn test' in a project with dependency version 1.2.1:org.springframework:spring-web.
This test file compiles and runs successfully with version 1.2.

Your task is to:
1. Analyze why this issue occurs with the *1.2* but not with the *1.2.1 version*.
2. Consider how to resolve the issue **without updating this library**.
3. Determine and output the location in the project that should be modified to fix the problem.

Please return 'pom' if the fix is in the pom.xml file, or 'test' if the fix is in the test code.
Do not return any other text, just 'pom' or 'test'.

The error log is:
[INFO] Scanning for projects...
[INFO] 
[INFO] --------------------< edu.vision.se:CVE-2013-6430 >---------------------
[INFO] Building CVE-2013-6430 1.0-SNAPSHOT
[INFO]   from pom.xml
[INFO] --------------------------------[ jar ]---------------------------------
[INFO] ------------------------------------------------------------------------
[INFO] BUILD FAILURE
[INFO] ------------------------------------------------------------------------
[INFO] Total time:  0.265 s
[INFO] Finished at: 2025-07-13T14:24:08Z
[INFO] ------------------------------------------------------------------------
[ERROR] Failed to execute goal on project CVE-2013-6430: Could not resolve dependencies for project edu.vision.se:CVE-2013-6430:jar:1.0-SNAPSHOT: javax.faces:jsf-api:jar:1.1 was not found in https://maven.aliyun.com/repository/public during a previous attempt. This failure was cached in the local repository and resolution is not reattempted until the update interval of aliyunmaven has elapsed or updates are forced -> [Help 1]
[ERROR] 
[ERROR] To see the full stack trace of the errors, re-run Maven with the -e switch.
[ERROR] Re-run Maven using the -X switch to enable full debug logging.
[ERROR] 
[ERROR] For more information about the errors and possible solutions, please read the following articles:
[ERROR] [Help 1] http://cwiki.apache.org/confluence/display/MAVEN/DependencyResolutionException


current_pom file is:<?xml version='1.0' encoding='utf-8'?>
<project xmlns="http://maven.apache.org/POM/4.0.0" xmlns:xsi="http://www.w3.org/2001/XMLSchema-instance" xsi:schemaLocation="http://maven.apache.org/POM/4.0.0 https://maven.apache.org/xsd/maven-4.0.0.xsd">
  <modelVersion>4.0.0</modelVersion>
  <groupId>edu.vision.se</groupId>
  <artifactId>CVE-2013-6430</artifactId>
  <version>1.0-SNAPSHOT</version>
  <properties>
    <maven.compiler.target>11</maven.compiler.target>
    <maven.compiler.source>11</maven.compiler.source>
  </properties>
  <dependencies>
    <dependency>
      <groupId>org.springframework</groupId>
      <artifactId>spring-web</artifactId>
      <version>1.2.1</version>
    </dependency>
  <dependency><groupId>junit</groupId><artifactId>junit</artifactId><version>4.13.2</version></dependency>
  </dependencies>
  <repositories>
  <repository>
    <id>central</id>
    <url>https://repo.maven.apache.org/maven2</url>
  </repository>
</repositories>
</project>
[LLMClient] Response: 
pom
[96m[Adapter] LLM response for fix position: pom[0m
[96m[Adapter] Fix position is in pom.xml.[0m
[LLMClient] Tokens used: 228 (prompt), 40 (completion), 268 (total)
[LLMClient] Prompt: 
You are given an error log when executing 'mvn test' in version 1.2.1: 

Error: Failed to execute goal on project CVE-2013-6430: Could not resolve dependencies for project edu.vision.se:CVE-2013-6430:jar:1.0-SNAPSHOT: javax.faces:jsf-api:jar:1.1 was not found in https://maven.aliyun.com/repository/public during a previous attempt. This failure was cached in the local repository and resolution is not reattempted until the update interval of aliyunmaven has elapsed or updates are forced -> [Help 1], None, None 

The test executes as expected in 1.2 

Error code: None 

Extract two key *entities* from the error for searching related diffs 

The extracted entities should reflect code-level identifiers that are likely to appear in source code or diffs. 

Output each node as a `;`-separated list, with no explanations. 


[LLMClient] Response: 
`javax.faces:jsf-api:jar:1.1;edu.vision.se:CVE-2013-6430:jar:1.0-SNAPSHOT`
[96m[ErrorManager] Extracted key entities: ['`javax.faces:jsf-api:jar:1.1', 'edu.vision.se:CVE-2013-6430:jar:1.0-SNAPSHOT`'][0m
[96m[RepairModule] Start repair[0m
[96m[RepairModule] Iteration 1, temperature 1.000: Trying diff #None with score 0.00[0m
[LLMClient] Tokens used: 790 (prompt), 203 (completion), 993 (total)
[LLMClient] Prompt: 
You are given an error when executing test in in 1.2.1:org.springframework:spring-web
This test file compiles and runs successfully in 1.2.

Related diff is None

You are NOT allowed to change the version of the dependency org.springframework:spring-web.
Your task is to solve the problem by changing the pom file of the project
Current pom file is <?xml version='1.0' encoding='utf-8'?>
<project xmlns="http://maven.apache.org/POM/4.0.0" xmlns:xsi="http://www.w3.org/2001/XMLSchema-instance" xsi:schemaLocation="http://maven.apache.org/POM/4.0.0 https://maven.apache.org/xsd/maven-4.0.0.xsd">
  <modelVersion>4.0.0</modelVersion>
  <groupId>edu.vision.se</groupId>
  <artifactId>CVE-2013-6430</artifactId>
  <version>1.0-SNAPSHOT</version>
  <properties>
    <maven.compiler.target>11</maven.compiler.target>
    <maven.compiler.source>11</maven.compiler.source>
  </properties>
  <dependencies>
    <dependency>
      <groupId>org.springframework</groupId>
      <artifactId>spring-web</artifactId>
      <version>1.2.1</version>
    </dependency>
  <dependency><groupId>junit</groupId><artifactId>junit</artifactId><version>4.13.2</version></dependency>
  </dependencies>
  <repositories>
  <repository>
    <id>central</id>
    <url>https://repo.maven.apache.org/maven2</url>
  </repository>
</repositories>
</project>
Your task is 1. Analyze the cause of the errors 2. Decide fix position of the pom file according to the cause 3. Output only the updated partion of pom.xml entries without explanation

### Compilation Errors:
[INFO] Scanning for projects...
[INFO] 
[INFO] --------------------< edu.vision.se:CVE-2013-6430 >---------------------
[INFO] Building CVE-2013-6430 1.0-SNAPSHOT
[INFO]   from pom.xml
[INFO] --------------------------------[ jar ]---------------------------------
[INFO] ------------------------------------------------------------------------
[INFO] BUILD FAILURE
[INFO] ------------------------------------------------------------------------
[INFO] Total time:  0.265 s
[INFO] Finished at: 2025-07-13T14:24:08Z
[INFO] ------------------------------------------------------------------------
[ERROR] Failed to execute goal on project CVE-2013-6430: Could not resolve dependencies for project edu.vision.se:CVE-2013-6430:jar:1.0-SNAPSHOT: javax.faces:jsf-api:jar:1.1 was not found in https://maven.aliyun.com/repository/public during a previous attempt. This failure was cached in the local repository and resolution is not reattempted until the update interval of aliyunmaven has elapsed or updates are forced -> [Help 1]
[ERROR] 
[ERROR] To see the full stack trace of the errors, re-run Maven with the -e switch.
[ERROR] Re-run Maven using the -X switch to enable full debug logging.
[ERROR] 
[ERROR] For more information about the errors and possible solutions, please read the following articles:
[ERROR] [Help 1] http://cwiki.apache.org/confluence/display/MAVEN/DependencyResolutionException


[LLMClient] Response: 
Based on the error message, the issue is that Maven cannot find the `javax.faces:jsf-api:1.1` dependency which is likely a transitive dependency of `spring-web:1.2.1`. Since we can't change the spring-web version, we need to explicitly add the missing dependency.

Here's the updated portion of the pom.xml:

```xml
<dependencies>
  <dependency>
    <groupId>org.springframework</groupId>
    <artifactId>spring-web</artifactId>
    <version>1.2.1</version>
  </dependency>
  <dependency>
    <groupId>javax.faces</groupId>
    <artifactId>jsf-api</artifactId>
    <version>1.1</version>
  </dependency>
  <dependency>
    <groupId>junit</groupId>
    <artifactId>junit</artifactId>
    <version>4.13.2</version>
  </dependency>
</dependencies>
```
[Adapter] ~ Updating version of org.springframework:spring-web to 1.2.1
[Adapter] + Adding new dependency javax.faces:jsf-api:1.1
[Adapter] ~ Updating version of junit:junit to 4.13.2
[Adapter] âœ“ pom.xml successfully updated.
[96m[Executor] Executing exploit for CVE-2013-6430 on version 1.2.1...[0m
[96m[Verifier] Verifying reproduction...[0m
[91m[Verifier] âœ— Behavior not found: 'org.junit.ComparisonFailure'[0m
[91m[Executor] Reproduction result: Failure[0m
[LLMClient] Tokens used: 833 (prompt), 224 (completion), 1057 (total)
[LLMClient] Prompt: 
You are given an error when executing test in in 1.2.1:org.springframework:spring-web
This test file compiles and runs successfully in 1.2.

You are NOT allowed to change the version of the dependency org.springframework:spring-web.
Your task is to solve the problem by changing the pom file of the project. You can update other library to any versions
Current pom file is <?xml version='1.0' encoding='utf-8'?>
<project xmlns="http://maven.apache.org/POM/4.0.0" xmlns:xsi="http://www.w3.org/2001/XMLSchema-instance" xsi:schemaLocation="http://maven.apache.org/POM/4.0.0 https://maven.apache.org/xsd/maven-4.0.0.xsd">
  <modelVersion>4.0.0</modelVersion>
  <groupId>edu.vision.se</groupId>
  <artifactId>CVE-2013-6430</artifactId>
  <version>1.0-SNAPSHOT</version>
  <properties>
    <maven.compiler.target>11</maven.compiler.target>
    <maven.compiler.source>11</maven.compiler.source>
  </properties>
  <dependencies>
    <dependency>
      <groupId>org.springframework</groupId>
      <artifactId>spring-web</artifactId>
      <version>1.2.1</version>
    </dependency>
  <dependency><groupId>junit</groupId><artifactId>junit</artifactId><version>4.13.2</version></dependency>
  <dependency>
    <groupId>javax.faces</groupId>
    <artifactId>jsf-api</artifactId>
    <version>1.1</version>
  </dependency>
  </dependencies>
  <repositories>
  <repository>
    <id>central</id>
    <url>https://repo.maven.apache.org/maven2</url>
  </repository>
</repositories>
</project>
Your task is 1. Analyze the cause of the errors 2. Decide fix position of the pom file according to the cause 3. Output only the updated partion of pom.xml entries without explanation

### Compilation Errors:
[INFO] Scanning for projects...
[INFO] 
[INFO] --------------------< edu.vision.se:CVE-2013-6430 >---------------------
[INFO] Building CVE-2013-6430 1.0-SNAPSHOT
[INFO]   from pom.xml
[INFO] --------------------------------[ jar ]---------------------------------
[INFO] ------------------------------------------------------------------------
[INFO] BUILD FAILURE
[INFO] ------------------------------------------------------------------------
[INFO] Total time:  0.239 s
[INFO] Finished at: 2025-07-13T14:24:29Z
[INFO] ------------------------------------------------------------------------
[ERROR] Failed to execute goal on project CVE-2013-6430: Could not resolve dependencies for project edu.vision.se:CVE-2013-6430:jar:1.0-SNAPSHOT: javax.faces:jsf-api:jar:1.1 was not found in https://maven.aliyun.com/repository/public during a previous attempt. This failure was cached in the local repository and resolution is not reattempted until the update interval of aliyunmaven has elapsed or updates are forced -> [Help 1]
[ERROR] 
[ERROR] To see the full stack trace of the errors, re-run Maven with the -e switch.
[ERROR] Re-run Maven using the -X switch to enable full debug logging.
[ERROR] 
[ERROR] For more information about the errors and possible solutions, please read the following articles:
[ERROR] [Help 1] http://cwiki.apache.org/confluence/display/MAVEN/DependencyResolutionException


[LLMClient] Response: 
Based on the error message, the issue is that Maven cannot find the `javax.faces:jsf-api:1.1` dependency in the configured repository. Here's the updated portion of the pom.xml that should fix this issue:

```xml
  <dependencies>
    <dependency>
      <groupId>org.springframework</groupId>
      <artifactId>spring-web</artifactId>
      <version>1.2.1</version>
    </dependency>
    <dependency>
      <groupId>junit</groupId>
      <artifactId>junit</artifactId>
      <version>4.13.2</version>
    </dependency>
    <dependency>
      <groupId>javax.faces</groupId>
      <artifactId>jsf-api</artifactId>
      <version>2.2.20</version>
    </dependency>
  </dependencies>
  <repositories>
    <repository>
      <id>central</id>
      <url>https://repo.maven.apache.org/maven2</url>
    </repository>
  </repositories>
```
[Adapter] ~ Updating version of org.springframework:spring-web to 1.2.1
[Adapter] ~ Updating version of junit:junit to 4.13.2
[Adapter] ~ Updating version of javax.faces:jsf-api to 2.2.20
[Adapter] ~ Updating existing tag <repositories> in pom.xml
[Adapter] âœ“ pom.xml successfully updated.
[96m[Executor] Executing exploit for CVE-2013-6430 on version 1.2.1...[0m
[96m[Verifier] Verifying reproduction...[0m
[91m[Verifier] âœ— Behavior not found: 'org.junit.ComparisonFailure'[0m
[91m[Executor] Reproduction result: Failure[0m
[96m[RepairModule] Iteration 2, temperature 0.700: Trying diff #None with score 0.00[0m
[LLMClient] Tokens used: 886 (prompt), 146 (completion), 1032 (total)
[LLMClient] Prompt: 
You are given an error when executing test in in 1.2.1:org.springframework:spring-web
This test file compiles and runs successfully in 1.2.

Related diff is None

You are NOT allowed to change the version of the dependency org.springframework:spring-web.
Your task is to solve the problem by changing the pom file of the project
Current pom file is <?xml version='1.0' encoding='utf-8'?>
<project xmlns="http://maven.apache.org/POM/4.0.0" xmlns:xsi="http://www.w3.org/2001/XMLSchema-instance" xsi:schemaLocation="http://maven.apache.org/POM/4.0.0 https://maven.apache.org/xsd/maven-4.0.0.xsd">
  <modelVersion>4.0.0</modelVersion>
  <groupId>edu.vision.se</groupId>
  <artifactId>CVE-2013-6430</artifactId>
  <version>1.0-SNAPSHOT</version>
  <properties>
    <maven.compiler.target>11</maven.compiler.target>
    <maven.compiler.source>11</maven.compiler.source>
  </properties>
  <dependencies>
    <dependency>
      <groupId>org.springframework</groupId>
      <artifactId>spring-web</artifactId>
      <version>1.2.1</version>
    </dependency>
  <dependency><groupId>junit</groupId><artifactId>junit</artifactId><version>4.13.2</version></dependency>
  </dependencies>
  <repositories>
  <repository>
    <id>central</id>
    <url>https://repo.maven.apache.org/maven2</url>
  </repository>
</repositories>
</project>
Your task is 1. Analyze the cause of the errors 2. Decide fix position of the pom file according to the cause 3. Output only the updated partion of pom.xml entries without explanation

### Compilation Errors:
[INFO] Scanning for projects...
[INFO] 
[INFO] --------------------< edu.vision.se:CVE-2013-6430 >---------------------
[INFO] Building CVE-2013-6430 1.0-SNAPSHOT
[INFO]   from pom.xml
[INFO] --------------------------------[ jar ]---------------------------------
Downloading from aliyunmaven: https://maven.aliyun.com/repository/public/javax/faces/jsf-api/2.2.20/jsf-api-2.2.20.pom
[WARNING] The POM for javax.faces:jsf-api:jar:2.2.20 is missing, no dependency information available
Downloading from aliyunmaven: https://maven.aliyun.com/repository/public/javax/faces/jsf-api/2.2.20/jsf-api-2.2.20.jar
[INFO] ------------------------------------------------------------------------
[INFO] BUILD FAILURE
[INFO] ------------------------------------------------------------------------
[INFO] Total time:  1.113 s
[INFO] Finished at: 2025-07-13T14:24:44Z
[INFO] ------------------------------------------------------------------------
[ERROR] Failed to execute goal on project CVE-2013-6430: Could not resolve dependencies for project edu.vision.se:CVE-2013-6430:jar:1.0-SNAPSHOT: Could not find artifact javax.faces:jsf-api:jar:2.2.20 in aliyunmaven (https://maven.aliyun.com/repository/public) -> [Help 1]
[ERROR] 
[ERROR] To see the full stack trace of the errors, re-run Maven with the -e switch.
[ERROR] Re-run Maven using the -X switch to enable full debug logging.
[ERROR] 
[ERROR] For more information about the errors and possible solutions, please read the following articles:
[ERROR] [Help 1] http://cwiki.apache.org/confluence/display/MAVEN/DependencyResolutionException


[LLMClient] Response: 
Based on the error, it seems the build is failing because it cannot find javax.faces:jsf-api:2.2.20 in the configured repository. Since we can't change the spring-web version, we should add the correct repository that contains this dependency.

Here's the updated portion of the pom.xml to add:

```xml
  <repositories>
    <repository>
      <id>central</id>
      <url>https://repo.maven.apache.org/maven2</url>
    </repository>
    <repository>
      <id>java.net</id>
      <url>https://download.java.net/maven/2</url>
    </repository>
  </repositories>
```
[Adapter] ~ Updating existing tag <repositories> in pom.xml
[Adapter] âœ“ pom.xml successfully updated.
[96m[Executor] Executing exploit for CVE-2013-6430 on version 1.2.1...[0m
[96m[Verifier] Verifying reproduction...[0m
[91m[Verifier] âœ— Behavior not found: 'org.junit.ComparisonFailure'[0m
[91m[Executor] Reproduction result: Failure[0m
[LLMClient] Tokens used: 864 (prompt), 188 (completion), 1052 (total)
[LLMClient] Prompt: 
You are given an error when executing test in in 1.2.1:org.springframework:spring-web
This test file compiles and runs successfully in 1.2.

You are NOT allowed to change the version of the dependency org.springframework:spring-web.
Your task is to solve the problem by changing the pom file of the project. You can update other library to any versions
Current pom file is <?xml version='1.0' encoding='utf-8'?>
<project xmlns="http://maven.apache.org/POM/4.0.0" xmlns:xsi="http://www.w3.org/2001/XMLSchema-instance" xsi:schemaLocation="http://maven.apache.org/POM/4.0.0 https://maven.apache.org/xsd/maven-4.0.0.xsd">
  <modelVersion>4.0.0</modelVersion>
  <groupId>edu.vision.se</groupId>
  <artifactId>CVE-2013-6430</artifactId>
  <version>1.0-SNAPSHOT</version>
  <properties>
    <maven.compiler.target>11</maven.compiler.target>
    <maven.compiler.source>11</maven.compiler.source>
  </properties>
  <dependencies>
    <dependency>
      <groupId>org.springframework</groupId>
      <artifactId>spring-web</artifactId>
      <version>1.2.1</version>
    </dependency>
  <dependency><groupId>junit</groupId><artifactId>junit</artifactId><version>4.13.2</version></dependency>
  </dependencies>
  <repositories>
  <repository>
      <id>central</id>
      <url>https://repo.maven.apache.org/maven2</url>
    </repository>
    <repository>
      <id>java.net</id>
      <url>https://download.java.net/maven/2</url>
    </repository>
  </repositories>
</project>
Your task is 1. Analyze the cause of the errors 2. Decide fix position of the pom file according to the cause 3. Output only the updated partion of pom.xml entries without explanation

### Compilation Errors:
[INFO] Scanning for projects...
[INFO] 
[INFO] --------------------< edu.vision.se:CVE-2013-6430 >---------------------
[INFO] Building CVE-2013-6430 1.0-SNAPSHOT
[INFO]   from pom.xml
[INFO] --------------------------------[ jar ]---------------------------------
Downloading from java.net: https://download.java.net/maven/2/javax/faces/jsf-api/1.1/jsf-api-1.1.jar
[INFO] ------------------------------------------------------------------------
[INFO] BUILD FAILURE
[INFO] ------------------------------------------------------------------------
[INFO] Total time:  2.101 s
[INFO] Finished at: 2025-07-13T14:25:01Z
[INFO] ------------------------------------------------------------------------
[ERROR] Failed to execute goal on project CVE-2013-6430: Could not resolve dependencies for project edu.vision.se:CVE-2013-6430:jar:1.0-SNAPSHOT: javax.faces:jsf-api:jar:1.1 was not found in https://maven.aliyun.com/repository/public during a previous attempt. This failure was cached in the local repository and resolution is not reattempted until the update interval of aliyunmaven has elapsed or updates are forced -> [Help 1]
[ERROR] 
[ERROR] To see the full stack trace of the errors, re-run Maven with the -e switch.
[ERROR] Re-run Maven using the -X switch to enable full debug logging.
[ERROR] 
[ERROR] For more information about the errors and possible solutions, please read the following articles:
[ERROR] [Help 1] http://cwiki.apache.org/confluence/display/MAVEN/DependencyResolutionException


[LLMClient] Response: 
Based on the error message, the issue is that Maven cannot find the `javax.faces:jsf-api:1.1` dependency which is likely a transitive dependency of spring-web 1.2.1. Here's the updated portion of the pom.xml to add this dependency explicitly:

```xml
<dependencies>
  <dependency>
    <groupId>org.springframework</groupId>
    <artifactId>spring-web</artifactId>
    <version>1.2.1</version>
  </dependency>
  <dependency>
    <groupId>javax.faces</groupId>
    <artifactId>jsf-api</artifactId>
    <version>1.1</version>
  </dependency>
  <dependency>
    <groupId>junit</groupId>
    <artifactId>junit</artifactId>
    <version>4.13.2</version>
  </dependency>
</dependencies>
```
[Adapter] ~ Updating version of org.springframework:spring-web to 1.2.1
[Adapter] + Adding new dependency javax.faces:jsf-api:1.1
[Adapter] ~ Updating version of junit:junit to 4.13.2
[Adapter] âœ“ pom.xml successfully updated.
[96m[Executor] Executing exploit for CVE-2013-6430 on version 1.2.1...[0m
[96m[Verifier] Verifying reproduction...[0m
[91m[Verifier] âœ— Behavior not found: 'org.junit.ComparisonFailure'[0m
[91m[Executor] Reproduction result: Failure[0m
[96m[RepairModule] Iteration 3, temperature 0.490: Trying diff #None with score 0.00[0m
[LLMClient] Tokens used: 790 (prompt), 179 (completion), 969 (total)
[LLMClient] Prompt: 
You are given an error when executing test in in 1.2.1:org.springframework:spring-web
This test file compiles and runs successfully in 1.2.

Related diff is None

You are NOT allowed to change the version of the dependency org.springframework:spring-web.
Your task is to solve the problem by changing the pom file of the project
Current pom file is <?xml version='1.0' encoding='utf-8'?>
<project xmlns="http://maven.apache.org/POM/4.0.0" xmlns:xsi="http://www.w3.org/2001/XMLSchema-instance" xsi:schemaLocation="http://maven.apache.org/POM/4.0.0 https://maven.apache.org/xsd/maven-4.0.0.xsd">
  <modelVersion>4.0.0</modelVersion>
  <groupId>edu.vision.se</groupId>
  <artifactId>CVE-2013-6430</artifactId>
  <version>1.0-SNAPSHOT</version>
  <properties>
    <maven.compiler.target>11</maven.compiler.target>
    <maven.compiler.source>11</maven.compiler.source>
  </properties>
  <dependencies>
    <dependency>
      <groupId>org.springframework</groupId>
      <artifactId>spring-web</artifactId>
      <version>1.2.1</version>
    </dependency>
  <dependency><groupId>junit</groupId><artifactId>junit</artifactId><version>4.13.2</version></dependency>
  </dependencies>
  <repositories>
  <repository>
    <id>central</id>
    <url>https://repo.maven.apache.org/maven2</url>
  </repository>
</repositories>
</project>
Your task is 1. Analyze the cause of the errors 2. Decide fix position of the pom file according to the cause 3. Output only the updated partion of pom.xml entries without explanation

### Compilation Errors:
[INFO] Scanning for projects...
[INFO] 
[INFO] --------------------< edu.vision.se:CVE-2013-6430 >---------------------
[INFO] Building CVE-2013-6430 1.0-SNAPSHOT
[INFO]   from pom.xml
[INFO] --------------------------------[ jar ]---------------------------------
[INFO] ------------------------------------------------------------------------
[INFO] BUILD FAILURE
[INFO] ------------------------------------------------------------------------
[INFO] Total time:  0.228 s
[INFO] Finished at: 2025-07-13T14:25:12Z
[INFO] ------------------------------------------------------------------------
[ERROR] Failed to execute goal on project CVE-2013-6430: Could not resolve dependencies for project edu.vision.se:CVE-2013-6430:jar:1.0-SNAPSHOT: javax.faces:jsf-api:jar:1.1 was not found in https://maven.aliyun.com/repository/public during a previous attempt. This failure was cached in the local repository and resolution is not reattempted until the update interval of aliyunmaven has elapsed or updates are forced -> [Help 1]
[ERROR] 
[ERROR] To see the full stack trace of the errors, re-run Maven with the -e switch.
[ERROR] Re-run Maven using the -X switch to enable full debug logging.
[ERROR] 
[ERROR] For more information about the errors and possible solutions, please read the following articles:
[ERROR] [Help 1] http://cwiki.apache.org/confluence/display/MAVEN/DependencyResolutionException


[LLMClient] Response: 
The error shows that there's a missing transitive dependency (javax.faces:jsf-api:1.1) that's required by spring-web 1.2.1. Here's the updated portion of the pom.xml to add the missing dependency:

```xml
<dependencies>
  <dependency>
    <groupId>org.springframework</groupId>
    <artifactId>spring-web</artifactId>
    <version>1.2.1</version>
  </dependency>
  <dependency>
    <groupId>javax.faces</groupId>
    <artifactId>jsf-api</artifactId>
    <version>1.1</version>
  </dependency>
  <dependency>
    <groupId>junit</groupId>
    <artifactId>junit</artifactId>
    <version>4.13.2</version>
  </dependency>
</dependencies>
```
[Adapter] ~ Updating version of org.springframework:spring-web to 1.2.1
[Adapter] + Adding new dependency javax.faces:jsf-api:1.1
[Adapter] ~ Updating version of junit:junit to 4.13.2
[Adapter] âœ“ pom.xml successfully updated.
[96m[Executor] Executing exploit for CVE-2013-6430 on version 1.2.1...[0m
[96m[Verifier] Verifying reproduction...[0m
[91m[Verifier] âœ— Behavior not found: 'org.junit.ComparisonFailure'[0m
[91m[Executor] Reproduction result: Failure[0m
[LLMClient] Tokens used: 833 (prompt), 190 (completion), 1023 (total)
[LLMClient] Prompt: 
You are given an error when executing test in in 1.2.1:org.springframework:spring-web
This test file compiles and runs successfully in 1.2.

You are NOT allowed to change the version of the dependency org.springframework:spring-web.
Your task is to solve the problem by changing the pom file of the project. You can update other library to any versions
Current pom file is <?xml version='1.0' encoding='utf-8'?>
<project xmlns="http://maven.apache.org/POM/4.0.0" xmlns:xsi="http://www.w3.org/2001/XMLSchema-instance" xsi:schemaLocation="http://maven.apache.org/POM/4.0.0 https://maven.apache.org/xsd/maven-4.0.0.xsd">
  <modelVersion>4.0.0</modelVersion>
  <groupId>edu.vision.se</groupId>
  <artifactId>CVE-2013-6430</artifactId>
  <version>1.0-SNAPSHOT</version>
  <properties>
    <maven.compiler.target>11</maven.compiler.target>
    <maven.compiler.source>11</maven.compiler.source>
  </properties>
  <dependencies>
    <dependency>
      <groupId>org.springframework</groupId>
      <artifactId>spring-web</artifactId>
      <version>1.2.1</version>
    </dependency>
  <dependency><groupId>junit</groupId><artifactId>junit</artifactId><version>4.13.2</version></dependency>
  <dependency>
    <groupId>javax.faces</groupId>
    <artifactId>jsf-api</artifactId>
    <version>1.1</version>
  </dependency>
  </dependencies>
  <repositories>
  <repository>
    <id>central</id>
    <url>https://repo.maven.apache.org/maven2</url>
  </repository>
</repositories>
</project>
Your task is 1. Analyze the cause of the errors 2. Decide fix position of the pom file according to the cause 3. Output only the updated partion of pom.xml entries without explanation

### Compilation Errors:
[INFO] Scanning for projects...
[INFO] 
[INFO] --------------------< edu.vision.se:CVE-2013-6430 >---------------------
[INFO] Building CVE-2013-6430 1.0-SNAPSHOT
[INFO]   from pom.xml
[INFO] --------------------------------[ jar ]---------------------------------
[INFO] ------------------------------------------------------------------------
[INFO] BUILD FAILURE
[INFO] ------------------------------------------------------------------------
[INFO] Total time:  0.221 s
[INFO] Finished at: 2025-07-13T14:25:23Z
[INFO] ------------------------------------------------------------------------
[ERROR] Failed to execute goal on project CVE-2013-6430: Could not resolve dependencies for project edu.vision.se:CVE-2013-6430:jar:1.0-SNAPSHOT: javax.faces:jsf-api:jar:1.1 was not found in https://maven.aliyun.com/repository/public during a previous attempt. This failure was cached in the local repository and resolution is not reattempted until the update interval of aliyunmaven has elapsed or updates are forced -> [Help 1]
[ERROR] 
[ERROR] To see the full stack trace of the errors, re-run Maven with the -e switch.
[ERROR] Re-run Maven using the -X switch to enable full debug logging.
[ERROR] 
[ERROR] For more information about the errors and possible solutions, please read the following articles:
[ERROR] [Help 1] http://cwiki.apache.org/confluence/display/MAVEN/DependencyResolutionException


[LLMClient] Response: 
Based on the error message, the issue is that Maven cannot find the `javax.faces:jsf-api:1.1` dependency in the repository. Here's the updated portion of the pom.xml that changes the JSF API dependency to a version that's available in Maven Central:

```xml
  <dependencies>
    <dependency>
      <groupId>org.springframework</groupId>
      <artifactId>spring-web</artifactId>
      <version>1.2.1</version>
    </dependency>
    <dependency>
      <groupId>junit</groupId>
      <artifactId>junit</artifactId>
      <version>4.13.2</version>
    </dependency>
    <dependency>
      <groupId>javax.faces</groupId>
      <artifactId>jsf-api</artifactId>
      <version>2.2</version>
    </dependency>
  </dependencies>
```
[Adapter] ~ Updating version of org.springframework:spring-web to 1.2.1
[Adapter] ~ Updating version of junit:junit to 4.13.2
[Adapter] ~ Updating version of javax.faces:jsf-api to 2.2
[Adapter] âœ“ pom.xml successfully updated.
[96m[Executor] Executing exploit for CVE-2013-6430 on version 1.2.1...[0m
[96m[Verifier] Verifying reproduction...[0m
[91m[Verifier] âœ— Behavior not found: 'org.junit.ComparisonFailure'[0m
[91m[Executor] Reproduction result: Failure[0m
[96m[RepairModule] Iteration 4, temperature 0.343: Trying diff #None with score 0.00[0m
[LLMClient] Tokens used: 874 (prompt), 197 (completion), 1071 (total)
[LLMClient] Prompt: 
You are given an error when executing test in in 1.2.1:org.springframework:spring-web
This test file compiles and runs successfully in 1.2.

Related diff is None

You are NOT allowed to change the version of the dependency org.springframework:spring-web.
Your task is to solve the problem by changing the pom file of the project
Current pom file is <?xml version='1.0' encoding='utf-8'?>
<project xmlns="http://maven.apache.org/POM/4.0.0" xmlns:xsi="http://www.w3.org/2001/XMLSchema-instance" xsi:schemaLocation="http://maven.apache.org/POM/4.0.0 https://maven.apache.org/xsd/maven-4.0.0.xsd">
  <modelVersion>4.0.0</modelVersion>
  <groupId>edu.vision.se</groupId>
  <artifactId>CVE-2013-6430</artifactId>
  <version>1.0-SNAPSHOT</version>
  <properties>
    <maven.compiler.target>11</maven.compiler.target>
    <maven.compiler.source>11</maven.compiler.source>
  </properties>
  <dependencies>
    <dependency>
      <groupId>org.springframework</groupId>
      <artifactId>spring-web</artifactId>
      <version>1.2.1</version>
    </dependency>
  <dependency><groupId>junit</groupId><artifactId>junit</artifactId><version>4.13.2</version></dependency>
  </dependencies>
  <repositories>
  <repository>
    <id>central</id>
    <url>https://repo.maven.apache.org/maven2</url>
  </repository>
</repositories>
</project>
Your task is 1. Analyze the cause of the errors 2. Decide fix position of the pom file according to the cause 3. Output only the updated partion of pom.xml entries without explanation

### Compilation Errors:
[INFO] Scanning for projects...
[INFO] 
[INFO] --------------------< edu.vision.se:CVE-2013-6430 >---------------------
[INFO] Building CVE-2013-6430 1.0-SNAPSHOT
[INFO]   from pom.xml
[INFO] --------------------------------[ jar ]---------------------------------
Downloading from aliyunmaven: https://maven.aliyun.com/repository/public/javax/faces/jsf-api/2.2/jsf-api-2.2.pom
[WARNING] The POM for javax.faces:jsf-api:jar:2.2 is missing, no dependency information available
Downloading from aliyunmaven: https://maven.aliyun.com/repository/public/javax/faces/jsf-api/2.2/jsf-api-2.2.jar
[INFO] ------------------------------------------------------------------------
[INFO] BUILD FAILURE
[INFO] ------------------------------------------------------------------------
[INFO] Total time:  1.249 s
[INFO] Finished at: 2025-07-13T14:25:36Z
[INFO] ------------------------------------------------------------------------
[ERROR] Failed to execute goal on project CVE-2013-6430: Could not resolve dependencies for project edu.vision.se:CVE-2013-6430:jar:1.0-SNAPSHOT: Could not find artifact javax.faces:jsf-api:jar:2.2 in aliyunmaven (https://maven.aliyun.com/repository/public) -> [Help 1]
[ERROR] 
[ERROR] To see the full stack trace of the errors, re-run Maven with the -e switch.
[ERROR] Re-run Maven using the -X switch to enable full debug logging.
[ERROR] 
[ERROR] For more information about the errors and possible solutions, please read the following articles:
[ERROR] [Help 1] http://cwiki.apache.org/confluence/display/MAVEN/DependencyResolutionException


[LLMClient] Response: 
Based on the error message, the build is failing because it cannot find the `javax.faces:jsf-api:2.2` dependency which is likely a transitive dependency of `spring-web:1.2.1`. Since we can't change the spring-web version, we need to add the missing dependency explicitly.

Here's the updated portion of the pom.xml to add:

```xml
<dependencies>
    <dependency>
      <groupId>org.springframework</groupId>
      <artifactId>spring-web</artifactId>
      <version>1.2.1</version>
    </dependency>
    <dependency>
      <groupId>javax.faces</groupId>
      <artifactId>jsf-api</artifactId>
      <version>2.2</version>
    </dependency>
    <dependency><groupId>junit</groupId><artifactId>junit</artifactId><version>4.13.2</version></dependency>
</dependencies>
```
[Adapter] ~ Updating version of org.springframework:spring-web to 1.2.1
[Adapter] + Adding new dependency javax.faces:jsf-api:2.2
[Adapter] ~ Updating version of junit:junit to 4.13.2
[Adapter] âœ“ pom.xml successfully updated.
[96m[Executor] Executing exploit for CVE-2013-6430 on version 1.2.1...[0m
[96m[Verifier] Verifying reproduction...[0m
[91m[Verifier] âœ— Behavior not found: 'org.junit.ComparisonFailure'[0m
[91m[Executor] Reproduction result: Failure[0m
[96m[Executor] Executing exploit for CVE-2013-6430 on version 1.2.1...[0m
[96m[Verifier] Verifying reproduction...[0m
[91m[Verifier] âœ— Behavior not found: 'org.junit.ComparisonFailure'[0m
[91m[Executor] Reproduction result: Failure[0m
[LLMClient] Tokens used: 228 (prompt), 40 (completion), 268 (total)
[LLMClient] Prompt: 
You are given an error log when executing 'mvn test' in version 1.2.1: 

Error: Failed to execute goal on project CVE-2013-6430: Could not resolve dependencies for project edu.vision.se:CVE-2013-6430:jar:1.0-SNAPSHOT: javax.faces:jsf-api:jar:1.1 was not found in https://maven.aliyun.com/repository/public during a previous attempt. This failure was cached in the local repository and resolution is not reattempted until the update interval of aliyunmaven has elapsed or updates are forced -> [Help 1], None, None 

The test executes as expected in 1.2 

Error code: None 

Extract two key *entities* from the error for searching related diffs 

The extracted entities should reflect code-level identifiers that are likely to appear in source code or diffs. 

Output each node as a `;`-separated list, with no explanations. 


[LLMClient] Response: 
`javax.faces:jsf-api:jar:1.1;edu.vision.se:CVE-2013-6430:jar:1.0-SNAPSHOT`
[96m[ErrorManager] Extracted key entities: ['`javax.faces:jsf-api:jar:1.1', 'edu.vision.se:CVE-2013-6430:jar:1.0-SNAPSHOT`'][0m
[96m[Adapter] Try to solve error: {'file': 'UNKNOWN', 'line': -1, 'column': -1, 'message': 'Failed to execute goal on project CVE-2013-6430: Could not resolve dependencies for project edu.vision.se:CVE-2013-6430:jar:1.0-SNAPSHOT: javax.faces:jsf-api:jar:1.1 was not found in https://maven.aliyun.com/repository/public during a previous attempt. This failure was cached in the local repository and resolution is not reattempted until the update interval of aliyunmaven has elapsed or updates are forced -> [Help 1]', 'symbol': None, 'location': None, 'code_line': None} with cause: ['`javax.faces:jsf-api:jar:1.1', 'edu.vision.se:CVE-2013-6430:jar:1.0-SNAPSHOT`'][0m
[LLMClient] Tokens used: 285 (prompt), 23 (completion), 308 (total)
[LLMClient] Prompt: 
You are given an error log when executing 'mvn test' in version 1.2.1: 

Error: Failed to execute goal on project CVE-2013-6430: Could not resolve dependencies for project edu.vision.se:CVE-2013-6430:jar:1.0-SNAPSHOT: javax.faces:jsf-api:jar:1.1 was not found in https://maven.aliyun.com/repository/public during a previous attempt. This failure was cached in the local repository and resolution is not reattempted until the update interval of aliyunmaven has elapsed or updates are forced -> [Help 1], None, None 

The test executes as expected in 1.2 

Error code: None 

Extract two key *entities* from the error for searching related diffs 

The extracted entities should reflect code-level identifiers that are likely to appear in source code or diffs. 

Current cause: ['`javax.faces:jsf-api:jar:1.1', 'edu.vision.se:CVE-2013-6430:jar:1.0-SNAPSHOT`'] 

 failed to catch, try simpler or other entities.

Output each node as a `;`-separated list, with no explanations. 


[LLMClient] Response: 
`javax.faces:jsf-api;edu.vision.se:CVE-2013-6430`
[96m[ErrorManager] Extracted key entities: ['`javax.faces:jsf-api', 'edu.vision.se:CVE-2013-6430`'][0m
[96m[Adapter] Related diffs for error: [][0m
[96m[Adapter] Fix position is in test code.[0m
[96m[RepairModule] Start repair for group: Failed to execute goal on project CVE-2013-6430: Could not resolve dependencies for project edu.vision.se:CVE-2013-6430:jar:1.0-SNAPSHOT: javax.faces:jsf-api:jar:1.1 was not found in https://maven.aliyun.com/repository/public during a previous attempt. This failure was cached in the local repository and resolution is not reattempted until the update interval of aliyunmaven has elapsed or updates are forced -> [Help 1] | cause: ['`javax.faces:jsf-api', 'edu.vision.se:CVE-2013-6430`'][0m
[96m[RepairModule] Trying best diff #None with score 0.00[0m
[96m[RepairModule] Found 0 diff combinations for annealing.[0m
[96m[RepairModule] Iteration 1, temperature 1.000: No diff selected.[0m
[96m[RepairModule] Iteration 1, temperature 1.000: Trying diff #None with score 0.00[0m
[93m[RepairModule] Diff #None content empty[0m
[LLMClient] Tokens used: 565 (prompt), 437 (completion), 1002 (total)
[LLMClient] Prompt: 
You are given a Java test file with compilation errors in version 1.2.1:org.springframework:spring-web.
This test file compiles and runs successfully in 1.2.

The diff is related to the diff.
Your task has three steps:
 1. Locate the code where the compilation error occurs.
 2. Analyze the diff from 1.2 to 1.2.1.
 3. Fix the error in the error position only when diff is helpful. Add import statement when needed according to the diff. 

Only output the modified version of the test file according to the diff. No explanations. If mocking, access fields via reflection if they exist.
### Compilation Errors:
message: Failed to execute goal on project CVE-2013-6430: Could not resolve dependencies for project edu.vision.se:CVE-2013-6430:jar:1.0-SNAPSHOT: javax.faces:jsf-api:jar:1.1 was not found in https://maven.aliyun.com/repository/public during a previous attempt. This failure was cached in the local repository and resolution is not reattempted until the update interval of aliyunmaven has elapsed or updates are forced -> [Help 1], symble: None, location: None

### Error Position:
None

### Related Diff:


### Test File Content:
package edu.vision.se;

import static org.junit.Assert.assertEquals;

import java.io.UnsupportedEncodingException;

import org.junit.Test;
import org.springframework.web.util.JavaScriptUtils;

public class Testcase1 {
    @Test
    public void escape() {
        StringBuilder sb = new StringBuilder();
        sb.append('"');
        sb.append("'");
        sb.append("\\");
        sb.append("/");
        sb.append("\t");
        sb.append("\n");
        sb.append("\r");
        sb.append("\f");
        sb.append("\b");
        sb.append("\013");
        assertEquals("\\\"\\'\\\\\\/\\t\\n\\n\\f\\b\\v", JavaScriptUtils.javaScriptEscape(sb.toString()));
    }

    @Test
    public void escapePsLsLineTerminators() {
        StringBuilder sb = new StringBuilder();
        sb.append('\u2028');
        sb.append('\u2029');
        String result = JavaScriptUtils.javaScriptEscape(sb.toString());

        assertEquals("\\u2028\\u2029", result);
    }

    @Test
    public void escapeLessThanGreaterThanSigns() throws UnsupportedEncodingException {
        assertEquals("\\u003C\\u003E", JavaScriptUtils.javaScriptEscape("<>"));
    }
}


[LLMClient] Response: 
Based on the information provided, there doesn't appear to be any compilation errors in the test file itself. The error message shows a dependency resolution failure for `javax.faces:jsf-api:jar:1.1`, but this is unrelated to the test file content shown.

The test file content appears to be correct and doesn't require any modifications as it:
1. Properly imports all needed classes (JavaScriptUtils from spring-web)
2. Contains valid test methods
3. Doesn't show any compilation errors in the code

Since there's no actual compilation error in the test file and no related diff provided that would affect this file, I cannot make any meaningful changes to the test file content. The issue appears to be with Maven dependency resolution rather than the test code itself.

The test file should remain as is:

```java
package edu.vision.se;

import static org.junit.Assert.assertEquals;

import java.io.UnsupportedEncodingException;

import org.junit.Test;
import org.springframework.web.util.JavaScriptUtils;

public class Testcase1 {
    @Test
    public void escape() {
        StringBuilder sb = new StringBuilder();
        sb.append('"');
        sb.append("'");
        sb.append("\\");
        sb.append("/");
        sb.append("\t");
        sb.append("\n");
        sb.append("\r");
        sb.append("\f");
        sb.append("\b");
        sb.append("\013");
        assertEquals("\\\"\\'\\\\\\/\\t\\n\\n\\f\\b\\v", JavaScriptUtils.javaScriptEscape(sb.toString()));
    }

    @Test
    public void escapePsLsLineTerminators() {
        StringBuilder sb = new StringBuilder();
        sb.append('\u2028');
        sb.append('\u2029');
        String result = JavaScriptUtils.javaScriptEscape(sb.toString());

        assertEquals("\\u2028\\u2029", result);
    }

    @Test
    public void escapeLessThanGreaterThanSigns() throws UnsupportedEncodingException {
        assertEquals("\\u003C\\u003E", JavaScriptUtils.javaScriptEscape("<>"));
    }
}
```
[96m[RepairModule] Wrote modified code to /PoCAdaptation/exploit/result/CVE-2013-6430/1.2.1/exploit/src/test/java/edu/vision/se/Testcase1.java[0m
[96m[Executor] Executing exploit for CVE-2013-6430 on version 1.2.1...[0m
[96m[Verifier] Verifying reproduction...[0m
[91m[Verifier] âœ— Behavior not found: 'org.junit.ComparisonFailure'[0m
[91m[Executor] Reproduction result: Failure[0m
[92m[ErrorManager] Processing line: [ERROR] Failed to execute goal on project CVE-2013-6430: Could not resolve dependencies for project edu.vision.se:CVE-2013-6430:jar:1.0-SNAPSHOT: javax.faces:jsf-api:jar:1.1 was not found in https://maven.aliyun.com/repository/public during a previous attempt. This failure was cached in the local repository and resolution is not reattempted until the update interval of aliyunmaven has elapsed or updates are forced -> [Help 1][0m
[96m[ErrorManager] Ignoring line: [ERROR][0m
[96m[ErrorManager] Ignoring line: [ERROR] To see the full stack trace of the errors, re-run Maven with the -e switch.[0m
[96m[ErrorManager] Ignoring line: [ERROR] Re-run Maven using the -X switch to enable full debug logging.[0m
[96m[ErrorManager] Ignoring line: [ERROR][0m
[96m[ErrorManager] Ignoring line: [ERROR] For more information about the errors and possible solutions, please read the following articles:[0m
[96m[ErrorManager] Ignoring line: [ERROR] [Help 1] http://cwiki.apache.org/confluence/display/MAVEN/DependencyResolutionException[0m
[91m[ErrorManager] Failed to read file UNKNOWN: [Errno 2] No such file or directory: 'UNKNOWN'[0m
[RepairModule] Old grouped keys: {'Failed to execute goal on project CVE-2013-6430: Could not resolve dependencies for project edu.vision.se:CVE-2013-6430:jar:1.0-SNAPSHOT: javax.faces:jsf-api:jar:1.1 was not found in https://maven.aliyun.com/repository/public during a previous attempt. This failure was cached in the local repository and resolution is not reattempted until the update interval of aliyunmaven has elapsed or updates are forced -> [Help 1] |'}
[RepairModule] New grouped keys: {'Failed to execute goal on project CVE-2013-6430: Could not resolve dependencies for project edu.vision.se:CVE-2013-6430:jar:1.0-SNAPSHOT: javax.faces:jsf-api:jar:1.1 was not found in https://maven.aliyun.com/repository/public during a previous attempt. This failure was cached in the local repository and resolution is not reattempted until the update interval of aliyunmaven has elapsed or updates are forced -> [Help 1] |'}
[91m[RepairModule] Error Failed to execute goal on project CVE-2013-6430: Could not resolve dependencies for project edu.vision.se:CVE-2013-6430:jar:1.0-SNAPSHOT: javax.faces:jsf-api:jar:1.1 was not found in https://maven.aliyun.com/repository/public during a previous attempt. This failure was cached in the local repository and resolution is not reattempted until the update interval of aliyunmaven has elapsed or updates are forced -> [Help 1] still exists in group Failed to execute goal on project CVE-2013-6430: Could not resolve dependencies for project edu.vision.se:CVE-2013-6430:jar:1.0-SNAPSHOT: javax.faces:jsf-api:jar:1.1 was not found in https://maven.aliyun.com/repository/public during a previous attempt. This failure was cached in the local repository and resolution is not reattempted until the update interval of aliyunmaven has elapsed or updates are forced -> [Help 1] | after applying diff.[0m
[91m[RepairModule] No more diffs to try, stopping repair.[0m
[96m[Adapter] Test code repair attempted.[0m
[96m[Executor] Executing exploit for CVE-2013-6430 on version 1.2.1...[0m
[96m[Verifier] Verifying reproduction...[0m
[91m[Verifier] âœ— Behavior not found: 'org.junit.ComparisonFailure'[0m
[91m[Executor] Reproduction result: Failure[0m
[92m[ErrorManager] Processing line: [ERROR] Failed to execute goal on project CVE-2013-6430: Could not resolve dependencies for project edu.vision.se:CVE-2013-6430:jar:1.0-SNAPSHOT: javax.faces:jsf-api:jar:1.1 was not found in https://maven.aliyun.com/repository/public during a previous attempt. This failure was cached in the local repository and resolution is not reattempted until the update interval of aliyunmaven has elapsed or updates are forced -> [Help 1][0m
[96m[ErrorManager] Ignoring line: [ERROR][0m
[96m[ErrorManager] Ignoring line: [ERROR] To see the full stack trace of the errors, re-run Maven with the -e switch.[0m
[96m[ErrorManager] Ignoring line: [ERROR] Re-run Maven using the -X switch to enable full debug logging.[0m
[96m[ErrorManager] Ignoring line: [ERROR][0m
[96m[ErrorManager] Ignoring line: [ERROR] For more information about the errors and possible solutions, please read the following articles:[0m
[96m[ErrorManager] Ignoring line: [ERROR] [Help 1] http://cwiki.apache.org/confluence/display/MAVEN/DependencyResolutionException[0m
[91m[ErrorManager] Failed to read file UNKNOWN: [Errno 2] No such file or directory: 'UNKNOWN'[0m
[96m[Adapter] Locating fix position in error log.[0m
[LLMClient] Tokens used: 834 (prompt), 2 (completion), 836 (total)
[LLMClient] Prompt: 
You are given a Java error log when executing 'mvn test' in a project with dependency version 1.2.1:org.springframework:spring-web.
This test file compiles and runs successfully with version 1.2.

Your task is to:
1. Analyze why this issue occurs with the *1.2* but not with the *1.2.1 version*.
2. Consider how to resolve the issue **without updating this library**.
3. Determine and output the location in the project that should be modified to fix the problem.

Please return 'pom' if the fix is in the pom.xml file, or 'test' if the fix is in the test code.
Do not return any other text, just 'pom' or 'test'.

The error log is:
[INFO] Scanning for projects...
[INFO] 
[INFO] --------------------< edu.vision.se:CVE-2013-6430 >---------------------
[INFO] Building CVE-2013-6430 1.0-SNAPSHOT
[INFO]   from pom.xml
[INFO] --------------------------------[ jar ]---------------------------------
[INFO] ------------------------------------------------------------------------
[INFO] BUILD FAILURE
[INFO] ------------------------------------------------------------------------
[INFO] Total time:  0.245 s
[INFO] Finished at: 2025-07-13T14:26:18Z
[INFO] ------------------------------------------------------------------------
[ERROR] Failed to execute goal on project CVE-2013-6430: Could not resolve dependencies for project edu.vision.se:CVE-2013-6430:jar:1.0-SNAPSHOT: javax.faces:jsf-api:jar:1.1 was not found in https://maven.aliyun.com/repository/public during a previous attempt. This failure was cached in the local repository and resolution is not reattempted until the update interval of aliyunmaven has elapsed or updates are forced -> [Help 1]
[ERROR] 
[ERROR] To see the full stack trace of the errors, re-run Maven with the -e switch.
[ERROR] Re-run Maven using the -X switch to enable full debug logging.
[ERROR] 
[ERROR] For more information about the errors and possible solutions, please read the following articles:
[ERROR] [Help 1] http://cwiki.apache.org/confluence/display/MAVEN/DependencyResolutionException


current_pom file is:<?xml version='1.0' encoding='utf-8'?>
<project xmlns="http://maven.apache.org/POM/4.0.0" xmlns:xsi="http://www.w3.org/2001/XMLSchema-instance" xsi:schemaLocation="http://maven.apache.org/POM/4.0.0 https://maven.apache.org/xsd/maven-4.0.0.xsd">
  <modelVersion>4.0.0</modelVersion>
  <groupId>edu.vision.se</groupId>
  <artifactId>CVE-2013-6430</artifactId>
  <version>1.0-SNAPSHOT</version>
  <properties>
    <maven.compiler.target>11</maven.compiler.target>
    <maven.compiler.source>11</maven.compiler.source>
  </properties>
  <dependencies>
    <dependency>
      <groupId>org.springframework</groupId>
      <artifactId>spring-web</artifactId>
      <version>1.2.1</version>
    </dependency>
  <dependency><groupId>junit</groupId><artifactId>junit</artifactId><version>4.13.2</version></dependency>
  </dependencies>
  <repositories>
  <repository>
    <id>central</id>
    <url>https://repo.maven.apache.org/maven2</url>
  </repository>
</repositories>
</project>
[LLMClient] Response: 
pom
[96m[Adapter] LLM response for fix position: pom[0m
[96m[Adapter] Fix position is in pom.xml.[0m
[LLMClient] Tokens used: 228 (prompt), 40 (completion), 268 (total)
[LLMClient] Prompt: 
You are given an error log when executing 'mvn test' in version 1.2.1: 

Error: Failed to execute goal on project CVE-2013-6430: Could not resolve dependencies for project edu.vision.se:CVE-2013-6430:jar:1.0-SNAPSHOT: javax.faces:jsf-api:jar:1.1 was not found in https://maven.aliyun.com/repository/public during a previous attempt. This failure was cached in the local repository and resolution is not reattempted until the update interval of aliyunmaven has elapsed or updates are forced -> [Help 1], None, None 

The test executes as expected in 1.2 

Error code: None 

Extract two key *entities* from the error for searching related diffs 

The extracted entities should reflect code-level identifiers that are likely to appear in source code or diffs. 

Output each node as a `;`-separated list, with no explanations. 


[LLMClient] Response: 
`javax.faces:jsf-api:jar:1.1;edu.vision.se:CVE-2013-6430:jar:1.0-SNAPSHOT`
[96m[ErrorManager] Extracted key entities: ['`javax.faces:jsf-api:jar:1.1', 'edu.vision.se:CVE-2013-6430:jar:1.0-SNAPSHOT`'][0m
[96m[RepairModule] Start repair[0m
[96m[RepairModule] Iteration 1, temperature 1.000: Trying diff #None with score 0.00[0m
[LLMClient] Tokens used: 790 (prompt), 177 (completion), 967 (total)
[LLMClient] Prompt: 
You are given an error when executing test in in 1.2.1:org.springframework:spring-web
This test file compiles and runs successfully in 1.2.

Related diff is None

You are NOT allowed to change the version of the dependency org.springframework:spring-web.
Your task is to solve the problem by changing the pom file of the project
Current pom file is <?xml version='1.0' encoding='utf-8'?>
<project xmlns="http://maven.apache.org/POM/4.0.0" xmlns:xsi="http://www.w3.org/2001/XMLSchema-instance" xsi:schemaLocation="http://maven.apache.org/POM/4.0.0 https://maven.apache.org/xsd/maven-4.0.0.xsd">
  <modelVersion>4.0.0</modelVersion>
  <groupId>edu.vision.se</groupId>
  <artifactId>CVE-2013-6430</artifactId>
  <version>1.0-SNAPSHOT</version>
  <properties>
    <maven.compiler.target>11</maven.compiler.target>
    <maven.compiler.source>11</maven.compiler.source>
  </properties>
  <dependencies>
    <dependency>
      <groupId>org.springframework</groupId>
      <artifactId>spring-web</artifactId>
      <version>1.2.1</version>
    </dependency>
  <dependency><groupId>junit</groupId><artifactId>junit</artifactId><version>4.13.2</version></dependency>
  </dependencies>
  <repositories>
  <repository>
    <id>central</id>
    <url>https://repo.maven.apache.org/maven2</url>
  </repository>
</repositories>
</project>
Your task is 1. Analyze the cause of the errors 2. Decide fix position of the pom file according to the cause 3. Output only the updated partion of pom.xml entries without explanation

### Compilation Errors:
[INFO] Scanning for projects...
[INFO] 
[INFO] --------------------< edu.vision.se:CVE-2013-6430 >---------------------
[INFO] Building CVE-2013-6430 1.0-SNAPSHOT
[INFO]   from pom.xml
[INFO] --------------------------------[ jar ]---------------------------------
[INFO] ------------------------------------------------------------------------
[INFO] BUILD FAILURE
[INFO] ------------------------------------------------------------------------
[INFO] Total time:  0.245 s
[INFO] Finished at: 2025-07-13T14:26:18Z
[INFO] ------------------------------------------------------------------------
[ERROR] Failed to execute goal on project CVE-2013-6430: Could not resolve dependencies for project edu.vision.se:CVE-2013-6430:jar:1.0-SNAPSHOT: javax.faces:jsf-api:jar:1.1 was not found in https://maven.aliyun.com/repository/public during a previous attempt. This failure was cached in the local repository and resolution is not reattempted until the update interval of aliyunmaven has elapsed or updates are forced -> [Help 1]
[ERROR] 
[ERROR] To see the full stack trace of the errors, re-run Maven with the -e switch.
[ERROR] Re-run Maven using the -X switch to enable full debug logging.
[ERROR] 
[ERROR] For more information about the errors and possible solutions, please read the following articles:
[ERROR] [Help 1] http://cwiki.apache.org/confluence/display/MAVEN/DependencyResolutionException


[LLMClient] Response: 
The error indicates that there's a missing transitive dependency (javax.faces:jsf-api:1.1) that spring-web 1.2.1 requires. Here's the updated portion of the pom.xml to add the missing dependency:

```xml
<dependencies>
  <dependency>
    <groupId>org.springframework</groupId>
    <artifactId>spring-web</artifactId>
    <version>1.2.1</version>
  </dependency>
  <dependency>
    <groupId>javax.faces</groupId>
    <artifactId>jsf-api</artifactId>
    <version>1.1</version>
  </dependency>
  <dependency>
    <groupId>junit</groupId>
    <artifactId>junit</artifactId>
    <version>4.13.2</version>
  </dependency>
</dependencies>
```
[Adapter] ~ Updating version of org.springframework:spring-web to 1.2.1
[Adapter] + Adding new dependency javax.faces:jsf-api:1.1
[Adapter] ~ Updating version of junit:junit to 4.13.2
[Adapter] âœ“ pom.xml successfully updated.
[96m[Executor] Executing exploit for CVE-2013-6430 on version 1.2.1...[0m
[96m[Verifier] Verifying reproduction...[0m
[91m[Verifier] âœ— Behavior not found: 'org.junit.ComparisonFailure'[0m
[91m[Executor] Reproduction result: Failure[0m
[LLMClient] Tokens used: 833 (prompt), 186 (completion), 1019 (total)
[LLMClient] Prompt: 
You are given an error when executing test in in 1.2.1:org.springframework:spring-web
This test file compiles and runs successfully in 1.2.

You are NOT allowed to change the version of the dependency org.springframework:spring-web.
Your task is to solve the problem by changing the pom file of the project. You can update other library to any versions
Current pom file is <?xml version='1.0' encoding='utf-8'?>
<project xmlns="http://maven.apache.org/POM/4.0.0" xmlns:xsi="http://www.w3.org/2001/XMLSchema-instance" xsi:schemaLocation="http://maven.apache.org/POM/4.0.0 https://maven.apache.org/xsd/maven-4.0.0.xsd">
  <modelVersion>4.0.0</modelVersion>
  <groupId>edu.vision.se</groupId>
  <artifactId>CVE-2013-6430</artifactId>
  <version>1.0-SNAPSHOT</version>
  <properties>
    <maven.compiler.target>11</maven.compiler.target>
    <maven.compiler.source>11</maven.compiler.source>
  </properties>
  <dependencies>
    <dependency>
      <groupId>org.springframework</groupId>
      <artifactId>spring-web</artifactId>
      <version>1.2.1</version>
    </dependency>
  <dependency><groupId>junit</groupId><artifactId>junit</artifactId><version>4.13.2</version></dependency>
  <dependency>
    <groupId>javax.faces</groupId>
    <artifactId>jsf-api</artifactId>
    <version>1.1</version>
  </dependency>
  </dependencies>
  <repositories>
  <repository>
    <id>central</id>
    <url>https://repo.maven.apache.org/maven2</url>
  </repository>
</repositories>
</project>
Your task is 1. Analyze the cause of the errors 2. Decide fix position of the pom file according to the cause 3. Output only the updated partion of pom.xml entries without explanation

### Compilation Errors:
[INFO] Scanning for projects...
[INFO] 
[INFO] --------------------< edu.vision.se:CVE-2013-6430 >---------------------
[INFO] Building CVE-2013-6430 1.0-SNAPSHOT
[INFO]   from pom.xml
[INFO] --------------------------------[ jar ]---------------------------------
[INFO] ------------------------------------------------------------------------
[INFO] BUILD FAILURE
[INFO] ------------------------------------------------------------------------
[INFO] Total time:  0.236 s
[INFO] Finished at: 2025-07-13T14:26:38Z
[INFO] ------------------------------------------------------------------------
[ERROR] Failed to execute goal on project CVE-2013-6430: Could not resolve dependencies for project edu.vision.se:CVE-2013-6430:jar:1.0-SNAPSHOT: javax.faces:jsf-api:jar:1.1 was not found in https://maven.aliyun.com/repository/public during a previous attempt. This failure was cached in the local repository and resolution is not reattempted until the update interval of aliyunmaven has elapsed or updates are forced -> [Help 1]
[ERROR] 
[ERROR] To see the full stack trace of the errors, re-run Maven with the -e switch.
[ERROR] Re-run Maven using the -X switch to enable full debug logging.
[ERROR] 
[ERROR] For more information about the errors and possible solutions, please read the following articles:
[ERROR] [Help 1] http://cwiki.apache.org/confluence/display/MAVEN/DependencyResolutionException


[LLMClient] Response: 
Based on the error message, the issue is that Maven cannot find the `javax.faces:jsf-api:1.1` dependency in the specified repository. Here's the updated portion of the pom.xml that changes the JSF API version to one that's more commonly available:

```xml
<dependencies>
  <dependency>
    <groupId>org.springframework</groupId>
    <artifactId>spring-web</artifactId>
    <version>1.2.1</version>
  </dependency>
  <dependency>
    <groupId>junit</groupId>
    <artifactId>junit</artifactId>
    <version>4.13.2</version>
  </dependency>
  <dependency>
    <groupId>javax.faces</groupId>
    <artifactId>jsf-api</artifactId>
    <version>2.2</version>
  </dependency>
</dependencies>
```
[Adapter] ~ Updating version of org.springframework:spring-web to 1.2.1
[Adapter] ~ Updating version of junit:junit to 4.13.2
[Adapter] ~ Updating version of javax.faces:jsf-api to 2.2
[Adapter] âœ“ pom.xml successfully updated.
[96m[Executor] Executing exploit for CVE-2013-6430 on version 1.2.1...[0m
[96m[Verifier] Verifying reproduction...[0m
[91m[Verifier] âœ— Behavior not found: 'org.junit.ComparisonFailure'[0m
[91m[Executor] Reproduction result: Failure[0m
[96m[RepairModule] Iteration 2, temperature 0.700: Trying diff #None with score 0.00[0m
[LLMClient] Tokens used: 819 (prompt), 203 (completion), 1022 (total)
[LLMClient] Prompt: 
You are given an error when executing test in in 1.2.1:org.springframework:spring-web
This test file compiles and runs successfully in 1.2.

Related diff is None

You are NOT allowed to change the version of the dependency org.springframework:spring-web.
Your task is to solve the problem by changing the pom file of the project
Current pom file is <?xml version='1.0' encoding='utf-8'?>
<project xmlns="http://maven.apache.org/POM/4.0.0" xmlns:xsi="http://www.w3.org/2001/XMLSchema-instance" xsi:schemaLocation="http://maven.apache.org/POM/4.0.0 https://maven.apache.org/xsd/maven-4.0.0.xsd">
  <modelVersion>4.0.0</modelVersion>
  <groupId>edu.vision.se</groupId>
  <artifactId>CVE-2013-6430</artifactId>
  <version>1.0-SNAPSHOT</version>
  <properties>
    <maven.compiler.target>11</maven.compiler.target>
    <maven.compiler.source>11</maven.compiler.source>
  </properties>
  <dependencies>
    <dependency>
      <groupId>org.springframework</groupId>
      <artifactId>spring-web</artifactId>
      <version>1.2.1</version>
    </dependency>
  <dependency><groupId>junit</groupId><artifactId>junit</artifactId><version>4.13.2</version></dependency>
  </dependencies>
  <repositories>
  <repository>
    <id>central</id>
    <url>https://repo.maven.apache.org/maven2</url>
  </repository>
</repositories>
</project>
Your task is 1. Analyze the cause of the errors 2. Decide fix position of the pom file according to the cause 3. Output only the updated partion of pom.xml entries without explanation

### Compilation Errors:
[INFO] Scanning for projects...
[INFO] 
[INFO] --------------------< edu.vision.se:CVE-2013-6430 >---------------------
[INFO] Building CVE-2013-6430 1.0-SNAPSHOT
[INFO]   from pom.xml
[INFO] --------------------------------[ jar ]---------------------------------
[WARNING] The POM for javax.faces:jsf-api:jar:2.2 is missing, no dependency information available
[INFO] ------------------------------------------------------------------------
[INFO] BUILD FAILURE
[INFO] ------------------------------------------------------------------------
[INFO] Total time:  0.234 s
[INFO] Finished at: 2025-07-13T14:26:50Z
[INFO] ------------------------------------------------------------------------
[ERROR] Failed to execute goal on project CVE-2013-6430: Could not resolve dependencies for project edu.vision.se:CVE-2013-6430:jar:1.0-SNAPSHOT: javax.faces:jsf-api:jar:2.2 was not found in https://maven.aliyun.com/repository/public during a previous attempt. This failure was cached in the local repository and resolution is not reattempted until the update interval of aliyunmaven has elapsed or updates are forced -> [Help 1]
[ERROR] 
[ERROR] To see the full stack trace of the errors, re-run Maven with the -e switch.
[ERROR] Re-run Maven using the -X switch to enable full debug logging.
[ERROR] 
[ERROR] For more information about the errors and possible solutions, please read the following articles:
[ERROR] [Help 1] http://cwiki.apache.org/confluence/display/MAVEN/DependencyResolutionException


[LLMClient] Response: 
The error shows that the build is failing because it cannot find the `javax.faces:jsf-api:2.2` dependency which is likely a transitive dependency of `spring-web:1.2.1`. Since we can't change the spring-web version, we need to explicitly add the missing dependency.

Here's the updated portion of the pom.xml to add:

```xml
<dependencies>
  <dependency>
    <groupId>org.springframework</groupId>
    <artifactId>spring-web</artifactId>
    <version>1.2.1</version>
  </dependency>
  <dependency>
    <groupId>javax.faces</groupId>
    <artifactId>jsf-api</artifactId>
    <version>2.2</version>
  </dependency>
  <dependency>
    <groupId>junit</groupId>
    <artifactId>junit</artifactId>
    <version>4.13.2</version>
  </dependency>
</dependencies>
```
[Adapter] ~ Updating version of org.springframework:spring-web to 1.2.1
[Adapter] + Adding new dependency javax.faces:jsf-api:2.2
[Adapter] ~ Updating version of junit:junit to 4.13.2
[Adapter] âœ“ pom.xml successfully updated.
[96m[Executor] Executing exploit for CVE-2013-6430 on version 1.2.1...[0m
[96m[Verifier] Verifying reproduction...[0m
[91m[Verifier] âœ— Behavior not found: 'org.junit.ComparisonFailure'[0m
[91m[Executor] Reproduction result: Failure[0m
[96m[Executor] Executing exploit for CVE-2013-6430 on version 1.2.1...[0m
[96m[Verifier] Verifying reproduction...[0m
[91m[Verifier] âœ— Behavior not found: 'org.junit.ComparisonFailure'[0m
[91m[Executor] Reproduction result: Failure[0m
[LLMClient] Tokens used: 228 (prompt), 29 (completion), 257 (total)
[LLMClient] Prompt: 
You are given an error log when executing 'mvn test' in version 1.2.1: 

Error: Failed to execute goal on project CVE-2013-6430: Could not resolve dependencies for project edu.vision.se:CVE-2013-6430:jar:1.0-SNAPSHOT: javax.faces:jsf-api:jar:1.1 was not found in https://maven.aliyun.com/repository/public during a previous attempt. This failure was cached in the local repository and resolution is not reattempted until the update interval of aliyunmaven has elapsed or updates are forced -> [Help 1], None, None 

The test executes as expected in 1.2 

Error code: None 

Extract two key *entities* from the error for searching related diffs 

The extracted entities should reflect code-level identifiers that are likely to appear in source code or diffs. 

Output each node as a `;`-separated list, with no explanations. 


[LLMClient] Response: 
`javax.faces:jsf-api:jar:1.1;edu.vision.se:CVE-2013-6430`
[96m[ErrorManager] Extracted key entities: ['`javax.faces:jsf-api:jar:1.1', 'edu.vision.se:CVE-2013-6430`'][0m
[96m[Adapter] Try to solve error: {'file': 'UNKNOWN', 'line': -1, 'column': -1, 'message': 'Failed to execute goal on project CVE-2013-6430: Could not resolve dependencies for project edu.vision.se:CVE-2013-6430:jar:1.0-SNAPSHOT: javax.faces:jsf-api:jar:1.1 was not found in https://maven.aliyun.com/repository/public during a previous attempt. This failure was cached in the local repository and resolution is not reattempted until the update interval of aliyunmaven has elapsed or updates are forced -> [Help 1]', 'symbol': None, 'location': None, 'code_line': None} with cause: ['`javax.faces:jsf-api:jar:1.1', 'edu.vision.se:CVE-2013-6430`'][0m
[LLMClient] Tokens used: 274 (prompt), 23 (completion), 297 (total)
[LLMClient] Prompt: 
You are given an error log when executing 'mvn test' in version 1.2.1: 

Error: Failed to execute goal on project CVE-2013-6430: Could not resolve dependencies for project edu.vision.se:CVE-2013-6430:jar:1.0-SNAPSHOT: javax.faces:jsf-api:jar:1.1 was not found in https://maven.aliyun.com/repository/public during a previous attempt. This failure was cached in the local repository and resolution is not reattempted until the update interval of aliyunmaven has elapsed or updates are forced -> [Help 1], None, None 

The test executes as expected in 1.2 

Error code: None 

Extract two key *entities* from the error for searching related diffs 

The extracted entities should reflect code-level identifiers that are likely to appear in source code or diffs. 

Current cause: ['`javax.faces:jsf-api:jar:1.1', 'edu.vision.se:CVE-2013-6430`'] 

 failed to catch, try simpler or other entities.

Output each node as a `;`-separated list, with no explanations. 


[LLMClient] Response: 
`javax.faces:jsf-api;edu.vision.se:CVE-2013-6430`
[96m[ErrorManager] Extracted key entities: ['`javax.faces:jsf-api', 'edu.vision.se:CVE-2013-6430`'][0m
[96m[Adapter] Related diffs for error: [][0m
[96m[Adapter] Fix position is in test code.[0m
[96m[RepairModule] Start repair for group: Failed to execute goal on project CVE-2013-6430: Could not resolve dependencies for project edu.vision.se:CVE-2013-6430:jar:1.0-SNAPSHOT: javax.faces:jsf-api:jar:1.1 was not found in https://maven.aliyun.com/repository/public during a previous attempt. This failure was cached in the local repository and resolution is not reattempted until the update interval of aliyunmaven has elapsed or updates are forced -> [Help 1] | cause: ['`javax.faces:jsf-api', 'edu.vision.se:CVE-2013-6430`'][0m
[96m[RepairModule] Trying best diff #None with score 0.00[0m
[96m[RepairModule] Found 0 diff combinations for annealing.[0m
[96m[RepairModule] Iteration 1, temperature 1.000: No diff selected.[0m
[96m[RepairModule] Iteration 1, temperature 1.000: Trying diff #None with score 0.00[0m
[93m[RepairModule] Diff #None content empty[0m
[LLMClient] Tokens used: 565 (prompt), 344 (completion), 909 (total)
[LLMClient] Prompt: 
You are given a Java test file with compilation errors in version 1.2.1:org.springframework:spring-web.
This test file compiles and runs successfully in 1.2.

The diff is related to the diff.
Your task has three steps:
 1. Locate the code where the compilation error occurs.
 2. Analyze the diff from 1.2 to 1.2.1.
 3. Fix the error in the error position only when diff is helpful. Add import statement when needed according to the diff. 

Only output the modified version of the test file according to the diff. No explanations. If mocking, access fields via reflection if they exist.
### Compilation Errors:
message: Failed to execute goal on project CVE-2013-6430: Could not resolve dependencies for project edu.vision.se:CVE-2013-6430:jar:1.0-SNAPSHOT: javax.faces:jsf-api:jar:1.1 was not found in https://maven.aliyun.com/repository/public during a previous attempt. This failure was cached in the local repository and resolution is not reattempted until the update interval of aliyunmaven has elapsed or updates are forced -> [Help 1], symble: None, location: None

### Error Position:
None

### Related Diff:


### Test File Content:
package edu.vision.se;

import static org.junit.Assert.assertEquals;

import java.io.UnsupportedEncodingException;

import org.junit.Test;
import org.springframework.web.util.JavaScriptUtils;

public class Testcase1 {
    @Test
    public void escape() {
        StringBuilder sb = new StringBuilder();
        sb.append('"');
        sb.append("'");
        sb.append("\\");
        sb.append("/");
        sb.append("\t");
        sb.append("\n");
        sb.append("\r");
        sb.append("\f");
        sb.append("\b");
        sb.append("\013");
        assertEquals("\\\"\\'\\\\\\/\\t\\n\\n\\f\\b\\v", JavaScriptUtils.javaScriptEscape(sb.toString()));
    }

    @Test
    public void escapePsLsLineTerminators() {
        StringBuilder sb = new StringBuilder();
        sb.append('\u2028');
        sb.append('\u2029');
        String result = JavaScriptUtils.javaScriptEscape(sb.toString());

        assertEquals("\\u2028\\u2029", result);
    }

    @Test
    public void escapeLessThanGreaterThanSigns() throws UnsupportedEncodingException {
        assertEquals("\\u003C\\u003E", JavaScriptUtils.javaScriptEscape("<>"));
    }
}


[LLMClient] Response: 
Since there's no specific compilation error in the test file content provided and the error message refers to a dependency resolution issue (javax.faces:jsf-api:jar:1.1 not being found), and no related diff was provided, I'll return the original test file content as it appears to be correct and doesn't need modification based on the given information.

```java
package edu.vision.se;

import static org.junit.Assert.assertEquals;

import java.io.UnsupportedEncodingException;

import org.junit.Test;
import org.springframework.web.util.JavaScriptUtils;

public class Testcase1 {
    @Test
    public void escape() {
        StringBuilder sb = new StringBuilder();
        sb.append('"');
        sb.append("'");
        sb.append("\\");
        sb.append("/");
        sb.append("\t");
        sb.append("\n");
        sb.append("\r");
        sb.append("\f");
        sb.append("\b");
        sb.append("\013");
        assertEquals("\\\"\\'\\\\\\/\\t\\n\\n\\f\\b\\v", JavaScriptUtils.javaScriptEscape(sb.toString()));
    }

    @Test
    public void escapePsLsLineTerminators() {
        StringBuilder sb = new StringBuilder();
        sb.append('\u2028');
        sb.append('\u2029');
        String result = JavaScriptUtils.javaScriptEscape(sb.toString());

        assertEquals("\\u2028\\u2029", result);
    }

    @Test
    public void escapeLessThanGreaterThanSigns() throws UnsupportedEncodingException {
        assertEquals("\\u003C\\u003E", JavaScriptUtils.javaScriptEscape("<>"));
    }
}
```
[96m[RepairModule] Wrote modified code to /PoCAdaptation/exploit/result/CVE-2013-6430/1.2.1/exploit/src/test/java/edu/vision/se/Testcase1.java[0m
[96m[Executor] Executing exploit for CVE-2013-6430 on version 1.2.1...[0m
[96m[Verifier] Verifying reproduction...[0m
[91m[Verifier] âœ— Behavior not found: 'org.junit.ComparisonFailure'[0m
[91m[Executor] Reproduction result: Failure[0m
[92m[ErrorManager] Processing line: [ERROR] Failed to execute goal on project CVE-2013-6430: Could not resolve dependencies for project edu.vision.se:CVE-2013-6430:jar:1.0-SNAPSHOT: javax.faces:jsf-api:jar:1.1 was not found in https://maven.aliyun.com/repository/public during a previous attempt. This failure was cached in the local repository and resolution is not reattempted until the update interval of aliyunmaven has elapsed or updates are forced -> [Help 1][0m
[96m[ErrorManager] Ignoring line: [ERROR][0m
[96m[ErrorManager] Ignoring line: [ERROR] To see the full stack trace of the errors, re-run Maven with the -e switch.[0m
[96m[ErrorManager] Ignoring line: [ERROR] Re-run Maven using the -X switch to enable full debug logging.[0m
[96m[ErrorManager] Ignoring line: [ERROR][0m
[96m[ErrorManager] Ignoring line: [ERROR] For more information about the errors and possible solutions, please read the following articles:[0m
[96m[ErrorManager] Ignoring line: [ERROR] [Help 1] http://cwiki.apache.org/confluence/display/MAVEN/DependencyResolutionException[0m
[91m[ErrorManager] Failed to read file UNKNOWN: [Errno 2] No such file or directory: 'UNKNOWN'[0m
[RepairModule] Old grouped keys: {'Failed to execute goal on project CVE-2013-6430: Could not resolve dependencies for project edu.vision.se:CVE-2013-6430:jar:1.0-SNAPSHOT: javax.faces:jsf-api:jar:1.1 was not found in https://maven.aliyun.com/repository/public during a previous attempt. This failure was cached in the local repository and resolution is not reattempted until the update interval of aliyunmaven has elapsed or updates are forced -> [Help 1] |'}
[RepairModule] New grouped keys: {'Failed to execute goal on project CVE-2013-6430: Could not resolve dependencies for project edu.vision.se:CVE-2013-6430:jar:1.0-SNAPSHOT: javax.faces:jsf-api:jar:1.1 was not found in https://maven.aliyun.com/repository/public during a previous attempt. This failure was cached in the local repository and resolution is not reattempted until the update interval of aliyunmaven has elapsed or updates are forced -> [Help 1] |'}
[91m[RepairModule] Error Failed to execute goal on project CVE-2013-6430: Could not resolve dependencies for project edu.vision.se:CVE-2013-6430:jar:1.0-SNAPSHOT: javax.faces:jsf-api:jar:1.1 was not found in https://maven.aliyun.com/repository/public during a previous attempt. This failure was cached in the local repository and resolution is not reattempted until the update interval of aliyunmaven has elapsed or updates are forced -> [Help 1] still exists in group Failed to execute goal on project CVE-2013-6430: Could not resolve dependencies for project edu.vision.se:CVE-2013-6430:jar:1.0-SNAPSHOT: javax.faces:jsf-api:jar:1.1 was not found in https://maven.aliyun.com/repository/public during a previous attempt. This failure was cached in the local repository and resolution is not reattempted until the update interval of aliyunmaven has elapsed or updates are forced -> [Help 1] | after applying diff.[0m
[91m[RepairModule] No more diffs to try, stopping repair.[0m
[96m[Adapter] Test code repair attempted.[0m
[96m[Executor] Executing exploit for CVE-2013-6430 on version 1.2.1...[0m
[96m[Verifier] Verifying reproduction...[0m
[91m[Verifier] âœ— Behavior not found: 'org.junit.ComparisonFailure'[0m
[91m[Executor] Reproduction result: Failure[0m
[92m[ErrorManager] Processing line: [ERROR] Failed to execute goal on project CVE-2013-6430: Could not resolve dependencies for project edu.vision.se:CVE-2013-6430:jar:1.0-SNAPSHOT: javax.faces:jsf-api:jar:1.1 was not found in https://maven.aliyun.com/repository/public during a previous attempt. This failure was cached in the local repository and resolution is not reattempted until the update interval of aliyunmaven has elapsed or updates are forced -> [Help 1][0m
[96m[ErrorManager] Ignoring line: [ERROR][0m
[96m[ErrorManager] Ignoring line: [ERROR] To see the full stack trace of the errors, re-run Maven with the -e switch.[0m
[96m[ErrorManager] Ignoring line: [ERROR] Re-run Maven using the -X switch to enable full debug logging.[0m
[96m[ErrorManager] Ignoring line: [ERROR][0m
[96m[ErrorManager] Ignoring line: [ERROR] For more information about the errors and possible solutions, please read the following articles:[0m
[96m[ErrorManager] Ignoring line: [ERROR] [Help 1] http://cwiki.apache.org/confluence/display/MAVEN/DependencyResolutionException[0m
[91m[ErrorManager] Failed to read file UNKNOWN: [Errno 2] No such file or directory: 'UNKNOWN'[0m
[96m[Adapter] Locating fix position in error log.[0m
[LLMClient] Tokens used: 834 (prompt), 2 (completion), 836 (total)
[LLMClient] Prompt: 
You are given a Java error log when executing 'mvn test' in a project with dependency version 1.2.1:org.springframework:spring-web.
This test file compiles and runs successfully with version 1.2.

Your task is to:
1. Analyze why this issue occurs with the *1.2* but not with the *1.2.1 version*.
2. Consider how to resolve the issue **without updating this library**.
3. Determine and output the location in the project that should be modified to fix the problem.

Please return 'pom' if the fix is in the pom.xml file, or 'test' if the fix is in the test code.
Do not return any other text, just 'pom' or 'test'.

The error log is:
[INFO] Scanning for projects...
[INFO] 
[INFO] --------------------< edu.vision.se:CVE-2013-6430 >---------------------
[INFO] Building CVE-2013-6430 1.0-SNAPSHOT
[INFO]   from pom.xml
[INFO] --------------------------------[ jar ]---------------------------------
[INFO] ------------------------------------------------------------------------
[INFO] BUILD FAILURE
[INFO] ------------------------------------------------------------------------
[INFO] Total time:  0.189 s
[INFO] Finished at: 2025-07-13T14:27:29Z
[INFO] ------------------------------------------------------------------------
[ERROR] Failed to execute goal on project CVE-2013-6430: Could not resolve dependencies for project edu.vision.se:CVE-2013-6430:jar:1.0-SNAPSHOT: javax.faces:jsf-api:jar:1.1 was not found in https://maven.aliyun.com/repository/public during a previous attempt. This failure was cached in the local repository and resolution is not reattempted until the update interval of aliyunmaven has elapsed or updates are forced -> [Help 1]
[ERROR] 
[ERROR] To see the full stack trace of the errors, re-run Maven with the -e switch.
[ERROR] Re-run Maven using the -X switch to enable full debug logging.
[ERROR] 
[ERROR] For more information about the errors and possible solutions, please read the following articles:
[ERROR] [Help 1] http://cwiki.apache.org/confluence/display/MAVEN/DependencyResolutionException


current_pom file is:<?xml version='1.0' encoding='utf-8'?>
<project xmlns="http://maven.apache.org/POM/4.0.0" xmlns:xsi="http://www.w3.org/2001/XMLSchema-instance" xsi:schemaLocation="http://maven.apache.org/POM/4.0.0 https://maven.apache.org/xsd/maven-4.0.0.xsd">
  <modelVersion>4.0.0</modelVersion>
  <groupId>edu.vision.se</groupId>
  <artifactId>CVE-2013-6430</artifactId>
  <version>1.0-SNAPSHOT</version>
  <properties>
    <maven.compiler.target>11</maven.compiler.target>
    <maven.compiler.source>11</maven.compiler.source>
  </properties>
  <dependencies>
    <dependency>
      <groupId>org.springframework</groupId>
      <artifactId>spring-web</artifactId>
      <version>1.2.1</version>
    </dependency>
  <dependency><groupId>junit</groupId><artifactId>junit</artifactId><version>4.13.2</version></dependency>
  </dependencies>
  <repositories>
  <repository>
    <id>central</id>
    <url>https://repo.maven.apache.org/maven2</url>
  </repository>
</repositories>
</project>
[LLMClient] Response: 
pom
[96m[Adapter] LLM response for fix position: pom[0m
[96m[Adapter] Fix position is in pom.xml.[0m
[LLMClient] Tokens used: 228 (prompt), 29 (completion), 257 (total)
[LLMClient] Prompt: 
You are given an error log when executing 'mvn test' in version 1.2.1: 

Error: Failed to execute goal on project CVE-2013-6430: Could not resolve dependencies for project edu.vision.se:CVE-2013-6430:jar:1.0-SNAPSHOT: javax.faces:jsf-api:jar:1.1 was not found in https://maven.aliyun.com/repository/public during a previous attempt. This failure was cached in the local repository and resolution is not reattempted until the update interval of aliyunmaven has elapsed or updates are forced -> [Help 1], None, None 

The test executes as expected in 1.2 

Error code: None 

Extract two key *entities* from the error for searching related diffs 

The extracted entities should reflect code-level identifiers that are likely to appear in source code or diffs. 

Output each node as a `;`-separated list, with no explanations. 


[LLMClient] Response: 
`javax.faces:jsf-api:jar:1.1;edu.vision.se:CVE-2013-6430`
[96m[ErrorManager] Extracted key entities: ['`javax.faces:jsf-api:jar:1.1', 'edu.vision.se:CVE-2013-6430`'][0m
[96m[RepairModule] Start repair[0m
[96m[RepairModule] Iteration 1, temperature 1.000: Trying diff #None with score 0.00[0m
[LLMClient] Tokens used: 790 (prompt), 141 (completion), 931 (total)
[LLMClient] Prompt: 
You are given an error when executing test in in 1.2.1:org.springframework:spring-web
This test file compiles and runs successfully in 1.2.

Related diff is None

You are NOT allowed to change the version of the dependency org.springframework:spring-web.
Your task is to solve the problem by changing the pom file of the project
Current pom file is <?xml version='1.0' encoding='utf-8'?>
<project xmlns="http://maven.apache.org/POM/4.0.0" xmlns:xsi="http://www.w3.org/2001/XMLSchema-instance" xsi:schemaLocation="http://maven.apache.org/POM/4.0.0 https://maven.apache.org/xsd/maven-4.0.0.xsd">
  <modelVersion>4.0.0</modelVersion>
  <groupId>edu.vision.se</groupId>
  <artifactId>CVE-2013-6430</artifactId>
  <version>1.0-SNAPSHOT</version>
  <properties>
    <maven.compiler.target>11</maven.compiler.target>
    <maven.compiler.source>11</maven.compiler.source>
  </properties>
  <dependencies>
    <dependency>
      <groupId>org.springframework</groupId>
      <artifactId>spring-web</artifactId>
      <version>1.2.1</version>
    </dependency>
  <dependency><groupId>junit</groupId><artifactId>junit</artifactId><version>4.13.2</version></dependency>
  </dependencies>
  <repositories>
  <repository>
    <id>central</id>
    <url>https://repo.maven.apache.org/maven2</url>
  </repository>
</repositories>
</project>
Your task is 1. Analyze the cause of the errors 2. Decide fix position of the pom file according to the cause 3. Output only the updated partion of pom.xml entries without explanation

### Compilation Errors:
[INFO] Scanning for projects...
[INFO] 
[INFO] --------------------< edu.vision.se:CVE-2013-6430 >---------------------
[INFO] Building CVE-2013-6430 1.0-SNAPSHOT
[INFO]   from pom.xml
[INFO] --------------------------------[ jar ]---------------------------------
[INFO] ------------------------------------------------------------------------
[INFO] BUILD FAILURE
[INFO] ------------------------------------------------------------------------
[INFO] Total time:  0.189 s
[INFO] Finished at: 2025-07-13T14:27:29Z
[INFO] ------------------------------------------------------------------------
[ERROR] Failed to execute goal on project CVE-2013-6430: Could not resolve dependencies for project edu.vision.se:CVE-2013-6430:jar:1.0-SNAPSHOT: javax.faces:jsf-api:jar:1.1 was not found in https://maven.aliyun.com/repository/public during a previous attempt. This failure was cached in the local repository and resolution is not reattempted until the update interval of aliyunmaven has elapsed or updates are forced -> [Help 1]
[ERROR] 
[ERROR] To see the full stack trace of the errors, re-run Maven with the -e switch.
[ERROR] Re-run Maven using the -X switch to enable full debug logging.
[ERROR] 
[ERROR] For more information about the errors and possible solutions, please read the following articles:
[ERROR] [Help 1] http://cwiki.apache.org/confluence/display/MAVEN/DependencyResolutionException


[LLMClient] Response: 
Based on the error message, the issue is that a transitive dependency (javax.faces:jsf-api:1.1) required by spring-web 1.2.1 cannot be found in the default repositories. Here's the updated portion of the pom.xml to add a repository that contains this dependency:

```xml
<repositories>
  <repository>
    <id>central</id>
    <url>https://repo.maven.apache.org/maven2</url>
  </repository>
  <repository>
    <id>java.net</id>
    <url>https://download.java.net/maven/2</url>
  </repository>
</repositories>
```
[Adapter] ~ Updating existing tag <repositories> in pom.xml
[Adapter] âœ“ pom.xml successfully updated.
[96m[Executor] Executing exploit for CVE-2013-6430 on version 1.2.1...[0m
[96m[Verifier] Verifying reproduction...[0m
[91m[Verifier] âœ— Behavior not found: 'org.junit.ComparisonFailure'[0m
[91m[Executor] Reproduction result: Failure[0m
[LLMClient] Tokens used: 827 (prompt), 178 (completion), 1005 (total)
[LLMClient] Prompt: 
You are given an error when executing test in in 1.2.1:org.springframework:spring-web
This test file compiles and runs successfully in 1.2.

You are NOT allowed to change the version of the dependency org.springframework:spring-web.
Your task is to solve the problem by changing the pom file of the project. You can update other library to any versions
Current pom file is <?xml version='1.0' encoding='utf-8'?>
<project xmlns="http://maven.apache.org/POM/4.0.0" xmlns:xsi="http://www.w3.org/2001/XMLSchema-instance" xsi:schemaLocation="http://maven.apache.org/POM/4.0.0 https://maven.apache.org/xsd/maven-4.0.0.xsd">
  <modelVersion>4.0.0</modelVersion>
  <groupId>edu.vision.se</groupId>
  <artifactId>CVE-2013-6430</artifactId>
  <version>1.0-SNAPSHOT</version>
  <properties>
    <maven.compiler.target>11</maven.compiler.target>
    <maven.compiler.source>11</maven.compiler.source>
  </properties>
  <dependencies>
    <dependency>
      <groupId>org.springframework</groupId>
      <artifactId>spring-web</artifactId>
      <version>1.2.1</version>
    </dependency>
  <dependency><groupId>junit</groupId><artifactId>junit</artifactId><version>4.13.2</version></dependency>
  </dependencies>
  <repositories>
  <repository>
    <id>central</id>
    <url>https://repo.maven.apache.org/maven2</url>
  </repository>
  <repository>
    <id>java.net</id>
    <url>https://download.java.net/maven/2</url>
  </repository>
</repositories>
</project>
Your task is 1. Analyze the cause of the errors 2. Decide fix position of the pom file according to the cause 3. Output only the updated partion of pom.xml entries without explanation

### Compilation Errors:
[INFO] Scanning for projects...
[INFO] 
[INFO] --------------------< edu.vision.se:CVE-2013-6430 >---------------------
[INFO] Building CVE-2013-6430 1.0-SNAPSHOT
[INFO]   from pom.xml
[INFO] --------------------------------[ jar ]---------------------------------
[INFO] ------------------------------------------------------------------------
[INFO] BUILD FAILURE
[INFO] ------------------------------------------------------------------------
[INFO] Total time:  0.235 s
[INFO] Finished at: 2025-07-13T14:27:48Z
[INFO] ------------------------------------------------------------------------
[ERROR] Failed to execute goal on project CVE-2013-6430: Could not resolve dependencies for project edu.vision.se:CVE-2013-6430:jar:1.0-SNAPSHOT: javax.faces:jsf-api:jar:1.1 was not found in https://maven.aliyun.com/repository/public during a previous attempt. This failure was cached in the local repository and resolution is not reattempted until the update interval of aliyunmaven has elapsed or updates are forced -> [Help 1]
[ERROR] 
[ERROR] To see the full stack trace of the errors, re-run Maven with the -e switch.
[ERROR] Re-run Maven using the -X switch to enable full debug logging.
[ERROR] 
[ERROR] For more information about the errors and possible solutions, please read the following articles:
[ERROR] [Help 1] http://cwiki.apache.org/confluence/display/MAVEN/DependencyResolutionException


[LLMClient] Response: 
Based on the error message, the issue is that the project is trying to resolve `javax.faces:jsf-api:1.1` which is a transitive dependency but not available in the configured repositories. Here's the updated portion of the pom.xml that adds the required repository:

```xml
<repositories>
  <repository>
    <id>central</id>
    <url>https://repo.maven.apache.org/maven2</url>
  </repository>
  <repository>
    <id>java.net</id>
    <url>https://download.java.net/maven/2</url>
  </repository>
  <repository>
    <id>jboss-public-repository-group</id>
    <url>https://repository.jboss.org/nexus/content/groups/public/</url>
  </repository>
</repositories>
```
[Adapter] ~ Updating existing tag <repositories> in pom.xml
[Adapter] âœ“ pom.xml successfully updated.
[96m[Executor] Executing exploit for CVE-2013-6430 on version 1.2.1...[0m
[96m[Verifier] Verifying reproduction...[0m
[91m[Verifier] âœ— Behavior not found: 'org.junit.ComparisonFailure'[0m
[91m[Executor] Reproduction result: Failure[0m
[96m[RepairModule] Iteration 2, temperature 0.700: Trying diff #None with score 0.00[0m
[LLMClient] Tokens used: 834 (prompt), 270 (completion), 1104 (total)
[LLMClient] Prompt: 
You are given an error when executing test in in 1.2.1:org.springframework:spring-web
This test file compiles and runs successfully in 1.2.

Related diff is None

You are NOT allowed to change the version of the dependency org.springframework:spring-web.
Your task is to solve the problem by changing the pom file of the project
Current pom file is <?xml version='1.0' encoding='utf-8'?>
<project xmlns="http://maven.apache.org/POM/4.0.0" xmlns:xsi="http://www.w3.org/2001/XMLSchema-instance" xsi:schemaLocation="http://maven.apache.org/POM/4.0.0 https://maven.apache.org/xsd/maven-4.0.0.xsd">
  <modelVersion>4.0.0</modelVersion>
  <groupId>edu.vision.se</groupId>
  <artifactId>CVE-2013-6430</artifactId>
  <version>1.0-SNAPSHOT</version>
  <properties>
    <maven.compiler.target>11</maven.compiler.target>
    <maven.compiler.source>11</maven.compiler.source>
  </properties>
  <dependencies>
    <dependency>
      <groupId>org.springframework</groupId>
      <artifactId>spring-web</artifactId>
      <version>1.2.1</version>
    </dependency>
  <dependency><groupId>junit</groupId><artifactId>junit</artifactId><version>4.13.2</version></dependency>
  </dependencies>
  <repositories>
  <repository>
    <id>central</id>
    <url>https://repo.maven.apache.org/maven2</url>
  </repository>
</repositories>
</project>
Your task is 1. Analyze the cause of the errors 2. Decide fix position of the pom file according to the cause 3. Output only the updated partion of pom.xml entries without explanation

### Compilation Errors:
[INFO] Scanning for projects...
[INFO] 
[INFO] --------------------< edu.vision.se:CVE-2013-6430 >---------------------
[INFO] Building CVE-2013-6430 1.0-SNAPSHOT
[INFO]   from pom.xml
[INFO] --------------------------------[ jar ]---------------------------------
Downloading from jboss-public-repository-group: https://repository.jboss.org/nexus/content/groups/public/javax/faces/jsf-api/1.1/jsf-api-1.1.jar
[INFO] ------------------------------------------------------------------------
[INFO] BUILD FAILURE
[INFO] ------------------------------------------------------------------------
[INFO] Total time:  1.839 s
[INFO] Finished at: 2025-07-13T14:28:01Z
[INFO] ------------------------------------------------------------------------
[ERROR] Failed to execute goal on project CVE-2013-6430: Could not resolve dependencies for project edu.vision.se:CVE-2013-6430:jar:1.0-SNAPSHOT: javax.faces:jsf-api:jar:1.1 was not found in https://maven.aliyun.com/repository/public during a previous attempt. This failure was cached in the local repository and resolution is not reattempted until the update interval of aliyunmaven has elapsed or updates are forced -> [Help 1]
[ERROR] 
[ERROR] To see the full stack trace of the errors, re-run Maven with the -e switch.
[ERROR] Re-run Maven using the -X switch to enable full debug logging.
[ERROR] 
[ERROR] For more information about the errors and possible solutions, please read the following articles:
[ERROR] [Help 1] http://cwiki.apache.org/confluence/display/MAVEN/DependencyResolutionException


[LLMClient] Response: 
Based on the error message, the build is failing because it cannot find the `javax.faces:jsf-api:1.1` dependency which is being pulled as a transitive dependency. Since we can't change the spring-web version, we need to add the missing dependency explicitly. Here's the updated portion of the pom.xml:

```xml
<dependencies>
    <dependency>
      <groupId>org.springframework</groupId>
      <artifactId>spring-web</artifactId>
      <version>1.2.1</version>
    </dependency>
    <dependency>
      <groupId>javax.faces</groupId>
      <artifactId>jsf-api</artifactId>
      <version>1.1</version>
    </dependency>
    <dependency><groupId>junit</groupId><artifactId>junit</artifactId><version>4.13.2</version></dependency>
</dependencies>
<repositories>
  <repository>
    <id>jboss-public-repository-group</id>
    <url>https://repository.jboss.org/nexus/content/groups/public/</url>
  </repository>
  <repository>
    <id>central</id>
    <url>https://repo.maven.apache.org/maven2</url>
  </repository>
</repositories>
```
[Adapter] ~ Updating version of org.springframework:spring-web to 1.2.1
[Adapter] + Adding new dependency javax.faces:jsf-api:1.1
[Adapter] ~ Updating version of junit:junit to 4.13.2
[Adapter] ~ Updating existing tag <repositories> in pom.xml
[Adapter] âœ“ pom.xml successfully updated.
[96m[Executor] Executing exploit for CVE-2013-6430 on version 1.2.1...[0m
[96m[Verifier] Verifying reproduction...[0m
[91m[Verifier] âœ— Behavior not found: 'org.junit.ComparisonFailure'[0m
[91m[Executor] Reproduction result: Failure[0m
[96m[Executor] Executing exploit for CVE-2013-6430 on version 1.2.1...[0m
[96m[Verifier] Verifying reproduction...[0m
[91m[Verifier] âœ— Behavior not found: 'org.junit.ComparisonFailure'[0m
[91m[Executor] Reproduction result: Failure[0m
[LLMClient] Tokens used: 228 (prompt), 29 (completion), 257 (total)
[LLMClient] Prompt: 
You are given an error log when executing 'mvn test' in version 1.2.1: 

Error: Failed to execute goal on project CVE-2013-6430: Could not resolve dependencies for project edu.vision.se:CVE-2013-6430:jar:1.0-SNAPSHOT: javax.faces:jsf-api:jar:1.1 was not found in https://maven.aliyun.com/repository/public during a previous attempt. This failure was cached in the local repository and resolution is not reattempted until the update interval of aliyunmaven has elapsed or updates are forced -> [Help 1], None, None 

The test executes as expected in 1.2 

Error code: None 

Extract two key *entities* from the error for searching related diffs 

The extracted entities should reflect code-level identifiers that are likely to appear in source code or diffs. 

Output each node as a `;`-separated list, with no explanations. 


[LLMClient] Response: 
`javax.faces:jsf-api:jar:1.1;edu.vision.se:CVE-2013-6430`
[96m[ErrorManager] Extracted key entities: ['`javax.faces:jsf-api:jar:1.1', 'edu.vision.se:CVE-2013-6430`'][0m
[96m[Adapter] Try to solve error: {'file': 'UNKNOWN', 'line': -1, 'column': -1, 'message': 'Failed to execute goal on project CVE-2013-6430: Could not resolve dependencies for project edu.vision.se:CVE-2013-6430:jar:1.0-SNAPSHOT: javax.faces:jsf-api:jar:1.1 was not found in https://maven.aliyun.com/repository/public during a previous attempt. This failure was cached in the local repository and resolution is not reattempted until the update interval of aliyunmaven has elapsed or updates are forced -> [Help 1]', 'symbol': None, 'location': None, 'code_line': None} with cause: ['`javax.faces:jsf-api:jar:1.1', 'edu.vision.se:CVE-2013-6430`'][0m
[LLMClient] Tokens used: 274 (prompt), 23 (completion), 297 (total)
[LLMClient] Prompt: 
You are given an error log when executing 'mvn test' in version 1.2.1: 

Error: Failed to execute goal on project CVE-2013-6430: Could not resolve dependencies for project edu.vision.se:CVE-2013-6430:jar:1.0-SNAPSHOT: javax.faces:jsf-api:jar:1.1 was not found in https://maven.aliyun.com/repository/public during a previous attempt. This failure was cached in the local repository and resolution is not reattempted until the update interval of aliyunmaven has elapsed or updates are forced -> [Help 1], None, None 

The test executes as expected in 1.2 

Error code: None 

Extract two key *entities* from the error for searching related diffs 

The extracted entities should reflect code-level identifiers that are likely to appear in source code or diffs. 

Current cause: ['`javax.faces:jsf-api:jar:1.1', 'edu.vision.se:CVE-2013-6430`'] 

 failed to catch, try simpler or other entities.

Output each node as a `;`-separated list, with no explanations. 


[LLMClient] Response: 
`javax.faces:jsf-api;edu.vision.se:CVE-2013-6430`
[96m[ErrorManager] Extracted key entities: ['`javax.faces:jsf-api', 'edu.vision.se:CVE-2013-6430`'][0m
[96m[Adapter] Related diffs for error: [][0m
[96m[Adapter] Fix position is in test code.[0m
[96m[RepairModule] Start repair for group: Failed to execute goal on project CVE-2013-6430: Could not resolve dependencies for project edu.vision.se:CVE-2013-6430:jar:1.0-SNAPSHOT: javax.faces:jsf-api:jar:1.1 was not found in https://maven.aliyun.com/repository/public during a previous attempt. This failure was cached in the local repository and resolution is not reattempted until the update interval of aliyunmaven has elapsed or updates are forced -> [Help 1] | cause: ['`javax.faces:jsf-api', 'edu.vision.se:CVE-2013-6430`'][0m
[96m[RepairModule] Trying best diff #None with score 0.00[0m
[96m[RepairModule] Found 0 diff combinations for annealing.[0m
[96m[RepairModule] Iteration 1, temperature 1.000: No diff selected.[0m
[96m[RepairModule] Iteration 1, temperature 1.000: Trying diff #None with score 0.00[0m
[93m[RepairModule] Diff #None content empty[0m
[LLMClient] Tokens used: 565 (prompt), 324 (completion), 889 (total)
[LLMClient] Prompt: 
You are given a Java test file with compilation errors in version 1.2.1:org.springframework:spring-web.
This test file compiles and runs successfully in 1.2.

The diff is related to the diff.
Your task has three steps:
 1. Locate the code where the compilation error occurs.
 2. Analyze the diff from 1.2 to 1.2.1.
 3. Fix the error in the error position only when diff is helpful. Add import statement when needed according to the diff. 

Only output the modified version of the test file according to the diff. No explanations. If mocking, access fields via reflection if they exist.
### Compilation Errors:
message: Failed to execute goal on project CVE-2013-6430: Could not resolve dependencies for project edu.vision.se:CVE-2013-6430:jar:1.0-SNAPSHOT: javax.faces:jsf-api:jar:1.1 was not found in https://maven.aliyun.com/repository/public during a previous attempt. This failure was cached in the local repository and resolution is not reattempted until the update interval of aliyunmaven has elapsed or updates are forced -> [Help 1], symble: None, location: None

### Error Position:
None

### Related Diff:


### Test File Content:
package edu.vision.se;

import static org.junit.Assert.assertEquals;

import java.io.UnsupportedEncodingException;

import org.junit.Test;
import org.springframework.web.util.JavaScriptUtils;

public class Testcase1 {
    @Test
    public void escape() {
        StringBuilder sb = new StringBuilder();
        sb.append('"');
        sb.append("'");
        sb.append("\\");
        sb.append("/");
        sb.append("\t");
        sb.append("\n");
        sb.append("\r");
        sb.append("\f");
        sb.append("\b");
        sb.append("\013");
        assertEquals("\\\"\\'\\\\\\/\\t\\n\\n\\f\\b\\v", JavaScriptUtils.javaScriptEscape(sb.toString()));
    }

    @Test
    public void escapePsLsLineTerminators() {
        StringBuilder sb = new StringBuilder();
        sb.append('\u2028');
        sb.append('\u2029');
        String result = JavaScriptUtils.javaScriptEscape(sb.toString());

        assertEquals("\\u2028\\u2029", result);
    }

    @Test
    public void escapeLessThanGreaterThanSigns() throws UnsupportedEncodingException {
        assertEquals("\\u003C\\u003E", JavaScriptUtils.javaScriptEscape("<>"));
    }
}


[LLMClient] Response: 
Since there's no specific compilation error position or related diff provided, and the error message indicates a dependency resolution issue rather than a code compilation error, I'll provide the original test file content as is, since no modifications are needed to fix compilation errors in the code itself:

```java
package edu.vision.se;

import static org.junit.Assert.assertEquals;

import java.io.UnsupportedEncodingException;

import org.junit.Test;
import org.springframework.web.util.JavaScriptUtils;

public class Testcase1 {
    @Test
    public void escape() {
        StringBuilder sb = new StringBuilder();
        sb.append('"');
        sb.append("'");
        sb.append("\\");
        sb.append("/");
        sb.append("\t");
        sb.append("\n");
        sb.append("\r");
        sb.append("\f");
        sb.append("\b");
        sb.append("\013");
        assertEquals("\\\"\\'\\\\\\/\\t\\n\\n\\f\\b\\v", JavaScriptUtils.javaScriptEscape(sb.toString()));
    }

    @Test
    public void escapePsLsLineTerminators() {
        StringBuilder sb = new StringBuilder();
        sb.append('\u2028');
        sb.append('\u2029');
        String result = JavaScriptUtils.javaScriptEscape(sb.toString());

        assertEquals("\\u2028\\u2029", result);
    }

    @Test
    public void escapeLessThanGreaterThanSigns() throws UnsupportedEncodingException {
        assertEquals("\\u003C\\u003E", JavaScriptUtils.javaScriptEscape("<>"));
    }
}
```
[96m[RepairModule] Wrote modified code to /PoCAdaptation/exploit/result/CVE-2013-6430/1.2.1/exploit/src/test/java/edu/vision/se/Testcase1.java[0m
[96m[Executor] Executing exploit for CVE-2013-6430 on version 1.2.1...[0m
[96m[Verifier] Verifying reproduction...[0m
[91m[Verifier] âœ— Behavior not found: 'org.junit.ComparisonFailure'[0m
[91m[Executor] Reproduction result: Failure[0m
[92m[ErrorManager] Processing line: [ERROR] Failed to execute goal on project CVE-2013-6430: Could not resolve dependencies for project edu.vision.se:CVE-2013-6430:jar:1.0-SNAPSHOT: javax.faces:jsf-api:jar:1.1 was not found in https://maven.aliyun.com/repository/public during a previous attempt. This failure was cached in the local repository and resolution is not reattempted until the update interval of aliyunmaven has elapsed or updates are forced -> [Help 1][0m
[96m[ErrorManager] Ignoring line: [ERROR][0m
[96m[ErrorManager] Ignoring line: [ERROR] To see the full stack trace of the errors, re-run Maven with the -e switch.[0m
[96m[ErrorManager] Ignoring line: [ERROR] Re-run Maven using the -X switch to enable full debug logging.[0m
[96m[ErrorManager] Ignoring line: [ERROR][0m
[96m[ErrorManager] Ignoring line: [ERROR] For more information about the errors and possible solutions, please read the following articles:[0m
[96m[ErrorManager] Ignoring line: [ERROR] [Help 1] http://cwiki.apache.org/confluence/display/MAVEN/DependencyResolutionException[0m
[91m[ErrorManager] Failed to read file UNKNOWN: [Errno 2] No such file or directory: 'UNKNOWN'[0m
[RepairModule] Old grouped keys: {'Failed to execute goal on project CVE-2013-6430: Could not resolve dependencies for project edu.vision.se:CVE-2013-6430:jar:1.0-SNAPSHOT: javax.faces:jsf-api:jar:1.1 was not found in https://maven.aliyun.com/repository/public during a previous attempt. This failure was cached in the local repository and resolution is not reattempted until the update interval of aliyunmaven has elapsed or updates are forced -> [Help 1] |'}
[RepairModule] New grouped keys: {'Failed to execute goal on project CVE-2013-6430: Could not resolve dependencies for project edu.vision.se:CVE-2013-6430:jar:1.0-SNAPSHOT: javax.faces:jsf-api:jar:1.1 was not found in https://maven.aliyun.com/repository/public during a previous attempt. This failure was cached in the local repository and resolution is not reattempted until the update interval of aliyunmaven has elapsed or updates are forced -> [Help 1] |'}
[91m[RepairModule] Error Failed to execute goal on project CVE-2013-6430: Could not resolve dependencies for project edu.vision.se:CVE-2013-6430:jar:1.0-SNAPSHOT: javax.faces:jsf-api:jar:1.1 was not found in https://maven.aliyun.com/repository/public during a previous attempt. This failure was cached in the local repository and resolution is not reattempted until the update interval of aliyunmaven has elapsed or updates are forced -> [Help 1] still exists in group Failed to execute goal on project CVE-2013-6430: Could not resolve dependencies for project edu.vision.se:CVE-2013-6430:jar:1.0-SNAPSHOT: javax.faces:jsf-api:jar:1.1 was not found in https://maven.aliyun.com/repository/public during a previous attempt. This failure was cached in the local repository and resolution is not reattempted until the update interval of aliyunmaven has elapsed or updates are forced -> [Help 1] | after applying diff.[0m
[91m[RepairModule] No more diffs to try, stopping repair.[0m
[96m[Adapter] Test code repair attempted.[0m
[96m[Executor] Executing exploit for CVE-2013-6430 on version 1.2.1...[0m
[96m[Verifier] Verifying reproduction...[0m
[91m[Verifier] âœ— Behavior not found: 'org.junit.ComparisonFailure'[0m
[91m[Executor] Reproduction result: Failure[0m
[92m[ErrorManager] Processing line: [ERROR] Failed to execute goal on project CVE-2013-6430: Could not resolve dependencies for project edu.vision.se:CVE-2013-6430:jar:1.0-SNAPSHOT: javax.faces:jsf-api:jar:1.1 was not found in https://maven.aliyun.com/repository/public during a previous attempt. This failure was cached in the local repository and resolution is not reattempted until the update interval of aliyunmaven has elapsed or updates are forced -> [Help 1][0m
[96m[ErrorManager] Ignoring line: [ERROR][0m
[96m[ErrorManager] Ignoring line: [ERROR] To see the full stack trace of the errors, re-run Maven with the -e switch.[0m
[96m[ErrorManager] Ignoring line: [ERROR] Re-run Maven using the -X switch to enable full debug logging.[0m
[96m[ErrorManager] Ignoring line: [ERROR][0m
[96m[ErrorManager] Ignoring line: [ERROR] For more information about the errors and possible solutions, please read the following articles:[0m
[96m[ErrorManager] Ignoring line: [ERROR] [Help 1] http://cwiki.apache.org/confluence/display/MAVEN/DependencyResolutionException[0m
[91m[ErrorManager] Failed to read file UNKNOWN: [Errno 2] No such file or directory: 'UNKNOWN'[0m
[96m[Adapter] Locating fix position in error log.[0m
[LLMClient] Tokens used: 834 (prompt), 2 (completion), 836 (total)
[LLMClient] Prompt: 
You are given a Java error log when executing 'mvn test' in a project with dependency version 1.2.1:org.springframework:spring-web.
This test file compiles and runs successfully with version 1.2.

Your task is to:
1. Analyze why this issue occurs with the *1.2* but not with the *1.2.1 version*.
2. Consider how to resolve the issue **without updating this library**.
3. Determine and output the location in the project that should be modified to fix the problem.

Please return 'pom' if the fix is in the pom.xml file, or 'test' if the fix is in the test code.
Do not return any other text, just 'pom' or 'test'.

The error log is:
[INFO] Scanning for projects...
[INFO] 
[INFO] --------------------< edu.vision.se:CVE-2013-6430 >---------------------
[INFO] Building CVE-2013-6430 1.0-SNAPSHOT
[INFO]   from pom.xml
[INFO] --------------------------------[ jar ]---------------------------------
[INFO] ------------------------------------------------------------------------
[INFO] BUILD FAILURE
[INFO] ------------------------------------------------------------------------
[INFO] Total time:  0.240 s
[INFO] Finished at: 2025-07-13T14:28:43Z
[INFO] ------------------------------------------------------------------------
[ERROR] Failed to execute goal on project CVE-2013-6430: Could not resolve dependencies for project edu.vision.se:CVE-2013-6430:jar:1.0-SNAPSHOT: javax.faces:jsf-api:jar:1.1 was not found in https://maven.aliyun.com/repository/public during a previous attempt. This failure was cached in the local repository and resolution is not reattempted until the update interval of aliyunmaven has elapsed or updates are forced -> [Help 1]
[ERROR] 
[ERROR] To see the full stack trace of the errors, re-run Maven with the -e switch.
[ERROR] Re-run Maven using the -X switch to enable full debug logging.
[ERROR] 
[ERROR] For more information about the errors and possible solutions, please read the following articles:
[ERROR] [Help 1] http://cwiki.apache.org/confluence/display/MAVEN/DependencyResolutionException


current_pom file is:<?xml version='1.0' encoding='utf-8'?>
<project xmlns="http://maven.apache.org/POM/4.0.0" xmlns:xsi="http://www.w3.org/2001/XMLSchema-instance" xsi:schemaLocation="http://maven.apache.org/POM/4.0.0 https://maven.apache.org/xsd/maven-4.0.0.xsd">
  <modelVersion>4.0.0</modelVersion>
  <groupId>edu.vision.se</groupId>
  <artifactId>CVE-2013-6430</artifactId>
  <version>1.0-SNAPSHOT</version>
  <properties>
    <maven.compiler.target>11</maven.compiler.target>
    <maven.compiler.source>11</maven.compiler.source>
  </properties>
  <dependencies>
    <dependency>
      <groupId>org.springframework</groupId>
      <artifactId>spring-web</artifactId>
      <version>1.2.1</version>
    </dependency>
  <dependency><groupId>junit</groupId><artifactId>junit</artifactId><version>4.13.2</version></dependency>
  </dependencies>
  <repositories>
  <repository>
    <id>central</id>
    <url>https://repo.maven.apache.org/maven2</url>
  </repository>
</repositories>
</project>
[LLMClient] Response: 
pom
[96m[Adapter] LLM response for fix position: pom[0m
[96m[Adapter] Fix position is in pom.xml.[0m
[LLMClient] Tokens used: 228 (prompt), 29 (completion), 257 (total)
[LLMClient] Prompt: 
You are given an error log when executing 'mvn test' in version 1.2.1: 

Error: Failed to execute goal on project CVE-2013-6430: Could not resolve dependencies for project edu.vision.se:CVE-2013-6430:jar:1.0-SNAPSHOT: javax.faces:jsf-api:jar:1.1 was not found in https://maven.aliyun.com/repository/public during a previous attempt. This failure was cached in the local repository and resolution is not reattempted until the update interval of aliyunmaven has elapsed or updates are forced -> [Help 1], None, None 

The test executes as expected in 1.2 

Error code: None 

Extract two key *entities* from the error for searching related diffs 

The extracted entities should reflect code-level identifiers that are likely to appear in source code or diffs. 

Output each node as a `;`-separated list, with no explanations. 


[LLMClient] Response: 
`javax.faces:jsf-api:jar:1.1;edu.vision.se:CVE-2013-6430`
[96m[ErrorManager] Extracted key entities: ['`javax.faces:jsf-api:jar:1.1', 'edu.vision.se:CVE-2013-6430`'][0m
[96m[RepairModule] Start repair[0m
[96m[RepairModule] Iteration 1, temperature 1.000: Trying diff #None with score 0.00[0m
[LLMClient] Tokens used: 790 (prompt), 194 (completion), 984 (total)
[LLMClient] Prompt: 
You are given an error when executing test in in 1.2.1:org.springframework:spring-web
This test file compiles and runs successfully in 1.2.

Related diff is None

You are NOT allowed to change the version of the dependency org.springframework:spring-web.
Your task is to solve the problem by changing the pom file of the project
Current pom file is <?xml version='1.0' encoding='utf-8'?>
<project xmlns="http://maven.apache.org/POM/4.0.0" xmlns:xsi="http://www.w3.org/2001/XMLSchema-instance" xsi:schemaLocation="http://maven.apache.org/POM/4.0.0 https://maven.apache.org/xsd/maven-4.0.0.xsd">
  <modelVersion>4.0.0</modelVersion>
  <groupId>edu.vision.se</groupId>
  <artifactId>CVE-2013-6430</artifactId>
  <version>1.0-SNAPSHOT</version>
  <properties>
    <maven.compiler.target>11</maven.compiler.target>
    <maven.compiler.source>11</maven.compiler.source>
  </properties>
  <dependencies>
    <dependency>
      <groupId>org.springframework</groupId>
      <artifactId>spring-web</artifactId>
      <version>1.2.1</version>
    </dependency>
  <dependency><groupId>junit</groupId><artifactId>junit</artifactId><version>4.13.2</version></dependency>
  </dependencies>
  <repositories>
  <repository>
    <id>central</id>
    <url>https://repo.maven.apache.org/maven2</url>
  </repository>
</repositories>
</project>
Your task is 1. Analyze the cause of the errors 2. Decide fix position of the pom file according to the cause 3. Output only the updated partion of pom.xml entries without explanation

### Compilation Errors:
[INFO] Scanning for projects...
[INFO] 
[INFO] --------------------< edu.vision.se:CVE-2013-6430 >---------------------
[INFO] Building CVE-2013-6430 1.0-SNAPSHOT
[INFO]   from pom.xml
[INFO] --------------------------------[ jar ]---------------------------------
[INFO] ------------------------------------------------------------------------
[INFO] BUILD FAILURE
[INFO] ------------------------------------------------------------------------
[INFO] Total time:  0.240 s
[INFO] Finished at: 2025-07-13T14:28:43Z
[INFO] ------------------------------------------------------------------------
[ERROR] Failed to execute goal on project CVE-2013-6430: Could not resolve dependencies for project edu.vision.se:CVE-2013-6430:jar:1.0-SNAPSHOT: javax.faces:jsf-api:jar:1.1 was not found in https://maven.aliyun.com/repository/public during a previous attempt. This failure was cached in the local repository and resolution is not reattempted until the update interval of aliyunmaven has elapsed or updates are forced -> [Help 1]
[ERROR] 
[ERROR] To see the full stack trace of the errors, re-run Maven with the -e switch.
[ERROR] Re-run Maven using the -X switch to enable full debug logging.
[ERROR] 
[ERROR] For more information about the errors and possible solutions, please read the following articles:
[ERROR] [Help 1] http://cwiki.apache.org/confluence/display/MAVEN/DependencyResolutionException


[LLMClient] Response: 
The error shows that there's a missing dependency (javax.faces:jsf-api:1.1) which is a transitive dependency of spring-web 1.2.1. Since we can't change the spring-web version, we need to add the missing dependency explicitly. Here's the updated portion of the pom.xml:

```xml
<dependencies>
  <dependency>
    <groupId>org.springframework</groupId>
    <artifactId>spring-web</artifactId>
    <version>1.2.1</version>
  </dependency>
  <dependency>
    <groupId>javax.faces</groupId>
    <artifactId>jsf-api</artifactId>
    <version>1.1</version>
  </dependency>
  <dependency>
    <groupId>junit</groupId>
    <artifactId>junit</artifactId>
    <version>4.13.2</version>
  </dependency>
</dependencies>
```
[Adapter] ~ Updating version of org.springframework:spring-web to 1.2.1
[Adapter] + Adding new dependency javax.faces:jsf-api:1.1
[Adapter] ~ Updating version of junit:junit to 4.13.2
[Adapter] âœ“ pom.xml successfully updated.
[96m[Executor] Executing exploit for CVE-2013-6430 on version 1.2.1...[0m
[96m[Verifier] Verifying reproduction...[0m
[91m[Verifier] âœ— Behavior not found: 'org.junit.ComparisonFailure'[0m
[91m[Executor] Reproduction result: Failure[0m
[Adapt] â° Timeout: exceeded 300 seconds for 1.2 â†’ 1.2.1
[91m[Adapter] Adaptation failed for 1.2.1[0m

[Executor] â–¶ Summary of return codes:
  - Version 1.2.1: âœ— Failed (exit code 1)
