Running main_process.py for CVE: CVE-2022-34662
Versions: 1.3.9

[1m[Main] === Starting adaptation process for CVE-2022-34662 ===[0m
[96m[Processor] Fetching all available Maven versions...[0m
[96m[Analyzer] Loading cached versions from: /PoCAdaptation/library/org_apache_dolphinscheduler_dolphinscheduler-api.txt[0m
[96m[Analyzer] org.apache.dolphinscheduler:dolphinscheduler-api has 44 versions (cached).[0m
[96m[Processor] Identifying versions with successful reproduction...[0m
[96m[Processor] Pending versions: ['1.2.0', '1.2.1', '1.3.0', '1.3.1', '1.3.2', '1.3.3', '1.3.4', '1.3.5', '1.3.6', '1.3.7', '1.3.8', '1.3.9'][0m
[96m[Preparer] Pending directory already exists: /PoCAdaptation/exploit/pending/CVE-2022-34662[0m
[92m[Main] Total affected versions: 20[0m
[92m[Main] Already reproduced versions: 8[0m
[93m[Main] Versions pending adaptation: 12[0m
[96m[Main]     -> ['1.2.0', '1.2.1', '1.3.0', '1.3.1', '1.3.2', '1.3.3', '1.3.4', '1.3.5', '1.3.6', '1.3.7', '1.3.8', '1.3.9'][0m
[96m[Main]     -> ['2.0.0-alpha', '2.0.0', '2.0.1', '2.0.2', '2.0.3', '2.0.4', '2.0.5', '3.0.0-alpha'][0m
[96m[Executor] Running initial exploit mvn test in /PoCAdaptation/exploit/origin/CVE-2022-34662/exploit[0m
[91m[Executor] Initial exploit execution finished with return code 1[0m
[96m[Verifier] Verifying reproduction...[0m
[92m[Verifier] âœ“ Behavior matched: 'java.lang.AssertionError'[0m
[92m[Verifier] âœ“ Detail matched: 'org.junit.Assert.fail'[0m
[92m[Verifier] âœ“ All reproduction indicators matched.[0m
[92m[Verifier] Initial exploit behavior verified successfully.[0m
[96m[Selector] Nearest need adapatation version selected: 1.3.9[0m
[96m[Selector] Closest reproduced version: 2.0.0-alpha at index 12[0m
[96m[Adapter] Trying next closest version: 1.3.9[0m
[96m[Preparer] Using exploit from origin: /PoCAdaptation/exploit/origin/CVE-2022-34662/exploit[0m
[92m[Preparer] Copied exploit to: /PoCAdaptation/exploit/pending/CVE-2022-34662/1.3.9/exploit[0m
[96m[Preparer] Updating dependency version to 1.3.9 in /PoCAdaptation/exploit/pending/CVE-2022-34662/1.3.9/exploit/pom.xml[0m
[92m[Preparer] Updated dependency version to 1.3.9 in /PoCAdaptation/exploit/pending/CVE-2022-34662/1.3.9/exploit/pom.xml[0m
[96m[Executor] Attempting direct exploit execution on 1.3.9...[0m
[96m[Executor] Executing exploit for CVE-2022-34662 on version 1.3.9...[0m
[96m[Verifier] Verifying reproduction...[0m
[91m[Verifier] âœ— Behavior not found: 'java.lang.AssertionError'[0m
[91m[Executor] Reproduction result: Failure[0m
[96m[Adapter] Attempting adaptation from base version 2.0.0-alpha to 1.3.9...[0m
[96m[Adapter] Start adapting exploit from 2.0.0-alpha to 1.3.9"[0m
[96m[Executor] Executing exploit for CVE-2022-34662 on version 1.3.9...[0m
[96m[Verifier] Verifying reproduction...[0m
[91m[Verifier] âœ— Behavior not found: 'java.lang.AssertionError'[0m
[91m[Executor] Reproduction result: Failure[0m
[96m[ErrorManager] Ignoring line: [ERROR] Failed to execute goal org.apache.maven.plugins:maven-compiler-plugin:3.1:testCompile (default-testCompile) on project CVE-2022-34662: Compilation failure: Compilation failure:[0m
[92m[ErrorManager] Processing line: [ERROR] /PoCAdaptation/exploit/result/CVE-2022-34662/1.3.9/exploit/src/test/java/edu/vision/se/Testcase1.java:[8,52] package org.apache.dolphinscheduler.api.service.impl does not exist[0m
[92m[ErrorManager] Processing line: [ERROR] /PoCAdaptation/exploit/result/CVE-2022-34662/1.3.9/exploit/src/test/java/edu/vision/se/Testcase1.java:[10,45] package org.apache.dolphinscheduler.spi.enums does not exist[0m
[96m[ErrorManager] Ignoring line: [ERROR] -> [Help 1][0m
[96m[ErrorManager] Ignoring line: [ERROR][0m
[96m[ErrorManager] Ignoring line: [ERROR] To see the full stack trace of the errors, re-run Maven with the -e switch.[0m
[96m[ErrorManager] Ignoring line: [ERROR] Re-run Maven using the -X switch to enable full debug logging.[0m
[96m[ErrorManager] Ignoring line: [ERROR][0m
[96m[ErrorManager] Ignoring line: [ERROR] For more information about the errors and possible solutions, please read the following articles:[0m
[96m[ErrorManager] Ignoring line: [ERROR] [Help 1] http://cwiki.apache.org/confluence/display/MAVEN/MojoFailureException[0m
[96m[Adapter] Locating fix position in error log.[0m
[LLMClient] Tokens used: 1621 (prompt), 1 (completion), 1622 (total)
[LLMClient] Prompt: 
You are given a Java error log when executing 'mvn test' in a project with dependency version 1.3.9:org.apache.dolphinscheduler:dolphinscheduler-api.
This test file compiles and runs successfully with version 2.0.0-alpha.

Your task is to:
1. Analyze why this issue occurs with the *2.0.0-alpha* but not with the *1.3.9 version*.
2. Consider how to resolve the issue **without updating this library**.
3. Determine and output the location in the project that should be modified to fix the problem.

Please return 'pom' if the fix is in the pom.xml file, or 'test' if the fix is in the test code.
Do not return any other text, just 'pom' or 'test'.

The error log is:
[INFO] Scanning for projects...
[INFO] 
[INFO] --------------------< edu.vision.se:CVE-2022-34662 >--------------------
[INFO] Building CVE-2022-34662 1.0-SNAPSHOT
[INFO]   from pom.xml
[INFO] --------------------------------[ jar ]---------------------------------
Downloading from maven-default-http-blocker: http://0.0.0.0/joda-time/joda-time/maven-metadata.xml
[WARNING] Could not transfer metadata joda-time:joda-time/maven-metadata.xml from/to maven-default-http-blocker (http://0.0.0.0/): transfer failed for http://0.0.0.0/joda-time/joda-time/maven-metadata.xml
[INFO] 
[INFO] --- maven-clean-plugin:2.5:clean (default-clean) @ CVE-2022-34662 ---
[INFO] Deleting /PoCAdaptation/exploit/result/CVE-2022-34662/1.3.9/exploit/target
[INFO] 
[INFO] --- maven-resources-plugin:2.6:resources (default-resources) @ CVE-2022-34662 ---
[WARNING] Using platform encoding (UTF-8 actually) to copy filtered resources, i.e. build is platform dependent!
[INFO] skip non existing resourceDirectory /PoCAdaptation/exploit/result/CVE-2022-34662/1.3.9/exploit/src/main/resources
[INFO] 
[INFO] --- maven-compiler-plugin:3.1:compile (default-compile) @ CVE-2022-34662 ---
[INFO] No sources to compile
[INFO] 
[INFO] --- maven-resources-plugin:2.6:testResources (default-testResources) @ CVE-2022-34662 ---
[WARNING] Using platform encoding (UTF-8 actually) to copy filtered resources, i.e. build is platform dependent!
[INFO] skip non existing resourceDirectory /PoCAdaptation/exploit/result/CVE-2022-34662/1.3.9/exploit/src/test/resources
[INFO] 
[INFO] --- maven-compiler-plugin:3.1:testCompile (default-testCompile) @ CVE-2022-34662 ---
[INFO] Changes detected - recompiling the module!
[WARNING] File encoding has not been set, using platform encoding UTF-8, i.e. build is platform dependent!
[INFO] Compiling 1 source file to /PoCAdaptation/exploit/result/CVE-2022-34662/1.3.9/exploit/target/test-classes
[INFO] -------------------------------------------------------------
[ERROR] COMPILATION ERROR : 
[INFO] -------------------------------------------------------------
[ERROR] /PoCAdaptation/exploit/result/CVE-2022-34662/1.3.9/exploit/src/test/java/edu/vision/se/Testcase1.java:[8,52] package org.apache.dolphinscheduler.api.service.impl does not exist
[ERROR] /PoCAdaptation/exploit/result/CVE-2022-34662/1.3.9/exploit/src/test/java/edu/vision/se/Testcase1.java:[10,45] package org.apache.dolphinscheduler.spi.enums does not exist
[INFO] 2 errors 
[INFO] -------------------------------------------------------------
[INFO] ------------------------------------------------------------------------
[INFO] BUILD FAILURE
[INFO] ------------------------------------------------------------------------
[INFO] Total time:  2.630 s
[INFO] Finished at: 2025-07-13T16:29:43Z
[INFO] ------------------------------------------------------------------------
[ERROR] Failed to execute goal org.apache.maven.plugins:maven-compiler-plugin:3.1:testCompile (default-testCompile) on project CVE-2022-34662: Compilation failure: Compilation failure: 
[ERROR] /PoCAdaptation/exploit/result/CVE-2022-34662/1.3.9/exploit/src/test/java/edu/vision/se/Testcase1.java:[8,52] package org.apache.dolphinscheduler.api.service.impl does not exist
[ERROR] /PoCAdaptation/exploit/result/CVE-2022-34662/1.3.9/exploit/src/test/java/edu/vision/se/Testcase1.java:[10,45] package org.apache.dolphinscheduler.spi.enums does not exist
[ERROR] -> [Help 1]
[ERROR] 
[ERROR] To see the full stack trace of the errors, re-run Maven with the -e switch.
[ERROR] Re-run Maven using the -X switch to enable full debug logging.
[ERROR] 
[ERROR] For more information about the errors and possible solutions, please read the following articles:
[ERROR] [Help 1] http://cwiki.apache.org/confluence/display/MAVEN/MojoFailureException


current_pom file is:<?xml version='1.0' encoding='utf-8'?>
<project xmlns="http://maven.apache.org/POM/4.0.0" xmlns:xsi="http://www.w3.org/2001/XMLSchema-instance" xsi:schemaLocation="http://maven.apache.org/POM/4.0.0 http://maven.apache.org/xsd/maven-4.0.0.xsd">
    <modelVersion>4.0.0</modelVersion>
    <groupId>edu.vision.se</groupId>
    <artifactId>CVE-2022-34662</artifactId>
    <version>1.0-SNAPSHOT</version>

    <properties>
        <maven.compiler.source>11</maven.compiler.source>
        <maven.compiler.target>11</maven.compiler.target>
    </properties>

    <dependencies>
        
        <dependency>
            <groupId>org.apache.dolphinscheduler</groupId>
            <artifactId>dolphinscheduler-api</artifactId>
            <version>1.3.9</version>
        </dependency>
        <dependency>
            <groupId>org.projectlombok</groupId>
            <artifactId>lombok</artifactId>
            <version>1.18.28</version>
            <scope>provided</scope>
        </dependency>
        <dependency><groupId>junit</groupId><artifactId>junit</artifactId><version>4.13.2</version></dependency>
    
    </dependencies>

</project>
[LLMClient] Response: 
test
[96m[Adapter] LLM response for fix position: test[0m
[LLMClient] Tokens used: 143 (prompt), 12 (completion), 155 (total)
[LLMClient] Prompt: 
You are given an error log when executing 'mvn test' in version 1.3.9: 

Error: package org.apache.dolphinscheduler.api.service.impl does not exist, None, None 

The test executes as expected in 2.0.0-alpha 

Error code: import org.apache.dolphinscheduler.api.service.impl.ResourcesServiceImpl; 

Extract two key *entities* from the error for searching related diffs 

The extracted entities should reflect code-level identifiers that are likely to appear in source code or diffs. 

Output each node as a `;`-separated list, with no explanations. 


[LLMClient] Response: 
org.apache.dolphinscheduler.api.service.impl;ResourcesServiceImpl
[96m[ErrorManager] Extracted key entities: ['org.apache.dolphinscheduler.api.service.impl', 'ResourcesServiceImpl'][0m
[96m[Adapter] Try to solve error: {'file': '/PoCAdaptation/exploit/result/CVE-2022-34662/1.3.9/exploit/src/test/java/edu/vision/se/Testcase1.java', 'line': 8, 'column': 52, 'message': 'package org.apache.dolphinscheduler.api.service.impl does not exist', 'symbol': None, 'location': None, 'code_line': 'import org.apache.dolphinscheduler.api.service.impl.ResourcesServiceImpl;'} with cause: ['org.apache.dolphinscheduler.api.service.impl', 'ResourcesServiceImpl'][0m
[96m[Adapter] Related diffs for error: [(850, 8.0), (702, 4.0), (852, 4.0), (709, 2.0), (794, 2.0)][0m
[96m[Adapter] Fix position is in test code.[0m
[96m[RepairModule] Start repair for group: package org.apache.dolphinscheduler.api.service.impl does not exist | cause: ['org.apache.dolphinscheduler.api.service.impl', 'ResourcesServiceImpl'][0m
[96m[RepairModule] Trying best diff #850 with score 8.00[0m
[96m[RepairModule] Found 10 diff combinations for annealing.[0m
[96m[RepairModule] Iteration 1, temperature 1.000: Trying diff #(702, 794) with score 3.00[0m
[LLMClient] Tokens used: 1506 (prompt), 280 (completion), 1786 (total)
[LLMClient] Prompt: 
You are given a Java test file with compilation errors in version 1.3.9:org.apache.dolphinscheduler:dolphinscheduler-api.
This test file compiles and runs successfully in 2.0.0-alpha.

The diff is related to the diff.
Your task has three steps:
 1. Locate the code where the compilation error occurs.
 2. Analyze the diff from 2.0.0-alpha to 1.3.9.
 3. Fix the error in the error position only when diff is helpful. Add import statement when needed according to the diff. 

Only output the modified version of the test file according to the diff. No explanations. If mocking, access fields via reflection if they exist.
### Compilation Errors:
message: package org.apache.dolphinscheduler.api.service.impl does not exist, symble: None, location: None

### Error Position:
import org.apache.dolphinscheduler.api.service.impl.ResourcesServiceImpl;

### Related Diff:
Operation: MODIFIED, File: dolphinscheduler-api/src/test/java/org/apache/dolphinscheduler/api/controller/ProcessDefinitionControllerTest.java, Hunk: @@ -18,13 +18,14 @@
 package org.apache.dolphinscheduler.api.controller;

 import org.apache.dolphinscheduler.api.enums.Status;
+import org.apache.dolphinscheduler.api.service.ProcessDefinitionService;
-import org.apache.dolphinscheduler.api.service.impl.ProcessDefinitionServiceImpl;
 import org.apache.dolphinscheduler.api.utils.PageInfo;
 import org.apache.dolphinscheduler.api.utils.Result;
 import org.apache.dolphinscheduler.common.Constants;
 import org.apache.dolphinscheduler.common.enums.ReleaseState;
 import org.apache.dolphinscheduler.common.enums.UserType;
 import org.apache.dolphinscheduler.dao.entity.ProcessDefinition;
-import org.apache.dolphinscheduler.dao.entity.ProcessDefinitionLog;
 import org.apache.dolphinscheduler.dao.entity.Resource;
 import org.apache.dolphinscheduler.dao.entity.User;

Operation: MODIFIED, File: dolphinscheduler-api/src/test/java/org/apache/dolphinscheduler/api/service/AlertGroupServiceTest.java, Hunk: @@ -14,168 +14,165 @@
  * See the License for the specific language governing permissions and
  * limitations under the License.
  */
-
 package org.apache.dolphinscheduler.api.service;

+import com.baomidou.mybatisplus.core.metadata.IPage;
+import com.baomidou.mybatisplus.extension.plugins.pagination.Page;
+import java.util.ArrayList;
+import java.util.HashMap;
+import java.util.List;
+import java.util.Map;
-import static org.mockito.ArgumentMatchers.any;
-import static org.mockito.ArgumentMatchers.eq;
-
 import org.apache.dolphinscheduler.api.enums.Status;
-import org.apache.dolphinscheduler.api.service.impl.AlertGroupServiceImpl;
 import org.apache.dolphinscheduler.api.utils.PageInfo;
-import org.apache.dolphinscheduler.api.utils.Result;
 import org.apache.dolphinscheduler.common.Constants;
+import org.apache.dolphinscheduler.common.enums.AlertType;
 import org.apache.dolphinscheduler.common.enums.UserType;
 import org.apache.dolphinscheduler.common.utils.CollectionUtils;
 import org.apache.dolphinscheduler.dao.entity.AlertGroup;
 import org.apache.dolphinscheduler.dao.entity.User;
 import org.apache.dolphinscheduler.dao.mapper.AlertGroupMapper;
+import org.apache.dolphinscheduler.dao.mapper.UserAlertGroupMapper;
+import org.junit.After;
-import org.apache.dolphinscheduler.dao.vo.AlertGroupVo;
-
-import java.util.ArrayList;
-import java.util.List;
-import java.util.Map;
-
 import org.junit.Assert;
+import static org.junit.Assert.assertEquals;
+import org.junit.Before;
 import org.junit.Test;
 import org.junit.runner.RunWith;
+import org.mockito.ArgumentCaptor;
+import static org.mockito.ArgumentMatchers.*;
 import org.mockito.InjectMocks;
 import org.mockito.Mock;
 import org.mockito.Mockito;
 import org.mockito.junit.MockitoJUnitRunner;
 import org.slf4j.Logger;
 import org.slf4j.LoggerFactory;
-import org.springframework.dao.DuplicateKeyException;

-import com.baomidou.mybatisplus.core.metadata.IPage;
-import com.baomidou.mybatisplus.extension.plugins.pagination.Page;
-
-/**
- * alert group service test
- */
 @RunWith(MockitoJUnitRunner.class)
 public class AlertGroupServiceTest {

     private static final Logger logger = LoggerFactory.getLogger(AlertGroupServiceTest.class);

     @InjectMocks
+    private AlertGroupService alertGroupService;
-    private AlertGroupServiceImpl alertGroupService;
-
     @Mock
     private AlertGroupMapper alertGroupMapper;
+    @Mock
+    private UserAlertGroupMapper userAlertGroupMapper;
+    @Mock
+    UserAlertGroupService userAlertGroupService;

     private String groupName = "AlertGroupServiceTest";

+    @Before
+    public void setUp() {
+    }
+
+
+    @After
+    public void after(){
+
+    }
+
+
+
     @Test
+    public  void testQueryAlertgroup(){
-    public void testQueryAlertGroup() {

         Mockito.when(alertGroupMapper.queryAllGroupList()).thenReturn(getList());
+        HashMap<String, Object> result= alertGroupService.queryAlertgroup();
-        Map<String, Object> result = alertGroupService.queryAlertgroup();
         logger.info(result.toString());
         List<AlertGroup> alertGroups = (List<AlertGroup>) result.get(Constants.DATA_LIST);
         Assert.assertTrue(CollectionUtils.isNotEmpty(alertGroups));
     }
-
     @Test
+    public  void testListPaging(){
+        IPage<AlertGroup> page = new Page<>(1,10);

### Test File Content:
package edu.vision.se;

import static org.junit.Assert.assertTrue;

import java.lang.reflect.InvocationTargetException;
import java.lang.reflect.Method;

import org.apache.dolphinscheduler.api.service.impl.ResourcesServiceImpl;
import org.apache.dolphinscheduler.api.utils.Result;
import org.apache.dolphinscheduler.spi.enums.ResourceType;
import org.junit.Test;
import org.springframework.web.multipart.MultipartFile;

public class Testcase1 {
    @Test
    public void testDirectoryTraversal()
            throws IllegalAccessException, IllegalArgumentException, InvocationTargetException, NoSuchMethodException,
            SecurityException {
        ResourcesServiceImpl res = new ResourcesServiceImpl();
        Method method_verifyFile = res.getClass().getDeclaredMethod("verifyFile", String.class, ResourceType.class,
                MultipartFile.class);
        method_verifyFile.setAccessible(true);
        Object result = method_verifyFile.invoke(res, "../../abc.txt", null, null);
        validateReturnValue(result);
    }

    public void validateReturnValue(Object result) {
        assertTrue((result instanceof Result)
                && ((Result) result).getCode() == 1300009);
    }
}


[LLMClient] Response: 
Based on the diff provided, I'll modify the test file to fix the compilation error by changing the import statement and adjusting the class usage accordingly. Here's the modified version:

```java
package edu.vision.se;

import static org.junit.Assert.assertTrue;

import java.lang.reflect.InvocationTargetException;
import java.lang.reflect.Method;

import org.apache.dolphinscheduler.api.service.ResourcesService;
import org.apache.dolphinscheduler.api.utils.Result;
import org.apache.dolphinscheduler.spi.enums.ResourceType;
import org.junit.Test;
import org.springframework.web.multipart.MultipartFile;

public class Testcase1 {
    @Test
    public void testDirectoryTraversal()
            throws IllegalAccessException, IllegalArgumentException, InvocationTargetException, NoSuchMethodException,
            SecurityException {
        ResourcesService res = new ResourcesService();
        Method method_verifyFile = res.getClass().getDeclaredMethod("verifyFile", String.class, ResourceType.class,
                MultipartFile.class);
        method_verifyFile.setAccessible(true);
        Object result = method_verifyFile.invoke(res, "../../abc.txt", null, null);
        validateReturnValue(result);
    }

    public void validateReturnValue(Object result) {
        assertTrue((result instanceof Result)
                && ((Result) result).getCode() == 1300009);
    }
}
```
[96m[RepairModule] Wrote modified code to /PoCAdaptation/exploit/result/CVE-2022-34662/1.3.9/exploit/src/test/java/edu/vision/se/Testcase1.java[0m
[96m[Executor] Executing exploit for CVE-2022-34662 on version 1.3.9...[0m
[96m[Verifier] Verifying reproduction...[0m
[91m[Verifier] âœ— Behavior not found: 'java.lang.AssertionError'[0m
[91m[Executor] Reproduction result: Failure[0m
[96m[ErrorManager] Ignoring line: [ERROR] Failed to execute goal org.apache.maven.plugins:maven-compiler-plugin:3.1:testCompile (default-testCompile) on project CVE-2022-34662: Compilation failure[0m
[92m[ErrorManager] Processing line: [ERROR] /PoCAdaptation/exploit/result/CVE-2022-34662/1.3.9/exploit/src/test/java/edu/vision/se/Testcase1.java:[10,45] package org.apache.dolphinscheduler.spi.enums does not exist[0m
[96m[ErrorManager] Ignoring line: [ERROR][0m
[96m[ErrorManager] Ignoring line: [ERROR] -> [Help 1][0m
[96m[ErrorManager] Ignoring line: [ERROR][0m
[96m[ErrorManager] Ignoring line: [ERROR] To see the full stack trace of the errors, re-run Maven with the -e switch.[0m
[96m[ErrorManager] Ignoring line: [ERROR] Re-run Maven using the -X switch to enable full debug logging.[0m
[96m[ErrorManager] Ignoring line: [ERROR][0m
[96m[ErrorManager] Ignoring line: [ERROR] For more information about the errors and possible solutions, please read the following articles:[0m
[96m[ErrorManager] Ignoring line: [ERROR] [Help 1] http://cwiki.apache.org/confluence/display/MAVEN/MojoFailureException[0m
[RepairModule] Old grouped keys: {'package org.apache.dolphinscheduler.spi.enums does not exist |', 'package org.apache.dolphinscheduler.api.service.impl does not exist |'}
[RepairModule] New grouped keys: {'package org.apache.dolphinscheduler.spi.enums does not exist |'}
[92m[RepairModule] Error package org.apache.dolphinscheduler.api.service.impl does not exist resolved after applying diff.[0m
[92m[RepairModule] Repair success with diff #(702, 794) at iteration 1![0m
[96m[Adapter] Test code repair attempted.[0m
[96m[Executor] Executing exploit for CVE-2022-34662 on version 1.3.9...[0m
[96m[Verifier] Verifying reproduction...[0m
[91m[Verifier] âœ— Behavior not found: 'java.lang.AssertionError'[0m
[91m[Executor] Reproduction result: Failure[0m
[96m[ErrorManager] Ignoring line: [ERROR] Failed to execute goal org.apache.maven.plugins:maven-compiler-plugin:3.1:testCompile (default-testCompile) on project CVE-2022-34662: Compilation failure[0m
[92m[ErrorManager] Processing line: [ERROR] /PoCAdaptation/exploit/result/CVE-2022-34662/1.3.9/exploit/src/test/java/edu/vision/se/Testcase1.java:[10,45] package org.apache.dolphinscheduler.spi.enums does not exist[0m
[96m[ErrorManager] Ignoring line: [ERROR][0m
[96m[ErrorManager] Ignoring line: [ERROR] -> [Help 1][0m
[96m[ErrorManager] Ignoring line: [ERROR][0m
[96m[ErrorManager] Ignoring line: [ERROR] To see the full stack trace of the errors, re-run Maven with the -e switch.[0m
[96m[ErrorManager] Ignoring line: [ERROR] Re-run Maven using the -X switch to enable full debug logging.[0m
[96m[ErrorManager] Ignoring line: [ERROR][0m
[96m[ErrorManager] Ignoring line: [ERROR] For more information about the errors and possible solutions, please read the following articles:[0m
[96m[ErrorManager] Ignoring line: [ERROR] [Help 1] http://cwiki.apache.org/confluence/display/MAVEN/MojoFailureException[0m
[96m[Adapter] Locating fix position in error log.[0m
[LLMClient] Tokens used: 1496 (prompt), 1 (completion), 1497 (total)
[LLMClient] Prompt: 
You are given a Java error log when executing 'mvn test' in a project with dependency version 1.3.9:org.apache.dolphinscheduler:dolphinscheduler-api.
This test file compiles and runs successfully with version 2.0.0-alpha.

Your task is to:
1. Analyze why this issue occurs with the *2.0.0-alpha* but not with the *1.3.9 version*.
2. Consider how to resolve the issue **without updating this library**.
3. Determine and output the location in the project that should be modified to fix the problem.

Please return 'pom' if the fix is in the pom.xml file, or 'test' if the fix is in the test code.
Do not return any other text, just 'pom' or 'test'.

The error log is:
[INFO] Scanning for projects...
[INFO] 
[INFO] --------------------< edu.vision.se:CVE-2022-34662 >--------------------
[INFO] Building CVE-2022-34662 1.0-SNAPSHOT
[INFO]   from pom.xml
[INFO] --------------------------------[ jar ]---------------------------------
Downloading from maven-default-http-blocker: http://0.0.0.0/joda-time/joda-time/maven-metadata.xml
[WARNING] Could not transfer metadata joda-time:joda-time/maven-metadata.xml from/to maven-default-http-blocker (http://0.0.0.0/): transfer failed for http://0.0.0.0/joda-time/joda-time/maven-metadata.xml
[INFO] 
[INFO] --- maven-clean-plugin:2.5:clean (default-clean) @ CVE-2022-34662 ---
[INFO] Deleting /PoCAdaptation/exploit/result/CVE-2022-34662/1.3.9/exploit/target
[INFO] 
[INFO] --- maven-resources-plugin:2.6:resources (default-resources) @ CVE-2022-34662 ---
[WARNING] Using platform encoding (UTF-8 actually) to copy filtered resources, i.e. build is platform dependent!
[INFO] skip non existing resourceDirectory /PoCAdaptation/exploit/result/CVE-2022-34662/1.3.9/exploit/src/main/resources
[INFO] 
[INFO] --- maven-compiler-plugin:3.1:compile (default-compile) @ CVE-2022-34662 ---
[INFO] No sources to compile
[INFO] 
[INFO] --- maven-resources-plugin:2.6:testResources (default-testResources) @ CVE-2022-34662 ---
[WARNING] Using platform encoding (UTF-8 actually) to copy filtered resources, i.e. build is platform dependent!
[INFO] skip non existing resourceDirectory /PoCAdaptation/exploit/result/CVE-2022-34662/1.3.9/exploit/src/test/resources
[INFO] 
[INFO] --- maven-compiler-plugin:3.1:testCompile (default-testCompile) @ CVE-2022-34662 ---
[INFO] Changes detected - recompiling the module!
[WARNING] File encoding has not been set, using platform encoding UTF-8, i.e. build is platform dependent!
[INFO] Compiling 1 source file to /PoCAdaptation/exploit/result/CVE-2022-34662/1.3.9/exploit/target/test-classes
[INFO] -------------------------------------------------------------
[ERROR] COMPILATION ERROR : 
[INFO] -------------------------------------------------------------
[ERROR] /PoCAdaptation/exploit/result/CVE-2022-34662/1.3.9/exploit/src/test/java/edu/vision/se/Testcase1.java:[10,45] package org.apache.dolphinscheduler.spi.enums does not exist
[INFO] 1 error
[INFO] -------------------------------------------------------------
[INFO] ------------------------------------------------------------------------
[INFO] BUILD FAILURE
[INFO] ------------------------------------------------------------------------
[INFO] Total time:  2.814 s
[INFO] Finished at: 2025-07-13T16:30:15Z
[INFO] ------------------------------------------------------------------------
[ERROR] Failed to execute goal org.apache.maven.plugins:maven-compiler-plugin:3.1:testCompile (default-testCompile) on project CVE-2022-34662: Compilation failure
[ERROR] /PoCAdaptation/exploit/result/CVE-2022-34662/1.3.9/exploit/src/test/java/edu/vision/se/Testcase1.java:[10,45] package org.apache.dolphinscheduler.spi.enums does not exist
[ERROR] 
[ERROR] -> [Help 1]
[ERROR] 
[ERROR] To see the full stack trace of the errors, re-run Maven with the -e switch.
[ERROR] Re-run Maven using the -X switch to enable full debug logging.
[ERROR] 
[ERROR] For more information about the errors and possible solutions, please read the following articles:
[ERROR] [Help 1] http://cwiki.apache.org/confluence/display/MAVEN/MojoFailureException


current_pom file is:<?xml version='1.0' encoding='utf-8'?>
<project xmlns="http://maven.apache.org/POM/4.0.0" xmlns:xsi="http://www.w3.org/2001/XMLSchema-instance" xsi:schemaLocation="http://maven.apache.org/POM/4.0.0 http://maven.apache.org/xsd/maven-4.0.0.xsd">
    <modelVersion>4.0.0</modelVersion>
    <groupId>edu.vision.se</groupId>
    <artifactId>CVE-2022-34662</artifactId>
    <version>1.0-SNAPSHOT</version>

    <properties>
        <maven.compiler.source>11</maven.compiler.source>
        <maven.compiler.target>11</maven.compiler.target>
    </properties>

    <dependencies>
        
        <dependency>
            <groupId>org.apache.dolphinscheduler</groupId>
            <artifactId>dolphinscheduler-api</artifactId>
            <version>1.3.9</version>
        </dependency>
        <dependency>
            <groupId>org.projectlombok</groupId>
            <artifactId>lombok</artifactId>
            <version>1.18.28</version>
            <scope>provided</scope>
        </dependency>
        <dependency><groupId>junit</groupId><artifactId>junit</artifactId><version>4.13.2</version></dependency>
    
    </dependencies>

</project>
[LLMClient] Response: 
test
[96m[Adapter] LLM response for fix position: test[0m
[LLMClient] Tokens used: 144 (prompt), 13 (completion), 157 (total)
[LLMClient] Prompt: 
You are given an error log when executing 'mvn test' in version 1.3.9: 

Error: package org.apache.dolphinscheduler.spi.enums does not exist, None, None 

The test executes as expected in 2.0.0-alpha 

Error code: import org.apache.dolphinscheduler.spi.enums.ResourceType; 

Extract two key *entities* from the error for searching related diffs 

The extracted entities should reflect code-level identifiers that are likely to appear in source code or diffs. 

Output each node as a `;`-separated list, with no explanations. 


[LLMClient] Response: 
org.apache.dolphinscheduler.spi.enums;ResourceType
[96m[ErrorManager] Extracted key entities: ['org.apache.dolphinscheduler.spi.enums', 'ResourceType'][0m
[96m[Adapter] Try to solve error: {'file': '/PoCAdaptation/exploit/result/CVE-2022-34662/1.3.9/exploit/src/test/java/edu/vision/se/Testcase1.java', 'line': 10, 'column': 45, 'message': 'package org.apache.dolphinscheduler.spi.enums does not exist', 'symbol': None, 'location': None, 'code_line': 'import org.apache.dolphinscheduler.spi.enums.ResourceType;'} with cause: ['org.apache.dolphinscheduler.spi.enums', 'ResourceType'][0m
[96m[Adapter] Related diffs for error: [(384, 8.0), (850, 8.0), (897, 8.0), (1239, 8.0), (1756, 8.0)][0m
[96m[Adapter] Fix position is in test code.[0m
[96m[RepairModule] Start repair for group: package org.apache.dolphinscheduler.spi.enums does not exist | cause: ['org.apache.dolphinscheduler.spi.enums', 'ResourceType'][0m
[96m[RepairModule] Trying best diff #384 with score 8.00[0m
[96m[RepairModule] Found 10 diff combinations for annealing.[0m
[96m[RepairModule] Iteration 1, temperature 1.000: Trying diff #(850, 897) with score 8.00[0m
[LLMClient] Tokens used: 1248 (prompt), 258 (completion), 1506 (total)
[LLMClient] Prompt: 
You are given a Java test file with compilation errors in version 1.3.9:org.apache.dolphinscheduler:dolphinscheduler-api.
This test file compiles and runs successfully in 2.0.0-alpha.

The diff is related to the diff.
Your task has three steps:
 1. Locate the code where the compilation error occurs.
 2. Analyze the diff from 2.0.0-alpha to 1.3.9.
 3. Fix the error in the error position only when diff is helpful. Add import statement when needed according to the diff. 

Only output the modified version of the test file according to the diff. No explanations. If mocking, access fields via reflection if they exist.
### Compilation Errors:
message: package org.apache.dolphinscheduler.spi.enums does not exist, symble: None, location: None

### Error Position:
import org.apache.dolphinscheduler.spi.enums.ResourceType;

### Related Diff:
Operation: MODIFIED, File: dolphinscheduler-api/src/test/java/org/apache/dolphinscheduler/api/service/ResourcesServiceTest.java, Hunk: @@ -14,15 +14,15 @@
  * See the License for the specific language governing permissions and
  * limitations under the License.
  */
-
 package org.apache.dolphinscheduler.api.service;

+import com.baomidou.mybatisplus.core.metadata.IPage;
+import com.baomidou.mybatisplus.extension.plugins.pagination.Page;
 import org.apache.dolphinscheduler.api.enums.Status;
-import org.apache.dolphinscheduler.api.service.impl.ResourcesServiceImpl;
 import org.apache.dolphinscheduler.api.utils.PageInfo;
 import org.apache.dolphinscheduler.api.utils.Result;
 import org.apache.dolphinscheduler.common.Constants;
+import org.apache.dolphinscheduler.common.enums.ResourceType;
-import org.apache.dolphinscheduler.spi.enums.ResourceType;
 import org.apache.dolphinscheduler.common.enums.UserType;
 import org.apache.dolphinscheduler.common.utils.CollectionUtils;
 import org.apache.dolphinscheduler.common.utils.FileUtils;
Operation: MODIFIED, File: dolphinscheduler-api/src/test/java/org/apache/dolphinscheduler/api/service/UsersServiceTest.java, Hunk: @@ -14,22 +14,42 @@
  * See the License for the specific language governing permissions and
  * limitations under the License.
  */
-
 package org.apache.dolphinscheduler.api.service;

+import com.baomidou.mybatisplus.core.metadata.IPage;
+import com.baomidou.mybatisplus.extension.plugins.pagination.Page;
-import static org.mockito.ArgumentMatchers.any;
-import static org.mockito.ArgumentMatchers.eq;
-import static org.mockito.Mockito.when;
-
 import org.apache.dolphinscheduler.api.enums.Status;
-import org.apache.dolphinscheduler.api.service.impl.UsersServiceImpl;
 import org.apache.dolphinscheduler.api.utils.PageInfo;
 import org.apache.dolphinscheduler.api.utils.Result;
 import org.apache.dolphinscheduler.common.Constants;
+import org.apache.dolphinscheduler.common.enums.ResourceType;
-import org.apache.dolphinscheduler.spi.enums.ResourceType;
 import org.apache.dolphinscheduler.common.enums.UserType;
 import org.apache.dolphinscheduler.common.utils.CollectionUtils;
 import org.apache.dolphinscheduler.common.utils.EncryptionUtils;
-import org.apache.dolphinscheduler.dao.entity.AlertGroup;
-import org.apache.dolphinscheduler.dao.entity.Project;
 import org.apache.dolphinscheduler.dao.entity.Resource;
 import org.apache.dolphinscheduler.dao.entity.Tenant;
 import org.apache.dolphinscheduler.dao.entity.User;
+import org.apache.dolphinscheduler.dao.mapper.*;
-import org.apache.dolphinscheduler.dao.mapper.AccessTokenMapper;
-import org.apache.dolphinscheduler.dao.mapper.AlertGroupMapper;
-import org.apache.dolphinscheduler.dao.mapper.DataSourceUserMapper;
-import org.apache.dolphinscheduler.dao.mapper.ProjectMapper;
-import org.apache.dolphinscheduler.dao.mapper.ProjectUserMapper;
-import org.apache.dolphinscheduler.dao.mapper.ResourceMapper;
-import org.apache.dolphinscheduler.dao.mapper.ResourceUserMapper;
-import org.apache.dolphinscheduler.dao.mapper.TenantMapper;
-import org.apache.dolphinscheduler.dao.mapper.UDFUserMapper;
-import org.apache.dolphinscheduler.dao.mapper.UserMapper;
-
-import java.util.ArrayList;
-import java.util.List;
-import java.util.Map;
-
 import org.junit.After;
 import org.junit.Assert;
 import org.junit.Before;

### Test File Content:
package edu.vision.se;

import static org.junit.Assert.assertTrue;

import java.lang.reflect.InvocationTargetException;
import java.lang.reflect.Method;

import org.apache.dolphinscheduler.api.service.ResourcesService;
import org.apache.dolphinscheduler.api.utils.Result;
import org.apache.dolphinscheduler.spi.enums.ResourceType;
import org.junit.Test;
import org.springframework.web.multipart.MultipartFile;

public class Testcase1 {
    @Test
    public void testDirectoryTraversal()
            throws IllegalAccessException, IllegalArgumentException, InvocationTargetException, NoSuchMethodException,
            SecurityException {
        ResourcesService res = new ResourcesService();
        Method method_verifyFile = res.getClass().getDeclaredMethod("verifyFile", String.class, ResourceType.class,
                MultipartFile.class);
        method_verifyFile.setAccessible(true);
        Object result = method_verifyFile.invoke(res, "../../abc.txt", null, null);
        validateReturnValue(result);
    }

    public void validateReturnValue(Object result) {
        assertTrue((result instanceof Result)
                && ((Result) result).getCode() == 1300009);
    }
}



[LLMClient] Response: 
Here's the modified version of the test file according to the diff:

```java
package edu.vision.se;

import static org.junit.Assert.assertTrue;

import java.lang.reflect.InvocationTargetException;
import java.lang.reflect.Method;

import org.apache.dolphinscheduler.api.service.ResourcesService;
import org.apache.dolphinscheduler.api.utils.Result;
import org.apache.dolphinscheduler.common.enums.ResourceType;
import org.junit.Test;
import org.springframework.web.multipart.MultipartFile;

public class Testcase1 {
    @Test
    public void testDirectoryTraversal()
            throws IllegalAccessException, IllegalArgumentException, InvocationTargetException, NoSuchMethodException,
            SecurityException {
        ResourcesService res = new ResourcesService();
        Method method_verifyFile = res.getClass().getDeclaredMethod("verifyFile", String.class, ResourceType.class,
                MultipartFile.class);
        method_verifyFile.setAccessible(true);
        Object result = method_verifyFile.invoke(res, "../../abc.txt", null, null);
        validateReturnValue(result);
    }

    public void validateReturnValue(Object result) {
        assertTrue((result instanceof Result)
                && ((Result) result).getCode() == 1300009);
    }
}
```
[96m[RepairModule] Wrote modified code to /PoCAdaptation/exploit/result/CVE-2022-34662/1.3.9/exploit/src/test/java/edu/vision/se/Testcase1.java[0m
[96m[Executor] Executing exploit for CVE-2022-34662 on version 1.3.9...[0m
[96m[Verifier] Verifying reproduction...[0m
[91m[Verifier] âœ— Behavior not found: 'java.lang.AssertionError'[0m
[91m[Executor] Reproduction result: Failure[0m
[96m[ErrorManager] Ignoring line: [ERROR] Failed to execute goal org.apache.maven.plugins:maven-surefire-plugin:2.12.4:test (default-test) on project CVE-2022-34662: There are test failures.[0m
[96m[ErrorManager] Ignoring line: [ERROR][0m
[96m[ErrorManager] Ignoring line: [ERROR] Please refer to /PoCAdaptation/exploit/result/CVE-2022-34662/1.3.9/exploit/target/surefire-reports for the individual test results.[0m
[96m[ErrorManager] Ignoring line: [ERROR] -> [Help 1][0m
[96m[ErrorManager] Ignoring line: [ERROR][0m
[96m[ErrorManager] Ignoring line: [ERROR] To see the full stack trace of the errors, re-run Maven with the -e switch.[0m
[96m[ErrorManager] Ignoring line: [ERROR] Re-run Maven using the -X switch to enable full debug logging.[0m
[96m[ErrorManager] Ignoring line: [ERROR][0m
[96m[ErrorManager] Ignoring line: [ERROR] For more information about the errors and possible solutions, please read the following articles:[0m
[96m[ErrorManager] Ignoring line: [ERROR] [Help 1] http://cwiki.apache.org/confluence/display/MAVEN/MojoFailureException[0m
[96m[ErrorManager] Using fallback error line: [ERROR] Failed to execute goal org.apache.maven.plugins:maven-surefire-plugin:2.12.4:test (default-test) on project CVE-2022-34662: There are test failures.[0m
[91m[ErrorManager] Failed to read file UNKNOWN: [Errno 2] No such file or directory: 'UNKNOWN'[0m
[RepairModule] Old grouped keys: {'package org.apache.dolphinscheduler.spi.enums does not exist |'}
[RepairModule] New grouped keys: {'[ERROR] Failed to execute goal org.apache.maven.plugins:maven-surefire-plugin:2.12.4:test (default-test) on project CVE-2022-34662: There are test failures. |'}
[92m[RepairModule] Error package org.apache.dolphinscheduler.spi.enums does not exist resolved after applying diff.[0m
[92m[RepairModule] Repair success with diff #(850, 897) at iteration 1![0m
[96m[Adapter] Test code repair attempted.[0m
[96m[Executor] Executing exploit for CVE-2022-34662 on version 1.3.9...[0m
[96m[Verifier] Verifying reproduction...[0m
[91m[Verifier] âœ— Behavior not found: 'java.lang.AssertionError'[0m
[91m[Executor] Reproduction result: Failure[0m
[96m[ErrorManager] Ignoring line: [ERROR] Failed to execute goal org.apache.maven.plugins:maven-surefire-plugin:2.12.4:test (default-test) on project CVE-2022-34662: There are test failures.[0m
[96m[ErrorManager] Ignoring line: [ERROR][0m
[96m[ErrorManager] Ignoring line: [ERROR] Please refer to /PoCAdaptation/exploit/result/CVE-2022-34662/1.3.9/exploit/target/surefire-reports for the individual test results.[0m
[96m[ErrorManager] Ignoring line: [ERROR] -> [Help 1][0m
[96m[ErrorManager] Ignoring line: [ERROR][0m
[96m[ErrorManager] Ignoring line: [ERROR] To see the full stack trace of the errors, re-run Maven with the -e switch.[0m
[96m[ErrorManager] Ignoring line: [ERROR] Re-run Maven using the -X switch to enable full debug logging.[0m
[96m[ErrorManager] Ignoring line: [ERROR][0m
[96m[ErrorManager] Ignoring line: [ERROR] For more information about the errors and possible solutions, please read the following articles:[0m
[96m[ErrorManager] Ignoring line: [ERROR] [Help 1] http://cwiki.apache.org/confluence/display/MAVEN/MojoFailureException[0m
[96m[ErrorManager] Using fallback error line: [ERROR] Failed to execute goal org.apache.maven.plugins:maven-surefire-plugin:2.12.4:test (default-test) on project CVE-2022-34662: There are test failures.[0m
[91m[ErrorManager] Failed to read file UNKNOWN: [Errno 2] No such file or directory: 'UNKNOWN'[0m
[96m[Adapter] Locating fix position in error log.[0m
[LLMClient] Tokens used: 2653 (prompt), 1 (completion), 2654 (total)
[LLMClient] Prompt: 
You are given a Java error log when executing 'mvn test' in a project with dependency version 1.3.9:org.apache.dolphinscheduler:dolphinscheduler-api.
This test file compiles and runs successfully with version 2.0.0-alpha.

Your task is to:
1. Analyze why this issue occurs with the *2.0.0-alpha* but not with the *1.3.9 version*.
2. Consider how to resolve the issue **without updating this library**.
3. Determine and output the location in the project that should be modified to fix the problem.

Please return 'pom' if the fix is in the pom.xml file, or 'test' if the fix is in the test code.
Do not return any other text, just 'pom' or 'test'.

The error log is:
[INFO] Scanning for projects...
[INFO] 
[INFO] --------------------< edu.vision.se:CVE-2022-34662 >--------------------
[INFO] Building CVE-2022-34662 1.0-SNAPSHOT
[INFO]   from pom.xml
[INFO] --------------------------------[ jar ]---------------------------------
Downloading from maven-default-http-blocker: http://0.0.0.0/joda-time/joda-time/maven-metadata.xml
[WARNING] Could not transfer metadata joda-time:joda-time/maven-metadata.xml from/to maven-default-http-blocker (http://0.0.0.0/): transfer failed for http://0.0.0.0/joda-time/joda-time/maven-metadata.xml
[INFO] 
[INFO] --- maven-clean-plugin:2.5:clean (default-clean) @ CVE-2022-34662 ---
[INFO] Deleting /PoCAdaptation/exploit/result/CVE-2022-34662/1.3.9/exploit/target
[INFO] 
[INFO] --- maven-resources-plugin:2.6:resources (default-resources) @ CVE-2022-34662 ---
[WARNING] Using platform encoding (UTF-8 actually) to copy filtered resources, i.e. build is platform dependent!
[INFO] skip non existing resourceDirectory /PoCAdaptation/exploit/result/CVE-2022-34662/1.3.9/exploit/src/main/resources
[INFO] 
[INFO] --- maven-compiler-plugin:3.1:compile (default-compile) @ CVE-2022-34662 ---
[INFO] No sources to compile
[INFO] 
[INFO] --- maven-resources-plugin:2.6:testResources (default-testResources) @ CVE-2022-34662 ---
[WARNING] Using platform encoding (UTF-8 actually) to copy filtered resources, i.e. build is platform dependent!
[INFO] skip non existing resourceDirectory /PoCAdaptation/exploit/result/CVE-2022-34662/1.3.9/exploit/src/test/resources
[INFO] 
[INFO] --- maven-compiler-plugin:3.1:testCompile (default-testCompile) @ CVE-2022-34662 ---
[INFO] Changes detected - recompiling the module!
[WARNING] File encoding has not been set, using platform encoding UTF-8, i.e. build is platform dependent!
[INFO] Compiling 1 source file to /PoCAdaptation/exploit/result/CVE-2022-34662/1.3.9/exploit/target/test-classes
[INFO] 
[INFO] --- maven-surefire-plugin:2.12.4:test (default-test) @ CVE-2022-34662 ---
[INFO] Surefire report directory: /PoCAdaptation/exploit/result/CVE-2022-34662/1.3.9/exploit/target/surefire-reports

-------------------------------------------------------
 T E S T S
-------------------------------------------------------
Running edu.vision.se.Testcase1
Tests run: 1, Failures: 0, Errors: 1, Skipped: 0, Time elapsed: 0.094 sec <<< FAILURE!
testDirectoryTraversal(edu.vision.se.Testcase1)  Time elapsed: 0.076 sec  <<< ERROR!
java.lang.NoSuchMethodException: org.apache.dolphinscheduler.api.service.ResourcesService.verifyFile(java.lang.String, org.apache.dolphinscheduler.common.enums.ResourceType, org.springframework.web.multipart.MultipartFile)
	at java.base/java.lang.Class.getDeclaredMethod(Class.java:2476)
	at edu.vision.se.Testcase1.testDirectoryTraversal(Testcase1.java:20)
	at java.base/jdk.internal.reflect.NativeMethodAccessorImpl.invoke0(Native Method)
	at java.base/jdk.internal.reflect.NativeMethodAccessorImpl.invoke(NativeMethodAccessorImpl.java:62)
	at java.base/jdk.internal.reflect.DelegatingMethodAccessorImpl.invoke(DelegatingMethodAccessorImpl.java:43)
	at java.base/java.lang.reflect.Method.invoke(Method.java:566)
	at org.junit.runners.model.FrameworkMethod$1.runReflectiveCall(FrameworkMethod.java:59)
	at org.junit.internal.runners.model.ReflectiveCallable.run(ReflectiveCallable.java:12)
	at org.junit.runners.model.FrameworkMethod.invokeExplosively(FrameworkMethod.java:56)
	at org.junit.internal.runners.statements.InvokeMethod.evaluate(InvokeMethod.java:17)
	at org.junit.runners.ParentRunner$3.evaluate(ParentRunner.java:306)
	at org.junit.runners.BlockJUnit4ClassRunner$1.evaluate(BlockJUnit4ClassRunner.java:100)
	at org.junit.runners.ParentRunner.runLeaf(ParentRunner.java:366)
	at org.junit.runners.BlockJUnit4ClassRunner.runChild(BlockJUnit4ClassRunner.java:103)
	at org.junit.runners.BlockJUnit4ClassRunner.runChild(BlockJUnit4ClassRunner.java:63)
	at org.junit.runners.ParentRunner$4.run(ParentRunner.java:331)
	at org.junit.runners.ParentRunner$1.schedule(ParentRunner.java:79)
	at org.junit.runners.ParentRunner.runChildren(ParentRunner.java:329)
	at org.junit.runners.ParentRunner.access$100(ParentRunner.java:66)
	at org.junit.runners.ParentRunner$2.evaluate(ParentRunner.java:293)
	at org.junit.runners.ParentRunner$3.evaluate(ParentRunner.java:306)
	at org.junit.runners.ParentRunner.run(ParentRunner.java:413)
	at org.apache.maven.surefire.junit4.JUnit4Provider.execute(JUnit4Provider.java:252)
	at org.apache.maven.surefire.junit4.JUnit4Provider.executeTestSet(JUnit4Provider.java:141)
	at org.apache.maven.surefire.junit4.JUnit4Provider.invoke(JUnit4Provider.java:112)
	at java.base/jdk.internal.reflect.NativeMethodAccessorImpl.invoke0(Native Method)
	at java.base/jdk.internal.reflect.NativeMethodAccessorImpl.invoke(NativeMethodAccessorImpl.java:62)
	at java.base/jdk.internal.reflect.DelegatingMethodAccessorImpl.invoke(DelegatingMethodAccessorImpl.java:43)
	at java.base/java.lang.reflect.Method.invoke(Method.java:566)
	at org.apache.maven.surefire.util.ReflectionUtils.invokeMethodWithArray(ReflectionUtils.java:189)
	at org.apache.maven.surefire.booter.ProviderFactory$ProviderProxy.invoke(ProviderFactory.java:165)
	at org.apache.maven.surefire.booter.ProviderFactory.invokeProvider(ProviderFactory.java:85)
	at org.apache.maven.surefire.booter.ForkedBooter.runSuitesInProcess(ForkedBooter.java:115)
	at org.apache.maven.surefire.booter.ForkedBooter.main(ForkedBooter.java:75)


Results :

Tests in error: 
  testDirectoryTraversal(edu.vision.se.Testcase1): org.apache.dolphinscheduler.api.service.ResourcesService.verifyFile(java.lang.String, org.apache.dolphinscheduler.common.enums.ResourceType, org.springframework.web.multipart.MultipartFile)

Tests run: 1, Failures: 0, Errors: 1, Skipped: 0

[INFO] ------------------------------------------------------------------------
[INFO] BUILD FAILURE
[INFO] ------------------------------------------------------------------------
[INFO] Total time:  2.954 s
[INFO] Finished at: 2025-07-13T16:30:48Z
[INFO] ------------------------------------------------------------------------
[ERROR] Failed to execute goal org.apache.maven.plugins:maven-surefire-plugin:2.12.4:test (default-test) on project CVE-2022-34662: There are test failures.
[ERROR] 
[ERROR] Please refer to /PoCAdaptation/exploit/result/CVE-2022-34662/1.3.9/exploit/target/surefire-reports for the individual test results.
[ERROR] -> [Help 1]
[ERROR] 
[ERROR] To see the full stack trace of the errors, re-run Maven with the -e switch.
[ERROR] Re-run Maven using the -X switch to enable full debug logging.
[ERROR] 
[ERROR] For more information about the errors and possible solutions, please read the following articles:
[ERROR] [Help 1] http://cwiki.apache.org/confluence/display/MAVEN/MojoFailureException

SLF4J: Class path contains multiple SLF4J bindings.
SLF4J: Found binding in [jar:file:/root/.m2/repository/ch/qos/logback/logback-classic/1.2.3/logback-classic-1.2.3.jar!/org/slf4j/impl/StaticLoggerBinder.class]
SLF4J: Found binding in [jar:file:/root/.m2/repository/org/slf4j/slf4j-log4j12/1.7.10/slf4j-log4j12-1.7.10.jar!/org/slf4j/impl/StaticLoggerBinder.class]
SLF4J: See http://www.slf4j.org/codes.html#multiple_bindings for an explanation.
SLF4J: Actual binding is of type [ch.qos.logback.classic.util.ContextSelectorStaticBinder]

current_pom file is:<?xml version='1.0' encoding='utf-8'?>
<project xmlns="http://maven.apache.org/POM/4.0.0" xmlns:xsi="http://www.w3.org/2001/XMLSchema-instance" xsi:schemaLocation="http://maven.apache.org/POM/4.0.0 http://maven.apache.org/xsd/maven-4.0.0.xsd">
    <modelVersion>4.0.0</modelVersion>
    <groupId>edu.vision.se</groupId>
    <artifactId>CVE-2022-34662</artifactId>
    <version>1.0-SNAPSHOT</version>

    <properties>
        <maven.compiler.source>11</maven.compiler.source>
        <maven.compiler.target>11</maven.compiler.target>
    </properties>

    <dependencies>
        
        <dependency>
            <groupId>org.apache.dolphinscheduler</groupId>
            <artifactId>dolphinscheduler-api</artifactId>
            <version>1.3.9</version>
        </dependency>
        <dependency>
            <groupId>org.projectlombok</groupId>
            <artifactId>lombok</artifactId>
            <version>1.18.28</version>
            <scope>provided</scope>
        </dependency>
        <dependency><groupId>junit</groupId><artifactId>junit</artifactId><version>4.13.2</version></dependency>
    
    </dependencies>

</project>
[LLMClient] Response: 
test
[96m[Adapter] LLM response for fix position: test[0m
[LLMClient] Tokens used: 2270 (prompt), 5 (completion), 2275 (total)
[LLMClient] Prompt: 
You are given an error log when executing 'mvn test' in a project relying on a library with version 1.3.9: 

Error: [INFO] Scanning for projects...
[INFO] 
[INFO] --------------------< edu.vision.se:CVE-2022-34662 >--------------------
[INFO] Building CVE-2022-34662 1.0-SNAPSHOT
[INFO]   from pom.xml
[INFO] --------------------------------[ jar ]---------------------------------
Downloading from maven-default-http-blocker: http://0.0.0.0/joda-time/joda-time/maven-metadata.xml
[WARNING] Could not transfer metadata joda-time:joda-time/maven-metadata.xml from/to maven-default-http-blocker (http://0.0.0.0/): transfer failed for http://0.0.0.0/joda-time/joda-time/maven-metadata.xml
[INFO] 
[INFO] --- maven-clean-plugin:2.5:clean (default-clean) @ CVE-2022-34662 ---
[INFO] Deleting /PoCAdaptation/exploit/result/CVE-2022-34662/1.3.9/exploit/target
[INFO] 
[INFO] --- maven-resources-plugin:2.6:resources (default-resources) @ CVE-2022-34662 ---
[WARNING] Using platform encoding (UTF-8 actually) to copy filtered resources, i.e. build is platform dependent!
[INFO] skip non existing resourceDirectory /PoCAdaptation/exploit/result/CVE-2022-34662/1.3.9/exploit/src/main/resources
[INFO] 
[INFO] --- maven-compiler-plugin:3.1:compile (default-compile) @ CVE-2022-34662 ---
[INFO] No sources to compile
[INFO] 
[INFO] --- maven-resources-plugin:2.6:testResources (default-testResources) @ CVE-2022-34662 ---
[WARNING] Using platform encoding (UTF-8 actually) to copy filtered resources, i.e. build is platform dependent!
[INFO] skip non existing resourceDirectory /PoCAdaptation/exploit/result/CVE-2022-34662/1.3.9/exploit/src/test/resources
[INFO] 
[INFO] --- maven-compiler-plugin:3.1:testCompile (default-testCompile) @ CVE-2022-34662 ---
[INFO] Changes detected - recompiling the module!
[WARNING] File encoding has not been set, using platform encoding UTF-8, i.e. build is platform dependent!
[INFO] Compiling 1 source file to /PoCAdaptation/exploit/result/CVE-2022-34662/1.3.9/exploit/target/test-classes
[INFO] 
[INFO] --- maven-surefire-plugin:2.12.4:test (default-test) @ CVE-2022-34662 ---
[INFO] Surefire report directory: /PoCAdaptation/exploit/result/CVE-2022-34662/1.3.9/exploit/target/surefire-reports

-------------------------------------------------------
 T E S T S
-------------------------------------------------------
Running edu.vision.se.Testcase1
Tests run: 1, Failures: 0, Errors: 1, Skipped: 0, Time elapsed: 0.094 sec <<< FAILURE!
testDirectoryTraversal(edu.vision.se.Testcase1)  Time elapsed: 0.076 sec  <<< ERROR!
java.lang.NoSuchMethodException: org.apache.dolphinscheduler.api.service.ResourcesService.verifyFile(java.lang.String, org.apache.dolphinscheduler.common.enums.ResourceType, org.springframework.web.multipart.MultipartFile)
	at java.base/java.lang.Class.getDeclaredMethod(Class.java:2476)
	at edu.vision.se.Testcase1.testDirectoryTraversal(Testcase1.java:20)
	at java.base/jdk.internal.reflect.NativeMethodAccessorImpl.invoke0(Native Method)
	at java.base/jdk.internal.reflect.NativeMethodAccessorImpl.invoke(NativeMethodAccessorImpl.java:62)
	at java.base/jdk.internal.reflect.DelegatingMethodAccessorImpl.invoke(DelegatingMethodAccessorImpl.java:43)
	at java.base/java.lang.reflect.Method.invoke(Method.java:566)
	at org.junit.runners.model.FrameworkMethod$1.runReflectiveCall(FrameworkMethod.java:59)
	at org.junit.internal.runners.model.ReflectiveCallable.run(ReflectiveCallable.java:12)
	at org.junit.runners.model.FrameworkMethod.invokeExplosively(FrameworkMethod.java:56)
	at org.junit.internal.runners.statements.InvokeMethod.evaluate(InvokeMethod.java:17)
	at org.junit.runners.ParentRunner$3.evaluate(ParentRunner.java:306)
	at org.junit.runners.BlockJUnit4ClassRunner$1.evaluate(BlockJUnit4ClassRunner.java:100)
	at org.junit.runners.ParentRunner.runLeaf(ParentRunner.java:366)
	at org.junit.runners.BlockJUnit4ClassRunner.runChild(BlockJUnit4ClassRunner.java:103)
	at org.junit.runners.BlockJUnit4ClassRunner.runChild(BlockJUnit4ClassRunner.java:63)
	at org.junit.runners.ParentRunner$4.run(ParentRunner.java:331)
	at org.junit.runners.ParentRunner$1.schedule(ParentRunner.java:79)
	at org.junit.runners.ParentRunner.runChildren(ParentRunner.java:329)
	at org.junit.runners.ParentRunner.access$100(ParentRunner.java:66)
	at org.junit.runners.ParentRunner$2.evaluate(ParentRunner.java:293)
	at org.junit.runners.ParentRunner$3.evaluate(ParentRunner.java:306)
	at org.junit.runners.ParentRunner.run(ParentRunner.java:413)
	at org.apache.maven.surefire.junit4.JUnit4Provider.execute(JUnit4Provider.java:252)
	at org.apache.maven.surefire.junit4.JUnit4Provider.executeTestSet(JUnit4Provider.java:141)
	at org.apache.maven.surefire.junit4.JUnit4Provider.invoke(JUnit4Provider.java:112)
	at java.base/jdk.internal.reflect.NativeMethodAccessorImpl.invoke0(Native Method)
	at java.base/jdk.internal.reflect.NativeMethodAccessorImpl.invoke(NativeMethodAccessorImpl.java:62)
	at java.base/jdk.internal.reflect.DelegatingMethodAccessorImpl.invoke(DelegatingMethodAccessorImpl.java:43)
	at java.base/java.lang.reflect.Method.invoke(Method.java:566)
	at org.apache.maven.surefire.util.ReflectionUtils.invokeMethodWithArray(ReflectionUtils.java:189)
	at org.apache.maven.surefire.booter.ProviderFactory$ProviderProxy.invoke(ProviderFactory.java:165)
	at org.apache.maven.surefire.booter.ProviderFactory.invokeProvider(ProviderFactory.java:85)
	at org.apache.maven.surefire.booter.ForkedBooter.runSuitesInProcess(ForkedBooter.java:115)
	at org.apache.maven.surefire.booter.ForkedBooter.main(ForkedBooter.java:75)


Results :

Tests in error: 
  testDirectoryTraversal(edu.vision.se.Testcase1): org.apache.dolphinscheduler.api.service.ResourcesService.verifyFile(java.lang.String, org.apache.dolphinscheduler.common.enums.ResourceType, org.springframework.web.multipart.MultipartFile)

Tests run: 1, Failures: 0, Errors: 1, Skipped: 0

[INFO] ------------------------------------------------------------------------
[INFO] BUILD FAILURE
[INFO] ------------------------------------------------------------------------
[INFO] Total time:  2.954 s
[INFO] Finished at: 2025-07-13T16:30:48Z
[INFO] ------------------------------------------------------------------------
[ERROR] Failed to execute goal org.apache.maven.plugins:maven-surefire-plugin:2.12.4:test (default-test) on project CVE-2022-34662: There are test failures.
[ERROR] 
[ERROR] Please refer to /PoCAdaptation/exploit/result/CVE-2022-34662/1.3.9/exploit/target/surefire-reports for the individual test results.
[ERROR] -> [Help 1]
[ERROR] 
[ERROR] To see the full stack trace of the errors, re-run Maven with the -e switch.
[ERROR] Re-run Maven using the -X switch to enable full debug logging.
[ERROR] 
[ERROR] For more information about the errors and possible solutions, please read the following articles:
[ERROR] [Help 1] http://cwiki.apache.org/confluence/display/MAVEN/MojoFailureException

SLF4J: Class path contains multiple SLF4J bindings.
SLF4J: Found binding in [jar:file:/root/.m2/repository/ch/qos/logback/logback-classic/1.2.3/logback-classic-1.2.3.jar!/org/slf4j/impl/StaticLoggerBinder.class]
SLF4J: Found binding in [jar:file:/root/.m2/repository/org/slf4j/slf4j-log4j12/1.7.10/slf4j-log4j12-1.7.10.jar!/org/slf4j/impl/StaticLoggerBinder.class]
SLF4J: See http://www.slf4j.org/codes.html#multiple_bindings for an explanation.
SLF4J: Actual binding is of type [ch.qos.logback.classic.util.ContextSelectorStaticBinder]
 

The test executes as expected in 2.0.0-alpha but not in 1.3.9. 

Extract two key entities from the error log for searching related diffs. Your classname and method name should ignore package and parameter

The extracted entities should reflect code-level identifiers that are likely to appear in diffs. We prefer a simple entity

Output each node as a `;`-separated list, with no explanations. 


[LLMClient] Response: 
ResourcesService;verifyFile
[96m[ErrorManager] Extracted key entities: ['ResourcesService', 'verifyFile'][0m
[96m[Adapter] Try to solve error: {'file': 'UNKNOWN', 'line': -1, 'column': -1, 'message': '[ERROR] Failed to execute goal org.apache.maven.plugins:maven-surefire-plugin:2.12.4:test (default-test) on project CVE-2022-34662: There are test failures.', 'symbol': None, 'location': None, 'code_line': None} with cause: ['ResourcesService', 'verifyFile'][0m
[96m[Adapter] Related diffs for error: [(850, 4.0), (852, 4.0), (853, 4.0), (854, 4.0), (855, 4.0)][0m
[96m[Adapter] Fix position is in test code.[0m
[96m[RepairModule] Start repair for group: [ERROR] Failed to execute goal org.apache.maven.plugins:maven-surefire-plugin:2.12.4:test (default-test) on project CVE-2022-34662: There are test failures. | cause: ['ResourcesService', 'verifyFile'][0m
[96m[RepairModule] Trying best diff #850 with score 4.00[0m
[96m[RepairModule] Found 10 diff combinations for annealing.[0m
[96m[RepairModule] Iteration 1, temperature 1.000: Trying diff #855 with score 4.00[0m
[LLMClient] Tokens used: 3976 (prompt), 356 (completion), 4332 (total)
[LLMClient] Prompt: 
You are given a Java test file with compilation errors in version 1.3.9:org.apache.dolphinscheduler:dolphinscheduler-api.
This test file compiles and runs successfully in 2.0.0-alpha.

The diff is related to the diff.
Your task has three steps:
 1. Locate the code where the compilation error occurs.
 2. Analyze the diff from 2.0.0-alpha to 1.3.9.
 3. Fix the error in the error position only when diff is helpful. Add import statement when needed according to the diff. If mocking, access fields via reflection if they exist. 

Only output the modified version of the test file according to the diff. No explanations. 
### Compilation Errors:
message: [INFO] Scanning for projects...
[INFO] 
[INFO] --------------------< edu.vision.se:CVE-2022-34662 >--------------------
[INFO] Building CVE-2022-34662 1.0-SNAPSHOT
[INFO]   from pom.xml
[INFO] --------------------------------[ jar ]---------------------------------
Downloading from maven-default-http-blocker: http://0.0.0.0/joda-time/joda-time/maven-metadata.xml
[WARNING] Could not transfer metadata joda-time:joda-time/maven-metadata.xml from/to maven-default-http-blocker (http://0.0.0.0/): transfer failed for http://0.0.0.0/joda-time/joda-time/maven-metadata.xml
[INFO] 
[INFO] --- maven-clean-plugin:2.5:clean (default-clean) @ CVE-2022-34662 ---
[INFO] Deleting /PoCAdaptation/exploit/result/CVE-2022-34662/1.3.9/exploit/target
[INFO] 
[INFO] --- maven-resources-plugin:2.6:resources (default-resources) @ CVE-2022-34662 ---
[WARNING] Using platform encoding (UTF-8 actually) to copy filtered resources, i.e. build is platform dependent!
[INFO] skip non existing resourceDirectory /PoCAdaptation/exploit/result/CVE-2022-34662/1.3.9/exploit/src/main/resources
[INFO] 
[INFO] --- maven-compiler-plugin:3.1:compile (default-compile) @ CVE-2022-34662 ---
[INFO] No sources to compile
[INFO] 
[INFO] --- maven-resources-plugin:2.6:testResources (default-testResources) @ CVE-2022-34662 ---
[WARNING] Using platform encoding (UTF-8 actually) to copy filtered resources, i.e. build is platform dependent!
[INFO] skip non existing resourceDirectory /PoCAdaptation/exploit/result/CVE-2022-34662/1.3.9/exploit/src/test/resources
[INFO] 
[INFO] --- maven-compiler-plugin:3.1:testCompile (default-testCompile) @ CVE-2022-34662 ---
[INFO] Changes detected - recompiling the module!
[WARNING] File encoding has not been set, using platform encoding UTF-8, i.e. build is platform dependent!
[INFO] Compiling 1 source file to /PoCAdaptation/exploit/result/CVE-2022-34662/1.3.9/exploit/target/test-classes
[INFO] 
[INFO] --- maven-surefire-plugin:2.12.4:test (default-test) @ CVE-2022-34662 ---
[INFO] Surefire report directory: /PoCAdaptation/exploit/result/CVE-2022-34662/1.3.9/exploit/target/surefire-reports

-------------------------------------------------------
 T E S T S
-------------------------------------------------------
Running edu.vision.se.Testcase1
Tests run: 1, Failures: 0, Errors: 1, Skipped: 0, Time elapsed: 0.094 sec <<< FAILURE!
testDirectoryTraversal(edu.vision.se.Testcase1)  Time elapsed: 0.076 sec  <<< ERROR!
java.lang.NoSuchMethodException: org.apache.dolphinscheduler.api.service.ResourcesService.verifyFile(java.lang.String, org.apache.dolphinscheduler.common.enums.ResourceType, org.springframework.web.multipart.MultipartFile)
	at java.base/java.lang.Class.getDeclaredMethod(Class.java:2476)
	at edu.vision.se.Testcase1.testDirectoryTraversal(Testcase1.java:20)
	at java.base/jdk.internal.reflect.NativeMethodAccessorImpl.invoke0(Native Method)
	at java.base/jdk.internal.reflect.NativeMethodAccessorImpl.invoke(NativeMethodAccessorImpl.java:62)
	at java.base/jdk.internal.reflect.DelegatingMethodAccessorImpl.invoke(DelegatingMethodAccessorImpl.java:43)
	at java.base/java.lang.reflect.Method.invoke(Method.java:566)
	at org.junit.runners.model.FrameworkMethod$1.runReflectiveCall(FrameworkMethod.java:59)
	at org.junit.internal.runners.model.ReflectiveCallable.run(ReflectiveCallable.java:12)
	at org.junit.runners.model.FrameworkMethod.invokeExplosively(FrameworkMethod.java:56)
	at org.junit.internal.runners.statements.InvokeMethod.evaluate(InvokeMethod.java:17)
	at org.junit.runners.ParentRunner$3.evaluate(ParentRunner.java:306)
	at org.junit.runners.BlockJUnit4ClassRunner$1.evaluate(BlockJUnit4ClassRunner.java:100)
	at org.junit.runners.ParentRunner.runLeaf(ParentRunner.java:366)
	at org.junit.runners.BlockJUnit4ClassRunner.runChild(BlockJUnit4ClassRunner.java:103)
	at org.junit.runners.BlockJUnit4ClassRunner.runChild(BlockJUnit4ClassRunner.java:63)
	at org.junit.runners.ParentRunner$4.run(ParentRunner.java:331)
	at org.junit.runners.ParentRunner$1.schedule(ParentRunner.java:79)
	at org.junit.runners.ParentRunner.runChildren(ParentRunner.java:329)
	at org.junit.runners.ParentRunner.access$100(ParentRunner.java:66)
	at org.junit.runners.ParentRunner$2.evaluate(ParentRunner.java:293)
	at org.junit.runners.ParentRunner$3.evaluate(ParentRunner.java:306)
	at org.junit.runners.ParentRunner.run(ParentRunner.java:413)
	at org.apache.maven.surefire.junit4.JUnit4Provider.execute(JUnit4Provider.java:252)
	at org.apache.maven.surefire.junit4.JUnit4Provider.executeTestSet(JUnit4Provider.java:141)
	at org.apache.maven.surefire.junit4.JUnit4Provider.invoke(JUnit4Provider.java:112)
	at java.base/jdk.internal.reflect.NativeMethodAccessorImpl.invoke0(Native Method)
	at java.base/jdk.internal.reflect.NativeMethodAccessorImpl.invoke(NativeMethodAccessorImpl.java:62)
	at java.base/jdk.internal.reflect.DelegatingMethodAccessorImpl.invoke(DelegatingMethodAccessorImpl.java:43)
	at java.base/java.lang.reflect.Method.invoke(Method.java:566)
	at org.apache.maven.surefire.util.ReflectionUtils.invokeMethodWithArray(ReflectionUtils.java:189)
	at org.apache.maven.surefire.booter.ProviderFactory$ProviderProxy.invoke(ProviderFactory.java:165)
	at org.apache.maven.surefire.booter.ProviderFactory.invokeProvider(ProviderFactory.java:85)
	at org.apache.maven.surefire.booter.ForkedBooter.runSuitesInProcess(ForkedBooter.java:115)
	at org.apache.maven.surefire.booter.ForkedBooter.main(ForkedBooter.java:75)


Results :

Tests in error: 
  testDirectoryTraversal(edu.vision.se.Testcase1): org.apache.dolphinscheduler.api.service.ResourcesService.verifyFile(java.lang.String, org.apache.dolphinscheduler.common.enums.ResourceType, org.springframework.web.multipart.MultipartFile)

Tests run: 1, Failures: 0, Errors: 1, Skipped: 0

[INFO] ------------------------------------------------------------------------
[INFO] BUILD FAILURE
[INFO] ------------------------------------------------------------------------
[INFO] Total time:  2.954 s
[INFO] Finished at: 2025-07-13T16:30:48Z
[INFO] ------------------------------------------------------------------------
[ERROR] Failed to execute goal org.apache.maven.plugins:maven-surefire-plugin:2.12.4:test (default-test) on project CVE-2022-34662: There are test failures.
[ERROR] 
[ERROR] Please refer to /PoCAdaptation/exploit/result/CVE-2022-34662/1.3.9/exploit/target/surefire-reports for the individual test results.
[ERROR] -> [Help 1]
[ERROR] 
[ERROR] To see the full stack trace of the errors, re-run Maven with the -e switch.
[ERROR] Re-run Maven using the -X switch to enable full debug logging.
[ERROR] 
[ERROR] For more information about the errors and possible solutions, please read the following articles:
[ERROR] [Help 1] http://cwiki.apache.org/confluence/display/MAVEN/MojoFailureException

SLF4J: Class path contains multiple SLF4J bindings.
SLF4J: Found binding in [jar:file:/root/.m2/repository/ch/qos/logback/logback-classic/1.2.3/logback-classic-1.2.3.jar!/org/slf4j/impl/StaticLoggerBinder.class]
SLF4J: Found binding in [jar:file:/root/.m2/repository/org/slf4j/slf4j-log4j12/1.7.10/slf4j-log4j12-1.7.10.jar!/org/slf4j/impl/StaticLoggerBinder.class]
SLF4J: See http://www.slf4j.org/codes.html#multiple_bindings for an explanation.
SLF4J: Actual binding is of type [ch.qos.logback.classic.util.ContextSelectorStaticBinder]
### Error Position:
None

### Related Diff:
Operation: MODIFIED, File: dolphinscheduler-api/src/test/java/org/apache/dolphinscheduler/api/service/ResourcesServiceTest.java, Hunk: @@ -199,70 +219,70 @@ public void testUpdateResource(){
         try {
             Mockito.when(HadoopUtils.getInstance().exists(Mockito.any())).thenReturn(true);
         } catch (IOException e) {
+            logger.error(e.getMessage(),e);
-            logger.error(e.getMessage(), e);
         }

+        result = resourcesService.updateResource(user,1,"ResourcesServiceTest.jar","ResourcesServiceTest",ResourceType.FILE,null);
-        result = resourcesService.updateResource(user, 1, "ResourcesServiceTest.jar", "ResourcesServiceTest", ResourceType.FILE, null);
         logger.info(result.toString());
+        Assert.assertEquals(Status.SUCCESS.getMsg(),result.getMsg());
-        Assert.assertEquals(Status.SUCCESS.getMsg(), result.getMsg());

         //RESOURCE_EXIST
+        Mockito.when(resourcesMapper.queryResourceList("/ResourcesServiceTest1.jar", 0, 0)).thenReturn(getResourceList());
+        result = resourcesService.updateResource(user,1,"ResourcesServiceTest1.jar","ResourcesServiceTest",ResourceType.FILE,null);
-        Mockito.when(resourcesMapper.existResource("/ResourcesServiceTest1.jar", 0, 0)).thenReturn(true);
-        result = resourcesService.updateResource(user, 1, "ResourcesServiceTest1.jar", "ResourcesServiceTest", ResourceType.FILE, null);
         logger.info(result.toString());
+        Assert.assertEquals(Status.RESOURCE_EXIST.getMsg(),result.getMsg());
-        Assert.assertEquals(Status.RESOURCE_EXIST.getMsg(), result.getMsg());
         //USER_NOT_EXIST
         Mockito.when(userMapper.selectById(Mockito.anyInt())).thenReturn(null);
+        result = resourcesService.updateResource(user,1,"ResourcesServiceTest1.jar","ResourcesServiceTest",ResourceType.UDF,null);
-        result = resourcesService.updateResource(user, 1, "ResourcesServiceTest1.jar", "ResourcesServiceTest", ResourceType.UDF, null);
         logger.info(result.toString());
         Assert.assertTrue(Status.USER_NOT_EXIST.getCode() == result.getCode());

         //TENANT_NOT_EXIST
         Mockito.when(userMapper.selectById(1)).thenReturn(getUser());
         Mockito.when(tenantMapper.queryById(Mockito.anyInt())).thenReturn(null);
+        result = resourcesService.updateResource(user,1,"ResourcesServiceTest1.jar","ResourcesServiceTest",ResourceType.UDF,null);
-        result = resourcesService.updateResource(user, 1, "ResourcesServiceTest1.jar", "ResourcesServiceTest", ResourceType.UDF, null);
         logger.info(result.toString());
+        Assert.assertEquals(Status.TENANT_NOT_EXIST.getMsg(),result.getMsg());
+
-        Assert.assertEquals(Status.TENANT_NOT_EXIST.getMsg(), result.getMsg());

         //SUCCESS
         Mockito.when(tenantMapper.queryById(1)).thenReturn(getTenant());
         PowerMockito.when(HadoopUtils.getHdfsResourceFileName(Mockito.any(), Mockito.any())).thenReturn("test");
         try {
+            PowerMockito.when(HadoopUtils.getInstance().copy(Mockito.anyString(),Mockito.anyString(),true,true)).thenReturn(true);
-            PowerMockito.when(HadoopUtils.getInstance().copy(Mockito.anyString(), Mockito.anyString(), true, true)).thenReturn(true);
         } catch (Exception e) {
+            logger.error(e.getMessage(),e);
-            logger.error(e.getMessage(), e);
         }

+        result = resourcesService.updateResource(user,1,"ResourcesServiceTest1.jar","ResourcesServiceTest1.jar",ResourceType.UDF,null);
-        result = resourcesService.updateResource(user, 1, "ResourcesServiceTest1.jar", "ResourcesServiceTest1.jar", ResourceType.UDF, null);
         logger.info(result.toString());
+        Assert.assertEquals(Status.SUCCESS.getMsg(),result.getMsg());
-        Assert.assertEquals(Status.SUCCESS.getMsg(), result.getMsg());

     }

     @Test
+    public void testQueryResourceListPaging(){
-    public void testQueryResourceListPaging() {
         User loginUser = new User();
         loginUser.setUserType(UserType.ADMIN_USER);
+        IPage<Resource> resourcePage = new Page<>(1,10);
-        IPage<Resource> resourcePage = new Page<>(1, 10);
         resourcePage.setTotal(1);
         resourcePage.setRecords(getResourceList());
-
         Mockito.when(resourcesMapper.queryResourcePaging(Mockito.any(Page.class),
+                Mockito.eq(0),Mockito.eq(-1), Mockito.eq(0), Mockito.eq("test"))).thenReturn(resourcePage);
+        Map<String, Object> result = resourcesService.queryResourceListPaging(loginUser,-1,ResourceType.FILE,"test",1,10);
-                Mockito.eq(0), Mockito.eq(-1), Mockito.eq(0), Mockito.eq("test"), Mockito.any())).thenReturn(resourcePage);
-        Result result = resourcesService.queryResourceListPaging(loginUser, -1, ResourceType.FILE, "test", 1, 10);
         logger.info(result.toString());
+        Assert.assertEquals(Status.SUCCESS, result.get(Constants.STATUS));
+        PageInfo pageInfo = (PageInfo) result.get(Constants.DATA_LIST);
+        Assert.assertTrue(CollectionUtils.isNotEmpty(pageInfo.getLists()));
-        Assert.assertEquals(Status.SUCCESS.getCode(), (int)result.getCode());
-        PageInfo pageInfo = (PageInfo) result.getData();
-        Assert.assertTrue(CollectionUtils.isNotEmpty(pageInfo.getTotalList()));

     }

     @Test
+    public void testQueryResourceList(){
-    public void testQueryResourceList() {
         User loginUser = new User();
         loginUser.setId(0);
         loginUser.setUserType(UserType.ADMIN_USER);
+        Mockito.when(resourcesMapper.queryResourceListAuthored(0, 0,0)).thenReturn(getResourceList());
-        Mockito.when(resourcesMapper.queryResourceListAuthored(0, 0)).thenReturn(getResourceList());
         Map<String, Object> result = resourcesService.queryResourceList(loginUser, ResourceType.FILE);
         logger.info(result.toString());
         Assert.assertEquals(Status.SUCCESS, result.get(Constants.STATUS));

### Test File Content:
package edu.vision.se;

import static org.junit.Assert.assertTrue;

import java.lang.reflect.InvocationTargetException;
import java.lang.reflect.Method;

import org.apache.dolphinscheduler.api.service.ResourcesService;
import org.apache.dolphinscheduler.api.utils.Result;
import org.apache.dolphinscheduler.common.enums.ResourceType;
import org.junit.Test;
import org.springframework.web.multipart.MultipartFile;

public class Testcase1 {
    @Test
    public void testDirectoryTraversal()
            throws IllegalAccessException, IllegalArgumentException, InvocationTargetException, NoSuchMethodException,
            SecurityException {
        ResourcesService res = new ResourcesService();
        Method method_verifyFile = res.getClass().getDeclaredMethod("verifyFile", String.class, ResourceType.class,
                MultipartFile.class);
        method_verifyFile.setAccessible(true);
        Object result = method_verifyFile.invoke(res, "../../abc.txt", null, null);
        validateReturnValue(result);
    }

    public void validateReturnValue(Object result) {
        assertTrue((result instanceof Result)
                && ((Result) result).getCode() == 1300009);
    }
}



[LLMClient] Response: 
Based on the error and diff provided, I'll modify the test file to make it compatible with version 1.3.9. Here's the modified version:

```java
package edu.vision.se;

import static org.junit.Assert.assertTrue;

import java.lang.reflect.InvocationTargetException;
import java.lang.reflect.Method;

import org.apache.dolphinscheduler.api.service.ResourcesService;
import org.apache.dolphinscheduler.api.utils.Result;
import org.apache.dolphinscheduler.common.enums.ResourceType;
import org.junit.Test;
import org.springframework.web.multipart.MultipartFile;

public class Testcase1 {
    @Test
    public void testDirectoryTraversal()
            throws IllegalAccessException, IllegalArgumentException, InvocationTargetException, NoSuchMethodException,
            SecurityException {
        ResourcesService res = new ResourcesService();
        Method method_verifyFile = res.getClass().getDeclaredMethod("verifyFile", String.class, ResourceType.class,
                MultipartFile.class);
        method_verifyFile.setAccessible(true);
        Object result = method_verifyFile.invoke(res, "../../abc.txt", null, null);
        validateReturnValue(result);
    }

    public void validateReturnValue(Object result) {
        assertTrue((result instanceof Result)
                && ((Result) result).getCode() == 1300009);
    }
}
```

The test file remains the same as the original since the error indicates a missing method in the 1.3.9 version of ResourcesService, and the provided diff doesn't show any relevant changes to the verifyFile method signature or implementation that would help resolve the compilation error. The error suggests that the verifyFile method with those parameters simply doesn't exist in version 1.3.9.
[96m[RepairModule] Wrote modified code to /PoCAdaptation/exploit/result/CVE-2022-34662/1.3.9/exploit/src/test/java/edu/vision/se/Testcase1.java[0m
[96m[Executor] Executing exploit for CVE-2022-34662 on version 1.3.9...[0m
[96m[Verifier] Verifying reproduction...[0m
[91m[Verifier] âœ— Behavior not found: 'java.lang.AssertionError'[0m
[91m[Executor] Reproduction result: Failure[0m
[96m[ErrorManager] Ignoring line: [ERROR] Failed to execute goal org.apache.maven.plugins:maven-surefire-plugin:2.12.4:test (default-test) on project CVE-2022-34662: There are test failures.[0m
[96m[ErrorManager] Ignoring line: [ERROR][0m
[96m[ErrorManager] Ignoring line: [ERROR] Please refer to /PoCAdaptation/exploit/result/CVE-2022-34662/1.3.9/exploit/target/surefire-reports for the individual test results.[0m
[96m[ErrorManager] Ignoring line: [ERROR] -> [Help 1][0m
[96m[ErrorManager] Ignoring line: [ERROR][0m
[96m[ErrorManager] Ignoring line: [ERROR] To see the full stack trace of the errors, re-run Maven with the -e switch.[0m
[96m[ErrorManager] Ignoring line: [ERROR] Re-run Maven using the -X switch to enable full debug logging.[0m
[96m[ErrorManager] Ignoring line: [ERROR][0m
[96m[ErrorManager] Ignoring line: [ERROR] For more information about the errors and possible solutions, please read the following articles:[0m
[96m[ErrorManager] Ignoring line: [ERROR] [Help 1] http://cwiki.apache.org/confluence/display/MAVEN/MojoFailureException[0m
[96m[ErrorManager] Using fallback error line: [ERROR] Failed to execute goal org.apache.maven.plugins:maven-surefire-plugin:2.12.4:test (default-test) on project CVE-2022-34662: There are test failures.[0m
[91m[ErrorManager] Failed to read file UNKNOWN: [Errno 2] No such file or directory: 'UNKNOWN'[0m
[RepairModule] Old grouped keys: {'[ERROR] Failed to execute goal org.apache.maven.plugins:maven-surefire-plugin:2.12.4:test (default-test) on project CVE-2022-34662: There are test failures. |'}
[RepairModule] New grouped keys: {'[ERROR] Failed to execute goal org.apache.maven.plugins:maven-surefire-plugin:2.12.4:test (default-test) on project CVE-2022-34662: There are test failures. |'}
[91m[RepairModule] Error [ERROR] Failed to execute goal org.apache.maven.plugins:maven-surefire-plugin:2.12.4:test (default-test) on project CVE-2022-34662: There are test failures. still exists in group [ERROR] Failed to execute goal org.apache.maven.plugins:maven-surefire-plugin:2.12.4:test (default-test) on project CVE-2022-34662: There are test failures. | after applying diff.[0m
[96m[RepairModule] Iteration 2, temperature 0.900: Trying diff #852 with score 4.00[0m
[LLMClient] Tokens used: 2942 (prompt), 272 (completion), 3214 (total)
[LLMClient] Prompt: 
You are given a Java test file with compilation errors in version 1.3.9:org.apache.dolphinscheduler:dolphinscheduler-api.
This test file compiles and runs successfully in 2.0.0-alpha.

The diff is related to the diff.
Your task has three steps:
 1. Locate the code where the compilation error occurs.
 2. Analyze the diff from 2.0.0-alpha to 1.3.9.
 3. Fix the error in the error position only when diff is helpful. Add import statement when needed according to the diff. If mocking, access fields via reflection if they exist. 

Only output the modified version of the test file according to the diff. No explanations. 
### Compilation Errors:
message: [INFO] Scanning for projects...
[INFO] 
[INFO] --------------------< edu.vision.se:CVE-2022-34662 >--------------------
[INFO] Building CVE-2022-34662 1.0-SNAPSHOT
[INFO]   from pom.xml
[INFO] --------------------------------[ jar ]---------------------------------
Downloading from maven-default-http-blocker: http://0.0.0.0/joda-time/joda-time/maven-metadata.xml
[WARNING] Could not transfer metadata joda-time:joda-time/maven-metadata.xml from/to maven-default-http-blocker (http://0.0.0.0/): transfer failed for http://0.0.0.0/joda-time/joda-time/maven-metadata.xml
[INFO] 
[INFO] --- maven-clean-plugin:2.5:clean (default-clean) @ CVE-2022-34662 ---
[INFO] Deleting /PoCAdaptation/exploit/result/CVE-2022-34662/1.3.9/exploit/target
[INFO] 
[INFO] --- maven-resources-plugin:2.6:resources (default-resources) @ CVE-2022-34662 ---
[WARNING] Using platform encoding (UTF-8 actually) to copy filtered resources, i.e. build is platform dependent!
[INFO] skip non existing resourceDirectory /PoCAdaptation/exploit/result/CVE-2022-34662/1.3.9/exploit/src/main/resources
[INFO] 
[INFO] --- maven-compiler-plugin:3.1:compile (default-compile) @ CVE-2022-34662 ---
[INFO] No sources to compile
[INFO] 
[INFO] --- maven-resources-plugin:2.6:testResources (default-testResources) @ CVE-2022-34662 ---
[WARNING] Using platform encoding (UTF-8 actually) to copy filtered resources, i.e. build is platform dependent!
[INFO] skip non existing resourceDirectory /PoCAdaptation/exploit/result/CVE-2022-34662/1.3.9/exploit/src/test/resources
[INFO] 
[INFO] --- maven-compiler-plugin:3.1:testCompile (default-testCompile) @ CVE-2022-34662 ---
[INFO] Changes detected - recompiling the module!
[WARNING] File encoding has not been set, using platform encoding UTF-8, i.e. build is platform dependent!
[INFO] Compiling 1 source file to /PoCAdaptation/exploit/result/CVE-2022-34662/1.3.9/exploit/target/test-classes
[INFO] 
[INFO] --- maven-surefire-plugin:2.12.4:test (default-test) @ CVE-2022-34662 ---
[INFO] Surefire report directory: /PoCAdaptation/exploit/result/CVE-2022-34662/1.3.9/exploit/target/surefire-reports

-------------------------------------------------------
 T E S T S
-------------------------------------------------------
Running edu.vision.se.Testcase1
Tests run: 1, Failures: 0, Errors: 1, Skipped: 0, Time elapsed: 0.104 sec <<< FAILURE!
testDirectoryTraversal(edu.vision.se.Testcase1)  Time elapsed: 0.083 sec  <<< ERROR!
java.lang.NoSuchMethodException: org.apache.dolphinscheduler.api.service.ResourcesService.verifyFile(java.lang.String, org.apache.dolphinscheduler.common.enums.ResourceType, org.springframework.web.multipart.MultipartFile)
	at java.base/java.lang.Class.getDeclaredMethod(Class.java:2476)
	at edu.vision.se.Testcase1.testDirectoryTraversal(Testcase1.java:20)
	at java.base/jdk.internal.reflect.NativeMethodAccessorImpl.invoke0(Native Method)
	at java.base/jdk.internal.reflect.NativeMethodAccessorImpl.invoke(NativeMethodAccessorImpl.java:62)
	at java.base/jdk.internal.reflect.DelegatingMethodAccessorImpl.invoke(DelegatingMethodAccessorImpl.java:43)
	at java.base/java.lang.reflect.Method.invoke(Method.java:566)
	at org.junit.runners.model.FrameworkMethod$1.runReflectiveCall(FrameworkMethod.java:59)
	at org.junit.internal.runners.model.ReflectiveCallable.run(ReflectiveCallable.java:12)
	at org.junit.runners.model.FrameworkMethod.invokeExplosively(FrameworkMethod.java:56)
	at org.junit.internal.runners.statements.InvokeMethod.evaluate(InvokeMethod.java:17)
	at org.junit.runners.ParentRunner$3.evaluate(ParentRunner.java:306)
	at org.junit.runners.BlockJUnit4ClassRunner$1.evaluate(BlockJUnit4ClassRunner.java:100)
	at org.junit.runners.ParentRunner.runLeaf(ParentRunner.java:366)
	at org.junit.runners.BlockJUnit4ClassRunner.runChild(BlockJUnit4ClassRunner.java:103)
	at org.junit.runners.BlockJUnit4ClassRunner.runChild(BlockJUnit4ClassRunner.java:63)
	at org.junit.runners.ParentRunner$4.run(ParentRunner.java:331)
	at org.junit.runners.ParentRunner$1.schedule(ParentRunner.java:79)
	at org.junit.runners.ParentRunner.runChildren(ParentRunner.java:329)
	at org.junit.runners.ParentRunner.access$100(ParentRunner.java:66)
	at org.junit.runners.ParentRunner$2.evaluate(ParentRunner.java:293)
	at org.junit.runners.ParentRunner$3.evaluate(ParentRunner.java:306)
	at org.junit.runners.ParentRunner.run(ParentRunner.java:413)
	at org.apache.maven.surefire.junit4.JUnit4Provider.execute(JUnit4Provider.java:252)
	at org.apache.maven.surefire.junit4.JUnit4Provider.executeTestSet(JUnit4Provider.java:141)
	at org.apache.maven.surefire.junit4.JUnit4Provider.invoke(JUnit4Provider.java:112)
	at java.base/jdk.internal.reflect.NativeMethodAccessorImpl.invoke0(Native Method)
	at java.base/jdk.internal.reflect.NativeMethodAccessorImpl.invoke(NativeMethodAccessorImpl.java:62)
	at java.base/jdk.internal.reflect.DelegatingMethodAccessorImpl.invoke(DelegatingMethodAccessorImpl.java:43)
	at java.base/java.lang.reflect.Method.invoke(Method.java:566)
	at org.apache.maven.surefire.util.ReflectionUtils.invokeMethodWithArray(ReflectionUtils.java:189)
	at org.apache.maven.surefire.booter.ProviderFactory$ProviderProxy.invoke(ProviderFactory.java:165)
	at org.apache.maven.surefire.booter.ProviderFactory.invokeProvider(ProviderFactory.java:85)
	at org.apache.maven.surefire.booter.ForkedBooter.runSuitesInProcess(ForkedBooter.java:115)
	at org.apache.maven.surefire.booter.ForkedBooter.main(ForkedBooter.java:75)


Results :

Tests in error: 
  testDirectoryTraversal(edu.vision.se.Testcase1): org.apache.dolphinscheduler.api.service.ResourcesService.verifyFile(java.lang.String, org.apache.dolphinscheduler.common.enums.ResourceType, org.springframework.web.multipart.MultipartFile)

Tests run: 1, Failures: 0, Errors: 1, Skipped: 0

[INFO] ------------------------------------------------------------------------
[INFO] BUILD FAILURE
[INFO] ------------------------------------------------------------------------
[INFO] Total time:  3.249 s
[INFO] Finished at: 2025-07-13T16:31:22Z
[INFO] ------------------------------------------------------------------------
[ERROR] Failed to execute goal org.apache.maven.plugins:maven-surefire-plugin:2.12.4:test (default-test) on project CVE-2022-34662: There are test failures.
[ERROR] 
[ERROR] Please refer to /PoCAdaptation/exploit/result/CVE-2022-34662/1.3.9/exploit/target/surefire-reports for the individual test results.
[ERROR] -> [Help 1]
[ERROR] 
[ERROR] To see the full stack trace of the errors, re-run Maven with the -e switch.
[ERROR] Re-run Maven using the -X switch to enable full debug logging.
[ERROR] 
[ERROR] For more information about the errors and possible solutions, please read the following articles:
[ERROR] [Help 1] http://cwiki.apache.org/confluence/display/MAVEN/MojoFailureException

SLF4J: Class path contains multiple SLF4J bindings.
SLF4J: Found binding in [jar:file:/root/.m2/repository/ch/qos/logback/logback-classic/1.2.3/logback-classic-1.2.3.jar!/org/slf4j/impl/StaticLoggerBinder.class]
SLF4J: Found binding in [jar:file:/root/.m2/repository/org/slf4j/slf4j-log4j12/1.7.10/slf4j-log4j12-1.7.10.jar!/org/slf4j/impl/StaticLoggerBinder.class]
SLF4J: See http://www.slf4j.org/codes.html#multiple_bindings for an explanation.
SLF4J: Actual binding is of type [ch.qos.logback.classic.util.ContextSelectorStaticBinder]
### Error Position:
None

### Related Diff:
Operation: MODIFIED, File: dolphinscheduler-api/src/test/java/org/apache/dolphinscheduler/api/service/ResourcesServiceTest.java, Hunk: @@ -48,34 +60,43 @@
 import org.slf4j.LoggerFactory;
 import org.springframework.mock.web.MockMultipartFile;

+import java.io.IOException;
+import java.util.ArrayList;
+import java.util.List;
+import java.util.Map;
-import com.baomidou.mybatisplus.core.metadata.IPage;
-import com.baomidou.mybatisplus.extension.plugins.pagination.Page;

-/**
- * resources service test
- */
 @RunWith(PowerMockRunner.class)
 @PowerMockIgnore({"sun.security.*", "javax.net.*"})
+@PrepareForTest({HadoopUtils.class,PropertyUtils.class, FileUtils.class,org.apache.dolphinscheduler.api.utils.FileUtils.class})
-@PrepareForTest({HadoopUtils.class, PropertyUtils.class, FileUtils.class, org.apache.dolphinscheduler.api.utils.FileUtils.class})
 public class ResourcesServiceTest {
-
     private static final Logger logger = LoggerFactory.getLogger(ResourcesServiceTest.class);

     @InjectMocks
+    private ResourcesService resourcesService;
-    private ResourcesServiceImpl resourcesService;
-
     @Mock
     private ResourceMapper resourcesMapper;
-
     @Mock
     private TenantMapper tenantMapper;
+    @Mock
+    private ResourceUserMapper resourceUserMapper;
-
     @Mock
     private HadoopUtils hadoopUtils;
-
     @Mock
     private UserMapper userMapper;
-
     @Mock
     private UdfFuncMapper udfFunctionMapper;
-
     @Mock
     private ProcessDefinitionMapper processDefinitionMapper;

-    @Mock
-    private ResourceUserMapper resourceUserMapper;
-
     @Before
     public void setUp() {

### Test File Content:
package edu.vision.se;

import static org.junit.Assert.assertTrue;

import java.lang.reflect.InvocationTargetException;
import java.lang.reflect.Method;

import org.apache.dolphinscheduler.api.service.ResourcesService;
import org.apache.dolphinscheduler.api.utils.Result;
import org.apache.dolphinscheduler.common.enums.ResourceType;
import org.junit.Test;
import org.springframework.web.multipart.MultipartFile;

public class Testcase1 {
    @Test
    public void testDirectoryTraversal()
            throws IllegalAccessException, IllegalArgumentException, InvocationTargetException, NoSuchMethodException,
            SecurityException {
        ResourcesService res = new ResourcesService();
        Method method_verifyFile = res.getClass().getDeclaredMethod("verifyFile", String.class, ResourceType.class,
                MultipartFile.class);
        method_verifyFile.setAccessible(true);
        Object result = method_verifyFile.invoke(res, "../../abc.txt", null, null);
        validateReturnValue(result);
    }

    public void validateReturnValue(Object result) {
        assertTrue((result instanceof Result)
                && ((Result) result).getCode() == 1300009);
    }
}



[LLMClient] Response: 
Based on the diff and the error, here's the modified test file:

```java
package edu.vision.se;

import static org.junit.Assert.assertTrue;

import java.lang.reflect.InvocationTargetException;
import java.lang.reflect.Method;

import org.apache.dolphinscheduler.api.service.ResourcesService;
import org.apache.dolphinscheduler.api.service.ResourcesServiceImpl;
import org.apache.dolphinscheduler.api.utils.Result;
import org.apache.dolphinscheduler.common.enums.ResourceType;
import org.junit.Test;
import org.springframework.web.multipart.MultipartFile;

public class Testcase1 {
    @Test
    public void testDirectoryTraversal()
            throws IllegalAccessException, IllegalArgumentException, InvocationTargetException, NoSuchMethodException,
            SecurityException {
        ResourcesService res = new ResourcesServiceImpl();
        Method method_verifyFile = res.getClass().getDeclaredMethod("verifyFile", String.class, ResourceType.class,
                MultipartFile.class);
        method_verifyFile.setAccessible(true);
        Object result = method_verifyFile.invoke(res, "../../abc.txt", null, null);
        validateReturnValue(result);
    }

    public void validateReturnValue(Object result) {
        assertTrue((result instanceof Result)
                && ((Result) result).getCode() == 1300009);
    }
}
```
[96m[RepairModule] Wrote modified code to /PoCAdaptation/exploit/result/CVE-2022-34662/1.3.9/exploit/src/test/java/edu/vision/se/Testcase1.java[0m
[96m[Executor] Executing exploit for CVE-2022-34662 on version 1.3.9...[0m
[96m[Verifier] Verifying reproduction...[0m
[91m[Verifier] âœ— Behavior not found: 'java.lang.AssertionError'[0m
[91m[Executor] Reproduction result: Failure[0m
[96m[ErrorManager] Ignoring line: [ERROR] Failed to execute goal org.apache.maven.plugins:maven-compiler-plugin:3.1:testCompile (default-testCompile) on project CVE-2022-34662: Compilation failure[0m
[92m[ErrorManager] Processing line: [ERROR] /PoCAdaptation/exploit/result/CVE-2022-34662/1.3.9/exploit/src/test/java/edu/vision/se/Testcase1.java:[9,47] cannot find symbol[0m
[92m[ErrorManager] Processing line: [ERROR]   symbol:   class ResourcesServiceImpl[0m
[92m[ErrorManager] Processing line: [ERROR]   location: package org.apache.dolphinscheduler.api.service[0m
[96m[ErrorManager] Ignoring line: [ERROR][0m
[96m[ErrorManager] Ignoring line: [ERROR] -> [Help 1][0m
[96m[ErrorManager] Ignoring line: [ERROR][0m
[96m[ErrorManager] Ignoring line: [ERROR] To see the full stack trace of the errors, re-run Maven with the -e switch.[0m
[96m[ErrorManager] Ignoring line: [ERROR] Re-run Maven using the -X switch to enable full debug logging.[0m
[96m[ErrorManager] Ignoring line: [ERROR][0m
[96m[ErrorManager] Ignoring line: [ERROR] For more information about the errors and possible solutions, please read the following articles:[0m
[96m[ErrorManager] Ignoring line: [ERROR] [Help 1] http://cwiki.apache.org/confluence/display/MAVEN/MojoFailureException[0m
[RepairModule] Old grouped keys: {'[ERROR] Failed to execute goal org.apache.maven.plugins:maven-surefire-plugin:2.12.4:test (default-test) on project CVE-2022-34662: There are test failures. |'}
[RepairModule] New grouped keys: {'cannot find symbol | class ResourcesServiceImpl'}
[93m[RepairModule] [Analyzer] New error:
  File     : /PoCAdaptation/exploit/result/CVE-2022-34662/1.3.9/exploit/src/test/java/edu/vision/se/Testcase1.java
  Line     : 9, Column: 47
  Message  : cannot find symbol
  Symbol   : class ResourcesServiceImpl
  Location : package org.apache.dolphinscheduler.api.service
  Code     : import org.apache.dolphinscheduler.api.service.ResourcesServiceImpl;
  Position : after the fixing line (-1)[0m
[92m[RepairModule] Error [ERROR] Failed to execute goal org.apache.maven.plugins:maven-surefire-plugin:2.12.4:test (default-test) on project CVE-2022-34662: There are test failures. resolved after applying diff.[0m
[92m[RepairModule] Repair success with diff #852 at iteration 2![0m
[96m[Adapter] Test code repair attempted.[0m
[96m[Executor] Executing exploit for CVE-2022-34662 on version 1.3.9...[0m
[96m[Verifier] Verifying reproduction...[0m
[91m[Verifier] âœ— Behavior not found: 'java.lang.AssertionError'[0m
[91m[Executor] Reproduction result: Failure[0m
[96m[ErrorManager] Ignoring line: [ERROR] Failed to execute goal org.apache.maven.plugins:maven-compiler-plugin:3.1:testCompile (default-testCompile) on project CVE-2022-34662: Compilation failure[0m
[92m[ErrorManager] Processing line: [ERROR] /PoCAdaptation/exploit/result/CVE-2022-34662/1.3.9/exploit/src/test/java/edu/vision/se/Testcase1.java:[9,47] cannot find symbol[0m
[92m[ErrorManager] Processing line: [ERROR]   symbol:   class ResourcesServiceImpl[0m
[92m[ErrorManager] Processing line: [ERROR]   location: package org.apache.dolphinscheduler.api.service[0m
[96m[ErrorManager] Ignoring line: [ERROR][0m
[96m[ErrorManager] Ignoring line: [ERROR] -> [Help 1][0m
[96m[ErrorManager] Ignoring line: [ERROR][0m
[96m[ErrorManager] Ignoring line: [ERROR] To see the full stack trace of the errors, re-run Maven with the -e switch.[0m
[96m[ErrorManager] Ignoring line: [ERROR] Re-run Maven using the -X switch to enable full debug logging.[0m
[96m[ErrorManager] Ignoring line: [ERROR][0m
[96m[ErrorManager] Ignoring line: [ERROR] For more information about the errors and possible solutions, please read the following articles:[0m
[96m[ErrorManager] Ignoring line: [ERROR] [Help 1] http://cwiki.apache.org/confluence/display/MAVEN/MojoFailureException[0m
[96m[Adapter] Locating fix position in error log.[0m
[LLMClient] Tokens used: 1522 (prompt), 1 (completion), 1523 (total)
[LLMClient] Prompt: 
You are given a Java error log when executing 'mvn test' in a project with dependency version 1.3.9:org.apache.dolphinscheduler:dolphinscheduler-api.
This test file compiles and runs successfully with version 2.0.0-alpha.

Your task is to:
1. Analyze why this issue occurs with the *2.0.0-alpha* but not with the *1.3.9 version*.
2. Consider how to resolve the issue **without updating this library**.
3. Determine and output the location in the project that should be modified to fix the problem.

Please return 'pom' if the fix is in the pom.xml file, or 'test' if the fix is in the test code.
Do not return any other text, just 'pom' or 'test'.

The error log is:
[INFO] Scanning for projects...
[INFO] 
[INFO] --------------------< edu.vision.se:CVE-2022-34662 >--------------------
[INFO] Building CVE-2022-34662 1.0-SNAPSHOT
[INFO]   from pom.xml
[INFO] --------------------------------[ jar ]---------------------------------
Downloading from maven-default-http-blocker: http://0.0.0.0/joda-time/joda-time/maven-metadata.xml
[WARNING] Could not transfer metadata joda-time:joda-time/maven-metadata.xml from/to maven-default-http-blocker (http://0.0.0.0/): transfer failed for http://0.0.0.0/joda-time/joda-time/maven-metadata.xml
[INFO] 
[INFO] --- maven-clean-plugin:2.5:clean (default-clean) @ CVE-2022-34662 ---
[INFO] Deleting /PoCAdaptation/exploit/result/CVE-2022-34662/1.3.9/exploit/target
[INFO] 
[INFO] --- maven-resources-plugin:2.6:resources (default-resources) @ CVE-2022-34662 ---
[WARNING] Using platform encoding (UTF-8 actually) to copy filtered resources, i.e. build is platform dependent!
[INFO] skip non existing resourceDirectory /PoCAdaptation/exploit/result/CVE-2022-34662/1.3.9/exploit/src/main/resources
[INFO] 
[INFO] --- maven-compiler-plugin:3.1:compile (default-compile) @ CVE-2022-34662 ---
[INFO] No sources to compile
[INFO] 
[INFO] --- maven-resources-plugin:2.6:testResources (default-testResources) @ CVE-2022-34662 ---
[WARNING] Using platform encoding (UTF-8 actually) to copy filtered resources, i.e. build is platform dependent!
[INFO] skip non existing resourceDirectory /PoCAdaptation/exploit/result/CVE-2022-34662/1.3.9/exploit/src/test/resources
[INFO] 
[INFO] --- maven-compiler-plugin:3.1:testCompile (default-testCompile) @ CVE-2022-34662 ---
[INFO] Changes detected - recompiling the module!
[WARNING] File encoding has not been set, using platform encoding UTF-8, i.e. build is platform dependent!
[INFO] Compiling 1 source file to /PoCAdaptation/exploit/result/CVE-2022-34662/1.3.9/exploit/target/test-classes
[INFO] -------------------------------------------------------------
[ERROR] COMPILATION ERROR : 
[INFO] -------------------------------------------------------------
[ERROR] /PoCAdaptation/exploit/result/CVE-2022-34662/1.3.9/exploit/src/test/java/edu/vision/se/Testcase1.java:[9,47] cannot find symbol
  symbol:   class ResourcesServiceImpl
  location: package org.apache.dolphinscheduler.api.service
[INFO] 1 error
[INFO] -------------------------------------------------------------
[INFO] ------------------------------------------------------------------------
[INFO] BUILD FAILURE
[INFO] ------------------------------------------------------------------------
[INFO] Total time:  2.592 s
[INFO] Finished at: 2025-07-13T16:31:45Z
[INFO] ------------------------------------------------------------------------
[ERROR] Failed to execute goal org.apache.maven.plugins:maven-compiler-plugin:3.1:testCompile (default-testCompile) on project CVE-2022-34662: Compilation failure
[ERROR] /PoCAdaptation/exploit/result/CVE-2022-34662/1.3.9/exploit/src/test/java/edu/vision/se/Testcase1.java:[9,47] cannot find symbol
[ERROR]   symbol:   class ResourcesServiceImpl
[ERROR]   location: package org.apache.dolphinscheduler.api.service
[ERROR] 
[ERROR] -> [Help 1]
[ERROR] 
[ERROR] To see the full stack trace of the errors, re-run Maven with the -e switch.
[ERROR] Re-run Maven using the -X switch to enable full debug logging.
[ERROR] 
[ERROR] For more information about the errors and possible solutions, please read the following articles:
[ERROR] [Help 1] http://cwiki.apache.org/confluence/display/MAVEN/MojoFailureException


current_pom file is:<?xml version='1.0' encoding='utf-8'?>
<project xmlns="http://maven.apache.org/POM/4.0.0" xmlns:xsi="http://www.w3.org/2001/XMLSchema-instance" xsi:schemaLocation="http://maven.apache.org/POM/4.0.0 http://maven.apache.org/xsd/maven-4.0.0.xsd">
    <modelVersion>4.0.0</modelVersion>
    <groupId>edu.vision.se</groupId>
    <artifactId>CVE-2022-34662</artifactId>
    <version>1.0-SNAPSHOT</version>

    <properties>
        <maven.compiler.source>11</maven.compiler.source>
        <maven.compiler.target>11</maven.compiler.target>
    </properties>

    <dependencies>
        
        <dependency>
            <groupId>org.apache.dolphinscheduler</groupId>
            <artifactId>dolphinscheduler-api</artifactId>
            <version>1.3.9</version>
        </dependency>
        <dependency>
            <groupId>org.projectlombok</groupId>
            <artifactId>lombok</artifactId>
            <version>1.18.28</version>
            <scope>provided</scope>
        </dependency>
        <dependency><groupId>junit</groupId><artifactId>junit</artifactId><version>4.13.2</version></dependency>
    
    </dependencies>

</project>
[LLMClient] Response: 
test
[96m[Adapter] LLM response for fix position: test[0m
[LLMClient] Tokens used: 142 (prompt), 11 (completion), 153 (total)
[LLMClient] Prompt: 
You are given an error log when executing 'mvn test' in version 1.3.9: 

Error: cannot find symbol, class ResourcesServiceImpl, package org.apache.dolphinscheduler.api.service 

The test executes as expected in 2.0.0-alpha 

Error code: import org.apache.dolphinscheduler.api.service.ResourcesServiceImpl; 

Extract two key *entities* from the error for searching related diffs 

The extracted entities should reflect code-level identifiers that are likely to appear in source code or diffs. 

Output each node as a `;`-separated list, with no explanations. 


[LLMClient] Response: 
ResourcesServiceImpl;org.apache.dolphinscheduler.api.service
[96m[ErrorManager] Extracted key entities: ['ResourcesServiceImpl', 'org.apache.dolphinscheduler.api.service'][0m
[96m[Adapter] Try to solve error: {'file': '/PoCAdaptation/exploit/result/CVE-2022-34662/1.3.9/exploit/src/test/java/edu/vision/se/Testcase1.java', 'line': 9, 'column': 47, 'message': 'cannot find symbol', 'symbol': 'class ResourcesServiceImpl', 'location': 'package org.apache.dolphinscheduler.api.service', 'code_line': 'import org.apache.dolphinscheduler.api.service.ResourcesServiceImpl;'} with cause: ['ResourcesServiceImpl', 'org.apache.dolphinscheduler.api.service'][0m
[96m[Adapter] Related diffs for error: [(850, 8.0), (702, 4.0), (852, 4.0), (889, 4.0), (890, 4.0)][0m
[96m[Adapter] Fix position is in test code.[0m
[96m[RepairModule] Start repair for group: cannot find symbol | class ResourcesServiceImpl cause: ['ResourcesServiceImpl', 'org.apache.dolphinscheduler.api.service'][0m
[96m[RepairModule] Trying best diff #850 with score 8.00[0m
[96m[RepairModule] Found 10 diff combinations for annealing.[0m
[96m[RepairModule] Iteration 1, temperature 1.000: Trying diff #(850, 702) with score 6.00[0m
[LLMClient] Tokens used: 923 (prompt), 268 (completion), 1191 (total)
[LLMClient] Prompt: 
You are given a Java test file with compilation errors in version 1.3.9:org.apache.dolphinscheduler:dolphinscheduler-api.
This test file compiles and runs successfully in 2.0.0-alpha.

The diff is related to the diff.
Your task has three steps:
 1. Locate the code where the compilation error occurs.
 2. Analyze the diff from 2.0.0-alpha to 1.3.9.
 3. Fix the error in the error position only when diff is helpful. Add import statement when needed according to the diff. 

Only output the modified version of the test file according to the diff. No explanations. If mocking, access fields via reflection if they exist.
### Compilation Errors:
message: cannot find symbol, symble: class ResourcesServiceImpl, location: package org.apache.dolphinscheduler.api.service

### Error Position:
import org.apache.dolphinscheduler.api.service.ResourcesServiceImpl;

### Related Diff:
Operation: MODIFIED, File: dolphinscheduler-api/src/test/java/org/apache/dolphinscheduler/api/service/ResourcesServiceTest.java, Hunk: @@ -14,15 +14,15 @@
  * See the License for the specific language governing permissions and
  * limitations under the License.
  */
-
 package org.apache.dolphinscheduler.api.service;

+import com.baomidou.mybatisplus.core.metadata.IPage;
+import com.baomidou.mybatisplus.extension.plugins.pagination.Page;
 import org.apache.dolphinscheduler.api.enums.Status;
-import org.apache.dolphinscheduler.api.service.impl.ResourcesServiceImpl;
 import org.apache.dolphinscheduler.api.utils.PageInfo;
 import org.apache.dolphinscheduler.api.utils.Result;
 import org.apache.dolphinscheduler.common.Constants;
+import org.apache.dolphinscheduler.common.enums.ResourceType;
-import org.apache.dolphinscheduler.spi.enums.ResourceType;
 import org.apache.dolphinscheduler.common.enums.UserType;
 import org.apache.dolphinscheduler.common.utils.CollectionUtils;
 import org.apache.dolphinscheduler.common.utils.FileUtils;
Operation: MODIFIED, File: dolphinscheduler-api/src/test/java/org/apache/dolphinscheduler/api/controller/ProcessDefinitionControllerTest.java, Hunk: @@ -18,13 +18,14 @@
 package org.apache.dolphinscheduler.api.controller;

 import org.apache.dolphinscheduler.api.enums.Status;
+import org.apache.dolphinscheduler.api.service.ProcessDefinitionService;
-import org.apache.dolphinscheduler.api.service.impl.ProcessDefinitionServiceImpl;
 import org.apache.dolphinscheduler.api.utils.PageInfo;
 import org.apache.dolphinscheduler.api.utils.Result;
 import org.apache.dolphinscheduler.common.Constants;
 import org.apache.dolphinscheduler.common.enums.ReleaseState;
 import org.apache.dolphinscheduler.common.enums.UserType;
 import org.apache.dolphinscheduler.dao.entity.ProcessDefinition;
-import org.apache.dolphinscheduler.dao.entity.ProcessDefinitionLog;
 import org.apache.dolphinscheduler.dao.entity.Resource;
 import org.apache.dolphinscheduler.dao.entity.User;

### Test File Content:
package edu.vision.se;

import static org.junit.Assert.assertTrue;

import java.lang.reflect.InvocationTargetException;
import java.lang.reflect.Method;

import org.apache.dolphinscheduler.api.service.ResourcesService;
import org.apache.dolphinscheduler.api.service.ResourcesServiceImpl;
import org.apache.dolphinscheduler.api.utils.Result;
import org.apache.dolphinscheduler.common.enums.ResourceType;
import org.junit.Test;
import org.springframework.web.multipart.MultipartFile;

public class Testcase1 {
    @Test
    public void testDirectoryTraversal()
            throws IllegalAccessException, IllegalArgumentException, InvocationTargetException, NoSuchMethodException,
            SecurityException {
        ResourcesService res = new ResourcesServiceImpl();
        Method method_verifyFile = res.getClass().getDeclaredMethod("verifyFile", String.class, ResourceType.class,
                MultipartFile.class);
        method_verifyFile.setAccessible(true);
        Object result = method_verifyFile.invoke(res, "../../abc.txt", null, null);
        validateReturnValue(result);
    }

    public void validateReturnValue(Object result) {
        assertTrue((result instanceof Result)
                && ((Result) result).getCode() == 1300009);
    }
}



[LLMClient] Response: 
Here's the modified version of the test file according to the diff:

```java
package edu.vision.se;

import static org.junit.Assert.assertTrue;

import java.lang.reflect.InvocationTargetException;
import java.lang.reflect.Method;

import org.apache.dolphinscheduler.api.service.ResourcesService;
import org.apache.dolphinscheduler.api.utils.Result;
import org.apache.dolphinscheduler.common.enums.ResourceType;
import org.junit.Test;
import org.springframework.web.multipart.MultipartFile;

public class Testcase1 {
    @Test
    public void testDirectoryTraversal()
            throws IllegalAccessException, IllegalArgumentException, InvocationTargetException, NoSuchMethodException,
            SecurityException {
        ResourcesService res = new org.apache.dolphinscheduler.api.service.impl.ResourcesServiceImpl();
        Method method_verifyFile = res.getClass().getDeclaredMethod("verifyFile", String.class, ResourceType.class,
                MultipartFile.class);
        method_verifyFile.setAccessible(true);
        Object result = method_verifyFile.invoke(res, "../../abc.txt", null, null);
        validateReturnValue(result);
    }

    public void validateReturnValue(Object result) {
        assertTrue((result instanceof Result)
                && ((Result) result).getCode() == 1300009);
    }
}
```
[96m[RepairModule] Wrote modified code to /PoCAdaptation/exploit/result/CVE-2022-34662/1.3.9/exploit/src/test/java/edu/vision/se/Testcase1.java[0m
[96m[Executor] Executing exploit for CVE-2022-34662 on version 1.3.9...[0m
[96m[Verifier] Verifying reproduction...[0m
[91m[Verifier] âœ— Behavior not found: 'java.lang.AssertionError'[0m
[91m[Executor] Reproduction result: Failure[0m
[96m[ErrorManager] Ignoring line: [ERROR] Failed to execute goal org.apache.maven.plugins:maven-compiler-plugin:3.1:testCompile (default-testCompile) on project CVE-2022-34662: Compilation failure[0m
[92m[ErrorManager] Processing line: [ERROR] /PoCAdaptation/exploit/result/CVE-2022-34662/1.3.9/exploit/src/test/java/edu/vision/se/Testcase1.java:[19,80] package org.apache.dolphinscheduler.api.service.impl does not exist[0m
[96m[ErrorManager] Ignoring line: [ERROR][0m
[96m[ErrorManager] Ignoring line: [ERROR] -> [Help 1][0m
[96m[ErrorManager] Ignoring line: [ERROR][0m
[96m[ErrorManager] Ignoring line: [ERROR] To see the full stack trace of the errors, re-run Maven with the -e switch.[0m
[96m[ErrorManager] Ignoring line: [ERROR] Re-run Maven using the -X switch to enable full debug logging.[0m
[96m[ErrorManager] Ignoring line: [ERROR][0m
[96m[ErrorManager] Ignoring line: [ERROR] For more information about the errors and possible solutions, please read the following articles:[0m
[96m[ErrorManager] Ignoring line: [ERROR] [Help 1] http://cwiki.apache.org/confluence/display/MAVEN/MojoFailureException[0m
[RepairModule] Old grouped keys: {'cannot find symbol | class ResourcesServiceImpl'}
[RepairModule] New grouped keys: {'package org.apache.dolphinscheduler.api.service.impl does not exist |'}
[93m[RepairModule] [Analyzer] New error:
  File     : /PoCAdaptation/exploit/result/CVE-2022-34662/1.3.9/exploit/src/test/java/edu/vision/se/Testcase1.java
  Line     : 19, Column: 80
  Message  : package org.apache.dolphinscheduler.api.service.impl does not exist
  Symbol   : None
  Location : None
  Code     : ResourcesService res = new org.apache.dolphinscheduler.api.service.impl.ResourcesServiceImpl();
  Position : after the fixing line (9)[0m
[92m[RepairModule] Error cannot find symbol resolved after applying diff.[0m
[92m[RepairModule] Repair success with diff #(850, 702) at iteration 1![0m
[96m[Adapter] Test code repair attempted.[0m
[96m[Executor] Executing exploit for CVE-2022-34662 on version 1.3.9...[0m
[96m[Verifier] Verifying reproduction...[0m
[91m[Verifier] âœ— Behavior not found: 'java.lang.AssertionError'[0m
[91m[Executor] Reproduction result: Failure[0m
[96m[ErrorManager] Ignoring line: [ERROR] Failed to execute goal org.apache.maven.plugins:maven-compiler-plugin:3.1:testCompile (default-testCompile) on project CVE-2022-34662: Compilation failure[0m
[92m[ErrorManager] Processing line: [ERROR] /PoCAdaptation/exploit/result/CVE-2022-34662/1.3.9/exploit/src/test/java/edu/vision/se/Testcase1.java:[19,80] package org.apache.dolphinscheduler.api.service.impl does not exist[0m
[96m[ErrorManager] Ignoring line: [ERROR][0m
[96m[ErrorManager] Ignoring line: [ERROR] -> [Help 1][0m
[96m[ErrorManager] Ignoring line: [ERROR][0m
[96m[ErrorManager] Ignoring line: [ERROR] To see the full stack trace of the errors, re-run Maven with the -e switch.[0m
[96m[ErrorManager] Ignoring line: [ERROR] Re-run Maven using the -X switch to enable full debug logging.[0m
[96m[ErrorManager] Ignoring line: [ERROR][0m
[96m[ErrorManager] Ignoring line: [ERROR] For more information about the errors and possible solutions, please read the following articles:[0m
[96m[ErrorManager] Ignoring line: [ERROR] [Help 1] http://cwiki.apache.org/confluence/display/MAVEN/MojoFailureException[0m
[96m[Adapter] Locating fix position in error log.[0m
[LLMClient] Tokens used: 1494 (prompt), 1 (completion), 1495 (total)
[LLMClient] Prompt: 
You are given a Java error log when executing 'mvn test' in a project with dependency version 1.3.9:org.apache.dolphinscheduler:dolphinscheduler-api.
This test file compiles and runs successfully with version 2.0.0-alpha.

Your task is to:
1. Analyze why this issue occurs with the *2.0.0-alpha* but not with the *1.3.9 version*.
2. Consider how to resolve the issue **without updating this library**.
3. Determine and output the location in the project that should be modified to fix the problem.

Please return 'pom' if the fix is in the pom.xml file, or 'test' if the fix is in the test code.
Do not return any other text, just 'pom' or 'test'.

The error log is:
[INFO] Scanning for projects...
[INFO] 
[INFO] --------------------< edu.vision.se:CVE-2022-34662 >--------------------
[INFO] Building CVE-2022-34662 1.0-SNAPSHOT
[INFO]   from pom.xml
[INFO] --------------------------------[ jar ]---------------------------------
Downloading from maven-default-http-blocker: http://0.0.0.0/joda-time/joda-time/maven-metadata.xml
[WARNING] Could not transfer metadata joda-time:joda-time/maven-metadata.xml from/to maven-default-http-blocker (http://0.0.0.0/): transfer failed for http://0.0.0.0/joda-time/joda-time/maven-metadata.xml
[INFO] 
[INFO] --- maven-clean-plugin:2.5:clean (default-clean) @ CVE-2022-34662 ---
[INFO] Deleting /PoCAdaptation/exploit/result/CVE-2022-34662/1.3.9/exploit/target
[INFO] 
[INFO] --- maven-resources-plugin:2.6:resources (default-resources) @ CVE-2022-34662 ---
[WARNING] Using platform encoding (UTF-8 actually) to copy filtered resources, i.e. build is platform dependent!
[INFO] skip non existing resourceDirectory /PoCAdaptation/exploit/result/CVE-2022-34662/1.3.9/exploit/src/main/resources
[INFO] 
[INFO] --- maven-compiler-plugin:3.1:compile (default-compile) @ CVE-2022-34662 ---
[INFO] No sources to compile
[INFO] 
[INFO] --- maven-resources-plugin:2.6:testResources (default-testResources) @ CVE-2022-34662 ---
[WARNING] Using platform encoding (UTF-8 actually) to copy filtered resources, i.e. build is platform dependent!
[INFO] skip non existing resourceDirectory /PoCAdaptation/exploit/result/CVE-2022-34662/1.3.9/exploit/src/test/resources
[INFO] 
[INFO] --- maven-compiler-plugin:3.1:testCompile (default-testCompile) @ CVE-2022-34662 ---
[INFO] Changes detected - recompiling the module!
[WARNING] File encoding has not been set, using platform encoding UTF-8, i.e. build is platform dependent!
[INFO] Compiling 1 source file to /PoCAdaptation/exploit/result/CVE-2022-34662/1.3.9/exploit/target/test-classes
[INFO] -------------------------------------------------------------
[ERROR] COMPILATION ERROR : 
[INFO] -------------------------------------------------------------
[ERROR] /PoCAdaptation/exploit/result/CVE-2022-34662/1.3.9/exploit/src/test/java/edu/vision/se/Testcase1.java:[19,80] package org.apache.dolphinscheduler.api.service.impl does not exist
[INFO] 1 error
[INFO] -------------------------------------------------------------
[INFO] ------------------------------------------------------------------------
[INFO] BUILD FAILURE
[INFO] ------------------------------------------------------------------------
[INFO] Total time:  2.203 s
[INFO] Finished at: 2025-07-13T16:32:14Z
[INFO] ------------------------------------------------------------------------
[ERROR] Failed to execute goal org.apache.maven.plugins:maven-compiler-plugin:3.1:testCompile (default-testCompile) on project CVE-2022-34662: Compilation failure
[ERROR] /PoCAdaptation/exploit/result/CVE-2022-34662/1.3.9/exploit/src/test/java/edu/vision/se/Testcase1.java:[19,80] package org.apache.dolphinscheduler.api.service.impl does not exist
[ERROR] 
[ERROR] -> [Help 1]
[ERROR] 
[ERROR] To see the full stack trace of the errors, re-run Maven with the -e switch.
[ERROR] Re-run Maven using the -X switch to enable full debug logging.
[ERROR] 
[ERROR] For more information about the errors and possible solutions, please read the following articles:
[ERROR] [Help 1] http://cwiki.apache.org/confluence/display/MAVEN/MojoFailureException


current_pom file is:<?xml version='1.0' encoding='utf-8'?>
<project xmlns="http://maven.apache.org/POM/4.0.0" xmlns:xsi="http://www.w3.org/2001/XMLSchema-instance" xsi:schemaLocation="http://maven.apache.org/POM/4.0.0 http://maven.apache.org/xsd/maven-4.0.0.xsd">
    <modelVersion>4.0.0</modelVersion>
    <groupId>edu.vision.se</groupId>
    <artifactId>CVE-2022-34662</artifactId>
    <version>1.0-SNAPSHOT</version>

    <properties>
        <maven.compiler.source>11</maven.compiler.source>
        <maven.compiler.target>11</maven.compiler.target>
    </properties>

    <dependencies>
        
        <dependency>
            <groupId>org.apache.dolphinscheduler</groupId>
            <artifactId>dolphinscheduler-api</artifactId>
            <version>1.3.9</version>
        </dependency>
        <dependency>
            <groupId>org.projectlombok</groupId>
            <artifactId>lombok</artifactId>
            <version>1.18.28</version>
            <scope>provided</scope>
        </dependency>
        <dependency><groupId>junit</groupId><artifactId>junit</artifactId><version>4.13.2</version></dependency>
    
    </dependencies>

</project>
[LLMClient] Response: 
test
[96m[Adapter] LLM response for fix position: test[0m
[LLMClient] Tokens used: 148 (prompt), 12 (completion), 160 (total)
[LLMClient] Prompt: 
You are given an error log when executing 'mvn test' in version 1.3.9: 

Error: package org.apache.dolphinscheduler.api.service.impl does not exist, None, None 

The test executes as expected in 2.0.0-alpha 

Error code:         ResourcesService res = new org.apache.dolphinscheduler.api.service.impl.ResourcesServiceImpl(); 

Extract two key *entities* from the error for searching related diffs 

The extracted entities should reflect code-level identifiers that are likely to appear in source code or diffs. 

Output each node as a `;`-separated list, with no explanations. 


[LLMClient] Response: 
org.apache.dolphinscheduler.api.service.impl;ResourcesServiceImpl
[96m[ErrorManager] Extracted key entities: ['org.apache.dolphinscheduler.api.service.impl', 'ResourcesServiceImpl'][0m
[96m[Adapter] Try to solve error: {'file': '/PoCAdaptation/exploit/result/CVE-2022-34662/1.3.9/exploit/src/test/java/edu/vision/se/Testcase1.java', 'line': 19, 'column': 80, 'message': 'package org.apache.dolphinscheduler.api.service.impl does not exist', 'symbol': None, 'location': None, 'code_line': '        ResourcesService res = new org.apache.dolphinscheduler.api.service.impl.ResourcesServiceImpl();'} with cause: ['org.apache.dolphinscheduler.api.service.impl', 'ResourcesServiceImpl'][0m
[96m[Adapter] Related diffs for error: [(850, 8.0), (702, 4.0), (852, 4.0), (709, 2.0), (794, 2.0)][0m
[96m[Adapter] Fix position is in test code.[0m
[96m[RepairModule] Start repair for group: package org.apache.dolphinscheduler.api.service.impl does not exist | cause: ['org.apache.dolphinscheduler.api.service.impl', 'ResourcesServiceImpl'][0m
[96m[RepairModule] Trying best diff #850 with score 8.00[0m
[96m[RepairModule] Found 10 diff combinations for annealing.[0m
[96m[RepairModule] Iteration 1, temperature 1.000: Trying diff #(852, 709) with score 3.00[0m
[LLMClient] Tokens used: 1818 (prompt), 267 (completion), 2085 (total)
[LLMClient] Prompt: 
You are given a Java test file with compilation errors in version 1.3.9:org.apache.dolphinscheduler:dolphinscheduler-api.
This test file compiles and runs successfully in 2.0.0-alpha.

The diff is related to the diff.
Your task has three steps:
 1. Locate the code where the compilation error occurs.
 2. Analyze the diff from 2.0.0-alpha to 1.3.9.
 3. Fix the error in the error position only when diff is helpful. Add import statement when needed according to the diff. 

Only output the modified version of the test file according to the diff. No explanations. If mocking, access fields via reflection if they exist.
### Compilation Errors:
message: package org.apache.dolphinscheduler.api.service.impl does not exist, symble: None, location: None

### Error Position:
        ResourcesService res = new org.apache.dolphinscheduler.api.service.impl.ResourcesServiceImpl();

### Related Diff:
Operation: MODIFIED, File: dolphinscheduler-api/src/test/java/org/apache/dolphinscheduler/api/service/ResourcesServiceTest.java, Hunk: @@ -48,34 +60,43 @@
 import org.slf4j.LoggerFactory;
 import org.springframework.mock.web.MockMultipartFile;

+import java.io.IOException;
+import java.util.ArrayList;
+import java.util.List;
+import java.util.Map;
-import com.baomidou.mybatisplus.core.metadata.IPage;
-import com.baomidou.mybatisplus.extension.plugins.pagination.Page;

-/**
- * resources service test
- */
 @RunWith(PowerMockRunner.class)
 @PowerMockIgnore({"sun.security.*", "javax.net.*"})
+@PrepareForTest({HadoopUtils.class,PropertyUtils.class, FileUtils.class,org.apache.dolphinscheduler.api.utils.FileUtils.class})
-@PrepareForTest({HadoopUtils.class, PropertyUtils.class, FileUtils.class, org.apache.dolphinscheduler.api.utils.FileUtils.class})
 public class ResourcesServiceTest {
-
     private static final Logger logger = LoggerFactory.getLogger(ResourcesServiceTest.class);

     @InjectMocks
+    private ResourcesService resourcesService;
-    private ResourcesServiceImpl resourcesService;
-
     @Mock
     private ResourceMapper resourcesMapper;
-
     @Mock
     private TenantMapper tenantMapper;
+    @Mock
+    private ResourceUserMapper resourceUserMapper;
-
     @Mock
     private HadoopUtils hadoopUtils;
-
     @Mock
     private UserMapper userMapper;
-
     @Mock
     private UdfFuncMapper udfFunctionMapper;
-
     @Mock
     private ProcessDefinitionMapper processDefinitionMapper;

-    @Mock
-    private ResourceUserMapper resourceUserMapper;
-
     @Before
     public void setUp() {

Operation: MODIFIED, File: dolphinscheduler-api/src/test/java/org/apache/dolphinscheduler/api/controller/ProjectControllerTest.java, Hunk: @@ -14,205 +14,141 @@
  * See the License for the specific language governing permissions and
  * limitations under the License.
  */
-
 package org.apache.dolphinscheduler.api.controller;

 import org.apache.dolphinscheduler.api.enums.Status;
-import org.apache.dolphinscheduler.api.service.impl.ProjectServiceImpl;
-import org.apache.dolphinscheduler.api.utils.PageInfo;
 import org.apache.dolphinscheduler.api.utils.Result;
+import org.apache.dolphinscheduler.common.utils.JSONUtils;
-import org.apache.dolphinscheduler.common.Constants;
-import org.apache.dolphinscheduler.common.enums.UserType;
-import org.apache.dolphinscheduler.dao.entity.Project;
-import org.apache.dolphinscheduler.dao.entity.Resource;
-import org.apache.dolphinscheduler.dao.entity.User;
-import org.apache.dolphinscheduler.dao.mapper.ProjectMapper;
-
-import java.text.MessageFormat;
-import java.util.HashMap;
-import java.util.Map;
-
 import org.junit.Assert;
+import org.junit.Ignore;
-import org.junit.Before;
 import org.junit.Test;
+import org.slf4j.Logger;
+import org.slf4j.LoggerFactory;
+import org.springframework.http.MediaType;
+import org.springframework.test.web.servlet.MvcResult;
+import org.springframework.util.LinkedMultiValueMap;
+import org.springframework.util.MultiValueMap;
+
+import static org.springframework.test.web.servlet.request.MockMvcRequestBuilders.get;
+import static org.springframework.test.web.servlet.request.MockMvcRequestBuilders.post;
+import static org.springframework.test.web.servlet.result.MockMvcResultMatchers.content;
+import static org.springframework.test.web.servlet.result.MockMvcResultMatchers.status;
-import org.junit.runner.RunWith;
-import org.mockito.InjectMocks;
-import org.mockito.Mock;
-import org.mockito.Mockito;
-import org.mockito.junit.MockitoJUnitRunner;

 /**
+ * project controller
- * project controller test
  */
+public class ProjectControllerTest extends AbstractControllerTest{
+    private static Logger logger = LoggerFactory.getLogger(ProjectControllerTest.class);
-@RunWith(MockitoJUnitRunner.Silent.class)
-public class ProjectControllerTest {

-    @InjectMocks
-    private ProjectController projectController;

+    @Test
+    public void testCreateProject() throws Exception {
+
+        MultiValueMap<String, String> paramsMap = new LinkedMultiValueMap<>();
+        paramsMap.add("projectName","project_test1");
+        paramsMap.add("desc","the test project");
+
+        MvcResult mvcResult = mockMvc.perform(post("/projects/create")
+                .header(SESSION_ID, sessionId)
+                .params(paramsMap))
+                .andExpect(status().isCreated())
+                .andExpect(content().contentType(MediaType.APPLICATION_JSON_UTF8))
+                .andReturn();
+
+        Result result = JSONUtils.parseObject(mvcResult.getResponse().getContentAsString(), Result.class);
+        Assert.assertEquals(Status.SUCCESS.getCode(),result.getCode().intValue());
+        logger.info(mvcResult.getResponse().getContentAsString());
+    }
-    @Mock
-    private ProjectServiceImpl projectService;

+    @Test
+    public void testUpdateProject() throws Exception {
+
+        MultiValueMap<String, String> paramsMap = new LinkedMultiValueMap<>();
+        paramsMap.add("projectId","18");
+        paramsMap.add("projectName","project_test_update");
+        paramsMap.add("desc","the test project update");
+
+        MvcResult mvcResult = mockMvc.perform(post("/projects/update")
+                .header(SESSION_ID, sessionId)
+                .params(paramsMap))
+                .andExpect(status().isOk())
+                .andExpect(content().contentType(MediaType.APPLICATION_JSON_UTF8))
+                .andReturn();
+
+        Result result = JSONUtils.parseObject(mvcResult.getResponse().getContentAsString(), Result.class);
+        Assert.assertEquals(Status.SUCCESS.getCode(),result.getCode().intValue());
+        logger.info(mvcResult.getResponse().getContentAsString());
+    }
-    @Mock
-    private ProjectMapper projectMapper;

-    protected User user;

### Test File Content:
package edu.vision.se;

import static org.junit.Assert.assertTrue;

import java.lang.reflect.InvocationTargetException;
import java.lang.reflect.Method;

import org.apache.dolphinscheduler.api.service.ResourcesService;
import org.apache.dolphinscheduler.api.utils.Result;
import org.apache.dolphinscheduler.common.enums.ResourceType;
import org.junit.Test;
import org.springframework.web.multipart.MultipartFile;

public class Testcase1 {
    @Test
    public void testDirectoryTraversal()
            throws IllegalAccessException, IllegalArgumentException, InvocationTargetException, NoSuchMethodException,
            SecurityException {
        ResourcesService res = new org.apache.dolphinscheduler.api.service.impl.ResourcesServiceImpl();
        Method method_verifyFile = res.getClass().getDeclaredMethod("verifyFile", String.class, ResourceType.class,
                MultipartFile.class);
        method_verifyFile.setAccessible(true);
        Object result = method_verifyFile.invoke(res, "../../abc.txt", null, null);
        validateReturnValue(result);
    }

    public void validateReturnValue(Object result) {
        assertTrue((result instanceof Result)
                && ((Result) result).getCode() == 1300009);
    }
}



[LLMClient] Response: 
Here's the modified version of the test file according to the diff:

```java
package edu.vision.se;

import static org.junit.Assert.assertTrue;

import java.lang.reflect.InvocationTargetException;
import java.lang.reflect.Method;

import org.apache.dolphinscheduler.api.service.ResourcesService;
import org.apache.dolphinscheduler.api.utils.Result;
import org.apache.dolphinscheduler.common.enums.ResourceType;
import org.junit.Test;
import org.springframework.web.multipart.MultipartFile;

public class Testcase1 {
    @Test
    public void testDirectoryTraversal()
            throws IllegalAccessException, IllegalArgumentException, InvocationTargetException, NoSuchMethodException,
            SecurityException {
        ResourcesService res = new org.apache.dolphinscheduler.api.service.ResourcesServiceImpl();
        Method method_verifyFile = res.getClass().getDeclaredMethod("verifyFile", String.class, ResourceType.class,
                MultipartFile.class);
        method_verifyFile.setAccessible(true);
        Object result = method_verifyFile.invoke(res, "../../abc.txt", null, null);
        validateReturnValue(result);
    }

    public void validateReturnValue(Object result) {
        assertTrue((result instanceof Result)
                && ((Result) result).getCode() == 1300009);
    }
}
```
[96m[RepairModule] Wrote modified code to /PoCAdaptation/exploit/result/CVE-2022-34662/1.3.9/exploit/src/test/java/edu/vision/se/Testcase1.java[0m
[96m[Executor] Executing exploit for CVE-2022-34662 on version 1.3.9...[0m
[96m[Verifier] Verifying reproduction...[0m
[91m[Verifier] âœ— Behavior not found: 'java.lang.AssertionError'[0m
[91m[Executor] Reproduction result: Failure[0m
[96m[ErrorManager] Ignoring line: [ERROR] Failed to execute goal org.apache.maven.plugins:maven-compiler-plugin:3.1:testCompile (default-testCompile) on project CVE-2022-34662: Compilation failure[0m
[92m[ErrorManager] Processing line: [ERROR] /PoCAdaptation/exploit/result/CVE-2022-34662/1.3.9/exploit/src/test/java/edu/vision/se/Testcase1.java:[19,75] cannot find symbol[0m
[92m[ErrorManager] Processing line: [ERROR]   symbol:   class ResourcesServiceImpl[0m
[92m[ErrorManager] Processing line: [ERROR]   location: package org.apache.dolphinscheduler.api.service[0m
[96m[ErrorManager] Ignoring line: [ERROR][0m
[96m[ErrorManager] Ignoring line: [ERROR] -> [Help 1][0m
[96m[ErrorManager] Ignoring line: [ERROR][0m
[96m[ErrorManager] Ignoring line: [ERROR] To see the full stack trace of the errors, re-run Maven with the -e switch.[0m
[96m[ErrorManager] Ignoring line: [ERROR] Re-run Maven using the -X switch to enable full debug logging.[0m
[96m[ErrorManager] Ignoring line: [ERROR][0m
[96m[ErrorManager] Ignoring line: [ERROR] For more information about the errors and possible solutions, please read the following articles:[0m
[96m[ErrorManager] Ignoring line: [ERROR] [Help 1] http://cwiki.apache.org/confluence/display/MAVEN/MojoFailureException[0m
[RepairModule] Old grouped keys: {'package org.apache.dolphinscheduler.api.service.impl does not exist |'}
[RepairModule] New grouped keys: {'cannot find symbol | class ResourcesServiceImpl'}
[93m[RepairModule] [Analyzer] New error:
  File     : /PoCAdaptation/exploit/result/CVE-2022-34662/1.3.9/exploit/src/test/java/edu/vision/se/Testcase1.java
  Line     : 19, Column: 75
  Message  : cannot find symbol
  Symbol   : class ResourcesServiceImpl
  Location : package org.apache.dolphinscheduler.api.service
  Code     : ResourcesService res = new org.apache.dolphinscheduler.api.service.ResourcesServiceImpl();
  Position : same the fixing line (19)[0m
[92m[RepairModule] Error package org.apache.dolphinscheduler.api.service.impl does not exist resolved after applying diff.[0m
[92m[RepairModule] Repair success with diff #(852, 709) at iteration 1![0m
[96m[Adapter] Test code repair attempted.[0m
[96m[Executor] Executing exploit for CVE-2022-34662 on version 1.3.9...[0m
[96m[Verifier] Verifying reproduction...[0m
[91m[Verifier] âœ— Behavior not found: 'java.lang.AssertionError'[0m
[91m[Executor] Reproduction result: Failure[0m
[96m[ErrorManager] Ignoring line: [ERROR] Failed to execute goal org.apache.maven.plugins:maven-compiler-plugin:3.1:testCompile (default-testCompile) on project CVE-2022-34662: Compilation failure[0m
[92m[ErrorManager] Processing line: [ERROR] /PoCAdaptation/exploit/result/CVE-2022-34662/1.3.9/exploit/src/test/java/edu/vision/se/Testcase1.java:[19,75] cannot find symbol[0m
[92m[ErrorManager] Processing line: [ERROR]   symbol:   class ResourcesServiceImpl[0m
[92m[ErrorManager] Processing line: [ERROR]   location: package org.apache.dolphinscheduler.api.service[0m
[96m[ErrorManager] Ignoring line: [ERROR][0m
[96m[ErrorManager] Ignoring line: [ERROR] -> [Help 1][0m
[96m[ErrorManager] Ignoring line: [ERROR][0m
[96m[ErrorManager] Ignoring line: [ERROR] To see the full stack trace of the errors, re-run Maven with the -e switch.[0m
[96m[ErrorManager] Ignoring line: [ERROR] Re-run Maven using the -X switch to enable full debug logging.[0m
[96m[ErrorManager] Ignoring line: [ERROR][0m
[96m[ErrorManager] Ignoring line: [ERROR] For more information about the errors and possible solutions, please read the following articles:[0m
[96m[ErrorManager] Ignoring line: [ERROR] [Help 1] http://cwiki.apache.org/confluence/display/MAVEN/MojoFailureException[0m
[96m[Adapter] Locating fix position in error log.[0m
[LLMClient] Tokens used: 1522 (prompt), 1 (completion), 1523 (total)
[LLMClient] Prompt: 
You are given a Java error log when executing 'mvn test' in a project with dependency version 1.3.9:org.apache.dolphinscheduler:dolphinscheduler-api.
This test file compiles and runs successfully with version 2.0.0-alpha.

Your task is to:
1. Analyze why this issue occurs with the *2.0.0-alpha* but not with the *1.3.9 version*.
2. Consider how to resolve the issue **without updating this library**.
3. Determine and output the location in the project that should be modified to fix the problem.

Please return 'pom' if the fix is in the pom.xml file, or 'test' if the fix is in the test code.
Do not return any other text, just 'pom' or 'test'.

The error log is:
[INFO] Scanning for projects...
[INFO] 
[INFO] --------------------< edu.vision.se:CVE-2022-34662 >--------------------
[INFO] Building CVE-2022-34662 1.0-SNAPSHOT
[INFO]   from pom.xml
[INFO] --------------------------------[ jar ]---------------------------------
Downloading from maven-default-http-blocker: http://0.0.0.0/joda-time/joda-time/maven-metadata.xml
[WARNING] Could not transfer metadata joda-time:joda-time/maven-metadata.xml from/to maven-default-http-blocker (http://0.0.0.0/): transfer failed for http://0.0.0.0/joda-time/joda-time/maven-metadata.xml
[INFO] 
[INFO] --- maven-clean-plugin:2.5:clean (default-clean) @ CVE-2022-34662 ---
[INFO] Deleting /PoCAdaptation/exploit/result/CVE-2022-34662/1.3.9/exploit/target
[INFO] 
[INFO] --- maven-resources-plugin:2.6:resources (default-resources) @ CVE-2022-34662 ---
[WARNING] Using platform encoding (UTF-8 actually) to copy filtered resources, i.e. build is platform dependent!
[INFO] skip non existing resourceDirectory /PoCAdaptation/exploit/result/CVE-2022-34662/1.3.9/exploit/src/main/resources
[INFO] 
[INFO] --- maven-compiler-plugin:3.1:compile (default-compile) @ CVE-2022-34662 ---
[INFO] No sources to compile
[INFO] 
[INFO] --- maven-resources-plugin:2.6:testResources (default-testResources) @ CVE-2022-34662 ---
[WARNING] Using platform encoding (UTF-8 actually) to copy filtered resources, i.e. build is platform dependent!
[INFO] skip non existing resourceDirectory /PoCAdaptation/exploit/result/CVE-2022-34662/1.3.9/exploit/src/test/resources
[INFO] 
[INFO] --- maven-compiler-plugin:3.1:testCompile (default-testCompile) @ CVE-2022-34662 ---
[INFO] Changes detected - recompiling the module!
[WARNING] File encoding has not been set, using platform encoding UTF-8, i.e. build is platform dependent!
[INFO] Compiling 1 source file to /PoCAdaptation/exploit/result/CVE-2022-34662/1.3.9/exploit/target/test-classes
[INFO] -------------------------------------------------------------
[ERROR] COMPILATION ERROR : 
[INFO] -------------------------------------------------------------
[ERROR] /PoCAdaptation/exploit/result/CVE-2022-34662/1.3.9/exploit/src/test/java/edu/vision/se/Testcase1.java:[19,75] cannot find symbol
  symbol:   class ResourcesServiceImpl
  location: package org.apache.dolphinscheduler.api.service
[INFO] 1 error
[INFO] -------------------------------------------------------------
[INFO] ------------------------------------------------------------------------
[INFO] BUILD FAILURE
[INFO] ------------------------------------------------------------------------
[INFO] Total time:  2.349 s
[INFO] Finished at: 2025-07-13T16:32:45Z
[INFO] ------------------------------------------------------------------------
[ERROR] Failed to execute goal org.apache.maven.plugins:maven-compiler-plugin:3.1:testCompile (default-testCompile) on project CVE-2022-34662: Compilation failure
[ERROR] /PoCAdaptation/exploit/result/CVE-2022-34662/1.3.9/exploit/src/test/java/edu/vision/se/Testcase1.java:[19,75] cannot find symbol
[ERROR]   symbol:   class ResourcesServiceImpl
[ERROR]   location: package org.apache.dolphinscheduler.api.service
[ERROR] 
[ERROR] -> [Help 1]
[ERROR] 
[ERROR] To see the full stack trace of the errors, re-run Maven with the -e switch.
[ERROR] Re-run Maven using the -X switch to enable full debug logging.
[ERROR] 
[ERROR] For more information about the errors and possible solutions, please read the following articles:
[ERROR] [Help 1] http://cwiki.apache.org/confluence/display/MAVEN/MojoFailureException


current_pom file is:<?xml version='1.0' encoding='utf-8'?>
<project xmlns="http://maven.apache.org/POM/4.0.0" xmlns:xsi="http://www.w3.org/2001/XMLSchema-instance" xsi:schemaLocation="http://maven.apache.org/POM/4.0.0 http://maven.apache.org/xsd/maven-4.0.0.xsd">
    <modelVersion>4.0.0</modelVersion>
    <groupId>edu.vision.se</groupId>
    <artifactId>CVE-2022-34662</artifactId>
    <version>1.0-SNAPSHOT</version>

    <properties>
        <maven.compiler.source>11</maven.compiler.source>
        <maven.compiler.target>11</maven.compiler.target>
    </properties>

    <dependencies>
        
        <dependency>
            <groupId>org.apache.dolphinscheduler</groupId>
            <artifactId>dolphinscheduler-api</artifactId>
            <version>1.3.9</version>
        </dependency>
        <dependency>
            <groupId>org.projectlombok</groupId>
            <artifactId>lombok</artifactId>
            <version>1.18.28</version>
            <scope>provided</scope>
        </dependency>
        <dependency><groupId>junit</groupId><artifactId>junit</artifactId><version>4.13.2</version></dependency>
    
    </dependencies>

</project>
[LLMClient] Response: 
test
[96m[Adapter] LLM response for fix position: test[0m
[LLMClient] Tokens used: 147 (prompt), 14 (completion), 161 (total)
[LLMClient] Prompt: 
You are given an error log when executing 'mvn test' in version 1.3.9: 

Error: cannot find symbol, class ResourcesServiceImpl, package org.apache.dolphinscheduler.api.service 

The test executes as expected in 2.0.0-alpha 

Error code:         ResourcesService res = new org.apache.dolphinscheduler.api.service.ResourcesServiceImpl(); 

Extract two key *entities* from the error for searching related diffs 

The extracted entities should reflect code-level identifiers that are likely to appear in source code or diffs. 

Output each node as a `;`-separated list, with no explanations. 


[LLMClient] Response: 
org.apache.dolphinscheduler.api.service.ResourcesServiceImpl;ResourcesService
[96m[ErrorManager] Extracted key entities: ['org.apache.dolphinscheduler.api.service.ResourcesServiceImpl', 'ResourcesService'][0m
[96m[Adapter] Try to solve error: {'file': '/PoCAdaptation/exploit/result/CVE-2022-34662/1.3.9/exploit/src/test/java/edu/vision/se/Testcase1.java', 'line': 19, 'column': 75, 'message': 'cannot find symbol', 'symbol': 'class ResourcesServiceImpl', 'location': 'package org.apache.dolphinscheduler.api.service', 'code_line': '        ResourcesService res = new org.apache.dolphinscheduler.api.service.ResourcesServiceImpl();'} with cause: ['org.apache.dolphinscheduler.api.service.ResourcesServiceImpl', 'ResourcesService'][0m
[96m[Adapter] Related diffs for error: [(850, 4.0), (852, 4.0), (853, 4.0), (854, 4.0), (855, 4.0)][0m
[96m[Adapter] Fix position is in test code.[0m
[96m[RepairModule] Start repair for group: cannot find symbol | class ResourcesServiceImpl cause: ['org.apache.dolphinscheduler.api.service.ResourcesServiceImpl', 'ResourcesService'][0m
[96m[RepairModule] Trying best diff #850 with score 4.00[0m
[96m[RepairModule] Found 10 diff combinations for annealing.[0m
[96m[RepairModule] Iteration 1, temperature 1.000: Trying diff #(850, 855) with score 4.00[0m
[LLMClient] Tokens used: 2130 (prompt), 268 (completion), 2398 (total)
[LLMClient] Prompt: 
You are given a Java test file with compilation errors in version 1.3.9:org.apache.dolphinscheduler:dolphinscheduler-api.
This test file compiles and runs successfully in 2.0.0-alpha.

The diff is related to the diff.
Your task has three steps:
 1. Locate the code where the compilation error occurs.
 2. Analyze the diff from 2.0.0-alpha to 1.3.9.
 3. Fix the error in the error position only when diff is helpful. Add import statement when needed according to the diff. 

Only output the modified version of the test file according to the diff. No explanations. If mocking, access fields via reflection if they exist.
### Compilation Errors:
message: cannot find symbol, symble: class ResourcesServiceImpl, location: package org.apache.dolphinscheduler.api.service

### Error Position:
        ResourcesService res = new org.apache.dolphinscheduler.api.service.ResourcesServiceImpl();

### Related Diff:
Operation: MODIFIED, File: dolphinscheduler-api/src/test/java/org/apache/dolphinscheduler/api/service/ResourcesServiceTest.java, Hunk: @@ -14,15 +14,15 @@
  * See the License for the specific language governing permissions and
  * limitations under the License.
  */
-
 package org.apache.dolphinscheduler.api.service;

+import com.baomidou.mybatisplus.core.metadata.IPage;
+import com.baomidou.mybatisplus.extension.plugins.pagination.Page;
 import org.apache.dolphinscheduler.api.enums.Status;
-import org.apache.dolphinscheduler.api.service.impl.ResourcesServiceImpl;
 import org.apache.dolphinscheduler.api.utils.PageInfo;
 import org.apache.dolphinscheduler.api.utils.Result;
 import org.apache.dolphinscheduler.common.Constants;
+import org.apache.dolphinscheduler.common.enums.ResourceType;
-import org.apache.dolphinscheduler.spi.enums.ResourceType;
 import org.apache.dolphinscheduler.common.enums.UserType;
 import org.apache.dolphinscheduler.common.utils.CollectionUtils;
 import org.apache.dolphinscheduler.common.utils.FileUtils;
Operation: MODIFIED, File: dolphinscheduler-api/src/test/java/org/apache/dolphinscheduler/api/service/ResourcesServiceTest.java, Hunk: @@ -199,70 +219,70 @@ public void testUpdateResource(){
         try {
             Mockito.when(HadoopUtils.getInstance().exists(Mockito.any())).thenReturn(true);
         } catch (IOException e) {
+            logger.error(e.getMessage(),e);
-            logger.error(e.getMessage(), e);
         }

+        result = resourcesService.updateResource(user,1,"ResourcesServiceTest.jar","ResourcesServiceTest",ResourceType.FILE,null);
-        result = resourcesService.updateResource(user, 1, "ResourcesServiceTest.jar", "ResourcesServiceTest", ResourceType.FILE, null);
         logger.info(result.toString());
+        Assert.assertEquals(Status.SUCCESS.getMsg(),result.getMsg());
-        Assert.assertEquals(Status.SUCCESS.getMsg(), result.getMsg());

         //RESOURCE_EXIST
+        Mockito.when(resourcesMapper.queryResourceList("/ResourcesServiceTest1.jar", 0, 0)).thenReturn(getResourceList());
+        result = resourcesService.updateResource(user,1,"ResourcesServiceTest1.jar","ResourcesServiceTest",ResourceType.FILE,null);
-        Mockito.when(resourcesMapper.existResource("/ResourcesServiceTest1.jar", 0, 0)).thenReturn(true);
-        result = resourcesService.updateResource(user, 1, "ResourcesServiceTest1.jar", "ResourcesServiceTest", ResourceType.FILE, null);
         logger.info(result.toString());
+        Assert.assertEquals(Status.RESOURCE_EXIST.getMsg(),result.getMsg());
-        Assert.assertEquals(Status.RESOURCE_EXIST.getMsg(), result.getMsg());
         //USER_NOT_EXIST
         Mockito.when(userMapper.selectById(Mockito.anyInt())).thenReturn(null);
+        result = resourcesService.updateResource(user,1,"ResourcesServiceTest1.jar","ResourcesServiceTest",ResourceType.UDF,null);
-        result = resourcesService.updateResource(user, 1, "ResourcesServiceTest1.jar", "ResourcesServiceTest", ResourceType.UDF, null);
         logger.info(result.toString());
         Assert.assertTrue(Status.USER_NOT_EXIST.getCode() == result.getCode());

         //TENANT_NOT_EXIST
         Mockito.when(userMapper.selectById(1)).thenReturn(getUser());
         Mockito.when(tenantMapper.queryById(Mockito.anyInt())).thenReturn(null);
+        result = resourcesService.updateResource(user,1,"ResourcesServiceTest1.jar","ResourcesServiceTest",ResourceType.UDF,null);
-        result = resourcesService.updateResource(user, 1, "ResourcesServiceTest1.jar", "ResourcesServiceTest", ResourceType.UDF, null);
         logger.info(result.toString());
+        Assert.assertEquals(Status.TENANT_NOT_EXIST.getMsg(),result.getMsg());
+
-        Assert.assertEquals(Status.TENANT_NOT_EXIST.getMsg(), result.getMsg());

         //SUCCESS
         Mockito.when(tenantMapper.queryById(1)).thenReturn(getTenant());
         PowerMockito.when(HadoopUtils.getHdfsResourceFileName(Mockito.any(), Mockito.any())).thenReturn("test");
         try {
+            PowerMockito.when(HadoopUtils.getInstance().copy(Mockito.anyString(),Mockito.anyString(),true,true)).thenReturn(true);
-            PowerMockito.when(HadoopUtils.getInstance().copy(Mockito.anyString(), Mockito.anyString(), true, true)).thenReturn(true);
         } catch (Exception e) {
+            logger.error(e.getMessage(),e);
-            logger.error(e.getMessage(), e);
         }

+        result = resourcesService.updateResource(user,1,"ResourcesServiceTest1.jar","ResourcesServiceTest1.jar",ResourceType.UDF,null);
-        result = resourcesService.updateResource(user, 1, "ResourcesServiceTest1.jar", "ResourcesServiceTest1.jar", ResourceType.UDF, null);
         logger.info(result.toString());
+        Assert.assertEquals(Status.SUCCESS.getMsg(),result.getMsg());
-        Assert.assertEquals(Status.SUCCESS.getMsg(), result.getMsg());

     }

     @Test
+    public void testQueryResourceListPaging(){
-    public void testQueryResourceListPaging() {
         User loginUser = new User();
         loginUser.setUserType(UserType.ADMIN_USER);
+        IPage<Resource> resourcePage = new Page<>(1,10);
-        IPage<Resource> resourcePage = new Page<>(1, 10);
         resourcePage.setTotal(1);
         resourcePage.setRecords(getResourceList());
-
         Mockito.when(resourcesMapper.queryResourcePaging(Mockito.any(Page.class),
+                Mockito.eq(0),Mockito.eq(-1), Mockito.eq(0), Mockito.eq("test"))).thenReturn(resourcePage);
+        Map<String, Object> result = resourcesService.queryResourceListPaging(loginUser,-1,ResourceType.FILE,"test",1,10);
-                Mockito.eq(0), Mockito.eq(-1), Mockito.eq(0), Mockito.eq("test"), Mockito.any())).thenReturn(resourcePage);
-        Result result = resourcesService.queryResourceListPaging(loginUser, -1, ResourceType.FILE, "test", 1, 10);
         logger.info(result.toString());
+        Assert.assertEquals(Status.SUCCESS, result.get(Constants.STATUS));
+        PageInfo pageInfo = (PageInfo) result.get(Constants.DATA_LIST);
+        Assert.assertTrue(CollectionUtils.isNotEmpty(pageInfo.getLists()));
-        Assert.assertEquals(Status.SUCCESS.getCode(), (int)result.getCode());
-        PageInfo pageInfo = (PageInfo) result.getData();
-        Assert.assertTrue(CollectionUtils.isNotEmpty(pageInfo.getTotalList()));

     }

     @Test
+    public void testQueryResourceList(){
-    public void testQueryResourceList() {
         User loginUser = new User();
         loginUser.setId(0);
         loginUser.setUserType(UserType.ADMIN_USER);
+        Mockito.when(resourcesMapper.queryResourceListAuthored(0, 0,0)).thenReturn(getResourceList());
-        Mockito.when(resourcesMapper.queryResourceListAuthored(0, 0)).thenReturn(getResourceList());
         Map<String, Object> result = resourcesService.queryResourceList(loginUser, ResourceType.FILE);
         logger.info(result.toString());
         Assert.assertEquals(Status.SUCCESS, result.get(Constants.STATUS));

### Test File Content:
package edu.vision.se;

import static org.junit.Assert.assertTrue;

import java.lang.reflect.InvocationTargetException;
import java.lang.reflect.Method;

import org.apache.dolphinscheduler.api.service.ResourcesService;
import org.apache.dolphinscheduler.api.utils.Result;
import org.apache.dolphinscheduler.common.enums.ResourceType;
import org.junit.Test;
import org.springframework.web.multipart.MultipartFile;

public class Testcase1 {
    @Test
    public void testDirectoryTraversal()
            throws IllegalAccessException, IllegalArgumentException, InvocationTargetException, NoSuchMethodException,
            SecurityException {
        ResourcesService res = new org.apache.dolphinscheduler.api.service.ResourcesServiceImpl();
        Method method_verifyFile = res.getClass().getDeclaredMethod("verifyFile", String.class, ResourceType.class,
                MultipartFile.class);
        method_verifyFile.setAccessible(true);
        Object result = method_verifyFile.invoke(res, "../../abc.txt", null, null);
        validateReturnValue(result);
    }

    public void validateReturnValue(Object result) {
        assertTrue((result instanceof Result)
                && ((Result) result).getCode() == 1300009);
    }
}



[LLMClient] Response: 
Here's the modified version of the test file according to the diff:

```java
package edu.vision.se;

import static org.junit.Assert.assertTrue;

import java.lang.reflect.InvocationTargetException;
import java.lang.reflect.Method;

import org.apache.dolphinscheduler.api.service.ResourcesService;
import org.apache.dolphinscheduler.api.utils.Result;
import org.apache.dolphinscheduler.common.enums.ResourceType;
import org.junit.Test;
import org.springframework.web.multipart.MultipartFile;

public class Testcase1 {
    @Test
    public void testDirectoryTraversal()
            throws IllegalAccessException, IllegalArgumentException, InvocationTargetException, NoSuchMethodException,
            SecurityException {
        ResourcesService res = new org.apache.dolphinscheduler.api.service.impl.ResourcesServiceImpl();
        Method method_verifyFile = res.getClass().getDeclaredMethod("verifyFile", String.class, ResourceType.class,
                MultipartFile.class);
        method_verifyFile.setAccessible(true);
        Object result = method_verifyFile.invoke(res, "../../abc.txt", null, null);
        validateReturnValue(result);
    }

    public void validateReturnValue(Object result) {
        assertTrue((result instanceof Result)
                && ((Result) result).getCode() == 1300009);
    }
}
```
[96m[RepairModule] Wrote modified code to /PoCAdaptation/exploit/result/CVE-2022-34662/1.3.9/exploit/src/test/java/edu/vision/se/Testcase1.java[0m
[96m[Executor] Executing exploit for CVE-2022-34662 on version 1.3.9...[0m
[96m[Verifier] Verifying reproduction...[0m
[91m[Verifier] âœ— Behavior not found: 'java.lang.AssertionError'[0m
[91m[Executor] Reproduction result: Failure[0m
[96m[ErrorManager] Ignoring line: [ERROR] Failed to execute goal org.apache.maven.plugins:maven-compiler-plugin:3.1:testCompile (default-testCompile) on project CVE-2022-34662: Compilation failure[0m
[92m[ErrorManager] Processing line: [ERROR] /PoCAdaptation/exploit/result/CVE-2022-34662/1.3.9/exploit/src/test/java/edu/vision/se/Testcase1.java:[19,80] package org.apache.dolphinscheduler.api.service.impl does not exist[0m
[96m[ErrorManager] Ignoring line: [ERROR][0m
[96m[ErrorManager] Ignoring line: [ERROR] -> [Help 1][0m
[96m[ErrorManager] Ignoring line: [ERROR][0m
[96m[ErrorManager] Ignoring line: [ERROR] To see the full stack trace of the errors, re-run Maven with the -e switch.[0m
[96m[ErrorManager] Ignoring line: [ERROR] Re-run Maven using the -X switch to enable full debug logging.[0m
[96m[ErrorManager] Ignoring line: [ERROR][0m
[96m[ErrorManager] Ignoring line: [ERROR] For more information about the errors and possible solutions, please read the following articles:[0m
[96m[ErrorManager] Ignoring line: [ERROR] [Help 1] http://cwiki.apache.org/confluence/display/MAVEN/MojoFailureException[0m
[RepairModule] Old grouped keys: {'cannot find symbol | class ResourcesServiceImpl'}
[RepairModule] New grouped keys: {'package org.apache.dolphinscheduler.api.service.impl does not exist |'}
[93m[RepairModule] [Analyzer] New error:
  File     : /PoCAdaptation/exploit/result/CVE-2022-34662/1.3.9/exploit/src/test/java/edu/vision/se/Testcase1.java
  Line     : 19, Column: 80
  Message  : package org.apache.dolphinscheduler.api.service.impl does not exist
  Symbol   : None
  Location : None
  Code     : ResourcesService res = new org.apache.dolphinscheduler.api.service.impl.ResourcesServiceImpl();
  Position : same the fixing line (19)[0m
[92m[RepairModule] Error cannot find symbol resolved after applying diff.[0m
[92m[RepairModule] Repair success with diff #(850, 855) at iteration 1![0m
[96m[Adapter] Test code repair attempted.[0m
[96m[Executor] Executing exploit for CVE-2022-34662 on version 1.3.9...[0m
[96m[Verifier] Verifying reproduction...[0m
[91m[Verifier] âœ— Behavior not found: 'java.lang.AssertionError'[0m
[91m[Executor] Reproduction result: Failure[0m
[96m[ErrorManager] Ignoring line: [ERROR] Failed to execute goal org.apache.maven.plugins:maven-compiler-plugin:3.1:testCompile (default-testCompile) on project CVE-2022-34662: Compilation failure[0m
[92m[ErrorManager] Processing line: [ERROR] /PoCAdaptation/exploit/result/CVE-2022-34662/1.3.9/exploit/src/test/java/edu/vision/se/Testcase1.java:[19,80] package org.apache.dolphinscheduler.api.service.impl does not exist[0m
[96m[ErrorManager] Ignoring line: [ERROR][0m
[96m[ErrorManager] Ignoring line: [ERROR] -> [Help 1][0m
[96m[ErrorManager] Ignoring line: [ERROR][0m
[96m[ErrorManager] Ignoring line: [ERROR] To see the full stack trace of the errors, re-run Maven with the -e switch.[0m
[96m[ErrorManager] Ignoring line: [ERROR] Re-run Maven using the -X switch to enable full debug logging.[0m
[96m[ErrorManager] Ignoring line: [ERROR][0m
[96m[ErrorManager] Ignoring line: [ERROR] For more information about the errors and possible solutions, please read the following articles:[0m
[96m[ErrorManager] Ignoring line: [ERROR] [Help 1] http://cwiki.apache.org/confluence/display/MAVEN/MojoFailureException[0m
[96m[Adapter] Locating fix position in error log.[0m
[LLMClient] Tokens used: 1494 (prompt), 1 (completion), 1495 (total)
[LLMClient] Prompt: 
You are given a Java error log when executing 'mvn test' in a project with dependency version 1.3.9:org.apache.dolphinscheduler:dolphinscheduler-api.
This test file compiles and runs successfully with version 2.0.0-alpha.

Your task is to:
1. Analyze why this issue occurs with the *2.0.0-alpha* but not with the *1.3.9 version*.
2. Consider how to resolve the issue **without updating this library**.
3. Determine and output the location in the project that should be modified to fix the problem.

Please return 'pom' if the fix is in the pom.xml file, or 'test' if the fix is in the test code.
Do not return any other text, just 'pom' or 'test'.

The error log is:
[INFO] Scanning for projects...
[INFO] 
[INFO] --------------------< edu.vision.se:CVE-2022-34662 >--------------------
[INFO] Building CVE-2022-34662 1.0-SNAPSHOT
[INFO]   from pom.xml
[INFO] --------------------------------[ jar ]---------------------------------
Downloading from maven-default-http-blocker: http://0.0.0.0/joda-time/joda-time/maven-metadata.xml
[WARNING] Could not transfer metadata joda-time:joda-time/maven-metadata.xml from/to maven-default-http-blocker (http://0.0.0.0/): transfer failed for http://0.0.0.0/joda-time/joda-time/maven-metadata.xml
[INFO] 
[INFO] --- maven-clean-plugin:2.5:clean (default-clean) @ CVE-2022-34662 ---
[INFO] Deleting /PoCAdaptation/exploit/result/CVE-2022-34662/1.3.9/exploit/target
[INFO] 
[INFO] --- maven-resources-plugin:2.6:resources (default-resources) @ CVE-2022-34662 ---
[WARNING] Using platform encoding (UTF-8 actually) to copy filtered resources, i.e. build is platform dependent!
[INFO] skip non existing resourceDirectory /PoCAdaptation/exploit/result/CVE-2022-34662/1.3.9/exploit/src/main/resources
[INFO] 
[INFO] --- maven-compiler-plugin:3.1:compile (default-compile) @ CVE-2022-34662 ---
[INFO] No sources to compile
[INFO] 
[INFO] --- maven-resources-plugin:2.6:testResources (default-testResources) @ CVE-2022-34662 ---
[WARNING] Using platform encoding (UTF-8 actually) to copy filtered resources, i.e. build is platform dependent!
[INFO] skip non existing resourceDirectory /PoCAdaptation/exploit/result/CVE-2022-34662/1.3.9/exploit/src/test/resources
[INFO] 
[INFO] --- maven-compiler-plugin:3.1:testCompile (default-testCompile) @ CVE-2022-34662 ---
[INFO] Changes detected - recompiling the module!
[WARNING] File encoding has not been set, using platform encoding UTF-8, i.e. build is platform dependent!
[INFO] Compiling 1 source file to /PoCAdaptation/exploit/result/CVE-2022-34662/1.3.9/exploit/target/test-classes
[INFO] -------------------------------------------------------------
[ERROR] COMPILATION ERROR : 
[INFO] -------------------------------------------------------------
[ERROR] /PoCAdaptation/exploit/result/CVE-2022-34662/1.3.9/exploit/src/test/java/edu/vision/se/Testcase1.java:[19,80] package org.apache.dolphinscheduler.api.service.impl does not exist
[INFO] 1 error
[INFO] -------------------------------------------------------------
[INFO] ------------------------------------------------------------------------
[INFO] BUILD FAILURE
[INFO] ------------------------------------------------------------------------
[INFO] Total time:  2.356 s
[INFO] Finished at: 2025-07-13T16:33:20Z
[INFO] ------------------------------------------------------------------------
[ERROR] Failed to execute goal org.apache.maven.plugins:maven-compiler-plugin:3.1:testCompile (default-testCompile) on project CVE-2022-34662: Compilation failure
[ERROR] /PoCAdaptation/exploit/result/CVE-2022-34662/1.3.9/exploit/src/test/java/edu/vision/se/Testcase1.java:[19,80] package org.apache.dolphinscheduler.api.service.impl does not exist
[ERROR] 
[ERROR] -> [Help 1]
[ERROR] 
[ERROR] To see the full stack trace of the errors, re-run Maven with the -e switch.
[ERROR] Re-run Maven using the -X switch to enable full debug logging.
[ERROR] 
[ERROR] For more information about the errors and possible solutions, please read the following articles:
[ERROR] [Help 1] http://cwiki.apache.org/confluence/display/MAVEN/MojoFailureException


current_pom file is:<?xml version='1.0' encoding='utf-8'?>
<project xmlns="http://maven.apache.org/POM/4.0.0" xmlns:xsi="http://www.w3.org/2001/XMLSchema-instance" xsi:schemaLocation="http://maven.apache.org/POM/4.0.0 http://maven.apache.org/xsd/maven-4.0.0.xsd">
    <modelVersion>4.0.0</modelVersion>
    <groupId>edu.vision.se</groupId>
    <artifactId>CVE-2022-34662</artifactId>
    <version>1.0-SNAPSHOT</version>

    <properties>
        <maven.compiler.source>11</maven.compiler.source>
        <maven.compiler.target>11</maven.compiler.target>
    </properties>

    <dependencies>
        
        <dependency>
            <groupId>org.apache.dolphinscheduler</groupId>
            <artifactId>dolphinscheduler-api</artifactId>
            <version>1.3.9</version>
        </dependency>
        <dependency>
            <groupId>org.projectlombok</groupId>
            <artifactId>lombok</artifactId>
            <version>1.18.28</version>
            <scope>provided</scope>
        </dependency>
        <dependency><groupId>junit</groupId><artifactId>junit</artifactId><version>4.13.2</version></dependency>
    
    </dependencies>

</project>
[LLMClient] Response: 
test
[96m[Adapter] LLM response for fix position: test[0m
[LLMClient] Tokens used: 148 (prompt), 12 (completion), 160 (total)
[LLMClient] Prompt: 
You are given an error log when executing 'mvn test' in version 1.3.9: 

Error: package org.apache.dolphinscheduler.api.service.impl does not exist, None, None 

The test executes as expected in 2.0.0-alpha 

Error code:         ResourcesService res = new org.apache.dolphinscheduler.api.service.impl.ResourcesServiceImpl(); 

Extract two key *entities* from the error for searching related diffs 

The extracted entities should reflect code-level identifiers that are likely to appear in source code or diffs. 

Output each node as a `;`-separated list, with no explanations. 


[LLMClient] Response: 
org.apache.dolphinscheduler.api.service.impl;ResourcesServiceImpl
[96m[ErrorManager] Extracted key entities: ['org.apache.dolphinscheduler.api.service.impl', 'ResourcesServiceImpl'][0m
[96m[Adapter] Try to solve error: {'file': '/PoCAdaptation/exploit/result/CVE-2022-34662/1.3.9/exploit/src/test/java/edu/vision/se/Testcase1.java', 'line': 19, 'column': 80, 'message': 'package org.apache.dolphinscheduler.api.service.impl does not exist', 'symbol': None, 'location': None, 'code_line': '        ResourcesService res = new org.apache.dolphinscheduler.api.service.impl.ResourcesServiceImpl();'} with cause: ['org.apache.dolphinscheduler.api.service.impl', 'ResourcesServiceImpl'][0m
[96m[Adapter] Related diffs for error: [(850, 8.0), (702, 4.0), (852, 4.0), (709, 2.0), (794, 2.0)][0m
[96m[Adapter] Fix position is in test code.[0m
[96m[RepairModule] Start repair for group: package org.apache.dolphinscheduler.api.service.impl does not exist | cause: ['org.apache.dolphinscheduler.api.service.impl', 'ResourcesServiceImpl'][0m
[96m[RepairModule] Trying best diff #850 with score 8.00[0m
[96m[RepairModule] Found 10 diff combinations for annealing.[0m
[96m[RepairModule] Iteration 1, temperature 1.000: Trying diff #702 with score 4.00[0m
[LLMClient] Tokens used: 687 (prompt), 267 (completion), 954 (total)
[LLMClient] Prompt: 
You are given a Java test file with compilation errors in version 1.3.9:org.apache.dolphinscheduler:dolphinscheduler-api.
This test file compiles and runs successfully in 2.0.0-alpha.

The diff is related to the diff.
Your task has three steps:
 1. Locate the code where the compilation error occurs.
 2. Analyze the diff from 2.0.0-alpha to 1.3.9.
 3. Fix the error in the error position only when diff is helpful. Add import statement when needed according to the diff. 

Only output the modified version of the test file according to the diff. No explanations. If mocking, access fields via reflection if they exist.
### Compilation Errors:
message: package org.apache.dolphinscheduler.api.service.impl does not exist, symble: None, location: None

### Error Position:
        ResourcesService res = new org.apache.dolphinscheduler.api.service.impl.ResourcesServiceImpl();

### Related Diff:
Operation: MODIFIED, File: dolphinscheduler-api/src/test/java/org/apache/dolphinscheduler/api/controller/ProcessDefinitionControllerTest.java, Hunk: @@ -18,13 +18,14 @@
 package org.apache.dolphinscheduler.api.controller;

 import org.apache.dolphinscheduler.api.enums.Status;
+import org.apache.dolphinscheduler.api.service.ProcessDefinitionService;
-import org.apache.dolphinscheduler.api.service.impl.ProcessDefinitionServiceImpl;
 import org.apache.dolphinscheduler.api.utils.PageInfo;
 import org.apache.dolphinscheduler.api.utils.Result;
 import org.apache.dolphinscheduler.common.Constants;
 import org.apache.dolphinscheduler.common.enums.ReleaseState;
 import org.apache.dolphinscheduler.common.enums.UserType;
 import org.apache.dolphinscheduler.dao.entity.ProcessDefinition;
-import org.apache.dolphinscheduler.dao.entity.ProcessDefinitionLog;
 import org.apache.dolphinscheduler.dao.entity.Resource;
 import org.apache.dolphinscheduler.dao.entity.User;

### Test File Content:
package edu.vision.se;

import static org.junit.Assert.assertTrue;

import java.lang.reflect.InvocationTargetException;
import java.lang.reflect.Method;

import org.apache.dolphinscheduler.api.service.ResourcesService;
import org.apache.dolphinscheduler.api.utils.Result;
import org.apache.dolphinscheduler.common.enums.ResourceType;
import org.junit.Test;
import org.springframework.web.multipart.MultipartFile;

public class Testcase1 {
    @Test
    public void testDirectoryTraversal()
            throws IllegalAccessException, IllegalArgumentException, InvocationTargetException, NoSuchMethodException,
            SecurityException {
        ResourcesService res = new org.apache.dolphinscheduler.api.service.impl.ResourcesServiceImpl();
        Method method_verifyFile = res.getClass().getDeclaredMethod("verifyFile", String.class, ResourceType.class,
                MultipartFile.class);
        method_verifyFile.setAccessible(true);
        Object result = method_verifyFile.invoke(res, "../../abc.txt", null, null);
        validateReturnValue(result);
    }

    public void validateReturnValue(Object result) {
        assertTrue((result instanceof Result)
                && ((Result) result).getCode() == 1300009);
    }
}



[LLMClient] Response: 
Here's the modified version of the test file according to the diff:

```java
package edu.vision.se;

import static org.junit.Assert.assertTrue;

import java.lang.reflect.InvocationTargetException;
import java.lang.reflect.Method;

import org.apache.dolphinscheduler.api.service.ResourcesService;
import org.apache.dolphinscheduler.api.utils.Result;
import org.apache.dolphinscheduler.common.enums.ResourceType;
import org.junit.Test;
import org.springframework.web.multipart.MultipartFile;

public class Testcase1 {
    @Test
    public void testDirectoryTraversal()
            throws IllegalAccessException, IllegalArgumentException, InvocationTargetException, NoSuchMethodException,
            SecurityException {
        ResourcesService res = new org.apache.dolphinscheduler.api.service.ResourcesServiceImpl();
        Method method_verifyFile = res.getClass().getDeclaredMethod("verifyFile", String.class, ResourceType.class,
                MultipartFile.class);
        method_verifyFile.setAccessible(true);
        Object result = method_verifyFile.invoke(res, "../../abc.txt", null, null);
        validateReturnValue(result);
    }

    public void validateReturnValue(Object result) {
        assertTrue((result instanceof Result)
                && ((Result) result).getCode() == 1300009);
    }
}
```
[96m[RepairModule] Wrote modified code to /PoCAdaptation/exploit/result/CVE-2022-34662/1.3.9/exploit/src/test/java/edu/vision/se/Testcase1.java[0m
[96m[Executor] Executing exploit for CVE-2022-34662 on version 1.3.9...[0m
[96m[Verifier] Verifying reproduction...[0m
[91m[Verifier] âœ— Behavior not found: 'java.lang.AssertionError'[0m
[91m[Executor] Reproduction result: Failure[0m
[96m[ErrorManager] Ignoring line: [ERROR] Failed to execute goal org.apache.maven.plugins:maven-compiler-plugin:3.1:testCompile (default-testCompile) on project CVE-2022-34662: Compilation failure[0m
[92m[ErrorManager] Processing line: [ERROR] /PoCAdaptation/exploit/result/CVE-2022-34662/1.3.9/exploit/src/test/java/edu/vision/se/Testcase1.java:[19,75] cannot find symbol[0m
[92m[ErrorManager] Processing line: [ERROR]   symbol:   class ResourcesServiceImpl[0m
[92m[ErrorManager] Processing line: [ERROR]   location: package org.apache.dolphinscheduler.api.service[0m
[96m[ErrorManager] Ignoring line: [ERROR][0m
[96m[ErrorManager] Ignoring line: [ERROR] -> [Help 1][0m
[96m[ErrorManager] Ignoring line: [ERROR][0m
[96m[ErrorManager] Ignoring line: [ERROR] To see the full stack trace of the errors, re-run Maven with the -e switch.[0m
[96m[ErrorManager] Ignoring line: [ERROR] Re-run Maven using the -X switch to enable full debug logging.[0m
[96m[ErrorManager] Ignoring line: [ERROR][0m
[96m[ErrorManager] Ignoring line: [ERROR] For more information about the errors and possible solutions, please read the following articles:[0m
[96m[ErrorManager] Ignoring line: [ERROR] [Help 1] http://cwiki.apache.org/confluence/display/MAVEN/MojoFailureException[0m
[RepairModule] Old grouped keys: {'package org.apache.dolphinscheduler.api.service.impl does not exist |'}
[RepairModule] New grouped keys: {'cannot find symbol | class ResourcesServiceImpl'}
[93m[RepairModule] [Analyzer] New error:
  File     : /PoCAdaptation/exploit/result/CVE-2022-34662/1.3.9/exploit/src/test/java/edu/vision/se/Testcase1.java
  Line     : 19, Column: 75
  Message  : cannot find symbol
  Symbol   : class ResourcesServiceImpl
  Location : package org.apache.dolphinscheduler.api.service
  Code     : ResourcesService res = new org.apache.dolphinscheduler.api.service.ResourcesServiceImpl();
  Position : same the fixing line (19)[0m
[92m[RepairModule] Error package org.apache.dolphinscheduler.api.service.impl does not exist resolved after applying diff.[0m
[92m[RepairModule] Repair success with diff #702 at iteration 1![0m
[96m[Adapter] Test code repair attempted.[0m
[96m[Executor] Executing exploit for CVE-2022-34662 on version 1.3.9...[0m
[96m[Verifier] Verifying reproduction...[0m
[91m[Verifier] âœ— Behavior not found: 'java.lang.AssertionError'[0m
[91m[Executor] Reproduction result: Failure[0m
[96m[ErrorManager] Ignoring line: [ERROR] Failed to execute goal org.apache.maven.plugins:maven-compiler-plugin:3.1:testCompile (default-testCompile) on project CVE-2022-34662: Compilation failure[0m
[92m[ErrorManager] Processing line: [ERROR] /PoCAdaptation/exploit/result/CVE-2022-34662/1.3.9/exploit/src/test/java/edu/vision/se/Testcase1.java:[19,75] cannot find symbol[0m
[92m[ErrorManager] Processing line: [ERROR]   symbol:   class ResourcesServiceImpl[0m
[92m[ErrorManager] Processing line: [ERROR]   location: package org.apache.dolphinscheduler.api.service[0m
[96m[ErrorManager] Ignoring line: [ERROR][0m
[96m[ErrorManager] Ignoring line: [ERROR] -> [Help 1][0m
[96m[ErrorManager] Ignoring line: [ERROR][0m
[96m[ErrorManager] Ignoring line: [ERROR] To see the full stack trace of the errors, re-run Maven with the -e switch.[0m
[96m[ErrorManager] Ignoring line: [ERROR] Re-run Maven using the -X switch to enable full debug logging.[0m
[96m[ErrorManager] Ignoring line: [ERROR][0m
[96m[ErrorManager] Ignoring line: [ERROR] For more information about the errors and possible solutions, please read the following articles:[0m
[96m[ErrorManager] Ignoring line: [ERROR] [Help 1] http://cwiki.apache.org/confluence/display/MAVEN/MojoFailureException[0m
[96m[Adapter] Locating fix position in error log.[0m
[LLMClient] Tokens used: 1522 (prompt), 1 (completion), 1523 (total)
[LLMClient] Prompt: 
You are given a Java error log when executing 'mvn test' in a project with dependency version 1.3.9:org.apache.dolphinscheduler:dolphinscheduler-api.
This test file compiles and runs successfully with version 2.0.0-alpha.

Your task is to:
1. Analyze why this issue occurs with the *2.0.0-alpha* but not with the *1.3.9 version*.
2. Consider how to resolve the issue **without updating this library**.
3. Determine and output the location in the project that should be modified to fix the problem.

Please return 'pom' if the fix is in the pom.xml file, or 'test' if the fix is in the test code.
Do not return any other text, just 'pom' or 'test'.

The error log is:
[INFO] Scanning for projects...
[INFO] 
[INFO] --------------------< edu.vision.se:CVE-2022-34662 >--------------------
[INFO] Building CVE-2022-34662 1.0-SNAPSHOT
[INFO]   from pom.xml
[INFO] --------------------------------[ jar ]---------------------------------
Downloading from maven-default-http-blocker: http://0.0.0.0/joda-time/joda-time/maven-metadata.xml
[WARNING] Could not transfer metadata joda-time:joda-time/maven-metadata.xml from/to maven-default-http-blocker (http://0.0.0.0/): transfer failed for http://0.0.0.0/joda-time/joda-time/maven-metadata.xml
[INFO] 
[INFO] --- maven-clean-plugin:2.5:clean (default-clean) @ CVE-2022-34662 ---
[INFO] Deleting /PoCAdaptation/exploit/result/CVE-2022-34662/1.3.9/exploit/target
[INFO] 
[INFO] --- maven-resources-plugin:2.6:resources (default-resources) @ CVE-2022-34662 ---
[WARNING] Using platform encoding (UTF-8 actually) to copy filtered resources, i.e. build is platform dependent!
[INFO] skip non existing resourceDirectory /PoCAdaptation/exploit/result/CVE-2022-34662/1.3.9/exploit/src/main/resources
[INFO] 
[INFO] --- maven-compiler-plugin:3.1:compile (default-compile) @ CVE-2022-34662 ---
[INFO] No sources to compile
[INFO] 
[INFO] --- maven-resources-plugin:2.6:testResources (default-testResources) @ CVE-2022-34662 ---
[WARNING] Using platform encoding (UTF-8 actually) to copy filtered resources, i.e. build is platform dependent!
[INFO] skip non existing resourceDirectory /PoCAdaptation/exploit/result/CVE-2022-34662/1.3.9/exploit/src/test/resources
[INFO] 
[INFO] --- maven-compiler-plugin:3.1:testCompile (default-testCompile) @ CVE-2022-34662 ---
[INFO] Changes detected - recompiling the module!
[WARNING] File encoding has not been set, using platform encoding UTF-8, i.e. build is platform dependent!
[INFO] Compiling 1 source file to /PoCAdaptation/exploit/result/CVE-2022-34662/1.3.9/exploit/target/test-classes
[INFO] -------------------------------------------------------------
[ERROR] COMPILATION ERROR : 
[INFO] -------------------------------------------------------------
[ERROR] /PoCAdaptation/exploit/result/CVE-2022-34662/1.3.9/exploit/src/test/java/edu/vision/se/Testcase1.java:[19,75] cannot find symbol
  symbol:   class ResourcesServiceImpl
  location: package org.apache.dolphinscheduler.api.service
[INFO] 1 error
[INFO] -------------------------------------------------------------
[INFO] ------------------------------------------------------------------------
[INFO] BUILD FAILURE
[INFO] ------------------------------------------------------------------------
[INFO] Total time:  2.613 s
[INFO] Finished at: 2025-07-13T16:33:52Z
[INFO] ------------------------------------------------------------------------
[ERROR] Failed to execute goal org.apache.maven.plugins:maven-compiler-plugin:3.1:testCompile (default-testCompile) on project CVE-2022-34662: Compilation failure
[ERROR] /PoCAdaptation/exploit/result/CVE-2022-34662/1.3.9/exploit/src/test/java/edu/vision/se/Testcase1.java:[19,75] cannot find symbol
[ERROR]   symbol:   class ResourcesServiceImpl
[ERROR]   location: package org.apache.dolphinscheduler.api.service
[ERROR] 
[ERROR] -> [Help 1]
[ERROR] 
[ERROR] To see the full stack trace of the errors, re-run Maven with the -e switch.
[ERROR] Re-run Maven using the -X switch to enable full debug logging.
[ERROR] 
[ERROR] For more information about the errors and possible solutions, please read the following articles:
[ERROR] [Help 1] http://cwiki.apache.org/confluence/display/MAVEN/MojoFailureException


current_pom file is:<?xml version='1.0' encoding='utf-8'?>
<project xmlns="http://maven.apache.org/POM/4.0.0" xmlns:xsi="http://www.w3.org/2001/XMLSchema-instance" xsi:schemaLocation="http://maven.apache.org/POM/4.0.0 http://maven.apache.org/xsd/maven-4.0.0.xsd">
    <modelVersion>4.0.0</modelVersion>
    <groupId>edu.vision.se</groupId>
    <artifactId>CVE-2022-34662</artifactId>
    <version>1.0-SNAPSHOT</version>

    <properties>
        <maven.compiler.source>11</maven.compiler.source>
        <maven.compiler.target>11</maven.compiler.target>
    </properties>

    <dependencies>
        
        <dependency>
            <groupId>org.apache.dolphinscheduler</groupId>
            <artifactId>dolphinscheduler-api</artifactId>
            <version>1.3.9</version>
        </dependency>
        <dependency>
            <groupId>org.projectlombok</groupId>
            <artifactId>lombok</artifactId>
            <version>1.18.28</version>
            <scope>provided</scope>
        </dependency>
        <dependency><groupId>junit</groupId><artifactId>junit</artifactId><version>4.13.2</version></dependency>
    
    </dependencies>

</project>
[LLMClient] Response: 
test
[96m[Adapter] LLM response for fix position: test[0m
[LLMClient] Tokens used: 147 (prompt), 14 (completion), 161 (total)
[LLMClient] Prompt: 
You are given an error log when executing 'mvn test' in version 1.3.9: 

Error: cannot find symbol, class ResourcesServiceImpl, package org.apache.dolphinscheduler.api.service 

The test executes as expected in 2.0.0-alpha 

Error code:         ResourcesService res = new org.apache.dolphinscheduler.api.service.ResourcesServiceImpl(); 

Extract two key *entities* from the error for searching related diffs 

The extracted entities should reflect code-level identifiers that are likely to appear in source code or diffs. 

Output each node as a `;`-separated list, with no explanations. 


[LLMClient] Response: 
org.apache.dolphinscheduler.api.service.ResourcesServiceImpl;ResourcesService
[96m[ErrorManager] Extracted key entities: ['org.apache.dolphinscheduler.api.service.ResourcesServiceImpl', 'ResourcesService'][0m
[96m[Adapter] Try to solve error: {'file': '/PoCAdaptation/exploit/result/CVE-2022-34662/1.3.9/exploit/src/test/java/edu/vision/se/Testcase1.java', 'line': 19, 'column': 75, 'message': 'cannot find symbol', 'symbol': 'class ResourcesServiceImpl', 'location': 'package org.apache.dolphinscheduler.api.service', 'code_line': '        ResourcesService res = new org.apache.dolphinscheduler.api.service.ResourcesServiceImpl();'} with cause: ['org.apache.dolphinscheduler.api.service.ResourcesServiceImpl', 'ResourcesService'][0m
[96m[Adapter] Related diffs for error: [(850, 4.0), (852, 4.0), (853, 4.0), (854, 4.0), (855, 4.0)][0m
[96m[Adapter] Fix position is in test code.[0m
[96m[RepairModule] Start repair for group: cannot find symbol | class ResourcesServiceImpl cause: ['org.apache.dolphinscheduler.api.service.ResourcesServiceImpl', 'ResourcesService'][0m
[96m[RepairModule] Trying best diff #850 with score 4.00[0m
[96m[RepairModule] Found 10 diff combinations for annealing.[0m
[96m[RepairModule] Iteration 1, temperature 1.000: Trying diff #(852, 855) with score 4.00[0m
[LLMClient] Tokens used: 2273 (prompt), 267 (completion), 2540 (total)
[LLMClient] Prompt: 
You are given a Java test file with compilation errors in version 1.3.9:org.apache.dolphinscheduler:dolphinscheduler-api.
This test file compiles and runs successfully in 2.0.0-alpha.

The diff is related to the diff.
Your task has three steps:
 1. Locate the code where the compilation error occurs.
 2. Analyze the diff from 2.0.0-alpha to 1.3.9.
 3. Fix the error in the error position only when diff is helpful. Add import statement when needed according to the diff. 

Only output the modified version of the test file according to the diff. No explanations. If mocking, access fields via reflection if they exist.
### Compilation Errors:
message: cannot find symbol, symble: class ResourcesServiceImpl, location: package org.apache.dolphinscheduler.api.service

### Error Position:
        ResourcesService res = new org.apache.dolphinscheduler.api.service.ResourcesServiceImpl();

### Related Diff:
Operation: MODIFIED, File: dolphinscheduler-api/src/test/java/org/apache/dolphinscheduler/api/service/ResourcesServiceTest.java, Hunk: @@ -48,34 +60,43 @@
 import org.slf4j.LoggerFactory;
 import org.springframework.mock.web.MockMultipartFile;

+import java.io.IOException;
+import java.util.ArrayList;
+import java.util.List;
+import java.util.Map;
-import com.baomidou.mybatisplus.core.metadata.IPage;
-import com.baomidou.mybatisplus.extension.plugins.pagination.Page;

-/**
- * resources service test
- */
 @RunWith(PowerMockRunner.class)
 @PowerMockIgnore({"sun.security.*", "javax.net.*"})
+@PrepareForTest({HadoopUtils.class,PropertyUtils.class, FileUtils.class,org.apache.dolphinscheduler.api.utils.FileUtils.class})
-@PrepareForTest({HadoopUtils.class, PropertyUtils.class, FileUtils.class, org.apache.dolphinscheduler.api.utils.FileUtils.class})
 public class ResourcesServiceTest {
-
     private static final Logger logger = LoggerFactory.getLogger(ResourcesServiceTest.class);

     @InjectMocks
+    private ResourcesService resourcesService;
-    private ResourcesServiceImpl resourcesService;
-
     @Mock
     private ResourceMapper resourcesMapper;
-
     @Mock
     private TenantMapper tenantMapper;
+    @Mock
+    private ResourceUserMapper resourceUserMapper;
-
     @Mock
     private HadoopUtils hadoopUtils;
-
     @Mock
     private UserMapper userMapper;
-
     @Mock
     private UdfFuncMapper udfFunctionMapper;
-
     @Mock
     private ProcessDefinitionMapper processDefinitionMapper;

-    @Mock
-    private ResourceUserMapper resourceUserMapper;
-
     @Before
     public void setUp() {

Operation: MODIFIED, File: dolphinscheduler-api/src/test/java/org/apache/dolphinscheduler/api/service/ResourcesServiceTest.java, Hunk: @@ -199,70 +219,70 @@ public void testUpdateResource(){
         try {
             Mockito.when(HadoopUtils.getInstance().exists(Mockito.any())).thenReturn(true);
         } catch (IOException e) {
+            logger.error(e.getMessage(),e);
-            logger.error(e.getMessage(), e);
         }

+        result = resourcesService.updateResource(user,1,"ResourcesServiceTest.jar","ResourcesServiceTest",ResourceType.FILE,null);
-        result = resourcesService.updateResource(user, 1, "ResourcesServiceTest.jar", "ResourcesServiceTest", ResourceType.FILE, null);
         logger.info(result.toString());
+        Assert.assertEquals(Status.SUCCESS.getMsg(),result.getMsg());
-        Assert.assertEquals(Status.SUCCESS.getMsg(), result.getMsg());

         //RESOURCE_EXIST
+        Mockito.when(resourcesMapper.queryResourceList("/ResourcesServiceTest1.jar", 0, 0)).thenReturn(getResourceList());
+        result = resourcesService.updateResource(user,1,"ResourcesServiceTest1.jar","ResourcesServiceTest",ResourceType.FILE,null);
-        Mockito.when(resourcesMapper.existResource("/ResourcesServiceTest1.jar", 0, 0)).thenReturn(true);
-        result = resourcesService.updateResource(user, 1, "ResourcesServiceTest1.jar", "ResourcesServiceTest", ResourceType.FILE, null);
         logger.info(result.toString());
+        Assert.assertEquals(Status.RESOURCE_EXIST.getMsg(),result.getMsg());
-        Assert.assertEquals(Status.RESOURCE_EXIST.getMsg(), result.getMsg());
         //USER_NOT_EXIST
         Mockito.when(userMapper.selectById(Mockito.anyInt())).thenReturn(null);
+        result = resourcesService.updateResource(user,1,"ResourcesServiceTest1.jar","ResourcesServiceTest",ResourceType.UDF,null);
-        result = resourcesService.updateResource(user, 1, "ResourcesServiceTest1.jar", "ResourcesServiceTest", ResourceType.UDF, null);
         logger.info(result.toString());
         Assert.assertTrue(Status.USER_NOT_EXIST.getCode() == result.getCode());

         //TENANT_NOT_EXIST
         Mockito.when(userMapper.selectById(1)).thenReturn(getUser());
         Mockito.when(tenantMapper.queryById(Mockito.anyInt())).thenReturn(null);
+        result = resourcesService.updateResource(user,1,"ResourcesServiceTest1.jar","ResourcesServiceTest",ResourceType.UDF,null);
-        result = resourcesService.updateResource(user, 1, "ResourcesServiceTest1.jar", "ResourcesServiceTest", ResourceType.UDF, null);
         logger.info(result.toString());
+        Assert.assertEquals(Status.TENANT_NOT_EXIST.getMsg(),result.getMsg());
+
-        Assert.assertEquals(Status.TENANT_NOT_EXIST.getMsg(), result.getMsg());

         //SUCCESS
         Mockito.when(tenantMapper.queryById(1)).thenReturn(getTenant());
         PowerMockito.when(HadoopUtils.getHdfsResourceFileName(Mockito.any(), Mockito.any())).thenReturn("test");
         try {
+            PowerMockito.when(HadoopUtils.getInstance().copy(Mockito.anyString(),Mockito.anyString(),true,true)).thenReturn(true);
-            PowerMockito.when(HadoopUtils.getInstance().copy(Mockito.anyString(), Mockito.anyString(), true, true)).thenReturn(true);
         } catch (Exception e) {
+            logger.error(e.getMessage(),e);
-            logger.error(e.getMessage(), e);
         }

+        result = resourcesService.updateResource(user,1,"ResourcesServiceTest1.jar","ResourcesServiceTest1.jar",ResourceType.UDF,null);
-        result = resourcesService.updateResource(user, 1, "ResourcesServiceTest1.jar", "ResourcesServiceTest1.jar", ResourceType.UDF, null);
         logger.info(result.toString());
+        Assert.assertEquals(Status.SUCCESS.getMsg(),result.getMsg());
-        Assert.assertEquals(Status.SUCCESS.getMsg(), result.getMsg());

     }

     @Test
+    public void testQueryResourceListPaging(){
-    public void testQueryResourceListPaging() {
         User loginUser = new User();
         loginUser.setUserType(UserType.ADMIN_USER);
+        IPage<Resource> resourcePage = new Page<>(1,10);
-        IPage<Resource> resourcePage = new Page<>(1, 10);
         resourcePage.setTotal(1);
         resourcePage.setRecords(getResourceList());
-
         Mockito.when(resourcesMapper.queryResourcePaging(Mockito.any(Page.class),
+                Mockito.eq(0),Mockito.eq(-1), Mockito.eq(0), Mockito.eq("test"))).thenReturn(resourcePage);
+        Map<String, Object> result = resourcesService.queryResourceListPaging(loginUser,-1,ResourceType.FILE,"test",1,10);
-                Mockito.eq(0), Mockito.eq(-1), Mockito.eq(0), Mockito.eq("test"), Mockito.any())).thenReturn(resourcePage);
-        Result result = resourcesService.queryResourceListPaging(loginUser, -1, ResourceType.FILE, "test", 1, 10);
         logger.info(result.toString());
+        Assert.assertEquals(Status.SUCCESS, result.get(Constants.STATUS));
+        PageInfo pageInfo = (PageInfo) result.get(Constants.DATA_LIST);
+        Assert.assertTrue(CollectionUtils.isNotEmpty(pageInfo.getLists()));
-        Assert.assertEquals(Status.SUCCESS.getCode(), (int)result.getCode());
-        PageInfo pageInfo = (PageInfo) result.getData();
-        Assert.assertTrue(CollectionUtils.isNotEmpty(pageInfo.getTotalList()));

     }

     @Test
+    public void testQueryResourceList(){
-    public void testQueryResourceList() {
         User loginUser = new User();
         loginUser.setId(0);
         loginUser.setUserType(UserType.ADMIN_USER);
+        Mockito.when(resourcesMapper.queryResourceListAuthored(0, 0,0)).thenReturn(getResourceList());
-        Mockito.when(resourcesMapper.queryResourceListAuthored(0, 0)).thenReturn(getResourceList());
         Map<String, Object> result = resourcesService.queryResourceList(loginUser, ResourceType.FILE);
         logger.info(result.toString());
         Assert.assertEquals(Status.SUCCESS, result.get(Constants.STATUS));

### Test File Content:
package edu.vision.se;

import static org.junit.Assert.assertTrue;

import java.lang.reflect.InvocationTargetException;
import java.lang.reflect.Method;

import org.apache.dolphinscheduler.api.service.ResourcesService;
import org.apache.dolphinscheduler.api.utils.Result;
import org.apache.dolphinscheduler.common.enums.ResourceType;
import org.junit.Test;
import org.springframework.web.multipart.MultipartFile;

public class Testcase1 {
    @Test
    public void testDirectoryTraversal()
            throws IllegalAccessException, IllegalArgumentException, InvocationTargetException, NoSuchMethodException,
            SecurityException {
        ResourcesService res = new org.apache.dolphinscheduler.api.service.ResourcesServiceImpl();
        Method method_verifyFile = res.getClass().getDeclaredMethod("verifyFile", String.class, ResourceType.class,
                MultipartFile.class);
        method_verifyFile.setAccessible(true);
        Object result = method_verifyFile.invoke(res, "../../abc.txt", null, null);
        validateReturnValue(result);
    }

    public void validateReturnValue(Object result) {
        assertTrue((result instanceof Result)
                && ((Result) result).getCode() == 1300009);
    }
}



[LLMClient] Response: 
Here's the modified version of the test file according to the diff:

```java
package edu.vision.se;

import static org.junit.Assert.assertTrue;

import java.lang.reflect.InvocationTargetException;
import java.lang.reflect.Method;

import org.apache.dolphinscheduler.api.service.ResourcesService;
import org.apache.dolphinscheduler.api.utils.Result;
import org.apache.dolphinscheduler.common.enums.ResourceType;
import org.junit.Test;
import org.springframework.web.multipart.MultipartFile;

public class Testcase1 {
    @Test
    public void testDirectoryTraversal()
            throws IllegalAccessException, IllegalArgumentException, InvocationTargetException, NoSuchMethodException,
            SecurityException {
        ResourcesService res = new org.apache.dolphinscheduler.api.service.ResourcesService();
        Method method_verifyFile = res.getClass().getDeclaredMethod("verifyFile", String.class, ResourceType.class,
                MultipartFile.class);
        method_verifyFile.setAccessible(true);
        Object result = method_verifyFile.invoke(res, "../../abc.txt", null, null);
        validateReturnValue(result);
    }

    public void validateReturnValue(Object result) {
        assertTrue((result instanceof Result)
                && ((Result) result).getCode() == 1300009);
    }
}
```
[96m[RepairModule] Wrote modified code to /PoCAdaptation/exploit/result/CVE-2022-34662/1.3.9/exploit/src/test/java/edu/vision/se/Testcase1.java[0m
[96m[Executor] Executing exploit for CVE-2022-34662 on version 1.3.9...[0m
[96m[Verifier] Verifying reproduction...[0m
[91m[Verifier] âœ— Behavior not found: 'java.lang.AssertionError'[0m
[91m[Executor] Reproduction result: Failure[0m
[96m[ErrorManager] Ignoring line: [ERROR] Failed to execute goal org.apache.maven.plugins:maven-surefire-plugin:2.12.4:test (default-test) on project CVE-2022-34662: There are test failures.[0m
[96m[ErrorManager] Ignoring line: [ERROR][0m
[96m[ErrorManager] Ignoring line: [ERROR] Please refer to /PoCAdaptation/exploit/result/CVE-2022-34662/1.3.9/exploit/target/surefire-reports for the individual test results.[0m
[96m[ErrorManager] Ignoring line: [ERROR] -> [Help 1][0m
[96m[ErrorManager] Ignoring line: [ERROR][0m
[96m[ErrorManager] Ignoring line: [ERROR] To see the full stack trace of the errors, re-run Maven with the -e switch.[0m
[96m[ErrorManager] Ignoring line: [ERROR] Re-run Maven using the -X switch to enable full debug logging.[0m
[96m[ErrorManager] Ignoring line: [ERROR][0m
[96m[ErrorManager] Ignoring line: [ERROR] For more information about the errors and possible solutions, please read the following articles:[0m
[96m[ErrorManager] Ignoring line: [ERROR] [Help 1] http://cwiki.apache.org/confluence/display/MAVEN/MojoFailureException[0m
[96m[ErrorManager] Using fallback error line: [ERROR] Failed to execute goal org.apache.maven.plugins:maven-surefire-plugin:2.12.4:test (default-test) on project CVE-2022-34662: There are test failures.[0m
[91m[ErrorManager] Failed to read file UNKNOWN: [Errno 2] No such file or directory: 'UNKNOWN'[0m
[RepairModule] Old grouped keys: {'cannot find symbol | class ResourcesServiceImpl'}
[RepairModule] New grouped keys: {'[ERROR] Failed to execute goal org.apache.maven.plugins:maven-surefire-plugin:2.12.4:test (default-test) on project CVE-2022-34662: There are test failures. |'}
[92m[RepairModule] Error cannot find symbol resolved after applying diff.[0m
[92m[RepairModule] Repair success with diff #(852, 855) at iteration 1![0m
[96m[Adapter] Test code repair attempted.[0m
[96m[Executor] Executing exploit for CVE-2022-34662 on version 1.3.9...[0m
[96m[Verifier] Verifying reproduction...[0m
[91m[Verifier] âœ— Behavior not found: 'java.lang.AssertionError'[0m
[91m[Executor] Reproduction result: Failure[0m
[96m[ErrorManager] Ignoring line: [ERROR] Failed to execute goal org.apache.maven.plugins:maven-surefire-plugin:2.12.4:test (default-test) on project CVE-2022-34662: There are test failures.[0m
[96m[ErrorManager] Ignoring line: [ERROR][0m
[96m[ErrorManager] Ignoring line: [ERROR] Please refer to /PoCAdaptation/exploit/result/CVE-2022-34662/1.3.9/exploit/target/surefire-reports for the individual test results.[0m
[96m[ErrorManager] Ignoring line: [ERROR] -> [Help 1][0m
[96m[ErrorManager] Ignoring line: [ERROR][0m
[96m[ErrorManager] Ignoring line: [ERROR] To see the full stack trace of the errors, re-run Maven with the -e switch.[0m
[96m[ErrorManager] Ignoring line: [ERROR] Re-run Maven using the -X switch to enable full debug logging.[0m
[96m[ErrorManager] Ignoring line: [ERROR][0m
[96m[ErrorManager] Ignoring line: [ERROR] For more information about the errors and possible solutions, please read the following articles:[0m
[96m[ErrorManager] Ignoring line: [ERROR] [Help 1] http://cwiki.apache.org/confluence/display/MAVEN/MojoFailureException[0m
[96m[ErrorManager] Using fallback error line: [ERROR] Failed to execute goal org.apache.maven.plugins:maven-surefire-plugin:2.12.4:test (default-test) on project CVE-2022-34662: There are test failures.[0m
[91m[ErrorManager] Failed to read file UNKNOWN: [Errno 2] No such file or directory: 'UNKNOWN'[0m
[96m[Adapter] Locating fix position in error log.[0m
[LLMClient] Tokens used: 2653 (prompt), 1 (completion), 2654 (total)
[LLMClient] Prompt: 
You are given a Java error log when executing 'mvn test' in a project with dependency version 1.3.9:org.apache.dolphinscheduler:dolphinscheduler-api.
This test file compiles and runs successfully with version 2.0.0-alpha.

Your task is to:
1. Analyze why this issue occurs with the *2.0.0-alpha* but not with the *1.3.9 version*.
2. Consider how to resolve the issue **without updating this library**.
3. Determine and output the location in the project that should be modified to fix the problem.

Please return 'pom' if the fix is in the pom.xml file, or 'test' if the fix is in the test code.
Do not return any other text, just 'pom' or 'test'.

The error log is:
[INFO] Scanning for projects...
[INFO] 
[INFO] --------------------< edu.vision.se:CVE-2022-34662 >--------------------
[INFO] Building CVE-2022-34662 1.0-SNAPSHOT
[INFO]   from pom.xml
[INFO] --------------------------------[ jar ]---------------------------------
Downloading from maven-default-http-blocker: http://0.0.0.0/joda-time/joda-time/maven-metadata.xml
[WARNING] Could not transfer metadata joda-time:joda-time/maven-metadata.xml from/to maven-default-http-blocker (http://0.0.0.0/): transfer failed for http://0.0.0.0/joda-time/joda-time/maven-metadata.xml
[INFO] 
[INFO] --- maven-clean-plugin:2.5:clean (default-clean) @ CVE-2022-34662 ---
[INFO] Deleting /PoCAdaptation/exploit/result/CVE-2022-34662/1.3.9/exploit/target
[INFO] 
[INFO] --- maven-resources-plugin:2.6:resources (default-resources) @ CVE-2022-34662 ---
[WARNING] Using platform encoding (UTF-8 actually) to copy filtered resources, i.e. build is platform dependent!
[INFO] skip non existing resourceDirectory /PoCAdaptation/exploit/result/CVE-2022-34662/1.3.9/exploit/src/main/resources
[INFO] 
[INFO] --- maven-compiler-plugin:3.1:compile (default-compile) @ CVE-2022-34662 ---
[INFO] No sources to compile
[INFO] 
[INFO] --- maven-resources-plugin:2.6:testResources (default-testResources) @ CVE-2022-34662 ---
[WARNING] Using platform encoding (UTF-8 actually) to copy filtered resources, i.e. build is platform dependent!
[INFO] skip non existing resourceDirectory /PoCAdaptation/exploit/result/CVE-2022-34662/1.3.9/exploit/src/test/resources
[INFO] 
[INFO] --- maven-compiler-plugin:3.1:testCompile (default-testCompile) @ CVE-2022-34662 ---
[INFO] Changes detected - recompiling the module!
[WARNING] File encoding has not been set, using platform encoding UTF-8, i.e. build is platform dependent!
[INFO] Compiling 1 source file to /PoCAdaptation/exploit/result/CVE-2022-34662/1.3.9/exploit/target/test-classes
[INFO] 
[INFO] --- maven-surefire-plugin:2.12.4:test (default-test) @ CVE-2022-34662 ---
[INFO] Surefire report directory: /PoCAdaptation/exploit/result/CVE-2022-34662/1.3.9/exploit/target/surefire-reports

-------------------------------------------------------
 T E S T S
-------------------------------------------------------
Running edu.vision.se.Testcase1
Tests run: 1, Failures: 0, Errors: 1, Skipped: 0, Time elapsed: 0.094 sec <<< FAILURE!
testDirectoryTraversal(edu.vision.se.Testcase1)  Time elapsed: 0.079 sec  <<< ERROR!
java.lang.NoSuchMethodException: org.apache.dolphinscheduler.api.service.ResourcesService.verifyFile(java.lang.String, org.apache.dolphinscheduler.common.enums.ResourceType, org.springframework.web.multipart.MultipartFile)
	at java.base/java.lang.Class.getDeclaredMethod(Class.java:2476)
	at edu.vision.se.Testcase1.testDirectoryTraversal(Testcase1.java:20)
	at java.base/jdk.internal.reflect.NativeMethodAccessorImpl.invoke0(Native Method)
	at java.base/jdk.internal.reflect.NativeMethodAccessorImpl.invoke(NativeMethodAccessorImpl.java:62)
	at java.base/jdk.internal.reflect.DelegatingMethodAccessorImpl.invoke(DelegatingMethodAccessorImpl.java:43)
	at java.base/java.lang.reflect.Method.invoke(Method.java:566)
	at org.junit.runners.model.FrameworkMethod$1.runReflectiveCall(FrameworkMethod.java:59)
	at org.junit.internal.runners.model.ReflectiveCallable.run(ReflectiveCallable.java:12)
	at org.junit.runners.model.FrameworkMethod.invokeExplosively(FrameworkMethod.java:56)
	at org.junit.internal.runners.statements.InvokeMethod.evaluate(InvokeMethod.java:17)
	at org.junit.runners.ParentRunner$3.evaluate(ParentRunner.java:306)
	at org.junit.runners.BlockJUnit4ClassRunner$1.evaluate(BlockJUnit4ClassRunner.java:100)
	at org.junit.runners.ParentRunner.runLeaf(ParentRunner.java:366)
	at org.junit.runners.BlockJUnit4ClassRunner.runChild(BlockJUnit4ClassRunner.java:103)
	at org.junit.runners.BlockJUnit4ClassRunner.runChild(BlockJUnit4ClassRunner.java:63)
	at org.junit.runners.ParentRunner$4.run(ParentRunner.java:331)
	at org.junit.runners.ParentRunner$1.schedule(ParentRunner.java:79)
	at org.junit.runners.ParentRunner.runChildren(ParentRunner.java:329)
	at org.junit.runners.ParentRunner.access$100(ParentRunner.java:66)
	at org.junit.runners.ParentRunner$2.evaluate(ParentRunner.java:293)
	at org.junit.runners.ParentRunner$3.evaluate(ParentRunner.java:306)
	at org.junit.runners.ParentRunner.run(ParentRunner.java:413)
	at org.apache.maven.surefire.junit4.JUnit4Provider.execute(JUnit4Provider.java:252)
	at org.apache.maven.surefire.junit4.JUnit4Provider.executeTestSet(JUnit4Provider.java:141)
	at org.apache.maven.surefire.junit4.JUnit4Provider.invoke(JUnit4Provider.java:112)
	at java.base/jdk.internal.reflect.NativeMethodAccessorImpl.invoke0(Native Method)
	at java.base/jdk.internal.reflect.NativeMethodAccessorImpl.invoke(NativeMethodAccessorImpl.java:62)
	at java.base/jdk.internal.reflect.DelegatingMethodAccessorImpl.invoke(DelegatingMethodAccessorImpl.java:43)
	at java.base/java.lang.reflect.Method.invoke(Method.java:566)
	at org.apache.maven.surefire.util.ReflectionUtils.invokeMethodWithArray(ReflectionUtils.java:189)
	at org.apache.maven.surefire.booter.ProviderFactory$ProviderProxy.invoke(ProviderFactory.java:165)
	at org.apache.maven.surefire.booter.ProviderFactory.invokeProvider(ProviderFactory.java:85)
	at org.apache.maven.surefire.booter.ForkedBooter.runSuitesInProcess(ForkedBooter.java:115)
	at org.apache.maven.surefire.booter.ForkedBooter.main(ForkedBooter.java:75)


Results :

Tests in error: 
  testDirectoryTraversal(edu.vision.se.Testcase1): org.apache.dolphinscheduler.api.service.ResourcesService.verifyFile(java.lang.String, org.apache.dolphinscheduler.common.enums.ResourceType, org.springframework.web.multipart.MultipartFile)

Tests run: 1, Failures: 0, Errors: 1, Skipped: 0

[INFO] ------------------------------------------------------------------------
[INFO] BUILD FAILURE
[INFO] ------------------------------------------------------------------------
[INFO] Total time:  2.919 s
[INFO] Finished at: 2025-07-13T16:34:26Z
[INFO] ------------------------------------------------------------------------
[ERROR] Failed to execute goal org.apache.maven.plugins:maven-surefire-plugin:2.12.4:test (default-test) on project CVE-2022-34662: There are test failures.
[ERROR] 
[ERROR] Please refer to /PoCAdaptation/exploit/result/CVE-2022-34662/1.3.9/exploit/target/surefire-reports for the individual test results.
[ERROR] -> [Help 1]
[ERROR] 
[ERROR] To see the full stack trace of the errors, re-run Maven with the -e switch.
[ERROR] Re-run Maven using the -X switch to enable full debug logging.
[ERROR] 
[ERROR] For more information about the errors and possible solutions, please read the following articles:
[ERROR] [Help 1] http://cwiki.apache.org/confluence/display/MAVEN/MojoFailureException

SLF4J: Class path contains multiple SLF4J bindings.
SLF4J: Found binding in [jar:file:/root/.m2/repository/ch/qos/logback/logback-classic/1.2.3/logback-classic-1.2.3.jar!/org/slf4j/impl/StaticLoggerBinder.class]
SLF4J: Found binding in [jar:file:/root/.m2/repository/org/slf4j/slf4j-log4j12/1.7.10/slf4j-log4j12-1.7.10.jar!/org/slf4j/impl/StaticLoggerBinder.class]
SLF4J: See http://www.slf4j.org/codes.html#multiple_bindings for an explanation.
SLF4J: Actual binding is of type [ch.qos.logback.classic.util.ContextSelectorStaticBinder]

current_pom file is:<?xml version='1.0' encoding='utf-8'?>
<project xmlns="http://maven.apache.org/POM/4.0.0" xmlns:xsi="http://www.w3.org/2001/XMLSchema-instance" xsi:schemaLocation="http://maven.apache.org/POM/4.0.0 http://maven.apache.org/xsd/maven-4.0.0.xsd">
    <modelVersion>4.0.0</modelVersion>
    <groupId>edu.vision.se</groupId>
    <artifactId>CVE-2022-34662</artifactId>
    <version>1.0-SNAPSHOT</version>

    <properties>
        <maven.compiler.source>11</maven.compiler.source>
        <maven.compiler.target>11</maven.compiler.target>
    </properties>

    <dependencies>
        
        <dependency>
            <groupId>org.apache.dolphinscheduler</groupId>
            <artifactId>dolphinscheduler-api</artifactId>
            <version>1.3.9</version>
        </dependency>
        <dependency>
            <groupId>org.projectlombok</groupId>
            <artifactId>lombok</artifactId>
            <version>1.18.28</version>
            <scope>provided</scope>
        </dependency>
        <dependency><groupId>junit</groupId><artifactId>junit</artifactId><version>4.13.2</version></dependency>
    
    </dependencies>

</project>
[LLMClient] Response: 
test
[96m[Adapter] LLM response for fix position: test[0m
[LLMClient] Tokens used: 2270 (prompt), 5 (completion), 2275 (total)
[LLMClient] Prompt: 
You are given an error log when executing 'mvn test' in a project relying on a library with version 1.3.9: 

Error: [INFO] Scanning for projects...
[INFO] 
[INFO] --------------------< edu.vision.se:CVE-2022-34662 >--------------------
[INFO] Building CVE-2022-34662 1.0-SNAPSHOT
[INFO]   from pom.xml
[INFO] --------------------------------[ jar ]---------------------------------
Downloading from maven-default-http-blocker: http://0.0.0.0/joda-time/joda-time/maven-metadata.xml
[WARNING] Could not transfer metadata joda-time:joda-time/maven-metadata.xml from/to maven-default-http-blocker (http://0.0.0.0/): transfer failed for http://0.0.0.0/joda-time/joda-time/maven-metadata.xml
[INFO] 
[INFO] --- maven-clean-plugin:2.5:clean (default-clean) @ CVE-2022-34662 ---
[INFO] Deleting /PoCAdaptation/exploit/result/CVE-2022-34662/1.3.9/exploit/target
[INFO] 
[INFO] --- maven-resources-plugin:2.6:resources (default-resources) @ CVE-2022-34662 ---
[WARNING] Using platform encoding (UTF-8 actually) to copy filtered resources, i.e. build is platform dependent!
[INFO] skip non existing resourceDirectory /PoCAdaptation/exploit/result/CVE-2022-34662/1.3.9/exploit/src/main/resources
[INFO] 
[INFO] --- maven-compiler-plugin:3.1:compile (default-compile) @ CVE-2022-34662 ---
[INFO] No sources to compile
[INFO] 
[INFO] --- maven-resources-plugin:2.6:testResources (default-testResources) @ CVE-2022-34662 ---
[WARNING] Using platform encoding (UTF-8 actually) to copy filtered resources, i.e. build is platform dependent!
[INFO] skip non existing resourceDirectory /PoCAdaptation/exploit/result/CVE-2022-34662/1.3.9/exploit/src/test/resources
[INFO] 
[INFO] --- maven-compiler-plugin:3.1:testCompile (default-testCompile) @ CVE-2022-34662 ---
[INFO] Changes detected - recompiling the module!
[WARNING] File encoding has not been set, using platform encoding UTF-8, i.e. build is platform dependent!
[INFO] Compiling 1 source file to /PoCAdaptation/exploit/result/CVE-2022-34662/1.3.9/exploit/target/test-classes
[INFO] 
[INFO] --- maven-surefire-plugin:2.12.4:test (default-test) @ CVE-2022-34662 ---
[INFO] Surefire report directory: /PoCAdaptation/exploit/result/CVE-2022-34662/1.3.9/exploit/target/surefire-reports

-------------------------------------------------------
 T E S T S
-------------------------------------------------------
Running edu.vision.se.Testcase1
Tests run: 1, Failures: 0, Errors: 1, Skipped: 0, Time elapsed: 0.094 sec <<< FAILURE!
testDirectoryTraversal(edu.vision.se.Testcase1)  Time elapsed: 0.079 sec  <<< ERROR!
java.lang.NoSuchMethodException: org.apache.dolphinscheduler.api.service.ResourcesService.verifyFile(java.lang.String, org.apache.dolphinscheduler.common.enums.ResourceType, org.springframework.web.multipart.MultipartFile)
	at java.base/java.lang.Class.getDeclaredMethod(Class.java:2476)
	at edu.vision.se.Testcase1.testDirectoryTraversal(Testcase1.java:20)
	at java.base/jdk.internal.reflect.NativeMethodAccessorImpl.invoke0(Native Method)
	at java.base/jdk.internal.reflect.NativeMethodAccessorImpl.invoke(NativeMethodAccessorImpl.java:62)
	at java.base/jdk.internal.reflect.DelegatingMethodAccessorImpl.invoke(DelegatingMethodAccessorImpl.java:43)
	at java.base/java.lang.reflect.Method.invoke(Method.java:566)
	at org.junit.runners.model.FrameworkMethod$1.runReflectiveCall(FrameworkMethod.java:59)
	at org.junit.internal.runners.model.ReflectiveCallable.run(ReflectiveCallable.java:12)
	at org.junit.runners.model.FrameworkMethod.invokeExplosively(FrameworkMethod.java:56)
	at org.junit.internal.runners.statements.InvokeMethod.evaluate(InvokeMethod.java:17)
	at org.junit.runners.ParentRunner$3.evaluate(ParentRunner.java:306)
	at org.junit.runners.BlockJUnit4ClassRunner$1.evaluate(BlockJUnit4ClassRunner.java:100)
	at org.junit.runners.ParentRunner.runLeaf(ParentRunner.java:366)
	at org.junit.runners.BlockJUnit4ClassRunner.runChild(BlockJUnit4ClassRunner.java:103)
	at org.junit.runners.BlockJUnit4ClassRunner.runChild(BlockJUnit4ClassRunner.java:63)
	at org.junit.runners.ParentRunner$4.run(ParentRunner.java:331)
	at org.junit.runners.ParentRunner$1.schedule(ParentRunner.java:79)
	at org.junit.runners.ParentRunner.runChildren(ParentRunner.java:329)
	at org.junit.runners.ParentRunner.access$100(ParentRunner.java:66)
	at org.junit.runners.ParentRunner$2.evaluate(ParentRunner.java:293)
	at org.junit.runners.ParentRunner$3.evaluate(ParentRunner.java:306)
	at org.junit.runners.ParentRunner.run(ParentRunner.java:413)
	at org.apache.maven.surefire.junit4.JUnit4Provider.execute(JUnit4Provider.java:252)
	at org.apache.maven.surefire.junit4.JUnit4Provider.executeTestSet(JUnit4Provider.java:141)
	at org.apache.maven.surefire.junit4.JUnit4Provider.invoke(JUnit4Provider.java:112)
	at java.base/jdk.internal.reflect.NativeMethodAccessorImpl.invoke0(Native Method)
	at java.base/jdk.internal.reflect.NativeMethodAccessorImpl.invoke(NativeMethodAccessorImpl.java:62)
	at java.base/jdk.internal.reflect.DelegatingMethodAccessorImpl.invoke(DelegatingMethodAccessorImpl.java:43)
	at java.base/java.lang.reflect.Method.invoke(Method.java:566)
	at org.apache.maven.surefire.util.ReflectionUtils.invokeMethodWithArray(ReflectionUtils.java:189)
	at org.apache.maven.surefire.booter.ProviderFactory$ProviderProxy.invoke(ProviderFactory.java:165)
	at org.apache.maven.surefire.booter.ProviderFactory.invokeProvider(ProviderFactory.java:85)
	at org.apache.maven.surefire.booter.ForkedBooter.runSuitesInProcess(ForkedBooter.java:115)
	at org.apache.maven.surefire.booter.ForkedBooter.main(ForkedBooter.java:75)


Results :

Tests in error: 
  testDirectoryTraversal(edu.vision.se.Testcase1): org.apache.dolphinscheduler.api.service.ResourcesService.verifyFile(java.lang.String, org.apache.dolphinscheduler.common.enums.ResourceType, org.springframework.web.multipart.MultipartFile)

Tests run: 1, Failures: 0, Errors: 1, Skipped: 0

[INFO] ------------------------------------------------------------------------
[INFO] BUILD FAILURE
[INFO] ------------------------------------------------------------------------
[INFO] Total time:  2.919 s
[INFO] Finished at: 2025-07-13T16:34:26Z
[INFO] ------------------------------------------------------------------------
[ERROR] Failed to execute goal org.apache.maven.plugins:maven-surefire-plugin:2.12.4:test (default-test) on project CVE-2022-34662: There are test failures.
[ERROR] 
[ERROR] Please refer to /PoCAdaptation/exploit/result/CVE-2022-34662/1.3.9/exploit/target/surefire-reports for the individual test results.
[ERROR] -> [Help 1]
[ERROR] 
[ERROR] To see the full stack trace of the errors, re-run Maven with the -e switch.
[ERROR] Re-run Maven using the -X switch to enable full debug logging.
[ERROR] 
[ERROR] For more information about the errors and possible solutions, please read the following articles:
[ERROR] [Help 1] http://cwiki.apache.org/confluence/display/MAVEN/MojoFailureException

SLF4J: Class path contains multiple SLF4J bindings.
SLF4J: Found binding in [jar:file:/root/.m2/repository/ch/qos/logback/logback-classic/1.2.3/logback-classic-1.2.3.jar!/org/slf4j/impl/StaticLoggerBinder.class]
SLF4J: Found binding in [jar:file:/root/.m2/repository/org/slf4j/slf4j-log4j12/1.7.10/slf4j-log4j12-1.7.10.jar!/org/slf4j/impl/StaticLoggerBinder.class]
SLF4J: See http://www.slf4j.org/codes.html#multiple_bindings for an explanation.
SLF4J: Actual binding is of type [ch.qos.logback.classic.util.ContextSelectorStaticBinder]
 

The test executes as expected in 2.0.0-alpha but not in 1.3.9. 

Extract two key entities from the error log for searching related diffs. Your classname and method name should ignore package and parameter

The extracted entities should reflect code-level identifiers that are likely to appear in diffs. We prefer a simple entity

Output each node as a `;`-separated list, with no explanations. 


[LLMClient] Response: 
ResourcesService;verifyFile
[96m[ErrorManager] Extracted key entities: ['ResourcesService', 'verifyFile'][0m
[96m[Adapter] Try to solve error: {'file': 'UNKNOWN', 'line': -1, 'column': -1, 'message': '[ERROR] Failed to execute goal org.apache.maven.plugins:maven-surefire-plugin:2.12.4:test (default-test) on project CVE-2022-34662: There are test failures.', 'symbol': None, 'location': None, 'code_line': None} with cause: ['ResourcesService', 'verifyFile'][0m
[96m[Adapter] Related diffs for error: [(850, 4.0), (852, 4.0), (853, 4.0), (854, 4.0), (855, 4.0)][0m
[96m[Adapter] Fix position is in test code.[0m
[96m[RepairModule] Start repair for group: [ERROR] Failed to execute goal org.apache.maven.plugins:maven-surefire-plugin:2.12.4:test (default-test) on project CVE-2022-34662: There are test failures. | cause: ['ResourcesService', 'verifyFile'][0m
[96m[RepairModule] Trying best diff #850 with score 4.00[0m
[96m[RepairModule] Found 10 diff combinations for annealing.[0m
[96m[RepairModule] Iteration 1, temperature 1.000: Trying diff #850 with score 4.00[0m
[Adapt] â° Timeout: exceeded 300 seconds for 2.0.0-alpha â†’ 1.3.9
[91m[Adapter] Adaptation failed for 1.3.9[0m

[Executor] â–¶ Summary of return codes:
  - Version 1.3.9: âœ— Failed (exit code 1)
