Running main_process.py for CVE: CVE-2019-20444
Versions: 4.0.56.Final, 4.0.0.CR3, 5.0.0.Alpha1

[1m[Main] === Starting adaptation process for CVE-2019-20444 ===[0m
[96m[Processor] Fetching all available Maven versions...[0m
[96m[Analyzer] Loading cached versions from: /PoCAdaptation/library/io_netty_netty-codec-http.txt[0m
[96m[Analyzer] io.netty:netty-codec-http has 231 versions (cached).[0m
[96m[Processor] Identifying versions with successful reproduction...[0m
[96m[Processor] Pending versions: ['4.0.0.Beta1', '4.0.0.Beta2', '4.0.0.Beta3', '4.0.0.CR1', '4.0.0.CR2', '4.0.0.CR3', '4.0.0.CR4', '4.0.0.CR5', '4.0.0.CR6', '4.0.0.CR7', '4.0.0.CR8', '4.0.0.CR9', '4.0.0.Final', '4.0.1.Final', '4.0.2.Final', '4.0.3.Final', '4.0.4.Final', '4.0.5.Final', '4.0.6.Final', '4.0.7.Final', '4.0.8.Final', '4.0.9.Final', '4.0.10.Final', '4.0.11.Final', '4.0.12.Final', '4.0.13.Final', '4.0.14.Beta1', '4.0.14.Final', '4.0.15.Final', '4.0.16.Final', '4.0.17.Final', '4.0.18.Final', '4.0.19.Final', '4.0.20.Final', '4.0.21.Final', '4.0.22.Final', '4.0.23.Final', '4.0.24.Final', '4.0.25.Final', '4.0.26.Final', '4.0.27.Final', '4.0.28.Final', '4.0.29.Final', '4.0.30.Final', '4.0.31.Final', '4.0.32.Final', '4.0.33.Final', '4.0.34.Final', '4.0.35.Final', '4.0.36.Final', '4.0.37.Final', '4.0.38.Final', '4.0.39.Final', '4.0.40.Final', '4.0.41.Final', '4.0.42.Final', '4.0.43.Final', '4.0.44.Final', '4.0.45.Final', '4.0.46.Final', '4.0.47.Final', '4.0.48.Final', '4.0.49.Final', '4.0.50.Final', '4.0.51.Final', '4.0.52.Final', '4.0.53.Final', '4.0.54.Final', '4.0.55.Final', '4.0.56.Final', '5.0.0.Alpha1'][0m
[96m[Preparer] Pending directory already exists: /PoCAdaptation/exploit/pending/CVE-2019-20444[0m
[92m[Main] Total affected versions: 131[0m
[92m[Main] Already reproduced versions: 61[0m
[93m[Main] Versions pending adaptation: 70[0m
[96m[Main]     -> ['4.0.0.Beta1', '4.0.0.Beta2', '4.0.0.Beta3', '4.0.0.CR1', '4.0.0.CR2', '4.0.0.CR3', '4.0.0.CR4', '4.0.0.CR5', '4.0.0.CR6', '4.0.0.CR7', '4.0.0.CR8', '4.0.0.CR9', '4.0.0.Final', '4.0.1.Final', '4.0.2.Final', '4.0.3.Final', '4.0.4.Final', '4.0.5.Final', '4.0.6.Final', '4.0.7.Final', '4.0.8.Final', '4.0.9.Final', '4.0.10.Final', '4.0.11.Final', '4.0.12.Final', '4.0.13.Final', '4.0.14.Beta1', '4.0.14.Final', '4.0.15.Final', '4.0.16.Final', '4.0.17.Final', '4.0.18.Final', '4.0.19.Final', '4.0.20.Final', '4.0.21.Final', '4.0.22.Final', '4.0.23.Final', '4.0.24.Final', '4.0.25.Final', '4.0.26.Final', '4.0.27.Final', '4.0.28.Final', '4.0.29.Final', '4.0.30.Final', '4.0.31.Final', '4.0.32.Final', '4.0.33.Final', '4.0.34.Final', '4.0.35.Final', '4.0.36.Final', '4.0.37.Final', '4.0.38.Final', '4.0.39.Final', '4.0.40.Final', '4.0.41.Final', '4.0.42.Final', '4.0.43.Final', '4.0.44.Final', '4.0.45.Final', '4.0.46.Final', '4.0.47.Final', '4.0.48.Final', '4.0.49.Final', '4.0.50.Final', '4.0.51.Final', '4.0.52.Final', '4.0.53.Final', '4.0.54.Final', '4.0.55.Final', '4.0.56.Final'][0m
[96m[Main]     -> ['4.1.0.Beta1', '4.1.0.Beta2', '4.1.0.Beta3', '4.1.0.Beta4', '4.1.0.Beta5', '4.1.0.Beta6', '4.1.0.Beta7', '4.1.0.Beta8', '4.1.0.CR1', '4.1.0.CR2', '4.1.0.CR3', '4.1.0.CR4', '4.1.0.CR5', '4.1.0.CR6', '4.1.0.CR7', '4.1.0.Final', '4.1.1.Final', '4.1.2.Final', '4.1.3.Final', '4.1.4.Final', '4.1.5.Final', '4.1.6.Final', '4.1.7.Final', '4.1.8.Final', '4.1.9.Final', '4.1.10.Final', '4.1.11.Final', '4.1.12.Final', '4.1.13.Final', '4.1.14.Final', '4.1.15.Final', '4.1.16.Final', '4.1.17.Final', '4.1.18.Final', '4.1.19.Final', '4.1.20.Final', '4.1.21.Final', '4.1.22.Final', '4.1.23.Final', '4.1.24.Final', '4.1.25.Final', '4.1.26.Final', '4.1.27.Final', '4.1.28.Final', '4.1.29.Final', '4.1.30.Final', '4.1.31.Final', '4.1.32.Final', '4.1.33.Final', '4.1.34.Final', '4.1.35.Final', '4.1.36.Final', '4.1.37.Final', '4.1.38.Final', '4.1.39.Final', '4.1.40.Final', '4.1.41.Final', '4.1.42.Final', '4.1.43.Final', '5.0.0.Alpha1', '5.0.0.Alpha2'][0m
[96m[Executor] Running initial exploit mvn test in /PoCAdaptation/exploit/origin/CVE-2019-20444/exploit[0m
[91m[Executor] Initial exploit execution finished with return code 1[0m
[96m[Verifier] Verifying reproduction...[0m
[92m[Verifier] âœ“ Behavior matched: 'java.lang.AssertionError'[0m
[92m[Verifier] âœ“ Detail matched: 'org.junit.Assert.fail'[0m
[92m[Verifier] âœ“ All reproduction indicators matched.[0m
[92m[Verifier] Initial exploit behavior verified successfully.[0m
[96m[Selector] Nearest need adapatation version selected: 4.0.56.Final[0m
[96m[Selector] Closest reproduced version: 4.1.0.Beta1 at index 78[0m
[96m[Adapter] Trying next closest version: 4.0.56.Final[0m
[93m[Preparer] No usable exploit dirs found under /PoCAdaptation/exploit/valid/CVE-2019-20444[0m
[92m[Preparer] Copied exploit to: /PoCAdaptation/exploit/pending/CVE-2019-20444/4.0.56.Final/exploit[0m
[96m[Preparer] Updating dependency version to 4.0.56.Final in /PoCAdaptation/exploit/pending/CVE-2019-20444/4.0.56.Final/exploit/pom.xml[0m
[92m[Preparer] Updated dependency version to 4.0.56.Final in /PoCAdaptation/exploit/pending/CVE-2019-20444/4.0.56.Final/exploit/pom.xml[0m
[96m[Executor] Attempting direct exploit execution on 4.0.56.Final...[0m
[96m[Executor] Executing exploit for CVE-2019-20444 on version 4.0.56.Final...[0m
[96m[Verifier] Verifying reproduction...[0m
[91m[Verifier] âœ— Behavior not found: 'java.lang.AssertionError'[0m
[91m[Executor] Reproduction result: Failure[0m
[96m[Adapter] Attempting adaptation from base version 4.1.0.Beta1 to 4.0.56.Final...[0m
[96m[Adapter] Start adapting exploit from 4.1.0.Beta1 to 4.0.56.Final"[0m
[96m[Executor] Executing exploit for CVE-2019-20444 on version 4.0.56.Final...[0m
[96m[Verifier] Verifying reproduction...[0m
[91m[Verifier] âœ— Behavior not found: 'java.lang.AssertionError'[0m
[91m[Executor] Reproduction result: Failure[0m
[96m[ErrorManager] Ignoring line: [ERROR] Failed to execute goal org.apache.maven.plugins:maven-compiler-plugin:3.1:testCompile (default-testCompile) on project CVE-2019-20444: Compilation failure: Compilation failure:[0m
[92m[ErrorManager] Processing line: [ERROR] /PoCAdaptation/exploit/result/CVE-2019-20444/4.0.56.Final/exploit/src/test/java/edu/vision/se/Testcase1.java:[23,50] incompatible types: java.lang.Object cannot be converted to io.netty.handler.codec.http.HttpRequest[0m
[92m[ErrorManager] Processing line: [ERROR] /PoCAdaptation/exploit/result/CVE-2019-20444/4.0.56.Final/exploit/src/test/java/edu/vision/se/Testcase1.java:[24,27] cannot find symbol[0m
[92m[ErrorManager] Processing line: [ERROR]   symbol:   method decoderResult()[0m
[92m[ErrorManager] Processing line: [ERROR]   location: variable request of type io.netty.handler.codec.http.HttpRequest[0m
[92m[ErrorManager] Processing line: [ERROR] /PoCAdaptation/exploit/result/CVE-2019-20444/4.0.56.Final/exploit/src/test/java/edu/vision/se/Testcase1.java:[25,27] cannot find symbol[0m
[92m[ErrorManager] Processing line: [ERROR]   symbol:   method decoderResult()[0m
[92m[ErrorManager] Processing line: [ERROR]   location: variable request of type io.netty.handler.codec.http.HttpRequest[0m
[96m[ErrorManager] Ignoring line: [ERROR] -> [Help 1][0m
[96m[ErrorManager] Ignoring line: [ERROR][0m
[96m[ErrorManager] Ignoring line: [ERROR] To see the full stack trace of the errors, re-run Maven with the -e switch.[0m
[96m[ErrorManager] Ignoring line: [ERROR] Re-run Maven using the -X switch to enable full debug logging.[0m
[96m[ErrorManager] Ignoring line: [ERROR][0m
[96m[ErrorManager] Ignoring line: [ERROR] For more information about the errors and possible solutions, please read the following articles:[0m
[96m[ErrorManager] Ignoring line: [ERROR] [Help 1] http://cwiki.apache.org/confluence/display/MAVEN/MojoFailureException[0m
[96m[Adapter] Locating fix position in error log.[0m
[LLMClient] Tokens used: 1703 (prompt), 1 (completion), 1704 (total)
[LLMClient] Prompt: 
You are given a Java error log when executing 'mvn test' in a project with dependency version 4.0.56.Final:io.netty:netty-codec-http.
This test file compiles and runs successfully with version 4.1.0.Beta1.

Your task is to:
1. Analyze why this issue occurs with the *4.1.0.Beta1* but not with the *4.0.56.Final version*.
2. Consider how to resolve the issue **without updating this library**.
3. Determine and output the location in the project that should be modified to fix the problem.

Please return 'pom' if the fix is in the pom.xml file, or 'test' if the fix is in the test code.
Do not return any other text, just 'pom' or 'test'.

The error log is:
[INFO] Scanning for projects...
[INFO] 
[INFO] --------------------< edu.vision.se:CVE-2019-20444 >--------------------
[INFO] Building netty-codec-http CVE-2019-20444 1.0-SNAPSHOT
[INFO]   from pom.xml
[INFO] --------------------------------[ jar ]---------------------------------
[INFO] 
[INFO] --- maven-clean-plugin:2.5:clean (default-clean) @ CVE-2019-20444 ---
[INFO] Deleting /PoCAdaptation/exploit/result/CVE-2019-20444/4.0.56.Final/exploit/target
[INFO] 
[INFO] --- maven-resources-plugin:2.6:resources (default-resources) @ CVE-2019-20444 ---
[INFO] Using 'UTF-8' encoding to copy filtered resources.
[INFO] skip non existing resourceDirectory /PoCAdaptation/exploit/result/CVE-2019-20444/4.0.56.Final/exploit/src/main/resources
[INFO] 
[INFO] --- maven-compiler-plugin:3.1:compile (default-compile) @ CVE-2019-20444 ---
[INFO] No sources to compile
[INFO] 
[INFO] --- maven-resources-plugin:2.6:testResources (default-testResources) @ CVE-2019-20444 ---
[INFO] Using 'UTF-8' encoding to copy filtered resources.
[INFO] skip non existing resourceDirectory /PoCAdaptation/exploit/result/CVE-2019-20444/4.0.56.Final/exploit/src/test/resources
[INFO] 
[INFO] --- maven-compiler-plugin:3.1:testCompile (default-testCompile) @ CVE-2019-20444 ---
[INFO] Changes detected - recompiling the module!
[INFO] Compiling 1 source file to /PoCAdaptation/exploit/result/CVE-2019-20444/4.0.56.Final/exploit/target/test-classes
[INFO] -------------------------------------------------------------
[ERROR] COMPILATION ERROR : 
[INFO] -------------------------------------------------------------
[ERROR] /PoCAdaptation/exploit/result/CVE-2019-20444/4.0.56.Final/exploit/src/test/java/edu/vision/se/Testcase1.java:[23,50] incompatible types: java.lang.Object cannot be converted to io.netty.handler.codec.http.HttpRequest
[ERROR] /PoCAdaptation/exploit/result/CVE-2019-20444/4.0.56.Final/exploit/src/test/java/edu/vision/se/Testcase1.java:[24,27] cannot find symbol
  symbol:   method decoderResult()
  location: variable request of type io.netty.handler.codec.http.HttpRequest
[ERROR] /PoCAdaptation/exploit/result/CVE-2019-20444/4.0.56.Final/exploit/src/test/java/edu/vision/se/Testcase1.java:[25,27] cannot find symbol
  symbol:   method decoderResult()
  location: variable request of type io.netty.handler.codec.http.HttpRequest
[INFO] 3 errors 
[INFO] -------------------------------------------------------------
[INFO] ------------------------------------------------------------------------
[INFO] BUILD FAILURE
[INFO] ------------------------------------------------------------------------
[INFO] Total time:  0.896 s
[INFO] Finished at: 2025-07-13T13:01:08Z
[INFO] ------------------------------------------------------------------------
[ERROR] Failed to execute goal org.apache.maven.plugins:maven-compiler-plugin:3.1:testCompile (default-testCompile) on project CVE-2019-20444: Compilation failure: Compilation failure: 
[ERROR] /PoCAdaptation/exploit/result/CVE-2019-20444/4.0.56.Final/exploit/src/test/java/edu/vision/se/Testcase1.java:[23,50] incompatible types: java.lang.Object cannot be converted to io.netty.handler.codec.http.HttpRequest
[ERROR] /PoCAdaptation/exploit/result/CVE-2019-20444/4.0.56.Final/exploit/src/test/java/edu/vision/se/Testcase1.java:[24,27] cannot find symbol
[ERROR]   symbol:   method decoderResult()
[ERROR]   location: variable request of type io.netty.handler.codec.http.HttpRequest
[ERROR] /PoCAdaptation/exploit/result/CVE-2019-20444/4.0.56.Final/exploit/src/test/java/edu/vision/se/Testcase1.java:[25,27] cannot find symbol
[ERROR]   symbol:   method decoderResult()
[ERROR]   location: variable request of type io.netty.handler.codec.http.HttpRequest
[ERROR] -> [Help 1]
[ERROR] 
[ERROR] To see the full stack trace of the errors, re-run Maven with the -e switch.
[ERROR] Re-run Maven using the -X switch to enable full debug logging.
[ERROR] 
[ERROR] For more information about the errors and possible solutions, please read the following articles:
[ERROR] [Help 1] http://cwiki.apache.org/confluence/display/MAVEN/MojoFailureException


current_pom file is:<?xml version='1.0' encoding='utf-8'?>
<project xmlns="http://maven.apache.org/POM/4.0.0" xmlns:xsi="http://www.w3.org/2001/XMLSchema-instance" xsi:schemaLocation="http://maven.apache.org/POM/4.0.0 https://maven.apache.org/xsd/maven-4.0.0.xsd">
  <groupId>edu.vision.se</groupId><version>1.0-SNAPSHOT</version><modelVersion>4.0.0</modelVersion>
  <artifactId>CVE-2019-20444</artifactId>
  <name>netty-codec-http CVE-2019-20444</name>
  <properties>
    <maven.compiler.target>11</maven.compiler.target>
    <maven.compiler.source>11</maven.compiler.source>
    <project.build.sourceEncoding>UTF-8</project.build.sourceEncoding>
  </properties>
  <dependencies>
    <dependency>
      <groupId>io.netty</groupId>
      <artifactId>netty-codec-http</artifactId>
      <version>4.0.56.Final</version>
    </dependency>
  <dependency><groupId>junit</groupId><artifactId>junit</artifactId><version>4.13.2</version></dependency>
  
  </dependencies>
</project>
[LLMClient] Response: 
test
[96m[Adapter] LLM response for fix position: test[0m
[LLMClient] Tokens used: 150 (prompt), 8 (completion), 158 (total)
[LLMClient] Prompt: 
You are given an error log when executing 'mvn test' in version 4.0.56.Final: 

Error: incompatible types: java.lang.Object cannot be converted to io.netty.handler.codec.http.HttpRequest, None, None 

The test executes as expected in 4.1.0.Beta1 

Error code:         HttpRequest request = channel.readInbound(); 

Extract two key *entities* from the error for searching related diffs 

The extracted entities should reflect code-level identifiers that are likely to appear in source code or diffs. 

Output each node as a `;`-separated list, with no explanations. 


[LLMClient] Response: 
HttpRequest;channel.readInbound()
[96m[ErrorManager] Extracted key entities: ['HttpRequest', 'channel.readInbound()'][0m
[96m[Adapter] Try to solve error: {'file': '/PoCAdaptation/exploit/result/CVE-2019-20444/4.0.56.Final/exploit/src/test/java/edu/vision/se/Testcase1.java', 'line': 23, 'column': 50, 'message': 'incompatible types: java.lang.Object cannot be converted to io.netty.handler.codec.http.HttpRequest', 'symbol': None, 'location': None, 'code_line': '        HttpRequest request = channel.readInbound();'} with cause: ['HttpRequest', 'channel.readInbound()'][0m
[96m[Adapter] Related diffs for error: [(714, 8.0), (716, 8.0), (717, 8.0), (255, 4.0), (393, 4.0)][0m
[96m[Adapter] Fix position is in test code.[0m
[96m[RepairModule] Start repair for group: incompatible types: java.lang.Object cannot be converted to io.netty.handler.codec.http.HttpRequest | cause: ['HttpRequest', 'channel.readInbound()'][0m
[96m[RepairModule] Trying best diff #714 with score 8.00[0m
[96m[RepairModule] Found 10 diff combinations for annealing.[0m
[96m[RepairModule] Iteration 1, temperature 1.000: Trying diff #(717, 255) with score 6.00[0m
[LLMClient] Tokens used: 1559 (prompt), 276 (completion), 1835 (total)
[LLMClient] Prompt: 
You are given a Java test file with compilation errors in version 4.0.56.Final:io.netty:netty-codec-http.
This test file compiles and runs successfully in 4.1.0.Beta1.

The diff is related to the diff.
Your task has three steps:
 1. Locate the code where the compilation error occurs.
 2. Analyze the diff from 4.1.0.Beta1 to 4.0.56.Final.
 3. Fix the error in the error position only when diff is helpful. Add import statement when needed according to the diff. 

Only output the modified version of the test file according to the diff. No explanations. If mocking, access fields via reflection if they exist.
### Compilation Errors:
message: incompatible types: java.lang.Object cannot be converted to io.netty.handler.codec.http.HttpRequest, symble: None, location: None

### Error Position:
        HttpRequest request = channel.readInbound();

### Related Diff:
Operation: MODIFIED, File: codec-http/src/test/java/io/netty/handler/codec/http/HttpRequestDecoderTest.java, Hunk: @@ -173,7 +173,61 @@ public void testEmptyHeaderValue() {
                 "Host: localhost" + crlf +
                 "EmptyHeader:" + crlf + crlf;
         channel.writeInbound(Unpooled.wrappedBuffer(request.getBytes(CharsetUtil.US_ASCII)));
+        HttpRequest req = (HttpRequest) channel.readInbound();
-        HttpRequest req = channel.readInbound();
         assertEquals("", req.headers().get("EmptyHeader"));
     }
-
-    @Test
-    public void test100Continue() {
-        HttpRequestDecoder decoder = new HttpRequestDecoder();
-        EmbeddedChannel channel = new EmbeddedChannel(decoder);
-        String oversized =
-                "PUT /file HTTP/1.1\r\n" +
-                "Expect: 100-continue\r\n" +
-                "Content-Length: 1048576000\r\n\r\n";
-
-        channel.writeInbound(Unpooled.copiedBuffer(oversized, CharsetUtil.US_ASCII));
-        assertThat(channel.readInbound(), is(instanceOf(HttpRequest.class)));
-
-        // At this point, we assume that we sent '413 Entity Too Large' to the peer without closing the connection
-        // so that the client can try again.
-        decoder.reset();
-
-        String query = "GET /max-file-size HTTP/1.1\r\n\r\n";
-        channel.writeInbound(Unpooled.copiedBuffer(query, CharsetUtil.US_ASCII));
-        assertThat(channel.readInbound(), is(instanceOf(HttpRequest.class)));
-        assertThat(channel.readInbound(), is(instanceOf(LastHttpContent.class)));
-
-        assertThat(channel.finish(), is(false));
-    }
-
-    @Test
-    public void test100ContinueWithBadClient() {
-        HttpRequestDecoder decoder = new HttpRequestDecoder();
-        EmbeddedChannel channel = new EmbeddedChannel(decoder);
-        String oversized =
-                "PUT /file HTTP/1.1\r\n" +
-                "Expect: 100-continue\r\n" +
-                "Content-Length: 1048576000\r\n\r\n" +
-                "WAY_TOO_LARGE_DATA_BEGINS";
-
-        channel.writeInbound(Unpooled.copiedBuffer(oversized, CharsetUtil.US_ASCII));
-        assertThat(channel.readInbound(), is(instanceOf(HttpRequest.class)));
-
-        HttpContent prematureData = channel.readInbound();
-        prematureData.release();
-
-        assertThat(channel.readInbound(), is(nullValue()));
-
-        // At this point, we assume that we sent '413 Entity Too Large' to the peer without closing the connection
-        // so that the client can try again.
-        decoder.reset();
-
-        String query = "GET /max-file-size HTTP/1.1\r\n\r\n";
-        channel.writeInbound(Unpooled.copiedBuffer(query, CharsetUtil.US_ASCII));
-        assertThat(channel.readInbound(), is(instanceOf(HttpRequest.class)));
-        assertThat(channel.readInbound(), is(instanceOf(LastHttpContent.class)));
-
-        assertThat(channel.finish(), is(false));
-    }
 }
Operation: MODIFIED, File: codec-http/src/main/java/io/netty/handler/codec/http/HttpClientCodec.java, Hunk: @@ -90,17 +81,30 @@ public HttpClientCodec(
     public HttpClientCodec(
             int maxInitialLineLength, int maxHeaderSize, int maxChunkSize, boolean failOnMissingResponse,
             boolean validateHeaders) {
+        init(new Decoder(maxInitialLineLength, maxHeaderSize, maxChunkSize, validateHeaders), new Encoder());
-        add(new Decoder(maxInitialLineLength, maxHeaderSize, maxChunkSize, validateHeaders));
-        add(new Encoder());
         this.failOnMissingResponse = failOnMissingResponse;
     }

-    private Decoder decoder() {
-        return handlerAt(0);
-    }
-
-    public void setSingleDecode(boolean singleDecode) {
-        decoder().setSingleDecode(singleDecode);
-    }
-
-    public boolean isSingleDecode() {
-        return decoder().isSingleDecode();
-    }
-
     private final class Encoder extends HttpRequestEncoder {

         @Override
         protected void encode(
                 ChannelHandlerContext ctx, Object msg, List<Object> out) throws Exception {
             if (msg instanceof HttpRequest && !done) {
+                queue.offer(((HttpRequest) msg).getMethod());
-                queue.offer(((HttpRequest) msg).method());
             }

             super.encode(ctx, msg, out);

### Test File Content:
package edu.vision.se;

import io.netty.buffer.Unpooled;
import io.netty.channel.embedded.EmbeddedChannel;
import io.netty.handler.codec.http.HttpRequest;
import io.netty.handler.codec.http.HttpRequestDecoder;
import io.netty.util.CharsetUtil;
import org.junit.Test;

import static org.junit.Assert.assertFalse;
import static org.junit.Assert.assertTrue;

public class Testcase1 {

    @Test(timeout = 60000)
    public void testHeaderWithNoValueAndMissingColon() {
        EmbeddedChannel channel = new EmbeddedChannel(new HttpRequestDecoder());
        String requestStr = "GET /some/path HTTP/1.1\r\n" +
                "Content-Length: 0\r\n" +
                "Host:\r\n" +
                "netty.io\r\n\r\n";
        assertTrue(channel.writeInbound(Unpooled.copiedBuffer(requestStr, CharsetUtil.US_ASCII)));
        HttpRequest request = channel.readInbound();
        assertTrue(request.decoderResult().isFailure());
        assertTrue(request.decoderResult().cause() instanceof IllegalArgumentException);
        assertFalse(channel.finish());
    }
}


[LLMClient] Response: 
Here's the modified version of the test file with the fix based on the diff:

```java
package edu.vision.se;

import io.netty.buffer.Unpooled;
import io.netty.channel.embedded.EmbeddedChannel;
import io.netty.handler.codec.http.HttpRequest;
import io.netty.handler.codec.http.HttpRequestDecoder;
import io.netty.util.CharsetUtil;
import org.junit.Test;

import static org.junit.Assert.assertFalse;
import static org.junit.Assert.assertTrue;

public class Testcase1 {

    @Test(timeout = 60000)
    public void testHeaderWithNoValueAndMissingColon() {
        EmbeddedChannel channel = new EmbeddedChannel(new HttpRequestDecoder());
        String requestStr = "GET /some/path HTTP/1.1\r\n" +
                "Content-Length: 0\r\n" +
                "Host:\r\n" +
                "netty.io\r\n\r\n";
        assertTrue(channel.writeInbound(Unpooled.copiedBuffer(requestStr, CharsetUtil.US_ASCII)));
        HttpRequest request = (HttpRequest) channel.readInbound();
        assertTrue(request.decoderResult().isFailure());
        assertTrue(request.decoderResult().cause() instanceof IllegalArgumentException);
        assertFalse(channel.finish());
    }
}
```
[96m[RepairModule] Wrote modified code to /PoCAdaptation/exploit/result/CVE-2019-20444/4.0.56.Final/exploit/src/test/java/edu/vision/se/Testcase1.java[0m
[96m[Executor] Executing exploit for CVE-2019-20444 on version 4.0.56.Final...[0m
[96m[Verifier] Verifying reproduction...[0m
[91m[Verifier] âœ— Behavior not found: 'java.lang.AssertionError'[0m
[91m[Executor] Reproduction result: Failure[0m
[96m[ErrorManager] Ignoring line: [ERROR] Failed to execute goal org.apache.maven.plugins:maven-compiler-plugin:3.1:testCompile (default-testCompile) on project CVE-2019-20444: Compilation failure: Compilation failure:[0m
[92m[ErrorManager] Processing line: [ERROR] /PoCAdaptation/exploit/result/CVE-2019-20444/4.0.56.Final/exploit/src/test/java/edu/vision/se/Testcase1.java:[24,27] cannot find symbol[0m
[92m[ErrorManager] Processing line: [ERROR]   symbol:   method decoderResult()[0m
[92m[ErrorManager] Processing line: [ERROR]   location: variable request of type io.netty.handler.codec.http.HttpRequest[0m
[92m[ErrorManager] Processing line: [ERROR] /PoCAdaptation/exploit/result/CVE-2019-20444/4.0.56.Final/exploit/src/test/java/edu/vision/se/Testcase1.java:[25,27] cannot find symbol[0m
[92m[ErrorManager] Processing line: [ERROR]   symbol:   method decoderResult()[0m
[92m[ErrorManager] Processing line: [ERROR]   location: variable request of type io.netty.handler.codec.http.HttpRequest[0m
[96m[ErrorManager] Ignoring line: [ERROR] -> [Help 1][0m
[96m[ErrorManager] Ignoring line: [ERROR][0m
[96m[ErrorManager] Ignoring line: [ERROR] To see the full stack trace of the errors, re-run Maven with the -e switch.[0m
[96m[ErrorManager] Ignoring line: [ERROR] Re-run Maven using the -X switch to enable full debug logging.[0m
[96m[ErrorManager] Ignoring line: [ERROR][0m
[96m[ErrorManager] Ignoring line: [ERROR] For more information about the errors and possible solutions, please read the following articles:[0m
[96m[ErrorManager] Ignoring line: [ERROR] [Help 1] http://cwiki.apache.org/confluence/display/MAVEN/MojoFailureException[0m
[RepairModule] Old grouped keys: {'incompatible types: java.lang.Object cannot be converted to io.netty.handler.codec.http.HttpRequest |', 'cannot find symbol | method decoderResult()'}
[RepairModule] New grouped keys: {'cannot find symbol | method decoderResult()'}
[92m[RepairModule] Error incompatible types: java.lang.Object cannot be converted to io.netty.handler.codec.http.HttpRequest resolved after applying diff.[0m
[92m[RepairModule] Repair success with diff #(717, 255) at iteration 1![0m
[96m[Adapter] Test code repair attempted.[0m
[96m[Executor] Executing exploit for CVE-2019-20444 on version 4.0.56.Final...[0m
[96m[Verifier] Verifying reproduction...[0m
[91m[Verifier] âœ— Behavior not found: 'java.lang.AssertionError'[0m
[91m[Executor] Reproduction result: Failure[0m
[96m[ErrorManager] Ignoring line: [ERROR] Failed to execute goal org.apache.maven.plugins:maven-compiler-plugin:3.1:testCompile (default-testCompile) on project CVE-2019-20444: Compilation failure: Compilation failure:[0m
[92m[ErrorManager] Processing line: [ERROR] /PoCAdaptation/exploit/result/CVE-2019-20444/4.0.56.Final/exploit/src/test/java/edu/vision/se/Testcase1.java:[24,27] cannot find symbol[0m
[92m[ErrorManager] Processing line: [ERROR]   symbol:   method decoderResult()[0m
[92m[ErrorManager] Processing line: [ERROR]   location: variable request of type io.netty.handler.codec.http.HttpRequest[0m
[92m[ErrorManager] Processing line: [ERROR] /PoCAdaptation/exploit/result/CVE-2019-20444/4.0.56.Final/exploit/src/test/java/edu/vision/se/Testcase1.java:[25,27] cannot find symbol[0m
[92m[ErrorManager] Processing line: [ERROR]   symbol:   method decoderResult()[0m
[92m[ErrorManager] Processing line: [ERROR]   location: variable request of type io.netty.handler.codec.http.HttpRequest[0m
[96m[ErrorManager] Ignoring line: [ERROR] -> [Help 1][0m
[96m[ErrorManager] Ignoring line: [ERROR][0m
[96m[ErrorManager] Ignoring line: [ERROR] To see the full stack trace of the errors, re-run Maven with the -e switch.[0m
[96m[ErrorManager] Ignoring line: [ERROR] Re-run Maven using the -X switch to enable full debug logging.[0m
[96m[ErrorManager] Ignoring line: [ERROR][0m
[96m[ErrorManager] Ignoring line: [ERROR] For more information about the errors and possible solutions, please read the following articles:[0m
[96m[ErrorManager] Ignoring line: [ERROR] [Help 1] http://cwiki.apache.org/confluence/display/MAVEN/MojoFailureException[0m
[96m[Adapter] Locating fix position in error log.[0m
[LLMClient] Tokens used: 1561 (prompt), 1 (completion), 1562 (total)
[LLMClient] Prompt: 
You are given a Java error log when executing 'mvn test' in a project with dependency version 4.0.56.Final:io.netty:netty-codec-http.
This test file compiles and runs successfully with version 4.1.0.Beta1.

Your task is to:
1. Analyze why this issue occurs with the *4.1.0.Beta1* but not with the *4.0.56.Final version*.
2. Consider how to resolve the issue **without updating this library**.
3. Determine and output the location in the project that should be modified to fix the problem.

Please return 'pom' if the fix is in the pom.xml file, or 'test' if the fix is in the test code.
Do not return any other text, just 'pom' or 'test'.

The error log is:
[INFO] Scanning for projects...
[INFO] 
[INFO] --------------------< edu.vision.se:CVE-2019-20444 >--------------------
[INFO] Building netty-codec-http CVE-2019-20444 1.0-SNAPSHOT
[INFO]   from pom.xml
[INFO] --------------------------------[ jar ]---------------------------------
[INFO] 
[INFO] --- maven-clean-plugin:2.5:clean (default-clean) @ CVE-2019-20444 ---
[INFO] Deleting /PoCAdaptation/exploit/result/CVE-2019-20444/4.0.56.Final/exploit/target
[INFO] 
[INFO] --- maven-resources-plugin:2.6:resources (default-resources) @ CVE-2019-20444 ---
[INFO] Using 'UTF-8' encoding to copy filtered resources.
[INFO] skip non existing resourceDirectory /PoCAdaptation/exploit/result/CVE-2019-20444/4.0.56.Final/exploit/src/main/resources
[INFO] 
[INFO] --- maven-compiler-plugin:3.1:compile (default-compile) @ CVE-2019-20444 ---
[INFO] No sources to compile
[INFO] 
[INFO] --- maven-resources-plugin:2.6:testResources (default-testResources) @ CVE-2019-20444 ---
[INFO] Using 'UTF-8' encoding to copy filtered resources.
[INFO] skip non existing resourceDirectory /PoCAdaptation/exploit/result/CVE-2019-20444/4.0.56.Final/exploit/src/test/resources
[INFO] 
[INFO] --- maven-compiler-plugin:3.1:testCompile (default-testCompile) @ CVE-2019-20444 ---
[INFO] Changes detected - recompiling the module!
[INFO] Compiling 1 source file to /PoCAdaptation/exploit/result/CVE-2019-20444/4.0.56.Final/exploit/target/test-classes
[INFO] -------------------------------------------------------------
[ERROR] COMPILATION ERROR : 
[INFO] -------------------------------------------------------------
[ERROR] /PoCAdaptation/exploit/result/CVE-2019-20444/4.0.56.Final/exploit/src/test/java/edu/vision/se/Testcase1.java:[24,27] cannot find symbol
  symbol:   method decoderResult()
  location: variable request of type io.netty.handler.codec.http.HttpRequest
[ERROR] /PoCAdaptation/exploit/result/CVE-2019-20444/4.0.56.Final/exploit/src/test/java/edu/vision/se/Testcase1.java:[25,27] cannot find symbol
  symbol:   method decoderResult()
  location: variable request of type io.netty.handler.codec.http.HttpRequest
[INFO] 2 errors 
[INFO] -------------------------------------------------------------
[INFO] ------------------------------------------------------------------------
[INFO] BUILD FAILURE
[INFO] ------------------------------------------------------------------------
[INFO] Total time:  1.164 s
[INFO] Finished at: 2025-07-13T13:01:34Z
[INFO] ------------------------------------------------------------------------
[ERROR] Failed to execute goal org.apache.maven.plugins:maven-compiler-plugin:3.1:testCompile (default-testCompile) on project CVE-2019-20444: Compilation failure: Compilation failure: 
[ERROR] /PoCAdaptation/exploit/result/CVE-2019-20444/4.0.56.Final/exploit/src/test/java/edu/vision/se/Testcase1.java:[24,27] cannot find symbol
[ERROR]   symbol:   method decoderResult()
[ERROR]   location: variable request of type io.netty.handler.codec.http.HttpRequest
[ERROR] /PoCAdaptation/exploit/result/CVE-2019-20444/4.0.56.Final/exploit/src/test/java/edu/vision/se/Testcase1.java:[25,27] cannot find symbol
[ERROR]   symbol:   method decoderResult()
[ERROR]   location: variable request of type io.netty.handler.codec.http.HttpRequest
[ERROR] -> [Help 1]
[ERROR] 
[ERROR] To see the full stack trace of the errors, re-run Maven with the -e switch.
[ERROR] Re-run Maven using the -X switch to enable full debug logging.
[ERROR] 
[ERROR] For more information about the errors and possible solutions, please read the following articles:
[ERROR] [Help 1] http://cwiki.apache.org/confluence/display/MAVEN/MojoFailureException


current_pom file is:<?xml version='1.0' encoding='utf-8'?>
<project xmlns="http://maven.apache.org/POM/4.0.0" xmlns:xsi="http://www.w3.org/2001/XMLSchema-instance" xsi:schemaLocation="http://maven.apache.org/POM/4.0.0 https://maven.apache.org/xsd/maven-4.0.0.xsd">
  <groupId>edu.vision.se</groupId><version>1.0-SNAPSHOT</version><modelVersion>4.0.0</modelVersion>
  <artifactId>CVE-2019-20444</artifactId>
  <name>netty-codec-http CVE-2019-20444</name>
  <properties>
    <maven.compiler.target>11</maven.compiler.target>
    <maven.compiler.source>11</maven.compiler.source>
    <project.build.sourceEncoding>UTF-8</project.build.sourceEncoding>
  </properties>
  <dependencies>
    <dependency>
      <groupId>io.netty</groupId>
      <artifactId>netty-codec-http</artifactId>
      <version>4.0.56.Final</version>
    </dependency>
  <dependency><groupId>junit</groupId><artifactId>junit</artifactId><version>4.13.2</version></dependency>
  
  </dependencies>
</project>
[LLMClient] Response: 
test
[96m[Adapter] LLM response for fix position: test[0m
[LLMClient] Tokens used: 149 (prompt), 10 (completion), 159 (total)
[LLMClient] Prompt: 
You are given an error log when executing 'mvn test' in version 4.0.56.Final: 

Error: cannot find symbol, method decoderResult(), variable request of type io.netty.handler.codec.http.HttpRequest 

The test executes as expected in 4.1.0.Beta1 

Error code:         assertTrue(request.decoderResult().isFailure()); 

Extract two key *entities* from the error for searching related diffs 

The extracted entities should reflect code-level identifiers that are likely to appear in source code or diffs. 

Output each node as a `;`-separated list, with no explanations. 


[LLMClient] Response: 
request.decoderResult;HttpRequest.decoderResult
[96m[ErrorManager] Extracted key entities: ['request.decoderResult', 'HttpRequest.decoderResult'][0m
[96m[Adapter] Try to solve error: {'file': '/PoCAdaptation/exploit/result/CVE-2019-20444/4.0.56.Final/exploit/src/test/java/edu/vision/se/Testcase1.java', 'line': 24, 'column': 27, 'message': 'cannot find symbol', 'symbol': 'method decoderResult()', 'location': 'variable request of type io.netty.handler.codec.http.HttpRequest', 'code_line': '        assertTrue(request.decoderResult().isFailure());'} with cause: ['request.decoderResult', 'HttpRequest.decoderResult'][0m
[96m[Adapter] Related diffs for error: [(1333, 4.0), (0, 0.0), (2, 0.0), (3, 0.0), (4, 0.0)][0m
[96m[Adapter] Fix position is in test code.[0m
[96m[RepairModule] Start repair for group: cannot find symbol | method decoderResult() cause: ['request.decoderResult', 'HttpRequest.decoderResult'][0m
[96m[RepairModule] Trying best diff #1333 with score 4.00[0m
[96m[RepairModule] Found 10 diff combinations for annealing.[0m
[96m[RepairModule] Iteration 1, temperature 1.000: Trying diff #1333 with score 4.00[0m
[LLMClient] Tokens used: 789 (prompt), 273 (completion), 1062 (total)
[LLMClient] Prompt: 
You are given a Java test file with compilation errors in version 4.0.56.Final:io.netty:netty-codec-http.
This test file compiles and runs successfully in 4.1.0.Beta1.

The diff is related to the diff.
Your task has three steps:
 1. Locate the code where the compilation error occurs.
 2. Analyze the diff from 4.1.0.Beta1 to 4.0.56.Final.
 3. Fix the error in the error position only when diff is helpful. Add import statement when needed according to the diff. 

Only output the modified version of the test file according to the diff. No explanations. If mocking, access fields via reflection if they exist.
### Compilation Errors:
message: cannot find symbol, symble: method decoderResult(), location: variable request of type io.netty.handler.codec.http.HttpRequest

### Error Position:
        assertTrue(request.decoderResult().isFailure());

### Related Diff:
Operation: MODIFIED, File: example/src/main/java/io/netty/example/http/file/HttpStaticFileServerHandler.java, Hunk: @@ -107,26 +109,19 @@ public class HttpStaticFileServerHandler extends SimpleChannelInboundHandler<Ful
     public static final String HTTP_DATE_GMT_TIMEZONE = "GMT";
     public static final int HTTP_CACHE_SECONDS = 60;

+    private final boolean useSendFile;
+
+    public HttpStaticFileServerHandler(boolean useSendFile) {
+        this.useSendFile = useSendFile;
+    }
+
     @Override
+    public void channelRead0(
+            ChannelHandlerContext ctx, FullHttpRequest request) throws Exception {
+        if (!request.getDecoderResult().isSuccess()) {
-    public void channelRead0(ChannelHandlerContext ctx, FullHttpRequest request) throws Exception {
-        if (!request.decoderResult().isSuccess()) {
             sendError(ctx, BAD_REQUEST);
             return;
         }

+        if (request.getMethod() != GET) {
-        if (request.method() != GET) {
             sendError(ctx, METHOD_NOT_ALLOWED);
             return;
         }

+        final String uri = request.getUri();
-        final String uri = request.uri();
         final String path = sanitizeUri(uri);
         if (path == null) {
             sendError(ctx, FORBIDDEN);

### Test File Content:
package edu.vision.se;

import io.netty.buffer.Unpooled;
import io.netty.channel.embedded.EmbeddedChannel;
import io.netty.handler.codec.http.HttpRequest;
import io.netty.handler.codec.http.HttpRequestDecoder;
import io.netty.util.CharsetUtil;
import org.junit.Test;

import static org.junit.Assert.assertFalse;
import static org.junit.Assert.assertTrue;

public class Testcase1 {

    @Test(timeout = 60000)
    public void testHeaderWithNoValueAndMissingColon() {
        EmbeddedChannel channel = new EmbeddedChannel(new HttpRequestDecoder());
        String requestStr = "GET /some/path HTTP/1.1\r\n" +
                "Content-Length: 0\r\n" +
                "Host:\r\n" +
                "netty.io\r\n\r\n";
        assertTrue(channel.writeInbound(Unpooled.copiedBuffer(requestStr, CharsetUtil.US_ASCII)));
        HttpRequest request = (HttpRequest) channel.readInbound();
        assertTrue(request.decoderResult().isFailure());
        assertTrue(request.decoderResult().cause() instanceof IllegalArgumentException);
        assertFalse(channel.finish());
    }
}



[LLMClient] Response: 
Here's the modified version of the test file according to the diff:

```java
package edu.vision.se;

import io.netty.buffer.Unpooled;
import io.netty.channel.embedded.EmbeddedChannel;
import io.netty.handler.codec.http.HttpRequest;
import io.netty.handler.codec.http.HttpRequestDecoder;
import io.netty.util.CharsetUtil;
import org.junit.Test;

import static org.junit.Assert.assertFalse;
import static org.junit.Assert.assertTrue;

public class Testcase1 {

    @Test(timeout = 60000)
    public void testHeaderWithNoValueAndMissingColon() {
        EmbeddedChannel channel = new EmbeddedChannel(new HttpRequestDecoder());
        String requestStr = "GET /some/path HTTP/1.1\r\n" +
                "Content-Length: 0\r\n" +
                "Host:\r\n" +
                "netty.io\r\n\r\n";
        assertTrue(channel.writeInbound(Unpooled.copiedBuffer(requestStr, CharsetUtil.US_ASCII)));
        HttpRequest request = (HttpRequest) channel.readInbound();
        assertTrue(request.getDecoderResult().isFailure());
        assertTrue(request.getDecoderResult().cause() instanceof IllegalArgumentException);
        assertFalse(channel.finish());
    }
}
```
[96m[RepairModule] Wrote modified code to /PoCAdaptation/exploit/result/CVE-2019-20444/4.0.56.Final/exploit/src/test/java/edu/vision/se/Testcase1.java[0m
[96m[Executor] Executing exploit for CVE-2019-20444 on version 4.0.56.Final...[0m
[96m[Verifier] Verifying reproduction...[0m
[92m[Verifier] âœ“ Behavior matched: 'java.lang.AssertionError'[0m
[92m[Verifier] âœ“ Detail matched: 'org.junit.Assert.fail'[0m
[92m[Verifier] âœ“ All reproduction indicators matched.[0m
[92m[Executor] Reproduction result: Success[0m
[92m[RepairModule] Repair success![0m
[92m[RepairModule] Repair success with diff #1333 at iteration 1![0m
[96m[Adapter] Test code repair attempted.[0m
[96m[Executor] Executing exploit for CVE-2019-20444 on version 4.0.56.Final...[0m
[96m[Verifier] Verifying reproduction...[0m
[92m[Verifier] âœ“ Behavior matched: 'java.lang.AssertionError'[0m
[92m[Verifier] âœ“ Detail matched: 'org.junit.Assert.fail'[0m
[92m[Verifier] âœ“ All reproduction indicators matched.[0m
[92m[Executor] Reproduction result: Success[0m
[92m[Adapter] Adaptation from 4.1.0.Beta1 to 4.0.56.Final successful.[0m
[Adapt] âœ“ Completed: True
[96m[Adapter] Adaptation complete. Retesting exploit on 4.0.56.Final...[0m
[92m[Executor] Adaptation + reproduction successful on 4.0.56.Final[0m
[96m[Adapter] Copied successful adaptation to /PoCAdaptation/exploit/valid/CVE-2019-20444/4.0.56.Final[0m
[1m[Main] === Starting adaptation process for CVE-2019-20444 ===[0m
[96m[Processor] Fetching all available Maven versions...[0m
[96m[Analyzer] Loading cached versions from: /PoCAdaptation/library/io_netty_netty-codec-http.txt[0m
[96m[Analyzer] io.netty:netty-codec-http has 231 versions (cached).[0m
[96m[Processor] Identifying versions with successful reproduction...[0m
[96m[Processor] Pending versions: ['4.0.0.Beta1', '4.0.0.Beta2', '4.0.0.Beta3', '4.0.0.CR1', '4.0.0.CR2', '4.0.0.CR3', '4.0.0.CR4', '4.0.0.CR5', '4.0.0.CR6', '4.0.0.CR7', '4.0.0.CR8', '4.0.0.CR9', '4.0.0.Final', '4.0.1.Final', '4.0.2.Final', '4.0.3.Final', '4.0.4.Final', '4.0.5.Final', '4.0.6.Final', '4.0.7.Final', '4.0.8.Final', '4.0.9.Final', '4.0.10.Final', '4.0.11.Final', '4.0.12.Final', '4.0.13.Final', '4.0.14.Beta1', '4.0.14.Final', '4.0.15.Final', '4.0.16.Final', '4.0.17.Final', '4.0.18.Final', '4.0.19.Final', '4.0.20.Final', '4.0.21.Final', '4.0.22.Final', '4.0.23.Final', '4.0.24.Final', '4.0.25.Final', '4.0.26.Final', '4.0.27.Final', '4.0.28.Final', '4.0.29.Final', '4.0.30.Final', '4.0.31.Final', '4.0.32.Final', '4.0.33.Final', '4.0.34.Final', '4.0.35.Final', '4.0.36.Final', '4.0.37.Final', '4.0.38.Final', '4.0.39.Final', '4.0.40.Final', '4.0.41.Final', '4.0.42.Final', '4.0.43.Final', '4.0.44.Final', '4.0.45.Final', '4.0.46.Final', '4.0.47.Final', '4.0.48.Final', '4.0.49.Final', '4.0.50.Final', '4.0.51.Final', '4.0.52.Final', '4.0.53.Final', '4.0.54.Final', '4.0.55.Final', '4.0.56.Final', '5.0.0.Alpha1'][0m
[96m[Preparer] Pending directory already exists: /PoCAdaptation/exploit/pending/CVE-2019-20444[0m
[92m[Main] Total affected versions: 131[0m
[92m[Main] Already reproduced versions: 125[0m
[93m[Main] Versions pending adaptation: 6[0m
[96m[Main]     -> ['4.0.0.Beta1', '4.0.0.Beta2', '4.0.0.Beta3', '4.0.0.CR1', '4.0.0.CR2', '4.0.0.CR3'][0m
[96m[Main]     -> ['4.0.0.CR4', '4.0.0.CR5', '4.0.0.CR6', '4.0.0.CR7', '4.0.0.CR8', '4.0.0.CR9', '4.0.0.Final', '4.0.1.Final', '4.0.2.Final', '4.0.3.Final', '4.0.4.Final', '4.0.5.Final', '4.0.6.Final', '4.0.7.Final', '4.0.8.Final', '4.0.9.Final', '4.0.10.Final', '4.0.11.Final', '4.0.12.Final', '4.0.13.Final', '4.0.14.Beta1', '4.0.14.Final', '4.0.15.Final', '4.0.16.Final', '4.0.17.Final', '4.0.18.Final', '4.0.19.Final', '4.0.20.Final', '4.0.21.Final', '4.0.22.Final', '4.0.23.Final', '4.0.24.Final', '4.0.25.Final', '4.0.26.Final', '4.0.27.Final', '4.0.28.Final', '4.0.29.Final', '4.0.30.Final', '4.0.31.Final', '4.0.32.Final', '4.0.33.Final', '4.0.34.Final', '4.0.35.Final', '4.0.36.Final', '4.0.37.Final', '4.0.38.Final', '4.0.39.Final', '4.0.40.Final', '4.0.41.Final', '4.0.42.Final', '4.0.43.Final', '4.0.44.Final', '4.0.45.Final', '4.0.46.Final', '4.0.47.Final', '4.0.48.Final', '4.0.49.Final', '4.0.50.Final', '4.0.51.Final', '4.0.52.Final', '4.0.53.Final', '4.0.54.Final', '4.0.55.Final', '4.0.56.Final', '4.1.0.Beta1', '4.1.0.Beta2', '4.1.0.Beta3', '4.1.0.Beta4', '4.1.0.Beta5', '4.1.0.Beta6', '4.1.0.Beta7', '4.1.0.Beta8', '4.1.0.CR1', '4.1.0.CR2', '4.1.0.CR3', '4.1.0.CR4', '4.1.0.CR5', '4.1.0.CR6', '4.1.0.CR7', '4.1.0.Final', '4.1.1.Final', '4.1.2.Final', '4.1.3.Final', '4.1.4.Final', '4.1.5.Final', '4.1.6.Final', '4.1.7.Final', '4.1.8.Final', '4.1.9.Final', '4.1.10.Final', '4.1.11.Final', '4.1.12.Final', '4.1.13.Final', '4.1.14.Final', '4.1.15.Final', '4.1.16.Final', '4.1.17.Final', '4.1.18.Final', '4.1.19.Final', '4.1.20.Final', '4.1.21.Final', '4.1.22.Final', '4.1.23.Final', '4.1.24.Final', '4.1.25.Final', '4.1.26.Final', '4.1.27.Final', '4.1.28.Final', '4.1.29.Final', '4.1.30.Final', '4.1.31.Final', '4.1.32.Final', '4.1.33.Final', '4.1.34.Final', '4.1.35.Final', '4.1.36.Final', '4.1.37.Final', '4.1.38.Final', '4.1.39.Final', '4.1.40.Final', '4.1.41.Final', '4.1.42.Final', '4.1.43.Final', '5.0.0.Alpha1', '5.0.0.Alpha2'][0m
[96m[Executor] Running initial exploit mvn test in /PoCAdaptation/exploit/origin/CVE-2019-20444/exploit[0m
[91m[Executor] Initial exploit execution finished with return code 1[0m
[96m[Verifier] Verifying reproduction...[0m
[92m[Verifier] âœ“ Behavior matched: 'java.lang.AssertionError'[0m
[92m[Verifier] âœ“ Detail matched: 'org.junit.Assert.fail'[0m
[92m[Verifier] âœ“ All reproduction indicators matched.[0m
[92m[Verifier] Initial exploit behavior verified successfully.[0m
[96m[Selector] Nearest need adapatation version selected: 4.0.0.CR3[0m
[96m[Selector] Closest reproduced version: 4.0.0.CR4 at index 14[0m
[96m[Adapter] Trying next closest version: 4.0.0.CR3[0m
[96m[Preparer] Using closest existing exploit version: /PoCAdaptation/exploit/valid/CVE-2019-20444/4.0.56.Final/exploit[0m
[92m[Preparer] Copied exploit to: /PoCAdaptation/exploit/pending/CVE-2019-20444/4.0.0.CR3/exploit[0m
[96m[Preparer] Updating dependency version to 4.0.0.CR3 in /PoCAdaptation/exploit/pending/CVE-2019-20444/4.0.0.CR3/exploit/pom.xml[0m
[92m[Preparer] Updated dependency version to 4.0.0.CR3 in /PoCAdaptation/exploit/pending/CVE-2019-20444/4.0.0.CR3/exploit/pom.xml[0m
[96m[Executor] Attempting direct exploit execution on 4.0.0.CR3...[0m
[96m[Executor] Executing exploit for CVE-2019-20444 on version 4.0.0.CR3...[0m
[96m[Verifier] Verifying reproduction...[0m
[91m[Verifier] âœ— Behavior not found: 'java.lang.AssertionError'[0m
[91m[Executor] Reproduction result: Failure[0m
[96m[Adapter] Attempting adaptation from base version 4.0.0.CR4 to 4.0.0.CR3...[0m
[96m[Adapter] Start adapting exploit from 4.0.0.CR4 to 4.0.0.CR3"[0m
[96m[Executor] Executing exploit for CVE-2019-20444 on version 4.0.0.CR3...[0m
[96m[Verifier] Verifying reproduction...[0m
[91m[Verifier] âœ— Behavior not found: 'java.lang.AssertionError'[0m
[91m[Executor] Reproduction result: Failure[0m
[96m[ErrorManager] Ignoring line: [ERROR] Failed to execute goal org.apache.maven.plugins:maven-compiler-plugin:3.1:testCompile (default-testCompile) on project CVE-2019-20444: Compilation failure: Compilation failure:[0m
[92m[ErrorManager] Processing line: [ERROR] /PoCAdaptation/exploit/result/CVE-2019-20444/4.0.0.CR3/exploit/src/test/java/edu/vision/se/Testcase1.java:[4,33] cannot find symbol[0m
[92m[ErrorManager] Processing line: [ERROR]   symbol:   class EmbeddedChannel[0m
[92m[ErrorManager] Processing line: [ERROR]   location: package io.netty.channel.embedded[0m
[92m[ErrorManager] Processing line: [ERROR] /PoCAdaptation/exploit/result/CVE-2019-20444/4.0.0.CR3/exploit/src/test/java/edu/vision/se/Testcase1.java:[17,9] cannot find symbol[0m
[92m[ErrorManager] Processing line: [ERROR]   symbol:   class EmbeddedChannel[0m
[92m[ErrorManager] Processing line: [ERROR]   location: class edu.vision.se.Testcase1[0m
[92m[ErrorManager] Processing line: [ERROR] /PoCAdaptation/exploit/result/CVE-2019-20444/4.0.0.CR3/exploit/src/test/java/edu/vision/se/Testcase1.java:[17,39] cannot find symbol[0m
[92m[ErrorManager] Processing line: [ERROR]   symbol:   class EmbeddedChannel[0m
[92m[ErrorManager] Processing line: [ERROR]   location: class edu.vision.se.Testcase1[0m
[96m[ErrorManager] Ignoring line: [ERROR] -> [Help 1][0m
[96m[ErrorManager] Ignoring line: [ERROR][0m
[96m[ErrorManager] Ignoring line: [ERROR] To see the full stack trace of the errors, re-run Maven with the -e switch.[0m
[96m[ErrorManager] Ignoring line: [ERROR] Re-run Maven using the -X switch to enable full debug logging.[0m
[96m[ErrorManager] Ignoring line: [ERROR][0m
[96m[ErrorManager] Ignoring line: [ERROR] For more information about the errors and possible solutions, please read the following articles:[0m
[96m[ErrorManager] Ignoring line: [ERROR] [Help 1] http://cwiki.apache.org/confluence/display/MAVEN/MojoFailureException[0m
[96m[Adapter] Locating fix position in error log.[0m
[LLMClient] Tokens used: 1704 (prompt), 2 (completion), 1706 (total)
[LLMClient] Prompt: 
You are given a Java error log when executing 'mvn test' in a project with dependency version 4.0.0.CR3:io.netty:netty-codec-http.
This test file compiles and runs successfully with version 4.0.0.CR4.

Your task is to:
1. Analyze why this issue occurs with the *4.0.0.CR4* but not with the *4.0.0.CR3 version*.
2. Consider how to resolve the issue **without updating this library**.
3. Determine and output the location in the project that should be modified to fix the problem.

Please return 'pom' if the fix is in the pom.xml file, or 'test' if the fix is in the test code.
Do not return any other text, just 'pom' or 'test'.

The error log is:
[INFO] Scanning for projects...
[INFO] 
[INFO] --------------------< edu.vision.se:CVE-2019-20444 >--------------------
[INFO] Building netty-codec-http CVE-2019-20444 1.0-SNAPSHOT
[INFO]   from pom.xml
[INFO] --------------------------------[ jar ]---------------------------------
[INFO] 
[INFO] --- maven-clean-plugin:2.5:clean (default-clean) @ CVE-2019-20444 ---
[INFO] Deleting /PoCAdaptation/exploit/result/CVE-2019-20444/4.0.0.CR3/exploit/target
[INFO] 
[INFO] --- maven-resources-plugin:2.6:resources (default-resources) @ CVE-2019-20444 ---
[INFO] Using 'UTF-8' encoding to copy filtered resources.
[INFO] skip non existing resourceDirectory /PoCAdaptation/exploit/result/CVE-2019-20444/4.0.0.CR3/exploit/src/main/resources
[INFO] 
[INFO] --- maven-compiler-plugin:3.1:compile (default-compile) @ CVE-2019-20444 ---
[INFO] No sources to compile
[INFO] 
[INFO] --- maven-resources-plugin:2.6:testResources (default-testResources) @ CVE-2019-20444 ---
[INFO] Using 'UTF-8' encoding to copy filtered resources.
[INFO] skip non existing resourceDirectory /PoCAdaptation/exploit/result/CVE-2019-20444/4.0.0.CR3/exploit/src/test/resources
[INFO] 
[INFO] --- maven-compiler-plugin:3.1:testCompile (default-testCompile) @ CVE-2019-20444 ---
[INFO] Changes detected - recompiling the module!
[INFO] Compiling 1 source file to /PoCAdaptation/exploit/result/CVE-2019-20444/4.0.0.CR3/exploit/target/test-classes
[INFO] -------------------------------------------------------------
[ERROR] COMPILATION ERROR : 
[INFO] -------------------------------------------------------------
[ERROR] /PoCAdaptation/exploit/result/CVE-2019-20444/4.0.0.CR3/exploit/src/test/java/edu/vision/se/Testcase1.java:[4,33] cannot find symbol
  symbol:   class EmbeddedChannel
  location: package io.netty.channel.embedded
[ERROR] /PoCAdaptation/exploit/result/CVE-2019-20444/4.0.0.CR3/exploit/src/test/java/edu/vision/se/Testcase1.java:[17,9] cannot find symbol
  symbol:   class EmbeddedChannel
  location: class edu.vision.se.Testcase1
[ERROR] /PoCAdaptation/exploit/result/CVE-2019-20444/4.0.0.CR3/exploit/src/test/java/edu/vision/se/Testcase1.java:[17,39] cannot find symbol
  symbol:   class EmbeddedChannel
  location: class edu.vision.se.Testcase1
[INFO] 3 errors 
[INFO] -------------------------------------------------------------
[INFO] ------------------------------------------------------------------------
[INFO] BUILD FAILURE
[INFO] ------------------------------------------------------------------------
[INFO] Total time:  0.992 s
[INFO] Finished at: 2025-07-13T13:02:11Z
[INFO] ------------------------------------------------------------------------
[ERROR] Failed to execute goal org.apache.maven.plugins:maven-compiler-plugin:3.1:testCompile (default-testCompile) on project CVE-2019-20444: Compilation failure: Compilation failure: 
[ERROR] /PoCAdaptation/exploit/result/CVE-2019-20444/4.0.0.CR3/exploit/src/test/java/edu/vision/se/Testcase1.java:[4,33] cannot find symbol
[ERROR]   symbol:   class EmbeddedChannel
[ERROR]   location: package io.netty.channel.embedded
[ERROR] /PoCAdaptation/exploit/result/CVE-2019-20444/4.0.0.CR3/exploit/src/test/java/edu/vision/se/Testcase1.java:[17,9] cannot find symbol
[ERROR]   symbol:   class EmbeddedChannel
[ERROR]   location: class edu.vision.se.Testcase1
[ERROR] /PoCAdaptation/exploit/result/CVE-2019-20444/4.0.0.CR3/exploit/src/test/java/edu/vision/se/Testcase1.java:[17,39] cannot find symbol
[ERROR]   symbol:   class EmbeddedChannel
[ERROR]   location: class edu.vision.se.Testcase1
[ERROR] -> [Help 1]
[ERROR] 
[ERROR] To see the full stack trace of the errors, re-run Maven with the -e switch.
[ERROR] Re-run Maven using the -X switch to enable full debug logging.
[ERROR] 
[ERROR] For more information about the errors and possible solutions, please read the following articles:
[ERROR] [Help 1] http://cwiki.apache.org/confluence/display/MAVEN/MojoFailureException


current_pom file is:<?xml version='1.0' encoding='utf-8'?>
<project xmlns="http://maven.apache.org/POM/4.0.0" xmlns:xsi="http://www.w3.org/2001/XMLSchema-instance" xsi:schemaLocation="http://maven.apache.org/POM/4.0.0 https://maven.apache.org/xsd/maven-4.0.0.xsd">
  <groupId>edu.vision.se</groupId><version>1.0-SNAPSHOT</version><modelVersion>4.0.0</modelVersion>
  <artifactId>CVE-2019-20444</artifactId>
  <name>netty-codec-http CVE-2019-20444</name>
  <properties>
    <maven.compiler.target>11</maven.compiler.target>
    <maven.compiler.source>11</maven.compiler.source>
    <project.build.sourceEncoding>UTF-8</project.build.sourceEncoding>
  </properties>
  <dependencies>
    <dependency>
      <groupId>io.netty</groupId>
      <artifactId>netty-codec-http</artifactId>
      <version>4.0.0.CR3</version>
    </dependency>
  <dependency><groupId>junit</groupId><artifactId>junit</artifactId><version>4.13.2</version></dependency>
  
  </dependencies>
</project>
[LLMClient] Response: 
pom
[96m[Adapter] LLM response for fix position: pom[0m
[96m[Adapter] Fix position is in pom.xml.[0m
[LLMClient] Tokens used: 146 (prompt), 11 (completion), 157 (total)
[LLMClient] Prompt: 
You are given an error log when executing 'mvn test' in version 4.0.0.CR3: 

Error: cannot find symbol, class EmbeddedChannel, package io.netty.channel.embedded 

The test executes as expected in 4.0.0.CR4 

Error code: import io.netty.channel.embedded.EmbeddedChannel; 

Extract two key *entities* from the error for searching related diffs 

The extracted entities should reflect code-level identifiers that are likely to appear in source code or diffs. 

Output each node as a `;`-separated list, with no explanations. 


[LLMClient] Response: 
EmbeddedChannel;io.netty.channel.embedded
[96m[ErrorManager] Extracted key entities: ['EmbeddedChannel', 'io.netty.channel.embedded'][0m
[96m[RepairModule] Start repair[0m
[96m[RepairModule] Iteration 1, temperature 1.000: Trying diff #(2, 127) with score 1.00[0m
[LLMClient] Tokens used: 1854 (prompt), 186 (completion), 2040 (total)
[LLMClient] Prompt: 
You are given an error when executing test in in 4.0.0.CR3:io.netty:netty-codec-http
This test file compiles and runs successfully in 4.0.0.CR4.

Related diff is Operation: MODIFIED, File: buffer/pom.xml, Hunk: @@ -20,7 +20,7 @@
   <parent>
     <groupId>io.netty</groupId>
     <artifactId>netty-parent</artifactId>
-    <version>4.0.0.CR3</version>
+    <version>4.0.0.CR4</version>
   </parent>

   <artifactId>netty-buffer</artifactId>
Operation: MODIFIED, File: codec-http/pom.xml, Hunk: @@ -20,7 +20,7 @@
   <parent>
     <groupId>io.netty</groupId>
     <artifactId>netty-parent</artifactId>
-    <version>4.0.0.CR3</version>
+    <version>4.0.0.CR4</version>
   </parent>

   <artifactId>netty-codec-http</artifactId>

You are NOT allowed to change the version of the dependency io.netty:netty-codec-http.
Your task is to solve the problem by changing the pom file of the project
Current pom file is <?xml version='1.0' encoding='utf-8'?>
<project xmlns="http://maven.apache.org/POM/4.0.0" xmlns:xsi="http://www.w3.org/2001/XMLSchema-instance" xsi:schemaLocation="http://maven.apache.org/POM/4.0.0 https://maven.apache.org/xsd/maven-4.0.0.xsd">
  <groupId>edu.vision.se</groupId><version>1.0-SNAPSHOT</version><modelVersion>4.0.0</modelVersion>
  <artifactId>CVE-2019-20444</artifactId>
  <name>netty-codec-http CVE-2019-20444</name>
  <properties>
    <maven.compiler.target>11</maven.compiler.target>
    <maven.compiler.source>11</maven.compiler.source>
    <project.build.sourceEncoding>UTF-8</project.build.sourceEncoding>
  </properties>
  <dependencies>
    <dependency>
      <groupId>io.netty</groupId>
      <artifactId>netty-codec-http</artifactId>
      <version>4.0.0.CR3</version>
    </dependency>
  <dependency><groupId>junit</groupId><artifactId>junit</artifactId><version>4.13.2</version></dependency>
  
  </dependencies>
</project>
Your task is 1. Analyze the cause of the errors 2. Decide fix position of the pom file according to the cause 3. Output only the updated partion of pom.xml entries without explanation

### Compilation Errors:
[INFO] Scanning for projects...
[INFO] 
[INFO] --------------------< edu.vision.se:CVE-2019-20444 >--------------------
[INFO] Building netty-codec-http CVE-2019-20444 1.0-SNAPSHOT
[INFO]   from pom.xml
[INFO] --------------------------------[ jar ]---------------------------------
[INFO] 
[INFO] --- maven-clean-plugin:2.5:clean (default-clean) @ CVE-2019-20444 ---
[INFO] Deleting /PoCAdaptation/exploit/result/CVE-2019-20444/4.0.0.CR3/exploit/target
[INFO] 
[INFO] --- maven-resources-plugin:2.6:resources (default-resources) @ CVE-2019-20444 ---
[INFO] Using 'UTF-8' encoding to copy filtered resources.
[INFO] skip non existing resourceDirectory /PoCAdaptation/exploit/result/CVE-2019-20444/4.0.0.CR3/exploit/src/main/resources
[INFO] 
[INFO] --- maven-compiler-plugin:3.1:compile (default-compile) @ CVE-2019-20444 ---
[INFO] No sources to compile
[INFO] 
[INFO] --- maven-resources-plugin:2.6:testResources (default-testResources) @ CVE-2019-20444 ---
[INFO] Using 'UTF-8' encoding to copy filtered resources.
[INFO] skip non existing resourceDirectory /PoCAdaptation/exploit/result/CVE-2019-20444/4.0.0.CR3/exploit/src/test/resources
[INFO] 
[INFO] --- maven-compiler-plugin:3.1:testCompile (default-testCompile) @ CVE-2019-20444 ---
[INFO] Changes detected - recompiling the module!
[INFO] Compiling 1 source file to /PoCAdaptation/exploit/result/CVE-2019-20444/4.0.0.CR3/exploit/target/test-classes
[INFO] -------------------------------------------------------------
[ERROR] COMPILATION ERROR : 
[INFO] -------------------------------------------------------------
[ERROR] /PoCAdaptation/exploit/result/CVE-2019-20444/4.0.0.CR3/exploit/src/test/java/edu/vision/se/Testcase1.java:[4,33] cannot find symbol
  symbol:   class EmbeddedChannel
  location: package io.netty.channel.embedded
[ERROR] /PoCAdaptation/exploit/result/CVE-2019-20444/4.0.0.CR3/exploit/src/test/java/edu/vision/se/Testcase1.java:[17,9] cannot find symbol
  symbol:   class EmbeddedChannel
  location: class edu.vision.se.Testcase1
[ERROR] /PoCAdaptation/exploit/result/CVE-2019-20444/4.0.0.CR3/exploit/src/test/java/edu/vision/se/Testcase1.java:[17,39] cannot find symbol
  symbol:   class EmbeddedChannel
  location: class edu.vision.se.Testcase1
[INFO] 3 errors 
[INFO] -------------------------------------------------------------
[INFO] ------------------------------------------------------------------------
[INFO] BUILD FAILURE
[INFO] ------------------------------------------------------------------------
[INFO] Total time:  0.992 s
[INFO] Finished at: 2025-07-13T13:02:11Z
[INFO] ------------------------------------------------------------------------
[ERROR] Failed to execute goal org.apache.maven.plugins:maven-compiler-plugin:3.1:testCompile (default-testCompile) on project CVE-2019-20444: Compilation failure: Compilation failure: 
[ERROR] /PoCAdaptation/exploit/result/CVE-2019-20444/4.0.0.CR3/exploit/src/test/java/edu/vision/se/Testcase1.java:[4,33] cannot find symbol
[ERROR]   symbol:   class EmbeddedChannel
[ERROR]   location: package io.netty.channel.embedded
[ERROR] /PoCAdaptation/exploit/result/CVE-2019-20444/4.0.0.CR3/exploit/src/test/java/edu/vision/se/Testcase1.java:[17,9] cannot find symbol
[ERROR]   symbol:   class EmbeddedChannel
[ERROR]   location: class edu.vision.se.Testcase1
[ERROR] /PoCAdaptation/exploit/result/CVE-2019-20444/4.0.0.CR3/exploit/src/test/java/edu/vision/se/Testcase1.java:[17,39] cannot find symbol
[ERROR]   symbol:   class EmbeddedChannel
[ERROR]   location: class edu.vision.se.Testcase1
[ERROR] -> [Help 1]
[ERROR] 
[ERROR] To see the full stack trace of the errors, re-run Maven with the -e switch.
[ERROR] Re-run Maven using the -X switch to enable full debug logging.
[ERROR] 
[ERROR] For more information about the errors and possible solutions, please read the following articles:
[ERROR] [Help 1] http://cwiki.apache.org/confluence/display/MAVEN/MojoFailureException


[LLMClient] Response: 
The error occurs because the test code requires `EmbeddedChannel` from `netty-transport` but it's not included as a dependency. Here's the updated portion of the pom.xml to add the required dependency:

```xml
  <dependencies>
    <dependency>
      <groupId>io.netty</groupId>
      <artifactId>netty-codec-http</artifactId>
      <version>4.0.0.CR3</version>
    </dependency>
    <dependency>
      <groupId>io.netty</groupId>
      <artifactId>netty-transport</artifactId>
      <version>4.0.0.CR3</version>
    </dependency>
    <dependency>
      <groupId>junit</groupId>
      <artifactId>junit</artifactId>
      <version>4.13.2</version>
    </dependency>
  </dependencies>
```
[Adapter] ~ Updating version of io.netty:netty-codec-http to 4.0.0.CR3
[Adapter] + Adding new dependency io.netty:netty-transport:4.0.0.CR3
[Adapter] ~ Updating version of junit:junit to 4.13.2
[Adapter] âœ“ pom.xml successfully updated.
[96m[Executor] Executing exploit for CVE-2019-20444 on version 4.0.0.CR3...[0m
[96m[Verifier] Verifying reproduction...[0m
[91m[Verifier] âœ— Behavior not found: 'java.lang.AssertionError'[0m
[91m[Executor] Reproduction result: Failure[0m
[LLMClient] Tokens used: 1705 (prompt), 269 (completion), 1974 (total)
[LLMClient] Prompt: 
You are given an error when executing test in in 4.0.0.CR3:io.netty:netty-codec-http
This test file compiles and runs successfully in 4.0.0.CR4.

You are NOT allowed to change the version of the dependency io.netty:netty-codec-http.
Your task is to solve the problem by changing the pom file of the project. You can update other library to any versions
Current pom file is <?xml version='1.0' encoding='utf-8'?>
<project xmlns="http://maven.apache.org/POM/4.0.0" xmlns:xsi="http://www.w3.org/2001/XMLSchema-instance" xsi:schemaLocation="http://maven.apache.org/POM/4.0.0 https://maven.apache.org/xsd/maven-4.0.0.xsd">
  <groupId>edu.vision.se</groupId><version>1.0-SNAPSHOT</version><modelVersion>4.0.0</modelVersion>
  <artifactId>CVE-2019-20444</artifactId>
  <name>netty-codec-http CVE-2019-20444</name>
  <properties>
    <maven.compiler.target>11</maven.compiler.target>
    <maven.compiler.source>11</maven.compiler.source>
    <project.build.sourceEncoding>UTF-8</project.build.sourceEncoding>
  </properties>
  <dependencies>
    <dependency>
      <groupId>io.netty</groupId>
      <artifactId>netty-codec-http</artifactId>
      <version>4.0.0.CR3</version>
    </dependency>
  <dependency><groupId>junit</groupId><artifactId>junit</artifactId><version>4.13.2</version></dependency>
  
  <dependency>
      <groupId>io.netty</groupId>
      <artifactId>netty-transport</artifactId>
      <version>4.0.0.CR3</version>
    </dependency>
    </dependencies>
</project>
Your task is 1. Analyze the cause of the errors 2. Decide fix position of the pom file according to the cause 3. Output only the updated partion of pom.xml entries without explanation

### Compilation Errors:
[INFO] Scanning for projects...
[INFO] 
[INFO] --------------------< edu.vision.se:CVE-2019-20444 >--------------------
[INFO] Building netty-codec-http CVE-2019-20444 1.0-SNAPSHOT
[INFO]   from pom.xml
[INFO] --------------------------------[ jar ]---------------------------------
[INFO] 
[INFO] --- maven-clean-plugin:2.5:clean (default-clean) @ CVE-2019-20444 ---
[INFO] Deleting /PoCAdaptation/exploit/result/CVE-2019-20444/4.0.0.CR3/exploit/target
[INFO] 
[INFO] --- maven-resources-plugin:2.6:resources (default-resources) @ CVE-2019-20444 ---
[INFO] Using 'UTF-8' encoding to copy filtered resources.
[INFO] skip non existing resourceDirectory /PoCAdaptation/exploit/result/CVE-2019-20444/4.0.0.CR3/exploit/src/main/resources
[INFO] 
[INFO] --- maven-compiler-plugin:3.1:compile (default-compile) @ CVE-2019-20444 ---
[INFO] No sources to compile
[INFO] 
[INFO] --- maven-resources-plugin:2.6:testResources (default-testResources) @ CVE-2019-20444 ---
[INFO] Using 'UTF-8' encoding to copy filtered resources.
[INFO] skip non existing resourceDirectory /PoCAdaptation/exploit/result/CVE-2019-20444/4.0.0.CR3/exploit/src/test/resources
[INFO] 
[INFO] --- maven-compiler-plugin:3.1:testCompile (default-testCompile) @ CVE-2019-20444 ---
[INFO] Changes detected - recompiling the module!
[INFO] Compiling 1 source file to /PoCAdaptation/exploit/result/CVE-2019-20444/4.0.0.CR3/exploit/target/test-classes
[INFO] -------------------------------------------------------------
[ERROR] COMPILATION ERROR : 
[INFO] -------------------------------------------------------------
[ERROR] /PoCAdaptation/exploit/result/CVE-2019-20444/4.0.0.CR3/exploit/src/test/java/edu/vision/se/Testcase1.java:[4,33] cannot find symbol
  symbol:   class EmbeddedChannel
  location: package io.netty.channel.embedded
[ERROR] /PoCAdaptation/exploit/result/CVE-2019-20444/4.0.0.CR3/exploit/src/test/java/edu/vision/se/Testcase1.java:[17,9] cannot find symbol
  symbol:   class EmbeddedChannel
  location: class edu.vision.se.Testcase1
[ERROR] /PoCAdaptation/exploit/result/CVE-2019-20444/4.0.0.CR3/exploit/src/test/java/edu/vision/se/Testcase1.java:[17,39] cannot find symbol
  symbol:   class EmbeddedChannel
  location: class edu.vision.se.Testcase1
[INFO] 3 errors 
[INFO] -------------------------------------------------------------
[INFO] ------------------------------------------------------------------------
[INFO] BUILD FAILURE
[INFO] ------------------------------------------------------------------------
[INFO] Total time:  0.802 s
[INFO] Finished at: 2025-07-13T13:02:32Z
[INFO] ------------------------------------------------------------------------
[ERROR] Failed to execute goal org.apache.maven.plugins:maven-compiler-plugin:3.1:testCompile (default-testCompile) on project CVE-2019-20444: Compilation failure: Compilation failure: 
[ERROR] /PoCAdaptation/exploit/result/CVE-2019-20444/4.0.0.CR3/exploit/src/test/java/edu/vision/se/Testcase1.java:[4,33] cannot find symbol
[ERROR]   symbol:   class EmbeddedChannel
[ERROR]   location: package io.netty.channel.embedded
[ERROR] /PoCAdaptation/exploit/result/CVE-2019-20444/4.0.0.CR3/exploit/src/test/java/edu/vision/se/Testcase1.java:[17,9] cannot find symbol
[ERROR]   symbol:   class EmbeddedChannel
[ERROR]   location: class edu.vision.se.Testcase1
[ERROR] /PoCAdaptation/exploit/result/CVE-2019-20444/4.0.0.CR3/exploit/src/test/java/edu/vision/se/Testcase1.java:[17,39] cannot find symbol
[ERROR]   symbol:   class EmbeddedChannel
[ERROR]   location: class edu.vision.se.Testcase1
[ERROR] -> [Help 1]
[ERROR] 
[ERROR] To see the full stack trace of the errors, re-run Maven with the -e switch.
[ERROR] Re-run Maven using the -X switch to enable full debug logging.
[ERROR] 
[ERROR] For more information about the errors and possible solutions, please read the following articles:
[ERROR] [Help 1] http://cwiki.apache.org/confluence/display/MAVEN/MojoFailureException


[LLMClient] Response: 
The error indicates that the `EmbeddedChannel` class is missing, which is part of `netty-transport` but might need additional dependencies in this version. Here's the updated pom.xml portion:

```xml
<dependencies>
  <dependency>
    <groupId>io.netty</groupId>
    <artifactId>netty-codec-http</artifactId>
    <version>4.0.0.CR3</version>
  </dependency>
  <dependency>
    <groupId>junit</groupId>
    <artifactId>junit</artifactId>
    <version>4.13.2</version>
  </dependency>
  <dependency>
    <groupId>io.netty</groupId>
    <artifactId>netty-transport</artifactId>
    <version>4.0.0.CR3</version>
  </dependency>
  <dependency>
    <groupId>io.netty</groupId>
    <artifactId>netty-common</artifactId>
    <version>4.0.0.CR3</version>
  </dependency>
  <dependency>
    <groupId>io.netty</groupId>
    <artifactId>netty-buffer</artifactId>
    <version>4.0.0.CR3</version>
  </dependency>
</dependencies>
```
[Adapter] ~ Updating version of io.netty:netty-codec-http to 4.0.0.CR3
[Adapter] ~ Updating version of junit:junit to 4.13.2
[Adapter] ~ Updating version of io.netty:netty-transport to 4.0.0.CR3
[Adapter] + Adding new dependency io.netty:netty-common:4.0.0.CR3
[Adapter] + Adding new dependency io.netty:netty-buffer:4.0.0.CR3
[Adapter] âœ“ pom.xml successfully updated.
[96m[Executor] Executing exploit for CVE-2019-20444 on version 4.0.0.CR3...[0m
[96m[Verifier] Verifying reproduction...[0m
[91m[Verifier] âœ— Behavior not found: 'java.lang.AssertionError'[0m
[91m[Executor] Reproduction result: Failure[0m
[96m[RepairModule] Iteration 2, temperature 0.700: Trying diff #2 with score 1.00[0m
[LLMClient] Tokens used: 1752 (prompt), 186 (completion), 1938 (total)
[LLMClient] Prompt: 
You are given an error when executing test in in 4.0.0.CR3:io.netty:netty-codec-http
This test file compiles and runs successfully in 4.0.0.CR4.

Related diff is Operation: MODIFIED, File: buffer/pom.xml, Hunk: @@ -20,7 +20,7 @@
   <parent>
     <groupId>io.netty</groupId>
     <artifactId>netty-parent</artifactId>
-    <version>4.0.0.CR3</version>
+    <version>4.0.0.CR4</version>
   </parent>

   <artifactId>netty-buffer</artifactId>

You are NOT allowed to change the version of the dependency io.netty:netty-codec-http.
Your task is to solve the problem by changing the pom file of the project
Current pom file is <?xml version='1.0' encoding='utf-8'?>
<project xmlns="http://maven.apache.org/POM/4.0.0" xmlns:xsi="http://www.w3.org/2001/XMLSchema-instance" xsi:schemaLocation="http://maven.apache.org/POM/4.0.0 https://maven.apache.org/xsd/maven-4.0.0.xsd">
  <groupId>edu.vision.se</groupId><version>1.0-SNAPSHOT</version><modelVersion>4.0.0</modelVersion>
  <artifactId>CVE-2019-20444</artifactId>
  <name>netty-codec-http CVE-2019-20444</name>
  <properties>
    <maven.compiler.target>11</maven.compiler.target>
    <maven.compiler.source>11</maven.compiler.source>
    <project.build.sourceEncoding>UTF-8</project.build.sourceEncoding>
  </properties>
  <dependencies>
    <dependency>
      <groupId>io.netty</groupId>
      <artifactId>netty-codec-http</artifactId>
      <version>4.0.0.CR3</version>
    </dependency>
  <dependency><groupId>junit</groupId><artifactId>junit</artifactId><version>4.13.2</version></dependency>
  
  </dependencies>
</project>
Your task is 1. Analyze the cause of the errors 2. Decide fix position of the pom file according to the cause 3. Output only the updated partion of pom.xml entries without explanation

### Compilation Errors:
[INFO] Scanning for projects...
[INFO] 
[INFO] --------------------< edu.vision.se:CVE-2019-20444 >--------------------
[INFO] Building netty-codec-http CVE-2019-20444 1.0-SNAPSHOT
[INFO]   from pom.xml
[INFO] --------------------------------[ jar ]---------------------------------
[INFO] 
[INFO] --- maven-clean-plugin:2.5:clean (default-clean) @ CVE-2019-20444 ---
[INFO] Deleting /PoCAdaptation/exploit/result/CVE-2019-20444/4.0.0.CR3/exploit/target
[INFO] 
[INFO] --- maven-resources-plugin:2.6:resources (default-resources) @ CVE-2019-20444 ---
[INFO] Using 'UTF-8' encoding to copy filtered resources.
[INFO] skip non existing resourceDirectory /PoCAdaptation/exploit/result/CVE-2019-20444/4.0.0.CR3/exploit/src/main/resources
[INFO] 
[INFO] --- maven-compiler-plugin:3.1:compile (default-compile) @ CVE-2019-20444 ---
[INFO] No sources to compile
[INFO] 
[INFO] --- maven-resources-plugin:2.6:testResources (default-testResources) @ CVE-2019-20444 ---
[INFO] Using 'UTF-8' encoding to copy filtered resources.
[INFO] skip non existing resourceDirectory /PoCAdaptation/exploit/result/CVE-2019-20444/4.0.0.CR3/exploit/src/test/resources
[INFO] 
[INFO] --- maven-compiler-plugin:3.1:testCompile (default-testCompile) @ CVE-2019-20444 ---
[INFO] Changes detected - recompiling the module!
[INFO] Compiling 1 source file to /PoCAdaptation/exploit/result/CVE-2019-20444/4.0.0.CR3/exploit/target/test-classes
[INFO] -------------------------------------------------------------
[ERROR] COMPILATION ERROR : 
[INFO] -------------------------------------------------------------
[ERROR] /PoCAdaptation/exploit/result/CVE-2019-20444/4.0.0.CR3/exploit/src/test/java/edu/vision/se/Testcase1.java:[4,33] cannot find symbol
  symbol:   class EmbeddedChannel
  location: package io.netty.channel.embedded
[ERROR] /PoCAdaptation/exploit/result/CVE-2019-20444/4.0.0.CR3/exploit/src/test/java/edu/vision/se/Testcase1.java:[17,9] cannot find symbol
  symbol:   class EmbeddedChannel
  location: class edu.vision.se.Testcase1
[ERROR] /PoCAdaptation/exploit/result/CVE-2019-20444/4.0.0.CR3/exploit/src/test/java/edu/vision/se/Testcase1.java:[17,39] cannot find symbol
  symbol:   class EmbeddedChannel
  location: class edu.vision.se.Testcase1
[INFO] 3 errors 
[INFO] -------------------------------------------------------------
[INFO] ------------------------------------------------------------------------
[INFO] BUILD FAILURE
[INFO] ------------------------------------------------------------------------
[INFO] Total time:  0.882 s
[INFO] Finished at: 2025-07-13T13:02:47Z
[INFO] ------------------------------------------------------------------------
[ERROR] Failed to execute goal org.apache.maven.plugins:maven-compiler-plugin:3.1:testCompile (default-testCompile) on project CVE-2019-20444: Compilation failure: Compilation failure: 
[ERROR] /PoCAdaptation/exploit/result/CVE-2019-20444/4.0.0.CR3/exploit/src/test/java/edu/vision/se/Testcase1.java:[4,33] cannot find symbol
[ERROR]   symbol:   class EmbeddedChannel
[ERROR]   location: package io.netty.channel.embedded
[ERROR] /PoCAdaptation/exploit/result/CVE-2019-20444/4.0.0.CR3/exploit/src/test/java/edu/vision/se/Testcase1.java:[17,9] cannot find symbol
[ERROR]   symbol:   class EmbeddedChannel
[ERROR]   location: class edu.vision.se.Testcase1
[ERROR] /PoCAdaptation/exploit/result/CVE-2019-20444/4.0.0.CR3/exploit/src/test/java/edu/vision/se/Testcase1.java:[17,39] cannot find symbol
[ERROR]   symbol:   class EmbeddedChannel
[ERROR]   location: class edu.vision.se.Testcase1
[ERROR] -> [Help 1]
[ERROR] 
[ERROR] To see the full stack trace of the errors, re-run Maven with the -e switch.
[ERROR] Re-run Maven using the -X switch to enable full debug logging.
[ERROR] 
[ERROR] For more information about the errors and possible solutions, please read the following articles:
[ERROR] [Help 1] http://cwiki.apache.org/confluence/display/MAVEN/MojoFailureException


[LLMClient] Response: 
Based on the error message, the issue is that `EmbeddedChannel` class is missing, which is part of `netty-transport` module. Here's the updated pom.xml portion to add the required dependency:

```xml
  <dependencies>
    <dependency>
      <groupId>io.netty</groupId>
      <artifactId>netty-codec-http</artifactId>
      <version>4.0.0.CR3</version>
    </dependency>
    <dependency>
      <groupId>io.netty</groupId>
      <artifactId>netty-transport</artifactId>
      <version>4.0.0.CR3</version>
    </dependency>
    <dependency>
      <groupId>junit</groupId>
      <artifactId>junit</artifactId>
      <version>4.13.2</version>
    </dependency>
  </dependencies>
```
[Adapter] ~ Updating version of io.netty:netty-codec-http to 4.0.0.CR3
[Adapter] + Adding new dependency io.netty:netty-transport:4.0.0.CR3
[Adapter] ~ Updating version of junit:junit to 4.13.2
[Adapter] âœ“ pom.xml successfully updated.
[96m[Executor] Executing exploit for CVE-2019-20444 on version 4.0.0.CR3...[0m
[96m[Verifier] Verifying reproduction...[0m
[91m[Verifier] âœ— Behavior not found: 'java.lang.AssertionError'[0m
[91m[Executor] Reproduction result: Failure[0m
[LLMClient] Tokens used: 1705 (prompt), 312 (completion), 2017 (total)
[LLMClient] Prompt: 
You are given an error when executing test in in 4.0.0.CR3:io.netty:netty-codec-http
This test file compiles and runs successfully in 4.0.0.CR4.

You are NOT allowed to change the version of the dependency io.netty:netty-codec-http.
Your task is to solve the problem by changing the pom file of the project. You can update other library to any versions
Current pom file is <?xml version='1.0' encoding='utf-8'?>
<project xmlns="http://maven.apache.org/POM/4.0.0" xmlns:xsi="http://www.w3.org/2001/XMLSchema-instance" xsi:schemaLocation="http://maven.apache.org/POM/4.0.0 https://maven.apache.org/xsd/maven-4.0.0.xsd">
  <groupId>edu.vision.se</groupId><version>1.0-SNAPSHOT</version><modelVersion>4.0.0</modelVersion>
  <artifactId>CVE-2019-20444</artifactId>
  <name>netty-codec-http CVE-2019-20444</name>
  <properties>
    <maven.compiler.target>11</maven.compiler.target>
    <maven.compiler.source>11</maven.compiler.source>
    <project.build.sourceEncoding>UTF-8</project.build.sourceEncoding>
  </properties>
  <dependencies>
    <dependency>
      <groupId>io.netty</groupId>
      <artifactId>netty-codec-http</artifactId>
      <version>4.0.0.CR3</version>
    </dependency>
  <dependency><groupId>junit</groupId><artifactId>junit</artifactId><version>4.13.2</version></dependency>
  
  <dependency>
      <groupId>io.netty</groupId>
      <artifactId>netty-transport</artifactId>
      <version>4.0.0.CR3</version>
    </dependency>
    </dependencies>
</project>
Your task is 1. Analyze the cause of the errors 2. Decide fix position of the pom file according to the cause 3. Output only the updated partion of pom.xml entries without explanation

### Compilation Errors:
[INFO] Scanning for projects...
[INFO] 
[INFO] --------------------< edu.vision.se:CVE-2019-20444 >--------------------
[INFO] Building netty-codec-http CVE-2019-20444 1.0-SNAPSHOT
[INFO]   from pom.xml
[INFO] --------------------------------[ jar ]---------------------------------
[INFO] 
[INFO] --- maven-clean-plugin:2.5:clean (default-clean) @ CVE-2019-20444 ---
[INFO] Deleting /PoCAdaptation/exploit/result/CVE-2019-20444/4.0.0.CR3/exploit/target
[INFO] 
[INFO] --- maven-resources-plugin:2.6:resources (default-resources) @ CVE-2019-20444 ---
[INFO] Using 'UTF-8' encoding to copy filtered resources.
[INFO] skip non existing resourceDirectory /PoCAdaptation/exploit/result/CVE-2019-20444/4.0.0.CR3/exploit/src/main/resources
[INFO] 
[INFO] --- maven-compiler-plugin:3.1:compile (default-compile) @ CVE-2019-20444 ---
[INFO] No sources to compile
[INFO] 
[INFO] --- maven-resources-plugin:2.6:testResources (default-testResources) @ CVE-2019-20444 ---
[INFO] Using 'UTF-8' encoding to copy filtered resources.
[INFO] skip non existing resourceDirectory /PoCAdaptation/exploit/result/CVE-2019-20444/4.0.0.CR3/exploit/src/test/resources
[INFO] 
[INFO] --- maven-compiler-plugin:3.1:testCompile (default-testCompile) @ CVE-2019-20444 ---
[INFO] Changes detected - recompiling the module!
[INFO] Compiling 1 source file to /PoCAdaptation/exploit/result/CVE-2019-20444/4.0.0.CR3/exploit/target/test-classes
[INFO] -------------------------------------------------------------
[ERROR] COMPILATION ERROR : 
[INFO] -------------------------------------------------------------
[ERROR] /PoCAdaptation/exploit/result/CVE-2019-20444/4.0.0.CR3/exploit/src/test/java/edu/vision/se/Testcase1.java:[4,33] cannot find symbol
  symbol:   class EmbeddedChannel
  location: package io.netty.channel.embedded
[ERROR] /PoCAdaptation/exploit/result/CVE-2019-20444/4.0.0.CR3/exploit/src/test/java/edu/vision/se/Testcase1.java:[17,9] cannot find symbol
  symbol:   class EmbeddedChannel
  location: class edu.vision.se.Testcase1
[ERROR] /PoCAdaptation/exploit/result/CVE-2019-20444/4.0.0.CR3/exploit/src/test/java/edu/vision/se/Testcase1.java:[17,39] cannot find symbol
  symbol:   class EmbeddedChannel
  location: class edu.vision.se.Testcase1
[INFO] 3 errors 
[INFO] -------------------------------------------------------------
[INFO] ------------------------------------------------------------------------
[INFO] BUILD FAILURE
[INFO] ------------------------------------------------------------------------
[INFO] Total time:  0.818 s
[INFO] Finished at: 2025-07-13T13:03:00Z
[INFO] ------------------------------------------------------------------------
[ERROR] Failed to execute goal org.apache.maven.plugins:maven-compiler-plugin:3.1:testCompile (default-testCompile) on project CVE-2019-20444: Compilation failure: Compilation failure: 
[ERROR] /PoCAdaptation/exploit/result/CVE-2019-20444/4.0.0.CR3/exploit/src/test/java/edu/vision/se/Testcase1.java:[4,33] cannot find symbol
[ERROR]   symbol:   class EmbeddedChannel
[ERROR]   location: package io.netty.channel.embedded
[ERROR] /PoCAdaptation/exploit/result/CVE-2019-20444/4.0.0.CR3/exploit/src/test/java/edu/vision/se/Testcase1.java:[17,9] cannot find symbol
[ERROR]   symbol:   class EmbeddedChannel
[ERROR]   location: class edu.vision.se.Testcase1
[ERROR] /PoCAdaptation/exploit/result/CVE-2019-20444/4.0.0.CR3/exploit/src/test/java/edu/vision/se/Testcase1.java:[17,39] cannot find symbol
[ERROR]   symbol:   class EmbeddedChannel
[ERROR]   location: class edu.vision.se.Testcase1
[ERROR] -> [Help 1]
[ERROR] 
[ERROR] To see the full stack trace of the errors, re-run Maven with the -e switch.
[ERROR] Re-run Maven using the -X switch to enable full debug logging.
[ERROR] 
[ERROR] For more information about the errors and possible solutions, please read the following articles:
[ERROR] [Help 1] http://cwiki.apache.org/confluence/display/MAVEN/MojoFailureException


[LLMClient] Response: 
The error indicates that the `EmbeddedChannel` class is missing, which is part of `netty-transport` but might have been moved or changed in version 4.0.0.CR3. Since we can't change the netty-codec-http version, we need to add the specific dependency that contains the `EmbeddedChannel` class.

Here's the updated portion of the pom.xml:

```xml
<dependencies>
  <dependency>
    <groupId>io.netty</groupId>
    <artifactId>netty-codec-http</artifactId>
    <version>4.0.0.CR3</version>
  </dependency>
  <dependency>
    <groupId>junit</groupId>
    <artifactId>junit</artifactId>
    <version>4.13.2</version>
  </dependency>
  <dependency>
    <groupId>io.netty</groupId>
    <artifactId>netty-transport</artifactId>
    <version>4.0.0.CR3</version>
  </dependency>
  <dependency>
    <groupId>io.netty</groupId>
    <artifactId>netty-common</artifactId>
    <version>4.0.0.CR3</version>
  </dependency>
  <dependency>
    <groupId>io.netty</groupId>
    <artifactId>netty-buffer</artifactId>
    <version>4.0.0.CR3</version>
  </dependency>
</dependencies>
```
[Adapter] ~ Updating version of io.netty:netty-codec-http to 4.0.0.CR3
[Adapter] ~ Updating version of junit:junit to 4.13.2
[Adapter] ~ Updating version of io.netty:netty-transport to 4.0.0.CR3
[Adapter] + Adding new dependency io.netty:netty-common:4.0.0.CR3
[Adapter] + Adding new dependency io.netty:netty-buffer:4.0.0.CR3
[Adapter] âœ“ pom.xml successfully updated.
[96m[Executor] Executing exploit for CVE-2019-20444 on version 4.0.0.CR3...[0m
[96m[Verifier] Verifying reproduction...[0m
[91m[Verifier] âœ— Behavior not found: 'java.lang.AssertionError'[0m
[91m[Executor] Reproduction result: Failure[0m
[96m[RepairModule] Iteration 3, temperature 0.490: Trying diff #431 with score 1.00[0m
[LLMClient] Tokens used: 1848 (prompt), 204 (completion), 2052 (total)
[LLMClient] Prompt: 
You are given an error when executing test in in 4.0.0.CR3:io.netty:netty-codec-http
This test file compiles and runs successfully in 4.0.0.CR4.

Related diff is Operation: MODIFIED, File: codec-http/src/test/java/io/netty/handler/codec/http/websocketx/WebSocketFrameAggregatorTest.java, Hunk: @@ -32,7 +32,7 @@ public class WebSocketFrameAggregatorTest {
             .writeBytes(content2.duplicate()).writeBytes(content3.duplicate());
     @Test
     public void testAggregationBinary() {
-        EmbeddedMessageChannel channel = new EmbeddedMessageChannel(new WebSocketFrameAggregator(Integer.MAX_VALUE));
+        EmbeddedChannel channel = new EmbeddedChannel(new WebSocketFrameAggregator(Integer.MAX_VALUE));
         channel.writeInbound(new BinaryWebSocketFrame(true, 1, content1.copy()));
         channel.writeInbound(new BinaryWebSocketFrame(false, 0, content1.copy()));
         channel.writeInbound(new ContinuationWebSocketFrame(false, 0, content2.copy()));

You are NOT allowed to change the version of the dependency io.netty:netty-codec-http.
Your task is to solve the problem by changing the pom file of the project
Current pom file is <?xml version='1.0' encoding='utf-8'?>
<project xmlns="http://maven.apache.org/POM/4.0.0" xmlns:xsi="http://www.w3.org/2001/XMLSchema-instance" xsi:schemaLocation="http://maven.apache.org/POM/4.0.0 https://maven.apache.org/xsd/maven-4.0.0.xsd">
  <groupId>edu.vision.se</groupId><version>1.0-SNAPSHOT</version><modelVersion>4.0.0</modelVersion>
  <artifactId>CVE-2019-20444</artifactId>
  <name>netty-codec-http CVE-2019-20444</name>
  <properties>
    <maven.compiler.target>11</maven.compiler.target>
    <maven.compiler.source>11</maven.compiler.source>
    <project.build.sourceEncoding>UTF-8</project.build.sourceEncoding>
  </properties>
  <dependencies>
    <dependency>
      <groupId>io.netty</groupId>
      <artifactId>netty-codec-http</artifactId>
      <version>4.0.0.CR3</version>
    </dependency>
  <dependency><groupId>junit</groupId><artifactId>junit</artifactId><version>4.13.2</version></dependency>
  
  </dependencies>
</project>
Your task is 1. Analyze the cause of the errors 2. Decide fix position of the pom file according to the cause 3. Output only the updated partion of pom.xml entries without explanation

### Compilation Errors:
[INFO] Scanning for projects...
[INFO] 
[INFO] --------------------< edu.vision.se:CVE-2019-20444 >--------------------
[INFO] Building netty-codec-http CVE-2019-20444 1.0-SNAPSHOT
[INFO]   from pom.xml
[INFO] --------------------------------[ jar ]---------------------------------
[INFO] 
[INFO] --- maven-clean-plugin:2.5:clean (default-clean) @ CVE-2019-20444 ---
[INFO] Deleting /PoCAdaptation/exploit/result/CVE-2019-20444/4.0.0.CR3/exploit/target
[INFO] 
[INFO] --- maven-resources-plugin:2.6:resources (default-resources) @ CVE-2019-20444 ---
[INFO] Using 'UTF-8' encoding to copy filtered resources.
[INFO] skip non existing resourceDirectory /PoCAdaptation/exploit/result/CVE-2019-20444/4.0.0.CR3/exploit/src/main/resources
[INFO] 
[INFO] --- maven-compiler-plugin:3.1:compile (default-compile) @ CVE-2019-20444 ---
[INFO] No sources to compile
[INFO] 
[INFO] --- maven-resources-plugin:2.6:testResources (default-testResources) @ CVE-2019-20444 ---
[INFO] Using 'UTF-8' encoding to copy filtered resources.
[INFO] skip non existing resourceDirectory /PoCAdaptation/exploit/result/CVE-2019-20444/4.0.0.CR3/exploit/src/test/resources
[INFO] 
[INFO] --- maven-compiler-plugin:3.1:testCompile (default-testCompile) @ CVE-2019-20444 ---
[INFO] Changes detected - recompiling the module!
[INFO] Compiling 1 source file to /PoCAdaptation/exploit/result/CVE-2019-20444/4.0.0.CR3/exploit/target/test-classes
[INFO] -------------------------------------------------------------
[ERROR] COMPILATION ERROR : 
[INFO] -------------------------------------------------------------
[ERROR] /PoCAdaptation/exploit/result/CVE-2019-20444/4.0.0.CR3/exploit/src/test/java/edu/vision/se/Testcase1.java:[4,33] cannot find symbol
  symbol:   class EmbeddedChannel
  location: package io.netty.channel.embedded
[ERROR] /PoCAdaptation/exploit/result/CVE-2019-20444/4.0.0.CR3/exploit/src/test/java/edu/vision/se/Testcase1.java:[17,9] cannot find symbol
  symbol:   class EmbeddedChannel
  location: class edu.vision.se.Testcase1
[ERROR] /PoCAdaptation/exploit/result/CVE-2019-20444/4.0.0.CR3/exploit/src/test/java/edu/vision/se/Testcase1.java:[17,39] cannot find symbol
  symbol:   class EmbeddedChannel
  location: class edu.vision.se.Testcase1
[INFO] 3 errors 
[INFO] -------------------------------------------------------------
[INFO] ------------------------------------------------------------------------
[INFO] BUILD FAILURE
[INFO] ------------------------------------------------------------------------
[INFO] Total time:  0.920 s
[INFO] Finished at: 2025-07-13T13:03:16Z
[INFO] ------------------------------------------------------------------------
[ERROR] Failed to execute goal org.apache.maven.plugins:maven-compiler-plugin:3.1:testCompile (default-testCompile) on project CVE-2019-20444: Compilation failure: Compilation failure: 
[ERROR] /PoCAdaptation/exploit/result/CVE-2019-20444/4.0.0.CR3/exploit/src/test/java/edu/vision/se/Testcase1.java:[4,33] cannot find symbol
[ERROR]   symbol:   class EmbeddedChannel
[ERROR]   location: package io.netty.channel.embedded
[ERROR] /PoCAdaptation/exploit/result/CVE-2019-20444/4.0.0.CR3/exploit/src/test/java/edu/vision/se/Testcase1.java:[17,9] cannot find symbol
[ERROR]   symbol:   class EmbeddedChannel
[ERROR]   location: class edu.vision.se.Testcase1
[ERROR] /PoCAdaptation/exploit/result/CVE-2019-20444/4.0.0.CR3/exploit/src/test/java/edu/vision/se/Testcase1.java:[17,39] cannot find symbol
[ERROR]   symbol:   class EmbeddedChannel
[ERROR]   location: class edu.vision.se.Testcase1
[ERROR] -> [Help 1]
[ERROR] 
[ERROR] To see the full stack trace of the errors, re-run Maven with the -e switch.
[ERROR] Re-run Maven using the -X switch to enable full debug logging.
[ERROR] 
[ERROR] For more information about the errors and possible solutions, please read the following articles:
[ERROR] [Help 1] http://cwiki.apache.org/confluence/display/MAVEN/MojoFailureException


[LLMClient] Response: 
The error occurs because the test code is trying to use `EmbeddedChannel` which is not available in the current dependencies. In Netty 4.0.0.CR3, `EmbeddedChannel` is located in a different artifact (`netty-transport`). Here's the updated pom.xml portion:

```xml
<dependencies>
  <dependency>
    <groupId>io.netty</groupId>
    <artifactId>netty-codec-http</artifactId>
    <version>4.0.0.CR3</version>
  </dependency>
  <dependency>
    <groupId>io.netty</groupId>
    <artifactId>netty-transport</artifactId>
    <version>4.0.0.CR3</version>
  </dependency>
  <dependency>
    <groupId>junit</groupId>
    <artifactId>junit</artifactId>
    <version>4.13.2</version>
  </dependency>
</dependencies>
```
[Adapter] ~ Updating version of io.netty:netty-codec-http to 4.0.0.CR3
[Adapter] + Adding new dependency io.netty:netty-transport:4.0.0.CR3
[Adapter] ~ Updating version of junit:junit to 4.13.2
[Adapter] âœ“ pom.xml successfully updated.
[96m[Executor] Executing exploit for CVE-2019-20444 on version 4.0.0.CR3...[0m
[96m[Verifier] Verifying reproduction...[0m
[91m[Verifier] âœ— Behavior not found: 'java.lang.AssertionError'[0m
[91m[Executor] Reproduction result: Failure[0m
[LLMClient] Tokens used: 1705 (prompt), 266 (completion), 1971 (total)
[LLMClient] Prompt: 
You are given an error when executing test in in 4.0.0.CR3:io.netty:netty-codec-http
This test file compiles and runs successfully in 4.0.0.CR4.

You are NOT allowed to change the version of the dependency io.netty:netty-codec-http.
Your task is to solve the problem by changing the pom file of the project. You can update other library to any versions
Current pom file is <?xml version='1.0' encoding='utf-8'?>
<project xmlns="http://maven.apache.org/POM/4.0.0" xmlns:xsi="http://www.w3.org/2001/XMLSchema-instance" xsi:schemaLocation="http://maven.apache.org/POM/4.0.0 https://maven.apache.org/xsd/maven-4.0.0.xsd">
  <groupId>edu.vision.se</groupId><version>1.0-SNAPSHOT</version><modelVersion>4.0.0</modelVersion>
  <artifactId>CVE-2019-20444</artifactId>
  <name>netty-codec-http CVE-2019-20444</name>
  <properties>
    <maven.compiler.target>11</maven.compiler.target>
    <maven.compiler.source>11</maven.compiler.source>
    <project.build.sourceEncoding>UTF-8</project.build.sourceEncoding>
  </properties>
  <dependencies>
    <dependency>
      <groupId>io.netty</groupId>
      <artifactId>netty-codec-http</artifactId>
      <version>4.0.0.CR3</version>
    </dependency>
  <dependency><groupId>junit</groupId><artifactId>junit</artifactId><version>4.13.2</version></dependency>
  
  <dependency>
    <groupId>io.netty</groupId>
    <artifactId>netty-transport</artifactId>
    <version>4.0.0.CR3</version>
  </dependency>
  </dependencies>
</project>
Your task is 1. Analyze the cause of the errors 2. Decide fix position of the pom file according to the cause 3. Output only the updated partion of pom.xml entries without explanation

### Compilation Errors:
[INFO] Scanning for projects...
[INFO] 
[INFO] --------------------< edu.vision.se:CVE-2019-20444 >--------------------
[INFO] Building netty-codec-http CVE-2019-20444 1.0-SNAPSHOT
[INFO]   from pom.xml
[INFO] --------------------------------[ jar ]---------------------------------
[INFO] 
[INFO] --- maven-clean-plugin:2.5:clean (default-clean) @ CVE-2019-20444 ---
[INFO] Deleting /PoCAdaptation/exploit/result/CVE-2019-20444/4.0.0.CR3/exploit/target
[INFO] 
[INFO] --- maven-resources-plugin:2.6:resources (default-resources) @ CVE-2019-20444 ---
[INFO] Using 'UTF-8' encoding to copy filtered resources.
[INFO] skip non existing resourceDirectory /PoCAdaptation/exploit/result/CVE-2019-20444/4.0.0.CR3/exploit/src/main/resources
[INFO] 
[INFO] --- maven-compiler-plugin:3.1:compile (default-compile) @ CVE-2019-20444 ---
[INFO] No sources to compile
[INFO] 
[INFO] --- maven-resources-plugin:2.6:testResources (default-testResources) @ CVE-2019-20444 ---
[INFO] Using 'UTF-8' encoding to copy filtered resources.
[INFO] skip non existing resourceDirectory /PoCAdaptation/exploit/result/CVE-2019-20444/4.0.0.CR3/exploit/src/test/resources
[INFO] 
[INFO] --- maven-compiler-plugin:3.1:testCompile (default-testCompile) @ CVE-2019-20444 ---
[INFO] Changes detected - recompiling the module!
[INFO] Compiling 1 source file to /PoCAdaptation/exploit/result/CVE-2019-20444/4.0.0.CR3/exploit/target/test-classes
[INFO] -------------------------------------------------------------
[ERROR] COMPILATION ERROR : 
[INFO] -------------------------------------------------------------
[ERROR] /PoCAdaptation/exploit/result/CVE-2019-20444/4.0.0.CR3/exploit/src/test/java/edu/vision/se/Testcase1.java:[4,33] cannot find symbol
  symbol:   class EmbeddedChannel
  location: package io.netty.channel.embedded
[ERROR] /PoCAdaptation/exploit/result/CVE-2019-20444/4.0.0.CR3/exploit/src/test/java/edu/vision/se/Testcase1.java:[17,9] cannot find symbol
  symbol:   class EmbeddedChannel
  location: class edu.vision.se.Testcase1
[ERROR] /PoCAdaptation/exploit/result/CVE-2019-20444/4.0.0.CR3/exploit/src/test/java/edu/vision/se/Testcase1.java:[17,39] cannot find symbol
  symbol:   class EmbeddedChannel
  location: class edu.vision.se.Testcase1
[INFO] 3 errors 
[INFO] -------------------------------------------------------------
[INFO] ------------------------------------------------------------------------
[INFO] BUILD FAILURE
[INFO] ------------------------------------------------------------------------
[INFO] Total time:  1.127 s
[INFO] Finished at: 2025-07-13T13:03:31Z
[INFO] ------------------------------------------------------------------------
[ERROR] Failed to execute goal org.apache.maven.plugins:maven-compiler-plugin:3.1:testCompile (default-testCompile) on project CVE-2019-20444: Compilation failure: Compilation failure: 
[ERROR] /PoCAdaptation/exploit/result/CVE-2019-20444/4.0.0.CR3/exploit/src/test/java/edu/vision/se/Testcase1.java:[4,33] cannot find symbol
[ERROR]   symbol:   class EmbeddedChannel
[ERROR]   location: package io.netty.channel.embedded
[ERROR] /PoCAdaptation/exploit/result/CVE-2019-20444/4.0.0.CR3/exploit/src/test/java/edu/vision/se/Testcase1.java:[17,9] cannot find symbol
[ERROR]   symbol:   class EmbeddedChannel
[ERROR]   location: class edu.vision.se.Testcase1
[ERROR] /PoCAdaptation/exploit/result/CVE-2019-20444/4.0.0.CR3/exploit/src/test/java/edu/vision/se/Testcase1.java:[17,39] cannot find symbol
[ERROR]   symbol:   class EmbeddedChannel
[ERROR]   location: class edu.vision.se.Testcase1
[ERROR] -> [Help 1]
[ERROR] 
[ERROR] To see the full stack trace of the errors, re-run Maven with the -e switch.
[ERROR] Re-run Maven using the -X switch to enable full debug logging.
[ERROR] 
[ERROR] For more information about the errors and possible solutions, please read the following articles:
[ERROR] [Help 1] http://cwiki.apache.org/confluence/display/MAVEN/MojoFailureException


[LLMClient] Response: 
The error indicates that the `EmbeddedChannel` class is missing, which is part of `netty-transport` but might need additional dependencies. Here's the updated pom.xml portion:

```xml
<dependencies>
  <dependency>
    <groupId>io.netty</groupId>
    <artifactId>netty-codec-http</artifactId>
    <version>4.0.0.CR3</version>
  </dependency>
  <dependency>
    <groupId>junit</groupId>
    <artifactId>junit</artifactId>
    <version>4.13.2</version>
  </dependency>
  <dependency>
    <groupId>io.netty</groupId>
    <artifactId>netty-transport</artifactId>
    <version>4.0.0.CR3</version>
  </dependency>
  <dependency>
    <groupId>io.netty</groupId>
    <artifactId>netty-common</artifactId>
    <version>4.0.0.CR3</version>
  </dependency>
  <dependency>
    <groupId>io.netty</groupId>
    <artifactId>netty-buffer</artifactId>
    <version>4.0.0.CR3</version>
  </dependency>
</dependencies>
```
[Adapter] ~ Updating version of io.netty:netty-codec-http to 4.0.0.CR3
[Adapter] ~ Updating version of junit:junit to 4.13.2
[Adapter] ~ Updating version of io.netty:netty-transport to 4.0.0.CR3
[Adapter] + Adding new dependency io.netty:netty-common:4.0.0.CR3
[Adapter] + Adding new dependency io.netty:netty-buffer:4.0.0.CR3
[Adapter] âœ“ pom.xml successfully updated.
[96m[Executor] Executing exploit for CVE-2019-20444 on version 4.0.0.CR3...[0m
[96m[Verifier] Verifying reproduction...[0m
[91m[Verifier] âœ— Behavior not found: 'java.lang.AssertionError'[0m
[91m[Executor] Reproduction result: Failure[0m
[96m[RepairModule] Iteration 4, temperature 0.343: Trying diff #(1, 127) with score 1.00[0m
[LLMClient] Tokens used: 1839 (prompt), 195 (completion), 2034 (total)
[LLMClient] Prompt: 
You are given an error when executing test in in 4.0.0.CR3:io.netty:netty-codec-http
This test file compiles and runs successfully in 4.0.0.CR4.

Related diff is Operation: MODIFIED, File: all/pom.xml, Hunk: @@ -307,7 +307,7 @@
           <dependency>
             <groupId>${project.groupId}</groupId>
             <artifactId>netty-build</artifactId>
-            <version>10</version>
+            <version>19</version>
           </dependency>
         </dependencies>
       </plugin>
Operation: MODIFIED, File: codec-http/pom.xml, Hunk: @@ -20,7 +20,7 @@
   <parent>
     <groupId>io.netty</groupId>
     <artifactId>netty-parent</artifactId>
-    <version>4.0.0.CR3</version>
+    <version>4.0.0.CR4</version>
   </parent>

   <artifactId>netty-codec-http</artifactId>

You are NOT allowed to change the version of the dependency io.netty:netty-codec-http.
Your task is to solve the problem by changing the pom file of the project
Current pom file is <?xml version='1.0' encoding='utf-8'?>
<project xmlns="http://maven.apache.org/POM/4.0.0" xmlns:xsi="http://www.w3.org/2001/XMLSchema-instance" xsi:schemaLocation="http://maven.apache.org/POM/4.0.0 https://maven.apache.org/xsd/maven-4.0.0.xsd">
  <groupId>edu.vision.se</groupId><version>1.0-SNAPSHOT</version><modelVersion>4.0.0</modelVersion>
  <artifactId>CVE-2019-20444</artifactId>
  <name>netty-codec-http CVE-2019-20444</name>
  <properties>
    <maven.compiler.target>11</maven.compiler.target>
    <maven.compiler.source>11</maven.compiler.source>
    <project.build.sourceEncoding>UTF-8</project.build.sourceEncoding>
  </properties>
  <dependencies>
    <dependency>
      <groupId>io.netty</groupId>
      <artifactId>netty-codec-http</artifactId>
      <version>4.0.0.CR3</version>
    </dependency>
  <dependency><groupId>junit</groupId><artifactId>junit</artifactId><version>4.13.2</version></dependency>
  
  </dependencies>
</project>
Your task is 1. Analyze the cause of the errors 2. Decide fix position of the pom file according to the cause 3. Output only the updated partion of pom.xml entries without explanation

### Compilation Errors:
[INFO] Scanning for projects...
[INFO] 
[INFO] --------------------< edu.vision.se:CVE-2019-20444 >--------------------
[INFO] Building netty-codec-http CVE-2019-20444 1.0-SNAPSHOT
[INFO]   from pom.xml
[INFO] --------------------------------[ jar ]---------------------------------
[INFO] 
[INFO] --- maven-clean-plugin:2.5:clean (default-clean) @ CVE-2019-20444 ---
[INFO] Deleting /PoCAdaptation/exploit/result/CVE-2019-20444/4.0.0.CR3/exploit/target
[INFO] 
[INFO] --- maven-resources-plugin:2.6:resources (default-resources) @ CVE-2019-20444 ---
[INFO] Using 'UTF-8' encoding to copy filtered resources.
[INFO] skip non existing resourceDirectory /PoCAdaptation/exploit/result/CVE-2019-20444/4.0.0.CR3/exploit/src/main/resources
[INFO] 
[INFO] --- maven-compiler-plugin:3.1:compile (default-compile) @ CVE-2019-20444 ---
[INFO] No sources to compile
[INFO] 
[INFO] --- maven-resources-plugin:2.6:testResources (default-testResources) @ CVE-2019-20444 ---
[INFO] Using 'UTF-8' encoding to copy filtered resources.
[INFO] skip non existing resourceDirectory /PoCAdaptation/exploit/result/CVE-2019-20444/4.0.0.CR3/exploit/src/test/resources
[INFO] 
[INFO] --- maven-compiler-plugin:3.1:testCompile (default-testCompile) @ CVE-2019-20444 ---
[INFO] Changes detected - recompiling the module!
[INFO] Compiling 1 source file to /PoCAdaptation/exploit/result/CVE-2019-20444/4.0.0.CR3/exploit/target/test-classes
[INFO] -------------------------------------------------------------
[ERROR] COMPILATION ERROR : 
[INFO] -------------------------------------------------------------
[ERROR] /PoCAdaptation/exploit/result/CVE-2019-20444/4.0.0.CR3/exploit/src/test/java/edu/vision/se/Testcase1.java:[4,33] cannot find symbol
  symbol:   class EmbeddedChannel
  location: package io.netty.channel.embedded
[ERROR] /PoCAdaptation/exploit/result/CVE-2019-20444/4.0.0.CR3/exploit/src/test/java/edu/vision/se/Testcase1.java:[17,9] cannot find symbol
  symbol:   class EmbeddedChannel
  location: class edu.vision.se.Testcase1
[ERROR] /PoCAdaptation/exploit/result/CVE-2019-20444/4.0.0.CR3/exploit/src/test/java/edu/vision/se/Testcase1.java:[17,39] cannot find symbol
  symbol:   class EmbeddedChannel
  location: class edu.vision.se.Testcase1
[INFO] 3 errors 
[INFO] -------------------------------------------------------------
[INFO] ------------------------------------------------------------------------
[INFO] BUILD FAILURE
[INFO] ------------------------------------------------------------------------
[INFO] Total time:  1.011 s
[INFO] Finished at: 2025-07-13T13:03:45Z
[INFO] ------------------------------------------------------------------------
[ERROR] Failed to execute goal org.apache.maven.plugins:maven-compiler-plugin:3.1:testCompile (default-testCompile) on project CVE-2019-20444: Compilation failure: Compilation failure: 
[ERROR] /PoCAdaptation/exploit/result/CVE-2019-20444/4.0.0.CR3/exploit/src/test/java/edu/vision/se/Testcase1.java:[4,33] cannot find symbol
[ERROR]   symbol:   class EmbeddedChannel
[ERROR]   location: package io.netty.channel.embedded
[ERROR] /PoCAdaptation/exploit/result/CVE-2019-20444/4.0.0.CR3/exploit/src/test/java/edu/vision/se/Testcase1.java:[17,9] cannot find symbol
[ERROR]   symbol:   class EmbeddedChannel
[ERROR]   location: class edu.vision.se.Testcase1
[ERROR] /PoCAdaptation/exploit/result/CVE-2019-20444/4.0.0.CR3/exploit/src/test/java/edu/vision/se/Testcase1.java:[17,39] cannot find symbol
[ERROR]   symbol:   class EmbeddedChannel
[ERROR]   location: class edu.vision.se.Testcase1
[ERROR] -> [Help 1]
[ERROR] 
[ERROR] To see the full stack trace of the errors, re-run Maven with the -e switch.
[ERROR] Re-run Maven using the -X switch to enable full debug logging.
[ERROR] 
[ERROR] For more information about the errors and possible solutions, please read the following articles:
[ERROR] [Help 1] http://cwiki.apache.org/confluence/display/MAVEN/MojoFailureException


[LLMClient] Response: 
The error indicates that the `EmbeddedChannel` class from `io.netty.channel.embedded` package is missing. This class is part of `netty-transport` module. Here's the updated portion of the pom.xml to add the missing dependency:

```xml
  <dependencies>
    <dependency>
      <groupId>io.netty</groupId>
      <artifactId>netty-codec-http</artifactId>
      <version>4.0.0.CR3</version>
    </dependency>
    <dependency>
      <groupId>io.netty</groupId>
      <artifactId>netty-transport</artifactId>
      <version>4.0.0.CR3</version>
    </dependency>
    <dependency>
      <groupId>junit</groupId>
      <artifactId>junit</artifactId>
      <version>4.13.2</version>
    </dependency>
  </dependencies>
```
[Adapter] ~ Updating version of io.netty:netty-codec-http to 4.0.0.CR3
[Adapter] + Adding new dependency io.netty:netty-transport:4.0.0.CR3
[Adapter] ~ Updating version of junit:junit to 4.13.2
[Adapter] âœ“ pom.xml successfully updated.
[96m[Executor] Executing exploit for CVE-2019-20444 on version 4.0.0.CR3...[0m
[96m[Verifier] Verifying reproduction...[0m
[91m[Verifier] âœ— Behavior not found: 'java.lang.AssertionError'[0m
[91m[Executor] Reproduction result: Failure[0m
[LLMClient] Tokens used: 1705 (prompt), 275 (completion), 1980 (total)
[LLMClient] Prompt: 
You are given an error when executing test in in 4.0.0.CR3:io.netty:netty-codec-http
This test file compiles and runs successfully in 4.0.0.CR4.

You are NOT allowed to change the version of the dependency io.netty:netty-codec-http.
Your task is to solve the problem by changing the pom file of the project. You can update other library to any versions
Current pom file is <?xml version='1.0' encoding='utf-8'?>
<project xmlns="http://maven.apache.org/POM/4.0.0" xmlns:xsi="http://www.w3.org/2001/XMLSchema-instance" xsi:schemaLocation="http://maven.apache.org/POM/4.0.0 https://maven.apache.org/xsd/maven-4.0.0.xsd">
  <groupId>edu.vision.se</groupId><version>1.0-SNAPSHOT</version><modelVersion>4.0.0</modelVersion>
  <artifactId>CVE-2019-20444</artifactId>
  <name>netty-codec-http CVE-2019-20444</name>
  <properties>
    <maven.compiler.target>11</maven.compiler.target>
    <maven.compiler.source>11</maven.compiler.source>
    <project.build.sourceEncoding>UTF-8</project.build.sourceEncoding>
  </properties>
  <dependencies>
    <dependency>
      <groupId>io.netty</groupId>
      <artifactId>netty-codec-http</artifactId>
      <version>4.0.0.CR3</version>
    </dependency>
  <dependency><groupId>junit</groupId><artifactId>junit</artifactId><version>4.13.2</version></dependency>
  
  <dependency>
      <groupId>io.netty</groupId>
      <artifactId>netty-transport</artifactId>
      <version>4.0.0.CR3</version>
    </dependency>
    </dependencies>
</project>
Your task is 1. Analyze the cause of the errors 2. Decide fix position of the pom file according to the cause 3. Output only the updated partion of pom.xml entries without explanation

### Compilation Errors:
[INFO] Scanning for projects...
[INFO] 
[INFO] --------------------< edu.vision.se:CVE-2019-20444 >--------------------
[INFO] Building netty-codec-http CVE-2019-20444 1.0-SNAPSHOT
[INFO]   from pom.xml
[INFO] --------------------------------[ jar ]---------------------------------
[INFO] 
[INFO] --- maven-clean-plugin:2.5:clean (default-clean) @ CVE-2019-20444 ---
[INFO] Deleting /PoCAdaptation/exploit/result/CVE-2019-20444/4.0.0.CR3/exploit/target
[INFO] 
[INFO] --- maven-resources-plugin:2.6:resources (default-resources) @ CVE-2019-20444 ---
[INFO] Using 'UTF-8' encoding to copy filtered resources.
[INFO] skip non existing resourceDirectory /PoCAdaptation/exploit/result/CVE-2019-20444/4.0.0.CR3/exploit/src/main/resources
[INFO] 
[INFO] --- maven-compiler-plugin:3.1:compile (default-compile) @ CVE-2019-20444 ---
[INFO] No sources to compile
[INFO] 
[INFO] --- maven-resources-plugin:2.6:testResources (default-testResources) @ CVE-2019-20444 ---
[INFO] Using 'UTF-8' encoding to copy filtered resources.
[INFO] skip non existing resourceDirectory /PoCAdaptation/exploit/result/CVE-2019-20444/4.0.0.CR3/exploit/src/test/resources
[INFO] 
[INFO] --- maven-compiler-plugin:3.1:testCompile (default-testCompile) @ CVE-2019-20444 ---
[INFO] Changes detected - recompiling the module!
[INFO] Compiling 1 source file to /PoCAdaptation/exploit/result/CVE-2019-20444/4.0.0.CR3/exploit/target/test-classes
[INFO] -------------------------------------------------------------
[ERROR] COMPILATION ERROR : 
[INFO] -------------------------------------------------------------
[ERROR] /PoCAdaptation/exploit/result/CVE-2019-20444/4.0.0.CR3/exploit/src/test/java/edu/vision/se/Testcase1.java:[4,33] cannot find symbol
  symbol:   class EmbeddedChannel
  location: package io.netty.channel.embedded
[ERROR] /PoCAdaptation/exploit/result/CVE-2019-20444/4.0.0.CR3/exploit/src/test/java/edu/vision/se/Testcase1.java:[17,9] cannot find symbol
  symbol:   class EmbeddedChannel
  location: class edu.vision.se.Testcase1
[ERROR] /PoCAdaptation/exploit/result/CVE-2019-20444/4.0.0.CR3/exploit/src/test/java/edu/vision/se/Testcase1.java:[17,39] cannot find symbol
  symbol:   class EmbeddedChannel
  location: class edu.vision.se.Testcase1
[INFO] 3 errors 
[INFO] -------------------------------------------------------------
[INFO] ------------------------------------------------------------------------
[INFO] BUILD FAILURE
[INFO] ------------------------------------------------------------------------
[INFO] Total time:  1.108 s
[INFO] Finished at: 2025-07-13T13:03:59Z
[INFO] ------------------------------------------------------------------------
[ERROR] Failed to execute goal org.apache.maven.plugins:maven-compiler-plugin:3.1:testCompile (default-testCompile) on project CVE-2019-20444: Compilation failure: Compilation failure: 
[ERROR] /PoCAdaptation/exploit/result/CVE-2019-20444/4.0.0.CR3/exploit/src/test/java/edu/vision/se/Testcase1.java:[4,33] cannot find symbol
[ERROR]   symbol:   class EmbeddedChannel
[ERROR]   location: package io.netty.channel.embedded
[ERROR] /PoCAdaptation/exploit/result/CVE-2019-20444/4.0.0.CR3/exploit/src/test/java/edu/vision/se/Testcase1.java:[17,9] cannot find symbol
[ERROR]   symbol:   class EmbeddedChannel
[ERROR]   location: class edu.vision.se.Testcase1
[ERROR] /PoCAdaptation/exploit/result/CVE-2019-20444/4.0.0.CR3/exploit/src/test/java/edu/vision/se/Testcase1.java:[17,39] cannot find symbol
[ERROR]   symbol:   class EmbeddedChannel
[ERROR]   location: class edu.vision.se.Testcase1
[ERROR] -> [Help 1]
[ERROR] 
[ERROR] To see the full stack trace of the errors, re-run Maven with the -e switch.
[ERROR] Re-run Maven using the -X switch to enable full debug logging.
[ERROR] 
[ERROR] For more information about the errors and possible solutions, please read the following articles:
[ERROR] [Help 1] http://cwiki.apache.org/confluence/display/MAVEN/MojoFailureException


[LLMClient] Response: 
The error indicates that the `EmbeddedChannel` class is missing, which is part of `netty-transport` but likely needs a more specific version or additional Netty modules. Here's the updated portion of the pom.xml:

```xml
<dependencies>
  <dependency>
    <groupId>io.netty</groupId>
    <artifactId>netty-codec-http</artifactId>
    <version>4.0.0.CR3</version>
  </dependency>
  <dependency>
    <groupId>junit</groupId>
    <artifactId>junit</artifactId>
    <version>4.13.2</version>
  </dependency>
  <dependency>
    <groupId>io.netty</groupId>
    <artifactId>netty-transport</artifactId>
    <version>4.0.0.CR3</version>
  </dependency>
  <dependency>
    <groupId>io.netty</groupId>
    <artifactId>netty-common</artifactId>
    <version>4.0.0.CR3</version>
  </dependency>
  <dependency>
    <groupId>io.netty</groupId>
    <artifactId>netty-buffer</artifactId>
    <version>4.0.0.CR3</version>
  </dependency>
</dependencies>
```
[Adapter] ~ Updating version of io.netty:netty-codec-http to 4.0.0.CR3
[Adapter] ~ Updating version of junit:junit to 4.13.2
[Adapter] ~ Updating version of io.netty:netty-transport to 4.0.0.CR3
[Adapter] + Adding new dependency io.netty:netty-common:4.0.0.CR3
[Adapter] + Adding new dependency io.netty:netty-buffer:4.0.0.CR3
[Adapter] âœ“ pom.xml successfully updated.
[96m[Executor] Executing exploit for CVE-2019-20444 on version 4.0.0.CR3...[0m
[96m[Verifier] Verifying reproduction...[0m
[91m[Verifier] âœ— Behavior not found: 'java.lang.AssertionError'[0m
[91m[Executor] Reproduction result: Failure[0m
[96m[RepairModule] Iteration 5, temperature 0.240: Trying diff #(0, 431) with score 1.00[0m
[LLMClient] Tokens used: 1944 (prompt), 189 (completion), 2133 (total)
[LLMClient] Prompt: 
You are given an error when executing test in in 4.0.0.CR3:io.netty:netty-codec-http
This test file compiles and runs successfully in 4.0.0.CR4.

Related diff is Operation: MODIFIED, File: all/pom.xml, Hunk: @@ -20,7 +20,7 @@
   <parent>
     <groupId>io.netty</groupId>
     <artifactId>netty-parent</artifactId>
-    <version>4.0.0.CR3</version>
+    <version>4.0.0.CR4</version>
   </parent>

   <artifactId>netty-all</artifactId>
Operation: MODIFIED, File: codec-http/src/test/java/io/netty/handler/codec/http/websocketx/WebSocketFrameAggregatorTest.java, Hunk: @@ -32,7 +32,7 @@ public class WebSocketFrameAggregatorTest {
             .writeBytes(content2.duplicate()).writeBytes(content3.duplicate());
     @Test
     public void testAggregationBinary() {
-        EmbeddedMessageChannel channel = new EmbeddedMessageChannel(new WebSocketFrameAggregator(Integer.MAX_VALUE));
+        EmbeddedChannel channel = new EmbeddedChannel(new WebSocketFrameAggregator(Integer.MAX_VALUE));
         channel.writeInbound(new BinaryWebSocketFrame(true, 1, content1.copy()));
         channel.writeInbound(new BinaryWebSocketFrame(false, 0, content1.copy()));
         channel.writeInbound(new ContinuationWebSocketFrame(false, 0, content2.copy()));

You are NOT allowed to change the version of the dependency io.netty:netty-codec-http.
Your task is to solve the problem by changing the pom file of the project
Current pom file is <?xml version='1.0' encoding='utf-8'?>
<project xmlns="http://maven.apache.org/POM/4.0.0" xmlns:xsi="http://www.w3.org/2001/XMLSchema-instance" xsi:schemaLocation="http://maven.apache.org/POM/4.0.0 https://maven.apache.org/xsd/maven-4.0.0.xsd">
  <groupId>edu.vision.se</groupId><version>1.0-SNAPSHOT</version><modelVersion>4.0.0</modelVersion>
  <artifactId>CVE-2019-20444</artifactId>
  <name>netty-codec-http CVE-2019-20444</name>
  <properties>
    <maven.compiler.target>11</maven.compiler.target>
    <maven.compiler.source>11</maven.compiler.source>
    <project.build.sourceEncoding>UTF-8</project.build.sourceEncoding>
  </properties>
  <dependencies>
    <dependency>
      <groupId>io.netty</groupId>
      <artifactId>netty-codec-http</artifactId>
      <version>4.0.0.CR3</version>
    </dependency>
  <dependency><groupId>junit</groupId><artifactId>junit</artifactId><version>4.13.2</version></dependency>
  
  </dependencies>
</project>
Your task is 1. Analyze the cause of the errors 2. Decide fix position of the pom file according to the cause 3. Output only the updated partion of pom.xml entries without explanation

### Compilation Errors:
[INFO] Scanning for projects...
[INFO] 
[INFO] --------------------< edu.vision.se:CVE-2019-20444 >--------------------
[INFO] Building netty-codec-http CVE-2019-20444 1.0-SNAPSHOT
[INFO]   from pom.xml
[INFO] --------------------------------[ jar ]---------------------------------
[INFO] 
[INFO] --- maven-clean-plugin:2.5:clean (default-clean) @ CVE-2019-20444 ---
[INFO] Deleting /PoCAdaptation/exploit/result/CVE-2019-20444/4.0.0.CR3/exploit/target
[INFO] 
[INFO] --- maven-resources-plugin:2.6:resources (default-resources) @ CVE-2019-20444 ---
[INFO] Using 'UTF-8' encoding to copy filtered resources.
[INFO] skip non existing resourceDirectory /PoCAdaptation/exploit/result/CVE-2019-20444/4.0.0.CR3/exploit/src/main/resources
[INFO] 
[INFO] --- maven-compiler-plugin:3.1:compile (default-compile) @ CVE-2019-20444 ---
[INFO] No sources to compile
[INFO] 
[INFO] --- maven-resources-plugin:2.6:testResources (default-testResources) @ CVE-2019-20444 ---
[INFO] Using 'UTF-8' encoding to copy filtered resources.
[INFO] skip non existing resourceDirectory /PoCAdaptation/exploit/result/CVE-2019-20444/4.0.0.CR3/exploit/src/test/resources
[INFO] 
[INFO] --- maven-compiler-plugin:3.1:testCompile (default-testCompile) @ CVE-2019-20444 ---
[INFO] Changes detected - recompiling the module!
[INFO] Compiling 1 source file to /PoCAdaptation/exploit/result/CVE-2019-20444/4.0.0.CR3/exploit/target/test-classes
[INFO] -------------------------------------------------------------
[ERROR] COMPILATION ERROR : 
[INFO] -------------------------------------------------------------
[ERROR] /PoCAdaptation/exploit/result/CVE-2019-20444/4.0.0.CR3/exploit/src/test/java/edu/vision/se/Testcase1.java:[4,33] cannot find symbol
  symbol:   class EmbeddedChannel
  location: package io.netty.channel.embedded
[ERROR] /PoCAdaptation/exploit/result/CVE-2019-20444/4.0.0.CR3/exploit/src/test/java/edu/vision/se/Testcase1.java:[17,9] cannot find symbol
  symbol:   class EmbeddedChannel
  location: class edu.vision.se.Testcase1
[ERROR] /PoCAdaptation/exploit/result/CVE-2019-20444/4.0.0.CR3/exploit/src/test/java/edu/vision/se/Testcase1.java:[17,39] cannot find symbol
  symbol:   class EmbeddedChannel
  location: class edu.vision.se.Testcase1
[INFO] 3 errors 
[INFO] -------------------------------------------------------------
[INFO] ------------------------------------------------------------------------
[INFO] BUILD FAILURE
[INFO] ------------------------------------------------------------------------
[INFO] Total time:  1.108 s
[INFO] Finished at: 2025-07-13T13:04:14Z
[INFO] ------------------------------------------------------------------------
[ERROR] Failed to execute goal org.apache.maven.plugins:maven-compiler-plugin:3.1:testCompile (default-testCompile) on project CVE-2019-20444: Compilation failure: Compilation failure: 
[ERROR] /PoCAdaptation/exploit/result/CVE-2019-20444/4.0.0.CR3/exploit/src/test/java/edu/vision/se/Testcase1.java:[4,33] cannot find symbol
[ERROR]   symbol:   class EmbeddedChannel
[ERROR]   location: package io.netty.channel.embedded
[ERROR] /PoCAdaptation/exploit/result/CVE-2019-20444/4.0.0.CR3/exploit/src/test/java/edu/vision/se/Testcase1.java:[17,9] cannot find symbol
[ERROR]   symbol:   class EmbeddedChannel
[ERROR]   location: class edu.vision.se.Testcase1
[ERROR] /PoCAdaptation/exploit/result/CVE-2019-20444/4.0.0.CR3/exploit/src/test/java/edu/vision/se/Testcase1.java:[17,39] cannot find symbol
[ERROR]   symbol:   class EmbeddedChannel
[ERROR]   location: class edu.vision.se.Testcase1
[ERROR] -> [Help 1]
[ERROR] 
[ERROR] To see the full stack trace of the errors, re-run Maven with the -e switch.
[ERROR] Re-run Maven using the -X switch to enable full debug logging.
[ERROR] 
[ERROR] For more information about the errors and possible solutions, please read the following articles:
[ERROR] [Help 1] http://cwiki.apache.org/confluence/display/MAVEN/MojoFailureException


[LLMClient] Response: 
The error occurs because the test code is trying to use `EmbeddedChannel` which was moved from `netty-codec-http` to `netty-transport` in this version. Here's the updated pom.xml portion:

```xml
  <dependencies>
    <dependency>
      <groupId>io.netty</groupId>
      <artifactId>netty-codec-http</artifactId>
      <version>4.0.0.CR3</version>
    </dependency>
    <dependency>
      <groupId>io.netty</groupId>
      <artifactId>netty-transport</artifactId>
      <version>4.0.0.CR3</version>
    </dependency>
    <dependency>
      <groupId>junit</groupId>
      <artifactId>junit</artifactId>
      <version>4.13.2</version>
    </dependency>
  </dependencies>
```
[Adapter] ~ Updating version of io.netty:netty-codec-http to 4.0.0.CR3
[Adapter] + Adding new dependency io.netty:netty-transport:4.0.0.CR3
[Adapter] ~ Updating version of junit:junit to 4.13.2
[Adapter] âœ“ pom.xml successfully updated.
[96m[Executor] Executing exploit for CVE-2019-20444 on version 4.0.0.CR3...[0m
[96m[Verifier] Verifying reproduction...[0m
[91m[Verifier] âœ— Behavior not found: 'java.lang.AssertionError'[0m
[91m[Executor] Reproduction result: Failure[0m
[LLMClient] Tokens used: 1705 (prompt), 180 (completion), 1885 (total)
[LLMClient] Prompt: 
You are given an error when executing test in in 4.0.0.CR3:io.netty:netty-codec-http
This test file compiles and runs successfully in 4.0.0.CR4.

You are NOT allowed to change the version of the dependency io.netty:netty-codec-http.
Your task is to solve the problem by changing the pom file of the project. You can update other library to any versions
Current pom file is <?xml version='1.0' encoding='utf-8'?>
<project xmlns="http://maven.apache.org/POM/4.0.0" xmlns:xsi="http://www.w3.org/2001/XMLSchema-instance" xsi:schemaLocation="http://maven.apache.org/POM/4.0.0 https://maven.apache.org/xsd/maven-4.0.0.xsd">
  <groupId>edu.vision.se</groupId><version>1.0-SNAPSHOT</version><modelVersion>4.0.0</modelVersion>
  <artifactId>CVE-2019-20444</artifactId>
  <name>netty-codec-http CVE-2019-20444</name>
  <properties>
    <maven.compiler.target>11</maven.compiler.target>
    <maven.compiler.source>11</maven.compiler.source>
    <project.build.sourceEncoding>UTF-8</project.build.sourceEncoding>
  </properties>
  <dependencies>
    <dependency>
      <groupId>io.netty</groupId>
      <artifactId>netty-codec-http</artifactId>
      <version>4.0.0.CR3</version>
    </dependency>
  <dependency><groupId>junit</groupId><artifactId>junit</artifactId><version>4.13.2</version></dependency>
  
  <dependency>
      <groupId>io.netty</groupId>
      <artifactId>netty-transport</artifactId>
      <version>4.0.0.CR3</version>
    </dependency>
    </dependencies>
</project>
Your task is 1. Analyze the cause of the errors 2. Decide fix position of the pom file according to the cause 3. Output only the updated partion of pom.xml entries without explanation

### Compilation Errors:
[INFO] Scanning for projects...
[INFO] 
[INFO] --------------------< edu.vision.se:CVE-2019-20444 >--------------------
[INFO] Building netty-codec-http CVE-2019-20444 1.0-SNAPSHOT
[INFO]   from pom.xml
[INFO] --------------------------------[ jar ]---------------------------------
[INFO] 
[INFO] --- maven-clean-plugin:2.5:clean (default-clean) @ CVE-2019-20444 ---
[INFO] Deleting /PoCAdaptation/exploit/result/CVE-2019-20444/4.0.0.CR3/exploit/target
[INFO] 
[INFO] --- maven-resources-plugin:2.6:resources (default-resources) @ CVE-2019-20444 ---
[INFO] Using 'UTF-8' encoding to copy filtered resources.
[INFO] skip non existing resourceDirectory /PoCAdaptation/exploit/result/CVE-2019-20444/4.0.0.CR3/exploit/src/main/resources
[INFO] 
[INFO] --- maven-compiler-plugin:3.1:compile (default-compile) @ CVE-2019-20444 ---
[INFO] No sources to compile
[INFO] 
[INFO] --- maven-resources-plugin:2.6:testResources (default-testResources) @ CVE-2019-20444 ---
[INFO] Using 'UTF-8' encoding to copy filtered resources.
[INFO] skip non existing resourceDirectory /PoCAdaptation/exploit/result/CVE-2019-20444/4.0.0.CR3/exploit/src/test/resources
[INFO] 
[INFO] --- maven-compiler-plugin:3.1:testCompile (default-testCompile) @ CVE-2019-20444 ---
[INFO] Changes detected - recompiling the module!
[INFO] Compiling 1 source file to /PoCAdaptation/exploit/result/CVE-2019-20444/4.0.0.CR3/exploit/target/test-classes
[INFO] -------------------------------------------------------------
[ERROR] COMPILATION ERROR : 
[INFO] -------------------------------------------------------------
[ERROR] /PoCAdaptation/exploit/result/CVE-2019-20444/4.0.0.CR3/exploit/src/test/java/edu/vision/se/Testcase1.java:[4,33] cannot find symbol
  symbol:   class EmbeddedChannel
  location: package io.netty.channel.embedded
[ERROR] /PoCAdaptation/exploit/result/CVE-2019-20444/4.0.0.CR3/exploit/src/test/java/edu/vision/se/Testcase1.java:[17,9] cannot find symbol
  symbol:   class EmbeddedChannel
  location: class edu.vision.se.Testcase1
[ERROR] /PoCAdaptation/exploit/result/CVE-2019-20444/4.0.0.CR3/exploit/src/test/java/edu/vision/se/Testcase1.java:[17,39] cannot find symbol
  symbol:   class EmbeddedChannel
  location: class edu.vision.se.Testcase1
[INFO] 3 errors 
[INFO] -------------------------------------------------------------
[INFO] ------------------------------------------------------------------------
[INFO] BUILD FAILURE
[INFO] ------------------------------------------------------------------------
[INFO] Total time:  1.130 s
[INFO] Finished at: 2025-07-13T13:04:27Z
[INFO] ------------------------------------------------------------------------
[ERROR] Failed to execute goal org.apache.maven.plugins:maven-compiler-plugin:3.1:testCompile (default-testCompile) on project CVE-2019-20444: Compilation failure: Compilation failure: 
[ERROR] /PoCAdaptation/exploit/result/CVE-2019-20444/4.0.0.CR3/exploit/src/test/java/edu/vision/se/Testcase1.java:[4,33] cannot find symbol
[ERROR]   symbol:   class EmbeddedChannel
[ERROR]   location: package io.netty.channel.embedded
[ERROR] /PoCAdaptation/exploit/result/CVE-2019-20444/4.0.0.CR3/exploit/src/test/java/edu/vision/se/Testcase1.java:[17,9] cannot find symbol
[ERROR]   symbol:   class EmbeddedChannel
[ERROR]   location: class edu.vision.se.Testcase1
[ERROR] /PoCAdaptation/exploit/result/CVE-2019-20444/4.0.0.CR3/exploit/src/test/java/edu/vision/se/Testcase1.java:[17,39] cannot find symbol
[ERROR]   symbol:   class EmbeddedChannel
[ERROR]   location: class edu.vision.se.Testcase1
[ERROR] -> [Help 1]
[ERROR] 
[ERROR] To see the full stack trace of the errors, re-run Maven with the -e switch.
[ERROR] Re-run Maven using the -X switch to enable full debug logging.
[ERROR] 
[ERROR] For more information about the errors and possible solutions, please read the following articles:
[ERROR] [Help 1] http://cwiki.apache.org/confluence/display/MAVEN/MojoFailureException


[LLMClient] Response: 
The error indicates that the `EmbeddedChannel` class is missing, which is part of `netty-transport` but likely in a different version. Here's the updated portion of the pom.xml:

```xml
<dependencies>
  <dependency>
    <groupId>io.netty</groupId>
    <artifactId>netty-codec-http</artifactId>
    <version>4.0.0.CR3</version>
  </dependency>
  <dependency>
    <groupId>junit</groupId>
    <artifactId>junit</artifactId>
    <version>4.13.2</version>
  </dependency>
  <dependency>
    <groupId>io.netty</groupId>
    <artifactId>netty-transport</artifactId>
    <version>4.0.0.Final</version>
  </dependency>
</dependencies>
```
[Adapter] ~ Updating version of io.netty:netty-codec-http to 4.0.0.CR3
[Adapter] ~ Updating version of junit:junit to 4.13.2
[Adapter] ~ Updating version of io.netty:netty-transport to 4.0.0.Final
[Adapter] âœ“ pom.xml successfully updated.
[96m[Executor] Executing exploit for CVE-2019-20444 on version 4.0.0.CR3...[0m
[96m[Verifier] Verifying reproduction...[0m
[91m[Verifier] âœ— Behavior not found: 'java.lang.AssertionError'[0m
[91m[Executor] Reproduction result: Failure[0m
[96m[RepairModule] Iteration 6, temperature 0.168: Trying diff #(0, 1) with score 1.00[0m
[LLMClient] Tokens used: 1537 (prompt), 222 (completion), 1759 (total)
[LLMClient] Prompt: 
You are given an error when executing test in in 4.0.0.CR3:io.netty:netty-codec-http
This test file compiles and runs successfully in 4.0.0.CR4.

Related diff is Operation: MODIFIED, File: all/pom.xml, Hunk: @@ -20,7 +20,7 @@
   <parent>
     <groupId>io.netty</groupId>
     <artifactId>netty-parent</artifactId>
-    <version>4.0.0.CR3</version>
+    <version>4.0.0.CR4</version>
   </parent>

   <artifactId>netty-all</artifactId>
Operation: MODIFIED, File: all/pom.xml, Hunk: @@ -307,7 +307,7 @@
           <dependency>
             <groupId>${project.groupId}</groupId>
             <artifactId>netty-build</artifactId>
-            <version>10</version>
+            <version>19</version>
           </dependency>
         </dependencies>
       </plugin>

You are NOT allowed to change the version of the dependency io.netty:netty-codec-http.
Your task is to solve the problem by changing the pom file of the project
Current pom file is <?xml version='1.0' encoding='utf-8'?>
<project xmlns="http://maven.apache.org/POM/4.0.0" xmlns:xsi="http://www.w3.org/2001/XMLSchema-instance" xsi:schemaLocation="http://maven.apache.org/POM/4.0.0 https://maven.apache.org/xsd/maven-4.0.0.xsd">
  <groupId>edu.vision.se</groupId><version>1.0-SNAPSHOT</version><modelVersion>4.0.0</modelVersion>
  <artifactId>CVE-2019-20444</artifactId>
  <name>netty-codec-http CVE-2019-20444</name>
  <properties>
    <maven.compiler.target>11</maven.compiler.target>
    <maven.compiler.source>11</maven.compiler.source>
    <project.build.sourceEncoding>UTF-8</project.build.sourceEncoding>
  </properties>
  <dependencies>
    <dependency>
      <groupId>io.netty</groupId>
      <artifactId>netty-codec-http</artifactId>
      <version>4.0.0.CR3</version>
    </dependency>
  <dependency><groupId>junit</groupId><artifactId>junit</artifactId><version>4.13.2</version></dependency>
  
  </dependencies>
</project>
Your task is 1. Analyze the cause of the errors 2. Decide fix position of the pom file according to the cause 3. Output only the updated partion of pom.xml entries without explanation

### Compilation Errors:
[INFO] Scanning for projects...
[INFO] 
[INFO] --------------------< edu.vision.se:CVE-2019-20444 >--------------------
[INFO] Building netty-codec-http CVE-2019-20444 1.0-SNAPSHOT
[INFO]   from pom.xml
[INFO] --------------------------------[ jar ]---------------------------------
[INFO] 
[INFO] --- maven-clean-plugin:2.5:clean (default-clean) @ CVE-2019-20444 ---
[INFO] Deleting /PoCAdaptation/exploit/result/CVE-2019-20444/4.0.0.CR3/exploit/target
[INFO] 
[INFO] --- maven-resources-plugin:2.6:resources (default-resources) @ CVE-2019-20444 ---
[INFO] Using 'UTF-8' encoding to copy filtered resources.
[INFO] skip non existing resourceDirectory /PoCAdaptation/exploit/result/CVE-2019-20444/4.0.0.CR3/exploit/src/main/resources
[INFO] 
[INFO] --- maven-compiler-plugin:3.1:compile (default-compile) @ CVE-2019-20444 ---
[INFO] No sources to compile
[INFO] 
[INFO] --- maven-resources-plugin:2.6:testResources (default-testResources) @ CVE-2019-20444 ---
[INFO] Using 'UTF-8' encoding to copy filtered resources.
[INFO] skip non existing resourceDirectory /PoCAdaptation/exploit/result/CVE-2019-20444/4.0.0.CR3/exploit/src/test/resources
[INFO] 
[INFO] --- maven-compiler-plugin:3.1:testCompile (default-testCompile) @ CVE-2019-20444 ---
[INFO] Changes detected - recompiling the module!
[INFO] Compiling 1 source file to /PoCAdaptation/exploit/result/CVE-2019-20444/4.0.0.CR3/exploit/target/test-classes
[INFO] -------------------------------------------------------------
[ERROR] COMPILATION ERROR : 
[INFO] -------------------------------------------------------------
[ERROR] /PoCAdaptation/exploit/result/CVE-2019-20444/4.0.0.CR3/exploit/src/test/java/edu/vision/se/Testcase1.java:[17,35] cannot access io.netty.channel.ChannelInboundByteHandlerAdapter
  class file for io.netty.channel.ChannelInboundByteHandlerAdapter not found
[INFO] 1 error
[INFO] -------------------------------------------------------------
[INFO] ------------------------------------------------------------------------
[INFO] BUILD FAILURE
[INFO] ------------------------------------------------------------------------
[INFO] Total time:  1.223 s
[INFO] Finished at: 2025-07-13T13:04:39Z
[INFO] ------------------------------------------------------------------------
[ERROR] Failed to execute goal org.apache.maven.plugins:maven-compiler-plugin:3.1:testCompile (default-testCompile) on project CVE-2019-20444: Compilation failure
[ERROR] /PoCAdaptation/exploit/result/CVE-2019-20444/4.0.0.CR3/exploit/src/test/java/edu/vision/se/Testcase1.java:[17,35] cannot access io.netty.channel.ChannelInboundByteHandlerAdapter
[ERROR]   class file for io.netty.channel.ChannelInboundByteHandlerAdapter not found
[ERROR] 
[ERROR] -> [Help 1]
[ERROR] 
[ERROR] To see the full stack trace of the errors, re-run Maven with the -e switch.
[ERROR] Re-run Maven using the -X switch to enable full debug logging.
[ERROR] 
[ERROR] For more information about the errors and possible solutions, please read the following articles:
[ERROR] [Help 1] http://cwiki.apache.org/confluence/display/MAVEN/MojoFailureException


[LLMClient] Response: 
Based on the error and the context provided, the issue is that `ChannelInboundByteHandlerAdapter` is missing, which was likely moved or renamed between CR3 and CR4. Since we can't change the netty-codec-http version, we need to add the specific dependency that contains this class in the CR3 version.

Here's the updated portion of the pom.xml to add:

```xml
  <dependencies>
    <dependency>
      <groupId>io.netty</groupId>
      <artifactId>netty-codec-http</artifactId>
      <version>4.0.0.CR3</version>
    </dependency>
    <dependency>
      <groupId>io.netty</groupId>
      <artifactId>netty-transport</artifactId>
      <version>4.0.0.CR3</version>
    </dependency>
    <dependency>
      <groupId>junit</groupId>
      <artifactId>junit</artifactId>
      <version>4.13.2</version>
    </dependency>
  </dependencies>
```
[Adapter] ~ Updating version of io.netty:netty-codec-http to 4.0.0.CR3
[Adapter] + Adding new dependency io.netty:netty-transport:4.0.0.CR3
[Adapter] ~ Updating version of junit:junit to 4.13.2
[Adapter] âœ“ pom.xml successfully updated.
[96m[Executor] Executing exploit for CVE-2019-20444 on version 4.0.0.CR3...[0m
[96m[Verifier] Verifying reproduction...[0m
[91m[Verifier] âœ— Behavior not found: 'java.lang.AssertionError'[0m
[91m[Executor] Reproduction result: Failure[0m
[LLMClient] Tokens used: 1705 (prompt), 251 (completion), 1956 (total)
[LLMClient] Prompt: 
You are given an error when executing test in in 4.0.0.CR3:io.netty:netty-codec-http
This test file compiles and runs successfully in 4.0.0.CR4.

You are NOT allowed to change the version of the dependency io.netty:netty-codec-http.
Your task is to solve the problem by changing the pom file of the project. You can update other library to any versions
Current pom file is <?xml version='1.0' encoding='utf-8'?>
<project xmlns="http://maven.apache.org/POM/4.0.0" xmlns:xsi="http://www.w3.org/2001/XMLSchema-instance" xsi:schemaLocation="http://maven.apache.org/POM/4.0.0 https://maven.apache.org/xsd/maven-4.0.0.xsd">
  <groupId>edu.vision.se</groupId><version>1.0-SNAPSHOT</version><modelVersion>4.0.0</modelVersion>
  <artifactId>CVE-2019-20444</artifactId>
  <name>netty-codec-http CVE-2019-20444</name>
  <properties>
    <maven.compiler.target>11</maven.compiler.target>
    <maven.compiler.source>11</maven.compiler.source>
    <project.build.sourceEncoding>UTF-8</project.build.sourceEncoding>
  </properties>
  <dependencies>
    <dependency>
      <groupId>io.netty</groupId>
      <artifactId>netty-codec-http</artifactId>
      <version>4.0.0.CR3</version>
    </dependency>
  <dependency><groupId>junit</groupId><artifactId>junit</artifactId><version>4.13.2</version></dependency>
  
  <dependency>
      <groupId>io.netty</groupId>
      <artifactId>netty-transport</artifactId>
      <version>4.0.0.CR3</version>
    </dependency>
    </dependencies>
</project>
Your task is 1. Analyze the cause of the errors 2. Decide fix position of the pom file according to the cause 3. Output only the updated partion of pom.xml entries without explanation

### Compilation Errors:
[INFO] Scanning for projects...
[INFO] 
[INFO] --------------------< edu.vision.se:CVE-2019-20444 >--------------------
[INFO] Building netty-codec-http CVE-2019-20444 1.0-SNAPSHOT
[INFO]   from pom.xml
[INFO] --------------------------------[ jar ]---------------------------------
[INFO] 
[INFO] --- maven-clean-plugin:2.5:clean (default-clean) @ CVE-2019-20444 ---
[INFO] Deleting /PoCAdaptation/exploit/result/CVE-2019-20444/4.0.0.CR3/exploit/target
[INFO] 
[INFO] --- maven-resources-plugin:2.6:resources (default-resources) @ CVE-2019-20444 ---
[INFO] Using 'UTF-8' encoding to copy filtered resources.
[INFO] skip non existing resourceDirectory /PoCAdaptation/exploit/result/CVE-2019-20444/4.0.0.CR3/exploit/src/main/resources
[INFO] 
[INFO] --- maven-compiler-plugin:3.1:compile (default-compile) @ CVE-2019-20444 ---
[INFO] No sources to compile
[INFO] 
[INFO] --- maven-resources-plugin:2.6:testResources (default-testResources) @ CVE-2019-20444 ---
[INFO] Using 'UTF-8' encoding to copy filtered resources.
[INFO] skip non existing resourceDirectory /PoCAdaptation/exploit/result/CVE-2019-20444/4.0.0.CR3/exploit/src/test/resources
[INFO] 
[INFO] --- maven-compiler-plugin:3.1:testCompile (default-testCompile) @ CVE-2019-20444 ---
[INFO] Changes detected - recompiling the module!
[INFO] Compiling 1 source file to /PoCAdaptation/exploit/result/CVE-2019-20444/4.0.0.CR3/exploit/target/test-classes
[INFO] -------------------------------------------------------------
[ERROR] COMPILATION ERROR : 
[INFO] -------------------------------------------------------------
[ERROR] /PoCAdaptation/exploit/result/CVE-2019-20444/4.0.0.CR3/exploit/src/test/java/edu/vision/se/Testcase1.java:[4,33] cannot find symbol
  symbol:   class EmbeddedChannel
  location: package io.netty.channel.embedded
[ERROR] /PoCAdaptation/exploit/result/CVE-2019-20444/4.0.0.CR3/exploit/src/test/java/edu/vision/se/Testcase1.java:[17,9] cannot find symbol
  symbol:   class EmbeddedChannel
  location: class edu.vision.se.Testcase1
[ERROR] /PoCAdaptation/exploit/result/CVE-2019-20444/4.0.0.CR3/exploit/src/test/java/edu/vision/se/Testcase1.java:[17,39] cannot find symbol
  symbol:   class EmbeddedChannel
  location: class edu.vision.se.Testcase1
[INFO] 3 errors 
[INFO] -------------------------------------------------------------
[INFO] ------------------------------------------------------------------------
[INFO] BUILD FAILURE
[INFO] ------------------------------------------------------------------------
[INFO] Total time:  1.091 s
[INFO] Finished at: 2025-07-13T13:04:53Z
[INFO] ------------------------------------------------------------------------
[ERROR] Failed to execute goal org.apache.maven.plugins:maven-compiler-plugin:3.1:testCompile (default-testCompile) on project CVE-2019-20444: Compilation failure: Compilation failure: 
[ERROR] /PoCAdaptation/exploit/result/CVE-2019-20444/4.0.0.CR3/exploit/src/test/java/edu/vision/se/Testcase1.java:[4,33] cannot find symbol
[ERROR]   symbol:   class EmbeddedChannel
[ERROR]   location: package io.netty.channel.embedded
[ERROR] /PoCAdaptation/exploit/result/CVE-2019-20444/4.0.0.CR3/exploit/src/test/java/edu/vision/se/Testcase1.java:[17,9] cannot find symbol
[ERROR]   symbol:   class EmbeddedChannel
[ERROR]   location: class edu.vision.se.Testcase1
[ERROR] /PoCAdaptation/exploit/result/CVE-2019-20444/4.0.0.CR3/exploit/src/test/java/edu/vision/se/Testcase1.java:[17,39] cannot find symbol
[ERROR]   symbol:   class EmbeddedChannel
[ERROR]   location: class edu.vision.se.Testcase1
[ERROR] -> [Help 1]
[ERROR] 
[ERROR] To see the full stack trace of the errors, re-run Maven with the -e switch.
[ERROR] Re-run Maven using the -X switch to enable full debug logging.
[ERROR] 
[ERROR] For more information about the errors and possible solutions, please read the following articles:
[ERROR] [Help 1] http://cwiki.apache.org/confluence/display/MAVEN/MojoFailureException


[LLMClient] Response: 
The error indicates that the `EmbeddedChannel` class from `io.netty.channel.embedded` package is missing. This class is typically provided by `netty-transport` dependency, but in version 4.0.0.CR3 it might be in a different artifact. Here's the updated pom.xml portion:

```xml
<dependencies>
  <dependency>
    <groupId>io.netty</groupId>
    <artifactId>netty-codec-http</artifactId>
    <version>4.0.0.CR3</version>
  </dependency>
  <dependency>
    <groupId>junit</groupId>
    <artifactId>junit</artifactId>
    <version>4.13.2</version>
  </dependency>
  <dependency>
    <groupId>io.netty</groupId>
    <artifactId>netty-transport</artifactId>
    <version>4.0.0.CR3</version>
  </dependency>
  <dependency>
    <groupId>io.netty</groupId>
    <artifactId>netty-common</artifactId>
    <version>4.0.0.CR3</version>
  </dependency>
</dependencies>
```
[Adapter] ~ Updating version of io.netty:netty-codec-http to 4.0.0.CR3
[Adapter] ~ Updating version of junit:junit to 4.13.2
[Adapter] ~ Updating version of io.netty:netty-transport to 4.0.0.CR3
[Adapter] + Adding new dependency io.netty:netty-common:4.0.0.CR3
[Adapter] âœ“ pom.xml successfully updated.
[96m[Executor] Executing exploit for CVE-2019-20444 on version 4.0.0.CR3...[0m
[96m[Verifier] Verifying reproduction...[0m
[91m[Verifier] âœ— Behavior not found: 'java.lang.AssertionError'[0m
[91m[Executor] Reproduction result: Failure[0m
[96m[RepairModule] Iteration 7, temperature 0.118: Trying diff #0 with score 1.00[0m
[LLMClient] Tokens used: 1751 (prompt), 190 (completion), 1941 (total)
[LLMClient] Prompt: 
You are given an error when executing test in in 4.0.0.CR3:io.netty:netty-codec-http
This test file compiles and runs successfully in 4.0.0.CR4.

Related diff is Operation: MODIFIED, File: all/pom.xml, Hunk: @@ -20,7 +20,7 @@
   <parent>
     <groupId>io.netty</groupId>
     <artifactId>netty-parent</artifactId>
-    <version>4.0.0.CR3</version>
+    <version>4.0.0.CR4</version>
   </parent>

   <artifactId>netty-all</artifactId>

You are NOT allowed to change the version of the dependency io.netty:netty-codec-http.
Your task is to solve the problem by changing the pom file of the project
Current pom file is <?xml version='1.0' encoding='utf-8'?>
<project xmlns="http://maven.apache.org/POM/4.0.0" xmlns:xsi="http://www.w3.org/2001/XMLSchema-instance" xsi:schemaLocation="http://maven.apache.org/POM/4.0.0 https://maven.apache.org/xsd/maven-4.0.0.xsd">
  <groupId>edu.vision.se</groupId><version>1.0-SNAPSHOT</version><modelVersion>4.0.0</modelVersion>
  <artifactId>CVE-2019-20444</artifactId>
  <name>netty-codec-http CVE-2019-20444</name>
  <properties>
    <maven.compiler.target>11</maven.compiler.target>
    <maven.compiler.source>11</maven.compiler.source>
    <project.build.sourceEncoding>UTF-8</project.build.sourceEncoding>
  </properties>
  <dependencies>
    <dependency>
      <groupId>io.netty</groupId>
      <artifactId>netty-codec-http</artifactId>
      <version>4.0.0.CR3</version>
    </dependency>
  <dependency><groupId>junit</groupId><artifactId>junit</artifactId><version>4.13.2</version></dependency>
  
  </dependencies>
</project>
Your task is 1. Analyze the cause of the errors 2. Decide fix position of the pom file according to the cause 3. Output only the updated partion of pom.xml entries without explanation

### Compilation Errors:
[INFO] Scanning for projects...
[INFO] 
[INFO] --------------------< edu.vision.se:CVE-2019-20444 >--------------------
[INFO] Building netty-codec-http CVE-2019-20444 1.0-SNAPSHOT
[INFO]   from pom.xml
[INFO] --------------------------------[ jar ]---------------------------------
[INFO] 
[INFO] --- maven-clean-plugin:2.5:clean (default-clean) @ CVE-2019-20444 ---
[INFO] Deleting /PoCAdaptation/exploit/result/CVE-2019-20444/4.0.0.CR3/exploit/target
[INFO] 
[INFO] --- maven-resources-plugin:2.6:resources (default-resources) @ CVE-2019-20444 ---
[INFO] Using 'UTF-8' encoding to copy filtered resources.
[INFO] skip non existing resourceDirectory /PoCAdaptation/exploit/result/CVE-2019-20444/4.0.0.CR3/exploit/src/main/resources
[INFO] 
[INFO] --- maven-compiler-plugin:3.1:compile (default-compile) @ CVE-2019-20444 ---
[INFO] No sources to compile
[INFO] 
[INFO] --- maven-resources-plugin:2.6:testResources (default-testResources) @ CVE-2019-20444 ---
[INFO] Using 'UTF-8' encoding to copy filtered resources.
[INFO] skip non existing resourceDirectory /PoCAdaptation/exploit/result/CVE-2019-20444/4.0.0.CR3/exploit/src/test/resources
[INFO] 
[INFO] --- maven-compiler-plugin:3.1:testCompile (default-testCompile) @ CVE-2019-20444 ---
[INFO] Changes detected - recompiling the module!
[INFO] Compiling 1 source file to /PoCAdaptation/exploit/result/CVE-2019-20444/4.0.0.CR3/exploit/target/test-classes
[INFO] -------------------------------------------------------------
[ERROR] COMPILATION ERROR : 
[INFO] -------------------------------------------------------------
[ERROR] /PoCAdaptation/exploit/result/CVE-2019-20444/4.0.0.CR3/exploit/src/test/java/edu/vision/se/Testcase1.java:[4,33] cannot find symbol
  symbol:   class EmbeddedChannel
  location: package io.netty.channel.embedded
[ERROR] /PoCAdaptation/exploit/result/CVE-2019-20444/4.0.0.CR3/exploit/src/test/java/edu/vision/se/Testcase1.java:[17,9] cannot find symbol
  symbol:   class EmbeddedChannel
  location: class edu.vision.se.Testcase1
[ERROR] /PoCAdaptation/exploit/result/CVE-2019-20444/4.0.0.CR3/exploit/src/test/java/edu/vision/se/Testcase1.java:[17,39] cannot find symbol
  symbol:   class EmbeddedChannel
  location: class edu.vision.se.Testcase1
[INFO] 3 errors 
[INFO] -------------------------------------------------------------
[INFO] ------------------------------------------------------------------------
[INFO] BUILD FAILURE
[INFO] ------------------------------------------------------------------------
[INFO] Total time:  0.922 s
[INFO] Finished at: 2025-07-13T13:05:08Z
[INFO] ------------------------------------------------------------------------
[ERROR] Failed to execute goal org.apache.maven.plugins:maven-compiler-plugin:3.1:testCompile (default-testCompile) on project CVE-2019-20444: Compilation failure: Compilation failure: 
[ERROR] /PoCAdaptation/exploit/result/CVE-2019-20444/4.0.0.CR3/exploit/src/test/java/edu/vision/se/Testcase1.java:[4,33] cannot find symbol
[ERROR]   symbol:   class EmbeddedChannel
[ERROR]   location: package io.netty.channel.embedded
[ERROR] /PoCAdaptation/exploit/result/CVE-2019-20444/4.0.0.CR3/exploit/src/test/java/edu/vision/se/Testcase1.java:[17,9] cannot find symbol
[ERROR]   symbol:   class EmbeddedChannel
[ERROR]   location: class edu.vision.se.Testcase1
[ERROR] /PoCAdaptation/exploit/result/CVE-2019-20444/4.0.0.CR3/exploit/src/test/java/edu/vision/se/Testcase1.java:[17,39] cannot find symbol
[ERROR]   symbol:   class EmbeddedChannel
[ERROR]   location: class edu.vision.se.Testcase1
[ERROR] -> [Help 1]
[ERROR] 
[ERROR] To see the full stack trace of the errors, re-run Maven with the -e switch.
[ERROR] Re-run Maven using the -X switch to enable full debug logging.
[ERROR] 
[ERROR] For more information about the errors and possible solutions, please read the following articles:
[ERROR] [Help 1] http://cwiki.apache.org/confluence/display/MAVEN/MojoFailureException


[LLMClient] Response: 
The issue is that the test code requires `EmbeddedChannel` class which is part of `netty-transport` module, but it's not included in the dependencies. Here's the updated portion of the pom.xml to add the required dependency:

```xml
<dependencies>
  <dependency>
    <groupId>io.netty</groupId>
    <artifactId>netty-codec-http</artifactId>
    <version>4.0.0.CR3</version>
  </dependency>
  <dependency>
    <groupId>io.netty</groupId>
    <artifactId>netty-transport</artifactId>
    <version>4.0.0.CR3</version>
  </dependency>
  <dependency>
    <groupId>junit</groupId>
    <artifactId>junit</artifactId>
    <version>4.13.2</version>
  </dependency>
</dependencies>
```
[Adapter] ~ Updating version of io.netty:netty-codec-http to 4.0.0.CR3
[Adapter] + Adding new dependency io.netty:netty-transport:4.0.0.CR3
[Adapter] ~ Updating version of junit:junit to 4.13.2
[Adapter] âœ“ pom.xml successfully updated.
[96m[Executor] Executing exploit for CVE-2019-20444 on version 4.0.0.CR3...[0m
[96m[Verifier] Verifying reproduction...[0m
[91m[Verifier] âœ— Behavior not found: 'java.lang.AssertionError'[0m
[91m[Executor] Reproduction result: Failure[0m
[LLMClient] Tokens used: 1705 (prompt), 295 (completion), 2000 (total)
[LLMClient] Prompt: 
You are given an error when executing test in in 4.0.0.CR3:io.netty:netty-codec-http
This test file compiles and runs successfully in 4.0.0.CR4.

You are NOT allowed to change the version of the dependency io.netty:netty-codec-http.
Your task is to solve the problem by changing the pom file of the project. You can update other library to any versions
Current pom file is <?xml version='1.0' encoding='utf-8'?>
<project xmlns="http://maven.apache.org/POM/4.0.0" xmlns:xsi="http://www.w3.org/2001/XMLSchema-instance" xsi:schemaLocation="http://maven.apache.org/POM/4.0.0 https://maven.apache.org/xsd/maven-4.0.0.xsd">
  <groupId>edu.vision.se</groupId><version>1.0-SNAPSHOT</version><modelVersion>4.0.0</modelVersion>
  <artifactId>CVE-2019-20444</artifactId>
  <name>netty-codec-http CVE-2019-20444</name>
  <properties>
    <maven.compiler.target>11</maven.compiler.target>
    <maven.compiler.source>11</maven.compiler.source>
    <project.build.sourceEncoding>UTF-8</project.build.sourceEncoding>
  </properties>
  <dependencies>
    <dependency>
      <groupId>io.netty</groupId>
      <artifactId>netty-codec-http</artifactId>
      <version>4.0.0.CR3</version>
    </dependency>
  <dependency><groupId>junit</groupId><artifactId>junit</artifactId><version>4.13.2</version></dependency>
  
  <dependency>
    <groupId>io.netty</groupId>
    <artifactId>netty-transport</artifactId>
    <version>4.0.0.CR3</version>
  </dependency>
  </dependencies>
</project>
Your task is 1. Analyze the cause of the errors 2. Decide fix position of the pom file according to the cause 3. Output only the updated partion of pom.xml entries without explanation

### Compilation Errors:
[INFO] Scanning for projects...
[INFO] 
[INFO] --------------------< edu.vision.se:CVE-2019-20444 >--------------------
[INFO] Building netty-codec-http CVE-2019-20444 1.0-SNAPSHOT
[INFO]   from pom.xml
[INFO] --------------------------------[ jar ]---------------------------------
[INFO] 
[INFO] --- maven-clean-plugin:2.5:clean (default-clean) @ CVE-2019-20444 ---
[INFO] Deleting /PoCAdaptation/exploit/result/CVE-2019-20444/4.0.0.CR3/exploit/target
[INFO] 
[INFO] --- maven-resources-plugin:2.6:resources (default-resources) @ CVE-2019-20444 ---
[INFO] Using 'UTF-8' encoding to copy filtered resources.
[INFO] skip non existing resourceDirectory /PoCAdaptation/exploit/result/CVE-2019-20444/4.0.0.CR3/exploit/src/main/resources
[INFO] 
[INFO] --- maven-compiler-plugin:3.1:compile (default-compile) @ CVE-2019-20444 ---
[INFO] No sources to compile
[INFO] 
[INFO] --- maven-resources-plugin:2.6:testResources (default-testResources) @ CVE-2019-20444 ---
[INFO] Using 'UTF-8' encoding to copy filtered resources.
[INFO] skip non existing resourceDirectory /PoCAdaptation/exploit/result/CVE-2019-20444/4.0.0.CR3/exploit/src/test/resources
[INFO] 
[INFO] --- maven-compiler-plugin:3.1:testCompile (default-testCompile) @ CVE-2019-20444 ---
[INFO] Changes detected - recompiling the module!
[INFO] Compiling 1 source file to /PoCAdaptation/exploit/result/CVE-2019-20444/4.0.0.CR3/exploit/target/test-classes
[INFO] -------------------------------------------------------------
[ERROR] COMPILATION ERROR : 
[INFO] -------------------------------------------------------------
[ERROR] /PoCAdaptation/exploit/result/CVE-2019-20444/4.0.0.CR3/exploit/src/test/java/edu/vision/se/Testcase1.java:[4,33] cannot find symbol
  symbol:   class EmbeddedChannel
  location: package io.netty.channel.embedded
[ERROR] /PoCAdaptation/exploit/result/CVE-2019-20444/4.0.0.CR3/exploit/src/test/java/edu/vision/se/Testcase1.java:[17,9] cannot find symbol
  symbol:   class EmbeddedChannel
  location: class edu.vision.se.Testcase1
[ERROR] /PoCAdaptation/exploit/result/CVE-2019-20444/4.0.0.CR3/exploit/src/test/java/edu/vision/se/Testcase1.java:[17,39] cannot find symbol
  symbol:   class EmbeddedChannel
  location: class edu.vision.se.Testcase1
[INFO] 3 errors 
[INFO] -------------------------------------------------------------
[INFO] ------------------------------------------------------------------------
[INFO] BUILD FAILURE
[INFO] ------------------------------------------------------------------------
[INFO] Total time:  1.009 s
[INFO] Finished at: 2025-07-13T13:05:20Z
[INFO] ------------------------------------------------------------------------
[ERROR] Failed to execute goal org.apache.maven.plugins:maven-compiler-plugin:3.1:testCompile (default-testCompile) on project CVE-2019-20444: Compilation failure: Compilation failure: 
[ERROR] /PoCAdaptation/exploit/result/CVE-2019-20444/4.0.0.CR3/exploit/src/test/java/edu/vision/se/Testcase1.java:[4,33] cannot find symbol
[ERROR]   symbol:   class EmbeddedChannel
[ERROR]   location: package io.netty.channel.embedded
[ERROR] /PoCAdaptation/exploit/result/CVE-2019-20444/4.0.0.CR3/exploit/src/test/java/edu/vision/se/Testcase1.java:[17,9] cannot find symbol
[ERROR]   symbol:   class EmbeddedChannel
[ERROR]   location: class edu.vision.se.Testcase1
[ERROR] /PoCAdaptation/exploit/result/CVE-2019-20444/4.0.0.CR3/exploit/src/test/java/edu/vision/se/Testcase1.java:[17,39] cannot find symbol
[ERROR]   symbol:   class EmbeddedChannel
[ERROR]   location: class edu.vision.se.Testcase1
[ERROR] -> [Help 1]
[ERROR] 
[ERROR] To see the full stack trace of the errors, re-run Maven with the -e switch.
[ERROR] Re-run Maven using the -X switch to enable full debug logging.
[ERROR] 
[ERROR] For more information about the errors and possible solutions, please read the following articles:
[ERROR] [Help 1] http://cwiki.apache.org/confluence/display/MAVEN/MojoFailureException


[LLMClient] Response: 
The error indicates that the `EmbeddedChannel` class from `io.netty.channel.embedded` package is missing. This class is typically provided by `netty-transport` artifact, but in version 4.0.0.CR3 it might be in a different artifact. Here's the updated pom.xml portion:

```xml
<dependencies>
  <dependency>
    <groupId>io.netty</groupId>
    <artifactId>netty-codec-http</artifactId>
    <version>4.0.0.CR3</version>
  </dependency>
  <dependency>
    <groupId>junit</groupId>
    <artifactId>junit</artifactId>
    <version>4.13.2</version>
  </dependency>
  <dependency>
    <groupId>io.netty</groupId>
    <artifactId>netty-transport</artifactId>
    <version>4.0.0.CR3</version>
  </dependency>
  <dependency>
    <groupId>io.netty</groupId>
    <artifactId>netty-common</artifactId>
    <version>4.0.0.CR3</version>
  </dependency>
  <dependency>
    <groupId>io.netty</groupId>
    <artifactId>netty-buffer</artifactId>
    <version>4.0.0.CR3</version>
  </dependency>
</dependencies>
```
[Adapter] ~ Updating version of io.netty:netty-codec-http to 4.0.0.CR3
[Adapter] ~ Updating version of junit:junit to 4.13.2
[Adapter] ~ Updating version of io.netty:netty-transport to 4.0.0.CR3
[Adapter] + Adding new dependency io.netty:netty-common:4.0.0.CR3
[Adapter] + Adding new dependency io.netty:netty-buffer:4.0.0.CR3
[Adapter] âœ“ pom.xml successfully updated.
[96m[Executor] Executing exploit for CVE-2019-20444 on version 4.0.0.CR3...[0m
[96m[Verifier] Verifying reproduction...[0m
[91m[Verifier] âœ— Behavior not found: 'java.lang.AssertionError'[0m
[91m[Executor] Reproduction result: Failure[0m
[LLMClient] Tokens used: 146 (prompt), 11 (completion), 157 (total)
[LLMClient] Prompt: 
You are given an error log when executing 'mvn test' in version 4.0.0.CR3: 

Error: cannot find symbol, class EmbeddedChannel, package io.netty.channel.embedded 

The test executes as expected in 4.0.0.CR4 

Error code: import io.netty.channel.embedded.EmbeddedChannel; 

Extract two key *entities* from the error for searching related diffs 

The extracted entities should reflect code-level identifiers that are likely to appear in source code or diffs. 

Output each node as a `;`-separated list, with no explanations. 


[LLMClient] Response: 
EmbeddedChannel;io.netty.channel.embedded
[96m[ErrorManager] Extracted key entities: ['EmbeddedChannel', 'io.netty.channel.embedded'][0m
[96m[Adapter] Try to solve error: {'file': '/PoCAdaptation/exploit/result/CVE-2019-20444/4.0.0.CR3/exploit/src/test/java/edu/vision/se/Testcase1.java', 'line': 4, 'column': 33, 'message': 'cannot find symbol', 'symbol': 'class EmbeddedChannel', 'location': 'package io.netty.channel.embedded', 'code_line': 'import io.netty.channel.embedded.EmbeddedChannel;'} with cause: ['EmbeddedChannel', 'io.netty.channel.embedded'][0m
[96m[Adapter] Related diffs for error: [(136, 8.0), (138, 8.0), (144, 8.0), (146, 8.0), (396, 8.0)][0m
[96m[Adapter] Fix position is in test code.[0m
[96m[RepairModule] Start repair for group: cannot find symbol | class EmbeddedChannel cause: ['EmbeddedChannel', 'io.netty.channel.embedded'][0m
[96m[RepairModule] Trying best diff #136 with score 8.00[0m
[96m[RepairModule] Found 10 diff combinations for annealing.[0m
[96m[RepairModule] Iteration 1, temperature 1.000: Trying diff #138 with score 8.00[0m
[LLMClient] Tokens used: 820 (prompt), 276 (completion), 1096 (total)
[LLMClient] Prompt: 
You are given a Java test file with compilation errors in version 4.0.0.CR3:io.netty:netty-codec-http.
This test file compiles and runs successfully in 4.0.0.CR4.

The diff is related to the diff.
Your task has three steps:
 1. Locate the code where the compilation error occurs.
 2. Analyze the diff from 4.0.0.CR4 to 4.0.0.CR3.
 3. Fix the error in the error position only when diff is helpful. Add import statement when needed according to the diff. 

Only output the modified version of the test file according to the diff. No explanations. If mocking, access fields via reflection if they exist.
### Compilation Errors:
message: cannot find symbol, symble: class EmbeddedChannel, location: package io.netty.channel.embedded

### Error Position:
import io.netty.channel.embedded.EmbeddedChannel;

### Related Diff:
Operation: MODIFIED, File: codec-http/src/main/java/io/netty/handler/codec/http/HttpContentDecoder.java, Hunk: @@ -15,21 +15,19 @@
  */
 package io.netty.handler.codec.http;

+import io.netty.buffer.BufUtil;
 import io.netty.buffer.ByteBuf;
 import io.netty.buffer.ByteBufHolder;
+import io.netty.buffer.MessageBuf;
-import io.netty.buffer.ByteBufUtil;
 import io.netty.buffer.Unpooled;
 import io.netty.channel.ChannelHandlerContext;
+import io.netty.channel.embedded.EmbeddedByteChannel;
-import io.netty.channel.MessageList;
-import io.netty.channel.embedded.EmbeddedChannel;
 import io.netty.handler.codec.MessageToMessageDecoder;

+import java.util.Collections;
+
 /**
  * Decodes the content of the received {@link HttpRequest} and {@link HttpContent}.
  * The original content is replaced with the new content decoded by the
+ * {@link EmbeddedByteChannel}, which is created by {@link #newContentDecoder(String)}.
- * {@link EmbeddedChannel}, which is created by {@link #newContentDecoder(String)}.
  * Once decoding is finished, the value of the <tt>'Content-Encoding'</tt>
  * header is set to the target content encoding, as returned by {@link #getTargetContentEncoding(String)}.
  * Also, the <tt>'Content-Length'</tt> header is updated to the length of the

### Test File Content:
package edu.vision.se;

import io.netty.buffer.Unpooled;
import io.netty.channel.embedded.EmbeddedChannel;
import io.netty.handler.codec.http.HttpRequest;
import io.netty.handler.codec.http.HttpRequestDecoder;
import io.netty.util.CharsetUtil;
import org.junit.Test;

import static org.junit.Assert.assertFalse;
import static org.junit.Assert.assertTrue;

public class Testcase1 {

    @Test(timeout = 60000)
    public void testHeaderWithNoValueAndMissingColon() {
        EmbeddedChannel channel = new EmbeddedChannel(new HttpRequestDecoder());
        String requestStr = "GET /some/path HTTP/1.1\r\n" +
                "Content-Length: 0\r\n" +
                "Host:\r\n" +
                "netty.io\r\n\r\n";
        assertTrue(channel.writeInbound(Unpooled.copiedBuffer(requestStr, CharsetUtil.US_ASCII)));
        HttpRequest request = (HttpRequest) channel.readInbound();
        assertTrue(request.getDecoderResult().isFailure());
        assertTrue(request.getDecoderResult().cause() instanceof IllegalArgumentException);
        assertFalse(channel.finish());
    }
}



[LLMClient] Response: 
Here's the modified version of the test file according to the diff:

```java
package edu.vision.se;

import io.netty.buffer.Unpooled;
import io.netty.channel.embedded.EmbeddedByteChannel;
import io.netty.handler.codec.http.HttpRequest;
import io.netty.handler.codec.http.HttpRequestDecoder;
import io.netty.util.CharsetUtil;
import org.junit.Test;

import static org.junit.Assert.assertFalse;
import static org.junit.Assert.assertTrue;

public class Testcase1 {

    @Test(timeout = 60000)
    public void testHeaderWithNoValueAndMissingColon() {
        EmbeddedByteChannel channel = new EmbeddedByteChannel(new HttpRequestDecoder());
        String requestStr = "GET /some/path HTTP/1.1\r\n" +
                "Content-Length: 0\r\n" +
                "Host:\r\n" +
                "netty.io\r\n\r\n";
        assertTrue(channel.writeInbound(Unpooled.copiedBuffer(requestStr, CharsetUtil.US_ASCII)));
        HttpRequest request = (HttpRequest) channel.readInbound();
        assertTrue(request.getDecoderResult().isFailure());
        assertTrue(request.getDecoderResult().cause() instanceof IllegalArgumentException);
        assertFalse(channel.finish());
    }
}
```
[96m[RepairModule] Wrote modified code to /PoCAdaptation/exploit/result/CVE-2019-20444/4.0.0.CR3/exploit/src/test/java/edu/vision/se/Testcase1.java[0m
[96m[Executor] Executing exploit for CVE-2019-20444 on version 4.0.0.CR3...[0m
[96m[Verifier] Verifying reproduction...[0m
[92m[Verifier] âœ“ Behavior matched: 'java.lang.AssertionError'[0m
[92m[Verifier] âœ“ Detail matched: 'org.junit.Assert.fail'[0m
[92m[Verifier] âœ“ All reproduction indicators matched.[0m
[92m[Executor] Reproduction result: Success[0m
[92m[RepairModule] Repair success![0m
[92m[RepairModule] Repair success with diff #138 at iteration 1![0m
[96m[Adapter] Test code repair attempted.[0m
[96m[Executor] Executing exploit for CVE-2019-20444 on version 4.0.0.CR3...[0m
[96m[Verifier] Verifying reproduction...[0m
[92m[Verifier] âœ“ Behavior matched: 'java.lang.AssertionError'[0m
[92m[Verifier] âœ“ Detail matched: 'org.junit.Assert.fail'[0m
[92m[Verifier] âœ“ All reproduction indicators matched.[0m
[92m[Executor] Reproduction result: Success[0m
[92m[Adapter] Adaptation from 4.0.0.CR4 to 4.0.0.CR3 successful.[0m
[Adapt] âœ“ Completed: True
[96m[Adapter] Adaptation complete. Retesting exploit on 4.0.0.CR3...[0m
[92m[Executor] Adaptation + reproduction successful on 4.0.0.CR3[0m
[96m[Adapter] Copied successful adaptation to /PoCAdaptation/exploit/valid/CVE-2019-20444/4.0.0.CR3[0m
[1m[Main] === Starting adaptation process for CVE-2019-20444 ===[0m
[96m[Processor] Fetching all available Maven versions...[0m
[96m[Analyzer] Loading cached versions from: /PoCAdaptation/library/io_netty_netty-codec-http.txt[0m
[96m[Analyzer] io.netty:netty-codec-http has 231 versions (cached).[0m
[96m[Processor] Identifying versions with successful reproduction...[0m
[96m[Processor] Pending versions: ['4.0.0.Beta1', '4.0.0.Beta2', '4.0.0.Beta3', '4.0.0.CR1', '4.0.0.CR2', '4.0.0.CR3', '4.0.0.CR4', '4.0.0.CR5', '4.0.0.CR6', '4.0.0.CR7', '4.0.0.CR8', '4.0.0.CR9', '4.0.0.Final', '4.0.1.Final', '4.0.2.Final', '4.0.3.Final', '4.0.4.Final', '4.0.5.Final', '4.0.6.Final', '4.0.7.Final', '4.0.8.Final', '4.0.9.Final', '4.0.10.Final', '4.0.11.Final', '4.0.12.Final', '4.0.13.Final', '4.0.14.Beta1', '4.0.14.Final', '4.0.15.Final', '4.0.16.Final', '4.0.17.Final', '4.0.18.Final', '4.0.19.Final', '4.0.20.Final', '4.0.21.Final', '4.0.22.Final', '4.0.23.Final', '4.0.24.Final', '4.0.25.Final', '4.0.26.Final', '4.0.27.Final', '4.0.28.Final', '4.0.29.Final', '4.0.30.Final', '4.0.31.Final', '4.0.32.Final', '4.0.33.Final', '4.0.34.Final', '4.0.35.Final', '4.0.36.Final', '4.0.37.Final', '4.0.38.Final', '4.0.39.Final', '4.0.40.Final', '4.0.41.Final', '4.0.42.Final', '4.0.43.Final', '4.0.44.Final', '4.0.45.Final', '4.0.46.Final', '4.0.47.Final', '4.0.48.Final', '4.0.49.Final', '4.0.50.Final', '4.0.51.Final', '4.0.52.Final', '4.0.53.Final', '4.0.54.Final', '4.0.55.Final', '4.0.56.Final', '5.0.0.Alpha1'][0m
[96m[Preparer] Pending directory already exists: /PoCAdaptation/exploit/pending/CVE-2019-20444[0m
[92m[Main] Total affected versions: 131[0m
[92m[Main] Already reproduced versions: 60[0m
[93m[Main] Versions pending adaptation: 71[0m
[96m[Main]     -> ['4.0.0.Beta1', '4.0.0.Beta2', '4.0.0.Beta3', '4.0.0.CR1', '4.0.0.CR2', '4.0.0.CR3', '4.0.0.CR4', '4.0.0.CR5', '4.0.0.CR6', '4.0.0.CR7', '4.0.0.CR8', '4.0.0.CR9', '4.0.0.Final', '4.0.1.Final', '4.0.2.Final', '4.0.3.Final', '4.0.4.Final', '4.0.5.Final', '4.0.6.Final', '4.0.7.Final', '4.0.8.Final', '4.0.9.Final', '4.0.10.Final', '4.0.11.Final', '4.0.12.Final', '4.0.13.Final', '4.0.14.Beta1', '4.0.14.Final', '4.0.15.Final', '4.0.16.Final', '4.0.17.Final', '4.0.18.Final', '4.0.19.Final', '4.0.20.Final', '4.0.21.Final', '4.0.22.Final', '4.0.23.Final', '4.0.24.Final', '4.0.25.Final', '4.0.26.Final', '4.0.27.Final', '4.0.28.Final', '4.0.29.Final', '4.0.30.Final', '4.0.31.Final', '4.0.32.Final', '4.0.33.Final', '4.0.34.Final', '4.0.35.Final', '4.0.36.Final', '4.0.37.Final', '4.0.38.Final', '4.0.39.Final', '4.0.40.Final', '4.0.41.Final', '4.0.42.Final', '4.0.43.Final', '4.0.44.Final', '4.0.45.Final', '4.0.46.Final', '4.0.47.Final', '4.0.48.Final', '4.0.49.Final', '4.0.50.Final', '4.0.51.Final', '4.0.52.Final', '4.0.53.Final', '4.0.54.Final', '4.0.55.Final', '4.0.56.Final', '5.0.0.Alpha1'][0m
[96m[Main]     -> ['4.1.0.Beta1', '4.1.0.Beta2', '4.1.0.Beta3', '4.1.0.Beta4', '4.1.0.Beta5', '4.1.0.Beta6', '4.1.0.Beta7', '4.1.0.Beta8', '4.1.0.CR1', '4.1.0.CR2', '4.1.0.CR3', '4.1.0.CR4', '4.1.0.CR5', '4.1.0.CR6', '4.1.0.CR7', '4.1.0.Final', '4.1.1.Final', '4.1.2.Final', '4.1.3.Final', '4.1.4.Final', '4.1.5.Final', '4.1.6.Final', '4.1.7.Final', '4.1.8.Final', '4.1.9.Final', '4.1.10.Final', '4.1.11.Final', '4.1.12.Final', '4.1.13.Final', '4.1.14.Final', '4.1.15.Final', '4.1.16.Final', '4.1.17.Final', '4.1.18.Final', '4.1.19.Final', '4.1.20.Final', '4.1.21.Final', '4.1.22.Final', '4.1.23.Final', '4.1.24.Final', '4.1.25.Final', '4.1.26.Final', '4.1.27.Final', '4.1.28.Final', '4.1.29.Final', '4.1.30.Final', '4.1.31.Final', '4.1.32.Final', '4.1.33.Final', '4.1.34.Final', '4.1.35.Final', '4.1.36.Final', '4.1.37.Final', '4.1.38.Final', '4.1.39.Final', '4.1.40.Final', '4.1.41.Final', '4.1.42.Final', '4.1.43.Final', '5.0.0.Alpha2'][0m
[96m[Executor] Running initial exploit mvn test in /PoCAdaptation/exploit/origin/CVE-2019-20444/exploit[0m
[91m[Executor] Initial exploit execution finished with return code 1[0m
[96m[Verifier] Verifying reproduction...[0m
[92m[Verifier] âœ“ Behavior matched: 'java.lang.AssertionError'[0m
[92m[Verifier] âœ“ Detail matched: 'org.junit.Assert.fail'[0m
[92m[Verifier] âœ“ All reproduction indicators matched.[0m
[92m[Verifier] Initial exploit behavior verified successfully.[0m
[96m[Selector] Nearest need adapatation version selected: 4.0.56.Final[0m
[96m[Selector] Closest reproduced version: 4.1.0.Beta1 at index 78[0m
[96m[Adapter] Trying next closest version: 4.0.56.Final[0m
[96m[Preparer] Using closest existing exploit version: /PoCAdaptation/exploit/valid/CVE-2019-20444/4.0.0.CR3/exploit[0m
[92m[Preparer] Copied exploit to: /PoCAdaptation/exploit/pending/CVE-2019-20444/4.0.56.Final/exploit[0m
[96m[Preparer] Updating dependency version to 4.0.56.Final in /PoCAdaptation/exploit/pending/CVE-2019-20444/4.0.56.Final/exploit/pom.xml[0m
[92m[Preparer] Updated dependency version to 4.0.56.Final in /PoCAdaptation/exploit/pending/CVE-2019-20444/4.0.56.Final/exploit/pom.xml[0m
[96m[Executor] Attempting direct exploit execution on 4.0.56.Final...[0m
[96m[Executor] Executing exploit for CVE-2019-20444 on version 4.0.56.Final...[0m
[96m[Verifier] Verifying reproduction...[0m
[91m[Verifier] âœ— Behavior not found: 'java.lang.AssertionError'[0m
[91m[Executor] Reproduction result: Failure[0m
[96m[Adapter] Attempting adaptation from base version 4.1.0.Beta1 to 4.0.56.Final...[0m
[96m[Adapter] Start adapting exploit from 4.1.0.Beta1 to 4.0.56.Final"[0m
[96m[Executor] Executing exploit for CVE-2019-20444 on version 4.0.56.Final...[0m
[96m[Verifier] Verifying reproduction...[0m
[91m[Verifier] âœ— Behavior not found: 'java.lang.AssertionError'[0m
[91m[Executor] Reproduction result: Failure[0m
[96m[ErrorManager] Ignoring line: [ERROR] Failed to execute goal org.apache.maven.plugins:maven-compiler-plugin:3.1:testCompile (default-testCompile) on project CVE-2019-20444: Compilation failure: Compilation failure:[0m
[92m[ErrorManager] Processing line: [ERROR] /PoCAdaptation/exploit/result/CVE-2019-20444/4.0.56.Final/exploit/src/test/java/edu/vision/se/Testcase1.java:[4,33] cannot find symbol[0m
[92m[ErrorManager] Processing line: [ERROR]   symbol:   class EmbeddedByteChannel[0m
[92m[ErrorManager] Processing line: [ERROR]   location: package io.netty.channel.embedded[0m
[92m[ErrorManager] Processing line: [ERROR] /PoCAdaptation/exploit/result/CVE-2019-20444/4.0.56.Final/exploit/src/test/java/edu/vision/se/Testcase1.java:[17,9] cannot find symbol[0m
[92m[ErrorManager] Processing line: [ERROR]   symbol:   class EmbeddedByteChannel[0m
[92m[ErrorManager] Processing line: [ERROR]   location: class edu.vision.se.Testcase1[0m
[92m[ErrorManager] Processing line: [ERROR] /PoCAdaptation/exploit/result/CVE-2019-20444/4.0.56.Final/exploit/src/test/java/edu/vision/se/Testcase1.java:[17,43] cannot find symbol[0m
[92m[ErrorManager] Processing line: [ERROR]   symbol:   class EmbeddedByteChannel[0m
[92m[ErrorManager] Processing line: [ERROR]   location: class edu.vision.se.Testcase1[0m
[96m[ErrorManager] Ignoring line: [ERROR] -> [Help 1][0m
[96m[ErrorManager] Ignoring line: [ERROR][0m
[96m[ErrorManager] Ignoring line: [ERROR] To see the full stack trace of the errors, re-run Maven with the -e switch.[0m
[96m[ErrorManager] Ignoring line: [ERROR] Re-run Maven using the -X switch to enable full debug logging.[0m
[96m[ErrorManager] Ignoring line: [ERROR][0m
[96m[ErrorManager] Ignoring line: [ERROR] For more information about the errors and possible solutions, please read the following articles:[0m
[96m[ErrorManager] Ignoring line: [ERROR] [Help 1] http://cwiki.apache.org/confluence/display/MAVEN/MojoFailureException[0m
[96m[Adapter] Locating fix position in error log.[0m
[LLMClient] Tokens used: 1697 (prompt), 1 (completion), 1698 (total)
[LLMClient] Prompt: 
You are given a Java error log when executing 'mvn test' in a project with dependency version 4.0.56.Final:io.netty:netty-codec-http.
This test file compiles and runs successfully with version 4.1.0.Beta1.

Your task is to:
1. Analyze why this issue occurs with the *4.1.0.Beta1* but not with the *4.0.56.Final version*.
2. Consider how to resolve the issue **without updating this library**.
3. Determine and output the location in the project that should be modified to fix the problem.

Please return 'pom' if the fix is in the pom.xml file, or 'test' if the fix is in the test code.
Do not return any other text, just 'pom' or 'test'.

The error log is:
[INFO] Scanning for projects...
[INFO] 
[INFO] --------------------< edu.vision.se:CVE-2019-20444 >--------------------
[INFO] Building netty-codec-http CVE-2019-20444 1.0-SNAPSHOT
[INFO]   from pom.xml
[INFO] --------------------------------[ jar ]---------------------------------
[INFO] 
[INFO] --- maven-clean-plugin:2.5:clean (default-clean) @ CVE-2019-20444 ---
[INFO] Deleting /PoCAdaptation/exploit/result/CVE-2019-20444/4.0.56.Final/exploit/target
[INFO] 
[INFO] --- maven-resources-plugin:2.6:resources (default-resources) @ CVE-2019-20444 ---
[INFO] Using 'UTF-8' encoding to copy filtered resources.
[INFO] skip non existing resourceDirectory /PoCAdaptation/exploit/result/CVE-2019-20444/4.0.56.Final/exploit/src/main/resources
[INFO] 
[INFO] --- maven-compiler-plugin:3.1:compile (default-compile) @ CVE-2019-20444 ---
[INFO] No sources to compile
[INFO] 
[INFO] --- maven-resources-plugin:2.6:testResources (default-testResources) @ CVE-2019-20444 ---
[INFO] Using 'UTF-8' encoding to copy filtered resources.
[INFO] skip non existing resourceDirectory /PoCAdaptation/exploit/result/CVE-2019-20444/4.0.56.Final/exploit/src/test/resources
[INFO] 
[INFO] --- maven-compiler-plugin:3.1:testCompile (default-testCompile) @ CVE-2019-20444 ---
[INFO] Changes detected - recompiling the module!
[INFO] Compiling 1 source file to /PoCAdaptation/exploit/result/CVE-2019-20444/4.0.56.Final/exploit/target/test-classes
[INFO] -------------------------------------------------------------
[ERROR] COMPILATION ERROR : 
[INFO] -------------------------------------------------------------
[ERROR] /PoCAdaptation/exploit/result/CVE-2019-20444/4.0.56.Final/exploit/src/test/java/edu/vision/se/Testcase1.java:[4,33] cannot find symbol
  symbol:   class EmbeddedByteChannel
  location: package io.netty.channel.embedded
[ERROR] /PoCAdaptation/exploit/result/CVE-2019-20444/4.0.56.Final/exploit/src/test/java/edu/vision/se/Testcase1.java:[17,9] cannot find symbol
  symbol:   class EmbeddedByteChannel
  location: class edu.vision.se.Testcase1
[ERROR] /PoCAdaptation/exploit/result/CVE-2019-20444/4.0.56.Final/exploit/src/test/java/edu/vision/se/Testcase1.java:[17,43] cannot find symbol
  symbol:   class EmbeddedByteChannel
  location: class edu.vision.se.Testcase1
[INFO] 3 errors 
[INFO] -------------------------------------------------------------
[INFO] ------------------------------------------------------------------------
[INFO] BUILD FAILURE
[INFO] ------------------------------------------------------------------------
[INFO] Total time:  0.983 s
[INFO] Finished at: 2025-07-13T13:06:09Z
[INFO] ------------------------------------------------------------------------
[ERROR] Failed to execute goal org.apache.maven.plugins:maven-compiler-plugin:3.1:testCompile (default-testCompile) on project CVE-2019-20444: Compilation failure: Compilation failure: 
[ERROR] /PoCAdaptation/exploit/result/CVE-2019-20444/4.0.56.Final/exploit/src/test/java/edu/vision/se/Testcase1.java:[4,33] cannot find symbol
[ERROR]   symbol:   class EmbeddedByteChannel
[ERROR]   location: package io.netty.channel.embedded
[ERROR] /PoCAdaptation/exploit/result/CVE-2019-20444/4.0.56.Final/exploit/src/test/java/edu/vision/se/Testcase1.java:[17,9] cannot find symbol
[ERROR]   symbol:   class EmbeddedByteChannel
[ERROR]   location: class edu.vision.se.Testcase1
[ERROR] /PoCAdaptation/exploit/result/CVE-2019-20444/4.0.56.Final/exploit/src/test/java/edu/vision/se/Testcase1.java:[17,43] cannot find symbol
[ERROR]   symbol:   class EmbeddedByteChannel
[ERROR]   location: class edu.vision.se.Testcase1
[ERROR] -> [Help 1]
[ERROR] 
[ERROR] To see the full stack trace of the errors, re-run Maven with the -e switch.
[ERROR] Re-run Maven using the -X switch to enable full debug logging.
[ERROR] 
[ERROR] For more information about the errors and possible solutions, please read the following articles:
[ERROR] [Help 1] http://cwiki.apache.org/confluence/display/MAVEN/MojoFailureException


current_pom file is:<?xml version='1.0' encoding='utf-8'?>
<project xmlns="http://maven.apache.org/POM/4.0.0" xmlns:xsi="http://www.w3.org/2001/XMLSchema-instance" xsi:schemaLocation="http://maven.apache.org/POM/4.0.0 https://maven.apache.org/xsd/maven-4.0.0.xsd">
  <groupId>edu.vision.se</groupId><version>1.0-SNAPSHOT</version><modelVersion>4.0.0</modelVersion>
  <artifactId>CVE-2019-20444</artifactId>
  <name>netty-codec-http CVE-2019-20444</name>
  <properties>
    <maven.compiler.target>11</maven.compiler.target>
    <maven.compiler.source>11</maven.compiler.source>
    <project.build.sourceEncoding>UTF-8</project.build.sourceEncoding>
  </properties>
  <dependencies>
    <dependency>
      <groupId>io.netty</groupId>
      <artifactId>netty-codec-http</artifactId>
      <version>4.0.56.Final</version>
    </dependency>
  <dependency><groupId>junit</groupId><artifactId>junit</artifactId><version>4.13.2</version></dependency>
  
  </dependencies>
</project>
[LLMClient] Response: 
test
[96m[Adapter] LLM response for fix position: test[0m
[LLMClient] Tokens used: 147 (prompt), 17 (completion), 164 (total)
[LLMClient] Prompt: 
You are given an error log when executing 'mvn test' in version 4.0.56.Final: 

Error: cannot find symbol, class EmbeddedByteChannel, package io.netty.channel.embedded 

The test executes as expected in 4.1.0.Beta1 

Error code: import io.netty.channel.embedded.EmbeddedByteChannel; 

Extract two key *entities* from the error for searching related diffs 

The extracted entities should reflect code-level identifiers that are likely to appear in source code or diffs. 

Output each node as a `;`-separated list, with no explanations. 


[LLMClient] Response: 
io.netty.channel.embedded.EmbeddedByteChannel;EmbeddedByteChannel
[96m[ErrorManager] Extracted key entities: ['io.netty.channel.embedded.EmbeddedByteChannel', 'EmbeddedByteChannel'][0m
[96m[Adapter] Try to solve error: {'file': '/PoCAdaptation/exploit/result/CVE-2019-20444/4.0.56.Final/exploit/src/test/java/edu/vision/se/Testcase1.java', 'line': 4, 'column': 33, 'message': 'cannot find symbol', 'symbol': 'class EmbeddedByteChannel', 'location': 'package io.netty.channel.embedded', 'code_line': 'import io.netty.channel.embedded.EmbeddedByteChannel;'} with cause: ['io.netty.channel.embedded.EmbeddedByteChannel', 'EmbeddedByteChannel'][0m
[LLMClient] Tokens used: 181 (prompt), 17 (completion), 198 (total)
[LLMClient] Prompt: 
You are given an error log when executing 'mvn test' in version 4.0.56.Final: 

Error: cannot find symbol, class EmbeddedByteChannel, package io.netty.channel.embedded 

The test executes as expected in 4.1.0.Beta1 

Error code: import io.netty.channel.embedded.EmbeddedByteChannel; 

Extract two key *entities* from the error for searching related diffs 

The extracted entities should reflect code-level identifiers that are likely to appear in source code or diffs. 

Current cause: ['io.netty.channel.embedded.EmbeddedByteChannel', 'EmbeddedByteChannel'] 

 failed to catch, try simpler or other entities.

Output each node as a `;`-separated list, with no explanations. 


[LLMClient] Response: 
io.netty.channel.embedded.EmbeddedByteChannel;EmbeddedByteChannel
[96m[ErrorManager] Extracted key entities: ['io.netty.channel.embedded.EmbeddedByteChannel', 'EmbeddedByteChannel'][0m
[96m[Adapter] Related diffs for error: [(9, 1.0), (10, 1.0), (11, 1.0), (12, 1.0), (13, 1.0)][0m
[96m[Adapter] Fix position is in test code.[0m
[96m[RepairModule] Start repair for group: cannot find symbol | class EmbeddedByteChannel cause: ['io.netty.channel.embedded.EmbeddedByteChannel', 'EmbeddedByteChannel'][0m
[96m[RepairModule] Trying best diff #9 with score 1.00[0m
[96m[RepairModule] Found 10 diff combinations for annealing.[0m
[96m[RepairModule] Iteration 1, temperature 1.000: Trying diff #(9, 11) with score 1.00[0m
[LLMClient] Tokens used: 732 (prompt), 273 (completion), 1005 (total)
[LLMClient] Prompt: 
You are given a Java test file with compilation errors in version 4.0.56.Final:io.netty:netty-codec-http.
This test file compiles and runs successfully in 4.1.0.Beta1.

The diff is related to the diff.
Your task has three steps:
 1. Locate the code where the compilation error occurs.
 2. Analyze the diff from 4.1.0.Beta1 to 4.0.56.Final.
 3. Fix the error in the error position only when diff is helpful. Add import statement when needed according to the diff. 

Only output the modified version of the test file according to the diff. No explanations. If mocking, access fields via reflection if they exist.
### Compilation Errors:
message: cannot find symbol, symble: class EmbeddedByteChannel, location: package io.netty.channel.embedded

### Error Position:
import io.netty.channel.embedded.EmbeddedByteChannel;

### Related Diff:
Operation: MODIFIED, File: all/pom.xml, Hunk: @@ -20,7 +20,7 @@
   <parent>
     <groupId>io.netty</groupId>
     <artifactId>netty-parent</artifactId>
+    <version>4.0.16.Final-SNAPSHOT</version>
-    <version>4.1.0.Beta1</version>
   </parent>

   <artifactId>netty-all</artifactId>
Operation: MODIFIED, File: all/pom.xml, Hunk: @@ -41,18 +41,6 @@
         <quickbuild>false</quickbuild>
       </properties>
     </profile>
+    <profile>
+      <id>sonatype-oss-release</id>
+      <properties>
+        <quickbuild>false</quickbuild>
+      </properties>
+    </profile>
+    <profile>
+      <id>release</id>
+      <properties>
+        <quickbuild>false</quickbuild>
+      </properties>
+    </profile>
     <profile>
       <id>coverage</id>
       <build>

### Test File Content:
package edu.vision.se;

import io.netty.buffer.Unpooled;
import io.netty.channel.embedded.EmbeddedByteChannel;
import io.netty.handler.codec.http.HttpRequest;
import io.netty.handler.codec.http.HttpRequestDecoder;
import io.netty.util.CharsetUtil;
import org.junit.Test;

import static org.junit.Assert.assertFalse;
import static org.junit.Assert.assertTrue;

public class Testcase1 {

    @Test(timeout = 60000)
    public void testHeaderWithNoValueAndMissingColon() {
        EmbeddedByteChannel channel = new EmbeddedByteChannel(new HttpRequestDecoder());
        String requestStr = "GET /some/path HTTP/1.1\r\n" +
                "Content-Length: 0\r\n" +
                "Host:\r\n" +
                "netty.io\r\n\r\n";
        assertTrue(channel.writeInbound(Unpooled.copiedBuffer(requestStr, CharsetUtil.US_ASCII)));
        HttpRequest request = (HttpRequest) channel.readInbound();
        assertTrue(request.getDecoderResult().isFailure());
        assertTrue(request.getDecoderResult().cause() instanceof IllegalArgumentException);
        assertFalse(channel.finish());
    }
}



[LLMClient] Response: 
Here's the modified version of the test file according to the diff:

```java
package edu.vision.se;

import io.netty.buffer.Unpooled;
import io.netty.channel.embedded.EmbeddedChannel;
import io.netty.handler.codec.http.HttpRequest;
import io.netty.handler.codec.http.HttpRequestDecoder;
import io.netty.util.CharsetUtil;
import org.junit.Test;

import static org.junit.Assert.assertFalse;
import static org.junit.Assert.assertTrue;

public class Testcase1 {

    @Test(timeout = 60000)
    public void testHeaderWithNoValueAndMissingColon() {
        EmbeddedChannel channel = new EmbeddedChannel(new HttpRequestDecoder());
        String requestStr = "GET /some/path HTTP/1.1\r\n" +
                "Content-Length: 0\r\n" +
                "Host:\r\n" +
                "netty.io\r\n\r\n";
        assertTrue(channel.writeInbound(Unpooled.copiedBuffer(requestStr, CharsetUtil.US_ASCII)));
        HttpRequest request = (HttpRequest) channel.readInbound();
        assertTrue(request.getDecoderResult().isFailure());
        assertTrue(request.getDecoderResult().cause() instanceof IllegalArgumentException);
        assertFalse(channel.finish());
    }
}
```
[96m[RepairModule] Wrote modified code to /PoCAdaptation/exploit/result/CVE-2019-20444/4.0.56.Final/exploit/src/test/java/edu/vision/se/Testcase1.java[0m
[96m[Executor] Executing exploit for CVE-2019-20444 on version 4.0.56.Final...[0m
[96m[Verifier] Verifying reproduction...[0m
[92m[Verifier] âœ“ Behavior matched: 'java.lang.AssertionError'[0m
[92m[Verifier] âœ“ Detail matched: 'org.junit.Assert.fail'[0m
[92m[Verifier] âœ“ All reproduction indicators matched.[0m
[92m[Executor] Reproduction result: Success[0m
[92m[RepairModule] Repair success![0m
[92m[RepairModule] Repair success with diff #(9, 11) at iteration 1![0m
[96m[Adapter] Test code repair attempted.[0m
[96m[Executor] Executing exploit for CVE-2019-20444 on version 4.0.56.Final...[0m
[96m[Verifier] Verifying reproduction...[0m
[92m[Verifier] âœ“ Behavior matched: 'java.lang.AssertionError'[0m
[92m[Verifier] âœ“ Detail matched: 'org.junit.Assert.fail'[0m
[92m[Verifier] âœ“ All reproduction indicators matched.[0m
[92m[Executor] Reproduction result: Success[0m
[92m[Adapter] Adaptation from 4.1.0.Beta1 to 4.0.56.Final successful.[0m
[Adapt] âœ“ Completed: True
[96m[Adapter] Adaptation complete. Retesting exploit on 4.0.56.Final...[0m
[92m[Executor] Adaptation + reproduction successful on 4.0.56.Final[0m
[96m[Adapter] Copied successful adaptation to /PoCAdaptation/exploit/valid/CVE-2019-20444/4.0.56.Final[0m

[Executor] â–¶ Summary of return codes:
  - Version 4.0.56.Final: âœ“ Success (exit code 0)
  - Version 4.0.0.CR3: âœ“ Success (exit code 0)
  - Version 5.0.0.Alpha1: âœ“ Success (exit code 0)
