Running main_process.py for CVE: CVE-2022-25867
Versions: 0.9.0

[1m[Main] === Starting adaptation process for CVE-2022-25867 ===[0m
[96m[Processor] Fetching all available Maven versions...[0m
[96m[Analyzer] Loading cached versions from: /PoCAdaptation/library/io_socket_socket.io-client.txt[0m
[96m[Analyzer] io.socket:socket.io-client has 17 versions (cached).[0m
[96m[Processor] Identifying versions with successful reproduction...[0m
[96m[Processor] Pending versions: ['0.6.1', '0.6.2', '0.6.3', '0.7.0', '0.8.0', '0.8.1', '0.8.2', '0.8.3', '0.9.0'][0m
[96m[Preparer] Pending directory already exists: /PoCAdaptation/exploit/pending/CVE-2022-25867[0m
[92m[Main] Total affected versions: 12[0m
[92m[Main] Already reproduced versions: 3[0m
[93m[Main] Versions pending adaptation: 9[0m
[96m[Main]     -> ['0.6.1', '0.6.2', '0.6.3', '0.7.0', '0.8.0', '0.8.1', '0.8.2', '0.8.3', '0.9.0'][0m
[96m[Main]     -> ['1.0.0', '1.0.1', '2.0.0'][0m
[96m[Executor] Running initial exploit mvn test in /PoCAdaptation/exploit/origin/CVE-2022-25867/exploit[0m
[91m[Executor] Initial exploit execution finished with return code 1[0m
[96m[Verifier] Verifying reproduction...[0m
[92m[Verifier] ‚úì Behavior matched: 'java.lang.AssertionError'[0m
[92m[Verifier] ‚úì Detail matched: 'org.junit.Assert.fail'[0m
[92m[Verifier] ‚úì All reproduction indicators matched.[0m
[92m[Verifier] Initial exploit behavior verified successfully.[0m
[96m[Selector] Nearest need adapatation version selected: 0.9.0[0m
[96m[Selector] Closest reproduced version: 1.0.0 at index 9[0m
[96m[Adapter] Trying next closest version: 0.9.0[0m
[93m[Preparer] No usable exploit dirs found under /PoCAdaptation/exploit/valid/CVE-2022-25867[0m
[92m[Preparer] Copied exploit to: /PoCAdaptation/exploit/pending/CVE-2022-25867/0.9.0/exploit[0m
[96m[Preparer] Updating dependency version to 0.9.0 in /PoCAdaptation/exploit/pending/CVE-2022-25867/0.9.0/exploit/pom.xml[0m
[92m[Preparer] Updated dependency version to 0.9.0 in /PoCAdaptation/exploit/pending/CVE-2022-25867/0.9.0/exploit/pom.xml[0m
[96m[Executor] Attempting direct exploit execution on 0.9.0...[0m
[96m[Executor] Executing exploit for CVE-2022-25867 on version 0.9.0...[0m
[96m[Verifier] Verifying reproduction...[0m
[91m[Verifier] ‚úó Behavior not found: 'java.lang.AssertionError'[0m
[91m[Executor] Reproduction result: Failure[0m
[96m[Adapter] Attempting adaptation from base version 1.0.0 to 0.9.0...[0m
[96m[Adapter] Start adapting exploit from 1.0.0 to 0.9.0"[0m
[96m[Executor] Executing exploit for CVE-2022-25867 on version 0.9.0...[0m
[96m[Verifier] Verifying reproduction...[0m
[91m[Verifier] ‚úó Behavior not found: 'java.lang.AssertionError'[0m
[91m[Executor] Reproduction result: Failure[0m
[96m[ErrorManager] Ignoring line: [ERROR] Failed to execute goal org.apache.maven.plugins:maven-compiler-plugin:3.1:testCompile (default-testCompile) on project CVE-2022-25867: Compilation failure: Compilation failure:[0m
[92m[ErrorManager] Processing line: [ERROR] /PoCAdaptation/exploit/result/CVE-2022-25867/0.9.0/exploit/src/test/java/edu/vision/se/Testcase1.java:[15,24] cannot find symbol[0m
[92m[ErrorManager] Processing line: [ERROR]   symbol:   class IOParser[0m
[92m[ErrorManager] Processing line: [ERROR]   location: package io.socket.parser[0m
[92m[ErrorManager] Processing line: [ERROR] /PoCAdaptation/exploit/result/CVE-2022-25867/0.9.0/exploit/src/test/java/edu/vision/se/Testcase1.java:[31,61] package IOParser does not exist[0m
[92m[ErrorManager] Processing line: [ERROR] /PoCAdaptation/exploit/result/CVE-2022-25867/0.9.0/exploit/src/test/java/edu/vision/se/Testcase1.java:[37,58] package IOParser does not exist[0m
[92m[ErrorManager] Processing line: [ERROR] /PoCAdaptation/exploit/result/CVE-2022-25867/0.9.0/exploit/src/test/java/edu/vision/se/Testcase1.java:[38,57] cannot find symbol[0m
[92m[ErrorManager] Processing line: [ERROR]   symbol:   class Callback[0m
[92m[ErrorManager] Processing line: [ERROR]   location: class io.socket.parser.Parser.Decoder[0m
[92m[ErrorManager] Processing line: [ERROR] /PoCAdaptation/exploit/result/CVE-2022-25867/0.9.0/exploit/src/test/java/edu/vision/se/Testcase1.java:[39,25] method does not override or implement a method from a supertype[0m
[92m[ErrorManager] Processing line: [ERROR] /PoCAdaptation/exploit/result/CVE-2022-25867/0.9.0/exploit/src/test/java/edu/vision/se/Testcase1.java:[50,50] package IOParser does not exist[0m
[92m[ErrorManager] Processing line: [ERROR] /PoCAdaptation/exploit/result/CVE-2022-25867/0.9.0/exploit/src/test/java/edu/vision/se/Testcase1.java:[65,58] package IOParser does not exist[0m
[92m[ErrorManager] Processing line: [ERROR] /PoCAdaptation/exploit/result/CVE-2022-25867/0.9.0/exploit/src/test/java/edu/vision/se/Testcase1.java:[66,57] cannot find symbol[0m
[92m[ErrorManager] Processing line: [ERROR]   symbol:   class Callback[0m
[92m[ErrorManager] Processing line: [ERROR]   location: class io.socket.parser.Parser.Decoder[0m
[92m[ErrorManager] Processing line: [ERROR] /PoCAdaptation/exploit/result/CVE-2022-25867/0.9.0/exploit/src/test/java/edu/vision/se/Testcase1.java:[67,25] method does not override or implement a method from a supertype[0m
[96m[ErrorManager] Ignoring line: [ERROR] -> [Help 1][0m
[96m[ErrorManager] Ignoring line: [ERROR][0m
[96m[ErrorManager] Ignoring line: [ERROR] To see the full stack trace of the errors, re-run Maven with the -e switch.[0m
[96m[ErrorManager] Ignoring line: [ERROR] Re-run Maven using the -X switch to enable full debug logging.[0m
[96m[ErrorManager] Ignoring line: [ERROR][0m
[96m[ErrorManager] Ignoring line: [ERROR] For more information about the errors and possible solutions, please read the following articles:[0m
[96m[ErrorManager] Ignoring line: [ERROR] [Help 1] http://cwiki.apache.org/confluence/display/MAVEN/MojoFailureException[0m
[96m[Adapter] Locating fix position in error log.[0m
[LLMClient] Tokens used: 3673 (prompt), 1 (completion), 3674 (total)
[LLMClient] Prompt: 
You are given a Java error log when executing 'mvn test' in a project with dependency version 0.9.0:io.socket:socket.io-client.
This test file compiles and runs successfully with version 1.0.0.

Your task is to:
1. Analyze why this issue occurs with the *1.0.0* but not with the *0.9.0 version*.
2. Consider how to resolve the issue **without updating this library**.
3. Determine and output the location in the project that should be modified to fix the problem.

Please return 'pom' if the fix is in the pom.xml file, or 'test' if the fix is in the test code.
Do not return any other text, just 'pom' or 'test'.

The error log is:
[INFO] Scanning for projects...
[WARNING] 
[WARNING] Some problems were encountered while building the effective model for edu.vision.se:CVE-2022-25867:jar:1.0-SNAPSHOT
[WARNING] 'dependencies.dependency.(groupId:artifactId:type:classifier)' must be unique: junit:junit:jar -> duplicate declaration of version 4.13.2 @ line 32, column 121
[WARNING] 'dependencies.dependency.(groupId:artifactId:type:classifier)' must be unique: junit:junit:jar -> duplicate declaration of version 4.13.2 @ line 32, column 225
[WARNING] 'dependencies.dependency.(groupId:artifactId:type:classifier)' must be unique: junit:junit:jar -> duplicate declaration of version 4.13.2 @ line 32, column 329
[WARNING] 'dependencies.dependency.(groupId:artifactId:type:classifier)' must be unique: junit:junit:jar -> duplicate declaration of version 4.13.2 @ line 32, column 433
[WARNING] 'dependencies.dependency.(groupId:artifactId:type:classifier)' must be unique: junit:junit:jar -> duplicate declaration of version 4.13.2 @ line 32, column 537
[WARNING] 'dependencies.dependency.(groupId:artifactId:type:classifier)' must be unique: junit:junit:jar -> duplicate declaration of version 4.13.2 @ line 32, column 641
[WARNING] 'dependencies.dependency.(groupId:artifactId:type:classifier)' must be unique: junit:junit:jar -> duplicate declaration of version 4.13.2 @ line 32, column 745
[WARNING] 'dependencies.dependency.(groupId:artifactId:type:classifier)' must be unique: junit:junit:jar -> duplicate declaration of version 4.13.2 @ line 32, column 849
[WARNING] 'dependencies.dependency.(groupId:artifactId:type:classifier)' must be unique: junit:junit:jar -> duplicate declaration of version 4.13.2 @ line 32, column 953
[WARNING] 'dependencies.dependency.(groupId:artifactId:type:classifier)' must be unique: junit:junit:jar -> duplicate declaration of version 4.13.2 @ line 32, column 1057
[WARNING] 'dependencies.dependency.(groupId:artifactId:type:classifier)' must be unique: junit:junit:jar -> duplicate declaration of version 4.13.2 @ line 32, column 1161
[WARNING] 'dependencies.dependency.(groupId:artifactId:type:classifier)' must be unique: junit:junit:jar -> duplicate declaration of version 4.13.2 @ line 32, column 1265
[WARNING] 
[WARNING] It is highly recommended to fix these problems because they threaten the stability of your build.
[WARNING] 
[WARNING] For this reason, future Maven versions might no longer support building such malformed projects.
[WARNING] 
[INFO] 
[INFO] --------------------< edu.vision.se:CVE-2022-25867 >--------------------
[INFO] Building CVE-2022-25867 1.0-SNAPSHOT
[INFO]   from pom.xml
[INFO] --------------------------------[ jar ]---------------------------------
[INFO] 
[INFO] --- maven-clean-plugin:2.5:clean (default-clean) @ CVE-2022-25867 ---
[INFO] Deleting /PoCAdaptation/exploit/result/CVE-2022-25867/0.9.0/exploit/target
[INFO] 
[INFO] --- maven-resources-plugin:2.6:resources (default-resources) @ CVE-2022-25867 ---
[WARNING] Using platform encoding (UTF-8 actually) to copy filtered resources, i.e. build is platform dependent!
[INFO] skip non existing resourceDirectory /PoCAdaptation/exploit/result/CVE-2022-25867/0.9.0/exploit/src/main/resources
[INFO] 
[INFO] --- maven-compiler-plugin:3.1:compile (default-compile) @ CVE-2022-25867 ---
[INFO] No sources to compile
[INFO] 
[INFO] --- maven-resources-plugin:2.6:testResources (default-testResources) @ CVE-2022-25867 ---
[WARNING] Using platform encoding (UTF-8 actually) to copy filtered resources, i.e. build is platform dependent!
[INFO] skip non existing resourceDirectory /PoCAdaptation/exploit/result/CVE-2022-25867/0.9.0/exploit/src/test/resources
[INFO] 
[INFO] --- maven-compiler-plugin:3.1:testCompile (default-testCompile) @ CVE-2022-25867 ---
[INFO] Changes detected - recompiling the module!
[WARNING] File encoding has not been set, using platform encoding UTF-8, i.e. build is platform dependent!
[INFO] Compiling 1 source file to /PoCAdaptation/exploit/result/CVE-2022-25867/0.9.0/exploit/target/test-classes
[INFO] -------------------------------------------------------------
[WARNING] COMPILATION WARNING : 
[INFO] -------------------------------------------------------------
[WARNING] /PoCAdaptation/exploit/result/CVE-2022-25867/0.9.0/exploit/src/test/java/edu/vision/se/Testcase1.java: /PoCAdaptation/exploit/result/CVE-2022-25867/0.9.0/exploit/src/test/java/edu/vision/se/Testcase1.java uses or overrides a deprecated API.
[WARNING] /PoCAdaptation/exploit/result/CVE-2022-25867/0.9.0/exploit/src/test/java/edu/vision/se/Testcase1.java: Recompile with -Xlint:deprecation for details.
[INFO] 2 warnings 
[INFO] -------------------------------------------------------------
[INFO] -------------------------------------------------------------
[ERROR] COMPILATION ERROR : 
[INFO] -------------------------------------------------------------
[ERROR] /PoCAdaptation/exploit/result/CVE-2022-25867/0.9.0/exploit/src/test/java/edu/vision/se/Testcase1.java:[15,24] cannot find symbol
  symbol:   class IOParser
  location: package io.socket.parser
[ERROR] /PoCAdaptation/exploit/result/CVE-2022-25867/0.9.0/exploit/src/test/java/edu/vision/se/Testcase1.java:[31,61] package IOParser does not exist
[ERROR] /PoCAdaptation/exploit/result/CVE-2022-25867/0.9.0/exploit/src/test/java/edu/vision/se/Testcase1.java:[37,58] package IOParser does not exist
[ERROR] /PoCAdaptation/exploit/result/CVE-2022-25867/0.9.0/exploit/src/test/java/edu/vision/se/Testcase1.java:[38,57] cannot find symbol
  symbol:   class Callback
  location: class io.socket.parser.Parser.Decoder
[ERROR] /PoCAdaptation/exploit/result/CVE-2022-25867/0.9.0/exploit/src/test/java/edu/vision/se/Testcase1.java:[39,25] method does not override or implement a method from a supertype
[ERROR] /PoCAdaptation/exploit/result/CVE-2022-25867/0.9.0/exploit/src/test/java/edu/vision/se/Testcase1.java:[50,50] package IOParser does not exist
[ERROR] /PoCAdaptation/exploit/result/CVE-2022-25867/0.9.0/exploit/src/test/java/edu/vision/se/Testcase1.java:[65,58] package IOParser does not exist
[ERROR] /PoCAdaptation/exploit/result/CVE-2022-25867/0.9.0/exploit/src/test/java/edu/vision/se/Testcase1.java:[66,57] cannot find symbol
  symbol:   class Callback
  location: class io.socket.parser.Parser.Decoder
[ERROR] /PoCAdaptation/exploit/result/CVE-2022-25867/0.9.0/exploit/src/test/java/edu/vision/se/Testcase1.java:[67,25] method does not override or implement a method from a supertype
[INFO] 9 errors 
[INFO] -------------------------------------------------------------
[INFO] ------------------------------------------------------------------------
[INFO] BUILD FAILURE
[INFO] ------------------------------------------------------------------------
[INFO] Total time:  1.120 s
[INFO] Finished at: 2025-07-13T14:14:10Z
[INFO] ------------------------------------------------------------------------
[ERROR] Failed to execute goal org.apache.maven.plugins:maven-compiler-plugin:3.1:testCompile (default-testCompile) on project CVE-2022-25867: Compilation failure: Compilation failure: 
[ERROR] /PoCAdaptation/exploit/result/CVE-2022-25867/0.9.0/exploit/src/test/java/edu/vision/se/Testcase1.java:[15,24] cannot find symbol
[ERROR]   symbol:   class IOParser
[ERROR]   location: package io.socket.parser
[ERROR] /PoCAdaptation/exploit/result/CVE-2022-25867/0.9.0/exploit/src/test/java/edu/vision/se/Testcase1.java:[31,61] package IOParser does not exist
[ERROR] /PoCAdaptation/exploit/result/CVE-2022-25867/0.9.0/exploit/src/test/java/edu/vision/se/Testcase1.java:[37,58] package IOParser does not exist
[ERROR] /PoCAdaptation/exploit/result/CVE-2022-25867/0.9.0/exploit/src/test/java/edu/vision/se/Testcase1.java:[38,57] cannot find symbol
[ERROR]   symbol:   class Callback
[ERROR]   location: class io.socket.parser.Parser.Decoder
[ERROR] /PoCAdaptation/exploit/result/CVE-2022-25867/0.9.0/exploit/src/test/java/edu/vision/se/Testcase1.java:[39,25] method does not override or implement a method from a supertype
[ERROR] /PoCAdaptation/exploit/result/CVE-2022-25867/0.9.0/exploit/src/test/java/edu/vision/se/Testcase1.java:[50,50] package IOParser does not exist
[ERROR] /PoCAdaptation/exploit/result/CVE-2022-25867/0.9.0/exploit/src/test/java/edu/vision/se/Testcase1.java:[65,58] package IOParser does not exist
[ERROR] /PoCAdaptation/exploit/result/CVE-2022-25867/0.9.0/exploit/src/test/java/edu/vision/se/Testcase1.java:[66,57] cannot find symbol
[ERROR]   symbol:   class Callback
[ERROR]   location: class io.socket.parser.Parser.Decoder
[ERROR] /PoCAdaptation/exploit/result/CVE-2022-25867/0.9.0/exploit/src/test/java/edu/vision/se/Testcase1.java:[67,25] method does not override or implement a method from a supertype
[ERROR] -> [Help 1]
[ERROR] 
[ERROR] To see the full stack trace of the errors, re-run Maven with the -e switch.
[ERROR] Re-run Maven using the -X switch to enable full debug logging.
[ERROR] 
[ERROR] For more information about the errors and possible solutions, please read the following articles:
[ERROR] [Help 1] http://cwiki.apache.org/confluence/display/MAVEN/MojoFailureException


current_pom file is:<?xml version='1.0' encoding='utf-8'?>
<project xmlns="http://maven.apache.org/POM/4.0.0" xmlns:xsi="http://www.w3.org/2001/XMLSchema-instance" xsi:schemaLocation="http://maven.apache.org/POM/4.0.0 http://maven.apache.org/xsd/maven-4.0.0.xsd">
    <modelVersion>4.0.0</modelVersion>
    <groupId>edu.vision.se</groupId>
    <artifactId>CVE-2022-25867</artifactId>
    <version>1.0-SNAPSHOT</version>

    <properties>
        <maven.compiler.source>11</maven.compiler.source>
        <maven.compiler.target>11</maven.compiler.target>
    </properties>

    <dependencies>
        
        <dependency>
            <groupId>io.socket</groupId>
            <artifactId>socket.io-client</artifactId>
            <version>0.9.0</version>
        </dependency>
        
        <dependency>
            <groupId>org.hamcrest</groupId>
            <artifactId>hamcrest</artifactId>
            <version>2.2</version>
        </dependency>
        
        <dependency>
            <groupId>org.skyscreamer</groupId>
            <artifactId>jsonassert</artifactId>
            <version>1.5.0</version>
        </dependency>
    <dependency><groupId>junit</groupId><artifactId>junit</artifactId><version>4.13.2</version></dependency><dependency><groupId>junit</groupId><artifactId>junit</artifactId><version>4.13.2</version></dependency><dependency><groupId>junit</groupId><artifactId>junit</artifactId><version>4.13.2</version></dependency><dependency><groupId>junit</groupId><artifactId>junit</artifactId><version>4.13.2</version></dependency><dependency><groupId>junit</groupId><artifactId>junit</artifactId><version>4.13.2</version></dependency><dependency><groupId>junit</groupId><artifactId>junit</artifactId><version>4.13.2</version></dependency><dependency><groupId>junit</groupId><artifactId>junit</artifactId><version>4.13.2</version></dependency><dependency><groupId>junit</groupId><artifactId>junit</artifactId><version>4.13.2</version></dependency><dependency><groupId>junit</groupId><artifactId>junit</artifactId><version>4.13.2</version></dependency><dependency><groupId>junit</groupId><artifactId>junit</artifactId><version>4.13.2</version></dependency><dependency><groupId>junit</groupId><artifactId>junit</artifactId><version>4.13.2</version></dependency><dependency><groupId>junit</groupId><artifactId>junit</artifactId><version>4.13.2</version></dependency><dependency><groupId>junit</groupId><artifactId>junit</artifactId><version>4.13.2</version></dependency></dependencies>

</project>
[LLMClient] Response: 
test
[96m[Adapter] LLM response for fix position: test[0m
[LLMClient] Tokens used: 136 (prompt), 12 (completion), 148 (total)
[LLMClient] Prompt: 
You are given an error log when executing 'mvn test' in version 0.9.0: 

Error: cannot find symbol, class IOParser, package io.socket.parser 

The test executes as expected in 1.0.0 

Error code: import io.socket.parser.IOParser; 

Extract two key *entities* from the error for searching related diffs 

The extracted entities should reflect code-level identifiers that are likely to appear in source code or diffs. 

Output each node as a `;`-separated list, with no explanations. 


[LLMClient] Response: 
io.socket.parser.IOParser;IOParser
[96m[ErrorManager] Extracted key entities: ['io.socket.parser.IOParser', 'IOParser'][0m
[96m[Adapter] Try to solve error: {'file': '/PoCAdaptation/exploit/result/CVE-2022-25867/0.9.0/exploit/src/test/java/edu/vision/se/Testcase1.java', 'line': 15, 'column': 24, 'message': 'cannot find symbol', 'symbol': 'class IOParser', 'location': 'package io.socket.parser', 'code_line': 'import io.socket.parser.IOParser;'} with cause: ['io.socket.parser.IOParser', 'IOParser'][0m
[96m[Adapter] Related diffs for error: [(49, 4.0), (50, 4.0), (51, 4.0), (52, 4.0), (53, 4.0)][0m
[96m[Adapter] Fix position is in test code.[0m
[96m[RepairModule] Start repair for group: cannot find symbol | class IOParser cause: ['io.socket.parser.IOParser', 'IOParser'][0m
[96m[RepairModule] Trying best diff #49 with score 4.00[0m
[96m[RepairModule] Iteration 0, temperature 1.000: Trying diff #49 with score 4.00[0m
[LLMClient] Tokens used: 1084 (prompt), 783 (completion), 1867 (total)
[LLMClient] Prompt: 
You are given a Java test file with compilation errors in version 0.9.0:io.socket:socket.io-client.
This test file compiles and runs successfully in 1.0.0.

The diff is related to the diff.
Your task has three steps:
 1. Locate the code where the compilation error occurs.
 2. Analyze the diff from 1.0.0 to 0.9.0.
 3. Fix the error in the error position only when diff is helpful. Add import statement when needed according to the diff. 

Only output the modified version of the test file according to the diff. No explanations. If mocking, access fields via reflection if they exist.
### Compilation Errors:
message: cannot find symbol, symble: class IOParser, location: package io.socket.parser

### Error Position:
import io.socket.parser.IOParser;

### Related Diff:
Operation: MODIFIED, File: src/test/java/io/socket/parser/ByteArrayTest.java, Hunk: @@ -16,7 +16,7 @@
 @RunWith(JUnit4.class)
 public class ByteArrayTest {

+    private static Parser.Encoder encoder = new Parser.Encoder();
-    private static Parser.Encoder encoder = new IOParser.Encoder();

     @Test
     public void encodeByteArray() {

### Test File Content:
package edu.vision.se;

import static org.hamcrest.Matchers.is;
import static org.junit.Assert.assertThat;
import static org.junit.Assert.fail;

import org.json.JSONArray;
import org.json.JSONException;
import org.json.JSONObject;
import org.junit.Test;
import org.junit.runner.RunWith;
import org.junit.runners.JUnit4;
import org.skyscreamer.jsonassert.JSONAssert;

import io.socket.parser.IOParser;
import io.socket.parser.Packet;
import io.socket.parser.Parser;

@RunWith(JUnit4.class)
public class Testcase1 {

    @Test
    public void decodeInError() throws JSONException {
        Helpers.testDecodeError(Parser.EVENT + "2{}");
        Helpers.testDecodeError(Parser.EVENT + "2[]");
        Helpers.testDecodeError(Parser.EVENT + "2[null]");
    }

    // Helpers Á±ªÊîπ‰∏∫ÈùôÊÄÅÂÜÖÈÉ®Á±ª
    public static class Helpers {
        private static Parser.Encoder encoder = new IOParser.Encoder();

        public static void test(final Packet obj) {
            encoder.encode(obj, new Parser.Encoder.Callback() {
                @Override
                public void call(Object[] encodedPackets) {
                    Parser.Decoder decoder = new IOParser.Decoder();
                    decoder.onDecoded(new Parser.Decoder.Callback() {
                        @Override
                        public void call(Packet packet) {
                            assertPacket(packet, obj);
                        }
                    });
                    decoder.add((String) encodedPackets[0]);
                }
            });
        }

        public static void testDecodeError(final String errorMessage) {
            Parser.Decoder decoder = new IOParser.Decoder();
            try {
                decoder.add(errorMessage);
                fail();
            } catch (Exception e) {
                // expected
            }
        }

        @SuppressWarnings("unchecked")
        public static void testBin(final Packet obj) {
            final Object originalData = obj.data;
            encoder.encode(obj, new Parser.Encoder.Callback() {
                @Override
                public void call(Object[] encodedPackets) {
                    Parser.Decoder decoder = new IOParser.Decoder();
                    decoder.onDecoded(new Parser.Decoder.Callback() {
                        @Override
                        public void call(Packet packet) {
                            obj.data = originalData;
                            obj.attachments = -1;
                            assertPacket(packet, obj);
                        }
                    });

                    for (Object packet : encodedPackets) {
                        if (packet instanceof String) {
                            decoder.add((String) packet);
                        } else if (packet instanceof byte[]) {
                            decoder.add((byte[]) packet);
                        }
                    }
                }
            });
        }

        public static void assertPacket(Packet expected, Packet actual) {
            assertThat(actual.type, is(expected.type));
            assertThat(actual.id, is(expected.id));
            assertThat(actual.nsp, is(expected.nsp));
            assertThat(actual.attachments, is(expected.attachments));

            if (expected.data instanceof JSONArray) {
                try {
                    JSONAssert.assertEquals((JSONArray) expected.data, (JSONArray) actual.data, true);
                } catch (JSONException e) {
                    throw new AssertionError(e);
                }
            } else if (expected.data instanceof JSONObject) {
                try {
                    JSONAssert.assertEquals((JSONObject) expected.data, (JSONObject) actual.data, true);
                } catch (JSONException e) {
                    throw new AssertionError(e);
                }
            } else {
                assertThat(actual.data, is(expected.data));
            }
        }
    }
}



[LLMClient] Response: 
Here's the modified version of the test file according to the diff:

```java
package edu.vision.se;

import static org.hamcrest.Matchers.is;
import static org.junit.Assert.assertThat;
import static org.junit.Assert.fail;

import org.json.JSONArray;
import org.json.JSONException;
import org.json.JSONObject;
import org.junit.Test;
import org.junit.runner.RunWith;
import org.junit.runners.JUnit4;
import org.skyscreamer.jsonassert.JSONAssert;

import io.socket.parser.Packet;
import io.socket.parser.Parser;

@RunWith(JUnit4.class)
public class Testcase1 {

    @Test
    public void decodeInError() throws JSONException {
        Helpers.testDecodeError(Parser.EVENT + "2{}");
        Helpers.testDecodeError(Parser.EVENT + "2[]");
        Helpers.testDecodeError(Parser.EVENT + "2[null]");
    }

    // Helpers Á±ªÊîπ‰∏∫ÈùôÊÄÅÂÜÖÈÉ®Á±ª
    public static class Helpers {
        private static Parser.Encoder encoder = new Parser.Encoder();

        public static void test(final Packet obj) {
            encoder.encode(obj, new Parser.Encoder.Callback() {
                @Override
                public void call(Object[] encodedPackets) {
                    Parser.Decoder decoder = new Parser.Decoder();
                    decoder.onDecoded(new Parser.Decoder.Callback() {
                        @Override
                        public void call(Packet packet) {
                            assertPacket(packet, obj);
                        }
                    });
                    decoder.add((String) encodedPackets[0]);
                }
            });
        }

        public static void testDecodeError(final String errorMessage) {
            Parser.Decoder decoder = new Parser.Decoder();
            try {
                decoder.add(errorMessage);
                fail();
            } catch (Exception e) {
                // expected
            }
        }

        @SuppressWarnings("unchecked")
        public static void testBin(final Packet obj) {
            final Object originalData = obj.data;
            encoder.encode(obj, new Parser.Encoder.Callback() {
                @Override
                public void call(Object[] encodedPackets) {
                    Parser.Decoder decoder = new Parser.Decoder();
                    decoder.onDecoded(new Parser.Decoder.Callback() {
                        @Override
                        public void call(Packet packet) {
                            obj.data = originalData;
                            obj.attachments = -1;
                            assertPacket(packet, obj);
                        }
                    });

                    for (Object packet : encodedPackets) {
                        if (packet instanceof String) {
                            decoder.add((String) packet);
                        } else if (packet instanceof byte[]) {
                            decoder.add((byte[]) packet);
                        }
                    }
                }
            });
        }

        public static void assertPacket(Packet expected, Packet actual) {
            assertThat(actual.type, is(expected.type));
            assertThat(actual.id, is(expected.id));
            assertThat(actual.nsp, is(expected.nsp));
            assertThat(actual.attachments, is(expected.attachments));

            if (expected.data instanceof JSONArray) {
                try {
                    JSONAssert.assertEquals((JSONArray) expected.data, (JSONArray) actual.data, true);
                } catch (JSONException e) {
                    throw new AssertionError(e);
                }
            } else if (expected.data instanceof JSONObject) {
                try {
                    JSONAssert.assertEquals((JSONObject) expected.data, (JSONObject) actual.data, true);
                } catch (JSONException e) {
                    throw new AssertionError(e);
                }
            } else {
                assertThat(actual.data, is(expected.data));
            }
        }
    }
}
```
[96m[RepairModule] Wrote modified code to /PoCAdaptation/exploit/result/CVE-2022-25867/0.9.0/exploit/src/test/java/edu/vision/se/Testcase1.java[0m
[96m[Executor] Executing exploit for CVE-2022-25867 on version 0.9.0...[0m
[96m[Verifier] Verifying reproduction...[0m
[91m[Verifier] ‚úó Behavior not found: 'java.lang.AssertionError'[0m
[91m[Executor] Reproduction result: Failure[0m
[96m[ErrorManager] Ignoring line: [ERROR] Failed to execute goal org.apache.maven.plugins:maven-compiler-plugin:3.1:testCompile (default-testCompile) on project CVE-2022-25867: Compilation failure: Compilation failure:[0m
[92m[ErrorManager] Processing line: [ERROR] /PoCAdaptation/exploit/result/CVE-2022-25867/0.9.0/exploit/src/test/java/edu/vision/se/Testcase1.java:[37,57] cannot find symbol[0m
[92m[ErrorManager] Processing line: [ERROR]   symbol:   class Callback[0m
[92m[ErrorManager] Processing line: [ERROR]   location: class io.socket.parser.Parser.Decoder[0m
[92m[ErrorManager] Processing line: [ERROR] /PoCAdaptation/exploit/result/CVE-2022-25867/0.9.0/exploit/src/test/java/edu/vision/se/Testcase1.java:[38,25] method does not override or implement a method from a supertype[0m
[92m[ErrorManager] Processing line: [ERROR] /PoCAdaptation/exploit/result/CVE-2022-25867/0.9.0/exploit/src/test/java/edu/vision/se/Testcase1.java:[65,57] cannot find symbol[0m
[92m[ErrorManager] Processing line: [ERROR]   symbol:   class Callback[0m
[92m[ErrorManager] Processing line: [ERROR]   location: class io.socket.parser.Parser.Decoder[0m
[92m[ErrorManager] Processing line: [ERROR] /PoCAdaptation/exploit/result/CVE-2022-25867/0.9.0/exploit/src/test/java/edu/vision/se/Testcase1.java:[66,25] method does not override or implement a method from a supertype[0m
[96m[ErrorManager] Ignoring line: [ERROR] -> [Help 1][0m
[96m[ErrorManager] Ignoring line: [ERROR][0m
[96m[ErrorManager] Ignoring line: [ERROR] To see the full stack trace of the errors, re-run Maven with the -e switch.[0m
[96m[ErrorManager] Ignoring line: [ERROR] Re-run Maven using the -X switch to enable full debug logging.[0m
[96m[ErrorManager] Ignoring line: [ERROR][0m
[96m[ErrorManager] Ignoring line: [ERROR] For more information about the errors and possible solutions, please read the following articles:[0m
[96m[ErrorManager] Ignoring line: [ERROR] [Help 1] http://cwiki.apache.org/confluence/display/MAVEN/MojoFailureException[0m
[RepairModule] Old grouped keys: {'cannot find symbol | class Callback', 'method does not override or implement a method from a supertype |', 'cannot find symbol | class IOParser', 'package IOParser does not exist |'}
[RepairModule] New grouped keys: {'cannot find symbol | class Callback', 'method does not override or implement a method from a supertype |'}
[92m[RepairModule] Error cannot find symbol resolved after applying diff.[0m
[92m[RepairModule] Repair success with diff #49 at iteration 0![0m
[96m[Adapter] Test code repair attempted.[0m
[96m[Executor] Executing exploit for CVE-2022-25867 on version 0.9.0...[0m
[96m[Verifier] Verifying reproduction...[0m
[91m[Verifier] ‚úó Behavior not found: 'java.lang.AssertionError'[0m
[91m[Executor] Reproduction result: Failure[0m
[96m[ErrorManager] Ignoring line: [ERROR] Failed to execute goal org.apache.maven.plugins:maven-compiler-plugin:3.1:testCompile (default-testCompile) on project CVE-2022-25867: Compilation failure: Compilation failure:[0m
[92m[ErrorManager] Processing line: [ERROR] /PoCAdaptation/exploit/result/CVE-2022-25867/0.9.0/exploit/src/test/java/edu/vision/se/Testcase1.java:[37,57] cannot find symbol[0m
[92m[ErrorManager] Processing line: [ERROR]   symbol:   class Callback[0m
[92m[ErrorManager] Processing line: [ERROR]   location: class io.socket.parser.Parser.Decoder[0m
[92m[ErrorManager] Processing line: [ERROR] /PoCAdaptation/exploit/result/CVE-2022-25867/0.9.0/exploit/src/test/java/edu/vision/se/Testcase1.java:[38,25] method does not override or implement a method from a supertype[0m
[92m[ErrorManager] Processing line: [ERROR] /PoCAdaptation/exploit/result/CVE-2022-25867/0.9.0/exploit/src/test/java/edu/vision/se/Testcase1.java:[65,57] cannot find symbol[0m
[92m[ErrorManager] Processing line: [ERROR]   symbol:   class Callback[0m
[92m[ErrorManager] Processing line: [ERROR]   location: class io.socket.parser.Parser.Decoder[0m
[92m[ErrorManager] Processing line: [ERROR] /PoCAdaptation/exploit/result/CVE-2022-25867/0.9.0/exploit/src/test/java/edu/vision/se/Testcase1.java:[66,25] method does not override or implement a method from a supertype[0m
[96m[ErrorManager] Ignoring line: [ERROR] -> [Help 1][0m
[96m[ErrorManager] Ignoring line: [ERROR][0m
[96m[ErrorManager] Ignoring line: [ERROR] To see the full stack trace of the errors, re-run Maven with the -e switch.[0m
[96m[ErrorManager] Ignoring line: [ERROR] Re-run Maven using the -X switch to enable full debug logging.[0m
[96m[ErrorManager] Ignoring line: [ERROR][0m
[96m[ErrorManager] Ignoring line: [ERROR] For more information about the errors and possible solutions, please read the following articles:[0m
[96m[ErrorManager] Ignoring line: [ERROR] [Help 1] http://cwiki.apache.org/confluence/display/MAVEN/MojoFailureException[0m
[96m[Adapter] Locating fix position in error log.[0m
[LLMClient] Tokens used: 3077 (prompt), 1 (completion), 3078 (total)
[LLMClient] Prompt: 
You are given a Java error log when executing 'mvn test' in a project with dependency version 0.9.0:io.socket:socket.io-client.
This test file compiles and runs successfully with version 1.0.0.

Your task is to:
1. Analyze why this issue occurs with the *1.0.0* but not with the *0.9.0 version*.
2. Consider how to resolve the issue **without updating this library**.
3. Determine and output the location in the project that should be modified to fix the problem.

Please return 'pom' if the fix is in the pom.xml file, or 'test' if the fix is in the test code.
Do not return any other text, just 'pom' or 'test'.

The error log is:
[INFO] Scanning for projects...
[WARNING] 
[WARNING] Some problems were encountered while building the effective model for edu.vision.se:CVE-2022-25867:jar:1.0-SNAPSHOT
[WARNING] 'dependencies.dependency.(groupId:artifactId:type:classifier)' must be unique: junit:junit:jar -> duplicate declaration of version 4.13.2 @ line 32, column 121
[WARNING] 'dependencies.dependency.(groupId:artifactId:type:classifier)' must be unique: junit:junit:jar -> duplicate declaration of version 4.13.2 @ line 32, column 225
[WARNING] 'dependencies.dependency.(groupId:artifactId:type:classifier)' must be unique: junit:junit:jar -> duplicate declaration of version 4.13.2 @ line 32, column 329
[WARNING] 'dependencies.dependency.(groupId:artifactId:type:classifier)' must be unique: junit:junit:jar -> duplicate declaration of version 4.13.2 @ line 32, column 433
[WARNING] 'dependencies.dependency.(groupId:artifactId:type:classifier)' must be unique: junit:junit:jar -> duplicate declaration of version 4.13.2 @ line 32, column 537
[WARNING] 'dependencies.dependency.(groupId:artifactId:type:classifier)' must be unique: junit:junit:jar -> duplicate declaration of version 4.13.2 @ line 32, column 641
[WARNING] 'dependencies.dependency.(groupId:artifactId:type:classifier)' must be unique: junit:junit:jar -> duplicate declaration of version 4.13.2 @ line 32, column 745
[WARNING] 'dependencies.dependency.(groupId:artifactId:type:classifier)' must be unique: junit:junit:jar -> duplicate declaration of version 4.13.2 @ line 32, column 849
[WARNING] 'dependencies.dependency.(groupId:artifactId:type:classifier)' must be unique: junit:junit:jar -> duplicate declaration of version 4.13.2 @ line 32, column 953
[WARNING] 'dependencies.dependency.(groupId:artifactId:type:classifier)' must be unique: junit:junit:jar -> duplicate declaration of version 4.13.2 @ line 32, column 1057
[WARNING] 'dependencies.dependency.(groupId:artifactId:type:classifier)' must be unique: junit:junit:jar -> duplicate declaration of version 4.13.2 @ line 32, column 1161
[WARNING] 'dependencies.dependency.(groupId:artifactId:type:classifier)' must be unique: junit:junit:jar -> duplicate declaration of version 4.13.2 @ line 32, column 1265
[WARNING] 
[WARNING] It is highly recommended to fix these problems because they threaten the stability of your build.
[WARNING] 
[WARNING] For this reason, future Maven versions might no longer support building such malformed projects.
[WARNING] 
[INFO] 
[INFO] --------------------< edu.vision.se:CVE-2022-25867 >--------------------
[INFO] Building CVE-2022-25867 1.0-SNAPSHOT
[INFO]   from pom.xml
[INFO] --------------------------------[ jar ]---------------------------------
[INFO] 
[INFO] --- maven-clean-plugin:2.5:clean (default-clean) @ CVE-2022-25867 ---
[INFO] Deleting /PoCAdaptation/exploit/result/CVE-2022-25867/0.9.0/exploit/target
[INFO] 
[INFO] --- maven-resources-plugin:2.6:resources (default-resources) @ CVE-2022-25867 ---
[WARNING] Using platform encoding (UTF-8 actually) to copy filtered resources, i.e. build is platform dependent!
[INFO] skip non existing resourceDirectory /PoCAdaptation/exploit/result/CVE-2022-25867/0.9.0/exploit/src/main/resources
[INFO] 
[INFO] --- maven-compiler-plugin:3.1:compile (default-compile) @ CVE-2022-25867 ---
[INFO] No sources to compile
[INFO] 
[INFO] --- maven-resources-plugin:2.6:testResources (default-testResources) @ CVE-2022-25867 ---
[WARNING] Using platform encoding (UTF-8 actually) to copy filtered resources, i.e. build is platform dependent!
[INFO] skip non existing resourceDirectory /PoCAdaptation/exploit/result/CVE-2022-25867/0.9.0/exploit/src/test/resources
[INFO] 
[INFO] --- maven-compiler-plugin:3.1:testCompile (default-testCompile) @ CVE-2022-25867 ---
[INFO] Changes detected - recompiling the module!
[WARNING] File encoding has not been set, using platform encoding UTF-8, i.e. build is platform dependent!
[INFO] Compiling 1 source file to /PoCAdaptation/exploit/result/CVE-2022-25867/0.9.0/exploit/target/test-classes
[INFO] -------------------------------------------------------------
[WARNING] COMPILATION WARNING : 
[INFO] -------------------------------------------------------------
[WARNING] /PoCAdaptation/exploit/result/CVE-2022-25867/0.9.0/exploit/src/test/java/edu/vision/se/Testcase1.java: /PoCAdaptation/exploit/result/CVE-2022-25867/0.9.0/exploit/src/test/java/edu/vision/se/Testcase1.java uses or overrides a deprecated API.
[WARNING] /PoCAdaptation/exploit/result/CVE-2022-25867/0.9.0/exploit/src/test/java/edu/vision/se/Testcase1.java: Recompile with -Xlint:deprecation for details.
[INFO] 2 warnings 
[INFO] -------------------------------------------------------------
[INFO] -------------------------------------------------------------
[ERROR] COMPILATION ERROR : 
[INFO] -------------------------------------------------------------
[ERROR] /PoCAdaptation/exploit/result/CVE-2022-25867/0.9.0/exploit/src/test/java/edu/vision/se/Testcase1.java:[37,57] cannot find symbol
  symbol:   class Callback
  location: class io.socket.parser.Parser.Decoder
[ERROR] /PoCAdaptation/exploit/result/CVE-2022-25867/0.9.0/exploit/src/test/java/edu/vision/se/Testcase1.java:[38,25] method does not override or implement a method from a supertype
[ERROR] /PoCAdaptation/exploit/result/CVE-2022-25867/0.9.0/exploit/src/test/java/edu/vision/se/Testcase1.java:[65,57] cannot find symbol
  symbol:   class Callback
  location: class io.socket.parser.Parser.Decoder
[ERROR] /PoCAdaptation/exploit/result/CVE-2022-25867/0.9.0/exploit/src/test/java/edu/vision/se/Testcase1.java:[66,25] method does not override or implement a method from a supertype
[INFO] 4 errors 
[INFO] -------------------------------------------------------------
[INFO] ------------------------------------------------------------------------
[INFO] BUILD FAILURE
[INFO] ------------------------------------------------------------------------
[INFO] Total time:  1.041 s
[INFO] Finished at: 2025-07-13T14:14:53Z
[INFO] ------------------------------------------------------------------------
[ERROR] Failed to execute goal org.apache.maven.plugins:maven-compiler-plugin:3.1:testCompile (default-testCompile) on project CVE-2022-25867: Compilation failure: Compilation failure: 
[ERROR] /PoCAdaptation/exploit/result/CVE-2022-25867/0.9.0/exploit/src/test/java/edu/vision/se/Testcase1.java:[37,57] cannot find symbol
[ERROR]   symbol:   class Callback
[ERROR]   location: class io.socket.parser.Parser.Decoder
[ERROR] /PoCAdaptation/exploit/result/CVE-2022-25867/0.9.0/exploit/src/test/java/edu/vision/se/Testcase1.java:[38,25] method does not override or implement a method from a supertype
[ERROR] /PoCAdaptation/exploit/result/CVE-2022-25867/0.9.0/exploit/src/test/java/edu/vision/se/Testcase1.java:[65,57] cannot find symbol
[ERROR]   symbol:   class Callback
[ERROR]   location: class io.socket.parser.Parser.Decoder
[ERROR] /PoCAdaptation/exploit/result/CVE-2022-25867/0.9.0/exploit/src/test/java/edu/vision/se/Testcase1.java:[66,25] method does not override or implement a method from a supertype
[ERROR] -> [Help 1]
[ERROR] 
[ERROR] To see the full stack trace of the errors, re-run Maven with the -e switch.
[ERROR] Re-run Maven using the -X switch to enable full debug logging.
[ERROR] 
[ERROR] For more information about the errors and possible solutions, please read the following articles:
[ERROR] [Help 1] http://cwiki.apache.org/confluence/display/MAVEN/MojoFailureException


current_pom file is:<?xml version='1.0' encoding='utf-8'?>
<project xmlns="http://maven.apache.org/POM/4.0.0" xmlns:xsi="http://www.w3.org/2001/XMLSchema-instance" xsi:schemaLocation="http://maven.apache.org/POM/4.0.0 http://maven.apache.org/xsd/maven-4.0.0.xsd">
    <modelVersion>4.0.0</modelVersion>
    <groupId>edu.vision.se</groupId>
    <artifactId>CVE-2022-25867</artifactId>
    <version>1.0-SNAPSHOT</version>

    <properties>
        <maven.compiler.source>11</maven.compiler.source>
        <maven.compiler.target>11</maven.compiler.target>
    </properties>

    <dependencies>
        
        <dependency>
            <groupId>io.socket</groupId>
            <artifactId>socket.io-client</artifactId>
            <version>0.9.0</version>
        </dependency>
        
        <dependency>
            <groupId>org.hamcrest</groupId>
            <artifactId>hamcrest</artifactId>
            <version>2.2</version>
        </dependency>
        
        <dependency>
            <groupId>org.skyscreamer</groupId>
            <artifactId>jsonassert</artifactId>
            <version>1.5.0</version>
        </dependency>
    <dependency><groupId>junit</groupId><artifactId>junit</artifactId><version>4.13.2</version></dependency><dependency><groupId>junit</groupId><artifactId>junit</artifactId><version>4.13.2</version></dependency><dependency><groupId>junit</groupId><artifactId>junit</artifactId><version>4.13.2</version></dependency><dependency><groupId>junit</groupId><artifactId>junit</artifactId><version>4.13.2</version></dependency><dependency><groupId>junit</groupId><artifactId>junit</artifactId><version>4.13.2</version></dependency><dependency><groupId>junit</groupId><artifactId>junit</artifactId><version>4.13.2</version></dependency><dependency><groupId>junit</groupId><artifactId>junit</artifactId><version>4.13.2</version></dependency><dependency><groupId>junit</groupId><artifactId>junit</artifactId><version>4.13.2</version></dependency><dependency><groupId>junit</groupId><artifactId>junit</artifactId><version>4.13.2</version></dependency><dependency><groupId>junit</groupId><artifactId>junit</artifactId><version>4.13.2</version></dependency><dependency><groupId>junit</groupId><artifactId>junit</artifactId><version>4.13.2</version></dependency><dependency><groupId>junit</groupId><artifactId>junit</artifactId><version>4.13.2</version></dependency><dependency><groupId>junit</groupId><artifactId>junit</artifactId><version>4.13.2</version></dependency></dependencies>

</project>
[LLMClient] Response: 
test
[96m[Adapter] LLM response for fix position: test[0m
[LLMClient] Tokens used: 145 (prompt), 6 (completion), 151 (total)
[LLMClient] Prompt: 
You are given an error log when executing 'mvn test' in version 0.9.0: 

Error: cannot find symbol, class Callback, class io.socket.parser.Parser.Decoder 

The test executes as expected in 1.0.0 

Error code:                     decoder.onDecoded(new Parser.Decoder.Callback() { 

Extract two key *entities* from the error for searching related diffs 

The extracted entities should reflect code-level identifiers that are likely to appear in source code or diffs. 

Output each node as a `;`-separated list, with no explanations. 


[LLMClient] Response: 
Callback;Parser.Decoder
[96m[ErrorManager] Extracted key entities: ['Callback', 'Parser.Decoder'][0m
[96m[Adapter] Try to solve error: {'file': '/PoCAdaptation/exploit/result/CVE-2022-25867/0.9.0/exploit/src/test/java/edu/vision/se/Testcase1.java', 'line': 37, 'column': 57, 'message': 'cannot find symbol', 'symbol': 'class Callback', 'location': 'class io.socket.parser.Parser.Decoder', 'code_line': '                    decoder.onDecoded(new Parser.Decoder.Callback() {'} with cause: ['Callback', 'Parser.Decoder'][0m
[96m[Adapter] Related diffs for error: [(50, 8.0), (51, 8.0), (52, 8.0), (53, 8.0), (11, 2.0)][0m
[96m[Adapter] Fix position is in test code.[0m
[96m[RepairModule] Start repair for group: cannot find symbol | class Callback cause: ['Callback', 'Parser.Decoder'][0m
[96m[RepairModule] Trying best diff #50 with score 8.00[0m
[96m[RepairModule] Iteration 0, temperature 1.000: Trying diff #50 with score 8.00[0m
[LLMClient] Tokens used: 1179 (prompt), 814 (completion), 1993 (total)
[LLMClient] Prompt: 
You are given a Java test file with compilation errors in version 0.9.0:io.socket:socket.io-client.
This test file compiles and runs successfully in 1.0.0.

The diff is related to the diff.
Your task has three steps:
 1. Locate the code where the compilation error occurs.
 2. Analyze the diff from 1.0.0 to 0.9.0.
 3. Fix the error in the error position only when diff is helpful. Add import statement when needed according to the diff. 

Only output the modified version of the test file according to the diff. No explanations. If mocking, access fields via reflection if they exist.
### Compilation Errors:
message: cannot find symbol, symble: class Callback, location: class io.socket.parser.Parser.Decoder

### Error Position:
                    decoder.onDecoded(new Parser.Decoder.Callback() {

### Related Diff:
Operation: MODIFIED, File: src/test/java/io/socket/parser/ByteArrayTest.java, Hunk: @@ -87,10 +87,10 @@ public void cleanItselfUpOnClose() {
         encoder.encode(packet, new Parser.Encoder.Callback() {
             @Override
             public void call(final Object[] encodedPackets) {
+                final Parser.Decoder decoder = new Parser.Decoder();
+                decoder.on(Parser.Decoder.EVENT_DECODED, new Emitter.Listener() {
-                final IOParser.Decoder decoder = new IOParser.Decoder();
-                decoder.onDecoded(new Parser.Decoder.Callback() {
                     @Override
+                    public void call(Object... args) {
-                    public void call(Packet packet) {
                         throw new RuntimeException("received a packet when not all binary data was sent.");
                     }
                 });

### Test File Content:
package edu.vision.se;

import static org.hamcrest.Matchers.is;
import static org.junit.Assert.assertThat;
import static org.junit.Assert.fail;

import org.json.JSONArray;
import org.json.JSONException;
import org.json.JSONObject;
import org.junit.Test;
import org.junit.runner.RunWith;
import org.junit.runners.JUnit4;
import org.skyscreamer.jsonassert.JSONAssert;

import io.socket.parser.Packet;
import io.socket.parser.Parser;

@RunWith(JUnit4.class)
public class Testcase1 {

    @Test
    public void decodeInError() throws JSONException {
        Helpers.testDecodeError(Parser.EVENT + "2{}");
        Helpers.testDecodeError(Parser.EVENT + "2[]");
        Helpers.testDecodeError(Parser.EVENT + "2[null]");
    }

    // Helpers Á±ªÊîπ‰∏∫ÈùôÊÄÅÂÜÖÈÉ®Á±ª
    public static class Helpers {
        private static Parser.Encoder encoder = new Parser.Encoder();

        public static void test(final Packet obj) {
            encoder.encode(obj, new Parser.Encoder.Callback() {
                @Override
                public void call(Object[] encodedPackets) {
                    Parser.Decoder decoder = new Parser.Decoder();
                    decoder.onDecoded(new Parser.Decoder.Callback() {
                        @Override
                        public void call(Packet packet) {
                            assertPacket(packet, obj);
                        }
                    });
                    decoder.add((String) encodedPackets[0]);
                }
            });
        }

        public static void testDecodeError(final String errorMessage) {
            Parser.Decoder decoder = new Parser.Decoder();
            try {
                decoder.add(errorMessage);
                fail();
            } catch (Exception e) {
                // expected
            }
        }

        @SuppressWarnings("unchecked")
        public static void testBin(final Packet obj) {
            final Object originalData = obj.data;
            encoder.encode(obj, new Parser.Encoder.Callback() {
                @Override
                public void call(Object[] encodedPackets) {
                    Parser.Decoder decoder = new Parser.Decoder();
                    decoder.onDecoded(new Parser.Decoder.Callback() {
                        @Override
                        public void call(Packet packet) {
                            obj.data = originalData;
                            obj.attachments = -1;
                            assertPacket(packet, obj);
                        }
                    });

                    for (Object packet : encodedPackets) {
                        if (packet instanceof String) {
                            decoder.add((String) packet);
                        } else if (packet instanceof byte[]) {
                            decoder.add((byte[]) packet);
                        }
                    }
                }
            });
        }

        public static void assertPacket(Packet expected, Packet actual) {
            assertThat(actual.type, is(expected.type));
            assertThat(actual.id, is(expected.id));
            assertThat(actual.nsp, is(expected.nsp));
            assertThat(actual.attachments, is(expected.attachments));

            if (expected.data instanceof JSONArray) {
                try {
                    JSONAssert.assertEquals((JSONArray) expected.data, (JSONArray) actual.data, true);
                } catch (JSONException e) {
                    throw new AssertionError(e);
                }
            } else if (expected.data instanceof JSONObject) {
                try {
                    JSONAssert.assertEquals((JSONObject) expected.data, (JSONObject) actual.data, true);
                } catch (JSONException e) {
                    throw new AssertionError(e);
                }
            } else {
                assertThat(actual.data, is(expected.data));
            }
        }
    }
}



[LLMClient] Response: 
Here's the modified version of the test file according to the diff:

```java
package edu.vision.se;

import static org.hamcrest.Matchers.is;
import static org.junit.Assert.assertThat;
import static org.junit.Assert.fail;

import org.json.JSONArray;
import org.json.JSONException;
import org.json.JSONObject;
import org.junit.Test;
import org.junit.runner.RunWith;
import org.junit.runners.JUnit4;
import org.skyscreamer.jsonassert.JSONAssert;

import io.socket.emitter.Emitter;
import io.socket.parser.Packet;
import io.socket.parser.Parser;

@RunWith(JUnit4.class)
public class Testcase1 {

    @Test
    public void decodeInError() throws JSONException {
        Helpers.testDecodeError(Parser.EVENT + "2{}");
        Helpers.testDecodeError(Parser.EVENT + "2[]");
        Helpers.testDecodeError(Parser.EVENT + "2[null]");
    }

    // Helpers Á±ªÊîπ‰∏∫ÈùôÊÄÅÂÜÖÈÉ®Á±ª
    public static class Helpers {
        private static Parser.Encoder encoder = new Parser.Encoder();

        public static void test(final Packet obj) {
            encoder.encode(obj, new Parser.Encoder.Callback() {
                @Override
                public void call(Object[] encodedPackets) {
                    Parser.Decoder decoder = new Parser.Decoder();
                    decoder.on(Parser.Decoder.EVENT_DECODED, new Emitter.Listener() {
                        @Override
                        public void call(Object... args) {
                            assertPacket((Packet) args[0], obj);
                        }
                    });
                    decoder.add((String) encodedPackets[0]);
                }
            });
        }

        public static void testDecodeError(final String errorMessage) {
            Parser.Decoder decoder = new Parser.Decoder();
            try {
                decoder.add(errorMessage);
                fail();
            } catch (Exception e) {
                // expected
            }
        }

        @SuppressWarnings("unchecked")
        public static void testBin(final Packet obj) {
            final Object originalData = obj.data;
            encoder.encode(obj, new Parser.Encoder.Callback() {
                @Override
                public void call(Object[] encodedPackets) {
                    Parser.Decoder decoder = new Parser.Decoder();
                    decoder.on(Parser.Decoder.EVENT_DECODED, new Emitter.Listener() {
                        @Override
                        public void call(Object... args) {
                            obj.data = originalData;
                            obj.attachments = -1;
                            assertPacket((Packet) args[0], obj);
                        }
                    });

                    for (Object packet : encodedPackets) {
                        if (packet instanceof String) {
                            decoder.add((String) packet);
                        } else if (packet instanceof byte[]) {
                            decoder.add((byte[]) packet);
                        }
                    }
                }
            });
        }

        public static void assertPacket(Packet expected, Packet actual) {
            assertThat(actual.type, is(expected.type));
            assertThat(actual.id, is(expected.id));
            assertThat(actual.nsp, is(expected.nsp));
            assertThat(actual.attachments, is(expected.attachments));

            if (expected.data instanceof JSONArray) {
                try {
                    JSONAssert.assertEquals((JSONArray) expected.data, (JSONArray) actual.data, true);
                } catch (JSONException e) {
                    throw new AssertionError(e);
                }
            } else if (expected.data instanceof JSONObject) {
                try {
                    JSONAssert.assertEquals((JSONObject) expected.data, (JSONObject) actual.data, true);
                } catch (JSONException e) {
                    throw new AssertionError(e);
                }
            } else {
                assertThat(actual.data, is(expected.data));
            }
        }
    }
}
```
[96m[RepairModule] Wrote modified code to /PoCAdaptation/exploit/result/CVE-2022-25867/0.9.0/exploit/src/test/java/edu/vision/se/Testcase1.java[0m
[96m[Executor] Executing exploit for CVE-2022-25867 on version 0.9.0...[0m
[96m[Verifier] Verifying reproduction...[0m
[92m[Verifier] ‚úì Behavior matched: 'java.lang.AssertionError'[0m
[92m[Verifier] ‚úì Detail matched: 'org.junit.Assert.fail'[0m
[92m[Verifier] ‚úì All reproduction indicators matched.[0m
[92m[Executor] Reproduction result: Success[0m
[92m[RepairModule] Repair success![0m
[92m[RepairModule] Repair success with diff #50 at iteration 0![0m
[96m[Adapter] Test code repair attempted.[0m
[96m[Executor] Executing exploit for CVE-2022-25867 on version 0.9.0...[0m
[96m[Verifier] Verifying reproduction...[0m
[92m[Verifier] ‚úì Behavior matched: 'java.lang.AssertionError'[0m
[92m[Verifier] ‚úì Detail matched: 'org.junit.Assert.fail'[0m
[92m[Verifier] ‚úì All reproduction indicators matched.[0m
[92m[Executor] Reproduction result: Success[0m
[92m[Adapter] Adaptation from 1.0.0 to 0.9.0 successful.[0m
[Adapt] ‚úì Completed: True
[96m[Adapter] Adaptation complete. Retesting exploit on 0.9.0...[0m
[92m[Executor] Adaptation + reproduction successful on 0.9.0[0m
[96m[Adapter] Copied successful adaptation to /PoCAdaptation/exploit/valid/CVE-2022-25867/0.9.0[0m

[Executor] ‚ñ∂ Summary of return codes:
  - Version 0.9.0: ‚úì Success (exit code 0)
