Running main_process.py for CVE: CVE-2021-43797
Versions: 4.1.0.CR7, 4.0.56.Final, 4.0.0.CR3, 5.0.0.Alpha2

[1m[Main] === Starting adaptation process for CVE-2021-43797 ===[0m
[96m[Processor] Fetching all available Maven versions...[0m
[96m[Analyzer] Loading cached versions from: /PoCAdaptation/library/io_netty_netty-codec-http.txt[0m
[96m[Analyzer] io.netty:netty-codec-http has 231 versions (cached).[0m
[96m[Processor] Identifying versions with successful reproduction...[0m
[96m[Processor] Pending versions: ['4.0.0.Beta1', '4.0.0.Beta2', '4.0.0.Beta3', '4.0.0.CR1', '4.0.0.CR2', '4.0.0.CR3', '4.0.0.CR4', '4.0.0.CR5', '4.0.0.CR6', '4.0.0.CR7', '4.0.0.CR8', '4.0.0.CR9', '4.0.0.Final', '4.0.1.Final', '4.0.2.Final', '4.0.3.Final', '4.0.4.Final', '4.0.5.Final', '4.0.6.Final', '4.0.7.Final', '4.0.8.Final', '4.0.9.Final', '4.0.10.Final', '4.0.11.Final', '4.0.12.Final', '4.0.13.Final', '4.0.14.Beta1', '4.0.14.Final', '4.0.15.Final', '4.0.16.Final', '4.0.17.Final', '4.0.18.Final', '4.0.19.Final', '4.0.20.Final', '4.0.21.Final', '4.0.22.Final', '4.0.23.Final', '4.0.24.Final', '4.0.25.Final', '4.0.26.Final', '4.0.27.Final', '4.0.28.Final', '4.0.29.Final', '4.0.30.Final', '4.0.31.Final', '4.0.32.Final', '4.0.33.Final', '4.0.34.Final', '4.0.35.Final', '4.0.36.Final', '4.0.37.Final', '4.0.38.Final', '4.0.39.Final', '4.0.40.Final', '4.0.41.Final', '4.0.42.Final', '4.0.43.Final', '4.0.44.Final', '4.0.45.Final', '4.0.46.Final', '4.0.47.Final', '4.0.48.Final', '4.0.49.Final', '4.0.50.Final', '4.0.51.Final', '4.0.52.Final', '4.0.53.Final', '4.0.54.Final', '4.0.55.Final', '4.0.56.Final', '4.1.0.Beta1', '4.1.0.Beta2', '4.1.0.Beta3', '4.1.0.Beta4', '4.1.0.Beta5', '4.1.0.Beta6', '4.1.0.Beta7', '4.1.0.Beta8', '4.1.0.CR1', '4.1.0.CR2', '4.1.0.CR3', '4.1.0.CR4', '4.1.0.CR5', '4.1.0.CR6', '4.1.0.CR7', '5.0.0.Alpha2'][0m
[96m[Preparer] Pending directory already exists: /PoCAdaptation/exploit/pending/CVE-2021-43797[0m
[92m[Main] Total affected versions: 157[0m
[92m[Main] Already reproduced versions: 72[0m
[93m[Main] Versions pending adaptation: 85[0m
[96m[Main]     -> ['4.0.0.Beta1', '4.0.0.Beta2', '4.0.0.Beta3', '4.0.0.CR1', '4.0.0.CR2', '4.0.0.CR3', '4.0.0.CR4', '4.0.0.CR5', '4.0.0.CR6', '4.0.0.CR7', '4.0.0.CR8', '4.0.0.CR9', '4.0.0.Final', '4.0.1.Final', '4.0.2.Final', '4.0.3.Final', '4.0.4.Final', '4.0.5.Final', '4.0.6.Final', '4.0.7.Final', '4.0.8.Final', '4.0.9.Final', '4.0.10.Final', '4.0.11.Final', '4.0.12.Final', '4.0.13.Final', '4.0.14.Beta1', '4.0.14.Final', '4.0.15.Final', '4.0.16.Final', '4.0.17.Final', '4.0.18.Final', '4.0.19.Final', '4.0.20.Final', '4.0.21.Final', '4.0.22.Final', '4.0.23.Final', '4.0.24.Final', '4.0.25.Final', '4.0.26.Final', '4.0.27.Final', '4.0.28.Final', '4.0.29.Final', '4.0.30.Final', '4.0.31.Final', '4.0.32.Final', '4.0.33.Final', '4.0.34.Final', '4.0.35.Final', '4.0.36.Final', '4.0.37.Final', '4.0.38.Final', '4.0.39.Final', '4.0.40.Final', '4.0.41.Final', '4.0.42.Final', '4.0.43.Final', '4.0.44.Final', '4.0.45.Final', '4.0.46.Final', '4.0.47.Final', '4.0.48.Final', '4.0.49.Final', '4.0.50.Final', '4.0.51.Final', '4.0.52.Final', '4.0.53.Final', '4.0.54.Final', '4.0.55.Final', '4.0.56.Final', '4.1.0.Beta1', '4.1.0.Beta2', '4.1.0.Beta3', '4.1.0.Beta4', '4.1.0.Beta5', '4.1.0.Beta6', '4.1.0.Beta7', '4.1.0.Beta8', '4.1.0.CR1', '4.1.0.CR2', '4.1.0.CR3', '4.1.0.CR4', '4.1.0.CR5', '4.1.0.CR6', '4.1.0.CR7'][0m
[96m[Main]     -> ['4.1.0.Final', '4.1.1.Final', '4.1.2.Final', '4.1.3.Final', '4.1.4.Final', '4.1.5.Final', '4.1.6.Final', '4.1.7.Final', '4.1.8.Final', '4.1.9.Final', '4.1.10.Final', '4.1.11.Final', '4.1.12.Final', '4.1.13.Final', '4.1.14.Final', '4.1.15.Final', '4.1.16.Final', '4.1.17.Final', '4.1.18.Final', '4.1.19.Final', '4.1.20.Final', '4.1.21.Final', '4.1.22.Final', '4.1.23.Final', '4.1.24.Final', '4.1.25.Final', '4.1.26.Final', '4.1.27.Final', '4.1.28.Final', '4.1.29.Final', '4.1.30.Final', '4.1.31.Final', '4.1.32.Final', '4.1.33.Final', '4.1.34.Final', '4.1.35.Final', '4.1.36.Final', '4.1.37.Final', '4.1.38.Final', '4.1.39.Final', '4.1.40.Final', '4.1.41.Final', '4.1.42.Final', '4.1.43.Final', '4.1.44.Final', '4.1.45.Final', '4.1.46.Final', '4.1.47.Final', '4.1.48.Final', '4.1.49.Final', '4.1.50.Final', '4.1.51.Final', '4.1.52.Final', '4.1.53.Final', '4.1.54.Final', '4.1.55.Final', '4.1.56.Final', '4.1.57.Final', '4.1.58.Final', '4.1.59.Final', '4.1.60.Final', '4.1.61.Final', '4.1.62.Final', '4.1.63.Final', '4.1.64.Final', '4.1.65.Final', '4.1.66.Final', '4.1.67.Final', '4.1.68.Final', '4.1.69.Final', '4.1.70.Final', '5.0.0.Alpha2'][0m
[96m[Executor] Running initial exploit mvn test in /PoCAdaptation/exploit/origin/CVE-2021-43797/exploit[0m
[91m[Executor] Initial exploit execution finished with return code 1[0m
[96m[Verifier] Verifying reproduction...[0m
[92m[Verifier] âœ“ Behavior matched: 'java.lang.AssertionError'[0m
[92m[Verifier] âœ“ Detail matched: 'null'[0m
[92m[Verifier] âœ“ All reproduction indicators matched.[0m
[92m[Verifier] Initial exploit behavior verified successfully.[0m
[96m[Selector] Nearest need adapatation version selected: 4.1.0.CR7[0m
[96m[Selector] Closest reproduced version: 4.1.0.Final at index 93[0m
[96m[Adapter] Trying next closest version: 4.1.0.CR7[0m
[93m[Preparer] No usable exploit dirs found under /PoCAdaptation/exploit/valid/CVE-2021-43797[0m
[92m[Preparer] Copied exploit to: /PoCAdaptation/exploit/pending/CVE-2021-43797/4.1.0.CR7/exploit[0m
[96m[Preparer] Updating dependency version to 4.1.0.CR7 in /PoCAdaptation/exploit/pending/CVE-2021-43797/4.1.0.CR7/exploit/pom.xml[0m
[92m[Preparer] Updated dependency version to 4.1.0.CR7 in /PoCAdaptation/exploit/pending/CVE-2021-43797/4.1.0.CR7/exploit/pom.xml[0m
[96m[Executor] Attempting direct exploit execution on 4.1.0.CR7...[0m
[96m[Executor] Executing exploit for CVE-2021-43797 on version 4.1.0.CR7...[0m
[96m[Verifier] Verifying reproduction...[0m
[91m[Verifier] âœ— Behavior not found: 'java.lang.AssertionError'[0m
[91m[Executor] Reproduction result: Failure[0m
[96m[Adapter] Attempting adaptation from base version 4.1.0.Final to 4.1.0.CR7...[0m
[96m[Adapter] Start adapting exploit from 4.1.0.Final to 4.1.0.CR7"[0m
[96m[Executor] Executing exploit for CVE-2021-43797 on version 4.1.0.CR7...[0m
[96m[Verifier] Verifying reproduction...[0m
[91m[Verifier] âœ— Behavior not found: 'java.lang.AssertionError'[0m
[91m[Executor] Reproduction result: Failure[0m
[96m[ErrorManager] Ignoring line: [ERROR] Failed to execute goal org.apache.maven.plugins:maven-compiler-plugin:3.1:testCompile (default-testCompile) on project CVE-2021-43797: Compilation failure: Compilation failure:[0m
[92m[ErrorManager] Processing line: [ERROR] /PoCAdaptation/exploit/result/CVE-2021-43797/4.1.0.CR7/exploit/src/test/java/edu/vision/se/Testcase1.java:[25,22] cannot find symbol[0m
[92m[ErrorManager] Processing line: [ERROR]   symbol:   method writeCharSequence(java.lang.String,java.nio.charset.Charset)[0m
[92m[ErrorManager] Processing line: [ERROR]   location: variable requestBuffer of type io.netty.buffer.ByteBuf[0m
[92m[ErrorManager] Processing line: [ERROR] /PoCAdaptation/exploit/result/CVE-2021-43797/4.1.0.CR7/exploit/src/test/java/edu/vision/se/Testcase1.java:[28,22] cannot find symbol[0m
[92m[ErrorManager] Processing line: [ERROR]   symbol:   method writeCharSequence(java.lang.String,java.nio.charset.Charset)[0m
[92m[ErrorManager] Processing line: [ERROR]   location: variable requestBuffer of type io.netty.buffer.ByteBuf[0m
[96m[ErrorManager] Ignoring line: [ERROR] -> [Help 1][0m
[96m[ErrorManager] Ignoring line: [ERROR][0m
[96m[ErrorManager] Ignoring line: [ERROR] To see the full stack trace of the errors, re-run Maven with the -e switch.[0m
[96m[ErrorManager] Ignoring line: [ERROR] Re-run Maven using the -X switch to enable full debug logging.[0m
[96m[ErrorManager] Ignoring line: [ERROR][0m
[96m[ErrorManager] Ignoring line: [ERROR] For more information about the errors and possible solutions, please read the following articles:[0m
[96m[ErrorManager] Ignoring line: [ERROR] [Help 1] http://cwiki.apache.org/confluence/display/MAVEN/MojoFailureException[0m
[96m[Adapter] Locating fix position in error log.[0m
[LLMClient] Tokens used: 1593 (prompt), 1 (completion), 1594 (total)
[LLMClient] Prompt: 
You are given a Java error log when executing 'mvn test' in a project with dependency version 4.1.0.CR7:io.netty:netty-codec-http.
This test file compiles and runs successfully with version 4.1.0.Final.

Your task is to:
1. Analyze why this issue occurs with the *4.1.0.Final* but not with the *4.1.0.CR7 version*.
2. Consider how to resolve the issue **without updating this library**.
3. Determine and output the location in the project that should be modified to fix the problem.

Please return 'pom' if the fix is in the pom.xml file, or 'test' if the fix is in the test code.
Do not return any other text, just 'pom' or 'test'.

The error log is:
[INFO] Scanning for projects...
[INFO] 
[INFO] --------------------< edu.vision.se:CVE-2021-43797 >--------------------
[INFO] Building netty-codec-http CVE-2021-43797 1.0-SNAPSHOT
[INFO]   from pom.xml
[INFO] --------------------------------[ jar ]---------------------------------
[INFO] 
[INFO] --- maven-clean-plugin:2.5:clean (default-clean) @ CVE-2021-43797 ---
[INFO] Deleting /PoCAdaptation/exploit/result/CVE-2021-43797/4.1.0.CR7/exploit/target
[INFO] 
[INFO] --- maven-resources-plugin:2.6:resources (default-resources) @ CVE-2021-43797 ---
[INFO] Using 'UTF-8' encoding to copy filtered resources.
[INFO] skip non existing resourceDirectory /PoCAdaptation/exploit/result/CVE-2021-43797/4.1.0.CR7/exploit/src/main/resources
[INFO] 
[INFO] --- maven-compiler-plugin:3.1:compile (default-compile) @ CVE-2021-43797 ---
[INFO] No sources to compile
[INFO] 
[INFO] --- maven-resources-plugin:2.6:testResources (default-testResources) @ CVE-2021-43797 ---
[INFO] Using 'UTF-8' encoding to copy filtered resources.
[INFO] Copying 1 resource
[INFO] 
[INFO] --- maven-compiler-plugin:3.1:testCompile (default-testCompile) @ CVE-2021-43797 ---
[INFO] Changes detected - recompiling the module!
[INFO] Compiling 1 source file to /PoCAdaptation/exploit/result/CVE-2021-43797/4.1.0.CR7/exploit/target/test-classes
[INFO] -------------------------------------------------------------
[ERROR] COMPILATION ERROR : 
[INFO] -------------------------------------------------------------
[ERROR] /PoCAdaptation/exploit/result/CVE-2021-43797/4.1.0.CR7/exploit/src/test/java/edu/vision/se/Testcase1.java:[25,22] cannot find symbol
  symbol:   method writeCharSequence(java.lang.String,java.nio.charset.Charset)
  location: variable requestBuffer of type io.netty.buffer.ByteBuf
[ERROR] /PoCAdaptation/exploit/result/CVE-2021-43797/4.1.0.CR7/exploit/src/test/java/edu/vision/se/Testcase1.java:[28,22] cannot find symbol
  symbol:   method writeCharSequence(java.lang.String,java.nio.charset.Charset)
  location: variable requestBuffer of type io.netty.buffer.ByteBuf
[INFO] 2 errors 
[INFO] -------------------------------------------------------------
[INFO] ------------------------------------------------------------------------
[INFO] BUILD FAILURE
[INFO] ------------------------------------------------------------------------
[INFO] Total time:  1.057 s
[INFO] Finished at: 2025-07-13T13:27:51Z
[INFO] ------------------------------------------------------------------------
[ERROR] Failed to execute goal org.apache.maven.plugins:maven-compiler-plugin:3.1:testCompile (default-testCompile) on project CVE-2021-43797: Compilation failure: Compilation failure: 
[ERROR] /PoCAdaptation/exploit/result/CVE-2021-43797/4.1.0.CR7/exploit/src/test/java/edu/vision/se/Testcase1.java:[25,22] cannot find symbol
[ERROR]   symbol:   method writeCharSequence(java.lang.String,java.nio.charset.Charset)
[ERROR]   location: variable requestBuffer of type io.netty.buffer.ByteBuf
[ERROR] /PoCAdaptation/exploit/result/CVE-2021-43797/4.1.0.CR7/exploit/src/test/java/edu/vision/se/Testcase1.java:[28,22] cannot find symbol
[ERROR]   symbol:   method writeCharSequence(java.lang.String,java.nio.charset.Charset)
[ERROR]   location: variable requestBuffer of type io.netty.buffer.ByteBuf
[ERROR] -> [Help 1]
[ERROR] 
[ERROR] To see the full stack trace of the errors, re-run Maven with the -e switch.
[ERROR] Re-run Maven using the -X switch to enable full debug logging.
[ERROR] 
[ERROR] For more information about the errors and possible solutions, please read the following articles:
[ERROR] [Help 1] http://cwiki.apache.org/confluence/display/MAVEN/MojoFailureException


current_pom file is:<?xml version='1.0' encoding='utf-8'?>
<project xmlns="http://maven.apache.org/POM/4.0.0" xmlns:xsi="http://www.w3.org/2001/XMLSchema-instance" xsi:schemaLocation="http://maven.apache.org/POM/4.0.0 https://maven.apache.org/xsd/maven-4.0.0.xsd">
  <groupId>edu.vision.se</groupId><version>1.0-SNAPSHOT</version><modelVersion>4.0.0</modelVersion>
  <artifactId>CVE-2021-43797</artifactId>
  <name>netty-codec-http CVE-2021-43797</name>
  <properties>
    <maven.compiler.target>11</maven.compiler.target>
    <maven.compiler.source>11</maven.compiler.source>
    <project.build.sourceEncoding>UTF-8</project.build.sourceEncoding>
  </properties>
  <dependencies>
    <dependency>
      <groupId>io.netty</groupId>
      <artifactId>netty-codec-http</artifactId>
      <version>4.1.0.CR7</version>
    </dependency>
  <dependency><groupId>junit</groupId><artifactId>junit</artifactId><version>4.13.2</version></dependency>
  
  </dependencies>
</project>
[LLMClient] Response: 
test
[96m[Adapter] LLM response for fix position: test[0m
[LLMClient] Tokens used: 173 (prompt), 6 (completion), 179 (total)
[LLMClient] Prompt: 
You are given an error log when executing 'mvn test' in version 4.1.0.CR7: 

Error: cannot find symbol, method writeCharSequence(java.lang.String,java.nio.charset.Charset), variable requestBuffer of type io.netty.buffer.ByteBuf 

The test executes as expected in 4.1.0.Final 

Error code:         requestBuffer.writeCharSequence("GET /some/path HTTP/1.1\r\n" + 

Extract two key *entities* from the error for searching related diffs 

The extracted entities should reflect code-level identifiers that are likely to appear in source code or diffs. 

Output each node as a `;`-separated list, with no explanations. 


[LLMClient] Response: 
requestBuffer;writeCharSequence
[96m[ErrorManager] Extracted key entities: ['requestBuffer', 'writeCharSequence'][0m
[96m[Adapter] Try to solve error: {'file': '/PoCAdaptation/exploit/result/CVE-2021-43797/4.1.0.CR7/exploit/src/test/java/edu/vision/se/Testcase1.java', 'line': 25, 'column': 22, 'message': 'cannot find symbol', 'symbol': 'method writeCharSequence(java.lang.String,java.nio.charset.Charset)', 'location': 'variable requestBuffer of type io.netty.buffer.ByteBuf', 'code_line': '        requestBuffer.writeCharSequence("GET /some/path HTTP/1.1\\r\\n" +'} with cause: ['requestBuffer', 'writeCharSequence'][0m
[LLMClient] Tokens used: 196 (prompt), 6 (completion), 202 (total)
[LLMClient] Prompt: 
You are given an error log when executing 'mvn test' in version 4.1.0.CR7: 

Error: cannot find symbol, method writeCharSequence(java.lang.String,java.nio.charset.Charset), variable requestBuffer of type io.netty.buffer.ByteBuf 

The test executes as expected in 4.1.0.Final 

Error code:         requestBuffer.writeCharSequence("GET /some/path HTTP/1.1\r\n" + 

Extract two key *entities* from the error for searching related diffs 

The extracted entities should reflect code-level identifiers that are likely to appear in source code or diffs. 

Current cause: ['requestBuffer', 'writeCharSequence'] 

 failed to catch, try simpler or other entities.

Output each node as a `;`-separated list, with no explanations. 


[LLMClient] Response: 
requestBuffer;writeCharSequence
[96m[ErrorManager] Extracted key entities: ['requestBuffer', 'writeCharSequence'][0m
[96m[Adapter] Related diffs for error: [(9, 5.0), (18, 5.0), (23, 5.0), (34, 5.0), (85, 5.0)][0m
[96m[Adapter] Fix position is in test code.[0m
[96m[RepairModule] Start repair for group: cannot find symbol | method writeCharSequence(java.lang.String,java.nio.charset.Charset) cause: ['requestBuffer', 'writeCharSequence'][0m
[96m[RepairModule] Trying best diff #9 with score 5.00[0m
[96m[RepairModule] Iteration 0, temperature 1.000: Trying diff #9 with score 5.00[0m
[LLMClient] Tokens used: 753 (prompt), 389 (completion), 1142 (total)
[LLMClient] Prompt: 
You are given a Java test file with compilation errors in version 4.1.0.CR7:io.netty:netty-codec-http.
This test file compiles and runs successfully in 4.1.0.Final.

The diff is related to the diff.
Your task has three steps:
 1. Locate the code where the compilation error occurs.
 2. Analyze the diff from 4.1.0.Final to 4.1.0.CR7.
 3. Fix the error in the error position only when diff is helpful. Add import statement when needed according to the diff. 

Only output the modified version of the test file according to the diff. No explanations. If mocking, access fields via reflection if they exist.
### Compilation Errors:
message: cannot find symbol, symble: method writeCharSequence(java.lang.String,java.nio.charset.Charset), location: variable requestBuffer of type io.netty.buffer.ByteBuf

### Error Position:
        requestBuffer.writeCharSequence("GET /some/path HTTP/1.1\r\n" +

### Related Diff:
Operation: MODIFIED, File: buffer/src/main/java/io/netty/buffer/AbstractByteBuf.java, Hunk: @@ -1105,6 +1149,13 @@ public ByteBuf writeZero(int length) {
         return this;
     }

-    @Override
-    public int writeCharSequence(CharSequence sequence, Charset charset) {
-        int written = setCharSequence(writerIndex, sequence, charset);
-        writerIndex += written;
-        return written;
-    }
-
     @Override
     public ByteBuf copy() {
         return copy(readerIndex, readableBytes());

### Test File Content:
package edu.vision.se;

import io.netty.buffer.ByteBuf;
import io.netty.buffer.Unpooled;
import io.netty.channel.embedded.EmbeddedChannel;
import io.netty.handler.codec.http.HttpRequest;
import io.netty.handler.codec.http.HttpRequestDecoder;
import io.netty.util.CharsetUtil;
import org.junit.Test;

import static org.hamcrest.CoreMatchers.instanceOf;
import static org.hamcrest.MatcherAssert.assertThat;
import static org.junit.Assert.assertFalse;
import static org.junit.Assert.assertTrue;


public class Testcase1 {
    @Test(timeout = 60000)
    public void testHeaderNameStartsWithControlChar1c() {
        testHeaderNameStartsWithControlChar(0x1c);
    }

    private void testHeaderNameStartsWithControlChar(int controlChar) {
        ByteBuf requestBuffer = Unpooled.buffer();
        requestBuffer.writeCharSequence("GET /some/path HTTP/1.1\r\n" +
                "Host: netty.io\r\n", CharsetUtil.US_ASCII);
        requestBuffer.writeByte(controlChar);
        requestBuffer.writeCharSequence("Transfer-Encoding: chunked\r\n\r\n", CharsetUtil.US_ASCII);
        testInvalidHeaders0(requestBuffer);
    }


    private static void testInvalidHeaders0(ByteBuf requestBuffer) {
        EmbeddedChannel channel = new EmbeddedChannel(new HttpRequestDecoder());
        assertTrue(channel.writeInbound(requestBuffer));
        HttpRequest request = channel.readInbound();
        assertThat(request.decoderResult().cause(), instanceOf(IllegalArgumentException.class));
        assertTrue(request.decoderResult().isFailure());
        assertFalse(channel.finish());
    }
}


[LLMClient] Response: 
Here's the modified version of the test file according to the diff:

```java
package edu.vision.se;

import io.netty.buffer.ByteBuf;
import io.netty.buffer.Unpooled;
import io.netty.channel.embedded.EmbeddedChannel;
import io.netty.handler.codec.http.HttpRequest;
import io.netty.handler.codec.http.HttpRequestDecoder;
import io.netty.util.CharsetUtil;
import org.junit.Test;

import static org.hamcrest.CoreMatchers.instanceOf;
import static org.hamcrest.MatcherAssert.assertThat;
import static org.junit.Assert.assertFalse;
import static org.junit.Assert.assertTrue;


public class Testcase1 {
    @Test(timeout = 60000)
    public void testHeaderNameStartsWithControlChar1c() {
        testHeaderNameStartsWithControlChar(0x1c);
    }

    private void testHeaderNameStartsWithControlChar(int controlChar) {
        ByteBuf requestBuffer = Unpooled.buffer();
        requestBuffer.writeBytes("GET /some/path HTTP/1.1\r\n" +
                "Host: netty.io\r\n".getBytes(CharsetUtil.US_ASCII));
        requestBuffer.writeByte(controlChar);
        requestBuffer.writeBytes("Transfer-Encoding: chunked\r\n\r\n".getBytes(CharsetUtil.US_ASCII));
        testInvalidHeaders0(requestBuffer);
    }

    private static void testInvalidHeaders0(ByteBuf requestBuffer) {
        EmbeddedChannel channel = new EmbeddedChannel(new HttpRequestDecoder());
        assertTrue(channel.writeInbound(requestBuffer));
        HttpRequest request = channel.readInbound();
        assertThat(request.decoderResult().cause(), instanceOf(IllegalArgumentException.class));
        assertTrue(request.decoderResult().isFailure());
        assertFalse(channel.finish());
    }
}
```
[96m[RepairModule] Wrote modified code to /PoCAdaptation/exploit/result/CVE-2021-43797/4.1.0.CR7/exploit/src/test/java/edu/vision/se/Testcase1.java[0m
[96m[Executor] Executing exploit for CVE-2021-43797 on version 4.1.0.CR7...[0m
[96m[Verifier] Verifying reproduction...[0m
[91m[Verifier] âœ— Behavior not found: 'java.lang.AssertionError'[0m
[91m[Executor] Reproduction result: Failure[0m
[96m[ErrorManager] Ignoring line: [ERROR] Failed to execute goal org.apache.maven.plugins:maven-compiler-plugin:3.1:testCompile (default-testCompile) on project CVE-2021-43797: Compilation failure[0m
[92m[ErrorManager] Processing line: [ERROR] /PoCAdaptation/exploit/result/CVE-2021-43797/4.1.0.CR7/exploit/src/test/java/edu/vision/se/Testcase1.java:[25,22] no suitable method found for writeBytes(java.lang.String)[0m
[92m[ErrorManager] Processing line: [ERROR]     method io.netty.buffer.ByteBuf.writeBytes(io.netty.buffer.ByteBuf) is not applicable[0m
[92m[ErrorManager] Processing line: [ERROR]       (argument mismatch; java.lang.String cannot be converted to io.netty.buffer.ByteBuf)[0m
[92m[ErrorManager] Processing line: [ERROR]     method io.netty.buffer.ByteBuf.writeBytes(byte[]) is not applicable[0m
[92m[ErrorManager] Processing line: [ERROR]       (argument mismatch; java.lang.String cannot be converted to byte[])[0m
[92m[ErrorManager] Processing line: [ERROR]     method io.netty.buffer.ByteBuf.writeBytes(java.nio.ByteBuffer) is not applicable[0m
[92m[ErrorManager] Processing line: [ERROR]       (argument mismatch; java.lang.String cannot be converted to java.nio.ByteBuffer)[0m
[96m[ErrorManager] Ignoring line: [ERROR][0m
[96m[ErrorManager] Ignoring line: [ERROR] -> [Help 1][0m
[96m[ErrorManager] Ignoring line: [ERROR][0m
[96m[ErrorManager] Ignoring line: [ERROR] To see the full stack trace of the errors, re-run Maven with the -e switch.[0m
[96m[ErrorManager] Ignoring line: [ERROR] Re-run Maven using the -X switch to enable full debug logging.[0m
[96m[ErrorManager] Ignoring line: [ERROR][0m
[96m[ErrorManager] Ignoring line: [ERROR] For more information about the errors and possible solutions, please read the following articles:[0m
[96m[ErrorManager] Ignoring line: [ERROR] [Help 1] http://cwiki.apache.org/confluence/display/MAVEN/MojoFailureException[0m
[RepairModule] Old grouped keys: {'cannot find symbol | method writeCharSequence(java.lang.String,java.nio.charset.Charset)'}
[RepairModule] New grouped keys: {'no suitable method found for writeBytes(java.lang.String) method io.netty.buffer.ByteBuf.writeBytes(io.netty.buffer.ByteBuf) is not applicable (argument mismatch; java.lang.String cannot be converted to io.netty.buffer.ByteBuf) method io.netty.buffer.ByteBuf.writeBytes(byte[]) is not applicable (argument mismatch; java.lang.String cannot be converted to byte[]) method io.netty.buffer.ByteBuf.writeBytes(java.nio.ByteBuffer) is not applicable (argument mismatch; java.lang.String cannot be converted to java.nio.ByteBuffer) |'}
[93m[RepairModule] [Analyzer] New error:
  File     : /PoCAdaptation/exploit/result/CVE-2021-43797/4.1.0.CR7/exploit/src/test/java/edu/vision/se/Testcase1.java
  Line     : 25, Column: 22
  Message  : no suitable method found for writeBytes(java.lang.String) method io.netty.buffer.ByteBuf.writeBytes(io.netty.buffer.ByteBuf) is not applicable (argument mismatch; java.lang.String cannot be converted to io.netty.buffer.ByteBuf) method io.netty.buffer.ByteBuf.writeBytes(byte[]) is not applicable (argument mismatch; java.lang.String cannot be converted to byte[]) method io.netty.buffer.ByteBuf.writeBytes(java.nio.ByteBuffer) is not applicable (argument mismatch; java.lang.String cannot be converted to java.nio.ByteBuffer)
  Symbol   : None
  Location : None
  Code     : requestBuffer.writeBytes("GET /some/path HTTP/1.1\r\n" +
  Position : same the fixing line (25)[0m
[92m[RepairModule] Error cannot find symbol resolved after applying diff.[0m
[92m[RepairModule] Repair success with diff #9 at iteration 0![0m
[96m[Adapter] Test code repair attempted.[0m
[96m[Executor] Executing exploit for CVE-2021-43797 on version 4.1.0.CR7...[0m
[96m[Verifier] Verifying reproduction...[0m
[91m[Verifier] âœ— Behavior not found: 'java.lang.AssertionError'[0m
[91m[Executor] Reproduction result: Failure[0m
[96m[ErrorManager] Ignoring line: [ERROR] Failed to execute goal org.apache.maven.plugins:maven-compiler-plugin:3.1:testCompile (default-testCompile) on project CVE-2021-43797: Compilation failure[0m
[92m[ErrorManager] Processing line: [ERROR] /PoCAdaptation/exploit/result/CVE-2021-43797/4.1.0.CR7/exploit/src/test/java/edu/vision/se/Testcase1.java:[25,22] no suitable method found for writeBytes(java.lang.String)[0m
[92m[ErrorManager] Processing line: [ERROR]     method io.netty.buffer.ByteBuf.writeBytes(io.netty.buffer.ByteBuf) is not applicable[0m
[92m[ErrorManager] Processing line: [ERROR]       (argument mismatch; java.lang.String cannot be converted to io.netty.buffer.ByteBuf)[0m
[92m[ErrorManager] Processing line: [ERROR]     method io.netty.buffer.ByteBuf.writeBytes(byte[]) is not applicable[0m
[92m[ErrorManager] Processing line: [ERROR]       (argument mismatch; java.lang.String cannot be converted to byte[])[0m
[92m[ErrorManager] Processing line: [ERROR]     method io.netty.buffer.ByteBuf.writeBytes(java.nio.ByteBuffer) is not applicable[0m
[92m[ErrorManager] Processing line: [ERROR]       (argument mismatch; java.lang.String cannot be converted to java.nio.ByteBuffer)[0m
[96m[ErrorManager] Ignoring line: [ERROR][0m
[96m[ErrorManager] Ignoring line: [ERROR] -> [Help 1][0m
[96m[ErrorManager] Ignoring line: [ERROR][0m
[96m[ErrorManager] Ignoring line: [ERROR] To see the full stack trace of the errors, re-run Maven with the -e switch.[0m
[96m[ErrorManager] Ignoring line: [ERROR] Re-run Maven using the -X switch to enable full debug logging.[0m
[96m[ErrorManager] Ignoring line: [ERROR][0m
[96m[ErrorManager] Ignoring line: [ERROR] For more information about the errors and possible solutions, please read the following articles:[0m
[96m[ErrorManager] Ignoring line: [ERROR] [Help 1] http://cwiki.apache.org/confluence/display/MAVEN/MojoFailureException[0m
[96m[Adapter] Locating fix position in error log.[0m
[LLMClient] Tokens used: 1650 (prompt), 1 (completion), 1651 (total)
[LLMClient] Prompt: 
You are given a Java error log when executing 'mvn test' in a project with dependency version 4.1.0.CR7:io.netty:netty-codec-http.
This test file compiles and runs successfully with version 4.1.0.Final.

Your task is to:
1. Analyze why this issue occurs with the *4.1.0.Final* but not with the *4.1.0.CR7 version*.
2. Consider how to resolve the issue **without updating this library**.
3. Determine and output the location in the project that should be modified to fix the problem.

Please return 'pom' if the fix is in the pom.xml file, or 'test' if the fix is in the test code.
Do not return any other text, just 'pom' or 'test'.

The error log is:
[INFO] Scanning for projects...
[INFO] 
[INFO] --------------------< edu.vision.se:CVE-2021-43797 >--------------------
[INFO] Building netty-codec-http CVE-2021-43797 1.0-SNAPSHOT
[INFO]   from pom.xml
[INFO] --------------------------------[ jar ]---------------------------------
[INFO] 
[INFO] --- maven-clean-plugin:2.5:clean (default-clean) @ CVE-2021-43797 ---
[INFO] Deleting /PoCAdaptation/exploit/result/CVE-2021-43797/4.1.0.CR7/exploit/target
[INFO] 
[INFO] --- maven-resources-plugin:2.6:resources (default-resources) @ CVE-2021-43797 ---
[INFO] Using 'UTF-8' encoding to copy filtered resources.
[INFO] skip non existing resourceDirectory /PoCAdaptation/exploit/result/CVE-2021-43797/4.1.0.CR7/exploit/src/main/resources
[INFO] 
[INFO] --- maven-compiler-plugin:3.1:compile (default-compile) @ CVE-2021-43797 ---
[INFO] No sources to compile
[INFO] 
[INFO] --- maven-resources-plugin:2.6:testResources (default-testResources) @ CVE-2021-43797 ---
[INFO] Using 'UTF-8' encoding to copy filtered resources.
[INFO] Copying 1 resource
[INFO] 
[INFO] --- maven-compiler-plugin:3.1:testCompile (default-testCompile) @ CVE-2021-43797 ---
[INFO] Changes detected - recompiling the module!
[INFO] Compiling 1 source file to /PoCAdaptation/exploit/result/CVE-2021-43797/4.1.0.CR7/exploit/target/test-classes
[INFO] -------------------------------------------------------------
[WARNING] COMPILATION WARNING : 
[INFO] -------------------------------------------------------------
[WARNING] Some messages have been simplified; recompile with -Xdiags:verbose to get full output
[INFO] 1 warning
[INFO] -------------------------------------------------------------
[INFO] -------------------------------------------------------------
[ERROR] COMPILATION ERROR : 
[INFO] -------------------------------------------------------------
[ERROR] /PoCAdaptation/exploit/result/CVE-2021-43797/4.1.0.CR7/exploit/src/test/java/edu/vision/se/Testcase1.java:[25,22] no suitable method found for writeBytes(java.lang.String)
    method io.netty.buffer.ByteBuf.writeBytes(io.netty.buffer.ByteBuf) is not applicable
      (argument mismatch; java.lang.String cannot be converted to io.netty.buffer.ByteBuf)
    method io.netty.buffer.ByteBuf.writeBytes(byte[]) is not applicable
      (argument mismatch; java.lang.String cannot be converted to byte[])
    method io.netty.buffer.ByteBuf.writeBytes(java.nio.ByteBuffer) is not applicable
      (argument mismatch; java.lang.String cannot be converted to java.nio.ByteBuffer)
[INFO] 1 error
[INFO] -------------------------------------------------------------
[INFO] ------------------------------------------------------------------------
[INFO] BUILD FAILURE
[INFO] ------------------------------------------------------------------------
[INFO] Total time:  0.882 s
[INFO] Finished at: 2025-07-13T13:28:27Z
[INFO] ------------------------------------------------------------------------
[ERROR] Failed to execute goal org.apache.maven.plugins:maven-compiler-plugin:3.1:testCompile (default-testCompile) on project CVE-2021-43797: Compilation failure
[ERROR] /PoCAdaptation/exploit/result/CVE-2021-43797/4.1.0.CR7/exploit/src/test/java/edu/vision/se/Testcase1.java:[25,22] no suitable method found for writeBytes(java.lang.String)
[ERROR]     method io.netty.buffer.ByteBuf.writeBytes(io.netty.buffer.ByteBuf) is not applicable
[ERROR]       (argument mismatch; java.lang.String cannot be converted to io.netty.buffer.ByteBuf)
[ERROR]     method io.netty.buffer.ByteBuf.writeBytes(byte[]) is not applicable
[ERROR]       (argument mismatch; java.lang.String cannot be converted to byte[])
[ERROR]     method io.netty.buffer.ByteBuf.writeBytes(java.nio.ByteBuffer) is not applicable
[ERROR]       (argument mismatch; java.lang.String cannot be converted to java.nio.ByteBuffer)
[ERROR] 
[ERROR] -> [Help 1]
[ERROR] 
[ERROR] To see the full stack trace of the errors, re-run Maven with the -e switch.
[ERROR] Re-run Maven using the -X switch to enable full debug logging.
[ERROR] 
[ERROR] For more information about the errors and possible solutions, please read the following articles:
[ERROR] [Help 1] http://cwiki.apache.org/confluence/display/MAVEN/MojoFailureException


current_pom file is:<?xml version='1.0' encoding='utf-8'?>
<project xmlns="http://maven.apache.org/POM/4.0.0" xmlns:xsi="http://www.w3.org/2001/XMLSchema-instance" xsi:schemaLocation="http://maven.apache.org/POM/4.0.0 https://maven.apache.org/xsd/maven-4.0.0.xsd">
  <groupId>edu.vision.se</groupId><version>1.0-SNAPSHOT</version><modelVersion>4.0.0</modelVersion>
  <artifactId>CVE-2021-43797</artifactId>
  <name>netty-codec-http CVE-2021-43797</name>
  <properties>
    <maven.compiler.target>11</maven.compiler.target>
    <maven.compiler.source>11</maven.compiler.source>
    <project.build.sourceEncoding>UTF-8</project.build.sourceEncoding>
  </properties>
  <dependencies>
    <dependency>
      <groupId>io.netty</groupId>
      <artifactId>netty-codec-http</artifactId>
      <version>4.1.0.CR7</version>
    </dependency>
  <dependency><groupId>junit</groupId><artifactId>junit</artifactId><version>4.13.2</version></dependency>
  
  </dependencies>
</project>
[LLMClient] Response: 
test
[96m[Adapter] LLM response for fix position: test[0m
[LLMClient] Tokens used: 265 (prompt), 15 (completion), 280 (total)
[LLMClient] Prompt: 
You are given an error log when executing 'mvn test' in version 4.1.0.CR7: 

Error: no suitable method found for writeBytes(java.lang.String) method io.netty.buffer.ByteBuf.writeBytes(io.netty.buffer.ByteBuf) is not applicable (argument mismatch; java.lang.String cannot be converted to io.netty.buffer.ByteBuf) method io.netty.buffer.ByteBuf.writeBytes(byte[]) is not applicable (argument mismatch; java.lang.String cannot be converted to byte[]) method io.netty.buffer.ByteBuf.writeBytes(java.nio.ByteBuffer) is not applicable (argument mismatch; java.lang.String cannot be converted to java.nio.ByteBuffer), None, None 

The test executes as expected in 4.1.0.Final 

Error code:         requestBuffer.writeBytes("GET /some/path HTTP/1.1\r\n" + 

Extract two key *entities* from the error for searching related diffs 

The extracted entities should reflect code-level identifiers that are likely to appear in source code or diffs. 

Output each node as a `;`-separated list, with no explanations. 


[LLMClient] Response: 
requestBuffer.writeBytes;GET /some/path HTTP/1.1
[96m[ErrorManager] Extracted key entities: ['requestBuffer.writeBytes', 'GET /some/path HTTP/1.1'][0m
[96m[Adapter] Try to solve error: {'file': '/PoCAdaptation/exploit/result/CVE-2021-43797/4.1.0.CR7/exploit/src/test/java/edu/vision/se/Testcase1.java', 'line': 25, 'column': 22, 'message': 'no suitable method found for writeBytes(java.lang.String) method io.netty.buffer.ByteBuf.writeBytes(io.netty.buffer.ByteBuf) is not applicable (argument mismatch; java.lang.String cannot be converted to io.netty.buffer.ByteBuf) method io.netty.buffer.ByteBuf.writeBytes(byte[]) is not applicable (argument mismatch; java.lang.String cannot be converted to byte[]) method io.netty.buffer.ByteBuf.writeBytes(java.nio.ByteBuffer) is not applicable (argument mismatch; java.lang.String cannot be converted to java.nio.ByteBuffer)', 'symbol': None, 'location': None, 'code_line': '        requestBuffer.writeBytes("GET /some/path HTTP/1.1\\r\\n" +'} with cause: ['requestBuffer.writeBytes', 'GET /some/path HTTP/1.1'][0m
[LLMClient] Tokens used: 297 (prompt), 15 (completion), 312 (total)
[LLMClient] Prompt: 
You are given an error log when executing 'mvn test' in version 4.1.0.CR7: 

Error: no suitable method found for writeBytes(java.lang.String) method io.netty.buffer.ByteBuf.writeBytes(io.netty.buffer.ByteBuf) is not applicable (argument mismatch; java.lang.String cannot be converted to io.netty.buffer.ByteBuf) method io.netty.buffer.ByteBuf.writeBytes(byte[]) is not applicable (argument mismatch; java.lang.String cannot be converted to byte[]) method io.netty.buffer.ByteBuf.writeBytes(java.nio.ByteBuffer) is not applicable (argument mismatch; java.lang.String cannot be converted to java.nio.ByteBuffer), None, None 

The test executes as expected in 4.1.0.Final 

Error code:         requestBuffer.writeBytes("GET /some/path HTTP/1.1\r\n" + 

Extract two key *entities* from the error for searching related diffs 

The extracted entities should reflect code-level identifiers that are likely to appear in source code or diffs. 

Current cause: ['requestBuffer.writeBytes', 'GET /some/path HTTP/1.1'] 

 failed to catch, try simpler or other entities.

Output each node as a `;`-separated list, with no explanations. 


[LLMClient] Response: 
requestBuffer.writeBytes;GET /some/path HTTP/1.1
[96m[ErrorManager] Extracted key entities: ['requestBuffer.writeBytes', 'GET /some/path HTTP/1.1'][0m
[96m[Adapter] Related diffs for error: [(0, 1.0), (1, 1.0), (182, 1.0), (183, 1.0), (227, 1.0)][0m
[96m[Adapter] Fix position is in test code.[0m
[96m[RepairModule] Start repair for group: no suitable method found for writeBytes(java.lang.String) method io.netty.buffer.ByteBuf.writeBytes(io.netty.buffer.ByteBuf) is not applicable (argument mismatch; java.lang.String cannot be converted to io.netty.buffer.ByteBuf) method io.netty.buffer.ByteBuf.writeBytes(byte[]) is not applicable (argument mismatch; java.lang.String cannot be converted to byte[]) method io.netty.buffer.ByteBuf.writeBytes(java.nio.ByteBuffer) is not applicable (argument mismatch; java.lang.String cannot be converted to java.nio.ByteBuffer) | cause: ['requestBuffer.writeBytes', 'GET /some/path HTTP/1.1'][0m
[96m[RepairModule] Trying best diff #0 with score 1.00[0m
[96m[RepairModule] Iteration 0, temperature 1.000: Trying diff #0 with score 1.00[0m
[LLMClient] Tokens used: 813 (prompt), 390 (completion), 1203 (total)
[LLMClient] Prompt: 
You are given a Java test file with compilation errors in version 4.1.0.CR7:io.netty:netty-codec-http.
This test file compiles and runs successfully in 4.1.0.Final.

The diff is related to the diff.
Your task has three steps:
 1. Locate the code where the compilation error occurs.
 2. Analyze the diff from 4.1.0.Final to 4.1.0.CR7.
 3. Fix the error in the error position only when diff is helpful. Add import statement when needed according to the diff. 

Only output the modified version of the test file according to the diff. No explanations. If mocking, access fields via reflection if they exist.
### Compilation Errors:
message: no suitable method found for writeBytes(java.lang.String) method io.netty.buffer.ByteBuf.writeBytes(io.netty.buffer.ByteBuf) is not applicable (argument mismatch; java.lang.String cannot be converted to io.netty.buffer.ByteBuf) method io.netty.buffer.ByteBuf.writeBytes(byte[]) is not applicable (argument mismatch; java.lang.String cannot be converted to byte[]) method io.netty.buffer.ByteBuf.writeBytes(java.nio.ByteBuffer) is not applicable (argument mismatch; java.lang.String cannot be converted to java.nio.ByteBuffer), symble: None, location: None

### Error Position:
        requestBuffer.writeBytes("GET /some/path HTTP/1.1\r\n" +

### Related Diff:
Operation: MODIFIED, File: all/pom.xml, Hunk: @@ -20,7 +20,7 @@
   <parent>
     <groupId>io.netty</groupId>
     <artifactId>netty-parent</artifactId>
+    <version>4.1.0.CR7</version>
-    <version>4.1.0.Final</version>
   </parent>

   <artifactId>netty-all</artifactId>

### Test File Content:
package edu.vision.se;

import io.netty.buffer.ByteBuf;
import io.netty.buffer.Unpooled;
import io.netty.channel.embedded.EmbeddedChannel;
import io.netty.handler.codec.http.HttpRequest;
import io.netty.handler.codec.http.HttpRequestDecoder;
import io.netty.util.CharsetUtil;
import org.junit.Test;

import static org.hamcrest.CoreMatchers.instanceOf;
import static org.hamcrest.MatcherAssert.assertThat;
import static org.junit.Assert.assertFalse;
import static org.junit.Assert.assertTrue;


public class Testcase1 {
    @Test(timeout = 60000)
    public void testHeaderNameStartsWithControlChar1c() {
        testHeaderNameStartsWithControlChar(0x1c);
    }

    private void testHeaderNameStartsWithControlChar(int controlChar) {
        ByteBuf requestBuffer = Unpooled.buffer();
        requestBuffer.writeBytes("GET /some/path HTTP/1.1\r\n" +
                "Host: netty.io\r\n".getBytes(CharsetUtil.US_ASCII));
        requestBuffer.writeByte(controlChar);
        requestBuffer.writeBytes("Transfer-Encoding: chunked\r\n\r\n".getBytes(CharsetUtil.US_ASCII));
        testInvalidHeaders0(requestBuffer);
    }

    private static void testInvalidHeaders0(ByteBuf requestBuffer) {
        EmbeddedChannel channel = new EmbeddedChannel(new HttpRequestDecoder());
        assertTrue(channel.writeInbound(requestBuffer));
        HttpRequest request = channel.readInbound();
        assertThat(request.decoderResult().cause(), instanceOf(IllegalArgumentException.class));
        assertTrue(request.decoderResult().isFailure());
        assertFalse(channel.finish());
    }
}



[LLMClient] Response: 
Here's the modified test file with the fix based on the diff:

```java
package edu.vision.se;

import io.netty.buffer.ByteBuf;
import io.netty.buffer.Unpooled;
import io.netty.channel.embedded.EmbeddedChannel;
import io.netty.handler.codec.http.HttpRequest;
import io.netty.handler.codec.http.HttpRequestDecoder;
import io.netty.util.CharsetUtil;
import org.junit.Test;

import static org.hamcrest.CoreMatchers.instanceOf;
import static org.hamcrest.MatcherAssert.assertThat;
import static org.junit.Assert.assertFalse;
import static org.junit.Assert.assertTrue;


public class Testcase1 {
    @Test(timeout = 60000)
    public void testHeaderNameStartsWithControlChar1c() {
        testHeaderNameStartsWithControlChar(0x1c);
    }

    private void testHeaderNameStartsWithControlChar(int controlChar) {
        ByteBuf requestBuffer = Unpooled.buffer();
        requestBuffer.writeBytes(("GET /some/path HTTP/1.1\r\n" +
                "Host: netty.io\r\n").getBytes(CharsetUtil.US_ASCII));
        requestBuffer.writeByte(controlChar);
        requestBuffer.writeBytes("Transfer-Encoding: chunked\r\n\r\n".getBytes(CharsetUtil.US_ASCII));
        testInvalidHeaders0(requestBuffer);
    }

    private static void testInvalidHeaders0(ByteBuf requestBuffer) {
        EmbeddedChannel channel = new EmbeddedChannel(new HttpRequestDecoder());
        assertTrue(channel.writeInbound(requestBuffer));
        HttpRequest request = channel.readInbound();
        assertThat(request.decoderResult().cause(), instanceOf(IllegalArgumentException.class));
        assertTrue(request.decoderResult().isFailure());
        assertFalse(channel.finish());
    }
}
```
[96m[RepairModule] Wrote modified code to /PoCAdaptation/exploit/result/CVE-2021-43797/4.1.0.CR7/exploit/src/test/java/edu/vision/se/Testcase1.java[0m
[96m[Executor] Executing exploit for CVE-2021-43797 on version 4.1.0.CR7...[0m
[96m[Verifier] Verifying reproduction...[0m
[92m[Verifier] âœ“ Behavior matched: 'java.lang.AssertionError'[0m
[92m[Verifier] âœ“ Detail matched: 'null'[0m
[92m[Verifier] âœ“ All reproduction indicators matched.[0m
[92m[Executor] Reproduction result: Success[0m
[92m[RepairModule] Repair success![0m
[92m[RepairModule] Repair success with diff #0 at iteration 0![0m
[96m[Adapter] Test code repair attempted.[0m
[96m[Executor] Executing exploit for CVE-2021-43797 on version 4.1.0.CR7...[0m
[96m[Verifier] Verifying reproduction...[0m
[92m[Verifier] âœ“ Behavior matched: 'java.lang.AssertionError'[0m
[92m[Verifier] âœ“ Detail matched: 'null'[0m
[92m[Verifier] âœ“ All reproduction indicators matched.[0m
[92m[Executor] Reproduction result: Success[0m
[92m[Adapter] Adaptation from 4.1.0.Final to 4.1.0.CR7 successful.[0m
[Adapt] âœ“ Completed: True
[96m[Adapter] Adaptation complete. Retesting exploit on 4.1.0.CR7...[0m
[92m[Executor] Adaptation + reproduction successful on 4.1.0.CR7[0m
[96m[Adapter] Copied successful adaptation to /PoCAdaptation/exploit/valid/CVE-2021-43797/4.1.0.CR7[0m
[1m[Main] === Starting adaptation process for CVE-2021-43797 ===[0m
[96m[Processor] Fetching all available Maven versions...[0m
[96m[Analyzer] Loading cached versions from: /PoCAdaptation/library/io_netty_netty-codec-http.txt[0m
[96m[Analyzer] io.netty:netty-codec-http has 231 versions (cached).[0m
[96m[Processor] Identifying versions with successful reproduction...[0m
[96m[Processor] Pending versions: ['4.0.0.Beta1', '4.0.0.Beta2', '4.0.0.Beta3', '4.0.0.CR1', '4.0.0.CR2', '4.0.0.CR3', '4.0.0.CR4', '4.0.0.CR5', '4.0.0.CR6', '4.0.0.CR7', '4.0.0.CR8', '4.0.0.CR9', '4.0.0.Final', '4.0.1.Final', '4.0.2.Final', '4.0.3.Final', '4.0.4.Final', '4.0.5.Final', '4.0.6.Final', '4.0.7.Final', '4.0.8.Final', '4.0.9.Final', '4.0.10.Final', '4.0.11.Final', '4.0.12.Final', '4.0.13.Final', '4.0.14.Beta1', '4.0.14.Final', '4.0.15.Final', '4.0.16.Final', '4.0.17.Final', '4.0.18.Final', '4.0.19.Final', '4.0.20.Final', '4.0.21.Final', '4.0.22.Final', '4.0.23.Final', '4.0.24.Final', '4.0.25.Final', '4.0.26.Final', '4.0.27.Final', '4.0.28.Final', '4.0.29.Final', '4.0.30.Final', '4.0.31.Final', '4.0.32.Final', '4.0.33.Final', '4.0.34.Final', '4.0.35.Final', '4.0.36.Final', '4.0.37.Final', '4.0.38.Final', '4.0.39.Final', '4.0.40.Final', '4.0.41.Final', '4.0.42.Final', '4.0.43.Final', '4.0.44.Final', '4.0.45.Final', '4.0.46.Final', '4.0.47.Final', '4.0.48.Final', '4.0.49.Final', '4.0.50.Final', '4.0.51.Final', '4.0.52.Final', '4.0.53.Final', '4.0.54.Final', '4.0.55.Final', '4.0.56.Final', '4.1.0.Beta1', '4.1.0.Beta2', '4.1.0.Beta3', '4.1.0.Beta4', '4.1.0.Beta5', '4.1.0.Beta6', '4.1.0.Beta7', '4.1.0.Beta8', '4.1.0.CR1', '4.1.0.CR2', '4.1.0.CR3', '4.1.0.CR4', '4.1.0.CR5', '4.1.0.CR6', '4.1.0.CR7', '5.0.0.Alpha2'][0m
[96m[Preparer] Pending directory already exists: /PoCAdaptation/exploit/pending/CVE-2021-43797[0m
[92m[Main] Total affected versions: 157[0m
[92m[Main] Already reproduced versions: 87[0m
[93m[Main] Versions pending adaptation: 70[0m
[96m[Main]     -> ['4.0.0.Beta1', '4.0.0.Beta2', '4.0.0.Beta3', '4.0.0.CR1', '4.0.0.CR2', '4.0.0.CR3', '4.0.0.CR4', '4.0.0.CR5', '4.0.0.CR6', '4.0.0.CR7', '4.0.0.CR8', '4.0.0.CR9', '4.0.0.Final', '4.0.1.Final', '4.0.2.Final', '4.0.3.Final', '4.0.4.Final', '4.0.5.Final', '4.0.6.Final', '4.0.7.Final', '4.0.8.Final', '4.0.9.Final', '4.0.10.Final', '4.0.11.Final', '4.0.12.Final', '4.0.13.Final', '4.0.14.Beta1', '4.0.14.Final', '4.0.15.Final', '4.0.16.Final', '4.0.17.Final', '4.0.18.Final', '4.0.19.Final', '4.0.20.Final', '4.0.21.Final', '4.0.22.Final', '4.0.23.Final', '4.0.24.Final', '4.0.25.Final', '4.0.26.Final', '4.0.27.Final', '4.0.28.Final', '4.0.29.Final', '4.0.30.Final', '4.0.31.Final', '4.0.32.Final', '4.0.33.Final', '4.0.34.Final', '4.0.35.Final', '4.0.36.Final', '4.0.37.Final', '4.0.38.Final', '4.0.39.Final', '4.0.40.Final', '4.0.41.Final', '4.0.42.Final', '4.0.43.Final', '4.0.44.Final', '4.0.45.Final', '4.0.46.Final', '4.0.47.Final', '4.0.48.Final', '4.0.49.Final', '4.0.50.Final', '4.0.51.Final', '4.0.52.Final', '4.0.53.Final', '4.0.54.Final', '4.0.55.Final', '4.0.56.Final'][0m
[96m[Main]     -> ['4.1.0.Beta1', '4.1.0.Beta2', '4.1.0.Beta3', '4.1.0.Beta4', '4.1.0.Beta5', '4.1.0.Beta6', '4.1.0.Beta7', '4.1.0.Beta8', '4.1.0.CR1', '4.1.0.CR2', '4.1.0.CR3', '4.1.0.CR4', '4.1.0.CR5', '4.1.0.CR6', '4.1.0.CR7', '4.1.0.Final', '4.1.1.Final', '4.1.2.Final', '4.1.3.Final', '4.1.4.Final', '4.1.5.Final', '4.1.6.Final', '4.1.7.Final', '4.1.8.Final', '4.1.9.Final', '4.1.10.Final', '4.1.11.Final', '4.1.12.Final', '4.1.13.Final', '4.1.14.Final', '4.1.15.Final', '4.1.16.Final', '4.1.17.Final', '4.1.18.Final', '4.1.19.Final', '4.1.20.Final', '4.1.21.Final', '4.1.22.Final', '4.1.23.Final', '4.1.24.Final', '4.1.25.Final', '4.1.26.Final', '4.1.27.Final', '4.1.28.Final', '4.1.29.Final', '4.1.30.Final', '4.1.31.Final', '4.1.32.Final', '4.1.33.Final', '4.1.34.Final', '4.1.35.Final', '4.1.36.Final', '4.1.37.Final', '4.1.38.Final', '4.1.39.Final', '4.1.40.Final', '4.1.41.Final', '4.1.42.Final', '4.1.43.Final', '4.1.44.Final', '4.1.45.Final', '4.1.46.Final', '4.1.47.Final', '4.1.48.Final', '4.1.49.Final', '4.1.50.Final', '4.1.51.Final', '4.1.52.Final', '4.1.53.Final', '4.1.54.Final', '4.1.55.Final', '4.1.56.Final', '4.1.57.Final', '4.1.58.Final', '4.1.59.Final', '4.1.60.Final', '4.1.61.Final', '4.1.62.Final', '4.1.63.Final', '4.1.64.Final', '4.1.65.Final', '4.1.66.Final', '4.1.67.Final', '4.1.68.Final', '4.1.69.Final', '4.1.70.Final', '5.0.0.Alpha2'][0m
[96m[Executor] Running initial exploit mvn test in /PoCAdaptation/exploit/origin/CVE-2021-43797/exploit[0m
[91m[Executor] Initial exploit execution finished with return code 1[0m
[96m[Verifier] Verifying reproduction...[0m
[92m[Verifier] âœ“ Behavior matched: 'java.lang.AssertionError'[0m
[92m[Verifier] âœ“ Detail matched: 'null'[0m
[92m[Verifier] âœ“ All reproduction indicators matched.[0m
[92m[Verifier] Initial exploit behavior verified successfully.[0m
[96m[Selector] Nearest need adapatation version selected: 4.0.56.Final[0m
[96m[Selector] Closest reproduced version: 4.1.0.Beta1 at index 78[0m
[96m[Adapter] Trying next closest version: 4.0.56.Final[0m
[96m[Preparer] Using closest existing exploit version: /PoCAdaptation/exploit/valid/CVE-2021-43797/4.1.0.CR7/exploit[0m
[92m[Preparer] Copied exploit to: /PoCAdaptation/exploit/pending/CVE-2021-43797/4.0.56.Final/exploit[0m
[96m[Preparer] Updating dependency version to 4.0.56.Final in /PoCAdaptation/exploit/pending/CVE-2021-43797/4.0.56.Final/exploit/pom.xml[0m
[92m[Preparer] Updated dependency version to 4.0.56.Final in /PoCAdaptation/exploit/pending/CVE-2021-43797/4.0.56.Final/exploit/pom.xml[0m
[96m[Executor] Attempting direct exploit execution on 4.0.56.Final...[0m
[96m[Executor] Executing exploit for CVE-2021-43797 on version 4.0.56.Final...[0m
[96m[Verifier] Verifying reproduction...[0m
[91m[Verifier] âœ— Behavior not found: 'java.lang.AssertionError'[0m
[91m[Executor] Reproduction result: Failure[0m
[96m[Adapter] Attempting adaptation from base version 4.1.0.Beta1 to 4.0.56.Final...[0m
[96m[Adapter] Start adapting exploit from 4.1.0.Beta1 to 4.0.56.Final"[0m
[96m[Executor] Executing exploit for CVE-2021-43797 on version 4.0.56.Final...[0m
[96m[Verifier] Verifying reproduction...[0m
[91m[Verifier] âœ— Behavior not found: 'java.lang.AssertionError'[0m
[91m[Executor] Reproduction result: Failure[0m
[96m[ErrorManager] Ignoring line: [ERROR] Failed to execute goal org.apache.maven.plugins:maven-compiler-plugin:3.1:testCompile (default-testCompile) on project CVE-2021-43797: Compilation failure: Compilation failure:[0m
[92m[ErrorManager] Processing line: [ERROR] /PoCAdaptation/exploit/result/CVE-2021-43797/4.0.56.Final/exploit/src/test/java/edu/vision/se/Testcase1.java:[35,50] incompatible types: java.lang.Object cannot be converted to io.netty.handler.codec.http.HttpRequest[0m
[92m[ErrorManager] Processing line: [ERROR] /PoCAdaptation/exploit/result/CVE-2021-43797/4.0.56.Final/exploit/src/test/java/edu/vision/se/Testcase1.java:[36,27] cannot find symbol[0m
[92m[ErrorManager] Processing line: [ERROR]   symbol:   method decoderResult()[0m
[92m[ErrorManager] Processing line: [ERROR]   location: variable request of type io.netty.handler.codec.http.HttpRequest[0m
[92m[ErrorManager] Processing line: [ERROR] /PoCAdaptation/exploit/result/CVE-2021-43797/4.0.56.Final/exploit/src/test/java/edu/vision/se/Testcase1.java:[37,27] cannot find symbol[0m
[92m[ErrorManager] Processing line: [ERROR]   symbol:   method decoderResult()[0m
[92m[ErrorManager] Processing line: [ERROR]   location: variable request of type io.netty.handler.codec.http.HttpRequest[0m
[96m[ErrorManager] Ignoring line: [ERROR] -> [Help 1][0m
[96m[ErrorManager] Ignoring line: [ERROR][0m
[96m[ErrorManager] Ignoring line: [ERROR] To see the full stack trace of the errors, re-run Maven with the -e switch.[0m
[96m[ErrorManager] Ignoring line: [ERROR] Re-run Maven using the -X switch to enable full debug logging.[0m
[96m[ErrorManager] Ignoring line: [ERROR][0m
[96m[ErrorManager] Ignoring line: [ERROR] For more information about the errors and possible solutions, please read the following articles:[0m
[96m[ErrorManager] Ignoring line: [ERROR] [Help 1] http://cwiki.apache.org/confluence/display/MAVEN/MojoFailureException[0m
[96m[Adapter] Locating fix position in error log.[0m
[LLMClient] Tokens used: 1671 (prompt), 1 (completion), 1672 (total)
[LLMClient] Prompt: 
You are given a Java error log when executing 'mvn test' in a project with dependency version 4.0.56.Final:io.netty:netty-codec-http.
This test file compiles and runs successfully with version 4.1.0.Beta1.

Your task is to:
1. Analyze why this issue occurs with the *4.1.0.Beta1* but not with the *4.0.56.Final version*.
2. Consider how to resolve the issue **without updating this library**.
3. Determine and output the location in the project that should be modified to fix the problem.

Please return 'pom' if the fix is in the pom.xml file, or 'test' if the fix is in the test code.
Do not return any other text, just 'pom' or 'test'.

The error log is:
[INFO] Scanning for projects...
[INFO] 
[INFO] --------------------< edu.vision.se:CVE-2021-43797 >--------------------
[INFO] Building netty-codec-http CVE-2021-43797 1.0-SNAPSHOT
[INFO]   from pom.xml
[INFO] --------------------------------[ jar ]---------------------------------
[INFO] 
[INFO] --- maven-clean-plugin:2.5:clean (default-clean) @ CVE-2021-43797 ---
[INFO] Deleting /PoCAdaptation/exploit/result/CVE-2021-43797/4.0.56.Final/exploit/target
[INFO] 
[INFO] --- maven-resources-plugin:2.6:resources (default-resources) @ CVE-2021-43797 ---
[INFO] Using 'UTF-8' encoding to copy filtered resources.
[INFO] skip non existing resourceDirectory /PoCAdaptation/exploit/result/CVE-2021-43797/4.0.56.Final/exploit/src/main/resources
[INFO] 
[INFO] --- maven-compiler-plugin:3.1:compile (default-compile) @ CVE-2021-43797 ---
[INFO] No sources to compile
[INFO] 
[INFO] --- maven-resources-plugin:2.6:testResources (default-testResources) @ CVE-2021-43797 ---
[INFO] Using 'UTF-8' encoding to copy filtered resources.
[INFO] Copying 1 resource
[INFO] 
[INFO] --- maven-compiler-plugin:3.1:testCompile (default-testCompile) @ CVE-2021-43797 ---
[INFO] Changes detected - recompiling the module!
[INFO] Compiling 1 source file to /PoCAdaptation/exploit/result/CVE-2021-43797/4.0.56.Final/exploit/target/test-classes
[INFO] -------------------------------------------------------------
[ERROR] COMPILATION ERROR : 
[INFO] -------------------------------------------------------------
[ERROR] /PoCAdaptation/exploit/result/CVE-2021-43797/4.0.56.Final/exploit/src/test/java/edu/vision/se/Testcase1.java:[35,50] incompatible types: java.lang.Object cannot be converted to io.netty.handler.codec.http.HttpRequest
[ERROR] /PoCAdaptation/exploit/result/CVE-2021-43797/4.0.56.Final/exploit/src/test/java/edu/vision/se/Testcase1.java:[36,27] cannot find symbol
  symbol:   method decoderResult()
  location: variable request of type io.netty.handler.codec.http.HttpRequest
[ERROR] /PoCAdaptation/exploit/result/CVE-2021-43797/4.0.56.Final/exploit/src/test/java/edu/vision/se/Testcase1.java:[37,27] cannot find symbol
  symbol:   method decoderResult()
  location: variable request of type io.netty.handler.codec.http.HttpRequest
[INFO] 3 errors 
[INFO] -------------------------------------------------------------
[INFO] ------------------------------------------------------------------------
[INFO] BUILD FAILURE
[INFO] ------------------------------------------------------------------------
[INFO] Total time:  0.858 s
[INFO] Finished at: 2025-07-13T13:29:11Z
[INFO] ------------------------------------------------------------------------
[ERROR] Failed to execute goal org.apache.maven.plugins:maven-compiler-plugin:3.1:testCompile (default-testCompile) on project CVE-2021-43797: Compilation failure: Compilation failure: 
[ERROR] /PoCAdaptation/exploit/result/CVE-2021-43797/4.0.56.Final/exploit/src/test/java/edu/vision/se/Testcase1.java:[35,50] incompatible types: java.lang.Object cannot be converted to io.netty.handler.codec.http.HttpRequest
[ERROR] /PoCAdaptation/exploit/result/CVE-2021-43797/4.0.56.Final/exploit/src/test/java/edu/vision/se/Testcase1.java:[36,27] cannot find symbol
[ERROR]   symbol:   method decoderResult()
[ERROR]   location: variable request of type io.netty.handler.codec.http.HttpRequest
[ERROR] /PoCAdaptation/exploit/result/CVE-2021-43797/4.0.56.Final/exploit/src/test/java/edu/vision/se/Testcase1.java:[37,27] cannot find symbol
[ERROR]   symbol:   method decoderResult()
[ERROR]   location: variable request of type io.netty.handler.codec.http.HttpRequest
[ERROR] -> [Help 1]
[ERROR] 
[ERROR] To see the full stack trace of the errors, re-run Maven with the -e switch.
[ERROR] Re-run Maven using the -X switch to enable full debug logging.
[ERROR] 
[ERROR] For more information about the errors and possible solutions, please read the following articles:
[ERROR] [Help 1] http://cwiki.apache.org/confluence/display/MAVEN/MojoFailureException


current_pom file is:<?xml version='1.0' encoding='utf-8'?>
<project xmlns="http://maven.apache.org/POM/4.0.0" xmlns:xsi="http://www.w3.org/2001/XMLSchema-instance" xsi:schemaLocation="http://maven.apache.org/POM/4.0.0 https://maven.apache.org/xsd/maven-4.0.0.xsd">
  <groupId>edu.vision.se</groupId><version>1.0-SNAPSHOT</version><modelVersion>4.0.0</modelVersion>
  <artifactId>CVE-2021-43797</artifactId>
  <name>netty-codec-http CVE-2021-43797</name>
  <properties>
    <maven.compiler.target>11</maven.compiler.target>
    <maven.compiler.source>11</maven.compiler.source>
    <project.build.sourceEncoding>UTF-8</project.build.sourceEncoding>
  </properties>
  <dependencies>
    <dependency>
      <groupId>io.netty</groupId>
      <artifactId>netty-codec-http</artifactId>
      <version>4.0.56.Final</version>
    </dependency>
  <dependency><groupId>junit</groupId><artifactId>junit</artifactId><version>4.13.2</version></dependency>
  
  </dependencies>
</project>
[LLMClient] Response: 
test
[96m[Adapter] LLM response for fix position: test[0m
[LLMClient] Tokens used: 150 (prompt), 8 (completion), 158 (total)
[LLMClient] Prompt: 
You are given an error log when executing 'mvn test' in version 4.0.56.Final: 

Error: incompatible types: java.lang.Object cannot be converted to io.netty.handler.codec.http.HttpRequest, None, None 

The test executes as expected in 4.1.0.Beta1 

Error code:         HttpRequest request = channel.readInbound(); 

Extract two key *entities* from the error for searching related diffs 

The extracted entities should reflect code-level identifiers that are likely to appear in source code or diffs. 

Output each node as a `;`-separated list, with no explanations. 


[LLMClient] Response: 
HttpRequest;channel.readInbound()
[96m[ErrorManager] Extracted key entities: ['HttpRequest', 'channel.readInbound()'][0m
[96m[Adapter] Try to solve error: {'file': '/PoCAdaptation/exploit/result/CVE-2021-43797/4.0.56.Final/exploit/src/test/java/edu/vision/se/Testcase1.java', 'line': 35, 'column': 50, 'message': 'incompatible types: java.lang.Object cannot be converted to io.netty.handler.codec.http.HttpRequest', 'symbol': None, 'location': None, 'code_line': '        HttpRequest request = channel.readInbound();'} with cause: ['HttpRequest', 'channel.readInbound()'][0m
[96m[Adapter] Related diffs for error: [(714, 8.0), (716, 8.0), (717, 8.0), (255, 4.0), (393, 4.0)][0m
[96m[Adapter] Fix position is in test code.[0m
[96m[RepairModule] Start repair for group: incompatible types: java.lang.Object cannot be converted to io.netty.handler.codec.http.HttpRequest | cause: ['HttpRequest', 'channel.readInbound()'][0m
[96m[RepairModule] Trying best diff #714 with score 8.00[0m
[96m[RepairModule] Iteration 0, temperature 1.000: Trying diff #714 with score 8.00[0m
[LLMClient] Tokens used: 816 (prompt), 397 (completion), 1213 (total)
[LLMClient] Prompt: 
You are given a Java test file with compilation errors in version 4.0.56.Final:io.netty:netty-codec-http.
This test file compiles and runs successfully in 4.1.0.Beta1.

The diff is related to the diff.
Your task has three steps:
 1. Locate the code where the compilation error occurs.
 2. Analyze the diff from 4.1.0.Beta1 to 4.0.56.Final.
 3. Fix the error in the error position only when diff is helpful. Add import statement when needed according to the diff. 

Only output the modified version of the test file according to the diff. No explanations. If mocking, access fields via reflection if they exist.
### Compilation Errors:
message: incompatible types: java.lang.Object cannot be converted to io.netty.handler.codec.http.HttpRequest, symble: None, location: None

### Error Position:
        HttpRequest request = channel.readInbound();

### Related Diff:
Operation: MODIFIED, File: codec-http/src/test/java/io/netty/handler/codec/http/HttpRequestDecoderTest.java, Hunk: @@ -71,10 +72,10 @@ public void testDecodeWholeRequestAtOnceMixedDelimiters() {
     private static void testDecodeWholeRequestAtOnce(byte[] content) {
         EmbeddedChannel channel = new EmbeddedChannel(new HttpRequestDecoder());
         assertTrue(channel.writeInbound(Unpooled.wrappedBuffer(content)));
+        HttpRequest req = (HttpRequest) channel.readInbound();
-        HttpRequest req = channel.readInbound();
         assertNotNull(req);
         checkHeaders(req.headers());
+        LastHttpContent c = (LastHttpContent) channel.readInbound();
-        LastHttpContent c = channel.readInbound();
         assertEquals(CONTENT_LENGTH, c.content().readableBytes());
         assertEquals(
                 Unpooled.wrappedBuffer(content, content.length - CONTENT_LENGTH, CONTENT_LENGTH),

### Test File Content:
package edu.vision.se;

import io.netty.buffer.ByteBuf;
import io.netty.buffer.Unpooled;
import io.netty.channel.embedded.EmbeddedChannel;
import io.netty.handler.codec.http.HttpRequest;
import io.netty.handler.codec.http.HttpRequestDecoder;
import io.netty.util.CharsetUtil;
import org.junit.Test;

import static org.hamcrest.CoreMatchers.instanceOf;
import static org.hamcrest.MatcherAssert.assertThat;
import static org.junit.Assert.assertFalse;
import static org.junit.Assert.assertTrue;


public class Testcase1 {
    @Test(timeout = 60000)
    public void testHeaderNameStartsWithControlChar1c() {
        testHeaderNameStartsWithControlChar(0x1c);
    }

    private void testHeaderNameStartsWithControlChar(int controlChar) {
        ByteBuf requestBuffer = Unpooled.buffer();
        requestBuffer.writeBytes(("GET /some/path HTTP/1.1\r\n" +
                "Host: netty.io\r\n").getBytes(CharsetUtil.US_ASCII));
        requestBuffer.writeByte(controlChar);
        requestBuffer.writeBytes("Transfer-Encoding: chunked\r\n\r\n".getBytes(CharsetUtil.US_ASCII));
        testInvalidHeaders0(requestBuffer);
    }

    private static void testInvalidHeaders0(ByteBuf requestBuffer) {
        EmbeddedChannel channel = new EmbeddedChannel(new HttpRequestDecoder());
        assertTrue(channel.writeInbound(requestBuffer));
        HttpRequest request = channel.readInbound();
        assertThat(request.decoderResult().cause(), instanceOf(IllegalArgumentException.class));
        assertTrue(request.decoderResult().isFailure());
        assertFalse(channel.finish());
    }
}



[LLMClient] Response: 
Here's the modified version of the test file with the fix based on the diff:

```java
package edu.vision.se;

import io.netty.buffer.ByteBuf;
import io.netty.buffer.Unpooled;
import io.netty.channel.embedded.EmbeddedChannel;
import io.netty.handler.codec.http.HttpRequest;
import io.netty.handler.codec.http.HttpRequestDecoder;
import io.netty.util.CharsetUtil;
import org.junit.Test;

import static org.hamcrest.CoreMatchers.instanceOf;
import static org.hamcrest.MatcherAssert.assertThat;
import static org.junit.Assert.assertFalse;
import static org.junit.Assert.assertTrue;


public class Testcase1 {
    @Test(timeout = 60000)
    public void testHeaderNameStartsWithControlChar1c() {
        testHeaderNameStartsWithControlChar(0x1c);
    }

    private void testHeaderNameStartsWithControlChar(int controlChar) {
        ByteBuf requestBuffer = Unpooled.buffer();
        requestBuffer.writeBytes(("GET /some/path HTTP/1.1\r\n" +
                "Host: netty.io\r\n").getBytes(CharsetUtil.US_ASCII));
        requestBuffer.writeByte(controlChar);
        requestBuffer.writeBytes("Transfer-Encoding: chunked\r\n\r\n".getBytes(CharsetUtil.US_ASCII));
        testInvalidHeaders0(requestBuffer);
    }

    private static void testInvalidHeaders0(ByteBuf requestBuffer) {
        EmbeddedChannel channel = new EmbeddedChannel(new HttpRequestDecoder());
        assertTrue(channel.writeInbound(requestBuffer));
        HttpRequest request = (HttpRequest) channel.readInbound();
        assertThat(request.decoderResult().cause(), instanceOf(IllegalArgumentException.class));
        assertTrue(request.decoderResult().isFailure());
        assertFalse(channel.finish());
    }
}
```
[96m[RepairModule] Wrote modified code to /PoCAdaptation/exploit/result/CVE-2021-43797/4.0.56.Final/exploit/src/test/java/edu/vision/se/Testcase1.java[0m
[96m[Executor] Executing exploit for CVE-2021-43797 on version 4.0.56.Final...[0m
[96m[Verifier] Verifying reproduction...[0m
[91m[Verifier] âœ— Behavior not found: 'java.lang.AssertionError'[0m
[91m[Executor] Reproduction result: Failure[0m
[96m[ErrorManager] Ignoring line: [ERROR] Failed to execute goal org.apache.maven.plugins:maven-compiler-plugin:3.1:testCompile (default-testCompile) on project CVE-2021-43797: Compilation failure: Compilation failure:[0m
[92m[ErrorManager] Processing line: [ERROR] /PoCAdaptation/exploit/result/CVE-2021-43797/4.0.56.Final/exploit/src/test/java/edu/vision/se/Testcase1.java:[36,27] cannot find symbol[0m
[92m[ErrorManager] Processing line: [ERROR]   symbol:   method decoderResult()[0m
[92m[ErrorManager] Processing line: [ERROR]   location: variable request of type io.netty.handler.codec.http.HttpRequest[0m
[92m[ErrorManager] Processing line: [ERROR] /PoCAdaptation/exploit/result/CVE-2021-43797/4.0.56.Final/exploit/src/test/java/edu/vision/se/Testcase1.java:[37,27] cannot find symbol[0m
[92m[ErrorManager] Processing line: [ERROR]   symbol:   method decoderResult()[0m
[92m[ErrorManager] Processing line: [ERROR]   location: variable request of type io.netty.handler.codec.http.HttpRequest[0m
[96m[ErrorManager] Ignoring line: [ERROR] -> [Help 1][0m
[96m[ErrorManager] Ignoring line: [ERROR][0m
[96m[ErrorManager] Ignoring line: [ERROR] To see the full stack trace of the errors, re-run Maven with the -e switch.[0m
[96m[ErrorManager] Ignoring line: [ERROR] Re-run Maven using the -X switch to enable full debug logging.[0m
[96m[ErrorManager] Ignoring line: [ERROR][0m
[96m[ErrorManager] Ignoring line: [ERROR] For more information about the errors and possible solutions, please read the following articles:[0m
[96m[ErrorManager] Ignoring line: [ERROR] [Help 1] http://cwiki.apache.org/confluence/display/MAVEN/MojoFailureException[0m
[RepairModule] Old grouped keys: {'incompatible types: java.lang.Object cannot be converted to io.netty.handler.codec.http.HttpRequest |', 'cannot find symbol | method decoderResult()'}
[RepairModule] New grouped keys: {'cannot find symbol | method decoderResult()'}
[92m[RepairModule] Error incompatible types: java.lang.Object cannot be converted to io.netty.handler.codec.http.HttpRequest resolved after applying diff.[0m
[92m[RepairModule] Repair success with diff #714 at iteration 0![0m
[96m[Adapter] Test code repair attempted.[0m
[96m[Executor] Executing exploit for CVE-2021-43797 on version 4.0.56.Final...[0m
[96m[Verifier] Verifying reproduction...[0m
[91m[Verifier] âœ— Behavior not found: 'java.lang.AssertionError'[0m
[91m[Executor] Reproduction result: Failure[0m
[96m[ErrorManager] Ignoring line: [ERROR] Failed to execute goal org.apache.maven.plugins:maven-compiler-plugin:3.1:testCompile (default-testCompile) on project CVE-2021-43797: Compilation failure: Compilation failure:[0m
[92m[ErrorManager] Processing line: [ERROR] /PoCAdaptation/exploit/result/CVE-2021-43797/4.0.56.Final/exploit/src/test/java/edu/vision/se/Testcase1.java:[36,27] cannot find symbol[0m
[92m[ErrorManager] Processing line: [ERROR]   symbol:   method decoderResult()[0m
[92m[ErrorManager] Processing line: [ERROR]   location: variable request of type io.netty.handler.codec.http.HttpRequest[0m
[92m[ErrorManager] Processing line: [ERROR] /PoCAdaptation/exploit/result/CVE-2021-43797/4.0.56.Final/exploit/src/test/java/edu/vision/se/Testcase1.java:[37,27] cannot find symbol[0m
[92m[ErrorManager] Processing line: [ERROR]   symbol:   method decoderResult()[0m
[92m[ErrorManager] Processing line: [ERROR]   location: variable request of type io.netty.handler.codec.http.HttpRequest[0m
[96m[ErrorManager] Ignoring line: [ERROR] -> [Help 1][0m
[96m[ErrorManager] Ignoring line: [ERROR][0m
[96m[ErrorManager] Ignoring line: [ERROR] To see the full stack trace of the errors, re-run Maven with the -e switch.[0m
[96m[ErrorManager] Ignoring line: [ERROR] Re-run Maven using the -X switch to enable full debug logging.[0m
[96m[ErrorManager] Ignoring line: [ERROR][0m
[96m[ErrorManager] Ignoring line: [ERROR] For more information about the errors and possible solutions, please read the following articles:[0m
[96m[ErrorManager] Ignoring line: [ERROR] [Help 1] http://cwiki.apache.org/confluence/display/MAVEN/MojoFailureException[0m
[96m[Adapter] Locating fix position in error log.[0m
[LLMClient] Tokens used: 1529 (prompt), 1 (completion), 1530 (total)
[LLMClient] Prompt: 
You are given a Java error log when executing 'mvn test' in a project with dependency version 4.0.56.Final:io.netty:netty-codec-http.
This test file compiles and runs successfully with version 4.1.0.Beta1.

Your task is to:
1. Analyze why this issue occurs with the *4.1.0.Beta1* but not with the *4.0.56.Final version*.
2. Consider how to resolve the issue **without updating this library**.
3. Determine and output the location in the project that should be modified to fix the problem.

Please return 'pom' if the fix is in the pom.xml file, or 'test' if the fix is in the test code.
Do not return any other text, just 'pom' or 'test'.

The error log is:
[INFO] Scanning for projects...
[INFO] 
[INFO] --------------------< edu.vision.se:CVE-2021-43797 >--------------------
[INFO] Building netty-codec-http CVE-2021-43797 1.0-SNAPSHOT
[INFO]   from pom.xml
[INFO] --------------------------------[ jar ]---------------------------------
[INFO] 
[INFO] --- maven-clean-plugin:2.5:clean (default-clean) @ CVE-2021-43797 ---
[INFO] Deleting /PoCAdaptation/exploit/result/CVE-2021-43797/4.0.56.Final/exploit/target
[INFO] 
[INFO] --- maven-resources-plugin:2.6:resources (default-resources) @ CVE-2021-43797 ---
[INFO] Using 'UTF-8' encoding to copy filtered resources.
[INFO] skip non existing resourceDirectory /PoCAdaptation/exploit/result/CVE-2021-43797/4.0.56.Final/exploit/src/main/resources
[INFO] 
[INFO] --- maven-compiler-plugin:3.1:compile (default-compile) @ CVE-2021-43797 ---
[INFO] No sources to compile
[INFO] 
[INFO] --- maven-resources-plugin:2.6:testResources (default-testResources) @ CVE-2021-43797 ---
[INFO] Using 'UTF-8' encoding to copy filtered resources.
[INFO] Copying 1 resource
[INFO] 
[INFO] --- maven-compiler-plugin:3.1:testCompile (default-testCompile) @ CVE-2021-43797 ---
[INFO] Changes detected - recompiling the module!
[INFO] Compiling 1 source file to /PoCAdaptation/exploit/result/CVE-2021-43797/4.0.56.Final/exploit/target/test-classes
[INFO] -------------------------------------------------------------
[ERROR] COMPILATION ERROR : 
[INFO] -------------------------------------------------------------
[ERROR] /PoCAdaptation/exploit/result/CVE-2021-43797/4.0.56.Final/exploit/src/test/java/edu/vision/se/Testcase1.java:[36,27] cannot find symbol
  symbol:   method decoderResult()
  location: variable request of type io.netty.handler.codec.http.HttpRequest
[ERROR] /PoCAdaptation/exploit/result/CVE-2021-43797/4.0.56.Final/exploit/src/test/java/edu/vision/se/Testcase1.java:[37,27] cannot find symbol
  symbol:   method decoderResult()
  location: variable request of type io.netty.handler.codec.http.HttpRequest
[INFO] 2 errors 
[INFO] -------------------------------------------------------------
[INFO] ------------------------------------------------------------------------
[INFO] BUILD FAILURE
[INFO] ------------------------------------------------------------------------
[INFO] Total time:  1.018 s
[INFO] Finished at: 2025-07-13T13:29:41Z
[INFO] ------------------------------------------------------------------------
[ERROR] Failed to execute goal org.apache.maven.plugins:maven-compiler-plugin:3.1:testCompile (default-testCompile) on project CVE-2021-43797: Compilation failure: Compilation failure: 
[ERROR] /PoCAdaptation/exploit/result/CVE-2021-43797/4.0.56.Final/exploit/src/test/java/edu/vision/se/Testcase1.java:[36,27] cannot find symbol
[ERROR]   symbol:   method decoderResult()
[ERROR]   location: variable request of type io.netty.handler.codec.http.HttpRequest
[ERROR] /PoCAdaptation/exploit/result/CVE-2021-43797/4.0.56.Final/exploit/src/test/java/edu/vision/se/Testcase1.java:[37,27] cannot find symbol
[ERROR]   symbol:   method decoderResult()
[ERROR]   location: variable request of type io.netty.handler.codec.http.HttpRequest
[ERROR] -> [Help 1]
[ERROR] 
[ERROR] To see the full stack trace of the errors, re-run Maven with the -e switch.
[ERROR] Re-run Maven using the -X switch to enable full debug logging.
[ERROR] 
[ERROR] For more information about the errors and possible solutions, please read the following articles:
[ERROR] [Help 1] http://cwiki.apache.org/confluence/display/MAVEN/MojoFailureException


current_pom file is:<?xml version='1.0' encoding='utf-8'?>
<project xmlns="http://maven.apache.org/POM/4.0.0" xmlns:xsi="http://www.w3.org/2001/XMLSchema-instance" xsi:schemaLocation="http://maven.apache.org/POM/4.0.0 https://maven.apache.org/xsd/maven-4.0.0.xsd">
  <groupId>edu.vision.se</groupId><version>1.0-SNAPSHOT</version><modelVersion>4.0.0</modelVersion>
  <artifactId>CVE-2021-43797</artifactId>
  <name>netty-codec-http CVE-2021-43797</name>
  <properties>
    <maven.compiler.target>11</maven.compiler.target>
    <maven.compiler.source>11</maven.compiler.source>
    <project.build.sourceEncoding>UTF-8</project.build.sourceEncoding>
  </properties>
  <dependencies>
    <dependency>
      <groupId>io.netty</groupId>
      <artifactId>netty-codec-http</artifactId>
      <version>4.0.56.Final</version>
    </dependency>
  <dependency><groupId>junit</groupId><artifactId>junit</artifactId><version>4.13.2</version></dependency>
  
  </dependencies>
</project>
[LLMClient] Response: 
test
[96m[Adapter] LLM response for fix position: test[0m
[LLMClient] Tokens used: 156 (prompt), 10 (completion), 166 (total)
[LLMClient] Prompt: 
You are given an error log when executing 'mvn test' in version 4.0.56.Final: 

Error: cannot find symbol, method decoderResult(), variable request of type io.netty.handler.codec.http.HttpRequest 

The test executes as expected in 4.1.0.Beta1 

Error code:         assertThat(request.decoderResult().cause(), instanceOf(IllegalArgumentException.class)); 

Extract two key *entities* from the error for searching related diffs 

The extracted entities should reflect code-level identifiers that are likely to appear in source code or diffs. 

Output each node as a `;`-separated list, with no explanations. 


[LLMClient] Response: 
request.decoderResult;HttpRequest.decoderResult
[96m[ErrorManager] Extracted key entities: ['request.decoderResult', 'HttpRequest.decoderResult'][0m
[96m[Adapter] Try to solve error: {'file': '/PoCAdaptation/exploit/result/CVE-2021-43797/4.0.56.Final/exploit/src/test/java/edu/vision/se/Testcase1.java', 'line': 36, 'column': 27, 'message': 'cannot find symbol', 'symbol': 'method decoderResult()', 'location': 'variable request of type io.netty.handler.codec.http.HttpRequest', 'code_line': '        assertThat(request.decoderResult().cause(), instanceOf(IllegalArgumentException.class));'} with cause: ['request.decoderResult', 'HttpRequest.decoderResult'][0m
[96m[Adapter] Related diffs for error: [(1333, 4.0), (0, 0.0), (2, 0.0), (3, 0.0), (4, 0.0)][0m
[96m[Adapter] Fix position is in test code.[0m
[96m[RepairModule] Start repair for group: cannot find symbol | method decoderResult() cause: ['request.decoderResult', 'HttpRequest.decoderResult'][0m
[96m[RepairModule] Trying best diff #1333 with score 4.00[0m
[96m[RepairModule] Iteration 0, temperature 1.000: Trying diff #1333 with score 4.00[0m
[LLMClient] Tokens used: 917 (prompt), 391 (completion), 1308 (total)
[LLMClient] Prompt: 
You are given a Java test file with compilation errors in version 4.0.56.Final:io.netty:netty-codec-http.
This test file compiles and runs successfully in 4.1.0.Beta1.

The diff is related to the diff.
Your task has three steps:
 1. Locate the code where the compilation error occurs.
 2. Analyze the diff from 4.1.0.Beta1 to 4.0.56.Final.
 3. Fix the error in the error position only when diff is helpful. Add import statement when needed according to the diff. 

Only output the modified version of the test file according to the diff. No explanations. If mocking, access fields via reflection if they exist.
### Compilation Errors:
message: cannot find symbol, symble: method decoderResult(), location: variable request of type io.netty.handler.codec.http.HttpRequest

### Error Position:
        assertThat(request.decoderResult().cause(), instanceOf(IllegalArgumentException.class));

### Related Diff:
Operation: MODIFIED, File: example/src/main/java/io/netty/example/http/file/HttpStaticFileServerHandler.java, Hunk: @@ -107,26 +109,19 @@ public class HttpStaticFileServerHandler extends SimpleChannelInboundHandler<Ful
     public static final String HTTP_DATE_GMT_TIMEZONE = "GMT";
     public static final int HTTP_CACHE_SECONDS = 60;

+    private final boolean useSendFile;
+
+    public HttpStaticFileServerHandler(boolean useSendFile) {
+        this.useSendFile = useSendFile;
+    }
+
     @Override
+    public void channelRead0(
+            ChannelHandlerContext ctx, FullHttpRequest request) throws Exception {
+        if (!request.getDecoderResult().isSuccess()) {
-    public void channelRead0(ChannelHandlerContext ctx, FullHttpRequest request) throws Exception {
-        if (!request.decoderResult().isSuccess()) {
             sendError(ctx, BAD_REQUEST);
             return;
         }

+        if (request.getMethod() != GET) {
-        if (request.method() != GET) {
             sendError(ctx, METHOD_NOT_ALLOWED);
             return;
         }

+        final String uri = request.getUri();
-        final String uri = request.uri();
         final String path = sanitizeUri(uri);
         if (path == null) {
             sendError(ctx, FORBIDDEN);

### Test File Content:
package edu.vision.se;

import io.netty.buffer.ByteBuf;
import io.netty.buffer.Unpooled;
import io.netty.channel.embedded.EmbeddedChannel;
import io.netty.handler.codec.http.HttpRequest;
import io.netty.handler.codec.http.HttpRequestDecoder;
import io.netty.util.CharsetUtil;
import org.junit.Test;

import static org.hamcrest.CoreMatchers.instanceOf;
import static org.hamcrest.MatcherAssert.assertThat;
import static org.junit.Assert.assertFalse;
import static org.junit.Assert.assertTrue;


public class Testcase1 {
    @Test(timeout = 60000)
    public void testHeaderNameStartsWithControlChar1c() {
        testHeaderNameStartsWithControlChar(0x1c);
    }

    private void testHeaderNameStartsWithControlChar(int controlChar) {
        ByteBuf requestBuffer = Unpooled.buffer();
        requestBuffer.writeBytes(("GET /some/path HTTP/1.1\r\n" +
                "Host: netty.io\r\n").getBytes(CharsetUtil.US_ASCII));
        requestBuffer.writeByte(controlChar);
        requestBuffer.writeBytes("Transfer-Encoding: chunked\r\n\r\n".getBytes(CharsetUtil.US_ASCII));
        testInvalidHeaders0(requestBuffer);
    }

    private static void testInvalidHeaders0(ByteBuf requestBuffer) {
        EmbeddedChannel channel = new EmbeddedChannel(new HttpRequestDecoder());
        assertTrue(channel.writeInbound(requestBuffer));
        HttpRequest request = (HttpRequest) channel.readInbound();
        assertThat(request.decoderResult().cause(), instanceOf(IllegalArgumentException.class));
        assertTrue(request.decoderResult().isFailure());
        assertFalse(channel.finish());
    }
}



[LLMClient] Response: 
Here's the modified test file according to the diff:

```java
package edu.vision.se;

import io.netty.buffer.ByteBuf;
import io.netty.buffer.Unpooled;
import io.netty.channel.embedded.EmbeddedChannel;
import io.netty.handler.codec.http.HttpRequest;
import io.netty.handler.codec.http.HttpRequestDecoder;
import io.netty.util.CharsetUtil;
import org.junit.Test;

import static org.hamcrest.CoreMatchers.instanceOf;
import static org.hamcrest.MatcherAssert.assertThat;
import static org.junit.Assert.assertFalse;
import static org.junit.Assert.assertTrue;


public class Testcase1 {
    @Test(timeout = 60000)
    public void testHeaderNameStartsWithControlChar1c() {
        testHeaderNameStartsWithControlChar(0x1c);
    }

    private void testHeaderNameStartsWithControlChar(int controlChar) {
        ByteBuf requestBuffer = Unpooled.buffer();
        requestBuffer.writeBytes(("GET /some/path HTTP/1.1\r\n" +
                "Host: netty.io\r\n").getBytes(CharsetUtil.US_ASCII));
        requestBuffer.writeByte(controlChar);
        requestBuffer.writeBytes("Transfer-Encoding: chunked\r\n\r\n".getBytes(CharsetUtil.US_ASCII));
        testInvalidHeaders0(requestBuffer);
    }

    private static void testInvalidHeaders0(ByteBuf requestBuffer) {
        EmbeddedChannel channel = new EmbeddedChannel(new HttpRequestDecoder());
        assertTrue(channel.writeInbound(requestBuffer));
        HttpRequest request = (HttpRequest) channel.readInbound();
        assertThat(request.getDecoderResult().cause(), instanceOf(IllegalArgumentException.class));
        assertTrue(request.getDecoderResult().isFailure());
        assertFalse(channel.finish());
    }
}
```
[96m[RepairModule] Wrote modified code to /PoCAdaptation/exploit/result/CVE-2021-43797/4.0.56.Final/exploit/src/test/java/edu/vision/se/Testcase1.java[0m
[96m[Executor] Executing exploit for CVE-2021-43797 on version 4.0.56.Final...[0m
[96m[Verifier] Verifying reproduction...[0m
[92m[Verifier] âœ“ Behavior matched: 'java.lang.AssertionError'[0m
[92m[Verifier] âœ“ Detail matched: 'null'[0m
[92m[Verifier] âœ“ All reproduction indicators matched.[0m
[92m[Executor] Reproduction result: Success[0m
[92m[RepairModule] Repair success![0m
[92m[RepairModule] Repair success with diff #1333 at iteration 0![0m
[96m[Adapter] Test code repair attempted.[0m
[96m[Executor] Executing exploit for CVE-2021-43797 on version 4.0.56.Final...[0m
[96m[Verifier] Verifying reproduction...[0m
[92m[Verifier] âœ“ Behavior matched: 'java.lang.AssertionError'[0m
[92m[Verifier] âœ“ Detail matched: 'null'[0m
[92m[Verifier] âœ“ All reproduction indicators matched.[0m
[92m[Executor] Reproduction result: Success[0m
[92m[Adapter] Adaptation from 4.1.0.Beta1 to 4.0.56.Final successful.[0m
[Adapt] âœ“ Completed: True
[96m[Adapter] Adaptation complete. Retesting exploit on 4.0.56.Final...[0m
[92m[Executor] Adaptation + reproduction successful on 4.0.56.Final[0m
[96m[Adapter] Copied successful adaptation to /PoCAdaptation/exploit/valid/CVE-2021-43797/4.0.56.Final[0m
[1m[Main] === Starting adaptation process for CVE-2021-43797 ===[0m
[96m[Processor] Fetching all available Maven versions...[0m
[96m[Analyzer] Loading cached versions from: /PoCAdaptation/library/io_netty_netty-codec-http.txt[0m
[96m[Analyzer] io.netty:netty-codec-http has 231 versions (cached).[0m
[96m[Processor] Identifying versions with successful reproduction...[0m
[96m[Processor] Pending versions: ['4.0.0.Beta1', '4.0.0.Beta2', '4.0.0.Beta3', '4.0.0.CR1', '4.0.0.CR2', '4.0.0.CR3', '4.0.0.CR4', '4.0.0.CR5', '4.0.0.CR6', '4.0.0.CR7', '4.0.0.CR8', '4.0.0.CR9', '4.0.0.Final', '4.0.1.Final', '4.0.2.Final', '4.0.3.Final', '4.0.4.Final', '4.0.5.Final', '4.0.6.Final', '4.0.7.Final', '4.0.8.Final', '4.0.9.Final', '4.0.10.Final', '4.0.11.Final', '4.0.12.Final', '4.0.13.Final', '4.0.14.Beta1', '4.0.14.Final', '4.0.15.Final', '4.0.16.Final', '4.0.17.Final', '4.0.18.Final', '4.0.19.Final', '4.0.20.Final', '4.0.21.Final', '4.0.22.Final', '4.0.23.Final', '4.0.24.Final', '4.0.25.Final', '4.0.26.Final', '4.0.27.Final', '4.0.28.Final', '4.0.29.Final', '4.0.30.Final', '4.0.31.Final', '4.0.32.Final', '4.0.33.Final', '4.0.34.Final', '4.0.35.Final', '4.0.36.Final', '4.0.37.Final', '4.0.38.Final', '4.0.39.Final', '4.0.40.Final', '4.0.41.Final', '4.0.42.Final', '4.0.43.Final', '4.0.44.Final', '4.0.45.Final', '4.0.46.Final', '4.0.47.Final', '4.0.48.Final', '4.0.49.Final', '4.0.50.Final', '4.0.51.Final', '4.0.52.Final', '4.0.53.Final', '4.0.54.Final', '4.0.55.Final', '4.0.56.Final', '4.1.0.Beta1', '4.1.0.Beta2', '4.1.0.Beta3', '4.1.0.Beta4', '4.1.0.Beta5', '4.1.0.Beta6', '4.1.0.Beta7', '4.1.0.Beta8', '4.1.0.CR1', '4.1.0.CR2', '4.1.0.CR3', '4.1.0.CR4', '4.1.0.CR5', '4.1.0.CR6', '4.1.0.CR7', '5.0.0.Alpha2'][0m
[96m[Preparer] Pending directory already exists: /PoCAdaptation/exploit/pending/CVE-2021-43797[0m
[92m[Main] Total affected versions: 157[0m
[92m[Main] Already reproduced versions: 151[0m
[93m[Main] Versions pending adaptation: 6[0m
[96m[Main]     -> ['4.0.0.Beta1', '4.0.0.Beta2', '4.0.0.Beta3', '4.0.0.CR1', '4.0.0.CR2', '4.0.0.CR3'][0m
[96m[Main]     -> ['4.0.0.CR4', '4.0.0.CR5', '4.0.0.CR6', '4.0.0.CR7', '4.0.0.CR8', '4.0.0.CR9', '4.0.0.Final', '4.0.1.Final', '4.0.2.Final', '4.0.3.Final', '4.0.4.Final', '4.0.5.Final', '4.0.6.Final', '4.0.7.Final', '4.0.8.Final', '4.0.9.Final', '4.0.10.Final', '4.0.11.Final', '4.0.12.Final', '4.0.13.Final', '4.0.14.Beta1', '4.0.14.Final', '4.0.15.Final', '4.0.16.Final', '4.0.17.Final', '4.0.18.Final', '4.0.19.Final', '4.0.20.Final', '4.0.21.Final', '4.0.22.Final', '4.0.23.Final', '4.0.24.Final', '4.0.25.Final', '4.0.26.Final', '4.0.27.Final', '4.0.28.Final', '4.0.29.Final', '4.0.30.Final', '4.0.31.Final', '4.0.32.Final', '4.0.33.Final', '4.0.34.Final', '4.0.35.Final', '4.0.36.Final', '4.0.37.Final', '4.0.38.Final', '4.0.39.Final', '4.0.40.Final', '4.0.41.Final', '4.0.42.Final', '4.0.43.Final', '4.0.44.Final', '4.0.45.Final', '4.0.46.Final', '4.0.47.Final', '4.0.48.Final', '4.0.49.Final', '4.0.50.Final', '4.0.51.Final', '4.0.52.Final', '4.0.53.Final', '4.0.54.Final', '4.0.55.Final', '4.0.56.Final', '4.1.0.Beta1', '4.1.0.Beta2', '4.1.0.Beta3', '4.1.0.Beta4', '4.1.0.Beta5', '4.1.0.Beta6', '4.1.0.Beta7', '4.1.0.Beta8', '4.1.0.CR1', '4.1.0.CR2', '4.1.0.CR3', '4.1.0.CR4', '4.1.0.CR5', '4.1.0.CR6', '4.1.0.CR7', '4.1.0.Final', '4.1.1.Final', '4.1.2.Final', '4.1.3.Final', '4.1.4.Final', '4.1.5.Final', '4.1.6.Final', '4.1.7.Final', '4.1.8.Final', '4.1.9.Final', '4.1.10.Final', '4.1.11.Final', '4.1.12.Final', '4.1.13.Final', '4.1.14.Final', '4.1.15.Final', '4.1.16.Final', '4.1.17.Final', '4.1.18.Final', '4.1.19.Final', '4.1.20.Final', '4.1.21.Final', '4.1.22.Final', '4.1.23.Final', '4.1.24.Final', '4.1.25.Final', '4.1.26.Final', '4.1.27.Final', '4.1.28.Final', '4.1.29.Final', '4.1.30.Final', '4.1.31.Final', '4.1.32.Final', '4.1.33.Final', '4.1.34.Final', '4.1.35.Final', '4.1.36.Final', '4.1.37.Final', '4.1.38.Final', '4.1.39.Final', '4.1.40.Final', '4.1.41.Final', '4.1.42.Final', '4.1.43.Final', '4.1.44.Final', '4.1.45.Final', '4.1.46.Final', '4.1.47.Final', '4.1.48.Final', '4.1.49.Final', '4.1.50.Final', '4.1.51.Final', '4.1.52.Final', '4.1.53.Final', '4.1.54.Final', '4.1.55.Final', '4.1.56.Final', '4.1.57.Final', '4.1.58.Final', '4.1.59.Final', '4.1.60.Final', '4.1.61.Final', '4.1.62.Final', '4.1.63.Final', '4.1.64.Final', '4.1.65.Final', '4.1.66.Final', '4.1.67.Final', '4.1.68.Final', '4.1.69.Final', '4.1.70.Final', '5.0.0.Alpha2'][0m
[96m[Executor] Running initial exploit mvn test in /PoCAdaptation/exploit/origin/CVE-2021-43797/exploit[0m
[91m[Executor] Initial exploit execution finished with return code 1[0m
[96m[Verifier] Verifying reproduction...[0m
[92m[Verifier] âœ“ Behavior matched: 'java.lang.AssertionError'[0m
[92m[Verifier] âœ“ Detail matched: 'null'[0m
[92m[Verifier] âœ“ All reproduction indicators matched.[0m
[92m[Verifier] Initial exploit behavior verified successfully.[0m
[96m[Selector] Nearest need adapatation version selected: 4.0.0.CR3[0m
[96m[Selector] Closest reproduced version: 4.0.0.CR4 at index 14[0m
[96m[Adapter] Trying next closest version: 4.0.0.CR3[0m
[96m[Preparer] Using closest existing exploit version: /PoCAdaptation/exploit/valid/CVE-2021-43797/4.0.56.Final/exploit[0m
[92m[Preparer] Copied exploit to: /PoCAdaptation/exploit/pending/CVE-2021-43797/4.0.0.CR3/exploit[0m
[96m[Preparer] Updating dependency version to 4.0.0.CR3 in /PoCAdaptation/exploit/pending/CVE-2021-43797/4.0.0.CR3/exploit/pom.xml[0m
[92m[Preparer] Updated dependency version to 4.0.0.CR3 in /PoCAdaptation/exploit/pending/CVE-2021-43797/4.0.0.CR3/exploit/pom.xml[0m
[96m[Executor] Attempting direct exploit execution on 4.0.0.CR3...[0m
[96m[Executor] Executing exploit for CVE-2021-43797 on version 4.0.0.CR3...[0m
[96m[Verifier] Verifying reproduction...[0m
[91m[Verifier] âœ— Behavior not found: 'java.lang.AssertionError'[0m
[91m[Executor] Reproduction result: Failure[0m
[96m[Adapter] Attempting adaptation from base version 4.0.0.CR4 to 4.0.0.CR3...[0m
[96m[Adapter] Start adapting exploit from 4.0.0.CR4 to 4.0.0.CR3"[0m
[96m[Executor] Executing exploit for CVE-2021-43797 on version 4.0.0.CR3...[0m
[96m[Verifier] Verifying reproduction...[0m
[91m[Verifier] âœ— Behavior not found: 'java.lang.AssertionError'[0m
[91m[Executor] Reproduction result: Failure[0m
[96m[ErrorManager] Ignoring line: [ERROR] Failed to execute goal org.apache.maven.plugins:maven-compiler-plugin:3.1:testCompile (default-testCompile) on project CVE-2021-43797: Compilation failure: Compilation failure:[0m
[92m[ErrorManager] Processing line: [ERROR] /PoCAdaptation/exploit/result/CVE-2021-43797/4.0.0.CR3/exploit/src/test/java/edu/vision/se/Testcase1.java:[5,33] cannot find symbol[0m
[92m[ErrorManager] Processing line: [ERROR]   symbol:   class EmbeddedChannel[0m
[92m[ErrorManager] Processing line: [ERROR]   location: package io.netty.channel.embedded[0m
[92m[ErrorManager] Processing line: [ERROR] /PoCAdaptation/exploit/result/CVE-2021-43797/4.0.0.CR3/exploit/src/test/java/edu/vision/se/Testcase1.java:[33,9] cannot find symbol[0m
[92m[ErrorManager] Processing line: [ERROR]   symbol:   class EmbeddedChannel[0m
[92m[ErrorManager] Processing line: [ERROR]   location: class edu.vision.se.Testcase1[0m
[92m[ErrorManager] Processing line: [ERROR] /PoCAdaptation/exploit/result/CVE-2021-43797/4.0.0.CR3/exploit/src/test/java/edu/vision/se/Testcase1.java:[33,39] cannot find symbol[0m
[92m[ErrorManager] Processing line: [ERROR]   symbol:   class EmbeddedChannel[0m
[92m[ErrorManager] Processing line: [ERROR]   location: class edu.vision.se.Testcase1[0m
[96m[ErrorManager] Ignoring line: [ERROR] -> [Help 1][0m
[96m[ErrorManager] Ignoring line: [ERROR][0m
[96m[ErrorManager] Ignoring line: [ERROR] To see the full stack trace of the errors, re-run Maven with the -e switch.[0m
[96m[ErrorManager] Ignoring line: [ERROR] Re-run Maven using the -X switch to enable full debug logging.[0m
[96m[ErrorManager] Ignoring line: [ERROR][0m
[96m[ErrorManager] Ignoring line: [ERROR] For more information about the errors and possible solutions, please read the following articles:[0m
[96m[ErrorManager] Ignoring line: [ERROR] [Help 1] http://cwiki.apache.org/confluence/display/MAVEN/MojoFailureException[0m
[96m[Adapter] Locating fix position in error log.[0m
[LLMClient] Tokens used: 1671 (prompt), 2 (completion), 1673 (total)
[LLMClient] Prompt: 
You are given a Java error log when executing 'mvn test' in a project with dependency version 4.0.0.CR3:io.netty:netty-codec-http.
This test file compiles and runs successfully with version 4.0.0.CR4.

Your task is to:
1. Analyze why this issue occurs with the *4.0.0.CR4* but not with the *4.0.0.CR3 version*.
2. Consider how to resolve the issue **without updating this library**.
3. Determine and output the location in the project that should be modified to fix the problem.

Please return 'pom' if the fix is in the pom.xml file, or 'test' if the fix is in the test code.
Do not return any other text, just 'pom' or 'test'.

The error log is:
[INFO] Scanning for projects...
[INFO] 
[INFO] --------------------< edu.vision.se:CVE-2021-43797 >--------------------
[INFO] Building netty-codec-http CVE-2021-43797 1.0-SNAPSHOT
[INFO]   from pom.xml
[INFO] --------------------------------[ jar ]---------------------------------
[INFO] 
[INFO] --- maven-clean-plugin:2.5:clean (default-clean) @ CVE-2021-43797 ---
[INFO] Deleting /PoCAdaptation/exploit/result/CVE-2021-43797/4.0.0.CR3/exploit/target
[INFO] 
[INFO] --- maven-resources-plugin:2.6:resources (default-resources) @ CVE-2021-43797 ---
[INFO] Using 'UTF-8' encoding to copy filtered resources.
[INFO] skip non existing resourceDirectory /PoCAdaptation/exploit/result/CVE-2021-43797/4.0.0.CR3/exploit/src/main/resources
[INFO] 
[INFO] --- maven-compiler-plugin:3.1:compile (default-compile) @ CVE-2021-43797 ---
[INFO] No sources to compile
[INFO] 
[INFO] --- maven-resources-plugin:2.6:testResources (default-testResources) @ CVE-2021-43797 ---
[INFO] Using 'UTF-8' encoding to copy filtered resources.
[INFO] Copying 1 resource
[INFO] 
[INFO] --- maven-compiler-plugin:3.1:testCompile (default-testCompile) @ CVE-2021-43797 ---
[INFO] Changes detected - recompiling the module!
[INFO] Compiling 1 source file to /PoCAdaptation/exploit/result/CVE-2021-43797/4.0.0.CR3/exploit/target/test-classes
[INFO] -------------------------------------------------------------
[ERROR] COMPILATION ERROR : 
[INFO] -------------------------------------------------------------
[ERROR] /PoCAdaptation/exploit/result/CVE-2021-43797/4.0.0.CR3/exploit/src/test/java/edu/vision/se/Testcase1.java:[5,33] cannot find symbol
  symbol:   class EmbeddedChannel
  location: package io.netty.channel.embedded
[ERROR] /PoCAdaptation/exploit/result/CVE-2021-43797/4.0.0.CR3/exploit/src/test/java/edu/vision/se/Testcase1.java:[33,9] cannot find symbol
  symbol:   class EmbeddedChannel
  location: class edu.vision.se.Testcase1
[ERROR] /PoCAdaptation/exploit/result/CVE-2021-43797/4.0.0.CR3/exploit/src/test/java/edu/vision/se/Testcase1.java:[33,39] cannot find symbol
  symbol:   class EmbeddedChannel
  location: class edu.vision.se.Testcase1
[INFO] 3 errors 
[INFO] -------------------------------------------------------------
[INFO] ------------------------------------------------------------------------
[INFO] BUILD FAILURE
[INFO] ------------------------------------------------------------------------
[INFO] Total time:  1.046 s
[INFO] Finished at: 2025-07-13T13:30:23Z
[INFO] ------------------------------------------------------------------------
[ERROR] Failed to execute goal org.apache.maven.plugins:maven-compiler-plugin:3.1:testCompile (default-testCompile) on project CVE-2021-43797: Compilation failure: Compilation failure: 
[ERROR] /PoCAdaptation/exploit/result/CVE-2021-43797/4.0.0.CR3/exploit/src/test/java/edu/vision/se/Testcase1.java:[5,33] cannot find symbol
[ERROR]   symbol:   class EmbeddedChannel
[ERROR]   location: package io.netty.channel.embedded
[ERROR] /PoCAdaptation/exploit/result/CVE-2021-43797/4.0.0.CR3/exploit/src/test/java/edu/vision/se/Testcase1.java:[33,9] cannot find symbol
[ERROR]   symbol:   class EmbeddedChannel
[ERROR]   location: class edu.vision.se.Testcase1
[ERROR] /PoCAdaptation/exploit/result/CVE-2021-43797/4.0.0.CR3/exploit/src/test/java/edu/vision/se/Testcase1.java:[33,39] cannot find symbol
[ERROR]   symbol:   class EmbeddedChannel
[ERROR]   location: class edu.vision.se.Testcase1
[ERROR] -> [Help 1]
[ERROR] 
[ERROR] To see the full stack trace of the errors, re-run Maven with the -e switch.
[ERROR] Re-run Maven using the -X switch to enable full debug logging.
[ERROR] 
[ERROR] For more information about the errors and possible solutions, please read the following articles:
[ERROR] [Help 1] http://cwiki.apache.org/confluence/display/MAVEN/MojoFailureException


current_pom file is:<?xml version='1.0' encoding='utf-8'?>
<project xmlns="http://maven.apache.org/POM/4.0.0" xmlns:xsi="http://www.w3.org/2001/XMLSchema-instance" xsi:schemaLocation="http://maven.apache.org/POM/4.0.0 https://maven.apache.org/xsd/maven-4.0.0.xsd">
  <groupId>edu.vision.se</groupId><version>1.0-SNAPSHOT</version><modelVersion>4.0.0</modelVersion>
  <artifactId>CVE-2021-43797</artifactId>
  <name>netty-codec-http CVE-2021-43797</name>
  <properties>
    <maven.compiler.target>11</maven.compiler.target>
    <maven.compiler.source>11</maven.compiler.source>
    <project.build.sourceEncoding>UTF-8</project.build.sourceEncoding>
  </properties>
  <dependencies>
    <dependency>
      <groupId>io.netty</groupId>
      <artifactId>netty-codec-http</artifactId>
      <version>4.0.0.CR3</version>
    </dependency>
  <dependency><groupId>junit</groupId><artifactId>junit</artifactId><version>4.13.2</version></dependency>
  
  </dependencies>
</project>
[LLMClient] Response: 
pom
[96m[Adapter] LLM response for fix position: pom[0m
[96m[Adapter] Fix position is in pom.xml.[0m
[LLMClient] Tokens used: 146 (prompt), 11 (completion), 157 (total)
[LLMClient] Prompt: 
You are given an error log when executing 'mvn test' in version 4.0.0.CR3: 

Error: cannot find symbol, class EmbeddedChannel, package io.netty.channel.embedded 

The test executes as expected in 4.0.0.CR4 

Error code: import io.netty.channel.embedded.EmbeddedChannel; 

Extract two key *entities* from the error for searching related diffs 

The extracted entities should reflect code-level identifiers that are likely to appear in source code or diffs. 

Output each node as a `;`-separated list, with no explanations. 


[LLMClient] Response: 
EmbeddedChannel;io.netty.channel.embedded
[96m[ErrorManager] Extracted key entities: ['EmbeddedChannel', 'io.netty.channel.embedded'][0m
[96m[RepairModule] Start repair[0m
[96m[RepairModule] Iteration 1, temperature 1.000: Trying diff #136 with score 10.00[0m
[LLMClient] Tokens used: 1747 (prompt), 181 (completion), 1928 (total)
[LLMClient] Prompt: 
You are given an error when executing test in in 4.0.0.CR3:io.netty:netty-codec-http
This test file compiles and runs successfully in 4.0.0.CR4.

Related diff is Operation: MODIFIED, File: codec-http/src/main/java/io/netty/handler/codec/http/HttpContentCompressor.java, Hunk: @@ -15,7 +15,7 @@
  */
 package io.netty.handler.codec.http;

-import io.netty.channel.embedded.EmbeddedByteChannel;
+import io.netty.channel.embedded.EmbeddedChannel;
 import io.netty.handler.codec.compression.ZlibCodecFactory;
 import io.netty.handler.codec.compression.ZlibWrapper;
 import io.netty.util.internal.StringUtil;

You are NOT allowed to change the version of the dependency io.netty:netty-codec-http.
Your task is to solve the problem by changing the pom file of the project
Current pom file is <?xml version='1.0' encoding='utf-8'?>
<project xmlns="http://maven.apache.org/POM/4.0.0" xmlns:xsi="http://www.w3.org/2001/XMLSchema-instance" xsi:schemaLocation="http://maven.apache.org/POM/4.0.0 https://maven.apache.org/xsd/maven-4.0.0.xsd">
  <groupId>edu.vision.se</groupId><version>1.0-SNAPSHOT</version><modelVersion>4.0.0</modelVersion>
  <artifactId>CVE-2021-43797</artifactId>
  <name>netty-codec-http CVE-2021-43797</name>
  <properties>
    <maven.compiler.target>11</maven.compiler.target>
    <maven.compiler.source>11</maven.compiler.source>
    <project.build.sourceEncoding>UTF-8</project.build.sourceEncoding>
  </properties>
  <dependencies>
    <dependency>
      <groupId>io.netty</groupId>
      <artifactId>netty-codec-http</artifactId>
      <version>4.0.0.CR3</version>
    </dependency>
  <dependency><groupId>junit</groupId><artifactId>junit</artifactId><version>4.13.2</version></dependency>
  
  </dependencies>
</project>
Your task is 1. Analyze the cause of the errors 2. Decide fix position of the pom file according to the cause 3. Output only the updated partion of pom.xml entries without explanation

### Compilation Errors:
[INFO] Scanning for projects...
[INFO] 
[INFO] --------------------< edu.vision.se:CVE-2021-43797 >--------------------
[INFO] Building netty-codec-http CVE-2021-43797 1.0-SNAPSHOT
[INFO]   from pom.xml
[INFO] --------------------------------[ jar ]---------------------------------
[INFO] 
[INFO] --- maven-clean-plugin:2.5:clean (default-clean) @ CVE-2021-43797 ---
[INFO] Deleting /PoCAdaptation/exploit/result/CVE-2021-43797/4.0.0.CR3/exploit/target
[INFO] 
[INFO] --- maven-resources-plugin:2.6:resources (default-resources) @ CVE-2021-43797 ---
[INFO] Using 'UTF-8' encoding to copy filtered resources.
[INFO] skip non existing resourceDirectory /PoCAdaptation/exploit/result/CVE-2021-43797/4.0.0.CR3/exploit/src/main/resources
[INFO] 
[INFO] --- maven-compiler-plugin:3.1:compile (default-compile) @ CVE-2021-43797 ---
[INFO] No sources to compile
[INFO] 
[INFO] --- maven-resources-plugin:2.6:testResources (default-testResources) @ CVE-2021-43797 ---
[INFO] Using 'UTF-8' encoding to copy filtered resources.
[INFO] Copying 1 resource
[INFO] 
[INFO] --- maven-compiler-plugin:3.1:testCompile (default-testCompile) @ CVE-2021-43797 ---
[INFO] Changes detected - recompiling the module!
[INFO] Compiling 1 source file to /PoCAdaptation/exploit/result/CVE-2021-43797/4.0.0.CR3/exploit/target/test-classes
[INFO] -------------------------------------------------------------
[ERROR] COMPILATION ERROR : 
[INFO] -------------------------------------------------------------
[ERROR] /PoCAdaptation/exploit/result/CVE-2021-43797/4.0.0.CR3/exploit/src/test/java/edu/vision/se/Testcase1.java:[5,33] cannot find symbol
  symbol:   class EmbeddedChannel
  location: package io.netty.channel.embedded
[ERROR] /PoCAdaptation/exploit/result/CVE-2021-43797/4.0.0.CR3/exploit/src/test/java/edu/vision/se/Testcase1.java:[33,9] cannot find symbol
  symbol:   class EmbeddedChannel
  location: class edu.vision.se.Testcase1
[ERROR] /PoCAdaptation/exploit/result/CVE-2021-43797/4.0.0.CR3/exploit/src/test/java/edu/vision/se/Testcase1.java:[33,39] cannot find symbol
  symbol:   class EmbeddedChannel
  location: class edu.vision.se.Testcase1
[INFO] 3 errors 
[INFO] -------------------------------------------------------------
[INFO] ------------------------------------------------------------------------
[INFO] BUILD FAILURE
[INFO] ------------------------------------------------------------------------
[INFO] Total time:  1.046 s
[INFO] Finished at: 2025-07-13T13:30:23Z
[INFO] ------------------------------------------------------------------------
[ERROR] Failed to execute goal org.apache.maven.plugins:maven-compiler-plugin:3.1:testCompile (default-testCompile) on project CVE-2021-43797: Compilation failure: Compilation failure: 
[ERROR] /PoCAdaptation/exploit/result/CVE-2021-43797/4.0.0.CR3/exploit/src/test/java/edu/vision/se/Testcase1.java:[5,33] cannot find symbol
[ERROR]   symbol:   class EmbeddedChannel
[ERROR]   location: package io.netty.channel.embedded
[ERROR] /PoCAdaptation/exploit/result/CVE-2021-43797/4.0.0.CR3/exploit/src/test/java/edu/vision/se/Testcase1.java:[33,9] cannot find symbol
[ERROR]   symbol:   class EmbeddedChannel
[ERROR]   location: class edu.vision.se.Testcase1
[ERROR] /PoCAdaptation/exploit/result/CVE-2021-43797/4.0.0.CR3/exploit/src/test/java/edu/vision/se/Testcase1.java:[33,39] cannot find symbol
[ERROR]   symbol:   class EmbeddedChannel
[ERROR]   location: class edu.vision.se.Testcase1
[ERROR] -> [Help 1]
[ERROR] 
[ERROR] To see the full stack trace of the errors, re-run Maven with the -e switch.
[ERROR] Re-run Maven using the -X switch to enable full debug logging.
[ERROR] 
[ERROR] For more information about the errors and possible solutions, please read the following articles:
[ERROR] [Help 1] http://cwiki.apache.org/confluence/display/MAVEN/MojoFailureException


[LLMClient] Response: 
The issue is caused by a missing dependency on `netty-transport` which contains the `EmbeddedChannel` class. Here's the updated portion of the pom.xml to add the dependency:

```xml
  <dependencies>
    <dependency>
      <groupId>io.netty</groupId>
      <artifactId>netty-codec-http</artifactId>
      <version>4.0.0.CR3</version>
    </dependency>
    <dependency>
      <groupId>io.netty</groupId>
      <artifactId>netty-transport</artifactId>
      <version>4.0.0.CR3</version>
    </dependency>
    <dependency>
      <groupId>junit</groupId>
      <artifactId>junit</artifactId>
      <version>4.13.2</version>
    </dependency>
  </dependencies>
```
[Adapter] ~ Updating version of io.netty:netty-codec-http to 4.0.0.CR3
[Adapter] + Adding new dependency io.netty:netty-transport:4.0.0.CR3
[Adapter] ~ Updating version of junit:junit to 4.13.2
[Adapter] âœ“ pom.xml successfully updated.
[96m[Executor] Executing exploit for CVE-2021-43797 on version 4.0.0.CR3...[0m
[96m[Verifier] Verifying reproduction...[0m
[91m[Verifier] âœ— Behavior not found: 'java.lang.AssertionError'[0m
[91m[Executor] Reproduction result: Failure[0m
[LLMClient] Tokens used: 1672 (prompt), 373 (completion), 2045 (total)
[LLMClient] Prompt: 
You are given an error when executing test in in 4.0.0.CR3:io.netty:netty-codec-http
This test file compiles and runs successfully in 4.0.0.CR4.

You are NOT allowed to change the version of the dependency io.netty:netty-codec-http.
Your task is to solve the problem by changing the pom file of the project. You can update other library to any versions
Current pom file is <?xml version='1.0' encoding='utf-8'?>
<project xmlns="http://maven.apache.org/POM/4.0.0" xmlns:xsi="http://www.w3.org/2001/XMLSchema-instance" xsi:schemaLocation="http://maven.apache.org/POM/4.0.0 https://maven.apache.org/xsd/maven-4.0.0.xsd">
  <groupId>edu.vision.se</groupId><version>1.0-SNAPSHOT</version><modelVersion>4.0.0</modelVersion>
  <artifactId>CVE-2021-43797</artifactId>
  <name>netty-codec-http CVE-2021-43797</name>
  <properties>
    <maven.compiler.target>11</maven.compiler.target>
    <maven.compiler.source>11</maven.compiler.source>
    <project.build.sourceEncoding>UTF-8</project.build.sourceEncoding>
  </properties>
  <dependencies>
    <dependency>
      <groupId>io.netty</groupId>
      <artifactId>netty-codec-http</artifactId>
      <version>4.0.0.CR3</version>
    </dependency>
  <dependency><groupId>junit</groupId><artifactId>junit</artifactId><version>4.13.2</version></dependency>
  
  <dependency>
      <groupId>io.netty</groupId>
      <artifactId>netty-transport</artifactId>
      <version>4.0.0.CR3</version>
    </dependency>
    </dependencies>
</project>
Your task is 1. Analyze the cause of the errors 2. Decide fix position of the pom file according to the cause 3. Output only the updated partion of pom.xml entries without explanation

### Compilation Errors:
[INFO] Scanning for projects...
[INFO] 
[INFO] --------------------< edu.vision.se:CVE-2021-43797 >--------------------
[INFO] Building netty-codec-http CVE-2021-43797 1.0-SNAPSHOT
[INFO]   from pom.xml
[INFO] --------------------------------[ jar ]---------------------------------
[INFO] 
[INFO] --- maven-clean-plugin:2.5:clean (default-clean) @ CVE-2021-43797 ---
[INFO] Deleting /PoCAdaptation/exploit/result/CVE-2021-43797/4.0.0.CR3/exploit/target
[INFO] 
[INFO] --- maven-resources-plugin:2.6:resources (default-resources) @ CVE-2021-43797 ---
[INFO] Using 'UTF-8' encoding to copy filtered resources.
[INFO] skip non existing resourceDirectory /PoCAdaptation/exploit/result/CVE-2021-43797/4.0.0.CR3/exploit/src/main/resources
[INFO] 
[INFO] --- maven-compiler-plugin:3.1:compile (default-compile) @ CVE-2021-43797 ---
[INFO] No sources to compile
[INFO] 
[INFO] --- maven-resources-plugin:2.6:testResources (default-testResources) @ CVE-2021-43797 ---
[INFO] Using 'UTF-8' encoding to copy filtered resources.
[INFO] Copying 1 resource
[INFO] 
[INFO] --- maven-compiler-plugin:3.1:testCompile (default-testCompile) @ CVE-2021-43797 ---
[INFO] Changes detected - recompiling the module!
[INFO] Compiling 1 source file to /PoCAdaptation/exploit/result/CVE-2021-43797/4.0.0.CR3/exploit/target/test-classes
[INFO] -------------------------------------------------------------
[ERROR] COMPILATION ERROR : 
[INFO] -------------------------------------------------------------
[ERROR] /PoCAdaptation/exploit/result/CVE-2021-43797/4.0.0.CR3/exploit/src/test/java/edu/vision/se/Testcase1.java:[5,33] cannot find symbol
  symbol:   class EmbeddedChannel
  location: package io.netty.channel.embedded
[ERROR] /PoCAdaptation/exploit/result/CVE-2021-43797/4.0.0.CR3/exploit/src/test/java/edu/vision/se/Testcase1.java:[33,9] cannot find symbol
  symbol:   class EmbeddedChannel
  location: class edu.vision.se.Testcase1
[ERROR] /PoCAdaptation/exploit/result/CVE-2021-43797/4.0.0.CR3/exploit/src/test/java/edu/vision/se/Testcase1.java:[33,39] cannot find symbol
  symbol:   class EmbeddedChannel
  location: class edu.vision.se.Testcase1
[INFO] 3 errors 
[INFO] -------------------------------------------------------------
[INFO] ------------------------------------------------------------------------
[INFO] BUILD FAILURE
[INFO] ------------------------------------------------------------------------
[INFO] Total time:  0.853 s
[INFO] Finished at: 2025-07-13T13:30:50Z
[INFO] ------------------------------------------------------------------------
[ERROR] Failed to execute goal org.apache.maven.plugins:maven-compiler-plugin:3.1:testCompile (default-testCompile) on project CVE-2021-43797: Compilation failure: Compilation failure: 
[ERROR] /PoCAdaptation/exploit/result/CVE-2021-43797/4.0.0.CR3/exploit/src/test/java/edu/vision/se/Testcase1.java:[5,33] cannot find symbol
[ERROR]   symbol:   class EmbeddedChannel
[ERROR]   location: package io.netty.channel.embedded
[ERROR] /PoCAdaptation/exploit/result/CVE-2021-43797/4.0.0.CR3/exploit/src/test/java/edu/vision/se/Testcase1.java:[33,9] cannot find symbol
[ERROR]   symbol:   class EmbeddedChannel
[ERROR]   location: class edu.vision.se.Testcase1
[ERROR] /PoCAdaptation/exploit/result/CVE-2021-43797/4.0.0.CR3/exploit/src/test/java/edu/vision/se/Testcase1.java:[33,39] cannot find symbol
[ERROR]   symbol:   class EmbeddedChannel
[ERROR]   location: class edu.vision.se.Testcase1
[ERROR] -> [Help 1]
[ERROR] 
[ERROR] To see the full stack trace of the errors, re-run Maven with the -e switch.
[ERROR] Re-run Maven using the -X switch to enable full debug logging.
[ERROR] 
[ERROR] For more information about the errors and possible solutions, please read the following articles:
[ERROR] [Help 1] http://cwiki.apache.org/confluence/display/MAVEN/MojoFailureException


[LLMClient] Response: 
<dependencies>
    <dependency>
      <groupId>io.netty</groupId>
      <artifactId>netty-codec-http</artifactId>
      <version>4.0.0.CR3</version>
    </dependency>
    <dependency>
      <groupId>junit</groupId>
      <artifactId>junit</artifactId>
      <version>4.13.2</version>
    </dependency>
    <dependency>
      <groupId>io.netty</groupId>
      <artifactId>netty-transport</artifactId>
      <version>4.0.0.CR3</version>
    </dependency>
    <dependency>
      <groupId>io.netty</groupId>
      <artifactId>netty-transport</artifactId>
      <version>4.0.0.CR3</version>
    </dependency>
    <dependency>
      <groupId>io.netty</groupId>
      <artifactId>netty-common</artifactId>
      <version>4.0.0.CR3</version>
    </dependency>
    <dependency>
      <groupId>io.netty</groupId>
      <artifactId>netty-buffer</artifactId>
      <version>4.0.0.CR3</version>
    </dependency>
    <dependency>
      <groupId>io.netty</groupId>
      <artifactId>netty-handler</artifactId>
      <version>4.0.0.CR3</version>
    </dependency>
    <dependency>
      <groupId>io.netty</groupId>
      <artifactId>netty-transport-native-epoll</artifactId>
      <version>4.0.0.CR3</version>
      <classifier>linux-x86_64</classifier>
    </dependency>
</dependencies>
[Adapter] ~ Updating version of io.netty:netty-codec-http to 4.0.0.CR3
[Adapter] ~ Updating version of junit:junit to 4.13.2
[Adapter] ~ Updating version of io.netty:netty-transport to 4.0.0.CR3
[Adapter] ~ Updating version of io.netty:netty-transport to 4.0.0.CR3
[Adapter] + Adding new dependency io.netty:netty-common:4.0.0.CR3
[Adapter] + Adding new dependency io.netty:netty-buffer:4.0.0.CR3
[Adapter] + Adding new dependency io.netty:netty-handler:4.0.0.CR3
[Adapter] + Adding new dependency io.netty:netty-transport-native-epoll:4.0.0.CR3
[Adapter] âœ“ pom.xml successfully updated.
[96m[Executor] Executing exploit for CVE-2021-43797 on version 4.0.0.CR3...[0m
[96m[Verifier] Verifying reproduction...[0m
[91m[Verifier] âœ— Behavior not found: 'java.lang.AssertionError'[0m
[91m[Executor] Reproduction result: Failure[0m
[96m[RepairModule] Iteration 2, temperature 1.000: Trying diff #138 with score 10.00[0m
[LLMClient] Tokens used: 1302 (prompt), 227 (completion), 1529 (total)
[LLMClient] Prompt: 
You are given an error when executing test in in 4.0.0.CR3:io.netty:netty-codec-http
This test file compiles and runs successfully in 4.0.0.CR4.

Related diff is Operation: MODIFIED, File: codec-http/src/main/java/io/netty/handler/codec/http/HttpContentDecoder.java, Hunk: @@ -15,21 +15,19 @@
  */
 package io.netty.handler.codec.http;

-import io.netty.buffer.BufUtil;
 import io.netty.buffer.ByteBuf;
 import io.netty.buffer.ByteBufHolder;
-import io.netty.buffer.MessageBuf;
+import io.netty.buffer.ByteBufUtil;
 import io.netty.buffer.Unpooled;
 import io.netty.channel.ChannelHandlerContext;
-import io.netty.channel.embedded.EmbeddedByteChannel;
+import io.netty.channel.MessageList;
+import io.netty.channel.embedded.EmbeddedChannel;
 import io.netty.handler.codec.MessageToMessageDecoder;

-import java.util.Collections;
-
 /**
  * Decodes the content of the received {@link HttpRequest} and {@link HttpContent}.
  * The original content is replaced with the new content decoded by the
- * {@link EmbeddedByteChannel}, which is created by {@link #newContentDecoder(String)}.
+ * {@link EmbeddedChannel}, which is created by {@link #newContentDecoder(String)}.
  * Once decoding is finished, the value of the <tt>'Content-Encoding'</tt>
  * header is set to the target content encoding, as returned by {@link #getTargetContentEncoding(String)}.
  * Also, the <tt>'Content-Length'</tt> header is updated to the length of the

You are NOT allowed to change the version of the dependency io.netty:netty-codec-http.
Your task is to solve the problem by changing the pom file of the project
Current pom file is <?xml version='1.0' encoding='utf-8'?>
<project xmlns="http://maven.apache.org/POM/4.0.0" xmlns:xsi="http://www.w3.org/2001/XMLSchema-instance" xsi:schemaLocation="http://maven.apache.org/POM/4.0.0 https://maven.apache.org/xsd/maven-4.0.0.xsd">
  <groupId>edu.vision.se</groupId><version>1.0-SNAPSHOT</version><modelVersion>4.0.0</modelVersion>
  <artifactId>CVE-2021-43797</artifactId>
  <name>netty-codec-http CVE-2021-43797</name>
  <properties>
    <maven.compiler.target>11</maven.compiler.target>
    <maven.compiler.source>11</maven.compiler.source>
    <project.build.sourceEncoding>UTF-8</project.build.sourceEncoding>
  </properties>
  <dependencies>
    <dependency>
      <groupId>io.netty</groupId>
      <artifactId>netty-codec-http</artifactId>
      <version>4.0.0.CR3</version>
    </dependency>
  <dependency><groupId>junit</groupId><artifactId>junit</artifactId><version>4.13.2</version></dependency>
  
  </dependencies>
</project>
Your task is 1. Analyze the cause of the errors 2. Decide fix position of the pom file according to the cause 3. Output only the updated partion of pom.xml entries without explanation

### Compilation Errors:
[INFO] Scanning for projects...
[INFO] 
[INFO] --------------------< edu.vision.se:CVE-2021-43797 >--------------------
[INFO] Building netty-codec-http CVE-2021-43797 1.0-SNAPSHOT
[INFO]   from pom.xml
[INFO] --------------------------------[ jar ]---------------------------------
Downloading from aliyunmaven: https://maven.aliyun.com/repository/public/io/netty/netty-transport-native-epoll/4.0.0.CR3/netty-transport-native-epoll-4.0.0.CR3.pom
[WARNING] The POM for io.netty:netty-transport-native-epoll:jar:linux-x86_64:4.0.0.CR3 is missing, no dependency information available
Downloading from aliyunmaven: https://maven.aliyun.com/repository/public/io/netty/netty-transport-native-epoll/4.0.0.CR3/netty-transport-native-epoll-4.0.0.CR3-linux-x86_64.jar
[INFO] ------------------------------------------------------------------------
[INFO] BUILD FAILURE
[INFO] ------------------------------------------------------------------------
[INFO] Total time:  1.215 s
[INFO] Finished at: 2025-07-13T13:31:09Z
[INFO] ------------------------------------------------------------------------
[ERROR] Failed to execute goal on project CVE-2021-43797: Could not resolve dependencies for project edu.vision.se:CVE-2021-43797:jar:1.0-SNAPSHOT: Could not find artifact io.netty:netty-transport-native-epoll:jar:linux-x86_64:4.0.0.CR3 in aliyunmaven (https://maven.aliyun.com/repository/public) -> [Help 1]
[ERROR] 
[ERROR] To see the full stack trace of the errors, re-run Maven with the -e switch.
[ERROR] Re-run Maven using the -X switch to enable full debug logging.
[ERROR] 
[ERROR] For more information about the errors and possible solutions, please read the following articles:
[ERROR] [Help 1] http://cwiki.apache.org/confluence/display/MAVEN/DependencyResolutionException


[LLMClient] Response: 
Based on the error and the diff shown, the issue is related to missing transitive dependencies for Netty 4.0.0.CR3. Here's the updated pom.xml portion that should fix the dependency resolution:

```xml
<dependencies>
  <dependency>
    <groupId>io.netty</groupId>
    <artifactId>netty-codec-http</artifactId>
    <version>4.0.0.CR3</version>
    <exclusions>
      <exclusion>
        <groupId>io.netty</groupId>
        <artifactId>netty-transport-native-epoll</artifactId>
      </exclusion>
    </exclusions>
  </dependency>
  <dependency>
    <groupId>junit</groupId>
    <artifactId>junit</artifactId>
    <version>4.13.2</version>
  </dependency>
  <dependency>
    <groupId>io.netty</groupId>
    <artifactId>netty-all</artifactId>
    <version>4.0.0.CR3</version>
  </dependency>
</dependencies>
```
[Adapter] ~ Updating version of io.netty:netty-codec-http to 4.0.0.CR3
[Adapter] ~ Updating version of junit:junit to 4.13.2
[Adapter] + Adding new dependency io.netty:netty-all:4.0.0.CR3
[Adapter] âœ“ pom.xml successfully updated.
[96m[Executor] Executing exploit for CVE-2021-43797 on version 4.0.0.CR3...[0m
[96m[Verifier] Verifying reproduction...[0m
[91m[Verifier] âœ— Behavior not found: 'java.lang.AssertionError'[0m
[91m[Executor] Reproduction result: Failure[0m
[LLMClient] Tokens used: 1670 (prompt), 215 (completion), 1885 (total)
[LLMClient] Prompt: 
You are given an error when executing test in in 4.0.0.CR3:io.netty:netty-codec-http
This test file compiles and runs successfully in 4.0.0.CR4.

You are NOT allowed to change the version of the dependency io.netty:netty-codec-http.
Your task is to solve the problem by changing the pom file of the project. You can update other library to any versions
Current pom file is <?xml version='1.0' encoding='utf-8'?>
<project xmlns="http://maven.apache.org/POM/4.0.0" xmlns:xsi="http://www.w3.org/2001/XMLSchema-instance" xsi:schemaLocation="http://maven.apache.org/POM/4.0.0 https://maven.apache.org/xsd/maven-4.0.0.xsd">
  <groupId>edu.vision.se</groupId><version>1.0-SNAPSHOT</version><modelVersion>4.0.0</modelVersion>
  <artifactId>CVE-2021-43797</artifactId>
  <name>netty-codec-http CVE-2021-43797</name>
  <properties>
    <maven.compiler.target>11</maven.compiler.target>
    <maven.compiler.source>11</maven.compiler.source>
    <project.build.sourceEncoding>UTF-8</project.build.sourceEncoding>
  </properties>
  <dependencies>
    <dependency>
      <groupId>io.netty</groupId>
      <artifactId>netty-codec-http</artifactId>
      <version>4.0.0.CR3</version>
    </dependency>
  <dependency><groupId>junit</groupId><artifactId>junit</artifactId><version>4.13.2</version></dependency>
  
  <dependency>
    <groupId>io.netty</groupId>
    <artifactId>netty-all</artifactId>
    <version>4.0.0.CR3</version>
  </dependency>
</dependencies>
</project>
Your task is 1. Analyze the cause of the errors 2. Decide fix position of the pom file according to the cause 3. Output only the updated partion of pom.xml entries without explanation

### Compilation Errors:
[INFO] Scanning for projects...
[INFO] 
[INFO] --------------------< edu.vision.se:CVE-2021-43797 >--------------------
[INFO] Building netty-codec-http CVE-2021-43797 1.0-SNAPSHOT
[INFO]   from pom.xml
[INFO] --------------------------------[ jar ]---------------------------------
[INFO] 
[INFO] --- maven-clean-plugin:2.5:clean (default-clean) @ CVE-2021-43797 ---
[INFO] Deleting /PoCAdaptation/exploit/result/CVE-2021-43797/4.0.0.CR3/exploit/target
[INFO] 
[INFO] --- maven-resources-plugin:2.6:resources (default-resources) @ CVE-2021-43797 ---
[INFO] Using 'UTF-8' encoding to copy filtered resources.
[INFO] skip non existing resourceDirectory /PoCAdaptation/exploit/result/CVE-2021-43797/4.0.0.CR3/exploit/src/main/resources
[INFO] 
[INFO] --- maven-compiler-plugin:3.1:compile (default-compile) @ CVE-2021-43797 ---
[INFO] No sources to compile
[INFO] 
[INFO] --- maven-resources-plugin:2.6:testResources (default-testResources) @ CVE-2021-43797 ---
[INFO] Using 'UTF-8' encoding to copy filtered resources.
[INFO] Copying 1 resource
[INFO] 
[INFO] --- maven-compiler-plugin:3.1:testCompile (default-testCompile) @ CVE-2021-43797 ---
[INFO] Changes detected - recompiling the module!
[INFO] Compiling 1 source file to /PoCAdaptation/exploit/result/CVE-2021-43797/4.0.0.CR3/exploit/target/test-classes
[INFO] -------------------------------------------------------------
[ERROR] COMPILATION ERROR : 
[INFO] -------------------------------------------------------------
[ERROR] /PoCAdaptation/exploit/result/CVE-2021-43797/4.0.0.CR3/exploit/src/test/java/edu/vision/se/Testcase1.java:[5,33] cannot find symbol
  symbol:   class EmbeddedChannel
  location: package io.netty.channel.embedded
[ERROR] /PoCAdaptation/exploit/result/CVE-2021-43797/4.0.0.CR3/exploit/src/test/java/edu/vision/se/Testcase1.java:[33,9] cannot find symbol
  symbol:   class EmbeddedChannel
  location: class edu.vision.se.Testcase1
[ERROR] /PoCAdaptation/exploit/result/CVE-2021-43797/4.0.0.CR3/exploit/src/test/java/edu/vision/se/Testcase1.java:[33,39] cannot find symbol
  symbol:   class EmbeddedChannel
  location: class edu.vision.se.Testcase1
[INFO] 3 errors 
[INFO] -------------------------------------------------------------
[INFO] ------------------------------------------------------------------------
[INFO] BUILD FAILURE
[INFO] ------------------------------------------------------------------------
[INFO] Total time:  0.880 s
[INFO] Finished at: 2025-07-13T13:31:23Z
[INFO] ------------------------------------------------------------------------
[ERROR] Failed to execute goal org.apache.maven.plugins:maven-compiler-plugin:3.1:testCompile (default-testCompile) on project CVE-2021-43797: Compilation failure: Compilation failure: 
[ERROR] /PoCAdaptation/exploit/result/CVE-2021-43797/4.0.0.CR3/exploit/src/test/java/edu/vision/se/Testcase1.java:[5,33] cannot find symbol
[ERROR]   symbol:   class EmbeddedChannel
[ERROR]   location: package io.netty.channel.embedded
[ERROR] /PoCAdaptation/exploit/result/CVE-2021-43797/4.0.0.CR3/exploit/src/test/java/edu/vision/se/Testcase1.java:[33,9] cannot find symbol
[ERROR]   symbol:   class EmbeddedChannel
[ERROR]   location: class edu.vision.se.Testcase1
[ERROR] /PoCAdaptation/exploit/result/CVE-2021-43797/4.0.0.CR3/exploit/src/test/java/edu/vision/se/Testcase1.java:[33,39] cannot find symbol
[ERROR]   symbol:   class EmbeddedChannel
[ERROR]   location: class edu.vision.se.Testcase1
[ERROR] -> [Help 1]
[ERROR] 
[ERROR] To see the full stack trace of the errors, re-run Maven with the -e switch.
[ERROR] Re-run Maven using the -X switch to enable full debug logging.
[ERROR] 
[ERROR] For more information about the errors and possible solutions, please read the following articles:
[ERROR] [Help 1] http://cwiki.apache.org/confluence/display/MAVEN/MojoFailureException


[LLMClient] Response: 
The issue is that `EmbeddedChannel` class is missing, which is part of `netty-transport` module. Here's the updated dependencies section:

```xml
<dependencies>
  <dependency>
    <groupId>io.netty</groupId>
    <artifactId>netty-codec-http</artifactId>
    <version>4.0.0.CR3</version>
  </dependency>
  <dependency>
    <groupId>io.netty</groupId>
    <artifactId>netty-transport</artifactId>
    <version>4.0.0.CR3</version>
  </dependency>
  <dependency>
    <groupId>junit</groupId>
    <artifactId>junit</artifactId>
    <version>4.13.2</version>
  </dependency>
  <dependency>
    <groupId>io.netty</groupId>
    <artifactId>netty-all</artifactId>
    <version>4.0.0.CR3</version>
  </dependency>
</dependencies>
```
[Adapter] ~ Updating version of io.netty:netty-codec-http to 4.0.0.CR3
[Adapter] + Adding new dependency io.netty:netty-transport:4.0.0.CR3
[Adapter] ~ Updating version of junit:junit to 4.13.2
[Adapter] ~ Updating version of io.netty:netty-all to 4.0.0.CR3
[Adapter] âœ“ pom.xml successfully updated.
[96m[Executor] Executing exploit for CVE-2021-43797 on version 4.0.0.CR3...[0m
[96m[Verifier] Verifying reproduction...[0m
[91m[Verifier] âœ— Behavior not found: 'java.lang.AssertionError'[0m
[91m[Executor] Reproduction result: Failure[0m
[96m[RepairModule] Iteration 3, temperature 1.000: Trying diff #144 with score 10.00[0m
[LLMClient] Tokens used: 1739 (prompt), 175 (completion), 1914 (total)
[LLMClient] Prompt: 
You are given an error when executing test in in 4.0.0.CR3:io.netty:netty-codec-http
This test file compiles and runs successfully in 4.0.0.CR4.

Related diff is Operation: MODIFIED, File: codec-http/src/main/java/io/netty/handler/codec/http/HttpContentDecompressor.java, Hunk: @@ -15,7 +15,7 @@
  */
 package io.netty.handler.codec.http;

-import io.netty.channel.embedded.EmbeddedByteChannel;
+import io.netty.channel.embedded.EmbeddedChannel;
 import io.netty.handler.codec.compression.ZlibCodecFactory;
 import io.netty.handler.codec.compression.ZlibWrapper;


You are NOT allowed to change the version of the dependency io.netty:netty-codec-http.
Your task is to solve the problem by changing the pom file of the project
Current pom file is <?xml version='1.0' encoding='utf-8'?>
<project xmlns="http://maven.apache.org/POM/4.0.0" xmlns:xsi="http://www.w3.org/2001/XMLSchema-instance" xsi:schemaLocation="http://maven.apache.org/POM/4.0.0 https://maven.apache.org/xsd/maven-4.0.0.xsd">
  <groupId>edu.vision.se</groupId><version>1.0-SNAPSHOT</version><modelVersion>4.0.0</modelVersion>
  <artifactId>CVE-2021-43797</artifactId>
  <name>netty-codec-http CVE-2021-43797</name>
  <properties>
    <maven.compiler.target>11</maven.compiler.target>
    <maven.compiler.source>11</maven.compiler.source>
    <project.build.sourceEncoding>UTF-8</project.build.sourceEncoding>
  </properties>
  <dependencies>
    <dependency>
      <groupId>io.netty</groupId>
      <artifactId>netty-codec-http</artifactId>
      <version>4.0.0.CR3</version>
    </dependency>
  <dependency><groupId>junit</groupId><artifactId>junit</artifactId><version>4.13.2</version></dependency>
  
  </dependencies>
</project>
Your task is 1. Analyze the cause of the errors 2. Decide fix position of the pom file according to the cause 3. Output only the updated partion of pom.xml entries without explanation

### Compilation Errors:
[INFO] Scanning for projects...
[INFO] 
[INFO] --------------------< edu.vision.se:CVE-2021-43797 >--------------------
[INFO] Building netty-codec-http CVE-2021-43797 1.0-SNAPSHOT
[INFO]   from pom.xml
[INFO] --------------------------------[ jar ]---------------------------------
[INFO] 
[INFO] --- maven-clean-plugin:2.5:clean (default-clean) @ CVE-2021-43797 ---
[INFO] Deleting /PoCAdaptation/exploit/result/CVE-2021-43797/4.0.0.CR3/exploit/target
[INFO] 
[INFO] --- maven-resources-plugin:2.6:resources (default-resources) @ CVE-2021-43797 ---
[INFO] Using 'UTF-8' encoding to copy filtered resources.
[INFO] skip non existing resourceDirectory /PoCAdaptation/exploit/result/CVE-2021-43797/4.0.0.CR3/exploit/src/main/resources
[INFO] 
[INFO] --- maven-compiler-plugin:3.1:compile (default-compile) @ CVE-2021-43797 ---
[INFO] No sources to compile
[INFO] 
[INFO] --- maven-resources-plugin:2.6:testResources (default-testResources) @ CVE-2021-43797 ---
[INFO] Using 'UTF-8' encoding to copy filtered resources.
[INFO] Copying 1 resource
[INFO] 
[INFO] --- maven-compiler-plugin:3.1:testCompile (default-testCompile) @ CVE-2021-43797 ---
[INFO] Changes detected - recompiling the module!
[INFO] Compiling 1 source file to /PoCAdaptation/exploit/result/CVE-2021-43797/4.0.0.CR3/exploit/target/test-classes
[INFO] -------------------------------------------------------------
[ERROR] COMPILATION ERROR : 
[INFO] -------------------------------------------------------------
[ERROR] /PoCAdaptation/exploit/result/CVE-2021-43797/4.0.0.CR3/exploit/src/test/java/edu/vision/se/Testcase1.java:[5,33] cannot find symbol
  symbol:   class EmbeddedChannel
  location: package io.netty.channel.embedded
[ERROR] /PoCAdaptation/exploit/result/CVE-2021-43797/4.0.0.CR3/exploit/src/test/java/edu/vision/se/Testcase1.java:[33,9] cannot find symbol
  symbol:   class EmbeddedChannel
  location: class edu.vision.se.Testcase1
[ERROR] /PoCAdaptation/exploit/result/CVE-2021-43797/4.0.0.CR3/exploit/src/test/java/edu/vision/se/Testcase1.java:[33,39] cannot find symbol
  symbol:   class EmbeddedChannel
  location: class edu.vision.se.Testcase1
[INFO] 3 errors 
[INFO] -------------------------------------------------------------
[INFO] ------------------------------------------------------------------------
[INFO] BUILD FAILURE
[INFO] ------------------------------------------------------------------------
[INFO] Total time:  1.017 s
[INFO] Finished at: 2025-07-13T13:31:37Z
[INFO] ------------------------------------------------------------------------
[ERROR] Failed to execute goal org.apache.maven.plugins:maven-compiler-plugin:3.1:testCompile (default-testCompile) on project CVE-2021-43797: Compilation failure: Compilation failure: 
[ERROR] /PoCAdaptation/exploit/result/CVE-2021-43797/4.0.0.CR3/exploit/src/test/java/edu/vision/se/Testcase1.java:[5,33] cannot find symbol
[ERROR]   symbol:   class EmbeddedChannel
[ERROR]   location: package io.netty.channel.embedded
[ERROR] /PoCAdaptation/exploit/result/CVE-2021-43797/4.0.0.CR3/exploit/src/test/java/edu/vision/se/Testcase1.java:[33,9] cannot find symbol
[ERROR]   symbol:   class EmbeddedChannel
[ERROR]   location: class edu.vision.se.Testcase1
[ERROR] /PoCAdaptation/exploit/result/CVE-2021-43797/4.0.0.CR3/exploit/src/test/java/edu/vision/se/Testcase1.java:[33,39] cannot find symbol
[ERROR]   symbol:   class EmbeddedChannel
[ERROR]   location: class edu.vision.se.Testcase1
[ERROR] -> [Help 1]
[ERROR] 
[ERROR] To see the full stack trace of the errors, re-run Maven with the -e switch.
[ERROR] Re-run Maven using the -X switch to enable full debug logging.
[ERROR] 
[ERROR] For more information about the errors and possible solutions, please read the following articles:
[ERROR] [Help 1] http://cwiki.apache.org/confluence/display/MAVEN/MojoFailureException


[LLMClient] Response: 
The issue is caused by a missing dependency on `netty-transport` which contains the `EmbeddedChannel` class. Here's the updated portion of the pom.xml:

```xml
<dependencies>
  <dependency>
    <groupId>io.netty</groupId>
    <artifactId>netty-codec-http</artifactId>
    <version>4.0.0.CR3</version>
  </dependency>
  <dependency>
    <groupId>io.netty</groupId>
    <artifactId>netty-transport</artifactId>
    <version>4.0.0.CR3</version>
  </dependency>
  <dependency>
    <groupId>junit</groupId>
    <artifactId>junit</artifactId>
    <version>4.13.2</version>
  </dependency>
</dependencies>
```
[Adapter] ~ Updating version of io.netty:netty-codec-http to 4.0.0.CR3
[Adapter] + Adding new dependency io.netty:netty-transport:4.0.0.CR3
[Adapter] ~ Updating version of junit:junit to 4.13.2
[Adapter] âœ“ pom.xml successfully updated.
[96m[Executor] Executing exploit for CVE-2021-43797 on version 4.0.0.CR3...[0m
[96m[Verifier] Verifying reproduction...[0m
[91m[Verifier] âœ— Behavior not found: 'java.lang.AssertionError'[0m
[91m[Executor] Reproduction result: Failure[0m
[LLMClient] Tokens used: 1672 (prompt), 251 (completion), 1923 (total)
[LLMClient] Prompt: 
You are given an error when executing test in in 4.0.0.CR3:io.netty:netty-codec-http
This test file compiles and runs successfully in 4.0.0.CR4.

You are NOT allowed to change the version of the dependency io.netty:netty-codec-http.
Your task is to solve the problem by changing the pom file of the project. You can update other library to any versions
Current pom file is <?xml version='1.0' encoding='utf-8'?>
<project xmlns="http://maven.apache.org/POM/4.0.0" xmlns:xsi="http://www.w3.org/2001/XMLSchema-instance" xsi:schemaLocation="http://maven.apache.org/POM/4.0.0 https://maven.apache.org/xsd/maven-4.0.0.xsd">
  <groupId>edu.vision.se</groupId><version>1.0-SNAPSHOT</version><modelVersion>4.0.0</modelVersion>
  <artifactId>CVE-2021-43797</artifactId>
  <name>netty-codec-http CVE-2021-43797</name>
  <properties>
    <maven.compiler.target>11</maven.compiler.target>
    <maven.compiler.source>11</maven.compiler.source>
    <project.build.sourceEncoding>UTF-8</project.build.sourceEncoding>
  </properties>
  <dependencies>
    <dependency>
      <groupId>io.netty</groupId>
      <artifactId>netty-codec-http</artifactId>
      <version>4.0.0.CR3</version>
    </dependency>
  <dependency><groupId>junit</groupId><artifactId>junit</artifactId><version>4.13.2</version></dependency>
  
  <dependency>
    <groupId>io.netty</groupId>
    <artifactId>netty-transport</artifactId>
    <version>4.0.0.CR3</version>
  </dependency>
  </dependencies>
</project>
Your task is 1. Analyze the cause of the errors 2. Decide fix position of the pom file according to the cause 3. Output only the updated partion of pom.xml entries without explanation

### Compilation Errors:
[INFO] Scanning for projects...
[INFO] 
[INFO] --------------------< edu.vision.se:CVE-2021-43797 >--------------------
[INFO] Building netty-codec-http CVE-2021-43797 1.0-SNAPSHOT
[INFO]   from pom.xml
[INFO] --------------------------------[ jar ]---------------------------------
[INFO] 
[INFO] --- maven-clean-plugin:2.5:clean (default-clean) @ CVE-2021-43797 ---
[INFO] Deleting /PoCAdaptation/exploit/result/CVE-2021-43797/4.0.0.CR3/exploit/target
[INFO] 
[INFO] --- maven-resources-plugin:2.6:resources (default-resources) @ CVE-2021-43797 ---
[INFO] Using 'UTF-8' encoding to copy filtered resources.
[INFO] skip non existing resourceDirectory /PoCAdaptation/exploit/result/CVE-2021-43797/4.0.0.CR3/exploit/src/main/resources
[INFO] 
[INFO] --- maven-compiler-plugin:3.1:compile (default-compile) @ CVE-2021-43797 ---
[INFO] No sources to compile
[INFO] 
[INFO] --- maven-resources-plugin:2.6:testResources (default-testResources) @ CVE-2021-43797 ---
[INFO] Using 'UTF-8' encoding to copy filtered resources.
[INFO] Copying 1 resource
[INFO] 
[INFO] --- maven-compiler-plugin:3.1:testCompile (default-testCompile) @ CVE-2021-43797 ---
[INFO] Changes detected - recompiling the module!
[INFO] Compiling 1 source file to /PoCAdaptation/exploit/result/CVE-2021-43797/4.0.0.CR3/exploit/target/test-classes
[INFO] -------------------------------------------------------------
[ERROR] COMPILATION ERROR : 
[INFO] -------------------------------------------------------------
[ERROR] /PoCAdaptation/exploit/result/CVE-2021-43797/4.0.0.CR3/exploit/src/test/java/edu/vision/se/Testcase1.java:[5,33] cannot find symbol
  symbol:   class EmbeddedChannel
  location: package io.netty.channel.embedded
[ERROR] /PoCAdaptation/exploit/result/CVE-2021-43797/4.0.0.CR3/exploit/src/test/java/edu/vision/se/Testcase1.java:[33,9] cannot find symbol
  symbol:   class EmbeddedChannel
  location: class edu.vision.se.Testcase1
[ERROR] /PoCAdaptation/exploit/result/CVE-2021-43797/4.0.0.CR3/exploit/src/test/java/edu/vision/se/Testcase1.java:[33,39] cannot find symbol
  symbol:   class EmbeddedChannel
  location: class edu.vision.se.Testcase1
[INFO] 3 errors 
[INFO] -------------------------------------------------------------
[INFO] ------------------------------------------------------------------------
[INFO] BUILD FAILURE
[INFO] ------------------------------------------------------------------------
[INFO] Total time:  0.905 s
[INFO] Finished at: 2025-07-13T13:31:49Z
[INFO] ------------------------------------------------------------------------
[ERROR] Failed to execute goal org.apache.maven.plugins:maven-compiler-plugin:3.1:testCompile (default-testCompile) on project CVE-2021-43797: Compilation failure: Compilation failure: 
[ERROR] /PoCAdaptation/exploit/result/CVE-2021-43797/4.0.0.CR3/exploit/src/test/java/edu/vision/se/Testcase1.java:[5,33] cannot find symbol
[ERROR]   symbol:   class EmbeddedChannel
[ERROR]   location: package io.netty.channel.embedded
[ERROR] /PoCAdaptation/exploit/result/CVE-2021-43797/4.0.0.CR3/exploit/src/test/java/edu/vision/se/Testcase1.java:[33,9] cannot find symbol
[ERROR]   symbol:   class EmbeddedChannel
[ERROR]   location: class edu.vision.se.Testcase1
[ERROR] /PoCAdaptation/exploit/result/CVE-2021-43797/4.0.0.CR3/exploit/src/test/java/edu/vision/se/Testcase1.java:[33,39] cannot find symbol
[ERROR]   symbol:   class EmbeddedChannel
[ERROR]   location: class edu.vision.se.Testcase1
[ERROR] -> [Help 1]
[ERROR] 
[ERROR] To see the full stack trace of the errors, re-run Maven with the -e switch.
[ERROR] Re-run Maven using the -X switch to enable full debug logging.
[ERROR] 
[ERROR] For more information about the errors and possible solutions, please read the following articles:
[ERROR] [Help 1] http://cwiki.apache.org/confluence/display/MAVEN/MojoFailureException


[LLMClient] Response: 
The error indicates that the `EmbeddedChannel` class from `io.netty.channel.embedded` package is missing. This class is typically provided by `netty-transport` dependency, but in version 4.0.0.CR3 it might be in a different artifact. Here's the updated pom.xml portion:

```xml
<dependencies>
  <dependency>
    <groupId>io.netty</groupId>
    <artifactId>netty-codec-http</artifactId>
    <version>4.0.0.CR3</version>
  </dependency>
  <dependency>
    <groupId>junit</groupId>
    <artifactId>junit</artifactId>
    <version>4.13.2</version>
  </dependency>
  <dependency>
    <groupId>io.netty</groupId>
    <artifactId>netty-transport</artifactId>
    <version>4.0.0.CR3</version>
  </dependency>
  <dependency>
    <groupId>io.netty</groupId>
    <artifactId>netty-common</artifactId>
    <version>4.0.0.CR3</version>
  </dependency>
</dependencies>
```
[Adapter] ~ Updating version of io.netty:netty-codec-http to 4.0.0.CR3
[Adapter] ~ Updating version of junit:junit to 4.13.2
[Adapter] ~ Updating version of io.netty:netty-transport to 4.0.0.CR3
[Adapter] + Adding new dependency io.netty:netty-common:4.0.0.CR3
[Adapter] âœ“ pom.xml successfully updated.
[96m[Executor] Executing exploit for CVE-2021-43797 on version 4.0.0.CR3...[0m
[96m[Verifier] Verifying reproduction...[0m
[91m[Verifier] âœ— Behavior not found: 'java.lang.AssertionError'[0m
[91m[Executor] Reproduction result: Failure[0m
[96m[RepairModule] Iteration 4, temperature 1.000: Trying diff #146 with score 10.00[0m
[LLMClient] Tokens used: 1988 (prompt), 233 (completion), 2221 (total)
[LLMClient] Prompt: 
You are given an error when executing test in in 4.0.0.CR3:io.netty:netty-codec-http
This test file compiles and runs successfully in 4.0.0.CR4.

Related diff is Operation: MODIFIED, File: codec-http/src/main/java/io/netty/handler/codec/http/HttpContentEncoder.java, Hunk: @@ -15,25 +15,24 @@
  */
 package io.netty.handler.codec.http;

-import io.netty.buffer.BufUtil;
 import io.netty.buffer.ByteBuf;
 import io.netty.buffer.ByteBufHolder;
-import io.netty.buffer.MessageBuf;
+import io.netty.buffer.ByteBufUtil;
 import io.netty.buffer.Unpooled;
 import io.netty.channel.ChannelHandlerContext;
-import io.netty.channel.embedded.EmbeddedByteChannel;
+import io.netty.channel.MessageList;
+import io.netty.channel.embedded.EmbeddedChannel;
 import io.netty.handler.codec.MessageToMessageCodec;
 import io.netty.handler.codec.http.HttpHeaders.Names;
 import io.netty.handler.codec.http.HttpHeaders.Values;

 import java.util.ArrayDeque;
-import java.util.Collections;
 import java.util.Queue;

 /**
  * Encodes the content of the outbound {@link HttpResponse} and {@link HttpContent}.
  * The original content is replaced with the new content encoded by the
- * {@link EmbeddedByteChannel}, which is created by {@link #beginEncode(HttpResponse, String)}.
+ * {@link EmbeddedChannel}, which is created by {@link #beginEncode(HttpResponse, String)}.
  * Once encoding is finished, the value of the <tt>'Content-Encoding'</tt> header
  * is set to the target content encoding, as returned by
  * {@link #beginEncode(HttpResponse, String)}.

You are NOT allowed to change the version of the dependency io.netty:netty-codec-http.
Your task is to solve the problem by changing the pom file of the project
Current pom file is <?xml version='1.0' encoding='utf-8'?>
<project xmlns="http://maven.apache.org/POM/4.0.0" xmlns:xsi="http://www.w3.org/2001/XMLSchema-instance" xsi:schemaLocation="http://maven.apache.org/POM/4.0.0 https://maven.apache.org/xsd/maven-4.0.0.xsd">
  <groupId>edu.vision.se</groupId><version>1.0-SNAPSHOT</version><modelVersion>4.0.0</modelVersion>
  <artifactId>CVE-2021-43797</artifactId>
  <name>netty-codec-http CVE-2021-43797</name>
  <properties>
    <maven.compiler.target>11</maven.compiler.target>
    <maven.compiler.source>11</maven.compiler.source>
    <project.build.sourceEncoding>UTF-8</project.build.sourceEncoding>
  </properties>
  <dependencies>
    <dependency>
      <groupId>io.netty</groupId>
      <artifactId>netty-codec-http</artifactId>
      <version>4.0.0.CR3</version>
    </dependency>
  <dependency><groupId>junit</groupId><artifactId>junit</artifactId><version>4.13.2</version></dependency>
  
  </dependencies>
</project>
Your task is 1. Analyze the cause of the errors 2. Decide fix position of the pom file according to the cause 3. Output only the updated partion of pom.xml entries without explanation

### Compilation Errors:
[INFO] Scanning for projects...
[INFO] 
[INFO] --------------------< edu.vision.se:CVE-2021-43797 >--------------------
[INFO] Building netty-codec-http CVE-2021-43797 1.0-SNAPSHOT
[INFO]   from pom.xml
[INFO] --------------------------------[ jar ]---------------------------------
[INFO] 
[INFO] --- maven-clean-plugin:2.5:clean (default-clean) @ CVE-2021-43797 ---
[INFO] Deleting /PoCAdaptation/exploit/result/CVE-2021-43797/4.0.0.CR3/exploit/target
[INFO] 
[INFO] --- maven-resources-plugin:2.6:resources (default-resources) @ CVE-2021-43797 ---
[INFO] Using 'UTF-8' encoding to copy filtered resources.
[INFO] skip non existing resourceDirectory /PoCAdaptation/exploit/result/CVE-2021-43797/4.0.0.CR3/exploit/src/main/resources
[INFO] 
[INFO] --- maven-compiler-plugin:3.1:compile (default-compile) @ CVE-2021-43797 ---
[INFO] No sources to compile
[INFO] 
[INFO] --- maven-resources-plugin:2.6:testResources (default-testResources) @ CVE-2021-43797 ---
[INFO] Using 'UTF-8' encoding to copy filtered resources.
[INFO] Copying 1 resource
[INFO] 
[INFO] --- maven-compiler-plugin:3.1:testCompile (default-testCompile) @ CVE-2021-43797 ---
[INFO] Changes detected - recompiling the module!
[INFO] Compiling 1 source file to /PoCAdaptation/exploit/result/CVE-2021-43797/4.0.0.CR3/exploit/target/test-classes
[INFO] -------------------------------------------------------------
[ERROR] COMPILATION ERROR : 
[INFO] -------------------------------------------------------------
[ERROR] /PoCAdaptation/exploit/result/CVE-2021-43797/4.0.0.CR3/exploit/src/test/java/edu/vision/se/Testcase1.java:[5,33] cannot find symbol
  symbol:   class EmbeddedChannel
  location: package io.netty.channel.embedded
[ERROR] /PoCAdaptation/exploit/result/CVE-2021-43797/4.0.0.CR3/exploit/src/test/java/edu/vision/se/Testcase1.java:[33,9] cannot find symbol
  symbol:   class EmbeddedChannel
  location: class edu.vision.se.Testcase1
[ERROR] /PoCAdaptation/exploit/result/CVE-2021-43797/4.0.0.CR3/exploit/src/test/java/edu/vision/se/Testcase1.java:[33,39] cannot find symbol
  symbol:   class EmbeddedChannel
  location: class edu.vision.se.Testcase1
[INFO] 3 errors 
[INFO] -------------------------------------------------------------
[INFO] ------------------------------------------------------------------------
[INFO] BUILD FAILURE
[INFO] ------------------------------------------------------------------------
[INFO] Total time:  1.027 s
[INFO] Finished at: 2025-07-13T13:32:04Z
[INFO] ------------------------------------------------------------------------
[ERROR] Failed to execute goal org.apache.maven.plugins:maven-compiler-plugin:3.1:testCompile (default-testCompile) on project CVE-2021-43797: Compilation failure: Compilation failure: 
[ERROR] /PoCAdaptation/exploit/result/CVE-2021-43797/4.0.0.CR3/exploit/src/test/java/edu/vision/se/Testcase1.java:[5,33] cannot find symbol
[ERROR]   symbol:   class EmbeddedChannel
[ERROR]   location: package io.netty.channel.embedded
[ERROR] /PoCAdaptation/exploit/result/CVE-2021-43797/4.0.0.CR3/exploit/src/test/java/edu/vision/se/Testcase1.java:[33,9] cannot find symbol
[ERROR]   symbol:   class EmbeddedChannel
[ERROR]   location: class edu.vision.se.Testcase1
[ERROR] /PoCAdaptation/exploit/result/CVE-2021-43797/4.0.0.CR3/exploit/src/test/java/edu/vision/se/Testcase1.java:[33,39] cannot find symbol
[ERROR]   symbol:   class EmbeddedChannel
[ERROR]   location: class edu.vision.se.Testcase1
[ERROR] -> [Help 1]
[ERROR] 
[ERROR] To see the full stack trace of the errors, re-run Maven with the -e switch.
[ERROR] Re-run Maven using the -X switch to enable full debug logging.
[ERROR] 
[ERROR] For more information about the errors and possible solutions, please read the following articles:
[ERROR] [Help 1] http://cwiki.apache.org/confluence/display/MAVEN/MojoFailureException


[LLMClient] Response: 
Based on the error and the diff shown, the issue is that the test is trying to use `EmbeddedChannel` which was introduced in a later version (CR4), but the code is using CR3 where it was called `EmbeddedByteChannel`. Since we can't change the netty-codec-http version, we need to add the netty-transport dependency which contains the required channel classes.

Here's the updated pom.xml portion:

```xml
  <dependencies>
    <dependency>
      <groupId>io.netty</groupId>
      <artifactId>netty-codec-http</artifactId>
      <version>4.0.0.CR3</version>
    </dependency>
    <dependency>
      <groupId>io.netty</groupId>
      <artifactId>netty-transport</artifactId>
      <version>4.0.0.CR3</version>
    </dependency>
    <dependency>
      <groupId>junit</groupId>
      <artifactId>junit</artifactId>
      <version>4.13.2</version>
    </dependency>
  </dependencies>
```
[Adapter] ~ Updating version of io.netty:netty-codec-http to 4.0.0.CR3
[Adapter] + Adding new dependency io.netty:netty-transport:4.0.0.CR3
[Adapter] ~ Updating version of junit:junit to 4.13.2
[Adapter] âœ“ pom.xml successfully updated.
[96m[Executor] Executing exploit for CVE-2021-43797 on version 4.0.0.CR3...[0m
[96m[Verifier] Verifying reproduction...[0m
[91m[Verifier] âœ— Behavior not found: 'java.lang.AssertionError'[0m
[91m[Executor] Reproduction result: Failure[0m
[LLMClient] Tokens used: 1672 (prompt), 223 (completion), 1895 (total)
[LLMClient] Prompt: 
You are given an error when executing test in in 4.0.0.CR3:io.netty:netty-codec-http
This test file compiles and runs successfully in 4.0.0.CR4.

You are NOT allowed to change the version of the dependency io.netty:netty-codec-http.
Your task is to solve the problem by changing the pom file of the project. You can update other library to any versions
Current pom file is <?xml version='1.0' encoding='utf-8'?>
<project xmlns="http://maven.apache.org/POM/4.0.0" xmlns:xsi="http://www.w3.org/2001/XMLSchema-instance" xsi:schemaLocation="http://maven.apache.org/POM/4.0.0 https://maven.apache.org/xsd/maven-4.0.0.xsd">
  <groupId>edu.vision.se</groupId><version>1.0-SNAPSHOT</version><modelVersion>4.0.0</modelVersion>
  <artifactId>CVE-2021-43797</artifactId>
  <name>netty-codec-http CVE-2021-43797</name>
  <properties>
    <maven.compiler.target>11</maven.compiler.target>
    <maven.compiler.source>11</maven.compiler.source>
    <project.build.sourceEncoding>UTF-8</project.build.sourceEncoding>
  </properties>
  <dependencies>
    <dependency>
      <groupId>io.netty</groupId>
      <artifactId>netty-codec-http</artifactId>
      <version>4.0.0.CR3</version>
    </dependency>
  <dependency><groupId>junit</groupId><artifactId>junit</artifactId><version>4.13.2</version></dependency>
  
  <dependency>
      <groupId>io.netty</groupId>
      <artifactId>netty-transport</artifactId>
      <version>4.0.0.CR3</version>
    </dependency>
    </dependencies>
</project>
Your task is 1. Analyze the cause of the errors 2. Decide fix position of the pom file according to the cause 3. Output only the updated partion of pom.xml entries without explanation

### Compilation Errors:
[INFO] Scanning for projects...
[INFO] 
[INFO] --------------------< edu.vision.se:CVE-2021-43797 >--------------------
[INFO] Building netty-codec-http CVE-2021-43797 1.0-SNAPSHOT
[INFO]   from pom.xml
[INFO] --------------------------------[ jar ]---------------------------------
[INFO] 
[INFO] --- maven-clean-plugin:2.5:clean (default-clean) @ CVE-2021-43797 ---
[INFO] Deleting /PoCAdaptation/exploit/result/CVE-2021-43797/4.0.0.CR3/exploit/target
[INFO] 
[INFO] --- maven-resources-plugin:2.6:resources (default-resources) @ CVE-2021-43797 ---
[INFO] Using 'UTF-8' encoding to copy filtered resources.
[INFO] skip non existing resourceDirectory /PoCAdaptation/exploit/result/CVE-2021-43797/4.0.0.CR3/exploit/src/main/resources
[INFO] 
[INFO] --- maven-compiler-plugin:3.1:compile (default-compile) @ CVE-2021-43797 ---
[INFO] No sources to compile
[INFO] 
[INFO] --- maven-resources-plugin:2.6:testResources (default-testResources) @ CVE-2021-43797 ---
[INFO] Using 'UTF-8' encoding to copy filtered resources.
[INFO] Copying 1 resource
[INFO] 
[INFO] --- maven-compiler-plugin:3.1:testCompile (default-testCompile) @ CVE-2021-43797 ---
[INFO] Changes detected - recompiling the module!
[INFO] Compiling 1 source file to /PoCAdaptation/exploit/result/CVE-2021-43797/4.0.0.CR3/exploit/target/test-classes
[INFO] -------------------------------------------------------------
[ERROR] COMPILATION ERROR : 
[INFO] -------------------------------------------------------------
[ERROR] /PoCAdaptation/exploit/result/CVE-2021-43797/4.0.0.CR3/exploit/src/test/java/edu/vision/se/Testcase1.java:[5,33] cannot find symbol
  symbol:   class EmbeddedChannel
  location: package io.netty.channel.embedded
[ERROR] /PoCAdaptation/exploit/result/CVE-2021-43797/4.0.0.CR3/exploit/src/test/java/edu/vision/se/Testcase1.java:[33,9] cannot find symbol
  symbol:   class EmbeddedChannel
  location: class edu.vision.se.Testcase1
[ERROR] /PoCAdaptation/exploit/result/CVE-2021-43797/4.0.0.CR3/exploit/src/test/java/edu/vision/se/Testcase1.java:[33,39] cannot find symbol
  symbol:   class EmbeddedChannel
  location: class edu.vision.se.Testcase1
[INFO] 3 errors 
[INFO] -------------------------------------------------------------
[INFO] ------------------------------------------------------------------------
[INFO] BUILD FAILURE
[INFO] ------------------------------------------------------------------------
[INFO] Total time:  1.033 s
[INFO] Finished at: 2025-07-13T13:32:18Z
[INFO] ------------------------------------------------------------------------
[ERROR] Failed to execute goal org.apache.maven.plugins:maven-compiler-plugin:3.1:testCompile (default-testCompile) on project CVE-2021-43797: Compilation failure: Compilation failure: 
[ERROR] /PoCAdaptation/exploit/result/CVE-2021-43797/4.0.0.CR3/exploit/src/test/java/edu/vision/se/Testcase1.java:[5,33] cannot find symbol
[ERROR]   symbol:   class EmbeddedChannel
[ERROR]   location: package io.netty.channel.embedded
[ERROR] /PoCAdaptation/exploit/result/CVE-2021-43797/4.0.0.CR3/exploit/src/test/java/edu/vision/se/Testcase1.java:[33,9] cannot find symbol
[ERROR]   symbol:   class EmbeddedChannel
[ERROR]   location: class edu.vision.se.Testcase1
[ERROR] /PoCAdaptation/exploit/result/CVE-2021-43797/4.0.0.CR3/exploit/src/test/java/edu/vision/se/Testcase1.java:[33,39] cannot find symbol
[ERROR]   symbol:   class EmbeddedChannel
[ERROR]   location: class edu.vision.se.Testcase1
[ERROR] -> [Help 1]
[ERROR] 
[ERROR] To see the full stack trace of the errors, re-run Maven with the -e switch.
[ERROR] Re-run Maven using the -X switch to enable full debug logging.
[ERROR] 
[ERROR] For more information about the errors and possible solutions, please read the following articles:
[ERROR] [Help 1] http://cwiki.apache.org/confluence/display/MAVEN/MojoFailureException


[LLMClient] Response: 
The error indicates that the `EmbeddedChannel` class is missing, which is part of `netty-handler` artifact. Here's the updated pom.xml portion to add the missing dependency:

```xml
<dependencies>
  <dependency>
    <groupId>io.netty</groupId>
    <artifactId>netty-codec-http</artifactId>
    <version>4.0.0.CR3</version>
  </dependency>
  <dependency>
    <groupId>junit</groupId>
    <artifactId>junit</artifactId>
    <version>4.13.2</version>
  </dependency>
  <dependency>
    <groupId>io.netty</groupId>
    <artifactId>netty-transport</artifactId>
    <version>4.0.0.CR3</version>
  </dependency>
  <dependency>
    <groupId>io.netty</groupId>
    <artifactId>netty-handler</artifactId>
    <version>4.0.0.CR3</version>
  </dependency>
</dependencies>
```
[Adapter] ~ Updating version of io.netty:netty-codec-http to 4.0.0.CR3
[Adapter] ~ Updating version of junit:junit to 4.13.2
[Adapter] ~ Updating version of io.netty:netty-transport to 4.0.0.CR3
[Adapter] + Adding new dependency io.netty:netty-handler:4.0.0.CR3
[Adapter] âœ“ pom.xml successfully updated.
[96m[Executor] Executing exploit for CVE-2021-43797 on version 4.0.0.CR3...[0m
[96m[Verifier] Verifying reproduction...[0m
[91m[Verifier] âœ— Behavior not found: 'java.lang.AssertionError'[0m
[91m[Executor] Reproduction result: Failure[0m
[96m[RepairModule] Iteration 5, temperature 1.000: Trying diff #396 with score 10.00[0m
[LLMClient] Tokens used: 1755 (prompt), 196 (completion), 1951 (total)
[LLMClient] Prompt: 
You are given an error when executing test in in 4.0.0.CR3:io.netty:netty-codec-http
This test file compiles and runs successfully in 4.0.0.CR4.

Related diff is Operation: MODIFIED, File: codec-http/src/test/java/io/netty/handler/codec/http/HttpClientCodecTest.java, Hunk: @@ -16,7 +16,7 @@
 package io.netty.handler.codec.http;

 import io.netty.buffer.Unpooled;
-import io.netty.channel.embedded.EmbeddedByteChannel;
+import io.netty.channel.embedded.EmbeddedChannel;
 import io.netty.handler.codec.CodecException;
 import io.netty.handler.codec.PrematureChannelClosureException;
 import io.netty.util.CharsetUtil;

You are NOT allowed to change the version of the dependency io.netty:netty-codec-http.
Your task is to solve the problem by changing the pom file of the project
Current pom file is <?xml version='1.0' encoding='utf-8'?>
<project xmlns="http://maven.apache.org/POM/4.0.0" xmlns:xsi="http://www.w3.org/2001/XMLSchema-instance" xsi:schemaLocation="http://maven.apache.org/POM/4.0.0 https://maven.apache.org/xsd/maven-4.0.0.xsd">
  <groupId>edu.vision.se</groupId><version>1.0-SNAPSHOT</version><modelVersion>4.0.0</modelVersion>
  <artifactId>CVE-2021-43797</artifactId>
  <name>netty-codec-http CVE-2021-43797</name>
  <properties>
    <maven.compiler.target>11</maven.compiler.target>
    <maven.compiler.source>11</maven.compiler.source>
    <project.build.sourceEncoding>UTF-8</project.build.sourceEncoding>
  </properties>
  <dependencies>
    <dependency>
      <groupId>io.netty</groupId>
      <artifactId>netty-codec-http</artifactId>
      <version>4.0.0.CR3</version>
    </dependency>
  <dependency><groupId>junit</groupId><artifactId>junit</artifactId><version>4.13.2</version></dependency>
  
  </dependencies>
</project>
Your task is 1. Analyze the cause of the errors 2. Decide fix position of the pom file according to the cause 3. Output only the updated partion of pom.xml entries without explanation

### Compilation Errors:
[INFO] Scanning for projects...
[INFO] 
[INFO] --------------------< edu.vision.se:CVE-2021-43797 >--------------------
[INFO] Building netty-codec-http CVE-2021-43797 1.0-SNAPSHOT
[INFO]   from pom.xml
[INFO] --------------------------------[ jar ]---------------------------------
[INFO] 
[INFO] --- maven-clean-plugin:2.5:clean (default-clean) @ CVE-2021-43797 ---
[INFO] Deleting /PoCAdaptation/exploit/result/CVE-2021-43797/4.0.0.CR3/exploit/target
[INFO] 
[INFO] --- maven-resources-plugin:2.6:resources (default-resources) @ CVE-2021-43797 ---
[INFO] Using 'UTF-8' encoding to copy filtered resources.
[INFO] skip non existing resourceDirectory /PoCAdaptation/exploit/result/CVE-2021-43797/4.0.0.CR3/exploit/src/main/resources
[INFO] 
[INFO] --- maven-compiler-plugin:3.1:compile (default-compile) @ CVE-2021-43797 ---
[INFO] No sources to compile
[INFO] 
[INFO] --- maven-resources-plugin:2.6:testResources (default-testResources) @ CVE-2021-43797 ---
[INFO] Using 'UTF-8' encoding to copy filtered resources.
[INFO] Copying 1 resource
[INFO] 
[INFO] --- maven-compiler-plugin:3.1:testCompile (default-testCompile) @ CVE-2021-43797 ---
[INFO] Changes detected - recompiling the module!
[INFO] Compiling 1 source file to /PoCAdaptation/exploit/result/CVE-2021-43797/4.0.0.CR3/exploit/target/test-classes
[INFO] -------------------------------------------------------------
[ERROR] COMPILATION ERROR : 
[INFO] -------------------------------------------------------------
[ERROR] /PoCAdaptation/exploit/result/CVE-2021-43797/4.0.0.CR3/exploit/src/test/java/edu/vision/se/Testcase1.java:[5,33] cannot find symbol
  symbol:   class EmbeddedChannel
  location: package io.netty.channel.embedded
[ERROR] /PoCAdaptation/exploit/result/CVE-2021-43797/4.0.0.CR3/exploit/src/test/java/edu/vision/se/Testcase1.java:[33,9] cannot find symbol
  symbol:   class EmbeddedChannel
  location: class edu.vision.se.Testcase1
[ERROR] /PoCAdaptation/exploit/result/CVE-2021-43797/4.0.0.CR3/exploit/src/test/java/edu/vision/se/Testcase1.java:[33,39] cannot find symbol
  symbol:   class EmbeddedChannel
  location: class edu.vision.se.Testcase1
[INFO] 3 errors 
[INFO] -------------------------------------------------------------
[INFO] ------------------------------------------------------------------------
[INFO] BUILD FAILURE
[INFO] ------------------------------------------------------------------------
[INFO] Total time:  0.851 s
[INFO] Finished at: 2025-07-13T13:32:31Z
[INFO] ------------------------------------------------------------------------
[ERROR] Failed to execute goal org.apache.maven.plugins:maven-compiler-plugin:3.1:testCompile (default-testCompile) on project CVE-2021-43797: Compilation failure: Compilation failure: 
[ERROR] /PoCAdaptation/exploit/result/CVE-2021-43797/4.0.0.CR3/exploit/src/test/java/edu/vision/se/Testcase1.java:[5,33] cannot find symbol
[ERROR]   symbol:   class EmbeddedChannel
[ERROR]   location: package io.netty.channel.embedded
[ERROR] /PoCAdaptation/exploit/result/CVE-2021-43797/4.0.0.CR3/exploit/src/test/java/edu/vision/se/Testcase1.java:[33,9] cannot find symbol
[ERROR]   symbol:   class EmbeddedChannel
[ERROR]   location: class edu.vision.se.Testcase1
[ERROR] /PoCAdaptation/exploit/result/CVE-2021-43797/4.0.0.CR3/exploit/src/test/java/edu/vision/se/Testcase1.java:[33,39] cannot find symbol
[ERROR]   symbol:   class EmbeddedChannel
[ERROR]   location: class edu.vision.se.Testcase1
[ERROR] -> [Help 1]
[ERROR] 
[ERROR] To see the full stack trace of the errors, re-run Maven with the -e switch.
[ERROR] Re-run Maven using the -X switch to enable full debug logging.
[ERROR] 
[ERROR] For more information about the errors and possible solutions, please read the following articles:
[ERROR] [Help 1] http://cwiki.apache.org/confluence/display/MAVEN/MojoFailureException


[LLMClient] Response: 
The error occurs because the test code is trying to use `EmbeddedChannel` which was renamed from `EmbeddedByteChannel` in a later version, but we need to maintain compatibility with 4.0.0.CR3. Here's the updated pom.xml portion:

```xml
<dependencies>
  <dependency>
    <groupId>io.netty</groupId>
    <artifactId>netty-codec-http</artifactId>
    <version>4.0.0.CR3</version>
  </dependency>
  <dependency>
    <groupId>io.netty</groupId>
    <artifactId>netty-transport</artifactId>
    <version>4.0.0.CR3</version>
  </dependency>
  <dependency>
    <groupId>junit</groupId>
    <artifactId>junit</artifactId>
    <version>4.13.2</version>
  </dependency>
</dependencies>
```
[Adapter] ~ Updating version of io.netty:netty-codec-http to 4.0.0.CR3
[Adapter] + Adding new dependency io.netty:netty-transport:4.0.0.CR3
[Adapter] ~ Updating version of junit:junit to 4.13.2
[Adapter] âœ“ pom.xml successfully updated.
[96m[Executor] Executing exploit for CVE-2021-43797 on version 4.0.0.CR3...[0m
[96m[Verifier] Verifying reproduction...[0m
[91m[Verifier] âœ— Behavior not found: 'java.lang.AssertionError'[0m
[91m[Executor] Reproduction result: Failure[0m
[LLMClient] Tokens used: 1672 (prompt), 285 (completion), 1957 (total)
[LLMClient] Prompt: 
You are given an error when executing test in in 4.0.0.CR3:io.netty:netty-codec-http
This test file compiles and runs successfully in 4.0.0.CR4.

You are NOT allowed to change the version of the dependency io.netty:netty-codec-http.
Your task is to solve the problem by changing the pom file of the project. You can update other library to any versions
Current pom file is <?xml version='1.0' encoding='utf-8'?>
<project xmlns="http://maven.apache.org/POM/4.0.0" xmlns:xsi="http://www.w3.org/2001/XMLSchema-instance" xsi:schemaLocation="http://maven.apache.org/POM/4.0.0 https://maven.apache.org/xsd/maven-4.0.0.xsd">
  <groupId>edu.vision.se</groupId><version>1.0-SNAPSHOT</version><modelVersion>4.0.0</modelVersion>
  <artifactId>CVE-2021-43797</artifactId>
  <name>netty-codec-http CVE-2021-43797</name>
  <properties>
    <maven.compiler.target>11</maven.compiler.target>
    <maven.compiler.source>11</maven.compiler.source>
    <project.build.sourceEncoding>UTF-8</project.build.sourceEncoding>
  </properties>
  <dependencies>
    <dependency>
      <groupId>io.netty</groupId>
      <artifactId>netty-codec-http</artifactId>
      <version>4.0.0.CR3</version>
    </dependency>
  <dependency><groupId>junit</groupId><artifactId>junit</artifactId><version>4.13.2</version></dependency>
  
  <dependency>
    <groupId>io.netty</groupId>
    <artifactId>netty-transport</artifactId>
    <version>4.0.0.CR3</version>
  </dependency>
  </dependencies>
</project>
Your task is 1. Analyze the cause of the errors 2. Decide fix position of the pom file according to the cause 3. Output only the updated partion of pom.xml entries without explanation

### Compilation Errors:
[INFO] Scanning for projects...
[INFO] 
[INFO] --------------------< edu.vision.se:CVE-2021-43797 >--------------------
[INFO] Building netty-codec-http CVE-2021-43797 1.0-SNAPSHOT
[INFO]   from pom.xml
[INFO] --------------------------------[ jar ]---------------------------------
[INFO] 
[INFO] --- maven-clean-plugin:2.5:clean (default-clean) @ CVE-2021-43797 ---
[INFO] Deleting /PoCAdaptation/exploit/result/CVE-2021-43797/4.0.0.CR3/exploit/target
[INFO] 
[INFO] --- maven-resources-plugin:2.6:resources (default-resources) @ CVE-2021-43797 ---
[INFO] Using 'UTF-8' encoding to copy filtered resources.
[INFO] skip non existing resourceDirectory /PoCAdaptation/exploit/result/CVE-2021-43797/4.0.0.CR3/exploit/src/main/resources
[INFO] 
[INFO] --- maven-compiler-plugin:3.1:compile (default-compile) @ CVE-2021-43797 ---
[INFO] No sources to compile
[INFO] 
[INFO] --- maven-resources-plugin:2.6:testResources (default-testResources) @ CVE-2021-43797 ---
[INFO] Using 'UTF-8' encoding to copy filtered resources.
[INFO] Copying 1 resource
[INFO] 
[INFO] --- maven-compiler-plugin:3.1:testCompile (default-testCompile) @ CVE-2021-43797 ---
[INFO] Changes detected - recompiling the module!
[INFO] Compiling 1 source file to /PoCAdaptation/exploit/result/CVE-2021-43797/4.0.0.CR3/exploit/target/test-classes
[INFO] -------------------------------------------------------------
[ERROR] COMPILATION ERROR : 
[INFO] -------------------------------------------------------------
[ERROR] /PoCAdaptation/exploit/result/CVE-2021-43797/4.0.0.CR3/exploit/src/test/java/edu/vision/se/Testcase1.java:[5,33] cannot find symbol
  symbol:   class EmbeddedChannel
  location: package io.netty.channel.embedded
[ERROR] /PoCAdaptation/exploit/result/CVE-2021-43797/4.0.0.CR3/exploit/src/test/java/edu/vision/se/Testcase1.java:[33,9] cannot find symbol
  symbol:   class EmbeddedChannel
  location: class edu.vision.se.Testcase1
[ERROR] /PoCAdaptation/exploit/result/CVE-2021-43797/4.0.0.CR3/exploit/src/test/java/edu/vision/se/Testcase1.java:[33,39] cannot find symbol
  symbol:   class EmbeddedChannel
  location: class edu.vision.se.Testcase1
[INFO] 3 errors 
[INFO] -------------------------------------------------------------
[INFO] ------------------------------------------------------------------------
[INFO] BUILD FAILURE
[INFO] ------------------------------------------------------------------------
[INFO] Total time:  1.087 s
[INFO] Finished at: 2025-07-13T13:32:45Z
[INFO] ------------------------------------------------------------------------
[ERROR] Failed to execute goal org.apache.maven.plugins:maven-compiler-plugin:3.1:testCompile (default-testCompile) on project CVE-2021-43797: Compilation failure: Compilation failure: 
[ERROR] /PoCAdaptation/exploit/result/CVE-2021-43797/4.0.0.CR3/exploit/src/test/java/edu/vision/se/Testcase1.java:[5,33] cannot find symbol
[ERROR]   symbol:   class EmbeddedChannel
[ERROR]   location: package io.netty.channel.embedded
[ERROR] /PoCAdaptation/exploit/result/CVE-2021-43797/4.0.0.CR3/exploit/src/test/java/edu/vision/se/Testcase1.java:[33,9] cannot find symbol
[ERROR]   symbol:   class EmbeddedChannel
[ERROR]   location: class edu.vision.se.Testcase1
[ERROR] /PoCAdaptation/exploit/result/CVE-2021-43797/4.0.0.CR3/exploit/src/test/java/edu/vision/se/Testcase1.java:[33,39] cannot find symbol
[ERROR]   symbol:   class EmbeddedChannel
[ERROR]   location: class edu.vision.se.Testcase1
[ERROR] -> [Help 1]
[ERROR] 
[ERROR] To see the full stack trace of the errors, re-run Maven with the -e switch.
[ERROR] Re-run Maven using the -X switch to enable full debug logging.
[ERROR] 
[ERROR] For more information about the errors and possible solutions, please read the following articles:
[ERROR] [Help 1] http://cwiki.apache.org/confluence/display/MAVEN/MojoFailureException


[LLMClient] Response: 
The error indicates that the `EmbeddedChannel` class from `io.netty.channel.embedded` package is missing. This class is part of `netty-transport` but might have been moved to a different artifact in older versions. Here's the updated pom.xml portion:

```xml
<dependencies>
  <dependency>
    <groupId>io.netty</groupId>
    <artifactId>netty-codec-http</artifactId>
    <version>4.0.0.CR3</version>
  </dependency>
  <dependency>
    <groupId>junit</groupId>
    <artifactId>junit</artifactId>
    <version>4.13.2</version>
  </dependency>
  <dependency>
    <groupId>io.netty</groupId>
    <artifactId>netty-transport</artifactId>
    <version>4.0.0.CR3</version>
  </dependency>
  <dependency>
    <groupId>io.netty</groupId>
    <artifactId>netty-common</artifactId>
    <version>4.0.0.CR3</version>
  </dependency>
  <dependency>
    <groupId>io.netty</groupId>
    <artifactId>netty-buffer</artifactId>
    <version>4.0.0.CR3</version>
  </dependency>
</dependencies>
```
[Adapter] ~ Updating version of io.netty:netty-codec-http to 4.0.0.CR3
[Adapter] ~ Updating version of junit:junit to 4.13.2
[Adapter] ~ Updating version of io.netty:netty-transport to 4.0.0.CR3
[Adapter] + Adding new dependency io.netty:netty-common:4.0.0.CR3
[Adapter] + Adding new dependency io.netty:netty-buffer:4.0.0.CR3
[Adapter] âœ“ pom.xml successfully updated.
[96m[Executor] Executing exploit for CVE-2021-43797 on version 4.0.0.CR3...[0m
[96m[Verifier] Verifying reproduction...[0m
[91m[Verifier] âœ— Behavior not found: 'java.lang.AssertionError'[0m
[91m[Executor] Reproduction result: Failure[0m
[LLMClient] Tokens used: 146 (prompt), 11 (completion), 157 (total)
[LLMClient] Prompt: 
You are given an error log when executing 'mvn test' in version 4.0.0.CR3: 

Error: cannot find symbol, class EmbeddedChannel, package io.netty.channel.embedded 

The test executes as expected in 4.0.0.CR4 

Error code: import io.netty.channel.embedded.EmbeddedChannel; 

Extract two key *entities* from the error for searching related diffs 

The extracted entities should reflect code-level identifiers that are likely to appear in source code or diffs. 

Output each node as a `;`-separated list, with no explanations. 


[LLMClient] Response: 
EmbeddedChannel;io.netty.channel.embedded
[96m[ErrorManager] Extracted key entities: ['EmbeddedChannel', 'io.netty.channel.embedded'][0m
[96m[Adapter] Try to solve error: {'file': '/PoCAdaptation/exploit/result/CVE-2021-43797/4.0.0.CR3/exploit/src/test/java/edu/vision/se/Testcase1.java', 'line': 5, 'column': 33, 'message': 'cannot find symbol', 'symbol': 'class EmbeddedChannel', 'location': 'package io.netty.channel.embedded', 'code_line': 'import io.netty.channel.embedded.EmbeddedChannel;'} with cause: ['EmbeddedChannel', 'io.netty.channel.embedded'][0m
[96m[Adapter] Related diffs for error: [(1342, 18.0), (136, 8.0), (138, 8.0), (144, 8.0), (146, 8.0)][0m
[96m[Adapter] Fix position is in test code.[0m
[96m[RepairModule] Start repair for group: cannot find symbol | class EmbeddedChannel cause: ['EmbeddedChannel', 'io.netty.channel.embedded'][0m
[96m[RepairModule] Trying best diff #1342 with score 18.00[0m
[96m[RepairModule] Iteration 0, temperature 1.000: Trying diff #1342 with score 18.00[0m
[LLMClient] Tokens used: 1596 (prompt), 431 (completion), 2027 (total)
[LLMClient] Prompt: 
You are given a Java test file with compilation errors in version 4.0.0.CR3:io.netty:netty-codec-http.
This test file compiles and runs successfully in 4.0.0.CR4.

The diff is related to the diff.
Your task has three steps:
 1. Locate the code where the compilation error occurs.
 2. Analyze the diff from 4.0.0.CR4 to 4.0.0.CR3.
 3. Fix the error in the error position only when diff is helpful. Add import statement when needed according to the diff. 

Only output the modified version of the test file according to the diff. No explanations. If mocking, access fields via reflection if they exist.
### Compilation Errors:
message: cannot find symbol, symble: class EmbeddedChannel, location: package io.netty.channel.embedded

### Error Position:
import io.netty.channel.embedded.EmbeddedChannel;

### Related Diff:
Operation: MODIFIED, File: transport/src/main/java/io/netty/channel/embedded/EmbeddedChannel.java, Hunk: @@ -15,92 +15,81 @@
  */
 package io.netty.channel.embedded;

+import io.netty.buffer.Buf;
+import io.netty.buffer.ByteBuf;
+import io.netty.buffer.MessageBuf;
+import io.netty.buffer.Unpooled;
 import io.netty.channel.AbstractChannel;
 import io.netty.channel.Channel;
 import io.netty.channel.ChannelConfig;
 import io.netty.channel.ChannelFuture;
 import io.netty.channel.ChannelHandler;
 import io.netty.channel.ChannelHandlerContext;
+import io.netty.channel.ChannelInboundByteHandler;
+import io.netty.channel.ChannelInboundMessageHandler;
-import io.netty.channel.ChannelInboundHandlerAdapter;
-import io.netty.channel.ChannelMetadata;
 import io.netty.channel.ChannelPipeline;
 import io.netty.channel.ChannelPromise;
+import io.netty.channel.ChannelStateHandlerAdapter;
 import io.netty.channel.DefaultChannelConfig;
 import io.netty.channel.EventLoop;
-import io.netty.channel.MessageList;
 import io.netty.util.internal.PlatformDependent;
 import io.netty.util.internal.logging.InternalLogger;
 import io.netty.util.internal.logging.InternalLoggerFactory;

 import java.net.SocketAddress;
 import java.nio.channels.ClosedChannelException;
-import java.util.ArrayDeque;
-import java.util.Queue;

 /**
  * Base class for {@link Channel} implementations that are used in an embedded fashion.
+ *
+ * @param <O>  the type of data that can be written to this {@link Channel}
  */
+public abstract class AbstractEmbeddedChannel<O> extends AbstractChannel {
-public class EmbeddedChannel extends AbstractChannel {
-
-    private static final InternalLogger logger = InternalLoggerFactory.getInstance(EmbeddedChannel.class);

+    private static final InternalLogger logger = InternalLoggerFactory.getInstance(AbstractEmbeddedChannel.class);
-    private static final ChannelMetadata METADATA = new ChannelMetadata(false);

     private final EmbeddedEventLoop loop = new EmbeddedEventLoop();
     private final ChannelConfig config = new DefaultChannelConfig(this);
     private final SocketAddress localAddress = new EmbeddedSocketAddress();
     private final SocketAddress remoteAddress = new EmbeddedSocketAddress();
+    private final MessageBuf<Object> lastInboundMessageBuffer = Unpooled.messageBuffer().retain(2);
+    private final ByteBuf lastInboundByteBuffer = Unpooled.buffer().retain(2);
+    protected final Object lastOutboundBuffer;
-    private final Queue<Object> lastInboundBuffer = new ArrayDeque<Object>();
-    private final Queue<Object> lastOutboundBuffer = new ArrayDeque<Object>();
     private Throwable lastException;
     private int state; // 0 = OPEN, 1 = ACTIVE, 2 = CLOSED

     /**
      * Create a new instance
      *
+     * @param lastOutboundBuffer    the last outbound buffer which will hold all the written data
+     * @param handlers              the @link ChannelHandler}s which will be add in the {@link ChannelPipeline}
-     * @param handlers the @link ChannelHandler}s which will be add in the {@link ChannelPipeline}
      */
+    AbstractEmbeddedChannel(Object lastOutboundBuffer, ChannelHandler... handlers) {
-    public EmbeddedChannel(ChannelHandler... handlers) {
         super(null, null);

         if (handlers == null) {
             throw new NullPointerException("handlers");
         }

+        this.lastOutboundBuffer = lastOutboundBuffer;
+
         int nHandlers = 0;
+        boolean hasBuffer = false;
         ChannelPipeline p = pipeline();
         for (ChannelHandler h: handlers) {
             if (h == null) {
                 break;
             }
             nHandlers ++;
+            ChannelHandlerContext ctx = p.addLast(h).context(h);
+
+            if (ctx.hasInboundByteBuffer() || ctx.hasOutboundByteBuffer()
+                    || ctx.hasInboundMessageBuffer() || ctx.hasOutboundMessageBuffer()) {
+                hasBuffer = true;
+            }
-            p.addLast(h);
         }

         if (nHandlers == 0) {
             throw new IllegalArgumentException("handlers is empty.");
         }

+        if (!hasBuffer) {
+            throw new IllegalArgumentException("handlers does not provide any buffers.");
+        }
+
+        p.addLast(new LastInboundMessageHandler(), new LastInboundByteHandler());

### Test File Content:
package edu.vision.se;

import io.netty.buffer.ByteBuf;
import io.netty.buffer.Unpooled;
import io.netty.channel.embedded.EmbeddedChannel;
import io.netty.handler.codec.http.HttpRequest;
import io.netty.handler.codec.http.HttpRequestDecoder;
import io.netty.util.CharsetUtil;
import org.junit.Test;

import static org.hamcrest.CoreMatchers.instanceOf;
import static org.hamcrest.MatcherAssert.assertThat;
import static org.junit.Assert.assertFalse;
import static org.junit.Assert.assertTrue;


public class Testcase1 {
    @Test(timeout = 60000)
    public void testHeaderNameStartsWithControlChar1c() {
        testHeaderNameStartsWithControlChar(0x1c);
    }

    private void testHeaderNameStartsWithControlChar(int controlChar) {
        ByteBuf requestBuffer = Unpooled.buffer();
        requestBuffer.writeBytes(("GET /some/path HTTP/1.1\r\n" +
                "Host: netty.io\r\n").getBytes(CharsetUtil.US_ASCII));
        requestBuffer.writeByte(controlChar);
        requestBuffer.writeBytes("Transfer-Encoding: chunked\r\n\r\n".getBytes(CharsetUtil.US_ASCII));
        testInvalidHeaders0(requestBuffer);
    }

    private static void testInvalidHeaders0(ByteBuf requestBuffer) {
        EmbeddedChannel channel = new EmbeddedChannel(new HttpRequestDecoder());
        assertTrue(channel.writeInbound(requestBuffer));
        HttpRequest request = (HttpRequest) channel.readInbound();
        assertThat(request.getDecoderResult().cause(), instanceOf(IllegalArgumentException.class));
        assertTrue(request.getDecoderResult().isFailure());
        assertFalse(channel.finish());
    }
}



[LLMClient] Response: 
Based on the diff, the `EmbeddedChannel` class was changed to `AbstractEmbeddedChannel` in version 4.0.0.CR3. Here's the modified test file:

```java
package edu.vision.se;

import io.netty.buffer.ByteBuf;
import io.netty.buffer.Unpooled;
import io.netty.channel.embedded.AbstractEmbeddedChannel;
import io.netty.handler.codec.http.HttpRequest;
import io.netty.handler.codec.http.HttpRequestDecoder;
import io.netty.util.CharsetUtil;
import org.junit.Test;

import static org.hamcrest.CoreMatchers.instanceOf;
import static org.hamcrest.MatcherAssert.assertThat;
import static org.junit.Assert.assertFalse;
import static org.junit.Assert.assertTrue;


public class Testcase1 {
    @Test(timeout = 60000)
    public void testHeaderNameStartsWithControlChar1c() {
        testHeaderNameStartsWithControlChar(0x1c);
    }

    private void testHeaderNameStartsWithControlChar(int controlChar) {
        ByteBuf requestBuffer = Unpooled.buffer();
        requestBuffer.writeBytes(("GET /some/path HTTP/1.1\r\n" +
                "Host: netty.io\r\n").getBytes(CharsetUtil.US_ASCII));
        requestBuffer.writeByte(controlChar);
        requestBuffer.writeBytes("Transfer-Encoding: chunked\r\n\r\n".getBytes(CharsetUtil.US_ASCII));
        testInvalidHeaders0(requestBuffer);
    }

    private static void testInvalidHeaders0(ByteBuf requestBuffer) {
        AbstractEmbeddedChannel channel = new AbstractEmbeddedChannel(Unpooled.messageBuffer(), new HttpRequestDecoder());
        assertTrue(channel.writeInbound(requestBuffer));
        HttpRequest request = (HttpRequest) channel.readInbound();
        assertThat(request.getDecoderResult().cause(), instanceOf(IllegalArgumentException.class));
        assertTrue(request.getDecoderResult().isFailure());
        assertFalse(channel.finish());
    }
}
```
[96m[RepairModule] Wrote modified code to /PoCAdaptation/exploit/result/CVE-2021-43797/4.0.0.CR3/exploit/src/test/java/edu/vision/se/Testcase1.java[0m
[96m[Executor] Executing exploit for CVE-2021-43797 on version 4.0.0.CR3...[0m
[96m[Verifier] Verifying reproduction...[0m
[91m[Verifier] âœ— Behavior not found: 'java.lang.AssertionError'[0m
[91m[Executor] Reproduction result: Failure[0m
[96m[ErrorManager] Ignoring line: [ERROR] Failed to execute goal org.apache.maven.plugins:maven-compiler-plugin:3.1:testCompile (default-testCompile) on project CVE-2021-43797: Compilation failure[0m
[92m[ErrorManager] Processing line: [ERROR] /PoCAdaptation/exploit/result/CVE-2021-43797/4.0.0.CR3/exploit/src/test/java/edu/vision/se/Testcase1.java:[33,43] io.netty.channel.embedded.AbstractEmbeddedChannel is abstract; cannot be instantiated[0m
[96m[ErrorManager] Ignoring line: [ERROR][0m
[96m[ErrorManager] Ignoring line: [ERROR] -> [Help 1][0m
[96m[ErrorManager] Ignoring line: [ERROR][0m
[96m[ErrorManager] Ignoring line: [ERROR] To see the full stack trace of the errors, re-run Maven with the -e switch.[0m
[96m[ErrorManager] Ignoring line: [ERROR] Re-run Maven using the -X switch to enable full debug logging.[0m
[96m[ErrorManager] Ignoring line: [ERROR][0m
[96m[ErrorManager] Ignoring line: [ERROR] For more information about the errors and possible solutions, please read the following articles:[0m
[96m[ErrorManager] Ignoring line: [ERROR] [Help 1] http://cwiki.apache.org/confluence/display/MAVEN/MojoFailureException[0m
[RepairModule] Old grouped keys: {'cannot find symbol | class EmbeddedChannel'}
[RepairModule] New grouped keys: {'io.netty.channel.embedded.AbstractEmbeddedChannel is abstract; cannot be instantiated |'}
[93m[RepairModule] [Analyzer] New error:
  File     : /PoCAdaptation/exploit/result/CVE-2021-43797/4.0.0.CR3/exploit/src/test/java/edu/vision/se/Testcase1.java
  Line     : 33, Column: 43
  Message  : io.netty.channel.embedded.AbstractEmbeddedChannel is abstract; cannot be instantiated
  Symbol   : None
  Location : None
  Code     : AbstractEmbeddedChannel channel = new AbstractEmbeddedChannel(Unpooled.messageBuffer(), new HttpRequestDecoder());
  Position : after the fixing line (5)[0m
[92m[RepairModule] Error cannot find symbol resolved after applying diff.[0m
[92m[RepairModule] Repair success with diff #1342 at iteration 0![0m
[96m[Adapter] Test code repair attempted.[0m
[96m[Executor] Executing exploit for CVE-2021-43797 on version 4.0.0.CR3...[0m
[96m[Verifier] Verifying reproduction...[0m
[91m[Verifier] âœ— Behavior not found: 'java.lang.AssertionError'[0m
[91m[Executor] Reproduction result: Failure[0m
[96m[ErrorManager] Ignoring line: [ERROR] Failed to execute goal org.apache.maven.plugins:maven-compiler-plugin:3.1:testCompile (default-testCompile) on project CVE-2021-43797: Compilation failure[0m
[92m[ErrorManager] Processing line: [ERROR] /PoCAdaptation/exploit/result/CVE-2021-43797/4.0.0.CR3/exploit/src/test/java/edu/vision/se/Testcase1.java:[33,43] io.netty.channel.embedded.AbstractEmbeddedChannel is abstract; cannot be instantiated[0m
[96m[ErrorManager] Ignoring line: [ERROR][0m
[96m[ErrorManager] Ignoring line: [ERROR] -> [Help 1][0m
[96m[ErrorManager] Ignoring line: [ERROR][0m
[96m[ErrorManager] Ignoring line: [ERROR] To see the full stack trace of the errors, re-run Maven with the -e switch.[0m
[96m[ErrorManager] Ignoring line: [ERROR] Re-run Maven using the -X switch to enable full debug logging.[0m
[96m[ErrorManager] Ignoring line: [ERROR][0m
[96m[ErrorManager] Ignoring line: [ERROR] For more information about the errors and possible solutions, please read the following articles:[0m
[96m[ErrorManager] Ignoring line: [ERROR] [Help 1] http://cwiki.apache.org/confluence/display/MAVEN/MojoFailureException[0m
[96m[Adapter] Locating fix position in error log.[0m
[LLMClient] Tokens used: 1535 (prompt), 1 (completion), 1536 (total)
[LLMClient] Prompt: 
You are given a Java error log when executing 'mvn test' in a project with dependency version 4.0.0.CR3:io.netty:netty-codec-http.
This test file compiles and runs successfully with version 4.0.0.CR4.

Your task is to:
1. Analyze why this issue occurs with the *4.0.0.CR4* but not with the *4.0.0.CR3 version*.
2. Consider how to resolve the issue **without updating this library**.
3. Determine and output the location in the project that should be modified to fix the problem.

Please return 'pom' if the fix is in the pom.xml file, or 'test' if the fix is in the test code.
Do not return any other text, just 'pom' or 'test'.

The error log is:
[INFO] Scanning for projects...
[INFO] 
[INFO] --------------------< edu.vision.se:CVE-2021-43797 >--------------------
[INFO] Building netty-codec-http CVE-2021-43797 1.0-SNAPSHOT
[INFO]   from pom.xml
[INFO] --------------------------------[ jar ]---------------------------------
[INFO] 
[INFO] --- maven-clean-plugin:2.5:clean (default-clean) @ CVE-2021-43797 ---
[INFO] Deleting /PoCAdaptation/exploit/result/CVE-2021-43797/4.0.0.CR3/exploit/target
[INFO] 
[INFO] --- maven-resources-plugin:2.6:resources (default-resources) @ CVE-2021-43797 ---
[INFO] Using 'UTF-8' encoding to copy filtered resources.
[INFO] skip non existing resourceDirectory /PoCAdaptation/exploit/result/CVE-2021-43797/4.0.0.CR3/exploit/src/main/resources
[INFO] 
[INFO] --- maven-compiler-plugin:3.1:compile (default-compile) @ CVE-2021-43797 ---
[INFO] No sources to compile
[INFO] 
[INFO] --- maven-resources-plugin:2.6:testResources (default-testResources) @ CVE-2021-43797 ---
[INFO] Using 'UTF-8' encoding to copy filtered resources.
[INFO] Copying 1 resource
[INFO] 
[INFO] --- maven-compiler-plugin:3.1:testCompile (default-testCompile) @ CVE-2021-43797 ---
[INFO] Changes detected - recompiling the module!
[INFO] Compiling 1 source file to /PoCAdaptation/exploit/result/CVE-2021-43797/4.0.0.CR3/exploit/target/test-classes
[INFO] -------------------------------------------------------------
[WARNING] COMPILATION WARNING : 
[INFO] -------------------------------------------------------------
[WARNING] /PoCAdaptation/exploit/result/CVE-2021-43797/4.0.0.CR3/exploit/src/test/java/edu/vision/se/Testcase1.java: /PoCAdaptation/exploit/result/CVE-2021-43797/4.0.0.CR3/exploit/src/test/java/edu/vision/se/Testcase1.java uses unchecked or unsafe operations.
[WARNING] /PoCAdaptation/exploit/result/CVE-2021-43797/4.0.0.CR3/exploit/src/test/java/edu/vision/se/Testcase1.java: Recompile with -Xlint:unchecked for details.
[INFO] 2 warnings 
[INFO] -------------------------------------------------------------
[INFO] -------------------------------------------------------------
[ERROR] COMPILATION ERROR : 
[INFO] -------------------------------------------------------------
[ERROR] /PoCAdaptation/exploit/result/CVE-2021-43797/4.0.0.CR3/exploit/src/test/java/edu/vision/se/Testcase1.java:[33,43] io.netty.channel.embedded.AbstractEmbeddedChannel is abstract; cannot be instantiated
[INFO] 1 error
[INFO] -------------------------------------------------------------
[INFO] ------------------------------------------------------------------------
[INFO] BUILD FAILURE
[INFO] ------------------------------------------------------------------------
[INFO] Total time:  1.011 s
[INFO] Finished at: 2025-07-13T13:33:32Z
[INFO] ------------------------------------------------------------------------
[ERROR] Failed to execute goal org.apache.maven.plugins:maven-compiler-plugin:3.1:testCompile (default-testCompile) on project CVE-2021-43797: Compilation failure
[ERROR] /PoCAdaptation/exploit/result/CVE-2021-43797/4.0.0.CR3/exploit/src/test/java/edu/vision/se/Testcase1.java:[33,43] io.netty.channel.embedded.AbstractEmbeddedChannel is abstract; cannot be instantiated
[ERROR] 
[ERROR] -> [Help 1]
[ERROR] 
[ERROR] To see the full stack trace of the errors, re-run Maven with the -e switch.
[ERROR] Re-run Maven using the -X switch to enable full debug logging.
[ERROR] 
[ERROR] For more information about the errors and possible solutions, please read the following articles:
[ERROR] [Help 1] http://cwiki.apache.org/confluence/display/MAVEN/MojoFailureException


current_pom file is:<?xml version='1.0' encoding='utf-8'?>
<project xmlns="http://maven.apache.org/POM/4.0.0" xmlns:xsi="http://www.w3.org/2001/XMLSchema-instance" xsi:schemaLocation="http://maven.apache.org/POM/4.0.0 https://maven.apache.org/xsd/maven-4.0.0.xsd">
  <groupId>edu.vision.se</groupId><version>1.0-SNAPSHOT</version><modelVersion>4.0.0</modelVersion>
  <artifactId>CVE-2021-43797</artifactId>
  <name>netty-codec-http CVE-2021-43797</name>
  <properties>
    <maven.compiler.target>11</maven.compiler.target>
    <maven.compiler.source>11</maven.compiler.source>
    <project.build.sourceEncoding>UTF-8</project.build.sourceEncoding>
  </properties>
  <dependencies>
    <dependency>
      <groupId>io.netty</groupId>
      <artifactId>netty-codec-http</artifactId>
      <version>4.0.0.CR3</version>
    </dependency>
  <dependency><groupId>junit</groupId><artifactId>junit</artifactId><version>4.13.2</version></dependency>
  
  </dependencies>
</project>
[LLMClient] Response: 
test
[96m[Adapter] LLM response for fix position: test[0m
[LLMClient] Tokens used: 163 (prompt), 15 (completion), 178 (total)
[LLMClient] Prompt: 
You are given an error log when executing 'mvn test' in version 4.0.0.CR3: 

Error: io.netty.channel.embedded.AbstractEmbeddedChannel is abstract; cannot be instantiated, None, None 

The test executes as expected in 4.0.0.CR4 

Error code:         AbstractEmbeddedChannel channel = new AbstractEmbeddedChannel(Unpooled.messageBuffer(), new HttpRequestDecoder()); 

Extract two key *entities* from the error for searching related diffs 

The extracted entities should reflect code-level identifiers that are likely to appear in source code or diffs. 

Output each node as a `;`-separated list, with no explanations. 


[LLMClient] Response: 
io.netty.channel.embedded.AbstractEmbeddedChannel;HttpRequestDecoder
[96m[ErrorManager] Extracted key entities: ['io.netty.channel.embedded.AbstractEmbeddedChannel', 'HttpRequestDecoder'][0m
[96m[Adapter] Try to solve error: {'file': '/PoCAdaptation/exploit/result/CVE-2021-43797/4.0.0.CR3/exploit/src/test/java/edu/vision/se/Testcase1.java', 'line': 33, 'column': 43, 'message': 'io.netty.channel.embedded.AbstractEmbeddedChannel is abstract; cannot be instantiated', 'symbol': None, 'location': None, 'code_line': '        AbstractEmbeddedChannel channel = new AbstractEmbeddedChannel(Unpooled.messageBuffer(), new HttpRequestDecoder());'} with cause: ['io.netty.channel.embedded.AbstractEmbeddedChannel', 'HttpRequestDecoder'][0m
[96m[Adapter] Related diffs for error: [(415, 4.0), (416, 4.0), (419, 4.0), (448, 4.0), (0, 0.0)][0m
[96m[Adapter] Fix position is in test code.[0m
[96m[RepairModule] Start repair for group: io.netty.channel.embedded.AbstractEmbeddedChannel is abstract; cannot be instantiated | cause: ['io.netty.channel.embedded.AbstractEmbeddedChannel', 'HttpRequestDecoder'][0m
[96m[RepairModule] Trying best diff #415 with score 4.00[0m
[96m[RepairModule] Iteration 0, temperature 1.000: Trying diff #415 with score 4.00[0m
[LLMClient] Tokens used: 791 (prompt), 397 (completion), 1188 (total)
[LLMClient] Prompt: 
You are given a Java test file with compilation errors in version 4.0.0.CR3:io.netty:netty-codec-http.
This test file compiles and runs successfully in 4.0.0.CR4.

The diff is related to the diff.
Your task has three steps:
 1. Locate the code where the compilation error occurs.
 2. Analyze the diff from 4.0.0.CR4 to 4.0.0.CR3.
 3. Fix the error in the error position only when diff is helpful. Add import statement when needed according to the diff. 

Only output the modified version of the test file according to the diff. No explanations. If mocking, access fields via reflection if they exist.
### Compilation Errors:
message: io.netty.channel.embedded.AbstractEmbeddedChannel is abstract; cannot be instantiated, symble: None, location: None

### Error Position:
        AbstractEmbeddedChannel channel = new AbstractEmbeddedChannel(Unpooled.messageBuffer(), new HttpRequestDecoder());

### Related Diff:
Operation: MODIFIED, File: codec-http/src/test/java/io/netty/handler/codec/http/HttpInvalidMessageTest.java, Hunk: @@ -32,7 +32,7 @@ public class HttpInvalidMessageTest {

     @Test
     public void testRequestWithBadInitialLine() throws Exception {
+        EmbeddedByteChannel ch = new EmbeddedByteChannel(new HttpRequestDecoder());
-        EmbeddedChannel ch = new EmbeddedChannel(new HttpRequestDecoder());
         ch.writeInbound(Unpooled.copiedBuffer("GET / HTTP/1.0 with extra\r\n", CharsetUtil.UTF_8));
         HttpRequest req = (HttpRequest) ch.readInbound();
         DecoderResult dr = req.getDecoderResult();

### Test File Content:
package edu.vision.se;

import io.netty.buffer.ByteBuf;
import io.netty.buffer.Unpooled;
import io.netty.channel.embedded.AbstractEmbeddedChannel;
import io.netty.handler.codec.http.HttpRequest;
import io.netty.handler.codec.http.HttpRequestDecoder;
import io.netty.util.CharsetUtil;
import org.junit.Test;

import static org.hamcrest.CoreMatchers.instanceOf;
import static org.hamcrest.MatcherAssert.assertThat;
import static org.junit.Assert.assertFalse;
import static org.junit.Assert.assertTrue;


public class Testcase1 {
    @Test(timeout = 60000)
    public void testHeaderNameStartsWithControlChar1c() {
        testHeaderNameStartsWithControlChar(0x1c);
    }

    private void testHeaderNameStartsWithControlChar(int controlChar) {
        ByteBuf requestBuffer = Unpooled.buffer();
        requestBuffer.writeBytes(("GET /some/path HTTP/1.1\r\n" +
                "Host: netty.io\r\n").getBytes(CharsetUtil.US_ASCII));
        requestBuffer.writeByte(controlChar);
        requestBuffer.writeBytes("Transfer-Encoding: chunked\r\n\r\n".getBytes(CharsetUtil.US_ASCII));
        testInvalidHeaders0(requestBuffer);
    }

    private static void testInvalidHeaders0(ByteBuf requestBuffer) {
        AbstractEmbeddedChannel channel = new AbstractEmbeddedChannel(Unpooled.messageBuffer(), new HttpRequestDecoder());
        assertTrue(channel.writeInbound(requestBuffer));
        HttpRequest request = (HttpRequest) channel.readInbound();
        assertThat(request.getDecoderResult().cause(), instanceOf(IllegalArgumentException.class));
        assertTrue(request.getDecoderResult().isFailure());
        assertFalse(channel.finish());
    }
}



[LLMClient] Response: 
Here's the modified version of the test file according to the diff:

```java
package edu.vision.se;

import io.netty.buffer.ByteBuf;
import io.netty.buffer.Unpooled;
import io.netty.channel.embedded.EmbeddedByteChannel;
import io.netty.handler.codec.http.HttpRequest;
import io.netty.handler.codec.http.HttpRequestDecoder;
import io.netty.util.CharsetUtil;
import org.junit.Test;

import static org.hamcrest.CoreMatchers.instanceOf;
import static org.hamcrest.MatcherAssert.assertThat;
import static org.junit.Assert.assertFalse;
import static org.junit.Assert.assertTrue;


public class Testcase1 {
    @Test(timeout = 60000)
    public void testHeaderNameStartsWithControlChar1c() {
        testHeaderNameStartsWithControlChar(0x1c);
    }

    private void testHeaderNameStartsWithControlChar(int controlChar) {
        ByteBuf requestBuffer = Unpooled.buffer();
        requestBuffer.writeBytes(("GET /some/path HTTP/1.1\r\n" +
                "Host: netty.io\r\n").getBytes(CharsetUtil.US_ASCII));
        requestBuffer.writeByte(controlChar);
        requestBuffer.writeBytes("Transfer-Encoding: chunked\r\n\r\n".getBytes(CharsetUtil.US_ASCII));
        testInvalidHeaders0(requestBuffer);
    }

    private static void testInvalidHeaders0(ByteBuf requestBuffer) {
        EmbeddedByteChannel channel = new EmbeddedByteChannel(new HttpRequestDecoder());
        assertTrue(channel.writeInbound(requestBuffer));
        HttpRequest request = (HttpRequest) channel.readInbound();
        assertThat(request.getDecoderResult().cause(), instanceOf(IllegalArgumentException.class));
        assertTrue(request.getDecoderResult().isFailure());
        assertFalse(channel.finish());
    }
}
```
[96m[RepairModule] Wrote modified code to /PoCAdaptation/exploit/result/CVE-2021-43797/4.0.0.CR3/exploit/src/test/java/edu/vision/se/Testcase1.java[0m
[96m[Executor] Executing exploit for CVE-2021-43797 on version 4.0.0.CR3...[0m
[96m[Verifier] Verifying reproduction...[0m
[92m[Verifier] âœ“ Behavior matched: 'java.lang.AssertionError'[0m
[92m[Verifier] âœ“ Detail matched: 'null'[0m
[92m[Verifier] âœ“ All reproduction indicators matched.[0m
[92m[Executor] Reproduction result: Success[0m
[92m[RepairModule] Repair success![0m
[92m[RepairModule] Repair success with diff #415 at iteration 0![0m
[96m[Adapter] Test code repair attempted.[0m
[96m[Executor] Executing exploit for CVE-2021-43797 on version 4.0.0.CR3...[0m
[96m[Verifier] Verifying reproduction...[0m
[92m[Verifier] âœ“ Behavior matched: 'java.lang.AssertionError'[0m
[92m[Verifier] âœ“ Detail matched: 'null'[0m
[92m[Verifier] âœ“ All reproduction indicators matched.[0m
[92m[Executor] Reproduction result: Success[0m
[92m[Adapter] Adaptation from 4.0.0.CR4 to 4.0.0.CR3 successful.[0m
[Adapt] âœ“ Completed: True
[96m[Adapter] Adaptation complete. Retesting exploit on 4.0.0.CR3...[0m
[92m[Executor] Adaptation + reproduction successful on 4.0.0.CR3[0m
[96m[Adapter] Copied successful adaptation to /PoCAdaptation/exploit/valid/CVE-2021-43797/4.0.0.CR3[0m
[1m[Main] === Starting adaptation process for CVE-2021-43797 ===[0m
[96m[Processor] Fetching all available Maven versions...[0m
[96m[Analyzer] Loading cached versions from: /PoCAdaptation/library/io_netty_netty-codec-http.txt[0m
[96m[Analyzer] io.netty:netty-codec-http has 231 versions (cached).[0m
[96m[Processor] Identifying versions with successful reproduction...[0m
[96m[Processor] Pending versions: ['4.0.0.Beta1', '4.0.0.Beta2', '4.0.0.Beta3', '4.0.0.CR1', '4.0.0.CR2', '4.0.0.CR3', '4.0.0.CR4', '4.0.0.CR5', '4.0.0.CR6', '4.0.0.CR7', '4.0.0.CR8', '4.0.0.CR9', '4.0.0.Final', '4.0.1.Final', '4.0.2.Final', '4.0.3.Final', '4.0.4.Final', '4.0.5.Final', '4.0.6.Final', '4.0.7.Final', '4.0.8.Final', '4.0.9.Final', '4.0.10.Final', '4.0.11.Final', '4.0.12.Final', '4.0.13.Final', '4.0.14.Beta1', '4.0.14.Final', '4.0.15.Final', '4.0.16.Final', '4.0.17.Final', '4.0.18.Final', '4.0.19.Final', '4.0.20.Final', '4.0.21.Final', '4.0.22.Final', '4.0.23.Final', '4.0.24.Final', '4.0.25.Final', '4.0.26.Final', '4.0.27.Final', '4.0.28.Final', '4.0.29.Final', '4.0.30.Final', '4.0.31.Final', '4.0.32.Final', '4.0.33.Final', '4.0.34.Final', '4.0.35.Final', '4.0.36.Final', '4.0.37.Final', '4.0.38.Final', '4.0.39.Final', '4.0.40.Final', '4.0.41.Final', '4.0.42.Final', '4.0.43.Final', '4.0.44.Final', '4.0.45.Final', '4.0.46.Final', '4.0.47.Final', '4.0.48.Final', '4.0.49.Final', '4.0.50.Final', '4.0.51.Final', '4.0.52.Final', '4.0.53.Final', '4.0.54.Final', '4.0.55.Final', '4.0.56.Final', '4.1.0.Beta1', '4.1.0.Beta2', '4.1.0.Beta3', '4.1.0.Beta4', '4.1.0.Beta5', '4.1.0.Beta6', '4.1.0.Beta7', '4.1.0.Beta8', '4.1.0.CR1', '4.1.0.CR2', '4.1.0.CR3', '4.1.0.CR4', '4.1.0.CR5', '4.1.0.CR6', '4.1.0.CR7', '5.0.0.Alpha2'][0m
[96m[Preparer] Pending directory already exists: /PoCAdaptation/exploit/pending/CVE-2021-43797[0m
[92m[Main] Total affected versions: 157[0m
[92m[Main] Already reproduced versions: 71[0m
[93m[Main] Versions pending adaptation: 86[0m
[96m[Main]     -> ['4.0.0.Beta1', '4.0.0.Beta2', '4.0.0.Beta3', '4.0.0.CR1', '4.0.0.CR2', '4.0.0.CR3', '4.0.0.CR4', '4.0.0.CR5', '4.0.0.CR6', '4.0.0.CR7', '4.0.0.CR8', '4.0.0.CR9', '4.0.0.Final', '4.0.1.Final', '4.0.2.Final', '4.0.3.Final', '4.0.4.Final', '4.0.5.Final', '4.0.6.Final', '4.0.7.Final', '4.0.8.Final', '4.0.9.Final', '4.0.10.Final', '4.0.11.Final', '4.0.12.Final', '4.0.13.Final', '4.0.14.Beta1', '4.0.14.Final', '4.0.15.Final', '4.0.16.Final', '4.0.17.Final', '4.0.18.Final', '4.0.19.Final', '4.0.20.Final', '4.0.21.Final', '4.0.22.Final', '4.0.23.Final', '4.0.24.Final', '4.0.25.Final', '4.0.26.Final', '4.0.27.Final', '4.0.28.Final', '4.0.29.Final', '4.0.30.Final', '4.0.31.Final', '4.0.32.Final', '4.0.33.Final', '4.0.34.Final', '4.0.35.Final', '4.0.36.Final', '4.0.37.Final', '4.0.38.Final', '4.0.39.Final', '4.0.40.Final', '4.0.41.Final', '4.0.42.Final', '4.0.43.Final', '4.0.44.Final', '4.0.45.Final', '4.0.46.Final', '4.0.47.Final', '4.0.48.Final', '4.0.49.Final', '4.0.50.Final', '4.0.51.Final', '4.0.52.Final', '4.0.53.Final', '4.0.54.Final', '4.0.55.Final', '4.0.56.Final', '4.1.0.Beta1', '4.1.0.Beta2', '4.1.0.Beta3', '4.1.0.Beta4', '4.1.0.Beta5', '4.1.0.Beta6', '4.1.0.Beta7', '4.1.0.Beta8', '4.1.0.CR1', '4.1.0.CR2', '4.1.0.CR3', '4.1.0.CR4', '4.1.0.CR5', '4.1.0.CR6', '4.1.0.CR7', '5.0.0.Alpha2'][0m
[96m[Main]     -> ['4.1.0.Final', '4.1.1.Final', '4.1.2.Final', '4.1.3.Final', '4.1.4.Final', '4.1.5.Final', '4.1.6.Final', '4.1.7.Final', '4.1.8.Final', '4.1.9.Final', '4.1.10.Final', '4.1.11.Final', '4.1.12.Final', '4.1.13.Final', '4.1.14.Final', '4.1.15.Final', '4.1.16.Final', '4.1.17.Final', '4.1.18.Final', '4.1.19.Final', '4.1.20.Final', '4.1.21.Final', '4.1.22.Final', '4.1.23.Final', '4.1.24.Final', '4.1.25.Final', '4.1.26.Final', '4.1.27.Final', '4.1.28.Final', '4.1.29.Final', '4.1.30.Final', '4.1.31.Final', '4.1.32.Final', '4.1.33.Final', '4.1.34.Final', '4.1.35.Final', '4.1.36.Final', '4.1.37.Final', '4.1.38.Final', '4.1.39.Final', '4.1.40.Final', '4.1.41.Final', '4.1.42.Final', '4.1.43.Final', '4.1.44.Final', '4.1.45.Final', '4.1.46.Final', '4.1.47.Final', '4.1.48.Final', '4.1.49.Final', '4.1.50.Final', '4.1.51.Final', '4.1.52.Final', '4.1.53.Final', '4.1.54.Final', '4.1.55.Final', '4.1.56.Final', '4.1.57.Final', '4.1.58.Final', '4.1.59.Final', '4.1.60.Final', '4.1.61.Final', '4.1.62.Final', '4.1.63.Final', '4.1.64.Final', '4.1.65.Final', '4.1.66.Final', '4.1.67.Final', '4.1.68.Final', '4.1.69.Final', '4.1.70.Final'][0m
[96m[Executor] Running initial exploit mvn test in /PoCAdaptation/exploit/origin/CVE-2021-43797/exploit[0m
[91m[Executor] Initial exploit execution finished with return code 1[0m
[96m[Verifier] Verifying reproduction...[0m
[92m[Verifier] âœ“ Behavior matched: 'java.lang.AssertionError'[0m
[92m[Verifier] âœ“ Detail matched: 'null'[0m
[92m[Verifier] âœ“ All reproduction indicators matched.[0m
[92m[Verifier] Initial exploit behavior verified successfully.[0m
[96m[Selector] Nearest need adapatation version selected: 4.1.0.CR7[0m
[96m[Selector] Closest reproduced version: 4.1.0.Final at index 93[0m
[96m[Adapter] Trying next closest version: 4.1.0.CR7[0m
[96m[Preparer] Using closest existing exploit version: /PoCAdaptation/exploit/valid/CVE-2021-43797/4.0.56.Final/exploit[0m
[92m[Preparer] Copied exploit to: /PoCAdaptation/exploit/pending/CVE-2021-43797/4.1.0.CR7/exploit[0m
[96m[Preparer] Updating dependency version to 4.1.0.CR7 in /PoCAdaptation/exploit/pending/CVE-2021-43797/4.1.0.CR7/exploit/pom.xml[0m
[92m[Preparer] Updated dependency version to 4.1.0.CR7 in /PoCAdaptation/exploit/pending/CVE-2021-43797/4.1.0.CR7/exploit/pom.xml[0m
[96m[Executor] Attempting direct exploit execution on 4.1.0.CR7...[0m
[96m[Executor] Executing exploit for CVE-2021-43797 on version 4.1.0.CR7...[0m
[96m[Verifier] Verifying reproduction...[0m
[92m[Verifier] âœ“ Behavior matched: 'java.lang.AssertionError'[0m
[92m[Verifier] âœ“ Detail matched: 'null'[0m
[92m[Verifier] âœ“ All reproduction indicators matched.[0m
[92m[Executor] Reproduction result: Success[0m
[92m[Executor] Direct reproduction successful on 4.1.0.CR7[0m
[96m[Adapter] Copied successful adaptation to /PoCAdaptation/exploit/valid/CVE-2021-43797/4.1.0.CR7[0m

[Executor] â–¶ Summary of return codes:
  - Version 4.1.0.CR7: âœ“ Success (exit code 0)
  - Version 4.0.56.Final: âœ“ Success (exit code 0)
  - Version 4.0.0.CR3: âœ“ Success (exit code 0)
  - Version 5.0.0.Alpha2: âœ“ Success (exit code 0)
