Running main_process.py for CVE: CVE-2019-20444
Versions: 4.0.56.Final, 4.0.0.CR3, 5.0.0.Alpha1

[1m[Main] === Starting adaptation process for CVE-2019-20444 ===[0m
[96m[Processor] Fetching all available Maven versions...[0m
[96m[Analyzer] Loading cached versions from: /PoCAdaptation/library/io_netty_netty-codec-http.txt[0m
[96m[Analyzer] io.netty:netty-codec-http has 231 versions (cached).[0m
[96m[Processor] Identifying versions with successful reproduction...[0m
[96m[Processor] Pending versions: ['4.0.0.Beta1', '4.0.0.Beta2', '4.0.0.Beta3', '4.0.0.CR1', '4.0.0.CR2', '4.0.0.CR3', '4.0.0.CR4', '4.0.0.CR5', '4.0.0.CR6', '4.0.0.CR7', '4.0.0.CR8', '4.0.0.CR9', '4.0.0.Final', '4.0.1.Final', '4.0.2.Final', '4.0.3.Final', '4.0.4.Final', '4.0.5.Final', '4.0.6.Final', '4.0.7.Final', '4.0.8.Final', '4.0.9.Final', '4.0.10.Final', '4.0.11.Final', '4.0.12.Final', '4.0.13.Final', '4.0.14.Beta1', '4.0.14.Final', '4.0.15.Final', '4.0.16.Final', '4.0.17.Final', '4.0.18.Final', '4.0.19.Final', '4.0.20.Final', '4.0.21.Final', '4.0.22.Final', '4.0.23.Final', '4.0.24.Final', '4.0.25.Final', '4.0.26.Final', '4.0.27.Final', '4.0.28.Final', '4.0.29.Final', '4.0.30.Final', '4.0.31.Final', '4.0.32.Final', '4.0.33.Final', '4.0.34.Final', '4.0.35.Final', '4.0.36.Final', '4.0.37.Final', '4.0.38.Final', '4.0.39.Final', '4.0.40.Final', '4.0.41.Final', '4.0.42.Final', '4.0.43.Final', '4.0.44.Final', '4.0.45.Final', '4.0.46.Final', '4.0.47.Final', '4.0.48.Final', '4.0.49.Final', '4.0.50.Final', '4.0.51.Final', '4.0.52.Final', '4.0.53.Final', '4.0.54.Final', '4.0.55.Final', '4.0.56.Final', '5.0.0.Alpha1'][0m
[96m[Preparer] Pending directory already exists: /PoCAdaptation/exploit/pending/CVE-2019-20444[0m
[92m[Main] Total affected versions: 131[0m
[92m[Main] Already reproduced versions: 61[0m
[93m[Main] Versions pending adaptation: 70[0m
[96m[Main]     -> ['4.0.0.Beta1', '4.0.0.Beta2', '4.0.0.Beta3', '4.0.0.CR1', '4.0.0.CR2', '4.0.0.CR3', '4.0.0.CR4', '4.0.0.CR5', '4.0.0.CR6', '4.0.0.CR7', '4.0.0.CR8', '4.0.0.CR9', '4.0.0.Final', '4.0.1.Final', '4.0.2.Final', '4.0.3.Final', '4.0.4.Final', '4.0.5.Final', '4.0.6.Final', '4.0.7.Final', '4.0.8.Final', '4.0.9.Final', '4.0.10.Final', '4.0.11.Final', '4.0.12.Final', '4.0.13.Final', '4.0.14.Beta1', '4.0.14.Final', '4.0.15.Final', '4.0.16.Final', '4.0.17.Final', '4.0.18.Final', '4.0.19.Final', '4.0.20.Final', '4.0.21.Final', '4.0.22.Final', '4.0.23.Final', '4.0.24.Final', '4.0.25.Final', '4.0.26.Final', '4.0.27.Final', '4.0.28.Final', '4.0.29.Final', '4.0.30.Final', '4.0.31.Final', '4.0.32.Final', '4.0.33.Final', '4.0.34.Final', '4.0.35.Final', '4.0.36.Final', '4.0.37.Final', '4.0.38.Final', '4.0.39.Final', '4.0.40.Final', '4.0.41.Final', '4.0.42.Final', '4.0.43.Final', '4.0.44.Final', '4.0.45.Final', '4.0.46.Final', '4.0.47.Final', '4.0.48.Final', '4.0.49.Final', '4.0.50.Final', '4.0.51.Final', '4.0.52.Final', '4.0.53.Final', '4.0.54.Final', '4.0.55.Final', '4.0.56.Final'][0m
[96m[Main]     -> ['4.1.0.Beta1', '4.1.0.Beta2', '4.1.0.Beta3', '4.1.0.Beta4', '4.1.0.Beta5', '4.1.0.Beta6', '4.1.0.Beta7', '4.1.0.Beta8', '4.1.0.CR1', '4.1.0.CR2', '4.1.0.CR3', '4.1.0.CR4', '4.1.0.CR5', '4.1.0.CR6', '4.1.0.CR7', '4.1.0.Final', '4.1.1.Final', '4.1.2.Final', '4.1.3.Final', '4.1.4.Final', '4.1.5.Final', '4.1.6.Final', '4.1.7.Final', '4.1.8.Final', '4.1.9.Final', '4.1.10.Final', '4.1.11.Final', '4.1.12.Final', '4.1.13.Final', '4.1.14.Final', '4.1.15.Final', '4.1.16.Final', '4.1.17.Final', '4.1.18.Final', '4.1.19.Final', '4.1.20.Final', '4.1.21.Final', '4.1.22.Final', '4.1.23.Final', '4.1.24.Final', '4.1.25.Final', '4.1.26.Final', '4.1.27.Final', '4.1.28.Final', '4.1.29.Final', '4.1.30.Final', '4.1.31.Final', '4.1.32.Final', '4.1.33.Final', '4.1.34.Final', '4.1.35.Final', '4.1.36.Final', '4.1.37.Final', '4.1.38.Final', '4.1.39.Final', '4.1.40.Final', '4.1.41.Final', '4.1.42.Final', '4.1.43.Final', '5.0.0.Alpha1', '5.0.0.Alpha2'][0m
[96m[Executor] Running initial exploit mvn test in /PoCAdaptation/exploit/origin/CVE-2019-20444/exploit[0m
[91m[Executor] Initial exploit execution finished with return code 1[0m
[96m[Verifier] Verifying reproduction...[0m
[92m[Verifier] âœ“ Behavior matched: 'java.lang.AssertionError'[0m
[92m[Verifier] âœ“ Detail matched: 'org.junit.Assert.fail'[0m
[92m[Verifier] âœ“ All reproduction indicators matched.[0m
[92m[Verifier] Initial exploit behavior verified successfully.[0m
[96m[Selector] Nearest need adapatation version selected: 4.0.56.Final[0m
[96m[Selector] Closest reproduced version: 4.1.0.Beta1 at index 78[0m
[96m[Adapter] Trying next closest version: 4.0.56.Final[0m
[93m[Preparer] No usable exploit dirs found under /PoCAdaptation/exploit/valid/CVE-2019-20444[0m
[92m[Preparer] Copied exploit to: /PoCAdaptation/exploit/pending/CVE-2019-20444/4.0.56.Final/exploit[0m
[96m[Preparer] Updating dependency version to 4.0.56.Final in /PoCAdaptation/exploit/pending/CVE-2019-20444/4.0.56.Final/exploit/pom.xml[0m
[92m[Preparer] Updated dependency version to 4.0.56.Final in /PoCAdaptation/exploit/pending/CVE-2019-20444/4.0.56.Final/exploit/pom.xml[0m
[96m[Executor] Attempting direct exploit execution on 4.0.56.Final...[0m
[96m[Executor] Executing exploit for CVE-2019-20444 on version 4.0.56.Final...[0m
[96m[Verifier] Verifying reproduction...[0m
[91m[Verifier] âœ— Behavior not found: 'java.lang.AssertionError'[0m
[91m[Executor] Reproduction result: Failure[0m
[96m[Adapter] Attempting adaptation from base version 4.1.0.Beta1 to 4.0.56.Final...[0m
[96m[Adapter] Start adapting exploit from 4.1.0.Beta1 to 4.0.56.Final"[0m
[96m[Executor] Executing exploit for CVE-2019-20444 on version 4.0.56.Final...[0m
[96m[Verifier] Verifying reproduction...[0m
[91m[Verifier] âœ— Behavior not found: 'java.lang.AssertionError'[0m
[91m[Executor] Reproduction result: Failure[0m
[96m[ErrorManager] Ignoring line: [ERROR] Failed to execute goal org.apache.maven.plugins:maven-compiler-plugin:3.1:testCompile (default-testCompile) on project CVE-2019-20444: Compilation failure: Compilation failure:[0m
[92m[ErrorManager] Processing line: [ERROR] /PoCAdaptation/exploit/result/CVE-2019-20444/4.0.56.Final/exploit/src/test/java/edu/vision/se/Testcase1.java:[23,50] incompatible types: java.lang.Object cannot be converted to io.netty.handler.codec.http.HttpRequest[0m
[92m[ErrorManager] Processing line: [ERROR] /PoCAdaptation/exploit/result/CVE-2019-20444/4.0.56.Final/exploit/src/test/java/edu/vision/se/Testcase1.java:[24,27] cannot find symbol[0m
[92m[ErrorManager] Processing line: [ERROR]   symbol:   method decoderResult()[0m
[92m[ErrorManager] Processing line: [ERROR]   location: variable request of type io.netty.handler.codec.http.HttpRequest[0m
[92m[ErrorManager] Processing line: [ERROR] /PoCAdaptation/exploit/result/CVE-2019-20444/4.0.56.Final/exploit/src/test/java/edu/vision/se/Testcase1.java:[25,27] cannot find symbol[0m
[92m[ErrorManager] Processing line: [ERROR]   symbol:   method decoderResult()[0m
[92m[ErrorManager] Processing line: [ERROR]   location: variable request of type io.netty.handler.codec.http.HttpRequest[0m
[96m[ErrorManager] Ignoring line: [ERROR] -> [Help 1][0m
[96m[ErrorManager] Ignoring line: [ERROR][0m
[96m[ErrorManager] Ignoring line: [ERROR] To see the full stack trace of the errors, re-run Maven with the -e switch.[0m
[96m[ErrorManager] Ignoring line: [ERROR] Re-run Maven using the -X switch to enable full debug logging.[0m
[96m[ErrorManager] Ignoring line: [ERROR][0m
[96m[ErrorManager] Ignoring line: [ERROR] For more information about the errors and possible solutions, please read the following articles:[0m
[96m[ErrorManager] Ignoring line: [ERROR] [Help 1] http://cwiki.apache.org/confluence/display/MAVEN/MojoFailureException[0m
[96m[Adapter] Locating fix position in error log.[0m
[LLMClient] Tokens used: 1703 (prompt), 1 (completion), 1704 (total)
[LLMClient] Prompt: 
You are given a Java error log when executing 'mvn test' in a project with dependency version 4.0.56.Final:io.netty:netty-codec-http.
This test file compiles and runs successfully with version 4.1.0.Beta1.

Your task is to:
1. Analyze why this issue occurs with the *4.1.0.Beta1* but not with the *4.0.56.Final version*.
2. Consider how to resolve the issue **without updating this library**.
3. Determine and output the location in the project that should be modified to fix the problem.

Please return 'pom' if the fix is in the pom.xml file, or 'test' if the fix is in the test code.
Do not return any other text, just 'pom' or 'test'.

The error log is:
[INFO] Scanning for projects...
[INFO] 
[INFO] --------------------< edu.vision.se:CVE-2019-20444 >--------------------
[INFO] Building netty-codec-http CVE-2019-20444 1.0-SNAPSHOT
[INFO]   from pom.xml
[INFO] --------------------------------[ jar ]---------------------------------
[INFO] 
[INFO] --- maven-clean-plugin:2.5:clean (default-clean) @ CVE-2019-20444 ---
[INFO] Deleting /PoCAdaptation/exploit/result/CVE-2019-20444/4.0.56.Final/exploit/target
[INFO] 
[INFO] --- maven-resources-plugin:2.6:resources (default-resources) @ CVE-2019-20444 ---
[INFO] Using 'UTF-8' encoding to copy filtered resources.
[INFO] skip non existing resourceDirectory /PoCAdaptation/exploit/result/CVE-2019-20444/4.0.56.Final/exploit/src/main/resources
[INFO] 
[INFO] --- maven-compiler-plugin:3.1:compile (default-compile) @ CVE-2019-20444 ---
[INFO] No sources to compile
[INFO] 
[INFO] --- maven-resources-plugin:2.6:testResources (default-testResources) @ CVE-2019-20444 ---
[INFO] Using 'UTF-8' encoding to copy filtered resources.
[INFO] skip non existing resourceDirectory /PoCAdaptation/exploit/result/CVE-2019-20444/4.0.56.Final/exploit/src/test/resources
[INFO] 
[INFO] --- maven-compiler-plugin:3.1:testCompile (default-testCompile) @ CVE-2019-20444 ---
[INFO] Changes detected - recompiling the module!
[INFO] Compiling 1 source file to /PoCAdaptation/exploit/result/CVE-2019-20444/4.0.56.Final/exploit/target/test-classes
[INFO] -------------------------------------------------------------
[ERROR] COMPILATION ERROR : 
[INFO] -------------------------------------------------------------
[ERROR] /PoCAdaptation/exploit/result/CVE-2019-20444/4.0.56.Final/exploit/src/test/java/edu/vision/se/Testcase1.java:[23,50] incompatible types: java.lang.Object cannot be converted to io.netty.handler.codec.http.HttpRequest
[ERROR] /PoCAdaptation/exploit/result/CVE-2019-20444/4.0.56.Final/exploit/src/test/java/edu/vision/se/Testcase1.java:[24,27] cannot find symbol
  symbol:   method decoderResult()
  location: variable request of type io.netty.handler.codec.http.HttpRequest
[ERROR] /PoCAdaptation/exploit/result/CVE-2019-20444/4.0.56.Final/exploit/src/test/java/edu/vision/se/Testcase1.java:[25,27] cannot find symbol
  symbol:   method decoderResult()
  location: variable request of type io.netty.handler.codec.http.HttpRequest
[INFO] 3 errors 
[INFO] -------------------------------------------------------------
[INFO] ------------------------------------------------------------------------
[INFO] BUILD FAILURE
[INFO] ------------------------------------------------------------------------
[INFO] Total time:  0.995 s
[INFO] Finished at: 2025-07-13T13:11:36Z
[INFO] ------------------------------------------------------------------------
[ERROR] Failed to execute goal org.apache.maven.plugins:maven-compiler-plugin:3.1:testCompile (default-testCompile) on project CVE-2019-20444: Compilation failure: Compilation failure: 
[ERROR] /PoCAdaptation/exploit/result/CVE-2019-20444/4.0.56.Final/exploit/src/test/java/edu/vision/se/Testcase1.java:[23,50] incompatible types: java.lang.Object cannot be converted to io.netty.handler.codec.http.HttpRequest
[ERROR] /PoCAdaptation/exploit/result/CVE-2019-20444/4.0.56.Final/exploit/src/test/java/edu/vision/se/Testcase1.java:[24,27] cannot find symbol
[ERROR]   symbol:   method decoderResult()
[ERROR]   location: variable request of type io.netty.handler.codec.http.HttpRequest
[ERROR] /PoCAdaptation/exploit/result/CVE-2019-20444/4.0.56.Final/exploit/src/test/java/edu/vision/se/Testcase1.java:[25,27] cannot find symbol
[ERROR]   symbol:   method decoderResult()
[ERROR]   location: variable request of type io.netty.handler.codec.http.HttpRequest
[ERROR] -> [Help 1]
[ERROR] 
[ERROR] To see the full stack trace of the errors, re-run Maven with the -e switch.
[ERROR] Re-run Maven using the -X switch to enable full debug logging.
[ERROR] 
[ERROR] For more information about the errors and possible solutions, please read the following articles:
[ERROR] [Help 1] http://cwiki.apache.org/confluence/display/MAVEN/MojoFailureException


current_pom file is:<?xml version='1.0' encoding='utf-8'?>
<project xmlns="http://maven.apache.org/POM/4.0.0" xmlns:xsi="http://www.w3.org/2001/XMLSchema-instance" xsi:schemaLocation="http://maven.apache.org/POM/4.0.0 https://maven.apache.org/xsd/maven-4.0.0.xsd">
  <groupId>edu.vision.se</groupId><version>1.0-SNAPSHOT</version><modelVersion>4.0.0</modelVersion>
  <artifactId>CVE-2019-20444</artifactId>
  <name>netty-codec-http CVE-2019-20444</name>
  <properties>
    <maven.compiler.target>11</maven.compiler.target>
    <maven.compiler.source>11</maven.compiler.source>
    <project.build.sourceEncoding>UTF-8</project.build.sourceEncoding>
  </properties>
  <dependencies>
    <dependency>
      <groupId>io.netty</groupId>
      <artifactId>netty-codec-http</artifactId>
      <version>4.0.56.Final</version>
    </dependency>
  <dependency><groupId>junit</groupId><artifactId>junit</artifactId><version>4.13.2</version></dependency>
  
  </dependencies>
</project>
[LLMClient] Response: 
test
[96m[Adapter] LLM response for fix position: test[0m
[LLMClient] Tokens used: 150 (prompt), 8 (completion), 158 (total)
[LLMClient] Prompt: 
You are given an error log when executing 'mvn test' in version 4.0.56.Final: 

Error: incompatible types: java.lang.Object cannot be converted to io.netty.handler.codec.http.HttpRequest, None, None 

The test executes as expected in 4.1.0.Beta1 

Error code:         HttpRequest request = channel.readInbound(); 

Extract two key *entities* from the error for searching related diffs 

The extracted entities should reflect code-level identifiers that are likely to appear in source code or diffs. 

Output each node as a `;`-separated list, with no explanations. 


[LLMClient] Response: 
HttpRequest;channel.readInbound()
[96m[ErrorManager] Extracted key entities: ['HttpRequest', 'channel.readInbound()'][0m
[96m[Adapter] Try to solve error: {'file': '/PoCAdaptation/exploit/result/CVE-2019-20444/4.0.56.Final/exploit/src/test/java/edu/vision/se/Testcase1.java', 'line': 23, 'column': 50, 'message': 'incompatible types: java.lang.Object cannot be converted to io.netty.handler.codec.http.HttpRequest', 'symbol': None, 'location': None, 'code_line': '        HttpRequest request = channel.readInbound();'} with cause: ['HttpRequest', 'channel.readInbound()'][0m
[96m[Adapter] Related diffs for error: [(714, 8.0), (716, 8.0), (717, 8.0), (255, 4.0), (393, 4.0)][0m
[96m[Adapter] Fix position is in test code.[0m
[96m[RepairModule] Start repair for group: incompatible types: java.lang.Object cannot be converted to io.netty.handler.codec.http.HttpRequest | cause: ['HttpRequest', 'channel.readInbound()'][0m
[96m[RepairModule] Trying best diff #714 with score 8.00[0m
[96m[RepairModule] Iteration 0, temperature 1.000: Trying diff #714 with score 8.00[0m
[LLMClient] Tokens used: 695 (prompt), 273 (completion), 968 (total)
[LLMClient] Prompt: 
You are given a Java test file with compilation errors in version 4.0.56.Final:io.netty:netty-codec-http.
This test file compiles and runs successfully in 4.1.0.Beta1.

The diff is related to the diff.
Your task has three steps:
 1. Locate the code where the compilation error occurs.
 2. Analyze the diff from 4.1.0.Beta1 to 4.0.56.Final.
 3. Fix the error in the error position only when diff is helpful. Add import statement when needed according to the diff. 

Only output the modified version of the test file according to the diff. No explanations. If mocking, access fields via reflection if they exist.
### Compilation Errors:
message: incompatible types: java.lang.Object cannot be converted to io.netty.handler.codec.http.HttpRequest, symble: None, location: None

### Error Position:
        HttpRequest request = channel.readInbound();

### Related Diff:
Operation: MODIFIED, File: codec-http/src/test/java/io/netty/handler/codec/http/HttpRequestDecoderTest.java, Hunk: @@ -71,10 +72,10 @@ public void testDecodeWholeRequestAtOnceMixedDelimiters() {
     private static void testDecodeWholeRequestAtOnce(byte[] content) {
         EmbeddedChannel channel = new EmbeddedChannel(new HttpRequestDecoder());
         assertTrue(channel.writeInbound(Unpooled.wrappedBuffer(content)));
+        HttpRequest req = (HttpRequest) channel.readInbound();
-        HttpRequest req = channel.readInbound();
         assertNotNull(req);
         checkHeaders(req.headers());
+        LastHttpContent c = (LastHttpContent) channel.readInbound();
-        LastHttpContent c = channel.readInbound();
         assertEquals(CONTENT_LENGTH, c.content().readableBytes());
         assertEquals(
                 Unpooled.wrappedBuffer(content, content.length - CONTENT_LENGTH, CONTENT_LENGTH),

### Test File Content:
package edu.vision.se;

import io.netty.buffer.Unpooled;
import io.netty.channel.embedded.EmbeddedChannel;
import io.netty.handler.codec.http.HttpRequest;
import io.netty.handler.codec.http.HttpRequestDecoder;
import io.netty.util.CharsetUtil;
import org.junit.Test;

import static org.junit.Assert.assertFalse;
import static org.junit.Assert.assertTrue;

public class Testcase1 {

    @Test(timeout = 60000)
    public void testHeaderWithNoValueAndMissingColon() {
        EmbeddedChannel channel = new EmbeddedChannel(new HttpRequestDecoder());
        String requestStr = "GET /some/path HTTP/1.1\r\n" +
                "Content-Length: 0\r\n" +
                "Host:\r\n" +
                "netty.io\r\n\r\n";
        assertTrue(channel.writeInbound(Unpooled.copiedBuffer(requestStr, CharsetUtil.US_ASCII)));
        HttpRequest request = channel.readInbound();
        assertTrue(request.decoderResult().isFailure());
        assertTrue(request.decoderResult().cause() instanceof IllegalArgumentException);
        assertFalse(channel.finish());
    }
}


[LLMClient] Response: 
Here's the modified version of the test file according to the diff:

```java
package edu.vision.se;

import io.netty.buffer.Unpooled;
import io.netty.channel.embedded.EmbeddedChannel;
import io.netty.handler.codec.http.HttpRequest;
import io.netty.handler.codec.http.HttpRequestDecoder;
import io.netty.util.CharsetUtil;
import org.junit.Test;

import static org.junit.Assert.assertFalse;
import static org.junit.Assert.assertTrue;

public class Testcase1 {

    @Test(timeout = 60000)
    public void testHeaderWithNoValueAndMissingColon() {
        EmbeddedChannel channel = new EmbeddedChannel(new HttpRequestDecoder());
        String requestStr = "GET /some/path HTTP/1.1\r\n" +
                "Content-Length: 0\r\n" +
                "Host:\r\n" +
                "netty.io\r\n\r\n";
        assertTrue(channel.writeInbound(Unpooled.copiedBuffer(requestStr, CharsetUtil.US_ASCII)));
        HttpRequest request = (HttpRequest) channel.readInbound();
        assertTrue(request.decoderResult().isFailure());
        assertTrue(request.decoderResult().cause() instanceof IllegalArgumentException);
        assertFalse(channel.finish());
    }
}
```
[96m[RepairModule] Wrote modified code to /PoCAdaptation/exploit/result/CVE-2019-20444/4.0.56.Final/exploit/src/test/java/edu/vision/se/Testcase1.java[0m
[96m[Executor] Executing exploit for CVE-2019-20444 on version 4.0.56.Final...[0m
[96m[Verifier] Verifying reproduction...[0m
[91m[Verifier] âœ— Behavior not found: 'java.lang.AssertionError'[0m
[91m[Executor] Reproduction result: Failure[0m
[96m[ErrorManager] Ignoring line: [ERROR] Failed to execute goal org.apache.maven.plugins:maven-compiler-plugin:3.1:testCompile (default-testCompile) on project CVE-2019-20444: Compilation failure: Compilation failure:[0m
[92m[ErrorManager] Processing line: [ERROR] /PoCAdaptation/exploit/result/CVE-2019-20444/4.0.56.Final/exploit/src/test/java/edu/vision/se/Testcase1.java:[24,27] cannot find symbol[0m
[92m[ErrorManager] Processing line: [ERROR]   symbol:   method decoderResult()[0m
[92m[ErrorManager] Processing line: [ERROR]   location: variable request of type io.netty.handler.codec.http.HttpRequest[0m
[92m[ErrorManager] Processing line: [ERROR] /PoCAdaptation/exploit/result/CVE-2019-20444/4.0.56.Final/exploit/src/test/java/edu/vision/se/Testcase1.java:[25,27] cannot find symbol[0m
[92m[ErrorManager] Processing line: [ERROR]   symbol:   method decoderResult()[0m
[92m[ErrorManager] Processing line: [ERROR]   location: variable request of type io.netty.handler.codec.http.HttpRequest[0m
[96m[ErrorManager] Ignoring line: [ERROR] -> [Help 1][0m
[96m[ErrorManager] Ignoring line: [ERROR][0m
[96m[ErrorManager] Ignoring line: [ERROR] To see the full stack trace of the errors, re-run Maven with the -e switch.[0m
[96m[ErrorManager] Ignoring line: [ERROR] Re-run Maven using the -X switch to enable full debug logging.[0m
[96m[ErrorManager] Ignoring line: [ERROR][0m
[96m[ErrorManager] Ignoring line: [ERROR] For more information about the errors and possible solutions, please read the following articles:[0m
[96m[ErrorManager] Ignoring line: [ERROR] [Help 1] http://cwiki.apache.org/confluence/display/MAVEN/MojoFailureException[0m
[RepairModule] Old grouped keys: {'incompatible types: java.lang.Object cannot be converted to io.netty.handler.codec.http.HttpRequest |', 'cannot find symbol | method decoderResult()'}
[RepairModule] New grouped keys: {'cannot find symbol | method decoderResult()'}
[92m[RepairModule] Error incompatible types: java.lang.Object cannot be converted to io.netty.handler.codec.http.HttpRequest resolved after applying diff.[0m
[92m[RepairModule] Repair success with diff #714 at iteration 0![0m
[96m[Adapter] Test code repair attempted.[0m
[96m[Executor] Executing exploit for CVE-2019-20444 on version 4.0.56.Final...[0m
[96m[Verifier] Verifying reproduction...[0m
[91m[Verifier] âœ— Behavior not found: 'java.lang.AssertionError'[0m
[91m[Executor] Reproduction result: Failure[0m
[96m[ErrorManager] Ignoring line: [ERROR] Failed to execute goal org.apache.maven.plugins:maven-compiler-plugin:3.1:testCompile (default-testCompile) on project CVE-2019-20444: Compilation failure: Compilation failure:[0m
[92m[ErrorManager] Processing line: [ERROR] /PoCAdaptation/exploit/result/CVE-2019-20444/4.0.56.Final/exploit/src/test/java/edu/vision/se/Testcase1.java:[24,27] cannot find symbol[0m
[92m[ErrorManager] Processing line: [ERROR]   symbol:   method decoderResult()[0m
[92m[ErrorManager] Processing line: [ERROR]   location: variable request of type io.netty.handler.codec.http.HttpRequest[0m
[92m[ErrorManager] Processing line: [ERROR] /PoCAdaptation/exploit/result/CVE-2019-20444/4.0.56.Final/exploit/src/test/java/edu/vision/se/Testcase1.java:[25,27] cannot find symbol[0m
[92m[ErrorManager] Processing line: [ERROR]   symbol:   method decoderResult()[0m
[92m[ErrorManager] Processing line: [ERROR]   location: variable request of type io.netty.handler.codec.http.HttpRequest[0m
[96m[ErrorManager] Ignoring line: [ERROR] -> [Help 1][0m
[96m[ErrorManager] Ignoring line: [ERROR][0m
[96m[ErrorManager] Ignoring line: [ERROR] To see the full stack trace of the errors, re-run Maven with the -e switch.[0m
[96m[ErrorManager] Ignoring line: [ERROR] Re-run Maven using the -X switch to enable full debug logging.[0m
[96m[ErrorManager] Ignoring line: [ERROR][0m
[96m[ErrorManager] Ignoring line: [ERROR] For more information about the errors and possible solutions, please read the following articles:[0m
[96m[ErrorManager] Ignoring line: [ERROR] [Help 1] http://cwiki.apache.org/confluence/display/MAVEN/MojoFailureException[0m
[96m[Adapter] Locating fix position in error log.[0m
[LLMClient] Tokens used: 1561 (prompt), 1 (completion), 1562 (total)
[LLMClient] Prompt: 
You are given a Java error log when executing 'mvn test' in a project with dependency version 4.0.56.Final:io.netty:netty-codec-http.
This test file compiles and runs successfully with version 4.1.0.Beta1.

Your task is to:
1. Analyze why this issue occurs with the *4.1.0.Beta1* but not with the *4.0.56.Final version*.
2. Consider how to resolve the issue **without updating this library**.
3. Determine and output the location in the project that should be modified to fix the problem.

Please return 'pom' if the fix is in the pom.xml file, or 'test' if the fix is in the test code.
Do not return any other text, just 'pom' or 'test'.

The error log is:
[INFO] Scanning for projects...
[INFO] 
[INFO] --------------------< edu.vision.se:CVE-2019-20444 >--------------------
[INFO] Building netty-codec-http CVE-2019-20444 1.0-SNAPSHOT
[INFO]   from pom.xml
[INFO] --------------------------------[ jar ]---------------------------------
[INFO] 
[INFO] --- maven-clean-plugin:2.5:clean (default-clean) @ CVE-2019-20444 ---
[INFO] Deleting /PoCAdaptation/exploit/result/CVE-2019-20444/4.0.56.Final/exploit/target
[INFO] 
[INFO] --- maven-resources-plugin:2.6:resources (default-resources) @ CVE-2019-20444 ---
[INFO] Using 'UTF-8' encoding to copy filtered resources.
[INFO] skip non existing resourceDirectory /PoCAdaptation/exploit/result/CVE-2019-20444/4.0.56.Final/exploit/src/main/resources
[INFO] 
[INFO] --- maven-compiler-plugin:3.1:compile (default-compile) @ CVE-2019-20444 ---
[INFO] No sources to compile
[INFO] 
[INFO] --- maven-resources-plugin:2.6:testResources (default-testResources) @ CVE-2019-20444 ---
[INFO] Using 'UTF-8' encoding to copy filtered resources.
[INFO] skip non existing resourceDirectory /PoCAdaptation/exploit/result/CVE-2019-20444/4.0.56.Final/exploit/src/test/resources
[INFO] 
[INFO] --- maven-compiler-plugin:3.1:testCompile (default-testCompile) @ CVE-2019-20444 ---
[INFO] Changes detected - recompiling the module!
[INFO] Compiling 1 source file to /PoCAdaptation/exploit/result/CVE-2019-20444/4.0.56.Final/exploit/target/test-classes
[INFO] -------------------------------------------------------------
[ERROR] COMPILATION ERROR : 
[INFO] -------------------------------------------------------------
[ERROR] /PoCAdaptation/exploit/result/CVE-2019-20444/4.0.56.Final/exploit/src/test/java/edu/vision/se/Testcase1.java:[24,27] cannot find symbol
  symbol:   method decoderResult()
  location: variable request of type io.netty.handler.codec.http.HttpRequest
[ERROR] /PoCAdaptation/exploit/result/CVE-2019-20444/4.0.56.Final/exploit/src/test/java/edu/vision/se/Testcase1.java:[25,27] cannot find symbol
  symbol:   method decoderResult()
  location: variable request of type io.netty.handler.codec.http.HttpRequest
[INFO] 2 errors 
[INFO] -------------------------------------------------------------
[INFO] ------------------------------------------------------------------------
[INFO] BUILD FAILURE
[INFO] ------------------------------------------------------------------------
[INFO] Total time:  0.868 s
[INFO] Finished at: 2025-07-13T13:12:02Z
[INFO] ------------------------------------------------------------------------
[ERROR] Failed to execute goal org.apache.maven.plugins:maven-compiler-plugin:3.1:testCompile (default-testCompile) on project CVE-2019-20444: Compilation failure: Compilation failure: 
[ERROR] /PoCAdaptation/exploit/result/CVE-2019-20444/4.0.56.Final/exploit/src/test/java/edu/vision/se/Testcase1.java:[24,27] cannot find symbol
[ERROR]   symbol:   method decoderResult()
[ERROR]   location: variable request of type io.netty.handler.codec.http.HttpRequest
[ERROR] /PoCAdaptation/exploit/result/CVE-2019-20444/4.0.56.Final/exploit/src/test/java/edu/vision/se/Testcase1.java:[25,27] cannot find symbol
[ERROR]   symbol:   method decoderResult()
[ERROR]   location: variable request of type io.netty.handler.codec.http.HttpRequest
[ERROR] -> [Help 1]
[ERROR] 
[ERROR] To see the full stack trace of the errors, re-run Maven with the -e switch.
[ERROR] Re-run Maven using the -X switch to enable full debug logging.
[ERROR] 
[ERROR] For more information about the errors and possible solutions, please read the following articles:
[ERROR] [Help 1] http://cwiki.apache.org/confluence/display/MAVEN/MojoFailureException


current_pom file is:<?xml version='1.0' encoding='utf-8'?>
<project xmlns="http://maven.apache.org/POM/4.0.0" xmlns:xsi="http://www.w3.org/2001/XMLSchema-instance" xsi:schemaLocation="http://maven.apache.org/POM/4.0.0 https://maven.apache.org/xsd/maven-4.0.0.xsd">
  <groupId>edu.vision.se</groupId><version>1.0-SNAPSHOT</version><modelVersion>4.0.0</modelVersion>
  <artifactId>CVE-2019-20444</artifactId>
  <name>netty-codec-http CVE-2019-20444</name>
  <properties>
    <maven.compiler.target>11</maven.compiler.target>
    <maven.compiler.source>11</maven.compiler.source>
    <project.build.sourceEncoding>UTF-8</project.build.sourceEncoding>
  </properties>
  <dependencies>
    <dependency>
      <groupId>io.netty</groupId>
      <artifactId>netty-codec-http</artifactId>
      <version>4.0.56.Final</version>
    </dependency>
  <dependency><groupId>junit</groupId><artifactId>junit</artifactId><version>4.13.2</version></dependency>
  
  </dependencies>
</project>
[LLMClient] Response: 
test
[96m[Adapter] LLM response for fix position: test[0m
[LLMClient] Tokens used: 149 (prompt), 10 (completion), 159 (total)
[LLMClient] Prompt: 
You are given an error log when executing 'mvn test' in version 4.0.56.Final: 

Error: cannot find symbol, method decoderResult(), variable request of type io.netty.handler.codec.http.HttpRequest 

The test executes as expected in 4.1.0.Beta1 

Error code:         assertTrue(request.decoderResult().isFailure()); 

Extract two key *entities* from the error for searching related diffs 

The extracted entities should reflect code-level identifiers that are likely to appear in source code or diffs. 

Output each node as a `;`-separated list, with no explanations. 


[LLMClient] Response: 
request.decoderResult;HttpRequest.decoderResult
[96m[ErrorManager] Extracted key entities: ['request.decoderResult', 'HttpRequest.decoderResult'][0m
[96m[Adapter] Try to solve error: {'file': '/PoCAdaptation/exploit/result/CVE-2019-20444/4.0.56.Final/exploit/src/test/java/edu/vision/se/Testcase1.java', 'line': 24, 'column': 27, 'message': 'cannot find symbol', 'symbol': 'method decoderResult()', 'location': 'variable request of type io.netty.handler.codec.http.HttpRequest', 'code_line': '        assertTrue(request.decoderResult().isFailure());'} with cause: ['request.decoderResult', 'HttpRequest.decoderResult'][0m
[96m[Adapter] Related diffs for error: [(1333, 4.0), (0, 0.0), (2, 0.0), (3, 0.0), (4, 0.0)][0m
[96m[Adapter] Fix position is in test code.[0m
[96m[RepairModule] Start repair for group: cannot find symbol | method decoderResult() cause: ['request.decoderResult', 'HttpRequest.decoderResult'][0m
[96m[RepairModule] Trying best diff #1333 with score 4.00[0m
[96m[RepairModule] Iteration 0, temperature 1.000: Trying diff #1333 with score 4.00[0m
[LLMClient] Tokens used: 789 (prompt), 273 (completion), 1062 (total)
[LLMClient] Prompt: 
You are given a Java test file with compilation errors in version 4.0.56.Final:io.netty:netty-codec-http.
This test file compiles and runs successfully in 4.1.0.Beta1.

The diff is related to the diff.
Your task has three steps:
 1. Locate the code where the compilation error occurs.
 2. Analyze the diff from 4.1.0.Beta1 to 4.0.56.Final.
 3. Fix the error in the error position only when diff is helpful. Add import statement when needed according to the diff. 

Only output the modified version of the test file according to the diff. No explanations. If mocking, access fields via reflection if they exist.
### Compilation Errors:
message: cannot find symbol, symble: method decoderResult(), location: variable request of type io.netty.handler.codec.http.HttpRequest

### Error Position:
        assertTrue(request.decoderResult().isFailure());

### Related Diff:
Operation: MODIFIED, File: example/src/main/java/io/netty/example/http/file/HttpStaticFileServerHandler.java, Hunk: @@ -107,26 +109,19 @@ public class HttpStaticFileServerHandler extends SimpleChannelInboundHandler<Ful
     public static final String HTTP_DATE_GMT_TIMEZONE = "GMT";
     public static final int HTTP_CACHE_SECONDS = 60;

+    private final boolean useSendFile;
+
+    public HttpStaticFileServerHandler(boolean useSendFile) {
+        this.useSendFile = useSendFile;
+    }
+
     @Override
+    public void channelRead0(
+            ChannelHandlerContext ctx, FullHttpRequest request) throws Exception {
+        if (!request.getDecoderResult().isSuccess()) {
-    public void channelRead0(ChannelHandlerContext ctx, FullHttpRequest request) throws Exception {
-        if (!request.decoderResult().isSuccess()) {
             sendError(ctx, BAD_REQUEST);
             return;
         }

+        if (request.getMethod() != GET) {
-        if (request.method() != GET) {
             sendError(ctx, METHOD_NOT_ALLOWED);
             return;
         }

+        final String uri = request.getUri();
-        final String uri = request.uri();
         final String path = sanitizeUri(uri);
         if (path == null) {
             sendError(ctx, FORBIDDEN);

### Test File Content:
package edu.vision.se;

import io.netty.buffer.Unpooled;
import io.netty.channel.embedded.EmbeddedChannel;
import io.netty.handler.codec.http.HttpRequest;
import io.netty.handler.codec.http.HttpRequestDecoder;
import io.netty.util.CharsetUtil;
import org.junit.Test;

import static org.junit.Assert.assertFalse;
import static org.junit.Assert.assertTrue;

public class Testcase1 {

    @Test(timeout = 60000)
    public void testHeaderWithNoValueAndMissingColon() {
        EmbeddedChannel channel = new EmbeddedChannel(new HttpRequestDecoder());
        String requestStr = "GET /some/path HTTP/1.1\r\n" +
                "Content-Length: 0\r\n" +
                "Host:\r\n" +
                "netty.io\r\n\r\n";
        assertTrue(channel.writeInbound(Unpooled.copiedBuffer(requestStr, CharsetUtil.US_ASCII)));
        HttpRequest request = (HttpRequest) channel.readInbound();
        assertTrue(request.decoderResult().isFailure());
        assertTrue(request.decoderResult().cause() instanceof IllegalArgumentException);
        assertFalse(channel.finish());
    }
}



[LLMClient] Response: 
Here's the modified version of the test file according to the diff:

```java
package edu.vision.se;

import io.netty.buffer.Unpooled;
import io.netty.channel.embedded.EmbeddedChannel;
import io.netty.handler.codec.http.HttpRequest;
import io.netty.handler.codec.http.HttpRequestDecoder;
import io.netty.util.CharsetUtil;
import org.junit.Test;

import static org.junit.Assert.assertFalse;
import static org.junit.Assert.assertTrue;

public class Testcase1 {

    @Test(timeout = 60000)
    public void testHeaderWithNoValueAndMissingColon() {
        EmbeddedChannel channel = new EmbeddedChannel(new HttpRequestDecoder());
        String requestStr = "GET /some/path HTTP/1.1\r\n" +
                "Content-Length: 0\r\n" +
                "Host:\r\n" +
                "netty.io\r\n\r\n";
        assertTrue(channel.writeInbound(Unpooled.copiedBuffer(requestStr, CharsetUtil.US_ASCII)));
        HttpRequest request = (HttpRequest) channel.readInbound();
        assertTrue(request.getDecoderResult().isFailure());
        assertTrue(request.getDecoderResult().cause() instanceof IllegalArgumentException);
        assertFalse(channel.finish());
    }
}
```
[96m[RepairModule] Wrote modified code to /PoCAdaptation/exploit/result/CVE-2019-20444/4.0.56.Final/exploit/src/test/java/edu/vision/se/Testcase1.java[0m
[96m[Executor] Executing exploit for CVE-2019-20444 on version 4.0.56.Final...[0m
[96m[Verifier] Verifying reproduction...[0m
[92m[Verifier] âœ“ Behavior matched: 'java.lang.AssertionError'[0m
[92m[Verifier] âœ“ Detail matched: 'org.junit.Assert.fail'[0m
[92m[Verifier] âœ“ All reproduction indicators matched.[0m
[92m[Executor] Reproduction result: Success[0m
[92m[RepairModule] Repair success![0m
[92m[RepairModule] Repair success with diff #1333 at iteration 0![0m
[96m[Adapter] Test code repair attempted.[0m
[96m[Executor] Executing exploit for CVE-2019-20444 on version 4.0.56.Final...[0m
[96m[Verifier] Verifying reproduction...[0m
[92m[Verifier] âœ“ Behavior matched: 'java.lang.AssertionError'[0m
[92m[Verifier] âœ“ Detail matched: 'org.junit.Assert.fail'[0m
[92m[Verifier] âœ“ All reproduction indicators matched.[0m
[92m[Executor] Reproduction result: Success[0m
[92m[Adapter] Adaptation from 4.1.0.Beta1 to 4.0.56.Final successful.[0m
[Adapt] âœ“ Completed: True
[96m[Adapter] Adaptation complete. Retesting exploit on 4.0.56.Final...[0m
[92m[Executor] Adaptation + reproduction successful on 4.0.56.Final[0m
[96m[Adapter] Copied successful adaptation to /PoCAdaptation/exploit/valid/CVE-2019-20444/4.0.56.Final[0m
[1m[Main] === Starting adaptation process for CVE-2019-20444 ===[0m
[96m[Processor] Fetching all available Maven versions...[0m
[96m[Analyzer] Loading cached versions from: /PoCAdaptation/library/io_netty_netty-codec-http.txt[0m
[96m[Analyzer] io.netty:netty-codec-http has 231 versions (cached).[0m
[96m[Processor] Identifying versions with successful reproduction...[0m
[96m[Processor] Pending versions: ['4.0.0.Beta1', '4.0.0.Beta2', '4.0.0.Beta3', '4.0.0.CR1', '4.0.0.CR2', '4.0.0.CR3', '4.0.0.CR4', '4.0.0.CR5', '4.0.0.CR6', '4.0.0.CR7', '4.0.0.CR8', '4.0.0.CR9', '4.0.0.Final', '4.0.1.Final', '4.0.2.Final', '4.0.3.Final', '4.0.4.Final', '4.0.5.Final', '4.0.6.Final', '4.0.7.Final', '4.0.8.Final', '4.0.9.Final', '4.0.10.Final', '4.0.11.Final', '4.0.12.Final', '4.0.13.Final', '4.0.14.Beta1', '4.0.14.Final', '4.0.15.Final', '4.0.16.Final', '4.0.17.Final', '4.0.18.Final', '4.0.19.Final', '4.0.20.Final', '4.0.21.Final', '4.0.22.Final', '4.0.23.Final', '4.0.24.Final', '4.0.25.Final', '4.0.26.Final', '4.0.27.Final', '4.0.28.Final', '4.0.29.Final', '4.0.30.Final', '4.0.31.Final', '4.0.32.Final', '4.0.33.Final', '4.0.34.Final', '4.0.35.Final', '4.0.36.Final', '4.0.37.Final', '4.0.38.Final', '4.0.39.Final', '4.0.40.Final', '4.0.41.Final', '4.0.42.Final', '4.0.43.Final', '4.0.44.Final', '4.0.45.Final', '4.0.46.Final', '4.0.47.Final', '4.0.48.Final', '4.0.49.Final', '4.0.50.Final', '4.0.51.Final', '4.0.52.Final', '4.0.53.Final', '4.0.54.Final', '4.0.55.Final', '4.0.56.Final', '5.0.0.Alpha1'][0m
[96m[Preparer] Pending directory already exists: /PoCAdaptation/exploit/pending/CVE-2019-20444[0m
[92m[Main] Total affected versions: 131[0m
[92m[Main] Already reproduced versions: 125[0m
[93m[Main] Versions pending adaptation: 6[0m
[96m[Main]     -> ['4.0.0.Beta1', '4.0.0.Beta2', '4.0.0.Beta3', '4.0.0.CR1', '4.0.0.CR2', '4.0.0.CR3'][0m
[96m[Main]     -> ['4.0.0.CR4', '4.0.0.CR5', '4.0.0.CR6', '4.0.0.CR7', '4.0.0.CR8', '4.0.0.CR9', '4.0.0.Final', '4.0.1.Final', '4.0.2.Final', '4.0.3.Final', '4.0.4.Final', '4.0.5.Final', '4.0.6.Final', '4.0.7.Final', '4.0.8.Final', '4.0.9.Final', '4.0.10.Final', '4.0.11.Final', '4.0.12.Final', '4.0.13.Final', '4.0.14.Beta1', '4.0.14.Final', '4.0.15.Final', '4.0.16.Final', '4.0.17.Final', '4.0.18.Final', '4.0.19.Final', '4.0.20.Final', '4.0.21.Final', '4.0.22.Final', '4.0.23.Final', '4.0.24.Final', '4.0.25.Final', '4.0.26.Final', '4.0.27.Final', '4.0.28.Final', '4.0.29.Final', '4.0.30.Final', '4.0.31.Final', '4.0.32.Final', '4.0.33.Final', '4.0.34.Final', '4.0.35.Final', '4.0.36.Final', '4.0.37.Final', '4.0.38.Final', '4.0.39.Final', '4.0.40.Final', '4.0.41.Final', '4.0.42.Final', '4.0.43.Final', '4.0.44.Final', '4.0.45.Final', '4.0.46.Final', '4.0.47.Final', '4.0.48.Final', '4.0.49.Final', '4.0.50.Final', '4.0.51.Final', '4.0.52.Final', '4.0.53.Final', '4.0.54.Final', '4.0.55.Final', '4.0.56.Final', '4.1.0.Beta1', '4.1.0.Beta2', '4.1.0.Beta3', '4.1.0.Beta4', '4.1.0.Beta5', '4.1.0.Beta6', '4.1.0.Beta7', '4.1.0.Beta8', '4.1.0.CR1', '4.1.0.CR2', '4.1.0.CR3', '4.1.0.CR4', '4.1.0.CR5', '4.1.0.CR6', '4.1.0.CR7', '4.1.0.Final', '4.1.1.Final', '4.1.2.Final', '4.1.3.Final', '4.1.4.Final', '4.1.5.Final', '4.1.6.Final', '4.1.7.Final', '4.1.8.Final', '4.1.9.Final', '4.1.10.Final', '4.1.11.Final', '4.1.12.Final', '4.1.13.Final', '4.1.14.Final', '4.1.15.Final', '4.1.16.Final', '4.1.17.Final', '4.1.18.Final', '4.1.19.Final', '4.1.20.Final', '4.1.21.Final', '4.1.22.Final', '4.1.23.Final', '4.1.24.Final', '4.1.25.Final', '4.1.26.Final', '4.1.27.Final', '4.1.28.Final', '4.1.29.Final', '4.1.30.Final', '4.1.31.Final', '4.1.32.Final', '4.1.33.Final', '4.1.34.Final', '4.1.35.Final', '4.1.36.Final', '4.1.37.Final', '4.1.38.Final', '4.1.39.Final', '4.1.40.Final', '4.1.41.Final', '4.1.42.Final', '4.1.43.Final', '5.0.0.Alpha1', '5.0.0.Alpha2'][0m
[96m[Executor] Running initial exploit mvn test in /PoCAdaptation/exploit/origin/CVE-2019-20444/exploit[0m
[91m[Executor] Initial exploit execution finished with return code 1[0m
[96m[Verifier] Verifying reproduction...[0m
[92m[Verifier] âœ“ Behavior matched: 'java.lang.AssertionError'[0m
[92m[Verifier] âœ“ Detail matched: 'org.junit.Assert.fail'[0m
[92m[Verifier] âœ“ All reproduction indicators matched.[0m
[92m[Verifier] Initial exploit behavior verified successfully.[0m
[96m[Selector] Nearest need adapatation version selected: 4.0.0.CR3[0m
[96m[Selector] Closest reproduced version: 4.0.0.CR4 at index 14[0m
[96m[Adapter] Trying next closest version: 4.0.0.CR3[0m
[96m[Preparer] Using closest existing exploit version: /PoCAdaptation/exploit/valid/CVE-2019-20444/4.0.56.Final/exploit[0m
[92m[Preparer] Copied exploit to: /PoCAdaptation/exploit/pending/CVE-2019-20444/4.0.0.CR3/exploit[0m
[96m[Preparer] Updating dependency version to 4.0.0.CR3 in /PoCAdaptation/exploit/pending/CVE-2019-20444/4.0.0.CR3/exploit/pom.xml[0m
[92m[Preparer] Updated dependency version to 4.0.0.CR3 in /PoCAdaptation/exploit/pending/CVE-2019-20444/4.0.0.CR3/exploit/pom.xml[0m
[96m[Executor] Attempting direct exploit execution on 4.0.0.CR3...[0m
[96m[Executor] Executing exploit for CVE-2019-20444 on version 4.0.0.CR3...[0m
[96m[Verifier] Verifying reproduction...[0m
[91m[Verifier] âœ— Behavior not found: 'java.lang.AssertionError'[0m
[91m[Executor] Reproduction result: Failure[0m
[96m[Adapter] Attempting adaptation from base version 4.0.0.CR4 to 4.0.0.CR3...[0m
[96m[Adapter] Start adapting exploit from 4.0.0.CR4 to 4.0.0.CR3"[0m
[96m[Executor] Executing exploit for CVE-2019-20444 on version 4.0.0.CR3...[0m
[96m[Verifier] Verifying reproduction...[0m
[91m[Verifier] âœ— Behavior not found: 'java.lang.AssertionError'[0m
[91m[Executor] Reproduction result: Failure[0m
[96m[ErrorManager] Ignoring line: [ERROR] Failed to execute goal org.apache.maven.plugins:maven-compiler-plugin:3.1:testCompile (default-testCompile) on project CVE-2019-20444: Compilation failure: Compilation failure:[0m
[92m[ErrorManager] Processing line: [ERROR] /PoCAdaptation/exploit/result/CVE-2019-20444/4.0.0.CR3/exploit/src/test/java/edu/vision/se/Testcase1.java:[4,33] cannot find symbol[0m
[92m[ErrorManager] Processing line: [ERROR]   symbol:   class EmbeddedChannel[0m
[92m[ErrorManager] Processing line: [ERROR]   location: package io.netty.channel.embedded[0m
[92m[ErrorManager] Processing line: [ERROR] /PoCAdaptation/exploit/result/CVE-2019-20444/4.0.0.CR3/exploit/src/test/java/edu/vision/se/Testcase1.java:[17,9] cannot find symbol[0m
[92m[ErrorManager] Processing line: [ERROR]   symbol:   class EmbeddedChannel[0m
[92m[ErrorManager] Processing line: [ERROR]   location: class edu.vision.se.Testcase1[0m
[92m[ErrorManager] Processing line: [ERROR] /PoCAdaptation/exploit/result/CVE-2019-20444/4.0.0.CR3/exploit/src/test/java/edu/vision/se/Testcase1.java:[17,39] cannot find symbol[0m
[92m[ErrorManager] Processing line: [ERROR]   symbol:   class EmbeddedChannel[0m
[92m[ErrorManager] Processing line: [ERROR]   location: class edu.vision.se.Testcase1[0m
[96m[ErrorManager] Ignoring line: [ERROR] -> [Help 1][0m
[96m[ErrorManager] Ignoring line: [ERROR][0m
[96m[ErrorManager] Ignoring line: [ERROR] To see the full stack trace of the errors, re-run Maven with the -e switch.[0m
[96m[ErrorManager] Ignoring line: [ERROR] Re-run Maven using the -X switch to enable full debug logging.[0m
[96m[ErrorManager] Ignoring line: [ERROR][0m
[96m[ErrorManager] Ignoring line: [ERROR] For more information about the errors and possible solutions, please read the following articles:[0m
[96m[ErrorManager] Ignoring line: [ERROR] [Help 1] http://cwiki.apache.org/confluence/display/MAVEN/MojoFailureException[0m
[96m[Adapter] Locating fix position in error log.[0m
[LLMClient] Tokens used: 1704 (prompt), 1 (completion), 1705 (total)
[LLMClient] Prompt: 
You are given a Java error log when executing 'mvn test' in a project with dependency version 4.0.0.CR3:io.netty:netty-codec-http.
This test file compiles and runs successfully with version 4.0.0.CR4.

Your task is to:
1. Analyze why this issue occurs with the *4.0.0.CR4* but not with the *4.0.0.CR3 version*.
2. Consider how to resolve the issue **without updating this library**.
3. Determine and output the location in the project that should be modified to fix the problem.

Please return 'pom' if the fix is in the pom.xml file, or 'test' if the fix is in the test code.
Do not return any other text, just 'pom' or 'test'.

The error log is:
[INFO] Scanning for projects...
[INFO] 
[INFO] --------------------< edu.vision.se:CVE-2019-20444 >--------------------
[INFO] Building netty-codec-http CVE-2019-20444 1.0-SNAPSHOT
[INFO]   from pom.xml
[INFO] --------------------------------[ jar ]---------------------------------
[INFO] 
[INFO] --- maven-clean-plugin:2.5:clean (default-clean) @ CVE-2019-20444 ---
[INFO] Deleting /PoCAdaptation/exploit/result/CVE-2019-20444/4.0.0.CR3/exploit/target
[INFO] 
[INFO] --- maven-resources-plugin:2.6:resources (default-resources) @ CVE-2019-20444 ---
[INFO] Using 'UTF-8' encoding to copy filtered resources.
[INFO] skip non existing resourceDirectory /PoCAdaptation/exploit/result/CVE-2019-20444/4.0.0.CR3/exploit/src/main/resources
[INFO] 
[INFO] --- maven-compiler-plugin:3.1:compile (default-compile) @ CVE-2019-20444 ---
[INFO] No sources to compile
[INFO] 
[INFO] --- maven-resources-plugin:2.6:testResources (default-testResources) @ CVE-2019-20444 ---
[INFO] Using 'UTF-8' encoding to copy filtered resources.
[INFO] skip non existing resourceDirectory /PoCAdaptation/exploit/result/CVE-2019-20444/4.0.0.CR3/exploit/src/test/resources
[INFO] 
[INFO] --- maven-compiler-plugin:3.1:testCompile (default-testCompile) @ CVE-2019-20444 ---
[INFO] Changes detected - recompiling the module!
[INFO] Compiling 1 source file to /PoCAdaptation/exploit/result/CVE-2019-20444/4.0.0.CR3/exploit/target/test-classes
[INFO] -------------------------------------------------------------
[ERROR] COMPILATION ERROR : 
[INFO] -------------------------------------------------------------
[ERROR] /PoCAdaptation/exploit/result/CVE-2019-20444/4.0.0.CR3/exploit/src/test/java/edu/vision/se/Testcase1.java:[4,33] cannot find symbol
  symbol:   class EmbeddedChannel
  location: package io.netty.channel.embedded
[ERROR] /PoCAdaptation/exploit/result/CVE-2019-20444/4.0.0.CR3/exploit/src/test/java/edu/vision/se/Testcase1.java:[17,9] cannot find symbol
  symbol:   class EmbeddedChannel
  location: class edu.vision.se.Testcase1
[ERROR] /PoCAdaptation/exploit/result/CVE-2019-20444/4.0.0.CR3/exploit/src/test/java/edu/vision/se/Testcase1.java:[17,39] cannot find symbol
  symbol:   class EmbeddedChannel
  location: class edu.vision.se.Testcase1
[INFO] 3 errors 
[INFO] -------------------------------------------------------------
[INFO] ------------------------------------------------------------------------
[INFO] BUILD FAILURE
[INFO] ------------------------------------------------------------------------
[INFO] Total time:  0.971 s
[INFO] Finished at: 2025-07-13T13:12:38Z
[INFO] ------------------------------------------------------------------------
[ERROR] Failed to execute goal org.apache.maven.plugins:maven-compiler-plugin:3.1:testCompile (default-testCompile) on project CVE-2019-20444: Compilation failure: Compilation failure: 
[ERROR] /PoCAdaptation/exploit/result/CVE-2019-20444/4.0.0.CR3/exploit/src/test/java/edu/vision/se/Testcase1.java:[4,33] cannot find symbol
[ERROR]   symbol:   class EmbeddedChannel
[ERROR]   location: package io.netty.channel.embedded
[ERROR] /PoCAdaptation/exploit/result/CVE-2019-20444/4.0.0.CR3/exploit/src/test/java/edu/vision/se/Testcase1.java:[17,9] cannot find symbol
[ERROR]   symbol:   class EmbeddedChannel
[ERROR]   location: class edu.vision.se.Testcase1
[ERROR] /PoCAdaptation/exploit/result/CVE-2019-20444/4.0.0.CR3/exploit/src/test/java/edu/vision/se/Testcase1.java:[17,39] cannot find symbol
[ERROR]   symbol:   class EmbeddedChannel
[ERROR]   location: class edu.vision.se.Testcase1
[ERROR] -> [Help 1]
[ERROR] 
[ERROR] To see the full stack trace of the errors, re-run Maven with the -e switch.
[ERROR] Re-run Maven using the -X switch to enable full debug logging.
[ERROR] 
[ERROR] For more information about the errors and possible solutions, please read the following articles:
[ERROR] [Help 1] http://cwiki.apache.org/confluence/display/MAVEN/MojoFailureException


current_pom file is:<?xml version='1.0' encoding='utf-8'?>
<project xmlns="http://maven.apache.org/POM/4.0.0" xmlns:xsi="http://www.w3.org/2001/XMLSchema-instance" xsi:schemaLocation="http://maven.apache.org/POM/4.0.0 https://maven.apache.org/xsd/maven-4.0.0.xsd">
  <groupId>edu.vision.se</groupId><version>1.0-SNAPSHOT</version><modelVersion>4.0.0</modelVersion>
  <artifactId>CVE-2019-20444</artifactId>
  <name>netty-codec-http CVE-2019-20444</name>
  <properties>
    <maven.compiler.target>11</maven.compiler.target>
    <maven.compiler.source>11</maven.compiler.source>
    <project.build.sourceEncoding>UTF-8</project.build.sourceEncoding>
  </properties>
  <dependencies>
    <dependency>
      <groupId>io.netty</groupId>
      <artifactId>netty-codec-http</artifactId>
      <version>4.0.0.CR3</version>
    </dependency>
  <dependency><groupId>junit</groupId><artifactId>junit</artifactId><version>4.13.2</version></dependency>
  
  </dependencies>
</project>
[LLMClient] Response: 
test
[96m[Adapter] LLM response for fix position: test[0m
[LLMClient] Tokens used: 146 (prompt), 11 (completion), 157 (total)
[LLMClient] Prompt: 
You are given an error log when executing 'mvn test' in version 4.0.0.CR3: 

Error: cannot find symbol, class EmbeddedChannel, package io.netty.channel.embedded 

The test executes as expected in 4.0.0.CR4 

Error code: import io.netty.channel.embedded.EmbeddedChannel; 

Extract two key *entities* from the error for searching related diffs 

The extracted entities should reflect code-level identifiers that are likely to appear in source code or diffs. 

Output each node as a `;`-separated list, with no explanations. 


[LLMClient] Response: 
EmbeddedChannel;io.netty.channel.embedded
[96m[ErrorManager] Extracted key entities: ['EmbeddedChannel', 'io.netty.channel.embedded'][0m
[96m[Adapter] Try to solve error: {'file': '/PoCAdaptation/exploit/result/CVE-2019-20444/4.0.0.CR3/exploit/src/test/java/edu/vision/se/Testcase1.java', 'line': 4, 'column': 33, 'message': 'cannot find symbol', 'symbol': 'class EmbeddedChannel', 'location': 'package io.netty.channel.embedded', 'code_line': 'import io.netty.channel.embedded.EmbeddedChannel;'} with cause: ['EmbeddedChannel', 'io.netty.channel.embedded'][0m
[96m[Adapter] Related diffs for error: [(1342, 18.0), (136, 8.0), (138, 8.0), (144, 8.0), (146, 8.0)][0m
[96m[Adapter] Fix position is in test code.[0m
[96m[RepairModule] Start repair for group: cannot find symbol | class EmbeddedChannel cause: ['EmbeddedChannel', 'io.netty.channel.embedded'][0m
[96m[RepairModule] Trying best diff #1342 with score 18.00[0m
[96m[RepairModule] Iteration 0, temperature 1.000: Trying diff #1342 with score 18.00[0m
[LLMClient] Tokens used: 1475 (prompt), 291 (completion), 1766 (total)
[LLMClient] Prompt: 
You are given a Java test file with compilation errors in version 4.0.0.CR3:io.netty:netty-codec-http.
This test file compiles and runs successfully in 4.0.0.CR4.

The diff is related to the diff.
Your task has three steps:
 1. Locate the code where the compilation error occurs.
 2. Analyze the diff from 4.0.0.CR4 to 4.0.0.CR3.
 3. Fix the error in the error position only when diff is helpful. Add import statement when needed according to the diff. 

Only output the modified version of the test file according to the diff. No explanations. If mocking, access fields via reflection if they exist.
### Compilation Errors:
message: cannot find symbol, symble: class EmbeddedChannel, location: package io.netty.channel.embedded

### Error Position:
import io.netty.channel.embedded.EmbeddedChannel;

### Related Diff:
Operation: MODIFIED, File: transport/src/main/java/io/netty/channel/embedded/EmbeddedChannel.java, Hunk: @@ -15,92 +15,81 @@
  */
 package io.netty.channel.embedded;

+import io.netty.buffer.Buf;
+import io.netty.buffer.ByteBuf;
+import io.netty.buffer.MessageBuf;
+import io.netty.buffer.Unpooled;
 import io.netty.channel.AbstractChannel;
 import io.netty.channel.Channel;
 import io.netty.channel.ChannelConfig;
 import io.netty.channel.ChannelFuture;
 import io.netty.channel.ChannelHandler;
 import io.netty.channel.ChannelHandlerContext;
+import io.netty.channel.ChannelInboundByteHandler;
+import io.netty.channel.ChannelInboundMessageHandler;
-import io.netty.channel.ChannelInboundHandlerAdapter;
-import io.netty.channel.ChannelMetadata;
 import io.netty.channel.ChannelPipeline;
 import io.netty.channel.ChannelPromise;
+import io.netty.channel.ChannelStateHandlerAdapter;
 import io.netty.channel.DefaultChannelConfig;
 import io.netty.channel.EventLoop;
-import io.netty.channel.MessageList;
 import io.netty.util.internal.PlatformDependent;
 import io.netty.util.internal.logging.InternalLogger;
 import io.netty.util.internal.logging.InternalLoggerFactory;

 import java.net.SocketAddress;
 import java.nio.channels.ClosedChannelException;
-import java.util.ArrayDeque;
-import java.util.Queue;

 /**
  * Base class for {@link Channel} implementations that are used in an embedded fashion.
+ *
+ * @param <O>  the type of data that can be written to this {@link Channel}
  */
+public abstract class AbstractEmbeddedChannel<O> extends AbstractChannel {
-public class EmbeddedChannel extends AbstractChannel {
-
-    private static final InternalLogger logger = InternalLoggerFactory.getInstance(EmbeddedChannel.class);

+    private static final InternalLogger logger = InternalLoggerFactory.getInstance(AbstractEmbeddedChannel.class);
-    private static final ChannelMetadata METADATA = new ChannelMetadata(false);

     private final EmbeddedEventLoop loop = new EmbeddedEventLoop();
     private final ChannelConfig config = new DefaultChannelConfig(this);
     private final SocketAddress localAddress = new EmbeddedSocketAddress();
     private final SocketAddress remoteAddress = new EmbeddedSocketAddress();
+    private final MessageBuf<Object> lastInboundMessageBuffer = Unpooled.messageBuffer().retain(2);
+    private final ByteBuf lastInboundByteBuffer = Unpooled.buffer().retain(2);
+    protected final Object lastOutboundBuffer;
-    private final Queue<Object> lastInboundBuffer = new ArrayDeque<Object>();
-    private final Queue<Object> lastOutboundBuffer = new ArrayDeque<Object>();
     private Throwable lastException;
     private int state; // 0 = OPEN, 1 = ACTIVE, 2 = CLOSED

     /**
      * Create a new instance
      *
+     * @param lastOutboundBuffer    the last outbound buffer which will hold all the written data
+     * @param handlers              the @link ChannelHandler}s which will be add in the {@link ChannelPipeline}
-     * @param handlers the @link ChannelHandler}s which will be add in the {@link ChannelPipeline}
      */
+    AbstractEmbeddedChannel(Object lastOutboundBuffer, ChannelHandler... handlers) {
-    public EmbeddedChannel(ChannelHandler... handlers) {
         super(null, null);

         if (handlers == null) {
             throw new NullPointerException("handlers");
         }

+        this.lastOutboundBuffer = lastOutboundBuffer;
+
         int nHandlers = 0;
+        boolean hasBuffer = false;
         ChannelPipeline p = pipeline();
         for (ChannelHandler h: handlers) {
             if (h == null) {
                 break;
             }
             nHandlers ++;
+            ChannelHandlerContext ctx = p.addLast(h).context(h);
+
+            if (ctx.hasInboundByteBuffer() || ctx.hasOutboundByteBuffer()
+                    || ctx.hasInboundMessageBuffer() || ctx.hasOutboundMessageBuffer()) {
+                hasBuffer = true;
+            }
-            p.addLast(h);
         }

         if (nHandlers == 0) {
             throw new IllegalArgumentException("handlers is empty.");
         }

+        if (!hasBuffer) {
+            throw new IllegalArgumentException("handlers does not provide any buffers.");
+        }
+
+        p.addLast(new LastInboundMessageHandler(), new LastInboundByteHandler());

### Test File Content:
package edu.vision.se;

import io.netty.buffer.Unpooled;
import io.netty.channel.embedded.EmbeddedChannel;
import io.netty.handler.codec.http.HttpRequest;
import io.netty.handler.codec.http.HttpRequestDecoder;
import io.netty.util.CharsetUtil;
import org.junit.Test;

import static org.junit.Assert.assertFalse;
import static org.junit.Assert.assertTrue;

public class Testcase1 {

    @Test(timeout = 60000)
    public void testHeaderWithNoValueAndMissingColon() {
        EmbeddedChannel channel = new EmbeddedChannel(new HttpRequestDecoder());
        String requestStr = "GET /some/path HTTP/1.1\r\n" +
                "Content-Length: 0\r\n" +
                "Host:\r\n" +
                "netty.io\r\n\r\n";
        assertTrue(channel.writeInbound(Unpooled.copiedBuffer(requestStr, CharsetUtil.US_ASCII)));
        HttpRequest request = (HttpRequest) channel.readInbound();
        assertTrue(request.getDecoderResult().isFailure());
        assertTrue(request.getDecoderResult().cause() instanceof IllegalArgumentException);
        assertFalse(channel.finish());
    }
}



[LLMClient] Response: 
Here's the modified test file according to the diff:

```java
package edu.vision.se;

import io.netty.buffer.Unpooled;
import io.netty.channel.embedded.AbstractEmbeddedChannel;
import io.netty.handler.codec.http.HttpRequest;
import io.netty.handler.codec.http.HttpRequestDecoder;
import io.netty.util.CharsetUtil;
import org.junit.Test;

import static org.junit.Assert.assertFalse;
import static org.junit.Assert.assertTrue;

public class Testcase1 {

    @Test(timeout = 60000)
    public void testHeaderWithNoValueAndMissingColon() {
        AbstractEmbeddedChannel<Object> channel = new AbstractEmbeddedChannel<Object>(Unpooled.messageBuffer().retain(2), new HttpRequestDecoder());
        String requestStr = "GET /some/path HTTP/1.1\r\n" +
                "Content-Length: 0\r\n" +
                "Host:\r\n" +
                "netty.io\r\n\r\n";
        assertTrue(channel.writeInbound(Unpooled.copiedBuffer(requestStr, CharsetUtil.US_ASCII)));
        HttpRequest request = (HttpRequest) channel.readInbound();
        assertTrue(request.getDecoderResult().isFailure());
        assertTrue(request.getDecoderResult().cause() instanceof IllegalArgumentException);
        assertFalse(channel.finish());
    }
}
```
[96m[RepairModule] Wrote modified code to /PoCAdaptation/exploit/result/CVE-2019-20444/4.0.0.CR3/exploit/src/test/java/edu/vision/se/Testcase1.java[0m
[96m[Executor] Executing exploit for CVE-2019-20444 on version 4.0.0.CR3...[0m
[96m[Verifier] Verifying reproduction...[0m
[91m[Verifier] âœ— Behavior not found: 'java.lang.AssertionError'[0m
[91m[Executor] Reproduction result: Failure[0m
[96m[ErrorManager] Ignoring line: [ERROR] Failed to execute goal org.apache.maven.plugins:maven-compiler-plugin:3.1:testCompile (default-testCompile) on project CVE-2019-20444: Compilation failure[0m
[92m[ErrorManager] Processing line: [ERROR] /PoCAdaptation/exploit/result/CVE-2019-20444/4.0.0.CR3/exploit/src/test/java/edu/vision/se/Testcase1.java:[17,51] io.netty.channel.embedded.AbstractEmbeddedChannel is abstract; cannot be instantiated[0m
[96m[ErrorManager] Ignoring line: [ERROR][0m
[96m[ErrorManager] Ignoring line: [ERROR] -> [Help 1][0m
[96m[ErrorManager] Ignoring line: [ERROR][0m
[96m[ErrorManager] Ignoring line: [ERROR] To see the full stack trace of the errors, re-run Maven with the -e switch.[0m
[96m[ErrorManager] Ignoring line: [ERROR] Re-run Maven using the -X switch to enable full debug logging.[0m
[96m[ErrorManager] Ignoring line: [ERROR][0m
[96m[ErrorManager] Ignoring line: [ERROR] For more information about the errors and possible solutions, please read the following articles:[0m
[96m[ErrorManager] Ignoring line: [ERROR] [Help 1] http://cwiki.apache.org/confluence/display/MAVEN/MojoFailureException[0m
[RepairModule] Old grouped keys: {'cannot find symbol | class EmbeddedChannel'}
[RepairModule] New grouped keys: {'io.netty.channel.embedded.AbstractEmbeddedChannel is abstract; cannot be instantiated |'}
[93m[RepairModule] [Analyzer] New error:
  File     : /PoCAdaptation/exploit/result/CVE-2019-20444/4.0.0.CR3/exploit/src/test/java/edu/vision/se/Testcase1.java
  Line     : 17, Column: 51
  Message  : io.netty.channel.embedded.AbstractEmbeddedChannel is abstract; cannot be instantiated
  Symbol   : None
  Location : None
  Code     : AbstractEmbeddedChannel<Object> channel = new AbstractEmbeddedChannel<Object>(Unpooled.messageBuffer().retain(2), new HttpRequestDecoder());
  Position : after the fixing line (4)[0m
[92m[RepairModule] Error cannot find symbol resolved after applying diff.[0m
[92m[RepairModule] Repair success with diff #1342 at iteration 0![0m
[96m[Adapter] Test code repair attempted.[0m
[96m[Executor] Executing exploit for CVE-2019-20444 on version 4.0.0.CR3...[0m
[96m[Verifier] Verifying reproduction...[0m
[91m[Verifier] âœ— Behavior not found: 'java.lang.AssertionError'[0m
[91m[Executor] Reproduction result: Failure[0m
[96m[ErrorManager] Ignoring line: [ERROR] Failed to execute goal org.apache.maven.plugins:maven-compiler-plugin:3.1:testCompile (default-testCompile) on project CVE-2019-20444: Compilation failure[0m
[92m[ErrorManager] Processing line: [ERROR] /PoCAdaptation/exploit/result/CVE-2019-20444/4.0.0.CR3/exploit/src/test/java/edu/vision/se/Testcase1.java:[17,51] io.netty.channel.embedded.AbstractEmbeddedChannel is abstract; cannot be instantiated[0m
[96m[ErrorManager] Ignoring line: [ERROR][0m
[96m[ErrorManager] Ignoring line: [ERROR] -> [Help 1][0m
[96m[ErrorManager] Ignoring line: [ERROR][0m
[96m[ErrorManager] Ignoring line: [ERROR] To see the full stack trace of the errors, re-run Maven with the -e switch.[0m
[96m[ErrorManager] Ignoring line: [ERROR] Re-run Maven using the -X switch to enable full debug logging.[0m
[96m[ErrorManager] Ignoring line: [ERROR][0m
[96m[ErrorManager] Ignoring line: [ERROR] For more information about the errors and possible solutions, please read the following articles:[0m
[96m[ErrorManager] Ignoring line: [ERROR] [Help 1] http://cwiki.apache.org/confluence/display/MAVEN/MojoFailureException[0m
[96m[Adapter] Locating fix position in error log.[0m
[LLMClient] Tokens used: 1375 (prompt), 1 (completion), 1376 (total)
[LLMClient] Prompt: 
You are given a Java error log when executing 'mvn test' in a project with dependency version 4.0.0.CR3:io.netty:netty-codec-http.
This test file compiles and runs successfully with version 4.0.0.CR4.

Your task is to:
1. Analyze why this issue occurs with the *4.0.0.CR4* but not with the *4.0.0.CR3 version*.
2. Consider how to resolve the issue **without updating this library**.
3. Determine and output the location in the project that should be modified to fix the problem.

Please return 'pom' if the fix is in the pom.xml file, or 'test' if the fix is in the test code.
Do not return any other text, just 'pom' or 'test'.

The error log is:
[INFO] Scanning for projects...
[INFO] 
[INFO] --------------------< edu.vision.se:CVE-2019-20444 >--------------------
[INFO] Building netty-codec-http CVE-2019-20444 1.0-SNAPSHOT
[INFO]   from pom.xml
[INFO] --------------------------------[ jar ]---------------------------------
[INFO] 
[INFO] --- maven-clean-plugin:2.5:clean (default-clean) @ CVE-2019-20444 ---
[INFO] Deleting /PoCAdaptation/exploit/result/CVE-2019-20444/4.0.0.CR3/exploit/target
[INFO] 
[INFO] --- maven-resources-plugin:2.6:resources (default-resources) @ CVE-2019-20444 ---
[INFO] Using 'UTF-8' encoding to copy filtered resources.
[INFO] skip non existing resourceDirectory /PoCAdaptation/exploit/result/CVE-2019-20444/4.0.0.CR3/exploit/src/main/resources
[INFO] 
[INFO] --- maven-compiler-plugin:3.1:compile (default-compile) @ CVE-2019-20444 ---
[INFO] No sources to compile
[INFO] 
[INFO] --- maven-resources-plugin:2.6:testResources (default-testResources) @ CVE-2019-20444 ---
[INFO] Using 'UTF-8' encoding to copy filtered resources.
[INFO] skip non existing resourceDirectory /PoCAdaptation/exploit/result/CVE-2019-20444/4.0.0.CR3/exploit/src/test/resources
[INFO] 
[INFO] --- maven-compiler-plugin:3.1:testCompile (default-testCompile) @ CVE-2019-20444 ---
[INFO] Changes detected - recompiling the module!
[INFO] Compiling 1 source file to /PoCAdaptation/exploit/result/CVE-2019-20444/4.0.0.CR3/exploit/target/test-classes
[INFO] -------------------------------------------------------------
[ERROR] COMPILATION ERROR : 
[INFO] -------------------------------------------------------------
[ERROR] /PoCAdaptation/exploit/result/CVE-2019-20444/4.0.0.CR3/exploit/src/test/java/edu/vision/se/Testcase1.java:[17,51] io.netty.channel.embedded.AbstractEmbeddedChannel is abstract; cannot be instantiated
[INFO] 1 error
[INFO] -------------------------------------------------------------
[INFO] ------------------------------------------------------------------------
[INFO] BUILD FAILURE
[INFO] ------------------------------------------------------------------------
[INFO] Total time:  1.099 s
[INFO] Finished at: 2025-07-13T13:13:05Z
[INFO] ------------------------------------------------------------------------
[ERROR] Failed to execute goal org.apache.maven.plugins:maven-compiler-plugin:3.1:testCompile (default-testCompile) on project CVE-2019-20444: Compilation failure
[ERROR] /PoCAdaptation/exploit/result/CVE-2019-20444/4.0.0.CR3/exploit/src/test/java/edu/vision/se/Testcase1.java:[17,51] io.netty.channel.embedded.AbstractEmbeddedChannel is abstract; cannot be instantiated
[ERROR] 
[ERROR] -> [Help 1]
[ERROR] 
[ERROR] To see the full stack trace of the errors, re-run Maven with the -e switch.
[ERROR] Re-run Maven using the -X switch to enable full debug logging.
[ERROR] 
[ERROR] For more information about the errors and possible solutions, please read the following articles:
[ERROR] [Help 1] http://cwiki.apache.org/confluence/display/MAVEN/MojoFailureException


current_pom file is:<?xml version='1.0' encoding='utf-8'?>
<project xmlns="http://maven.apache.org/POM/4.0.0" xmlns:xsi="http://www.w3.org/2001/XMLSchema-instance" xsi:schemaLocation="http://maven.apache.org/POM/4.0.0 https://maven.apache.org/xsd/maven-4.0.0.xsd">
  <groupId>edu.vision.se</groupId><version>1.0-SNAPSHOT</version><modelVersion>4.0.0</modelVersion>
  <artifactId>CVE-2019-20444</artifactId>
  <name>netty-codec-http CVE-2019-20444</name>
  <properties>
    <maven.compiler.target>11</maven.compiler.target>
    <maven.compiler.source>11</maven.compiler.source>
    <project.build.sourceEncoding>UTF-8</project.build.sourceEncoding>
  </properties>
  <dependencies>
    <dependency>
      <groupId>io.netty</groupId>
      <artifactId>netty-codec-http</artifactId>
      <version>4.0.0.CR3</version>
    </dependency>
  <dependency><groupId>junit</groupId><artifactId>junit</artifactId><version>4.13.2</version></dependency>
  
  </dependencies>
</project>
[LLMClient] Response: 
test
[96m[Adapter] LLM response for fix position: test[0m
[LLMClient] Tokens used: 173 (prompt), 8 (completion), 181 (total)
[LLMClient] Prompt: 
You are given an error log when executing 'mvn test' in version 4.0.0.CR3: 

Error: io.netty.channel.embedded.AbstractEmbeddedChannel is abstract; cannot be instantiated, None, None 

The test executes as expected in 4.0.0.CR4 

Error code:         AbstractEmbeddedChannel<Object> channel = new AbstractEmbeddedChannel<Object>(Unpooled.messageBuffer().retain(2), new HttpRequestDecoder()); 

Extract two key *entities* from the error for searching related diffs 

The extracted entities should reflect code-level identifiers that are likely to appear in source code or diffs. 

Output each node as a `;`-separated list, with no explanations. 


[LLMClient] Response: 
AbstractEmbeddedChannel;HttpRequestDecoder
[96m[ErrorManager] Extracted key entities: ['AbstractEmbeddedChannel', 'HttpRequestDecoder'][0m
[96m[Adapter] Try to solve error: {'file': '/PoCAdaptation/exploit/result/CVE-2019-20444/4.0.0.CR3/exploit/src/test/java/edu/vision/se/Testcase1.java', 'line': 17, 'column': 51, 'message': 'io.netty.channel.embedded.AbstractEmbeddedChannel is abstract; cannot be instantiated', 'symbol': None, 'location': None, 'code_line': '        AbstractEmbeddedChannel<Object> channel = new AbstractEmbeddedChannel<Object>(Unpooled.messageBuffer().retain(2), new HttpRequestDecoder());'} with cause: ['AbstractEmbeddedChannel', 'HttpRequestDecoder'][0m
[96m[Adapter] Related diffs for error: [(415, 4.0), (416, 4.0), (419, 4.0), (448, 4.0), (0, 0.0)][0m
[96m[Adapter] Fix position is in test code.[0m
[96m[RepairModule] Start repair for group: io.netty.channel.embedded.AbstractEmbeddedChannel is abstract; cannot be instantiated | cause: ['AbstractEmbeddedChannel', 'HttpRequestDecoder'][0m
[96m[RepairModule] Trying best diff #415 with score 4.00[0m
[96m[RepairModule] Iteration 0, temperature 1.000: Trying diff #415 with score 4.00[0m
[LLMClient] Tokens used: 690 (prompt), 262 (completion), 952 (total)
[LLMClient] Prompt: 
You are given a Java test file with compilation errors in version 4.0.0.CR3:io.netty:netty-codec-http.
This test file compiles and runs successfully in 4.0.0.CR4.

The diff is related to the diff.
Your task has three steps:
 1. Locate the code where the compilation error occurs.
 2. Analyze the diff from 4.0.0.CR4 to 4.0.0.CR3.
 3. Fix the error in the error position only when diff is helpful. Add import statement when needed according to the diff. 

Only output the modified version of the test file according to the diff. No explanations. If mocking, access fields via reflection if they exist.
### Compilation Errors:
message: io.netty.channel.embedded.AbstractEmbeddedChannel is abstract; cannot be instantiated, symble: None, location: None

### Error Position:
        AbstractEmbeddedChannel<Object> channel = new AbstractEmbeddedChannel<Object>(Unpooled.messageBuffer().retain(2), new HttpRequestDecoder());

### Related Diff:
Operation: MODIFIED, File: codec-http/src/test/java/io/netty/handler/codec/http/HttpInvalidMessageTest.java, Hunk: @@ -32,7 +32,7 @@ public class HttpInvalidMessageTest {

     @Test
     public void testRequestWithBadInitialLine() throws Exception {
+        EmbeddedByteChannel ch = new EmbeddedByteChannel(new HttpRequestDecoder());
-        EmbeddedChannel ch = new EmbeddedChannel(new HttpRequestDecoder());
         ch.writeInbound(Unpooled.copiedBuffer("GET / HTTP/1.0 with extra\r\n", CharsetUtil.UTF_8));
         HttpRequest req = (HttpRequest) ch.readInbound();
         DecoderResult dr = req.getDecoderResult();

### Test File Content:
package edu.vision.se;

import io.netty.buffer.Unpooled;
import io.netty.channel.embedded.AbstractEmbeddedChannel;
import io.netty.handler.codec.http.HttpRequest;
import io.netty.handler.codec.http.HttpRequestDecoder;
import io.netty.util.CharsetUtil;
import org.junit.Test;

import static org.junit.Assert.assertFalse;
import static org.junit.Assert.assertTrue;

public class Testcase1 {

    @Test(timeout = 60000)
    public void testHeaderWithNoValueAndMissingColon() {
        AbstractEmbeddedChannel<Object> channel = new AbstractEmbeddedChannel<Object>(Unpooled.messageBuffer().retain(2), new HttpRequestDecoder());
        String requestStr = "GET /some/path HTTP/1.1\r\n" +
                "Content-Length: 0\r\n" +
                "Host:\r\n" +
                "netty.io\r\n\r\n";
        assertTrue(channel.writeInbound(Unpooled.copiedBuffer(requestStr, CharsetUtil.US_ASCII)));
        HttpRequest request = (HttpRequest) channel.readInbound();
        assertTrue(request.getDecoderResult().isFailure());
        assertTrue(request.getDecoderResult().cause() instanceof IllegalArgumentException);
        assertFalse(channel.finish());
    }
}



[LLMClient] Response: 
```java
package edu.vision.se;

import io.netty.buffer.Unpooled;
import io.netty.channel.embedded.EmbeddedByteChannel;
import io.netty.handler.codec.http.HttpRequest;
import io.netty.handler.codec.http.HttpRequestDecoder;
import io.netty.util.CharsetUtil;
import org.junit.Test;

import static org.junit.Assert.assertFalse;
import static org.junit.Assert.assertTrue;

public class Testcase1 {

    @Test(timeout = 60000)
    public void testHeaderWithNoValueAndMissingColon() {
        EmbeddedByteChannel channel = new EmbeddedByteChannel(new HttpRequestDecoder());
        String requestStr = "GET /some/path HTTP/1.1\r\n" +
                "Content-Length: 0\r\n" +
                "Host:\r\n" +
                "netty.io\r\n\r\n";
        assertTrue(channel.writeInbound(Unpooled.copiedBuffer(requestStr, CharsetUtil.US_ASCII)));
        HttpRequest request = (HttpRequest) channel.readInbound();
        assertTrue(request.getDecoderResult().isFailure());
        assertTrue(request.getDecoderResult().cause() instanceof IllegalArgumentException);
        assertFalse(channel.finish());
    }
}
```
[96m[RepairModule] Wrote modified code to /PoCAdaptation/exploit/result/CVE-2019-20444/4.0.0.CR3/exploit/src/test/java/edu/vision/se/Testcase1.java[0m
[96m[Executor] Executing exploit for CVE-2019-20444 on version 4.0.0.CR3...[0m
[96m[Verifier] Verifying reproduction...[0m
[92m[Verifier] âœ“ Behavior matched: 'java.lang.AssertionError'[0m
[92m[Verifier] âœ“ Detail matched: 'org.junit.Assert.fail'[0m
[92m[Verifier] âœ“ All reproduction indicators matched.[0m
[92m[Executor] Reproduction result: Success[0m
[92m[RepairModule] Repair success![0m
[92m[RepairModule] Repair success with diff #415 at iteration 0![0m
[96m[Adapter] Test code repair attempted.[0m
[96m[Executor] Executing exploit for CVE-2019-20444 on version 4.0.0.CR3...[0m
[96m[Verifier] Verifying reproduction...[0m
[92m[Verifier] âœ“ Behavior matched: 'java.lang.AssertionError'[0m
[92m[Verifier] âœ“ Detail matched: 'org.junit.Assert.fail'[0m
[92m[Verifier] âœ“ All reproduction indicators matched.[0m
[92m[Executor] Reproduction result: Success[0m
[92m[Adapter] Adaptation from 4.0.0.CR4 to 4.0.0.CR3 successful.[0m
[Adapt] âœ“ Completed: True
[96m[Adapter] Adaptation complete. Retesting exploit on 4.0.0.CR3...[0m
[92m[Executor] Adaptation + reproduction successful on 4.0.0.CR3[0m
[96m[Adapter] Copied successful adaptation to /PoCAdaptation/exploit/valid/CVE-2019-20444/4.0.0.CR3[0m
[1m[Main] === Starting adaptation process for CVE-2019-20444 ===[0m
[96m[Processor] Fetching all available Maven versions...[0m
[96m[Analyzer] Loading cached versions from: /PoCAdaptation/library/io_netty_netty-codec-http.txt[0m
[96m[Analyzer] io.netty:netty-codec-http has 231 versions (cached).[0m
[96m[Processor] Identifying versions with successful reproduction...[0m
[96m[Processor] Pending versions: ['4.0.0.Beta1', '4.0.0.Beta2', '4.0.0.Beta3', '4.0.0.CR1', '4.0.0.CR2', '4.0.0.CR3', '4.0.0.CR4', '4.0.0.CR5', '4.0.0.CR6', '4.0.0.CR7', '4.0.0.CR8', '4.0.0.CR9', '4.0.0.Final', '4.0.1.Final', '4.0.2.Final', '4.0.3.Final', '4.0.4.Final', '4.0.5.Final', '4.0.6.Final', '4.0.7.Final', '4.0.8.Final', '4.0.9.Final', '4.0.10.Final', '4.0.11.Final', '4.0.12.Final', '4.0.13.Final', '4.0.14.Beta1', '4.0.14.Final', '4.0.15.Final', '4.0.16.Final', '4.0.17.Final', '4.0.18.Final', '4.0.19.Final', '4.0.20.Final', '4.0.21.Final', '4.0.22.Final', '4.0.23.Final', '4.0.24.Final', '4.0.25.Final', '4.0.26.Final', '4.0.27.Final', '4.0.28.Final', '4.0.29.Final', '4.0.30.Final', '4.0.31.Final', '4.0.32.Final', '4.0.33.Final', '4.0.34.Final', '4.0.35.Final', '4.0.36.Final', '4.0.37.Final', '4.0.38.Final', '4.0.39.Final', '4.0.40.Final', '4.0.41.Final', '4.0.42.Final', '4.0.43.Final', '4.0.44.Final', '4.0.45.Final', '4.0.46.Final', '4.0.47.Final', '4.0.48.Final', '4.0.49.Final', '4.0.50.Final', '4.0.51.Final', '4.0.52.Final', '4.0.53.Final', '4.0.54.Final', '4.0.55.Final', '4.0.56.Final', '5.0.0.Alpha1'][0m
[96m[Preparer] Pending directory already exists: /PoCAdaptation/exploit/pending/CVE-2019-20444[0m
[92m[Main] Total affected versions: 131[0m
[92m[Main] Already reproduced versions: 60[0m
[93m[Main] Versions pending adaptation: 71[0m
[96m[Main]     -> ['4.0.0.Beta1', '4.0.0.Beta2', '4.0.0.Beta3', '4.0.0.CR1', '4.0.0.CR2', '4.0.0.CR3', '4.0.0.CR4', '4.0.0.CR5', '4.0.0.CR6', '4.0.0.CR7', '4.0.0.CR8', '4.0.0.CR9', '4.0.0.Final', '4.0.1.Final', '4.0.2.Final', '4.0.3.Final', '4.0.4.Final', '4.0.5.Final', '4.0.6.Final', '4.0.7.Final', '4.0.8.Final', '4.0.9.Final', '4.0.10.Final', '4.0.11.Final', '4.0.12.Final', '4.0.13.Final', '4.0.14.Beta1', '4.0.14.Final', '4.0.15.Final', '4.0.16.Final', '4.0.17.Final', '4.0.18.Final', '4.0.19.Final', '4.0.20.Final', '4.0.21.Final', '4.0.22.Final', '4.0.23.Final', '4.0.24.Final', '4.0.25.Final', '4.0.26.Final', '4.0.27.Final', '4.0.28.Final', '4.0.29.Final', '4.0.30.Final', '4.0.31.Final', '4.0.32.Final', '4.0.33.Final', '4.0.34.Final', '4.0.35.Final', '4.0.36.Final', '4.0.37.Final', '4.0.38.Final', '4.0.39.Final', '4.0.40.Final', '4.0.41.Final', '4.0.42.Final', '4.0.43.Final', '4.0.44.Final', '4.0.45.Final', '4.0.46.Final', '4.0.47.Final', '4.0.48.Final', '4.0.49.Final', '4.0.50.Final', '4.0.51.Final', '4.0.52.Final', '4.0.53.Final', '4.0.54.Final', '4.0.55.Final', '4.0.56.Final', '5.0.0.Alpha1'][0m
[96m[Main]     -> ['4.1.0.Beta1', '4.1.0.Beta2', '4.1.0.Beta3', '4.1.0.Beta4', '4.1.0.Beta5', '4.1.0.Beta6', '4.1.0.Beta7', '4.1.0.Beta8', '4.1.0.CR1', '4.1.0.CR2', '4.1.0.CR3', '4.1.0.CR4', '4.1.0.CR5', '4.1.0.CR6', '4.1.0.CR7', '4.1.0.Final', '4.1.1.Final', '4.1.2.Final', '4.1.3.Final', '4.1.4.Final', '4.1.5.Final', '4.1.6.Final', '4.1.7.Final', '4.1.8.Final', '4.1.9.Final', '4.1.10.Final', '4.1.11.Final', '4.1.12.Final', '4.1.13.Final', '4.1.14.Final', '4.1.15.Final', '4.1.16.Final', '4.1.17.Final', '4.1.18.Final', '4.1.19.Final', '4.1.20.Final', '4.1.21.Final', '4.1.22.Final', '4.1.23.Final', '4.1.24.Final', '4.1.25.Final', '4.1.26.Final', '4.1.27.Final', '4.1.28.Final', '4.1.29.Final', '4.1.30.Final', '4.1.31.Final', '4.1.32.Final', '4.1.33.Final', '4.1.34.Final', '4.1.35.Final', '4.1.36.Final', '4.1.37.Final', '4.1.38.Final', '4.1.39.Final', '4.1.40.Final', '4.1.41.Final', '4.1.42.Final', '4.1.43.Final', '5.0.0.Alpha2'][0m
[96m[Executor] Running initial exploit mvn test in /PoCAdaptation/exploit/origin/CVE-2019-20444/exploit[0m
[91m[Executor] Initial exploit execution finished with return code 1[0m
[96m[Verifier] Verifying reproduction...[0m
[92m[Verifier] âœ“ Behavior matched: 'java.lang.AssertionError'[0m
[92m[Verifier] âœ“ Detail matched: 'org.junit.Assert.fail'[0m
[92m[Verifier] âœ“ All reproduction indicators matched.[0m
[92m[Verifier] Initial exploit behavior verified successfully.[0m
[96m[Selector] Nearest need adapatation version selected: 4.0.56.Final[0m
[96m[Selector] Closest reproduced version: 4.1.0.Beta1 at index 78[0m
[96m[Adapter] Trying next closest version: 4.0.56.Final[0m
[96m[Preparer] Using closest existing exploit version: /PoCAdaptation/exploit/valid/CVE-2019-20444/4.0.0.CR3/exploit[0m
[92m[Preparer] Copied exploit to: /PoCAdaptation/exploit/pending/CVE-2019-20444/4.0.56.Final/exploit[0m
[96m[Preparer] Updating dependency version to 4.0.56.Final in /PoCAdaptation/exploit/pending/CVE-2019-20444/4.0.56.Final/exploit/pom.xml[0m
[92m[Preparer] Updated dependency version to 4.0.56.Final in /PoCAdaptation/exploit/pending/CVE-2019-20444/4.0.56.Final/exploit/pom.xml[0m
[96m[Executor] Attempting direct exploit execution on 4.0.56.Final...[0m
[96m[Executor] Executing exploit for CVE-2019-20444 on version 4.0.56.Final...[0m
[96m[Verifier] Verifying reproduction...[0m
[91m[Verifier] âœ— Behavior not found: 'java.lang.AssertionError'[0m
[91m[Executor] Reproduction result: Failure[0m
[96m[Adapter] Attempting adaptation from base version 4.1.0.Beta1 to 4.0.56.Final...[0m
[96m[Adapter] Start adapting exploit from 4.1.0.Beta1 to 4.0.56.Final"[0m
[96m[Executor] Executing exploit for CVE-2019-20444 on version 4.0.56.Final...[0m
[96m[Verifier] Verifying reproduction...[0m
[91m[Verifier] âœ— Behavior not found: 'java.lang.AssertionError'[0m
[91m[Executor] Reproduction result: Failure[0m
[96m[ErrorManager] Ignoring line: [ERROR] Failed to execute goal org.apache.maven.plugins:maven-compiler-plugin:3.1:testCompile (default-testCompile) on project CVE-2019-20444: Compilation failure: Compilation failure:[0m
[92m[ErrorManager] Processing line: [ERROR] /PoCAdaptation/exploit/result/CVE-2019-20444/4.0.56.Final/exploit/src/test/java/edu/vision/se/Testcase1.java:[4,33] cannot find symbol[0m
[92m[ErrorManager] Processing line: [ERROR]   symbol:   class EmbeddedByteChannel[0m
[92m[ErrorManager] Processing line: [ERROR]   location: package io.netty.channel.embedded[0m
[92m[ErrorManager] Processing line: [ERROR] /PoCAdaptation/exploit/result/CVE-2019-20444/4.0.56.Final/exploit/src/test/java/edu/vision/se/Testcase1.java:[17,9] cannot find symbol[0m
[92m[ErrorManager] Processing line: [ERROR]   symbol:   class EmbeddedByteChannel[0m
[92m[ErrorManager] Processing line: [ERROR]   location: class edu.vision.se.Testcase1[0m
[92m[ErrorManager] Processing line: [ERROR] /PoCAdaptation/exploit/result/CVE-2019-20444/4.0.56.Final/exploit/src/test/java/edu/vision/se/Testcase1.java:[17,43] cannot find symbol[0m
[92m[ErrorManager] Processing line: [ERROR]   symbol:   class EmbeddedByteChannel[0m
[92m[ErrorManager] Processing line: [ERROR]   location: class edu.vision.se.Testcase1[0m
[96m[ErrorManager] Ignoring line: [ERROR] -> [Help 1][0m
[96m[ErrorManager] Ignoring line: [ERROR][0m
[96m[ErrorManager] Ignoring line: [ERROR] To see the full stack trace of the errors, re-run Maven with the -e switch.[0m
[96m[ErrorManager] Ignoring line: [ERROR] Re-run Maven using the -X switch to enable full debug logging.[0m
[96m[ErrorManager] Ignoring line: [ERROR][0m
[96m[ErrorManager] Ignoring line: [ERROR] For more information about the errors and possible solutions, please read the following articles:[0m
[96m[ErrorManager] Ignoring line: [ERROR] [Help 1] http://cwiki.apache.org/confluence/display/MAVEN/MojoFailureException[0m
[96m[Adapter] Locating fix position in error log.[0m
[LLMClient] Tokens used: 1697 (prompt), 1 (completion), 1698 (total)
[LLMClient] Prompt: 
You are given a Java error log when executing 'mvn test' in a project with dependency version 4.0.56.Final:io.netty:netty-codec-http.
This test file compiles and runs successfully with version 4.1.0.Beta1.

Your task is to:
1. Analyze why this issue occurs with the *4.1.0.Beta1* but not with the *4.0.56.Final version*.
2. Consider how to resolve the issue **without updating this library**.
3. Determine and output the location in the project that should be modified to fix the problem.

Please return 'pom' if the fix is in the pom.xml file, or 'test' if the fix is in the test code.
Do not return any other text, just 'pom' or 'test'.

The error log is:
[INFO] Scanning for projects...
[INFO] 
[INFO] --------------------< edu.vision.se:CVE-2019-20444 >--------------------
[INFO] Building netty-codec-http CVE-2019-20444 1.0-SNAPSHOT
[INFO]   from pom.xml
[INFO] --------------------------------[ jar ]---------------------------------
[INFO] 
[INFO] --- maven-clean-plugin:2.5:clean (default-clean) @ CVE-2019-20444 ---
[INFO] Deleting /PoCAdaptation/exploit/result/CVE-2019-20444/4.0.56.Final/exploit/target
[INFO] 
[INFO] --- maven-resources-plugin:2.6:resources (default-resources) @ CVE-2019-20444 ---
[INFO] Using 'UTF-8' encoding to copy filtered resources.
[INFO] skip non existing resourceDirectory /PoCAdaptation/exploit/result/CVE-2019-20444/4.0.56.Final/exploit/src/main/resources
[INFO] 
[INFO] --- maven-compiler-plugin:3.1:compile (default-compile) @ CVE-2019-20444 ---
[INFO] No sources to compile
[INFO] 
[INFO] --- maven-resources-plugin:2.6:testResources (default-testResources) @ CVE-2019-20444 ---
[INFO] Using 'UTF-8' encoding to copy filtered resources.
[INFO] skip non existing resourceDirectory /PoCAdaptation/exploit/result/CVE-2019-20444/4.0.56.Final/exploit/src/test/resources
[INFO] 
[INFO] --- maven-compiler-plugin:3.1:testCompile (default-testCompile) @ CVE-2019-20444 ---
[INFO] Changes detected - recompiling the module!
[INFO] Compiling 1 source file to /PoCAdaptation/exploit/result/CVE-2019-20444/4.0.56.Final/exploit/target/test-classes
[INFO] -------------------------------------------------------------
[ERROR] COMPILATION ERROR : 
[INFO] -------------------------------------------------------------
[ERROR] /PoCAdaptation/exploit/result/CVE-2019-20444/4.0.56.Final/exploit/src/test/java/edu/vision/se/Testcase1.java:[4,33] cannot find symbol
  symbol:   class EmbeddedByteChannel
  location: package io.netty.channel.embedded
[ERROR] /PoCAdaptation/exploit/result/CVE-2019-20444/4.0.56.Final/exploit/src/test/java/edu/vision/se/Testcase1.java:[17,9] cannot find symbol
  symbol:   class EmbeddedByteChannel
  location: class edu.vision.se.Testcase1
[ERROR] /PoCAdaptation/exploit/result/CVE-2019-20444/4.0.56.Final/exploit/src/test/java/edu/vision/se/Testcase1.java:[17,43] cannot find symbol
  symbol:   class EmbeddedByteChannel
  location: class edu.vision.se.Testcase1
[INFO] 3 errors 
[INFO] -------------------------------------------------------------
[INFO] ------------------------------------------------------------------------
[INFO] BUILD FAILURE
[INFO] ------------------------------------------------------------------------
[INFO] Total time:  0.845 s
[INFO] Finished at: 2025-07-13T13:13:40Z
[INFO] ------------------------------------------------------------------------
[ERROR] Failed to execute goal org.apache.maven.plugins:maven-compiler-plugin:3.1:testCompile (default-testCompile) on project CVE-2019-20444: Compilation failure: Compilation failure: 
[ERROR] /PoCAdaptation/exploit/result/CVE-2019-20444/4.0.56.Final/exploit/src/test/java/edu/vision/se/Testcase1.java:[4,33] cannot find symbol
[ERROR]   symbol:   class EmbeddedByteChannel
[ERROR]   location: package io.netty.channel.embedded
[ERROR] /PoCAdaptation/exploit/result/CVE-2019-20444/4.0.56.Final/exploit/src/test/java/edu/vision/se/Testcase1.java:[17,9] cannot find symbol
[ERROR]   symbol:   class EmbeddedByteChannel
[ERROR]   location: class edu.vision.se.Testcase1
[ERROR] /PoCAdaptation/exploit/result/CVE-2019-20444/4.0.56.Final/exploit/src/test/java/edu/vision/se/Testcase1.java:[17,43] cannot find symbol
[ERROR]   symbol:   class EmbeddedByteChannel
[ERROR]   location: class edu.vision.se.Testcase1
[ERROR] -> [Help 1]
[ERROR] 
[ERROR] To see the full stack trace of the errors, re-run Maven with the -e switch.
[ERROR] Re-run Maven using the -X switch to enable full debug logging.
[ERROR] 
[ERROR] For more information about the errors and possible solutions, please read the following articles:
[ERROR] [Help 1] http://cwiki.apache.org/confluence/display/MAVEN/MojoFailureException


current_pom file is:<?xml version='1.0' encoding='utf-8'?>
<project xmlns="http://maven.apache.org/POM/4.0.0" xmlns:xsi="http://www.w3.org/2001/XMLSchema-instance" xsi:schemaLocation="http://maven.apache.org/POM/4.0.0 https://maven.apache.org/xsd/maven-4.0.0.xsd">
  <groupId>edu.vision.se</groupId><version>1.0-SNAPSHOT</version><modelVersion>4.0.0</modelVersion>
  <artifactId>CVE-2019-20444</artifactId>
  <name>netty-codec-http CVE-2019-20444</name>
  <properties>
    <maven.compiler.target>11</maven.compiler.target>
    <maven.compiler.source>11</maven.compiler.source>
    <project.build.sourceEncoding>UTF-8</project.build.sourceEncoding>
  </properties>
  <dependencies>
    <dependency>
      <groupId>io.netty</groupId>
      <artifactId>netty-codec-http</artifactId>
      <version>4.0.56.Final</version>
    </dependency>
  <dependency><groupId>junit</groupId><artifactId>junit</artifactId><version>4.13.2</version></dependency>
  
  </dependencies>
</project>
[LLMClient] Response: 
test
[96m[Adapter] LLM response for fix position: test[0m
[LLMClient] Tokens used: 147 (prompt), 17 (completion), 164 (total)
[LLMClient] Prompt: 
You are given an error log when executing 'mvn test' in version 4.0.56.Final: 

Error: cannot find symbol, class EmbeddedByteChannel, package io.netty.channel.embedded 

The test executes as expected in 4.1.0.Beta1 

Error code: import io.netty.channel.embedded.EmbeddedByteChannel; 

Extract two key *entities* from the error for searching related diffs 

The extracted entities should reflect code-level identifiers that are likely to appear in source code or diffs. 

Output each node as a `;`-separated list, with no explanations. 


[LLMClient] Response: 
io.netty.channel.embedded.EmbeddedByteChannel;EmbeddedByteChannel
[96m[ErrorManager] Extracted key entities: ['io.netty.channel.embedded.EmbeddedByteChannel', 'EmbeddedByteChannel'][0m
[96m[Adapter] Try to solve error: {'file': '/PoCAdaptation/exploit/result/CVE-2019-20444/4.0.56.Final/exploit/src/test/java/edu/vision/se/Testcase1.java', 'line': 4, 'column': 33, 'message': 'cannot find symbol', 'symbol': 'class EmbeddedByteChannel', 'location': 'package io.netty.channel.embedded', 'code_line': 'import io.netty.channel.embedded.EmbeddedByteChannel;'} with cause: ['io.netty.channel.embedded.EmbeddedByteChannel', 'EmbeddedByteChannel'][0m
[LLMClient] Tokens used: 181 (prompt), 17 (completion), 198 (total)
[LLMClient] Prompt: 
You are given an error log when executing 'mvn test' in version 4.0.56.Final: 

Error: cannot find symbol, class EmbeddedByteChannel, package io.netty.channel.embedded 

The test executes as expected in 4.1.0.Beta1 

Error code: import io.netty.channel.embedded.EmbeddedByteChannel; 

Extract two key *entities* from the error for searching related diffs 

The extracted entities should reflect code-level identifiers that are likely to appear in source code or diffs. 

Current cause: ['io.netty.channel.embedded.EmbeddedByteChannel', 'EmbeddedByteChannel'] 

 failed to catch, try simpler or other entities.

Output each node as a `;`-separated list, with no explanations. 


[LLMClient] Response: 
io.netty.channel.embedded.EmbeddedByteChannel;EmbeddedByteChannel
[96m[ErrorManager] Extracted key entities: ['io.netty.channel.embedded.EmbeddedByteChannel', 'EmbeddedByteChannel'][0m
[96m[Adapter] Related diffs for error: [(9, 1.0), (10, 1.0), (11, 1.0), (12, 1.0), (13, 1.0)][0m
[96m[Adapter] Fix position is in test code.[0m
[96m[RepairModule] Start repair for group: cannot find symbol | class EmbeddedByteChannel cause: ['io.netty.channel.embedded.EmbeddedByteChannel', 'EmbeddedByteChannel'][0m
[96m[RepairModule] Trying best diff #9 with score 1.00[0m
[96m[RepairModule] Iteration 0, temperature 1.000: Trying diff #9 with score 1.00[0m
[LLMClient] Tokens used: 587 (prompt), 273 (completion), 860 (total)
[LLMClient] Prompt: 
You are given a Java test file with compilation errors in version 4.0.56.Final:io.netty:netty-codec-http.
This test file compiles and runs successfully in 4.1.0.Beta1.

The diff is related to the diff.
Your task has three steps:
 1. Locate the code where the compilation error occurs.
 2. Analyze the diff from 4.1.0.Beta1 to 4.0.56.Final.
 3. Fix the error in the error position only when diff is helpful. Add import statement when needed according to the diff. 

Only output the modified version of the test file according to the diff. No explanations. If mocking, access fields via reflection if they exist.
### Compilation Errors:
message: cannot find symbol, symble: class EmbeddedByteChannel, location: package io.netty.channel.embedded

### Error Position:
import io.netty.channel.embedded.EmbeddedByteChannel;

### Related Diff:
Operation: MODIFIED, File: all/pom.xml, Hunk: @@ -20,7 +20,7 @@
   <parent>
     <groupId>io.netty</groupId>
     <artifactId>netty-parent</artifactId>
+    <version>4.0.16.Final-SNAPSHOT</version>
-    <version>4.1.0.Beta1</version>
   </parent>

   <artifactId>netty-all</artifactId>

### Test File Content:
package edu.vision.se;

import io.netty.buffer.Unpooled;
import io.netty.channel.embedded.EmbeddedByteChannel;
import io.netty.handler.codec.http.HttpRequest;
import io.netty.handler.codec.http.HttpRequestDecoder;
import io.netty.util.CharsetUtil;
import org.junit.Test;

import static org.junit.Assert.assertFalse;
import static org.junit.Assert.assertTrue;

public class Testcase1 {

    @Test(timeout = 60000)
    public void testHeaderWithNoValueAndMissingColon() {
        EmbeddedByteChannel channel = new EmbeddedByteChannel(new HttpRequestDecoder());
        String requestStr = "GET /some/path HTTP/1.1\r\n" +
                "Content-Length: 0\r\n" +
                "Host:\r\n" +
                "netty.io\r\n\r\n";
        assertTrue(channel.writeInbound(Unpooled.copiedBuffer(requestStr, CharsetUtil.US_ASCII)));
        HttpRequest request = (HttpRequest) channel.readInbound();
        assertTrue(request.getDecoderResult().isFailure());
        assertTrue(request.getDecoderResult().cause() instanceof IllegalArgumentException);
        assertFalse(channel.finish());
    }
}



[LLMClient] Response: 
Here's the modified version of the test file according to the diff:

```java
package edu.vision.se;

import io.netty.buffer.Unpooled;
import io.netty.channel.embedded.EmbeddedChannel;
import io.netty.handler.codec.http.HttpRequest;
import io.netty.handler.codec.http.HttpRequestDecoder;
import io.netty.util.CharsetUtil;
import org.junit.Test;

import static org.junit.Assert.assertFalse;
import static org.junit.Assert.assertTrue;

public class Testcase1 {

    @Test(timeout = 60000)
    public void testHeaderWithNoValueAndMissingColon() {
        EmbeddedChannel channel = new EmbeddedChannel(new HttpRequestDecoder());
        String requestStr = "GET /some/path HTTP/1.1\r\n" +
                "Content-Length: 0\r\n" +
                "Host:\r\n" +
                "netty.io\r\n\r\n";
        assertTrue(channel.writeInbound(Unpooled.copiedBuffer(requestStr, CharsetUtil.US_ASCII)));
        HttpRequest request = (HttpRequest) channel.readInbound();
        assertTrue(request.getDecoderResult().isFailure());
        assertTrue(request.getDecoderResult().cause() instanceof IllegalArgumentException);
        assertFalse(channel.finish());
    }
}
```
[96m[RepairModule] Wrote modified code to /PoCAdaptation/exploit/result/CVE-2019-20444/4.0.56.Final/exploit/src/test/java/edu/vision/se/Testcase1.java[0m
[96m[Executor] Executing exploit for CVE-2019-20444 on version 4.0.56.Final...[0m
[96m[Verifier] Verifying reproduction...[0m
[92m[Verifier] âœ“ Behavior matched: 'java.lang.AssertionError'[0m
[92m[Verifier] âœ“ Detail matched: 'org.junit.Assert.fail'[0m
[92m[Verifier] âœ“ All reproduction indicators matched.[0m
[92m[Executor] Reproduction result: Success[0m
[92m[RepairModule] Repair success![0m
[92m[RepairModule] Repair success with diff #9 at iteration 0![0m
[96m[Adapter] Test code repair attempted.[0m
[96m[Executor] Executing exploit for CVE-2019-20444 on version 4.0.56.Final...[0m
[96m[Verifier] Verifying reproduction...[0m
[92m[Verifier] âœ“ Behavior matched: 'java.lang.AssertionError'[0m
[92m[Verifier] âœ“ Detail matched: 'org.junit.Assert.fail'[0m
[92m[Verifier] âœ“ All reproduction indicators matched.[0m
[92m[Executor] Reproduction result: Success[0m
[92m[Adapter] Adaptation from 4.1.0.Beta1 to 4.0.56.Final successful.[0m
[Adapt] âœ“ Completed: True
[96m[Adapter] Adaptation complete. Retesting exploit on 4.0.56.Final...[0m
[92m[Executor] Adaptation + reproduction successful on 4.0.56.Final[0m
[96m[Adapter] Copied successful adaptation to /PoCAdaptation/exploit/valid/CVE-2019-20444/4.0.56.Final[0m

[Executor] â–¶ Summary of return codes:
  - Version 4.0.56.Final: âœ“ Success (exit code 0)
  - Version 4.0.0.CR3: âœ“ Success (exit code 0)
  - Version 5.0.0.Alpha1: âœ“ Success (exit code 0)
