Running main_process.py for CVE: CVE-2023-51075
Versions: 5.7.19

[1m[Main] === Starting adaptation process for CVE-2023-51075 ===[0m
[96m[Processor] Fetching all available Maven versions...[0m
[96m[Analyzer] Loading cached versions from: /PoCAdaptation/library/cn_hutool_hutool-core.txt[0m
[96m[Analyzer] cn.hutool:hutool-core has 206 versions (cached).[0m
[96m[Processor] Identifying versions with successful reproduction...[0m
[96m[Processor] Pending versions: ['5.7.19'][0m
[96m[Preparer] Pending directory already exists: /PoCAdaptation/exploit/pending/CVE-2023-51075[0m
[92m[Main] Total affected versions: 38[0m
[92m[Main] Already reproduced versions: 37[0m
[93m[Main] Versions pending adaptation: 1[0m
[96m[Main]     -> ['5.7.19'][0m
[96m[Main]     -> ['5.7.14', '5.7.15', '5.7.16', '5.7.17', '5.7.18', '5.7.20', '5.7.21', '5.7.22', '5.8.0.M1', '5.8.0.M2', '5.8.0.M3', '5.8.0.M4', '5.8.0', '5.8.1', '5.8.2', '5.8.3', '5.8.4.M1', '5.8.4', '5.8.5', '5.8.6', '5.8.7', '5.8.8', '5.8.9', '5.8.10', '5.8.11', '5.8.12', '5.8.13', '5.8.14', '5.8.15', '5.8.16', '5.8.17', '5.8.18', '5.8.19', '5.8.20', '5.8.21', '5.8.22', '5.8.23'][0m
[96m[Executor] Running initial exploit mvn test in /PoCAdaptation/exploit/origin/CVE-2023-51075/exploit[0m
[91m[Executor] Initial exploit execution finished with return code 1[0m
[96m[Verifier] Verifying reproduction...[0m
[92m[Verifier] ‚úì Behavior matched: 'org.junit.runners.model.TestTimedOutException'[0m
[92m[Verifier] ‚úì Detail matched: 'milliseconds'[0m
[92m[Verifier] ‚úì All reproduction indicators matched.[0m
[92m[Verifier] Initial exploit behavior verified successfully.[0m
[96m[Selector] Nearest need adapatation version selected: 5.7.19[0m
[96m[Selector] Closest reproduced version: 5.7.18 at index 156[0m
[96m[Adapter] Trying next closest version: 5.7.19[0m
[93m[Preparer] No usable exploit dirs found under /PoCAdaptation/exploit/valid/CVE-2023-51075[0m
[92m[Preparer] Copied exploit to: /PoCAdaptation/exploit/pending/CVE-2023-51075/5.7.19/exploit[0m
[96m[Preparer] Updating dependency version to 5.7.19 in /PoCAdaptation/exploit/pending/CVE-2023-51075/5.7.19/exploit/pom.xml[0m
[92m[Preparer] Updated dependency version to 5.7.19 in /PoCAdaptation/exploit/pending/CVE-2023-51075/5.7.19/exploit/pom.xml[0m
[96m[Executor] Attempting direct exploit execution on 5.7.19...[0m
[96m[Executor] Executing exploit for CVE-2023-51075 on version 5.7.19...[0m
[96m[Verifier] Verifying reproduction...[0m
[91m[Verifier] ‚úó Behavior not found: 'org.junit.runners.model.TestTimedOutException'[0m
[91m[Executor] Reproduction result: Failure[0m
[96m[Adapter] Attempting adaptation from base version 5.7.18 to 5.7.19...[0m
[96m[Adapter] Start adapting exploit from 5.7.18 to 5.7.19"[0m
[96m[Executor] Executing exploit for CVE-2023-51075 on version 5.7.19...[0m
[96m[Verifier] Verifying reproduction...[0m
[91m[Verifier] ‚úó Behavior not found: 'org.junit.runners.model.TestTimedOutException'[0m
[91m[Executor] Reproduction result: Failure[0m
[96m[ErrorManager] Ignoring line: [ERROR] Failed to execute goal org.apache.maven.plugins:maven-surefire-plugin:2.12.4:test (default-test) on project CVE-2023-51075: There are test failures.[0m
[96m[ErrorManager] Ignoring line: [ERROR][0m
[96m[ErrorManager] Ignoring line: [ERROR] Please refer to /PoCAdaptation/exploit/result/CVE-2023-51075/5.7.19/exploit/target/surefire-reports for the individual test results.[0m
[96m[ErrorManager] Ignoring line: [ERROR] -> [Help 1][0m
[96m[ErrorManager] Ignoring line: [ERROR][0m
[96m[ErrorManager] Ignoring line: [ERROR] To see the full stack trace of the errors, re-run Maven with the -e switch.[0m
[96m[ErrorManager] Ignoring line: [ERROR] Re-run Maven using the -X switch to enable full debug logging.[0m
[96m[ErrorManager] Ignoring line: [ERROR][0m
[96m[ErrorManager] Ignoring line: [ERROR] For more information about the errors and possible solutions, please read the following articles:[0m
[96m[ErrorManager] Ignoring line: [ERROR] [Help 1] http://cwiki.apache.org/confluence/display/MAVEN/MojoFailureException[0m
[96m[ErrorManager] Using fallback error line: [ERROR] Failed to execute goal org.apache.maven.plugins:maven-surefire-plugin:2.12.4:test (default-test) on project CVE-2023-51075: There are test failures.[0m
[91m[ErrorManager] Failed to read file UNKNOWN: [Errno 2] No such file or directory: 'UNKNOWN'[0m
[96m[Adapter] Locating fix position in error log.[0m
[LLMClient] Tokens used: 2260 (prompt), 1 (completion), 2261 (total)
[LLMClient] Prompt: 
You are given a Java error log when executing 'mvn test' in a project with dependency version 5.7.19:cn.hutool:hutool-core.
This test file compiles and runs successfully with version 5.7.18.

Your task is to:
1. Analyze why this issue occurs with the *5.7.18* but not with the *5.7.19 version*.
2. Consider how to resolve the issue **without updating this library**.
3. Determine and output the location in the project that should be modified to fix the problem.

Please return 'pom' if the fix is in the pom.xml file, or 'test' if the fix is in the test code.
Do not return any other text, just 'pom' or 'test'.

The error log is:
[INFO] Scanning for projects...
[WARNING] 
[WARNING] Some problems were encountered while building the effective model for edu.vision.se:CVE-2023-51075:jar:1.0-SNAPSHOT
[WARNING] 'dependencies.dependency.(groupId:artifactId:type:classifier)' must be unique: junit:junit:jar -> duplicate declaration of version 4.13.2 @ line 20, column 121
[WARNING] 'dependencies.dependency.(groupId:artifactId:type:classifier)' must be unique: junit:junit:jar -> duplicate declaration of version 4.13.2 @ line 20, column 225
[WARNING] 'dependencies.dependency.(groupId:artifactId:type:classifier)' must be unique: junit:junit:jar -> duplicate declaration of version 4.13.2 @ line 20, column 329
[WARNING] 
[WARNING] It is highly recommended to fix these problems because they threaten the stability of your build.
[WARNING] 
[WARNING] For this reason, future Maven versions might no longer support building such malformed projects.
[WARNING] 
[INFO] 
[INFO] --------------------< edu.vision.se:CVE-2023-51075 >--------------------
[INFO] Building CVE-2023-51075 1.0-SNAPSHOT
[INFO]   from pom.xml
[INFO] --------------------------------[ jar ]---------------------------------
[INFO] 
[INFO] --- maven-clean-plugin:2.5:clean (default-clean) @ CVE-2023-51075 ---
[INFO] Deleting /PoCAdaptation/exploit/result/CVE-2023-51075/5.7.19/exploit/target
[INFO] 
[INFO] --- maven-resources-plugin:2.6:resources (default-resources) @ CVE-2023-51075 ---
[WARNING] Using platform encoding (UTF-8 actually) to copy filtered resources, i.e. build is platform dependent!
[INFO] skip non existing resourceDirectory /PoCAdaptation/exploit/result/CVE-2023-51075/5.7.19/exploit/src/main/resources
[INFO] 
[INFO] --- maven-compiler-plugin:3.1:compile (default-compile) @ CVE-2023-51075 ---
[INFO] No sources to compile
[INFO] 
[INFO] --- maven-resources-plugin:2.6:testResources (default-testResources) @ CVE-2023-51075 ---
[WARNING] Using platform encoding (UTF-8 actually) to copy filtered resources, i.e. build is platform dependent!
[INFO] skip non existing resourceDirectory /PoCAdaptation/exploit/result/CVE-2023-51075/5.7.19/exploit/src/test/resources
[INFO] 
[INFO] --- maven-compiler-plugin:3.1:testCompile (default-testCompile) @ CVE-2023-51075 ---
[INFO] Changes detected - recompiling the module!
[WARNING] File encoding has not been set, using platform encoding UTF-8, i.e. build is platform dependent!
[INFO] Compiling 1 source file to /PoCAdaptation/exploit/result/CVE-2023-51075/5.7.19/exploit/target/test-classes
[INFO] 
[INFO] --- maven-surefire-plugin:2.12.4:test (default-test) @ CVE-2023-51075 ---
[INFO] Surefire report directory: /PoCAdaptation/exploit/result/CVE-2023-51075/5.7.19/exploit/target/surefire-reports

-------------------------------------------------------
 T E S T S
-------------------------------------------------------
Running edu.vision.se.Testcase1
Tests run: 1, Failures: 0, Errors: 1, Skipped: 0, Time elapsed: 0.056 sec <<< FAILURE!
issue3421Test(edu.vision.se.Testcase1)  Time elapsed: 0.043 sec  <<< ERROR!
java.lang.IndexOutOfBoundsException: Illegal start index
	at java.base/java.util.regex.Matcher.find(Matcher.java:771)
	at cn.hutool.core.text.finder.PatternFinder.start(PatternFinder.java:51)
	at cn.hutool.core.text.split.SplitIter.computeNext(SplitIter.java:74)
	at cn.hutool.core.text.split.SplitIter.computeNext(SplitIter.java:21)
	at cn.hutool.core.collection.ComputeIter.hasNext(ComputeIter.java:42)
	at cn.hutool.core.text.split.SplitIter.toList(SplitIter.java:141)
	at cn.hutool.core.text.split.SplitIter.toList(SplitIter.java:129)
	at cn.hutool.core.text.StrSplitter.split(StrSplitter.java:402)
	at cn.hutool.core.text.StrSplitter.splitByRegex(StrSplitter.java:382)
	at edu.vision.se.Testcase1.issue3421Test(Testcase1.java:15)
	at java.base/jdk.internal.reflect.NativeMethodAccessorImpl.invoke0(Native Method)
	at java.base/jdk.internal.reflect.NativeMethodAccessorImpl.invoke(NativeMethodAccessorImpl.java:62)
	at java.base/jdk.internal.reflect.DelegatingMethodAccessorImpl.invoke(DelegatingMethodAccessorImpl.java:43)
	at java.base/java.lang.reflect.Method.invoke(Method.java:566)
	at org.junit.runners.model.FrameworkMethod$1.runReflectiveCall(FrameworkMethod.java:59)
	at org.junit.internal.runners.model.ReflectiveCallable.run(ReflectiveCallable.java:12)
	at org.junit.runners.model.FrameworkMethod.invokeExplosively(FrameworkMethod.java:56)
	at org.junit.internal.runners.statements.InvokeMethod.evaluate(InvokeMethod.java:17)
	at org.junit.internal.runners.statements.FailOnTimeout$CallableStatement.call(FailOnTimeout.java:299)
	at org.junit.internal.runners.statements.FailOnTimeout$CallableStatement.call(FailOnTimeout.java:293)
	at java.base/java.util.concurrent.FutureTask.run(FutureTask.java:264)
	at java.base/java.lang.Thread.run(Thread.java:834)


Results :

Tests in error: 
  issue3421Test(edu.vision.se.Testcase1): Illegal start index

Tests run: 1, Failures: 0, Errors: 1, Skipped: 0

[INFO] ------------------------------------------------------------------------
[INFO] BUILD FAILURE
[INFO] ------------------------------------------------------------------------
[INFO] Total time:  1.557 s
[INFO] Finished at: 2025-07-13T16:12:38Z
[INFO] ------------------------------------------------------------------------
[ERROR] Failed to execute goal org.apache.maven.plugins:maven-surefire-plugin:2.12.4:test (default-test) on project CVE-2023-51075: There are test failures.
[ERROR] 
[ERROR] Please refer to /PoCAdaptation/exploit/result/CVE-2023-51075/5.7.19/exploit/target/surefire-reports for the individual test results.
[ERROR] -> [Help 1]
[ERROR] 
[ERROR] To see the full stack trace of the errors, re-run Maven with the -e switch.
[ERROR] Re-run Maven using the -X switch to enable full debug logging.
[ERROR] 
[ERROR] For more information about the errors and possible solutions, please read the following articles:
[ERROR] [Help 1] http://cwiki.apache.org/confluence/display/MAVEN/MojoFailureException


current_pom file is:<?xml version='1.0' encoding='utf-8'?>
<project xmlns="http://maven.apache.org/POM/4.0.0" xmlns:xsi="http://www.w3.org/2001/XMLSchema-instance" xsi:schemaLocation="http://maven.apache.org/POM/4.0.0 http://maven.apache.org/xsd/maven-4.0.0.xsd">
    <modelVersion>4.0.0</modelVersion>
    <groupId>edu.vision.se</groupId>
    <artifactId>CVE-2023-51075</artifactId>
    <version>1.0-SNAPSHOT</version>

    <properties>
        <maven.compiler.source>11</maven.compiler.source>
        <maven.compiler.target>11</maven.compiler.target>
    </properties>

    <dependencies>
        
        <dependency>
            <groupId>cn.hutool</groupId>
            <artifactId>hutool-core</artifactId>
            <version>5.7.19</version>
        </dependency>
    <dependency><groupId>junit</groupId><artifactId>junit</artifactId><version>4.13.2</version></dependency><dependency><groupId>junit</groupId><artifactId>junit</artifactId><version>4.13.2</version></dependency><dependency><groupId>junit</groupId><artifactId>junit</artifactId><version>4.13.2</version></dependency><dependency><groupId>junit</groupId><artifactId>junit</artifactId><version>4.13.2</version></dependency></dependencies>
</project>
[LLMClient] Response: 
test
[96m[Adapter] LLM response for fix position: test[0m
[LLMClient] Tokens used: 1853 (prompt), 12 (completion), 1865 (total)
[LLMClient] Prompt: 
You are given an error log when executing 'mvn test' in a project relying on a library with version 5.7.19: 

Error: [INFO] Scanning for projects...
[WARNING] 
[WARNING] Some problems were encountered while building the effective model for edu.vision.se:CVE-2023-51075:jar:1.0-SNAPSHOT
[WARNING] 'dependencies.dependency.(groupId:artifactId:type:classifier)' must be unique: junit:junit:jar -> duplicate declaration of version 4.13.2 @ line 20, column 121
[WARNING] 'dependencies.dependency.(groupId:artifactId:type:classifier)' must be unique: junit:junit:jar -> duplicate declaration of version 4.13.2 @ line 20, column 225
[WARNING] 'dependencies.dependency.(groupId:artifactId:type:classifier)' must be unique: junit:junit:jar -> duplicate declaration of version 4.13.2 @ line 20, column 329
[WARNING] 
[WARNING] It is highly recommended to fix these problems because they threaten the stability of your build.
[WARNING] 
[WARNING] For this reason, future Maven versions might no longer support building such malformed projects.
[WARNING] 
[INFO] 
[INFO] --------------------< edu.vision.se:CVE-2023-51075 >--------------------
[INFO] Building CVE-2023-51075 1.0-SNAPSHOT
[INFO]   from pom.xml
[INFO] --------------------------------[ jar ]---------------------------------
[INFO] 
[INFO] --- maven-clean-plugin:2.5:clean (default-clean) @ CVE-2023-51075 ---
[INFO] Deleting /PoCAdaptation/exploit/result/CVE-2023-51075/5.7.19/exploit/target
[INFO] 
[INFO] --- maven-resources-plugin:2.6:resources (default-resources) @ CVE-2023-51075 ---
[WARNING] Using platform encoding (UTF-8 actually) to copy filtered resources, i.e. build is platform dependent!
[INFO] skip non existing resourceDirectory /PoCAdaptation/exploit/result/CVE-2023-51075/5.7.19/exploit/src/main/resources
[INFO] 
[INFO] --- maven-compiler-plugin:3.1:compile (default-compile) @ CVE-2023-51075 ---
[INFO] No sources to compile
[INFO] 
[INFO] --- maven-resources-plugin:2.6:testResources (default-testResources) @ CVE-2023-51075 ---
[WARNING] Using platform encoding (UTF-8 actually) to copy filtered resources, i.e. build is platform dependent!
[INFO] skip non existing resourceDirectory /PoCAdaptation/exploit/result/CVE-2023-51075/5.7.19/exploit/src/test/resources
[INFO] 
[INFO] --- maven-compiler-plugin:3.1:testCompile (default-testCompile) @ CVE-2023-51075 ---
[INFO] Changes detected - recompiling the module!
[WARNING] File encoding has not been set, using platform encoding UTF-8, i.e. build is platform dependent!
[INFO] Compiling 1 source file to /PoCAdaptation/exploit/result/CVE-2023-51075/5.7.19/exploit/target/test-classes
[INFO] 
[INFO] --- maven-surefire-plugin:2.12.4:test (default-test) @ CVE-2023-51075 ---
[INFO] Surefire report directory: /PoCAdaptation/exploit/result/CVE-2023-51075/5.7.19/exploit/target/surefire-reports

-------------------------------------------------------
 T E S T S
-------------------------------------------------------
Running edu.vision.se.Testcase1
Tests run: 1, Failures: 0, Errors: 1, Skipped: 0, Time elapsed: 0.056 sec <<< FAILURE!
issue3421Test(edu.vision.se.Testcase1)  Time elapsed: 0.043 sec  <<< ERROR!
java.lang.IndexOutOfBoundsException: Illegal start index
	at java.base/java.util.regex.Matcher.find(Matcher.java:771)
	at cn.hutool.core.text.finder.PatternFinder.start(PatternFinder.java:51)
	at cn.hutool.core.text.split.SplitIter.computeNext(SplitIter.java:74)
	at cn.hutool.core.text.split.SplitIter.computeNext(SplitIter.java:21)
	at cn.hutool.core.collection.ComputeIter.hasNext(ComputeIter.java:42)
	at cn.hutool.core.text.split.SplitIter.toList(SplitIter.java:141)
	at cn.hutool.core.text.split.SplitIter.toList(SplitIter.java:129)
	at cn.hutool.core.text.StrSplitter.split(StrSplitter.java:402)
	at cn.hutool.core.text.StrSplitter.splitByRegex(StrSplitter.java:382)
	at edu.vision.se.Testcase1.issue3421Test(Testcase1.java:15)
	at java.base/jdk.internal.reflect.NativeMethodAccessorImpl.invoke0(Native Method)
	at java.base/jdk.internal.reflect.NativeMethodAccessorImpl.invoke(NativeMethodAccessorImpl.java:62)
	at java.base/jdk.internal.reflect.DelegatingMethodAccessorImpl.invoke(DelegatingMethodAccessorImpl.java:43)
	at java.base/java.lang.reflect.Method.invoke(Method.java:566)
	at org.junit.runners.model.FrameworkMethod$1.runReflectiveCall(FrameworkMethod.java:59)
	at org.junit.internal.runners.model.ReflectiveCallable.run(ReflectiveCallable.java:12)
	at org.junit.runners.model.FrameworkMethod.invokeExplosively(FrameworkMethod.java:56)
	at org.junit.internal.runners.statements.InvokeMethod.evaluate(InvokeMethod.java:17)
	at org.junit.internal.runners.statements.FailOnTimeout$CallableStatement.call(FailOnTimeout.java:299)
	at org.junit.internal.runners.statements.FailOnTimeout$CallableStatement.call(FailOnTimeout.java:293)
	at java.base/java.util.concurrent.FutureTask.run(FutureTask.java:264)
	at java.base/java.lang.Thread.run(Thread.java:834)


Results :

Tests in error: 
  issue3421Test(edu.vision.se.Testcase1): Illegal start index

Tests run: 1, Failures: 0, Errors: 1, Skipped: 0

[INFO] ------------------------------------------------------------------------
[INFO] BUILD FAILURE
[INFO] ------------------------------------------------------------------------
[INFO] Total time:  1.557 s
[INFO] Finished at: 2025-07-13T16:12:38Z
[INFO] ------------------------------------------------------------------------
[ERROR] Failed to execute goal org.apache.maven.plugins:maven-surefire-plugin:2.12.4:test (default-test) on project CVE-2023-51075: There are test failures.
[ERROR] 
[ERROR] Please refer to /PoCAdaptation/exploit/result/CVE-2023-51075/5.7.19/exploit/target/surefire-reports for the individual test results.
[ERROR] -> [Help 1]
[ERROR] 
[ERROR] To see the full stack trace of the errors, re-run Maven with the -e switch.
[ERROR] Re-run Maven using the -X switch to enable full debug logging.
[ERROR] 
[ERROR] For more information about the errors and possible solutions, please read the following articles:
[ERROR] [Help 1] http://cwiki.apache.org/confluence/display/MAVEN/MojoFailureException

 

The test executes as expected in 5.7.18 but not in 5.7.19. 

Extract two key entities from the error log for searching related diffs. Your classname and method name should ignore package and parameter

The extracted entities should reflect code-level identifiers that are likely to appear in diffs. We prefer a simple entity

Output each node as a `;`-separated list, with no explanations. 


[LLMClient] Response: 
PatternFinder;start
StrSplitter;splitByRegex
[96m[ErrorManager] Extracted key entities: ['PatternFinder', 'start\nStrSplitter', 'splitByRegex'][0m
[96m[Adapter] Try to solve error: {'file': 'UNKNOWN', 'line': -1, 'column': -1, 'message': '[ERROR] Failed to execute goal org.apache.maven.plugins:maven-surefire-plugin:2.12.4:test (default-test) on project CVE-2023-51075: There are test failures.', 'symbol': None, 'location': None, 'code_line': None} with cause: ['PatternFinder', 'start\nStrSplitter', 'splitByRegex'][0m
[LLMClient] Tokens used: 1871 (prompt), 10 (completion), 1881 (total)
[LLMClient] Prompt: 
You are given an error log when executing 'mvn test' in a project relying on a library with version 5.7.19: 

Error: [INFO] Scanning for projects...
[WARNING] 
[WARNING] Some problems were encountered while building the effective model for edu.vision.se:CVE-2023-51075:jar:1.0-SNAPSHOT
[WARNING] 'dependencies.dependency.(groupId:artifactId:type:classifier)' must be unique: junit:junit:jar -> duplicate declaration of version 4.13.2 @ line 20, column 121
[WARNING] 'dependencies.dependency.(groupId:artifactId:type:classifier)' must be unique: junit:junit:jar -> duplicate declaration of version 4.13.2 @ line 20, column 225
[WARNING] 'dependencies.dependency.(groupId:artifactId:type:classifier)' must be unique: junit:junit:jar -> duplicate declaration of version 4.13.2 @ line 20, column 329
[WARNING] 
[WARNING] It is highly recommended to fix these problems because they threaten the stability of your build.
[WARNING] 
[WARNING] For this reason, future Maven versions might no longer support building such malformed projects.
[WARNING] 
[INFO] 
[INFO] --------------------< edu.vision.se:CVE-2023-51075 >--------------------
[INFO] Building CVE-2023-51075 1.0-SNAPSHOT
[INFO]   from pom.xml
[INFO] --------------------------------[ jar ]---------------------------------
[INFO] 
[INFO] --- maven-clean-plugin:2.5:clean (default-clean) @ CVE-2023-51075 ---
[INFO] Deleting /PoCAdaptation/exploit/result/CVE-2023-51075/5.7.19/exploit/target
[INFO] 
[INFO] --- maven-resources-plugin:2.6:resources (default-resources) @ CVE-2023-51075 ---
[WARNING] Using platform encoding (UTF-8 actually) to copy filtered resources, i.e. build is platform dependent!
[INFO] skip non existing resourceDirectory /PoCAdaptation/exploit/result/CVE-2023-51075/5.7.19/exploit/src/main/resources
[INFO] 
[INFO] --- maven-compiler-plugin:3.1:compile (default-compile) @ CVE-2023-51075 ---
[INFO] No sources to compile
[INFO] 
[INFO] --- maven-resources-plugin:2.6:testResources (default-testResources) @ CVE-2023-51075 ---
[WARNING] Using platform encoding (UTF-8 actually) to copy filtered resources, i.e. build is platform dependent!
[INFO] skip non existing resourceDirectory /PoCAdaptation/exploit/result/CVE-2023-51075/5.7.19/exploit/src/test/resources
[INFO] 
[INFO] --- maven-compiler-plugin:3.1:testCompile (default-testCompile) @ CVE-2023-51075 ---
[INFO] Changes detected - recompiling the module!
[WARNING] File encoding has not been set, using platform encoding UTF-8, i.e. build is platform dependent!
[INFO] Compiling 1 source file to /PoCAdaptation/exploit/result/CVE-2023-51075/5.7.19/exploit/target/test-classes
[INFO] 
[INFO] --- maven-surefire-plugin:2.12.4:test (default-test) @ CVE-2023-51075 ---
[INFO] Surefire report directory: /PoCAdaptation/exploit/result/CVE-2023-51075/5.7.19/exploit/target/surefire-reports

-------------------------------------------------------
 T E S T S
-------------------------------------------------------
Running edu.vision.se.Testcase1
Tests run: 1, Failures: 0, Errors: 1, Skipped: 0, Time elapsed: 0.056 sec <<< FAILURE!
issue3421Test(edu.vision.se.Testcase1)  Time elapsed: 0.043 sec  <<< ERROR!
java.lang.IndexOutOfBoundsException: Illegal start index
	at java.base/java.util.regex.Matcher.find(Matcher.java:771)
	at cn.hutool.core.text.finder.PatternFinder.start(PatternFinder.java:51)
	at cn.hutool.core.text.split.SplitIter.computeNext(SplitIter.java:74)
	at cn.hutool.core.text.split.SplitIter.computeNext(SplitIter.java:21)
	at cn.hutool.core.collection.ComputeIter.hasNext(ComputeIter.java:42)
	at cn.hutool.core.text.split.SplitIter.toList(SplitIter.java:141)
	at cn.hutool.core.text.split.SplitIter.toList(SplitIter.java:129)
	at cn.hutool.core.text.StrSplitter.split(StrSplitter.java:402)
	at cn.hutool.core.text.StrSplitter.splitByRegex(StrSplitter.java:382)
	at edu.vision.se.Testcase1.issue3421Test(Testcase1.java:15)
	at java.base/jdk.internal.reflect.NativeMethodAccessorImpl.invoke0(Native Method)
	at java.base/jdk.internal.reflect.NativeMethodAccessorImpl.invoke(NativeMethodAccessorImpl.java:62)
	at java.base/jdk.internal.reflect.DelegatingMethodAccessorImpl.invoke(DelegatingMethodAccessorImpl.java:43)
	at java.base/java.lang.reflect.Method.invoke(Method.java:566)
	at org.junit.runners.model.FrameworkMethod$1.runReflectiveCall(FrameworkMethod.java:59)
	at org.junit.internal.runners.model.ReflectiveCallable.run(ReflectiveCallable.java:12)
	at org.junit.runners.model.FrameworkMethod.invokeExplosively(FrameworkMethod.java:56)
	at org.junit.internal.runners.statements.InvokeMethod.evaluate(InvokeMethod.java:17)
	at org.junit.internal.runners.statements.FailOnTimeout$CallableStatement.call(FailOnTimeout.java:299)
	at org.junit.internal.runners.statements.FailOnTimeout$CallableStatement.call(FailOnTimeout.java:293)
	at java.base/java.util.concurrent.FutureTask.run(FutureTask.java:264)
	at java.base/java.lang.Thread.run(Thread.java:834)


Results :

Tests in error: 
  issue3421Test(edu.vision.se.Testcase1): Illegal start index

Tests run: 1, Failures: 0, Errors: 1, Skipped: 0

[INFO] ------------------------------------------------------------------------
[INFO] BUILD FAILURE
[INFO] ------------------------------------------------------------------------
[INFO] Total time:  1.557 s
[INFO] Finished at: 2025-07-13T16:12:38Z
[INFO] ------------------------------------------------------------------------
[ERROR] Failed to execute goal org.apache.maven.plugins:maven-surefire-plugin:2.12.4:test (default-test) on project CVE-2023-51075: There are test failures.
[ERROR] 
[ERROR] Please refer to /PoCAdaptation/exploit/result/CVE-2023-51075/5.7.19/exploit/target/surefire-reports for the individual test results.
[ERROR] -> [Help 1]
[ERROR] 
[ERROR] To see the full stack trace of the errors, re-run Maven with the -e switch.
[ERROR] Re-run Maven using the -X switch to enable full debug logging.
[ERROR] 
[ERROR] For more information about the errors and possible solutions, please read the following articles:
[ERROR] [Help 1] http://cwiki.apache.org/confluence/display/MAVEN/MojoFailureException

 

The test executes as expected in 5.7.18 but not in 5.7.19. 

Extract two key entities from the error log for searching related diffs 

The extracted entities should reflect code-level identifiers that are likely to appear in diffs. We prefer a simple entity.

Current cause: ['PatternFinder', 'start\nStrSplitter', 'splitByRegex'] 

 failed to catch, try simpler or other entities.

Output each node as a `;`-separated list, with no explanations. 


[LLMClient] Response: 
PatternFinder;StrSplitter;splitByRegex
[96m[ErrorManager] Extracted key entities: ['PatternFinder', 'StrSplitter', 'splitByRegex'][0m
[96m[Adapter] Related diffs for error: [(20, 5.0), (21, 5.0), (22, 5.0), (41, 5.0), (76, 5.0)][0m
[96m[Adapter] Fix position is in test code.[0m
[96m[RepairModule] Start repair for group: [ERROR] Failed to execute goal org.apache.maven.plugins:maven-surefire-plugin:2.12.4:test (default-test) on project CVE-2023-51075: There are test failures. | cause: ['PatternFinder', 'StrSplitter', 'splitByRegex'][0m
[96m[RepairModule] Trying best diff #20 with score 5.00[0m
[96m[RepairModule] Iteration 0, temperature 1.000: Trying diff #20 with score 5.00[0m
[LLMClient] Tokens used: 2266 (prompt), 192 (completion), 2458 (total)
[LLMClient] Prompt: 
You are given a Java test file with compilation errors in version 5.7.19:cn.hutool:hutool-core.
This test file compiles and runs successfully in 5.7.18.

The diff is related to the diff.
Your task has three steps:
 1. Locate the code where the compilation error occurs.
 2. Analyze the diff from 5.7.18 to 5.7.19.
 3. Fix the error in the error position only when diff is helpful. Add import statement when needed according to the diff. If mocking, access fields via reflection if they exist. 

Only output the modified version of the test file according to the diff. No explanations. 
### Compilation Errors:
message: [INFO] Scanning for projects...
[WARNING] 
[WARNING] Some problems were encountered while building the effective model for edu.vision.se:CVE-2023-51075:jar:1.0-SNAPSHOT
[WARNING] 'dependencies.dependency.(groupId:artifactId:type:classifier)' must be unique: junit:junit:jar -> duplicate declaration of version 4.13.2 @ line 20, column 121
[WARNING] 'dependencies.dependency.(groupId:artifactId:type:classifier)' must be unique: junit:junit:jar -> duplicate declaration of version 4.13.2 @ line 20, column 225
[WARNING] 'dependencies.dependency.(groupId:artifactId:type:classifier)' must be unique: junit:junit:jar -> duplicate declaration of version 4.13.2 @ line 20, column 329
[WARNING] 
[WARNING] It is highly recommended to fix these problems because they threaten the stability of your build.
[WARNING] 
[WARNING] For this reason, future Maven versions might no longer support building such malformed projects.
[WARNING] 
[INFO] 
[INFO] --------------------< edu.vision.se:CVE-2023-51075 >--------------------
[INFO] Building CVE-2023-51075 1.0-SNAPSHOT
[INFO]   from pom.xml
[INFO] --------------------------------[ jar ]---------------------------------
[INFO] 
[INFO] --- maven-clean-plugin:2.5:clean (default-clean) @ CVE-2023-51075 ---
[INFO] Deleting /PoCAdaptation/exploit/result/CVE-2023-51075/5.7.19/exploit/target
[INFO] 
[INFO] --- maven-resources-plugin:2.6:resources (default-resources) @ CVE-2023-51075 ---
[WARNING] Using platform encoding (UTF-8 actually) to copy filtered resources, i.e. build is platform dependent!
[INFO] skip non existing resourceDirectory /PoCAdaptation/exploit/result/CVE-2023-51075/5.7.19/exploit/src/main/resources
[INFO] 
[INFO] --- maven-compiler-plugin:3.1:compile (default-compile) @ CVE-2023-51075 ---
[INFO] No sources to compile
[INFO] 
[INFO] --- maven-resources-plugin:2.6:testResources (default-testResources) @ CVE-2023-51075 ---
[WARNING] Using platform encoding (UTF-8 actually) to copy filtered resources, i.e. build is platform dependent!
[INFO] skip non existing resourceDirectory /PoCAdaptation/exploit/result/CVE-2023-51075/5.7.19/exploit/src/test/resources
[INFO] 
[INFO] --- maven-compiler-plugin:3.1:testCompile (default-testCompile) @ CVE-2023-51075 ---
[INFO] Changes detected - recompiling the module!
[WARNING] File encoding has not been set, using platform encoding UTF-8, i.e. build is platform dependent!
[INFO] Compiling 1 source file to /PoCAdaptation/exploit/result/CVE-2023-51075/5.7.19/exploit/target/test-classes
[INFO] 
[INFO] --- maven-surefire-plugin:2.12.4:test (default-test) @ CVE-2023-51075 ---
[INFO] Surefire report directory: /PoCAdaptation/exploit/result/CVE-2023-51075/5.7.19/exploit/target/surefire-reports

-------------------------------------------------------
 T E S T S
-------------------------------------------------------
Running edu.vision.se.Testcase1
Tests run: 1, Failures: 0, Errors: 1, Skipped: 0, Time elapsed: 0.056 sec <<< FAILURE!
issue3421Test(edu.vision.se.Testcase1)  Time elapsed: 0.043 sec  <<< ERROR!
java.lang.IndexOutOfBoundsException: Illegal start index
	at java.base/java.util.regex.Matcher.find(Matcher.java:771)
	at cn.hutool.core.text.finder.PatternFinder.start(PatternFinder.java:51)
	at cn.hutool.core.text.split.SplitIter.computeNext(SplitIter.java:74)
	at cn.hutool.core.text.split.SplitIter.computeNext(SplitIter.java:21)
	at cn.hutool.core.collection.ComputeIter.hasNext(ComputeIter.java:42)
	at cn.hutool.core.text.split.SplitIter.toList(SplitIter.java:141)
	at cn.hutool.core.text.split.SplitIter.toList(SplitIter.java:129)
	at cn.hutool.core.text.StrSplitter.split(StrSplitter.java:402)
	at cn.hutool.core.text.StrSplitter.splitByRegex(StrSplitter.java:382)
	at edu.vision.se.Testcase1.issue3421Test(Testcase1.java:15)
	at java.base/jdk.internal.reflect.NativeMethodAccessorImpl.invoke0(Native Method)
	at java.base/jdk.internal.reflect.NativeMethodAccessorImpl.invoke(NativeMethodAccessorImpl.java:62)
	at java.base/jdk.internal.reflect.DelegatingMethodAccessorImpl.invoke(DelegatingMethodAccessorImpl.java:43)
	at java.base/java.lang.reflect.Method.invoke(Method.java:566)
	at org.junit.runners.model.FrameworkMethod$1.runReflectiveCall(FrameworkMethod.java:59)
	at org.junit.internal.runners.model.ReflectiveCallable.run(ReflectiveCallable.java:12)
	at org.junit.runners.model.FrameworkMethod.invokeExplosively(FrameworkMethod.java:56)
	at org.junit.internal.runners.statements.InvokeMethod.evaluate(InvokeMethod.java:17)
	at org.junit.internal.runners.statements.FailOnTimeout$CallableStatement.call(FailOnTimeout.java:299)
	at org.junit.internal.runners.statements.FailOnTimeout$CallableStatement.call(FailOnTimeout.java:293)
	at java.base/java.util.concurrent.FutureTask.run(FutureTask.java:264)
	at java.base/java.lang.Thread.run(Thread.java:834)


Results :

Tests in error: 
  issue3421Test(edu.vision.se.Testcase1): Illegal start index

Tests run: 1, Failures: 0, Errors: 1, Skipped: 0

[INFO] ------------------------------------------------------------------------
[INFO] BUILD FAILURE
[INFO] ------------------------------------------------------------------------
[INFO] Total time:  1.557 s
[INFO] Finished at: 2025-07-13T16:12:38Z
[INFO] ------------------------------------------------------------------------
[ERROR] Failed to execute goal org.apache.maven.plugins:maven-surefire-plugin:2.12.4:test (default-test) on project CVE-2023-51075: There are test failures.
[ERROR] 
[ERROR] Please refer to /PoCAdaptation/exploit/result/CVE-2023-51075/5.7.19/exploit/target/surefire-reports for the individual test results.
[ERROR] -> [Help 1]
[ERROR] 
[ERROR] To see the full stack trace of the errors, re-run Maven with the -e switch.
[ERROR] Re-run Maven using the -X switch to enable full debug logging.
[ERROR] 
[ERROR] For more information about the errors and possible solutions, please read the following articles:
[ERROR] [Help 1] http://cwiki.apache.org/confluence/display/MAVEN/MojoFailureException

### Error Position:
None

### Related Diff:
Operation: MODIFIED, File: hutool-core/src/main/java/cn/hutool/core/text/CharSequenceUtil.java, Hunk: @@ -1803,10 +1802,7 @@ public static List<String> split(CharSequence str, char separator, int limit, bo
 	 * @since 5.7.14
 	 */
 	public static <R> List<R> split(CharSequence str, char separator, int limit, boolean ignoreEmpty, Function<String, R> mapping) {
+		if (null == str) {
+			return new ArrayList<>(0);
+		}
+		return StrSplitter.split(str.toString(), separator, limit, ignoreEmpty, mapping);
-		return StrSplitter.split(str, separator, limit, ignoreEmpty, mapping);
 	}

 	/**

### Test File Content:
package edu.vision.se;

import static org.junit.Assert.assertEquals;

import java.util.List;

import org.junit.Test;

import cn.hutool.core.collection.ListUtil;
import cn.hutool.core.text.StrSplitter;

public class Testcase1 {
    @Test(timeout = 2000)
    public void issue3421Test() {
        List<String> strings = StrSplitter.splitByRegex("", "", 0, false, false);
        // assertEquals(ListUtil.of(""), strings);

        strings = StrSplitter.splitByRegex("aaa", "", 0, false, false);
        // assertEquals(ListUtil.of("aaa"), strings);

        strings = StrSplitter.splitByRegex("", "aaa", 0, false, false);
        // assertEquals(ListUtil.of(""), strings);

        strings = StrSplitter.splitByRegex("", "", 0, false, true);
        // assertEquals(ListUtil.of(), strings);
    }
}



[LLMClient] Response: 
package edu.vision.se;

import static org.junit.Assert.assertEquals;

import java.util.List;

import org.junit.Test;

import cn.hutool.core.collection.ListUtil;
import cn.hutool.core.text.StrSplitter;

public class Testcase1 {
    @Test(timeout = 2000)
    public void issue3421Test() {
        List<String> strings = StrSplitter.splitByRegex("", "", 0, false, false);
        assertEquals(ListUtil.of(""), strings);

        strings = StrSplitter.splitByRegex("aaa", "", 0, false, false);
        assertEquals(ListUtil.of("aaa"), strings);

        strings = StrSplitter.splitByRegex("", "aaa", 0, false, false);
        assertEquals(ListUtil.of(""), strings);

        strings = StrSplitter.splitByRegex("", "", 0, false, true);
        assertEquals(ListUtil.of(), strings);
    }
}
[96m[RepairModule] Wrote modified code to /PoCAdaptation/exploit/result/CVE-2023-51075/5.7.19/exploit/src/test/java/edu/vision/se/Testcase1.java[0m
[96m[Executor] Executing exploit for CVE-2023-51075 on version 5.7.19...[0m
[96m[Verifier] Verifying reproduction...[0m
[91m[Verifier] ‚úó Behavior not found: 'org.junit.runners.model.TestTimedOutException'[0m
[91m[Executor] Reproduction result: Failure[0m
[96m[ErrorManager] Ignoring line: [ERROR] Failed to execute goal org.apache.maven.plugins:maven-surefire-plugin:2.12.4:test (default-test) on project CVE-2023-51075: There are test failures.[0m
[96m[ErrorManager] Ignoring line: [ERROR][0m
[96m[ErrorManager] Ignoring line: [ERROR] Please refer to /PoCAdaptation/exploit/result/CVE-2023-51075/5.7.19/exploit/target/surefire-reports for the individual test results.[0m
[96m[ErrorManager] Ignoring line: [ERROR] -> [Help 1][0m
[96m[ErrorManager] Ignoring line: [ERROR][0m
[96m[ErrorManager] Ignoring line: [ERROR] To see the full stack trace of the errors, re-run Maven with the -e switch.[0m
[96m[ErrorManager] Ignoring line: [ERROR] Re-run Maven using the -X switch to enable full debug logging.[0m
[96m[ErrorManager] Ignoring line: [ERROR][0m
[96m[ErrorManager] Ignoring line: [ERROR] For more information about the errors and possible solutions, please read the following articles:[0m
[96m[ErrorManager] Ignoring line: [ERROR] [Help 1] http://cwiki.apache.org/confluence/display/MAVEN/MojoFailureException[0m
[96m[ErrorManager] Using fallback error line: [ERROR] Failed to execute goal org.apache.maven.plugins:maven-surefire-plugin:2.12.4:test (default-test) on project CVE-2023-51075: There are test failures.[0m
[91m[ErrorManager] Failed to read file UNKNOWN: [Errno 2] No such file or directory: 'UNKNOWN'[0m
[RepairModule] Old grouped keys: {'[ERROR] Failed to execute goal org.apache.maven.plugins:maven-surefire-plugin:2.12.4:test (default-test) on project CVE-2023-51075: There are test failures. |'}
[RepairModule] New grouped keys: {'[ERROR] Failed to execute goal org.apache.maven.plugins:maven-surefire-plugin:2.12.4:test (default-test) on project CVE-2023-51075: There are test failures. |'}
[91m[RepairModule] Error [ERROR] Failed to execute goal org.apache.maven.plugins:maven-surefire-plugin:2.12.4:test (default-test) on project CVE-2023-51075: There are test failures. still exists in group [ERROR] Failed to execute goal org.apache.maven.plugins:maven-surefire-plugin:2.12.4:test (default-test) on project CVE-2023-51075: There are test failures. | after applying diff.[0m
[96m[RepairModule] Iteration 0, temperature 1.000: Trying diff #22 with score 5.00[0m
[LLMClient] Tokens used: 2289 (prompt), 211 (completion), 2500 (total)
[LLMClient] Prompt: 
You are given a Java test file with compilation errors in version 5.7.19:cn.hutool:hutool-core.
This test file compiles and runs successfully in 5.7.18.

The diff is related to the diff.
Your task has three steps:
 1. Locate the code where the compilation error occurs.
 2. Analyze the diff from 5.7.18 to 5.7.19.
 3. Fix the error in the error position only when diff is helpful. Add import statement when needed according to the diff. If mocking, access fields via reflection if they exist. 

Only output the modified version of the test file according to the diff. No explanations. 
### Compilation Errors:
message: [INFO] Scanning for projects...
[WARNING] 
[WARNING] Some problems were encountered while building the effective model for edu.vision.se:CVE-2023-51075:jar:1.0-SNAPSHOT
[WARNING] 'dependencies.dependency.(groupId:artifactId:type:classifier)' must be unique: junit:junit:jar -> duplicate declaration of version 4.13.2 @ line 20, column 121
[WARNING] 'dependencies.dependency.(groupId:artifactId:type:classifier)' must be unique: junit:junit:jar -> duplicate declaration of version 4.13.2 @ line 20, column 225
[WARNING] 'dependencies.dependency.(groupId:artifactId:type:classifier)' must be unique: junit:junit:jar -> duplicate declaration of version 4.13.2 @ line 20, column 329
[WARNING] 
[WARNING] It is highly recommended to fix these problems because they threaten the stability of your build.
[WARNING] 
[WARNING] For this reason, future Maven versions might no longer support building such malformed projects.
[WARNING] 
[INFO] 
[INFO] --------------------< edu.vision.se:CVE-2023-51075 >--------------------
[INFO] Building CVE-2023-51075 1.0-SNAPSHOT
[INFO]   from pom.xml
[INFO] --------------------------------[ jar ]---------------------------------
[INFO] 
[INFO] --- maven-clean-plugin:2.5:clean (default-clean) @ CVE-2023-51075 ---
[INFO] Deleting /PoCAdaptation/exploit/result/CVE-2023-51075/5.7.19/exploit/target
[INFO] 
[INFO] --- maven-resources-plugin:2.6:resources (default-resources) @ CVE-2023-51075 ---
[WARNING] Using platform encoding (UTF-8 actually) to copy filtered resources, i.e. build is platform dependent!
[INFO] skip non existing resourceDirectory /PoCAdaptation/exploit/result/CVE-2023-51075/5.7.19/exploit/src/main/resources
[INFO] 
[INFO] --- maven-compiler-plugin:3.1:compile (default-compile) @ CVE-2023-51075 ---
[INFO] No sources to compile
[INFO] 
[INFO] --- maven-resources-plugin:2.6:testResources (default-testResources) @ CVE-2023-51075 ---
[WARNING] Using platform encoding (UTF-8 actually) to copy filtered resources, i.e. build is platform dependent!
[INFO] skip non existing resourceDirectory /PoCAdaptation/exploit/result/CVE-2023-51075/5.7.19/exploit/src/test/resources
[INFO] 
[INFO] --- maven-compiler-plugin:3.1:testCompile (default-testCompile) @ CVE-2023-51075 ---
[INFO] Changes detected - recompiling the module!
[WARNING] File encoding has not been set, using platform encoding UTF-8, i.e. build is platform dependent!
[INFO] Compiling 1 source file to /PoCAdaptation/exploit/result/CVE-2023-51075/5.7.19/exploit/target/test-classes
[INFO] 
[INFO] --- maven-surefire-plugin:2.12.4:test (default-test) @ CVE-2023-51075 ---
[INFO] Surefire report directory: /PoCAdaptation/exploit/result/CVE-2023-51075/5.7.19/exploit/target/surefire-reports

-------------------------------------------------------
 T E S T S
-------------------------------------------------------
Running edu.vision.se.Testcase1
Tests run: 1, Failures: 0, Errors: 1, Skipped: 0, Time elapsed: 0.061 sec <<< FAILURE!
issue3421Test(edu.vision.se.Testcase1)  Time elapsed: 0.043 sec  <<< ERROR!
java.lang.IndexOutOfBoundsException: Illegal start index
	at java.base/java.util.regex.Matcher.find(Matcher.java:771)
	at cn.hutool.core.text.finder.PatternFinder.start(PatternFinder.java:51)
	at cn.hutool.core.text.split.SplitIter.computeNext(SplitIter.java:74)
	at cn.hutool.core.text.split.SplitIter.computeNext(SplitIter.java:21)
	at cn.hutool.core.collection.ComputeIter.hasNext(ComputeIter.java:42)
	at cn.hutool.core.text.split.SplitIter.toList(SplitIter.java:141)
	at cn.hutool.core.text.split.SplitIter.toList(SplitIter.java:129)
	at cn.hutool.core.text.StrSplitter.split(StrSplitter.java:402)
	at cn.hutool.core.text.StrSplitter.splitByRegex(StrSplitter.java:382)
	at edu.vision.se.Testcase1.issue3421Test(Testcase1.java:15)
	at java.base/jdk.internal.reflect.NativeMethodAccessorImpl.invoke0(Native Method)
	at java.base/jdk.internal.reflect.NativeMethodAccessorImpl.invoke(NativeMethodAccessorImpl.java:62)
	at java.base/jdk.internal.reflect.DelegatingMethodAccessorImpl.invoke(DelegatingMethodAccessorImpl.java:43)
	at java.base/java.lang.reflect.Method.invoke(Method.java:566)
	at org.junit.runners.model.FrameworkMethod$1.runReflectiveCall(FrameworkMethod.java:59)
	at org.junit.internal.runners.model.ReflectiveCallable.run(ReflectiveCallable.java:12)
	at org.junit.runners.model.FrameworkMethod.invokeExplosively(FrameworkMethod.java:56)
	at org.junit.internal.runners.statements.InvokeMethod.evaluate(InvokeMethod.java:17)
	at org.junit.internal.runners.statements.FailOnTimeout$CallableStatement.call(FailOnTimeout.java:299)
	at org.junit.internal.runners.statements.FailOnTimeout$CallableStatement.call(FailOnTimeout.java:293)
	at java.base/java.util.concurrent.FutureTask.run(FutureTask.java:264)
	at java.base/java.lang.Thread.run(Thread.java:834)


Results :

Tests in error: 
  issue3421Test(edu.vision.se.Testcase1): Illegal start index

Tests run: 1, Failures: 0, Errors: 1, Skipped: 0

[INFO] ------------------------------------------------------------------------
[INFO] BUILD FAILURE
[INFO] ------------------------------------------------------------------------
[INFO] Total time:  1.599 s
[INFO] Finished at: 2025-07-13T16:13:09Z
[INFO] ------------------------------------------------------------------------
[ERROR] Failed to execute goal org.apache.maven.plugins:maven-surefire-plugin:2.12.4:test (default-test) on project CVE-2023-51075: There are test failures.
[ERROR] 
[ERROR] Please refer to /PoCAdaptation/exploit/result/CVE-2023-51075/5.7.19/exploit/target/surefire-reports for the individual test results.
[ERROR] -> [Help 1]
[ERROR] 
[ERROR] To see the full stack trace of the errors, re-run Maven with the -e switch.
[ERROR] Re-run Maven using the -X switch to enable full debug logging.
[ERROR] 
[ERROR] For more information about the errors and possible solutions, please read the following articles:
[ERROR] [Help 1] http://cwiki.apache.org/confluence/display/MAVEN/MojoFailureException

### Error Position:
None

### Related Diff:
Operation: MODIFIED, File: hutool-core/src/main/java/cn/hutool/core/text/CharSequenceUtil.java, Hunk: @@ -1860,13 +1853,10 @@ public static List<String> split(CharSequence str, CharSequence separator, int l
 	 * @param str Â≠óÁ¨¶‰∏≤
 	 * @param len ÊØè‰∏Ä‰∏™Â∞èËäÇÁöÑÈïøÂ∫¶
 	 * @return Êà™ÂèñÂêéÁöÑÂ≠óÁ¨¶‰∏≤Êï∞ÁªÑ
+	 * @see StrSplitter#splitByLength(String, int)
-	 * @see StrSplitter#splitByLength(CharSequence, int)
 	 */
 	public static String[] split(CharSequence str, int len) {
+		if (null == str) {
+			return new String[]{};
+		}
+		return StrSplitter.splitByLength(str.toString(), len);
-		return StrSplitter.splitByLength(str, len);
 	}

 	/**

### Test File Content:
package edu.vision.se;

import static org.junit.Assert.assertEquals;

import java.util.List;

import org.junit.Test;

import cn.hutool.core.collection.ListUtil;
import cn.hutool.core.text.StrSplitter;

public class Testcase1 {
    @Test(timeout = 2000)
    public void issue3421Test() {
        List<String> strings = StrSplitter.splitByRegex("", "", 0, false, false);
        // assertEquals(ListUtil.of(""), strings);

        strings = StrSplitter.splitByRegex("aaa", "", 0, false, false);
        // assertEquals(ListUtil.of("aaa"), strings);

        strings = StrSplitter.splitByRegex("", "aaa", 0, false, false);
        // assertEquals(ListUtil.of(""), strings);

        strings = StrSplitter.splitByRegex("", "", 0, false, true);
        // assertEquals(ListUtil.of(), strings);
    }
}



[LLMClient] Response: 
Based on the error and diff provided, here's the modified test file:

```java
package edu.vision.se;

import static org.junit.Assert.assertEquals;

import java.util.List;

import org.junit.Test;

import cn.hutool.core.collection.ListUtil;
import cn.hutool.core.text.StrSplitter;

public class Testcase1 {
    @Test(timeout = 2000)
    public void issue3421Test() {
        List<String> strings = StrSplitter.splitByRegex("", "", 0, false, false);
        assertEquals(ListUtil.of(""), strings);

        strings = StrSplitter.splitByRegex("aaa", "", 0, false, false);
        assertEquals(ListUtil.of("aaa"), strings);

        strings = StrSplitter.splitByRegex("", "aaa", 0, false, false);
        assertEquals(ListUtil.of(""), strings);

        strings = StrSplitter.splitByRegex("", "", 0, false, true);
        assertEquals(ListUtil.of(), strings);
    }
}
```
[96m[RepairModule] Wrote modified code to /PoCAdaptation/exploit/result/CVE-2023-51075/5.7.19/exploit/src/test/java/edu/vision/se/Testcase1.java[0m
[96m[Executor] Executing exploit for CVE-2023-51075 on version 5.7.19...[0m
[96m[Verifier] Verifying reproduction...[0m
[91m[Verifier] ‚úó Behavior not found: 'org.junit.runners.model.TestTimedOutException'[0m
[91m[Executor] Reproduction result: Failure[0m
[96m[ErrorManager] Ignoring line: [ERROR] Failed to execute goal org.apache.maven.plugins:maven-surefire-plugin:2.12.4:test (default-test) on project CVE-2023-51075: There are test failures.[0m
[96m[ErrorManager] Ignoring line: [ERROR][0m
[96m[ErrorManager] Ignoring line: [ERROR] Please refer to /PoCAdaptation/exploit/result/CVE-2023-51075/5.7.19/exploit/target/surefire-reports for the individual test results.[0m
[96m[ErrorManager] Ignoring line: [ERROR] -> [Help 1][0m
[96m[ErrorManager] Ignoring line: [ERROR][0m
[96m[ErrorManager] Ignoring line: [ERROR] To see the full stack trace of the errors, re-run Maven with the -e switch.[0m
[96m[ErrorManager] Ignoring line: [ERROR] Re-run Maven using the -X switch to enable full debug logging.[0m
[96m[ErrorManager] Ignoring line: [ERROR][0m
[96m[ErrorManager] Ignoring line: [ERROR] For more information about the errors and possible solutions, please read the following articles:[0m
[96m[ErrorManager] Ignoring line: [ERROR] [Help 1] http://cwiki.apache.org/confluence/display/MAVEN/MojoFailureException[0m
[96m[ErrorManager] Using fallback error line: [ERROR] Failed to execute goal org.apache.maven.plugins:maven-surefire-plugin:2.12.4:test (default-test) on project CVE-2023-51075: There are test failures.[0m
[91m[ErrorManager] Failed to read file UNKNOWN: [Errno 2] No such file or directory: 'UNKNOWN'[0m
[RepairModule] Old grouped keys: {'[ERROR] Failed to execute goal org.apache.maven.plugins:maven-surefire-plugin:2.12.4:test (default-test) on project CVE-2023-51075: There are test failures. |'}
[RepairModule] New grouped keys: {'[ERROR] Failed to execute goal org.apache.maven.plugins:maven-surefire-plugin:2.12.4:test (default-test) on project CVE-2023-51075: There are test failures. |'}
[91m[RepairModule] Error [ERROR] Failed to execute goal org.apache.maven.plugins:maven-surefire-plugin:2.12.4:test (default-test) on project CVE-2023-51075: There are test failures. still exists in group [ERROR] Failed to execute goal org.apache.maven.plugins:maven-surefire-plugin:2.12.4:test (default-test) on project CVE-2023-51075: There are test failures. | after applying diff.[0m
[96m[RepairModule] Iteration 0, temperature 1.000: Trying diff #76 with score 5.00[0m
[LLMClient] Tokens used: 2275 (prompt), 216 (completion), 2491 (total)
[LLMClient] Prompt: 
You are given a Java test file with compilation errors in version 5.7.19:cn.hutool:hutool-core.
This test file compiles and runs successfully in 5.7.18.

The diff is related to the diff.
Your task has three steps:
 1. Locate the code where the compilation error occurs.
 2. Analyze the diff from 5.7.18 to 5.7.19.
 3. Fix the error in the error position only when diff is helpful. Add import statement when needed according to the diff. If mocking, access fields via reflection if they exist. 

Only output the modified version of the test file according to the diff. No explanations. 
### Compilation Errors:
message: [INFO] Scanning for projects...
[WARNING] 
[WARNING] Some problems were encountered while building the effective model for edu.vision.se:CVE-2023-51075:jar:1.0-SNAPSHOT
[WARNING] 'dependencies.dependency.(groupId:artifactId:type:classifier)' must be unique: junit:junit:jar -> duplicate declaration of version 4.13.2 @ line 20, column 121
[WARNING] 'dependencies.dependency.(groupId:artifactId:type:classifier)' must be unique: junit:junit:jar -> duplicate declaration of version 4.13.2 @ line 20, column 225
[WARNING] 'dependencies.dependency.(groupId:artifactId:type:classifier)' must be unique: junit:junit:jar -> duplicate declaration of version 4.13.2 @ line 20, column 329
[WARNING] 
[WARNING] It is highly recommended to fix these problems because they threaten the stability of your build.
[WARNING] 
[WARNING] For this reason, future Maven versions might no longer support building such malformed projects.
[WARNING] 
[INFO] 
[INFO] --------------------< edu.vision.se:CVE-2023-51075 >--------------------
[INFO] Building CVE-2023-51075 1.0-SNAPSHOT
[INFO]   from pom.xml
[INFO] --------------------------------[ jar ]---------------------------------
[INFO] 
[INFO] --- maven-clean-plugin:2.5:clean (default-clean) @ CVE-2023-51075 ---
[INFO] Deleting /PoCAdaptation/exploit/result/CVE-2023-51075/5.7.19/exploit/target
[INFO] 
[INFO] --- maven-resources-plugin:2.6:resources (default-resources) @ CVE-2023-51075 ---
[WARNING] Using platform encoding (UTF-8 actually) to copy filtered resources, i.e. build is platform dependent!
[INFO] skip non existing resourceDirectory /PoCAdaptation/exploit/result/CVE-2023-51075/5.7.19/exploit/src/main/resources
[INFO] 
[INFO] --- maven-compiler-plugin:3.1:compile (default-compile) @ CVE-2023-51075 ---
[INFO] No sources to compile
[INFO] 
[INFO] --- maven-resources-plugin:2.6:testResources (default-testResources) @ CVE-2023-51075 ---
[WARNING] Using platform encoding (UTF-8 actually) to copy filtered resources, i.e. build is platform dependent!
[INFO] skip non existing resourceDirectory /PoCAdaptation/exploit/result/CVE-2023-51075/5.7.19/exploit/src/test/resources
[INFO] 
[INFO] --- maven-compiler-plugin:3.1:testCompile (default-testCompile) @ CVE-2023-51075 ---
[INFO] Changes detected - recompiling the module!
[WARNING] File encoding has not been set, using platform encoding UTF-8, i.e. build is platform dependent!
[INFO] Compiling 1 source file to /PoCAdaptation/exploit/result/CVE-2023-51075/5.7.19/exploit/target/test-classes
[INFO] 
[INFO] --- maven-surefire-plugin:2.12.4:test (default-test) @ CVE-2023-51075 ---
[INFO] Surefire report directory: /PoCAdaptation/exploit/result/CVE-2023-51075/5.7.19/exploit/target/surefire-reports

-------------------------------------------------------
 T E S T S
-------------------------------------------------------
Running edu.vision.se.Testcase1
Tests run: 1, Failures: 0, Errors: 1, Skipped: 0, Time elapsed: 0.055 sec <<< FAILURE!
issue3421Test(edu.vision.se.Testcase1)  Time elapsed: 0.042 sec  <<< ERROR!
java.lang.IndexOutOfBoundsException: Illegal start index
	at java.base/java.util.regex.Matcher.find(Matcher.java:771)
	at cn.hutool.core.text.finder.PatternFinder.start(PatternFinder.java:51)
	at cn.hutool.core.text.split.SplitIter.computeNext(SplitIter.java:74)
	at cn.hutool.core.text.split.SplitIter.computeNext(SplitIter.java:21)
	at cn.hutool.core.collection.ComputeIter.hasNext(ComputeIter.java:42)
	at cn.hutool.core.text.split.SplitIter.toList(SplitIter.java:141)
	at cn.hutool.core.text.split.SplitIter.toList(SplitIter.java:129)
	at cn.hutool.core.text.StrSplitter.split(StrSplitter.java:402)
	at cn.hutool.core.text.StrSplitter.splitByRegex(StrSplitter.java:382)
	at edu.vision.se.Testcase1.issue3421Test(Testcase1.java:15)
	at java.base/jdk.internal.reflect.NativeMethodAccessorImpl.invoke0(Native Method)
	at java.base/jdk.internal.reflect.NativeMethodAccessorImpl.invoke(NativeMethodAccessorImpl.java:62)
	at java.base/jdk.internal.reflect.DelegatingMethodAccessorImpl.invoke(DelegatingMethodAccessorImpl.java:43)
	at java.base/java.lang.reflect.Method.invoke(Method.java:566)
	at org.junit.runners.model.FrameworkMethod$1.runReflectiveCall(FrameworkMethod.java:59)
	at org.junit.internal.runners.model.ReflectiveCallable.run(ReflectiveCallable.java:12)
	at org.junit.runners.model.FrameworkMethod.invokeExplosively(FrameworkMethod.java:56)
	at org.junit.internal.runners.statements.InvokeMethod.evaluate(InvokeMethod.java:17)
	at org.junit.internal.runners.statements.FailOnTimeout$CallableStatement.call(FailOnTimeout.java:299)
	at org.junit.internal.runners.statements.FailOnTimeout$CallableStatement.call(FailOnTimeout.java:293)
	at java.base/java.util.concurrent.FutureTask.run(FutureTask.java:264)
	at java.base/java.lang.Thread.run(Thread.java:834)


Results :

Tests in error: 
  issue3421Test(edu.vision.se.Testcase1): Illegal start index

Tests run: 1, Failures: 0, Errors: 1, Skipped: 0

[INFO] ------------------------------------------------------------------------
[INFO] BUILD FAILURE
[INFO] ------------------------------------------------------------------------
[INFO] Total time:  1.236 s
[INFO] Finished at: 2025-07-13T16:13:25Z
[INFO] ------------------------------------------------------------------------
[ERROR] Failed to execute goal org.apache.maven.plugins:maven-surefire-plugin:2.12.4:test (default-test) on project CVE-2023-51075: There are test failures.
[ERROR] 
[ERROR] Please refer to /PoCAdaptation/exploit/result/CVE-2023-51075/5.7.19/exploit/target/surefire-reports for the individual test results.
[ERROR] -> [Help 1]
[ERROR] 
[ERROR] To see the full stack trace of the errors, re-run Maven with the -e switch.
[ERROR] Re-run Maven using the -X switch to enable full debug logging.
[ERROR] 
[ERROR] For more information about the errors and possible solutions, please read the following articles:
[ERROR] [Help 1] http://cwiki.apache.org/confluence/display/MAVEN/MojoFailureException

### Error Position:
None

### Related Diff:
Operation: MODIFIED, File: hutool-core/src/test/java/cn/hutool/core/text/split/StrSpliterTest.java, Hunk: @@ -60,6 +60,15 @@ public void splitEmptyTest(){
 		String str = "";
 		final String[] split = str.split(",");
 		final String[] strings = StrSplitter.splitToArray(str, ",", -1, false, false);
-		Assert.assertNotNull(strings);
 		Assert.assertArrayEquals(split, strings);
 	}
-
-	@Test
-	public void splitNullTest(){
-		String str = null;
-		final String[] strings = StrSplitter.splitToArray(str, ",", -1, false, false);
-		Assert.assertNotNull(strings);
-		Assert.assertEquals(0, strings.length);
-	}
 }

### Test File Content:
package edu.vision.se;

import static org.junit.Assert.assertEquals;

import java.util.List;

import org.junit.Test;

import cn.hutool.core.collection.ListUtil;
import cn.hutool.core.text.StrSplitter;

public class Testcase1 {
    @Test(timeout = 2000)
    public void issue3421Test() {
        List<String> strings = StrSplitter.splitByRegex("", "", 0, false, false);
        // assertEquals(ListUtil.of(""), strings);

        strings = StrSplitter.splitByRegex("aaa", "", 0, false, false);
        // assertEquals(ListUtil.of("aaa"), strings);

        strings = StrSplitter.splitByRegex("", "aaa", 0, false, false);
        // assertEquals(ListUtil.of(""), strings);

        strings = StrSplitter.splitByRegex("", "", 0, false, true);
        // assertEquals(ListUtil.of(), strings);
    }
}



[LLMClient] Response: 
Based on the diff and the test file content, here's the modified version of the test file:

```java
package edu.vision.se;

import static org.junit.Assert.assertEquals;

import java.util.List;

import org.junit.Test;

import cn.hutool.core.collection.ListUtil;
import cn.hutool.core.text.StrSplitter;

public class Testcase1 {
    @Test(timeout = 2000)
    public void issue3421Test() {
        List<String> strings = StrSplitter.splitByRegex("", "", 0, false, false);
        assertEquals(ListUtil.of(""), strings);

        strings = StrSplitter.splitByRegex("aaa", "", 0, false, false);
        assertEquals(ListUtil.of("aaa"), strings);

        strings = StrSplitter.splitByRegex("", "aaa", 0, false, false);
        assertEquals(ListUtil.of(""), strings);

        strings = StrSplitter.splitByRegex("", "", 0, false, true);
        assertEquals(ListUtil.of(), strings);
    }
}
```
[96m[RepairModule] Wrote modified code to /PoCAdaptation/exploit/result/CVE-2023-51075/5.7.19/exploit/src/test/java/edu/vision/se/Testcase1.java[0m
[96m[Executor] Executing exploit for CVE-2023-51075 on version 5.7.19...[0m
[96m[Verifier] Verifying reproduction...[0m
[91m[Verifier] ‚úó Behavior not found: 'org.junit.runners.model.TestTimedOutException'[0m
[91m[Executor] Reproduction result: Failure[0m
[96m[ErrorManager] Ignoring line: [ERROR] Failed to execute goal org.apache.maven.plugins:maven-surefire-plugin:2.12.4:test (default-test) on project CVE-2023-51075: There are test failures.[0m
[96m[ErrorManager] Ignoring line: [ERROR][0m
[96m[ErrorManager] Ignoring line: [ERROR] Please refer to /PoCAdaptation/exploit/result/CVE-2023-51075/5.7.19/exploit/target/surefire-reports for the individual test results.[0m
[96m[ErrorManager] Ignoring line: [ERROR] -> [Help 1][0m
[96m[ErrorManager] Ignoring line: [ERROR][0m
[96m[ErrorManager] Ignoring line: [ERROR] To see the full stack trace of the errors, re-run Maven with the -e switch.[0m
[96m[ErrorManager] Ignoring line: [ERROR] Re-run Maven using the -X switch to enable full debug logging.[0m
[96m[ErrorManager] Ignoring line: [ERROR][0m
[96m[ErrorManager] Ignoring line: [ERROR] For more information about the errors and possible solutions, please read the following articles:[0m
[96m[ErrorManager] Ignoring line: [ERROR] [Help 1] http://cwiki.apache.org/confluence/display/MAVEN/MojoFailureException[0m
[96m[ErrorManager] Using fallback error line: [ERROR] Failed to execute goal org.apache.maven.plugins:maven-surefire-plugin:2.12.4:test (default-test) on project CVE-2023-51075: There are test failures.[0m
[91m[ErrorManager] Failed to read file UNKNOWN: [Errno 2] No such file or directory: 'UNKNOWN'[0m
[RepairModule] Old grouped keys: {'[ERROR] Failed to execute goal org.apache.maven.plugins:maven-surefire-plugin:2.12.4:test (default-test) on project CVE-2023-51075: There are test failures. |'}
[RepairModule] New grouped keys: {'[ERROR] Failed to execute goal org.apache.maven.plugins:maven-surefire-plugin:2.12.4:test (default-test) on project CVE-2023-51075: There are test failures. |'}
[91m[RepairModule] Error [ERROR] Failed to execute goal org.apache.maven.plugins:maven-surefire-plugin:2.12.4:test (default-test) on project CVE-2023-51075: There are test failures. still exists in group [ERROR] Failed to execute goal org.apache.maven.plugins:maven-surefire-plugin:2.12.4:test (default-test) on project CVE-2023-51075: There are test failures. | after applying diff.[0m
[96m[RepairModule] Iteration 0, temperature 1.000: Trying diff #22 with score 2.50[0m
[LLMClient] Tokens used: 2289 (prompt), 192 (completion), 2481 (total)
[LLMClient] Prompt: 
You are given a Java test file with compilation errors in version 5.7.19:cn.hutool:hutool-core.
This test file compiles and runs successfully in 5.7.18.

The diff is related to the diff.
Your task has three steps:
 1. Locate the code where the compilation error occurs.
 2. Analyze the diff from 5.7.18 to 5.7.19.
 3. Fix the error in the error position only when diff is helpful. Add import statement when needed according to the diff. If mocking, access fields via reflection if they exist. 

Only output the modified version of the test file according to the diff. No explanations. 
### Compilation Errors:
message: [INFO] Scanning for projects...
[WARNING] 
[WARNING] Some problems were encountered while building the effective model for edu.vision.se:CVE-2023-51075:jar:1.0-SNAPSHOT
[WARNING] 'dependencies.dependency.(groupId:artifactId:type:classifier)' must be unique: junit:junit:jar -> duplicate declaration of version 4.13.2 @ line 20, column 121
[WARNING] 'dependencies.dependency.(groupId:artifactId:type:classifier)' must be unique: junit:junit:jar -> duplicate declaration of version 4.13.2 @ line 20, column 225
[WARNING] 'dependencies.dependency.(groupId:artifactId:type:classifier)' must be unique: junit:junit:jar -> duplicate declaration of version 4.13.2 @ line 20, column 329
[WARNING] 
[WARNING] It is highly recommended to fix these problems because they threaten the stability of your build.
[WARNING] 
[WARNING] For this reason, future Maven versions might no longer support building such malformed projects.
[WARNING] 
[INFO] 
[INFO] --------------------< edu.vision.se:CVE-2023-51075 >--------------------
[INFO] Building CVE-2023-51075 1.0-SNAPSHOT
[INFO]   from pom.xml
[INFO] --------------------------------[ jar ]---------------------------------
[INFO] 
[INFO] --- maven-clean-plugin:2.5:clean (default-clean) @ CVE-2023-51075 ---
[INFO] Deleting /PoCAdaptation/exploit/result/CVE-2023-51075/5.7.19/exploit/target
[INFO] 
[INFO] --- maven-resources-plugin:2.6:resources (default-resources) @ CVE-2023-51075 ---
[WARNING] Using platform encoding (UTF-8 actually) to copy filtered resources, i.e. build is platform dependent!
[INFO] skip non existing resourceDirectory /PoCAdaptation/exploit/result/CVE-2023-51075/5.7.19/exploit/src/main/resources
[INFO] 
[INFO] --- maven-compiler-plugin:3.1:compile (default-compile) @ CVE-2023-51075 ---
[INFO] No sources to compile
[INFO] 
[INFO] --- maven-resources-plugin:2.6:testResources (default-testResources) @ CVE-2023-51075 ---
[WARNING] Using platform encoding (UTF-8 actually) to copy filtered resources, i.e. build is platform dependent!
[INFO] skip non existing resourceDirectory /PoCAdaptation/exploit/result/CVE-2023-51075/5.7.19/exploit/src/test/resources
[INFO] 
[INFO] --- maven-compiler-plugin:3.1:testCompile (default-testCompile) @ CVE-2023-51075 ---
[INFO] Changes detected - recompiling the module!
[WARNING] File encoding has not been set, using platform encoding UTF-8, i.e. build is platform dependent!
[INFO] Compiling 1 source file to /PoCAdaptation/exploit/result/CVE-2023-51075/5.7.19/exploit/target/test-classes
[INFO] 
[INFO] --- maven-surefire-plugin:2.12.4:test (default-test) @ CVE-2023-51075 ---
[INFO] Surefire report directory: /PoCAdaptation/exploit/result/CVE-2023-51075/5.7.19/exploit/target/surefire-reports

-------------------------------------------------------
 T E S T S
-------------------------------------------------------
Running edu.vision.se.Testcase1
Tests run: 1, Failures: 0, Errors: 1, Skipped: 0, Time elapsed: 0.067 sec <<< FAILURE!
issue3421Test(edu.vision.se.Testcase1)  Time elapsed: 0.04 sec  <<< ERROR!
java.lang.IndexOutOfBoundsException: Illegal start index
	at java.base/java.util.regex.Matcher.find(Matcher.java:771)
	at cn.hutool.core.text.finder.PatternFinder.start(PatternFinder.java:51)
	at cn.hutool.core.text.split.SplitIter.computeNext(SplitIter.java:74)
	at cn.hutool.core.text.split.SplitIter.computeNext(SplitIter.java:21)
	at cn.hutool.core.collection.ComputeIter.hasNext(ComputeIter.java:42)
	at cn.hutool.core.text.split.SplitIter.toList(SplitIter.java:141)
	at cn.hutool.core.text.split.SplitIter.toList(SplitIter.java:129)
	at cn.hutool.core.text.StrSplitter.split(StrSplitter.java:402)
	at cn.hutool.core.text.StrSplitter.splitByRegex(StrSplitter.java:382)
	at edu.vision.se.Testcase1.issue3421Test(Testcase1.java:15)
	at java.base/jdk.internal.reflect.NativeMethodAccessorImpl.invoke0(Native Method)
	at java.base/jdk.internal.reflect.NativeMethodAccessorImpl.invoke(NativeMethodAccessorImpl.java:62)
	at java.base/jdk.internal.reflect.DelegatingMethodAccessorImpl.invoke(DelegatingMethodAccessorImpl.java:43)
	at java.base/java.lang.reflect.Method.invoke(Method.java:566)
	at org.junit.runners.model.FrameworkMethod$1.runReflectiveCall(FrameworkMethod.java:59)
	at org.junit.internal.runners.model.ReflectiveCallable.run(ReflectiveCallable.java:12)
	at org.junit.runners.model.FrameworkMethod.invokeExplosively(FrameworkMethod.java:56)
	at org.junit.internal.runners.statements.InvokeMethod.evaluate(InvokeMethod.java:17)
	at org.junit.internal.runners.statements.FailOnTimeout$CallableStatement.call(FailOnTimeout.java:299)
	at org.junit.internal.runners.statements.FailOnTimeout$CallableStatement.call(FailOnTimeout.java:293)
	at java.base/java.util.concurrent.FutureTask.run(FutureTask.java:264)
	at java.base/java.lang.Thread.run(Thread.java:834)


Results :

Tests in error: 
  issue3421Test(edu.vision.se.Testcase1): Illegal start index

Tests run: 1, Failures: 0, Errors: 1, Skipped: 0

[INFO] ------------------------------------------------------------------------
[INFO] BUILD FAILURE
[INFO] ------------------------------------------------------------------------
[INFO] Total time:  1.316 s
[INFO] Finished at: 2025-07-13T16:13:41Z
[INFO] ------------------------------------------------------------------------
[ERROR] Failed to execute goal org.apache.maven.plugins:maven-surefire-plugin:2.12.4:test (default-test) on project CVE-2023-51075: There are test failures.
[ERROR] 
[ERROR] Please refer to /PoCAdaptation/exploit/result/CVE-2023-51075/5.7.19/exploit/target/surefire-reports for the individual test results.
[ERROR] -> [Help 1]
[ERROR] 
[ERROR] To see the full stack trace of the errors, re-run Maven with the -e switch.
[ERROR] Re-run Maven using the -X switch to enable full debug logging.
[ERROR] 
[ERROR] For more information about the errors and possible solutions, please read the following articles:
[ERROR] [Help 1] http://cwiki.apache.org/confluence/display/MAVEN/MojoFailureException

### Error Position:
None

### Related Diff:
Operation: MODIFIED, File: hutool-core/src/main/java/cn/hutool/core/text/CharSequenceUtil.java, Hunk: @@ -1860,13 +1853,10 @@ public static List<String> split(CharSequence str, CharSequence separator, int l
 	 * @param str Â≠óÁ¨¶‰∏≤
 	 * @param len ÊØè‰∏Ä‰∏™Â∞èËäÇÁöÑÈïøÂ∫¶
 	 * @return Êà™ÂèñÂêéÁöÑÂ≠óÁ¨¶‰∏≤Êï∞ÁªÑ
+	 * @see StrSplitter#splitByLength(String, int)
-	 * @see StrSplitter#splitByLength(CharSequence, int)
 	 */
 	public static String[] split(CharSequence str, int len) {
+		if (null == str) {
+			return new String[]{};
+		}
+		return StrSplitter.splitByLength(str.toString(), len);
-		return StrSplitter.splitByLength(str, len);
 	}

 	/**

### Test File Content:
package edu.vision.se;

import static org.junit.Assert.assertEquals;

import java.util.List;

import org.junit.Test;

import cn.hutool.core.collection.ListUtil;
import cn.hutool.core.text.StrSplitter;

public class Testcase1 {
    @Test(timeout = 2000)
    public void issue3421Test() {
        List<String> strings = StrSplitter.splitByRegex("", "", 0, false, false);
        // assertEquals(ListUtil.of(""), strings);

        strings = StrSplitter.splitByRegex("aaa", "", 0, false, false);
        // assertEquals(ListUtil.of("aaa"), strings);

        strings = StrSplitter.splitByRegex("", "aaa", 0, false, false);
        // assertEquals(ListUtil.of(""), strings);

        strings = StrSplitter.splitByRegex("", "", 0, false, true);
        // assertEquals(ListUtil.of(), strings);
    }
}



[LLMClient] Response: 
package edu.vision.se;

import static org.junit.Assert.assertEquals;

import java.util.List;

import org.junit.Test;

import cn.hutool.core.collection.ListUtil;
import cn.hutool.core.text.StrSplitter;

public class Testcase1 {
    @Test(timeout = 2000)
    public void issue3421Test() {
        List<String> strings = StrSplitter.splitByRegex("", "", 0, false, false);
        assertEquals(ListUtil.of(""), strings);

        strings = StrSplitter.splitByRegex("aaa", "", 0, false, false);
        assertEquals(ListUtil.of("aaa"), strings);

        strings = StrSplitter.splitByRegex("", "aaa", 0, false, false);
        assertEquals(ListUtil.of(""), strings);

        strings = StrSplitter.splitByRegex("", "", 0, false, true);
        assertEquals(ListUtil.of(), strings);
    }
}
[96m[RepairModule] Wrote modified code to /PoCAdaptation/exploit/result/CVE-2023-51075/5.7.19/exploit/src/test/java/edu/vision/se/Testcase1.java[0m
[96m[Executor] Executing exploit for CVE-2023-51075 on version 5.7.19...[0m
[96m[Verifier] Verifying reproduction...[0m
[91m[Verifier] ‚úó Behavior not found: 'org.junit.runners.model.TestTimedOutException'[0m
[91m[Executor] Reproduction result: Failure[0m
[96m[ErrorManager] Ignoring line: [ERROR] Failed to execute goal org.apache.maven.plugins:maven-surefire-plugin:2.12.4:test (default-test) on project CVE-2023-51075: There are test failures.[0m
[96m[ErrorManager] Ignoring line: [ERROR][0m
[96m[ErrorManager] Ignoring line: [ERROR] Please refer to /PoCAdaptation/exploit/result/CVE-2023-51075/5.7.19/exploit/target/surefire-reports for the individual test results.[0m
[96m[ErrorManager] Ignoring line: [ERROR] -> [Help 1][0m
[96m[ErrorManager] Ignoring line: [ERROR][0m
[96m[ErrorManager] Ignoring line: [ERROR] To see the full stack trace of the errors, re-run Maven with the -e switch.[0m
[96m[ErrorManager] Ignoring line: [ERROR] Re-run Maven using the -X switch to enable full debug logging.[0m
[96m[ErrorManager] Ignoring line: [ERROR][0m
[96m[ErrorManager] Ignoring line: [ERROR] For more information about the errors and possible solutions, please read the following articles:[0m
[96m[ErrorManager] Ignoring line: [ERROR] [Help 1] http://cwiki.apache.org/confluence/display/MAVEN/MojoFailureException[0m
[96m[ErrorManager] Using fallback error line: [ERROR] Failed to execute goal org.apache.maven.plugins:maven-surefire-plugin:2.12.4:test (default-test) on project CVE-2023-51075: There are test failures.[0m
[91m[ErrorManager] Failed to read file UNKNOWN: [Errno 2] No such file or directory: 'UNKNOWN'[0m
[RepairModule] Old grouped keys: {'[ERROR] Failed to execute goal org.apache.maven.plugins:maven-surefire-plugin:2.12.4:test (default-test) on project CVE-2023-51075: There are test failures. |'}
[RepairModule] New grouped keys: {'[ERROR] Failed to execute goal org.apache.maven.plugins:maven-surefire-plugin:2.12.4:test (default-test) on project CVE-2023-51075: There are test failures. |'}
[91m[RepairModule] Error [ERROR] Failed to execute goal org.apache.maven.plugins:maven-surefire-plugin:2.12.4:test (default-test) on project CVE-2023-51075: There are test failures. still exists in group [ERROR] Failed to execute goal org.apache.maven.plugins:maven-surefire-plugin:2.12.4:test (default-test) on project CVE-2023-51075: There are test failures. | after applying diff.[0m
[96m[RepairModule] Iteration 0, temperature 1.000: Trying diff #22 with score 1.25[0m
[LLMClient] Tokens used: 2289 (prompt), 216 (completion), 2505 (total)
[LLMClient] Prompt: 
You are given a Java test file with compilation errors in version 5.7.19:cn.hutool:hutool-core.
This test file compiles and runs successfully in 5.7.18.

The diff is related to the diff.
Your task has three steps:
 1. Locate the code where the compilation error occurs.
 2. Analyze the diff from 5.7.18 to 5.7.19.
 3. Fix the error in the error position only when diff is helpful. Add import statement when needed according to the diff. If mocking, access fields via reflection if they exist. 

Only output the modified version of the test file according to the diff. No explanations. 
### Compilation Errors:
message: [INFO] Scanning for projects...
[WARNING] 
[WARNING] Some problems were encountered while building the effective model for edu.vision.se:CVE-2023-51075:jar:1.0-SNAPSHOT
[WARNING] 'dependencies.dependency.(groupId:artifactId:type:classifier)' must be unique: junit:junit:jar -> duplicate declaration of version 4.13.2 @ line 20, column 121
[WARNING] 'dependencies.dependency.(groupId:artifactId:type:classifier)' must be unique: junit:junit:jar -> duplicate declaration of version 4.13.2 @ line 20, column 225
[WARNING] 'dependencies.dependency.(groupId:artifactId:type:classifier)' must be unique: junit:junit:jar -> duplicate declaration of version 4.13.2 @ line 20, column 329
[WARNING] 
[WARNING] It is highly recommended to fix these problems because they threaten the stability of your build.
[WARNING] 
[WARNING] For this reason, future Maven versions might no longer support building such malformed projects.
[WARNING] 
[INFO] 
[INFO] --------------------< edu.vision.se:CVE-2023-51075 >--------------------
[INFO] Building CVE-2023-51075 1.0-SNAPSHOT
[INFO]   from pom.xml
[INFO] --------------------------------[ jar ]---------------------------------
[INFO] 
[INFO] --- maven-clean-plugin:2.5:clean (default-clean) @ CVE-2023-51075 ---
[INFO] Deleting /PoCAdaptation/exploit/result/CVE-2023-51075/5.7.19/exploit/target
[INFO] 
[INFO] --- maven-resources-plugin:2.6:resources (default-resources) @ CVE-2023-51075 ---
[WARNING] Using platform encoding (UTF-8 actually) to copy filtered resources, i.e. build is platform dependent!
[INFO] skip non existing resourceDirectory /PoCAdaptation/exploit/result/CVE-2023-51075/5.7.19/exploit/src/main/resources
[INFO] 
[INFO] --- maven-compiler-plugin:3.1:compile (default-compile) @ CVE-2023-51075 ---
[INFO] No sources to compile
[INFO] 
[INFO] --- maven-resources-plugin:2.6:testResources (default-testResources) @ CVE-2023-51075 ---
[WARNING] Using platform encoding (UTF-8 actually) to copy filtered resources, i.e. build is platform dependent!
[INFO] skip non existing resourceDirectory /PoCAdaptation/exploit/result/CVE-2023-51075/5.7.19/exploit/src/test/resources
[INFO] 
[INFO] --- maven-compiler-plugin:3.1:testCompile (default-testCompile) @ CVE-2023-51075 ---
[INFO] Changes detected - recompiling the module!
[WARNING] File encoding has not been set, using platform encoding UTF-8, i.e. build is platform dependent!
[INFO] Compiling 1 source file to /PoCAdaptation/exploit/result/CVE-2023-51075/5.7.19/exploit/target/test-classes
[INFO] 
[INFO] --- maven-surefire-plugin:2.12.4:test (default-test) @ CVE-2023-51075 ---
[INFO] Surefire report directory: /PoCAdaptation/exploit/result/CVE-2023-51075/5.7.19/exploit/target/surefire-reports

-------------------------------------------------------
 T E S T S
-------------------------------------------------------
Running edu.vision.se.Testcase1
Tests run: 1, Failures: 0, Errors: 1, Skipped: 0, Time elapsed: 0.055 sec <<< FAILURE!
issue3421Test(edu.vision.se.Testcase1)  Time elapsed: 0.039 sec  <<< ERROR!
java.lang.IndexOutOfBoundsException: Illegal start index
	at java.base/java.util.regex.Matcher.find(Matcher.java:771)
	at cn.hutool.core.text.finder.PatternFinder.start(PatternFinder.java:51)
	at cn.hutool.core.text.split.SplitIter.computeNext(SplitIter.java:74)
	at cn.hutool.core.text.split.SplitIter.computeNext(SplitIter.java:21)
	at cn.hutool.core.collection.ComputeIter.hasNext(ComputeIter.java:42)
	at cn.hutool.core.text.split.SplitIter.toList(SplitIter.java:141)
	at cn.hutool.core.text.split.SplitIter.toList(SplitIter.java:129)
	at cn.hutool.core.text.StrSplitter.split(StrSplitter.java:402)
	at cn.hutool.core.text.StrSplitter.splitByRegex(StrSplitter.java:382)
	at edu.vision.se.Testcase1.issue3421Test(Testcase1.java:15)
	at java.base/jdk.internal.reflect.NativeMethodAccessorImpl.invoke0(Native Method)
	at java.base/jdk.internal.reflect.NativeMethodAccessorImpl.invoke(NativeMethodAccessorImpl.java:62)
	at java.base/jdk.internal.reflect.DelegatingMethodAccessorImpl.invoke(DelegatingMethodAccessorImpl.java:43)
	at java.base/java.lang.reflect.Method.invoke(Method.java:566)
	at org.junit.runners.model.FrameworkMethod$1.runReflectiveCall(FrameworkMethod.java:59)
	at org.junit.internal.runners.model.ReflectiveCallable.run(ReflectiveCallable.java:12)
	at org.junit.runners.model.FrameworkMethod.invokeExplosively(FrameworkMethod.java:56)
	at org.junit.internal.runners.statements.InvokeMethod.evaluate(InvokeMethod.java:17)
	at org.junit.internal.runners.statements.FailOnTimeout$CallableStatement.call(FailOnTimeout.java:299)
	at org.junit.internal.runners.statements.FailOnTimeout$CallableStatement.call(FailOnTimeout.java:293)
	at java.base/java.util.concurrent.FutureTask.run(FutureTask.java:264)
	at java.base/java.lang.Thread.run(Thread.java:834)


Results :

Tests in error: 
  issue3421Test(edu.vision.se.Testcase1): Illegal start index

Tests run: 1, Failures: 0, Errors: 1, Skipped: 0

[INFO] ------------------------------------------------------------------------
[INFO] BUILD FAILURE
[INFO] ------------------------------------------------------------------------
[INFO] Total time:  1.296 s
[INFO] Finished at: 2025-07-13T16:13:57Z
[INFO] ------------------------------------------------------------------------
[ERROR] Failed to execute goal org.apache.maven.plugins:maven-surefire-plugin:2.12.4:test (default-test) on project CVE-2023-51075: There are test failures.
[ERROR] 
[ERROR] Please refer to /PoCAdaptation/exploit/result/CVE-2023-51075/5.7.19/exploit/target/surefire-reports for the individual test results.
[ERROR] -> [Help 1]
[ERROR] 
[ERROR] To see the full stack trace of the errors, re-run Maven with the -e switch.
[ERROR] Re-run Maven using the -X switch to enable full debug logging.
[ERROR] 
[ERROR] For more information about the errors and possible solutions, please read the following articles:
[ERROR] [Help 1] http://cwiki.apache.org/confluence/display/MAVEN/MojoFailureException

### Error Position:
None

### Related Diff:
Operation: MODIFIED, File: hutool-core/src/main/java/cn/hutool/core/text/CharSequenceUtil.java, Hunk: @@ -1860,13 +1853,10 @@ public static List<String> split(CharSequence str, CharSequence separator, int l
 	 * @param str Â≠óÁ¨¶‰∏≤
 	 * @param len ÊØè‰∏Ä‰∏™Â∞èËäÇÁöÑÈïøÂ∫¶
 	 * @return Êà™ÂèñÂêéÁöÑÂ≠óÁ¨¶‰∏≤Êï∞ÁªÑ
+	 * @see StrSplitter#splitByLength(String, int)
-	 * @see StrSplitter#splitByLength(CharSequence, int)
 	 */
 	public static String[] split(CharSequence str, int len) {
+		if (null == str) {
+			return new String[]{};
+		}
+		return StrSplitter.splitByLength(str.toString(), len);
-		return StrSplitter.splitByLength(str, len);
 	}

 	/**

### Test File Content:
package edu.vision.se;

import static org.junit.Assert.assertEquals;

import java.util.List;

import org.junit.Test;

import cn.hutool.core.collection.ListUtil;
import cn.hutool.core.text.StrSplitter;

public class Testcase1 {
    @Test(timeout = 2000)
    public void issue3421Test() {
        List<String> strings = StrSplitter.splitByRegex("", "", 0, false, false);
        // assertEquals(ListUtil.of(""), strings);

        strings = StrSplitter.splitByRegex("aaa", "", 0, false, false);
        // assertEquals(ListUtil.of("aaa"), strings);

        strings = StrSplitter.splitByRegex("", "aaa", 0, false, false);
        // assertEquals(ListUtil.of(""), strings);

        strings = StrSplitter.splitByRegex("", "", 0, false, true);
        // assertEquals(ListUtil.of(), strings);
    }
}



[LLMClient] Response: 
Based on the diff and error, I'll modify the test file to handle the null case properly:

```java
package edu.vision.se;

import static org.junit.Assert.assertEquals;

import java.util.List;

import org.junit.Test;

import cn.hutool.core.collection.ListUtil;
import cn.hutool.core.text.StrSplitter;

public class Testcase1 {
    @Test(timeout = 2000)
    public void issue3421Test() {
        List<String> strings = StrSplitter.splitByRegex("", "", 0, false, false);
        assertEquals(ListUtil.of(""), strings);

        strings = StrSplitter.splitByRegex("aaa", "", 0, false, false);
        assertEquals(ListUtil.of("aaa"), strings);

        strings = StrSplitter.splitByRegex("", "aaa", 0, false, false);
        assertEquals(ListUtil.of(""), strings);

        strings = StrSplitter.splitByRegex("", "", 0, false, true);
        assertEquals(ListUtil.of(), strings);
    }
}
```
[96m[RepairModule] Wrote modified code to /PoCAdaptation/exploit/result/CVE-2023-51075/5.7.19/exploit/src/test/java/edu/vision/se/Testcase1.java[0m
[96m[Executor] Executing exploit for CVE-2023-51075 on version 5.7.19...[0m
[96m[Verifier] Verifying reproduction...[0m
[91m[Verifier] ‚úó Behavior not found: 'org.junit.runners.model.TestTimedOutException'[0m
[91m[Executor] Reproduction result: Failure[0m
[96m[ErrorManager] Ignoring line: [ERROR] Failed to execute goal org.apache.maven.plugins:maven-surefire-plugin:2.12.4:test (default-test) on project CVE-2023-51075: There are test failures.[0m
[96m[ErrorManager] Ignoring line: [ERROR][0m
[96m[ErrorManager] Ignoring line: [ERROR] Please refer to /PoCAdaptation/exploit/result/CVE-2023-51075/5.7.19/exploit/target/surefire-reports for the individual test results.[0m
[96m[ErrorManager] Ignoring line: [ERROR] -> [Help 1][0m
[96m[ErrorManager] Ignoring line: [ERROR][0m
[96m[ErrorManager] Ignoring line: [ERROR] To see the full stack trace of the errors, re-run Maven with the -e switch.[0m
[96m[ErrorManager] Ignoring line: [ERROR] Re-run Maven using the -X switch to enable full debug logging.[0m
[96m[ErrorManager] Ignoring line: [ERROR][0m
[96m[ErrorManager] Ignoring line: [ERROR] For more information about the errors and possible solutions, please read the following articles:[0m
[96m[ErrorManager] Ignoring line: [ERROR] [Help 1] http://cwiki.apache.org/confluence/display/MAVEN/MojoFailureException[0m
[96m[ErrorManager] Using fallback error line: [ERROR] Failed to execute goal org.apache.maven.plugins:maven-surefire-plugin:2.12.4:test (default-test) on project CVE-2023-51075: There are test failures.[0m
[91m[ErrorManager] Failed to read file UNKNOWN: [Errno 2] No such file or directory: 'UNKNOWN'[0m
[RepairModule] Old grouped keys: {'[ERROR] Failed to execute goal org.apache.maven.plugins:maven-surefire-plugin:2.12.4:test (default-test) on project CVE-2023-51075: There are test failures. |'}
[RepairModule] New grouped keys: {'[ERROR] Failed to execute goal org.apache.maven.plugins:maven-surefire-plugin:2.12.4:test (default-test) on project CVE-2023-51075: There are test failures. |'}
[91m[RepairModule] Error [ERROR] Failed to execute goal org.apache.maven.plugins:maven-surefire-plugin:2.12.4:test (default-test) on project CVE-2023-51075: There are test failures. still exists in group [ERROR] Failed to execute goal org.apache.maven.plugins:maven-surefire-plugin:2.12.4:test (default-test) on project CVE-2023-51075: There are test failures. | after applying diff.[0m
[91m[RepairModule] Repair failed after simulated annealing.[0m
[96m[Adapter] Test code repair attempted.[0m
[96m[Executor] Executing exploit for CVE-2023-51075 on version 5.7.19...[0m
[96m[Verifier] Verifying reproduction...[0m
[91m[Verifier] ‚úó Behavior not found: 'org.junit.runners.model.TestTimedOutException'[0m
[91m[Executor] Reproduction result: Failure[0m
[96m[ErrorManager] Ignoring line: [ERROR] Failed to execute goal org.apache.maven.plugins:maven-surefire-plugin:2.12.4:test (default-test) on project CVE-2023-51075: There are test failures.[0m
[96m[ErrorManager] Ignoring line: [ERROR][0m
[96m[ErrorManager] Ignoring line: [ERROR] Please refer to /PoCAdaptation/exploit/result/CVE-2023-51075/5.7.19/exploit/target/surefire-reports for the individual test results.[0m
[96m[ErrorManager] Ignoring line: [ERROR] -> [Help 1][0m
[96m[ErrorManager] Ignoring line: [ERROR][0m
[96m[ErrorManager] Ignoring line: [ERROR] To see the full stack trace of the errors, re-run Maven with the -e switch.[0m
[96m[ErrorManager] Ignoring line: [ERROR] Re-run Maven using the -X switch to enable full debug logging.[0m
[96m[ErrorManager] Ignoring line: [ERROR][0m
[96m[ErrorManager] Ignoring line: [ERROR] For more information about the errors and possible solutions, please read the following articles:[0m
[96m[ErrorManager] Ignoring line: [ERROR] [Help 1] http://cwiki.apache.org/confluence/display/MAVEN/MojoFailureException[0m
[96m[ErrorManager] Using fallback error line: [ERROR] Failed to execute goal org.apache.maven.plugins:maven-surefire-plugin:2.12.4:test (default-test) on project CVE-2023-51075: There are test failures.[0m
[91m[ErrorManager] Failed to read file UNKNOWN: [Errno 2] No such file or directory: 'UNKNOWN'[0m
[96m[Adapter] Locating fix position in error log.[0m
[LLMClient] Tokens used: 2260 (prompt), 1 (completion), 2261 (total)
[LLMClient] Prompt: 
You are given a Java error log when executing 'mvn test' in a project with dependency version 5.7.19:cn.hutool:hutool-core.
This test file compiles and runs successfully with version 5.7.18.

Your task is to:
1. Analyze why this issue occurs with the *5.7.18* but not with the *5.7.19 version*.
2. Consider how to resolve the issue **without updating this library**.
3. Determine and output the location in the project that should be modified to fix the problem.

Please return 'pom' if the fix is in the pom.xml file, or 'test' if the fix is in the test code.
Do not return any other text, just 'pom' or 'test'.

The error log is:
[INFO] Scanning for projects...
[WARNING] 
[WARNING] Some problems were encountered while building the effective model for edu.vision.se:CVE-2023-51075:jar:1.0-SNAPSHOT
[WARNING] 'dependencies.dependency.(groupId:artifactId:type:classifier)' must be unique: junit:junit:jar -> duplicate declaration of version 4.13.2 @ line 20, column 121
[WARNING] 'dependencies.dependency.(groupId:artifactId:type:classifier)' must be unique: junit:junit:jar -> duplicate declaration of version 4.13.2 @ line 20, column 225
[WARNING] 'dependencies.dependency.(groupId:artifactId:type:classifier)' must be unique: junit:junit:jar -> duplicate declaration of version 4.13.2 @ line 20, column 329
[WARNING] 
[WARNING] It is highly recommended to fix these problems because they threaten the stability of your build.
[WARNING] 
[WARNING] For this reason, future Maven versions might no longer support building such malformed projects.
[WARNING] 
[INFO] 
[INFO] --------------------< edu.vision.se:CVE-2023-51075 >--------------------
[INFO] Building CVE-2023-51075 1.0-SNAPSHOT
[INFO]   from pom.xml
[INFO] --------------------------------[ jar ]---------------------------------
[INFO] 
[INFO] --- maven-clean-plugin:2.5:clean (default-clean) @ CVE-2023-51075 ---
[INFO] Deleting /PoCAdaptation/exploit/result/CVE-2023-51075/5.7.19/exploit/target
[INFO] 
[INFO] --- maven-resources-plugin:2.6:resources (default-resources) @ CVE-2023-51075 ---
[WARNING] Using platform encoding (UTF-8 actually) to copy filtered resources, i.e. build is platform dependent!
[INFO] skip non existing resourceDirectory /PoCAdaptation/exploit/result/CVE-2023-51075/5.7.19/exploit/src/main/resources
[INFO] 
[INFO] --- maven-compiler-plugin:3.1:compile (default-compile) @ CVE-2023-51075 ---
[INFO] No sources to compile
[INFO] 
[INFO] --- maven-resources-plugin:2.6:testResources (default-testResources) @ CVE-2023-51075 ---
[WARNING] Using platform encoding (UTF-8 actually) to copy filtered resources, i.e. build is platform dependent!
[INFO] skip non existing resourceDirectory /PoCAdaptation/exploit/result/CVE-2023-51075/5.7.19/exploit/src/test/resources
[INFO] 
[INFO] --- maven-compiler-plugin:3.1:testCompile (default-testCompile) @ CVE-2023-51075 ---
[INFO] Changes detected - recompiling the module!
[WARNING] File encoding has not been set, using platform encoding UTF-8, i.e. build is platform dependent!
[INFO] Compiling 1 source file to /PoCAdaptation/exploit/result/CVE-2023-51075/5.7.19/exploit/target/test-classes
[INFO] 
[INFO] --- maven-surefire-plugin:2.12.4:test (default-test) @ CVE-2023-51075 ---
[INFO] Surefire report directory: /PoCAdaptation/exploit/result/CVE-2023-51075/5.7.19/exploit/target/surefire-reports

-------------------------------------------------------
 T E S T S
-------------------------------------------------------
Running edu.vision.se.Testcase1
Tests run: 1, Failures: 0, Errors: 1, Skipped: 0, Time elapsed: 0.084 sec <<< FAILURE!
issue3421Test(edu.vision.se.Testcase1)  Time elapsed: 0.063 sec  <<< ERROR!
java.lang.IndexOutOfBoundsException: Illegal start index
	at java.base/java.util.regex.Matcher.find(Matcher.java:771)
	at cn.hutool.core.text.finder.PatternFinder.start(PatternFinder.java:51)
	at cn.hutool.core.text.split.SplitIter.computeNext(SplitIter.java:74)
	at cn.hutool.core.text.split.SplitIter.computeNext(SplitIter.java:21)
	at cn.hutool.core.collection.ComputeIter.hasNext(ComputeIter.java:42)
	at cn.hutool.core.text.split.SplitIter.toList(SplitIter.java:141)
	at cn.hutool.core.text.split.SplitIter.toList(SplitIter.java:129)
	at cn.hutool.core.text.StrSplitter.split(StrSplitter.java:402)
	at cn.hutool.core.text.StrSplitter.splitByRegex(StrSplitter.java:382)
	at edu.vision.se.Testcase1.issue3421Test(Testcase1.java:15)
	at java.base/jdk.internal.reflect.NativeMethodAccessorImpl.invoke0(Native Method)
	at java.base/jdk.internal.reflect.NativeMethodAccessorImpl.invoke(NativeMethodAccessorImpl.java:62)
	at java.base/jdk.internal.reflect.DelegatingMethodAccessorImpl.invoke(DelegatingMethodAccessorImpl.java:43)
	at java.base/java.lang.reflect.Method.invoke(Method.java:566)
	at org.junit.runners.model.FrameworkMethod$1.runReflectiveCall(FrameworkMethod.java:59)
	at org.junit.internal.runners.model.ReflectiveCallable.run(ReflectiveCallable.java:12)
	at org.junit.runners.model.FrameworkMethod.invokeExplosively(FrameworkMethod.java:56)
	at org.junit.internal.runners.statements.InvokeMethod.evaluate(InvokeMethod.java:17)
	at org.junit.internal.runners.statements.FailOnTimeout$CallableStatement.call(FailOnTimeout.java:299)
	at org.junit.internal.runners.statements.FailOnTimeout$CallableStatement.call(FailOnTimeout.java:293)
	at java.base/java.util.concurrent.FutureTask.run(FutureTask.java:264)
	at java.base/java.lang.Thread.run(Thread.java:834)


Results :

Tests in error: 
  issue3421Test(edu.vision.se.Testcase1): Illegal start index

Tests run: 1, Failures: 0, Errors: 1, Skipped: 0

[INFO] ------------------------------------------------------------------------
[INFO] BUILD FAILURE
[INFO] ------------------------------------------------------------------------
[INFO] Total time:  1.531 s
[INFO] Finished at: 2025-07-13T16:14:15Z
[INFO] ------------------------------------------------------------------------
[ERROR] Failed to execute goal org.apache.maven.plugins:maven-surefire-plugin:2.12.4:test (default-test) on project CVE-2023-51075: There are test failures.
[ERROR] 
[ERROR] Please refer to /PoCAdaptation/exploit/result/CVE-2023-51075/5.7.19/exploit/target/surefire-reports for the individual test results.
[ERROR] -> [Help 1]
[ERROR] 
[ERROR] To see the full stack trace of the errors, re-run Maven with the -e switch.
[ERROR] Re-run Maven using the -X switch to enable full debug logging.
[ERROR] 
[ERROR] For more information about the errors and possible solutions, please read the following articles:
[ERROR] [Help 1] http://cwiki.apache.org/confluence/display/MAVEN/MojoFailureException


current_pom file is:<?xml version='1.0' encoding='utf-8'?>
<project xmlns="http://maven.apache.org/POM/4.0.0" xmlns:xsi="http://www.w3.org/2001/XMLSchema-instance" xsi:schemaLocation="http://maven.apache.org/POM/4.0.0 http://maven.apache.org/xsd/maven-4.0.0.xsd">
    <modelVersion>4.0.0</modelVersion>
    <groupId>edu.vision.se</groupId>
    <artifactId>CVE-2023-51075</artifactId>
    <version>1.0-SNAPSHOT</version>

    <properties>
        <maven.compiler.source>11</maven.compiler.source>
        <maven.compiler.target>11</maven.compiler.target>
    </properties>

    <dependencies>
        
        <dependency>
            <groupId>cn.hutool</groupId>
            <artifactId>hutool-core</artifactId>
            <version>5.7.19</version>
        </dependency>
    <dependency><groupId>junit</groupId><artifactId>junit</artifactId><version>4.13.2</version></dependency><dependency><groupId>junit</groupId><artifactId>junit</artifactId><version>4.13.2</version></dependency><dependency><groupId>junit</groupId><artifactId>junit</artifactId><version>4.13.2</version></dependency><dependency><groupId>junit</groupId><artifactId>junit</artifactId><version>4.13.2</version></dependency></dependencies>
</project>
[LLMClient] Response: 
test
[96m[Adapter] LLM response for fix position: test[0m
[LLMClient] Tokens used: 1853 (prompt), 27 (completion), 1880 (total)
[LLMClient] Prompt: 
You are given an error log when executing 'mvn test' in a project relying on a library with version 5.7.19: 

Error: [INFO] Scanning for projects...
[WARNING] 
[WARNING] Some problems were encountered while building the effective model for edu.vision.se:CVE-2023-51075:jar:1.0-SNAPSHOT
[WARNING] 'dependencies.dependency.(groupId:artifactId:type:classifier)' must be unique: junit:junit:jar -> duplicate declaration of version 4.13.2 @ line 20, column 121
[WARNING] 'dependencies.dependency.(groupId:artifactId:type:classifier)' must be unique: junit:junit:jar -> duplicate declaration of version 4.13.2 @ line 20, column 225
[WARNING] 'dependencies.dependency.(groupId:artifactId:type:classifier)' must be unique: junit:junit:jar -> duplicate declaration of version 4.13.2 @ line 20, column 329
[WARNING] 
[WARNING] It is highly recommended to fix these problems because they threaten the stability of your build.
[WARNING] 
[WARNING] For this reason, future Maven versions might no longer support building such malformed projects.
[WARNING] 
[INFO] 
[INFO] --------------------< edu.vision.se:CVE-2023-51075 >--------------------
[INFO] Building CVE-2023-51075 1.0-SNAPSHOT
[INFO]   from pom.xml
[INFO] --------------------------------[ jar ]---------------------------------
[INFO] 
[INFO] --- maven-clean-plugin:2.5:clean (default-clean) @ CVE-2023-51075 ---
[INFO] Deleting /PoCAdaptation/exploit/result/CVE-2023-51075/5.7.19/exploit/target
[INFO] 
[INFO] --- maven-resources-plugin:2.6:resources (default-resources) @ CVE-2023-51075 ---
[WARNING] Using platform encoding (UTF-8 actually) to copy filtered resources, i.e. build is platform dependent!
[INFO] skip non existing resourceDirectory /PoCAdaptation/exploit/result/CVE-2023-51075/5.7.19/exploit/src/main/resources
[INFO] 
[INFO] --- maven-compiler-plugin:3.1:compile (default-compile) @ CVE-2023-51075 ---
[INFO] No sources to compile
[INFO] 
[INFO] --- maven-resources-plugin:2.6:testResources (default-testResources) @ CVE-2023-51075 ---
[WARNING] Using platform encoding (UTF-8 actually) to copy filtered resources, i.e. build is platform dependent!
[INFO] skip non existing resourceDirectory /PoCAdaptation/exploit/result/CVE-2023-51075/5.7.19/exploit/src/test/resources
[INFO] 
[INFO] --- maven-compiler-plugin:3.1:testCompile (default-testCompile) @ CVE-2023-51075 ---
[INFO] Changes detected - recompiling the module!
[WARNING] File encoding has not been set, using platform encoding UTF-8, i.e. build is platform dependent!
[INFO] Compiling 1 source file to /PoCAdaptation/exploit/result/CVE-2023-51075/5.7.19/exploit/target/test-classes
[INFO] 
[INFO] --- maven-surefire-plugin:2.12.4:test (default-test) @ CVE-2023-51075 ---
[INFO] Surefire report directory: /PoCAdaptation/exploit/result/CVE-2023-51075/5.7.19/exploit/target/surefire-reports

-------------------------------------------------------
 T E S T S
-------------------------------------------------------
Running edu.vision.se.Testcase1
Tests run: 1, Failures: 0, Errors: 1, Skipped: 0, Time elapsed: 0.084 sec <<< FAILURE!
issue3421Test(edu.vision.se.Testcase1)  Time elapsed: 0.063 sec  <<< ERROR!
java.lang.IndexOutOfBoundsException: Illegal start index
	at java.base/java.util.regex.Matcher.find(Matcher.java:771)
	at cn.hutool.core.text.finder.PatternFinder.start(PatternFinder.java:51)
	at cn.hutool.core.text.split.SplitIter.computeNext(SplitIter.java:74)
	at cn.hutool.core.text.split.SplitIter.computeNext(SplitIter.java:21)
	at cn.hutool.core.collection.ComputeIter.hasNext(ComputeIter.java:42)
	at cn.hutool.core.text.split.SplitIter.toList(SplitIter.java:141)
	at cn.hutool.core.text.split.SplitIter.toList(SplitIter.java:129)
	at cn.hutool.core.text.StrSplitter.split(StrSplitter.java:402)
	at cn.hutool.core.text.StrSplitter.splitByRegex(StrSplitter.java:382)
	at edu.vision.se.Testcase1.issue3421Test(Testcase1.java:15)
	at java.base/jdk.internal.reflect.NativeMethodAccessorImpl.invoke0(Native Method)
	at java.base/jdk.internal.reflect.NativeMethodAccessorImpl.invoke(NativeMethodAccessorImpl.java:62)
	at java.base/jdk.internal.reflect.DelegatingMethodAccessorImpl.invoke(DelegatingMethodAccessorImpl.java:43)
	at java.base/java.lang.reflect.Method.invoke(Method.java:566)
	at org.junit.runners.model.FrameworkMethod$1.runReflectiveCall(FrameworkMethod.java:59)
	at org.junit.internal.runners.model.ReflectiveCallable.run(ReflectiveCallable.java:12)
	at org.junit.runners.model.FrameworkMethod.invokeExplosively(FrameworkMethod.java:56)
	at org.junit.internal.runners.statements.InvokeMethod.evaluate(InvokeMethod.java:17)
	at org.junit.internal.runners.statements.FailOnTimeout$CallableStatement.call(FailOnTimeout.java:299)
	at org.junit.internal.runners.statements.FailOnTimeout$CallableStatement.call(FailOnTimeout.java:293)
	at java.base/java.util.concurrent.FutureTask.run(FutureTask.java:264)
	at java.base/java.lang.Thread.run(Thread.java:834)


Results :

Tests in error: 
  issue3421Test(edu.vision.se.Testcase1): Illegal start index

Tests run: 1, Failures: 0, Errors: 1, Skipped: 0

[INFO] ------------------------------------------------------------------------
[INFO] BUILD FAILURE
[INFO] ------------------------------------------------------------------------
[INFO] Total time:  1.531 s
[INFO] Finished at: 2025-07-13T16:14:15Z
[INFO] ------------------------------------------------------------------------
[ERROR] Failed to execute goal org.apache.maven.plugins:maven-surefire-plugin:2.12.4:test (default-test) on project CVE-2023-51075: There are test failures.
[ERROR] 
[ERROR] Please refer to /PoCAdaptation/exploit/result/CVE-2023-51075/5.7.19/exploit/target/surefire-reports for the individual test results.
[ERROR] -> [Help 1]
[ERROR] 
[ERROR] To see the full stack trace of the errors, re-run Maven with the -e switch.
[ERROR] Re-run Maven using the -X switch to enable full debug logging.
[ERROR] 
[ERROR] For more information about the errors and possible solutions, please read the following articles:
[ERROR] [Help 1] http://cwiki.apache.org/confluence/display/MAVEN/MojoFailureException

 

The test executes as expected in 5.7.18 but not in 5.7.19. 

Extract two key entities from the error log for searching related diffs. Your classname and method name should ignore package and parameter

The extracted entities should reflect code-level identifiers that are likely to appear in diffs. We prefer a simple entity

Output each node as a `;`-separated list, with no explanations. 


[LLMClient] Response: 
Testcase1;issue3421Test
StrSplitter;splitByRegex
PatternFinder;start
SplitIter;computeNext
[96m[ErrorManager] Extracted key entities: ['Testcase1', 'issue3421Test\nStrSplitter', 'splitByRegex\nPatternFinder', 'start\nSplitIter', 'computeNext'][0m
[96m[Adapter] Try to solve error: {'file': 'UNKNOWN', 'line': -1, 'column': -1, 'message': '[ERROR] Failed to execute goal org.apache.maven.plugins:maven-surefire-plugin:2.12.4:test (default-test) on project CVE-2023-51075: There are test failures.', 'symbol': None, 'location': None, 'code_line': None} with cause: ['Testcase1', 'issue3421Test\nStrSplitter', 'splitByRegex\nPatternFinder', 'start\nSplitIter', 'computeNext'][0m
[LLMClient] Tokens used: 1888 (prompt), 27 (completion), 1915 (total)
[LLMClient] Prompt: 
You are given an error log when executing 'mvn test' in a project relying on a library with version 5.7.19: 

Error: [INFO] Scanning for projects...
[WARNING] 
[WARNING] Some problems were encountered while building the effective model for edu.vision.se:CVE-2023-51075:jar:1.0-SNAPSHOT
[WARNING] 'dependencies.dependency.(groupId:artifactId:type:classifier)' must be unique: junit:junit:jar -> duplicate declaration of version 4.13.2 @ line 20, column 121
[WARNING] 'dependencies.dependency.(groupId:artifactId:type:classifier)' must be unique: junit:junit:jar -> duplicate declaration of version 4.13.2 @ line 20, column 225
[WARNING] 'dependencies.dependency.(groupId:artifactId:type:classifier)' must be unique: junit:junit:jar -> duplicate declaration of version 4.13.2 @ line 20, column 329
[WARNING] 
[WARNING] It is highly recommended to fix these problems because they threaten the stability of your build.
[WARNING] 
[WARNING] For this reason, future Maven versions might no longer support building such malformed projects.
[WARNING] 
[INFO] 
[INFO] --------------------< edu.vision.se:CVE-2023-51075 >--------------------
[INFO] Building CVE-2023-51075 1.0-SNAPSHOT
[INFO]   from pom.xml
[INFO] --------------------------------[ jar ]---------------------------------
[INFO] 
[INFO] --- maven-clean-plugin:2.5:clean (default-clean) @ CVE-2023-51075 ---
[INFO] Deleting /PoCAdaptation/exploit/result/CVE-2023-51075/5.7.19/exploit/target
[INFO] 
[INFO] --- maven-resources-plugin:2.6:resources (default-resources) @ CVE-2023-51075 ---
[WARNING] Using platform encoding (UTF-8 actually) to copy filtered resources, i.e. build is platform dependent!
[INFO] skip non existing resourceDirectory /PoCAdaptation/exploit/result/CVE-2023-51075/5.7.19/exploit/src/main/resources
[INFO] 
[INFO] --- maven-compiler-plugin:3.1:compile (default-compile) @ CVE-2023-51075 ---
[INFO] No sources to compile
[INFO] 
[INFO] --- maven-resources-plugin:2.6:testResources (default-testResources) @ CVE-2023-51075 ---
[WARNING] Using platform encoding (UTF-8 actually) to copy filtered resources, i.e. build is platform dependent!
[INFO] skip non existing resourceDirectory /PoCAdaptation/exploit/result/CVE-2023-51075/5.7.19/exploit/src/test/resources
[INFO] 
[INFO] --- maven-compiler-plugin:3.1:testCompile (default-testCompile) @ CVE-2023-51075 ---
[INFO] Changes detected - recompiling the module!
[WARNING] File encoding has not been set, using platform encoding UTF-8, i.e. build is platform dependent!
[INFO] Compiling 1 source file to /PoCAdaptation/exploit/result/CVE-2023-51075/5.7.19/exploit/target/test-classes
[INFO] 
[INFO] --- maven-surefire-plugin:2.12.4:test (default-test) @ CVE-2023-51075 ---
[INFO] Surefire report directory: /PoCAdaptation/exploit/result/CVE-2023-51075/5.7.19/exploit/target/surefire-reports

-------------------------------------------------------
 T E S T S
-------------------------------------------------------
Running edu.vision.se.Testcase1
Tests run: 1, Failures: 0, Errors: 1, Skipped: 0, Time elapsed: 0.084 sec <<< FAILURE!
issue3421Test(edu.vision.se.Testcase1)  Time elapsed: 0.063 sec  <<< ERROR!
java.lang.IndexOutOfBoundsException: Illegal start index
	at java.base/java.util.regex.Matcher.find(Matcher.java:771)
	at cn.hutool.core.text.finder.PatternFinder.start(PatternFinder.java:51)
	at cn.hutool.core.text.split.SplitIter.computeNext(SplitIter.java:74)
	at cn.hutool.core.text.split.SplitIter.computeNext(SplitIter.java:21)
	at cn.hutool.core.collection.ComputeIter.hasNext(ComputeIter.java:42)
	at cn.hutool.core.text.split.SplitIter.toList(SplitIter.java:141)
	at cn.hutool.core.text.split.SplitIter.toList(SplitIter.java:129)
	at cn.hutool.core.text.StrSplitter.split(StrSplitter.java:402)
	at cn.hutool.core.text.StrSplitter.splitByRegex(StrSplitter.java:382)
	at edu.vision.se.Testcase1.issue3421Test(Testcase1.java:15)
	at java.base/jdk.internal.reflect.NativeMethodAccessorImpl.invoke0(Native Method)
	at java.base/jdk.internal.reflect.NativeMethodAccessorImpl.invoke(NativeMethodAccessorImpl.java:62)
	at java.base/jdk.internal.reflect.DelegatingMethodAccessorImpl.invoke(DelegatingMethodAccessorImpl.java:43)
	at java.base/java.lang.reflect.Method.invoke(Method.java:566)
	at org.junit.runners.model.FrameworkMethod$1.runReflectiveCall(FrameworkMethod.java:59)
	at org.junit.internal.runners.model.ReflectiveCallable.run(ReflectiveCallable.java:12)
	at org.junit.runners.model.FrameworkMethod.invokeExplosively(FrameworkMethod.java:56)
	at org.junit.internal.runners.statements.InvokeMethod.evaluate(InvokeMethod.java:17)
	at org.junit.internal.runners.statements.FailOnTimeout$CallableStatement.call(FailOnTimeout.java:299)
	at org.junit.internal.runners.statements.FailOnTimeout$CallableStatement.call(FailOnTimeout.java:293)
	at java.base/java.util.concurrent.FutureTask.run(FutureTask.java:264)
	at java.base/java.lang.Thread.run(Thread.java:834)


Results :

Tests in error: 
  issue3421Test(edu.vision.se.Testcase1): Illegal start index

Tests run: 1, Failures: 0, Errors: 1, Skipped: 0

[INFO] ------------------------------------------------------------------------
[INFO] BUILD FAILURE
[INFO] ------------------------------------------------------------------------
[INFO] Total time:  1.531 s
[INFO] Finished at: 2025-07-13T16:14:15Z
[INFO] ------------------------------------------------------------------------
[ERROR] Failed to execute goal org.apache.maven.plugins:maven-surefire-plugin:2.12.4:test (default-test) on project CVE-2023-51075: There are test failures.
[ERROR] 
[ERROR] Please refer to /PoCAdaptation/exploit/result/CVE-2023-51075/5.7.19/exploit/target/surefire-reports for the individual test results.
[ERROR] -> [Help 1]
[ERROR] 
[ERROR] To see the full stack trace of the errors, re-run Maven with the -e switch.
[ERROR] Re-run Maven using the -X switch to enable full debug logging.
[ERROR] 
[ERROR] For more information about the errors and possible solutions, please read the following articles:
[ERROR] [Help 1] http://cwiki.apache.org/confluence/display/MAVEN/MojoFailureException

 

The test executes as expected in 5.7.18 but not in 5.7.19. 

Extract two key entities from the error log for searching related diffs 

The extracted entities should reflect code-level identifiers that are likely to appear in diffs. We prefer a simple entity.

Current cause: ['Testcase1', 'issue3421Test\nStrSplitter', 'splitByRegex\nPatternFinder', 'start\nSplitIter', 'computeNext'] 

 failed to catch, try simpler or other entities.

Output each node as a `;`-separated list, with no explanations. 


[LLMClient] Response: 
Testcase1;issue3421Test;StrSplitter;splitByRegex;PatternFinder;start;SplitIter;computeNext
[96m[ErrorManager] Extracted key entities: ['Testcase1', 'issue3421Test', 'StrSplitter', 'splitByRegex', 'PatternFinder', 'start', 'SplitIter', 'computeNext'][0m
[96m[Adapter] Related diffs for error: [(41, 10.0), (18, 5.0), (20, 5.0), (21, 5.0), (22, 5.0)][0m
[96m[Adapter] Fix position is in test code.[0m
[96m[RepairModule] Start repair for group: [ERROR] Failed to execute goal org.apache.maven.plugins:maven-surefire-plugin:2.12.4:test (default-test) on project CVE-2023-51075: There are test failures. | cause: ['Testcase1', 'issue3421Test', 'StrSplitter', 'splitByRegex', 'PatternFinder', 'start', 'SplitIter', 'computeNext'][0m
[96m[RepairModule] Trying best diff #41 with score 10.00[0m
[96m[RepairModule] Iteration 0, temperature 1.000: Trying diff #41 with score 10.00[0m
[LLMClient] Tokens used: 2262 (prompt), 205 (completion), 2467 (total)
[LLMClient] Prompt: 
You are given a Java test file with compilation errors in version 5.7.19:cn.hutool:hutool-core.
This test file compiles and runs successfully in 5.7.18.

The diff is related to the diff.
Your task has three steps:
 1. Locate the code where the compilation error occurs.
 2. Analyze the diff from 5.7.18 to 5.7.19.
 3. Fix the error in the error position only when diff is helpful. Add import statement when needed according to the diff. If mocking, access fields via reflection if they exist. 

Only output the modified version of the test file according to the diff. No explanations. 
### Compilation Errors:
message: [INFO] Scanning for projects...
[WARNING] 
[WARNING] Some problems were encountered while building the effective model for edu.vision.se:CVE-2023-51075:jar:1.0-SNAPSHOT
[WARNING] 'dependencies.dependency.(groupId:artifactId:type:classifier)' must be unique: junit:junit:jar -> duplicate declaration of version 4.13.2 @ line 20, column 121
[WARNING] 'dependencies.dependency.(groupId:artifactId:type:classifier)' must be unique: junit:junit:jar -> duplicate declaration of version 4.13.2 @ line 20, column 225
[WARNING] 'dependencies.dependency.(groupId:artifactId:type:classifier)' must be unique: junit:junit:jar -> duplicate declaration of version 4.13.2 @ line 20, column 329
[WARNING] 
[WARNING] It is highly recommended to fix these problems because they threaten the stability of your build.
[WARNING] 
[WARNING] For this reason, future Maven versions might no longer support building such malformed projects.
[WARNING] 
[INFO] 
[INFO] --------------------< edu.vision.se:CVE-2023-51075 >--------------------
[INFO] Building CVE-2023-51075 1.0-SNAPSHOT
[INFO]   from pom.xml
[INFO] --------------------------------[ jar ]---------------------------------
[INFO] 
[INFO] --- maven-clean-plugin:2.5:clean (default-clean) @ CVE-2023-51075 ---
[INFO] Deleting /PoCAdaptation/exploit/result/CVE-2023-51075/5.7.19/exploit/target
[INFO] 
[INFO] --- maven-resources-plugin:2.6:resources (default-resources) @ CVE-2023-51075 ---
[WARNING] Using platform encoding (UTF-8 actually) to copy filtered resources, i.e. build is platform dependent!
[INFO] skip non existing resourceDirectory /PoCAdaptation/exploit/result/CVE-2023-51075/5.7.19/exploit/src/main/resources
[INFO] 
[INFO] --- maven-compiler-plugin:3.1:compile (default-compile) @ CVE-2023-51075 ---
[INFO] No sources to compile
[INFO] 
[INFO] --- maven-resources-plugin:2.6:testResources (default-testResources) @ CVE-2023-51075 ---
[WARNING] Using platform encoding (UTF-8 actually) to copy filtered resources, i.e. build is platform dependent!
[INFO] skip non existing resourceDirectory /PoCAdaptation/exploit/result/CVE-2023-51075/5.7.19/exploit/src/test/resources
[INFO] 
[INFO] --- maven-compiler-plugin:3.1:testCompile (default-testCompile) @ CVE-2023-51075 ---
[INFO] Changes detected - recompiling the module!
[WARNING] File encoding has not been set, using platform encoding UTF-8, i.e. build is platform dependent!
[INFO] Compiling 1 source file to /PoCAdaptation/exploit/result/CVE-2023-51075/5.7.19/exploit/target/test-classes
[INFO] 
[INFO] --- maven-surefire-plugin:2.12.4:test (default-test) @ CVE-2023-51075 ---
[INFO] Surefire report directory: /PoCAdaptation/exploit/result/CVE-2023-51075/5.7.19/exploit/target/surefire-reports

-------------------------------------------------------
 T E S T S
-------------------------------------------------------
Running edu.vision.se.Testcase1
Tests run: 1, Failures: 0, Errors: 1, Skipped: 0, Time elapsed: 0.084 sec <<< FAILURE!
issue3421Test(edu.vision.se.Testcase1)  Time elapsed: 0.063 sec  <<< ERROR!
java.lang.IndexOutOfBoundsException: Illegal start index
	at java.base/java.util.regex.Matcher.find(Matcher.java:771)
	at cn.hutool.core.text.finder.PatternFinder.start(PatternFinder.java:51)
	at cn.hutool.core.text.split.SplitIter.computeNext(SplitIter.java:74)
	at cn.hutool.core.text.split.SplitIter.computeNext(SplitIter.java:21)
	at cn.hutool.core.collection.ComputeIter.hasNext(ComputeIter.java:42)
	at cn.hutool.core.text.split.SplitIter.toList(SplitIter.java:141)
	at cn.hutool.core.text.split.SplitIter.toList(SplitIter.java:129)
	at cn.hutool.core.text.StrSplitter.split(StrSplitter.java:402)
	at cn.hutool.core.text.StrSplitter.splitByRegex(StrSplitter.java:382)
	at edu.vision.se.Testcase1.issue3421Test(Testcase1.java:15)
	at java.base/jdk.internal.reflect.NativeMethodAccessorImpl.invoke0(Native Method)
	at java.base/jdk.internal.reflect.NativeMethodAccessorImpl.invoke(NativeMethodAccessorImpl.java:62)
	at java.base/jdk.internal.reflect.DelegatingMethodAccessorImpl.invoke(DelegatingMethodAccessorImpl.java:43)
	at java.base/java.lang.reflect.Method.invoke(Method.java:566)
	at org.junit.runners.model.FrameworkMethod$1.runReflectiveCall(FrameworkMethod.java:59)
	at org.junit.internal.runners.model.ReflectiveCallable.run(ReflectiveCallable.java:12)
	at org.junit.runners.model.FrameworkMethod.invokeExplosively(FrameworkMethod.java:56)
	at org.junit.internal.runners.statements.InvokeMethod.evaluate(InvokeMethod.java:17)
	at org.junit.internal.runners.statements.FailOnTimeout$CallableStatement.call(FailOnTimeout.java:299)
	at org.junit.internal.runners.statements.FailOnTimeout$CallableStatement.call(FailOnTimeout.java:293)
	at java.base/java.util.concurrent.FutureTask.run(FutureTask.java:264)
	at java.base/java.lang.Thread.run(Thread.java:834)


Results :

Tests in error: 
  issue3421Test(edu.vision.se.Testcase1): Illegal start index

Tests run: 1, Failures: 0, Errors: 1, Skipped: 0

[INFO] ------------------------------------------------------------------------
[INFO] BUILD FAILURE
[INFO] ------------------------------------------------------------------------
[INFO] Total time:  1.531 s
[INFO] Finished at: 2025-07-13T16:14:15Z
[INFO] ------------------------------------------------------------------------
[ERROR] Failed to execute goal org.apache.maven.plugins:maven-surefire-plugin:2.12.4:test (default-test) on project CVE-2023-51075: There are test failures.
[ERROR] 
[ERROR] Please refer to /PoCAdaptation/exploit/result/CVE-2023-51075/5.7.19/exploit/target/surefire-reports for the individual test results.
[ERROR] -> [Help 1]
[ERROR] 
[ERROR] To see the full stack trace of the errors, re-run Maven with the -e switch.
[ERROR] Re-run Maven using the -X switch to enable full debug logging.
[ERROR] 
[ERROR] For more information about the errors and possible solutions, please read the following articles:
[ERROR] [Help 1] http://cwiki.apache.org/confluence/display/MAVEN/MojoFailureException

### Error Position:
None

### Related Diff:
Operation: MODIFIED, File: hutool-core/src/main/java/cn/hutool/core/text/StrSplitter.java, Hunk: @@ -388,8 +395,7 @@ public static List<String> splitByRegex(String text, String separatorRegex, int
 	 * @since 3.0.8
 	 */
 	public static List<String> split(String text, Pattern separatorPattern, int limit, boolean isTrim, boolean ignoreEmpty) {
+		Assert.notNull(text, "Text must be not null!");
+		if (text.length() < 1) {
-		if (null == text) {
 			return new ArrayList<>(0);
 		}
 		final SplitIter splitIter = new SplitIter(text, new PatternFinder(separatorPattern), limit, ignoreEmpty);

### Test File Content:
package edu.vision.se;

import static org.junit.Assert.assertEquals;

import java.util.List;

import org.junit.Test;

import cn.hutool.core.collection.ListUtil;
import cn.hutool.core.text.StrSplitter;

public class Testcase1 {
    @Test(timeout = 2000)
    public void issue3421Test() {
        List<String> strings = StrSplitter.splitByRegex("", "", 0, false, false);
        // assertEquals(ListUtil.of(""), strings);

        strings = StrSplitter.splitByRegex("aaa", "", 0, false, false);
        // assertEquals(ListUtil.of("aaa"), strings);

        strings = StrSplitter.splitByRegex("", "aaa", 0, false, false);
        // assertEquals(ListUtil.of(""), strings);

        strings = StrSplitter.splitByRegex("", "", 0, false, true);
        // assertEquals(ListUtil.of(), strings);
    }
}



[LLMClient] Response: 
package edu.vision.se;

import static org.junit.Assert.assertEquals;

import java.util.List;

import org.junit.Test;

import cn.hutool.core.collection.ListUtil;
import cn.hutool.core.text.StrSplitter;
import cn.hutool.core.lang.Assert;

public class Testcase1 {
    @Test(timeout = 2000)
    public void issue3421Test() {
        List<String> strings = StrSplitter.splitByRegex("", "", 0, false, false);
        // assertEquals(ListUtil.of(""), strings);

        strings = StrSplitter.splitByRegex("aaa", "", 0, false, false);
        // assertEquals(ListUtil.of("aaa"), strings);

        strings = StrSplitter.splitByRegex("", "aaa", 0, false, false);
        // assertEquals(ListUtil.of(""), strings);

        strings = StrSplitter.splitByRegex("", "", 0, false, true);
        // assertEquals(ListUtil.of(), strings);
    }
}
[96m[RepairModule] Wrote modified code to /PoCAdaptation/exploit/result/CVE-2023-51075/5.7.19/exploit/src/test/java/edu/vision/se/Testcase1.java[0m
[96m[Executor] Executing exploit for CVE-2023-51075 on version 5.7.19...[0m
[96m[Verifier] Verifying reproduction...[0m
[91m[Verifier] ‚úó Behavior not found: 'org.junit.runners.model.TestTimedOutException'[0m
[91m[Executor] Reproduction result: Failure[0m
[96m[ErrorManager] Ignoring line: [ERROR] Failed to execute goal org.apache.maven.plugins:maven-surefire-plugin:2.12.4:test (default-test) on project CVE-2023-51075: There are test failures.[0m
[96m[ErrorManager] Ignoring line: [ERROR][0m
[96m[ErrorManager] Ignoring line: [ERROR] Please refer to /PoCAdaptation/exploit/result/CVE-2023-51075/5.7.19/exploit/target/surefire-reports for the individual test results.[0m
[96m[ErrorManager] Ignoring line: [ERROR] -> [Help 1][0m
[96m[ErrorManager] Ignoring line: [ERROR][0m
[96m[ErrorManager] Ignoring line: [ERROR] To see the full stack trace of the errors, re-run Maven with the -e switch.[0m
[96m[ErrorManager] Ignoring line: [ERROR] Re-run Maven using the -X switch to enable full debug logging.[0m
[96m[ErrorManager] Ignoring line: [ERROR][0m
[96m[ErrorManager] Ignoring line: [ERROR] For more information about the errors and possible solutions, please read the following articles:[0m
[96m[ErrorManager] Ignoring line: [ERROR] [Help 1] http://cwiki.apache.org/confluence/display/MAVEN/MojoFailureException[0m
[96m[ErrorManager] Using fallback error line: [ERROR] Failed to execute goal org.apache.maven.plugins:maven-surefire-plugin:2.12.4:test (default-test) on project CVE-2023-51075: There are test failures.[0m
[91m[ErrorManager] Failed to read file UNKNOWN: [Errno 2] No such file or directory: 'UNKNOWN'[0m
[RepairModule] Old grouped keys: {'[ERROR] Failed to execute goal org.apache.maven.plugins:maven-surefire-plugin:2.12.4:test (default-test) on project CVE-2023-51075: There are test failures. |'}
[RepairModule] New grouped keys: {'[ERROR] Failed to execute goal org.apache.maven.plugins:maven-surefire-plugin:2.12.4:test (default-test) on project CVE-2023-51075: There are test failures. |'}
[91m[RepairModule] Error [ERROR] Failed to execute goal org.apache.maven.plugins:maven-surefire-plugin:2.12.4:test (default-test) on project CVE-2023-51075: There are test failures. still exists in group [ERROR] Failed to execute goal org.apache.maven.plugins:maven-surefire-plugin:2.12.4:test (default-test) on project CVE-2023-51075: There are test failures. | after applying diff.[0m
[96m[RepairModule] Iteration 0, temperature 1.000: Trying diff #18 with score 5.00[0m
[LLMClient] Tokens used: 2237 (prompt), 224 (completion), 2461 (total)
[LLMClient] Prompt: 
You are given a Java test file with compilation errors in version 5.7.19:cn.hutool:hutool-core.
This test file compiles and runs successfully in 5.7.18.

The diff is related to the diff.
Your task has three steps:
 1. Locate the code where the compilation error occurs.
 2. Analyze the diff from 5.7.18 to 5.7.19.
 3. Fix the error in the error position only when diff is helpful. Add import statement when needed according to the diff. If mocking, access fields via reflection if they exist. 

Only output the modified version of the test file according to the diff. No explanations. 
### Compilation Errors:
message: [INFO] Scanning for projects...
[WARNING] 
[WARNING] Some problems were encountered while building the effective model for edu.vision.se:CVE-2023-51075:jar:1.0-SNAPSHOT
[WARNING] 'dependencies.dependency.(groupId:artifactId:type:classifier)' must be unique: junit:junit:jar -> duplicate declaration of version 4.13.2 @ line 20, column 121
[WARNING] 'dependencies.dependency.(groupId:artifactId:type:classifier)' must be unique: junit:junit:jar -> duplicate declaration of version 4.13.2 @ line 20, column 225
[WARNING] 'dependencies.dependency.(groupId:artifactId:type:classifier)' must be unique: junit:junit:jar -> duplicate declaration of version 4.13.2 @ line 20, column 329
[WARNING] 
[WARNING] It is highly recommended to fix these problems because they threaten the stability of your build.
[WARNING] 
[WARNING] For this reason, future Maven versions might no longer support building such malformed projects.
[WARNING] 
[INFO] 
[INFO] --------------------< edu.vision.se:CVE-2023-51075 >--------------------
[INFO] Building CVE-2023-51075 1.0-SNAPSHOT
[INFO]   from pom.xml
[INFO] --------------------------------[ jar ]---------------------------------
[INFO] 
[INFO] --- maven-clean-plugin:2.5:clean (default-clean) @ CVE-2023-51075 ---
[INFO] Deleting /PoCAdaptation/exploit/result/CVE-2023-51075/5.7.19/exploit/target
[INFO] 
[INFO] --- maven-resources-plugin:2.6:resources (default-resources) @ CVE-2023-51075 ---
[WARNING] Using platform encoding (UTF-8 actually) to copy filtered resources, i.e. build is platform dependent!
[INFO] skip non existing resourceDirectory /PoCAdaptation/exploit/result/CVE-2023-51075/5.7.19/exploit/src/main/resources
[INFO] 
[INFO] --- maven-compiler-plugin:3.1:compile (default-compile) @ CVE-2023-51075 ---
[INFO] No sources to compile
[INFO] 
[INFO] --- maven-resources-plugin:2.6:testResources (default-testResources) @ CVE-2023-51075 ---
[WARNING] Using platform encoding (UTF-8 actually) to copy filtered resources, i.e. build is platform dependent!
[INFO] skip non existing resourceDirectory /PoCAdaptation/exploit/result/CVE-2023-51075/5.7.19/exploit/src/test/resources
[INFO] 
[INFO] --- maven-compiler-plugin:3.1:testCompile (default-testCompile) @ CVE-2023-51075 ---
[INFO] Changes detected - recompiling the module!
[WARNING] File encoding has not been set, using platform encoding UTF-8, i.e. build is platform dependent!
[INFO] Compiling 1 source file to /PoCAdaptation/exploit/result/CVE-2023-51075/5.7.19/exploit/target/test-classes
[INFO] 
[INFO] --- maven-surefire-plugin:2.12.4:test (default-test) @ CVE-2023-51075 ---
[INFO] Surefire report directory: /PoCAdaptation/exploit/result/CVE-2023-51075/5.7.19/exploit/target/surefire-reports

-------------------------------------------------------
 T E S T S
-------------------------------------------------------
Running edu.vision.se.Testcase1
Tests run: 1, Failures: 0, Errors: 1, Skipped: 0, Time elapsed: 0.032 sec <<< FAILURE!
issue3421Test(edu.vision.se.Testcase1)  Time elapsed: 0.03 sec  <<< ERROR!
java.lang.IndexOutOfBoundsException: Illegal start index
	at java.base/java.util.regex.Matcher.find(Matcher.java:771)
	at cn.hutool.core.text.finder.PatternFinder.start(PatternFinder.java:51)
	at cn.hutool.core.text.split.SplitIter.computeNext(SplitIter.java:74)
	at cn.hutool.core.text.split.SplitIter.computeNext(SplitIter.java:21)
	at cn.hutool.core.collection.ComputeIter.hasNext(ComputeIter.java:42)
	at cn.hutool.core.text.split.SplitIter.toList(SplitIter.java:141)
	at cn.hutool.core.text.split.SplitIter.toList(SplitIter.java:129)
	at cn.hutool.core.text.StrSplitter.split(StrSplitter.java:402)
	at cn.hutool.core.text.StrSplitter.splitByRegex(StrSplitter.java:382)
	at edu.vision.se.Testcase1.issue3421Test(Testcase1.java:16)
	at java.base/jdk.internal.reflect.NativeMethodAccessorImpl.invoke0(Native Method)
	at java.base/jdk.internal.reflect.NativeMethodAccessorImpl.invoke(NativeMethodAccessorImpl.java:62)
	at java.base/jdk.internal.reflect.DelegatingMethodAccessorImpl.invoke(DelegatingMethodAccessorImpl.java:43)
	at java.base/java.lang.reflect.Method.invoke(Method.java:566)
	at org.junit.runners.model.FrameworkMethod$1.runReflectiveCall(FrameworkMethod.java:59)
	at org.junit.internal.runners.model.ReflectiveCallable.run(ReflectiveCallable.java:12)
	at org.junit.runners.model.FrameworkMethod.invokeExplosively(FrameworkMethod.java:56)
	at org.junit.internal.runners.statements.InvokeMethod.evaluate(InvokeMethod.java:17)
	at org.junit.internal.runners.statements.FailOnTimeout$CallableStatement.call(FailOnTimeout.java:299)
	at org.junit.internal.runners.statements.FailOnTimeout$CallableStatement.call(FailOnTimeout.java:293)
	at java.base/java.util.concurrent.FutureTask.run(FutureTask.java:264)
	at java.base/java.lang.Thread.run(Thread.java:834)


Results :

Tests in error: 
  issue3421Test(edu.vision.se.Testcase1): Illegal start index

Tests run: 1, Failures: 0, Errors: 1, Skipped: 0

[INFO] ------------------------------------------------------------------------
[INFO] BUILD FAILURE
[INFO] ------------------------------------------------------------------------
[INFO] Total time:  1.373 s
[INFO] Finished at: 2025-07-13T16:14:49Z
[INFO] ------------------------------------------------------------------------
[ERROR] Failed to execute goal org.apache.maven.plugins:maven-surefire-plugin:2.12.4:test (default-test) on project CVE-2023-51075: There are test failures.
[ERROR] 
[ERROR] Please refer to /PoCAdaptation/exploit/result/CVE-2023-51075/5.7.19/exploit/target/surefire-reports for the individual test results.
[ERROR] -> [Help 1]
[ERROR] 
[ERROR] To see the full stack trace of the errors, re-run Maven with the -e switch.
[ERROR] Re-run Maven using the -X switch to enable full debug logging.
[ERROR] 
[ERROR] For more information about the errors and possible solutions, please read the following articles:
[ERROR] [Help 1] http://cwiki.apache.org/confluence/display/MAVEN/MojoFailureException

### Error Position:
None

### Related Diff:
Operation: MODIFIED, File: hutool-core/src/main/java/cn/hutool/core/text/CharSequenceUtil.java, Hunk: @@ -1090,7 +1089,7 @@ public static int indexOf(CharSequence str, char searchChar, int start) {
 	/**
 	 * ÊåáÂÆöËåÉÂõ¥ÂÜÖÊü•ÊâæÊåáÂÆöÂ≠óÁ¨¶
 	 *
+	 * @param text        Â≠óÁ¨¶‰∏≤
-	 * @param text       Â≠óÁ¨¶‰∏≤
 	 * @param searchChar Ë¢´Êü•ÊâæÁöÑÂ≠óÁ¨¶
 	 * @param start      Ëµ∑Âßã‰ΩçÁΩÆÔºåÂ¶ÇÊûúÂ∞è‰∫é0Ôºå‰ªé0ÂºÄÂßãÊü•Êâæ
 	 * @param end        ÁªàÊ≠¢‰ΩçÁΩÆÔºåÂ¶ÇÊûúË∂ÖËøástr.length()ÂàôÈªòËÆ§Êü•ÊâæÂà∞Â≠óÁ¨¶‰∏≤Êú´Â∞æ

### Test File Content:
package edu.vision.se;

import static org.junit.Assert.assertEquals;

import java.util.List;

import org.junit.Test;

import cn.hutool.core.collection.ListUtil;
import cn.hutool.core.text.StrSplitter;

public class Testcase1 {
    @Test(timeout = 2000)
    public void issue3421Test() {
        List<String> strings = StrSplitter.splitByRegex("", "", 0, false, false);
        // assertEquals(ListUtil.of(""), strings);

        strings = StrSplitter.splitByRegex("aaa", "", 0, false, false);
        // assertEquals(ListUtil.of("aaa"), strings);

        strings = StrSplitter.splitByRegex("", "aaa", 0, false, false);
        // assertEquals(ListUtil.of(""), strings);

        strings = StrSplitter.splitByRegex("", "", 0, false, true);
        // assertEquals(ListUtil.of(), strings);
    }
}



[LLMClient] Response: 
Based on the error and diff provided, I'll modify the test file to handle the empty string case properly. Here's the modified version:

```java
package edu.vision.se;

import static org.junit.Assert.assertEquals;

import java.util.List;

import org.junit.Test;

import cn.hutool.core.collection.ListUtil;
import cn.hutool.core.text.StrSplitter;

public class Testcase1 {
    @Test(timeout = 2000)
    public void issue3421Test() {
        List<String> strings = StrSplitter.splitByRegex("", "", 0, false, false);
        assertEquals(ListUtil.of(""), strings);

        strings = StrSplitter.splitByRegex("aaa", "", 0, false, false);
        assertEquals(ListUtil.of("aaa"), strings);

        strings = StrSplitter.splitByRegex("", "aaa", 0, false, false);
        assertEquals(ListUtil.of(""), strings);

        strings = StrSplitter.splitByRegex("", "", 0, false, true);
        assertEquals(ListUtil.of(), strings);
    }
}
```
[96m[RepairModule] Wrote modified code to /PoCAdaptation/exploit/result/CVE-2023-51075/5.7.19/exploit/src/test/java/edu/vision/se/Testcase1.java[0m
[96m[Executor] Executing exploit for CVE-2023-51075 on version 5.7.19...[0m
[96m[Verifier] Verifying reproduction...[0m
[91m[Verifier] ‚úó Behavior not found: 'org.junit.runners.model.TestTimedOutException'[0m
[91m[Executor] Reproduction result: Failure[0m
[96m[ErrorManager] Ignoring line: [ERROR] Failed to execute goal org.apache.maven.plugins:maven-surefire-plugin:2.12.4:test (default-test) on project CVE-2023-51075: There are test failures.[0m
[96m[ErrorManager] Ignoring line: [ERROR][0m
[96m[ErrorManager] Ignoring line: [ERROR] Please refer to /PoCAdaptation/exploit/result/CVE-2023-51075/5.7.19/exploit/target/surefire-reports for the individual test results.[0m
[96m[ErrorManager] Ignoring line: [ERROR] -> [Help 1][0m
[96m[ErrorManager] Ignoring line: [ERROR][0m
[96m[ErrorManager] Ignoring line: [ERROR] To see the full stack trace of the errors, re-run Maven with the -e switch.[0m
[96m[ErrorManager] Ignoring line: [ERROR] Re-run Maven using the -X switch to enable full debug logging.[0m
[96m[ErrorManager] Ignoring line: [ERROR][0m
[96m[ErrorManager] Ignoring line: [ERROR] For more information about the errors and possible solutions, please read the following articles:[0m
[96m[ErrorManager] Ignoring line: [ERROR] [Help 1] http://cwiki.apache.org/confluence/display/MAVEN/MojoFailureException[0m
[96m[ErrorManager] Using fallback error line: [ERROR] Failed to execute goal org.apache.maven.plugins:maven-surefire-plugin:2.12.4:test (default-test) on project CVE-2023-51075: There are test failures.[0m
[91m[ErrorManager] Failed to read file UNKNOWN: [Errno 2] No such file or directory: 'UNKNOWN'[0m
[RepairModule] Old grouped keys: {'[ERROR] Failed to execute goal org.apache.maven.plugins:maven-surefire-plugin:2.12.4:test (default-test) on project CVE-2023-51075: There are test failures. |'}
[RepairModule] New grouped keys: {'[ERROR] Failed to execute goal org.apache.maven.plugins:maven-surefire-plugin:2.12.4:test (default-test) on project CVE-2023-51075: There are test failures. |'}
[91m[RepairModule] Error [ERROR] Failed to execute goal org.apache.maven.plugins:maven-surefire-plugin:2.12.4:test (default-test) on project CVE-2023-51075: There are test failures. still exists in group [ERROR] Failed to execute goal org.apache.maven.plugins:maven-surefire-plugin:2.12.4:test (default-test) on project CVE-2023-51075: There are test failures. | after applying diff.[0m
[96m[RepairModule] Iteration 0, temperature 1.000: Trying diff #21 with score 5.00[0m
[LLMClient] Tokens used: 2282 (prompt), 216 (completion), 2498 (total)
[LLMClient] Prompt: 
You are given a Java test file with compilation errors in version 5.7.19:cn.hutool:hutool-core.
This test file compiles and runs successfully in 5.7.18.

The diff is related to the diff.
Your task has three steps:
 1. Locate the code where the compilation error occurs.
 2. Analyze the diff from 5.7.18 to 5.7.19.
 3. Fix the error in the error position only when diff is helpful. Add import statement when needed according to the diff. If mocking, access fields via reflection if they exist. 

Only output the modified version of the test file according to the diff. No explanations. 
### Compilation Errors:
message: [INFO] Scanning for projects...
[WARNING] 
[WARNING] Some problems were encountered while building the effective model for edu.vision.se:CVE-2023-51075:jar:1.0-SNAPSHOT
[WARNING] 'dependencies.dependency.(groupId:artifactId:type:classifier)' must be unique: junit:junit:jar -> duplicate declaration of version 4.13.2 @ line 20, column 121
[WARNING] 'dependencies.dependency.(groupId:artifactId:type:classifier)' must be unique: junit:junit:jar -> duplicate declaration of version 4.13.2 @ line 20, column 225
[WARNING] 'dependencies.dependency.(groupId:artifactId:type:classifier)' must be unique: junit:junit:jar -> duplicate declaration of version 4.13.2 @ line 20, column 329
[WARNING] 
[WARNING] It is highly recommended to fix these problems because they threaten the stability of your build.
[WARNING] 
[WARNING] For this reason, future Maven versions might no longer support building such malformed projects.
[WARNING] 
[INFO] 
[INFO] --------------------< edu.vision.se:CVE-2023-51075 >--------------------
[INFO] Building CVE-2023-51075 1.0-SNAPSHOT
[INFO]   from pom.xml
[INFO] --------------------------------[ jar ]---------------------------------
[INFO] 
[INFO] --- maven-clean-plugin:2.5:clean (default-clean) @ CVE-2023-51075 ---
[INFO] Deleting /PoCAdaptation/exploit/result/CVE-2023-51075/5.7.19/exploit/target
[INFO] 
[INFO] --- maven-resources-plugin:2.6:resources (default-resources) @ CVE-2023-51075 ---
[WARNING] Using platform encoding (UTF-8 actually) to copy filtered resources, i.e. build is platform dependent!
[INFO] skip non existing resourceDirectory /PoCAdaptation/exploit/result/CVE-2023-51075/5.7.19/exploit/src/main/resources
[INFO] 
[INFO] --- maven-compiler-plugin:3.1:compile (default-compile) @ CVE-2023-51075 ---
[INFO] No sources to compile
[INFO] 
[INFO] --- maven-resources-plugin:2.6:testResources (default-testResources) @ CVE-2023-51075 ---
[WARNING] Using platform encoding (UTF-8 actually) to copy filtered resources, i.e. build is platform dependent!
[INFO] skip non existing resourceDirectory /PoCAdaptation/exploit/result/CVE-2023-51075/5.7.19/exploit/src/test/resources
[INFO] 
[INFO] --- maven-compiler-plugin:3.1:testCompile (default-testCompile) @ CVE-2023-51075 ---
[INFO] Changes detected - recompiling the module!
[WARNING] File encoding has not been set, using platform encoding UTF-8, i.e. build is platform dependent!
[INFO] Compiling 1 source file to /PoCAdaptation/exploit/result/CVE-2023-51075/5.7.19/exploit/target/test-classes
[INFO] 
[INFO] --- maven-surefire-plugin:2.12.4:test (default-test) @ CVE-2023-51075 ---
[INFO] Surefire report directory: /PoCAdaptation/exploit/result/CVE-2023-51075/5.7.19/exploit/target/surefire-reports

-------------------------------------------------------
 T E S T S
-------------------------------------------------------
Running edu.vision.se.Testcase1
Tests run: 1, Failures: 0, Errors: 1, Skipped: 0, Time elapsed: 0.056 sec <<< FAILURE!
issue3421Test(edu.vision.se.Testcase1)  Time elapsed: 0.042 sec  <<< ERROR!
java.lang.IndexOutOfBoundsException: Illegal start index
	at java.base/java.util.regex.Matcher.find(Matcher.java:771)
	at cn.hutool.core.text.finder.PatternFinder.start(PatternFinder.java:51)
	at cn.hutool.core.text.split.SplitIter.computeNext(SplitIter.java:74)
	at cn.hutool.core.text.split.SplitIter.computeNext(SplitIter.java:21)
	at cn.hutool.core.collection.ComputeIter.hasNext(ComputeIter.java:42)
	at cn.hutool.core.text.split.SplitIter.toList(SplitIter.java:141)
	at cn.hutool.core.text.split.SplitIter.toList(SplitIter.java:129)
	at cn.hutool.core.text.StrSplitter.split(StrSplitter.java:402)
	at cn.hutool.core.text.StrSplitter.splitByRegex(StrSplitter.java:382)
	at edu.vision.se.Testcase1.issue3421Test(Testcase1.java:15)
	at java.base/jdk.internal.reflect.NativeMethodAccessorImpl.invoke0(Native Method)
	at java.base/jdk.internal.reflect.NativeMethodAccessorImpl.invoke(NativeMethodAccessorImpl.java:62)
	at java.base/jdk.internal.reflect.DelegatingMethodAccessorImpl.invoke(DelegatingMethodAccessorImpl.java:43)
	at java.base/java.lang.reflect.Method.invoke(Method.java:566)
	at org.junit.runners.model.FrameworkMethod$1.runReflectiveCall(FrameworkMethod.java:59)
	at org.junit.internal.runners.model.ReflectiveCallable.run(ReflectiveCallable.java:12)
	at org.junit.runners.model.FrameworkMethod.invokeExplosively(FrameworkMethod.java:56)
	at org.junit.internal.runners.statements.InvokeMethod.evaluate(InvokeMethod.java:17)
	at org.junit.internal.runners.statements.FailOnTimeout$CallableStatement.call(FailOnTimeout.java:299)
	at org.junit.internal.runners.statements.FailOnTimeout$CallableStatement.call(FailOnTimeout.java:293)
	at java.base/java.util.concurrent.FutureTask.run(FutureTask.java:264)
	at java.base/java.lang.Thread.run(Thread.java:834)


Results :

Tests in error: 
  issue3421Test(edu.vision.se.Testcase1): Illegal start index

Tests run: 1, Failures: 0, Errors: 1, Skipped: 0

[INFO] ------------------------------------------------------------------------
[INFO] BUILD FAILURE
[INFO] ------------------------------------------------------------------------
[INFO] Total time:  1.602 s
[INFO] Finished at: 2025-07-13T16:15:06Z
[INFO] ------------------------------------------------------------------------
[ERROR] Failed to execute goal org.apache.maven.plugins:maven-surefire-plugin:2.12.4:test (default-test) on project CVE-2023-51075: There are test failures.
[ERROR] 
[ERROR] Please refer to /PoCAdaptation/exploit/result/CVE-2023-51075/5.7.19/exploit/target/surefire-reports for the individual test results.
[ERROR] -> [Help 1]
[ERROR] 
[ERROR] To see the full stack trace of the errors, re-run Maven with the -e switch.
[ERROR] Re-run Maven using the -X switch to enable full debug logging.
[ERROR] 
[ERROR] For more information about the errors and possible solutions, please read the following articles:
[ERROR] [Help 1] http://cwiki.apache.org/confluence/display/MAVEN/MojoFailureException

### Error Position:
None

### Related Diff:
Operation: MODIFIED, File: hutool-core/src/main/java/cn/hutool/core/text/CharSequenceUtil.java, Hunk: @@ -1847,11 +1843,8 @@ public static List<String> split(CharSequence str, CharSequence separator, boole
 	 * @since 3.2.0
 	 */
 	public static List<String> split(CharSequence str, CharSequence separator, int limit, boolean isTrim, boolean ignoreEmpty) {
+		if (null == str) {
+			return new ArrayList<>(0);
+		}
 		final String separatorStr = (null == separator) ? null : separator.toString();
+		return StrSplitter.split(str.toString(), separatorStr, limit, isTrim, ignoreEmpty);
-		return StrSplitter.split(str, separatorStr, limit, isTrim, ignoreEmpty);
 	}

 	/**

### Test File Content:
package edu.vision.se;

import static org.junit.Assert.assertEquals;

import java.util.List;

import org.junit.Test;

import cn.hutool.core.collection.ListUtil;
import cn.hutool.core.text.StrSplitter;

public class Testcase1 {
    @Test(timeout = 2000)
    public void issue3421Test() {
        List<String> strings = StrSplitter.splitByRegex("", "", 0, false, false);
        // assertEquals(ListUtil.of(""), strings);

        strings = StrSplitter.splitByRegex("aaa", "", 0, false, false);
        // assertEquals(ListUtil.of("aaa"), strings);

        strings = StrSplitter.splitByRegex("", "aaa", 0, false, false);
        // assertEquals(ListUtil.of(""), strings);

        strings = StrSplitter.splitByRegex("", "", 0, false, true);
        // assertEquals(ListUtil.of(), strings);
    }
}



[LLMClient] Response: 
Based on the diff and error, I'll modify the test file to handle the null case properly:

```java
package edu.vision.se;

import static org.junit.Assert.assertEquals;

import java.util.List;

import org.junit.Test;

import cn.hutool.core.collection.ListUtil;
import cn.hutool.core.text.StrSplitter;

public class Testcase1 {
    @Test(timeout = 2000)
    public void issue3421Test() {
        List<String> strings = StrSplitter.splitByRegex("", "", 0, false, false);
        assertEquals(ListUtil.of(""), strings);

        strings = StrSplitter.splitByRegex("aaa", "", 0, false, false);
        assertEquals(ListUtil.of("aaa"), strings);

        strings = StrSplitter.splitByRegex("", "aaa", 0, false, false);
        assertEquals(ListUtil.of(""), strings);

        strings = StrSplitter.splitByRegex("", "", 0, false, true);
        assertEquals(ListUtil.of(), strings);
    }
}
```
[96m[RepairModule] Wrote modified code to /PoCAdaptation/exploit/result/CVE-2023-51075/5.7.19/exploit/src/test/java/edu/vision/se/Testcase1.java[0m
[96m[Executor] Executing exploit for CVE-2023-51075 on version 5.7.19...[0m
[96m[Verifier] Verifying reproduction...[0m
[91m[Verifier] ‚úó Behavior not found: 'org.junit.runners.model.TestTimedOutException'[0m
[91m[Executor] Reproduction result: Failure[0m
[96m[ErrorManager] Ignoring line: [ERROR] Failed to execute goal org.apache.maven.plugins:maven-surefire-plugin:2.12.4:test (default-test) on project CVE-2023-51075: There are test failures.[0m
[96m[ErrorManager] Ignoring line: [ERROR][0m
[96m[ErrorManager] Ignoring line: [ERROR] Please refer to /PoCAdaptation/exploit/result/CVE-2023-51075/5.7.19/exploit/target/surefire-reports for the individual test results.[0m
[96m[ErrorManager] Ignoring line: [ERROR] -> [Help 1][0m
[96m[ErrorManager] Ignoring line: [ERROR][0m
[96m[ErrorManager] Ignoring line: [ERROR] To see the full stack trace of the errors, re-run Maven with the -e switch.[0m
[96m[ErrorManager] Ignoring line: [ERROR] Re-run Maven using the -X switch to enable full debug logging.[0m
[96m[ErrorManager] Ignoring line: [ERROR][0m
[96m[ErrorManager] Ignoring line: [ERROR] For more information about the errors and possible solutions, please read the following articles:[0m
[96m[ErrorManager] Ignoring line: [ERROR] [Help 1] http://cwiki.apache.org/confluence/display/MAVEN/MojoFailureException[0m
[96m[ErrorManager] Using fallback error line: [ERROR] Failed to execute goal org.apache.maven.plugins:maven-surefire-plugin:2.12.4:test (default-test) on project CVE-2023-51075: There are test failures.[0m
[91m[ErrorManager] Failed to read file UNKNOWN: [Errno 2] No such file or directory: 'UNKNOWN'[0m
[RepairModule] Old grouped keys: {'[ERROR] Failed to execute goal org.apache.maven.plugins:maven-surefire-plugin:2.12.4:test (default-test) on project CVE-2023-51075: There are test failures. |'}
[RepairModule] New grouped keys: {'[ERROR] Failed to execute goal org.apache.maven.plugins:maven-surefire-plugin:2.12.4:test (default-test) on project CVE-2023-51075: There are test failures. |'}
[91m[RepairModule] Error [ERROR] Failed to execute goal org.apache.maven.plugins:maven-surefire-plugin:2.12.4:test (default-test) on project CVE-2023-51075: There are test failures. still exists in group [ERROR] Failed to execute goal org.apache.maven.plugins:maven-surefire-plugin:2.12.4:test (default-test) on project CVE-2023-51075: There are test failures. | after applying diff.[0m
[96m[RepairModule] Iteration 0, temperature 1.000: Trying diff #21 with score 2.50[0m
[LLMClient] Tokens used: 2282 (prompt), 214 (completion), 2496 (total)
[LLMClient] Prompt: 
You are given a Java test file with compilation errors in version 5.7.19:cn.hutool:hutool-core.
This test file compiles and runs successfully in 5.7.18.

The diff is related to the diff.
Your task has three steps:
 1. Locate the code where the compilation error occurs.
 2. Analyze the diff from 5.7.18 to 5.7.19.
 3. Fix the error in the error position only when diff is helpful. Add import statement when needed according to the diff. If mocking, access fields via reflection if they exist. 

Only output the modified version of the test file according to the diff. No explanations. 
### Compilation Errors:
message: [INFO] Scanning for projects...
[WARNING] 
[WARNING] Some problems were encountered while building the effective model for edu.vision.se:CVE-2023-51075:jar:1.0-SNAPSHOT
[WARNING] 'dependencies.dependency.(groupId:artifactId:type:classifier)' must be unique: junit:junit:jar -> duplicate declaration of version 4.13.2 @ line 20, column 121
[WARNING] 'dependencies.dependency.(groupId:artifactId:type:classifier)' must be unique: junit:junit:jar -> duplicate declaration of version 4.13.2 @ line 20, column 225
[WARNING] 'dependencies.dependency.(groupId:artifactId:type:classifier)' must be unique: junit:junit:jar -> duplicate declaration of version 4.13.2 @ line 20, column 329
[WARNING] 
[WARNING] It is highly recommended to fix these problems because they threaten the stability of your build.
[WARNING] 
[WARNING] For this reason, future Maven versions might no longer support building such malformed projects.
[WARNING] 
[INFO] 
[INFO] --------------------< edu.vision.se:CVE-2023-51075 >--------------------
[INFO] Building CVE-2023-51075 1.0-SNAPSHOT
[INFO]   from pom.xml
[INFO] --------------------------------[ jar ]---------------------------------
[INFO] 
[INFO] --- maven-clean-plugin:2.5:clean (default-clean) @ CVE-2023-51075 ---
[INFO] Deleting /PoCAdaptation/exploit/result/CVE-2023-51075/5.7.19/exploit/target
[INFO] 
[INFO] --- maven-resources-plugin:2.6:resources (default-resources) @ CVE-2023-51075 ---
[WARNING] Using platform encoding (UTF-8 actually) to copy filtered resources, i.e. build is platform dependent!
[INFO] skip non existing resourceDirectory /PoCAdaptation/exploit/result/CVE-2023-51075/5.7.19/exploit/src/main/resources
[INFO] 
[INFO] --- maven-compiler-plugin:3.1:compile (default-compile) @ CVE-2023-51075 ---
[INFO] No sources to compile
[INFO] 
[INFO] --- maven-resources-plugin:2.6:testResources (default-testResources) @ CVE-2023-51075 ---
[WARNING] Using platform encoding (UTF-8 actually) to copy filtered resources, i.e. build is platform dependent!
[INFO] skip non existing resourceDirectory /PoCAdaptation/exploit/result/CVE-2023-51075/5.7.19/exploit/src/test/resources
[INFO] 
[INFO] --- maven-compiler-plugin:3.1:testCompile (default-testCompile) @ CVE-2023-51075 ---
[INFO] Changes detected - recompiling the module!
[WARNING] File encoding has not been set, using platform encoding UTF-8, i.e. build is platform dependent!
[INFO] Compiling 1 source file to /PoCAdaptation/exploit/result/CVE-2023-51075/5.7.19/exploit/target/test-classes
[INFO] 
[INFO] --- maven-surefire-plugin:2.12.4:test (default-test) @ CVE-2023-51075 ---
[INFO] Surefire report directory: /PoCAdaptation/exploit/result/CVE-2023-51075/5.7.19/exploit/target/surefire-reports

-------------------------------------------------------
 T E S T S
-------------------------------------------------------
Running edu.vision.se.Testcase1
Tests run: 1, Failures: 0, Errors: 1, Skipped: 0, Time elapsed: 0.058 sec <<< FAILURE!
issue3421Test(edu.vision.se.Testcase1)  Time elapsed: 0.042 sec  <<< ERROR!
java.lang.IndexOutOfBoundsException: Illegal start index
	at java.base/java.util.regex.Matcher.find(Matcher.java:771)
	at cn.hutool.core.text.finder.PatternFinder.start(PatternFinder.java:51)
	at cn.hutool.core.text.split.SplitIter.computeNext(SplitIter.java:74)
	at cn.hutool.core.text.split.SplitIter.computeNext(SplitIter.java:21)
	at cn.hutool.core.collection.ComputeIter.hasNext(ComputeIter.java:42)
	at cn.hutool.core.text.split.SplitIter.toList(SplitIter.java:141)
	at cn.hutool.core.text.split.SplitIter.toList(SplitIter.java:129)
	at cn.hutool.core.text.StrSplitter.split(StrSplitter.java:402)
	at cn.hutool.core.text.StrSplitter.splitByRegex(StrSplitter.java:382)
	at edu.vision.se.Testcase1.issue3421Test(Testcase1.java:15)
	at java.base/jdk.internal.reflect.NativeMethodAccessorImpl.invoke0(Native Method)
	at java.base/jdk.internal.reflect.NativeMethodAccessorImpl.invoke(NativeMethodAccessorImpl.java:62)
	at java.base/jdk.internal.reflect.DelegatingMethodAccessorImpl.invoke(DelegatingMethodAccessorImpl.java:43)
	at java.base/java.lang.reflect.Method.invoke(Method.java:566)
	at org.junit.runners.model.FrameworkMethod$1.runReflectiveCall(FrameworkMethod.java:59)
	at org.junit.internal.runners.model.ReflectiveCallable.run(ReflectiveCallable.java:12)
	at org.junit.runners.model.FrameworkMethod.invokeExplosively(FrameworkMethod.java:56)
	at org.junit.internal.runners.statements.InvokeMethod.evaluate(InvokeMethod.java:17)
	at org.junit.internal.runners.statements.FailOnTimeout$CallableStatement.call(FailOnTimeout.java:299)
	at org.junit.internal.runners.statements.FailOnTimeout$CallableStatement.call(FailOnTimeout.java:293)
	at java.base/java.util.concurrent.FutureTask.run(FutureTask.java:264)
	at java.base/java.lang.Thread.run(Thread.java:834)


Results :

Tests in error: 
  issue3421Test(edu.vision.se.Testcase1): Illegal start index

Tests run: 1, Failures: 0, Errors: 1, Skipped: 0

[INFO] ------------------------------------------------------------------------
[INFO] BUILD FAILURE
[INFO] ------------------------------------------------------------------------
[INFO] Total time:  1.344 s
[INFO] Finished at: 2025-07-13T16:15:23Z
[INFO] ------------------------------------------------------------------------
[ERROR] Failed to execute goal org.apache.maven.plugins:maven-surefire-plugin:2.12.4:test (default-test) on project CVE-2023-51075: There are test failures.
[ERROR] 
[ERROR] Please refer to /PoCAdaptation/exploit/result/CVE-2023-51075/5.7.19/exploit/target/surefire-reports for the individual test results.
[ERROR] -> [Help 1]
[ERROR] 
[ERROR] To see the full stack trace of the errors, re-run Maven with the -e switch.
[ERROR] Re-run Maven using the -X switch to enable full debug logging.
[ERROR] 
[ERROR] For more information about the errors and possible solutions, please read the following articles:
[ERROR] [Help 1] http://cwiki.apache.org/confluence/display/MAVEN/MojoFailureException

### Error Position:
None

### Related Diff:
Operation: MODIFIED, File: hutool-core/src/main/java/cn/hutool/core/text/CharSequenceUtil.java, Hunk: @@ -1847,11 +1843,8 @@ public static List<String> split(CharSequence str, CharSequence separator, boole
 	 * @since 3.2.0
 	 */
 	public static List<String> split(CharSequence str, CharSequence separator, int limit, boolean isTrim, boolean ignoreEmpty) {
+		if (null == str) {
+			return new ArrayList<>(0);
+		}
 		final String separatorStr = (null == separator) ? null : separator.toString();
+		return StrSplitter.split(str.toString(), separatorStr, limit, isTrim, ignoreEmpty);
-		return StrSplitter.split(str, separatorStr, limit, isTrim, ignoreEmpty);
 	}

 	/**

### Test File Content:
package edu.vision.se;

import static org.junit.Assert.assertEquals;

import java.util.List;

import org.junit.Test;

import cn.hutool.core.collection.ListUtil;
import cn.hutool.core.text.StrSplitter;

public class Testcase1 {
    @Test(timeout = 2000)
    public void issue3421Test() {
        List<String> strings = StrSplitter.splitByRegex("", "", 0, false, false);
        // assertEquals(ListUtil.of(""), strings);

        strings = StrSplitter.splitByRegex("aaa", "", 0, false, false);
        // assertEquals(ListUtil.of("aaa"), strings);

        strings = StrSplitter.splitByRegex("", "aaa", 0, false, false);
        // assertEquals(ListUtil.of(""), strings);

        strings = StrSplitter.splitByRegex("", "", 0, false, true);
        // assertEquals(ListUtil.of(), strings);
    }
}



[LLMClient] Response: 
Based on the diff and test file, here's the modified version of the test file:

```java
package edu.vision.se;

import static org.junit.Assert.assertEquals;

import java.util.List;

import org.junit.Test;

import cn.hutool.core.collection.ListUtil;
import cn.hutool.core.text.StrSplitter;

public class Testcase1 {
    @Test(timeout = 2000)
    public void issue3421Test() {
        List<String> strings = StrSplitter.splitByRegex("", "", 0, false, false);
        assertEquals(ListUtil.of(""), strings);

        strings = StrSplitter.splitByRegex("aaa", "", 0, false, false);
        assertEquals(ListUtil.of("aaa"), strings);

        strings = StrSplitter.splitByRegex("", "aaa", 0, false, false);
        assertEquals(ListUtil.of(""), strings);

        strings = StrSplitter.splitByRegex("", "", 0, false, true);
        assertEquals(ListUtil.of(), strings);
    }
}
```
[96m[RepairModule] Wrote modified code to /PoCAdaptation/exploit/result/CVE-2023-51075/5.7.19/exploit/src/test/java/edu/vision/se/Testcase1.java[0m
[96m[Executor] Executing exploit for CVE-2023-51075 on version 5.7.19...[0m
[96m[Verifier] Verifying reproduction...[0m
[91m[Verifier] ‚úó Behavior not found: 'org.junit.runners.model.TestTimedOutException'[0m
[91m[Executor] Reproduction result: Failure[0m
[96m[ErrorManager] Ignoring line: [ERROR] Failed to execute goal org.apache.maven.plugins:maven-surefire-plugin:2.12.4:test (default-test) on project CVE-2023-51075: There are test failures.[0m
[96m[ErrorManager] Ignoring line: [ERROR][0m
[96m[ErrorManager] Ignoring line: [ERROR] Please refer to /PoCAdaptation/exploit/result/CVE-2023-51075/5.7.19/exploit/target/surefire-reports for the individual test results.[0m
[96m[ErrorManager] Ignoring line: [ERROR] -> [Help 1][0m
[96m[ErrorManager] Ignoring line: [ERROR][0m
[96m[ErrorManager] Ignoring line: [ERROR] To see the full stack trace of the errors, re-run Maven with the -e switch.[0m
[96m[ErrorManager] Ignoring line: [ERROR] Re-run Maven using the -X switch to enable full debug logging.[0m
[96m[ErrorManager] Ignoring line: [ERROR][0m
[96m[ErrorManager] Ignoring line: [ERROR] For more information about the errors and possible solutions, please read the following articles:[0m
[96m[ErrorManager] Ignoring line: [ERROR] [Help 1] http://cwiki.apache.org/confluence/display/MAVEN/MojoFailureException[0m
[96m[ErrorManager] Using fallback error line: [ERROR] Failed to execute goal org.apache.maven.plugins:maven-surefire-plugin:2.12.4:test (default-test) on project CVE-2023-51075: There are test failures.[0m
[91m[ErrorManager] Failed to read file UNKNOWN: [Errno 2] No such file or directory: 'UNKNOWN'[0m
[RepairModule] Old grouped keys: {'[ERROR] Failed to execute goal org.apache.maven.plugins:maven-surefire-plugin:2.12.4:test (default-test) on project CVE-2023-51075: There are test failures. |'}
[RepairModule] New grouped keys: {'[ERROR] Failed to execute goal org.apache.maven.plugins:maven-surefire-plugin:2.12.4:test (default-test) on project CVE-2023-51075: There are test failures. |'}
[91m[RepairModule] Error [ERROR] Failed to execute goal org.apache.maven.plugins:maven-surefire-plugin:2.12.4:test (default-test) on project CVE-2023-51075: There are test failures. still exists in group [ERROR] Failed to execute goal org.apache.maven.plugins:maven-surefire-plugin:2.12.4:test (default-test) on project CVE-2023-51075: There are test failures. | after applying diff.[0m
[96m[RepairModule] Iteration 0, temperature 1.000: Trying diff #21 with score 1.25[0m
[LLMClient] Tokens used: 2282 (prompt), 207 (completion), 2489 (total)
[LLMClient] Prompt: 
You are given a Java test file with compilation errors in version 5.7.19:cn.hutool:hutool-core.
This test file compiles and runs successfully in 5.7.18.

The diff is related to the diff.
Your task has three steps:
 1. Locate the code where the compilation error occurs.
 2. Analyze the diff from 5.7.18 to 5.7.19.
 3. Fix the error in the error position only when diff is helpful. Add import statement when needed according to the diff. If mocking, access fields via reflection if they exist. 

Only output the modified version of the test file according to the diff. No explanations. 
### Compilation Errors:
message: [INFO] Scanning for projects...
[WARNING] 
[WARNING] Some problems were encountered while building the effective model for edu.vision.se:CVE-2023-51075:jar:1.0-SNAPSHOT
[WARNING] 'dependencies.dependency.(groupId:artifactId:type:classifier)' must be unique: junit:junit:jar -> duplicate declaration of version 4.13.2 @ line 20, column 121
[WARNING] 'dependencies.dependency.(groupId:artifactId:type:classifier)' must be unique: junit:junit:jar -> duplicate declaration of version 4.13.2 @ line 20, column 225
[WARNING] 'dependencies.dependency.(groupId:artifactId:type:classifier)' must be unique: junit:junit:jar -> duplicate declaration of version 4.13.2 @ line 20, column 329
[WARNING] 
[WARNING] It is highly recommended to fix these problems because they threaten the stability of your build.
[WARNING] 
[WARNING] For this reason, future Maven versions might no longer support building such malformed projects.
[WARNING] 
[INFO] 
[INFO] --------------------< edu.vision.se:CVE-2023-51075 >--------------------
[INFO] Building CVE-2023-51075 1.0-SNAPSHOT
[INFO]   from pom.xml
[INFO] --------------------------------[ jar ]---------------------------------
[INFO] 
[INFO] --- maven-clean-plugin:2.5:clean (default-clean) @ CVE-2023-51075 ---
[INFO] Deleting /PoCAdaptation/exploit/result/CVE-2023-51075/5.7.19/exploit/target
[INFO] 
[INFO] --- maven-resources-plugin:2.6:resources (default-resources) @ CVE-2023-51075 ---
[WARNING] Using platform encoding (UTF-8 actually) to copy filtered resources, i.e. build is platform dependent!
[INFO] skip non existing resourceDirectory /PoCAdaptation/exploit/result/CVE-2023-51075/5.7.19/exploit/src/main/resources
[INFO] 
[INFO] --- maven-compiler-plugin:3.1:compile (default-compile) @ CVE-2023-51075 ---
[INFO] No sources to compile
[INFO] 
[INFO] --- maven-resources-plugin:2.6:testResources (default-testResources) @ CVE-2023-51075 ---
[WARNING] Using platform encoding (UTF-8 actually) to copy filtered resources, i.e. build is platform dependent!
[INFO] skip non existing resourceDirectory /PoCAdaptation/exploit/result/CVE-2023-51075/5.7.19/exploit/src/test/resources
[INFO] 
[INFO] --- maven-compiler-plugin:3.1:testCompile (default-testCompile) @ CVE-2023-51075 ---
[INFO] Changes detected - recompiling the module!
[WARNING] File encoding has not been set, using platform encoding UTF-8, i.e. build is platform dependent!
[INFO] Compiling 1 source file to /PoCAdaptation/exploit/result/CVE-2023-51075/5.7.19/exploit/target/test-classes
[INFO] 
[INFO] --- maven-surefire-plugin:2.12.4:test (default-test) @ CVE-2023-51075 ---
[INFO] Surefire report directory: /PoCAdaptation/exploit/result/CVE-2023-51075/5.7.19/exploit/target/surefire-reports

-------------------------------------------------------
 T E S T S
-------------------------------------------------------
Running edu.vision.se.Testcase1
Tests run: 1, Failures: 0, Errors: 1, Skipped: 0, Time elapsed: 0.058 sec <<< FAILURE!
issue3421Test(edu.vision.se.Testcase1)  Time elapsed: 0.043 sec  <<< ERROR!
java.lang.IndexOutOfBoundsException: Illegal start index
	at java.base/java.util.regex.Matcher.find(Matcher.java:771)
	at cn.hutool.core.text.finder.PatternFinder.start(PatternFinder.java:51)
	at cn.hutool.core.text.split.SplitIter.computeNext(SplitIter.java:74)
	at cn.hutool.core.text.split.SplitIter.computeNext(SplitIter.java:21)
	at cn.hutool.core.collection.ComputeIter.hasNext(ComputeIter.java:42)
	at cn.hutool.core.text.split.SplitIter.toList(SplitIter.java:141)
	at cn.hutool.core.text.split.SplitIter.toList(SplitIter.java:129)
	at cn.hutool.core.text.StrSplitter.split(StrSplitter.java:402)
	at cn.hutool.core.text.StrSplitter.splitByRegex(StrSplitter.java:382)
	at edu.vision.se.Testcase1.issue3421Test(Testcase1.java:15)
	at java.base/jdk.internal.reflect.NativeMethodAccessorImpl.invoke0(Native Method)
	at java.base/jdk.internal.reflect.NativeMethodAccessorImpl.invoke(NativeMethodAccessorImpl.java:62)
	at java.base/jdk.internal.reflect.DelegatingMethodAccessorImpl.invoke(DelegatingMethodAccessorImpl.java:43)
	at java.base/java.lang.reflect.Method.invoke(Method.java:566)
	at org.junit.runners.model.FrameworkMethod$1.runReflectiveCall(FrameworkMethod.java:59)
	at org.junit.internal.runners.model.ReflectiveCallable.run(ReflectiveCallable.java:12)
	at org.junit.runners.model.FrameworkMethod.invokeExplosively(FrameworkMethod.java:56)
	at org.junit.internal.runners.statements.InvokeMethod.evaluate(InvokeMethod.java:17)
	at org.junit.internal.runners.statements.FailOnTimeout$CallableStatement.call(FailOnTimeout.java:299)
	at org.junit.internal.runners.statements.FailOnTimeout$CallableStatement.call(FailOnTimeout.java:293)
	at java.base/java.util.concurrent.FutureTask.run(FutureTask.java:264)
	at java.base/java.lang.Thread.run(Thread.java:834)


Results :

Tests in error: 
  issue3421Test(edu.vision.se.Testcase1): Illegal start index

Tests run: 1, Failures: 0, Errors: 1, Skipped: 0

[INFO] ------------------------------------------------------------------------
[INFO] BUILD FAILURE
[INFO] ------------------------------------------------------------------------
[INFO] Total time:  1.466 s
[INFO] Finished at: 2025-07-13T16:15:41Z
[INFO] ------------------------------------------------------------------------
[ERROR] Failed to execute goal org.apache.maven.plugins:maven-surefire-plugin:2.12.4:test (default-test) on project CVE-2023-51075: There are test failures.
[ERROR] 
[ERROR] Please refer to /PoCAdaptation/exploit/result/CVE-2023-51075/5.7.19/exploit/target/surefire-reports for the individual test results.
[ERROR] -> [Help 1]
[ERROR] 
[ERROR] To see the full stack trace of the errors, re-run Maven with the -e switch.
[ERROR] Re-run Maven using the -X switch to enable full debug logging.
[ERROR] 
[ERROR] For more information about the errors and possible solutions, please read the following articles:
[ERROR] [Help 1] http://cwiki.apache.org/confluence/display/MAVEN/MojoFailureException

### Error Position:
None

### Related Diff:
Operation: MODIFIED, File: hutool-core/src/main/java/cn/hutool/core/text/CharSequenceUtil.java, Hunk: @@ -1847,11 +1843,8 @@ public static List<String> split(CharSequence str, CharSequence separator, boole
 	 * @since 3.2.0
 	 */
 	public static List<String> split(CharSequence str, CharSequence separator, int limit, boolean isTrim, boolean ignoreEmpty) {
+		if (null == str) {
+			return new ArrayList<>(0);
+		}
 		final String separatorStr = (null == separator) ? null : separator.toString();
+		return StrSplitter.split(str.toString(), separatorStr, limit, isTrim, ignoreEmpty);
-		return StrSplitter.split(str, separatorStr, limit, isTrim, ignoreEmpty);
 	}

 	/**

### Test File Content:
package edu.vision.se;

import static org.junit.Assert.assertEquals;

import java.util.List;

import org.junit.Test;

import cn.hutool.core.collection.ListUtil;
import cn.hutool.core.text.StrSplitter;

public class Testcase1 {
    @Test(timeout = 2000)
    public void issue3421Test() {
        List<String> strings = StrSplitter.splitByRegex("", "", 0, false, false);
        // assertEquals(ListUtil.of(""), strings);

        strings = StrSplitter.splitByRegex("aaa", "", 0, false, false);
        // assertEquals(ListUtil.of("aaa"), strings);

        strings = StrSplitter.splitByRegex("", "aaa", 0, false, false);
        // assertEquals(ListUtil.of(""), strings);

        strings = StrSplitter.splitByRegex("", "", 0, false, true);
        // assertEquals(ListUtil.of(), strings);
    }
}



[LLMClient] Response: 
Here's the modified test file based on the diff:

```java
package edu.vision.se;

import static org.junit.Assert.assertEquals;

import java.util.List;

import org.junit.Test;

import cn.hutool.core.collection.ListUtil;
import cn.hutool.core.text.StrSplitter;

public class Testcase1 {
    @Test(timeout = 2000)
    public void issue3421Test() {
        List<String> strings = StrSplitter.splitByRegex("", "", 0, false, false);
        assertEquals(ListUtil.of(""), strings);

        strings = StrSplitter.splitByRegex("aaa", "", 0, false, false);
        assertEquals(ListUtil.of("aaa"), strings);

        strings = StrSplitter.splitByRegex("", "aaa", 0, false, false);
        assertEquals(ListUtil.of(""), strings);

        strings = StrSplitter.splitByRegex("", "", 0, false, true);
        assertEquals(ListUtil.of(), strings);
    }
}
```
[96m[RepairModule] Wrote modified code to /PoCAdaptation/exploit/result/CVE-2023-51075/5.7.19/exploit/src/test/java/edu/vision/se/Testcase1.java[0m
[96m[Executor] Executing exploit for CVE-2023-51075 on version 5.7.19...[0m
[96m[Verifier] Verifying reproduction...[0m
[91m[Verifier] ‚úó Behavior not found: 'org.junit.runners.model.TestTimedOutException'[0m
[91m[Executor] Reproduction result: Failure[0m
[96m[ErrorManager] Ignoring line: [ERROR] Failed to execute goal org.apache.maven.plugins:maven-surefire-plugin:2.12.4:test (default-test) on project CVE-2023-51075: There are test failures.[0m
[96m[ErrorManager] Ignoring line: [ERROR][0m
[96m[ErrorManager] Ignoring line: [ERROR] Please refer to /PoCAdaptation/exploit/result/CVE-2023-51075/5.7.19/exploit/target/surefire-reports for the individual test results.[0m
[96m[ErrorManager] Ignoring line: [ERROR] -> [Help 1][0m
[96m[ErrorManager] Ignoring line: [ERROR][0m
[96m[ErrorManager] Ignoring line: [ERROR] To see the full stack trace of the errors, re-run Maven with the -e switch.[0m
[96m[ErrorManager] Ignoring line: [ERROR] Re-run Maven using the -X switch to enable full debug logging.[0m
[96m[ErrorManager] Ignoring line: [ERROR][0m
[96m[ErrorManager] Ignoring line: [ERROR] For more information about the errors and possible solutions, please read the following articles:[0m
[96m[ErrorManager] Ignoring line: [ERROR] [Help 1] http://cwiki.apache.org/confluence/display/MAVEN/MojoFailureException[0m
[96m[ErrorManager] Using fallback error line: [ERROR] Failed to execute goal org.apache.maven.plugins:maven-surefire-plugin:2.12.4:test (default-test) on project CVE-2023-51075: There are test failures.[0m
[91m[ErrorManager] Failed to read file UNKNOWN: [Errno 2] No such file or directory: 'UNKNOWN'[0m
[RepairModule] Old grouped keys: {'[ERROR] Failed to execute goal org.apache.maven.plugins:maven-surefire-plugin:2.12.4:test (default-test) on project CVE-2023-51075: There are test failures. |'}
[RepairModule] New grouped keys: {'[ERROR] Failed to execute goal org.apache.maven.plugins:maven-surefire-plugin:2.12.4:test (default-test) on project CVE-2023-51075: There are test failures. |'}
[91m[RepairModule] Error [ERROR] Failed to execute goal org.apache.maven.plugins:maven-surefire-plugin:2.12.4:test (default-test) on project CVE-2023-51075: There are test failures. still exists in group [ERROR] Failed to execute goal org.apache.maven.plugins:maven-surefire-plugin:2.12.4:test (default-test) on project CVE-2023-51075: There are test failures. | after applying diff.[0m
[91m[RepairModule] Repair failed after simulated annealing.[0m
[96m[Adapter] Test code repair attempted.[0m
[96m[Executor] Executing exploit for CVE-2023-51075 on version 5.7.19...[0m
[96m[Verifier] Verifying reproduction...[0m
[91m[Verifier] ‚úó Behavior not found: 'org.junit.runners.model.TestTimedOutException'[0m
[91m[Executor] Reproduction result: Failure[0m
[96m[ErrorManager] Ignoring line: [ERROR] Failed to execute goal org.apache.maven.plugins:maven-surefire-plugin:2.12.4:test (default-test) on project CVE-2023-51075: There are test failures.[0m
[96m[ErrorManager] Ignoring line: [ERROR][0m
[96m[ErrorManager] Ignoring line: [ERROR] Please refer to /PoCAdaptation/exploit/result/CVE-2023-51075/5.7.19/exploit/target/surefire-reports for the individual test results.[0m
[96m[ErrorManager] Ignoring line: [ERROR] -> [Help 1][0m
[96m[ErrorManager] Ignoring line: [ERROR][0m
[96m[ErrorManager] Ignoring line: [ERROR] To see the full stack trace of the errors, re-run Maven with the -e switch.[0m
[96m[ErrorManager] Ignoring line: [ERROR] Re-run Maven using the -X switch to enable full debug logging.[0m
[96m[ErrorManager] Ignoring line: [ERROR][0m
[96m[ErrorManager] Ignoring line: [ERROR] For more information about the errors and possible solutions, please read the following articles:[0m
[96m[ErrorManager] Ignoring line: [ERROR] [Help 1] http://cwiki.apache.org/confluence/display/MAVEN/MojoFailureException[0m
[96m[ErrorManager] Using fallback error line: [ERROR] Failed to execute goal org.apache.maven.plugins:maven-surefire-plugin:2.12.4:test (default-test) on project CVE-2023-51075: There are test failures.[0m
[91m[ErrorManager] Failed to read file UNKNOWN: [Errno 2] No such file or directory: 'UNKNOWN'[0m
[96m[Adapter] Locating fix position in error log.[0m
[LLMClient] Tokens used: 2260 (prompt), 1 (completion), 2261 (total)
[LLMClient] Prompt: 
You are given a Java error log when executing 'mvn test' in a project with dependency version 5.7.19:cn.hutool:hutool-core.
This test file compiles and runs successfully with version 5.7.18.

Your task is to:
1. Analyze why this issue occurs with the *5.7.18* but not with the *5.7.19 version*.
2. Consider how to resolve the issue **without updating this library**.
3. Determine and output the location in the project that should be modified to fix the problem.

Please return 'pom' if the fix is in the pom.xml file, or 'test' if the fix is in the test code.
Do not return any other text, just 'pom' or 'test'.

The error log is:
[INFO] Scanning for projects...
[WARNING] 
[WARNING] Some problems were encountered while building the effective model for edu.vision.se:CVE-2023-51075:jar:1.0-SNAPSHOT
[WARNING] 'dependencies.dependency.(groupId:artifactId:type:classifier)' must be unique: junit:junit:jar -> duplicate declaration of version 4.13.2 @ line 20, column 121
[WARNING] 'dependencies.dependency.(groupId:artifactId:type:classifier)' must be unique: junit:junit:jar -> duplicate declaration of version 4.13.2 @ line 20, column 225
[WARNING] 'dependencies.dependency.(groupId:artifactId:type:classifier)' must be unique: junit:junit:jar -> duplicate declaration of version 4.13.2 @ line 20, column 329
[WARNING] 
[WARNING] It is highly recommended to fix these problems because they threaten the stability of your build.
[WARNING] 
[WARNING] For this reason, future Maven versions might no longer support building such malformed projects.
[WARNING] 
[INFO] 
[INFO] --------------------< edu.vision.se:CVE-2023-51075 >--------------------
[INFO] Building CVE-2023-51075 1.0-SNAPSHOT
[INFO]   from pom.xml
[INFO] --------------------------------[ jar ]---------------------------------
[INFO] 
[INFO] --- maven-clean-plugin:2.5:clean (default-clean) @ CVE-2023-51075 ---
[INFO] Deleting /PoCAdaptation/exploit/result/CVE-2023-51075/5.7.19/exploit/target
[INFO] 
[INFO] --- maven-resources-plugin:2.6:resources (default-resources) @ CVE-2023-51075 ---
[WARNING] Using platform encoding (UTF-8 actually) to copy filtered resources, i.e. build is platform dependent!
[INFO] skip non existing resourceDirectory /PoCAdaptation/exploit/result/CVE-2023-51075/5.7.19/exploit/src/main/resources
[INFO] 
[INFO] --- maven-compiler-plugin:3.1:compile (default-compile) @ CVE-2023-51075 ---
[INFO] No sources to compile
[INFO] 
[INFO] --- maven-resources-plugin:2.6:testResources (default-testResources) @ CVE-2023-51075 ---
[WARNING] Using platform encoding (UTF-8 actually) to copy filtered resources, i.e. build is platform dependent!
[INFO] skip non existing resourceDirectory /PoCAdaptation/exploit/result/CVE-2023-51075/5.7.19/exploit/src/test/resources
[INFO] 
[INFO] --- maven-compiler-plugin:3.1:testCompile (default-testCompile) @ CVE-2023-51075 ---
[INFO] Changes detected - recompiling the module!
[WARNING] File encoding has not been set, using platform encoding UTF-8, i.e. build is platform dependent!
[INFO] Compiling 1 source file to /PoCAdaptation/exploit/result/CVE-2023-51075/5.7.19/exploit/target/test-classes
[INFO] 
[INFO] --- maven-surefire-plugin:2.12.4:test (default-test) @ CVE-2023-51075 ---
[INFO] Surefire report directory: /PoCAdaptation/exploit/result/CVE-2023-51075/5.7.19/exploit/target/surefire-reports

-------------------------------------------------------
 T E S T S
-------------------------------------------------------
Running edu.vision.se.Testcase1
Tests run: 1, Failures: 0, Errors: 1, Skipped: 0, Time elapsed: 0.06 sec <<< FAILURE!
issue3421Test(edu.vision.se.Testcase1)  Time elapsed: 0.044 sec  <<< ERROR!
java.lang.IndexOutOfBoundsException: Illegal start index
	at java.base/java.util.regex.Matcher.find(Matcher.java:771)
	at cn.hutool.core.text.finder.PatternFinder.start(PatternFinder.java:51)
	at cn.hutool.core.text.split.SplitIter.computeNext(SplitIter.java:74)
	at cn.hutool.core.text.split.SplitIter.computeNext(SplitIter.java:21)
	at cn.hutool.core.collection.ComputeIter.hasNext(ComputeIter.java:42)
	at cn.hutool.core.text.split.SplitIter.toList(SplitIter.java:141)
	at cn.hutool.core.text.split.SplitIter.toList(SplitIter.java:129)
	at cn.hutool.core.text.StrSplitter.split(StrSplitter.java:402)
	at cn.hutool.core.text.StrSplitter.splitByRegex(StrSplitter.java:382)
	at edu.vision.se.Testcase1.issue3421Test(Testcase1.java:15)
	at java.base/jdk.internal.reflect.NativeMethodAccessorImpl.invoke0(Native Method)
	at java.base/jdk.internal.reflect.NativeMethodAccessorImpl.invoke(NativeMethodAccessorImpl.java:62)
	at java.base/jdk.internal.reflect.DelegatingMethodAccessorImpl.invoke(DelegatingMethodAccessorImpl.java:43)
	at java.base/java.lang.reflect.Method.invoke(Method.java:566)
	at org.junit.runners.model.FrameworkMethod$1.runReflectiveCall(FrameworkMethod.java:59)
	at org.junit.internal.runners.model.ReflectiveCallable.run(ReflectiveCallable.java:12)
	at org.junit.runners.model.FrameworkMethod.invokeExplosively(FrameworkMethod.java:56)
	at org.junit.internal.runners.statements.InvokeMethod.evaluate(InvokeMethod.java:17)
	at org.junit.internal.runners.statements.FailOnTimeout$CallableStatement.call(FailOnTimeout.java:299)
	at org.junit.internal.runners.statements.FailOnTimeout$CallableStatement.call(FailOnTimeout.java:293)
	at java.base/java.util.concurrent.FutureTask.run(FutureTask.java:264)
	at java.base/java.lang.Thread.run(Thread.java:834)


Results :

Tests in error: 
  issue3421Test(edu.vision.se.Testcase1): Illegal start index

Tests run: 1, Failures: 0, Errors: 1, Skipped: 0

[INFO] ------------------------------------------------------------------------
[INFO] BUILD FAILURE
[INFO] ------------------------------------------------------------------------
[INFO] Total time:  1.301 s
[INFO] Finished at: 2025-07-13T16:15:59Z
[INFO] ------------------------------------------------------------------------
[ERROR] Failed to execute goal org.apache.maven.plugins:maven-surefire-plugin:2.12.4:test (default-test) on project CVE-2023-51075: There are test failures.
[ERROR] 
[ERROR] Please refer to /PoCAdaptation/exploit/result/CVE-2023-51075/5.7.19/exploit/target/surefire-reports for the individual test results.
[ERROR] -> [Help 1]
[ERROR] 
[ERROR] To see the full stack trace of the errors, re-run Maven with the -e switch.
[ERROR] Re-run Maven using the -X switch to enable full debug logging.
[ERROR] 
[ERROR] For more information about the errors and possible solutions, please read the following articles:
[ERROR] [Help 1] http://cwiki.apache.org/confluence/display/MAVEN/MojoFailureException


current_pom file is:<?xml version='1.0' encoding='utf-8'?>
<project xmlns="http://maven.apache.org/POM/4.0.0" xmlns:xsi="http://www.w3.org/2001/XMLSchema-instance" xsi:schemaLocation="http://maven.apache.org/POM/4.0.0 http://maven.apache.org/xsd/maven-4.0.0.xsd">
    <modelVersion>4.0.0</modelVersion>
    <groupId>edu.vision.se</groupId>
    <artifactId>CVE-2023-51075</artifactId>
    <version>1.0-SNAPSHOT</version>

    <properties>
        <maven.compiler.source>11</maven.compiler.source>
        <maven.compiler.target>11</maven.compiler.target>
    </properties>

    <dependencies>
        
        <dependency>
            <groupId>cn.hutool</groupId>
            <artifactId>hutool-core</artifactId>
            <version>5.7.19</version>
        </dependency>
    <dependency><groupId>junit</groupId><artifactId>junit</artifactId><version>4.13.2</version></dependency><dependency><groupId>junit</groupId><artifactId>junit</artifactId><version>4.13.2</version></dependency><dependency><groupId>junit</groupId><artifactId>junit</artifactId><version>4.13.2</version></dependency><dependency><groupId>junit</groupId><artifactId>junit</artifactId><version>4.13.2</version></dependency></dependencies>
</project>
[LLMClient] Response: 
test
[96m[Adapter] LLM response for fix position: test[0m
[LLMClient] Tokens used: 1853 (prompt), 16 (completion), 1869 (total)
[LLMClient] Prompt: 
You are given an error log when executing 'mvn test' in a project relying on a library with version 5.7.19: 

Error: [INFO] Scanning for projects...
[WARNING] 
[WARNING] Some problems were encountered while building the effective model for edu.vision.se:CVE-2023-51075:jar:1.0-SNAPSHOT
[WARNING] 'dependencies.dependency.(groupId:artifactId:type:classifier)' must be unique: junit:junit:jar -> duplicate declaration of version 4.13.2 @ line 20, column 121
[WARNING] 'dependencies.dependency.(groupId:artifactId:type:classifier)' must be unique: junit:junit:jar -> duplicate declaration of version 4.13.2 @ line 20, column 225
[WARNING] 'dependencies.dependency.(groupId:artifactId:type:classifier)' must be unique: junit:junit:jar -> duplicate declaration of version 4.13.2 @ line 20, column 329
[WARNING] 
[WARNING] It is highly recommended to fix these problems because they threaten the stability of your build.
[WARNING] 
[WARNING] For this reason, future Maven versions might no longer support building such malformed projects.
[WARNING] 
[INFO] 
[INFO] --------------------< edu.vision.se:CVE-2023-51075 >--------------------
[INFO] Building CVE-2023-51075 1.0-SNAPSHOT
[INFO]   from pom.xml
[INFO] --------------------------------[ jar ]---------------------------------
[INFO] 
[INFO] --- maven-clean-plugin:2.5:clean (default-clean) @ CVE-2023-51075 ---
[INFO] Deleting /PoCAdaptation/exploit/result/CVE-2023-51075/5.7.19/exploit/target
[INFO] 
[INFO] --- maven-resources-plugin:2.6:resources (default-resources) @ CVE-2023-51075 ---
[WARNING] Using platform encoding (UTF-8 actually) to copy filtered resources, i.e. build is platform dependent!
[INFO] skip non existing resourceDirectory /PoCAdaptation/exploit/result/CVE-2023-51075/5.7.19/exploit/src/main/resources
[INFO] 
[INFO] --- maven-compiler-plugin:3.1:compile (default-compile) @ CVE-2023-51075 ---
[INFO] No sources to compile
[INFO] 
[INFO] --- maven-resources-plugin:2.6:testResources (default-testResources) @ CVE-2023-51075 ---
[WARNING] Using platform encoding (UTF-8 actually) to copy filtered resources, i.e. build is platform dependent!
[INFO] skip non existing resourceDirectory /PoCAdaptation/exploit/result/CVE-2023-51075/5.7.19/exploit/src/test/resources
[INFO] 
[INFO] --- maven-compiler-plugin:3.1:testCompile (default-testCompile) @ CVE-2023-51075 ---
[INFO] Changes detected - recompiling the module!
[WARNING] File encoding has not been set, using platform encoding UTF-8, i.e. build is platform dependent!
[INFO] Compiling 1 source file to /PoCAdaptation/exploit/result/CVE-2023-51075/5.7.19/exploit/target/test-classes
[INFO] 
[INFO] --- maven-surefire-plugin:2.12.4:test (default-test) @ CVE-2023-51075 ---
[INFO] Surefire report directory: /PoCAdaptation/exploit/result/CVE-2023-51075/5.7.19/exploit/target/surefire-reports

-------------------------------------------------------
 T E S T S
-------------------------------------------------------
Running edu.vision.se.Testcase1
Tests run: 1, Failures: 0, Errors: 1, Skipped: 0, Time elapsed: 0.06 sec <<< FAILURE!
issue3421Test(edu.vision.se.Testcase1)  Time elapsed: 0.044 sec  <<< ERROR!
java.lang.IndexOutOfBoundsException: Illegal start index
	at java.base/java.util.regex.Matcher.find(Matcher.java:771)
	at cn.hutool.core.text.finder.PatternFinder.start(PatternFinder.java:51)
	at cn.hutool.core.text.split.SplitIter.computeNext(SplitIter.java:74)
	at cn.hutool.core.text.split.SplitIter.computeNext(SplitIter.java:21)
	at cn.hutool.core.collection.ComputeIter.hasNext(ComputeIter.java:42)
	at cn.hutool.core.text.split.SplitIter.toList(SplitIter.java:141)
	at cn.hutool.core.text.split.SplitIter.toList(SplitIter.java:129)
	at cn.hutool.core.text.StrSplitter.split(StrSplitter.java:402)
	at cn.hutool.core.text.StrSplitter.splitByRegex(StrSplitter.java:382)
	at edu.vision.se.Testcase1.issue3421Test(Testcase1.java:15)
	at java.base/jdk.internal.reflect.NativeMethodAccessorImpl.invoke0(Native Method)
	at java.base/jdk.internal.reflect.NativeMethodAccessorImpl.invoke(NativeMethodAccessorImpl.java:62)
	at java.base/jdk.internal.reflect.DelegatingMethodAccessorImpl.invoke(DelegatingMethodAccessorImpl.java:43)
	at java.base/java.lang.reflect.Method.invoke(Method.java:566)
	at org.junit.runners.model.FrameworkMethod$1.runReflectiveCall(FrameworkMethod.java:59)
	at org.junit.internal.runners.model.ReflectiveCallable.run(ReflectiveCallable.java:12)
	at org.junit.runners.model.FrameworkMethod.invokeExplosively(FrameworkMethod.java:56)
	at org.junit.internal.runners.statements.InvokeMethod.evaluate(InvokeMethod.java:17)
	at org.junit.internal.runners.statements.FailOnTimeout$CallableStatement.call(FailOnTimeout.java:299)
	at org.junit.internal.runners.statements.FailOnTimeout$CallableStatement.call(FailOnTimeout.java:293)
	at java.base/java.util.concurrent.FutureTask.run(FutureTask.java:264)
	at java.base/java.lang.Thread.run(Thread.java:834)


Results :

Tests in error: 
  issue3421Test(edu.vision.se.Testcase1): Illegal start index

Tests run: 1, Failures: 0, Errors: 1, Skipped: 0

[INFO] ------------------------------------------------------------------------
[INFO] BUILD FAILURE
[INFO] ------------------------------------------------------------------------
[INFO] Total time:  1.301 s
[INFO] Finished at: 2025-07-13T16:15:59Z
[INFO] ------------------------------------------------------------------------
[ERROR] Failed to execute goal org.apache.maven.plugins:maven-surefire-plugin:2.12.4:test (default-test) on project CVE-2023-51075: There are test failures.
[ERROR] 
[ERROR] Please refer to /PoCAdaptation/exploit/result/CVE-2023-51075/5.7.19/exploit/target/surefire-reports for the individual test results.
[ERROR] -> [Help 1]
[ERROR] 
[ERROR] To see the full stack trace of the errors, re-run Maven with the -e switch.
[ERROR] Re-run Maven using the -X switch to enable full debug logging.
[ERROR] 
[ERROR] For more information about the errors and possible solutions, please read the following articles:
[ERROR] [Help 1] http://cwiki.apache.org/confluence/display/MAVEN/MojoFailureException

 

The test executes as expected in 5.7.18 but not in 5.7.19. 

Extract two key entities from the error log for searching related diffs. Your classname and method name should ignore package and parameter

The extracted entities should reflect code-level identifiers that are likely to appear in diffs. We prefer a simple entity

Output each node as a `;`-separated list, with no explanations. 


[LLMClient] Response: 
Testcase1;issue3421Test
StrSplitter;splitByRegex
[96m[ErrorManager] Extracted key entities: ['Testcase1', 'issue3421Test\nStrSplitter', 'splitByRegex'][0m
[96m[Adapter] Try to solve error: {'file': 'UNKNOWN', 'line': -1, 'column': -1, 'message': '[ERROR] Failed to execute goal org.apache.maven.plugins:maven-surefire-plugin:2.12.4:test (default-test) on project CVE-2023-51075: There are test failures.', 'symbol': None, 'location': None, 'code_line': None} with cause: ['Testcase1', 'issue3421Test\nStrSplitter', 'splitByRegex'][0m
[LLMClient] Tokens used: 1875 (prompt), 21 (completion), 1896 (total)
[LLMClient] Prompt: 
You are given an error log when executing 'mvn test' in a project relying on a library with version 5.7.19: 

Error: [INFO] Scanning for projects...
[WARNING] 
[WARNING] Some problems were encountered while building the effective model for edu.vision.se:CVE-2023-51075:jar:1.0-SNAPSHOT
[WARNING] 'dependencies.dependency.(groupId:artifactId:type:classifier)' must be unique: junit:junit:jar -> duplicate declaration of version 4.13.2 @ line 20, column 121
[WARNING] 'dependencies.dependency.(groupId:artifactId:type:classifier)' must be unique: junit:junit:jar -> duplicate declaration of version 4.13.2 @ line 20, column 225
[WARNING] 'dependencies.dependency.(groupId:artifactId:type:classifier)' must be unique: junit:junit:jar -> duplicate declaration of version 4.13.2 @ line 20, column 329
[WARNING] 
[WARNING] It is highly recommended to fix these problems because they threaten the stability of your build.
[WARNING] 
[WARNING] For this reason, future Maven versions might no longer support building such malformed projects.
[WARNING] 
[INFO] 
[INFO] --------------------< edu.vision.se:CVE-2023-51075 >--------------------
[INFO] Building CVE-2023-51075 1.0-SNAPSHOT
[INFO]   from pom.xml
[INFO] --------------------------------[ jar ]---------------------------------
[INFO] 
[INFO] --- maven-clean-plugin:2.5:clean (default-clean) @ CVE-2023-51075 ---
[INFO] Deleting /PoCAdaptation/exploit/result/CVE-2023-51075/5.7.19/exploit/target
[INFO] 
[INFO] --- maven-resources-plugin:2.6:resources (default-resources) @ CVE-2023-51075 ---
[WARNING] Using platform encoding (UTF-8 actually) to copy filtered resources, i.e. build is platform dependent!
[INFO] skip non existing resourceDirectory /PoCAdaptation/exploit/result/CVE-2023-51075/5.7.19/exploit/src/main/resources
[INFO] 
[INFO] --- maven-compiler-plugin:3.1:compile (default-compile) @ CVE-2023-51075 ---
[INFO] No sources to compile
[INFO] 
[INFO] --- maven-resources-plugin:2.6:testResources (default-testResources) @ CVE-2023-51075 ---
[WARNING] Using platform encoding (UTF-8 actually) to copy filtered resources, i.e. build is platform dependent!
[INFO] skip non existing resourceDirectory /PoCAdaptation/exploit/result/CVE-2023-51075/5.7.19/exploit/src/test/resources
[INFO] 
[INFO] --- maven-compiler-plugin:3.1:testCompile (default-testCompile) @ CVE-2023-51075 ---
[INFO] Changes detected - recompiling the module!
[WARNING] File encoding has not been set, using platform encoding UTF-8, i.e. build is platform dependent!
[INFO] Compiling 1 source file to /PoCAdaptation/exploit/result/CVE-2023-51075/5.7.19/exploit/target/test-classes
[INFO] 
[INFO] --- maven-surefire-plugin:2.12.4:test (default-test) @ CVE-2023-51075 ---
[INFO] Surefire report directory: /PoCAdaptation/exploit/result/CVE-2023-51075/5.7.19/exploit/target/surefire-reports

-------------------------------------------------------
 T E S T S
-------------------------------------------------------
Running edu.vision.se.Testcase1
Tests run: 1, Failures: 0, Errors: 1, Skipped: 0, Time elapsed: 0.06 sec <<< FAILURE!
issue3421Test(edu.vision.se.Testcase1)  Time elapsed: 0.044 sec  <<< ERROR!
java.lang.IndexOutOfBoundsException: Illegal start index
	at java.base/java.util.regex.Matcher.find(Matcher.java:771)
	at cn.hutool.core.text.finder.PatternFinder.start(PatternFinder.java:51)
	at cn.hutool.core.text.split.SplitIter.computeNext(SplitIter.java:74)
	at cn.hutool.core.text.split.SplitIter.computeNext(SplitIter.java:21)
	at cn.hutool.core.collection.ComputeIter.hasNext(ComputeIter.java:42)
	at cn.hutool.core.text.split.SplitIter.toList(SplitIter.java:141)
	at cn.hutool.core.text.split.SplitIter.toList(SplitIter.java:129)
	at cn.hutool.core.text.StrSplitter.split(StrSplitter.java:402)
	at cn.hutool.core.text.StrSplitter.splitByRegex(StrSplitter.java:382)
	at edu.vision.se.Testcase1.issue3421Test(Testcase1.java:15)
	at java.base/jdk.internal.reflect.NativeMethodAccessorImpl.invoke0(Native Method)
	at java.base/jdk.internal.reflect.NativeMethodAccessorImpl.invoke(NativeMethodAccessorImpl.java:62)
	at java.base/jdk.internal.reflect.DelegatingMethodAccessorImpl.invoke(DelegatingMethodAccessorImpl.java:43)
	at java.base/java.lang.reflect.Method.invoke(Method.java:566)
	at org.junit.runners.model.FrameworkMethod$1.runReflectiveCall(FrameworkMethod.java:59)
	at org.junit.internal.runners.model.ReflectiveCallable.run(ReflectiveCallable.java:12)
	at org.junit.runners.model.FrameworkMethod.invokeExplosively(FrameworkMethod.java:56)
	at org.junit.internal.runners.statements.InvokeMethod.evaluate(InvokeMethod.java:17)
	at org.junit.internal.runners.statements.FailOnTimeout$CallableStatement.call(FailOnTimeout.java:299)
	at org.junit.internal.runners.statements.FailOnTimeout$CallableStatement.call(FailOnTimeout.java:293)
	at java.base/java.util.concurrent.FutureTask.run(FutureTask.java:264)
	at java.base/java.lang.Thread.run(Thread.java:834)


Results :

Tests in error: 
  issue3421Test(edu.vision.se.Testcase1): Illegal start index

Tests run: 1, Failures: 0, Errors: 1, Skipped: 0

[INFO] ------------------------------------------------------------------------
[INFO] BUILD FAILURE
[INFO] ------------------------------------------------------------------------
[INFO] Total time:  1.301 s
[INFO] Finished at: 2025-07-13T16:15:59Z
[INFO] ------------------------------------------------------------------------
[ERROR] Failed to execute goal org.apache.maven.plugins:maven-surefire-plugin:2.12.4:test (default-test) on project CVE-2023-51075: There are test failures.
[ERROR] 
[ERROR] Please refer to /PoCAdaptation/exploit/result/CVE-2023-51075/5.7.19/exploit/target/surefire-reports for the individual test results.
[ERROR] -> [Help 1]
[ERROR] 
[ERROR] To see the full stack trace of the errors, re-run Maven with the -e switch.
[ERROR] Re-run Maven using the -X switch to enable full debug logging.
[ERROR] 
[ERROR] For more information about the errors and possible solutions, please read the following articles:
[ERROR] [Help 1] http://cwiki.apache.org/confluence/display/MAVEN/MojoFailureException

 

The test executes as expected in 5.7.18 but not in 5.7.19. 

Extract two key entities from the error log for searching related diffs 

The extracted entities should reflect code-level identifiers that are likely to appear in diffs. We prefer a simple entity.

Current cause: ['Testcase1', 'issue3421Test\nStrSplitter', 'splitByRegex'] 

 failed to catch, try simpler or other entities.

Output each node as a `;`-separated list, with no explanations. 


[LLMClient] Response: 
Testcase1;issue3421Test
StrSplitter;splitByRegex
PatternFinder;start
[96m[ErrorManager] Extracted key entities: ['Testcase1', 'issue3421Test\nStrSplitter', 'splitByRegex\nPatternFinder', 'start'][0m
[96m[Adapter] Related diffs for error: [(18, 5.0), (27, 5.0), (28, 5.0), (104, 5.0), (5, 1.0)][0m
[96m[Adapter] Fix position is in test code.[0m
[96m[RepairModule] Start repair for group: [ERROR] Failed to execute goal org.apache.maven.plugins:maven-surefire-plugin:2.12.4:test (default-test) on project CVE-2023-51075: There are test failures. | cause: ['Testcase1', 'issue3421Test\nStrSplitter', 'splitByRegex\nPatternFinder', 'start'][0m
[96m[RepairModule] Trying best diff #18 with score 5.00[0m
[96m[RepairModule] Iteration 0, temperature 1.000: Trying diff #18 with score 5.00[0m
[LLMClient] Tokens used: 2237 (prompt), 218 (completion), 2455 (total)
[LLMClient] Prompt: 
You are given a Java test file with compilation errors in version 5.7.19:cn.hutool:hutool-core.
This test file compiles and runs successfully in 5.7.18.

The diff is related to the diff.
Your task has three steps:
 1. Locate the code where the compilation error occurs.
 2. Analyze the diff from 5.7.18 to 5.7.19.
 3. Fix the error in the error position only when diff is helpful. Add import statement when needed according to the diff. If mocking, access fields via reflection if they exist. 

Only output the modified version of the test file according to the diff. No explanations. 
### Compilation Errors:
message: [INFO] Scanning for projects...
[WARNING] 
[WARNING] Some problems were encountered while building the effective model for edu.vision.se:CVE-2023-51075:jar:1.0-SNAPSHOT
[WARNING] 'dependencies.dependency.(groupId:artifactId:type:classifier)' must be unique: junit:junit:jar -> duplicate declaration of version 4.13.2 @ line 20, column 121
[WARNING] 'dependencies.dependency.(groupId:artifactId:type:classifier)' must be unique: junit:junit:jar -> duplicate declaration of version 4.13.2 @ line 20, column 225
[WARNING] 'dependencies.dependency.(groupId:artifactId:type:classifier)' must be unique: junit:junit:jar -> duplicate declaration of version 4.13.2 @ line 20, column 329
[WARNING] 
[WARNING] It is highly recommended to fix these problems because they threaten the stability of your build.
[WARNING] 
[WARNING] For this reason, future Maven versions might no longer support building such malformed projects.
[WARNING] 
[INFO] 
[INFO] --------------------< edu.vision.se:CVE-2023-51075 >--------------------
[INFO] Building CVE-2023-51075 1.0-SNAPSHOT
[INFO]   from pom.xml
[INFO] --------------------------------[ jar ]---------------------------------
[INFO] 
[INFO] --- maven-clean-plugin:2.5:clean (default-clean) @ CVE-2023-51075 ---
[INFO] Deleting /PoCAdaptation/exploit/result/CVE-2023-51075/5.7.19/exploit/target
[INFO] 
[INFO] --- maven-resources-plugin:2.6:resources (default-resources) @ CVE-2023-51075 ---
[WARNING] Using platform encoding (UTF-8 actually) to copy filtered resources, i.e. build is platform dependent!
[INFO] skip non existing resourceDirectory /PoCAdaptation/exploit/result/CVE-2023-51075/5.7.19/exploit/src/main/resources
[INFO] 
[INFO] --- maven-compiler-plugin:3.1:compile (default-compile) @ CVE-2023-51075 ---
[INFO] No sources to compile
[INFO] 
[INFO] --- maven-resources-plugin:2.6:testResources (default-testResources) @ CVE-2023-51075 ---
[WARNING] Using platform encoding (UTF-8 actually) to copy filtered resources, i.e. build is platform dependent!
[INFO] skip non existing resourceDirectory /PoCAdaptation/exploit/result/CVE-2023-51075/5.7.19/exploit/src/test/resources
[INFO] 
[INFO] --- maven-compiler-plugin:3.1:testCompile (default-testCompile) @ CVE-2023-51075 ---
[INFO] Changes detected - recompiling the module!
[WARNING] File encoding has not been set, using platform encoding UTF-8, i.e. build is platform dependent!
[INFO] Compiling 1 source file to /PoCAdaptation/exploit/result/CVE-2023-51075/5.7.19/exploit/target/test-classes
[INFO] 
[INFO] --- maven-surefire-plugin:2.12.4:test (default-test) @ CVE-2023-51075 ---
[INFO] Surefire report directory: /PoCAdaptation/exploit/result/CVE-2023-51075/5.7.19/exploit/target/surefire-reports

-------------------------------------------------------
 T E S T S
-------------------------------------------------------
Running edu.vision.se.Testcase1
Tests run: 1, Failures: 0, Errors: 1, Skipped: 0, Time elapsed: 0.06 sec <<< FAILURE!
issue3421Test(edu.vision.se.Testcase1)  Time elapsed: 0.044 sec  <<< ERROR!
java.lang.IndexOutOfBoundsException: Illegal start index
	at java.base/java.util.regex.Matcher.find(Matcher.java:771)
	at cn.hutool.core.text.finder.PatternFinder.start(PatternFinder.java:51)
	at cn.hutool.core.text.split.SplitIter.computeNext(SplitIter.java:74)
	at cn.hutool.core.text.split.SplitIter.computeNext(SplitIter.java:21)
	at cn.hutool.core.collection.ComputeIter.hasNext(ComputeIter.java:42)
	at cn.hutool.core.text.split.SplitIter.toList(SplitIter.java:141)
	at cn.hutool.core.text.split.SplitIter.toList(SplitIter.java:129)
	at cn.hutool.core.text.StrSplitter.split(StrSplitter.java:402)
	at cn.hutool.core.text.StrSplitter.splitByRegex(StrSplitter.java:382)
	at edu.vision.se.Testcase1.issue3421Test(Testcase1.java:15)
	at java.base/jdk.internal.reflect.NativeMethodAccessorImpl.invoke0(Native Method)
	at java.base/jdk.internal.reflect.NativeMethodAccessorImpl.invoke(NativeMethodAccessorImpl.java:62)
	at java.base/jdk.internal.reflect.DelegatingMethodAccessorImpl.invoke(DelegatingMethodAccessorImpl.java:43)
	at java.base/java.lang.reflect.Method.invoke(Method.java:566)
	at org.junit.runners.model.FrameworkMethod$1.runReflectiveCall(FrameworkMethod.java:59)
	at org.junit.internal.runners.model.ReflectiveCallable.run(ReflectiveCallable.java:12)
	at org.junit.runners.model.FrameworkMethod.invokeExplosively(FrameworkMethod.java:56)
	at org.junit.internal.runners.statements.InvokeMethod.evaluate(InvokeMethod.java:17)
	at org.junit.internal.runners.statements.FailOnTimeout$CallableStatement.call(FailOnTimeout.java:299)
	at org.junit.internal.runners.statements.FailOnTimeout$CallableStatement.call(FailOnTimeout.java:293)
	at java.base/java.util.concurrent.FutureTask.run(FutureTask.java:264)
	at java.base/java.lang.Thread.run(Thread.java:834)


Results :

Tests in error: 
  issue3421Test(edu.vision.se.Testcase1): Illegal start index

Tests run: 1, Failures: 0, Errors: 1, Skipped: 0

[INFO] ------------------------------------------------------------------------
[INFO] BUILD FAILURE
[INFO] ------------------------------------------------------------------------
[INFO] Total time:  1.301 s
[INFO] Finished at: 2025-07-13T16:15:59Z
[INFO] ------------------------------------------------------------------------
[ERROR] Failed to execute goal org.apache.maven.plugins:maven-surefire-plugin:2.12.4:test (default-test) on project CVE-2023-51075: There are test failures.
[ERROR] 
[ERROR] Please refer to /PoCAdaptation/exploit/result/CVE-2023-51075/5.7.19/exploit/target/surefire-reports for the individual test results.
[ERROR] -> [Help 1]
[ERROR] 
[ERROR] To see the full stack trace of the errors, re-run Maven with the -e switch.
[ERROR] Re-run Maven using the -X switch to enable full debug logging.
[ERROR] 
[ERROR] For more information about the errors and possible solutions, please read the following articles:
[ERROR] [Help 1] http://cwiki.apache.org/confluence/display/MAVEN/MojoFailureException

### Error Position:
None

### Related Diff:
Operation: MODIFIED, File: hutool-core/src/main/java/cn/hutool/core/text/CharSequenceUtil.java, Hunk: @@ -1090,7 +1089,7 @@ public static int indexOf(CharSequence str, char searchChar, int start) {
 	/**
 	 * ÊåáÂÆöËåÉÂõ¥ÂÜÖÊü•ÊâæÊåáÂÆöÂ≠óÁ¨¶
 	 *
+	 * @param text        Â≠óÁ¨¶‰∏≤
-	 * @param text       Â≠óÁ¨¶‰∏≤
 	 * @param searchChar Ë¢´Êü•ÊâæÁöÑÂ≠óÁ¨¶
 	 * @param start      Ëµ∑Âßã‰ΩçÁΩÆÔºåÂ¶ÇÊûúÂ∞è‰∫é0Ôºå‰ªé0ÂºÄÂßãÊü•Êâæ
 	 * @param end        ÁªàÊ≠¢‰ΩçÁΩÆÔºåÂ¶ÇÊûúË∂ÖËøástr.length()ÂàôÈªòËÆ§Êü•ÊâæÂà∞Â≠óÁ¨¶‰∏≤Êú´Â∞æ

### Test File Content:
package edu.vision.se;

import static org.junit.Assert.assertEquals;

import java.util.List;

import org.junit.Test;

import cn.hutool.core.collection.ListUtil;
import cn.hutool.core.text.StrSplitter;

public class Testcase1 {
    @Test(timeout = 2000)
    public void issue3421Test() {
        List<String> strings = StrSplitter.splitByRegex("", "", 0, false, false);
        // assertEquals(ListUtil.of(""), strings);

        strings = StrSplitter.splitByRegex("aaa", "", 0, false, false);
        // assertEquals(ListUtil.of("aaa"), strings);

        strings = StrSplitter.splitByRegex("", "aaa", 0, false, false);
        // assertEquals(ListUtil.of(""), strings);

        strings = StrSplitter.splitByRegex("", "", 0, false, true);
        // assertEquals(ListUtil.of(), strings);
    }
}



[LLMClient] Response: 
Based on the error and diff provided, I'll modify the test file to handle the empty string case properly:

```java
package edu.vision.se;

import static org.junit.Assert.assertEquals;

import java.util.List;

import org.junit.Test;

import cn.hutool.core.collection.ListUtil;
import cn.hutool.core.text.StrSplitter;

public class Testcase1 {
    @Test(timeout = 2000)
    public void issue3421Test() {
        List<String> strings = StrSplitter.splitByRegex("", "", 0, false, false);
        assertEquals(ListUtil.of(""), strings);

        strings = StrSplitter.splitByRegex("aaa", "", 0, false, false);
        assertEquals(ListUtil.of("aaa"), strings);

        strings = StrSplitter.splitByRegex("", "aaa", 0, false, false);
        assertEquals(ListUtil.of(""), strings);

        strings = StrSplitter.splitByRegex("", "", 0, false, true);
        assertEquals(ListUtil.of(), strings);
    }
}
```
[96m[RepairModule] Wrote modified code to /PoCAdaptation/exploit/result/CVE-2023-51075/5.7.19/exploit/src/test/java/edu/vision/se/Testcase1.java[0m
[96m[Executor] Executing exploit for CVE-2023-51075 on version 5.7.19...[0m
[96m[Verifier] Verifying reproduction...[0m
[91m[Verifier] ‚úó Behavior not found: 'org.junit.runners.model.TestTimedOutException'[0m
[91m[Executor] Reproduction result: Failure[0m
[96m[ErrorManager] Ignoring line: [ERROR] Failed to execute goal org.apache.maven.plugins:maven-surefire-plugin:2.12.4:test (default-test) on project CVE-2023-51075: There are test failures.[0m
[96m[ErrorManager] Ignoring line: [ERROR][0m
[96m[ErrorManager] Ignoring line: [ERROR] Please refer to /PoCAdaptation/exploit/result/CVE-2023-51075/5.7.19/exploit/target/surefire-reports for the individual test results.[0m
[96m[ErrorManager] Ignoring line: [ERROR] -> [Help 1][0m
[96m[ErrorManager] Ignoring line: [ERROR][0m
[96m[ErrorManager] Ignoring line: [ERROR] To see the full stack trace of the errors, re-run Maven with the -e switch.[0m
[96m[ErrorManager] Ignoring line: [ERROR] Re-run Maven using the -X switch to enable full debug logging.[0m
[96m[ErrorManager] Ignoring line: [ERROR][0m
[96m[ErrorManager] Ignoring line: [ERROR] For more information about the errors and possible solutions, please read the following articles:[0m
[96m[ErrorManager] Ignoring line: [ERROR] [Help 1] http://cwiki.apache.org/confluence/display/MAVEN/MojoFailureException[0m
[96m[ErrorManager] Using fallback error line: [ERROR] Failed to execute goal org.apache.maven.plugins:maven-surefire-plugin:2.12.4:test (default-test) on project CVE-2023-51075: There are test failures.[0m
[91m[ErrorManager] Failed to read file UNKNOWN: [Errno 2] No such file or directory: 'UNKNOWN'[0m
[RepairModule] Old grouped keys: {'[ERROR] Failed to execute goal org.apache.maven.plugins:maven-surefire-plugin:2.12.4:test (default-test) on project CVE-2023-51075: There are test failures. |'}
[RepairModule] New grouped keys: {'[ERROR] Failed to execute goal org.apache.maven.plugins:maven-surefire-plugin:2.12.4:test (default-test) on project CVE-2023-51075: There are test failures. |'}
[91m[RepairModule] Error [ERROR] Failed to execute goal org.apache.maven.plugins:maven-surefire-plugin:2.12.4:test (default-test) on project CVE-2023-51075: There are test failures. still exists in group [ERROR] Failed to execute goal org.apache.maven.plugins:maven-surefire-plugin:2.12.4:test (default-test) on project CVE-2023-51075: There are test failures. | after applying diff.[0m
[96m[RepairModule] Iteration 0, temperature 1.000: Trying diff #28 with score 5.00[0m
[LLMClient] Tokens used: 2442 (prompt), 192 (completion), 2634 (total)
[LLMClient] Prompt: 
You are given a Java test file with compilation errors in version 5.7.19:cn.hutool:hutool-core.
This test file compiles and runs successfully in 5.7.18.

The diff is related to the diff.
Your task has three steps:
 1. Locate the code where the compilation error occurs.
 2. Analyze the diff from 5.7.18 to 5.7.19.
 3. Fix the error in the error position only when diff is helpful. Add import statement when needed according to the diff. If mocking, access fields via reflection if they exist. 

Only output the modified version of the test file according to the diff. No explanations. 
### Compilation Errors:
message: [INFO] Scanning for projects...
[WARNING] 
[WARNING] Some problems were encountered while building the effective model for edu.vision.se:CVE-2023-51075:jar:1.0-SNAPSHOT
[WARNING] 'dependencies.dependency.(groupId:artifactId:type:classifier)' must be unique: junit:junit:jar -> duplicate declaration of version 4.13.2 @ line 20, column 121
[WARNING] 'dependencies.dependency.(groupId:artifactId:type:classifier)' must be unique: junit:junit:jar -> duplicate declaration of version 4.13.2 @ line 20, column 225
[WARNING] 'dependencies.dependency.(groupId:artifactId:type:classifier)' must be unique: junit:junit:jar -> duplicate declaration of version 4.13.2 @ line 20, column 329
[WARNING] 
[WARNING] It is highly recommended to fix these problems because they threaten the stability of your build.
[WARNING] 
[WARNING] For this reason, future Maven versions might no longer support building such malformed projects.
[WARNING] 
[INFO] 
[INFO] --------------------< edu.vision.se:CVE-2023-51075 >--------------------
[INFO] Building CVE-2023-51075 1.0-SNAPSHOT
[INFO]   from pom.xml
[INFO] --------------------------------[ jar ]---------------------------------
[INFO] 
[INFO] --- maven-clean-plugin:2.5:clean (default-clean) @ CVE-2023-51075 ---
[INFO] Deleting /PoCAdaptation/exploit/result/CVE-2023-51075/5.7.19/exploit/target
[INFO] 
[INFO] --- maven-resources-plugin:2.6:resources (default-resources) @ CVE-2023-51075 ---
[WARNING] Using platform encoding (UTF-8 actually) to copy filtered resources, i.e. build is platform dependent!
[INFO] skip non existing resourceDirectory /PoCAdaptation/exploit/result/CVE-2023-51075/5.7.19/exploit/src/main/resources
[INFO] 
[INFO] --- maven-compiler-plugin:3.1:compile (default-compile) @ CVE-2023-51075 ---
[INFO] No sources to compile
[INFO] 
[INFO] --- maven-resources-plugin:2.6:testResources (default-testResources) @ CVE-2023-51075 ---
[WARNING] Using platform encoding (UTF-8 actually) to copy filtered resources, i.e. build is platform dependent!
[INFO] skip non existing resourceDirectory /PoCAdaptation/exploit/result/CVE-2023-51075/5.7.19/exploit/src/test/resources
[INFO] 
[INFO] --- maven-compiler-plugin:3.1:testCompile (default-testCompile) @ CVE-2023-51075 ---
[INFO] Changes detected - recompiling the module!
[WARNING] File encoding has not been set, using platform encoding UTF-8, i.e. build is platform dependent!
[INFO] Compiling 1 source file to /PoCAdaptation/exploit/result/CVE-2023-51075/5.7.19/exploit/target/test-classes
[INFO] 
[INFO] --- maven-surefire-plugin:2.12.4:test (default-test) @ CVE-2023-51075 ---
[INFO] Surefire report directory: /PoCAdaptation/exploit/result/CVE-2023-51075/5.7.19/exploit/target/surefire-reports

-------------------------------------------------------
 T E S T S
-------------------------------------------------------
Running edu.vision.se.Testcase1
Tests run: 1, Failures: 0, Errors: 1, Skipped: 0, Time elapsed: 0.05 sec <<< FAILURE!
issue3421Test(edu.vision.se.Testcase1)  Time elapsed: 0.043 sec  <<< ERROR!
java.lang.IndexOutOfBoundsException: Illegal start index
	at java.base/java.util.regex.Matcher.find(Matcher.java:771)
	at cn.hutool.core.text.finder.PatternFinder.start(PatternFinder.java:51)
	at cn.hutool.core.text.split.SplitIter.computeNext(SplitIter.java:74)
	at cn.hutool.core.text.split.SplitIter.computeNext(SplitIter.java:21)
	at cn.hutool.core.collection.ComputeIter.hasNext(ComputeIter.java:42)
	at cn.hutool.core.text.split.SplitIter.toList(SplitIter.java:141)
	at cn.hutool.core.text.split.SplitIter.toList(SplitIter.java:129)
	at cn.hutool.core.text.StrSplitter.split(StrSplitter.java:402)
	at cn.hutool.core.text.StrSplitter.splitByRegex(StrSplitter.java:382)
	at edu.vision.se.Testcase1.issue3421Test(Testcase1.java:15)
	at java.base/jdk.internal.reflect.NativeMethodAccessorImpl.invoke0(Native Method)
	at java.base/jdk.internal.reflect.NativeMethodAccessorImpl.invoke(NativeMethodAccessorImpl.java:62)
	at java.base/jdk.internal.reflect.DelegatingMethodAccessorImpl.invoke(DelegatingMethodAccessorImpl.java:43)
	at java.base/java.lang.reflect.Method.invoke(Method.java:566)
	at org.junit.runners.model.FrameworkMethod$1.runReflectiveCall(FrameworkMethod.java:59)
	at org.junit.internal.runners.model.ReflectiveCallable.run(ReflectiveCallable.java:12)
	at org.junit.runners.model.FrameworkMethod.invokeExplosively(FrameworkMethod.java:56)
	at org.junit.internal.runners.statements.InvokeMethod.evaluate(InvokeMethod.java:17)
	at org.junit.internal.runners.statements.FailOnTimeout$CallableStatement.call(FailOnTimeout.java:299)
	at org.junit.internal.runners.statements.FailOnTimeout$CallableStatement.call(FailOnTimeout.java:293)
	at java.base/java.util.concurrent.FutureTask.run(FutureTask.java:264)
	at java.base/java.lang.Thread.run(Thread.java:834)


Results :

Tests in error: 
  issue3421Test(edu.vision.se.Testcase1): Illegal start index

Tests run: 1, Failures: 0, Errors: 1, Skipped: 0

[INFO] ------------------------------------------------------------------------
[INFO] BUILD FAILURE
[INFO] ------------------------------------------------------------------------
[INFO] Total time:  1.609 s
[INFO] Finished at: 2025-07-13T16:16:33Z
[INFO] ------------------------------------------------------------------------
[ERROR] Failed to execute goal org.apache.maven.plugins:maven-surefire-plugin:2.12.4:test (default-test) on project CVE-2023-51075: There are test failures.
[ERROR] 
[ERROR] Please refer to /PoCAdaptation/exploit/result/CVE-2023-51075/5.7.19/exploit/target/surefire-reports for the individual test results.
[ERROR] -> [Help 1]
[ERROR] 
[ERROR] To see the full stack trace of the errors, re-run Maven with the -e switch.
[ERROR] Re-run Maven using the -X switch to enable full debug logging.
[ERROR] 
[ERROR] For more information about the errors and possible solutions, please read the following articles:
[ERROR] [Help 1] http://cwiki.apache.org/confluence/display/MAVEN/MojoFailureException

### Error Position:
None

### Related Diff:
Operation: MODIFIED, File: hutool-core/src/main/java/cn/hutool/core/text/CharSequenceUtil.java, Hunk: @@ -3583,27 +3576,29 @@ public static String replace(CharSequence str, int startInclude, int endExclude,
 		if (isEmpty(str)) {
 			return str(str);
 		}
+		final int strLength = str.length();
-		final String originalStr = str(str);
-		int[] strCodePoints = originalStr.codePoints().toArray();
-		final int strLength = strCodePoints.length;
 		if (startInclude > strLength) {
+			return str(str);
-			return originalStr;
 		}
 		if (endExclude > strLength) {
 			endExclude = strLength;
 		}
 		if (startInclude > endExclude) {
 			// Â¶ÇÊûúËµ∑Âßã‰ΩçÁΩÆÂ§ß‰∫éÁªìÊùü‰ΩçÁΩÆÔºå‰∏çÊõøÊç¢
+			return str(str);
-			return originalStr;
 		}

+		final char[] chars = new char[strLength];
-		final StringBuilder stringBuilder = new StringBuilder();
 		for (int i = 0; i < strLength; i++) {
 			if (i >= startInclude && i < endExclude) {
+				chars[i] = replacedChar;
-				stringBuilder.append(replacedChar);
 			} else {
+				chars[i] = str.charAt(i);
-				stringBuilder.append(new String(strCodePoints, i, 1));
 			}
 		}
+		return new String(chars);
-		return stringBuilder.toString();
 	}

 	/**

### Test File Content:
package edu.vision.se;

import static org.junit.Assert.assertEquals;

import java.util.List;

import org.junit.Test;

import cn.hutool.core.collection.ListUtil;
import cn.hutool.core.text.StrSplitter;

public class Testcase1 {
    @Test(timeout = 2000)
    public void issue3421Test() {
        List<String> strings = StrSplitter.splitByRegex("", "", 0, false, false);
        // assertEquals(ListUtil.of(""), strings);

        strings = StrSplitter.splitByRegex("aaa", "", 0, false, false);
        // assertEquals(ListUtil.of("aaa"), strings);

        strings = StrSplitter.splitByRegex("", "aaa", 0, false, false);
        // assertEquals(ListUtil.of(""), strings);

        strings = StrSplitter.splitByRegex("", "", 0, false, true);
        // assertEquals(ListUtil.of(), strings);
    }
}



[LLMClient] Response: 
package edu.vision.se;

import static org.junit.Assert.assertEquals;

import java.util.List;

import org.junit.Test;

import cn.hutool.core.collection.ListUtil;
import cn.hutool.core.text.StrSplitter;

public class Testcase1 {
    @Test(timeout = 2000)
    public void issue3421Test() {
        List<String> strings = StrSplitter.splitByRegex("", "", 0, false, false);
        assertEquals(ListUtil.of(""), strings);

        strings = StrSplitter.splitByRegex("aaa", "", 0, false, false);
        assertEquals(ListUtil.of("aaa"), strings);

        strings = StrSplitter.splitByRegex("", "aaa", 0, false, false);
        assertEquals(ListUtil.of(""), strings);

        strings = StrSplitter.splitByRegex("", "", 0, false, true);
        assertEquals(ListUtil.of(), strings);
    }
}
[96m[RepairModule] Wrote modified code to /PoCAdaptation/exploit/result/CVE-2023-51075/5.7.19/exploit/src/test/java/edu/vision/se/Testcase1.java[0m
[96m[Executor] Executing exploit for CVE-2023-51075 on version 5.7.19...[0m
[96m[Verifier] Verifying reproduction...[0m
[91m[Verifier] ‚úó Behavior not found: 'org.junit.runners.model.TestTimedOutException'[0m
[91m[Executor] Reproduction result: Failure[0m
[96m[ErrorManager] Ignoring line: [ERROR] Failed to execute goal org.apache.maven.plugins:maven-surefire-plugin:2.12.4:test (default-test) on project CVE-2023-51075: There are test failures.[0m
[96m[ErrorManager] Ignoring line: [ERROR][0m
[96m[ErrorManager] Ignoring line: [ERROR] Please refer to /PoCAdaptation/exploit/result/CVE-2023-51075/5.7.19/exploit/target/surefire-reports for the individual test results.[0m
[96m[ErrorManager] Ignoring line: [ERROR] -> [Help 1][0m
[96m[ErrorManager] Ignoring line: [ERROR][0m
[96m[ErrorManager] Ignoring line: [ERROR] To see the full stack trace of the errors, re-run Maven with the -e switch.[0m
[96m[ErrorManager] Ignoring line: [ERROR] Re-run Maven using the -X switch to enable full debug logging.[0m
[96m[ErrorManager] Ignoring line: [ERROR][0m
[96m[ErrorManager] Ignoring line: [ERROR] For more information about the errors and possible solutions, please read the following articles:[0m
[96m[ErrorManager] Ignoring line: [ERROR] [Help 1] http://cwiki.apache.org/confluence/display/MAVEN/MojoFailureException[0m
[96m[ErrorManager] Using fallback error line: [ERROR] Failed to execute goal org.apache.maven.plugins:maven-surefire-plugin:2.12.4:test (default-test) on project CVE-2023-51075: There are test failures.[0m
[91m[ErrorManager] Failed to read file UNKNOWN: [Errno 2] No such file or directory: 'UNKNOWN'[0m
[RepairModule] Old grouped keys: {'[ERROR] Failed to execute goal org.apache.maven.plugins:maven-surefire-plugin:2.12.4:test (default-test) on project CVE-2023-51075: There are test failures. |'}
[RepairModule] New grouped keys: {'[ERROR] Failed to execute goal org.apache.maven.plugins:maven-surefire-plugin:2.12.4:test (default-test) on project CVE-2023-51075: There are test failures. |'}
[91m[RepairModule] Error [ERROR] Failed to execute goal org.apache.maven.plugins:maven-surefire-plugin:2.12.4:test (default-test) on project CVE-2023-51075: There are test failures. still exists in group [ERROR] Failed to execute goal org.apache.maven.plugins:maven-surefire-plugin:2.12.4:test (default-test) on project CVE-2023-51075: There are test failures. | after applying diff.[0m
[96m[RepairModule] Iteration 0, temperature 1.000: Trying diff #28 with score 2.50[0m
[LLMClient] Tokens used: 2442 (prompt), 192 (completion), 2634 (total)
[LLMClient] Prompt: 
You are given a Java test file with compilation errors in version 5.7.19:cn.hutool:hutool-core.
This test file compiles and runs successfully in 5.7.18.

The diff is related to the diff.
Your task has three steps:
 1. Locate the code where the compilation error occurs.
 2. Analyze the diff from 5.7.18 to 5.7.19.
 3. Fix the error in the error position only when diff is helpful. Add import statement when needed according to the diff. If mocking, access fields via reflection if they exist. 

Only output the modified version of the test file according to the diff. No explanations. 
### Compilation Errors:
message: [INFO] Scanning for projects...
[WARNING] 
[WARNING] Some problems were encountered while building the effective model for edu.vision.se:CVE-2023-51075:jar:1.0-SNAPSHOT
[WARNING] 'dependencies.dependency.(groupId:artifactId:type:classifier)' must be unique: junit:junit:jar -> duplicate declaration of version 4.13.2 @ line 20, column 121
[WARNING] 'dependencies.dependency.(groupId:artifactId:type:classifier)' must be unique: junit:junit:jar -> duplicate declaration of version 4.13.2 @ line 20, column 225
[WARNING] 'dependencies.dependency.(groupId:artifactId:type:classifier)' must be unique: junit:junit:jar -> duplicate declaration of version 4.13.2 @ line 20, column 329
[WARNING] 
[WARNING] It is highly recommended to fix these problems because they threaten the stability of your build.
[WARNING] 
[WARNING] For this reason, future Maven versions might no longer support building such malformed projects.
[WARNING] 
[INFO] 
[INFO] --------------------< edu.vision.se:CVE-2023-51075 >--------------------
[INFO] Building CVE-2023-51075 1.0-SNAPSHOT
[INFO]   from pom.xml
[INFO] --------------------------------[ jar ]---------------------------------
[INFO] 
[INFO] --- maven-clean-plugin:2.5:clean (default-clean) @ CVE-2023-51075 ---
[INFO] Deleting /PoCAdaptation/exploit/result/CVE-2023-51075/5.7.19/exploit/target
[INFO] 
[INFO] --- maven-resources-plugin:2.6:resources (default-resources) @ CVE-2023-51075 ---
[WARNING] Using platform encoding (UTF-8 actually) to copy filtered resources, i.e. build is platform dependent!
[INFO] skip non existing resourceDirectory /PoCAdaptation/exploit/result/CVE-2023-51075/5.7.19/exploit/src/main/resources
[INFO] 
[INFO] --- maven-compiler-plugin:3.1:compile (default-compile) @ CVE-2023-51075 ---
[INFO] No sources to compile
[INFO] 
[INFO] --- maven-resources-plugin:2.6:testResources (default-testResources) @ CVE-2023-51075 ---
[WARNING] Using platform encoding (UTF-8 actually) to copy filtered resources, i.e. build is platform dependent!
[INFO] skip non existing resourceDirectory /PoCAdaptation/exploit/result/CVE-2023-51075/5.7.19/exploit/src/test/resources
[INFO] 
[INFO] --- maven-compiler-plugin:3.1:testCompile (default-testCompile) @ CVE-2023-51075 ---
[INFO] Changes detected - recompiling the module!
[WARNING] File encoding has not been set, using platform encoding UTF-8, i.e. build is platform dependent!
[INFO] Compiling 1 source file to /PoCAdaptation/exploit/result/CVE-2023-51075/5.7.19/exploit/target/test-classes
[INFO] 
[INFO] --- maven-surefire-plugin:2.12.4:test (default-test) @ CVE-2023-51075 ---
[INFO] Surefire report directory: /PoCAdaptation/exploit/result/CVE-2023-51075/5.7.19/exploit/target/surefire-reports

-------------------------------------------------------
 T E S T S
-------------------------------------------------------
Running edu.vision.se.Testcase1
Tests run: 1, Failures: 0, Errors: 1, Skipped: 0, Time elapsed: 0.053 sec <<< FAILURE!
issue3421Test(edu.vision.se.Testcase1)  Time elapsed: 0.041 sec  <<< ERROR!
java.lang.IndexOutOfBoundsException: Illegal start index
	at java.base/java.util.regex.Matcher.find(Matcher.java:771)
	at cn.hutool.core.text.finder.PatternFinder.start(PatternFinder.java:51)
	at cn.hutool.core.text.split.SplitIter.computeNext(SplitIter.java:74)
	at cn.hutool.core.text.split.SplitIter.computeNext(SplitIter.java:21)
	at cn.hutool.core.collection.ComputeIter.hasNext(ComputeIter.java:42)
	at cn.hutool.core.text.split.SplitIter.toList(SplitIter.java:141)
	at cn.hutool.core.text.split.SplitIter.toList(SplitIter.java:129)
	at cn.hutool.core.text.StrSplitter.split(StrSplitter.java:402)
	at cn.hutool.core.text.StrSplitter.splitByRegex(StrSplitter.java:382)
	at edu.vision.se.Testcase1.issue3421Test(Testcase1.java:15)
	at java.base/jdk.internal.reflect.NativeMethodAccessorImpl.invoke0(Native Method)
	at java.base/jdk.internal.reflect.NativeMethodAccessorImpl.invoke(NativeMethodAccessorImpl.java:62)
	at java.base/jdk.internal.reflect.DelegatingMethodAccessorImpl.invoke(DelegatingMethodAccessorImpl.java:43)
	at java.base/java.lang.reflect.Method.invoke(Method.java:566)
	at org.junit.runners.model.FrameworkMethod$1.runReflectiveCall(FrameworkMethod.java:59)
	at org.junit.internal.runners.model.ReflectiveCallable.run(ReflectiveCallable.java:12)
	at org.junit.runners.model.FrameworkMethod.invokeExplosively(FrameworkMethod.java:56)
	at org.junit.internal.runners.statements.InvokeMethod.evaluate(InvokeMethod.java:17)
	at org.junit.internal.runners.statements.FailOnTimeout$CallableStatement.call(FailOnTimeout.java:299)
	at org.junit.internal.runners.statements.FailOnTimeout$CallableStatement.call(FailOnTimeout.java:293)
	at java.base/java.util.concurrent.FutureTask.run(FutureTask.java:264)
	at java.base/java.lang.Thread.run(Thread.java:834)


Results :

Tests in error: 
  issue3421Test(edu.vision.se.Testcase1): Illegal start index

Tests run: 1, Failures: 0, Errors: 1, Skipped: 0

[INFO] ------------------------------------------------------------------------
[INFO] BUILD FAILURE
[INFO] ------------------------------------------------------------------------
[INFO] Total time:  1.531 s
[INFO] Finished at: 2025-07-13T16:16:51Z
[INFO] ------------------------------------------------------------------------
[ERROR] Failed to execute goal org.apache.maven.plugins:maven-surefire-plugin:2.12.4:test (default-test) on project CVE-2023-51075: There are test failures.
[ERROR] 
[ERROR] Please refer to /PoCAdaptation/exploit/result/CVE-2023-51075/5.7.19/exploit/target/surefire-reports for the individual test results.
[ERROR] -> [Help 1]
[ERROR] 
[ERROR] To see the full stack trace of the errors, re-run Maven with the -e switch.
[ERROR] Re-run Maven using the -X switch to enable full debug logging.
[ERROR] 
[ERROR] For more information about the errors and possible solutions, please read the following articles:
[ERROR] [Help 1] http://cwiki.apache.org/confluence/display/MAVEN/MojoFailureException

### Error Position:
None

### Related Diff:
Operation: MODIFIED, File: hutool-core/src/main/java/cn/hutool/core/text/CharSequenceUtil.java, Hunk: @@ -3583,27 +3576,29 @@ public static String replace(CharSequence str, int startInclude, int endExclude,
 		if (isEmpty(str)) {
 			return str(str);
 		}
+		final int strLength = str.length();
-		final String originalStr = str(str);
-		int[] strCodePoints = originalStr.codePoints().toArray();
-		final int strLength = strCodePoints.length;
 		if (startInclude > strLength) {
+			return str(str);
-			return originalStr;
 		}
 		if (endExclude > strLength) {
 			endExclude = strLength;
 		}
 		if (startInclude > endExclude) {
 			// Â¶ÇÊûúËµ∑Âßã‰ΩçÁΩÆÂ§ß‰∫éÁªìÊùü‰ΩçÁΩÆÔºå‰∏çÊõøÊç¢
+			return str(str);
-			return originalStr;
 		}

+		final char[] chars = new char[strLength];
-		final StringBuilder stringBuilder = new StringBuilder();
 		for (int i = 0; i < strLength; i++) {
 			if (i >= startInclude && i < endExclude) {
+				chars[i] = replacedChar;
-				stringBuilder.append(replacedChar);
 			} else {
+				chars[i] = str.charAt(i);
-				stringBuilder.append(new String(strCodePoints, i, 1));
 			}
 		}
+		return new String(chars);
-		return stringBuilder.toString();
 	}

 	/**

### Test File Content:
package edu.vision.se;

import static org.junit.Assert.assertEquals;

import java.util.List;

import org.junit.Test;

import cn.hutool.core.collection.ListUtil;
import cn.hutool.core.text.StrSplitter;

public class Testcase1 {
    @Test(timeout = 2000)
    public void issue3421Test() {
        List<String> strings = StrSplitter.splitByRegex("", "", 0, false, false);
        // assertEquals(ListUtil.of(""), strings);

        strings = StrSplitter.splitByRegex("aaa", "", 0, false, false);
        // assertEquals(ListUtil.of("aaa"), strings);

        strings = StrSplitter.splitByRegex("", "aaa", 0, false, false);
        // assertEquals(ListUtil.of(""), strings);

        strings = StrSplitter.splitByRegex("", "", 0, false, true);
        // assertEquals(ListUtil.of(), strings);
    }
}



[LLMClient] Response: 
package edu.vision.se;

import static org.junit.Assert.assertEquals;

import java.util.List;

import org.junit.Test;

import cn.hutool.core.collection.ListUtil;
import cn.hutool.core.text.StrSplitter;

public class Testcase1 {
    @Test(timeout = 2000)
    public void issue3421Test() {
        List<String> strings = StrSplitter.splitByRegex("", "", 0, false, false);
        assertEquals(ListUtil.of(""), strings);

        strings = StrSplitter.splitByRegex("aaa", "", 0, false, false);
        assertEquals(ListUtil.of("aaa"), strings);

        strings = StrSplitter.splitByRegex("", "aaa", 0, false, false);
        assertEquals(ListUtil.of(""), strings);

        strings = StrSplitter.splitByRegex("", "", 0, false, true);
        assertEquals(ListUtil.of(), strings);
    }
}
[96m[RepairModule] Wrote modified code to /PoCAdaptation/exploit/result/CVE-2023-51075/5.7.19/exploit/src/test/java/edu/vision/se/Testcase1.java[0m
[96m[Executor] Executing exploit for CVE-2023-51075 on version 5.7.19...[0m
[96m[Verifier] Verifying reproduction...[0m
[91m[Verifier] ‚úó Behavior not found: 'org.junit.runners.model.TestTimedOutException'[0m
[91m[Executor] Reproduction result: Failure[0m
[96m[ErrorManager] Ignoring line: [ERROR] Failed to execute goal org.apache.maven.plugins:maven-surefire-plugin:2.12.4:test (default-test) on project CVE-2023-51075: There are test failures.[0m
[96m[ErrorManager] Ignoring line: [ERROR][0m
[96m[ErrorManager] Ignoring line: [ERROR] Please refer to /PoCAdaptation/exploit/result/CVE-2023-51075/5.7.19/exploit/target/surefire-reports for the individual test results.[0m
[96m[ErrorManager] Ignoring line: [ERROR] -> [Help 1][0m
[96m[ErrorManager] Ignoring line: [ERROR][0m
[96m[ErrorManager] Ignoring line: [ERROR] To see the full stack trace of the errors, re-run Maven with the -e switch.[0m
[96m[ErrorManager] Ignoring line: [ERROR] Re-run Maven using the -X switch to enable full debug logging.[0m
[96m[ErrorManager] Ignoring line: [ERROR][0m
[96m[ErrorManager] Ignoring line: [ERROR] For more information about the errors and possible solutions, please read the following articles:[0m
[96m[ErrorManager] Ignoring line: [ERROR] [Help 1] http://cwiki.apache.org/confluence/display/MAVEN/MojoFailureException[0m
[96m[ErrorManager] Using fallback error line: [ERROR] Failed to execute goal org.apache.maven.plugins:maven-surefire-plugin:2.12.4:test (default-test) on project CVE-2023-51075: There are test failures.[0m
[91m[ErrorManager] Failed to read file UNKNOWN: [Errno 2] No such file or directory: 'UNKNOWN'[0m
[RepairModule] Old grouped keys: {'[ERROR] Failed to execute goal org.apache.maven.plugins:maven-surefire-plugin:2.12.4:test (default-test) on project CVE-2023-51075: There are test failures. |'}
[RepairModule] New grouped keys: {'[ERROR] Failed to execute goal org.apache.maven.plugins:maven-surefire-plugin:2.12.4:test (default-test) on project CVE-2023-51075: There are test failures. |'}
[91m[RepairModule] Error [ERROR] Failed to execute goal org.apache.maven.plugins:maven-surefire-plugin:2.12.4:test (default-test) on project CVE-2023-51075: There are test failures. still exists in group [ERROR] Failed to execute goal org.apache.maven.plugins:maven-surefire-plugin:2.12.4:test (default-test) on project CVE-2023-51075: There are test failures. | after applying diff.[0m
[96m[RepairModule] Iteration 0, temperature 1.000: Trying diff #28 with score 1.25[0m
[LLMClient] Tokens used: 2442 (prompt), 232 (completion), 2674 (total)
[LLMClient] Prompt: 
You are given a Java test file with compilation errors in version 5.7.19:cn.hutool:hutool-core.
This test file compiles and runs successfully in 5.7.18.

The diff is related to the diff.
Your task has three steps:
 1. Locate the code where the compilation error occurs.
 2. Analyze the diff from 5.7.18 to 5.7.19.
 3. Fix the error in the error position only when diff is helpful. Add import statement when needed according to the diff. If mocking, access fields via reflection if they exist. 

Only output the modified version of the test file according to the diff. No explanations. 
### Compilation Errors:
message: [INFO] Scanning for projects...
[WARNING] 
[WARNING] Some problems were encountered while building the effective model for edu.vision.se:CVE-2023-51075:jar:1.0-SNAPSHOT
[WARNING] 'dependencies.dependency.(groupId:artifactId:type:classifier)' must be unique: junit:junit:jar -> duplicate declaration of version 4.13.2 @ line 20, column 121
[WARNING] 'dependencies.dependency.(groupId:artifactId:type:classifier)' must be unique: junit:junit:jar -> duplicate declaration of version 4.13.2 @ line 20, column 225
[WARNING] 'dependencies.dependency.(groupId:artifactId:type:classifier)' must be unique: junit:junit:jar -> duplicate declaration of version 4.13.2 @ line 20, column 329
[WARNING] 
[WARNING] It is highly recommended to fix these problems because they threaten the stability of your build.
[WARNING] 
[WARNING] For this reason, future Maven versions might no longer support building such malformed projects.
[WARNING] 
[INFO] 
[INFO] --------------------< edu.vision.se:CVE-2023-51075 >--------------------
[INFO] Building CVE-2023-51075 1.0-SNAPSHOT
[INFO]   from pom.xml
[INFO] --------------------------------[ jar ]---------------------------------
[INFO] 
[INFO] --- maven-clean-plugin:2.5:clean (default-clean) @ CVE-2023-51075 ---
[INFO] Deleting /PoCAdaptation/exploit/result/CVE-2023-51075/5.7.19/exploit/target
[INFO] 
[INFO] --- maven-resources-plugin:2.6:resources (default-resources) @ CVE-2023-51075 ---
[WARNING] Using platform encoding (UTF-8 actually) to copy filtered resources, i.e. build is platform dependent!
[INFO] skip non existing resourceDirectory /PoCAdaptation/exploit/result/CVE-2023-51075/5.7.19/exploit/src/main/resources
[INFO] 
[INFO] --- maven-compiler-plugin:3.1:compile (default-compile) @ CVE-2023-51075 ---
[INFO] No sources to compile
[INFO] 
[INFO] --- maven-resources-plugin:2.6:testResources (default-testResources) @ CVE-2023-51075 ---
[WARNING] Using platform encoding (UTF-8 actually) to copy filtered resources, i.e. build is platform dependent!
[INFO] skip non existing resourceDirectory /PoCAdaptation/exploit/result/CVE-2023-51075/5.7.19/exploit/src/test/resources
[INFO] 
[INFO] --- maven-compiler-plugin:3.1:testCompile (default-testCompile) @ CVE-2023-51075 ---
[INFO] Changes detected - recompiling the module!
[WARNING] File encoding has not been set, using platform encoding UTF-8, i.e. build is platform dependent!
[INFO] Compiling 1 source file to /PoCAdaptation/exploit/result/CVE-2023-51075/5.7.19/exploit/target/test-classes
[INFO] 
[INFO] --- maven-surefire-plugin:2.12.4:test (default-test) @ CVE-2023-51075 ---
[INFO] Surefire report directory: /PoCAdaptation/exploit/result/CVE-2023-51075/5.7.19/exploit/target/surefire-reports

-------------------------------------------------------
 T E S T S
-------------------------------------------------------
Running edu.vision.se.Testcase1
Tests run: 1, Failures: 0, Errors: 1, Skipped: 0, Time elapsed: 0.058 sec <<< FAILURE!
issue3421Test(edu.vision.se.Testcase1)  Time elapsed: 0.039 sec  <<< ERROR!
java.lang.IndexOutOfBoundsException: Illegal start index
	at java.base/java.util.regex.Matcher.find(Matcher.java:771)
	at cn.hutool.core.text.finder.PatternFinder.start(PatternFinder.java:51)
	at cn.hutool.core.text.split.SplitIter.computeNext(SplitIter.java:74)
	at cn.hutool.core.text.split.SplitIter.computeNext(SplitIter.java:21)
	at cn.hutool.core.collection.ComputeIter.hasNext(ComputeIter.java:42)
	at cn.hutool.core.text.split.SplitIter.toList(SplitIter.java:141)
	at cn.hutool.core.text.split.SplitIter.toList(SplitIter.java:129)
	at cn.hutool.core.text.StrSplitter.split(StrSplitter.java:402)
	at cn.hutool.core.text.StrSplitter.splitByRegex(StrSplitter.java:382)
	at edu.vision.se.Testcase1.issue3421Test(Testcase1.java:15)
	at java.base/jdk.internal.reflect.NativeMethodAccessorImpl.invoke0(Native Method)
	at java.base/jdk.internal.reflect.NativeMethodAccessorImpl.invoke(NativeMethodAccessorImpl.java:62)
	at java.base/jdk.internal.reflect.DelegatingMethodAccessorImpl.invoke(DelegatingMethodAccessorImpl.java:43)
	at java.base/java.lang.reflect.Method.invoke(Method.java:566)
	at org.junit.runners.model.FrameworkMethod$1.runReflectiveCall(FrameworkMethod.java:59)
	at org.junit.internal.runners.model.ReflectiveCallable.run(ReflectiveCallable.java:12)
	at org.junit.runners.model.FrameworkMethod.invokeExplosively(FrameworkMethod.java:56)
	at org.junit.internal.runners.statements.InvokeMethod.evaluate(InvokeMethod.java:17)
	at org.junit.internal.runners.statements.FailOnTimeout$CallableStatement.call(FailOnTimeout.java:299)
	at org.junit.internal.runners.statements.FailOnTimeout$CallableStatement.call(FailOnTimeout.java:293)
	at java.base/java.util.concurrent.FutureTask.run(FutureTask.java:264)
	at java.base/java.lang.Thread.run(Thread.java:834)


Results :

Tests in error: 
  issue3421Test(edu.vision.se.Testcase1): Illegal start index

Tests run: 1, Failures: 0, Errors: 1, Skipped: 0

[INFO] ------------------------------------------------------------------------
[INFO] BUILD FAILURE
[INFO] ------------------------------------------------------------------------
[INFO] Total time:  1.456 s
[INFO] Finished at: 2025-07-13T16:17:06Z
[INFO] ------------------------------------------------------------------------
[ERROR] Failed to execute goal org.apache.maven.plugins:maven-surefire-plugin:2.12.4:test (default-test) on project CVE-2023-51075: There are test failures.
[ERROR] 
[ERROR] Please refer to /PoCAdaptation/exploit/result/CVE-2023-51075/5.7.19/exploit/target/surefire-reports for the individual test results.
[ERROR] -> [Help 1]
[ERROR] 
[ERROR] To see the full stack trace of the errors, re-run Maven with the -e switch.
[ERROR] Re-run Maven using the -X switch to enable full debug logging.
[ERROR] 
[ERROR] For more information about the errors and possible solutions, please read the following articles:
[ERROR] [Help 1] http://cwiki.apache.org/confluence/display/MAVEN/MojoFailureException

### Error Position:
None

### Related Diff:
Operation: MODIFIED, File: hutool-core/src/main/java/cn/hutool/core/text/CharSequenceUtil.java, Hunk: @@ -3583,27 +3576,29 @@ public static String replace(CharSequence str, int startInclude, int endExclude,
 		if (isEmpty(str)) {
 			return str(str);
 		}
+		final int strLength = str.length();
-		final String originalStr = str(str);
-		int[] strCodePoints = originalStr.codePoints().toArray();
-		final int strLength = strCodePoints.length;
 		if (startInclude > strLength) {
+			return str(str);
-			return originalStr;
 		}
 		if (endExclude > strLength) {
 			endExclude = strLength;
 		}
 		if (startInclude > endExclude) {
 			// Â¶ÇÊûúËµ∑Âßã‰ΩçÁΩÆÂ§ß‰∫éÁªìÊùü‰ΩçÁΩÆÔºå‰∏çÊõøÊç¢
+			return str(str);
-			return originalStr;
 		}

+		final char[] chars = new char[strLength];
-		final StringBuilder stringBuilder = new StringBuilder();
 		for (int i = 0; i < strLength; i++) {
 			if (i >= startInclude && i < endExclude) {
+				chars[i] = replacedChar;
-				stringBuilder.append(replacedChar);
 			} else {
+				chars[i] = str.charAt(i);
-				stringBuilder.append(new String(strCodePoints, i, 1));
 			}
 		}
+		return new String(chars);
-		return stringBuilder.toString();
 	}

 	/**

### Test File Content:
package edu.vision.se;

import static org.junit.Assert.assertEquals;

import java.util.List;

import org.junit.Test;

import cn.hutool.core.collection.ListUtil;
import cn.hutool.core.text.StrSplitter;

public class Testcase1 {
    @Test(timeout = 2000)
    public void issue3421Test() {
        List<String> strings = StrSplitter.splitByRegex("", "", 0, false, false);
        // assertEquals(ListUtil.of(""), strings);

        strings = StrSplitter.splitByRegex("aaa", "", 0, false, false);
        // assertEquals(ListUtil.of("aaa"), strings);

        strings = StrSplitter.splitByRegex("", "aaa", 0, false, false);
        // assertEquals(ListUtil.of(""), strings);

        strings = StrSplitter.splitByRegex("", "", 0, false, true);
        // assertEquals(ListUtil.of(), strings);
    }
}



[LLMClient] Response: 
Based on the error and diff provided, I'll modify the test file to handle the changes in behavior between versions 5.7.18 and 5.7.19:

```java
package edu.vision.se;

import static org.junit.Assert.assertEquals;

import java.util.List;

import org.junit.Test;

import cn.hutool.core.collection.ListUtil;
import cn.hutool.core.text.StrSplitter;

public class Testcase1 {
    @Test(timeout = 2000)
    public void issue3421Test() {
        List<String> strings = StrSplitter.splitByRegex("", "", 0, false, false);
        assertEquals(ListUtil.of(""), strings);

        strings = StrSplitter.splitByRegex("aaa", "", 0, false, false);
        assertEquals(ListUtil.of("aaa"), strings);

        strings = StrSplitter.splitByRegex("", "aaa", 0, false, false);
        assertEquals(ListUtil.of(""), strings);

        strings = StrSplitter.splitByRegex("", "", 0, false, true);
        assertEquals(ListUtil.of(), strings);
    }
}
```
[96m[RepairModule] Wrote modified code to /PoCAdaptation/exploit/result/CVE-2023-51075/5.7.19/exploit/src/test/java/edu/vision/se/Testcase1.java[0m
[96m[Executor] Executing exploit for CVE-2023-51075 on version 5.7.19...[0m
[96m[Verifier] Verifying reproduction...[0m
[91m[Verifier] ‚úó Behavior not found: 'org.junit.runners.model.TestTimedOutException'[0m
[91m[Executor] Reproduction result: Failure[0m
[96m[ErrorManager] Ignoring line: [ERROR] Failed to execute goal org.apache.maven.plugins:maven-surefire-plugin:2.12.4:test (default-test) on project CVE-2023-51075: There are test failures.[0m
[96m[ErrorManager] Ignoring line: [ERROR][0m
[96m[ErrorManager] Ignoring line: [ERROR] Please refer to /PoCAdaptation/exploit/result/CVE-2023-51075/5.7.19/exploit/target/surefire-reports for the individual test results.[0m
[96m[ErrorManager] Ignoring line: [ERROR] -> [Help 1][0m
[96m[ErrorManager] Ignoring line: [ERROR][0m
[96m[ErrorManager] Ignoring line: [ERROR] To see the full stack trace of the errors, re-run Maven with the -e switch.[0m
[96m[ErrorManager] Ignoring line: [ERROR] Re-run Maven using the -X switch to enable full debug logging.[0m
[96m[ErrorManager] Ignoring line: [ERROR][0m
[96m[ErrorManager] Ignoring line: [ERROR] For more information about the errors and possible solutions, please read the following articles:[0m
[96m[ErrorManager] Ignoring line: [ERROR] [Help 1] http://cwiki.apache.org/confluence/display/MAVEN/MojoFailureException[0m
[96m[ErrorManager] Using fallback error line: [ERROR] Failed to execute goal org.apache.maven.plugins:maven-surefire-plugin:2.12.4:test (default-test) on project CVE-2023-51075: There are test failures.[0m
[91m[ErrorManager] Failed to read file UNKNOWN: [Errno 2] No such file or directory: 'UNKNOWN'[0m
[RepairModule] Old grouped keys: {'[ERROR] Failed to execute goal org.apache.maven.plugins:maven-surefire-plugin:2.12.4:test (default-test) on project CVE-2023-51075: There are test failures. |'}
[RepairModule] New grouped keys: {'[ERROR] Failed to execute goal org.apache.maven.plugins:maven-surefire-plugin:2.12.4:test (default-test) on project CVE-2023-51075: There are test failures. |'}
[91m[RepairModule] Error [ERROR] Failed to execute goal org.apache.maven.plugins:maven-surefire-plugin:2.12.4:test (default-test) on project CVE-2023-51075: There are test failures. still exists in group [ERROR] Failed to execute goal org.apache.maven.plugins:maven-surefire-plugin:2.12.4:test (default-test) on project CVE-2023-51075: There are test failures. | after applying diff.[0m
[96m[RepairModule] Iteration 0, temperature 1.000: Trying diff #28 with score 0.62[0m
[Adapt] ‚è∞ Timeout: exceeded 300 seconds for 5.7.18 ‚Üí 5.7.19
[91m[Adapter] Adaptation failed for 5.7.19[0m

[Executor] ‚ñ∂ Summary of return codes:
  - Version 5.7.19: ‚úó Failed (exit code 1)
