Running main_process.py for CVE: CVE-2017-8045
Versions: 2.1.1.RELEASE

[1m[Main] === Starting adaptation process for CVE-2017-8045 ===[0m
[96m[Processor] Fetching all available Maven versions...[0m
[96m[Analyzer] Loading cached versions from: /PoCAdaptation/library/org_springframework_amqp_spring-amqp.txt[0m
[96m[Analyzer] org.springframework.amqp:spring-amqp has 190 versions (cached).[0m
[96m[Processor] Identifying versions with successful reproduction...[0m
[96m[Processor] Pending versions: ['2.1.1.RELEASE', '2.1.9.RELEASE'][0m
[96m[Preparer] Pending directory already exists: /PoCAdaptation/exploit/pending/CVE-2017-8045[0m
[92m[Main] Total affected versions: 49[0m
[92m[Main] Already reproduced versions: 48[0m
[93m[Main] Versions pending adaptation: 1[0m
[96m[Main]     -> ['2.1.1.RELEASE'][0m
[96m[Main]     -> ['2.1.0.RELEASE', '2.1.2.RELEASE', '2.1.3.RELEASE', '2.1.4.RELEASE', '2.1.5.RELEASE', '2.1.6.RELEASE', '2.1.7.RELEASE', '2.1.8.RELEASE', '2.1.9.RELEASE', '2.1.10.RELEASE', '2.1.11.RELEASE', '2.1.12.RELEASE', '2.1.13.RELEASE', '2.1.14.RELEASE', '2.1.15.RELEASE', '2.1.16.RELEASE', '2.1.17.RELEASE', '2.1.18.RELEASE', '2.2.0.RELEASE', '2.2.1.RELEASE', '2.2.2.RELEASE', '2.2.3.RELEASE', '2.2.4.RELEASE', '2.2.5.RELEASE', '2.2.6.RELEASE', '2.2.7.RELEASE', '2.2.8.RELEASE', '2.2.9.RELEASE', '2.2.10.RELEASE', '2.2.11.RELEASE', '2.2.12.RELEASE', '2.2.13.RELEASE', '2.2.14.RELEASE', '2.2.15.RELEASE', '2.2.16.RELEASE', '2.2.17.RELEASE', '2.2.18.RELEASE', '2.3.0', '2.3.1', '2.3.2', '2.3.3', '2.3.4', '2.3.5', '2.3.6', '2.3.7', '2.3.8', '2.3.9', '2.3.10'][0m
[96m[Executor] Running initial exploit mvn test in /PoCAdaptation/exploit/origin/CVE-2017-8045/exploit[0m
[91m[Executor] Initial exploit execution finished with return code 1[0m
[96m[Verifier] Verifying reproduction...[0m
[92m[Verifier] âœ“ Behavior matched: 'java.lang.AssertionError'[0m
[92m[Verifier] âœ“ Detail matched: 'serialized object'[0m
[92m[Verifier] âœ“ All reproduction indicators matched.[0m
[92m[Verifier] Initial exploit behavior verified successfully.[0m
[96m[Selector] Nearest need adapatation version selected: 2.1.1.RELEASE[0m
[96m[Selector] Closest reproduced version: 2.1.0.RELEASE at index 77[0m
[96m[Adapter] Trying next closest version: 2.1.1.RELEASE[0m
[93m[Preparer] No usable exploit dirs found under /PoCAdaptation/exploit/valid/CVE-2017-8045[0m
[92m[Preparer] Copied exploit to: /PoCAdaptation/exploit/pending/CVE-2017-8045/2.1.1.RELEASE/exploit[0m
[96m[Preparer] Updating dependency version to 2.1.1.RELEASE in /PoCAdaptation/exploit/pending/CVE-2017-8045/2.1.1.RELEASE/exploit/pom.xml[0m
[92m[Preparer] Updated dependency version to 2.1.1.RELEASE in /PoCAdaptation/exploit/pending/CVE-2017-8045/2.1.1.RELEASE/exploit/pom.xml[0m
[96m[Executor] Attempting direct exploit execution on 2.1.1.RELEASE...[0m
[96m[Executor] Executing exploit for CVE-2017-8045 on version 2.1.1.RELEASE...[0m
[96m[Verifier] Verifying reproduction...[0m
[91m[Verifier] âœ— Behavior not found: 'java.lang.AssertionError'[0m
[91m[Executor] Reproduction result: Failure[0m
[96m[Adapter] Attempting adaptation from base version 2.1.0.RELEASE to 2.1.1.RELEASE...[0m
[96m[Adapter] Start adapting exploit from 2.1.0.RELEASE to 2.1.1.RELEASE"[0m
[96m[Executor] Executing exploit for CVE-2017-8045 on version 2.1.1.RELEASE...[0m
[96m[Verifier] Verifying reproduction...[0m
[91m[Verifier] âœ— Behavior not found: 'java.lang.AssertionError'[0m
[91m[Executor] Reproduction result: Failure[0m
[92m[ErrorManager] Processing line: [ERROR] Failed to execute goal on project CVE-2017-8045: Could not resolve dependencies for project edu.vision.se:CVE-2017-8045:jar:1.0-SNAPSHOT: Could not find artifact org.springframework:spring-core:jar:5.1.2.BUILD-SNAPSHOT -> [Help 1][0m
[96m[ErrorManager] Ignoring line: [ERROR][0m
[96m[ErrorManager] Ignoring line: [ERROR] To see the full stack trace of the errors, re-run Maven with the -e switch.[0m
[96m[ErrorManager] Ignoring line: [ERROR] Re-run Maven using the -X switch to enable full debug logging.[0m
[96m[ErrorManager] Ignoring line: [ERROR][0m
[96m[ErrorManager] Ignoring line: [ERROR] For more information about the errors and possible solutions, please read the following articles:[0m
[96m[ErrorManager] Ignoring line: [ERROR] [Help 1] http://cwiki.apache.org/confluence/display/MAVEN/DependencyResolutionException[0m
[91m[ErrorManager] Failed to read file UNKNOWN: [Errno 2] No such file or directory: 'UNKNOWN'[0m
[96m[Adapter] Locating fix position in error log.[0m
[LLMClient] Tokens used: 942 (prompt), 2 (completion), 944 (total)
[LLMClient] Prompt: 
You are given a Java error log when executing 'mvn test' in a project with dependency version 2.1.1.RELEASE:org.springframework.amqp:spring-amqp.
This test file compiles and runs successfully with version 2.1.0.RELEASE.

Your task is to:
1. Analyze why this issue occurs with the *2.1.0.RELEASE* but not with the *2.1.1.RELEASE version*.
2. Consider how to resolve the issue **without updating this library**.
3. Determine and output the location in the project that should be modified to fix the problem.

Please return 'pom' if the fix is in the pom.xml file, or 'test' if the fix is in the test code.
Do not return any other text, just 'pom' or 'test'.

The error log is:
[INFO] Scanning for projects...
[INFO] 
[INFO] --------------------< edu.vision.se:CVE-2017-8045 >---------------------
[INFO] Building CVE-2017-8045 1.0-SNAPSHOT
[INFO]   from pom.xml
[INFO] --------------------------------[ jar ]---------------------------------
[WARNING] The POM for org.springframework:spring-core:jar:5.1.2.BUILD-SNAPSHOT is missing, no dependency information available
[INFO] ------------------------------------------------------------------------
[INFO] BUILD FAILURE
[INFO] ------------------------------------------------------------------------
[INFO] Total time:  0.185 s
[INFO] Finished at: 2025-07-13T14:46:19Z
[INFO] ------------------------------------------------------------------------
[ERROR] Failed to execute goal on project CVE-2017-8045: Could not resolve dependencies for project edu.vision.se:CVE-2017-8045:jar:1.0-SNAPSHOT: Could not find artifact org.springframework:spring-core:jar:5.1.2.BUILD-SNAPSHOT -> [Help 1]
[ERROR] 
[ERROR] To see the full stack trace of the errors, re-run Maven with the -e switch.
[ERROR] Re-run Maven using the -X switch to enable full debug logging.
[ERROR] 
[ERROR] For more information about the errors and possible solutions, please read the following articles:
[ERROR] [Help 1] http://cwiki.apache.org/confluence/display/MAVEN/DependencyResolutionException


current_pom file is:<?xml version='1.0' encoding='utf-8'?>
<project xmlns="http://maven.apache.org/POM/4.0.0" xmlns:xsi="http://www.w3.org/2001/XMLSchema-instance" xsi:schemaLocation="http://maven.apache.org/POM/4.0.0 http://maven.apache.org/xsd/maven-4.0.0.xsd">
    <modelVersion>4.0.0</modelVersion>
    <groupId>edu.vision.se</groupId>
    <artifactId>CVE-2017-8045</artifactId>
    <version>1.0-SNAPSHOT</version>

    <properties>
        <maven.compiler.source>11</maven.compiler.source>
        <maven.compiler.target>11</maven.compiler.target>
    </properties>

    <dependencies>
        
        <dependency>
            <groupId>org.springframework.amqp</groupId>
            <artifactId>spring-amqp</artifactId>
            <version>2.1.1.RELEASE</version>
        </dependency>
        
        <dependency>
            <groupId>org.assertj</groupId>
            <artifactId>assertj-core</artifactId>
            <version>3.24.0</version>
        </dependency>
        
        <dependency>
            <groupId>org.springframework</groupId>
            <artifactId>spring-beans</artifactId>
            <version>3.2.3.RELEASE</version>
        </dependency>
        
        <dependency>
            <groupId>org.springframework</groupId>
            <artifactId>spring-remoting</artifactId>
            <version>2.0.8</version>
        </dependency>

        <dependency><groupId>junit</groupId><artifactId>junit</artifactId><version>4.13.2</version></dependency>
    
    </dependencies>

</project>
[LLMClient] Response: 
pom
[96m[Adapter] LLM response for fix position: pom[0m
[96m[Adapter] Fix position is in pom.xml.[0m
[LLMClient] Tokens used: 197 (prompt), 19 (completion), 216 (total)
[LLMClient] Prompt: 
You are given an error log when executing 'mvn test' in version 2.1.1.RELEASE: 

Error: Failed to execute goal on project CVE-2017-8045: Could not resolve dependencies for project edu.vision.se:CVE-2017-8045:jar:1.0-SNAPSHOT: Could not find artifact org.springframework:spring-core:jar:5.1.2.BUILD-SNAPSHOT -> [Help 1], None, None 

The test executes as expected in 2.1.0.RELEASE 

Error code: None 

Extract two key *entities* from the error for searching related diffs 

The extracted entities should reflect code-level identifiers that are likely to appear in source code or diffs. 

Output each node as a `;`-separated list, with no explanations. 


[LLMClient] Response: 
org.springframework:spring-core;5.1.2.BUILD-SNAPSHOT
[96m[ErrorManager] Extracted key entities: ['org.springframework:spring-core', '5.1.2.BUILD-SNAPSHOT'][0m
[96m[RepairModule] Start repair[0m
[LLMClient] Tokens used: 197 (prompt), 19 (completion), 216 (total)
[LLMClient] Prompt: 
You are given an error log when executing 'mvn test' in version 2.1.1.RELEASE: 

Error: Failed to execute goal on project CVE-2017-8045: Could not resolve dependencies for project edu.vision.se:CVE-2017-8045:jar:1.0-SNAPSHOT: Could not find artifact org.springframework:spring-core:jar:5.1.2.BUILD-SNAPSHOT -> [Help 1], None, None 

The test executes as expected in 2.1.0.RELEASE 

Error code: None 

Extract two key *entities* from the error for searching related diffs 

The extracted entities should reflect code-level identifiers that are likely to appear in source code or diffs. 

Output each node as a `;`-separated list, with no explanations. 


[LLMClient] Response: 
org.springframework:spring-core;5.1.2.BUILD-SNAPSHOT
[96m[ErrorManager] Extracted key entities: ['org.springframework:spring-core', '5.1.2.BUILD-SNAPSHOT'][0m
[96m[Adapter] Try to solve error: {'file': 'UNKNOWN', 'line': -1, 'column': -1, 'message': 'Failed to execute goal on project CVE-2017-8045: Could not resolve dependencies for project edu.vision.se:CVE-2017-8045:jar:1.0-SNAPSHOT: Could not find artifact org.springframework:spring-core:jar:5.1.2.BUILD-SNAPSHOT -> [Help 1]', 'symbol': None, 'location': None, 'code_line': None} with cause: ['org.springframework:spring-core', '5.1.2.BUILD-SNAPSHOT'][0m
[LLMClient] Tokens used: 233 (prompt), 19 (completion), 252 (total)
[LLMClient] Prompt: 
You are given an error log when executing 'mvn test' in version 2.1.1.RELEASE: 

Error: Failed to execute goal on project CVE-2017-8045: Could not resolve dependencies for project edu.vision.se:CVE-2017-8045:jar:1.0-SNAPSHOT: Could not find artifact org.springframework:spring-core:jar:5.1.2.BUILD-SNAPSHOT -> [Help 1], None, None 

The test executes as expected in 2.1.0.RELEASE 

Error code: None 

Extract two key *entities* from the error for searching related diffs 

The extracted entities should reflect code-level identifiers that are likely to appear in source code or diffs. 

Current cause: ['org.springframework:spring-core', '5.1.2.BUILD-SNAPSHOT'] 

 failed to catch, try simpler or other entities.

Output each node as a `;`-separated list, with no explanations. 


[LLMClient] Response: 
org.springframework:spring-core;5.1.2.BUILD-SNAPSHOT
[96m[ErrorManager] Extracted key entities: ['org.springframework:spring-core', '5.1.2.BUILD-SNAPSHOT'][0m
[96m[Adapter] Related diffs for error: [][0m
[96m[Adapter] Fix position is in test code.[0m
[96m[RepairModule] Start repair for group: Failed to execute goal on project CVE-2017-8045: Could not resolve dependencies for project edu.vision.se:CVE-2017-8045:jar:1.0-SNAPSHOT: Could not find artifact org.springframework:spring-core:jar:5.1.2.BUILD-SNAPSHOT -> [Help 1] | cause: ['org.springframework:spring-core', '5.1.2.BUILD-SNAPSHOT'][0m
[96m[RepairModule] Trying best diff #None with score 0.00[0m
[91m[RepairModule] Repair failed after simulated annealing.[0m
[96m[Adapter] Test code repair attempted.[0m
[96m[Executor] Executing exploit for CVE-2017-8045 on version 2.1.1.RELEASE...[0m
[96m[Verifier] Verifying reproduction...[0m
[91m[Verifier] âœ— Behavior not found: 'java.lang.AssertionError'[0m
[91m[Executor] Reproduction result: Failure[0m
[92m[ErrorManager] Processing line: [ERROR] Failed to execute goal on project CVE-2017-8045: Could not resolve dependencies for project edu.vision.se:CVE-2017-8045:jar:1.0-SNAPSHOT: Could not find artifact org.springframework:spring-core:jar:5.1.2.BUILD-SNAPSHOT -> [Help 1][0m
[96m[ErrorManager] Ignoring line: [ERROR][0m
[96m[ErrorManager] Ignoring line: [ERROR] To see the full stack trace of the errors, re-run Maven with the -e switch.[0m
[96m[ErrorManager] Ignoring line: [ERROR] Re-run Maven using the -X switch to enable full debug logging.[0m
[96m[ErrorManager] Ignoring line: [ERROR][0m
[96m[ErrorManager] Ignoring line: [ERROR] For more information about the errors and possible solutions, please read the following articles:[0m
[96m[ErrorManager] Ignoring line: [ERROR] [Help 1] http://cwiki.apache.org/confluence/display/MAVEN/DependencyResolutionException[0m
[91m[ErrorManager] Failed to read file UNKNOWN: [Errno 2] No such file or directory: 'UNKNOWN'[0m
[96m[Adapter] Locating fix position in error log.[0m
[LLMClient] Tokens used: 942 (prompt), 2 (completion), 944 (total)
[LLMClient] Prompt: 
You are given a Java error log when executing 'mvn test' in a project with dependency version 2.1.1.RELEASE:org.springframework.amqp:spring-amqp.
This test file compiles and runs successfully with version 2.1.0.RELEASE.

Your task is to:
1. Analyze why this issue occurs with the *2.1.0.RELEASE* but not with the *2.1.1.RELEASE version*.
2. Consider how to resolve the issue **without updating this library**.
3. Determine and output the location in the project that should be modified to fix the problem.

Please return 'pom' if the fix is in the pom.xml file, or 'test' if the fix is in the test code.
Do not return any other text, just 'pom' or 'test'.

The error log is:
[INFO] Scanning for projects...
[INFO] 
[INFO] --------------------< edu.vision.se:CVE-2017-8045 >---------------------
[INFO] Building CVE-2017-8045 1.0-SNAPSHOT
[INFO]   from pom.xml
[INFO] --------------------------------[ jar ]---------------------------------
[WARNING] The POM for org.springframework:spring-core:jar:5.1.2.BUILD-SNAPSHOT is missing, no dependency information available
[INFO] ------------------------------------------------------------------------
[INFO] BUILD FAILURE
[INFO] ------------------------------------------------------------------------
[INFO] Total time:  0.230 s
[INFO] Finished at: 2025-07-13T14:46:36Z
[INFO] ------------------------------------------------------------------------
[ERROR] Failed to execute goal on project CVE-2017-8045: Could not resolve dependencies for project edu.vision.se:CVE-2017-8045:jar:1.0-SNAPSHOT: Could not find artifact org.springframework:spring-core:jar:5.1.2.BUILD-SNAPSHOT -> [Help 1]
[ERROR] 
[ERROR] To see the full stack trace of the errors, re-run Maven with the -e switch.
[ERROR] Re-run Maven using the -X switch to enable full debug logging.
[ERROR] 
[ERROR] For more information about the errors and possible solutions, please read the following articles:
[ERROR] [Help 1] http://cwiki.apache.org/confluence/display/MAVEN/DependencyResolutionException


current_pom file is:<?xml version='1.0' encoding='utf-8'?>
<project xmlns="http://maven.apache.org/POM/4.0.0" xmlns:xsi="http://www.w3.org/2001/XMLSchema-instance" xsi:schemaLocation="http://maven.apache.org/POM/4.0.0 http://maven.apache.org/xsd/maven-4.0.0.xsd">
    <modelVersion>4.0.0</modelVersion>
    <groupId>edu.vision.se</groupId>
    <artifactId>CVE-2017-8045</artifactId>
    <version>1.0-SNAPSHOT</version>

    <properties>
        <maven.compiler.source>11</maven.compiler.source>
        <maven.compiler.target>11</maven.compiler.target>
    </properties>

    <dependencies>
        
        <dependency>
            <groupId>org.springframework.amqp</groupId>
            <artifactId>spring-amqp</artifactId>
            <version>2.1.1.RELEASE</version>
        </dependency>
        
        <dependency>
            <groupId>org.assertj</groupId>
            <artifactId>assertj-core</artifactId>
            <version>3.24.0</version>
        </dependency>
        
        <dependency>
            <groupId>org.springframework</groupId>
            <artifactId>spring-beans</artifactId>
            <version>3.2.3.RELEASE</version>
        </dependency>
        
        <dependency>
            <groupId>org.springframework</groupId>
            <artifactId>spring-remoting</artifactId>
            <version>2.0.8</version>
        </dependency>

        <dependency><groupId>junit</groupId><artifactId>junit</artifactId><version>4.13.2</version></dependency>
    
    </dependencies>

</project>
[LLMClient] Response: 
pom
[96m[Adapter] LLM response for fix position: pom[0m
[96m[Adapter] Fix position is in pom.xml.[0m
[LLMClient] Tokens used: 197 (prompt), 19 (completion), 216 (total)
[LLMClient] Prompt: 
You are given an error log when executing 'mvn test' in version 2.1.1.RELEASE: 

Error: Failed to execute goal on project CVE-2017-8045: Could not resolve dependencies for project edu.vision.se:CVE-2017-8045:jar:1.0-SNAPSHOT: Could not find artifact org.springframework:spring-core:jar:5.1.2.BUILD-SNAPSHOT -> [Help 1], None, None 

The test executes as expected in 2.1.0.RELEASE 

Error code: None 

Extract two key *entities* from the error for searching related diffs 

The extracted entities should reflect code-level identifiers that are likely to appear in source code or diffs. 

Output each node as a `;`-separated list, with no explanations. 


[LLMClient] Response: 
org.springframework:spring-core;5.1.2.BUILD-SNAPSHOT
[96m[ErrorManager] Extracted key entities: ['org.springframework:spring-core', '5.1.2.BUILD-SNAPSHOT'][0m
[96m[RepairModule] Start repair[0m
[LLMClient] Tokens used: 197 (prompt), 19 (completion), 216 (total)
[LLMClient] Prompt: 
You are given an error log when executing 'mvn test' in version 2.1.1.RELEASE: 

Error: Failed to execute goal on project CVE-2017-8045: Could not resolve dependencies for project edu.vision.se:CVE-2017-8045:jar:1.0-SNAPSHOT: Could not find artifact org.springframework:spring-core:jar:5.1.2.BUILD-SNAPSHOT -> [Help 1], None, None 

The test executes as expected in 2.1.0.RELEASE 

Error code: None 

Extract two key *entities* from the error for searching related diffs 

The extracted entities should reflect code-level identifiers that are likely to appear in source code or diffs. 

Output each node as a `;`-separated list, with no explanations. 


[LLMClient] Response: 
org.springframework:spring-core;5.1.2.BUILD-SNAPSHOT
[96m[ErrorManager] Extracted key entities: ['org.springframework:spring-core', '5.1.2.BUILD-SNAPSHOT'][0m
[96m[Adapter] Try to solve error: {'file': 'UNKNOWN', 'line': -1, 'column': -1, 'message': 'Failed to execute goal on project CVE-2017-8045: Could not resolve dependencies for project edu.vision.se:CVE-2017-8045:jar:1.0-SNAPSHOT: Could not find artifact org.springframework:spring-core:jar:5.1.2.BUILD-SNAPSHOT -> [Help 1]', 'symbol': None, 'location': None, 'code_line': None} with cause: ['org.springframework:spring-core', '5.1.2.BUILD-SNAPSHOT'][0m
[LLMClient] Tokens used: 233 (prompt), 19 (completion), 252 (total)
[LLMClient] Prompt: 
You are given an error log when executing 'mvn test' in version 2.1.1.RELEASE: 

Error: Failed to execute goal on project CVE-2017-8045: Could not resolve dependencies for project edu.vision.se:CVE-2017-8045:jar:1.0-SNAPSHOT: Could not find artifact org.springframework:spring-core:jar:5.1.2.BUILD-SNAPSHOT -> [Help 1], None, None 

The test executes as expected in 2.1.0.RELEASE 

Error code: None 

Extract two key *entities* from the error for searching related diffs 

The extracted entities should reflect code-level identifiers that are likely to appear in source code or diffs. 

Current cause: ['org.springframework:spring-core', '5.1.2.BUILD-SNAPSHOT'] 

 failed to catch, try simpler or other entities.

Output each node as a `;`-separated list, with no explanations. 


[LLMClient] Response: 
org.springframework:spring-core;5.1.2.BUILD-SNAPSHOT
[96m[ErrorManager] Extracted key entities: ['org.springframework:spring-core', '5.1.2.BUILD-SNAPSHOT'][0m
[96m[Adapter] Related diffs for error: [][0m
[96m[Adapter] Fix position is in test code.[0m
[96m[RepairModule] Start repair for group: Failed to execute goal on project CVE-2017-8045: Could not resolve dependencies for project edu.vision.se:CVE-2017-8045:jar:1.0-SNAPSHOT: Could not find artifact org.springframework:spring-core:jar:5.1.2.BUILD-SNAPSHOT -> [Help 1] | cause: ['org.springframework:spring-core', '5.1.2.BUILD-SNAPSHOT'][0m
[96m[RepairModule] Trying best diff #None with score 0.00[0m
[91m[RepairModule] Repair failed after simulated annealing.[0m
[96m[Adapter] Test code repair attempted.[0m
[96m[Executor] Executing exploit for CVE-2017-8045 on version 2.1.1.RELEASE...[0m
[96m[Verifier] Verifying reproduction...[0m
[91m[Verifier] âœ— Behavior not found: 'java.lang.AssertionError'[0m
[91m[Executor] Reproduction result: Failure[0m
[92m[ErrorManager] Processing line: [ERROR] Failed to execute goal on project CVE-2017-8045: Could not resolve dependencies for project edu.vision.se:CVE-2017-8045:jar:1.0-SNAPSHOT: Could not find artifact org.springframework:spring-core:jar:5.1.2.BUILD-SNAPSHOT -> [Help 1][0m
[96m[ErrorManager] Ignoring line: [ERROR][0m
[96m[ErrorManager] Ignoring line: [ERROR] To see the full stack trace of the errors, re-run Maven with the -e switch.[0m
[96m[ErrorManager] Ignoring line: [ERROR] Re-run Maven using the -X switch to enable full debug logging.[0m
[96m[ErrorManager] Ignoring line: [ERROR][0m
[96m[ErrorManager] Ignoring line: [ERROR] For more information about the errors and possible solutions, please read the following articles:[0m
[96m[ErrorManager] Ignoring line: [ERROR] [Help 1] http://cwiki.apache.org/confluence/display/MAVEN/DependencyResolutionException[0m
[91m[ErrorManager] Failed to read file UNKNOWN: [Errno 2] No such file or directory: 'UNKNOWN'[0m
[96m[Adapter] Locating fix position in error log.[0m
[LLMClient] Tokens used: 942 (prompt), 2 (completion), 944 (total)
[LLMClient] Prompt: 
You are given a Java error log when executing 'mvn test' in a project with dependency version 2.1.1.RELEASE:org.springframework.amqp:spring-amqp.
This test file compiles and runs successfully with version 2.1.0.RELEASE.

Your task is to:
1. Analyze why this issue occurs with the *2.1.0.RELEASE* but not with the *2.1.1.RELEASE version*.
2. Consider how to resolve the issue **without updating this library**.
3. Determine and output the location in the project that should be modified to fix the problem.

Please return 'pom' if the fix is in the pom.xml file, or 'test' if the fix is in the test code.
Do not return any other text, just 'pom' or 'test'.

The error log is:
[INFO] Scanning for projects...
[INFO] 
[INFO] --------------------< edu.vision.se:CVE-2017-8045 >---------------------
[INFO] Building CVE-2017-8045 1.0-SNAPSHOT
[INFO]   from pom.xml
[INFO] --------------------------------[ jar ]---------------------------------
[WARNING] The POM for org.springframework:spring-core:jar:5.1.2.BUILD-SNAPSHOT is missing, no dependency information available
[INFO] ------------------------------------------------------------------------
[INFO] BUILD FAILURE
[INFO] ------------------------------------------------------------------------
[INFO] Total time:  0.268 s
[INFO] Finished at: 2025-07-13T14:46:54Z
[INFO] ------------------------------------------------------------------------
[ERROR] Failed to execute goal on project CVE-2017-8045: Could not resolve dependencies for project edu.vision.se:CVE-2017-8045:jar:1.0-SNAPSHOT: Could not find artifact org.springframework:spring-core:jar:5.1.2.BUILD-SNAPSHOT -> [Help 1]
[ERROR] 
[ERROR] To see the full stack trace of the errors, re-run Maven with the -e switch.
[ERROR] Re-run Maven using the -X switch to enable full debug logging.
[ERROR] 
[ERROR] For more information about the errors and possible solutions, please read the following articles:
[ERROR] [Help 1] http://cwiki.apache.org/confluence/display/MAVEN/DependencyResolutionException


current_pom file is:<?xml version='1.0' encoding='utf-8'?>
<project xmlns="http://maven.apache.org/POM/4.0.0" xmlns:xsi="http://www.w3.org/2001/XMLSchema-instance" xsi:schemaLocation="http://maven.apache.org/POM/4.0.0 http://maven.apache.org/xsd/maven-4.0.0.xsd">
    <modelVersion>4.0.0</modelVersion>
    <groupId>edu.vision.se</groupId>
    <artifactId>CVE-2017-8045</artifactId>
    <version>1.0-SNAPSHOT</version>

    <properties>
        <maven.compiler.source>11</maven.compiler.source>
        <maven.compiler.target>11</maven.compiler.target>
    </properties>

    <dependencies>
        
        <dependency>
            <groupId>org.springframework.amqp</groupId>
            <artifactId>spring-amqp</artifactId>
            <version>2.1.1.RELEASE</version>
        </dependency>
        
        <dependency>
            <groupId>org.assertj</groupId>
            <artifactId>assertj-core</artifactId>
            <version>3.24.0</version>
        </dependency>
        
        <dependency>
            <groupId>org.springframework</groupId>
            <artifactId>spring-beans</artifactId>
            <version>3.2.3.RELEASE</version>
        </dependency>
        
        <dependency>
            <groupId>org.springframework</groupId>
            <artifactId>spring-remoting</artifactId>
            <version>2.0.8</version>
        </dependency>

        <dependency><groupId>junit</groupId><artifactId>junit</artifactId><version>4.13.2</version></dependency>
    
    </dependencies>

</project>
[LLMClient] Response: 
pom
[96m[Adapter] LLM response for fix position: pom[0m
[96m[Adapter] Fix position is in pom.xml.[0m
[LLMClient] Tokens used: 197 (prompt), 19 (completion), 216 (total)
[LLMClient] Prompt: 
You are given an error log when executing 'mvn test' in version 2.1.1.RELEASE: 

Error: Failed to execute goal on project CVE-2017-8045: Could not resolve dependencies for project edu.vision.se:CVE-2017-8045:jar:1.0-SNAPSHOT: Could not find artifact org.springframework:spring-core:jar:5.1.2.BUILD-SNAPSHOT -> [Help 1], None, None 

The test executes as expected in 2.1.0.RELEASE 

Error code: None 

Extract two key *entities* from the error for searching related diffs 

The extracted entities should reflect code-level identifiers that are likely to appear in source code or diffs. 

Output each node as a `;`-separated list, with no explanations. 


[LLMClient] Response: 
org.springframework:spring-core;5.1.2.BUILD-SNAPSHOT
[96m[ErrorManager] Extracted key entities: ['org.springframework:spring-core', '5.1.2.BUILD-SNAPSHOT'][0m
[96m[RepairModule] Start repair[0m
[LLMClient] Tokens used: 197 (prompt), 19 (completion), 216 (total)
[LLMClient] Prompt: 
You are given an error log when executing 'mvn test' in version 2.1.1.RELEASE: 

Error: Failed to execute goal on project CVE-2017-8045: Could not resolve dependencies for project edu.vision.se:CVE-2017-8045:jar:1.0-SNAPSHOT: Could not find artifact org.springframework:spring-core:jar:5.1.2.BUILD-SNAPSHOT -> [Help 1], None, None 

The test executes as expected in 2.1.0.RELEASE 

Error code: None 

Extract two key *entities* from the error for searching related diffs 

The extracted entities should reflect code-level identifiers that are likely to appear in source code or diffs. 

Output each node as a `;`-separated list, with no explanations. 


[LLMClient] Response: 
org.springframework:spring-core;5.1.2.BUILD-SNAPSHOT
[96m[ErrorManager] Extracted key entities: ['org.springframework:spring-core', '5.1.2.BUILD-SNAPSHOT'][0m
[96m[Adapter] Try to solve error: {'file': 'UNKNOWN', 'line': -1, 'column': -1, 'message': 'Failed to execute goal on project CVE-2017-8045: Could not resolve dependencies for project edu.vision.se:CVE-2017-8045:jar:1.0-SNAPSHOT: Could not find artifact org.springframework:spring-core:jar:5.1.2.BUILD-SNAPSHOT -> [Help 1]', 'symbol': None, 'location': None, 'code_line': None} with cause: ['org.springframework:spring-core', '5.1.2.BUILD-SNAPSHOT'][0m
[LLMClient] Tokens used: 233 (prompt), 19 (completion), 252 (total)
[LLMClient] Prompt: 
You are given an error log when executing 'mvn test' in version 2.1.1.RELEASE: 

Error: Failed to execute goal on project CVE-2017-8045: Could not resolve dependencies for project edu.vision.se:CVE-2017-8045:jar:1.0-SNAPSHOT: Could not find artifact org.springframework:spring-core:jar:5.1.2.BUILD-SNAPSHOT -> [Help 1], None, None 

The test executes as expected in 2.1.0.RELEASE 

Error code: None 

Extract two key *entities* from the error for searching related diffs 

The extracted entities should reflect code-level identifiers that are likely to appear in source code or diffs. 

Current cause: ['org.springframework:spring-core', '5.1.2.BUILD-SNAPSHOT'] 

 failed to catch, try simpler or other entities.

Output each node as a `;`-separated list, with no explanations. 


[LLMClient] Response: 
org.springframework:spring-core;5.1.2.BUILD-SNAPSHOT
[96m[ErrorManager] Extracted key entities: ['org.springframework:spring-core', '5.1.2.BUILD-SNAPSHOT'][0m
[96m[Adapter] Related diffs for error: [][0m
[96m[Adapter] Fix position is in test code.[0m
[96m[RepairModule] Start repair for group: Failed to execute goal on project CVE-2017-8045: Could not resolve dependencies for project edu.vision.se:CVE-2017-8045:jar:1.0-SNAPSHOT: Could not find artifact org.springframework:spring-core:jar:5.1.2.BUILD-SNAPSHOT -> [Help 1] | cause: ['org.springframework:spring-core', '5.1.2.BUILD-SNAPSHOT'][0m
[96m[RepairModule] Trying best diff #None with score 0.00[0m
[91m[RepairModule] Repair failed after simulated annealing.[0m
[96m[Adapter] Test code repair attempted.[0m
[96m[Executor] Executing exploit for CVE-2017-8045 on version 2.1.1.RELEASE...[0m
[96m[Verifier] Verifying reproduction...[0m
[91m[Verifier] âœ— Behavior not found: 'java.lang.AssertionError'[0m
[91m[Executor] Reproduction result: Failure[0m
[92m[ErrorManager] Processing line: [ERROR] Failed to execute goal on project CVE-2017-8045: Could not resolve dependencies for project edu.vision.se:CVE-2017-8045:jar:1.0-SNAPSHOT: Could not find artifact org.springframework:spring-core:jar:5.1.2.BUILD-SNAPSHOT -> [Help 1][0m
[96m[ErrorManager] Ignoring line: [ERROR][0m
[96m[ErrorManager] Ignoring line: [ERROR] To see the full stack trace of the errors, re-run Maven with the -e switch.[0m
[96m[ErrorManager] Ignoring line: [ERROR] Re-run Maven using the -X switch to enable full debug logging.[0m
[96m[ErrorManager] Ignoring line: [ERROR][0m
[96m[ErrorManager] Ignoring line: [ERROR] For more information about the errors and possible solutions, please read the following articles:[0m
[96m[ErrorManager] Ignoring line: [ERROR] [Help 1] http://cwiki.apache.org/confluence/display/MAVEN/DependencyResolutionException[0m
[91m[ErrorManager] Failed to read file UNKNOWN: [Errno 2] No such file or directory: 'UNKNOWN'[0m
[96m[Adapter] Locating fix position in error log.[0m
[LLMClient] Tokens used: 942 (prompt), 2 (completion), 944 (total)
[LLMClient] Prompt: 
You are given a Java error log when executing 'mvn test' in a project with dependency version 2.1.1.RELEASE:org.springframework.amqp:spring-amqp.
This test file compiles and runs successfully with version 2.1.0.RELEASE.

Your task is to:
1. Analyze why this issue occurs with the *2.1.0.RELEASE* but not with the *2.1.1.RELEASE version*.
2. Consider how to resolve the issue **without updating this library**.
3. Determine and output the location in the project that should be modified to fix the problem.

Please return 'pom' if the fix is in the pom.xml file, or 'test' if the fix is in the test code.
Do not return any other text, just 'pom' or 'test'.

The error log is:
[INFO] Scanning for projects...
[INFO] 
[INFO] --------------------< edu.vision.se:CVE-2017-8045 >---------------------
[INFO] Building CVE-2017-8045 1.0-SNAPSHOT
[INFO]   from pom.xml
[INFO] --------------------------------[ jar ]---------------------------------
[WARNING] The POM for org.springframework:spring-core:jar:5.1.2.BUILD-SNAPSHOT is missing, no dependency information available
[INFO] ------------------------------------------------------------------------
[INFO] BUILD FAILURE
[INFO] ------------------------------------------------------------------------
[INFO] Total time:  0.240 s
[INFO] Finished at: 2025-07-13T14:47:19Z
[INFO] ------------------------------------------------------------------------
[ERROR] Failed to execute goal on project CVE-2017-8045: Could not resolve dependencies for project edu.vision.se:CVE-2017-8045:jar:1.0-SNAPSHOT: Could not find artifact org.springframework:spring-core:jar:5.1.2.BUILD-SNAPSHOT -> [Help 1]
[ERROR] 
[ERROR] To see the full stack trace of the errors, re-run Maven with the -e switch.
[ERROR] Re-run Maven using the -X switch to enable full debug logging.
[ERROR] 
[ERROR] For more information about the errors and possible solutions, please read the following articles:
[ERROR] [Help 1] http://cwiki.apache.org/confluence/display/MAVEN/DependencyResolutionException


current_pom file is:<?xml version='1.0' encoding='utf-8'?>
<project xmlns="http://maven.apache.org/POM/4.0.0" xmlns:xsi="http://www.w3.org/2001/XMLSchema-instance" xsi:schemaLocation="http://maven.apache.org/POM/4.0.0 http://maven.apache.org/xsd/maven-4.0.0.xsd">
    <modelVersion>4.0.0</modelVersion>
    <groupId>edu.vision.se</groupId>
    <artifactId>CVE-2017-8045</artifactId>
    <version>1.0-SNAPSHOT</version>

    <properties>
        <maven.compiler.source>11</maven.compiler.source>
        <maven.compiler.target>11</maven.compiler.target>
    </properties>

    <dependencies>
        
        <dependency>
            <groupId>org.springframework.amqp</groupId>
            <artifactId>spring-amqp</artifactId>
            <version>2.1.1.RELEASE</version>
        </dependency>
        
        <dependency>
            <groupId>org.assertj</groupId>
            <artifactId>assertj-core</artifactId>
            <version>3.24.0</version>
        </dependency>
        
        <dependency>
            <groupId>org.springframework</groupId>
            <artifactId>spring-beans</artifactId>
            <version>3.2.3.RELEASE</version>
        </dependency>
        
        <dependency>
            <groupId>org.springframework</groupId>
            <artifactId>spring-remoting</artifactId>
            <version>2.0.8</version>
        </dependency>

        <dependency><groupId>junit</groupId><artifactId>junit</artifactId><version>4.13.2</version></dependency>
    
    </dependencies>

</project>
[LLMClient] Response: 
pom
[96m[Adapter] LLM response for fix position: pom[0m
[96m[Adapter] Fix position is in pom.xml.[0m
[LLMClient] Tokens used: 197 (prompt), 19 (completion), 216 (total)
[LLMClient] Prompt: 
You are given an error log when executing 'mvn test' in version 2.1.1.RELEASE: 

Error: Failed to execute goal on project CVE-2017-8045: Could not resolve dependencies for project edu.vision.se:CVE-2017-8045:jar:1.0-SNAPSHOT: Could not find artifact org.springframework:spring-core:jar:5.1.2.BUILD-SNAPSHOT -> [Help 1], None, None 

The test executes as expected in 2.1.0.RELEASE 

Error code: None 

Extract two key *entities* from the error for searching related diffs 

The extracted entities should reflect code-level identifiers that are likely to appear in source code or diffs. 

Output each node as a `;`-separated list, with no explanations. 


[LLMClient] Response: 
org.springframework:spring-core;5.1.2.BUILD-SNAPSHOT
[96m[ErrorManager] Extracted key entities: ['org.springframework:spring-core', '5.1.2.BUILD-SNAPSHOT'][0m
[96m[RepairModule] Start repair[0m
[LLMClient] Tokens used: 197 (prompt), 19 (completion), 216 (total)
[LLMClient] Prompt: 
You are given an error log when executing 'mvn test' in version 2.1.1.RELEASE: 

Error: Failed to execute goal on project CVE-2017-8045: Could not resolve dependencies for project edu.vision.se:CVE-2017-8045:jar:1.0-SNAPSHOT: Could not find artifact org.springframework:spring-core:jar:5.1.2.BUILD-SNAPSHOT -> [Help 1], None, None 

The test executes as expected in 2.1.0.RELEASE 

Error code: None 

Extract two key *entities* from the error for searching related diffs 

The extracted entities should reflect code-level identifiers that are likely to appear in source code or diffs. 

Output each node as a `;`-separated list, with no explanations. 


[LLMClient] Response: 
org.springframework:spring-core;5.1.2.BUILD-SNAPSHOT
[96m[ErrorManager] Extracted key entities: ['org.springframework:spring-core', '5.1.2.BUILD-SNAPSHOT'][0m
[96m[Adapter] Try to solve error: {'file': 'UNKNOWN', 'line': -1, 'column': -1, 'message': 'Failed to execute goal on project CVE-2017-8045: Could not resolve dependencies for project edu.vision.se:CVE-2017-8045:jar:1.0-SNAPSHOT: Could not find artifact org.springframework:spring-core:jar:5.1.2.BUILD-SNAPSHOT -> [Help 1]', 'symbol': None, 'location': None, 'code_line': None} with cause: ['org.springframework:spring-core', '5.1.2.BUILD-SNAPSHOT'][0m
[LLMClient] Tokens used: 233 (prompt), 19 (completion), 252 (total)
[LLMClient] Prompt: 
You are given an error log when executing 'mvn test' in version 2.1.1.RELEASE: 

Error: Failed to execute goal on project CVE-2017-8045: Could not resolve dependencies for project edu.vision.se:CVE-2017-8045:jar:1.0-SNAPSHOT: Could not find artifact org.springframework:spring-core:jar:5.1.2.BUILD-SNAPSHOT -> [Help 1], None, None 

The test executes as expected in 2.1.0.RELEASE 

Error code: None 

Extract two key *entities* from the error for searching related diffs 

The extracted entities should reflect code-level identifiers that are likely to appear in source code or diffs. 

Current cause: ['org.springframework:spring-core', '5.1.2.BUILD-SNAPSHOT'] 

 failed to catch, try simpler or other entities.

Output each node as a `;`-separated list, with no explanations. 


[LLMClient] Response: 
org.springframework:spring-core;5.1.2.BUILD-SNAPSHOT
[96m[ErrorManager] Extracted key entities: ['org.springframework:spring-core', '5.1.2.BUILD-SNAPSHOT'][0m
[96m[Adapter] Related diffs for error: [][0m
[96m[Adapter] Fix position is in test code.[0m
[96m[RepairModule] Start repair for group: Failed to execute goal on project CVE-2017-8045: Could not resolve dependencies for project edu.vision.se:CVE-2017-8045:jar:1.0-SNAPSHOT: Could not find artifact org.springframework:spring-core:jar:5.1.2.BUILD-SNAPSHOT -> [Help 1] | cause: ['org.springframework:spring-core', '5.1.2.BUILD-SNAPSHOT'][0m
[96m[RepairModule] Trying best diff #None with score 0.00[0m
[91m[RepairModule] Repair failed after simulated annealing.[0m
[96m[Adapter] Test code repair attempted.[0m
[96m[Executor] Executing exploit for CVE-2017-8045 on version 2.1.1.RELEASE...[0m
[96m[Verifier] Verifying reproduction...[0m
[91m[Verifier] âœ— Behavior not found: 'java.lang.AssertionError'[0m
[91m[Executor] Reproduction result: Failure[0m
[92m[ErrorManager] Processing line: [ERROR] Failed to execute goal on project CVE-2017-8045: Could not resolve dependencies for project edu.vision.se:CVE-2017-8045:jar:1.0-SNAPSHOT: Could not find artifact org.springframework:spring-core:jar:5.1.2.BUILD-SNAPSHOT -> [Help 1][0m
[96m[ErrorManager] Ignoring line: [ERROR][0m
[96m[ErrorManager] Ignoring line: [ERROR] To see the full stack trace of the errors, re-run Maven with the -e switch.[0m
[96m[ErrorManager] Ignoring line: [ERROR] Re-run Maven using the -X switch to enable full debug logging.[0m
[96m[ErrorManager] Ignoring line: [ERROR][0m
[96m[ErrorManager] Ignoring line: [ERROR] For more information about the errors and possible solutions, please read the following articles:[0m
[96m[ErrorManager] Ignoring line: [ERROR] [Help 1] http://cwiki.apache.org/confluence/display/MAVEN/DependencyResolutionException[0m
[91m[ErrorManager] Failed to read file UNKNOWN: [Errno 2] No such file or directory: 'UNKNOWN'[0m
[96m[Adapter] Locating fix position in error log.[0m
[LLMClient] Tokens used: 942 (prompt), 2 (completion), 944 (total)
[LLMClient] Prompt: 
You are given a Java error log when executing 'mvn test' in a project with dependency version 2.1.1.RELEASE:org.springframework.amqp:spring-amqp.
This test file compiles and runs successfully with version 2.1.0.RELEASE.

Your task is to:
1. Analyze why this issue occurs with the *2.1.0.RELEASE* but not with the *2.1.1.RELEASE version*.
2. Consider how to resolve the issue **without updating this library**.
3. Determine and output the location in the project that should be modified to fix the problem.

Please return 'pom' if the fix is in the pom.xml file, or 'test' if the fix is in the test code.
Do not return any other text, just 'pom' or 'test'.

The error log is:
[INFO] Scanning for projects...
[INFO] 
[INFO] --------------------< edu.vision.se:CVE-2017-8045 >---------------------
[INFO] Building CVE-2017-8045 1.0-SNAPSHOT
[INFO]   from pom.xml
[INFO] --------------------------------[ jar ]---------------------------------
[WARNING] The POM for org.springframework:spring-core:jar:5.1.2.BUILD-SNAPSHOT is missing, no dependency information available
[INFO] ------------------------------------------------------------------------
[INFO] BUILD FAILURE
[INFO] ------------------------------------------------------------------------
[INFO] Total time:  0.260 s
[INFO] Finished at: 2025-07-13T14:47:38Z
[INFO] ------------------------------------------------------------------------
[ERROR] Failed to execute goal on project CVE-2017-8045: Could not resolve dependencies for project edu.vision.se:CVE-2017-8045:jar:1.0-SNAPSHOT: Could not find artifact org.springframework:spring-core:jar:5.1.2.BUILD-SNAPSHOT -> [Help 1]
[ERROR] 
[ERROR] To see the full stack trace of the errors, re-run Maven with the -e switch.
[ERROR] Re-run Maven using the -X switch to enable full debug logging.
[ERROR] 
[ERROR] For more information about the errors and possible solutions, please read the following articles:
[ERROR] [Help 1] http://cwiki.apache.org/confluence/display/MAVEN/DependencyResolutionException


current_pom file is:<?xml version='1.0' encoding='utf-8'?>
<project xmlns="http://maven.apache.org/POM/4.0.0" xmlns:xsi="http://www.w3.org/2001/XMLSchema-instance" xsi:schemaLocation="http://maven.apache.org/POM/4.0.0 http://maven.apache.org/xsd/maven-4.0.0.xsd">
    <modelVersion>4.0.0</modelVersion>
    <groupId>edu.vision.se</groupId>
    <artifactId>CVE-2017-8045</artifactId>
    <version>1.0-SNAPSHOT</version>

    <properties>
        <maven.compiler.source>11</maven.compiler.source>
        <maven.compiler.target>11</maven.compiler.target>
    </properties>

    <dependencies>
        
        <dependency>
            <groupId>org.springframework.amqp</groupId>
            <artifactId>spring-amqp</artifactId>
            <version>2.1.1.RELEASE</version>
        </dependency>
        
        <dependency>
            <groupId>org.assertj</groupId>
            <artifactId>assertj-core</artifactId>
            <version>3.24.0</version>
        </dependency>
        
        <dependency>
            <groupId>org.springframework</groupId>
            <artifactId>spring-beans</artifactId>
            <version>3.2.3.RELEASE</version>
        </dependency>
        
        <dependency>
            <groupId>org.springframework</groupId>
            <artifactId>spring-remoting</artifactId>
            <version>2.0.8</version>
        </dependency>

        <dependency><groupId>junit</groupId><artifactId>junit</artifactId><version>4.13.2</version></dependency>
    
    </dependencies>

</project>
[LLMClient] Response: 
pom
[96m[Adapter] LLM response for fix position: pom[0m
[96m[Adapter] Fix position is in pom.xml.[0m
[LLMClient] Tokens used: 197 (prompt), 19 (completion), 216 (total)
[LLMClient] Prompt: 
You are given an error log when executing 'mvn test' in version 2.1.1.RELEASE: 

Error: Failed to execute goal on project CVE-2017-8045: Could not resolve dependencies for project edu.vision.se:CVE-2017-8045:jar:1.0-SNAPSHOT: Could not find artifact org.springframework:spring-core:jar:5.1.2.BUILD-SNAPSHOT -> [Help 1], None, None 

The test executes as expected in 2.1.0.RELEASE 

Error code: None 

Extract two key *entities* from the error for searching related diffs 

The extracted entities should reflect code-level identifiers that are likely to appear in source code or diffs. 

Output each node as a `;`-separated list, with no explanations. 


[LLMClient] Response: 
org.springframework:spring-core;5.1.2.BUILD-SNAPSHOT
[96m[ErrorManager] Extracted key entities: ['org.springframework:spring-core', '5.1.2.BUILD-SNAPSHOT'][0m
[96m[RepairModule] Start repair[0m
[LLMClient] Tokens used: 197 (prompt), 19 (completion), 216 (total)
[LLMClient] Prompt: 
You are given an error log when executing 'mvn test' in version 2.1.1.RELEASE: 

Error: Failed to execute goal on project CVE-2017-8045: Could not resolve dependencies for project edu.vision.se:CVE-2017-8045:jar:1.0-SNAPSHOT: Could not find artifact org.springframework:spring-core:jar:5.1.2.BUILD-SNAPSHOT -> [Help 1], None, None 

The test executes as expected in 2.1.0.RELEASE 

Error code: None 

Extract two key *entities* from the error for searching related diffs 

The extracted entities should reflect code-level identifiers that are likely to appear in source code or diffs. 

Output each node as a `;`-separated list, with no explanations. 


[LLMClient] Response: 
org.springframework:spring-core;5.1.2.BUILD-SNAPSHOT
[96m[ErrorManager] Extracted key entities: ['org.springframework:spring-core', '5.1.2.BUILD-SNAPSHOT'][0m
[96m[Adapter] Try to solve error: {'file': 'UNKNOWN', 'line': -1, 'column': -1, 'message': 'Failed to execute goal on project CVE-2017-8045: Could not resolve dependencies for project edu.vision.se:CVE-2017-8045:jar:1.0-SNAPSHOT: Could not find artifact org.springframework:spring-core:jar:5.1.2.BUILD-SNAPSHOT -> [Help 1]', 'symbol': None, 'location': None, 'code_line': None} with cause: ['org.springframework:spring-core', '5.1.2.BUILD-SNAPSHOT'][0m
[LLMClient] Tokens used: 233 (prompt), 19 (completion), 252 (total)
[LLMClient] Prompt: 
You are given an error log when executing 'mvn test' in version 2.1.1.RELEASE: 

Error: Failed to execute goal on project CVE-2017-8045: Could not resolve dependencies for project edu.vision.se:CVE-2017-8045:jar:1.0-SNAPSHOT: Could not find artifact org.springframework:spring-core:jar:5.1.2.BUILD-SNAPSHOT -> [Help 1], None, None 

The test executes as expected in 2.1.0.RELEASE 

Error code: None 

Extract two key *entities* from the error for searching related diffs 

The extracted entities should reflect code-level identifiers that are likely to appear in source code or diffs. 

Current cause: ['org.springframework:spring-core', '5.1.2.BUILD-SNAPSHOT'] 

 failed to catch, try simpler or other entities.

Output each node as a `;`-separated list, with no explanations. 


[LLMClient] Response: 
org.springframework:spring-core;5.1.2.BUILD-SNAPSHOT
[96m[ErrorManager] Extracted key entities: ['org.springframework:spring-core', '5.1.2.BUILD-SNAPSHOT'][0m
[96m[Adapter] Related diffs for error: [][0m
[96m[Adapter] Fix position is in test code.[0m
[96m[RepairModule] Start repair for group: Failed to execute goal on project CVE-2017-8045: Could not resolve dependencies for project edu.vision.se:CVE-2017-8045:jar:1.0-SNAPSHOT: Could not find artifact org.springframework:spring-core:jar:5.1.2.BUILD-SNAPSHOT -> [Help 1] | cause: ['org.springframework:spring-core', '5.1.2.BUILD-SNAPSHOT'][0m
[96m[RepairModule] Trying best diff #None with score 0.00[0m
[91m[RepairModule] Repair failed after simulated annealing.[0m
[96m[Adapter] Test code repair attempted.[0m
[96m[Executor] Executing exploit for CVE-2017-8045 on version 2.1.1.RELEASE...[0m
[96m[Verifier] Verifying reproduction...[0m
[91m[Verifier] âœ— Behavior not found: 'java.lang.AssertionError'[0m
[91m[Executor] Reproduction result: Failure[0m
[92m[ErrorManager] Processing line: [ERROR] Failed to execute goal on project CVE-2017-8045: Could not resolve dependencies for project edu.vision.se:CVE-2017-8045:jar:1.0-SNAPSHOT: Could not find artifact org.springframework:spring-core:jar:5.1.2.BUILD-SNAPSHOT -> [Help 1][0m
[96m[ErrorManager] Ignoring line: [ERROR][0m
[96m[ErrorManager] Ignoring line: [ERROR] To see the full stack trace of the errors, re-run Maven with the -e switch.[0m
[96m[ErrorManager] Ignoring line: [ERROR] Re-run Maven using the -X switch to enable full debug logging.[0m
[96m[ErrorManager] Ignoring line: [ERROR][0m
[96m[ErrorManager] Ignoring line: [ERROR] For more information about the errors and possible solutions, please read the following articles:[0m
[96m[ErrorManager] Ignoring line: [ERROR] [Help 1] http://cwiki.apache.org/confluence/display/MAVEN/DependencyResolutionException[0m
[91m[ErrorManager] Failed to read file UNKNOWN: [Errno 2] No such file or directory: 'UNKNOWN'[0m
[96m[Adapter] Locating fix position in error log.[0m
[LLMClient] Tokens used: 942 (prompt), 2 (completion), 944 (total)
[LLMClient] Prompt: 
You are given a Java error log when executing 'mvn test' in a project with dependency version 2.1.1.RELEASE:org.springframework.amqp:spring-amqp.
This test file compiles and runs successfully with version 2.1.0.RELEASE.

Your task is to:
1. Analyze why this issue occurs with the *2.1.0.RELEASE* but not with the *2.1.1.RELEASE version*.
2. Consider how to resolve the issue **without updating this library**.
3. Determine and output the location in the project that should be modified to fix the problem.

Please return 'pom' if the fix is in the pom.xml file, or 'test' if the fix is in the test code.
Do not return any other text, just 'pom' or 'test'.

The error log is:
[INFO] Scanning for projects...
[INFO] 
[INFO] --------------------< edu.vision.se:CVE-2017-8045 >---------------------
[INFO] Building CVE-2017-8045 1.0-SNAPSHOT
[INFO]   from pom.xml
[INFO] --------------------------------[ jar ]---------------------------------
[WARNING] The POM for org.springframework:spring-core:jar:5.1.2.BUILD-SNAPSHOT is missing, no dependency information available
[INFO] ------------------------------------------------------------------------
[INFO] BUILD FAILURE
[INFO] ------------------------------------------------------------------------
[INFO] Total time:  0.241 s
[INFO] Finished at: 2025-07-13T14:47:57Z
[INFO] ------------------------------------------------------------------------
[ERROR] Failed to execute goal on project CVE-2017-8045: Could not resolve dependencies for project edu.vision.se:CVE-2017-8045:jar:1.0-SNAPSHOT: Could not find artifact org.springframework:spring-core:jar:5.1.2.BUILD-SNAPSHOT -> [Help 1]
[ERROR] 
[ERROR] To see the full stack trace of the errors, re-run Maven with the -e switch.
[ERROR] Re-run Maven using the -X switch to enable full debug logging.
[ERROR] 
[ERROR] For more information about the errors and possible solutions, please read the following articles:
[ERROR] [Help 1] http://cwiki.apache.org/confluence/display/MAVEN/DependencyResolutionException


current_pom file is:<?xml version='1.0' encoding='utf-8'?>
<project xmlns="http://maven.apache.org/POM/4.0.0" xmlns:xsi="http://www.w3.org/2001/XMLSchema-instance" xsi:schemaLocation="http://maven.apache.org/POM/4.0.0 http://maven.apache.org/xsd/maven-4.0.0.xsd">
    <modelVersion>4.0.0</modelVersion>
    <groupId>edu.vision.se</groupId>
    <artifactId>CVE-2017-8045</artifactId>
    <version>1.0-SNAPSHOT</version>

    <properties>
        <maven.compiler.source>11</maven.compiler.source>
        <maven.compiler.target>11</maven.compiler.target>
    </properties>

    <dependencies>
        
        <dependency>
            <groupId>org.springframework.amqp</groupId>
            <artifactId>spring-amqp</artifactId>
            <version>2.1.1.RELEASE</version>
        </dependency>
        
        <dependency>
            <groupId>org.assertj</groupId>
            <artifactId>assertj-core</artifactId>
            <version>3.24.0</version>
        </dependency>
        
        <dependency>
            <groupId>org.springframework</groupId>
            <artifactId>spring-beans</artifactId>
            <version>3.2.3.RELEASE</version>
        </dependency>
        
        <dependency>
            <groupId>org.springframework</groupId>
            <artifactId>spring-remoting</artifactId>
            <version>2.0.8</version>
        </dependency>

        <dependency><groupId>junit</groupId><artifactId>junit</artifactId><version>4.13.2</version></dependency>
    
    </dependencies>

</project>
[LLMClient] Response: 
pom
[96m[Adapter] LLM response for fix position: pom[0m
[96m[Adapter] Fix position is in pom.xml.[0m
[LLMClient] Tokens used: 197 (prompt), 19 (completion), 216 (total)
[LLMClient] Prompt: 
You are given an error log when executing 'mvn test' in version 2.1.1.RELEASE: 

Error: Failed to execute goal on project CVE-2017-8045: Could not resolve dependencies for project edu.vision.se:CVE-2017-8045:jar:1.0-SNAPSHOT: Could not find artifact org.springframework:spring-core:jar:5.1.2.BUILD-SNAPSHOT -> [Help 1], None, None 

The test executes as expected in 2.1.0.RELEASE 

Error code: None 

Extract two key *entities* from the error for searching related diffs 

The extracted entities should reflect code-level identifiers that are likely to appear in source code or diffs. 

Output each node as a `;`-separated list, with no explanations. 


[LLMClient] Response: 
org.springframework:spring-core;5.1.2.BUILD-SNAPSHOT
[96m[ErrorManager] Extracted key entities: ['org.springframework:spring-core', '5.1.2.BUILD-SNAPSHOT'][0m
[96m[RepairModule] Start repair[0m
[LLMClient] Tokens used: 197 (prompt), 19 (completion), 216 (total)
[LLMClient] Prompt: 
You are given an error log when executing 'mvn test' in version 2.1.1.RELEASE: 

Error: Failed to execute goal on project CVE-2017-8045: Could not resolve dependencies for project edu.vision.se:CVE-2017-8045:jar:1.0-SNAPSHOT: Could not find artifact org.springframework:spring-core:jar:5.1.2.BUILD-SNAPSHOT -> [Help 1], None, None 

The test executes as expected in 2.1.0.RELEASE 

Error code: None 

Extract two key *entities* from the error for searching related diffs 

The extracted entities should reflect code-level identifiers that are likely to appear in source code or diffs. 

Output each node as a `;`-separated list, with no explanations. 


[LLMClient] Response: 
org.springframework:spring-core;5.1.2.BUILD-SNAPSHOT
[96m[ErrorManager] Extracted key entities: ['org.springframework:spring-core', '5.1.2.BUILD-SNAPSHOT'][0m
[96m[Adapter] Try to solve error: {'file': 'UNKNOWN', 'line': -1, 'column': -1, 'message': 'Failed to execute goal on project CVE-2017-8045: Could not resolve dependencies for project edu.vision.se:CVE-2017-8045:jar:1.0-SNAPSHOT: Could not find artifact org.springframework:spring-core:jar:5.1.2.BUILD-SNAPSHOT -> [Help 1]', 'symbol': None, 'location': None, 'code_line': None} with cause: ['org.springframework:spring-core', '5.1.2.BUILD-SNAPSHOT'][0m
[LLMClient] Tokens used: 233 (prompt), 19 (completion), 252 (total)
[LLMClient] Prompt: 
You are given an error log when executing 'mvn test' in version 2.1.1.RELEASE: 

Error: Failed to execute goal on project CVE-2017-8045: Could not resolve dependencies for project edu.vision.se:CVE-2017-8045:jar:1.0-SNAPSHOT: Could not find artifact org.springframework:spring-core:jar:5.1.2.BUILD-SNAPSHOT -> [Help 1], None, None 

The test executes as expected in 2.1.0.RELEASE 

Error code: None 

Extract two key *entities* from the error for searching related diffs 

The extracted entities should reflect code-level identifiers that are likely to appear in source code or diffs. 

Current cause: ['org.springframework:spring-core', '5.1.2.BUILD-SNAPSHOT'] 

 failed to catch, try simpler or other entities.

Output each node as a `;`-separated list, with no explanations. 


[LLMClient] Response: 
org.springframework:spring-core;5.1.2.BUILD-SNAPSHOT
[96m[ErrorManager] Extracted key entities: ['org.springframework:spring-core', '5.1.2.BUILD-SNAPSHOT'][0m
[96m[Adapter] Related diffs for error: [][0m
[96m[Adapter] Fix position is in test code.[0m
[96m[RepairModule] Start repair for group: Failed to execute goal on project CVE-2017-8045: Could not resolve dependencies for project edu.vision.se:CVE-2017-8045:jar:1.0-SNAPSHOT: Could not find artifact org.springframework:spring-core:jar:5.1.2.BUILD-SNAPSHOT -> [Help 1] | cause: ['org.springframework:spring-core', '5.1.2.BUILD-SNAPSHOT'][0m
[96m[RepairModule] Trying best diff #None with score 0.00[0m
[91m[RepairModule] Repair failed after simulated annealing.[0m
[96m[Adapter] Test code repair attempted.[0m
[96m[Executor] Executing exploit for CVE-2017-8045 on version 2.1.1.RELEASE...[0m
[96m[Verifier] Verifying reproduction...[0m
[91m[Verifier] âœ— Behavior not found: 'java.lang.AssertionError'[0m
[91m[Executor] Reproduction result: Failure[0m
[92m[ErrorManager] Processing line: [ERROR] Failed to execute goal on project CVE-2017-8045: Could not resolve dependencies for project edu.vision.se:CVE-2017-8045:jar:1.0-SNAPSHOT: Could not find artifact org.springframework:spring-core:jar:5.1.2.BUILD-SNAPSHOT -> [Help 1][0m
[96m[ErrorManager] Ignoring line: [ERROR][0m
[96m[ErrorManager] Ignoring line: [ERROR] To see the full stack trace of the errors, re-run Maven with the -e switch.[0m
[96m[ErrorManager] Ignoring line: [ERROR] Re-run Maven using the -X switch to enable full debug logging.[0m
[96m[ErrorManager] Ignoring line: [ERROR][0m
[96m[ErrorManager] Ignoring line: [ERROR] For more information about the errors and possible solutions, please read the following articles:[0m
[96m[ErrorManager] Ignoring line: [ERROR] [Help 1] http://cwiki.apache.org/confluence/display/MAVEN/DependencyResolutionException[0m
[91m[ErrorManager] Failed to read file UNKNOWN: [Errno 2] No such file or directory: 'UNKNOWN'[0m
[96m[Adapter] Locating fix position in error log.[0m
[LLMClient] Tokens used: 942 (prompt), 2 (completion), 944 (total)
[LLMClient] Prompt: 
You are given a Java error log when executing 'mvn test' in a project with dependency version 2.1.1.RELEASE:org.springframework.amqp:spring-amqp.
This test file compiles and runs successfully with version 2.1.0.RELEASE.

Your task is to:
1. Analyze why this issue occurs with the *2.1.0.RELEASE* but not with the *2.1.1.RELEASE version*.
2. Consider how to resolve the issue **without updating this library**.
3. Determine and output the location in the project that should be modified to fix the problem.

Please return 'pom' if the fix is in the pom.xml file, or 'test' if the fix is in the test code.
Do not return any other text, just 'pom' or 'test'.

The error log is:
[INFO] Scanning for projects...
[INFO] 
[INFO] --------------------< edu.vision.se:CVE-2017-8045 >---------------------
[INFO] Building CVE-2017-8045 1.0-SNAPSHOT
[INFO]   from pom.xml
[INFO] --------------------------------[ jar ]---------------------------------
[WARNING] The POM for org.springframework:spring-core:jar:5.1.2.BUILD-SNAPSHOT is missing, no dependency information available
[INFO] ------------------------------------------------------------------------
[INFO] BUILD FAILURE
[INFO] ------------------------------------------------------------------------
[INFO] Total time:  0.267 s
[INFO] Finished at: 2025-07-13T14:48:15Z
[INFO] ------------------------------------------------------------------------
[ERROR] Failed to execute goal on project CVE-2017-8045: Could not resolve dependencies for project edu.vision.se:CVE-2017-8045:jar:1.0-SNAPSHOT: Could not find artifact org.springframework:spring-core:jar:5.1.2.BUILD-SNAPSHOT -> [Help 1]
[ERROR] 
[ERROR] To see the full stack trace of the errors, re-run Maven with the -e switch.
[ERROR] Re-run Maven using the -X switch to enable full debug logging.
[ERROR] 
[ERROR] For more information about the errors and possible solutions, please read the following articles:
[ERROR] [Help 1] http://cwiki.apache.org/confluence/display/MAVEN/DependencyResolutionException


current_pom file is:<?xml version='1.0' encoding='utf-8'?>
<project xmlns="http://maven.apache.org/POM/4.0.0" xmlns:xsi="http://www.w3.org/2001/XMLSchema-instance" xsi:schemaLocation="http://maven.apache.org/POM/4.0.0 http://maven.apache.org/xsd/maven-4.0.0.xsd">
    <modelVersion>4.0.0</modelVersion>
    <groupId>edu.vision.se</groupId>
    <artifactId>CVE-2017-8045</artifactId>
    <version>1.0-SNAPSHOT</version>

    <properties>
        <maven.compiler.source>11</maven.compiler.source>
        <maven.compiler.target>11</maven.compiler.target>
    </properties>

    <dependencies>
        
        <dependency>
            <groupId>org.springframework.amqp</groupId>
            <artifactId>spring-amqp</artifactId>
            <version>2.1.1.RELEASE</version>
        </dependency>
        
        <dependency>
            <groupId>org.assertj</groupId>
            <artifactId>assertj-core</artifactId>
            <version>3.24.0</version>
        </dependency>
        
        <dependency>
            <groupId>org.springframework</groupId>
            <artifactId>spring-beans</artifactId>
            <version>3.2.3.RELEASE</version>
        </dependency>
        
        <dependency>
            <groupId>org.springframework</groupId>
            <artifactId>spring-remoting</artifactId>
            <version>2.0.8</version>
        </dependency>

        <dependency><groupId>junit</groupId><artifactId>junit</artifactId><version>4.13.2</version></dependency>
    
    </dependencies>

</project>
[LLMClient] Response: 
pom
[96m[Adapter] LLM response for fix position: pom[0m
[96m[Adapter] Fix position is in pom.xml.[0m
[LLMClient] Tokens used: 197 (prompt), 19 (completion), 216 (total)
[LLMClient] Prompt: 
You are given an error log when executing 'mvn test' in version 2.1.1.RELEASE: 

Error: Failed to execute goal on project CVE-2017-8045: Could not resolve dependencies for project edu.vision.se:CVE-2017-8045:jar:1.0-SNAPSHOT: Could not find artifact org.springframework:spring-core:jar:5.1.2.BUILD-SNAPSHOT -> [Help 1], None, None 

The test executes as expected in 2.1.0.RELEASE 

Error code: None 

Extract two key *entities* from the error for searching related diffs 

The extracted entities should reflect code-level identifiers that are likely to appear in source code or diffs. 

Output each node as a `;`-separated list, with no explanations. 


[LLMClient] Response: 
org.springframework:spring-core;5.1.2.BUILD-SNAPSHOT
[96m[ErrorManager] Extracted key entities: ['org.springframework:spring-core', '5.1.2.BUILD-SNAPSHOT'][0m
[96m[RepairModule] Start repair[0m
[LLMClient] Tokens used: 197 (prompt), 19 (completion), 216 (total)
[LLMClient] Prompt: 
You are given an error log when executing 'mvn test' in version 2.1.1.RELEASE: 

Error: Failed to execute goal on project CVE-2017-8045: Could not resolve dependencies for project edu.vision.se:CVE-2017-8045:jar:1.0-SNAPSHOT: Could not find artifact org.springframework:spring-core:jar:5.1.2.BUILD-SNAPSHOT -> [Help 1], None, None 

The test executes as expected in 2.1.0.RELEASE 

Error code: None 

Extract two key *entities* from the error for searching related diffs 

The extracted entities should reflect code-level identifiers that are likely to appear in source code or diffs. 

Output each node as a `;`-separated list, with no explanations. 


[LLMClient] Response: 
org.springframework:spring-core;5.1.2.BUILD-SNAPSHOT
[96m[ErrorManager] Extracted key entities: ['org.springframework:spring-core', '5.1.2.BUILD-SNAPSHOT'][0m
[96m[Adapter] Try to solve error: {'file': 'UNKNOWN', 'line': -1, 'column': -1, 'message': 'Failed to execute goal on project CVE-2017-8045: Could not resolve dependencies for project edu.vision.se:CVE-2017-8045:jar:1.0-SNAPSHOT: Could not find artifact org.springframework:spring-core:jar:5.1.2.BUILD-SNAPSHOT -> [Help 1]', 'symbol': None, 'location': None, 'code_line': None} with cause: ['org.springframework:spring-core', '5.1.2.BUILD-SNAPSHOT'][0m
[LLMClient] Tokens used: 233 (prompt), 19 (completion), 252 (total)
[LLMClient] Prompt: 
You are given an error log when executing 'mvn test' in version 2.1.1.RELEASE: 

Error: Failed to execute goal on project CVE-2017-8045: Could not resolve dependencies for project edu.vision.se:CVE-2017-8045:jar:1.0-SNAPSHOT: Could not find artifact org.springframework:spring-core:jar:5.1.2.BUILD-SNAPSHOT -> [Help 1], None, None 

The test executes as expected in 2.1.0.RELEASE 

Error code: None 

Extract two key *entities* from the error for searching related diffs 

The extracted entities should reflect code-level identifiers that are likely to appear in source code or diffs. 

Current cause: ['org.springframework:spring-core', '5.1.2.BUILD-SNAPSHOT'] 

 failed to catch, try simpler or other entities.

Output each node as a `;`-separated list, with no explanations. 


[LLMClient] Response: 
org.springframework:spring-core;5.1.2.BUILD-SNAPSHOT
[96m[ErrorManager] Extracted key entities: ['org.springframework:spring-core', '5.1.2.BUILD-SNAPSHOT'][0m
[96m[Adapter] Related diffs for error: [][0m
[96m[Adapter] Fix position is in test code.[0m
[96m[RepairModule] Start repair for group: Failed to execute goal on project CVE-2017-8045: Could not resolve dependencies for project edu.vision.se:CVE-2017-8045:jar:1.0-SNAPSHOT: Could not find artifact org.springframework:spring-core:jar:5.1.2.BUILD-SNAPSHOT -> [Help 1] | cause: ['org.springframework:spring-core', '5.1.2.BUILD-SNAPSHOT'][0m
[96m[RepairModule] Trying best diff #None with score 0.00[0m
[91m[RepairModule] Repair failed after simulated annealing.[0m
[96m[Adapter] Test code repair attempted.[0m
[96m[Executor] Executing exploit for CVE-2017-8045 on version 2.1.1.RELEASE...[0m
[96m[Verifier] Verifying reproduction...[0m
[91m[Verifier] âœ— Behavior not found: 'java.lang.AssertionError'[0m
[91m[Executor] Reproduction result: Failure[0m
[92m[ErrorManager] Processing line: [ERROR] Failed to execute goal on project CVE-2017-8045: Could not resolve dependencies for project edu.vision.se:CVE-2017-8045:jar:1.0-SNAPSHOT: Could not find artifact org.springframework:spring-core:jar:5.1.2.BUILD-SNAPSHOT -> [Help 1][0m
[96m[ErrorManager] Ignoring line: [ERROR][0m
[96m[ErrorManager] Ignoring line: [ERROR] To see the full stack trace of the errors, re-run Maven with the -e switch.[0m
[96m[ErrorManager] Ignoring line: [ERROR] Re-run Maven using the -X switch to enable full debug logging.[0m
[96m[ErrorManager] Ignoring line: [ERROR][0m
[96m[ErrorManager] Ignoring line: [ERROR] For more information about the errors and possible solutions, please read the following articles:[0m
[96m[ErrorManager] Ignoring line: [ERROR] [Help 1] http://cwiki.apache.org/confluence/display/MAVEN/DependencyResolutionException[0m
[91m[ErrorManager] Failed to read file UNKNOWN: [Errno 2] No such file or directory: 'UNKNOWN'[0m
[96m[Adapter] Locating fix position in error log.[0m
[LLMClient] Tokens used: 942 (prompt), 2 (completion), 944 (total)
[LLMClient] Prompt: 
You are given a Java error log when executing 'mvn test' in a project with dependency version 2.1.1.RELEASE:org.springframework.amqp:spring-amqp.
This test file compiles and runs successfully with version 2.1.0.RELEASE.

Your task is to:
1. Analyze why this issue occurs with the *2.1.0.RELEASE* but not with the *2.1.1.RELEASE version*.
2. Consider how to resolve the issue **without updating this library**.
3. Determine and output the location in the project that should be modified to fix the problem.

Please return 'pom' if the fix is in the pom.xml file, or 'test' if the fix is in the test code.
Do not return any other text, just 'pom' or 'test'.

The error log is:
[INFO] Scanning for projects...
[INFO] 
[INFO] --------------------< edu.vision.se:CVE-2017-8045 >---------------------
[INFO] Building CVE-2017-8045 1.0-SNAPSHOT
[INFO]   from pom.xml
[INFO] --------------------------------[ jar ]---------------------------------
[WARNING] The POM for org.springframework:spring-core:jar:5.1.2.BUILD-SNAPSHOT is missing, no dependency information available
[INFO] ------------------------------------------------------------------------
[INFO] BUILD FAILURE
[INFO] ------------------------------------------------------------------------
[INFO] Total time:  0.258 s
[INFO] Finished at: 2025-07-13T14:48:35Z
[INFO] ------------------------------------------------------------------------
[ERROR] Failed to execute goal on project CVE-2017-8045: Could not resolve dependencies for project edu.vision.se:CVE-2017-8045:jar:1.0-SNAPSHOT: Could not find artifact org.springframework:spring-core:jar:5.1.2.BUILD-SNAPSHOT -> [Help 1]
[ERROR] 
[ERROR] To see the full stack trace of the errors, re-run Maven with the -e switch.
[ERROR] Re-run Maven using the -X switch to enable full debug logging.
[ERROR] 
[ERROR] For more information about the errors and possible solutions, please read the following articles:
[ERROR] [Help 1] http://cwiki.apache.org/confluence/display/MAVEN/DependencyResolutionException


current_pom file is:<?xml version='1.0' encoding='utf-8'?>
<project xmlns="http://maven.apache.org/POM/4.0.0" xmlns:xsi="http://www.w3.org/2001/XMLSchema-instance" xsi:schemaLocation="http://maven.apache.org/POM/4.0.0 http://maven.apache.org/xsd/maven-4.0.0.xsd">
    <modelVersion>4.0.0</modelVersion>
    <groupId>edu.vision.se</groupId>
    <artifactId>CVE-2017-8045</artifactId>
    <version>1.0-SNAPSHOT</version>

    <properties>
        <maven.compiler.source>11</maven.compiler.source>
        <maven.compiler.target>11</maven.compiler.target>
    </properties>

    <dependencies>
        
        <dependency>
            <groupId>org.springframework.amqp</groupId>
            <artifactId>spring-amqp</artifactId>
            <version>2.1.1.RELEASE</version>
        </dependency>
        
        <dependency>
            <groupId>org.assertj</groupId>
            <artifactId>assertj-core</artifactId>
            <version>3.24.0</version>
        </dependency>
        
        <dependency>
            <groupId>org.springframework</groupId>
            <artifactId>spring-beans</artifactId>
            <version>3.2.3.RELEASE</version>
        </dependency>
        
        <dependency>
            <groupId>org.springframework</groupId>
            <artifactId>spring-remoting</artifactId>
            <version>2.0.8</version>
        </dependency>

        <dependency><groupId>junit</groupId><artifactId>junit</artifactId><version>4.13.2</version></dependency>
    
    </dependencies>

</project>
[LLMClient] Response: 
pom
[96m[Adapter] LLM response for fix position: pom[0m
[96m[Adapter] Fix position is in pom.xml.[0m
[LLMClient] Tokens used: 197 (prompt), 45 (completion), 242 (total)
[LLMClient] Prompt: 
You are given an error log when executing 'mvn test' in version 2.1.1.RELEASE: 

Error: Failed to execute goal on project CVE-2017-8045: Could not resolve dependencies for project edu.vision.se:CVE-2017-8045:jar:1.0-SNAPSHOT: Could not find artifact org.springframework:spring-core:jar:5.1.2.BUILD-SNAPSHOT -> [Help 1], None, None 

The test executes as expected in 2.1.0.RELEASE 

Error code: None 

Extract two key *entities* from the error for searching related diffs 

The extracted entities should reflect code-level identifiers that are likely to appear in source code or diffs. 

Output each node as a `;`-separated list, with no explanations. 


[LLMClient] Response: 
org.springframework:spring-core:jar:5.1.2.BUILD-SNAPSHOT;edu.vision.se:CVE-2017-8045:jar:1.0-SNAPSHOT
[96m[ErrorManager] Extracted key entities: ['org.springframework:spring-core:jar:5.1.2.BUILD-SNAPSHOT', 'edu.vision.se:CVE-2017-8045:jar:1.0-SNAPSHOT'][0m
[96m[RepairModule] Start repair[0m
[LLMClient] Tokens used: 197 (prompt), 19 (completion), 216 (total)
[LLMClient] Prompt: 
You are given an error log when executing 'mvn test' in version 2.1.1.RELEASE: 

Error: Failed to execute goal on project CVE-2017-8045: Could not resolve dependencies for project edu.vision.se:CVE-2017-8045:jar:1.0-SNAPSHOT: Could not find artifact org.springframework:spring-core:jar:5.1.2.BUILD-SNAPSHOT -> [Help 1], None, None 

The test executes as expected in 2.1.0.RELEASE 

Error code: None 

Extract two key *entities* from the error for searching related diffs 

The extracted entities should reflect code-level identifiers that are likely to appear in source code or diffs. 

Output each node as a `;`-separated list, with no explanations. 


[LLMClient] Response: 
org.springframework:spring-core;5.1.2.BUILD-SNAPSHOT
[96m[ErrorManager] Extracted key entities: ['org.springframework:spring-core', '5.1.2.BUILD-SNAPSHOT'][0m
[96m[Adapter] Try to solve error: {'file': 'UNKNOWN', 'line': -1, 'column': -1, 'message': 'Failed to execute goal on project CVE-2017-8045: Could not resolve dependencies for project edu.vision.se:CVE-2017-8045:jar:1.0-SNAPSHOT: Could not find artifact org.springframework:spring-core:jar:5.1.2.BUILD-SNAPSHOT -> [Help 1]', 'symbol': None, 'location': None, 'code_line': None} with cause: ['org.springframework:spring-core', '5.1.2.BUILD-SNAPSHOT'][0m
[LLMClient] Tokens used: 233 (prompt), 19 (completion), 252 (total)
[LLMClient] Prompt: 
You are given an error log when executing 'mvn test' in version 2.1.1.RELEASE: 

Error: Failed to execute goal on project CVE-2017-8045: Could not resolve dependencies for project edu.vision.se:CVE-2017-8045:jar:1.0-SNAPSHOT: Could not find artifact org.springframework:spring-core:jar:5.1.2.BUILD-SNAPSHOT -> [Help 1], None, None 

The test executes as expected in 2.1.0.RELEASE 

Error code: None 

Extract two key *entities* from the error for searching related diffs 

The extracted entities should reflect code-level identifiers that are likely to appear in source code or diffs. 

Current cause: ['org.springframework:spring-core', '5.1.2.BUILD-SNAPSHOT'] 

 failed to catch, try simpler or other entities.

Output each node as a `;`-separated list, with no explanations. 


[LLMClient] Response: 
org.springframework:spring-core;5.1.2.BUILD-SNAPSHOT
[96m[ErrorManager] Extracted key entities: ['org.springframework:spring-core', '5.1.2.BUILD-SNAPSHOT'][0m
[96m[Adapter] Related diffs for error: [][0m
[96m[Adapter] Fix position is in test code.[0m
[96m[RepairModule] Start repair for group: Failed to execute goal on project CVE-2017-8045: Could not resolve dependencies for project edu.vision.se:CVE-2017-8045:jar:1.0-SNAPSHOT: Could not find artifact org.springframework:spring-core:jar:5.1.2.BUILD-SNAPSHOT -> [Help 1] | cause: ['org.springframework:spring-core', '5.1.2.BUILD-SNAPSHOT'][0m
[96m[RepairModule] Trying best diff #None with score 0.00[0m
[91m[RepairModule] Repair failed after simulated annealing.[0m
[96m[Adapter] Test code repair attempted.[0m
[96m[Executor] Executing exploit for CVE-2017-8045 on version 2.1.1.RELEASE...[0m
[96m[Verifier] Verifying reproduction...[0m
[91m[Verifier] âœ— Behavior not found: 'java.lang.AssertionError'[0m
[91m[Executor] Reproduction result: Failure[0m
[92m[ErrorManager] Processing line: [ERROR] Failed to execute goal on project CVE-2017-8045: Could not resolve dependencies for project edu.vision.se:CVE-2017-8045:jar:1.0-SNAPSHOT: Could not find artifact org.springframework:spring-core:jar:5.1.2.BUILD-SNAPSHOT -> [Help 1][0m
[96m[ErrorManager] Ignoring line: [ERROR][0m
[96m[ErrorManager] Ignoring line: [ERROR] To see the full stack trace of the errors, re-run Maven with the -e switch.[0m
[96m[ErrorManager] Ignoring line: [ERROR] Re-run Maven using the -X switch to enable full debug logging.[0m
[96m[ErrorManager] Ignoring line: [ERROR][0m
[96m[ErrorManager] Ignoring line: [ERROR] For more information about the errors and possible solutions, please read the following articles:[0m
[96m[ErrorManager] Ignoring line: [ERROR] [Help 1] http://cwiki.apache.org/confluence/display/MAVEN/DependencyResolutionException[0m
[91m[ErrorManager] Failed to read file UNKNOWN: [Errno 2] No such file or directory: 'UNKNOWN'[0m
[96m[Adapter] Locating fix position in error log.[0m
[LLMClient] Tokens used: 942 (prompt), 2 (completion), 944 (total)
[LLMClient] Prompt: 
You are given a Java error log when executing 'mvn test' in a project with dependency version 2.1.1.RELEASE:org.springframework.amqp:spring-amqp.
This test file compiles and runs successfully with version 2.1.0.RELEASE.

Your task is to:
1. Analyze why this issue occurs with the *2.1.0.RELEASE* but not with the *2.1.1.RELEASE version*.
2. Consider how to resolve the issue **without updating this library**.
3. Determine and output the location in the project that should be modified to fix the problem.

Please return 'pom' if the fix is in the pom.xml file, or 'test' if the fix is in the test code.
Do not return any other text, just 'pom' or 'test'.

The error log is:
[INFO] Scanning for projects...
[INFO] 
[INFO] --------------------< edu.vision.se:CVE-2017-8045 >---------------------
[INFO] Building CVE-2017-8045 1.0-SNAPSHOT
[INFO]   from pom.xml
[INFO] --------------------------------[ jar ]---------------------------------
[WARNING] The POM for org.springframework:spring-core:jar:5.1.2.BUILD-SNAPSHOT is missing, no dependency information available
[INFO] ------------------------------------------------------------------------
[INFO] BUILD FAILURE
[INFO] ------------------------------------------------------------------------
[INFO] Total time:  0.228 s
[INFO] Finished at: 2025-07-13T14:48:54Z
[INFO] ------------------------------------------------------------------------
[ERROR] Failed to execute goal on project CVE-2017-8045: Could not resolve dependencies for project edu.vision.se:CVE-2017-8045:jar:1.0-SNAPSHOT: Could not find artifact org.springframework:spring-core:jar:5.1.2.BUILD-SNAPSHOT -> [Help 1]
[ERROR] 
[ERROR] To see the full stack trace of the errors, re-run Maven with the -e switch.
[ERROR] Re-run Maven using the -X switch to enable full debug logging.
[ERROR] 
[ERROR] For more information about the errors and possible solutions, please read the following articles:
[ERROR] [Help 1] http://cwiki.apache.org/confluence/display/MAVEN/DependencyResolutionException


current_pom file is:<?xml version='1.0' encoding='utf-8'?>
<project xmlns="http://maven.apache.org/POM/4.0.0" xmlns:xsi="http://www.w3.org/2001/XMLSchema-instance" xsi:schemaLocation="http://maven.apache.org/POM/4.0.0 http://maven.apache.org/xsd/maven-4.0.0.xsd">
    <modelVersion>4.0.0</modelVersion>
    <groupId>edu.vision.se</groupId>
    <artifactId>CVE-2017-8045</artifactId>
    <version>1.0-SNAPSHOT</version>

    <properties>
        <maven.compiler.source>11</maven.compiler.source>
        <maven.compiler.target>11</maven.compiler.target>
    </properties>

    <dependencies>
        
        <dependency>
            <groupId>org.springframework.amqp</groupId>
            <artifactId>spring-amqp</artifactId>
            <version>2.1.1.RELEASE</version>
        </dependency>
        
        <dependency>
            <groupId>org.assertj</groupId>
            <artifactId>assertj-core</artifactId>
            <version>3.24.0</version>
        </dependency>
        
        <dependency>
            <groupId>org.springframework</groupId>
            <artifactId>spring-beans</artifactId>
            <version>3.2.3.RELEASE</version>
        </dependency>
        
        <dependency>
            <groupId>org.springframework</groupId>
            <artifactId>spring-remoting</artifactId>
            <version>2.0.8</version>
        </dependency>

        <dependency><groupId>junit</groupId><artifactId>junit</artifactId><version>4.13.2</version></dependency>
    
    </dependencies>

</project>
[LLMClient] Response: 
pom
[96m[Adapter] LLM response for fix position: pom[0m
[96m[Adapter] Fix position is in pom.xml.[0m
[LLMClient] Tokens used: 197 (prompt), 19 (completion), 216 (total)
[LLMClient] Prompt: 
You are given an error log when executing 'mvn test' in version 2.1.1.RELEASE: 

Error: Failed to execute goal on project CVE-2017-8045: Could not resolve dependencies for project edu.vision.se:CVE-2017-8045:jar:1.0-SNAPSHOT: Could not find artifact org.springframework:spring-core:jar:5.1.2.BUILD-SNAPSHOT -> [Help 1], None, None 

The test executes as expected in 2.1.0.RELEASE 

Error code: None 

Extract two key *entities* from the error for searching related diffs 

The extracted entities should reflect code-level identifiers that are likely to appear in source code or diffs. 

Output each node as a `;`-separated list, with no explanations. 


[LLMClient] Response: 
org.springframework:spring-core;5.1.2.BUILD-SNAPSHOT
[96m[ErrorManager] Extracted key entities: ['org.springframework:spring-core', '5.1.2.BUILD-SNAPSHOT'][0m
[96m[RepairModule] Start repair[0m
[LLMClient] Tokens used: 197 (prompt), 29 (completion), 226 (total)
[LLMClient] Prompt: 
You are given an error log when executing 'mvn test' in version 2.1.1.RELEASE: 

Error: Failed to execute goal on project CVE-2017-8045: Could not resolve dependencies for project edu.vision.se:CVE-2017-8045:jar:1.0-SNAPSHOT: Could not find artifact org.springframework:spring-core:jar:5.1.2.BUILD-SNAPSHOT -> [Help 1], None, None 

The test executes as expected in 2.1.0.RELEASE 

Error code: None 

Extract two key *entities* from the error for searching related diffs 

The extracted entities should reflect code-level identifiers that are likely to appear in source code or diffs. 

Output each node as a `;`-separated list, with no explanations. 


[LLMClient] Response: 
org.springframework:spring-core:jar:5.1.2.BUILD-SNAPSHOT;CVE-2017-8045
[96m[ErrorManager] Extracted key entities: ['org.springframework:spring-core:jar:5.1.2.BUILD-SNAPSHOT', 'CVE-2017-8045'][0m
[96m[Adapter] Try to solve error: {'file': 'UNKNOWN', 'line': -1, 'column': -1, 'message': 'Failed to execute goal on project CVE-2017-8045: Could not resolve dependencies for project edu.vision.se:CVE-2017-8045:jar:1.0-SNAPSHOT: Could not find artifact org.springframework:spring-core:jar:5.1.2.BUILD-SNAPSHOT -> [Help 1]', 'symbol': None, 'location': None, 'code_line': None} with cause: ['org.springframework:spring-core:jar:5.1.2.BUILD-SNAPSHOT', 'CVE-2017-8045'][0m
[LLMClient] Tokens used: 244 (prompt), 29 (completion), 273 (total)
[LLMClient] Prompt: 
You are given an error log when executing 'mvn test' in version 2.1.1.RELEASE: 

Error: Failed to execute goal on project CVE-2017-8045: Could not resolve dependencies for project edu.vision.se:CVE-2017-8045:jar:1.0-SNAPSHOT: Could not find artifact org.springframework:spring-core:jar:5.1.2.BUILD-SNAPSHOT -> [Help 1], None, None 

The test executes as expected in 2.1.0.RELEASE 

Error code: None 

Extract two key *entities* from the error for searching related diffs 

The extracted entities should reflect code-level identifiers that are likely to appear in source code or diffs. 

Current cause: ['org.springframework:spring-core:jar:5.1.2.BUILD-SNAPSHOT', 'CVE-2017-8045'] 

 failed to catch, try simpler or other entities.

Output each node as a `;`-separated list, with no explanations. 


[LLMClient] Response: 
org.springframework:spring-core:jar:5.1.2.BUILD-SNAPSHOT;CVE-2017-8045
[96m[ErrorManager] Extracted key entities: ['org.springframework:spring-core:jar:5.1.2.BUILD-SNAPSHOT', 'CVE-2017-8045'][0m
[96m[Adapter] Related diffs for error: [][0m
[96m[Adapter] Fix position is in test code.[0m
[96m[RepairModule] Start repair for group: Failed to execute goal on project CVE-2017-8045: Could not resolve dependencies for project edu.vision.se:CVE-2017-8045:jar:1.0-SNAPSHOT: Could not find artifact org.springframework:spring-core:jar:5.1.2.BUILD-SNAPSHOT -> [Help 1] | cause: ['org.springframework:spring-core:jar:5.1.2.BUILD-SNAPSHOT', 'CVE-2017-8045'][0m
[96m[RepairModule] Trying best diff #None with score 0.00[0m
[91m[RepairModule] Repair failed after simulated annealing.[0m
[96m[Adapter] Test code repair attempted.[0m
[96m[Executor] Executing exploit for CVE-2017-8045 on version 2.1.1.RELEASE...[0m
[96m[Verifier] Verifying reproduction...[0m
[91m[Verifier] âœ— Behavior not found: 'java.lang.AssertionError'[0m
[91m[Executor] Reproduction result: Failure[0m
[92m[ErrorManager] Processing line: [ERROR] Failed to execute goal on project CVE-2017-8045: Could not resolve dependencies for project edu.vision.se:CVE-2017-8045:jar:1.0-SNAPSHOT: Could not find artifact org.springframework:spring-core:jar:5.1.2.BUILD-SNAPSHOT -> [Help 1][0m
[96m[ErrorManager] Ignoring line: [ERROR][0m
[96m[ErrorManager] Ignoring line: [ERROR] To see the full stack trace of the errors, re-run Maven with the -e switch.[0m
[96m[ErrorManager] Ignoring line: [ERROR] Re-run Maven using the -X switch to enable full debug logging.[0m
[96m[ErrorManager] Ignoring line: [ERROR][0m
[96m[ErrorManager] Ignoring line: [ERROR] For more information about the errors and possible solutions, please read the following articles:[0m
[96m[ErrorManager] Ignoring line: [ERROR] [Help 1] http://cwiki.apache.org/confluence/display/MAVEN/DependencyResolutionException[0m
[91m[ErrorManager] Failed to read file UNKNOWN: [Errno 2] No such file or directory: 'UNKNOWN'[0m
[96m[Adapter] Locating fix position in error log.[0m
[LLMClient] Tokens used: 942 (prompt), 2 (completion), 944 (total)
[LLMClient] Prompt: 
You are given a Java error log when executing 'mvn test' in a project with dependency version 2.1.1.RELEASE:org.springframework.amqp:spring-amqp.
This test file compiles and runs successfully with version 2.1.0.RELEASE.

Your task is to:
1. Analyze why this issue occurs with the *2.1.0.RELEASE* but not with the *2.1.1.RELEASE version*.
2. Consider how to resolve the issue **without updating this library**.
3. Determine and output the location in the project that should be modified to fix the problem.

Please return 'pom' if the fix is in the pom.xml file, or 'test' if the fix is in the test code.
Do not return any other text, just 'pom' or 'test'.

The error log is:
[INFO] Scanning for projects...
[INFO] 
[INFO] --------------------< edu.vision.se:CVE-2017-8045 >---------------------
[INFO] Building CVE-2017-8045 1.0-SNAPSHOT
[INFO]   from pom.xml
[INFO] --------------------------------[ jar ]---------------------------------
[WARNING] The POM for org.springframework:spring-core:jar:5.1.2.BUILD-SNAPSHOT is missing, no dependency information available
[INFO] ------------------------------------------------------------------------
[INFO] BUILD FAILURE
[INFO] ------------------------------------------------------------------------
[INFO] Total time:  0.195 s
[INFO] Finished at: 2025-07-13T14:49:14Z
[INFO] ------------------------------------------------------------------------
[ERROR] Failed to execute goal on project CVE-2017-8045: Could not resolve dependencies for project edu.vision.se:CVE-2017-8045:jar:1.0-SNAPSHOT: Could not find artifact org.springframework:spring-core:jar:5.1.2.BUILD-SNAPSHOT -> [Help 1]
[ERROR] 
[ERROR] To see the full stack trace of the errors, re-run Maven with the -e switch.
[ERROR] Re-run Maven using the -X switch to enable full debug logging.
[ERROR] 
[ERROR] For more information about the errors and possible solutions, please read the following articles:
[ERROR] [Help 1] http://cwiki.apache.org/confluence/display/MAVEN/DependencyResolutionException


current_pom file is:<?xml version='1.0' encoding='utf-8'?>
<project xmlns="http://maven.apache.org/POM/4.0.0" xmlns:xsi="http://www.w3.org/2001/XMLSchema-instance" xsi:schemaLocation="http://maven.apache.org/POM/4.0.0 http://maven.apache.org/xsd/maven-4.0.0.xsd">
    <modelVersion>4.0.0</modelVersion>
    <groupId>edu.vision.se</groupId>
    <artifactId>CVE-2017-8045</artifactId>
    <version>1.0-SNAPSHOT</version>

    <properties>
        <maven.compiler.source>11</maven.compiler.source>
        <maven.compiler.target>11</maven.compiler.target>
    </properties>

    <dependencies>
        
        <dependency>
            <groupId>org.springframework.amqp</groupId>
            <artifactId>spring-amqp</artifactId>
            <version>2.1.1.RELEASE</version>
        </dependency>
        
        <dependency>
            <groupId>org.assertj</groupId>
            <artifactId>assertj-core</artifactId>
            <version>3.24.0</version>
        </dependency>
        
        <dependency>
            <groupId>org.springframework</groupId>
            <artifactId>spring-beans</artifactId>
            <version>3.2.3.RELEASE</version>
        </dependency>
        
        <dependency>
            <groupId>org.springframework</groupId>
            <artifactId>spring-remoting</artifactId>
            <version>2.0.8</version>
        </dependency>

        <dependency><groupId>junit</groupId><artifactId>junit</artifactId><version>4.13.2</version></dependency>
    
    </dependencies>

</project>
[LLMClient] Response: 
pom
[96m[Adapter] LLM response for fix position: pom[0m
[96m[Adapter] Fix position is in pom.xml.[0m
[LLMClient] Tokens used: 197 (prompt), 19 (completion), 216 (total)
[LLMClient] Prompt: 
You are given an error log when executing 'mvn test' in version 2.1.1.RELEASE: 

Error: Failed to execute goal on project CVE-2017-8045: Could not resolve dependencies for project edu.vision.se:CVE-2017-8045:jar:1.0-SNAPSHOT: Could not find artifact org.springframework:spring-core:jar:5.1.2.BUILD-SNAPSHOT -> [Help 1], None, None 

The test executes as expected in 2.1.0.RELEASE 

Error code: None 

Extract two key *entities* from the error for searching related diffs 

The extracted entities should reflect code-level identifiers that are likely to appear in source code or diffs. 

Output each node as a `;`-separated list, with no explanations. 


[LLMClient] Response: 
org.springframework:spring-core;5.1.2.BUILD-SNAPSHOT
[96m[ErrorManager] Extracted key entities: ['org.springframework:spring-core', '5.1.2.BUILD-SNAPSHOT'][0m
[96m[RepairModule] Start repair[0m
[LLMClient] Tokens used: 197 (prompt), 19 (completion), 216 (total)
[LLMClient] Prompt: 
You are given an error log when executing 'mvn test' in version 2.1.1.RELEASE: 

Error: Failed to execute goal on project CVE-2017-8045: Could not resolve dependencies for project edu.vision.se:CVE-2017-8045:jar:1.0-SNAPSHOT: Could not find artifact org.springframework:spring-core:jar:5.1.2.BUILD-SNAPSHOT -> [Help 1], None, None 

The test executes as expected in 2.1.0.RELEASE 

Error code: None 

Extract two key *entities* from the error for searching related diffs 

The extracted entities should reflect code-level identifiers that are likely to appear in source code or diffs. 

Output each node as a `;`-separated list, with no explanations. 


[LLMClient] Response: 
org.springframework:spring-core;5.1.2.BUILD-SNAPSHOT
[96m[ErrorManager] Extracted key entities: ['org.springframework:spring-core', '5.1.2.BUILD-SNAPSHOT'][0m
[96m[Adapter] Try to solve error: {'file': 'UNKNOWN', 'line': -1, 'column': -1, 'message': 'Failed to execute goal on project CVE-2017-8045: Could not resolve dependencies for project edu.vision.se:CVE-2017-8045:jar:1.0-SNAPSHOT: Could not find artifact org.springframework:spring-core:jar:5.1.2.BUILD-SNAPSHOT -> [Help 1]', 'symbol': None, 'location': None, 'code_line': None} with cause: ['org.springframework:spring-core', '5.1.2.BUILD-SNAPSHOT'][0m
[LLMClient] Tokens used: 233 (prompt), 19 (completion), 252 (total)
[LLMClient] Prompt: 
You are given an error log when executing 'mvn test' in version 2.1.1.RELEASE: 

Error: Failed to execute goal on project CVE-2017-8045: Could not resolve dependencies for project edu.vision.se:CVE-2017-8045:jar:1.0-SNAPSHOT: Could not find artifact org.springframework:spring-core:jar:5.1.2.BUILD-SNAPSHOT -> [Help 1], None, None 

The test executes as expected in 2.1.0.RELEASE 

Error code: None 

Extract two key *entities* from the error for searching related diffs 

The extracted entities should reflect code-level identifiers that are likely to appear in source code or diffs. 

Current cause: ['org.springframework:spring-core', '5.1.2.BUILD-SNAPSHOT'] 

 failed to catch, try simpler or other entities.

Output each node as a `;`-separated list, with no explanations. 


[LLMClient] Response: 
org.springframework:spring-core;5.1.2.BUILD-SNAPSHOT
[96m[ErrorManager] Extracted key entities: ['org.springframework:spring-core', '5.1.2.BUILD-SNAPSHOT'][0m
[96m[Adapter] Related diffs for error: [][0m
[96m[Adapter] Fix position is in test code.[0m
[96m[RepairModule] Start repair for group: Failed to execute goal on project CVE-2017-8045: Could not resolve dependencies for project edu.vision.se:CVE-2017-8045:jar:1.0-SNAPSHOT: Could not find artifact org.springframework:spring-core:jar:5.1.2.BUILD-SNAPSHOT -> [Help 1] | cause: ['org.springframework:spring-core', '5.1.2.BUILD-SNAPSHOT'][0m
[96m[RepairModule] Trying best diff #None with score 0.00[0m
[91m[RepairModule] Repair failed after simulated annealing.[0m
[96m[Adapter] Test code repair attempted.[0m
[96m[Executor] Executing exploit for CVE-2017-8045 on version 2.1.1.RELEASE...[0m
[96m[Verifier] Verifying reproduction...[0m
[91m[Verifier] âœ— Behavior not found: 'java.lang.AssertionError'[0m
[91m[Executor] Reproduction result: Failure[0m
[92m[ErrorManager] Processing line: [ERROR] Failed to execute goal on project CVE-2017-8045: Could not resolve dependencies for project edu.vision.se:CVE-2017-8045:jar:1.0-SNAPSHOT: Could not find artifact org.springframework:spring-core:jar:5.1.2.BUILD-SNAPSHOT -> [Help 1][0m
[96m[ErrorManager] Ignoring line: [ERROR][0m
[96m[ErrorManager] Ignoring line: [ERROR] To see the full stack trace of the errors, re-run Maven with the -e switch.[0m
[96m[ErrorManager] Ignoring line: [ERROR] Re-run Maven using the -X switch to enable full debug logging.[0m
[96m[ErrorManager] Ignoring line: [ERROR][0m
[96m[ErrorManager] Ignoring line: [ERROR] For more information about the errors and possible solutions, please read the following articles:[0m
[96m[ErrorManager] Ignoring line: [ERROR] [Help 1] http://cwiki.apache.org/confluence/display/MAVEN/DependencyResolutionException[0m
[91m[ErrorManager] Failed to read file UNKNOWN: [Errno 2] No such file or directory: 'UNKNOWN'[0m
[96m[Adapter] Locating fix position in error log.[0m
[LLMClient] Tokens used: 942 (prompt), 2 (completion), 944 (total)
[LLMClient] Prompt: 
You are given a Java error log when executing 'mvn test' in a project with dependency version 2.1.1.RELEASE:org.springframework.amqp:spring-amqp.
This test file compiles and runs successfully with version 2.1.0.RELEASE.

Your task is to:
1. Analyze why this issue occurs with the *2.1.0.RELEASE* but not with the *2.1.1.RELEASE version*.
2. Consider how to resolve the issue **without updating this library**.
3. Determine and output the location in the project that should be modified to fix the problem.

Please return 'pom' if the fix is in the pom.xml file, or 'test' if the fix is in the test code.
Do not return any other text, just 'pom' or 'test'.

The error log is:
[INFO] Scanning for projects...
[INFO] 
[INFO] --------------------< edu.vision.se:CVE-2017-8045 >---------------------
[INFO] Building CVE-2017-8045 1.0-SNAPSHOT
[INFO]   from pom.xml
[INFO] --------------------------------[ jar ]---------------------------------
[WARNING] The POM for org.springframework:spring-core:jar:5.1.2.BUILD-SNAPSHOT is missing, no dependency information available
[INFO] ------------------------------------------------------------------------
[INFO] BUILD FAILURE
[INFO] ------------------------------------------------------------------------
[INFO] Total time:  0.252 s
[INFO] Finished at: 2025-07-13T14:49:34Z
[INFO] ------------------------------------------------------------------------
[ERROR] Failed to execute goal on project CVE-2017-8045: Could not resolve dependencies for project edu.vision.se:CVE-2017-8045:jar:1.0-SNAPSHOT: Could not find artifact org.springframework:spring-core:jar:5.1.2.BUILD-SNAPSHOT -> [Help 1]
[ERROR] 
[ERROR] To see the full stack trace of the errors, re-run Maven with the -e switch.
[ERROR] Re-run Maven using the -X switch to enable full debug logging.
[ERROR] 
[ERROR] For more information about the errors and possible solutions, please read the following articles:
[ERROR] [Help 1] http://cwiki.apache.org/confluence/display/MAVEN/DependencyResolutionException


current_pom file is:<?xml version='1.0' encoding='utf-8'?>
<project xmlns="http://maven.apache.org/POM/4.0.0" xmlns:xsi="http://www.w3.org/2001/XMLSchema-instance" xsi:schemaLocation="http://maven.apache.org/POM/4.0.0 http://maven.apache.org/xsd/maven-4.0.0.xsd">
    <modelVersion>4.0.0</modelVersion>
    <groupId>edu.vision.se</groupId>
    <artifactId>CVE-2017-8045</artifactId>
    <version>1.0-SNAPSHOT</version>

    <properties>
        <maven.compiler.source>11</maven.compiler.source>
        <maven.compiler.target>11</maven.compiler.target>
    </properties>

    <dependencies>
        
        <dependency>
            <groupId>org.springframework.amqp</groupId>
            <artifactId>spring-amqp</artifactId>
            <version>2.1.1.RELEASE</version>
        </dependency>
        
        <dependency>
            <groupId>org.assertj</groupId>
            <artifactId>assertj-core</artifactId>
            <version>3.24.0</version>
        </dependency>
        
        <dependency>
            <groupId>org.springframework</groupId>
            <artifactId>spring-beans</artifactId>
            <version>3.2.3.RELEASE</version>
        </dependency>
        
        <dependency>
            <groupId>org.springframework</groupId>
            <artifactId>spring-remoting</artifactId>
            <version>2.0.8</version>
        </dependency>

        <dependency><groupId>junit</groupId><artifactId>junit</artifactId><version>4.13.2</version></dependency>
    
    </dependencies>

</project>
[LLMClient] Response: 
pom
[96m[Adapter] LLM response for fix position: pom[0m
[96m[Adapter] Fix position is in pom.xml.[0m
[LLMClient] Tokens used: 197 (prompt), 19 (completion), 216 (total)
[LLMClient] Prompt: 
You are given an error log when executing 'mvn test' in version 2.1.1.RELEASE: 

Error: Failed to execute goal on project CVE-2017-8045: Could not resolve dependencies for project edu.vision.se:CVE-2017-8045:jar:1.0-SNAPSHOT: Could not find artifact org.springframework:spring-core:jar:5.1.2.BUILD-SNAPSHOT -> [Help 1], None, None 

The test executes as expected in 2.1.0.RELEASE 

Error code: None 

Extract two key *entities* from the error for searching related diffs 

The extracted entities should reflect code-level identifiers that are likely to appear in source code or diffs. 

Output each node as a `;`-separated list, with no explanations. 


[LLMClient] Response: 
org.springframework:spring-core;5.1.2.BUILD-SNAPSHOT
[96m[ErrorManager] Extracted key entities: ['org.springframework:spring-core', '5.1.2.BUILD-SNAPSHOT'][0m
[96m[RepairModule] Start repair[0m
[LLMClient] Tokens used: 197 (prompt), 19 (completion), 216 (total)
[LLMClient] Prompt: 
You are given an error log when executing 'mvn test' in version 2.1.1.RELEASE: 

Error: Failed to execute goal on project CVE-2017-8045: Could not resolve dependencies for project edu.vision.se:CVE-2017-8045:jar:1.0-SNAPSHOT: Could not find artifact org.springframework:spring-core:jar:5.1.2.BUILD-SNAPSHOT -> [Help 1], None, None 

The test executes as expected in 2.1.0.RELEASE 

Error code: None 

Extract two key *entities* from the error for searching related diffs 

The extracted entities should reflect code-level identifiers that are likely to appear in source code or diffs. 

Output each node as a `;`-separated list, with no explanations. 


[LLMClient] Response: 
org.springframework:spring-core;5.1.2.BUILD-SNAPSHOT
[96m[ErrorManager] Extracted key entities: ['org.springframework:spring-core', '5.1.2.BUILD-SNAPSHOT'][0m
[96m[Adapter] Try to solve error: {'file': 'UNKNOWN', 'line': -1, 'column': -1, 'message': 'Failed to execute goal on project CVE-2017-8045: Could not resolve dependencies for project edu.vision.se:CVE-2017-8045:jar:1.0-SNAPSHOT: Could not find artifact org.springframework:spring-core:jar:5.1.2.BUILD-SNAPSHOT -> [Help 1]', 'symbol': None, 'location': None, 'code_line': None} with cause: ['org.springframework:spring-core', '5.1.2.BUILD-SNAPSHOT'][0m
[LLMClient] Tokens used: 233 (prompt), 19 (completion), 252 (total)
[LLMClient] Prompt: 
You are given an error log when executing 'mvn test' in version 2.1.1.RELEASE: 

Error: Failed to execute goal on project CVE-2017-8045: Could not resolve dependencies for project edu.vision.se:CVE-2017-8045:jar:1.0-SNAPSHOT: Could not find artifact org.springframework:spring-core:jar:5.1.2.BUILD-SNAPSHOT -> [Help 1], None, None 

The test executes as expected in 2.1.0.RELEASE 

Error code: None 

Extract two key *entities* from the error for searching related diffs 

The extracted entities should reflect code-level identifiers that are likely to appear in source code or diffs. 

Current cause: ['org.springframework:spring-core', '5.1.2.BUILD-SNAPSHOT'] 

 failed to catch, try simpler or other entities.

Output each node as a `;`-separated list, with no explanations. 


[LLMClient] Response: 
org.springframework:spring-core;5.1.2.BUILD-SNAPSHOT
[96m[ErrorManager] Extracted key entities: ['org.springframework:spring-core', '5.1.2.BUILD-SNAPSHOT'][0m
[96m[Adapter] Related diffs for error: [][0m
[96m[Adapter] Fix position is in test code.[0m
[96m[RepairModule] Start repair for group: Failed to execute goal on project CVE-2017-8045: Could not resolve dependencies for project edu.vision.se:CVE-2017-8045:jar:1.0-SNAPSHOT: Could not find artifact org.springframework:spring-core:jar:5.1.2.BUILD-SNAPSHOT -> [Help 1] | cause: ['org.springframework:spring-core', '5.1.2.BUILD-SNAPSHOT'][0m
[96m[RepairModule] Trying best diff #None with score 0.00[0m
[91m[RepairModule] Repair failed after simulated annealing.[0m
[96m[Adapter] Test code repair attempted.[0m
[96m[Executor] Executing exploit for CVE-2017-8045 on version 2.1.1.RELEASE...[0m
[96m[Verifier] Verifying reproduction...[0m
[91m[Verifier] âœ— Behavior not found: 'java.lang.AssertionError'[0m
[91m[Executor] Reproduction result: Failure[0m
[92m[ErrorManager] Processing line: [ERROR] Failed to execute goal on project CVE-2017-8045: Could not resolve dependencies for project edu.vision.se:CVE-2017-8045:jar:1.0-SNAPSHOT: Could not find artifact org.springframework:spring-core:jar:5.1.2.BUILD-SNAPSHOT -> [Help 1][0m
[96m[ErrorManager] Ignoring line: [ERROR][0m
[96m[ErrorManager] Ignoring line: [ERROR] To see the full stack trace of the errors, re-run Maven with the -e switch.[0m
[96m[ErrorManager] Ignoring line: [ERROR] Re-run Maven using the -X switch to enable full debug logging.[0m
[96m[ErrorManager] Ignoring line: [ERROR][0m
[96m[ErrorManager] Ignoring line: [ERROR] For more information about the errors and possible solutions, please read the following articles:[0m
[96m[ErrorManager] Ignoring line: [ERROR] [Help 1] http://cwiki.apache.org/confluence/display/MAVEN/DependencyResolutionException[0m
[91m[ErrorManager] Failed to read file UNKNOWN: [Errno 2] No such file or directory: 'UNKNOWN'[0m
[96m[Adapter] Locating fix position in error log.[0m
[LLMClient] Tokens used: 942 (prompt), 2 (completion), 944 (total)
[LLMClient] Prompt: 
You are given a Java error log when executing 'mvn test' in a project with dependency version 2.1.1.RELEASE:org.springframework.amqp:spring-amqp.
This test file compiles and runs successfully with version 2.1.0.RELEASE.

Your task is to:
1. Analyze why this issue occurs with the *2.1.0.RELEASE* but not with the *2.1.1.RELEASE version*.
2. Consider how to resolve the issue **without updating this library**.
3. Determine and output the location in the project that should be modified to fix the problem.

Please return 'pom' if the fix is in the pom.xml file, or 'test' if the fix is in the test code.
Do not return any other text, just 'pom' or 'test'.

The error log is:
[INFO] Scanning for projects...
[INFO] 
[INFO] --------------------< edu.vision.se:CVE-2017-8045 >---------------------
[INFO] Building CVE-2017-8045 1.0-SNAPSHOT
[INFO]   from pom.xml
[INFO] --------------------------------[ jar ]---------------------------------
[WARNING] The POM for org.springframework:spring-core:jar:5.1.2.BUILD-SNAPSHOT is missing, no dependency information available
[INFO] ------------------------------------------------------------------------
[INFO] BUILD FAILURE
[INFO] ------------------------------------------------------------------------
[INFO] Total time:  0.187 s
[INFO] Finished at: 2025-07-13T14:49:51Z
[INFO] ------------------------------------------------------------------------
[ERROR] Failed to execute goal on project CVE-2017-8045: Could not resolve dependencies for project edu.vision.se:CVE-2017-8045:jar:1.0-SNAPSHOT: Could not find artifact org.springframework:spring-core:jar:5.1.2.BUILD-SNAPSHOT -> [Help 1]
[ERROR] 
[ERROR] To see the full stack trace of the errors, re-run Maven with the -e switch.
[ERROR] Re-run Maven using the -X switch to enable full debug logging.
[ERROR] 
[ERROR] For more information about the errors and possible solutions, please read the following articles:
[ERROR] [Help 1] http://cwiki.apache.org/confluence/display/MAVEN/DependencyResolutionException


current_pom file is:<?xml version='1.0' encoding='utf-8'?>
<project xmlns="http://maven.apache.org/POM/4.0.0" xmlns:xsi="http://www.w3.org/2001/XMLSchema-instance" xsi:schemaLocation="http://maven.apache.org/POM/4.0.0 http://maven.apache.org/xsd/maven-4.0.0.xsd">
    <modelVersion>4.0.0</modelVersion>
    <groupId>edu.vision.se</groupId>
    <artifactId>CVE-2017-8045</artifactId>
    <version>1.0-SNAPSHOT</version>

    <properties>
        <maven.compiler.source>11</maven.compiler.source>
        <maven.compiler.target>11</maven.compiler.target>
    </properties>

    <dependencies>
        
        <dependency>
            <groupId>org.springframework.amqp</groupId>
            <artifactId>spring-amqp</artifactId>
            <version>2.1.1.RELEASE</version>
        </dependency>
        
        <dependency>
            <groupId>org.assertj</groupId>
            <artifactId>assertj-core</artifactId>
            <version>3.24.0</version>
        </dependency>
        
        <dependency>
            <groupId>org.springframework</groupId>
            <artifactId>spring-beans</artifactId>
            <version>3.2.3.RELEASE</version>
        </dependency>
        
        <dependency>
            <groupId>org.springframework</groupId>
            <artifactId>spring-remoting</artifactId>
            <version>2.0.8</version>
        </dependency>

        <dependency><groupId>junit</groupId><artifactId>junit</artifactId><version>4.13.2</version></dependency>
    
    </dependencies>

</project>
[LLMClient] Response: 
pom
[96m[Adapter] LLM response for fix position: pom[0m
[96m[Adapter] Fix position is in pom.xml.[0m
[LLMClient] Tokens used: 197 (prompt), 19 (completion), 216 (total)
[LLMClient] Prompt: 
You are given an error log when executing 'mvn test' in version 2.1.1.RELEASE: 

Error: Failed to execute goal on project CVE-2017-8045: Could not resolve dependencies for project edu.vision.se:CVE-2017-8045:jar:1.0-SNAPSHOT: Could not find artifact org.springframework:spring-core:jar:5.1.2.BUILD-SNAPSHOT -> [Help 1], None, None 

The test executes as expected in 2.1.0.RELEASE 

Error code: None 

Extract two key *entities* from the error for searching related diffs 

The extracted entities should reflect code-level identifiers that are likely to appear in source code or diffs. 

Output each node as a `;`-separated list, with no explanations. 


[LLMClient] Response: 
org.springframework:spring-core;5.1.2.BUILD-SNAPSHOT
[96m[ErrorManager] Extracted key entities: ['org.springframework:spring-core', '5.1.2.BUILD-SNAPSHOT'][0m
[96m[RepairModule] Start repair[0m
[LLMClient] Tokens used: 197 (prompt), 19 (completion), 216 (total)
[LLMClient] Prompt: 
You are given an error log when executing 'mvn test' in version 2.1.1.RELEASE: 

Error: Failed to execute goal on project CVE-2017-8045: Could not resolve dependencies for project edu.vision.se:CVE-2017-8045:jar:1.0-SNAPSHOT: Could not find artifact org.springframework:spring-core:jar:5.1.2.BUILD-SNAPSHOT -> [Help 1], None, None 

The test executes as expected in 2.1.0.RELEASE 

Error code: None 

Extract two key *entities* from the error for searching related diffs 

The extracted entities should reflect code-level identifiers that are likely to appear in source code or diffs. 

Output each node as a `;`-separated list, with no explanations. 


[LLMClient] Response: 
org.springframework:spring-core;5.1.2.BUILD-SNAPSHOT
[96m[ErrorManager] Extracted key entities: ['org.springframework:spring-core', '5.1.2.BUILD-SNAPSHOT'][0m
[96m[Adapter] Try to solve error: {'file': 'UNKNOWN', 'line': -1, 'column': -1, 'message': 'Failed to execute goal on project CVE-2017-8045: Could not resolve dependencies for project edu.vision.se:CVE-2017-8045:jar:1.0-SNAPSHOT: Could not find artifact org.springframework:spring-core:jar:5.1.2.BUILD-SNAPSHOT -> [Help 1]', 'symbol': None, 'location': None, 'code_line': None} with cause: ['org.springframework:spring-core', '5.1.2.BUILD-SNAPSHOT'][0m
[LLMClient] Tokens used: 233 (prompt), 19 (completion), 252 (total)
[LLMClient] Prompt: 
You are given an error log when executing 'mvn test' in version 2.1.1.RELEASE: 

Error: Failed to execute goal on project CVE-2017-8045: Could not resolve dependencies for project edu.vision.se:CVE-2017-8045:jar:1.0-SNAPSHOT: Could not find artifact org.springframework:spring-core:jar:5.1.2.BUILD-SNAPSHOT -> [Help 1], None, None 

The test executes as expected in 2.1.0.RELEASE 

Error code: None 

Extract two key *entities* from the error for searching related diffs 

The extracted entities should reflect code-level identifiers that are likely to appear in source code or diffs. 

Current cause: ['org.springframework:spring-core', '5.1.2.BUILD-SNAPSHOT'] 

 failed to catch, try simpler or other entities.

Output each node as a `;`-separated list, with no explanations. 


[LLMClient] Response: 
org.springframework:spring-core;5.1.2.BUILD-SNAPSHOT
[96m[ErrorManager] Extracted key entities: ['org.springframework:spring-core', '5.1.2.BUILD-SNAPSHOT'][0m
[96m[Adapter] Related diffs for error: [][0m
[96m[Adapter] Fix position is in test code.[0m
[96m[RepairModule] Start repair for group: Failed to execute goal on project CVE-2017-8045: Could not resolve dependencies for project edu.vision.se:CVE-2017-8045:jar:1.0-SNAPSHOT: Could not find artifact org.springframework:spring-core:jar:5.1.2.BUILD-SNAPSHOT -> [Help 1] | cause: ['org.springframework:spring-core', '5.1.2.BUILD-SNAPSHOT'][0m
[96m[RepairModule] Trying best diff #None with score 0.00[0m
[91m[RepairModule] Repair failed after simulated annealing.[0m
[96m[Adapter] Test code repair attempted.[0m
[96m[Executor] Executing exploit for CVE-2017-8045 on version 2.1.1.RELEASE...[0m
[96m[Verifier] Verifying reproduction...[0m
[91m[Verifier] âœ— Behavior not found: 'java.lang.AssertionError'[0m
[91m[Executor] Reproduction result: Failure[0m
[92m[ErrorManager] Processing line: [ERROR] Failed to execute goal on project CVE-2017-8045: Could not resolve dependencies for project edu.vision.se:CVE-2017-8045:jar:1.0-SNAPSHOT: Could not find artifact org.springframework:spring-core:jar:5.1.2.BUILD-SNAPSHOT -> [Help 1][0m
[96m[ErrorManager] Ignoring line: [ERROR][0m
[96m[ErrorManager] Ignoring line: [ERROR] To see the full stack trace of the errors, re-run Maven with the -e switch.[0m
[96m[ErrorManager] Ignoring line: [ERROR] Re-run Maven using the -X switch to enable full debug logging.[0m
[96m[ErrorManager] Ignoring line: [ERROR][0m
[96m[ErrorManager] Ignoring line: [ERROR] For more information about the errors and possible solutions, please read the following articles:[0m
[96m[ErrorManager] Ignoring line: [ERROR] [Help 1] http://cwiki.apache.org/confluence/display/MAVEN/DependencyResolutionException[0m
[91m[ErrorManager] Failed to read file UNKNOWN: [Errno 2] No such file or directory: 'UNKNOWN'[0m
[96m[Adapter] Locating fix position in error log.[0m
[LLMClient] Tokens used: 942 (prompt), 2 (completion), 944 (total)
[LLMClient] Prompt: 
You are given a Java error log when executing 'mvn test' in a project with dependency version 2.1.1.RELEASE:org.springframework.amqp:spring-amqp.
This test file compiles and runs successfully with version 2.1.0.RELEASE.

Your task is to:
1. Analyze why this issue occurs with the *2.1.0.RELEASE* but not with the *2.1.1.RELEASE version*.
2. Consider how to resolve the issue **without updating this library**.
3. Determine and output the location in the project that should be modified to fix the problem.

Please return 'pom' if the fix is in the pom.xml file, or 'test' if the fix is in the test code.
Do not return any other text, just 'pom' or 'test'.

The error log is:
[INFO] Scanning for projects...
[INFO] 
[INFO] --------------------< edu.vision.se:CVE-2017-8045 >---------------------
[INFO] Building CVE-2017-8045 1.0-SNAPSHOT
[INFO]   from pom.xml
[INFO] --------------------------------[ jar ]---------------------------------
[WARNING] The POM for org.springframework:spring-core:jar:5.1.2.BUILD-SNAPSHOT is missing, no dependency information available
[INFO] ------------------------------------------------------------------------
[INFO] BUILD FAILURE
[INFO] ------------------------------------------------------------------------
[INFO] Total time:  0.283 s
[INFO] Finished at: 2025-07-13T14:50:08Z
[INFO] ------------------------------------------------------------------------
[ERROR] Failed to execute goal on project CVE-2017-8045: Could not resolve dependencies for project edu.vision.se:CVE-2017-8045:jar:1.0-SNAPSHOT: Could not find artifact org.springframework:spring-core:jar:5.1.2.BUILD-SNAPSHOT -> [Help 1]
[ERROR] 
[ERROR] To see the full stack trace of the errors, re-run Maven with the -e switch.
[ERROR] Re-run Maven using the -X switch to enable full debug logging.
[ERROR] 
[ERROR] For more information about the errors and possible solutions, please read the following articles:
[ERROR] [Help 1] http://cwiki.apache.org/confluence/display/MAVEN/DependencyResolutionException


current_pom file is:<?xml version='1.0' encoding='utf-8'?>
<project xmlns="http://maven.apache.org/POM/4.0.0" xmlns:xsi="http://www.w3.org/2001/XMLSchema-instance" xsi:schemaLocation="http://maven.apache.org/POM/4.0.0 http://maven.apache.org/xsd/maven-4.0.0.xsd">
    <modelVersion>4.0.0</modelVersion>
    <groupId>edu.vision.se</groupId>
    <artifactId>CVE-2017-8045</artifactId>
    <version>1.0-SNAPSHOT</version>

    <properties>
        <maven.compiler.source>11</maven.compiler.source>
        <maven.compiler.target>11</maven.compiler.target>
    </properties>

    <dependencies>
        
        <dependency>
            <groupId>org.springframework.amqp</groupId>
            <artifactId>spring-amqp</artifactId>
            <version>2.1.1.RELEASE</version>
        </dependency>
        
        <dependency>
            <groupId>org.assertj</groupId>
            <artifactId>assertj-core</artifactId>
            <version>3.24.0</version>
        </dependency>
        
        <dependency>
            <groupId>org.springframework</groupId>
            <artifactId>spring-beans</artifactId>
            <version>3.2.3.RELEASE</version>
        </dependency>
        
        <dependency>
            <groupId>org.springframework</groupId>
            <artifactId>spring-remoting</artifactId>
            <version>2.0.8</version>
        </dependency>

        <dependency><groupId>junit</groupId><artifactId>junit</artifactId><version>4.13.2</version></dependency>
    
    </dependencies>

</project>
[LLMClient] Response: 
pom
[96m[Adapter] LLM response for fix position: pom[0m
[96m[Adapter] Fix position is in pom.xml.[0m
[LLMClient] Tokens used: 197 (prompt), 19 (completion), 216 (total)
[LLMClient] Prompt: 
You are given an error log when executing 'mvn test' in version 2.1.1.RELEASE: 

Error: Failed to execute goal on project CVE-2017-8045: Could not resolve dependencies for project edu.vision.se:CVE-2017-8045:jar:1.0-SNAPSHOT: Could not find artifact org.springframework:spring-core:jar:5.1.2.BUILD-SNAPSHOT -> [Help 1], None, None 

The test executes as expected in 2.1.0.RELEASE 

Error code: None 

Extract two key *entities* from the error for searching related diffs 

The extracted entities should reflect code-level identifiers that are likely to appear in source code or diffs. 

Output each node as a `;`-separated list, with no explanations. 


[LLMClient] Response: 
org.springframework:spring-core;5.1.2.BUILD-SNAPSHOT
[96m[ErrorManager] Extracted key entities: ['org.springframework:spring-core', '5.1.2.BUILD-SNAPSHOT'][0m
[96m[RepairModule] Start repair[0m
[LLMClient] Tokens used: 197 (prompt), 19 (completion), 216 (total)
[LLMClient] Prompt: 
You are given an error log when executing 'mvn test' in version 2.1.1.RELEASE: 

Error: Failed to execute goal on project CVE-2017-8045: Could not resolve dependencies for project edu.vision.se:CVE-2017-8045:jar:1.0-SNAPSHOT: Could not find artifact org.springframework:spring-core:jar:5.1.2.BUILD-SNAPSHOT -> [Help 1], None, None 

The test executes as expected in 2.1.0.RELEASE 

Error code: None 

Extract two key *entities* from the error for searching related diffs 

The extracted entities should reflect code-level identifiers that are likely to appear in source code or diffs. 

Output each node as a `;`-separated list, with no explanations. 


[LLMClient] Response: 
org.springframework:spring-core;5.1.2.BUILD-SNAPSHOT
[96m[ErrorManager] Extracted key entities: ['org.springframework:spring-core', '5.1.2.BUILD-SNAPSHOT'][0m
[96m[Adapter] Try to solve error: {'file': 'UNKNOWN', 'line': -1, 'column': -1, 'message': 'Failed to execute goal on project CVE-2017-8045: Could not resolve dependencies for project edu.vision.se:CVE-2017-8045:jar:1.0-SNAPSHOT: Could not find artifact org.springframework:spring-core:jar:5.1.2.BUILD-SNAPSHOT -> [Help 1]', 'symbol': None, 'location': None, 'code_line': None} with cause: ['org.springframework:spring-core', '5.1.2.BUILD-SNAPSHOT'][0m
[LLMClient] Tokens used: 233 (prompt), 19 (completion), 252 (total)
[LLMClient] Prompt: 
You are given an error log when executing 'mvn test' in version 2.1.1.RELEASE: 

Error: Failed to execute goal on project CVE-2017-8045: Could not resolve dependencies for project edu.vision.se:CVE-2017-8045:jar:1.0-SNAPSHOT: Could not find artifact org.springframework:spring-core:jar:5.1.2.BUILD-SNAPSHOT -> [Help 1], None, None 

The test executes as expected in 2.1.0.RELEASE 

Error code: None 

Extract two key *entities* from the error for searching related diffs 

The extracted entities should reflect code-level identifiers that are likely to appear in source code or diffs. 

Current cause: ['org.springframework:spring-core', '5.1.2.BUILD-SNAPSHOT'] 

 failed to catch, try simpler or other entities.

Output each node as a `;`-separated list, with no explanations. 


[LLMClient] Response: 
org.springframework:spring-core;5.1.2.BUILD-SNAPSHOT
[96m[ErrorManager] Extracted key entities: ['org.springframework:spring-core', '5.1.2.BUILD-SNAPSHOT'][0m
[96m[Adapter] Related diffs for error: [][0m
[96m[Adapter] Fix position is in test code.[0m
[96m[RepairModule] Start repair for group: Failed to execute goal on project CVE-2017-8045: Could not resolve dependencies for project edu.vision.se:CVE-2017-8045:jar:1.0-SNAPSHOT: Could not find artifact org.springframework:spring-core:jar:5.1.2.BUILD-SNAPSHOT -> [Help 1] | cause: ['org.springframework:spring-core', '5.1.2.BUILD-SNAPSHOT'][0m
[96m[RepairModule] Trying best diff #None with score 0.00[0m
[91m[RepairModule] Repair failed after simulated annealing.[0m
[96m[Adapter] Test code repair attempted.[0m
[96m[Executor] Executing exploit for CVE-2017-8045 on version 2.1.1.RELEASE...[0m
[96m[Verifier] Verifying reproduction...[0m
[91m[Verifier] âœ— Behavior not found: 'java.lang.AssertionError'[0m
[91m[Executor] Reproduction result: Failure[0m
[92m[ErrorManager] Processing line: [ERROR] Failed to execute goal on project CVE-2017-8045: Could not resolve dependencies for project edu.vision.se:CVE-2017-8045:jar:1.0-SNAPSHOT: Could not find artifact org.springframework:spring-core:jar:5.1.2.BUILD-SNAPSHOT -> [Help 1][0m
[96m[ErrorManager] Ignoring line: [ERROR][0m
[96m[ErrorManager] Ignoring line: [ERROR] To see the full stack trace of the errors, re-run Maven with the -e switch.[0m
[96m[ErrorManager] Ignoring line: [ERROR] Re-run Maven using the -X switch to enable full debug logging.[0m
[96m[ErrorManager] Ignoring line: [ERROR][0m
[96m[ErrorManager] Ignoring line: [ERROR] For more information about the errors and possible solutions, please read the following articles:[0m
[96m[ErrorManager] Ignoring line: [ERROR] [Help 1] http://cwiki.apache.org/confluence/display/MAVEN/DependencyResolutionException[0m
[91m[ErrorManager] Failed to read file UNKNOWN: [Errno 2] No such file or directory: 'UNKNOWN'[0m
[96m[Adapter] Locating fix position in error log.[0m
[LLMClient] Tokens used: 942 (prompt), 2 (completion), 944 (total)
[LLMClient] Prompt: 
You are given a Java error log when executing 'mvn test' in a project with dependency version 2.1.1.RELEASE:org.springframework.amqp:spring-amqp.
This test file compiles and runs successfully with version 2.1.0.RELEASE.

Your task is to:
1. Analyze why this issue occurs with the *2.1.0.RELEASE* but not with the *2.1.1.RELEASE version*.
2. Consider how to resolve the issue **without updating this library**.
3. Determine and output the location in the project that should be modified to fix the problem.

Please return 'pom' if the fix is in the pom.xml file, or 'test' if the fix is in the test code.
Do not return any other text, just 'pom' or 'test'.

The error log is:
[INFO] Scanning for projects...
[INFO] 
[INFO] --------------------< edu.vision.se:CVE-2017-8045 >---------------------
[INFO] Building CVE-2017-8045 1.0-SNAPSHOT
[INFO]   from pom.xml
[INFO] --------------------------------[ jar ]---------------------------------
[WARNING] The POM for org.springframework:spring-core:jar:5.1.2.BUILD-SNAPSHOT is missing, no dependency information available
[INFO] ------------------------------------------------------------------------
[INFO] BUILD FAILURE
[INFO] ------------------------------------------------------------------------
[INFO] Total time:  0.244 s
[INFO] Finished at: 2025-07-13T14:50:26Z
[INFO] ------------------------------------------------------------------------
[ERROR] Failed to execute goal on project CVE-2017-8045: Could not resolve dependencies for project edu.vision.se:CVE-2017-8045:jar:1.0-SNAPSHOT: Could not find artifact org.springframework:spring-core:jar:5.1.2.BUILD-SNAPSHOT -> [Help 1]
[ERROR] 
[ERROR] To see the full stack trace of the errors, re-run Maven with the -e switch.
[ERROR] Re-run Maven using the -X switch to enable full debug logging.
[ERROR] 
[ERROR] For more information about the errors and possible solutions, please read the following articles:
[ERROR] [Help 1] http://cwiki.apache.org/confluence/display/MAVEN/DependencyResolutionException


current_pom file is:<?xml version='1.0' encoding='utf-8'?>
<project xmlns="http://maven.apache.org/POM/4.0.0" xmlns:xsi="http://www.w3.org/2001/XMLSchema-instance" xsi:schemaLocation="http://maven.apache.org/POM/4.0.0 http://maven.apache.org/xsd/maven-4.0.0.xsd">
    <modelVersion>4.0.0</modelVersion>
    <groupId>edu.vision.se</groupId>
    <artifactId>CVE-2017-8045</artifactId>
    <version>1.0-SNAPSHOT</version>

    <properties>
        <maven.compiler.source>11</maven.compiler.source>
        <maven.compiler.target>11</maven.compiler.target>
    </properties>

    <dependencies>
        
        <dependency>
            <groupId>org.springframework.amqp</groupId>
            <artifactId>spring-amqp</artifactId>
            <version>2.1.1.RELEASE</version>
        </dependency>
        
        <dependency>
            <groupId>org.assertj</groupId>
            <artifactId>assertj-core</artifactId>
            <version>3.24.0</version>
        </dependency>
        
        <dependency>
            <groupId>org.springframework</groupId>
            <artifactId>spring-beans</artifactId>
            <version>3.2.3.RELEASE</version>
        </dependency>
        
        <dependency>
            <groupId>org.springframework</groupId>
            <artifactId>spring-remoting</artifactId>
            <version>2.0.8</version>
        </dependency>

        <dependency><groupId>junit</groupId><artifactId>junit</artifactId><version>4.13.2</version></dependency>
    
    </dependencies>

</project>
[LLMClient] Response: 
pom
[96m[Adapter] LLM response for fix position: pom[0m
[96m[Adapter] Fix position is in pom.xml.[0m
[LLMClient] Tokens used: 197 (prompt), 19 (completion), 216 (total)
[LLMClient] Prompt: 
You are given an error log when executing 'mvn test' in version 2.1.1.RELEASE: 

Error: Failed to execute goal on project CVE-2017-8045: Could not resolve dependencies for project edu.vision.se:CVE-2017-8045:jar:1.0-SNAPSHOT: Could not find artifact org.springframework:spring-core:jar:5.1.2.BUILD-SNAPSHOT -> [Help 1], None, None 

The test executes as expected in 2.1.0.RELEASE 

Error code: None 

Extract two key *entities* from the error for searching related diffs 

The extracted entities should reflect code-level identifiers that are likely to appear in source code or diffs. 

Output each node as a `;`-separated list, with no explanations. 


[LLMClient] Response: 
org.springframework:spring-core;5.1.2.BUILD-SNAPSHOT
[96m[ErrorManager] Extracted key entities: ['org.springframework:spring-core', '5.1.2.BUILD-SNAPSHOT'][0m
[96m[RepairModule] Start repair[0m
[LLMClient] Tokens used: 197 (prompt), 19 (completion), 216 (total)
[LLMClient] Prompt: 
You are given an error log when executing 'mvn test' in version 2.1.1.RELEASE: 

Error: Failed to execute goal on project CVE-2017-8045: Could not resolve dependencies for project edu.vision.se:CVE-2017-8045:jar:1.0-SNAPSHOT: Could not find artifact org.springframework:spring-core:jar:5.1.2.BUILD-SNAPSHOT -> [Help 1], None, None 

The test executes as expected in 2.1.0.RELEASE 

Error code: None 

Extract two key *entities* from the error for searching related diffs 

The extracted entities should reflect code-level identifiers that are likely to appear in source code or diffs. 

Output each node as a `;`-separated list, with no explanations. 


[LLMClient] Response: 
org.springframework:spring-core;5.1.2.BUILD-SNAPSHOT
[96m[ErrorManager] Extracted key entities: ['org.springframework:spring-core', '5.1.2.BUILD-SNAPSHOT'][0m
[96m[Adapter] Try to solve error: {'file': 'UNKNOWN', 'line': -1, 'column': -1, 'message': 'Failed to execute goal on project CVE-2017-8045: Could not resolve dependencies for project edu.vision.se:CVE-2017-8045:jar:1.0-SNAPSHOT: Could not find artifact org.springframework:spring-core:jar:5.1.2.BUILD-SNAPSHOT -> [Help 1]', 'symbol': None, 'location': None, 'code_line': None} with cause: ['org.springframework:spring-core', '5.1.2.BUILD-SNAPSHOT'][0m
[LLMClient] Tokens used: 233 (prompt), 19 (completion), 252 (total)
[LLMClient] Prompt: 
You are given an error log when executing 'mvn test' in version 2.1.1.RELEASE: 

Error: Failed to execute goal on project CVE-2017-8045: Could not resolve dependencies for project edu.vision.se:CVE-2017-8045:jar:1.0-SNAPSHOT: Could not find artifact org.springframework:spring-core:jar:5.1.2.BUILD-SNAPSHOT -> [Help 1], None, None 

The test executes as expected in 2.1.0.RELEASE 

Error code: None 

Extract two key *entities* from the error for searching related diffs 

The extracted entities should reflect code-level identifiers that are likely to appear in source code or diffs. 

Current cause: ['org.springframework:spring-core', '5.1.2.BUILD-SNAPSHOT'] 

 failed to catch, try simpler or other entities.

Output each node as a `;`-separated list, with no explanations. 


[LLMClient] Response: 
org.springframework:spring-core;5.1.2.BUILD-SNAPSHOT
[96m[ErrorManager] Extracted key entities: ['org.springframework:spring-core', '5.1.2.BUILD-SNAPSHOT'][0m
[96m[Adapter] Related diffs for error: [][0m
[96m[Adapter] Fix position is in test code.[0m
[96m[RepairModule] Start repair for group: Failed to execute goal on project CVE-2017-8045: Could not resolve dependencies for project edu.vision.se:CVE-2017-8045:jar:1.0-SNAPSHOT: Could not find artifact org.springframework:spring-core:jar:5.1.2.BUILD-SNAPSHOT -> [Help 1] | cause: ['org.springframework:spring-core', '5.1.2.BUILD-SNAPSHOT'][0m
[96m[RepairModule] Trying best diff #None with score 0.00[0m
[91m[RepairModule] Repair failed after simulated annealing.[0m
[96m[Adapter] Test code repair attempted.[0m
[96m[Executor] Executing exploit for CVE-2017-8045 on version 2.1.1.RELEASE...[0m
[96m[Verifier] Verifying reproduction...[0m
[91m[Verifier] âœ— Behavior not found: 'java.lang.AssertionError'[0m
[91m[Executor] Reproduction result: Failure[0m
[92m[ErrorManager] Processing line: [ERROR] Failed to execute goal on project CVE-2017-8045: Could not resolve dependencies for project edu.vision.se:CVE-2017-8045:jar:1.0-SNAPSHOT: Could not find artifact org.springframework:spring-core:jar:5.1.2.BUILD-SNAPSHOT -> [Help 1][0m
[96m[ErrorManager] Ignoring line: [ERROR][0m
[96m[ErrorManager] Ignoring line: [ERROR] To see the full stack trace of the errors, re-run Maven with the -e switch.[0m
[96m[ErrorManager] Ignoring line: [ERROR] Re-run Maven using the -X switch to enable full debug logging.[0m
[96m[ErrorManager] Ignoring line: [ERROR][0m
[96m[ErrorManager] Ignoring line: [ERROR] For more information about the errors and possible solutions, please read the following articles:[0m
[96m[ErrorManager] Ignoring line: [ERROR] [Help 1] http://cwiki.apache.org/confluence/display/MAVEN/DependencyResolutionException[0m
[91m[ErrorManager] Failed to read file UNKNOWN: [Errno 2] No such file or directory: 'UNKNOWN'[0m
[96m[Adapter] Locating fix position in error log.[0m
[LLMClient] Tokens used: 942 (prompt), 2 (completion), 944 (total)
[LLMClient] Prompt: 
You are given a Java error log when executing 'mvn test' in a project with dependency version 2.1.1.RELEASE:org.springframework.amqp:spring-amqp.
This test file compiles and runs successfully with version 2.1.0.RELEASE.

Your task is to:
1. Analyze why this issue occurs with the *2.1.0.RELEASE* but not with the *2.1.1.RELEASE version*.
2. Consider how to resolve the issue **without updating this library**.
3. Determine and output the location in the project that should be modified to fix the problem.

Please return 'pom' if the fix is in the pom.xml file, or 'test' if the fix is in the test code.
Do not return any other text, just 'pom' or 'test'.

The error log is:
[INFO] Scanning for projects...
[INFO] 
[INFO] --------------------< edu.vision.se:CVE-2017-8045 >---------------------
[INFO] Building CVE-2017-8045 1.0-SNAPSHOT
[INFO]   from pom.xml
[INFO] --------------------------------[ jar ]---------------------------------
[WARNING] The POM for org.springframework:spring-core:jar:5.1.2.BUILD-SNAPSHOT is missing, no dependency information available
[INFO] ------------------------------------------------------------------------
[INFO] BUILD FAILURE
[INFO] ------------------------------------------------------------------------
[INFO] Total time:  0.257 s
[INFO] Finished at: 2025-07-13T14:50:43Z
[INFO] ------------------------------------------------------------------------
[ERROR] Failed to execute goal on project CVE-2017-8045: Could not resolve dependencies for project edu.vision.se:CVE-2017-8045:jar:1.0-SNAPSHOT: Could not find artifact org.springframework:spring-core:jar:5.1.2.BUILD-SNAPSHOT -> [Help 1]
[ERROR] 
[ERROR] To see the full stack trace of the errors, re-run Maven with the -e switch.
[ERROR] Re-run Maven using the -X switch to enable full debug logging.
[ERROR] 
[ERROR] For more information about the errors and possible solutions, please read the following articles:
[ERROR] [Help 1] http://cwiki.apache.org/confluence/display/MAVEN/DependencyResolutionException


current_pom file is:<?xml version='1.0' encoding='utf-8'?>
<project xmlns="http://maven.apache.org/POM/4.0.0" xmlns:xsi="http://www.w3.org/2001/XMLSchema-instance" xsi:schemaLocation="http://maven.apache.org/POM/4.0.0 http://maven.apache.org/xsd/maven-4.0.0.xsd">
    <modelVersion>4.0.0</modelVersion>
    <groupId>edu.vision.se</groupId>
    <artifactId>CVE-2017-8045</artifactId>
    <version>1.0-SNAPSHOT</version>

    <properties>
        <maven.compiler.source>11</maven.compiler.source>
        <maven.compiler.target>11</maven.compiler.target>
    </properties>

    <dependencies>
        
        <dependency>
            <groupId>org.springframework.amqp</groupId>
            <artifactId>spring-amqp</artifactId>
            <version>2.1.1.RELEASE</version>
        </dependency>
        
        <dependency>
            <groupId>org.assertj</groupId>
            <artifactId>assertj-core</artifactId>
            <version>3.24.0</version>
        </dependency>
        
        <dependency>
            <groupId>org.springframework</groupId>
            <artifactId>spring-beans</artifactId>
            <version>3.2.3.RELEASE</version>
        </dependency>
        
        <dependency>
            <groupId>org.springframework</groupId>
            <artifactId>spring-remoting</artifactId>
            <version>2.0.8</version>
        </dependency>

        <dependency><groupId>junit</groupId><artifactId>junit</artifactId><version>4.13.2</version></dependency>
    
    </dependencies>

</project>
[LLMClient] Response: 
pom
[96m[Adapter] LLM response for fix position: pom[0m
[96m[Adapter] Fix position is in pom.xml.[0m
[LLMClient] Tokens used: 197 (prompt), 29 (completion), 226 (total)
[LLMClient] Prompt: 
You are given an error log when executing 'mvn test' in version 2.1.1.RELEASE: 

Error: Failed to execute goal on project CVE-2017-8045: Could not resolve dependencies for project edu.vision.se:CVE-2017-8045:jar:1.0-SNAPSHOT: Could not find artifact org.springframework:spring-core:jar:5.1.2.BUILD-SNAPSHOT -> [Help 1], None, None 

The test executes as expected in 2.1.0.RELEASE 

Error code: None 

Extract two key *entities* from the error for searching related diffs 

The extracted entities should reflect code-level identifiers that are likely to appear in source code or diffs. 

Output each node as a `;`-separated list, with no explanations. 


[LLMClient] Response: 
org.springframework:spring-core:jar:5.1.2.BUILD-SNAPSHOT;CVE-2017-8045
[96m[ErrorManager] Extracted key entities: ['org.springframework:spring-core:jar:5.1.2.BUILD-SNAPSHOT', 'CVE-2017-8045'][0m
[96m[RepairModule] Start repair[0m
[LLMClient] Tokens used: 197 (prompt), 19 (completion), 216 (total)
[LLMClient] Prompt: 
You are given an error log when executing 'mvn test' in version 2.1.1.RELEASE: 

Error: Failed to execute goal on project CVE-2017-8045: Could not resolve dependencies for project edu.vision.se:CVE-2017-8045:jar:1.0-SNAPSHOT: Could not find artifact org.springframework:spring-core:jar:5.1.2.BUILD-SNAPSHOT -> [Help 1], None, None 

The test executes as expected in 2.1.0.RELEASE 

Error code: None 

Extract two key *entities* from the error for searching related diffs 

The extracted entities should reflect code-level identifiers that are likely to appear in source code or diffs. 

Output each node as a `;`-separated list, with no explanations. 


[LLMClient] Response: 
org.springframework:spring-core;5.1.2.BUILD-SNAPSHOT
[96m[ErrorManager] Extracted key entities: ['org.springframework:spring-core', '5.1.2.BUILD-SNAPSHOT'][0m
[96m[Adapter] Try to solve error: {'file': 'UNKNOWN', 'line': -1, 'column': -1, 'message': 'Failed to execute goal on project CVE-2017-8045: Could not resolve dependencies for project edu.vision.se:CVE-2017-8045:jar:1.0-SNAPSHOT: Could not find artifact org.springframework:spring-core:jar:5.1.2.BUILD-SNAPSHOT -> [Help 1]', 'symbol': None, 'location': None, 'code_line': None} with cause: ['org.springframework:spring-core', '5.1.2.BUILD-SNAPSHOT'][0m
[LLMClient] Tokens used: 233 (prompt), 19 (completion), 252 (total)
[LLMClient] Prompt: 
You are given an error log when executing 'mvn test' in version 2.1.1.RELEASE: 

Error: Failed to execute goal on project CVE-2017-8045: Could not resolve dependencies for project edu.vision.se:CVE-2017-8045:jar:1.0-SNAPSHOT: Could not find artifact org.springframework:spring-core:jar:5.1.2.BUILD-SNAPSHOT -> [Help 1], None, None 

The test executes as expected in 2.1.0.RELEASE 

Error code: None 

Extract two key *entities* from the error for searching related diffs 

The extracted entities should reflect code-level identifiers that are likely to appear in source code or diffs. 

Current cause: ['org.springframework:spring-core', '5.1.2.BUILD-SNAPSHOT'] 

 failed to catch, try simpler or other entities.

Output each node as a `;`-separated list, with no explanations. 


[LLMClient] Response: 
org.springframework:spring-core;5.1.2.BUILD-SNAPSHOT
[96m[ErrorManager] Extracted key entities: ['org.springframework:spring-core', '5.1.2.BUILD-SNAPSHOT'][0m
[96m[Adapter] Related diffs for error: [][0m
[96m[Adapter] Fix position is in test code.[0m
[96m[RepairModule] Start repair for group: Failed to execute goal on project CVE-2017-8045: Could not resolve dependencies for project edu.vision.se:CVE-2017-8045:jar:1.0-SNAPSHOT: Could not find artifact org.springframework:spring-core:jar:5.1.2.BUILD-SNAPSHOT -> [Help 1] | cause: ['org.springframework:spring-core', '5.1.2.BUILD-SNAPSHOT'][0m
[96m[RepairModule] Trying best diff #None with score 0.00[0m
[91m[RepairModule] Repair failed after simulated annealing.[0m
[96m[Adapter] Test code repair attempted.[0m
[96m[Executor] Executing exploit for CVE-2017-8045 on version 2.1.1.RELEASE...[0m
[96m[Verifier] Verifying reproduction...[0m
[91m[Verifier] âœ— Behavior not found: 'java.lang.AssertionError'[0m
[91m[Executor] Reproduction result: Failure[0m
[92m[ErrorManager] Processing line: [ERROR] Failed to execute goal on project CVE-2017-8045: Could not resolve dependencies for project edu.vision.se:CVE-2017-8045:jar:1.0-SNAPSHOT: Could not find artifact org.springframework:spring-core:jar:5.1.2.BUILD-SNAPSHOT -> [Help 1][0m
[96m[ErrorManager] Ignoring line: [ERROR][0m
[96m[ErrorManager] Ignoring line: [ERROR] To see the full stack trace of the errors, re-run Maven with the -e switch.[0m
[96m[ErrorManager] Ignoring line: [ERROR] Re-run Maven using the -X switch to enable full debug logging.[0m
[96m[ErrorManager] Ignoring line: [ERROR][0m
[96m[ErrorManager] Ignoring line: [ERROR] For more information about the errors and possible solutions, please read the following articles:[0m
[96m[ErrorManager] Ignoring line: [ERROR] [Help 1] http://cwiki.apache.org/confluence/display/MAVEN/DependencyResolutionException[0m
[91m[ErrorManager] Failed to read file UNKNOWN: [Errno 2] No such file or directory: 'UNKNOWN'[0m
[96m[Adapter] Locating fix position in error log.[0m
[LLMClient] Tokens used: 942 (prompt), 2 (completion), 944 (total)
[LLMClient] Prompt: 
You are given a Java error log when executing 'mvn test' in a project with dependency version 2.1.1.RELEASE:org.springframework.amqp:spring-amqp.
This test file compiles and runs successfully with version 2.1.0.RELEASE.

Your task is to:
1. Analyze why this issue occurs with the *2.1.0.RELEASE* but not with the *2.1.1.RELEASE version*.
2. Consider how to resolve the issue **without updating this library**.
3. Determine and output the location in the project that should be modified to fix the problem.

Please return 'pom' if the fix is in the pom.xml file, or 'test' if the fix is in the test code.
Do not return any other text, just 'pom' or 'test'.

The error log is:
[INFO] Scanning for projects...
[INFO] 
[INFO] --------------------< edu.vision.se:CVE-2017-8045 >---------------------
[INFO] Building CVE-2017-8045 1.0-SNAPSHOT
[INFO]   from pom.xml
[INFO] --------------------------------[ jar ]---------------------------------
[WARNING] The POM for org.springframework:spring-core:jar:5.1.2.BUILD-SNAPSHOT is missing, no dependency information available
[INFO] ------------------------------------------------------------------------
[INFO] BUILD FAILURE
[INFO] ------------------------------------------------------------------------
[INFO] Total time:  0.243 s
[INFO] Finished at: 2025-07-13T14:51:04Z
[INFO] ------------------------------------------------------------------------
[ERROR] Failed to execute goal on project CVE-2017-8045: Could not resolve dependencies for project edu.vision.se:CVE-2017-8045:jar:1.0-SNAPSHOT: Could not find artifact org.springframework:spring-core:jar:5.1.2.BUILD-SNAPSHOT -> [Help 1]
[ERROR] 
[ERROR] To see the full stack trace of the errors, re-run Maven with the -e switch.
[ERROR] Re-run Maven using the -X switch to enable full debug logging.
[ERROR] 
[ERROR] For more information about the errors and possible solutions, please read the following articles:
[ERROR] [Help 1] http://cwiki.apache.org/confluence/display/MAVEN/DependencyResolutionException


current_pom file is:<?xml version='1.0' encoding='utf-8'?>
<project xmlns="http://maven.apache.org/POM/4.0.0" xmlns:xsi="http://www.w3.org/2001/XMLSchema-instance" xsi:schemaLocation="http://maven.apache.org/POM/4.0.0 http://maven.apache.org/xsd/maven-4.0.0.xsd">
    <modelVersion>4.0.0</modelVersion>
    <groupId>edu.vision.se</groupId>
    <artifactId>CVE-2017-8045</artifactId>
    <version>1.0-SNAPSHOT</version>

    <properties>
        <maven.compiler.source>11</maven.compiler.source>
        <maven.compiler.target>11</maven.compiler.target>
    </properties>

    <dependencies>
        
        <dependency>
            <groupId>org.springframework.amqp</groupId>
            <artifactId>spring-amqp</artifactId>
            <version>2.1.1.RELEASE</version>
        </dependency>
        
        <dependency>
            <groupId>org.assertj</groupId>
            <artifactId>assertj-core</artifactId>
            <version>3.24.0</version>
        </dependency>
        
        <dependency>
            <groupId>org.springframework</groupId>
            <artifactId>spring-beans</artifactId>
            <version>3.2.3.RELEASE</version>
        </dependency>
        
        <dependency>
            <groupId>org.springframework</groupId>
            <artifactId>spring-remoting</artifactId>
            <version>2.0.8</version>
        </dependency>

        <dependency><groupId>junit</groupId><artifactId>junit</artifactId><version>4.13.2</version></dependency>
    
    </dependencies>

</project>
[LLMClient] Response: 
pom
[96m[Adapter] LLM response for fix position: pom[0m
[96m[Adapter] Fix position is in pom.xml.[0m
[LLMClient] Tokens used: 197 (prompt), 19 (completion), 216 (total)
[LLMClient] Prompt: 
You are given an error log when executing 'mvn test' in version 2.1.1.RELEASE: 

Error: Failed to execute goal on project CVE-2017-8045: Could not resolve dependencies for project edu.vision.se:CVE-2017-8045:jar:1.0-SNAPSHOT: Could not find artifact org.springframework:spring-core:jar:5.1.2.BUILD-SNAPSHOT -> [Help 1], None, None 

The test executes as expected in 2.1.0.RELEASE 

Error code: None 

Extract two key *entities* from the error for searching related diffs 

The extracted entities should reflect code-level identifiers that are likely to appear in source code or diffs. 

Output each node as a `;`-separated list, with no explanations. 


[LLMClient] Response: 
org.springframework:spring-core;5.1.2.BUILD-SNAPSHOT
[96m[ErrorManager] Extracted key entities: ['org.springframework:spring-core', '5.1.2.BUILD-SNAPSHOT'][0m
[96m[RepairModule] Start repair[0m
[Adapt] â° Timeout: exceeded 300 seconds for 2.1.0.RELEASE â†’ 2.1.1.RELEASE
[91m[Adapter] Adaptation failed for 2.1.1.RELEASE[0m

[Executor] â–¶ Summary of return codes:
  - Version 2.1.1.RELEASE: âœ— Failed (exit code 1)
