Running main_process.py for CVE: CVE-2013-6430
Versions: 1.2.1

[1m[Main] === Starting adaptation process for CVE-2013-6430 ===[0m
[96m[Processor] Fetching all available Maven versions...[0m
[96m[Analyzer] Loading cached versions from: /PoCAdaptation/library/org_springframework_spring-web.txt[0m
[96m[Analyzer] org.springframework:spring-web has 306 versions (cached).[0m
[96m[Processor] Identifying versions with successful reproduction...[0m
[96m[Processor] Pending versions: ['1.2.1', '1.2.2', '1.2.3', '1.2.4'][0m
[96m[Preparer] Pending directory already exists: /PoCAdaptation/exploit/pending/CVE-2013-6430[0m
[92m[Main] Total affected versions: 53[0m
[92m[Main] Already reproduced versions: 52[0m
[93m[Main] Versions pending adaptation: 1[0m
[96m[Main]     -> ['1.2.1'][0m
[96m[Main]     -> ['1.1.1', '1.1.2', '1.1.3', '1.1.4', '1.1.5', '1.2-rc1', '1.2-rc2', '1.2', '1.2.2', '1.2.3', '1.2.4', '1.2.5', '1.2.6', '1.2.7', '1.2.8', '1.2.9', '2.0-m1', '2.0-m2', '2.0', '2.0.1', '2.0.2', '2.0.3', '2.0.4', '2.0.5', '2.0.6', '2.0.7', '2.0.8', '2.5', '2.5.1', '2.5.2', '2.5.3', '2.5.4', '2.5.5', '2.5.6', '2.5.6.SEC01', '2.5.6.SEC02', '2.5.6.SEC03', '3.0.0.RELEASE', '3.0.1.RELEASE', '3.0.2.RELEASE', '3.0.3.RELEASE', '3.0.4.RELEASE', '3.0.5.RELEASE', '3.0.6.RELEASE', '3.0.7.RELEASE', '3.1.0.RELEASE', '3.1.1.RELEASE', '3.1.2.RELEASE', '3.1.3.RELEASE', '3.1.4.RELEASE', '3.2.0.RELEASE', '3.2.1.RELEASE'][0m
[96m[Executor] Running initial exploit mvn test in /PoCAdaptation/exploit/origin/CVE-2013-6430/exploit[0m
[91m[Executor] Initial exploit execution finished with return code 1[0m
[96m[Verifier] Verifying reproduction...[0m
[92m[Verifier] âœ“ Behavior matched: 'org.junit.ComparisonFailure'[0m
[92m[Verifier] âœ“ Detail matched: '<[<>]>'[0m
[92m[Verifier] âœ“ All reproduction indicators matched.[0m
[92m[Verifier] Initial exploit behavior verified successfully.[0m
[96m[Selector] Nearest need adapatation version selected: 1.2.1[0m
[96m[Selector] Closest reproduced version: 1.2 at index 13[0m
[96m[Adapter] Trying next closest version: 1.2.1[0m
[93m[Preparer] No usable exploit dirs found under /PoCAdaptation/exploit/valid/CVE-2013-6430[0m
[92m[Preparer] Copied exploit to: /PoCAdaptation/exploit/pending/CVE-2013-6430/1.2.1/exploit[0m
[96m[Preparer] Updating dependency version to 1.2.1 in /PoCAdaptation/exploit/pending/CVE-2013-6430/1.2.1/exploit/pom.xml[0m
[92m[Preparer] Updated dependency version to 1.2.1 in /PoCAdaptation/exploit/pending/CVE-2013-6430/1.2.1/exploit/pom.xml[0m
[96m[Executor] Attempting direct exploit execution on 1.2.1...[0m
[96m[Executor] Executing exploit for CVE-2013-6430 on version 1.2.1...[0m
[96m[Verifier] Verifying reproduction...[0m
[91m[Verifier] âœ— Behavior not found: 'org.junit.ComparisonFailure'[0m
[91m[Executor] Reproduction result: Failure[0m
[96m[Adapter] Attempting adaptation from base version 1.2 to 1.2.1...[0m
[96m[Adapter] Start adapting exploit from 1.2 to 1.2.1"[0m
[91m[DiffManager] Diff file not found: /PoCAdaptation/library/diff/CVE-2013-6430/1.2.1-1.2.diff[0m
[96m[Executor] Executing exploit for CVE-2013-6430 on version 1.2.1...[0m
[96m[Verifier] Verifying reproduction...[0m
[91m[Verifier] âœ— Behavior not found: 'org.junit.ComparisonFailure'[0m
[91m[Executor] Reproduction result: Failure[0m
[92m[ErrorManager] Processing line: [ERROR] Failed to execute goal on project CVE-2013-6430: Could not resolve dependencies for project edu.vision.se:CVE-2013-6430:jar:1.0-SNAPSHOT: javax.faces:jsf-api:jar:1.1 was not found in https://maven.aliyun.com/repository/public during a previous attempt. This failure was cached in the local repository and resolution is not reattempted until the update interval of aliyunmaven has elapsed or updates are forced -> [Help 1][0m
[96m[ErrorManager] Ignoring line: [ERROR][0m
[96m[ErrorManager] Ignoring line: [ERROR] To see the full stack trace of the errors, re-run Maven with the -e switch.[0m
[96m[ErrorManager] Ignoring line: [ERROR] Re-run Maven using the -X switch to enable full debug logging.[0m
[96m[ErrorManager] Ignoring line: [ERROR][0m
[96m[ErrorManager] Ignoring line: [ERROR] For more information about the errors and possible solutions, please read the following articles:[0m
[96m[ErrorManager] Ignoring line: [ERROR] [Help 1] http://cwiki.apache.org/confluence/display/MAVEN/DependencyResolutionException[0m
[91m[ErrorManager] Failed to read file UNKNOWN: [Errno 2] No such file or directory: 'UNKNOWN'[0m
[96m[Adapter] Locating fix position in error log.[0m
[LLMClient] Tokens used: 834 (prompt), 2 (completion), 836 (total)
[LLMClient] Prompt: 
You are given a Java error log when executing 'mvn test' in a project with dependency version 1.2.1:org.springframework:spring-web.
This test file compiles and runs successfully with version 1.2.

Your task is to:
1. Analyze why this issue occurs with the *1.2* but not with the *1.2.1 version*.
2. Consider how to resolve the issue **without updating this library**.
3. Determine and output the location in the project that should be modified to fix the problem.

Please return 'pom' if the fix is in the pom.xml file, or 'test' if the fix is in the test code.
Do not return any other text, just 'pom' or 'test'.

The error log is:
[INFO] Scanning for projects...
[INFO] 
[INFO] --------------------< edu.vision.se:CVE-2013-6430 >---------------------
[INFO] Building CVE-2013-6430 1.0-SNAPSHOT
[INFO]   from pom.xml
[INFO] --------------------------------[ jar ]---------------------------------
[INFO] ------------------------------------------------------------------------
[INFO] BUILD FAILURE
[INFO] ------------------------------------------------------------------------
[INFO] Total time:  0.243 s
[INFO] Finished at: 2025-07-13T14:30:47Z
[INFO] ------------------------------------------------------------------------
[ERROR] Failed to execute goal on project CVE-2013-6430: Could not resolve dependencies for project edu.vision.se:CVE-2013-6430:jar:1.0-SNAPSHOT: javax.faces:jsf-api:jar:1.1 was not found in https://maven.aliyun.com/repository/public during a previous attempt. This failure was cached in the local repository and resolution is not reattempted until the update interval of aliyunmaven has elapsed or updates are forced -> [Help 1]
[ERROR] 
[ERROR] To see the full stack trace of the errors, re-run Maven with the -e switch.
[ERROR] Re-run Maven using the -X switch to enable full debug logging.
[ERROR] 
[ERROR] For more information about the errors and possible solutions, please read the following articles:
[ERROR] [Help 1] http://cwiki.apache.org/confluence/display/MAVEN/DependencyResolutionException


current_pom file is:<?xml version='1.0' encoding='utf-8'?>
<project xmlns="http://maven.apache.org/POM/4.0.0" xmlns:xsi="http://www.w3.org/2001/XMLSchema-instance" xsi:schemaLocation="http://maven.apache.org/POM/4.0.0 https://maven.apache.org/xsd/maven-4.0.0.xsd">
  <modelVersion>4.0.0</modelVersion>
  <groupId>edu.vision.se</groupId>
  <artifactId>CVE-2013-6430</artifactId>
  <version>1.0-SNAPSHOT</version>
  <properties>
    <maven.compiler.target>11</maven.compiler.target>
    <maven.compiler.source>11</maven.compiler.source>
  </properties>
  <dependencies>
    <dependency>
      <groupId>org.springframework</groupId>
      <artifactId>spring-web</artifactId>
      <version>1.2.1</version>
    </dependency>
  <dependency><groupId>junit</groupId><artifactId>junit</artifactId><version>4.13.2</version></dependency>
  </dependencies>
  <repositories>
  <repository>
    <id>central</id>
    <url>https://repo.maven.apache.org/maven2</url>
  </repository>
</repositories>
</project>
[LLMClient] Response: 
pom
[96m[Adapter] LLM response for fix position: pom[0m
[96m[Adapter] Fix position is in pom.xml.[0m
[LLMClient] Tokens used: 228 (prompt), 21 (completion), 249 (total)
[LLMClient] Prompt: 
You are given an error log when executing 'mvn test' in version 1.2.1: 

Error: Failed to execute goal on project CVE-2013-6430: Could not resolve dependencies for project edu.vision.se:CVE-2013-6430:jar:1.0-SNAPSHOT: javax.faces:jsf-api:jar:1.1 was not found in https://maven.aliyun.com/repository/public during a previous attempt. This failure was cached in the local repository and resolution is not reattempted until the update interval of aliyunmaven has elapsed or updates are forced -> [Help 1], None, None 

The test executes as expected in 1.2 

Error code: None 

Extract two key *entities* from the error for searching related diffs 

The extracted entities should reflect code-level identifiers that are likely to appear in source code or diffs. 

Output each node as a `;`-separated list, with no explanations. 


[LLMClient] Response: 
javax.faces:jsf-api;edu.vision.se:CVE-2013-6430
[96m[ErrorManager] Extracted key entities: ['javax.faces:jsf-api', 'edu.vision.se:CVE-2013-6430'][0m
[96m[RepairModule] Start repair[0m
[LLMClient] Tokens used: 228 (prompt), 40 (completion), 268 (total)
[LLMClient] Prompt: 
You are given an error log when executing 'mvn test' in version 1.2.1: 

Error: Failed to execute goal on project CVE-2013-6430: Could not resolve dependencies for project edu.vision.se:CVE-2013-6430:jar:1.0-SNAPSHOT: javax.faces:jsf-api:jar:1.1 was not found in https://maven.aliyun.com/repository/public during a previous attempt. This failure was cached in the local repository and resolution is not reattempted until the update interval of aliyunmaven has elapsed or updates are forced -> [Help 1], None, None 

The test executes as expected in 1.2 

Error code: None 

Extract two key *entities* from the error for searching related diffs 

The extracted entities should reflect code-level identifiers that are likely to appear in source code or diffs. 

Output each node as a `;`-separated list, with no explanations. 


[LLMClient] Response: 
`javax.faces:jsf-api:jar:1.1;edu.vision.se:CVE-2013-6430:jar:1.0-SNAPSHOT`
[96m[ErrorManager] Extracted key entities: ['`javax.faces:jsf-api:jar:1.1', 'edu.vision.se:CVE-2013-6430:jar:1.0-SNAPSHOT`'][0m
[96m[Adapter] Try to solve error: {'file': 'UNKNOWN', 'line': -1, 'column': -1, 'message': 'Failed to execute goal on project CVE-2013-6430: Could not resolve dependencies for project edu.vision.se:CVE-2013-6430:jar:1.0-SNAPSHOT: javax.faces:jsf-api:jar:1.1 was not found in https://maven.aliyun.com/repository/public during a previous attempt. This failure was cached in the local repository and resolution is not reattempted until the update interval of aliyunmaven has elapsed or updates are forced -> [Help 1]', 'symbol': None, 'location': None, 'code_line': None} with cause: ['`javax.faces:jsf-api:jar:1.1', 'edu.vision.se:CVE-2013-6430:jar:1.0-SNAPSHOT`'][0m
[LLMClient] Tokens used: 285 (prompt), 23 (completion), 308 (total)
[LLMClient] Prompt: 
You are given an error log when executing 'mvn test' in version 1.2.1: 

Error: Failed to execute goal on project CVE-2013-6430: Could not resolve dependencies for project edu.vision.se:CVE-2013-6430:jar:1.0-SNAPSHOT: javax.faces:jsf-api:jar:1.1 was not found in https://maven.aliyun.com/repository/public during a previous attempt. This failure was cached in the local repository and resolution is not reattempted until the update interval of aliyunmaven has elapsed or updates are forced -> [Help 1], None, None 

The test executes as expected in 1.2 

Error code: None 

Extract two key *entities* from the error for searching related diffs 

The extracted entities should reflect code-level identifiers that are likely to appear in source code or diffs. 

Current cause: ['`javax.faces:jsf-api:jar:1.1', 'edu.vision.se:CVE-2013-6430:jar:1.0-SNAPSHOT`'] 

 failed to catch, try simpler or other entities.

Output each node as a `;`-separated list, with no explanations. 


[LLMClient] Response: 
`javax.faces:jsf-api;edu.vision.se:CVE-2013-6430`
[96m[ErrorManager] Extracted key entities: ['`javax.faces:jsf-api', 'edu.vision.se:CVE-2013-6430`'][0m
[96m[Adapter] Related diffs for error: [][0m
[96m[Adapter] Fix position is in test code.[0m
[96m[RepairModule] Start repair for group: Failed to execute goal on project CVE-2013-6430: Could not resolve dependencies for project edu.vision.se:CVE-2013-6430:jar:1.0-SNAPSHOT: javax.faces:jsf-api:jar:1.1 was not found in https://maven.aliyun.com/repository/public during a previous attempt. This failure was cached in the local repository and resolution is not reattempted until the update interval of aliyunmaven has elapsed or updates are forced -> [Help 1] | cause: ['`javax.faces:jsf-api', 'edu.vision.se:CVE-2013-6430`'][0m
[96m[RepairModule] Trying best diff #None with score 0.00[0m
[91m[RepairModule] Repair failed after simulated annealing.[0m
[96m[Adapter] Test code repair attempted.[0m
[96m[Executor] Executing exploit for CVE-2013-6430 on version 1.2.1...[0m
[96m[Verifier] Verifying reproduction...[0m
[91m[Verifier] âœ— Behavior not found: 'org.junit.ComparisonFailure'[0m
[91m[Executor] Reproduction result: Failure[0m
[92m[ErrorManager] Processing line: [ERROR] Failed to execute goal on project CVE-2013-6430: Could not resolve dependencies for project edu.vision.se:CVE-2013-6430:jar:1.0-SNAPSHOT: javax.faces:jsf-api:jar:1.1 was not found in https://maven.aliyun.com/repository/public during a previous attempt. This failure was cached in the local repository and resolution is not reattempted until the update interval of aliyunmaven has elapsed or updates are forced -> [Help 1][0m
[96m[ErrorManager] Ignoring line: [ERROR][0m
[96m[ErrorManager] Ignoring line: [ERROR] To see the full stack trace of the errors, re-run Maven with the -e switch.[0m
[96m[ErrorManager] Ignoring line: [ERROR] Re-run Maven using the -X switch to enable full debug logging.[0m
[96m[ErrorManager] Ignoring line: [ERROR][0m
[96m[ErrorManager] Ignoring line: [ERROR] For more information about the errors and possible solutions, please read the following articles:[0m
[96m[ErrorManager] Ignoring line: [ERROR] [Help 1] http://cwiki.apache.org/confluence/display/MAVEN/DependencyResolutionException[0m
[91m[ErrorManager] Failed to read file UNKNOWN: [Errno 2] No such file or directory: 'UNKNOWN'[0m
[96m[Adapter] Locating fix position in error log.[0m
[LLMClient] Tokens used: 834 (prompt), 2 (completion), 836 (total)
[LLMClient] Prompt: 
You are given a Java error log when executing 'mvn test' in a project with dependency version 1.2.1:org.springframework:spring-web.
This test file compiles and runs successfully with version 1.2.

Your task is to:
1. Analyze why this issue occurs with the *1.2* but not with the *1.2.1 version*.
2. Consider how to resolve the issue **without updating this library**.
3. Determine and output the location in the project that should be modified to fix the problem.

Please return 'pom' if the fix is in the pom.xml file, or 'test' if the fix is in the test code.
Do not return any other text, just 'pom' or 'test'.

The error log is:
[INFO] Scanning for projects...
[INFO] 
[INFO] --------------------< edu.vision.se:CVE-2013-6430 >---------------------
[INFO] Building CVE-2013-6430 1.0-SNAPSHOT
[INFO]   from pom.xml
[INFO] --------------------------------[ jar ]---------------------------------
[INFO] ------------------------------------------------------------------------
[INFO] BUILD FAILURE
[INFO] ------------------------------------------------------------------------
[INFO] Total time:  0.276 s
[INFO] Finished at: 2025-07-13T14:31:07Z
[INFO] ------------------------------------------------------------------------
[ERROR] Failed to execute goal on project CVE-2013-6430: Could not resolve dependencies for project edu.vision.se:CVE-2013-6430:jar:1.0-SNAPSHOT: javax.faces:jsf-api:jar:1.1 was not found in https://maven.aliyun.com/repository/public during a previous attempt. This failure was cached in the local repository and resolution is not reattempted until the update interval of aliyunmaven has elapsed or updates are forced -> [Help 1]
[ERROR] 
[ERROR] To see the full stack trace of the errors, re-run Maven with the -e switch.
[ERROR] Re-run Maven using the -X switch to enable full debug logging.
[ERROR] 
[ERROR] For more information about the errors and possible solutions, please read the following articles:
[ERROR] [Help 1] http://cwiki.apache.org/confluence/display/MAVEN/DependencyResolutionException


current_pom file is:<?xml version='1.0' encoding='utf-8'?>
<project xmlns="http://maven.apache.org/POM/4.0.0" xmlns:xsi="http://www.w3.org/2001/XMLSchema-instance" xsi:schemaLocation="http://maven.apache.org/POM/4.0.0 https://maven.apache.org/xsd/maven-4.0.0.xsd">
  <modelVersion>4.0.0</modelVersion>
  <groupId>edu.vision.se</groupId>
  <artifactId>CVE-2013-6430</artifactId>
  <version>1.0-SNAPSHOT</version>
  <properties>
    <maven.compiler.target>11</maven.compiler.target>
    <maven.compiler.source>11</maven.compiler.source>
  </properties>
  <dependencies>
    <dependency>
      <groupId>org.springframework</groupId>
      <artifactId>spring-web</artifactId>
      <version>1.2.1</version>
    </dependency>
  <dependency><groupId>junit</groupId><artifactId>junit</artifactId><version>4.13.2</version></dependency>
  </dependencies>
  <repositories>
  <repository>
    <id>central</id>
    <url>https://repo.maven.apache.org/maven2</url>
  </repository>
</repositories>
</project>
[LLMClient] Response: 
pom
[96m[Adapter] LLM response for fix position: pom[0m
[96m[Adapter] Fix position is in pom.xml.[0m
[LLMClient] Tokens used: 228 (prompt), 40 (completion), 268 (total)
[LLMClient] Prompt: 
You are given an error log when executing 'mvn test' in version 1.2.1: 

Error: Failed to execute goal on project CVE-2013-6430: Could not resolve dependencies for project edu.vision.se:CVE-2013-6430:jar:1.0-SNAPSHOT: javax.faces:jsf-api:jar:1.1 was not found in https://maven.aliyun.com/repository/public during a previous attempt. This failure was cached in the local repository and resolution is not reattempted until the update interval of aliyunmaven has elapsed or updates are forced -> [Help 1], None, None 

The test executes as expected in 1.2 

Error code: None 

Extract two key *entities* from the error for searching related diffs 

The extracted entities should reflect code-level identifiers that are likely to appear in source code or diffs. 

Output each node as a `;`-separated list, with no explanations. 


[LLMClient] Response: 
`javax.faces:jsf-api:jar:1.1;edu.vision.se:CVE-2013-6430:jar:1.0-SNAPSHOT`
[96m[ErrorManager] Extracted key entities: ['`javax.faces:jsf-api:jar:1.1', 'edu.vision.se:CVE-2013-6430:jar:1.0-SNAPSHOT`'][0m
[96m[RepairModule] Start repair[0m
[LLMClient] Tokens used: 228 (prompt), 40 (completion), 268 (total)
[LLMClient] Prompt: 
You are given an error log when executing 'mvn test' in version 1.2.1: 

Error: Failed to execute goal on project CVE-2013-6430: Could not resolve dependencies for project edu.vision.se:CVE-2013-6430:jar:1.0-SNAPSHOT: javax.faces:jsf-api:jar:1.1 was not found in https://maven.aliyun.com/repository/public during a previous attempt. This failure was cached in the local repository and resolution is not reattempted until the update interval of aliyunmaven has elapsed or updates are forced -> [Help 1], None, None 

The test executes as expected in 1.2 

Error code: None 

Extract two key *entities* from the error for searching related diffs 

The extracted entities should reflect code-level identifiers that are likely to appear in source code or diffs. 

Output each node as a `;`-separated list, with no explanations. 


[LLMClient] Response: 
`javax.faces:jsf-api:jar:1.1;edu.vision.se:CVE-2013-6430:jar:1.0-SNAPSHOT`
[96m[ErrorManager] Extracted key entities: ['`javax.faces:jsf-api:jar:1.1', 'edu.vision.se:CVE-2013-6430:jar:1.0-SNAPSHOT`'][0m
[96m[Adapter] Try to solve error: {'file': 'UNKNOWN', 'line': -1, 'column': -1, 'message': 'Failed to execute goal on project CVE-2013-6430: Could not resolve dependencies for project edu.vision.se:CVE-2013-6430:jar:1.0-SNAPSHOT: javax.faces:jsf-api:jar:1.1 was not found in https://maven.aliyun.com/repository/public during a previous attempt. This failure was cached in the local repository and resolution is not reattempted until the update interval of aliyunmaven has elapsed or updates are forced -> [Help 1]', 'symbol': None, 'location': None, 'code_line': None} with cause: ['`javax.faces:jsf-api:jar:1.1', 'edu.vision.se:CVE-2013-6430:jar:1.0-SNAPSHOT`'][0m
[LLMClient] Tokens used: 285 (prompt), 23 (completion), 308 (total)
[LLMClient] Prompt: 
You are given an error log when executing 'mvn test' in version 1.2.1: 

Error: Failed to execute goal on project CVE-2013-6430: Could not resolve dependencies for project edu.vision.se:CVE-2013-6430:jar:1.0-SNAPSHOT: javax.faces:jsf-api:jar:1.1 was not found in https://maven.aliyun.com/repository/public during a previous attempt. This failure was cached in the local repository and resolution is not reattempted until the update interval of aliyunmaven has elapsed or updates are forced -> [Help 1], None, None 

The test executes as expected in 1.2 

Error code: None 

Extract two key *entities* from the error for searching related diffs 

The extracted entities should reflect code-level identifiers that are likely to appear in source code or diffs. 

Current cause: ['`javax.faces:jsf-api:jar:1.1', 'edu.vision.se:CVE-2013-6430:jar:1.0-SNAPSHOT`'] 

 failed to catch, try simpler or other entities.

Output each node as a `;`-separated list, with no explanations. 


[LLMClient] Response: 
`javax.faces:jsf-api;edu.vision.se:CVE-2013-6430`
[96m[ErrorManager] Extracted key entities: ['`javax.faces:jsf-api', 'edu.vision.se:CVE-2013-6430`'][0m
[96m[Adapter] Related diffs for error: [][0m
[96m[Adapter] Fix position is in test code.[0m
[96m[RepairModule] Start repair for group: Failed to execute goal on project CVE-2013-6430: Could not resolve dependencies for project edu.vision.se:CVE-2013-6430:jar:1.0-SNAPSHOT: javax.faces:jsf-api:jar:1.1 was not found in https://maven.aliyun.com/repository/public during a previous attempt. This failure was cached in the local repository and resolution is not reattempted until the update interval of aliyunmaven has elapsed or updates are forced -> [Help 1] | cause: ['`javax.faces:jsf-api', 'edu.vision.se:CVE-2013-6430`'][0m
[96m[RepairModule] Trying best diff #None with score 0.00[0m
[91m[RepairModule] Repair failed after simulated annealing.[0m
[96m[Adapter] Test code repair attempted.[0m
[96m[Executor] Executing exploit for CVE-2013-6430 on version 1.2.1...[0m
[96m[Verifier] Verifying reproduction...[0m
[91m[Verifier] âœ— Behavior not found: 'org.junit.ComparisonFailure'[0m
[91m[Executor] Reproduction result: Failure[0m
[92m[ErrorManager] Processing line: [ERROR] Failed to execute goal on project CVE-2013-6430: Could not resolve dependencies for project edu.vision.se:CVE-2013-6430:jar:1.0-SNAPSHOT: javax.faces:jsf-api:jar:1.1 was not found in https://maven.aliyun.com/repository/public during a previous attempt. This failure was cached in the local repository and resolution is not reattempted until the update interval of aliyunmaven has elapsed or updates are forced -> [Help 1][0m
[96m[ErrorManager] Ignoring line: [ERROR][0m
[96m[ErrorManager] Ignoring line: [ERROR] To see the full stack trace of the errors, re-run Maven with the -e switch.[0m
[96m[ErrorManager] Ignoring line: [ERROR] Re-run Maven using the -X switch to enable full debug logging.[0m
[96m[ErrorManager] Ignoring line: [ERROR][0m
[96m[ErrorManager] Ignoring line: [ERROR] For more information about the errors and possible solutions, please read the following articles:[0m
[96m[ErrorManager] Ignoring line: [ERROR] [Help 1] http://cwiki.apache.org/confluence/display/MAVEN/DependencyResolutionException[0m
[91m[ErrorManager] Failed to read file UNKNOWN: [Errno 2] No such file or directory: 'UNKNOWN'[0m
[96m[Adapter] Locating fix position in error log.[0m
[LLMClient] Tokens used: 834 (prompt), 2 (completion), 836 (total)
[LLMClient] Prompt: 
You are given a Java error log when executing 'mvn test' in a project with dependency version 1.2.1:org.springframework:spring-web.
This test file compiles and runs successfully with version 1.2.

Your task is to:
1. Analyze why this issue occurs with the *1.2* but not with the *1.2.1 version*.
2. Consider how to resolve the issue **without updating this library**.
3. Determine and output the location in the project that should be modified to fix the problem.

Please return 'pom' if the fix is in the pom.xml file, or 'test' if the fix is in the test code.
Do not return any other text, just 'pom' or 'test'.

The error log is:
[INFO] Scanning for projects...
[INFO] 
[INFO] --------------------< edu.vision.se:CVE-2013-6430 >---------------------
[INFO] Building CVE-2013-6430 1.0-SNAPSHOT
[INFO]   from pom.xml
[INFO] --------------------------------[ jar ]---------------------------------
[INFO] ------------------------------------------------------------------------
[INFO] BUILD FAILURE
[INFO] ------------------------------------------------------------------------
[INFO] Total time:  0.225 s
[INFO] Finished at: 2025-07-13T14:31:29Z
[INFO] ------------------------------------------------------------------------
[ERROR] Failed to execute goal on project CVE-2013-6430: Could not resolve dependencies for project edu.vision.se:CVE-2013-6430:jar:1.0-SNAPSHOT: javax.faces:jsf-api:jar:1.1 was not found in https://maven.aliyun.com/repository/public during a previous attempt. This failure was cached in the local repository and resolution is not reattempted until the update interval of aliyunmaven has elapsed or updates are forced -> [Help 1]
[ERROR] 
[ERROR] To see the full stack trace of the errors, re-run Maven with the -e switch.
[ERROR] Re-run Maven using the -X switch to enable full debug logging.
[ERROR] 
[ERROR] For more information about the errors and possible solutions, please read the following articles:
[ERROR] [Help 1] http://cwiki.apache.org/confluence/display/MAVEN/DependencyResolutionException


current_pom file is:<?xml version='1.0' encoding='utf-8'?>
<project xmlns="http://maven.apache.org/POM/4.0.0" xmlns:xsi="http://www.w3.org/2001/XMLSchema-instance" xsi:schemaLocation="http://maven.apache.org/POM/4.0.0 https://maven.apache.org/xsd/maven-4.0.0.xsd">
  <modelVersion>4.0.0</modelVersion>
  <groupId>edu.vision.se</groupId>
  <artifactId>CVE-2013-6430</artifactId>
  <version>1.0-SNAPSHOT</version>
  <properties>
    <maven.compiler.target>11</maven.compiler.target>
    <maven.compiler.source>11</maven.compiler.source>
  </properties>
  <dependencies>
    <dependency>
      <groupId>org.springframework</groupId>
      <artifactId>spring-web</artifactId>
      <version>1.2.1</version>
    </dependency>
  <dependency><groupId>junit</groupId><artifactId>junit</artifactId><version>4.13.2</version></dependency>
  </dependencies>
  <repositories>
  <repository>
    <id>central</id>
    <url>https://repo.maven.apache.org/maven2</url>
  </repository>
</repositories>
</project>
[LLMClient] Response: 
pom
[96m[Adapter] LLM response for fix position: pom[0m
[96m[Adapter] Fix position is in pom.xml.[0m
[LLMClient] Tokens used: 228 (prompt), 40 (completion), 268 (total)
[LLMClient] Prompt: 
You are given an error log when executing 'mvn test' in version 1.2.1: 

Error: Failed to execute goal on project CVE-2013-6430: Could not resolve dependencies for project edu.vision.se:CVE-2013-6430:jar:1.0-SNAPSHOT: javax.faces:jsf-api:jar:1.1 was not found in https://maven.aliyun.com/repository/public during a previous attempt. This failure was cached in the local repository and resolution is not reattempted until the update interval of aliyunmaven has elapsed or updates are forced -> [Help 1], None, None 

The test executes as expected in 1.2 

Error code: None 

Extract two key *entities* from the error for searching related diffs 

The extracted entities should reflect code-level identifiers that are likely to appear in source code or diffs. 

Output each node as a `;`-separated list, with no explanations. 


[LLMClient] Response: 
`javax.faces:jsf-api:jar:1.1;edu.vision.se:CVE-2013-6430:jar:1.0-SNAPSHOT`
[96m[ErrorManager] Extracted key entities: ['`javax.faces:jsf-api:jar:1.1', 'edu.vision.se:CVE-2013-6430:jar:1.0-SNAPSHOT`'][0m
[96m[RepairModule] Start repair[0m
[LLMClient] Tokens used: 228 (prompt), 29 (completion), 257 (total)
[LLMClient] Prompt: 
You are given an error log when executing 'mvn test' in version 1.2.1: 

Error: Failed to execute goal on project CVE-2013-6430: Could not resolve dependencies for project edu.vision.se:CVE-2013-6430:jar:1.0-SNAPSHOT: javax.faces:jsf-api:jar:1.1 was not found in https://maven.aliyun.com/repository/public during a previous attempt. This failure was cached in the local repository and resolution is not reattempted until the update interval of aliyunmaven has elapsed or updates are forced -> [Help 1], None, None 

The test executes as expected in 1.2 

Error code: None 

Extract two key *entities* from the error for searching related diffs 

The extracted entities should reflect code-level identifiers that are likely to appear in source code or diffs. 

Output each node as a `;`-separated list, with no explanations. 


[LLMClient] Response: 
`javax.faces:jsf-api:jar:1.1;edu.vision.se:CVE-2013-6430`
[96m[ErrorManager] Extracted key entities: ['`javax.faces:jsf-api:jar:1.1', 'edu.vision.se:CVE-2013-6430`'][0m
[96m[Adapter] Try to solve error: {'file': 'UNKNOWN', 'line': -1, 'column': -1, 'message': 'Failed to execute goal on project CVE-2013-6430: Could not resolve dependencies for project edu.vision.se:CVE-2013-6430:jar:1.0-SNAPSHOT: javax.faces:jsf-api:jar:1.1 was not found in https://maven.aliyun.com/repository/public during a previous attempt. This failure was cached in the local repository and resolution is not reattempted until the update interval of aliyunmaven has elapsed or updates are forced -> [Help 1]', 'symbol': None, 'location': None, 'code_line': None} with cause: ['`javax.faces:jsf-api:jar:1.1', 'edu.vision.se:CVE-2013-6430`'][0m
[LLMClient] Tokens used: 274 (prompt), 23 (completion), 297 (total)
[LLMClient] Prompt: 
You are given an error log when executing 'mvn test' in version 1.2.1: 

Error: Failed to execute goal on project CVE-2013-6430: Could not resolve dependencies for project edu.vision.se:CVE-2013-6430:jar:1.0-SNAPSHOT: javax.faces:jsf-api:jar:1.1 was not found in https://maven.aliyun.com/repository/public during a previous attempt. This failure was cached in the local repository and resolution is not reattempted until the update interval of aliyunmaven has elapsed or updates are forced -> [Help 1], None, None 

The test executes as expected in 1.2 

Error code: None 

Extract two key *entities* from the error for searching related diffs 

The extracted entities should reflect code-level identifiers that are likely to appear in source code or diffs. 

Current cause: ['`javax.faces:jsf-api:jar:1.1', 'edu.vision.se:CVE-2013-6430`'] 

 failed to catch, try simpler or other entities.

Output each node as a `;`-separated list, with no explanations. 


[LLMClient] Response: 
`javax.faces:jsf-api;edu.vision.se:CVE-2013-6430`
[96m[ErrorManager] Extracted key entities: ['`javax.faces:jsf-api', 'edu.vision.se:CVE-2013-6430`'][0m
[96m[Adapter] Related diffs for error: [][0m
[96m[Adapter] Fix position is in test code.[0m
[96m[RepairModule] Start repair for group: Failed to execute goal on project CVE-2013-6430: Could not resolve dependencies for project edu.vision.se:CVE-2013-6430:jar:1.0-SNAPSHOT: javax.faces:jsf-api:jar:1.1 was not found in https://maven.aliyun.com/repository/public during a previous attempt. This failure was cached in the local repository and resolution is not reattempted until the update interval of aliyunmaven has elapsed or updates are forced -> [Help 1] | cause: ['`javax.faces:jsf-api', 'edu.vision.se:CVE-2013-6430`'][0m
[96m[RepairModule] Trying best diff #None with score 0.00[0m
[91m[RepairModule] Repair failed after simulated annealing.[0m
[96m[Adapter] Test code repair attempted.[0m
[96m[Executor] Executing exploit for CVE-2013-6430 on version 1.2.1...[0m
[96m[Verifier] Verifying reproduction...[0m
[91m[Verifier] âœ— Behavior not found: 'org.junit.ComparisonFailure'[0m
[91m[Executor] Reproduction result: Failure[0m
[92m[ErrorManager] Processing line: [ERROR] Failed to execute goal on project CVE-2013-6430: Could not resolve dependencies for project edu.vision.se:CVE-2013-6430:jar:1.0-SNAPSHOT: javax.faces:jsf-api:jar:1.1 was not found in https://maven.aliyun.com/repository/public during a previous attempt. This failure was cached in the local repository and resolution is not reattempted until the update interval of aliyunmaven has elapsed or updates are forced -> [Help 1][0m
[96m[ErrorManager] Ignoring line: [ERROR][0m
[96m[ErrorManager] Ignoring line: [ERROR] To see the full stack trace of the errors, re-run Maven with the -e switch.[0m
[96m[ErrorManager] Ignoring line: [ERROR] Re-run Maven using the -X switch to enable full debug logging.[0m
[96m[ErrorManager] Ignoring line: [ERROR][0m
[96m[ErrorManager] Ignoring line: [ERROR] For more information about the errors and possible solutions, please read the following articles:[0m
[96m[ErrorManager] Ignoring line: [ERROR] [Help 1] http://cwiki.apache.org/confluence/display/MAVEN/DependencyResolutionException[0m
[91m[ErrorManager] Failed to read file UNKNOWN: [Errno 2] No such file or directory: 'UNKNOWN'[0m
[96m[Adapter] Locating fix position in error log.[0m
[LLMClient] Tokens used: 834 (prompt), 2 (completion), 836 (total)
[LLMClient] Prompt: 
You are given a Java error log when executing 'mvn test' in a project with dependency version 1.2.1:org.springframework:spring-web.
This test file compiles and runs successfully with version 1.2.

Your task is to:
1. Analyze why this issue occurs with the *1.2* but not with the *1.2.1 version*.
2. Consider how to resolve the issue **without updating this library**.
3. Determine and output the location in the project that should be modified to fix the problem.

Please return 'pom' if the fix is in the pom.xml file, or 'test' if the fix is in the test code.
Do not return any other text, just 'pom' or 'test'.

The error log is:
[INFO] Scanning for projects...
[INFO] 
[INFO] --------------------< edu.vision.se:CVE-2013-6430 >---------------------
[INFO] Building CVE-2013-6430 1.0-SNAPSHOT
[INFO]   from pom.xml
[INFO] --------------------------------[ jar ]---------------------------------
[INFO] ------------------------------------------------------------------------
[INFO] BUILD FAILURE
[INFO] ------------------------------------------------------------------------
[INFO] Total time:  0.187 s
[INFO] Finished at: 2025-07-13T14:31:48Z
[INFO] ------------------------------------------------------------------------
[ERROR] Failed to execute goal on project CVE-2013-6430: Could not resolve dependencies for project edu.vision.se:CVE-2013-6430:jar:1.0-SNAPSHOT: javax.faces:jsf-api:jar:1.1 was not found in https://maven.aliyun.com/repository/public during a previous attempt. This failure was cached in the local repository and resolution is not reattempted until the update interval of aliyunmaven has elapsed or updates are forced -> [Help 1]
[ERROR] 
[ERROR] To see the full stack trace of the errors, re-run Maven with the -e switch.
[ERROR] Re-run Maven using the -X switch to enable full debug logging.
[ERROR] 
[ERROR] For more information about the errors and possible solutions, please read the following articles:
[ERROR] [Help 1] http://cwiki.apache.org/confluence/display/MAVEN/DependencyResolutionException


current_pom file is:<?xml version='1.0' encoding='utf-8'?>
<project xmlns="http://maven.apache.org/POM/4.0.0" xmlns:xsi="http://www.w3.org/2001/XMLSchema-instance" xsi:schemaLocation="http://maven.apache.org/POM/4.0.0 https://maven.apache.org/xsd/maven-4.0.0.xsd">
  <modelVersion>4.0.0</modelVersion>
  <groupId>edu.vision.se</groupId>
  <artifactId>CVE-2013-6430</artifactId>
  <version>1.0-SNAPSHOT</version>
  <properties>
    <maven.compiler.target>11</maven.compiler.target>
    <maven.compiler.source>11</maven.compiler.source>
  </properties>
  <dependencies>
    <dependency>
      <groupId>org.springframework</groupId>
      <artifactId>spring-web</artifactId>
      <version>1.2.1</version>
    </dependency>
  <dependency><groupId>junit</groupId><artifactId>junit</artifactId><version>4.13.2</version></dependency>
  </dependencies>
  <repositories>
  <repository>
    <id>central</id>
    <url>https://repo.maven.apache.org/maven2</url>
  </repository>
</repositories>
</project>
[LLMClient] Response: 
pom
[96m[Adapter] LLM response for fix position: pom[0m
[96m[Adapter] Fix position is in pom.xml.[0m
[LLMClient] Tokens used: 228 (prompt), 29 (completion), 257 (total)
[LLMClient] Prompt: 
You are given an error log when executing 'mvn test' in version 1.2.1: 

Error: Failed to execute goal on project CVE-2013-6430: Could not resolve dependencies for project edu.vision.se:CVE-2013-6430:jar:1.0-SNAPSHOT: javax.faces:jsf-api:jar:1.1 was not found in https://maven.aliyun.com/repository/public during a previous attempt. This failure was cached in the local repository and resolution is not reattempted until the update interval of aliyunmaven has elapsed or updates are forced -> [Help 1], None, None 

The test executes as expected in 1.2 

Error code: None 

Extract two key *entities* from the error for searching related diffs 

The extracted entities should reflect code-level identifiers that are likely to appear in source code or diffs. 

Output each node as a `;`-separated list, with no explanations. 


[LLMClient] Response: 
`javax.faces:jsf-api:jar:1.1;edu.vision.se:CVE-2013-6430`
[96m[ErrorManager] Extracted key entities: ['`javax.faces:jsf-api:jar:1.1', 'edu.vision.se:CVE-2013-6430`'][0m
[96m[RepairModule] Start repair[0m
[LLMClient] Tokens used: 228 (prompt), 40 (completion), 268 (total)
[LLMClient] Prompt: 
You are given an error log when executing 'mvn test' in version 1.2.1: 

Error: Failed to execute goal on project CVE-2013-6430: Could not resolve dependencies for project edu.vision.se:CVE-2013-6430:jar:1.0-SNAPSHOT: javax.faces:jsf-api:jar:1.1 was not found in https://maven.aliyun.com/repository/public during a previous attempt. This failure was cached in the local repository and resolution is not reattempted until the update interval of aliyunmaven has elapsed or updates are forced -> [Help 1], None, None 

The test executes as expected in 1.2 

Error code: None 

Extract two key *entities* from the error for searching related diffs 

The extracted entities should reflect code-level identifiers that are likely to appear in source code or diffs. 

Output each node as a `;`-separated list, with no explanations. 


[LLMClient] Response: 
`javax.faces:jsf-api:jar:1.1;edu.vision.se:CVE-2013-6430:jar:1.0-SNAPSHOT`
[96m[ErrorManager] Extracted key entities: ['`javax.faces:jsf-api:jar:1.1', 'edu.vision.se:CVE-2013-6430:jar:1.0-SNAPSHOT`'][0m
[96m[Adapter] Try to solve error: {'file': 'UNKNOWN', 'line': -1, 'column': -1, 'message': 'Failed to execute goal on project CVE-2013-6430: Could not resolve dependencies for project edu.vision.se:CVE-2013-6430:jar:1.0-SNAPSHOT: javax.faces:jsf-api:jar:1.1 was not found in https://maven.aliyun.com/repository/public during a previous attempt. This failure was cached in the local repository and resolution is not reattempted until the update interval of aliyunmaven has elapsed or updates are forced -> [Help 1]', 'symbol': None, 'location': None, 'code_line': None} with cause: ['`javax.faces:jsf-api:jar:1.1', 'edu.vision.se:CVE-2013-6430:jar:1.0-SNAPSHOT`'][0m
[LLMClient] Tokens used: 285 (prompt), 23 (completion), 308 (total)
[LLMClient] Prompt: 
You are given an error log when executing 'mvn test' in version 1.2.1: 

Error: Failed to execute goal on project CVE-2013-6430: Could not resolve dependencies for project edu.vision.se:CVE-2013-6430:jar:1.0-SNAPSHOT: javax.faces:jsf-api:jar:1.1 was not found in https://maven.aliyun.com/repository/public during a previous attempt. This failure was cached in the local repository and resolution is not reattempted until the update interval of aliyunmaven has elapsed or updates are forced -> [Help 1], None, None 

The test executes as expected in 1.2 

Error code: None 

Extract two key *entities* from the error for searching related diffs 

The extracted entities should reflect code-level identifiers that are likely to appear in source code or diffs. 

Current cause: ['`javax.faces:jsf-api:jar:1.1', 'edu.vision.se:CVE-2013-6430:jar:1.0-SNAPSHOT`'] 

 failed to catch, try simpler or other entities.

Output each node as a `;`-separated list, with no explanations. 


[LLMClient] Response: 
`javax.faces:jsf-api;edu.vision.se:CVE-2013-6430`
[96m[ErrorManager] Extracted key entities: ['`javax.faces:jsf-api', 'edu.vision.se:CVE-2013-6430`'][0m
[96m[Adapter] Related diffs for error: [][0m
[96m[Adapter] Fix position is in test code.[0m
[96m[RepairModule] Start repair for group: Failed to execute goal on project CVE-2013-6430: Could not resolve dependencies for project edu.vision.se:CVE-2013-6430:jar:1.0-SNAPSHOT: javax.faces:jsf-api:jar:1.1 was not found in https://maven.aliyun.com/repository/public during a previous attempt. This failure was cached in the local repository and resolution is not reattempted until the update interval of aliyunmaven has elapsed or updates are forced -> [Help 1] | cause: ['`javax.faces:jsf-api', 'edu.vision.se:CVE-2013-6430`'][0m
[96m[RepairModule] Trying best diff #None with score 0.00[0m
[91m[RepairModule] Repair failed after simulated annealing.[0m
[96m[Adapter] Test code repair attempted.[0m
[96m[Executor] Executing exploit for CVE-2013-6430 on version 1.2.1...[0m
[96m[Verifier] Verifying reproduction...[0m
[91m[Verifier] âœ— Behavior not found: 'org.junit.ComparisonFailure'[0m
[91m[Executor] Reproduction result: Failure[0m
[92m[ErrorManager] Processing line: [ERROR] Failed to execute goal on project CVE-2013-6430: Could not resolve dependencies for project edu.vision.se:CVE-2013-6430:jar:1.0-SNAPSHOT: javax.faces:jsf-api:jar:1.1 was not found in https://maven.aliyun.com/repository/public during a previous attempt. This failure was cached in the local repository and resolution is not reattempted until the update interval of aliyunmaven has elapsed or updates are forced -> [Help 1][0m
[96m[ErrorManager] Ignoring line: [ERROR][0m
[96m[ErrorManager] Ignoring line: [ERROR] To see the full stack trace of the errors, re-run Maven with the -e switch.[0m
[96m[ErrorManager] Ignoring line: [ERROR] Re-run Maven using the -X switch to enable full debug logging.[0m
[96m[ErrorManager] Ignoring line: [ERROR][0m
[96m[ErrorManager] Ignoring line: [ERROR] For more information about the errors and possible solutions, please read the following articles:[0m
[96m[ErrorManager] Ignoring line: [ERROR] [Help 1] http://cwiki.apache.org/confluence/display/MAVEN/DependencyResolutionException[0m
[91m[ErrorManager] Failed to read file UNKNOWN: [Errno 2] No such file or directory: 'UNKNOWN'[0m
[96m[Adapter] Locating fix position in error log.[0m
[LLMClient] Tokens used: 834 (prompt), 2 (completion), 836 (total)
[LLMClient] Prompt: 
You are given a Java error log when executing 'mvn test' in a project with dependency version 1.2.1:org.springframework:spring-web.
This test file compiles and runs successfully with version 1.2.

Your task is to:
1. Analyze why this issue occurs with the *1.2* but not with the *1.2.1 version*.
2. Consider how to resolve the issue **without updating this library**.
3. Determine and output the location in the project that should be modified to fix the problem.

Please return 'pom' if the fix is in the pom.xml file, or 'test' if the fix is in the test code.
Do not return any other text, just 'pom' or 'test'.

The error log is:
[INFO] Scanning for projects...
[INFO] 
[INFO] --------------------< edu.vision.se:CVE-2013-6430 >---------------------
[INFO] Building CVE-2013-6430 1.0-SNAPSHOT
[INFO]   from pom.xml
[INFO] --------------------------------[ jar ]---------------------------------
[INFO] ------------------------------------------------------------------------
[INFO] BUILD FAILURE
[INFO] ------------------------------------------------------------------------
[INFO] Total time:  0.260 s
[INFO] Finished at: 2025-07-13T14:32:07Z
[INFO] ------------------------------------------------------------------------
[ERROR] Failed to execute goal on project CVE-2013-6430: Could not resolve dependencies for project edu.vision.se:CVE-2013-6430:jar:1.0-SNAPSHOT: javax.faces:jsf-api:jar:1.1 was not found in https://maven.aliyun.com/repository/public during a previous attempt. This failure was cached in the local repository and resolution is not reattempted until the update interval of aliyunmaven has elapsed or updates are forced -> [Help 1]
[ERROR] 
[ERROR] To see the full stack trace of the errors, re-run Maven with the -e switch.
[ERROR] Re-run Maven using the -X switch to enable full debug logging.
[ERROR] 
[ERROR] For more information about the errors and possible solutions, please read the following articles:
[ERROR] [Help 1] http://cwiki.apache.org/confluence/display/MAVEN/DependencyResolutionException


current_pom file is:<?xml version='1.0' encoding='utf-8'?>
<project xmlns="http://maven.apache.org/POM/4.0.0" xmlns:xsi="http://www.w3.org/2001/XMLSchema-instance" xsi:schemaLocation="http://maven.apache.org/POM/4.0.0 https://maven.apache.org/xsd/maven-4.0.0.xsd">
  <modelVersion>4.0.0</modelVersion>
  <groupId>edu.vision.se</groupId>
  <artifactId>CVE-2013-6430</artifactId>
  <version>1.0-SNAPSHOT</version>
  <properties>
    <maven.compiler.target>11</maven.compiler.target>
    <maven.compiler.source>11</maven.compiler.source>
  </properties>
  <dependencies>
    <dependency>
      <groupId>org.springframework</groupId>
      <artifactId>spring-web</artifactId>
      <version>1.2.1</version>
    </dependency>
  <dependency><groupId>junit</groupId><artifactId>junit</artifactId><version>4.13.2</version></dependency>
  </dependencies>
  <repositories>
  <repository>
    <id>central</id>
    <url>https://repo.maven.apache.org/maven2</url>
  </repository>
</repositories>
</project>
[LLMClient] Response: 
pom
[96m[Adapter] LLM response for fix position: pom[0m
[96m[Adapter] Fix position is in pom.xml.[0m
[LLMClient] Tokens used: 228 (prompt), 40 (completion), 268 (total)
[LLMClient] Prompt: 
You are given an error log when executing 'mvn test' in version 1.2.1: 

Error: Failed to execute goal on project CVE-2013-6430: Could not resolve dependencies for project edu.vision.se:CVE-2013-6430:jar:1.0-SNAPSHOT: javax.faces:jsf-api:jar:1.1 was not found in https://maven.aliyun.com/repository/public during a previous attempt. This failure was cached in the local repository and resolution is not reattempted until the update interval of aliyunmaven has elapsed or updates are forced -> [Help 1], None, None 

The test executes as expected in 1.2 

Error code: None 

Extract two key *entities* from the error for searching related diffs 

The extracted entities should reflect code-level identifiers that are likely to appear in source code or diffs. 

Output each node as a `;`-separated list, with no explanations. 


[LLMClient] Response: 
`javax.faces:jsf-api:jar:1.1;edu.vision.se:CVE-2013-6430:jar:1.0-SNAPSHOT`
[96m[ErrorManager] Extracted key entities: ['`javax.faces:jsf-api:jar:1.1', 'edu.vision.se:CVE-2013-6430:jar:1.0-SNAPSHOT`'][0m
[96m[RepairModule] Start repair[0m
[LLMClient] Tokens used: 228 (prompt), 29 (completion), 257 (total)
[LLMClient] Prompt: 
You are given an error log when executing 'mvn test' in version 1.2.1: 

Error: Failed to execute goal on project CVE-2013-6430: Could not resolve dependencies for project edu.vision.se:CVE-2013-6430:jar:1.0-SNAPSHOT: javax.faces:jsf-api:jar:1.1 was not found in https://maven.aliyun.com/repository/public during a previous attempt. This failure was cached in the local repository and resolution is not reattempted until the update interval of aliyunmaven has elapsed or updates are forced -> [Help 1], None, None 

The test executes as expected in 1.2 

Error code: None 

Extract two key *entities* from the error for searching related diffs 

The extracted entities should reflect code-level identifiers that are likely to appear in source code or diffs. 

Output each node as a `;`-separated list, with no explanations. 


[LLMClient] Response: 
`javax.faces:jsf-api:jar:1.1;edu.vision.se:CVE-2013-6430`
[96m[ErrorManager] Extracted key entities: ['`javax.faces:jsf-api:jar:1.1', 'edu.vision.se:CVE-2013-6430`'][0m
[96m[Adapter] Try to solve error: {'file': 'UNKNOWN', 'line': -1, 'column': -1, 'message': 'Failed to execute goal on project CVE-2013-6430: Could not resolve dependencies for project edu.vision.se:CVE-2013-6430:jar:1.0-SNAPSHOT: javax.faces:jsf-api:jar:1.1 was not found in https://maven.aliyun.com/repository/public during a previous attempt. This failure was cached in the local repository and resolution is not reattempted until the update interval of aliyunmaven has elapsed or updates are forced -> [Help 1]', 'symbol': None, 'location': None, 'code_line': None} with cause: ['`javax.faces:jsf-api:jar:1.1', 'edu.vision.se:CVE-2013-6430`'][0m
[LLMClient] Tokens used: 274 (prompt), 23 (completion), 297 (total)
[LLMClient] Prompt: 
You are given an error log when executing 'mvn test' in version 1.2.1: 

Error: Failed to execute goal on project CVE-2013-6430: Could not resolve dependencies for project edu.vision.se:CVE-2013-6430:jar:1.0-SNAPSHOT: javax.faces:jsf-api:jar:1.1 was not found in https://maven.aliyun.com/repository/public during a previous attempt. This failure was cached in the local repository and resolution is not reattempted until the update interval of aliyunmaven has elapsed or updates are forced -> [Help 1], None, None 

The test executes as expected in 1.2 

Error code: None 

Extract two key *entities* from the error for searching related diffs 

The extracted entities should reflect code-level identifiers that are likely to appear in source code or diffs. 

Current cause: ['`javax.faces:jsf-api:jar:1.1', 'edu.vision.se:CVE-2013-6430`'] 

 failed to catch, try simpler or other entities.

Output each node as a `;`-separated list, with no explanations. 


[LLMClient] Response: 
`javax.faces:jsf-api;edu.vision.se:CVE-2013-6430`
[96m[ErrorManager] Extracted key entities: ['`javax.faces:jsf-api', 'edu.vision.se:CVE-2013-6430`'][0m
[96m[Adapter] Related diffs for error: [][0m
[96m[Adapter] Fix position is in test code.[0m
[96m[RepairModule] Start repair for group: Failed to execute goal on project CVE-2013-6430: Could not resolve dependencies for project edu.vision.se:CVE-2013-6430:jar:1.0-SNAPSHOT: javax.faces:jsf-api:jar:1.1 was not found in https://maven.aliyun.com/repository/public during a previous attempt. This failure was cached in the local repository and resolution is not reattempted until the update interval of aliyunmaven has elapsed or updates are forced -> [Help 1] | cause: ['`javax.faces:jsf-api', 'edu.vision.se:CVE-2013-6430`'][0m
[96m[RepairModule] Trying best diff #None with score 0.00[0m
[91m[RepairModule] Repair failed after simulated annealing.[0m
[96m[Adapter] Test code repair attempted.[0m
[96m[Executor] Executing exploit for CVE-2013-6430 on version 1.2.1...[0m
[96m[Verifier] Verifying reproduction...[0m
[91m[Verifier] âœ— Behavior not found: 'org.junit.ComparisonFailure'[0m
[91m[Executor] Reproduction result: Failure[0m
[92m[ErrorManager] Processing line: [ERROR] Failed to execute goal on project CVE-2013-6430: Could not resolve dependencies for project edu.vision.se:CVE-2013-6430:jar:1.0-SNAPSHOT: javax.faces:jsf-api:jar:1.1 was not found in https://maven.aliyun.com/repository/public during a previous attempt. This failure was cached in the local repository and resolution is not reattempted until the update interval of aliyunmaven has elapsed or updates are forced -> [Help 1][0m
[96m[ErrorManager] Ignoring line: [ERROR][0m
[96m[ErrorManager] Ignoring line: [ERROR] To see the full stack trace of the errors, re-run Maven with the -e switch.[0m
[96m[ErrorManager] Ignoring line: [ERROR] Re-run Maven using the -X switch to enable full debug logging.[0m
[96m[ErrorManager] Ignoring line: [ERROR][0m
[96m[ErrorManager] Ignoring line: [ERROR] For more information about the errors and possible solutions, please read the following articles:[0m
[96m[ErrorManager] Ignoring line: [ERROR] [Help 1] http://cwiki.apache.org/confluence/display/MAVEN/DependencyResolutionException[0m
[91m[ErrorManager] Failed to read file UNKNOWN: [Errno 2] No such file or directory: 'UNKNOWN'[0m
[96m[Adapter] Locating fix position in error log.[0m
[LLMClient] Tokens used: 834 (prompt), 2 (completion), 836 (total)
[LLMClient] Prompt: 
You are given a Java error log when executing 'mvn test' in a project with dependency version 1.2.1:org.springframework:spring-web.
This test file compiles and runs successfully with version 1.2.

Your task is to:
1. Analyze why this issue occurs with the *1.2* but not with the *1.2.1 version*.
2. Consider how to resolve the issue **without updating this library**.
3. Determine and output the location in the project that should be modified to fix the problem.

Please return 'pom' if the fix is in the pom.xml file, or 'test' if the fix is in the test code.
Do not return any other text, just 'pom' or 'test'.

The error log is:
[INFO] Scanning for projects...
[INFO] 
[INFO] --------------------< edu.vision.se:CVE-2013-6430 >---------------------
[INFO] Building CVE-2013-6430 1.0-SNAPSHOT
[INFO]   from pom.xml
[INFO] --------------------------------[ jar ]---------------------------------
[INFO] ------------------------------------------------------------------------
[INFO] BUILD FAILURE
[INFO] ------------------------------------------------------------------------
[INFO] Total time:  0.262 s
[INFO] Finished at: 2025-07-13T14:32:27Z
[INFO] ------------------------------------------------------------------------
[ERROR] Failed to execute goal on project CVE-2013-6430: Could not resolve dependencies for project edu.vision.se:CVE-2013-6430:jar:1.0-SNAPSHOT: javax.faces:jsf-api:jar:1.1 was not found in https://maven.aliyun.com/repository/public during a previous attempt. This failure was cached in the local repository and resolution is not reattempted until the update interval of aliyunmaven has elapsed or updates are forced -> [Help 1]
[ERROR] 
[ERROR] To see the full stack trace of the errors, re-run Maven with the -e switch.
[ERROR] Re-run Maven using the -X switch to enable full debug logging.
[ERROR] 
[ERROR] For more information about the errors and possible solutions, please read the following articles:
[ERROR] [Help 1] http://cwiki.apache.org/confluence/display/MAVEN/DependencyResolutionException


current_pom file is:<?xml version='1.0' encoding='utf-8'?>
<project xmlns="http://maven.apache.org/POM/4.0.0" xmlns:xsi="http://www.w3.org/2001/XMLSchema-instance" xsi:schemaLocation="http://maven.apache.org/POM/4.0.0 https://maven.apache.org/xsd/maven-4.0.0.xsd">
  <modelVersion>4.0.0</modelVersion>
  <groupId>edu.vision.se</groupId>
  <artifactId>CVE-2013-6430</artifactId>
  <version>1.0-SNAPSHOT</version>
  <properties>
    <maven.compiler.target>11</maven.compiler.target>
    <maven.compiler.source>11</maven.compiler.source>
  </properties>
  <dependencies>
    <dependency>
      <groupId>org.springframework</groupId>
      <artifactId>spring-web</artifactId>
      <version>1.2.1</version>
    </dependency>
  <dependency><groupId>junit</groupId><artifactId>junit</artifactId><version>4.13.2</version></dependency>
  </dependencies>
  <repositories>
  <repository>
    <id>central</id>
    <url>https://repo.maven.apache.org/maven2</url>
  </repository>
</repositories>
</project>
[LLMClient] Response: 
pom
[96m[Adapter] LLM response for fix position: pom[0m
[96m[Adapter] Fix position is in pom.xml.[0m
[LLMClient] Tokens used: 228 (prompt), 40 (completion), 268 (total)
[LLMClient] Prompt: 
You are given an error log when executing 'mvn test' in version 1.2.1: 

Error: Failed to execute goal on project CVE-2013-6430: Could not resolve dependencies for project edu.vision.se:CVE-2013-6430:jar:1.0-SNAPSHOT: javax.faces:jsf-api:jar:1.1 was not found in https://maven.aliyun.com/repository/public during a previous attempt. This failure was cached in the local repository and resolution is not reattempted until the update interval of aliyunmaven has elapsed or updates are forced -> [Help 1], None, None 

The test executes as expected in 1.2 

Error code: None 

Extract two key *entities* from the error for searching related diffs 

The extracted entities should reflect code-level identifiers that are likely to appear in source code or diffs. 

Output each node as a `;`-separated list, with no explanations. 


[LLMClient] Response: 
`javax.faces:jsf-api:jar:1.1;edu.vision.se:CVE-2013-6430:jar:1.0-SNAPSHOT`
[96m[ErrorManager] Extracted key entities: ['`javax.faces:jsf-api:jar:1.1', 'edu.vision.se:CVE-2013-6430:jar:1.0-SNAPSHOT`'][0m
[96m[RepairModule] Start repair[0m
[LLMClient] Tokens used: 228 (prompt), 29 (completion), 257 (total)
[LLMClient] Prompt: 
You are given an error log when executing 'mvn test' in version 1.2.1: 

Error: Failed to execute goal on project CVE-2013-6430: Could not resolve dependencies for project edu.vision.se:CVE-2013-6430:jar:1.0-SNAPSHOT: javax.faces:jsf-api:jar:1.1 was not found in https://maven.aliyun.com/repository/public during a previous attempt. This failure was cached in the local repository and resolution is not reattempted until the update interval of aliyunmaven has elapsed or updates are forced -> [Help 1], None, None 

The test executes as expected in 1.2 

Error code: None 

Extract two key *entities* from the error for searching related diffs 

The extracted entities should reflect code-level identifiers that are likely to appear in source code or diffs. 

Output each node as a `;`-separated list, with no explanations. 


[LLMClient] Response: 
`javax.faces:jsf-api:jar:1.1;edu.vision.se:CVE-2013-6430`
[96m[ErrorManager] Extracted key entities: ['`javax.faces:jsf-api:jar:1.1', 'edu.vision.se:CVE-2013-6430`'][0m
[96m[Adapter] Try to solve error: {'file': 'UNKNOWN', 'line': -1, 'column': -1, 'message': 'Failed to execute goal on project CVE-2013-6430: Could not resolve dependencies for project edu.vision.se:CVE-2013-6430:jar:1.0-SNAPSHOT: javax.faces:jsf-api:jar:1.1 was not found in https://maven.aliyun.com/repository/public during a previous attempt. This failure was cached in the local repository and resolution is not reattempted until the update interval of aliyunmaven has elapsed or updates are forced -> [Help 1]', 'symbol': None, 'location': None, 'code_line': None} with cause: ['`javax.faces:jsf-api:jar:1.1', 'edu.vision.se:CVE-2013-6430`'][0m
[LLMClient] Tokens used: 274 (prompt), 23 (completion), 297 (total)
[LLMClient] Prompt: 
You are given an error log when executing 'mvn test' in version 1.2.1: 

Error: Failed to execute goal on project CVE-2013-6430: Could not resolve dependencies for project edu.vision.se:CVE-2013-6430:jar:1.0-SNAPSHOT: javax.faces:jsf-api:jar:1.1 was not found in https://maven.aliyun.com/repository/public during a previous attempt. This failure was cached in the local repository and resolution is not reattempted until the update interval of aliyunmaven has elapsed or updates are forced -> [Help 1], None, None 

The test executes as expected in 1.2 

Error code: None 

Extract two key *entities* from the error for searching related diffs 

The extracted entities should reflect code-level identifiers that are likely to appear in source code or diffs. 

Current cause: ['`javax.faces:jsf-api:jar:1.1', 'edu.vision.se:CVE-2013-6430`'] 

 failed to catch, try simpler or other entities.

Output each node as a `;`-separated list, with no explanations. 


[LLMClient] Response: 
`javax.faces:jsf-api;edu.vision.se:CVE-2013-6430`
[96m[ErrorManager] Extracted key entities: ['`javax.faces:jsf-api', 'edu.vision.se:CVE-2013-6430`'][0m
[96m[Adapter] Related diffs for error: [][0m
[96m[Adapter] Fix position is in test code.[0m
[96m[RepairModule] Start repair for group: Failed to execute goal on project CVE-2013-6430: Could not resolve dependencies for project edu.vision.se:CVE-2013-6430:jar:1.0-SNAPSHOT: javax.faces:jsf-api:jar:1.1 was not found in https://maven.aliyun.com/repository/public during a previous attempt. This failure was cached in the local repository and resolution is not reattempted until the update interval of aliyunmaven has elapsed or updates are forced -> [Help 1] | cause: ['`javax.faces:jsf-api', 'edu.vision.se:CVE-2013-6430`'][0m
[96m[RepairModule] Trying best diff #None with score 0.00[0m
[91m[RepairModule] Repair failed after simulated annealing.[0m
[96m[Adapter] Test code repair attempted.[0m
[96m[Executor] Executing exploit for CVE-2013-6430 on version 1.2.1...[0m
[96m[Verifier] Verifying reproduction...[0m
[91m[Verifier] âœ— Behavior not found: 'org.junit.ComparisonFailure'[0m
[91m[Executor] Reproduction result: Failure[0m
[92m[ErrorManager] Processing line: [ERROR] Failed to execute goal on project CVE-2013-6430: Could not resolve dependencies for project edu.vision.se:CVE-2013-6430:jar:1.0-SNAPSHOT: javax.faces:jsf-api:jar:1.1 was not found in https://maven.aliyun.com/repository/public during a previous attempt. This failure was cached in the local repository and resolution is not reattempted until the update interval of aliyunmaven has elapsed or updates are forced -> [Help 1][0m
[96m[ErrorManager] Ignoring line: [ERROR][0m
[96m[ErrorManager] Ignoring line: [ERROR] To see the full stack trace of the errors, re-run Maven with the -e switch.[0m
[96m[ErrorManager] Ignoring line: [ERROR] Re-run Maven using the -X switch to enable full debug logging.[0m
[96m[ErrorManager] Ignoring line: [ERROR][0m
[96m[ErrorManager] Ignoring line: [ERROR] For more information about the errors and possible solutions, please read the following articles:[0m
[96m[ErrorManager] Ignoring line: [ERROR] [Help 1] http://cwiki.apache.org/confluence/display/MAVEN/DependencyResolutionException[0m
[91m[ErrorManager] Failed to read file UNKNOWN: [Errno 2] No such file or directory: 'UNKNOWN'[0m
[96m[Adapter] Locating fix position in error log.[0m
[LLMClient] Tokens used: 834 (prompt), 2 (completion), 836 (total)
[LLMClient] Prompt: 
You are given a Java error log when executing 'mvn test' in a project with dependency version 1.2.1:org.springframework:spring-web.
This test file compiles and runs successfully with version 1.2.

Your task is to:
1. Analyze why this issue occurs with the *1.2* but not with the *1.2.1 version*.
2. Consider how to resolve the issue **without updating this library**.
3. Determine and output the location in the project that should be modified to fix the problem.

Please return 'pom' if the fix is in the pom.xml file, or 'test' if the fix is in the test code.
Do not return any other text, just 'pom' or 'test'.

The error log is:
[INFO] Scanning for projects...
[INFO] 
[INFO] --------------------< edu.vision.se:CVE-2013-6430 >---------------------
[INFO] Building CVE-2013-6430 1.0-SNAPSHOT
[INFO]   from pom.xml
[INFO] --------------------------------[ jar ]---------------------------------
[INFO] ------------------------------------------------------------------------
[INFO] BUILD FAILURE
[INFO] ------------------------------------------------------------------------
[INFO] Total time:  0.249 s
[INFO] Finished at: 2025-07-13T14:32:45Z
[INFO] ------------------------------------------------------------------------
[ERROR] Failed to execute goal on project CVE-2013-6430: Could not resolve dependencies for project edu.vision.se:CVE-2013-6430:jar:1.0-SNAPSHOT: javax.faces:jsf-api:jar:1.1 was not found in https://maven.aliyun.com/repository/public during a previous attempt. This failure was cached in the local repository and resolution is not reattempted until the update interval of aliyunmaven has elapsed or updates are forced -> [Help 1]
[ERROR] 
[ERROR] To see the full stack trace of the errors, re-run Maven with the -e switch.
[ERROR] Re-run Maven using the -X switch to enable full debug logging.
[ERROR] 
[ERROR] For more information about the errors and possible solutions, please read the following articles:
[ERROR] [Help 1] http://cwiki.apache.org/confluence/display/MAVEN/DependencyResolutionException


current_pom file is:<?xml version='1.0' encoding='utf-8'?>
<project xmlns="http://maven.apache.org/POM/4.0.0" xmlns:xsi="http://www.w3.org/2001/XMLSchema-instance" xsi:schemaLocation="http://maven.apache.org/POM/4.0.0 https://maven.apache.org/xsd/maven-4.0.0.xsd">
  <modelVersion>4.0.0</modelVersion>
  <groupId>edu.vision.se</groupId>
  <artifactId>CVE-2013-6430</artifactId>
  <version>1.0-SNAPSHOT</version>
  <properties>
    <maven.compiler.target>11</maven.compiler.target>
    <maven.compiler.source>11</maven.compiler.source>
  </properties>
  <dependencies>
    <dependency>
      <groupId>org.springframework</groupId>
      <artifactId>spring-web</artifactId>
      <version>1.2.1</version>
    </dependency>
  <dependency><groupId>junit</groupId><artifactId>junit</artifactId><version>4.13.2</version></dependency>
  </dependencies>
  <repositories>
  <repository>
    <id>central</id>
    <url>https://repo.maven.apache.org/maven2</url>
  </repository>
</repositories>
</project>
[LLMClient] Response: 
pom
[96m[Adapter] LLM response for fix position: pom[0m
[96m[Adapter] Fix position is in pom.xml.[0m
[LLMClient] Tokens used: 228 (prompt), 29 (completion), 257 (total)
[LLMClient] Prompt: 
You are given an error log when executing 'mvn test' in version 1.2.1: 

Error: Failed to execute goal on project CVE-2013-6430: Could not resolve dependencies for project edu.vision.se:CVE-2013-6430:jar:1.0-SNAPSHOT: javax.faces:jsf-api:jar:1.1 was not found in https://maven.aliyun.com/repository/public during a previous attempt. This failure was cached in the local repository and resolution is not reattempted until the update interval of aliyunmaven has elapsed or updates are forced -> [Help 1], None, None 

The test executes as expected in 1.2 

Error code: None 

Extract two key *entities* from the error for searching related diffs 

The extracted entities should reflect code-level identifiers that are likely to appear in source code or diffs. 

Output each node as a `;`-separated list, with no explanations. 


[LLMClient] Response: 
`javax.faces:jsf-api:jar:1.1;edu.vision.se:CVE-2013-6430`
[96m[ErrorManager] Extracted key entities: ['`javax.faces:jsf-api:jar:1.1', 'edu.vision.se:CVE-2013-6430`'][0m
[96m[RepairModule] Start repair[0m
[LLMClient] Tokens used: 228 (prompt), 40 (completion), 268 (total)
[LLMClient] Prompt: 
You are given an error log when executing 'mvn test' in version 1.2.1: 

Error: Failed to execute goal on project CVE-2013-6430: Could not resolve dependencies for project edu.vision.se:CVE-2013-6430:jar:1.0-SNAPSHOT: javax.faces:jsf-api:jar:1.1 was not found in https://maven.aliyun.com/repository/public during a previous attempt. This failure was cached in the local repository and resolution is not reattempted until the update interval of aliyunmaven has elapsed or updates are forced -> [Help 1], None, None 

The test executes as expected in 1.2 

Error code: None 

Extract two key *entities* from the error for searching related diffs 

The extracted entities should reflect code-level identifiers that are likely to appear in source code or diffs. 

Output each node as a `;`-separated list, with no explanations. 


[LLMClient] Response: 
`javax.faces:jsf-api:jar:1.1;edu.vision.se:CVE-2013-6430:jar:1.0-SNAPSHOT`
[96m[ErrorManager] Extracted key entities: ['`javax.faces:jsf-api:jar:1.1', 'edu.vision.se:CVE-2013-6430:jar:1.0-SNAPSHOT`'][0m
[96m[Adapter] Try to solve error: {'file': 'UNKNOWN', 'line': -1, 'column': -1, 'message': 'Failed to execute goal on project CVE-2013-6430: Could not resolve dependencies for project edu.vision.se:CVE-2013-6430:jar:1.0-SNAPSHOT: javax.faces:jsf-api:jar:1.1 was not found in https://maven.aliyun.com/repository/public during a previous attempt. This failure was cached in the local repository and resolution is not reattempted until the update interval of aliyunmaven has elapsed or updates are forced -> [Help 1]', 'symbol': None, 'location': None, 'code_line': None} with cause: ['`javax.faces:jsf-api:jar:1.1', 'edu.vision.se:CVE-2013-6430:jar:1.0-SNAPSHOT`'][0m
[LLMClient] Tokens used: 285 (prompt), 23 (completion), 308 (total)
[LLMClient] Prompt: 
You are given an error log when executing 'mvn test' in version 1.2.1: 

Error: Failed to execute goal on project CVE-2013-6430: Could not resolve dependencies for project edu.vision.se:CVE-2013-6430:jar:1.0-SNAPSHOT: javax.faces:jsf-api:jar:1.1 was not found in https://maven.aliyun.com/repository/public during a previous attempt. This failure was cached in the local repository and resolution is not reattempted until the update interval of aliyunmaven has elapsed or updates are forced -> [Help 1], None, None 

The test executes as expected in 1.2 

Error code: None 

Extract two key *entities* from the error for searching related diffs 

The extracted entities should reflect code-level identifiers that are likely to appear in source code or diffs. 

Current cause: ['`javax.faces:jsf-api:jar:1.1', 'edu.vision.se:CVE-2013-6430:jar:1.0-SNAPSHOT`'] 

 failed to catch, try simpler or other entities.

Output each node as a `;`-separated list, with no explanations. 


[LLMClient] Response: 
`javax.faces:jsf-api;edu.vision.se:CVE-2013-6430`
[96m[ErrorManager] Extracted key entities: ['`javax.faces:jsf-api', 'edu.vision.se:CVE-2013-6430`'][0m
[96m[Adapter] Related diffs for error: [][0m
[96m[Adapter] Fix position is in test code.[0m
[96m[RepairModule] Start repair for group: Failed to execute goal on project CVE-2013-6430: Could not resolve dependencies for project edu.vision.se:CVE-2013-6430:jar:1.0-SNAPSHOT: javax.faces:jsf-api:jar:1.1 was not found in https://maven.aliyun.com/repository/public during a previous attempt. This failure was cached in the local repository and resolution is not reattempted until the update interval of aliyunmaven has elapsed or updates are forced -> [Help 1] | cause: ['`javax.faces:jsf-api', 'edu.vision.se:CVE-2013-6430`'][0m
[96m[RepairModule] Trying best diff #None with score 0.00[0m
[91m[RepairModule] Repair failed after simulated annealing.[0m
[96m[Adapter] Test code repair attempted.[0m
[96m[Executor] Executing exploit for CVE-2013-6430 on version 1.2.1...[0m
[96m[Verifier] Verifying reproduction...[0m
[91m[Verifier] âœ— Behavior not found: 'org.junit.ComparisonFailure'[0m
[91m[Executor] Reproduction result: Failure[0m
[92m[ErrorManager] Processing line: [ERROR] Failed to execute goal on project CVE-2013-6430: Could not resolve dependencies for project edu.vision.se:CVE-2013-6430:jar:1.0-SNAPSHOT: javax.faces:jsf-api:jar:1.1 was not found in https://maven.aliyun.com/repository/public during a previous attempt. This failure was cached in the local repository and resolution is not reattempted until the update interval of aliyunmaven has elapsed or updates are forced -> [Help 1][0m
[96m[ErrorManager] Ignoring line: [ERROR][0m
[96m[ErrorManager] Ignoring line: [ERROR] To see the full stack trace of the errors, re-run Maven with the -e switch.[0m
[96m[ErrorManager] Ignoring line: [ERROR] Re-run Maven using the -X switch to enable full debug logging.[0m
[96m[ErrorManager] Ignoring line: [ERROR][0m
[96m[ErrorManager] Ignoring line: [ERROR] For more information about the errors and possible solutions, please read the following articles:[0m
[96m[ErrorManager] Ignoring line: [ERROR] [Help 1] http://cwiki.apache.org/confluence/display/MAVEN/DependencyResolutionException[0m
[91m[ErrorManager] Failed to read file UNKNOWN: [Errno 2] No such file or directory: 'UNKNOWN'[0m
[96m[Adapter] Locating fix position in error log.[0m
[LLMClient] Tokens used: 834 (prompt), 2 (completion), 836 (total)
[LLMClient] Prompt: 
You are given a Java error log when executing 'mvn test' in a project with dependency version 1.2.1:org.springframework:spring-web.
This test file compiles and runs successfully with version 1.2.

Your task is to:
1. Analyze why this issue occurs with the *1.2* but not with the *1.2.1 version*.
2. Consider how to resolve the issue **without updating this library**.
3. Determine and output the location in the project that should be modified to fix the problem.

Please return 'pom' if the fix is in the pom.xml file, or 'test' if the fix is in the test code.
Do not return any other text, just 'pom' or 'test'.

The error log is:
[INFO] Scanning for projects...
[INFO] 
[INFO] --------------------< edu.vision.se:CVE-2013-6430 >---------------------
[INFO] Building CVE-2013-6430 1.0-SNAPSHOT
[INFO]   from pom.xml
[INFO] --------------------------------[ jar ]---------------------------------
[INFO] ------------------------------------------------------------------------
[INFO] BUILD FAILURE
[INFO] ------------------------------------------------------------------------
[INFO] Total time:  0.184 s
[INFO] Finished at: 2025-07-13T14:33:07Z
[INFO] ------------------------------------------------------------------------
[ERROR] Failed to execute goal on project CVE-2013-6430: Could not resolve dependencies for project edu.vision.se:CVE-2013-6430:jar:1.0-SNAPSHOT: javax.faces:jsf-api:jar:1.1 was not found in https://maven.aliyun.com/repository/public during a previous attempt. This failure was cached in the local repository and resolution is not reattempted until the update interval of aliyunmaven has elapsed or updates are forced -> [Help 1]
[ERROR] 
[ERROR] To see the full stack trace of the errors, re-run Maven with the -e switch.
[ERROR] Re-run Maven using the -X switch to enable full debug logging.
[ERROR] 
[ERROR] For more information about the errors and possible solutions, please read the following articles:
[ERROR] [Help 1] http://cwiki.apache.org/confluence/display/MAVEN/DependencyResolutionException


current_pom file is:<?xml version='1.0' encoding='utf-8'?>
<project xmlns="http://maven.apache.org/POM/4.0.0" xmlns:xsi="http://www.w3.org/2001/XMLSchema-instance" xsi:schemaLocation="http://maven.apache.org/POM/4.0.0 https://maven.apache.org/xsd/maven-4.0.0.xsd">
  <modelVersion>4.0.0</modelVersion>
  <groupId>edu.vision.se</groupId>
  <artifactId>CVE-2013-6430</artifactId>
  <version>1.0-SNAPSHOT</version>
  <properties>
    <maven.compiler.target>11</maven.compiler.target>
    <maven.compiler.source>11</maven.compiler.source>
  </properties>
  <dependencies>
    <dependency>
      <groupId>org.springframework</groupId>
      <artifactId>spring-web</artifactId>
      <version>1.2.1</version>
    </dependency>
  <dependency><groupId>junit</groupId><artifactId>junit</artifactId><version>4.13.2</version></dependency>
  </dependencies>
  <repositories>
  <repository>
    <id>central</id>
    <url>https://repo.maven.apache.org/maven2</url>
  </repository>
</repositories>
</project>
[LLMClient] Response: 
pom
[96m[Adapter] LLM response for fix position: pom[0m
[96m[Adapter] Fix position is in pom.xml.[0m
[LLMClient] Tokens used: 228 (prompt), 29 (completion), 257 (total)
[LLMClient] Prompt: 
You are given an error log when executing 'mvn test' in version 1.2.1: 

Error: Failed to execute goal on project CVE-2013-6430: Could not resolve dependencies for project edu.vision.se:CVE-2013-6430:jar:1.0-SNAPSHOT: javax.faces:jsf-api:jar:1.1 was not found in https://maven.aliyun.com/repository/public during a previous attempt. This failure was cached in the local repository and resolution is not reattempted until the update interval of aliyunmaven has elapsed or updates are forced -> [Help 1], None, None 

The test executes as expected in 1.2 

Error code: None 

Extract two key *entities* from the error for searching related diffs 

The extracted entities should reflect code-level identifiers that are likely to appear in source code or diffs. 

Output each node as a `;`-separated list, with no explanations. 


[LLMClient] Response: 
`javax.faces:jsf-api:jar:1.1;edu.vision.se:CVE-2013-6430`
[96m[ErrorManager] Extracted key entities: ['`javax.faces:jsf-api:jar:1.1', 'edu.vision.se:CVE-2013-6430`'][0m
[96m[RepairModule] Start repair[0m
[LLMClient] Tokens used: 228 (prompt), 29 (completion), 257 (total)
[LLMClient] Prompt: 
You are given an error log when executing 'mvn test' in version 1.2.1: 

Error: Failed to execute goal on project CVE-2013-6430: Could not resolve dependencies for project edu.vision.se:CVE-2013-6430:jar:1.0-SNAPSHOT: javax.faces:jsf-api:jar:1.1 was not found in https://maven.aliyun.com/repository/public during a previous attempt. This failure was cached in the local repository and resolution is not reattempted until the update interval of aliyunmaven has elapsed or updates are forced -> [Help 1], None, None 

The test executes as expected in 1.2 

Error code: None 

Extract two key *entities* from the error for searching related diffs 

The extracted entities should reflect code-level identifiers that are likely to appear in source code or diffs. 

Output each node as a `;`-separated list, with no explanations. 


[LLMClient] Response: 
`javax.faces:jsf-api:jar:1.1;edu.vision.se:CVE-2013-6430`
[96m[ErrorManager] Extracted key entities: ['`javax.faces:jsf-api:jar:1.1', 'edu.vision.se:CVE-2013-6430`'][0m
[96m[Adapter] Try to solve error: {'file': 'UNKNOWN', 'line': -1, 'column': -1, 'message': 'Failed to execute goal on project CVE-2013-6430: Could not resolve dependencies for project edu.vision.se:CVE-2013-6430:jar:1.0-SNAPSHOT: javax.faces:jsf-api:jar:1.1 was not found in https://maven.aliyun.com/repository/public during a previous attempt. This failure was cached in the local repository and resolution is not reattempted until the update interval of aliyunmaven has elapsed or updates are forced -> [Help 1]', 'symbol': None, 'location': None, 'code_line': None} with cause: ['`javax.faces:jsf-api:jar:1.1', 'edu.vision.se:CVE-2013-6430`'][0m
[LLMClient] Tokens used: 274 (prompt), 23 (completion), 297 (total)
[LLMClient] Prompt: 
You are given an error log when executing 'mvn test' in version 1.2.1: 

Error: Failed to execute goal on project CVE-2013-6430: Could not resolve dependencies for project edu.vision.se:CVE-2013-6430:jar:1.0-SNAPSHOT: javax.faces:jsf-api:jar:1.1 was not found in https://maven.aliyun.com/repository/public during a previous attempt. This failure was cached in the local repository and resolution is not reattempted until the update interval of aliyunmaven has elapsed or updates are forced -> [Help 1], None, None 

The test executes as expected in 1.2 

Error code: None 

Extract two key *entities* from the error for searching related diffs 

The extracted entities should reflect code-level identifiers that are likely to appear in source code or diffs. 

Current cause: ['`javax.faces:jsf-api:jar:1.1', 'edu.vision.se:CVE-2013-6430`'] 

 failed to catch, try simpler or other entities.

Output each node as a `;`-separated list, with no explanations. 


[LLMClient] Response: 
`javax.faces:jsf-api;edu.vision.se:CVE-2013-6430`
[96m[ErrorManager] Extracted key entities: ['`javax.faces:jsf-api', 'edu.vision.se:CVE-2013-6430`'][0m
[96m[Adapter] Related diffs for error: [][0m
[96m[Adapter] Fix position is in test code.[0m
[96m[RepairModule] Start repair for group: Failed to execute goal on project CVE-2013-6430: Could not resolve dependencies for project edu.vision.se:CVE-2013-6430:jar:1.0-SNAPSHOT: javax.faces:jsf-api:jar:1.1 was not found in https://maven.aliyun.com/repository/public during a previous attempt. This failure was cached in the local repository and resolution is not reattempted until the update interval of aliyunmaven has elapsed or updates are forced -> [Help 1] | cause: ['`javax.faces:jsf-api', 'edu.vision.se:CVE-2013-6430`'][0m
[96m[RepairModule] Trying best diff #None with score 0.00[0m
[91m[RepairModule] Repair failed after simulated annealing.[0m
[96m[Adapter] Test code repair attempted.[0m
[96m[Executor] Executing exploit for CVE-2013-6430 on version 1.2.1...[0m
[96m[Verifier] Verifying reproduction...[0m
[91m[Verifier] âœ— Behavior not found: 'org.junit.ComparisonFailure'[0m
[91m[Executor] Reproduction result: Failure[0m
[92m[ErrorManager] Processing line: [ERROR] Failed to execute goal on project CVE-2013-6430: Could not resolve dependencies for project edu.vision.se:CVE-2013-6430:jar:1.0-SNAPSHOT: javax.faces:jsf-api:jar:1.1 was not found in https://maven.aliyun.com/repository/public during a previous attempt. This failure was cached in the local repository and resolution is not reattempted until the update interval of aliyunmaven has elapsed or updates are forced -> [Help 1][0m
[96m[ErrorManager] Ignoring line: [ERROR][0m
[96m[ErrorManager] Ignoring line: [ERROR] To see the full stack trace of the errors, re-run Maven with the -e switch.[0m
[96m[ErrorManager] Ignoring line: [ERROR] Re-run Maven using the -X switch to enable full debug logging.[0m
[96m[ErrorManager] Ignoring line: [ERROR][0m
[96m[ErrorManager] Ignoring line: [ERROR] For more information about the errors and possible solutions, please read the following articles:[0m
[96m[ErrorManager] Ignoring line: [ERROR] [Help 1] http://cwiki.apache.org/confluence/display/MAVEN/DependencyResolutionException[0m
[91m[ErrorManager] Failed to read file UNKNOWN: [Errno 2] No such file or directory: 'UNKNOWN'[0m
[96m[Adapter] Locating fix position in error log.[0m
[LLMClient] Tokens used: 834 (prompt), 2 (completion), 836 (total)
[LLMClient] Prompt: 
You are given a Java error log when executing 'mvn test' in a project with dependency version 1.2.1:org.springframework:spring-web.
This test file compiles and runs successfully with version 1.2.

Your task is to:
1. Analyze why this issue occurs with the *1.2* but not with the *1.2.1 version*.
2. Consider how to resolve the issue **without updating this library**.
3. Determine and output the location in the project that should be modified to fix the problem.

Please return 'pom' if the fix is in the pom.xml file, or 'test' if the fix is in the test code.
Do not return any other text, just 'pom' or 'test'.

The error log is:
[INFO] Scanning for projects...
[INFO] 
[INFO] --------------------< edu.vision.se:CVE-2013-6430 >---------------------
[INFO] Building CVE-2013-6430 1.0-SNAPSHOT
[INFO]   from pom.xml
[INFO] --------------------------------[ jar ]---------------------------------
[INFO] ------------------------------------------------------------------------
[INFO] BUILD FAILURE
[INFO] ------------------------------------------------------------------------
[INFO] Total time:  0.219 s
[INFO] Finished at: 2025-07-13T14:33:28Z
[INFO] ------------------------------------------------------------------------
[ERROR] Failed to execute goal on project CVE-2013-6430: Could not resolve dependencies for project edu.vision.se:CVE-2013-6430:jar:1.0-SNAPSHOT: javax.faces:jsf-api:jar:1.1 was not found in https://maven.aliyun.com/repository/public during a previous attempt. This failure was cached in the local repository and resolution is not reattempted until the update interval of aliyunmaven has elapsed or updates are forced -> [Help 1]
[ERROR] 
[ERROR] To see the full stack trace of the errors, re-run Maven with the -e switch.
[ERROR] Re-run Maven using the -X switch to enable full debug logging.
[ERROR] 
[ERROR] For more information about the errors and possible solutions, please read the following articles:
[ERROR] [Help 1] http://cwiki.apache.org/confluence/display/MAVEN/DependencyResolutionException


current_pom file is:<?xml version='1.0' encoding='utf-8'?>
<project xmlns="http://maven.apache.org/POM/4.0.0" xmlns:xsi="http://www.w3.org/2001/XMLSchema-instance" xsi:schemaLocation="http://maven.apache.org/POM/4.0.0 https://maven.apache.org/xsd/maven-4.0.0.xsd">
  <modelVersion>4.0.0</modelVersion>
  <groupId>edu.vision.se</groupId>
  <artifactId>CVE-2013-6430</artifactId>
  <version>1.0-SNAPSHOT</version>
  <properties>
    <maven.compiler.target>11</maven.compiler.target>
    <maven.compiler.source>11</maven.compiler.source>
  </properties>
  <dependencies>
    <dependency>
      <groupId>org.springframework</groupId>
      <artifactId>spring-web</artifactId>
      <version>1.2.1</version>
    </dependency>
  <dependency><groupId>junit</groupId><artifactId>junit</artifactId><version>4.13.2</version></dependency>
  </dependencies>
  <repositories>
  <repository>
    <id>central</id>
    <url>https://repo.maven.apache.org/maven2</url>
  </repository>
</repositories>
</project>
[LLMClient] Response: 
pom
[96m[Adapter] LLM response for fix position: pom[0m
[96m[Adapter] Fix position is in pom.xml.[0m
[LLMClient] Tokens used: 228 (prompt), 40 (completion), 268 (total)
[LLMClient] Prompt: 
You are given an error log when executing 'mvn test' in version 1.2.1: 

Error: Failed to execute goal on project CVE-2013-6430: Could not resolve dependencies for project edu.vision.se:CVE-2013-6430:jar:1.0-SNAPSHOT: javax.faces:jsf-api:jar:1.1 was not found in https://maven.aliyun.com/repository/public during a previous attempt. This failure was cached in the local repository and resolution is not reattempted until the update interval of aliyunmaven has elapsed or updates are forced -> [Help 1], None, None 

The test executes as expected in 1.2 

Error code: None 

Extract two key *entities* from the error for searching related diffs 

The extracted entities should reflect code-level identifiers that are likely to appear in source code or diffs. 

Output each node as a `;`-separated list, with no explanations. 


[LLMClient] Response: 
`javax.faces:jsf-api:jar:1.1;edu.vision.se:CVE-2013-6430:jar:1.0-SNAPSHOT`
[96m[ErrorManager] Extracted key entities: ['`javax.faces:jsf-api:jar:1.1', 'edu.vision.se:CVE-2013-6430:jar:1.0-SNAPSHOT`'][0m
[96m[RepairModule] Start repair[0m
[LLMClient] Tokens used: 228 (prompt), 40 (completion), 268 (total)
[LLMClient] Prompt: 
You are given an error log when executing 'mvn test' in version 1.2.1: 

Error: Failed to execute goal on project CVE-2013-6430: Could not resolve dependencies for project edu.vision.se:CVE-2013-6430:jar:1.0-SNAPSHOT: javax.faces:jsf-api:jar:1.1 was not found in https://maven.aliyun.com/repository/public during a previous attempt. This failure was cached in the local repository and resolution is not reattempted until the update interval of aliyunmaven has elapsed or updates are forced -> [Help 1], None, None 

The test executes as expected in 1.2 

Error code: None 

Extract two key *entities* from the error for searching related diffs 

The extracted entities should reflect code-level identifiers that are likely to appear in source code or diffs. 

Output each node as a `;`-separated list, with no explanations. 


[LLMClient] Response: 
`javax.faces:jsf-api:jar:1.1;edu.vision.se:CVE-2013-6430:jar:1.0-SNAPSHOT`
[96m[ErrorManager] Extracted key entities: ['`javax.faces:jsf-api:jar:1.1', 'edu.vision.se:CVE-2013-6430:jar:1.0-SNAPSHOT`'][0m
[96m[Adapter] Try to solve error: {'file': 'UNKNOWN', 'line': -1, 'column': -1, 'message': 'Failed to execute goal on project CVE-2013-6430: Could not resolve dependencies for project edu.vision.se:CVE-2013-6430:jar:1.0-SNAPSHOT: javax.faces:jsf-api:jar:1.1 was not found in https://maven.aliyun.com/repository/public during a previous attempt. This failure was cached in the local repository and resolution is not reattempted until the update interval of aliyunmaven has elapsed or updates are forced -> [Help 1]', 'symbol': None, 'location': None, 'code_line': None} with cause: ['`javax.faces:jsf-api:jar:1.1', 'edu.vision.se:CVE-2013-6430:jar:1.0-SNAPSHOT`'][0m
[LLMClient] Tokens used: 285 (prompt), 23 (completion), 308 (total)
[LLMClient] Prompt: 
You are given an error log when executing 'mvn test' in version 1.2.1: 

Error: Failed to execute goal on project CVE-2013-6430: Could not resolve dependencies for project edu.vision.se:CVE-2013-6430:jar:1.0-SNAPSHOT: javax.faces:jsf-api:jar:1.1 was not found in https://maven.aliyun.com/repository/public during a previous attempt. This failure was cached in the local repository and resolution is not reattempted until the update interval of aliyunmaven has elapsed or updates are forced -> [Help 1], None, None 

The test executes as expected in 1.2 

Error code: None 

Extract two key *entities* from the error for searching related diffs 

The extracted entities should reflect code-level identifiers that are likely to appear in source code or diffs. 

Current cause: ['`javax.faces:jsf-api:jar:1.1', 'edu.vision.se:CVE-2013-6430:jar:1.0-SNAPSHOT`'] 

 failed to catch, try simpler or other entities.

Output each node as a `;`-separated list, with no explanations. 


[LLMClient] Response: 
`javax.faces:jsf-api;edu.vision.se:CVE-2013-6430`
[96m[ErrorManager] Extracted key entities: ['`javax.faces:jsf-api', 'edu.vision.se:CVE-2013-6430`'][0m
[96m[Adapter] Related diffs for error: [][0m
[96m[Adapter] Fix position is in test code.[0m
[96m[RepairModule] Start repair for group: Failed to execute goal on project CVE-2013-6430: Could not resolve dependencies for project edu.vision.se:CVE-2013-6430:jar:1.0-SNAPSHOT: javax.faces:jsf-api:jar:1.1 was not found in https://maven.aliyun.com/repository/public during a previous attempt. This failure was cached in the local repository and resolution is not reattempted until the update interval of aliyunmaven has elapsed or updates are forced -> [Help 1] | cause: ['`javax.faces:jsf-api', 'edu.vision.se:CVE-2013-6430`'][0m
[96m[RepairModule] Trying best diff #None with score 0.00[0m
[91m[RepairModule] Repair failed after simulated annealing.[0m
[96m[Adapter] Test code repair attempted.[0m
[96m[Executor] Executing exploit for CVE-2013-6430 on version 1.2.1...[0m
[96m[Verifier] Verifying reproduction...[0m
[91m[Verifier] âœ— Behavior not found: 'org.junit.ComparisonFailure'[0m
[91m[Executor] Reproduction result: Failure[0m
[92m[ErrorManager] Processing line: [ERROR] Failed to execute goal on project CVE-2013-6430: Could not resolve dependencies for project edu.vision.se:CVE-2013-6430:jar:1.0-SNAPSHOT: javax.faces:jsf-api:jar:1.1 was not found in https://maven.aliyun.com/repository/public during a previous attempt. This failure was cached in the local repository and resolution is not reattempted until the update interval of aliyunmaven has elapsed or updates are forced -> [Help 1][0m
[96m[ErrorManager] Ignoring line: [ERROR][0m
[96m[ErrorManager] Ignoring line: [ERROR] To see the full stack trace of the errors, re-run Maven with the -e switch.[0m
[96m[ErrorManager] Ignoring line: [ERROR] Re-run Maven using the -X switch to enable full debug logging.[0m
[96m[ErrorManager] Ignoring line: [ERROR][0m
[96m[ErrorManager] Ignoring line: [ERROR] For more information about the errors and possible solutions, please read the following articles:[0m
[96m[ErrorManager] Ignoring line: [ERROR] [Help 1] http://cwiki.apache.org/confluence/display/MAVEN/DependencyResolutionException[0m
[91m[ErrorManager] Failed to read file UNKNOWN: [Errno 2] No such file or directory: 'UNKNOWN'[0m
[96m[Adapter] Locating fix position in error log.[0m
[LLMClient] Tokens used: 834 (prompt), 2 (completion), 836 (total)
[LLMClient] Prompt: 
You are given a Java error log when executing 'mvn test' in a project with dependency version 1.2.1:org.springframework:spring-web.
This test file compiles and runs successfully with version 1.2.

Your task is to:
1. Analyze why this issue occurs with the *1.2* but not with the *1.2.1 version*.
2. Consider how to resolve the issue **without updating this library**.
3. Determine and output the location in the project that should be modified to fix the problem.

Please return 'pom' if the fix is in the pom.xml file, or 'test' if the fix is in the test code.
Do not return any other text, just 'pom' or 'test'.

The error log is:
[INFO] Scanning for projects...
[INFO] 
[INFO] --------------------< edu.vision.se:CVE-2013-6430 >---------------------
[INFO] Building CVE-2013-6430 1.0-SNAPSHOT
[INFO]   from pom.xml
[INFO] --------------------------------[ jar ]---------------------------------
[INFO] ------------------------------------------------------------------------
[INFO] BUILD FAILURE
[INFO] ------------------------------------------------------------------------
[INFO] Total time:  0.255 s
[INFO] Finished at: 2025-07-13T14:33:48Z
[INFO] ------------------------------------------------------------------------
[ERROR] Failed to execute goal on project CVE-2013-6430: Could not resolve dependencies for project edu.vision.se:CVE-2013-6430:jar:1.0-SNAPSHOT: javax.faces:jsf-api:jar:1.1 was not found in https://maven.aliyun.com/repository/public during a previous attempt. This failure was cached in the local repository and resolution is not reattempted until the update interval of aliyunmaven has elapsed or updates are forced -> [Help 1]
[ERROR] 
[ERROR] To see the full stack trace of the errors, re-run Maven with the -e switch.
[ERROR] Re-run Maven using the -X switch to enable full debug logging.
[ERROR] 
[ERROR] For more information about the errors and possible solutions, please read the following articles:
[ERROR] [Help 1] http://cwiki.apache.org/confluence/display/MAVEN/DependencyResolutionException


current_pom file is:<?xml version='1.0' encoding='utf-8'?>
<project xmlns="http://maven.apache.org/POM/4.0.0" xmlns:xsi="http://www.w3.org/2001/XMLSchema-instance" xsi:schemaLocation="http://maven.apache.org/POM/4.0.0 https://maven.apache.org/xsd/maven-4.0.0.xsd">
  <modelVersion>4.0.0</modelVersion>
  <groupId>edu.vision.se</groupId>
  <artifactId>CVE-2013-6430</artifactId>
  <version>1.0-SNAPSHOT</version>
  <properties>
    <maven.compiler.target>11</maven.compiler.target>
    <maven.compiler.source>11</maven.compiler.source>
  </properties>
  <dependencies>
    <dependency>
      <groupId>org.springframework</groupId>
      <artifactId>spring-web</artifactId>
      <version>1.2.1</version>
    </dependency>
  <dependency><groupId>junit</groupId><artifactId>junit</artifactId><version>4.13.2</version></dependency>
  </dependencies>
  <repositories>
  <repository>
    <id>central</id>
    <url>https://repo.maven.apache.org/maven2</url>
  </repository>
</repositories>
</project>
[LLMClient] Response: 
pom
[96m[Adapter] LLM response for fix position: pom[0m
[96m[Adapter] Fix position is in pom.xml.[0m
[LLMClient] Tokens used: 228 (prompt), 40 (completion), 268 (total)
[LLMClient] Prompt: 
You are given an error log when executing 'mvn test' in version 1.2.1: 

Error: Failed to execute goal on project CVE-2013-6430: Could not resolve dependencies for project edu.vision.se:CVE-2013-6430:jar:1.0-SNAPSHOT: javax.faces:jsf-api:jar:1.1 was not found in https://maven.aliyun.com/repository/public during a previous attempt. This failure was cached in the local repository and resolution is not reattempted until the update interval of aliyunmaven has elapsed or updates are forced -> [Help 1], None, None 

The test executes as expected in 1.2 

Error code: None 

Extract two key *entities* from the error for searching related diffs 

The extracted entities should reflect code-level identifiers that are likely to appear in source code or diffs. 

Output each node as a `;`-separated list, with no explanations. 


[LLMClient] Response: 
`javax.faces:jsf-api:jar:1.1;edu.vision.se:CVE-2013-6430:jar:1.0-SNAPSHOT`
[96m[ErrorManager] Extracted key entities: ['`javax.faces:jsf-api:jar:1.1', 'edu.vision.se:CVE-2013-6430:jar:1.0-SNAPSHOT`'][0m
[96m[RepairModule] Start repair[0m
[LLMClient] Tokens used: 228 (prompt), 21 (completion), 249 (total)
[LLMClient] Prompt: 
You are given an error log when executing 'mvn test' in version 1.2.1: 

Error: Failed to execute goal on project CVE-2013-6430: Could not resolve dependencies for project edu.vision.se:CVE-2013-6430:jar:1.0-SNAPSHOT: javax.faces:jsf-api:jar:1.1 was not found in https://maven.aliyun.com/repository/public during a previous attempt. This failure was cached in the local repository and resolution is not reattempted until the update interval of aliyunmaven has elapsed or updates are forced -> [Help 1], None, None 

The test executes as expected in 1.2 

Error code: None 

Extract two key *entities* from the error for searching related diffs 

The extracted entities should reflect code-level identifiers that are likely to appear in source code or diffs. 

Output each node as a `;`-separated list, with no explanations. 


[LLMClient] Response: 
javax.faces:jsf-api;edu.vision.se:CVE-2013-6430
[96m[ErrorManager] Extracted key entities: ['javax.faces:jsf-api', 'edu.vision.se:CVE-2013-6430'][0m
[96m[Adapter] Try to solve error: {'file': 'UNKNOWN', 'line': -1, 'column': -1, 'message': 'Failed to execute goal on project CVE-2013-6430: Could not resolve dependencies for project edu.vision.se:CVE-2013-6430:jar:1.0-SNAPSHOT: javax.faces:jsf-api:jar:1.1 was not found in https://maven.aliyun.com/repository/public during a previous attempt. This failure was cached in the local repository and resolution is not reattempted until the update interval of aliyunmaven has elapsed or updates are forced -> [Help 1]', 'symbol': None, 'location': None, 'code_line': None} with cause: ['javax.faces:jsf-api', 'edu.vision.se:CVE-2013-6430'][0m
[LLMClient] Tokens used: 266 (prompt), 21 (completion), 287 (total)
[LLMClient] Prompt: 
You are given an error log when executing 'mvn test' in version 1.2.1: 

Error: Failed to execute goal on project CVE-2013-6430: Could not resolve dependencies for project edu.vision.se:CVE-2013-6430:jar:1.0-SNAPSHOT: javax.faces:jsf-api:jar:1.1 was not found in https://maven.aliyun.com/repository/public during a previous attempt. This failure was cached in the local repository and resolution is not reattempted until the update interval of aliyunmaven has elapsed or updates are forced -> [Help 1], None, None 

The test executes as expected in 1.2 

Error code: None 

Extract two key *entities* from the error for searching related diffs 

The extracted entities should reflect code-level identifiers that are likely to appear in source code or diffs. 

Current cause: ['javax.faces:jsf-api', 'edu.vision.se:CVE-2013-6430'] 

 failed to catch, try simpler or other entities.

Output each node as a `;`-separated list, with no explanations. 


[LLMClient] Response: 
javax.faces:jsf-api;edu.vision.se:CVE-2013-6430
[96m[ErrorManager] Extracted key entities: ['javax.faces:jsf-api', 'edu.vision.se:CVE-2013-6430'][0m
[96m[Adapter] Related diffs for error: [][0m
[96m[Adapter] Fix position is in test code.[0m
[96m[RepairModule] Start repair for group: Failed to execute goal on project CVE-2013-6430: Could not resolve dependencies for project edu.vision.se:CVE-2013-6430:jar:1.0-SNAPSHOT: javax.faces:jsf-api:jar:1.1 was not found in https://maven.aliyun.com/repository/public during a previous attempt. This failure was cached in the local repository and resolution is not reattempted until the update interval of aliyunmaven has elapsed or updates are forced -> [Help 1] | cause: ['javax.faces:jsf-api', 'edu.vision.se:CVE-2013-6430'][0m
[96m[RepairModule] Trying best diff #None with score 0.00[0m
[91m[RepairModule] Repair failed after simulated annealing.[0m
[96m[Adapter] Test code repair attempted.[0m
[96m[Executor] Executing exploit for CVE-2013-6430 on version 1.2.1...[0m
[96m[Verifier] Verifying reproduction...[0m
[91m[Verifier] âœ— Behavior not found: 'org.junit.ComparisonFailure'[0m
[91m[Executor] Reproduction result: Failure[0m
[92m[ErrorManager] Processing line: [ERROR] Failed to execute goal on project CVE-2013-6430: Could not resolve dependencies for project edu.vision.se:CVE-2013-6430:jar:1.0-SNAPSHOT: javax.faces:jsf-api:jar:1.1 was not found in https://maven.aliyun.com/repository/public during a previous attempt. This failure was cached in the local repository and resolution is not reattempted until the update interval of aliyunmaven has elapsed or updates are forced -> [Help 1][0m
[96m[ErrorManager] Ignoring line: [ERROR][0m
[96m[ErrorManager] Ignoring line: [ERROR] To see the full stack trace of the errors, re-run Maven with the -e switch.[0m
[96m[ErrorManager] Ignoring line: [ERROR] Re-run Maven using the -X switch to enable full debug logging.[0m
[96m[ErrorManager] Ignoring line: [ERROR][0m
[96m[ErrorManager] Ignoring line: [ERROR] For more information about the errors and possible solutions, please read the following articles:[0m
[96m[ErrorManager] Ignoring line: [ERROR] [Help 1] http://cwiki.apache.org/confluence/display/MAVEN/DependencyResolutionException[0m
[91m[ErrorManager] Failed to read file UNKNOWN: [Errno 2] No such file or directory: 'UNKNOWN'[0m
[96m[Adapter] Locating fix position in error log.[0m
[LLMClient] Tokens used: 834 (prompt), 2 (completion), 836 (total)
[LLMClient] Prompt: 
You are given a Java error log when executing 'mvn test' in a project with dependency version 1.2.1:org.springframework:spring-web.
This test file compiles and runs successfully with version 1.2.

Your task is to:
1. Analyze why this issue occurs with the *1.2* but not with the *1.2.1 version*.
2. Consider how to resolve the issue **without updating this library**.
3. Determine and output the location in the project that should be modified to fix the problem.

Please return 'pom' if the fix is in the pom.xml file, or 'test' if the fix is in the test code.
Do not return any other text, just 'pom' or 'test'.

The error log is:
[INFO] Scanning for projects...
[INFO] 
[INFO] --------------------< edu.vision.se:CVE-2013-6430 >---------------------
[INFO] Building CVE-2013-6430 1.0-SNAPSHOT
[INFO]   from pom.xml
[INFO] --------------------------------[ jar ]---------------------------------
[INFO] ------------------------------------------------------------------------
[INFO] BUILD FAILURE
[INFO] ------------------------------------------------------------------------
[INFO] Total time:  0.222 s
[INFO] Finished at: 2025-07-13T14:34:15Z
[INFO] ------------------------------------------------------------------------
[ERROR] Failed to execute goal on project CVE-2013-6430: Could not resolve dependencies for project edu.vision.se:CVE-2013-6430:jar:1.0-SNAPSHOT: javax.faces:jsf-api:jar:1.1 was not found in https://maven.aliyun.com/repository/public during a previous attempt. This failure was cached in the local repository and resolution is not reattempted until the update interval of aliyunmaven has elapsed or updates are forced -> [Help 1]
[ERROR] 
[ERROR] To see the full stack trace of the errors, re-run Maven with the -e switch.
[ERROR] Re-run Maven using the -X switch to enable full debug logging.
[ERROR] 
[ERROR] For more information about the errors and possible solutions, please read the following articles:
[ERROR] [Help 1] http://cwiki.apache.org/confluence/display/MAVEN/DependencyResolutionException


current_pom file is:<?xml version='1.0' encoding='utf-8'?>
<project xmlns="http://maven.apache.org/POM/4.0.0" xmlns:xsi="http://www.w3.org/2001/XMLSchema-instance" xsi:schemaLocation="http://maven.apache.org/POM/4.0.0 https://maven.apache.org/xsd/maven-4.0.0.xsd">
  <modelVersion>4.0.0</modelVersion>
  <groupId>edu.vision.se</groupId>
  <artifactId>CVE-2013-6430</artifactId>
  <version>1.0-SNAPSHOT</version>
  <properties>
    <maven.compiler.target>11</maven.compiler.target>
    <maven.compiler.source>11</maven.compiler.source>
  </properties>
  <dependencies>
    <dependency>
      <groupId>org.springframework</groupId>
      <artifactId>spring-web</artifactId>
      <version>1.2.1</version>
    </dependency>
  <dependency><groupId>junit</groupId><artifactId>junit</artifactId><version>4.13.2</version></dependency>
  </dependencies>
  <repositories>
  <repository>
    <id>central</id>
    <url>https://repo.maven.apache.org/maven2</url>
  </repository>
</repositories>
</project>
[LLMClient] Response: 
pom
[96m[Adapter] LLM response for fix position: pom[0m
[96m[Adapter] Fix position is in pom.xml.[0m
[LLMClient] Tokens used: 228 (prompt), 29 (completion), 257 (total)
[LLMClient] Prompt: 
You are given an error log when executing 'mvn test' in version 1.2.1: 

Error: Failed to execute goal on project CVE-2013-6430: Could not resolve dependencies for project edu.vision.se:CVE-2013-6430:jar:1.0-SNAPSHOT: javax.faces:jsf-api:jar:1.1 was not found in https://maven.aliyun.com/repository/public during a previous attempt. This failure was cached in the local repository and resolution is not reattempted until the update interval of aliyunmaven has elapsed or updates are forced -> [Help 1], None, None 

The test executes as expected in 1.2 

Error code: None 

Extract two key *entities* from the error for searching related diffs 

The extracted entities should reflect code-level identifiers that are likely to appear in source code or diffs. 

Output each node as a `;`-separated list, with no explanations. 


[LLMClient] Response: 
`javax.faces:jsf-api:jar:1.1;edu.vision.se:CVE-2013-6430`
[96m[ErrorManager] Extracted key entities: ['`javax.faces:jsf-api:jar:1.1', 'edu.vision.se:CVE-2013-6430`'][0m
[96m[RepairModule] Start repair[0m
[LLMClient] Tokens used: 228 (prompt), 40 (completion), 268 (total)
[LLMClient] Prompt: 
You are given an error log when executing 'mvn test' in version 1.2.1: 

Error: Failed to execute goal on project CVE-2013-6430: Could not resolve dependencies for project edu.vision.se:CVE-2013-6430:jar:1.0-SNAPSHOT: javax.faces:jsf-api:jar:1.1 was not found in https://maven.aliyun.com/repository/public during a previous attempt. This failure was cached in the local repository and resolution is not reattempted until the update interval of aliyunmaven has elapsed or updates are forced -> [Help 1], None, None 

The test executes as expected in 1.2 

Error code: None 

Extract two key *entities* from the error for searching related diffs 

The extracted entities should reflect code-level identifiers that are likely to appear in source code or diffs. 

Output each node as a `;`-separated list, with no explanations. 


[LLMClient] Response: 
`javax.faces:jsf-api:jar:1.1;edu.vision.se:CVE-2013-6430:jar:1.0-SNAPSHOT`
[96m[ErrorManager] Extracted key entities: ['`javax.faces:jsf-api:jar:1.1', 'edu.vision.se:CVE-2013-6430:jar:1.0-SNAPSHOT`'][0m
[96m[Adapter] Try to solve error: {'file': 'UNKNOWN', 'line': -1, 'column': -1, 'message': 'Failed to execute goal on project CVE-2013-6430: Could not resolve dependencies for project edu.vision.se:CVE-2013-6430:jar:1.0-SNAPSHOT: javax.faces:jsf-api:jar:1.1 was not found in https://maven.aliyun.com/repository/public during a previous attempt. This failure was cached in the local repository and resolution is not reattempted until the update interval of aliyunmaven has elapsed or updates are forced -> [Help 1]', 'symbol': None, 'location': None, 'code_line': None} with cause: ['`javax.faces:jsf-api:jar:1.1', 'edu.vision.se:CVE-2013-6430:jar:1.0-SNAPSHOT`'][0m
[LLMClient] Tokens used: 285 (prompt), 23 (completion), 308 (total)
[LLMClient] Prompt: 
You are given an error log when executing 'mvn test' in version 1.2.1: 

Error: Failed to execute goal on project CVE-2013-6430: Could not resolve dependencies for project edu.vision.se:CVE-2013-6430:jar:1.0-SNAPSHOT: javax.faces:jsf-api:jar:1.1 was not found in https://maven.aliyun.com/repository/public during a previous attempt. This failure was cached in the local repository and resolution is not reattempted until the update interval of aliyunmaven has elapsed or updates are forced -> [Help 1], None, None 

The test executes as expected in 1.2 

Error code: None 

Extract two key *entities* from the error for searching related diffs 

The extracted entities should reflect code-level identifiers that are likely to appear in source code or diffs. 

Current cause: ['`javax.faces:jsf-api:jar:1.1', 'edu.vision.se:CVE-2013-6430:jar:1.0-SNAPSHOT`'] 

 failed to catch, try simpler or other entities.

Output each node as a `;`-separated list, with no explanations. 


[LLMClient] Response: 
`javax.faces:jsf-api;edu.vision.se:CVE-2013-6430`
[96m[ErrorManager] Extracted key entities: ['`javax.faces:jsf-api', 'edu.vision.se:CVE-2013-6430`'][0m
[96m[Adapter] Related diffs for error: [][0m
[96m[Adapter] Fix position is in test code.[0m
[96m[RepairModule] Start repair for group: Failed to execute goal on project CVE-2013-6430: Could not resolve dependencies for project edu.vision.se:CVE-2013-6430:jar:1.0-SNAPSHOT: javax.faces:jsf-api:jar:1.1 was not found in https://maven.aliyun.com/repository/public during a previous attempt. This failure was cached in the local repository and resolution is not reattempted until the update interval of aliyunmaven has elapsed or updates are forced -> [Help 1] | cause: ['`javax.faces:jsf-api', 'edu.vision.se:CVE-2013-6430`'][0m
[96m[RepairModule] Trying best diff #None with score 0.00[0m
[91m[RepairModule] Repair failed after simulated annealing.[0m
[96m[Adapter] Test code repair attempted.[0m
[96m[Executor] Executing exploit for CVE-2013-6430 on version 1.2.1...[0m
[96m[Verifier] Verifying reproduction...[0m
[91m[Verifier] âœ— Behavior not found: 'org.junit.ComparisonFailure'[0m
[91m[Executor] Reproduction result: Failure[0m
[92m[ErrorManager] Processing line: [ERROR] Failed to execute goal on project CVE-2013-6430: Could not resolve dependencies for project edu.vision.se:CVE-2013-6430:jar:1.0-SNAPSHOT: javax.faces:jsf-api:jar:1.1 was not found in https://maven.aliyun.com/repository/public during a previous attempt. This failure was cached in the local repository and resolution is not reattempted until the update interval of aliyunmaven has elapsed or updates are forced -> [Help 1][0m
[96m[ErrorManager] Ignoring line: [ERROR][0m
[96m[ErrorManager] Ignoring line: [ERROR] To see the full stack trace of the errors, re-run Maven with the -e switch.[0m
[96m[ErrorManager] Ignoring line: [ERROR] Re-run Maven using the -X switch to enable full debug logging.[0m
[96m[ErrorManager] Ignoring line: [ERROR][0m
[96m[ErrorManager] Ignoring line: [ERROR] For more information about the errors and possible solutions, please read the following articles:[0m
[96m[ErrorManager] Ignoring line: [ERROR] [Help 1] http://cwiki.apache.org/confluence/display/MAVEN/DependencyResolutionException[0m
[91m[ErrorManager] Failed to read file UNKNOWN: [Errno 2] No such file or directory: 'UNKNOWN'[0m
[96m[Adapter] Locating fix position in error log.[0m
[LLMClient] Tokens used: 834 (prompt), 2 (completion), 836 (total)
[LLMClient] Prompt: 
You are given a Java error log when executing 'mvn test' in a project with dependency version 1.2.1:org.springframework:spring-web.
This test file compiles and runs successfully with version 1.2.

Your task is to:
1. Analyze why this issue occurs with the *1.2* but not with the *1.2.1 version*.
2. Consider how to resolve the issue **without updating this library**.
3. Determine and output the location in the project that should be modified to fix the problem.

Please return 'pom' if the fix is in the pom.xml file, or 'test' if the fix is in the test code.
Do not return any other text, just 'pom' or 'test'.

The error log is:
[INFO] Scanning for projects...
[INFO] 
[INFO] --------------------< edu.vision.se:CVE-2013-6430 >---------------------
[INFO] Building CVE-2013-6430 1.0-SNAPSHOT
[INFO]   from pom.xml
[INFO] --------------------------------[ jar ]---------------------------------
[INFO] ------------------------------------------------------------------------
[INFO] BUILD FAILURE
[INFO] ------------------------------------------------------------------------
[INFO] Total time:  0.235 s
[INFO] Finished at: 2025-07-13T14:34:36Z
[INFO] ------------------------------------------------------------------------
[ERROR] Failed to execute goal on project CVE-2013-6430: Could not resolve dependencies for project edu.vision.se:CVE-2013-6430:jar:1.0-SNAPSHOT: javax.faces:jsf-api:jar:1.1 was not found in https://maven.aliyun.com/repository/public during a previous attempt. This failure was cached in the local repository and resolution is not reattempted until the update interval of aliyunmaven has elapsed or updates are forced -> [Help 1]
[ERROR] 
[ERROR] To see the full stack trace of the errors, re-run Maven with the -e switch.
[ERROR] Re-run Maven using the -X switch to enable full debug logging.
[ERROR] 
[ERROR] For more information about the errors and possible solutions, please read the following articles:
[ERROR] [Help 1] http://cwiki.apache.org/confluence/display/MAVEN/DependencyResolutionException


current_pom file is:<?xml version='1.0' encoding='utf-8'?>
<project xmlns="http://maven.apache.org/POM/4.0.0" xmlns:xsi="http://www.w3.org/2001/XMLSchema-instance" xsi:schemaLocation="http://maven.apache.org/POM/4.0.0 https://maven.apache.org/xsd/maven-4.0.0.xsd">
  <modelVersion>4.0.0</modelVersion>
  <groupId>edu.vision.se</groupId>
  <artifactId>CVE-2013-6430</artifactId>
  <version>1.0-SNAPSHOT</version>
  <properties>
    <maven.compiler.target>11</maven.compiler.target>
    <maven.compiler.source>11</maven.compiler.source>
  </properties>
  <dependencies>
    <dependency>
      <groupId>org.springframework</groupId>
      <artifactId>spring-web</artifactId>
      <version>1.2.1</version>
    </dependency>
  <dependency><groupId>junit</groupId><artifactId>junit</artifactId><version>4.13.2</version></dependency>
  </dependencies>
  <repositories>
  <repository>
    <id>central</id>
    <url>https://repo.maven.apache.org/maven2</url>
  </repository>
</repositories>
</project>
[LLMClient] Response: 
pom
[96m[Adapter] LLM response for fix position: pom[0m
[96m[Adapter] Fix position is in pom.xml.[0m
[LLMClient] Tokens used: 228 (prompt), 40 (completion), 268 (total)
[LLMClient] Prompt: 
You are given an error log when executing 'mvn test' in version 1.2.1: 

Error: Failed to execute goal on project CVE-2013-6430: Could not resolve dependencies for project edu.vision.se:CVE-2013-6430:jar:1.0-SNAPSHOT: javax.faces:jsf-api:jar:1.1 was not found in https://maven.aliyun.com/repository/public during a previous attempt. This failure was cached in the local repository and resolution is not reattempted until the update interval of aliyunmaven has elapsed or updates are forced -> [Help 1], None, None 

The test executes as expected in 1.2 

Error code: None 

Extract two key *entities* from the error for searching related diffs 

The extracted entities should reflect code-level identifiers that are likely to appear in source code or diffs. 

Output each node as a `;`-separated list, with no explanations. 


[LLMClient] Response: 
`javax.faces:jsf-api:jar:1.1;edu.vision.se:CVE-2013-6430:jar:1.0-SNAPSHOT`
[96m[ErrorManager] Extracted key entities: ['`javax.faces:jsf-api:jar:1.1', 'edu.vision.se:CVE-2013-6430:jar:1.0-SNAPSHOT`'][0m
[96m[RepairModule] Start repair[0m
[LLMClient] Tokens used: 228 (prompt), 29 (completion), 257 (total)
[LLMClient] Prompt: 
You are given an error log when executing 'mvn test' in version 1.2.1: 

Error: Failed to execute goal on project CVE-2013-6430: Could not resolve dependencies for project edu.vision.se:CVE-2013-6430:jar:1.0-SNAPSHOT: javax.faces:jsf-api:jar:1.1 was not found in https://maven.aliyun.com/repository/public during a previous attempt. This failure was cached in the local repository and resolution is not reattempted until the update interval of aliyunmaven has elapsed or updates are forced -> [Help 1], None, None 

The test executes as expected in 1.2 

Error code: None 

Extract two key *entities* from the error for searching related diffs 

The extracted entities should reflect code-level identifiers that are likely to appear in source code or diffs. 

Output each node as a `;`-separated list, with no explanations. 


[LLMClient] Response: 
`javax.faces:jsf-api:jar:1.1;edu.vision.se:CVE-2013-6430`
[96m[ErrorManager] Extracted key entities: ['`javax.faces:jsf-api:jar:1.1', 'edu.vision.se:CVE-2013-6430`'][0m
[96m[Adapter] Try to solve error: {'file': 'UNKNOWN', 'line': -1, 'column': -1, 'message': 'Failed to execute goal on project CVE-2013-6430: Could not resolve dependencies for project edu.vision.se:CVE-2013-6430:jar:1.0-SNAPSHOT: javax.faces:jsf-api:jar:1.1 was not found in https://maven.aliyun.com/repository/public during a previous attempt. This failure was cached in the local repository and resolution is not reattempted until the update interval of aliyunmaven has elapsed or updates are forced -> [Help 1]', 'symbol': None, 'location': None, 'code_line': None} with cause: ['`javax.faces:jsf-api:jar:1.1', 'edu.vision.se:CVE-2013-6430`'][0m
[LLMClient] Tokens used: 274 (prompt), 23 (completion), 297 (total)
[LLMClient] Prompt: 
You are given an error log when executing 'mvn test' in version 1.2.1: 

Error: Failed to execute goal on project CVE-2013-6430: Could not resolve dependencies for project edu.vision.se:CVE-2013-6430:jar:1.0-SNAPSHOT: javax.faces:jsf-api:jar:1.1 was not found in https://maven.aliyun.com/repository/public during a previous attempt. This failure was cached in the local repository and resolution is not reattempted until the update interval of aliyunmaven has elapsed or updates are forced -> [Help 1], None, None 

The test executes as expected in 1.2 

Error code: None 

Extract two key *entities* from the error for searching related diffs 

The extracted entities should reflect code-level identifiers that are likely to appear in source code or diffs. 

Current cause: ['`javax.faces:jsf-api:jar:1.1', 'edu.vision.se:CVE-2013-6430`'] 

 failed to catch, try simpler or other entities.

Output each node as a `;`-separated list, with no explanations. 


[LLMClient] Response: 
`javax.faces:jsf-api;edu.vision.se:CVE-2013-6430`
[96m[ErrorManager] Extracted key entities: ['`javax.faces:jsf-api', 'edu.vision.se:CVE-2013-6430`'][0m
[96m[Adapter] Related diffs for error: [][0m
[96m[Adapter] Fix position is in test code.[0m
[96m[RepairModule] Start repair for group: Failed to execute goal on project CVE-2013-6430: Could not resolve dependencies for project edu.vision.se:CVE-2013-6430:jar:1.0-SNAPSHOT: javax.faces:jsf-api:jar:1.1 was not found in https://maven.aliyun.com/repository/public during a previous attempt. This failure was cached in the local repository and resolution is not reattempted until the update interval of aliyunmaven has elapsed or updates are forced -> [Help 1] | cause: ['`javax.faces:jsf-api', 'edu.vision.se:CVE-2013-6430`'][0m
[96m[RepairModule] Trying best diff #None with score 0.00[0m
[91m[RepairModule] Repair failed after simulated annealing.[0m
[96m[Adapter] Test code repair attempted.[0m
[96m[Executor] Executing exploit for CVE-2013-6430 on version 1.2.1...[0m
[96m[Verifier] Verifying reproduction...[0m
[91m[Verifier] âœ— Behavior not found: 'org.junit.ComparisonFailure'[0m
[91m[Executor] Reproduction result: Failure[0m
[92m[ErrorManager] Processing line: [ERROR] Failed to execute goal on project CVE-2013-6430: Could not resolve dependencies for project edu.vision.se:CVE-2013-6430:jar:1.0-SNAPSHOT: javax.faces:jsf-api:jar:1.1 was not found in https://maven.aliyun.com/repository/public during a previous attempt. This failure was cached in the local repository and resolution is not reattempted until the update interval of aliyunmaven has elapsed or updates are forced -> [Help 1][0m
[96m[ErrorManager] Ignoring line: [ERROR][0m
[96m[ErrorManager] Ignoring line: [ERROR] To see the full stack trace of the errors, re-run Maven with the -e switch.[0m
[96m[ErrorManager] Ignoring line: [ERROR] Re-run Maven using the -X switch to enable full debug logging.[0m
[96m[ErrorManager] Ignoring line: [ERROR][0m
[96m[ErrorManager] Ignoring line: [ERROR] For more information about the errors and possible solutions, please read the following articles:[0m
[96m[ErrorManager] Ignoring line: [ERROR] [Help 1] http://cwiki.apache.org/confluence/display/MAVEN/DependencyResolutionException[0m
[91m[ErrorManager] Failed to read file UNKNOWN: [Errno 2] No such file or directory: 'UNKNOWN'[0m
[96m[Adapter] Locating fix position in error log.[0m
[LLMClient] Tokens used: 834 (prompt), 2 (completion), 836 (total)
[LLMClient] Prompt: 
You are given a Java error log when executing 'mvn test' in a project with dependency version 1.2.1:org.springframework:spring-web.
This test file compiles and runs successfully with version 1.2.

Your task is to:
1. Analyze why this issue occurs with the *1.2* but not with the *1.2.1 version*.
2. Consider how to resolve the issue **without updating this library**.
3. Determine and output the location in the project that should be modified to fix the problem.

Please return 'pom' if the fix is in the pom.xml file, or 'test' if the fix is in the test code.
Do not return any other text, just 'pom' or 'test'.

The error log is:
[INFO] Scanning for projects...
[INFO] 
[INFO] --------------------< edu.vision.se:CVE-2013-6430 >---------------------
[INFO] Building CVE-2013-6430 1.0-SNAPSHOT
[INFO]   from pom.xml
[INFO] --------------------------------[ jar ]---------------------------------
[INFO] ------------------------------------------------------------------------
[INFO] BUILD FAILURE
[INFO] ------------------------------------------------------------------------
[INFO] Total time:  0.192 s
[INFO] Finished at: 2025-07-13T14:34:55Z
[INFO] ------------------------------------------------------------------------
[ERROR] Failed to execute goal on project CVE-2013-6430: Could not resolve dependencies for project edu.vision.se:CVE-2013-6430:jar:1.0-SNAPSHOT: javax.faces:jsf-api:jar:1.1 was not found in https://maven.aliyun.com/repository/public during a previous attempt. This failure was cached in the local repository and resolution is not reattempted until the update interval of aliyunmaven has elapsed or updates are forced -> [Help 1]
[ERROR] 
[ERROR] To see the full stack trace of the errors, re-run Maven with the -e switch.
[ERROR] Re-run Maven using the -X switch to enable full debug logging.
[ERROR] 
[ERROR] For more information about the errors and possible solutions, please read the following articles:
[ERROR] [Help 1] http://cwiki.apache.org/confluence/display/MAVEN/DependencyResolutionException


current_pom file is:<?xml version='1.0' encoding='utf-8'?>
<project xmlns="http://maven.apache.org/POM/4.0.0" xmlns:xsi="http://www.w3.org/2001/XMLSchema-instance" xsi:schemaLocation="http://maven.apache.org/POM/4.0.0 https://maven.apache.org/xsd/maven-4.0.0.xsd">
  <modelVersion>4.0.0</modelVersion>
  <groupId>edu.vision.se</groupId>
  <artifactId>CVE-2013-6430</artifactId>
  <version>1.0-SNAPSHOT</version>
  <properties>
    <maven.compiler.target>11</maven.compiler.target>
    <maven.compiler.source>11</maven.compiler.source>
  </properties>
  <dependencies>
    <dependency>
      <groupId>org.springframework</groupId>
      <artifactId>spring-web</artifactId>
      <version>1.2.1</version>
    </dependency>
  <dependency><groupId>junit</groupId><artifactId>junit</artifactId><version>4.13.2</version></dependency>
  </dependencies>
  <repositories>
  <repository>
    <id>central</id>
    <url>https://repo.maven.apache.org/maven2</url>
  </repository>
</repositories>
</project>
[LLMClient] Response: 
pom
[96m[Adapter] LLM response for fix position: pom[0m
[96m[Adapter] Fix position is in pom.xml.[0m
[LLMClient] Tokens used: 228 (prompt), 40 (completion), 268 (total)
[LLMClient] Prompt: 
You are given an error log when executing 'mvn test' in version 1.2.1: 

Error: Failed to execute goal on project CVE-2013-6430: Could not resolve dependencies for project edu.vision.se:CVE-2013-6430:jar:1.0-SNAPSHOT: javax.faces:jsf-api:jar:1.1 was not found in https://maven.aliyun.com/repository/public during a previous attempt. This failure was cached in the local repository and resolution is not reattempted until the update interval of aliyunmaven has elapsed or updates are forced -> [Help 1], None, None 

The test executes as expected in 1.2 

Error code: None 

Extract two key *entities* from the error for searching related diffs 

The extracted entities should reflect code-level identifiers that are likely to appear in source code or diffs. 

Output each node as a `;`-separated list, with no explanations. 


[LLMClient] Response: 
`javax.faces:jsf-api:jar:1.1;edu.vision.se:CVE-2013-6430:jar:1.0-SNAPSHOT`
[96m[ErrorManager] Extracted key entities: ['`javax.faces:jsf-api:jar:1.1', 'edu.vision.se:CVE-2013-6430:jar:1.0-SNAPSHOT`'][0m
[96m[RepairModule] Start repair[0m
[LLMClient] Tokens used: 228 (prompt), 40 (completion), 268 (total)
[LLMClient] Prompt: 
You are given an error log when executing 'mvn test' in version 1.2.1: 

Error: Failed to execute goal on project CVE-2013-6430: Could not resolve dependencies for project edu.vision.se:CVE-2013-6430:jar:1.0-SNAPSHOT: javax.faces:jsf-api:jar:1.1 was not found in https://maven.aliyun.com/repository/public during a previous attempt. This failure was cached in the local repository and resolution is not reattempted until the update interval of aliyunmaven has elapsed or updates are forced -> [Help 1], None, None 

The test executes as expected in 1.2 

Error code: None 

Extract two key *entities* from the error for searching related diffs 

The extracted entities should reflect code-level identifiers that are likely to appear in source code or diffs. 

Output each node as a `;`-separated list, with no explanations. 


[LLMClient] Response: 
`javax.faces:jsf-api:jar:1.1;edu.vision.se:CVE-2013-6430:jar:1.0-SNAPSHOT`
[96m[ErrorManager] Extracted key entities: ['`javax.faces:jsf-api:jar:1.1', 'edu.vision.se:CVE-2013-6430:jar:1.0-SNAPSHOT`'][0m
[96m[Adapter] Try to solve error: {'file': 'UNKNOWN', 'line': -1, 'column': -1, 'message': 'Failed to execute goal on project CVE-2013-6430: Could not resolve dependencies for project edu.vision.se:CVE-2013-6430:jar:1.0-SNAPSHOT: javax.faces:jsf-api:jar:1.1 was not found in https://maven.aliyun.com/repository/public during a previous attempt. This failure was cached in the local repository and resolution is not reattempted until the update interval of aliyunmaven has elapsed or updates are forced -> [Help 1]', 'symbol': None, 'location': None, 'code_line': None} with cause: ['`javax.faces:jsf-api:jar:1.1', 'edu.vision.se:CVE-2013-6430:jar:1.0-SNAPSHOT`'][0m
[LLMClient] Tokens used: 285 (prompt), 23 (completion), 308 (total)
[LLMClient] Prompt: 
You are given an error log when executing 'mvn test' in version 1.2.1: 

Error: Failed to execute goal on project CVE-2013-6430: Could not resolve dependencies for project edu.vision.se:CVE-2013-6430:jar:1.0-SNAPSHOT: javax.faces:jsf-api:jar:1.1 was not found in https://maven.aliyun.com/repository/public during a previous attempt. This failure was cached in the local repository and resolution is not reattempted until the update interval of aliyunmaven has elapsed or updates are forced -> [Help 1], None, None 

The test executes as expected in 1.2 

Error code: None 

Extract two key *entities* from the error for searching related diffs 

The extracted entities should reflect code-level identifiers that are likely to appear in source code or diffs. 

Current cause: ['`javax.faces:jsf-api:jar:1.1', 'edu.vision.se:CVE-2013-6430:jar:1.0-SNAPSHOT`'] 

 failed to catch, try simpler or other entities.

Output each node as a `;`-separated list, with no explanations. 


[LLMClient] Response: 
`javax.faces:jsf-api;edu.vision.se:CVE-2013-6430`
[96m[ErrorManager] Extracted key entities: ['`javax.faces:jsf-api', 'edu.vision.se:CVE-2013-6430`'][0m
[96m[Adapter] Related diffs for error: [][0m
[96m[Adapter] Fix position is in test code.[0m
[96m[RepairModule] Start repair for group: Failed to execute goal on project CVE-2013-6430: Could not resolve dependencies for project edu.vision.se:CVE-2013-6430:jar:1.0-SNAPSHOT: javax.faces:jsf-api:jar:1.1 was not found in https://maven.aliyun.com/repository/public during a previous attempt. This failure was cached in the local repository and resolution is not reattempted until the update interval of aliyunmaven has elapsed or updates are forced -> [Help 1] | cause: ['`javax.faces:jsf-api', 'edu.vision.se:CVE-2013-6430`'][0m
[96m[RepairModule] Trying best diff #None with score 0.00[0m
[91m[RepairModule] Repair failed after simulated annealing.[0m
[96m[Adapter] Test code repair attempted.[0m
[96m[Executor] Executing exploit for CVE-2013-6430 on version 1.2.1...[0m
[96m[Verifier] Verifying reproduction...[0m
[91m[Verifier] âœ— Behavior not found: 'org.junit.ComparisonFailure'[0m
[91m[Executor] Reproduction result: Failure[0m
[92m[ErrorManager] Processing line: [ERROR] Failed to execute goal on project CVE-2013-6430: Could not resolve dependencies for project edu.vision.se:CVE-2013-6430:jar:1.0-SNAPSHOT: javax.faces:jsf-api:jar:1.1 was not found in https://maven.aliyun.com/repository/public during a previous attempt. This failure was cached in the local repository and resolution is not reattempted until the update interval of aliyunmaven has elapsed or updates are forced -> [Help 1][0m
[96m[ErrorManager] Ignoring line: [ERROR][0m
[96m[ErrorManager] Ignoring line: [ERROR] To see the full stack trace of the errors, re-run Maven with the -e switch.[0m
[96m[ErrorManager] Ignoring line: [ERROR] Re-run Maven using the -X switch to enable full debug logging.[0m
[96m[ErrorManager] Ignoring line: [ERROR][0m
[96m[ErrorManager] Ignoring line: [ERROR] For more information about the errors and possible solutions, please read the following articles:[0m
[96m[ErrorManager] Ignoring line: [ERROR] [Help 1] http://cwiki.apache.org/confluence/display/MAVEN/DependencyResolutionException[0m
[91m[ErrorManager] Failed to read file UNKNOWN: [Errno 2] No such file or directory: 'UNKNOWN'[0m
[96m[Adapter] Locating fix position in error log.[0m
[LLMClient] Tokens used: 834 (prompt), 2 (completion), 836 (total)
[LLMClient] Prompt: 
You are given a Java error log when executing 'mvn test' in a project with dependency version 1.2.1:org.springframework:spring-web.
This test file compiles and runs successfully with version 1.2.

Your task is to:
1. Analyze why this issue occurs with the *1.2* but not with the *1.2.1 version*.
2. Consider how to resolve the issue **without updating this library**.
3. Determine and output the location in the project that should be modified to fix the problem.

Please return 'pom' if the fix is in the pom.xml file, or 'test' if the fix is in the test code.
Do not return any other text, just 'pom' or 'test'.

The error log is:
[INFO] Scanning for projects...
[INFO] 
[INFO] --------------------< edu.vision.se:CVE-2013-6430 >---------------------
[INFO] Building CVE-2013-6430 1.0-SNAPSHOT
[INFO]   from pom.xml
[INFO] --------------------------------[ jar ]---------------------------------
[INFO] ------------------------------------------------------------------------
[INFO] BUILD FAILURE
[INFO] ------------------------------------------------------------------------
[INFO] Total time:  0.245 s
[INFO] Finished at: 2025-07-13T14:35:17Z
[INFO] ------------------------------------------------------------------------
[ERROR] Failed to execute goal on project CVE-2013-6430: Could not resolve dependencies for project edu.vision.se:CVE-2013-6430:jar:1.0-SNAPSHOT: javax.faces:jsf-api:jar:1.1 was not found in https://maven.aliyun.com/repository/public during a previous attempt. This failure was cached in the local repository and resolution is not reattempted until the update interval of aliyunmaven has elapsed or updates are forced -> [Help 1]
[ERROR] 
[ERROR] To see the full stack trace of the errors, re-run Maven with the -e switch.
[ERROR] Re-run Maven using the -X switch to enable full debug logging.
[ERROR] 
[ERROR] For more information about the errors and possible solutions, please read the following articles:
[ERROR] [Help 1] http://cwiki.apache.org/confluence/display/MAVEN/DependencyResolutionException


current_pom file is:<?xml version='1.0' encoding='utf-8'?>
<project xmlns="http://maven.apache.org/POM/4.0.0" xmlns:xsi="http://www.w3.org/2001/XMLSchema-instance" xsi:schemaLocation="http://maven.apache.org/POM/4.0.0 https://maven.apache.org/xsd/maven-4.0.0.xsd">
  <modelVersion>4.0.0</modelVersion>
  <groupId>edu.vision.se</groupId>
  <artifactId>CVE-2013-6430</artifactId>
  <version>1.0-SNAPSHOT</version>
  <properties>
    <maven.compiler.target>11</maven.compiler.target>
    <maven.compiler.source>11</maven.compiler.source>
  </properties>
  <dependencies>
    <dependency>
      <groupId>org.springframework</groupId>
      <artifactId>spring-web</artifactId>
      <version>1.2.1</version>
    </dependency>
  <dependency><groupId>junit</groupId><artifactId>junit</artifactId><version>4.13.2</version></dependency>
  </dependencies>
  <repositories>
  <repository>
    <id>central</id>
    <url>https://repo.maven.apache.org/maven2</url>
  </repository>
</repositories>
</project>
[LLMClient] Response: 
pom
[96m[Adapter] LLM response for fix position: pom[0m
[96m[Adapter] Fix position is in pom.xml.[0m
[LLMClient] Tokens used: 228 (prompt), 40 (completion), 268 (total)
[LLMClient] Prompt: 
You are given an error log when executing 'mvn test' in version 1.2.1: 

Error: Failed to execute goal on project CVE-2013-6430: Could not resolve dependencies for project edu.vision.se:CVE-2013-6430:jar:1.0-SNAPSHOT: javax.faces:jsf-api:jar:1.1 was not found in https://maven.aliyun.com/repository/public during a previous attempt. This failure was cached in the local repository and resolution is not reattempted until the update interval of aliyunmaven has elapsed or updates are forced -> [Help 1], None, None 

The test executes as expected in 1.2 

Error code: None 

Extract two key *entities* from the error for searching related diffs 

The extracted entities should reflect code-level identifiers that are likely to appear in source code or diffs. 

Output each node as a `;`-separated list, with no explanations. 


[LLMClient] Response: 
`javax.faces:jsf-api:jar:1.1;edu.vision.se:CVE-2013-6430:jar:1.0-SNAPSHOT`
[96m[ErrorManager] Extracted key entities: ['`javax.faces:jsf-api:jar:1.1', 'edu.vision.se:CVE-2013-6430:jar:1.0-SNAPSHOT`'][0m
[96m[RepairModule] Start repair[0m
[LLMClient] Tokens used: 228 (prompt), 40 (completion), 268 (total)
[LLMClient] Prompt: 
You are given an error log when executing 'mvn test' in version 1.2.1: 

Error: Failed to execute goal on project CVE-2013-6430: Could not resolve dependencies for project edu.vision.se:CVE-2013-6430:jar:1.0-SNAPSHOT: javax.faces:jsf-api:jar:1.1 was not found in https://maven.aliyun.com/repository/public during a previous attempt. This failure was cached in the local repository and resolution is not reattempted until the update interval of aliyunmaven has elapsed or updates are forced -> [Help 1], None, None 

The test executes as expected in 1.2 

Error code: None 

Extract two key *entities* from the error for searching related diffs 

The extracted entities should reflect code-level identifiers that are likely to appear in source code or diffs. 

Output each node as a `;`-separated list, with no explanations. 


[LLMClient] Response: 
`javax.faces:jsf-api:jar:1.1;edu.vision.se:CVE-2013-6430:jar:1.0-SNAPSHOT`
[96m[ErrorManager] Extracted key entities: ['`javax.faces:jsf-api:jar:1.1', 'edu.vision.se:CVE-2013-6430:jar:1.0-SNAPSHOT`'][0m
[96m[Adapter] Try to solve error: {'file': 'UNKNOWN', 'line': -1, 'column': -1, 'message': 'Failed to execute goal on project CVE-2013-6430: Could not resolve dependencies for project edu.vision.se:CVE-2013-6430:jar:1.0-SNAPSHOT: javax.faces:jsf-api:jar:1.1 was not found in https://maven.aliyun.com/repository/public during a previous attempt. This failure was cached in the local repository and resolution is not reattempted until the update interval of aliyunmaven has elapsed or updates are forced -> [Help 1]', 'symbol': None, 'location': None, 'code_line': None} with cause: ['`javax.faces:jsf-api:jar:1.1', 'edu.vision.se:CVE-2013-6430:jar:1.0-SNAPSHOT`'][0m
[LLMClient] Tokens used: 285 (prompt), 23 (completion), 308 (total)
[LLMClient] Prompt: 
You are given an error log when executing 'mvn test' in version 1.2.1: 

Error: Failed to execute goal on project CVE-2013-6430: Could not resolve dependencies for project edu.vision.se:CVE-2013-6430:jar:1.0-SNAPSHOT: javax.faces:jsf-api:jar:1.1 was not found in https://maven.aliyun.com/repository/public during a previous attempt. This failure was cached in the local repository and resolution is not reattempted until the update interval of aliyunmaven has elapsed or updates are forced -> [Help 1], None, None 

The test executes as expected in 1.2 

Error code: None 

Extract two key *entities* from the error for searching related diffs 

The extracted entities should reflect code-level identifiers that are likely to appear in source code or diffs. 

Current cause: ['`javax.faces:jsf-api:jar:1.1', 'edu.vision.se:CVE-2013-6430:jar:1.0-SNAPSHOT`'] 

 failed to catch, try simpler or other entities.

Output each node as a `;`-separated list, with no explanations. 


[LLMClient] Response: 
`javax.faces:jsf-api;edu.vision.se:CVE-2013-6430`
[96m[ErrorManager] Extracted key entities: ['`javax.faces:jsf-api', 'edu.vision.se:CVE-2013-6430`'][0m
[96m[Adapter] Related diffs for error: [][0m
[96m[Adapter] Fix position is in test code.[0m
[96m[RepairModule] Start repair for group: Failed to execute goal on project CVE-2013-6430: Could not resolve dependencies for project edu.vision.se:CVE-2013-6430:jar:1.0-SNAPSHOT: javax.faces:jsf-api:jar:1.1 was not found in https://maven.aliyun.com/repository/public during a previous attempt. This failure was cached in the local repository and resolution is not reattempted until the update interval of aliyunmaven has elapsed or updates are forced -> [Help 1] | cause: ['`javax.faces:jsf-api', 'edu.vision.se:CVE-2013-6430`'][0m
[96m[RepairModule] Trying best diff #None with score 0.00[0m
[91m[RepairModule] Repair failed after simulated annealing.[0m
[96m[Adapter] Test code repair attempted.[0m
[96m[Executor] Executing exploit for CVE-2013-6430 on version 1.2.1...[0m
[96m[Verifier] Verifying reproduction...[0m
[91m[Verifier] âœ— Behavior not found: 'org.junit.ComparisonFailure'[0m
[91m[Executor] Reproduction result: Failure[0m
[92m[ErrorManager] Processing line: [ERROR] Failed to execute goal on project CVE-2013-6430: Could not resolve dependencies for project edu.vision.se:CVE-2013-6430:jar:1.0-SNAPSHOT: javax.faces:jsf-api:jar:1.1 was not found in https://maven.aliyun.com/repository/public during a previous attempt. This failure was cached in the local repository and resolution is not reattempted until the update interval of aliyunmaven has elapsed or updates are forced -> [Help 1][0m
[96m[ErrorManager] Ignoring line: [ERROR][0m
[96m[ErrorManager] Ignoring line: [ERROR] To see the full stack trace of the errors, re-run Maven with the -e switch.[0m
[96m[ErrorManager] Ignoring line: [ERROR] Re-run Maven using the -X switch to enable full debug logging.[0m
[96m[ErrorManager] Ignoring line: [ERROR][0m
[96m[ErrorManager] Ignoring line: [ERROR] For more information about the errors and possible solutions, please read the following articles:[0m
[96m[ErrorManager] Ignoring line: [ERROR] [Help 1] http://cwiki.apache.org/confluence/display/MAVEN/DependencyResolutionException[0m
[91m[ErrorManager] Failed to read file UNKNOWN: [Errno 2] No such file or directory: 'UNKNOWN'[0m
[96m[Adapter] Locating fix position in error log.[0m
[LLMClient] Tokens used: 834 (prompt), 2 (completion), 836 (total)
[LLMClient] Prompt: 
You are given a Java error log when executing 'mvn test' in a project with dependency version 1.2.1:org.springframework:spring-web.
This test file compiles and runs successfully with version 1.2.

Your task is to:
1. Analyze why this issue occurs with the *1.2* but not with the *1.2.1 version*.
2. Consider how to resolve the issue **without updating this library**.
3. Determine and output the location in the project that should be modified to fix the problem.

Please return 'pom' if the fix is in the pom.xml file, or 'test' if the fix is in the test code.
Do not return any other text, just 'pom' or 'test'.

The error log is:
[INFO] Scanning for projects...
[INFO] 
[INFO] --------------------< edu.vision.se:CVE-2013-6430 >---------------------
[INFO] Building CVE-2013-6430 1.0-SNAPSHOT
[INFO]   from pom.xml
[INFO] --------------------------------[ jar ]---------------------------------
[INFO] ------------------------------------------------------------------------
[INFO] BUILD FAILURE
[INFO] ------------------------------------------------------------------------
[INFO] Total time:  0.246 s
[INFO] Finished at: 2025-07-13T14:35:36Z
[INFO] ------------------------------------------------------------------------
[ERROR] Failed to execute goal on project CVE-2013-6430: Could not resolve dependencies for project edu.vision.se:CVE-2013-6430:jar:1.0-SNAPSHOT: javax.faces:jsf-api:jar:1.1 was not found in https://maven.aliyun.com/repository/public during a previous attempt. This failure was cached in the local repository and resolution is not reattempted until the update interval of aliyunmaven has elapsed or updates are forced -> [Help 1]
[ERROR] 
[ERROR] To see the full stack trace of the errors, re-run Maven with the -e switch.
[ERROR] Re-run Maven using the -X switch to enable full debug logging.
[ERROR] 
[ERROR] For more information about the errors and possible solutions, please read the following articles:
[ERROR] [Help 1] http://cwiki.apache.org/confluence/display/MAVEN/DependencyResolutionException


current_pom file is:<?xml version='1.0' encoding='utf-8'?>
<project xmlns="http://maven.apache.org/POM/4.0.0" xmlns:xsi="http://www.w3.org/2001/XMLSchema-instance" xsi:schemaLocation="http://maven.apache.org/POM/4.0.0 https://maven.apache.org/xsd/maven-4.0.0.xsd">
  <modelVersion>4.0.0</modelVersion>
  <groupId>edu.vision.se</groupId>
  <artifactId>CVE-2013-6430</artifactId>
  <version>1.0-SNAPSHOT</version>
  <properties>
    <maven.compiler.target>11</maven.compiler.target>
    <maven.compiler.source>11</maven.compiler.source>
  </properties>
  <dependencies>
    <dependency>
      <groupId>org.springframework</groupId>
      <artifactId>spring-web</artifactId>
      <version>1.2.1</version>
    </dependency>
  <dependency><groupId>junit</groupId><artifactId>junit</artifactId><version>4.13.2</version></dependency>
  </dependencies>
  <repositories>
  <repository>
    <id>central</id>
    <url>https://repo.maven.apache.org/maven2</url>
  </repository>
</repositories>
</project>
[LLMClient] Response: 
pom
[96m[Adapter] LLM response for fix position: pom[0m
[96m[Adapter] Fix position is in pom.xml.[0m
[LLMClient] Tokens used: 228 (prompt), 29 (completion), 257 (total)
[LLMClient] Prompt: 
You are given an error log when executing 'mvn test' in version 1.2.1: 

Error: Failed to execute goal on project CVE-2013-6430: Could not resolve dependencies for project edu.vision.se:CVE-2013-6430:jar:1.0-SNAPSHOT: javax.faces:jsf-api:jar:1.1 was not found in https://maven.aliyun.com/repository/public during a previous attempt. This failure was cached in the local repository and resolution is not reattempted until the update interval of aliyunmaven has elapsed or updates are forced -> [Help 1], None, None 

The test executes as expected in 1.2 

Error code: None 

Extract two key *entities* from the error for searching related diffs 

The extracted entities should reflect code-level identifiers that are likely to appear in source code or diffs. 

Output each node as a `;`-separated list, with no explanations. 


[LLMClient] Response: 
`javax.faces:jsf-api:jar:1.1;edu.vision.se:CVE-2013-6430`
[96m[ErrorManager] Extracted key entities: ['`javax.faces:jsf-api:jar:1.1', 'edu.vision.se:CVE-2013-6430`'][0m
[96m[RepairModule] Start repair[0m
[Adapt] â° Timeout: exceeded 300 seconds for 1.2 â†’ 1.2.1
[91m[Adapter] Adaptation failed for 1.2.1[0m

[Executor] â–¶ Summary of return codes:
  - Version 1.2.1: âœ— Failed (exit code 1)
