Running main_process.py for CVE: CVE-2022-23596
Versions: 5.0.0, 1.0.1

[1m[Main] === Starting adaptation process for CVE-2022-23596 ===[0m
[96m[Processor] Fetching all available Maven versions...[0m
[96m[Analyzer] Loading cached versions from: /PoCAdaptation/library/com_github_junrar_junrar.txt[0m
[96m[Analyzer] com.github.junrar:junrar has 22 versions (cached).[0m
[96m[Processor] Identifying versions with successful reproduction...[0m
[96m[Processor] Pending versions: ['0.7', '1.0.0', '1.0.1', '2.0.0', '3.0.0', '3.1.0', '4.0.0', '5.0.0'][0m
[96m[Preparer] Pending directory already exists: /PoCAdaptation/exploit/pending/CVE-2022-23596[0m
[92m[Main] Total affected versions: 15[0m
[92m[Main] Already reproduced versions: 7[0m
[93m[Main] Versions pending adaptation: 8[0m
[96m[Main]     -> ['0.7', '1.0.0', '1.0.1', '2.0.0', '3.0.0', '3.1.0', '4.0.0', '5.0.0'][0m
[96m[Main]     -> ['6.0.0', '6.0.1', '7.0.0', '7.1.0', '7.2.0', '7.3.0', '7.4.0'][0m
[96m[Executor] Running initial exploit mvn test in /PoCAdaptation/exploit/origin/CVE-2022-23596/exploit[0m
[91m[Executor] Initial exploit execution finished with return code 1[0m
[INFO] Scanning for projects...
[INFO] 
[INFO] --------------------< edu.vision.se:CVE-2022-23596 >--------------------
[INFO] Building junrar CVE-2022-23596 1.0-SNAPSHOT
[INFO]   from pom.xml
[INFO] --------------------------------[ jar ]---------------------------------
[INFO] 
[INFO] --- maven-clean-plugin:2.5:clean (default-clean) @ CVE-2022-23596 ---
[INFO] Deleting /PoCAdaptation/exploit/origin/CVE-2022-23596/exploit/target
[INFO] 
[INFO] --- maven-resources-plugin:2.6:resources (default-resources) @ CVE-2022-23596 ---
[WARNING] Using platform encoding (UTF-8 actually) to copy filtered resources, i.e. build is platform dependent!
[INFO] Copying 0 resource
[INFO] 
[INFO] --- maven-compiler-plugin:3.1:compile (default-compile) @ CVE-2022-23596 ---
[INFO] No sources to compile
[INFO] 
[INFO] --- maven-resources-plugin:2.6:testResources (default-testResources) @ CVE-2022-23596 ---
[WARNING] Using platform encoding (UTF-8 actually) to copy filtered resources, i.e. build is platform dependent!
[INFO] Copying 1 resource
[INFO] 
[INFO] --- maven-compiler-plugin:3.1:testCompile (default-testCompile) @ CVE-2022-23596 ---
[INFO] Changes detected - recompiling the module!
[WARNING] File encoding has not been set, using platform encoding UTF-8, i.e. build is platform dependent!
[INFO] Compiling 1 source file to /PoCAdaptation/exploit/origin/CVE-2022-23596/exploit/target/test-classes
[INFO] 
[INFO] --- maven-surefire-plugin:2.12.4:test (default-test) @ CVE-2022-23596 ---
[INFO] Surefire report directory: /PoCAdaptation/exploit/origin/CVE-2022-23596/exploit/target/surefire-reports

-------------------------------------------------------
 T E S T S
-------------------------------------------------------
Running edu.vision.se.Testcase1
Tests run: 1, Failures: 0, Errors: 1, Skipped: 0, Time elapsed: 2.03 sec <<< FAILURE!
testCorruptHeader(edu.vision.se.Testcase1)  Time elapsed: 2.013 sec  <<< ERROR!
org.junit.runners.model.TestTimedOutException: test timed out after 2000 milliseconds
	at app//com.github.junrar.unpack.vm.RarVM.ExecuteCode(RarVM.java:348)
	at app//com.github.junrar.unpack.vm.RarVM.execute(RarVM.java:174)
	at app//com.github.junrar.unpack.Unpack.ExecuteCode(Unpack.java:989)
	at app//com.github.junrar.unpack.Unpack.UnpWriteBuf(Unpack.java:412)
	at app//com.github.junrar.unpack.Unpack.unpack29(Unpack.java:353)
	at app//com.github.junrar.unpack.Unpack.doUnpack(Unpack.java:116)
	at app//com.github.junrar.Archive.doExtractFile(Archive.java:568)
	at app//com.github.junrar.Archive.extractFile(Archive.java:514)
	at app//com.github.junrar.LocalFolderExtractor.extract(LocalFolderExtractor.java:58)
	at app//com.github.junrar.Junrar.tryToExtract(Junrar.java:155)
	at app//com.github.junrar.Junrar.extractArchiveTo(Junrar.java:123)
	at app//com.github.junrar.Junrar.extract(Junrar.java:34)
	at app//edu.vision.se.Testcase1.testCorruptHeader(Testcase1.java:19)
	at java.base@11/jdk.internal.reflect.NativeMethodAccessorImpl.invoke0(Native Method)
	at java.base@11/jdk.internal.reflect.NativeMethodAccessorImpl.invoke(NativeMethodAccessorImpl.java:62)
	at java.base@11/jdk.internal.reflect.DelegatingMethodAccessorImpl.invoke(DelegatingMethodAccessorImpl.java:43)
	at java.base@11/java.lang.reflect.Method.invoke(Method.java:566)
	at app//org.junit.runners.model.FrameworkMethod$1.runReflectiveCall(FrameworkMethod.java:59)
	at app//org.junit.internal.runners.model.ReflectiveCallable.run(ReflectiveCallable.java:12)
	at app//org.junit.runners.model.FrameworkMethod.invokeExplosively(FrameworkMethod.java:56)
	at app//org.junit.internal.runners.statements.InvokeMethod.evaluate(InvokeMethod.java:17)
	at app//org.junit.internal.runners.statements.FailOnTimeout$CallableStatement.call(FailOnTimeout.java:299)
	at app//org.junit.internal.runners.statements.FailOnTimeout$CallableStatement.call(FailOnTimeout.java:293)
	at java.base@11/java.util.concurrent.FutureTask.run(FutureTask.java:264)
	at java.base@11/java.lang.Thread.run(Thread.java:834)


Results :

Tests in error: 
  testCorruptHeader(edu.vision.se.Testcase1): test timed out after 2000 milliseconds

Tests run: 1, Failures: 0, Errors: 1, Skipped: 0

[INFO] ------------------------------------------------------------------------
[INFO] BUILD FAILURE
[INFO] ------------------------------------------------------------------------
[INFO] Total time:  3.520 s
[INFO] Finished at: 2025-07-14T07:19:19Z
[INFO] ------------------------------------------------------------------------
[ERROR] Failed to execute goal org.apache.maven.plugins:maven-surefire-plugin:2.12.4:test (default-test) on project CVE-2022-23596: There are test failures.
[ERROR] 
[ERROR] Please refer to /PoCAdaptation/exploit/origin/CVE-2022-23596/exploit/target/surefire-reports for the individual test results.
[ERROR] -> [Help 1]
[ERROR] 
[ERROR] To see the full stack trace of the errors, re-run Maven with the -e switch.
[ERROR] Re-run Maven using the -X switch to enable full debug logging.
[ERROR] 
[ERROR] For more information about the errors and possible solutions, please read the following articles:
[ERROR] [Help 1] http://cwiki.apache.org/confluence/display/MAVEN/MojoFailureException

SLF4J: Failed to load class "org.slf4j.impl.StaticLoggerBinder".
SLF4J: Defaulting to no-operation (NOP) logger implementation
SLF4J: See http://www.slf4j.org/codes.html#StaticLoggerBinder for further details.

[96m[Verifier] Verifying reproduction...[0m
[92m[Verifier] âœ“ Behavior matched: 'org.junit.runners.model.TestTimedOutException'[0m
[92m[Verifier] âœ“ Detail matched: 'test timed out after'[0m
[92m[Verifier] âœ“ All reproduction indicators matched.[0m
[92m[Verifier] Initial exploit behavior verified successfully.[0m
[96m[Selector] Nearest need adapatation version selected: 5.0.0[0m
[96m[Selector] Closest reproduced version: 6.0.0 at index 8[0m
[96m[Adapter] Trying next closest version: 5.0.0[0m
[]
[93m[Preparer] No usable exploit dirs found under /PoCAdaptation/exploit/valid/CVE-2022-23596, use source[0m
[92m[Preparer] Copied exploit to: /PoCAdaptation/exploit/pending/CVE-2022-23596/5.0.0/exploit[0m
[96m[Preparer] Updating dependency version to 5.0.0 in /PoCAdaptation/exploit/pending/CVE-2022-23596/5.0.0/exploit/pom.xml[0m
[92m[Preparer] Updated dependency version to 5.0.0 in /PoCAdaptation/exploit/pending/CVE-2022-23596/5.0.0/exploit/pom.xml[0m
[96m[Executor] Attempting direct exploit execution on 5.0.0...[0m
[96m[Executor] Executing exploit for CVE-2022-23596 on version 5.0.0...[0m
[INFO] Scanning for projects...
[INFO] 
[INFO] --------------------< edu.vision.se:CVE-2022-23596 >--------------------
[INFO] Building junrar CVE-2022-23596 1.0-SNAPSHOT
[INFO]   from pom.xml
[INFO] --------------------------------[ jar ]---------------------------------
[INFO] 
[INFO] --- maven-clean-plugin:2.5:clean (default-clean) @ CVE-2022-23596 ---
[INFO] Deleting /PoCAdaptation/exploit/pending/CVE-2022-23596/5.0.0/exploit/target
[INFO] 
[INFO] --- maven-resources-plugin:2.6:resources (default-resources) @ CVE-2022-23596 ---
[WARNING] Using platform encoding (UTF-8 actually) to copy filtered resources, i.e. build is platform dependent!
[INFO] Copying 0 resource
[INFO] 
[INFO] --- maven-compiler-plugin:3.1:compile (default-compile) @ CVE-2022-23596 ---
[INFO] No sources to compile
[INFO] 
[INFO] --- maven-resources-plugin:2.6:testResources (default-testResources) @ CVE-2022-23596 ---
[WARNING] Using platform encoding (UTF-8 actually) to copy filtered resources, i.e. build is platform dependent!
[INFO] Copying 1 resource
[INFO] 
[INFO] --- maven-compiler-plugin:3.1:testCompile (default-testCompile) @ CVE-2022-23596 ---
[INFO] Changes detected - recompiling the module!
[WARNING] File encoding has not been set, using platform encoding UTF-8, i.e. build is platform dependent!
[INFO] Compiling 1 source file to /PoCAdaptation/exploit/pending/CVE-2022-23596/5.0.0/exploit/target/test-classes
[INFO] -------------------------------------------------------------
[ERROR] COMPILATION ERROR : 
[INFO] -------------------------------------------------------------
[ERROR] /PoCAdaptation/exploit/pending/CVE-2022-23596/5.0.0/exploit/src/test/java/edu/vision/se/Testcase1.java:[6,35] cannot find symbol
  symbol:   class CorruptHeaderException
  location: package com.github.junrar.exception
[ERROR] /PoCAdaptation/exploit/pending/CVE-2022-23596/5.0.0/exploit/src/test/java/edu/vision/se/Testcase1.java:[27,33] cannot find symbol
  symbol:   class CorruptHeaderException
  location: class edu.vision.se.Testcase1
[INFO] 2 errors 
[INFO] -------------------------------------------------------------
[INFO] ------------------------------------------------------------------------
[INFO] BUILD FAILURE
[INFO] ------------------------------------------------------------------------
[INFO] Total time:  1.047 s
[INFO] Finished at: 2025-07-14T07:19:23Z
[INFO] ------------------------------------------------------------------------
[ERROR] Failed to execute goal org.apache.maven.plugins:maven-compiler-plugin:3.1:testCompile (default-testCompile) on project CVE-2022-23596: Compilation failure: Compilation failure: 
[ERROR] /PoCAdaptation/exploit/pending/CVE-2022-23596/5.0.0/exploit/src/test/java/edu/vision/se/Testcase1.java:[6,35] cannot find symbol
[ERROR]   symbol:   class CorruptHeaderException
[ERROR]   location: package com.github.junrar.exception
[ERROR] /PoCAdaptation/exploit/pending/CVE-2022-23596/5.0.0/exploit/src/test/java/edu/vision/se/Testcase1.java:[27,33] cannot find symbol
[ERROR]   symbol:   class CorruptHeaderException
[ERROR]   location: class edu.vision.se.Testcase1
[ERROR] -> [Help 1]
[ERROR] 
[ERROR] To see the full stack trace of the errors, re-run Maven with the -e switch.
[ERROR] Re-run Maven using the -X switch to enable full debug logging.
[ERROR] 
[ERROR] For more information about the errors and possible solutions, please read the following articles:
[ERROR] [Help 1] http://cwiki.apache.org/confluence/display/MAVEN/MojoFailureException


[96m[Verifier] Verifying reproduction...[0m
[91m[Verifier] âœ— Behavior not found: 'org.junit.runners.model.TestTimedOutException'[0m
[91m[Executor] Reproduction result: Failure[0m
[96m[Adapter] Attempting adaptation from base version 6.0.0 to 5.0.0...[0m
[96m[Adapter] Start adapting exploit from 6.0.0 to 5.0.0"[0m
[96m[Executor] Executing exploit for CVE-2022-23596 on version 5.0.0...[0m
[INFO] Scanning for projects...
[INFO] 
[INFO] --------------------< edu.vision.se:CVE-2022-23596 >--------------------
[INFO] Building junrar CVE-2022-23596 1.0-SNAPSHOT
[INFO]   from pom.xml
[INFO] --------------------------------[ jar ]---------------------------------
[INFO] 
[INFO] --- maven-clean-plugin:2.5:clean (default-clean) @ CVE-2022-23596 ---
[INFO] Deleting /PoCAdaptation/exploit/result/CVE-2022-23596/5.0.0/exploit/target
[INFO] 
[INFO] --- maven-resources-plugin:2.6:resources (default-resources) @ CVE-2022-23596 ---
[WARNING] Using platform encoding (UTF-8 actually) to copy filtered resources, i.e. build is platform dependent!
[INFO] Copying 0 resource
[INFO] 
[INFO] --- maven-compiler-plugin:3.1:compile (default-compile) @ CVE-2022-23596 ---
[INFO] No sources to compile
[INFO] 
[INFO] --- maven-resources-plugin:2.6:testResources (default-testResources) @ CVE-2022-23596 ---
[WARNING] Using platform encoding (UTF-8 actually) to copy filtered resources, i.e. build is platform dependent!
[INFO] Copying 1 resource
[INFO] 
[INFO] --- maven-compiler-plugin:3.1:testCompile (default-testCompile) @ CVE-2022-23596 ---
[INFO] Changes detected - recompiling the module!
[WARNING] File encoding has not been set, using platform encoding UTF-8, i.e. build is platform dependent!
[INFO] Compiling 1 source file to /PoCAdaptation/exploit/result/CVE-2022-23596/5.0.0/exploit/target/test-classes
[INFO] -------------------------------------------------------------
[ERROR] COMPILATION ERROR : 
[INFO] -------------------------------------------------------------
[ERROR] /PoCAdaptation/exploit/result/CVE-2022-23596/5.0.0/exploit/src/test/java/edu/vision/se/Testcase1.java:[6,35] cannot find symbol
  symbol:   class CorruptHeaderException
  location: package com.github.junrar.exception
[ERROR] /PoCAdaptation/exploit/result/CVE-2022-23596/5.0.0/exploit/src/test/java/edu/vision/se/Testcase1.java:[27,33] cannot find symbol
  symbol:   class CorruptHeaderException
  location: class edu.vision.se.Testcase1
[INFO] 2 errors 
[INFO] -------------------------------------------------------------
[INFO] ------------------------------------------------------------------------
[INFO] BUILD FAILURE
[INFO] ------------------------------------------------------------------------
[INFO] Total time:  0.914 s
[INFO] Finished at: 2025-07-14T07:19:25Z
[INFO] ------------------------------------------------------------------------
[ERROR] Failed to execute goal org.apache.maven.plugins:maven-compiler-plugin:3.1:testCompile (default-testCompile) on project CVE-2022-23596: Compilation failure: Compilation failure: 
[ERROR] /PoCAdaptation/exploit/result/CVE-2022-23596/5.0.0/exploit/src/test/java/edu/vision/se/Testcase1.java:[6,35] cannot find symbol
[ERROR]   symbol:   class CorruptHeaderException
[ERROR]   location: package com.github.junrar.exception
[ERROR] /PoCAdaptation/exploit/result/CVE-2022-23596/5.0.0/exploit/src/test/java/edu/vision/se/Testcase1.java:[27,33] cannot find symbol
[ERROR]   symbol:   class CorruptHeaderException
[ERROR]   location: class edu.vision.se.Testcase1
[ERROR] -> [Help 1]
[ERROR] 
[ERROR] To see the full stack trace of the errors, re-run Maven with the -e switch.
[ERROR] Re-run Maven using the -X switch to enable full debug logging.
[ERROR] 
[ERROR] For more information about the errors and possible solutions, please read the following articles:
[ERROR] [Help 1] http://cwiki.apache.org/confluence/display/MAVEN/MojoFailureException


[96m[Verifier] Verifying reproduction...[0m
[91m[Verifier] âœ— Behavior not found: 'org.junit.runners.model.TestTimedOutException'[0m
[91m[Executor] Reproduction result: Failure[0m
[96m[ErrorManager] Ignoring line: [ERROR] Failed to execute goal org.apache.maven.plugins:maven-compiler-plugin:3.1:testCompile (default-testCompile) on project CVE-2022-23596: Compilation failure: Compilation failure:[0m
[92m[ErrorManager] Processing line: [ERROR] /PoCAdaptation/exploit/result/CVE-2022-23596/5.0.0/exploit/src/test/java/edu/vision/se/Testcase1.java:[6,35] cannot find symbol[0m
[92m[ErrorManager] Processing line: [ERROR]   symbol:   class CorruptHeaderException[0m
[92m[ErrorManager] Processing line: [ERROR]   location: package com.github.junrar.exception[0m
[92m[ErrorManager] Processing line: [ERROR] /PoCAdaptation/exploit/result/CVE-2022-23596/5.0.0/exploit/src/test/java/edu/vision/se/Testcase1.java:[27,33] cannot find symbol[0m
[92m[ErrorManager] Processing line: [ERROR]   symbol:   class CorruptHeaderException[0m
[92m[ErrorManager] Processing line: [ERROR]   location: class edu.vision.se.Testcase1[0m
[96m[ErrorManager] Ignoring line: [ERROR] -> [Help 1][0m
[96m[ErrorManager] Ignoring line: [ERROR][0m
[96m[ErrorManager] Ignoring line: [ERROR] To see the full stack trace of the errors, re-run Maven with the -e switch.[0m
[96m[ErrorManager] Ignoring line: [ERROR] Re-run Maven using the -X switch to enable full debug logging.[0m
[96m[ErrorManager] Ignoring line: [ERROR][0m
[96m[ErrorManager] Ignoring line: [ERROR] For more information about the errors and possible solutions, please read the following articles:[0m
[96m[ErrorManager] Ignoring line: [ERROR] [Help 1] http://cwiki.apache.org/confluence/display/MAVEN/MojoFailureException[0m
[96m[Adapter] Locating fix position in error log.[0m
---------
[LLMClient] Asking: You are given a Java error log when executing 'mvn test' in a project with dependency version 5.0.0:com.github.junrar:junrar.
This test file compiles and runs successfully with version 6.0.0.

Your task is to:
output the location in the project that should be modified to fix the problem **without updating this library**.

Please return 'pom' if the fix is in the pom.xml file, or 'test' if the fix is in the test code.
Do not return any other text, just 'pom' or 'test'.

The error log is:
[INFO] Scanning for projects...
[INFO] 
[INFO] --------------------< edu.vision.se:CVE-2022-23596 >--------------------
[INFO] Building junrar CVE-2022-23596 1.0-SNAPSHOT
[INFO]   from pom.xml
[INFO] --------------------------------[ jar ]---------------------------------
[INFO] 
[INFO] --- maven-clean-plugin:2.5:clean (default-clean) @ CVE-2022-23596 ---
[INFO] Deleting /PoCAdaptation/exploit/result/CVE-2022-23596/5.0.0/exploit/target
[INFO] 
[INFO] --- maven-resources-plugin:2.6:resources (default-resources) @ CVE-2022-23596 ---
[WARNING] Using platform encoding (UTF-8 actually) to copy filtered resources, i.e. build is platform dependent!
[INFO] Copying 0 resource
[INFO] 
[INFO] --- maven-compiler-plugin:3.1:compile (default-compile) @ CVE-2022-23596 ---
[INFO] No sources to compile
[INFO] 
[INFO] --- maven-resources-plugin:2.6:testResources (default-testResources) @ CVE-2022-23596 ---
[WARNING] Using platform encoding (UTF-8 actually) to copy filtered resources, i.e. build is platform dependent!
[INFO] Copying 1 resource
[INFO] 
[INFO] --- maven-compiler-plugin:3.1:testCompile (default-testCompile) @ CVE-2022-23596 ---
[INFO] Changes detected - recompiling the module!
[WARNING] File encoding has not been set, using platform encoding UTF-8, i.e. build is platform dependent!
[INFO] Compiling 1 source file to /PoCAdaptation/exploit/result/CVE-2022-23596/5.0.0/exploit/target/test-classes
[INFO] -------------------------------------------------------------
[ERROR] COMPILATION ERROR : 
[INFO] -------------------------------------------------------------
[ERROR] /PoCAdaptation/exploit/result/CVE-2022-23596/5.0.0/exploit/src/test/java/edu/vision/se/Testcase1.java:[6,35] cannot find symbol
  symbol:   class CorruptHeaderException
  location: package com.github.junrar.exception
[ERROR] /PoCAdaptation/exploit/result/CVE-2022-23596/5.0.0/exploit/src/test/java/edu/vision/se/Testcase1.java:[27,33] cannot find symbol
  symbol:   class CorruptHeaderException
  location: class edu.vision.se.Testcase1
[INFO] 2 errors 
[INFO] -------------------------------------------------------------
[INFO] ------------------------------------------------------------------------
[INFO] BUILD FAILURE
[INFO] ------------------------------------------------------------------------
[INFO] Total time:  0.914 s
[INFO] Finished at: 2025-07-14T07:19:25Z
[INFO] ------------------------------------------------------------------------
[ERROR] Failed to execute goal org.apache.maven.plugins:maven-compiler-plugin:3.1:testCompile (default-testCompile) on project CVE-2022-23596: Compilation failure: Compilation failure: 
[ERROR] /PoCAdaptation/exploit/result/CVE-2022-23596/5.0.0/exploit/src/test/java/edu/vision/se/Testcase1.java:[6,35] cannot find symbol
[ERROR]   symbol:   class CorruptHeaderException
[ERROR]   location: package com.github.junrar.exception
[ERROR] /PoCAdaptation/exploit/result/CVE-2022-23596/5.0.0/exploit/src/test/java/edu/vision/se/Testcase1.java:[27,33] cannot find symbol
[ERROR]   symbol:   class CorruptHeaderException
[ERROR]   location: class edu.vision.se.Testcase1
[ERROR] -> [Help 1]
[ERROR] 
[ERROR] To see the full stack trace of the errors, re-run Maven with the -e switch.
[ERROR] Re-run Maven using the -X switch to enable full debug logging.
[ERROR] 
[ERROR] For more information about the errors and possible solutions, please read the following articles:
[ERROR] [Help 1] http://cwiki.apache.org/confluence/display/MAVEN/MojoFailureException


current_pom file is:<?xml version='1.0' encoding='utf-8'?>
<project xmlns="http://maven.apache.org/POM/4.0.0" xmlns:xsi="http://www.w3.org/2001/XMLSchema-instance" xsi:schemaLocation="http://maven.apache.org/POM/4.0.0 https://maven.apache.org/xsd/maven-4.0.0.xsd">
  <groupId>edu.vision.se</groupId><version>1.0-SNAPSHOT</version><modelVersion>4.0.0</modelVersion>
  <artifactId>CVE-2022-23596</artifactId>
  <name>junrar CVE-2022-23596</name>

  <properties>
    <maven.compiler.target>11</maven.compiler.target>
    <maven.compiler.source>11</maven.compiler.source>
  </properties>

  <dependencies>
    <dependency>
      <groupId>com.github.junrar</groupId>
      <artifactId>junrar</artifactId>
      <version>5.0.0</version>
    </dependency>
    <dependency>
        <groupId>cn.hutool</groupId>
        <artifactId>hutool-all</artifactId>
        <version>5.7.10</version>
    </dependency>
  <dependency><groupId>junit</groupId><artifactId>junit</artifactId><version>4.13.2</version></dependency>
  
  </dependencies>
</project>
---------
---------
[LLMClient] Response: test
---------
[96m[Adapter] LLM response for fix position: test[0m
[96m[Adapter] Fix position is in test code.[0m
---------
[LLMClient] Asking: You are given an error when executing exploit in in 5.0.0:com.github.junrar:junrar
This exploit file compiles and reproduced successfully in 6.0.0 with an assertion error.

Your task is fix the error.

Only output the modified version of the test file. No explanations. 
### Compilation Errors:
[INFO] Scanning for projects...
[INFO] 
[INFO] --------------------< edu.vision.se:CVE-2022-23596 >--------------------
[INFO] Building junrar CVE-2022-23596 1.0-SNAPSHOT
[INFO]   from pom.xml
[INFO] --------------------------------[ jar ]---------------------------------
[INFO] 
[INFO] --- maven-clean-plugin:2.5:clean (default-clean) @ CVE-2022-23596 ---
[INFO] Deleting /PoCAdaptation/exploit/result/CVE-2022-23596/5.0.0/exploit/target
[INFO] 
[INFO] --- maven-resources-plugin:2.6:resources (default-resources) @ CVE-2022-23596 ---
[WARNING] Using platform encoding (UTF-8 actually) to copy filtered resources, i.e. build is platform dependent!
[INFO] Copying 0 resource
[INFO] 
[INFO] --- maven-compiler-plugin:3.1:compile (default-compile) @ CVE-2022-23596 ---
[INFO] No sources to compile
[INFO] 
[INFO] --- maven-resources-plugin:2.6:testResources (default-testResources) @ CVE-2022-23596 ---
[WARNING] Using platform encoding (UTF-8 actually) to copy filtered resources, i.e. build is platform dependent!
[INFO] Copying 1 resource
[INFO] 
[INFO] --- maven-compiler-plugin:3.1:testCompile (default-testCompile) @ CVE-2022-23596 ---
[INFO] Changes detected - recompiling the module!
[WARNING] File encoding has not been set, using platform encoding UTF-8, i.e. build is platform dependent!
[INFO] Compiling 1 source file to /PoCAdaptation/exploit/result/CVE-2022-23596/5.0.0/exploit/target/test-classes
[INFO] -------------------------------------------------------------
[ERROR] COMPILATION ERROR : 
[INFO] -------------------------------------------------------------
[ERROR] /PoCAdaptation/exploit/result/CVE-2022-23596/5.0.0/exploit/src/test/java/edu/vision/se/Testcase1.java:[6,35] cannot find symbol
  symbol:   class CorruptHeaderException
  location: package com.github.junrar.exception
[ERROR] /PoCAdaptation/exploit/result/CVE-2022-23596/5.0.0/exploit/src/test/java/edu/vision/se/Testcase1.java:[27,33] cannot find symbol
  symbol:   class CorruptHeaderException
  location: class edu.vision.se.Testcase1
[INFO] 2 errors 
[INFO] -------------------------------------------------------------
[INFO] ------------------------------------------------------------------------
[INFO] BUILD FAILURE
[INFO] ------------------------------------------------------------------------
[INFO] Total time:  0.914 s
[INFO] Finished at: 2025-07-14T07:19:25Z
[INFO] ------------------------------------------------------------------------
[ERROR] Failed to execute goal org.apache.maven.plugins:maven-compiler-plugin:3.1:testCompile (default-testCompile) on project CVE-2022-23596: Compilation failure: Compilation failure: 
[ERROR] /PoCAdaptation/exploit/result/CVE-2022-23596/5.0.0/exploit/src/test/java/edu/vision/se/Testcase1.java:[6,35] cannot find symbol
[ERROR]   symbol:   class CorruptHeaderException
[ERROR]   location: package com.github.junrar.exception
[ERROR] /PoCAdaptation/exploit/result/CVE-2022-23596/5.0.0/exploit/src/test/java/edu/vision/se/Testcase1.java:[27,33] cannot find symbol
[ERROR]   symbol:   class CorruptHeaderException
[ERROR]   location: class edu.vision.se.Testcase1
[ERROR] -> [Help 1]
[ERROR] 
[ERROR] To see the full stack trace of the errors, re-run Maven with the -e switch.
[ERROR] Re-run Maven using the -X switch to enable full debug logging.
[ERROR] 
[ERROR] For more information about the errors and possible solutions, please read the following articles:
[ERROR] [Help 1] http://cwiki.apache.org/confluence/display/MAVEN/MojoFailureException

### Test File Content:
package edu.vision.se;

import cn.hutool.core.io.FileUtil;
import com.github.junrar.Junrar;
import org.junit.Test;
import com.github.junrar.exception.CorruptHeaderException;
import java.io.File;

import static org.junit.Assert.assertTrue;
import static org.junit.Assert.fail;

public class Testcase1 {
    @Test(timeout = 2000)
    public void testCorruptHeader() throws Exception {
        File file = FileUtil.file(System.getProperty("user.dir"), "src/test/resources/loop.rar");
        File destFile = File.createTempFile("temp", null).getParentFile();

        try {
            Junrar.extract(file, destFile);
            fail("the test fail");
        } catch (Exception e) {
            validateThrow(e);
        }
    }

    public void validateThrow(Throwable e) {
        assertTrue(e instanceof CorruptHeaderException);
    }
}



---------
---------
[LLMClient] Response: ```java
package edu.vision.se;

import cn.hutool.core.io.FileUtil;
import com.github.junrar.Junrar;
import org.junit.Test;
import com.github.junrar.exception.RarException; // Updated import
import java.io.File;

import static org.junit.Assert.assertTrue;
import static org.junit.Assert.fail;

public class Testcase1 {
    @Test(timeout = 2000)
    public void testCorruptHeader() throws Exception {
        File file = FileUtil.file(System.getProperty("user.dir"), "src/test/resources/loop.rar");
        File destFile = File.createTempFile("temp", null).getParentFile();

        try {
            Junrar.extract(file, destFile);
            fail("the test fail");
        } catch (Exception e) {
            validateThrow(e);
        }
    }

    public void validateThrow(Throwable e) {
        assertTrue(e instanceof RarException); // Updated check
    }
}
```
---------
[96m[RepairModule] Wrote modified code to /PoCAdaptation/exploit/result/CVE-2022-23596/5.0.0/exploit/src/test/java/edu/vision/se/Testcase1.java[0m
[96m[Executor] Executing exploit for CVE-2022-23596 on version 5.0.0...[0m
[INFO] Scanning for projects...
[INFO] 
[INFO] --------------------< edu.vision.se:CVE-2022-23596 >--------------------
[INFO] Building junrar CVE-2022-23596 1.0-SNAPSHOT
[INFO]   from pom.xml
[INFO] --------------------------------[ jar ]---------------------------------
[INFO] 
[INFO] --- maven-clean-plugin:2.5:clean (default-clean) @ CVE-2022-23596 ---
[INFO] Deleting /PoCAdaptation/exploit/result/CVE-2022-23596/5.0.0/exploit/target
[INFO] 
[INFO] --- maven-resources-plugin:2.6:resources (default-resources) @ CVE-2022-23596 ---
[WARNING] Using platform encoding (UTF-8 actually) to copy filtered resources, i.e. build is platform dependent!
[INFO] Copying 0 resource
[INFO] 
[INFO] --- maven-compiler-plugin:3.1:compile (default-compile) @ CVE-2022-23596 ---
[INFO] No sources to compile
[INFO] 
[INFO] --- maven-resources-plugin:2.6:testResources (default-testResources) @ CVE-2022-23596 ---
[WARNING] Using platform encoding (UTF-8 actually) to copy filtered resources, i.e. build is platform dependent!
[INFO] Copying 1 resource
[INFO] 
[INFO] --- maven-compiler-plugin:3.1:testCompile (default-testCompile) @ CVE-2022-23596 ---
[INFO] Changes detected - recompiling the module!
[WARNING] File encoding has not been set, using platform encoding UTF-8, i.e. build is platform dependent!
[INFO] Compiling 1 source file to /PoCAdaptation/exploit/result/CVE-2022-23596/5.0.0/exploit/target/test-classes
[INFO] 
[INFO] --- maven-surefire-plugin:2.12.4:test (default-test) @ CVE-2022-23596 ---
[INFO] Surefire report directory: /PoCAdaptation/exploit/result/CVE-2022-23596/5.0.0/exploit/target/surefire-reports

-------------------------------------------------------
 T E S T S
-------------------------------------------------------
Running edu.vision.se.Testcase1
Tests run: 1, Failures: 0, Errors: 1, Skipped: 0, Time elapsed: 2.032 sec <<< FAILURE!
testCorruptHeader(edu.vision.se.Testcase1)  Time elapsed: 2.017 sec  <<< ERROR!
org.junit.runners.model.TestTimedOutException: test timed out after 2000 milliseconds
	at app//com.github.junrar.unpack.vm.RarVM.ExecuteCode(RarVM.java:348)
	at app//com.github.junrar.unpack.vm.RarVM.execute(RarVM.java:174)
	at app//com.github.junrar.unpack.Unpack.ExecuteCode(Unpack.java:989)
	at app//com.github.junrar.unpack.Unpack.UnpWriteBuf(Unpack.java:412)
	at app//com.github.junrar.unpack.Unpack.unpack29(Unpack.java:353)
	at app//com.github.junrar.unpack.Unpack.doUnpack(Unpack.java:116)
	at app//com.github.junrar.Archive.doExtractFile(Archive.java:576)
	at app//com.github.junrar.Archive.extractFile(Archive.java:518)
	at app//com.github.junrar.LocalFolderExtractor.extract(LocalFolderExtractor.java:60)
	at app//com.github.junrar.Junrar.tryToExtract(Junrar.java:165)
	at app//com.github.junrar.Junrar.extractArchiveTo(Junrar.java:132)
	at app//com.github.junrar.Junrar.extract(Junrar.java:34)
	at app//edu.vision.se.Testcase1.testCorruptHeader(Testcase1.java:19)
	at java.base@11/jdk.internal.reflect.NativeMethodAccessorImpl.invoke0(Native Method)
	at java.base@11/jdk.internal.reflect.NativeMethodAccessorImpl.invoke(NativeMethodAccessorImpl.java:62)
	at java.base@11/jdk.internal.reflect.DelegatingMethodAccessorImpl.invoke(DelegatingMethodAccessorImpl.java:43)
	at java.base@11/java.lang.reflect.Method.invoke(Method.java:566)
	at app//org.junit.runners.model.FrameworkMethod$1.runReflectiveCall(FrameworkMethod.java:59)
	at app//org.junit.internal.runners.model.ReflectiveCallable.run(ReflectiveCallable.java:12)
	at app//org.junit.runners.model.FrameworkMethod.invokeExplosively(FrameworkMethod.java:56)
	at app//org.junit.internal.runners.statements.InvokeMethod.evaluate(InvokeMethod.java:17)
	at app//org.junit.internal.runners.statements.FailOnTimeout$CallableStatement.call(FailOnTimeout.java:299)
	at app//org.junit.internal.runners.statements.FailOnTimeout$CallableStatement.call(FailOnTimeout.java:293)
	at java.base@11/java.util.concurrent.FutureTask.run(FutureTask.java:264)
	at java.base@11/java.lang.Thread.run(Thread.java:834)


Results :

Tests in error: 
  testCorruptHeader(edu.vision.se.Testcase1): test timed out after 2000 milliseconds

Tests run: 1, Failures: 0, Errors: 1, Skipped: 0

[INFO] ------------------------------------------------------------------------
[INFO] BUILD FAILURE
[INFO] ------------------------------------------------------------------------
[INFO] Total time:  3.246 s
[INFO] Finished at: 2025-07-14T07:20:12Z
[INFO] ------------------------------------------------------------------------
[ERROR] Failed to execute goal org.apache.maven.plugins:maven-surefire-plugin:2.12.4:test (default-test) on project CVE-2022-23596: There are test failures.
[ERROR] 
[ERROR] Please refer to /PoCAdaptation/exploit/result/CVE-2022-23596/5.0.0/exploit/target/surefire-reports for the individual test results.
[ERROR] -> [Help 1]
[ERROR] 
[ERROR] To see the full stack trace of the errors, re-run Maven with the -e switch.
[ERROR] Re-run Maven using the -X switch to enable full debug logging.
[ERROR] 
[ERROR] For more information about the errors and possible solutions, please read the following articles:
[ERROR] [Help 1] http://cwiki.apache.org/confluence/display/MAVEN/MojoFailureException

Jul 14, 2025 7:20:10 AM com.github.junrar.rarfile.BaseBlock print
INFO: HeaderType: SubHeader
HeadCRC: 7777
Flags: 7757
HeaderSize: 30583
Position in file: 429
Jul 14, 2025 7:20:10 AM com.github.junrar.rarfile.BlockHeader print
INFO: DataSize: 2004318071 packSize: 2004318071
Jul 14, 2025 7:20:10 AM com.github.junrar.rarfile.SubBlockHeader print
INFO: subtype: null
Jul 14, 2025 7:20:10 AM com.github.junrar.rarfile.SubBlockHeader print
INFO: level: 119
Jul 14, 2025 7:20:10 AM com.github.junrar.Archive setFile
WARNING: exception in archive constructor maybe file is encrypted, corrupt or support not yet implemented
java.lang.NullPointerException
	at com.github.junrar.Archive.readHeaders(Archive.java:438)
	at com.github.junrar.Archive.setFile(Archive.java:170)
	at com.github.junrar.Archive.setVolume(Archive.java:658)
	at com.github.junrar.Archive.<init>(Archive.java:125)
	at com.github.junrar.Archive.<init>(Archive.java:104)
	at com.github.junrar.Junrar.createArchiveOrThrowException(Junrar.java:90)
	at com.github.junrar.Junrar.extract(Junrar.java:32)
	at edu.vision.se.Testcase1.testCorruptHeader(Testcase1.java:19)
	at java.base/jdk.internal.reflect.NativeMethodAccessorImpl.invoke0(Native Method)
	at java.base/jdk.internal.reflect.NativeMethodAccessorImpl.invoke(NativeMethodAccessorImpl.java:62)
	at java.base/jdk.internal.reflect.DelegatingMethodAccessorImpl.invoke(DelegatingMethodAccessorImpl.java:43)
	at java.base/java.lang.reflect.Method.invoke(Method.java:566)
	at org.junit.runners.model.FrameworkMethod$1.runReflectiveCall(FrameworkMethod.java:59)
	at org.junit.internal.runners.model.ReflectiveCallable.run(ReflectiveCallable.java:12)
	at org.junit.runners.model.FrameworkMethod.invokeExplosively(FrameworkMethod.java:56)
	at org.junit.internal.runners.statements.InvokeMethod.evaluate(InvokeMethod.java:17)
	at org.junit.internal.runners.statements.FailOnTimeout$CallableStatement.call(FailOnTimeout.java:299)
	at org.junit.internal.runners.statements.FailOnTimeout$CallableStatement.call(FailOnTimeout.java:293)
	at java.base/java.util.concurrent.FutureTask.run(FutureTask.java:264)
	at java.base/java.lang.Thread.run(Thread.java:834)

Jul 14, 2025 7:20:10 AM com.github.junrar.Junrar tryToExtract
INFO: extracting: __MICOSX\._apple)touch-icon-70-precomposed.png

[96m[Verifier] Verifying reproduction...[0m
[92m[Verifier] âœ“ Behavior matched: 'org.junit.runners.model.TestTimedOutException'[0m
[92m[Verifier] âœ“ Detail matched: 'test timed out after'[0m
[92m[Verifier] âœ“ All reproduction indicators matched.[0m
[92m[Executor] Reproduction result: Success[0m
[92m[RepairModule] Test repair success with diff[0m
[96m[Adapter] Test code repair attempted.[0m
[96m[Executor] Executing exploit for CVE-2022-23596 on version 5.0.0...[0m
[INFO] Scanning for projects...
[INFO] 
[INFO] --------------------< edu.vision.se:CVE-2022-23596 >--------------------
[INFO] Building junrar CVE-2022-23596 1.0-SNAPSHOT
[INFO]   from pom.xml
[INFO] --------------------------------[ jar ]---------------------------------
[INFO] 
[INFO] --- maven-clean-plugin:2.5:clean (default-clean) @ CVE-2022-23596 ---
[INFO] Deleting /PoCAdaptation/exploit/result/CVE-2022-23596/5.0.0/exploit/target
[INFO] 
[INFO] --- maven-resources-plugin:2.6:resources (default-resources) @ CVE-2022-23596 ---
[WARNING] Using platform encoding (UTF-8 actually) to copy filtered resources, i.e. build is platform dependent!
[INFO] Copying 0 resource
[INFO] 
[INFO] --- maven-compiler-plugin:3.1:compile (default-compile) @ CVE-2022-23596 ---
[INFO] No sources to compile
[INFO] 
[INFO] --- maven-resources-plugin:2.6:testResources (default-testResources) @ CVE-2022-23596 ---
[WARNING] Using platform encoding (UTF-8 actually) to copy filtered resources, i.e. build is platform dependent!
[INFO] Copying 1 resource
[INFO] 
[INFO] --- maven-compiler-plugin:3.1:testCompile (default-testCompile) @ CVE-2022-23596 ---
[INFO] Changes detected - recompiling the module!
[WARNING] File encoding has not been set, using platform encoding UTF-8, i.e. build is platform dependent!
[INFO] Compiling 1 source file to /PoCAdaptation/exploit/result/CVE-2022-23596/5.0.0/exploit/target/test-classes
[INFO] 
[INFO] --- maven-surefire-plugin:2.12.4:test (default-test) @ CVE-2022-23596 ---
[INFO] Surefire report directory: /PoCAdaptation/exploit/result/CVE-2022-23596/5.0.0/exploit/target/surefire-reports

-------------------------------------------------------
 T E S T S
-------------------------------------------------------
Running edu.vision.se.Testcase1
Tests run: 1, Failures: 0, Errors: 1, Skipped: 0, Time elapsed: 2.034 sec <<< FAILURE!
testCorruptHeader(edu.vision.se.Testcase1)  Time elapsed: 2.016 sec  <<< ERROR!
org.junit.runners.model.TestTimedOutException: test timed out after 2000 milliseconds
	at app//com.github.junrar.unpack.vm.RarVM.ExecuteCode(RarVM.java:348)
	at app//com.github.junrar.unpack.vm.RarVM.execute(RarVM.java:174)
	at app//com.github.junrar.unpack.Unpack.ExecuteCode(Unpack.java:989)
	at app//com.github.junrar.unpack.Unpack.UnpWriteBuf(Unpack.java:412)
	at app//com.github.junrar.unpack.Unpack.unpack29(Unpack.java:353)
	at app//com.github.junrar.unpack.Unpack.doUnpack(Unpack.java:116)
	at app//com.github.junrar.Archive.doExtractFile(Archive.java:576)
	at app//com.github.junrar.Archive.extractFile(Archive.java:518)
	at app//com.github.junrar.LocalFolderExtractor.extract(LocalFolderExtractor.java:60)
	at app//com.github.junrar.Junrar.tryToExtract(Junrar.java:165)
	at app//com.github.junrar.Junrar.extractArchiveTo(Junrar.java:132)
	at app//com.github.junrar.Junrar.extract(Junrar.java:34)
	at app//edu.vision.se.Testcase1.testCorruptHeader(Testcase1.java:19)
	at java.base@11/jdk.internal.reflect.NativeMethodAccessorImpl.invoke0(Native Method)
	at java.base@11/jdk.internal.reflect.NativeMethodAccessorImpl.invoke(NativeMethodAccessorImpl.java:62)
	at java.base@11/jdk.internal.reflect.DelegatingMethodAccessorImpl.invoke(DelegatingMethodAccessorImpl.java:43)
	at java.base@11/java.lang.reflect.Method.invoke(Method.java:566)
	at app//org.junit.runners.model.FrameworkMethod$1.runReflectiveCall(FrameworkMethod.java:59)
	at app//org.junit.internal.runners.model.ReflectiveCallable.run(ReflectiveCallable.java:12)
	at app//org.junit.runners.model.FrameworkMethod.invokeExplosively(FrameworkMethod.java:56)
	at app//org.junit.internal.runners.statements.InvokeMethod.evaluate(InvokeMethod.java:17)
	at app//org.junit.internal.runners.statements.FailOnTimeout$CallableStatement.call(FailOnTimeout.java:299)
	at app//org.junit.internal.runners.statements.FailOnTimeout$CallableStatement.call(FailOnTimeout.java:293)
	at java.base@11/java.util.concurrent.FutureTask.run(FutureTask.java:264)
	at java.base@11/java.lang.Thread.run(Thread.java:834)


Results :

Tests in error: 
  testCorruptHeader(edu.vision.se.Testcase1): test timed out after 2000 milliseconds

Tests run: 1, Failures: 0, Errors: 1, Skipped: 0

[INFO] ------------------------------------------------------------------------
[INFO] BUILD FAILURE
[INFO] ------------------------------------------------------------------------
[INFO] Total time:  3.309 s
[INFO] Finished at: 2025-07-14T07:20:16Z
[INFO] ------------------------------------------------------------------------
[ERROR] Failed to execute goal org.apache.maven.plugins:maven-surefire-plugin:2.12.4:test (default-test) on project CVE-2022-23596: There are test failures.
[ERROR] 
[ERROR] Please refer to /PoCAdaptation/exploit/result/CVE-2022-23596/5.0.0/exploit/target/surefire-reports for the individual test results.
[ERROR] -> [Help 1]
[ERROR] 
[ERROR] To see the full stack trace of the errors, re-run Maven with the -e switch.
[ERROR] Re-run Maven using the -X switch to enable full debug logging.
[ERROR] 
[ERROR] For more information about the errors and possible solutions, please read the following articles:
[ERROR] [Help 1] http://cwiki.apache.org/confluence/display/MAVEN/MojoFailureException

Jul 14, 2025 7:20:14 AM com.github.junrar.rarfile.BaseBlock print
INFO: HeaderType: SubHeader
HeadCRC: 7777
Flags: 7757
HeaderSize: 30583
Position in file: 429
Jul 14, 2025 7:20:14 AM com.github.junrar.rarfile.BlockHeader print
INFO: DataSize: 2004318071 packSize: 2004318071
Jul 14, 2025 7:20:14 AM com.github.junrar.rarfile.SubBlockHeader print
INFO: subtype: null
Jul 14, 2025 7:20:14 AM com.github.junrar.rarfile.SubBlockHeader print
INFO: level: 119
Jul 14, 2025 7:20:14 AM com.github.junrar.Archive setFile
WARNING: exception in archive constructor maybe file is encrypted, corrupt or support not yet implemented
java.lang.NullPointerException
	at com.github.junrar.Archive.readHeaders(Archive.java:438)
	at com.github.junrar.Archive.setFile(Archive.java:170)
	at com.github.junrar.Archive.setVolume(Archive.java:658)
	at com.github.junrar.Archive.<init>(Archive.java:125)
	at com.github.junrar.Archive.<init>(Archive.java:104)
	at com.github.junrar.Junrar.createArchiveOrThrowException(Junrar.java:90)
	at com.github.junrar.Junrar.extract(Junrar.java:32)
	at edu.vision.se.Testcase1.testCorruptHeader(Testcase1.java:19)
	at java.base/jdk.internal.reflect.NativeMethodAccessorImpl.invoke0(Native Method)
	at java.base/jdk.internal.reflect.NativeMethodAccessorImpl.invoke(NativeMethodAccessorImpl.java:62)
	at java.base/jdk.internal.reflect.DelegatingMethodAccessorImpl.invoke(DelegatingMethodAccessorImpl.java:43)
	at java.base/java.lang.reflect.Method.invoke(Method.java:566)
	at org.junit.runners.model.FrameworkMethod$1.runReflectiveCall(FrameworkMethod.java:59)
	at org.junit.internal.runners.model.ReflectiveCallable.run(ReflectiveCallable.java:12)
	at org.junit.runners.model.FrameworkMethod.invokeExplosively(FrameworkMethod.java:56)
	at org.junit.internal.runners.statements.InvokeMethod.evaluate(InvokeMethod.java:17)
	at org.junit.internal.runners.statements.FailOnTimeout$CallableStatement.call(FailOnTimeout.java:299)
	at org.junit.internal.runners.statements.FailOnTimeout$CallableStatement.call(FailOnTimeout.java:293)
	at java.base/java.util.concurrent.FutureTask.run(FutureTask.java:264)
	at java.base/java.lang.Thread.run(Thread.java:834)

Jul 14, 2025 7:20:14 AM com.github.junrar.Junrar tryToExtract
INFO: extracting: __MICOSX\._apple)touch-icon-70-precomposed.png

[96m[Verifier] Verifying reproduction...[0m
[92m[Verifier] âœ“ Behavior matched: 'org.junit.runners.model.TestTimedOutException'[0m
[92m[Verifier] âœ“ Detail matched: 'test timed out after'[0m
[92m[Verifier] âœ“ All reproduction indicators matched.[0m
[92m[Executor] Reproduction result: Success[0m
[92m[Adapter] Adaptation from 6.0.0 to 5.0.0 successful.[0m
[Adapt] âœ“ Completed: True
[96m[Adapter] Adaptation complete. Retesting exploit on 5.0.0...[0m
[92m[Executor] Adaptation + reproduction successful on 5.0.0[0m
[96m[Adapter] Copied successful adaptation to /PoCAdaptation/exploit/valid/CVE-2022-23596/5.0.0[0m
[1m[Main] === Starting adaptation process for CVE-2022-23596 ===[0m
[96m[Processor] Fetching all available Maven versions...[0m
[96m[Analyzer] Loading cached versions from: /PoCAdaptation/library/com_github_junrar_junrar.txt[0m
[96m[Analyzer] com.github.junrar:junrar has 22 versions (cached).[0m
[96m[Processor] Identifying versions with successful reproduction...[0m
[96m[Processor] Pending versions: ['0.7', '1.0.0', '1.0.1', '2.0.0', '3.0.0', '3.1.0', '4.0.0', '5.0.0'][0m
[96m[Preparer] Pending directory already exists: /PoCAdaptation/exploit/pending/CVE-2022-23596[0m
[92m[Main] Total affected versions: 15[0m
[92m[Main] Already reproduced versions: 12[0m
[93m[Main] Versions pending adaptation: 3[0m
[96m[Main]     -> ['0.7', '1.0.0', '1.0.1'][0m
[96m[Main]     -> ['2.0.0', '3.0.0', '3.1.0', '4.0.0', '5.0.0', '6.0.0', '6.0.1', '7.0.0', '7.1.0', '7.2.0', '7.3.0', '7.4.0'][0m
[96m[Executor] Running initial exploit mvn test in /PoCAdaptation/exploit/origin/CVE-2022-23596/exploit[0m
[91m[Executor] Initial exploit execution finished with return code 1[0m
[INFO] Scanning for projects...
[INFO] 
[INFO] --------------------< edu.vision.se:CVE-2022-23596 >--------------------
[INFO] Building junrar CVE-2022-23596 1.0-SNAPSHOT
[INFO]   from pom.xml
[INFO] --------------------------------[ jar ]---------------------------------
[INFO] 
[INFO] --- maven-clean-plugin:2.5:clean (default-clean) @ CVE-2022-23596 ---
[INFO] Deleting /PoCAdaptation/exploit/origin/CVE-2022-23596/exploit/target
[INFO] 
[INFO] --- maven-resources-plugin:2.6:resources (default-resources) @ CVE-2022-23596 ---
[WARNING] Using platform encoding (UTF-8 actually) to copy filtered resources, i.e. build is platform dependent!
[INFO] Copying 0 resource
[INFO] 
[INFO] --- maven-compiler-plugin:3.1:compile (default-compile) @ CVE-2022-23596 ---
[INFO] No sources to compile
[INFO] 
[INFO] --- maven-resources-plugin:2.6:testResources (default-testResources) @ CVE-2022-23596 ---
[WARNING] Using platform encoding (UTF-8 actually) to copy filtered resources, i.e. build is platform dependent!
[INFO] Copying 1 resource
[INFO] 
[INFO] --- maven-compiler-plugin:3.1:testCompile (default-testCompile) @ CVE-2022-23596 ---
[INFO] Changes detected - recompiling the module!
[WARNING] File encoding has not been set, using platform encoding UTF-8, i.e. build is platform dependent!
[INFO] Compiling 1 source file to /PoCAdaptation/exploit/origin/CVE-2022-23596/exploit/target/test-classes
[INFO] 
[INFO] --- maven-surefire-plugin:2.12.4:test (default-test) @ CVE-2022-23596 ---
[INFO] Surefire report directory: /PoCAdaptation/exploit/origin/CVE-2022-23596/exploit/target/surefire-reports

-------------------------------------------------------
 T E S T S
-------------------------------------------------------
Running edu.vision.se.Testcase1
Tests run: 1, Failures: 0, Errors: 1, Skipped: 0, Time elapsed: 2.034 sec <<< FAILURE!
testCorruptHeader(edu.vision.se.Testcase1)  Time elapsed: 2.017 sec  <<< ERROR!
org.junit.runners.model.TestTimedOutException: test timed out after 2000 milliseconds
	at app//com.github.junrar.unpack.vm.RarVM.ExecuteCode(RarVM.java:348)
	at app//com.github.junrar.unpack.vm.RarVM.execute(RarVM.java:174)
	at app//com.github.junrar.unpack.Unpack.ExecuteCode(Unpack.java:989)
	at app//com.github.junrar.unpack.Unpack.UnpWriteBuf(Unpack.java:412)
	at app//com.github.junrar.unpack.Unpack.unpack29(Unpack.java:353)
	at app//com.github.junrar.unpack.Unpack.doUnpack(Unpack.java:116)
	at app//com.github.junrar.Archive.doExtractFile(Archive.java:568)
	at app//com.github.junrar.Archive.extractFile(Archive.java:514)
	at app//com.github.junrar.LocalFolderExtractor.extract(LocalFolderExtractor.java:58)
	at app//com.github.junrar.Junrar.tryToExtract(Junrar.java:155)
	at app//com.github.junrar.Junrar.extractArchiveTo(Junrar.java:123)
	at app//com.github.junrar.Junrar.extract(Junrar.java:34)
	at app//edu.vision.se.Testcase1.testCorruptHeader(Testcase1.java:19)
	at java.base@11/jdk.internal.reflect.NativeMethodAccessorImpl.invoke0(Native Method)
	at java.base@11/jdk.internal.reflect.NativeMethodAccessorImpl.invoke(NativeMethodAccessorImpl.java:62)
	at java.base@11/jdk.internal.reflect.DelegatingMethodAccessorImpl.invoke(DelegatingMethodAccessorImpl.java:43)
	at java.base@11/java.lang.reflect.Method.invoke(Method.java:566)
	at app//org.junit.runners.model.FrameworkMethod$1.runReflectiveCall(FrameworkMethod.java:59)
	at app//org.junit.internal.runners.model.ReflectiveCallable.run(ReflectiveCallable.java:12)
	at app//org.junit.runners.model.FrameworkMethod.invokeExplosively(FrameworkMethod.java:56)
	at app//org.junit.internal.runners.statements.InvokeMethod.evaluate(InvokeMethod.java:17)
	at app//org.junit.internal.runners.statements.FailOnTimeout$CallableStatement.call(FailOnTimeout.java:299)
	at app//org.junit.internal.runners.statements.FailOnTimeout$CallableStatement.call(FailOnTimeout.java:293)
	at java.base@11/java.util.concurrent.FutureTask.run(FutureTask.java:264)
	at java.base@11/java.lang.Thread.run(Thread.java:834)


Results :

Tests in error: 
  testCorruptHeader(edu.vision.se.Testcase1): test timed out after 2000 milliseconds

Tests run: 1, Failures: 0, Errors: 1, Skipped: 0

[INFO] ------------------------------------------------------------------------
[INFO] BUILD FAILURE
[INFO] ------------------------------------------------------------------------
[INFO] Total time:  3.491 s
[INFO] Finished at: 2025-07-14T07:20:21Z
[INFO] ------------------------------------------------------------------------
[ERROR] Failed to execute goal org.apache.maven.plugins:maven-surefire-plugin:2.12.4:test (default-test) on project CVE-2022-23596: There are test failures.
[ERROR] 
[ERROR] Please refer to /PoCAdaptation/exploit/origin/CVE-2022-23596/exploit/target/surefire-reports for the individual test results.
[ERROR] -> [Help 1]
[ERROR] 
[ERROR] To see the full stack trace of the errors, re-run Maven with the -e switch.
[ERROR] Re-run Maven using the -X switch to enable full debug logging.
[ERROR] 
[ERROR] For more information about the errors and possible solutions, please read the following articles:
[ERROR] [Help 1] http://cwiki.apache.org/confluence/display/MAVEN/MojoFailureException

SLF4J: Failed to load class "org.slf4j.impl.StaticLoggerBinder".
SLF4J: Defaulting to no-operation (NOP) logger implementation
SLF4J: See http://www.slf4j.org/codes.html#StaticLoggerBinder for further details.

[96m[Verifier] Verifying reproduction...[0m
[92m[Verifier] âœ“ Behavior matched: 'org.junit.runners.model.TestTimedOutException'[0m
[92m[Verifier] âœ“ Detail matched: 'test timed out after'[0m
[92m[Verifier] âœ“ All reproduction indicators matched.[0m
[92m[Verifier] Initial exploit behavior verified successfully.[0m
[96m[Selector] Nearest need adapatation version selected: 1.0.1[0m
[96m[Selector] Closest reproduced version: 2.0.0 at index 3[0m
[96m[Adapter] Trying next closest version: 1.0.1[0m
['5.0.0']
[96m[Preparer] Using closest existing exploit version: /PoCAdaptation/exploit/valid/CVE-2022-23596/5.0.0/exploit[0m
[92m[Preparer] Copied exploit to: /PoCAdaptation/exploit/pending/CVE-2022-23596/1.0.1/exploit[0m
[96m[Preparer] Updating dependency version to 1.0.1 in /PoCAdaptation/exploit/pending/CVE-2022-23596/1.0.1/exploit/pom.xml[0m
[92m[Preparer] Updated dependency version to 1.0.1 in /PoCAdaptation/exploit/pending/CVE-2022-23596/1.0.1/exploit/pom.xml[0m
[96m[Executor] Attempting direct exploit execution on 1.0.1...[0m
[96m[Executor] Executing exploit for CVE-2022-23596 on version 1.0.1...[0m
[INFO] Scanning for projects...
[INFO] 
[INFO] --------------------< edu.vision.se:CVE-2022-23596 >--------------------
[INFO] Building junrar CVE-2022-23596 1.0-SNAPSHOT
[INFO]   from pom.xml
[INFO] --------------------------------[ jar ]---------------------------------
[INFO] 
[INFO] --- maven-clean-plugin:2.5:clean (default-clean) @ CVE-2022-23596 ---
[INFO] Deleting /PoCAdaptation/exploit/pending/CVE-2022-23596/1.0.1/exploit/target
[INFO] 
[INFO] --- maven-resources-plugin:2.6:resources (default-resources) @ CVE-2022-23596 ---
[WARNING] Using platform encoding (UTF-8 actually) to copy filtered resources, i.e. build is platform dependent!
[INFO] Copying 0 resource
[INFO] 
[INFO] --- maven-compiler-plugin:3.1:compile (default-compile) @ CVE-2022-23596 ---
[INFO] No sources to compile
[INFO] 
[INFO] --- maven-resources-plugin:2.6:testResources (default-testResources) @ CVE-2022-23596 ---
[WARNING] Using platform encoding (UTF-8 actually) to copy filtered resources, i.e. build is platform dependent!
[INFO] Copying 1 resource
[INFO] 
[INFO] --- maven-compiler-plugin:3.1:testCompile (default-testCompile) @ CVE-2022-23596 ---
[INFO] Changes detected - recompiling the module!
[WARNING] File encoding has not been set, using platform encoding UTF-8, i.e. build is platform dependent!
[INFO] Compiling 1 source file to /PoCAdaptation/exploit/pending/CVE-2022-23596/1.0.1/exploit/target/test-classes
[INFO] -------------------------------------------------------------
[ERROR] COMPILATION ERROR : 
[INFO] -------------------------------------------------------------
[ERROR] /PoCAdaptation/exploit/pending/CVE-2022-23596/1.0.1/exploit/src/test/java/edu/vision/se/Testcase1.java:[4,25] cannot find symbol
  symbol:   class Junrar
  location: package com.github.junrar
[ERROR] /PoCAdaptation/exploit/pending/CVE-2022-23596/1.0.1/exploit/src/test/java/edu/vision/se/Testcase1.java:[19,13] cannot find symbol
  symbol:   variable Junrar
  location: class edu.vision.se.Testcase1
[INFO] 2 errors 
[INFO] -------------------------------------------------------------
[INFO] ------------------------------------------------------------------------
[INFO] BUILD FAILURE
[INFO] ------------------------------------------------------------------------
[INFO] Total time:  0.865 s
[INFO] Finished at: 2025-07-14T07:20:25Z
[INFO] ------------------------------------------------------------------------
[ERROR] Failed to execute goal org.apache.maven.plugins:maven-compiler-plugin:3.1:testCompile (default-testCompile) on project CVE-2022-23596: Compilation failure: Compilation failure: 
[ERROR] /PoCAdaptation/exploit/pending/CVE-2022-23596/1.0.1/exploit/src/test/java/edu/vision/se/Testcase1.java:[4,25] cannot find symbol
[ERROR]   symbol:   class Junrar
[ERROR]   location: package com.github.junrar
[ERROR] /PoCAdaptation/exploit/pending/CVE-2022-23596/1.0.1/exploit/src/test/java/edu/vision/se/Testcase1.java:[19,13] cannot find symbol
[ERROR]   symbol:   variable Junrar
[ERROR]   location: class edu.vision.se.Testcase1
[ERROR] -> [Help 1]
[ERROR] 
[ERROR] To see the full stack trace of the errors, re-run Maven with the -e switch.
[ERROR] Re-run Maven using the -X switch to enable full debug logging.
[ERROR] 
[ERROR] For more information about the errors and possible solutions, please read the following articles:
[ERROR] [Help 1] http://cwiki.apache.org/confluence/display/MAVEN/MojoFailureException


[96m[Verifier] Verifying reproduction...[0m
[91m[Verifier] âœ— Behavior not found: 'org.junit.runners.model.TestTimedOutException'[0m
[91m[Executor] Reproduction result: Failure[0m
[96m[Adapter] Attempting adaptation from base version 2.0.0 to 1.0.1...[0m
[96m[Adapter] Start adapting exploit from 2.0.0 to 1.0.1"[0m
[96m[Executor] Executing exploit for CVE-2022-23596 on version 1.0.1...[0m
[INFO] Scanning for projects...
[INFO] 
[INFO] --------------------< edu.vision.se:CVE-2022-23596 >--------------------
[INFO] Building junrar CVE-2022-23596 1.0-SNAPSHOT
[INFO]   from pom.xml
[INFO] --------------------------------[ jar ]---------------------------------
[INFO] 
[INFO] --- maven-clean-plugin:2.5:clean (default-clean) @ CVE-2022-23596 ---
[INFO] Deleting /PoCAdaptation/exploit/result/CVE-2022-23596/1.0.1/exploit/target
[INFO] 
[INFO] --- maven-resources-plugin:2.6:resources (default-resources) @ CVE-2022-23596 ---
[WARNING] Using platform encoding (UTF-8 actually) to copy filtered resources, i.e. build is platform dependent!
[INFO] Copying 0 resource
[INFO] 
[INFO] --- maven-compiler-plugin:3.1:compile (default-compile) @ CVE-2022-23596 ---
[INFO] No sources to compile
[INFO] 
[INFO] --- maven-resources-plugin:2.6:testResources (default-testResources) @ CVE-2022-23596 ---
[WARNING] Using platform encoding (UTF-8 actually) to copy filtered resources, i.e. build is platform dependent!
[INFO] Copying 1 resource
[INFO] 
[INFO] --- maven-compiler-plugin:3.1:testCompile (default-testCompile) @ CVE-2022-23596 ---
[INFO] Changes detected - recompiling the module!
[WARNING] File encoding has not been set, using platform encoding UTF-8, i.e. build is platform dependent!
[INFO] Compiling 1 source file to /PoCAdaptation/exploit/result/CVE-2022-23596/1.0.1/exploit/target/test-classes
[INFO] -------------------------------------------------------------
[ERROR] COMPILATION ERROR : 
[INFO] -------------------------------------------------------------
[ERROR] /PoCAdaptation/exploit/result/CVE-2022-23596/1.0.1/exploit/src/test/java/edu/vision/se/Testcase1.java:[4,25] cannot find symbol
  symbol:   class Junrar
  location: package com.github.junrar
[ERROR] /PoCAdaptation/exploit/result/CVE-2022-23596/1.0.1/exploit/src/test/java/edu/vision/se/Testcase1.java:[19,13] cannot find symbol
  symbol:   variable Junrar
  location: class edu.vision.se.Testcase1
[INFO] 2 errors 
[INFO] -------------------------------------------------------------
[INFO] ------------------------------------------------------------------------
[INFO] BUILD FAILURE
[INFO] ------------------------------------------------------------------------
[INFO] Total time:  1.051 s
[INFO] Finished at: 2025-07-14T07:20:27Z
[INFO] ------------------------------------------------------------------------
[ERROR] Failed to execute goal org.apache.maven.plugins:maven-compiler-plugin:3.1:testCompile (default-testCompile) on project CVE-2022-23596: Compilation failure: Compilation failure: 
[ERROR] /PoCAdaptation/exploit/result/CVE-2022-23596/1.0.1/exploit/src/test/java/edu/vision/se/Testcase1.java:[4,25] cannot find symbol
[ERROR]   symbol:   class Junrar
[ERROR]   location: package com.github.junrar
[ERROR] /PoCAdaptation/exploit/result/CVE-2022-23596/1.0.1/exploit/src/test/java/edu/vision/se/Testcase1.java:[19,13] cannot find symbol
[ERROR]   symbol:   variable Junrar
[ERROR]   location: class edu.vision.se.Testcase1
[ERROR] -> [Help 1]
[ERROR] 
[ERROR] To see the full stack trace of the errors, re-run Maven with the -e switch.
[ERROR] Re-run Maven using the -X switch to enable full debug logging.
[ERROR] 
[ERROR] For more information about the errors and possible solutions, please read the following articles:
[ERROR] [Help 1] http://cwiki.apache.org/confluence/display/MAVEN/MojoFailureException


[96m[Verifier] Verifying reproduction...[0m
[91m[Verifier] âœ— Behavior not found: 'org.junit.runners.model.TestTimedOutException'[0m
[91m[Executor] Reproduction result: Failure[0m
[96m[ErrorManager] Ignoring line: [ERROR] Failed to execute goal org.apache.maven.plugins:maven-compiler-plugin:3.1:testCompile (default-testCompile) on project CVE-2022-23596: Compilation failure: Compilation failure:[0m
[92m[ErrorManager] Processing line: [ERROR] /PoCAdaptation/exploit/result/CVE-2022-23596/1.0.1/exploit/src/test/java/edu/vision/se/Testcase1.java:[4,25] cannot find symbol[0m
[92m[ErrorManager] Processing line: [ERROR]   symbol:   class Junrar[0m
[92m[ErrorManager] Processing line: [ERROR]   location: package com.github.junrar[0m
[92m[ErrorManager] Processing line: [ERROR] /PoCAdaptation/exploit/result/CVE-2022-23596/1.0.1/exploit/src/test/java/edu/vision/se/Testcase1.java:[19,13] cannot find symbol[0m
[92m[ErrorManager] Processing line: [ERROR]   symbol:   variable Junrar[0m
[92m[ErrorManager] Processing line: [ERROR]   location: class edu.vision.se.Testcase1[0m
[96m[ErrorManager] Ignoring line: [ERROR] -> [Help 1][0m
[96m[ErrorManager] Ignoring line: [ERROR][0m
[96m[ErrorManager] Ignoring line: [ERROR] To see the full stack trace of the errors, re-run Maven with the -e switch.[0m
[96m[ErrorManager] Ignoring line: [ERROR] Re-run Maven using the -X switch to enable full debug logging.[0m
[96m[ErrorManager] Ignoring line: [ERROR][0m
[96m[ErrorManager] Ignoring line: [ERROR] For more information about the errors and possible solutions, please read the following articles:[0m
[96m[ErrorManager] Ignoring line: [ERROR] [Help 1] http://cwiki.apache.org/confluence/display/MAVEN/MojoFailureException[0m
[96m[Adapter] Locating fix position in error log.[0m
---------
[LLMClient] Asking: You are given a Java error log when executing 'mvn test' in a project with dependency version 1.0.1:com.github.junrar:junrar.
This test file compiles and runs successfully with version 2.0.0.

Your task is to:
output the location in the project that should be modified to fix the problem **without updating this library**.

Please return 'pom' if the fix is in the pom.xml file, or 'test' if the fix is in the test code.
Do not return any other text, just 'pom' or 'test'.

The error log is:
[INFO] Scanning for projects...
[INFO] 
[INFO] --------------------< edu.vision.se:CVE-2022-23596 >--------------------
[INFO] Building junrar CVE-2022-23596 1.0-SNAPSHOT
[INFO]   from pom.xml
[INFO] --------------------------------[ jar ]---------------------------------
[INFO] 
[INFO] --- maven-clean-plugin:2.5:clean (default-clean) @ CVE-2022-23596 ---
[INFO] Deleting /PoCAdaptation/exploit/result/CVE-2022-23596/1.0.1/exploit/target
[INFO] 
[INFO] --- maven-resources-plugin:2.6:resources (default-resources) @ CVE-2022-23596 ---
[WARNING] Using platform encoding (UTF-8 actually) to copy filtered resources, i.e. build is platform dependent!
[INFO] Copying 0 resource
[INFO] 
[INFO] --- maven-compiler-plugin:3.1:compile (default-compile) @ CVE-2022-23596 ---
[INFO] No sources to compile
[INFO] 
[INFO] --- maven-resources-plugin:2.6:testResources (default-testResources) @ CVE-2022-23596 ---
[WARNING] Using platform encoding (UTF-8 actually) to copy filtered resources, i.e. build is platform dependent!
[INFO] Copying 1 resource
[INFO] 
[INFO] --- maven-compiler-plugin:3.1:testCompile (default-testCompile) @ CVE-2022-23596 ---
[INFO] Changes detected - recompiling the module!
[WARNING] File encoding has not been set, using platform encoding UTF-8, i.e. build is platform dependent!
[INFO] Compiling 1 source file to /PoCAdaptation/exploit/result/CVE-2022-23596/1.0.1/exploit/target/test-classes
[INFO] -------------------------------------------------------------
[ERROR] COMPILATION ERROR : 
[INFO] -------------------------------------------------------------
[ERROR] /PoCAdaptation/exploit/result/CVE-2022-23596/1.0.1/exploit/src/test/java/edu/vision/se/Testcase1.java:[4,25] cannot find symbol
  symbol:   class Junrar
  location: package com.github.junrar
[ERROR] /PoCAdaptation/exploit/result/CVE-2022-23596/1.0.1/exploit/src/test/java/edu/vision/se/Testcase1.java:[19,13] cannot find symbol
  symbol:   variable Junrar
  location: class edu.vision.se.Testcase1
[INFO] 2 errors 
[INFO] -------------------------------------------------------------
[INFO] ------------------------------------------------------------------------
[INFO] BUILD FAILURE
[INFO] ------------------------------------------------------------------------
[INFO] Total time:  1.051 s
[INFO] Finished at: 2025-07-14T07:20:27Z
[INFO] ------------------------------------------------------------------------
[ERROR] Failed to execute goal org.apache.maven.plugins:maven-compiler-plugin:3.1:testCompile (default-testCompile) on project CVE-2022-23596: Compilation failure: Compilation failure: 
[ERROR] /PoCAdaptation/exploit/result/CVE-2022-23596/1.0.1/exploit/src/test/java/edu/vision/se/Testcase1.java:[4,25] cannot find symbol
[ERROR]   symbol:   class Junrar
[ERROR]   location: package com.github.junrar
[ERROR] /PoCAdaptation/exploit/result/CVE-2022-23596/1.0.1/exploit/src/test/java/edu/vision/se/Testcase1.java:[19,13] cannot find symbol
[ERROR]   symbol:   variable Junrar
[ERROR]   location: class edu.vision.se.Testcase1
[ERROR] -> [Help 1]
[ERROR] 
[ERROR] To see the full stack trace of the errors, re-run Maven with the -e switch.
[ERROR] Re-run Maven using the -X switch to enable full debug logging.
[ERROR] 
[ERROR] For more information about the errors and possible solutions, please read the following articles:
[ERROR] [Help 1] http://cwiki.apache.org/confluence/display/MAVEN/MojoFailureException


current_pom file is:<?xml version='1.0' encoding='utf-8'?>
<project xmlns="http://maven.apache.org/POM/4.0.0" xmlns:xsi="http://www.w3.org/2001/XMLSchema-instance" xsi:schemaLocation="http://maven.apache.org/POM/4.0.0 https://maven.apache.org/xsd/maven-4.0.0.xsd">
  <groupId>edu.vision.se</groupId><version>1.0-SNAPSHOT</version><modelVersion>4.0.0</modelVersion>
  <artifactId>CVE-2022-23596</artifactId>
  <name>junrar CVE-2022-23596</name>

  <properties>
    <maven.compiler.target>11</maven.compiler.target>
    <maven.compiler.source>11</maven.compiler.source>
  </properties>

  <dependencies>
    <dependency>
      <groupId>com.github.junrar</groupId>
      <artifactId>junrar</artifactId>
      <version>1.0.1</version>
    </dependency>
    <dependency>
        <groupId>cn.hutool</groupId>
        <artifactId>hutool-all</artifactId>
        <version>5.7.10</version>
    </dependency>
  <dependency><groupId>junit</groupId><artifactId>junit</artifactId><version>4.13.2</version></dependency>
  
  </dependencies>
</project>
---------
---------
[LLMClient] Response: test
---------
[96m[Adapter] LLM response for fix position: test[0m
[96m[Adapter] Fix position is in test code.[0m
---------
[LLMClient] Asking: You are given an error when executing exploit in in 1.0.1:com.github.junrar:junrar
This exploit file compiles and reproduced successfully in 2.0.0 with an assertion error.

Your task is fix the error.

Only output the modified version of the test file. No explanations. 
### Compilation Errors:
[INFO] Scanning for projects...
[INFO] 
[INFO] --------------------< edu.vision.se:CVE-2022-23596 >--------------------
[INFO] Building junrar CVE-2022-23596 1.0-SNAPSHOT
[INFO]   from pom.xml
[INFO] --------------------------------[ jar ]---------------------------------
[INFO] 
[INFO] --- maven-clean-plugin:2.5:clean (default-clean) @ CVE-2022-23596 ---
[INFO] Deleting /PoCAdaptation/exploit/result/CVE-2022-23596/1.0.1/exploit/target
[INFO] 
[INFO] --- maven-resources-plugin:2.6:resources (default-resources) @ CVE-2022-23596 ---
[WARNING] Using platform encoding (UTF-8 actually) to copy filtered resources, i.e. build is platform dependent!
[INFO] Copying 0 resource
[INFO] 
[INFO] --- maven-compiler-plugin:3.1:compile (default-compile) @ CVE-2022-23596 ---
[INFO] No sources to compile
[INFO] 
[INFO] --- maven-resources-plugin:2.6:testResources (default-testResources) @ CVE-2022-23596 ---
[WARNING] Using platform encoding (UTF-8 actually) to copy filtered resources, i.e. build is platform dependent!
[INFO] Copying 1 resource
[INFO] 
[INFO] --- maven-compiler-plugin:3.1:testCompile (default-testCompile) @ CVE-2022-23596 ---
[INFO] Changes detected - recompiling the module!
[WARNING] File encoding has not been set, using platform encoding UTF-8, i.e. build is platform dependent!
[INFO] Compiling 1 source file to /PoCAdaptation/exploit/result/CVE-2022-23596/1.0.1/exploit/target/test-classes
[INFO] -------------------------------------------------------------
[ERROR] COMPILATION ERROR : 
[INFO] -------------------------------------------------------------
[ERROR] /PoCAdaptation/exploit/result/CVE-2022-23596/1.0.1/exploit/src/test/java/edu/vision/se/Testcase1.java:[4,25] cannot find symbol
  symbol:   class Junrar
  location: package com.github.junrar
[ERROR] /PoCAdaptation/exploit/result/CVE-2022-23596/1.0.1/exploit/src/test/java/edu/vision/se/Testcase1.java:[19,13] cannot find symbol
  symbol:   variable Junrar
  location: class edu.vision.se.Testcase1
[INFO] 2 errors 
[INFO] -------------------------------------------------------------
[INFO] ------------------------------------------------------------------------
[INFO] BUILD FAILURE
[INFO] ------------------------------------------------------------------------
[INFO] Total time:  1.051 s
[INFO] Finished at: 2025-07-14T07:20:27Z
[INFO] ------------------------------------------------------------------------
[ERROR] Failed to execute goal org.apache.maven.plugins:maven-compiler-plugin:3.1:testCompile (default-testCompile) on project CVE-2022-23596: Compilation failure: Compilation failure: 
[ERROR] /PoCAdaptation/exploit/result/CVE-2022-23596/1.0.1/exploit/src/test/java/edu/vision/se/Testcase1.java:[4,25] cannot find symbol
[ERROR]   symbol:   class Junrar
[ERROR]   location: package com.github.junrar
[ERROR] /PoCAdaptation/exploit/result/CVE-2022-23596/1.0.1/exploit/src/test/java/edu/vision/se/Testcase1.java:[19,13] cannot find symbol
[ERROR]   symbol:   variable Junrar
[ERROR]   location: class edu.vision.se.Testcase1
[ERROR] -> [Help 1]
[ERROR] 
[ERROR] To see the full stack trace of the errors, re-run Maven with the -e switch.
[ERROR] Re-run Maven using the -X switch to enable full debug logging.
[ERROR] 
[ERROR] For more information about the errors and possible solutions, please read the following articles:
[ERROR] [Help 1] http://cwiki.apache.org/confluence/display/MAVEN/MojoFailureException

### Test File Content:
package edu.vision.se;

import cn.hutool.core.io.FileUtil;
import com.github.junrar.Junrar;
import org.junit.Test;
import com.github.junrar.exception.RarException; // Updated import
import java.io.File;

import static org.junit.Assert.assertTrue;
import static org.junit.Assert.fail;

public class Testcase1 {
    @Test(timeout = 2000)
    public void testCorruptHeader() throws Exception {
        File file = FileUtil.file(System.getProperty("user.dir"), "src/test/resources/loop.rar");
        File destFile = File.createTempFile("temp", null).getParentFile();

        try {
            Junrar.extract(file, destFile);
            fail("the test fail");
        } catch (Exception e) {
            validateThrow(e);
        }
    }

    public void validateThrow(Throwable e) {
        assertTrue(e instanceof RarException); // Updated check
    }
}



---------
---------
[LLMClient] Response: ```java
package edu.vision.se;

import cn.hutool.core.io.FileUtil;
import com.github.junrar.extract.ExtractArchive; // Updated import
import org.junit.Test;
import com.github.junrar.exception.RarException;
import java.io.File;

import static org.junit.Assert.assertTrue;
import static org.junit.Assert.fail;

public class Testcase1 {
    @Test(timeout = 2000)
    public void testCorruptHeader() throws Exception {
        File file = FileUtil.file(System.getProperty("user.dir"), "src/test/resources/loop.rar");
        File destFile = File.createTempFile("temp", null).getParentFile();

        try {
            ExtractArchive.extract(file, destFile); // Updated method call
            fail("the test fail");
        } catch (Exception e) {
            validateThrow(e);
        }
    }

    public void validateThrow(Throwable e) {
        assertTrue(e instanceof RarException);
    }
}
```
---------
[96m[RepairModule] Wrote modified code to /PoCAdaptation/exploit/result/CVE-2022-23596/1.0.1/exploit/src/test/java/edu/vision/se/Testcase1.java[0m
[96m[Executor] Executing exploit for CVE-2022-23596 on version 1.0.1...[0m
[INFO] Scanning for projects...
[INFO] 
[INFO] --------------------< edu.vision.se:CVE-2022-23596 >--------------------
[INFO] Building junrar CVE-2022-23596 1.0-SNAPSHOT
[INFO]   from pom.xml
[INFO] --------------------------------[ jar ]---------------------------------
[INFO] 
[INFO] --- maven-clean-plugin:2.5:clean (default-clean) @ CVE-2022-23596 ---
[INFO] Deleting /PoCAdaptation/exploit/result/CVE-2022-23596/1.0.1/exploit/target
[INFO] 
[INFO] --- maven-resources-plugin:2.6:resources (default-resources) @ CVE-2022-23596 ---
[WARNING] Using platform encoding (UTF-8 actually) to copy filtered resources, i.e. build is platform dependent!
[INFO] Copying 0 resource
[INFO] 
[INFO] --- maven-compiler-plugin:3.1:compile (default-compile) @ CVE-2022-23596 ---
[INFO] No sources to compile
[INFO] 
[INFO] --- maven-resources-plugin:2.6:testResources (default-testResources) @ CVE-2022-23596 ---
[WARNING] Using platform encoding (UTF-8 actually) to copy filtered resources, i.e. build is platform dependent!
[INFO] Copying 1 resource
[INFO] 
[INFO] --- maven-compiler-plugin:3.1:testCompile (default-testCompile) @ CVE-2022-23596 ---
[INFO] Changes detected - recompiling the module!
[WARNING] File encoding has not been set, using platform encoding UTF-8, i.e. build is platform dependent!
[INFO] Compiling 1 source file to /PoCAdaptation/exploit/result/CVE-2022-23596/1.0.1/exploit/target/test-classes
[INFO] -------------------------------------------------------------
[ERROR] COMPILATION ERROR : 
[INFO] -------------------------------------------------------------
[ERROR] /PoCAdaptation/exploit/result/CVE-2022-23596/1.0.1/exploit/src/test/java/edu/vision/se/Testcase1.java:[19,27] cannot find symbol
  symbol:   method extract(java.io.File,java.io.File)
  location: class com.github.junrar.extract.ExtractArchive
[INFO] 1 error
[INFO] -------------------------------------------------------------
[INFO] ------------------------------------------------------------------------
[INFO] BUILD FAILURE
[INFO] ------------------------------------------------------------------------
[INFO] Total time:  0.866 s
[INFO] Finished at: 2025-07-14T07:21:09Z
[INFO] ------------------------------------------------------------------------
[ERROR] Failed to execute goal org.apache.maven.plugins:maven-compiler-plugin:3.1:testCompile (default-testCompile) on project CVE-2022-23596: Compilation failure
[ERROR] /PoCAdaptation/exploit/result/CVE-2022-23596/1.0.1/exploit/src/test/java/edu/vision/se/Testcase1.java:[19,27] cannot find symbol
[ERROR]   symbol:   method extract(java.io.File,java.io.File)
[ERROR]   location: class com.github.junrar.extract.ExtractArchive
[ERROR] 
[ERROR] -> [Help 1]
[ERROR] 
[ERROR] To see the full stack trace of the errors, re-run Maven with the -e switch.
[ERROR] Re-run Maven using the -X switch to enable full debug logging.
[ERROR] 
[ERROR] For more information about the errors and possible solutions, please read the following articles:
[ERROR] [Help 1] http://cwiki.apache.org/confluence/display/MAVEN/MojoFailureException


[96m[Verifier] Verifying reproduction...[0m
[91m[Verifier] âœ— Behavior not found: 'org.junit.runners.model.TestTimedOutException'[0m
[91m[Executor] Reproduction result: Failure[0m
[91m[RepairModule] Repair failed after simulated annealing.[0m
[96m[Adapter] Test code repair attempted.[0m
[96m[Executor] Executing exploit for CVE-2022-23596 on version 1.0.1...[0m
[INFO] Scanning for projects...
[INFO] 
[INFO] --------------------< edu.vision.se:CVE-2022-23596 >--------------------
[INFO] Building junrar CVE-2022-23596 1.0-SNAPSHOT
[INFO]   from pom.xml
[INFO] --------------------------------[ jar ]---------------------------------
[INFO] 
[INFO] --- maven-clean-plugin:2.5:clean (default-clean) @ CVE-2022-23596 ---
[INFO] Deleting /PoCAdaptation/exploit/result/CVE-2022-23596/1.0.1/exploit/target
[INFO] 
[INFO] --- maven-resources-plugin:2.6:resources (default-resources) @ CVE-2022-23596 ---
[WARNING] Using platform encoding (UTF-8 actually) to copy filtered resources, i.e. build is platform dependent!
[INFO] Copying 0 resource
[INFO] 
[INFO] --- maven-compiler-plugin:3.1:compile (default-compile) @ CVE-2022-23596 ---
[INFO] No sources to compile
[INFO] 
[INFO] --- maven-resources-plugin:2.6:testResources (default-testResources) @ CVE-2022-23596 ---
[WARNING] Using platform encoding (UTF-8 actually) to copy filtered resources, i.e. build is platform dependent!
[INFO] Copying 1 resource
[INFO] 
[INFO] --- maven-compiler-plugin:3.1:testCompile (default-testCompile) @ CVE-2022-23596 ---
[INFO] Changes detected - recompiling the module!
[WARNING] File encoding has not been set, using platform encoding UTF-8, i.e. build is platform dependent!
[INFO] Compiling 1 source file to /PoCAdaptation/exploit/result/CVE-2022-23596/1.0.1/exploit/target/test-classes
[INFO] -------------------------------------------------------------
[ERROR] COMPILATION ERROR : 
[INFO] -------------------------------------------------------------
[ERROR] /PoCAdaptation/exploit/result/CVE-2022-23596/1.0.1/exploit/src/test/java/edu/vision/se/Testcase1.java:[4,25] cannot find symbol
  symbol:   class Junrar
  location: package com.github.junrar
[ERROR] /PoCAdaptation/exploit/result/CVE-2022-23596/1.0.1/exploit/src/test/java/edu/vision/se/Testcase1.java:[19,13] cannot find symbol
  symbol:   variable Junrar
  location: class edu.vision.se.Testcase1
[INFO] 2 errors 
[INFO] -------------------------------------------------------------
[INFO] ------------------------------------------------------------------------
[INFO] BUILD FAILURE
[INFO] ------------------------------------------------------------------------
[INFO] Total time:  1.059 s
[INFO] Finished at: 2025-07-14T07:21:11Z
[INFO] ------------------------------------------------------------------------
[ERROR] Failed to execute goal org.apache.maven.plugins:maven-compiler-plugin:3.1:testCompile (default-testCompile) on project CVE-2022-23596: Compilation failure: Compilation failure: 
[ERROR] /PoCAdaptation/exploit/result/CVE-2022-23596/1.0.1/exploit/src/test/java/edu/vision/se/Testcase1.java:[4,25] cannot find symbol
[ERROR]   symbol:   class Junrar
[ERROR]   location: package com.github.junrar
[ERROR] /PoCAdaptation/exploit/result/CVE-2022-23596/1.0.1/exploit/src/test/java/edu/vision/se/Testcase1.java:[19,13] cannot find symbol
[ERROR]   symbol:   variable Junrar
[ERROR]   location: class edu.vision.se.Testcase1
[ERROR] -> [Help 1]
[ERROR] 
[ERROR] To see the full stack trace of the errors, re-run Maven with the -e switch.
[ERROR] Re-run Maven using the -X switch to enable full debug logging.
[ERROR] 
[ERROR] For more information about the errors and possible solutions, please read the following articles:
[ERROR] [Help 1] http://cwiki.apache.org/confluence/display/MAVEN/MojoFailureException


[96m[Verifier] Verifying reproduction...[0m
[91m[Verifier] âœ— Behavior not found: 'org.junit.runners.model.TestTimedOutException'[0m
[91m[Executor] Reproduction result: Failure[0m
[91m[Adapter] Adaptation from 2.0.0 to 1.0.1 failed.[0m
[96m[Executor] Executing exploit for CVE-2022-23596 on version 1.0.1...[0m
[INFO] Scanning for projects...
[INFO] 
[INFO] --------------------< edu.vision.se:CVE-2022-23596 >--------------------
[INFO] Building junrar CVE-2022-23596 1.0-SNAPSHOT
[INFO]   from pom.xml
[INFO] --------------------------------[ jar ]---------------------------------
[INFO] 
[INFO] --- maven-clean-plugin:2.5:clean (default-clean) @ CVE-2022-23596 ---
[INFO] Deleting /PoCAdaptation/exploit/result/CVE-2022-23596/1.0.1/exploit/target
[INFO] 
[INFO] --- maven-resources-plugin:2.6:resources (default-resources) @ CVE-2022-23596 ---
[WARNING] Using platform encoding (UTF-8 actually) to copy filtered resources, i.e. build is platform dependent!
[INFO] Copying 0 resource
[INFO] 
[INFO] --- maven-compiler-plugin:3.1:compile (default-compile) @ CVE-2022-23596 ---
[INFO] No sources to compile
[INFO] 
[INFO] --- maven-resources-plugin:2.6:testResources (default-testResources) @ CVE-2022-23596 ---
[WARNING] Using platform encoding (UTF-8 actually) to copy filtered resources, i.e. build is platform dependent!
[INFO] Copying 1 resource
[INFO] 
[INFO] --- maven-compiler-plugin:3.1:testCompile (default-testCompile) @ CVE-2022-23596 ---
[INFO] Changes detected - recompiling the module!
[WARNING] File encoding has not been set, using platform encoding UTF-8, i.e. build is platform dependent!
[INFO] Compiling 1 source file to /PoCAdaptation/exploit/result/CVE-2022-23596/1.0.1/exploit/target/test-classes
[INFO] -------------------------------------------------------------
[ERROR] COMPILATION ERROR : 
[INFO] -------------------------------------------------------------
[ERROR] /PoCAdaptation/exploit/result/CVE-2022-23596/1.0.1/exploit/src/test/java/edu/vision/se/Testcase1.java:[4,25] cannot find symbol
  symbol:   class Junrar
  location: package com.github.junrar
[ERROR] /PoCAdaptation/exploit/result/CVE-2022-23596/1.0.1/exploit/src/test/java/edu/vision/se/Testcase1.java:[19,13] cannot find symbol
  symbol:   variable Junrar
  location: class edu.vision.se.Testcase1
[INFO] 2 errors 
[INFO] -------------------------------------------------------------
[INFO] ------------------------------------------------------------------------
[INFO] BUILD FAILURE
[INFO] ------------------------------------------------------------------------
[INFO] Total time:  0.993 s
[INFO] Finished at: 2025-07-14T07:21:13Z
[INFO] ------------------------------------------------------------------------
[ERROR] Failed to execute goal org.apache.maven.plugins:maven-compiler-plugin:3.1:testCompile (default-testCompile) on project CVE-2022-23596: Compilation failure: Compilation failure: 
[ERROR] /PoCAdaptation/exploit/result/CVE-2022-23596/1.0.1/exploit/src/test/java/edu/vision/se/Testcase1.java:[4,25] cannot find symbol
[ERROR]   symbol:   class Junrar
[ERROR]   location: package com.github.junrar
[ERROR] /PoCAdaptation/exploit/result/CVE-2022-23596/1.0.1/exploit/src/test/java/edu/vision/se/Testcase1.java:[19,13] cannot find symbol
[ERROR]   symbol:   variable Junrar
[ERROR]   location: class edu.vision.se.Testcase1
[ERROR] -> [Help 1]
[ERROR] 
[ERROR] To see the full stack trace of the errors, re-run Maven with the -e switch.
[ERROR] Re-run Maven using the -X switch to enable full debug logging.
[ERROR] 
[ERROR] For more information about the errors and possible solutions, please read the following articles:
[ERROR] [Help 1] http://cwiki.apache.org/confluence/display/MAVEN/MojoFailureException


[96m[Verifier] Verifying reproduction...[0m
[91m[Verifier] âœ— Behavior not found: 'org.junit.runners.model.TestTimedOutException'[0m
[91m[Executor] Reproduction result: Failure[0m
[96m[ErrorManager] Ignoring line: [ERROR] Failed to execute goal org.apache.maven.plugins:maven-compiler-plugin:3.1:testCompile (default-testCompile) on project CVE-2022-23596: Compilation failure: Compilation failure:[0m
[92m[ErrorManager] Processing line: [ERROR] /PoCAdaptation/exploit/result/CVE-2022-23596/1.0.1/exploit/src/test/java/edu/vision/se/Testcase1.java:[4,25] cannot find symbol[0m
[92m[ErrorManager] Processing line: [ERROR]   symbol:   class Junrar[0m
[92m[ErrorManager] Processing line: [ERROR]   location: package com.github.junrar[0m
[92m[ErrorManager] Processing line: [ERROR] /PoCAdaptation/exploit/result/CVE-2022-23596/1.0.1/exploit/src/test/java/edu/vision/se/Testcase1.java:[19,13] cannot find symbol[0m
[92m[ErrorManager] Processing line: [ERROR]   symbol:   variable Junrar[0m
[92m[ErrorManager] Processing line: [ERROR]   location: class edu.vision.se.Testcase1[0m
[96m[ErrorManager] Ignoring line: [ERROR] -> [Help 1][0m
[96m[ErrorManager] Ignoring line: [ERROR][0m
[96m[ErrorManager] Ignoring line: [ERROR] To see the full stack trace of the errors, re-run Maven with the -e switch.[0m
[96m[ErrorManager] Ignoring line: [ERROR] Re-run Maven using the -X switch to enable full debug logging.[0m
[96m[ErrorManager] Ignoring line: [ERROR][0m
[96m[ErrorManager] Ignoring line: [ERROR] For more information about the errors and possible solutions, please read the following articles:[0m
[96m[ErrorManager] Ignoring line: [ERROR] [Help 1] http://cwiki.apache.org/confluence/display/MAVEN/MojoFailureException[0m
[96m[Adapter] Locating fix position in error log.[0m
---------
[LLMClient] Asking: You are given a Java error log when executing 'mvn test' in a project with dependency version 1.0.1:com.github.junrar:junrar.
This test file compiles and runs successfully with version 2.0.0.

Your task is to:
output the location in the project that should be modified to fix the problem **without updating this library**.

Please return 'pom' if the fix is in the pom.xml file, or 'test' if the fix is in the test code.
Do not return any other text, just 'pom' or 'test'.

The error log is:
[INFO] Scanning for projects...
[INFO] 
[INFO] --------------------< edu.vision.se:CVE-2022-23596 >--------------------
[INFO] Building junrar CVE-2022-23596 1.0-SNAPSHOT
[INFO]   from pom.xml
[INFO] --------------------------------[ jar ]---------------------------------
[INFO] 
[INFO] --- maven-clean-plugin:2.5:clean (default-clean) @ CVE-2022-23596 ---
[INFO] Deleting /PoCAdaptation/exploit/result/CVE-2022-23596/1.0.1/exploit/target
[INFO] 
[INFO] --- maven-resources-plugin:2.6:resources (default-resources) @ CVE-2022-23596 ---
[WARNING] Using platform encoding (UTF-8 actually) to copy filtered resources, i.e. build is platform dependent!
[INFO] Copying 0 resource
[INFO] 
[INFO] --- maven-compiler-plugin:3.1:compile (default-compile) @ CVE-2022-23596 ---
[INFO] No sources to compile
[INFO] 
[INFO] --- maven-resources-plugin:2.6:testResources (default-testResources) @ CVE-2022-23596 ---
[WARNING] Using platform encoding (UTF-8 actually) to copy filtered resources, i.e. build is platform dependent!
[INFO] Copying 1 resource
[INFO] 
[INFO] --- maven-compiler-plugin:3.1:testCompile (default-testCompile) @ CVE-2022-23596 ---
[INFO] Changes detected - recompiling the module!
[WARNING] File encoding has not been set, using platform encoding UTF-8, i.e. build is platform dependent!
[INFO] Compiling 1 source file to /PoCAdaptation/exploit/result/CVE-2022-23596/1.0.1/exploit/target/test-classes
[INFO] -------------------------------------------------------------
[ERROR] COMPILATION ERROR : 
[INFO] -------------------------------------------------------------
[ERROR] /PoCAdaptation/exploit/result/CVE-2022-23596/1.0.1/exploit/src/test/java/edu/vision/se/Testcase1.java:[4,25] cannot find symbol
  symbol:   class Junrar
  location: package com.github.junrar
[ERROR] /PoCAdaptation/exploit/result/CVE-2022-23596/1.0.1/exploit/src/test/java/edu/vision/se/Testcase1.java:[19,13] cannot find symbol
  symbol:   variable Junrar
  location: class edu.vision.se.Testcase1
[INFO] 2 errors 
[INFO] -------------------------------------------------------------
[INFO] ------------------------------------------------------------------------
[INFO] BUILD FAILURE
[INFO] ------------------------------------------------------------------------
[INFO] Total time:  0.993 s
[INFO] Finished at: 2025-07-14T07:21:13Z
[INFO] ------------------------------------------------------------------------
[ERROR] Failed to execute goal org.apache.maven.plugins:maven-compiler-plugin:3.1:testCompile (default-testCompile) on project CVE-2022-23596: Compilation failure: Compilation failure: 
[ERROR] /PoCAdaptation/exploit/result/CVE-2022-23596/1.0.1/exploit/src/test/java/edu/vision/se/Testcase1.java:[4,25] cannot find symbol
[ERROR]   symbol:   class Junrar
[ERROR]   location: package com.github.junrar
[ERROR] /PoCAdaptation/exploit/result/CVE-2022-23596/1.0.1/exploit/src/test/java/edu/vision/se/Testcase1.java:[19,13] cannot find symbol
[ERROR]   symbol:   variable Junrar
[ERROR]   location: class edu.vision.se.Testcase1
[ERROR] -> [Help 1]
[ERROR] 
[ERROR] To see the full stack trace of the errors, re-run Maven with the -e switch.
[ERROR] Re-run Maven using the -X switch to enable full debug logging.
[ERROR] 
[ERROR] For more information about the errors and possible solutions, please read the following articles:
[ERROR] [Help 1] http://cwiki.apache.org/confluence/display/MAVEN/MojoFailureException


current_pom file is:<?xml version='1.0' encoding='utf-8'?>
<project xmlns="http://maven.apache.org/POM/4.0.0" xmlns:xsi="http://www.w3.org/2001/XMLSchema-instance" xsi:schemaLocation="http://maven.apache.org/POM/4.0.0 https://maven.apache.org/xsd/maven-4.0.0.xsd">
  <groupId>edu.vision.se</groupId><version>1.0-SNAPSHOT</version><modelVersion>4.0.0</modelVersion>
  <artifactId>CVE-2022-23596</artifactId>
  <name>junrar CVE-2022-23596</name>

  <properties>
    <maven.compiler.target>11</maven.compiler.target>
    <maven.compiler.source>11</maven.compiler.source>
  </properties>

  <dependencies>
    <dependency>
      <groupId>com.github.junrar</groupId>
      <artifactId>junrar</artifactId>
      <version>1.0.1</version>
    </dependency>
    <dependency>
        <groupId>cn.hutool</groupId>
        <artifactId>hutool-all</artifactId>
        <version>5.7.10</version>
    </dependency>
  <dependency><groupId>junit</groupId><artifactId>junit</artifactId><version>4.13.2</version></dependency>
  
  </dependencies>
</project>
---------
---------
[LLMClient] Response: test
---------
[96m[Adapter] LLM response for fix position: test[0m
[96m[Adapter] Fix position is in test code.[0m
---------
[LLMClient] Asking: You are given an error when executing exploit in in 1.0.1:com.github.junrar:junrar
This exploit file compiles and reproduced successfully in 2.0.0 with an assertion error.

Your task is fix the error.

Only output the modified version of the test file. No explanations. 
### Compilation Errors:
[INFO] Scanning for projects...
[INFO] 
[INFO] --------------------< edu.vision.se:CVE-2022-23596 >--------------------
[INFO] Building junrar CVE-2022-23596 1.0-SNAPSHOT
[INFO]   from pom.xml
[INFO] --------------------------------[ jar ]---------------------------------
[INFO] 
[INFO] --- maven-clean-plugin:2.5:clean (default-clean) @ CVE-2022-23596 ---
[INFO] Deleting /PoCAdaptation/exploit/result/CVE-2022-23596/1.0.1/exploit/target
[INFO] 
[INFO] --- maven-resources-plugin:2.6:resources (default-resources) @ CVE-2022-23596 ---
[WARNING] Using platform encoding (UTF-8 actually) to copy filtered resources, i.e. build is platform dependent!
[INFO] Copying 0 resource
[INFO] 
[INFO] --- maven-compiler-plugin:3.1:compile (default-compile) @ CVE-2022-23596 ---
[INFO] No sources to compile
[INFO] 
[INFO] --- maven-resources-plugin:2.6:testResources (default-testResources) @ CVE-2022-23596 ---
[WARNING] Using platform encoding (UTF-8 actually) to copy filtered resources, i.e. build is platform dependent!
[INFO] Copying 1 resource
[INFO] 
[INFO] --- maven-compiler-plugin:3.1:testCompile (default-testCompile) @ CVE-2022-23596 ---
[INFO] Changes detected - recompiling the module!
[WARNING] File encoding has not been set, using platform encoding UTF-8, i.e. build is platform dependent!
[INFO] Compiling 1 source file to /PoCAdaptation/exploit/result/CVE-2022-23596/1.0.1/exploit/target/test-classes
[INFO] -------------------------------------------------------------
[ERROR] COMPILATION ERROR : 
[INFO] -------------------------------------------------------------
[ERROR] /PoCAdaptation/exploit/result/CVE-2022-23596/1.0.1/exploit/src/test/java/edu/vision/se/Testcase1.java:[4,25] cannot find symbol
  symbol:   class Junrar
  location: package com.github.junrar
[ERROR] /PoCAdaptation/exploit/result/CVE-2022-23596/1.0.1/exploit/src/test/java/edu/vision/se/Testcase1.java:[19,13] cannot find symbol
  symbol:   variable Junrar
  location: class edu.vision.se.Testcase1
[INFO] 2 errors 
[INFO] -------------------------------------------------------------
[INFO] ------------------------------------------------------------------------
[INFO] BUILD FAILURE
[INFO] ------------------------------------------------------------------------
[INFO] Total time:  0.993 s
[INFO] Finished at: 2025-07-14T07:21:13Z
[INFO] ------------------------------------------------------------------------
[ERROR] Failed to execute goal org.apache.maven.plugins:maven-compiler-plugin:3.1:testCompile (default-testCompile) on project CVE-2022-23596: Compilation failure: Compilation failure: 
[ERROR] /PoCAdaptation/exploit/result/CVE-2022-23596/1.0.1/exploit/src/test/java/edu/vision/se/Testcase1.java:[4,25] cannot find symbol
[ERROR]   symbol:   class Junrar
[ERROR]   location: package com.github.junrar
[ERROR] /PoCAdaptation/exploit/result/CVE-2022-23596/1.0.1/exploit/src/test/java/edu/vision/se/Testcase1.java:[19,13] cannot find symbol
[ERROR]   symbol:   variable Junrar
[ERROR]   location: class edu.vision.se.Testcase1
[ERROR] -> [Help 1]
[ERROR] 
[ERROR] To see the full stack trace of the errors, re-run Maven with the -e switch.
[ERROR] Re-run Maven using the -X switch to enable full debug logging.
[ERROR] 
[ERROR] For more information about the errors and possible solutions, please read the following articles:
[ERROR] [Help 1] http://cwiki.apache.org/confluence/display/MAVEN/MojoFailureException

### Test File Content:
package edu.vision.se;

import cn.hutool.core.io.FileUtil;
import com.github.junrar.Junrar;
import org.junit.Test;
import com.github.junrar.exception.RarException; // Updated import
import java.io.File;

import static org.junit.Assert.assertTrue;
import static org.junit.Assert.fail;

public class Testcase1 {
    @Test(timeout = 2000)
    public void testCorruptHeader() throws Exception {
        File file = FileUtil.file(System.getProperty("user.dir"), "src/test/resources/loop.rar");
        File destFile = File.createTempFile("temp", null).getParentFile();

        try {
            Junrar.extract(file, destFile);
            fail("the test fail");
        } catch (Exception e) {
            validateThrow(e);
        }
    }

    public void validateThrow(Throwable e) {
        assertTrue(e instanceof RarException); // Updated check
    }
}



---------
---------
[LLMClient] Response: ```java
package edu.vision.se;

import cn.hutool.core.io.FileUtil;
import com.github.junrar.extract.ExtractArchive; // Updated import
import org.junit.Test;
import com.github.junrar.exception.RarException;
import java.io.File;

import static org.junit.Assert.assertTrue;
import static org.junit.Assert.fail;

public class Testcase1 {
    @Test(timeout = 2000)
    public void testCorruptHeader() throws Exception {
        File file = FileUtil.file(System.getProperty("user.dir"), "src/test/resources/loop.rar");
        File destFile = File.createTempFile("temp", null).getParentFile();

        try {
            ExtractArchive.extractArchive(file, destFile); // Updated method usage
            fail("the test fail");
        } catch (Exception e) {
            validateThrow(e);
        }
    }

    public void validateThrow(Throwable e) {
        assertTrue(e instanceof RarException);
    }
}
```
---------
[96m[RepairModule] Wrote modified code to /PoCAdaptation/exploit/result/CVE-2022-23596/1.0.1/exploit/src/test/java/edu/vision/se/Testcase1.java[0m
[96m[Executor] Executing exploit for CVE-2022-23596 on version 1.0.1...[0m
[INFO] Scanning for projects...
[INFO] 
[INFO] --------------------< edu.vision.se:CVE-2022-23596 >--------------------
[INFO] Building junrar CVE-2022-23596 1.0-SNAPSHOT
[INFO]   from pom.xml
[INFO] --------------------------------[ jar ]---------------------------------
[INFO] 
[INFO] --- maven-clean-plugin:2.5:clean (default-clean) @ CVE-2022-23596 ---
[INFO] Deleting /PoCAdaptation/exploit/result/CVE-2022-23596/1.0.1/exploit/target
[INFO] 
[INFO] --- maven-resources-plugin:2.6:resources (default-resources) @ CVE-2022-23596 ---
[WARNING] Using platform encoding (UTF-8 actually) to copy filtered resources, i.e. build is platform dependent!
[INFO] Copying 0 resource
[INFO] 
[INFO] --- maven-compiler-plugin:3.1:compile (default-compile) @ CVE-2022-23596 ---
[INFO] No sources to compile
[INFO] 
[INFO] --- maven-resources-plugin:2.6:testResources (default-testResources) @ CVE-2022-23596 ---
[WARNING] Using platform encoding (UTF-8 actually) to copy filtered resources, i.e. build is platform dependent!
[INFO] Copying 1 resource
[INFO] 
[INFO] --- maven-compiler-plugin:3.1:testCompile (default-testCompile) @ CVE-2022-23596 ---
[INFO] Changes detected - recompiling the module!
[WARNING] File encoding has not been set, using platform encoding UTF-8, i.e. build is platform dependent!
[INFO] Compiling 1 source file to /PoCAdaptation/exploit/result/CVE-2022-23596/1.0.1/exploit/target/test-classes
[INFO] -------------------------------------------------------------
[ERROR] COMPILATION ERROR : 
[INFO] -------------------------------------------------------------
[ERROR] /PoCAdaptation/exploit/result/CVE-2022-23596/1.0.1/exploit/src/test/java/edu/vision/se/Testcase1.java:[19,27] non-static method extractArchive(java.io.File,java.io.File) cannot be referenced from a static context
[INFO] 1 error
[INFO] -------------------------------------------------------------
[INFO] ------------------------------------------------------------------------
[INFO] BUILD FAILURE
[INFO] ------------------------------------------------------------------------
[INFO] Total time:  0.846 s
[INFO] Finished at: 2025-07-14T07:21:50Z
[INFO] ------------------------------------------------------------------------
[ERROR] Failed to execute goal org.apache.maven.plugins:maven-compiler-plugin:3.1:testCompile (default-testCompile) on project CVE-2022-23596: Compilation failure
[ERROR] /PoCAdaptation/exploit/result/CVE-2022-23596/1.0.1/exploit/src/test/java/edu/vision/se/Testcase1.java:[19,27] non-static method extractArchive(java.io.File,java.io.File) cannot be referenced from a static context
[ERROR] 
[ERROR] -> [Help 1]
[ERROR] 
[ERROR] To see the full stack trace of the errors, re-run Maven with the -e switch.
[ERROR] Re-run Maven using the -X switch to enable full debug logging.
[ERROR] 
[ERROR] For more information about the errors and possible solutions, please read the following articles:
[ERROR] [Help 1] http://cwiki.apache.org/confluence/display/MAVEN/MojoFailureException


[96m[Verifier] Verifying reproduction...[0m
[91m[Verifier] âœ— Behavior not found: 'org.junit.runners.model.TestTimedOutException'[0m
[91m[Executor] Reproduction result: Failure[0m
[91m[RepairModule] Repair failed after simulated annealing.[0m
[96m[Adapter] Test code repair attempted.[0m
[96m[Executor] Executing exploit for CVE-2022-23596 on version 1.0.1...[0m
[INFO] Scanning for projects...
[INFO] 
[INFO] --------------------< edu.vision.se:CVE-2022-23596 >--------------------
[INFO] Building junrar CVE-2022-23596 1.0-SNAPSHOT
[INFO]   from pom.xml
[INFO] --------------------------------[ jar ]---------------------------------
[INFO] 
[INFO] --- maven-clean-plugin:2.5:clean (default-clean) @ CVE-2022-23596 ---
[INFO] Deleting /PoCAdaptation/exploit/result/CVE-2022-23596/1.0.1/exploit/target
[INFO] 
[INFO] --- maven-resources-plugin:2.6:resources (default-resources) @ CVE-2022-23596 ---
[WARNING] Using platform encoding (UTF-8 actually) to copy filtered resources, i.e. build is platform dependent!
[INFO] Copying 0 resource
[INFO] 
[INFO] --- maven-compiler-plugin:3.1:compile (default-compile) @ CVE-2022-23596 ---
[INFO] No sources to compile
[INFO] 
[INFO] --- maven-resources-plugin:2.6:testResources (default-testResources) @ CVE-2022-23596 ---
[WARNING] Using platform encoding (UTF-8 actually) to copy filtered resources, i.e. build is platform dependent!
[INFO] Copying 1 resource
[INFO] 
[INFO] --- maven-compiler-plugin:3.1:testCompile (default-testCompile) @ CVE-2022-23596 ---
[INFO] Changes detected - recompiling the module!
[WARNING] File encoding has not been set, using platform encoding UTF-8, i.e. build is platform dependent!
[INFO] Compiling 1 source file to /PoCAdaptation/exploit/result/CVE-2022-23596/1.0.1/exploit/target/test-classes
[INFO] -------------------------------------------------------------
[ERROR] COMPILATION ERROR : 
[INFO] -------------------------------------------------------------
[ERROR] /PoCAdaptation/exploit/result/CVE-2022-23596/1.0.1/exploit/src/test/java/edu/vision/se/Testcase1.java:[4,25] cannot find symbol
  symbol:   class Junrar
  location: package com.github.junrar
[ERROR] /PoCAdaptation/exploit/result/CVE-2022-23596/1.0.1/exploit/src/test/java/edu/vision/se/Testcase1.java:[19,13] cannot find symbol
  symbol:   variable Junrar
  location: class edu.vision.se.Testcase1
[INFO] 2 errors 
[INFO] -------------------------------------------------------------
[INFO] ------------------------------------------------------------------------
[INFO] BUILD FAILURE
[INFO] ------------------------------------------------------------------------
[INFO] Total time:  1.018 s
[INFO] Finished at: 2025-07-14T07:21:52Z
[INFO] ------------------------------------------------------------------------
[ERROR] Failed to execute goal org.apache.maven.plugins:maven-compiler-plugin:3.1:testCompile (default-testCompile) on project CVE-2022-23596: Compilation failure: Compilation failure: 
[ERROR] /PoCAdaptation/exploit/result/CVE-2022-23596/1.0.1/exploit/src/test/java/edu/vision/se/Testcase1.java:[4,25] cannot find symbol
[ERROR]   symbol:   class Junrar
[ERROR]   location: package com.github.junrar
[ERROR] /PoCAdaptation/exploit/result/CVE-2022-23596/1.0.1/exploit/src/test/java/edu/vision/se/Testcase1.java:[19,13] cannot find symbol
[ERROR]   symbol:   variable Junrar
[ERROR]   location: class edu.vision.se.Testcase1
[ERROR] -> [Help 1]
[ERROR] 
[ERROR] To see the full stack trace of the errors, re-run Maven with the -e switch.
[ERROR] Re-run Maven using the -X switch to enable full debug logging.
[ERROR] 
[ERROR] For more information about the errors and possible solutions, please read the following articles:
[ERROR] [Help 1] http://cwiki.apache.org/confluence/display/MAVEN/MojoFailureException


[96m[Verifier] Verifying reproduction...[0m
[91m[Verifier] âœ— Behavior not found: 'org.junit.runners.model.TestTimedOutException'[0m
[91m[Executor] Reproduction result: Failure[0m
[91m[Adapter] Adaptation from 2.0.0 to 1.0.1 failed.[0m
[96m[Executor] Executing exploit for CVE-2022-23596 on version 1.0.1...[0m
[INFO] Scanning for projects...
[INFO] 
[INFO] --------------------< edu.vision.se:CVE-2022-23596 >--------------------
[INFO] Building junrar CVE-2022-23596 1.0-SNAPSHOT
[INFO]   from pom.xml
[INFO] --------------------------------[ jar ]---------------------------------
[INFO] 
[INFO] --- maven-clean-plugin:2.5:clean (default-clean) @ CVE-2022-23596 ---
[INFO] Deleting /PoCAdaptation/exploit/result/CVE-2022-23596/1.0.1/exploit/target
[INFO] 
[INFO] --- maven-resources-plugin:2.6:resources (default-resources) @ CVE-2022-23596 ---
[WARNING] Using platform encoding (UTF-8 actually) to copy filtered resources, i.e. build is platform dependent!
[INFO] Copying 0 resource
[INFO] 
[INFO] --- maven-compiler-plugin:3.1:compile (default-compile) @ CVE-2022-23596 ---
[INFO] No sources to compile
[INFO] 
[INFO] --- maven-resources-plugin:2.6:testResources (default-testResources) @ CVE-2022-23596 ---
[WARNING] Using platform encoding (UTF-8 actually) to copy filtered resources, i.e. build is platform dependent!
[INFO] Copying 1 resource
[INFO] 
[INFO] --- maven-compiler-plugin:3.1:testCompile (default-testCompile) @ CVE-2022-23596 ---
[INFO] Changes detected - recompiling the module!
[WARNING] File encoding has not been set, using platform encoding UTF-8, i.e. build is platform dependent!
[INFO] Compiling 1 source file to /PoCAdaptation/exploit/result/CVE-2022-23596/1.0.1/exploit/target/test-classes
[INFO] -------------------------------------------------------------
[ERROR] COMPILATION ERROR : 
[INFO] -------------------------------------------------------------
[ERROR] /PoCAdaptation/exploit/result/CVE-2022-23596/1.0.1/exploit/src/test/java/edu/vision/se/Testcase1.java:[4,25] cannot find symbol
  symbol:   class Junrar
  location: package com.github.junrar
[ERROR] /PoCAdaptation/exploit/result/CVE-2022-23596/1.0.1/exploit/src/test/java/edu/vision/se/Testcase1.java:[19,13] cannot find symbol
  symbol:   variable Junrar
  location: class edu.vision.se.Testcase1
[INFO] 2 errors 
[INFO] -------------------------------------------------------------
[INFO] ------------------------------------------------------------------------
[INFO] BUILD FAILURE
[INFO] ------------------------------------------------------------------------
[INFO] Total time:  0.998 s
[INFO] Finished at: 2025-07-14T07:21:54Z
[INFO] ------------------------------------------------------------------------
[ERROR] Failed to execute goal org.apache.maven.plugins:maven-compiler-plugin:3.1:testCompile (default-testCompile) on project CVE-2022-23596: Compilation failure: Compilation failure: 
[ERROR] /PoCAdaptation/exploit/result/CVE-2022-23596/1.0.1/exploit/src/test/java/edu/vision/se/Testcase1.java:[4,25] cannot find symbol
[ERROR]   symbol:   class Junrar
[ERROR]   location: package com.github.junrar
[ERROR] /PoCAdaptation/exploit/result/CVE-2022-23596/1.0.1/exploit/src/test/java/edu/vision/se/Testcase1.java:[19,13] cannot find symbol
[ERROR]   symbol:   variable Junrar
[ERROR]   location: class edu.vision.se.Testcase1
[ERROR] -> [Help 1]
[ERROR] 
[ERROR] To see the full stack trace of the errors, re-run Maven with the -e switch.
[ERROR] Re-run Maven using the -X switch to enable full debug logging.
[ERROR] 
[ERROR] For more information about the errors and possible solutions, please read the following articles:
[ERROR] [Help 1] http://cwiki.apache.org/confluence/display/MAVEN/MojoFailureException


[96m[Verifier] Verifying reproduction...[0m
[91m[Verifier] âœ— Behavior not found: 'org.junit.runners.model.TestTimedOutException'[0m
[91m[Executor] Reproduction result: Failure[0m
[96m[ErrorManager] Ignoring line: [ERROR] Failed to execute goal org.apache.maven.plugins:maven-compiler-plugin:3.1:testCompile (default-testCompile) on project CVE-2022-23596: Compilation failure: Compilation failure:[0m
[92m[ErrorManager] Processing line: [ERROR] /PoCAdaptation/exploit/result/CVE-2022-23596/1.0.1/exploit/src/test/java/edu/vision/se/Testcase1.java:[4,25] cannot find symbol[0m
[92m[ErrorManager] Processing line: [ERROR]   symbol:   class Junrar[0m
[92m[ErrorManager] Processing line: [ERROR]   location: package com.github.junrar[0m
[92m[ErrorManager] Processing line: [ERROR] /PoCAdaptation/exploit/result/CVE-2022-23596/1.0.1/exploit/src/test/java/edu/vision/se/Testcase1.java:[19,13] cannot find symbol[0m
[92m[ErrorManager] Processing line: [ERROR]   symbol:   variable Junrar[0m
[92m[ErrorManager] Processing line: [ERROR]   location: class edu.vision.se.Testcase1[0m
[96m[ErrorManager] Ignoring line: [ERROR] -> [Help 1][0m
[96m[ErrorManager] Ignoring line: [ERROR][0m
[96m[ErrorManager] Ignoring line: [ERROR] To see the full stack trace of the errors, re-run Maven with the -e switch.[0m
[96m[ErrorManager] Ignoring line: [ERROR] Re-run Maven using the -X switch to enable full debug logging.[0m
[96m[ErrorManager] Ignoring line: [ERROR][0m
[96m[ErrorManager] Ignoring line: [ERROR] For more information about the errors and possible solutions, please read the following articles:[0m
[96m[ErrorManager] Ignoring line: [ERROR] [Help 1] http://cwiki.apache.org/confluence/display/MAVEN/MojoFailureException[0m
[96m[Adapter] Locating fix position in error log.[0m
---------
[LLMClient] Asking: You are given a Java error log when executing 'mvn test' in a project with dependency version 1.0.1:com.github.junrar:junrar.
This test file compiles and runs successfully with version 2.0.0.

Your task is to:
output the location in the project that should be modified to fix the problem **without updating this library**.

Please return 'pom' if the fix is in the pom.xml file, or 'test' if the fix is in the test code.
Do not return any other text, just 'pom' or 'test'.

The error log is:
[INFO] Scanning for projects...
[INFO] 
[INFO] --------------------< edu.vision.se:CVE-2022-23596 >--------------------
[INFO] Building junrar CVE-2022-23596 1.0-SNAPSHOT
[INFO]   from pom.xml
[INFO] --------------------------------[ jar ]---------------------------------
[INFO] 
[INFO] --- maven-clean-plugin:2.5:clean (default-clean) @ CVE-2022-23596 ---
[INFO] Deleting /PoCAdaptation/exploit/result/CVE-2022-23596/1.0.1/exploit/target
[INFO] 
[INFO] --- maven-resources-plugin:2.6:resources (default-resources) @ CVE-2022-23596 ---
[WARNING] Using platform encoding (UTF-8 actually) to copy filtered resources, i.e. build is platform dependent!
[INFO] Copying 0 resource
[INFO] 
[INFO] --- maven-compiler-plugin:3.1:compile (default-compile) @ CVE-2022-23596 ---
[INFO] No sources to compile
[INFO] 
[INFO] --- maven-resources-plugin:2.6:testResources (default-testResources) @ CVE-2022-23596 ---
[WARNING] Using platform encoding (UTF-8 actually) to copy filtered resources, i.e. build is platform dependent!
[INFO] Copying 1 resource
[INFO] 
[INFO] --- maven-compiler-plugin:3.1:testCompile (default-testCompile) @ CVE-2022-23596 ---
[INFO] Changes detected - recompiling the module!
[WARNING] File encoding has not been set, using platform encoding UTF-8, i.e. build is platform dependent!
[INFO] Compiling 1 source file to /PoCAdaptation/exploit/result/CVE-2022-23596/1.0.1/exploit/target/test-classes
[INFO] -------------------------------------------------------------
[ERROR] COMPILATION ERROR : 
[INFO] -------------------------------------------------------------
[ERROR] /PoCAdaptation/exploit/result/CVE-2022-23596/1.0.1/exploit/src/test/java/edu/vision/se/Testcase1.java:[4,25] cannot find symbol
  symbol:   class Junrar
  location: package com.github.junrar
[ERROR] /PoCAdaptation/exploit/result/CVE-2022-23596/1.0.1/exploit/src/test/java/edu/vision/se/Testcase1.java:[19,13] cannot find symbol
  symbol:   variable Junrar
  location: class edu.vision.se.Testcase1
[INFO] 2 errors 
[INFO] -------------------------------------------------------------
[INFO] ------------------------------------------------------------------------
[INFO] BUILD FAILURE
[INFO] ------------------------------------------------------------------------
[INFO] Total time:  0.998 s
[INFO] Finished at: 2025-07-14T07:21:54Z
[INFO] ------------------------------------------------------------------------
[ERROR] Failed to execute goal org.apache.maven.plugins:maven-compiler-plugin:3.1:testCompile (default-testCompile) on project CVE-2022-23596: Compilation failure: Compilation failure: 
[ERROR] /PoCAdaptation/exploit/result/CVE-2022-23596/1.0.1/exploit/src/test/java/edu/vision/se/Testcase1.java:[4,25] cannot find symbol
[ERROR]   symbol:   class Junrar
[ERROR]   location: package com.github.junrar
[ERROR] /PoCAdaptation/exploit/result/CVE-2022-23596/1.0.1/exploit/src/test/java/edu/vision/se/Testcase1.java:[19,13] cannot find symbol
[ERROR]   symbol:   variable Junrar
[ERROR]   location: class edu.vision.se.Testcase1
[ERROR] -> [Help 1]
[ERROR] 
[ERROR] To see the full stack trace of the errors, re-run Maven with the -e switch.
[ERROR] Re-run Maven using the -X switch to enable full debug logging.
[ERROR] 
[ERROR] For more information about the errors and possible solutions, please read the following articles:
[ERROR] [Help 1] http://cwiki.apache.org/confluence/display/MAVEN/MojoFailureException


current_pom file is:<?xml version='1.0' encoding='utf-8'?>
<project xmlns="http://maven.apache.org/POM/4.0.0" xmlns:xsi="http://www.w3.org/2001/XMLSchema-instance" xsi:schemaLocation="http://maven.apache.org/POM/4.0.0 https://maven.apache.org/xsd/maven-4.0.0.xsd">
  <groupId>edu.vision.se</groupId><version>1.0-SNAPSHOT</version><modelVersion>4.0.0</modelVersion>
  <artifactId>CVE-2022-23596</artifactId>
  <name>junrar CVE-2022-23596</name>

  <properties>
    <maven.compiler.target>11</maven.compiler.target>
    <maven.compiler.source>11</maven.compiler.source>
  </properties>

  <dependencies>
    <dependency>
      <groupId>com.github.junrar</groupId>
      <artifactId>junrar</artifactId>
      <version>1.0.1</version>
    </dependency>
    <dependency>
        <groupId>cn.hutool</groupId>
        <artifactId>hutool-all</artifactId>
        <version>5.7.10</version>
    </dependency>
  <dependency><groupId>junit</groupId><artifactId>junit</artifactId><version>4.13.2</version></dependency>
  
  </dependencies>
</project>
---------
---------
[LLMClient] Response: test
---------
[96m[Adapter] LLM response for fix position: test[0m
[96m[Adapter] Fix position is in test code.[0m
---------
[LLMClient] Asking: You are given an error when executing exploit in in 1.0.1:com.github.junrar:junrar
This exploit file compiles and reproduced successfully in 2.0.0 with an assertion error.

Your task is fix the error.

Only output the modified version of the test file. No explanations. 
### Compilation Errors:
[INFO] Scanning for projects...
[INFO] 
[INFO] --------------------< edu.vision.se:CVE-2022-23596 >--------------------
[INFO] Building junrar CVE-2022-23596 1.0-SNAPSHOT
[INFO]   from pom.xml
[INFO] --------------------------------[ jar ]---------------------------------
[INFO] 
[INFO] --- maven-clean-plugin:2.5:clean (default-clean) @ CVE-2022-23596 ---
[INFO] Deleting /PoCAdaptation/exploit/result/CVE-2022-23596/1.0.1/exploit/target
[INFO] 
[INFO] --- maven-resources-plugin:2.6:resources (default-resources) @ CVE-2022-23596 ---
[WARNING] Using platform encoding (UTF-8 actually) to copy filtered resources, i.e. build is platform dependent!
[INFO] Copying 0 resource
[INFO] 
[INFO] --- maven-compiler-plugin:3.1:compile (default-compile) @ CVE-2022-23596 ---
[INFO] No sources to compile
[INFO] 
[INFO] --- maven-resources-plugin:2.6:testResources (default-testResources) @ CVE-2022-23596 ---
[WARNING] Using platform encoding (UTF-8 actually) to copy filtered resources, i.e. build is platform dependent!
[INFO] Copying 1 resource
[INFO] 
[INFO] --- maven-compiler-plugin:3.1:testCompile (default-testCompile) @ CVE-2022-23596 ---
[INFO] Changes detected - recompiling the module!
[WARNING] File encoding has not been set, using platform encoding UTF-8, i.e. build is platform dependent!
[INFO] Compiling 1 source file to /PoCAdaptation/exploit/result/CVE-2022-23596/1.0.1/exploit/target/test-classes
[INFO] -------------------------------------------------------------
[ERROR] COMPILATION ERROR : 
[INFO] -------------------------------------------------------------
[ERROR] /PoCAdaptation/exploit/result/CVE-2022-23596/1.0.1/exploit/src/test/java/edu/vision/se/Testcase1.java:[4,25] cannot find symbol
  symbol:   class Junrar
  location: package com.github.junrar
[ERROR] /PoCAdaptation/exploit/result/CVE-2022-23596/1.0.1/exploit/src/test/java/edu/vision/se/Testcase1.java:[19,13] cannot find symbol
  symbol:   variable Junrar
  location: class edu.vision.se.Testcase1
[INFO] 2 errors 
[INFO] -------------------------------------------------------------
[INFO] ------------------------------------------------------------------------
[INFO] BUILD FAILURE
[INFO] ------------------------------------------------------------------------
[INFO] Total time:  0.998 s
[INFO] Finished at: 2025-07-14T07:21:54Z
[INFO] ------------------------------------------------------------------------
[ERROR] Failed to execute goal org.apache.maven.plugins:maven-compiler-plugin:3.1:testCompile (default-testCompile) on project CVE-2022-23596: Compilation failure: Compilation failure: 
[ERROR] /PoCAdaptation/exploit/result/CVE-2022-23596/1.0.1/exploit/src/test/java/edu/vision/se/Testcase1.java:[4,25] cannot find symbol
[ERROR]   symbol:   class Junrar
[ERROR]   location: package com.github.junrar
[ERROR] /PoCAdaptation/exploit/result/CVE-2022-23596/1.0.1/exploit/src/test/java/edu/vision/se/Testcase1.java:[19,13] cannot find symbol
[ERROR]   symbol:   variable Junrar
[ERROR]   location: class edu.vision.se.Testcase1
[ERROR] -> [Help 1]
[ERROR] 
[ERROR] To see the full stack trace of the errors, re-run Maven with the -e switch.
[ERROR] Re-run Maven using the -X switch to enable full debug logging.
[ERROR] 
[ERROR] For more information about the errors and possible solutions, please read the following articles:
[ERROR] [Help 1] http://cwiki.apache.org/confluence/display/MAVEN/MojoFailureException

### Test File Content:
package edu.vision.se;

import cn.hutool.core.io.FileUtil;
import com.github.junrar.Junrar;
import org.junit.Test;
import com.github.junrar.exception.RarException; // Updated import
import java.io.File;

import static org.junit.Assert.assertTrue;
import static org.junit.Assert.fail;

public class Testcase1 {
    @Test(timeout = 2000)
    public void testCorruptHeader() throws Exception {
        File file = FileUtil.file(System.getProperty("user.dir"), "src/test/resources/loop.rar");
        File destFile = File.createTempFile("temp", null).getParentFile();

        try {
            Junrar.extract(file, destFile);
            fail("the test fail");
        } catch (Exception e) {
            validateThrow(e);
        }
    }

    public void validateThrow(Throwable e) {
        assertTrue(e instanceof RarException); // Updated check
    }
}



---------
---------
[LLMClient] Response: ```java
package edu.vision.se;

import cn.hutool.core.io.FileUtil;
// Corrected import of the Junrar library
import com.github.junrar.extract.ExtractArchive;
import org.junit.Test;
import com.github.junrar.exception.RarException; 
import java.io.File;

import static org.junit.Assert.assertTrue;
import static org.junit.Assert.fail;

public class Testcase1 {
    @Test(timeout = 2000)
    public void testCorruptHeader() throws Exception {
        File file = FileUtil.file(System.getProperty("user.dir"), "src/test/resources/loop.rar");
        File destFile = File.createTempFile("temp", null).getParentFile();

        try {
            ExtractArchive.extractArchive(file, destFile); // Changed method call
            fail("the test fail");
        } catch (Exception e) {
            validateThrow(e);
        }
    }

    public void validateThrow(Throwable e) {
        assertTrue(e instanceof RarException); 
    }
}
```
---------
[96m[RepairModule] Wrote modified code to /PoCAdaptation/exploit/result/CVE-2022-23596/1.0.1/exploit/src/test/java/edu/vision/se/Testcase1.java[0m
[96m[Executor] Executing exploit for CVE-2022-23596 on version 1.0.1...[0m
[INFO] Scanning for projects...
[INFO] 
[INFO] --------------------< edu.vision.se:CVE-2022-23596 >--------------------
[INFO] Building junrar CVE-2022-23596 1.0-SNAPSHOT
[INFO]   from pom.xml
[INFO] --------------------------------[ jar ]---------------------------------
[INFO] 
[INFO] --- maven-clean-plugin:2.5:clean (default-clean) @ CVE-2022-23596 ---
[INFO] Deleting /PoCAdaptation/exploit/result/CVE-2022-23596/1.0.1/exploit/target
[INFO] 
[INFO] --- maven-resources-plugin:2.6:resources (default-resources) @ CVE-2022-23596 ---
[WARNING] Using platform encoding (UTF-8 actually) to copy filtered resources, i.e. build is platform dependent!
[INFO] Copying 0 resource
[INFO] 
[INFO] --- maven-compiler-plugin:3.1:compile (default-compile) @ CVE-2022-23596 ---
[INFO] No sources to compile
[INFO] 
[INFO] --- maven-resources-plugin:2.6:testResources (default-testResources) @ CVE-2022-23596 ---
[WARNING] Using platform encoding (UTF-8 actually) to copy filtered resources, i.e. build is platform dependent!
[INFO] Copying 1 resource
[INFO] 
[INFO] --- maven-compiler-plugin:3.1:testCompile (default-testCompile) @ CVE-2022-23596 ---
[INFO] Changes detected - recompiling the module!
[WARNING] File encoding has not been set, using platform encoding UTF-8, i.e. build is platform dependent!
[INFO] Compiling 1 source file to /PoCAdaptation/exploit/result/CVE-2022-23596/1.0.1/exploit/target/test-classes
[INFO] -------------------------------------------------------------
[ERROR] COMPILATION ERROR : 
[INFO] -------------------------------------------------------------
[ERROR] /PoCAdaptation/exploit/result/CVE-2022-23596/1.0.1/exploit/src/test/java/edu/vision/se/Testcase1.java:[20,27] non-static method extractArchive(java.io.File,java.io.File) cannot be referenced from a static context
[INFO] 1 error
[INFO] -------------------------------------------------------------
[INFO] ------------------------------------------------------------------------
[INFO] BUILD FAILURE
[INFO] ------------------------------------------------------------------------
[INFO] Total time:  0.845 s
[INFO] Finished at: 2025-07-14T07:22:28Z
[INFO] ------------------------------------------------------------------------
[ERROR] Failed to execute goal org.apache.maven.plugins:maven-compiler-plugin:3.1:testCompile (default-testCompile) on project CVE-2022-23596: Compilation failure
[ERROR] /PoCAdaptation/exploit/result/CVE-2022-23596/1.0.1/exploit/src/test/java/edu/vision/se/Testcase1.java:[20,27] non-static method extractArchive(java.io.File,java.io.File) cannot be referenced from a static context
[ERROR] 
[ERROR] -> [Help 1]
[ERROR] 
[ERROR] To see the full stack trace of the errors, re-run Maven with the -e switch.
[ERROR] Re-run Maven using the -X switch to enable full debug logging.
[ERROR] 
[ERROR] For more information about the errors and possible solutions, please read the following articles:
[ERROR] [Help 1] http://cwiki.apache.org/confluence/display/MAVEN/MojoFailureException


[96m[Verifier] Verifying reproduction...[0m
[91m[Verifier] âœ— Behavior not found: 'org.junit.runners.model.TestTimedOutException'[0m
[91m[Executor] Reproduction result: Failure[0m
[91m[RepairModule] Repair failed after simulated annealing.[0m
[96m[Adapter] Test code repair attempted.[0m
[96m[Executor] Executing exploit for CVE-2022-23596 on version 1.0.1...[0m
[INFO] Scanning for projects...
[INFO] 
[INFO] --------------------< edu.vision.se:CVE-2022-23596 >--------------------
[INFO] Building junrar CVE-2022-23596 1.0-SNAPSHOT
[INFO]   from pom.xml
[INFO] --------------------------------[ jar ]---------------------------------
[INFO] 
[INFO] --- maven-clean-plugin:2.5:clean (default-clean) @ CVE-2022-23596 ---
[INFO] Deleting /PoCAdaptation/exploit/result/CVE-2022-23596/1.0.1/exploit/target
[INFO] 
[INFO] --- maven-resources-plugin:2.6:resources (default-resources) @ CVE-2022-23596 ---
[WARNING] Using platform encoding (UTF-8 actually) to copy filtered resources, i.e. build is platform dependent!
[INFO] Copying 0 resource
[INFO] 
[INFO] --- maven-compiler-plugin:3.1:compile (default-compile) @ CVE-2022-23596 ---
[INFO] No sources to compile
[INFO] 
[INFO] --- maven-resources-plugin:2.6:testResources (default-testResources) @ CVE-2022-23596 ---
[WARNING] Using platform encoding (UTF-8 actually) to copy filtered resources, i.e. build is platform dependent!
[INFO] Copying 1 resource
[INFO] 
[INFO] --- maven-compiler-plugin:3.1:testCompile (default-testCompile) @ CVE-2022-23596 ---
[INFO] Changes detected - recompiling the module!
[WARNING] File encoding has not been set, using platform encoding UTF-8, i.e. build is platform dependent!
[INFO] Compiling 1 source file to /PoCAdaptation/exploit/result/CVE-2022-23596/1.0.1/exploit/target/test-classes
[INFO] -------------------------------------------------------------
[ERROR] COMPILATION ERROR : 
[INFO] -------------------------------------------------------------
[ERROR] /PoCAdaptation/exploit/result/CVE-2022-23596/1.0.1/exploit/src/test/java/edu/vision/se/Testcase1.java:[4,25] cannot find symbol
  symbol:   class Junrar
  location: package com.github.junrar
[ERROR] /PoCAdaptation/exploit/result/CVE-2022-23596/1.0.1/exploit/src/test/java/edu/vision/se/Testcase1.java:[19,13] cannot find symbol
  symbol:   variable Junrar
  location: class edu.vision.se.Testcase1
[INFO] 2 errors 
[INFO] -------------------------------------------------------------
[INFO] ------------------------------------------------------------------------
[INFO] BUILD FAILURE
[INFO] ------------------------------------------------------------------------
[INFO] Total time:  1.029 s
[INFO] Finished at: 2025-07-14T07:22:30Z
[INFO] ------------------------------------------------------------------------
[ERROR] Failed to execute goal org.apache.maven.plugins:maven-compiler-plugin:3.1:testCompile (default-testCompile) on project CVE-2022-23596: Compilation failure: Compilation failure: 
[ERROR] /PoCAdaptation/exploit/result/CVE-2022-23596/1.0.1/exploit/src/test/java/edu/vision/se/Testcase1.java:[4,25] cannot find symbol
[ERROR]   symbol:   class Junrar
[ERROR]   location: package com.github.junrar
[ERROR] /PoCAdaptation/exploit/result/CVE-2022-23596/1.0.1/exploit/src/test/java/edu/vision/se/Testcase1.java:[19,13] cannot find symbol
[ERROR]   symbol:   variable Junrar
[ERROR]   location: class edu.vision.se.Testcase1
[ERROR] -> [Help 1]
[ERROR] 
[ERROR] To see the full stack trace of the errors, re-run Maven with the -e switch.
[ERROR] Re-run Maven using the -X switch to enable full debug logging.
[ERROR] 
[ERROR] For more information about the errors and possible solutions, please read the following articles:
[ERROR] [Help 1] http://cwiki.apache.org/confluence/display/MAVEN/MojoFailureException


[96m[Verifier] Verifying reproduction...[0m
[91m[Verifier] âœ— Behavior not found: 'org.junit.runners.model.TestTimedOutException'[0m
[91m[Executor] Reproduction result: Failure[0m
[91m[Adapter] Adaptation from 2.0.0 to 1.0.1 failed.[0m
[96m[Executor] Executing exploit for CVE-2022-23596 on version 1.0.1...[0m
[INFO] Scanning for projects...
[INFO] 
[INFO] --------------------< edu.vision.se:CVE-2022-23596 >--------------------
[INFO] Building junrar CVE-2022-23596 1.0-SNAPSHOT
[INFO]   from pom.xml
[INFO] --------------------------------[ jar ]---------------------------------
[INFO] 
[INFO] --- maven-clean-plugin:2.5:clean (default-clean) @ CVE-2022-23596 ---
[INFO] Deleting /PoCAdaptation/exploit/result/CVE-2022-23596/1.0.1/exploit/target
[INFO] 
[INFO] --- maven-resources-plugin:2.6:resources (default-resources) @ CVE-2022-23596 ---
[WARNING] Using platform encoding (UTF-8 actually) to copy filtered resources, i.e. build is platform dependent!
[INFO] Copying 0 resource
[INFO] 
[INFO] --- maven-compiler-plugin:3.1:compile (default-compile) @ CVE-2022-23596 ---
[INFO] No sources to compile
[INFO] 
[INFO] --- maven-resources-plugin:2.6:testResources (default-testResources) @ CVE-2022-23596 ---
[WARNING] Using platform encoding (UTF-8 actually) to copy filtered resources, i.e. build is platform dependent!
[INFO] Copying 1 resource
[INFO] 
[INFO] --- maven-compiler-plugin:3.1:testCompile (default-testCompile) @ CVE-2022-23596 ---
[INFO] Changes detected - recompiling the module!
[WARNING] File encoding has not been set, using platform encoding UTF-8, i.e. build is platform dependent!
[INFO] Compiling 1 source file to /PoCAdaptation/exploit/result/CVE-2022-23596/1.0.1/exploit/target/test-classes
[INFO] -------------------------------------------------------------
[ERROR] COMPILATION ERROR : 
[INFO] -------------------------------------------------------------
[ERROR] /PoCAdaptation/exploit/result/CVE-2022-23596/1.0.1/exploit/src/test/java/edu/vision/se/Testcase1.java:[4,25] cannot find symbol
  symbol:   class Junrar
  location: package com.github.junrar
[ERROR] /PoCAdaptation/exploit/result/CVE-2022-23596/1.0.1/exploit/src/test/java/edu/vision/se/Testcase1.java:[19,13] cannot find symbol
  symbol:   variable Junrar
  location: class edu.vision.se.Testcase1
[INFO] 2 errors 
[INFO] -------------------------------------------------------------
[INFO] ------------------------------------------------------------------------
[INFO] BUILD FAILURE
[INFO] ------------------------------------------------------------------------
[INFO] Total time:  1.026 s
[INFO] Finished at: 2025-07-14T07:22:32Z
[INFO] ------------------------------------------------------------------------
[ERROR] Failed to execute goal org.apache.maven.plugins:maven-compiler-plugin:3.1:testCompile (default-testCompile) on project CVE-2022-23596: Compilation failure: Compilation failure: 
[ERROR] /PoCAdaptation/exploit/result/CVE-2022-23596/1.0.1/exploit/src/test/java/edu/vision/se/Testcase1.java:[4,25] cannot find symbol
[ERROR]   symbol:   class Junrar
[ERROR]   location: package com.github.junrar
[ERROR] /PoCAdaptation/exploit/result/CVE-2022-23596/1.0.1/exploit/src/test/java/edu/vision/se/Testcase1.java:[19,13] cannot find symbol
[ERROR]   symbol:   variable Junrar
[ERROR]   location: class edu.vision.se.Testcase1
[ERROR] -> [Help 1]
[ERROR] 
[ERROR] To see the full stack trace of the errors, re-run Maven with the -e switch.
[ERROR] Re-run Maven using the -X switch to enable full debug logging.
[ERROR] 
[ERROR] For more information about the errors and possible solutions, please read the following articles:
[ERROR] [Help 1] http://cwiki.apache.org/confluence/display/MAVEN/MojoFailureException


[96m[Verifier] Verifying reproduction...[0m
[91m[Verifier] âœ— Behavior not found: 'org.junit.runners.model.TestTimedOutException'[0m
[91m[Executor] Reproduction result: Failure[0m
[96m[ErrorManager] Ignoring line: [ERROR] Failed to execute goal org.apache.maven.plugins:maven-compiler-plugin:3.1:testCompile (default-testCompile) on project CVE-2022-23596: Compilation failure: Compilation failure:[0m
[92m[ErrorManager] Processing line: [ERROR] /PoCAdaptation/exploit/result/CVE-2022-23596/1.0.1/exploit/src/test/java/edu/vision/se/Testcase1.java:[4,25] cannot find symbol[0m
[92m[ErrorManager] Processing line: [ERROR]   symbol:   class Junrar[0m
[92m[ErrorManager] Processing line: [ERROR]   location: package com.github.junrar[0m
[92m[ErrorManager] Processing line: [ERROR] /PoCAdaptation/exploit/result/CVE-2022-23596/1.0.1/exploit/src/test/java/edu/vision/se/Testcase1.java:[19,13] cannot find symbol[0m
[92m[ErrorManager] Processing line: [ERROR]   symbol:   variable Junrar[0m
[92m[ErrorManager] Processing line: [ERROR]   location: class edu.vision.se.Testcase1[0m
[96m[ErrorManager] Ignoring line: [ERROR] -> [Help 1][0m
[96m[ErrorManager] Ignoring line: [ERROR][0m
[96m[ErrorManager] Ignoring line: [ERROR] To see the full stack trace of the errors, re-run Maven with the -e switch.[0m
[96m[ErrorManager] Ignoring line: [ERROR] Re-run Maven using the -X switch to enable full debug logging.[0m
[96m[ErrorManager] Ignoring line: [ERROR][0m
[96m[ErrorManager] Ignoring line: [ERROR] For more information about the errors and possible solutions, please read the following articles:[0m
[96m[ErrorManager] Ignoring line: [ERROR] [Help 1] http://cwiki.apache.org/confluence/display/MAVEN/MojoFailureException[0m
[96m[Adapter] Locating fix position in error log.[0m
---------
[LLMClient] Asking: You are given a Java error log when executing 'mvn test' in a project with dependency version 1.0.1:com.github.junrar:junrar.
This test file compiles and runs successfully with version 2.0.0.

Your task is to:
output the location in the project that should be modified to fix the problem **without updating this library**.

Please return 'pom' if the fix is in the pom.xml file, or 'test' if the fix is in the test code.
Do not return any other text, just 'pom' or 'test'.

The error log is:
[INFO] Scanning for projects...
[INFO] 
[INFO] --------------------< edu.vision.se:CVE-2022-23596 >--------------------
[INFO] Building junrar CVE-2022-23596 1.0-SNAPSHOT
[INFO]   from pom.xml
[INFO] --------------------------------[ jar ]---------------------------------
[INFO] 
[INFO] --- maven-clean-plugin:2.5:clean (default-clean) @ CVE-2022-23596 ---
[INFO] Deleting /PoCAdaptation/exploit/result/CVE-2022-23596/1.0.1/exploit/target
[INFO] 
[INFO] --- maven-resources-plugin:2.6:resources (default-resources) @ CVE-2022-23596 ---
[WARNING] Using platform encoding (UTF-8 actually) to copy filtered resources, i.e. build is platform dependent!
[INFO] Copying 0 resource
[INFO] 
[INFO] --- maven-compiler-plugin:3.1:compile (default-compile) @ CVE-2022-23596 ---
[INFO] No sources to compile
[INFO] 
[INFO] --- maven-resources-plugin:2.6:testResources (default-testResources) @ CVE-2022-23596 ---
[WARNING] Using platform encoding (UTF-8 actually) to copy filtered resources, i.e. build is platform dependent!
[INFO] Copying 1 resource
[INFO] 
[INFO] --- maven-compiler-plugin:3.1:testCompile (default-testCompile) @ CVE-2022-23596 ---
[INFO] Changes detected - recompiling the module!
[WARNING] File encoding has not been set, using platform encoding UTF-8, i.e. build is platform dependent!
[INFO] Compiling 1 source file to /PoCAdaptation/exploit/result/CVE-2022-23596/1.0.1/exploit/target/test-classes
[INFO] -------------------------------------------------------------
[ERROR] COMPILATION ERROR : 
[INFO] -------------------------------------------------------------
[ERROR] /PoCAdaptation/exploit/result/CVE-2022-23596/1.0.1/exploit/src/test/java/edu/vision/se/Testcase1.java:[4,25] cannot find symbol
  symbol:   class Junrar
  location: package com.github.junrar
[ERROR] /PoCAdaptation/exploit/result/CVE-2022-23596/1.0.1/exploit/src/test/java/edu/vision/se/Testcase1.java:[19,13] cannot find symbol
  symbol:   variable Junrar
  location: class edu.vision.se.Testcase1
[INFO] 2 errors 
[INFO] -------------------------------------------------------------
[INFO] ------------------------------------------------------------------------
[INFO] BUILD FAILURE
[INFO] ------------------------------------------------------------------------
[INFO] Total time:  1.026 s
[INFO] Finished at: 2025-07-14T07:22:32Z
[INFO] ------------------------------------------------------------------------
[ERROR] Failed to execute goal org.apache.maven.plugins:maven-compiler-plugin:3.1:testCompile (default-testCompile) on project CVE-2022-23596: Compilation failure: Compilation failure: 
[ERROR] /PoCAdaptation/exploit/result/CVE-2022-23596/1.0.1/exploit/src/test/java/edu/vision/se/Testcase1.java:[4,25] cannot find symbol
[ERROR]   symbol:   class Junrar
[ERROR]   location: package com.github.junrar
[ERROR] /PoCAdaptation/exploit/result/CVE-2022-23596/1.0.1/exploit/src/test/java/edu/vision/se/Testcase1.java:[19,13] cannot find symbol
[ERROR]   symbol:   variable Junrar
[ERROR]   location: class edu.vision.se.Testcase1
[ERROR] -> [Help 1]
[ERROR] 
[ERROR] To see the full stack trace of the errors, re-run Maven with the -e switch.
[ERROR] Re-run Maven using the -X switch to enable full debug logging.
[ERROR] 
[ERROR] For more information about the errors and possible solutions, please read the following articles:
[ERROR] [Help 1] http://cwiki.apache.org/confluence/display/MAVEN/MojoFailureException


current_pom file is:<?xml version='1.0' encoding='utf-8'?>
<project xmlns="http://maven.apache.org/POM/4.0.0" xmlns:xsi="http://www.w3.org/2001/XMLSchema-instance" xsi:schemaLocation="http://maven.apache.org/POM/4.0.0 https://maven.apache.org/xsd/maven-4.0.0.xsd">
  <groupId>edu.vision.se</groupId><version>1.0-SNAPSHOT</version><modelVersion>4.0.0</modelVersion>
  <artifactId>CVE-2022-23596</artifactId>
  <name>junrar CVE-2022-23596</name>

  <properties>
    <maven.compiler.target>11</maven.compiler.target>
    <maven.compiler.source>11</maven.compiler.source>
  </properties>

  <dependencies>
    <dependency>
      <groupId>com.github.junrar</groupId>
      <artifactId>junrar</artifactId>
      <version>1.0.1</version>
    </dependency>
    <dependency>
        <groupId>cn.hutool</groupId>
        <artifactId>hutool-all</artifactId>
        <version>5.7.10</version>
    </dependency>
  <dependency><groupId>junit</groupId><artifactId>junit</artifactId><version>4.13.2</version></dependency>
  
  </dependencies>
</project>
---------
---------
[LLMClient] Response: test
---------
[96m[Adapter] LLM response for fix position: test[0m
[96m[Adapter] Fix position is in test code.[0m
---------
[LLMClient] Asking: You are given an error when executing exploit in in 1.0.1:com.github.junrar:junrar
This exploit file compiles and reproduced successfully in 2.0.0 with an assertion error.

Your task is fix the error.

Only output the modified version of the test file. No explanations. 
### Compilation Errors:
[INFO] Scanning for projects...
[INFO] 
[INFO] --------------------< edu.vision.se:CVE-2022-23596 >--------------------
[INFO] Building junrar CVE-2022-23596 1.0-SNAPSHOT
[INFO]   from pom.xml
[INFO] --------------------------------[ jar ]---------------------------------
[INFO] 
[INFO] --- maven-clean-plugin:2.5:clean (default-clean) @ CVE-2022-23596 ---
[INFO] Deleting /PoCAdaptation/exploit/result/CVE-2022-23596/1.0.1/exploit/target
[INFO] 
[INFO] --- maven-resources-plugin:2.6:resources (default-resources) @ CVE-2022-23596 ---
[WARNING] Using platform encoding (UTF-8 actually) to copy filtered resources, i.e. build is platform dependent!
[INFO] Copying 0 resource
[INFO] 
[INFO] --- maven-compiler-plugin:3.1:compile (default-compile) @ CVE-2022-23596 ---
[INFO] No sources to compile
[INFO] 
[INFO] --- maven-resources-plugin:2.6:testResources (default-testResources) @ CVE-2022-23596 ---
[WARNING] Using platform encoding (UTF-8 actually) to copy filtered resources, i.e. build is platform dependent!
[INFO] Copying 1 resource
[INFO] 
[INFO] --- maven-compiler-plugin:3.1:testCompile (default-testCompile) @ CVE-2022-23596 ---
[INFO] Changes detected - recompiling the module!
[WARNING] File encoding has not been set, using platform encoding UTF-8, i.e. build is platform dependent!
[INFO] Compiling 1 source file to /PoCAdaptation/exploit/result/CVE-2022-23596/1.0.1/exploit/target/test-classes
[INFO] -------------------------------------------------------------
[ERROR] COMPILATION ERROR : 
[INFO] -------------------------------------------------------------
[ERROR] /PoCAdaptation/exploit/result/CVE-2022-23596/1.0.1/exploit/src/test/java/edu/vision/se/Testcase1.java:[4,25] cannot find symbol
  symbol:   class Junrar
  location: package com.github.junrar
[ERROR] /PoCAdaptation/exploit/result/CVE-2022-23596/1.0.1/exploit/src/test/java/edu/vision/se/Testcase1.java:[19,13] cannot find symbol
  symbol:   variable Junrar
  location: class edu.vision.se.Testcase1
[INFO] 2 errors 
[INFO] -------------------------------------------------------------
[INFO] ------------------------------------------------------------------------
[INFO] BUILD FAILURE
[INFO] ------------------------------------------------------------------------
[INFO] Total time:  1.026 s
[INFO] Finished at: 2025-07-14T07:22:32Z
[INFO] ------------------------------------------------------------------------
[ERROR] Failed to execute goal org.apache.maven.plugins:maven-compiler-plugin:3.1:testCompile (default-testCompile) on project CVE-2022-23596: Compilation failure: Compilation failure: 
[ERROR] /PoCAdaptation/exploit/result/CVE-2022-23596/1.0.1/exploit/src/test/java/edu/vision/se/Testcase1.java:[4,25] cannot find symbol
[ERROR]   symbol:   class Junrar
[ERROR]   location: package com.github.junrar
[ERROR] /PoCAdaptation/exploit/result/CVE-2022-23596/1.0.1/exploit/src/test/java/edu/vision/se/Testcase1.java:[19,13] cannot find symbol
[ERROR]   symbol:   variable Junrar
[ERROR]   location: class edu.vision.se.Testcase1
[ERROR] -> [Help 1]
[ERROR] 
[ERROR] To see the full stack trace of the errors, re-run Maven with the -e switch.
[ERROR] Re-run Maven using the -X switch to enable full debug logging.
[ERROR] 
[ERROR] For more information about the errors and possible solutions, please read the following articles:
[ERROR] [Help 1] http://cwiki.apache.org/confluence/display/MAVEN/MojoFailureException

### Test File Content:
package edu.vision.se;

import cn.hutool.core.io.FileUtil;
import com.github.junrar.Junrar;
import org.junit.Test;
import com.github.junrar.exception.RarException; // Updated import
import java.io.File;

import static org.junit.Assert.assertTrue;
import static org.junit.Assert.fail;

public class Testcase1 {
    @Test(timeout = 2000)
    public void testCorruptHeader() throws Exception {
        File file = FileUtil.file(System.getProperty("user.dir"), "src/test/resources/loop.rar");
        File destFile = File.createTempFile("temp", null).getParentFile();

        try {
            Junrar.extract(file, destFile);
            fail("the test fail");
        } catch (Exception e) {
            validateThrow(e);
        }
    }

    public void validateThrow(Throwable e) {
        assertTrue(e instanceof RarException); // Updated check
    }
}



---------
---------
[LLMClient] Response: ```java
package edu.vision.se;

import cn.hutool.core.io.FileUtil;
import com.github.junrar.Archive; // Corrected import
import org.junit.Test;
import com.github.junrar.exception.RarException; 
import java.io.File;

import static org.junit.Assert.assertTrue;
import static org.junit.Assert.fail;

public class Testcase1 {
    @Test(timeout = 2000)
    public void testCorruptHeader() throws Exception {
        File file = FileUtil.file(System.getProperty("user.dir"), "src/test/resources/loop.rar");
        File destFile = File.createTempFile("temp", null).getParentFile();

        try {
            // Correct extraction logic using Archive
            Archive archive = new Archive(file);
            archive.extractTo(destFile);
            archive.close();
            fail("the test fail");
        } catch (Exception e) {
            validateThrow(e);
        }
    }

    public void validateThrow(Throwable e) {
        assertTrue(e instanceof RarException);
    }
}
```
---------
[96m[RepairModule] Wrote modified code to /PoCAdaptation/exploit/result/CVE-2022-23596/1.0.1/exploit/src/test/java/edu/vision/se/Testcase1.java[0m
[96m[Executor] Executing exploit for CVE-2022-23596 on version 1.0.1...[0m
[INFO] Scanning for projects...
[INFO] 
[INFO] --------------------< edu.vision.se:CVE-2022-23596 >--------------------
[INFO] Building junrar CVE-2022-23596 1.0-SNAPSHOT
[INFO]   from pom.xml
[INFO] --------------------------------[ jar ]---------------------------------
[INFO] 
[INFO] --- maven-clean-plugin:2.5:clean (default-clean) @ CVE-2022-23596 ---
[INFO] Deleting /PoCAdaptation/exploit/result/CVE-2022-23596/1.0.1/exploit/target
[INFO] 
[INFO] --- maven-resources-plugin:2.6:resources (default-resources) @ CVE-2022-23596 ---
[WARNING] Using platform encoding (UTF-8 actually) to copy filtered resources, i.e. build is platform dependent!
[INFO] Copying 0 resource
[INFO] 
[INFO] --- maven-compiler-plugin:3.1:compile (default-compile) @ CVE-2022-23596 ---
[INFO] No sources to compile
[INFO] 
[INFO] --- maven-resources-plugin:2.6:testResources (default-testResources) @ CVE-2022-23596 ---
[WARNING] Using platform encoding (UTF-8 actually) to copy filtered resources, i.e. build is platform dependent!
[INFO] Copying 1 resource
[INFO] 
[INFO] --- maven-compiler-plugin:3.1:testCompile (default-testCompile) @ CVE-2022-23596 ---
[INFO] Changes detected - recompiling the module!
[WARNING] File encoding has not been set, using platform encoding UTF-8, i.e. build is platform dependent!
[INFO] Compiling 1 source file to /PoCAdaptation/exploit/result/CVE-2022-23596/1.0.1/exploit/target/test-classes
[INFO] -------------------------------------------------------------
[ERROR] COMPILATION ERROR : 
[INFO] -------------------------------------------------------------
[ERROR] /PoCAdaptation/exploit/result/CVE-2022-23596/1.0.1/exploit/src/test/java/edu/vision/se/Testcase1.java:[21,20] cannot find symbol
  symbol:   method extractTo(java.io.File)
  location: variable archive of type com.github.junrar.Archive
[INFO] 1 error
[INFO] -------------------------------------------------------------
[INFO] ------------------------------------------------------------------------
[INFO] BUILD FAILURE
[INFO] ------------------------------------------------------------------------
[INFO] Total time:  0.836 s
[INFO] Finished at: 2025-07-14T07:23:33Z
[INFO] ------------------------------------------------------------------------
[ERROR] Failed to execute goal org.apache.maven.plugins:maven-compiler-plugin:3.1:testCompile (default-testCompile) on project CVE-2022-23596: Compilation failure
[ERROR] /PoCAdaptation/exploit/result/CVE-2022-23596/1.0.1/exploit/src/test/java/edu/vision/se/Testcase1.java:[21,20] cannot find symbol
[ERROR]   symbol:   method extractTo(java.io.File)
[ERROR]   location: variable archive of type com.github.junrar.Archive
[ERROR] 
[ERROR] -> [Help 1]
[ERROR] 
[ERROR] To see the full stack trace of the errors, re-run Maven with the -e switch.
[ERROR] Re-run Maven using the -X switch to enable full debug logging.
[ERROR] 
[ERROR] For more information about the errors and possible solutions, please read the following articles:
[ERROR] [Help 1] http://cwiki.apache.org/confluence/display/MAVEN/MojoFailureException


[96m[Verifier] Verifying reproduction...[0m
[91m[Verifier] âœ— Behavior not found: 'org.junit.runners.model.TestTimedOutException'[0m
[91m[Executor] Reproduction result: Failure[0m
[91m[RepairModule] Repair failed after simulated annealing.[0m
[96m[Adapter] Test code repair attempted.[0m
[96m[Executor] Executing exploit for CVE-2022-23596 on version 1.0.1...[0m
[INFO] Scanning for projects...
[INFO] 
[INFO] --------------------< edu.vision.se:CVE-2022-23596 >--------------------
[INFO] Building junrar CVE-2022-23596 1.0-SNAPSHOT
[INFO]   from pom.xml
[INFO] --------------------------------[ jar ]---------------------------------
[INFO] 
[INFO] --- maven-clean-plugin:2.5:clean (default-clean) @ CVE-2022-23596 ---
[INFO] Deleting /PoCAdaptation/exploit/result/CVE-2022-23596/1.0.1/exploit/target
[INFO] 
[INFO] --- maven-resources-plugin:2.6:resources (default-resources) @ CVE-2022-23596 ---
[WARNING] Using platform encoding (UTF-8 actually) to copy filtered resources, i.e. build is platform dependent!
[INFO] Copying 0 resource
[INFO] 
[INFO] --- maven-compiler-plugin:3.1:compile (default-compile) @ CVE-2022-23596 ---
[INFO] No sources to compile
[INFO] 
[INFO] --- maven-resources-plugin:2.6:testResources (default-testResources) @ CVE-2022-23596 ---
[WARNING] Using platform encoding (UTF-8 actually) to copy filtered resources, i.e. build is platform dependent!
[INFO] Copying 1 resource
[INFO] 
[INFO] --- maven-compiler-plugin:3.1:testCompile (default-testCompile) @ CVE-2022-23596 ---
[INFO] Changes detected - recompiling the module!
[WARNING] File encoding has not been set, using platform encoding UTF-8, i.e. build is platform dependent!
[INFO] Compiling 1 source file to /PoCAdaptation/exploit/result/CVE-2022-23596/1.0.1/exploit/target/test-classes
[INFO] -------------------------------------------------------------
[ERROR] COMPILATION ERROR : 
[INFO] -------------------------------------------------------------
[ERROR] /PoCAdaptation/exploit/result/CVE-2022-23596/1.0.1/exploit/src/test/java/edu/vision/se/Testcase1.java:[4,25] cannot find symbol
  symbol:   class Junrar
  location: package com.github.junrar
[ERROR] /PoCAdaptation/exploit/result/CVE-2022-23596/1.0.1/exploit/src/test/java/edu/vision/se/Testcase1.java:[19,13] cannot find symbol
  symbol:   variable Junrar
  location: class edu.vision.se.Testcase1
[INFO] 2 errors 
[INFO] -------------------------------------------------------------
[INFO] ------------------------------------------------------------------------
[INFO] BUILD FAILURE
[INFO] ------------------------------------------------------------------------
[INFO] Total time:  0.881 s
[INFO] Finished at: 2025-07-14T07:23:35Z
[INFO] ------------------------------------------------------------------------
[ERROR] Failed to execute goal org.apache.maven.plugins:maven-compiler-plugin:3.1:testCompile (default-testCompile) on project CVE-2022-23596: Compilation failure: Compilation failure: 
[ERROR] /PoCAdaptation/exploit/result/CVE-2022-23596/1.0.1/exploit/src/test/java/edu/vision/se/Testcase1.java:[4,25] cannot find symbol
[ERROR]   symbol:   class Junrar
[ERROR]   location: package com.github.junrar
[ERROR] /PoCAdaptation/exploit/result/CVE-2022-23596/1.0.1/exploit/src/test/java/edu/vision/se/Testcase1.java:[19,13] cannot find symbol
[ERROR]   symbol:   variable Junrar
[ERROR]   location: class edu.vision.se.Testcase1
[ERROR] -> [Help 1]
[ERROR] 
[ERROR] To see the full stack trace of the errors, re-run Maven with the -e switch.
[ERROR] Re-run Maven using the -X switch to enable full debug logging.
[ERROR] 
[ERROR] For more information about the errors and possible solutions, please read the following articles:
[ERROR] [Help 1] http://cwiki.apache.org/confluence/display/MAVEN/MojoFailureException


[96m[Verifier] Verifying reproduction...[0m
[91m[Verifier] âœ— Behavior not found: 'org.junit.runners.model.TestTimedOutException'[0m
[91m[Executor] Reproduction result: Failure[0m
[91m[Adapter] Adaptation from 2.0.0 to 1.0.1 failed.[0m
[96m[Executor] Executing exploit for CVE-2022-23596 on version 1.0.1...[0m
[INFO] Scanning for projects...
[INFO] 
[INFO] --------------------< edu.vision.se:CVE-2022-23596 >--------------------
[INFO] Building junrar CVE-2022-23596 1.0-SNAPSHOT
[INFO]   from pom.xml
[INFO] --------------------------------[ jar ]---------------------------------
[INFO] 
[INFO] --- maven-clean-plugin:2.5:clean (default-clean) @ CVE-2022-23596 ---
[INFO] Deleting /PoCAdaptation/exploit/result/CVE-2022-23596/1.0.1/exploit/target
[INFO] 
[INFO] --- maven-resources-plugin:2.6:resources (default-resources) @ CVE-2022-23596 ---
[WARNING] Using platform encoding (UTF-8 actually) to copy filtered resources, i.e. build is platform dependent!
[INFO] Copying 0 resource
[INFO] 
[INFO] --- maven-compiler-plugin:3.1:compile (default-compile) @ CVE-2022-23596 ---
[INFO] No sources to compile
[INFO] 
[INFO] --- maven-resources-plugin:2.6:testResources (default-testResources) @ CVE-2022-23596 ---
[WARNING] Using platform encoding (UTF-8 actually) to copy filtered resources, i.e. build is platform dependent!
[INFO] Copying 1 resource
[INFO] 
[INFO] --- maven-compiler-plugin:3.1:testCompile (default-testCompile) @ CVE-2022-23596 ---
[INFO] Changes detected - recompiling the module!
[WARNING] File encoding has not been set, using platform encoding UTF-8, i.e. build is platform dependent!
[INFO] Compiling 1 source file to /PoCAdaptation/exploit/result/CVE-2022-23596/1.0.1/exploit/target/test-classes
[INFO] -------------------------------------------------------------
[ERROR] COMPILATION ERROR : 
[INFO] -------------------------------------------------------------
[ERROR] /PoCAdaptation/exploit/result/CVE-2022-23596/1.0.1/exploit/src/test/java/edu/vision/se/Testcase1.java:[4,25] cannot find symbol
  symbol:   class Junrar
  location: package com.github.junrar
[ERROR] /PoCAdaptation/exploit/result/CVE-2022-23596/1.0.1/exploit/src/test/java/edu/vision/se/Testcase1.java:[19,13] cannot find symbol
  symbol:   variable Junrar
  location: class edu.vision.se.Testcase1
[INFO] 2 errors 
[INFO] -------------------------------------------------------------
[INFO] ------------------------------------------------------------------------
[INFO] BUILD FAILURE
[INFO] ------------------------------------------------------------------------
[INFO] Total time:  0.821 s
[INFO] Finished at: 2025-07-14T07:23:36Z
[INFO] ------------------------------------------------------------------------
[ERROR] Failed to execute goal org.apache.maven.plugins:maven-compiler-plugin:3.1:testCompile (default-testCompile) on project CVE-2022-23596: Compilation failure: Compilation failure: 
[ERROR] /PoCAdaptation/exploit/result/CVE-2022-23596/1.0.1/exploit/src/test/java/edu/vision/se/Testcase1.java:[4,25] cannot find symbol
[ERROR]   symbol:   class Junrar
[ERROR]   location: package com.github.junrar
[ERROR] /PoCAdaptation/exploit/result/CVE-2022-23596/1.0.1/exploit/src/test/java/edu/vision/se/Testcase1.java:[19,13] cannot find symbol
[ERROR]   symbol:   variable Junrar
[ERROR]   location: class edu.vision.se.Testcase1
[ERROR] -> [Help 1]
[ERROR] 
[ERROR] To see the full stack trace of the errors, re-run Maven with the -e switch.
[ERROR] Re-run Maven using the -X switch to enable full debug logging.
[ERROR] 
[ERROR] For more information about the errors and possible solutions, please read the following articles:
[ERROR] [Help 1] http://cwiki.apache.org/confluence/display/MAVEN/MojoFailureException


[96m[Verifier] Verifying reproduction...[0m
[91m[Verifier] âœ— Behavior not found: 'org.junit.runners.model.TestTimedOutException'[0m
[91m[Executor] Reproduction result: Failure[0m
[96m[ErrorManager] Ignoring line: [ERROR] Failed to execute goal org.apache.maven.plugins:maven-compiler-plugin:3.1:testCompile (default-testCompile) on project CVE-2022-23596: Compilation failure: Compilation failure:[0m
[92m[ErrorManager] Processing line: [ERROR] /PoCAdaptation/exploit/result/CVE-2022-23596/1.0.1/exploit/src/test/java/edu/vision/se/Testcase1.java:[4,25] cannot find symbol[0m
[92m[ErrorManager] Processing line: [ERROR]   symbol:   class Junrar[0m
[92m[ErrorManager] Processing line: [ERROR]   location: package com.github.junrar[0m
[92m[ErrorManager] Processing line: [ERROR] /PoCAdaptation/exploit/result/CVE-2022-23596/1.0.1/exploit/src/test/java/edu/vision/se/Testcase1.java:[19,13] cannot find symbol[0m
[92m[ErrorManager] Processing line: [ERROR]   symbol:   variable Junrar[0m
[92m[ErrorManager] Processing line: [ERROR]   location: class edu.vision.se.Testcase1[0m
[96m[ErrorManager] Ignoring line: [ERROR] -> [Help 1][0m
[96m[ErrorManager] Ignoring line: [ERROR][0m
[96m[ErrorManager] Ignoring line: [ERROR] To see the full stack trace of the errors, re-run Maven with the -e switch.[0m
[96m[ErrorManager] Ignoring line: [ERROR] Re-run Maven using the -X switch to enable full debug logging.[0m
[96m[ErrorManager] Ignoring line: [ERROR][0m
[96m[ErrorManager] Ignoring line: [ERROR] For more information about the errors and possible solutions, please read the following articles:[0m
[96m[ErrorManager] Ignoring line: [ERROR] [Help 1] http://cwiki.apache.org/confluence/display/MAVEN/MojoFailureException[0m
[96m[Adapter] Locating fix position in error log.[0m
---------
[LLMClient] Asking: You are given a Java error log when executing 'mvn test' in a project with dependency version 1.0.1:com.github.junrar:junrar.
This test file compiles and runs successfully with version 2.0.0.

Your task is to:
output the location in the project that should be modified to fix the problem **without updating this library**.

Please return 'pom' if the fix is in the pom.xml file, or 'test' if the fix is in the test code.
Do not return any other text, just 'pom' or 'test'.

The error log is:
[INFO] Scanning for projects...
[INFO] 
[INFO] --------------------< edu.vision.se:CVE-2022-23596 >--------------------
[INFO] Building junrar CVE-2022-23596 1.0-SNAPSHOT
[INFO]   from pom.xml
[INFO] --------------------------------[ jar ]---------------------------------
[INFO] 
[INFO] --- maven-clean-plugin:2.5:clean (default-clean) @ CVE-2022-23596 ---
[INFO] Deleting /PoCAdaptation/exploit/result/CVE-2022-23596/1.0.1/exploit/target
[INFO] 
[INFO] --- maven-resources-plugin:2.6:resources (default-resources) @ CVE-2022-23596 ---
[WARNING] Using platform encoding (UTF-8 actually) to copy filtered resources, i.e. build is platform dependent!
[INFO] Copying 0 resource
[INFO] 
[INFO] --- maven-compiler-plugin:3.1:compile (default-compile) @ CVE-2022-23596 ---
[INFO] No sources to compile
[INFO] 
[INFO] --- maven-resources-plugin:2.6:testResources (default-testResources) @ CVE-2022-23596 ---
[WARNING] Using platform encoding (UTF-8 actually) to copy filtered resources, i.e. build is platform dependent!
[INFO] Copying 1 resource
[INFO] 
[INFO] --- maven-compiler-plugin:3.1:testCompile (default-testCompile) @ CVE-2022-23596 ---
[INFO] Changes detected - recompiling the module!
[WARNING] File encoding has not been set, using platform encoding UTF-8, i.e. build is platform dependent!
[INFO] Compiling 1 source file to /PoCAdaptation/exploit/result/CVE-2022-23596/1.0.1/exploit/target/test-classes
[INFO] -------------------------------------------------------------
[ERROR] COMPILATION ERROR : 
[INFO] -------------------------------------------------------------
[ERROR] /PoCAdaptation/exploit/result/CVE-2022-23596/1.0.1/exploit/src/test/java/edu/vision/se/Testcase1.java:[4,25] cannot find symbol
  symbol:   class Junrar
  location: package com.github.junrar
[ERROR] /PoCAdaptation/exploit/result/CVE-2022-23596/1.0.1/exploit/src/test/java/edu/vision/se/Testcase1.java:[19,13] cannot find symbol
  symbol:   variable Junrar
  location: class edu.vision.se.Testcase1
[INFO] 2 errors 
[INFO] -------------------------------------------------------------
[INFO] ------------------------------------------------------------------------
[INFO] BUILD FAILURE
[INFO] ------------------------------------------------------------------------
[INFO] Total time:  0.821 s
[INFO] Finished at: 2025-07-14T07:23:36Z
[INFO] ------------------------------------------------------------------------
[ERROR] Failed to execute goal org.apache.maven.plugins:maven-compiler-plugin:3.1:testCompile (default-testCompile) on project CVE-2022-23596: Compilation failure: Compilation failure: 
[ERROR] /PoCAdaptation/exploit/result/CVE-2022-23596/1.0.1/exploit/src/test/java/edu/vision/se/Testcase1.java:[4,25] cannot find symbol
[ERROR]   symbol:   class Junrar
[ERROR]   location: package com.github.junrar
[ERROR] /PoCAdaptation/exploit/result/CVE-2022-23596/1.0.1/exploit/src/test/java/edu/vision/se/Testcase1.java:[19,13] cannot find symbol
[ERROR]   symbol:   variable Junrar
[ERROR]   location: class edu.vision.se.Testcase1
[ERROR] -> [Help 1]
[ERROR] 
[ERROR] To see the full stack trace of the errors, re-run Maven with the -e switch.
[ERROR] Re-run Maven using the -X switch to enable full debug logging.
[ERROR] 
[ERROR] For more information about the errors and possible solutions, please read the following articles:
[ERROR] [Help 1] http://cwiki.apache.org/confluence/display/MAVEN/MojoFailureException


current_pom file is:<?xml version='1.0' encoding='utf-8'?>
<project xmlns="http://maven.apache.org/POM/4.0.0" xmlns:xsi="http://www.w3.org/2001/XMLSchema-instance" xsi:schemaLocation="http://maven.apache.org/POM/4.0.0 https://maven.apache.org/xsd/maven-4.0.0.xsd">
  <groupId>edu.vision.se</groupId><version>1.0-SNAPSHOT</version><modelVersion>4.0.0</modelVersion>
  <artifactId>CVE-2022-23596</artifactId>
  <name>junrar CVE-2022-23596</name>

  <properties>
    <maven.compiler.target>11</maven.compiler.target>
    <maven.compiler.source>11</maven.compiler.source>
  </properties>

  <dependencies>
    <dependency>
      <groupId>com.github.junrar</groupId>
      <artifactId>junrar</artifactId>
      <version>1.0.1</version>
    </dependency>
    <dependency>
        <groupId>cn.hutool</groupId>
        <artifactId>hutool-all</artifactId>
        <version>5.7.10</version>
    </dependency>
  <dependency><groupId>junit</groupId><artifactId>junit</artifactId><version>4.13.2</version></dependency>
  
  </dependencies>
</project>
---------
---------
[LLMClient] Response: test
---------
[96m[Adapter] LLM response for fix position: test[0m
[96m[Adapter] Fix position is in test code.[0m
---------
[LLMClient] Asking: You are given an error when executing exploit in in 1.0.1:com.github.junrar:junrar
This exploit file compiles and reproduced successfully in 2.0.0 with an assertion error.

Your task is fix the error.

Only output the modified version of the test file. No explanations. 
### Compilation Errors:
[INFO] Scanning for projects...
[INFO] 
[INFO] --------------------< edu.vision.se:CVE-2022-23596 >--------------------
[INFO] Building junrar CVE-2022-23596 1.0-SNAPSHOT
[INFO]   from pom.xml
[INFO] --------------------------------[ jar ]---------------------------------
[INFO] 
[INFO] --- maven-clean-plugin:2.5:clean (default-clean) @ CVE-2022-23596 ---
[INFO] Deleting /PoCAdaptation/exploit/result/CVE-2022-23596/1.0.1/exploit/target
[INFO] 
[INFO] --- maven-resources-plugin:2.6:resources (default-resources) @ CVE-2022-23596 ---
[WARNING] Using platform encoding (UTF-8 actually) to copy filtered resources, i.e. build is platform dependent!
[INFO] Copying 0 resource
[INFO] 
[INFO] --- maven-compiler-plugin:3.1:compile (default-compile) @ CVE-2022-23596 ---
[INFO] No sources to compile
[INFO] 
[INFO] --- maven-resources-plugin:2.6:testResources (default-testResources) @ CVE-2022-23596 ---
[WARNING] Using platform encoding (UTF-8 actually) to copy filtered resources, i.e. build is platform dependent!
[INFO] Copying 1 resource
[INFO] 
[INFO] --- maven-compiler-plugin:3.1:testCompile (default-testCompile) @ CVE-2022-23596 ---
[INFO] Changes detected - recompiling the module!
[WARNING] File encoding has not been set, using platform encoding UTF-8, i.e. build is platform dependent!
[INFO] Compiling 1 source file to /PoCAdaptation/exploit/result/CVE-2022-23596/1.0.1/exploit/target/test-classes
[INFO] -------------------------------------------------------------
[ERROR] COMPILATION ERROR : 
[INFO] -------------------------------------------------------------
[ERROR] /PoCAdaptation/exploit/result/CVE-2022-23596/1.0.1/exploit/src/test/java/edu/vision/se/Testcase1.java:[4,25] cannot find symbol
  symbol:   class Junrar
  location: package com.github.junrar
[ERROR] /PoCAdaptation/exploit/result/CVE-2022-23596/1.0.1/exploit/src/test/java/edu/vision/se/Testcase1.java:[19,13] cannot find symbol
  symbol:   variable Junrar
  location: class edu.vision.se.Testcase1
[INFO] 2 errors 
[INFO] -------------------------------------------------------------
[INFO] ------------------------------------------------------------------------
[INFO] BUILD FAILURE
[INFO] ------------------------------------------------------------------------
[INFO] Total time:  0.821 s
[INFO] Finished at: 2025-07-14T07:23:36Z
[INFO] ------------------------------------------------------------------------
[ERROR] Failed to execute goal org.apache.maven.plugins:maven-compiler-plugin:3.1:testCompile (default-testCompile) on project CVE-2022-23596: Compilation failure: Compilation failure: 
[ERROR] /PoCAdaptation/exploit/result/CVE-2022-23596/1.0.1/exploit/src/test/java/edu/vision/se/Testcase1.java:[4,25] cannot find symbol
[ERROR]   symbol:   class Junrar
[ERROR]   location: package com.github.junrar
[ERROR] /PoCAdaptation/exploit/result/CVE-2022-23596/1.0.1/exploit/src/test/java/edu/vision/se/Testcase1.java:[19,13] cannot find symbol
[ERROR]   symbol:   variable Junrar
[ERROR]   location: class edu.vision.se.Testcase1
[ERROR] -> [Help 1]
[ERROR] 
[ERROR] To see the full stack trace of the errors, re-run Maven with the -e switch.
[ERROR] Re-run Maven using the -X switch to enable full debug logging.
[ERROR] 
[ERROR] For more information about the errors and possible solutions, please read the following articles:
[ERROR] [Help 1] http://cwiki.apache.org/confluence/display/MAVEN/MojoFailureException

### Test File Content:
package edu.vision.se;

import cn.hutool.core.io.FileUtil;
import com.github.junrar.Junrar;
import org.junit.Test;
import com.github.junrar.exception.RarException; // Updated import
import java.io.File;

import static org.junit.Assert.assertTrue;
import static org.junit.Assert.fail;

public class Testcase1 {
    @Test(timeout = 2000)
    public void testCorruptHeader() throws Exception {
        File file = FileUtil.file(System.getProperty("user.dir"), "src/test/resources/loop.rar");
        File destFile = File.createTempFile("temp", null).getParentFile();

        try {
            Junrar.extract(file, destFile);
            fail("the test fail");
        } catch (Exception e) {
            validateThrow(e);
        }
    }

    public void validateThrow(Throwable e) {
        assertTrue(e instanceof RarException); // Updated check
    }
}



---------
---------
[LLMClient] Response: ```java
package edu.vision.se;

import cn.hutool.core.io.FileUtil;
import com.github.junrar.Archive; // Updated import
import org.junit.Test;
import com.github.junrar.exception.RarException;
import java.io.File;
import java.io.IOException;

import static org.junit.Assert.assertTrue;
import static org.junit.Assert.fail;

public class Testcase1 {
    @Test(timeout = 2000)
    public void testCorruptHeader() throws Exception {
        File file = FileUtil.file(System.getProperty("user.dir"), "src/test/resources/loop.rar");
        File destDir = File.createTempFile("temp", null).getParentFile();

        try (Archive archive = new Archive(file)) { // Updated to use Archive
            if (archive == null) {
                fail("Failed to open archive");
            } else {
                archive.extractContents(destDir); // Updated extraction method
                fail("the test failed, the corrupt header was not detected");
            }
        } catch (RarException | IOException e) {
            validateThrow(e);
        }
    }

    public void validateThrow(Throwable e) {
        assertTrue(e instanceof RarException); 
    }
}
```
---------
[96m[RepairModule] Wrote modified code to /PoCAdaptation/exploit/result/CVE-2022-23596/1.0.1/exploit/src/test/java/edu/vision/se/Testcase1.java[0m
[96m[Executor] Executing exploit for CVE-2022-23596 on version 1.0.1...[0m
[INFO] Scanning for projects...
[INFO] 
[INFO] --------------------< edu.vision.se:CVE-2022-23596 >--------------------
[INFO] Building junrar CVE-2022-23596 1.0-SNAPSHOT
[INFO]   from pom.xml
[INFO] --------------------------------[ jar ]---------------------------------
[INFO] 
[INFO] --- maven-clean-plugin:2.5:clean (default-clean) @ CVE-2022-23596 ---
[INFO] Deleting /PoCAdaptation/exploit/result/CVE-2022-23596/1.0.1/exploit/target
[INFO] 
[INFO] --- maven-resources-plugin:2.6:resources (default-resources) @ CVE-2022-23596 ---
[WARNING] Using platform encoding (UTF-8 actually) to copy filtered resources, i.e. build is platform dependent!
[INFO] Copying 0 resource
[INFO] 
[INFO] --- maven-compiler-plugin:3.1:compile (default-compile) @ CVE-2022-23596 ---
[INFO] No sources to compile
[INFO] 
[INFO] --- maven-resources-plugin:2.6:testResources (default-testResources) @ CVE-2022-23596 ---
[WARNING] Using platform encoding (UTF-8 actually) to copy filtered resources, i.e. build is platform dependent!
[INFO] Copying 1 resource
[INFO] 
[INFO] --- maven-compiler-plugin:3.1:testCompile (default-testCompile) @ CVE-2022-23596 ---
[INFO] Changes detected - recompiling the module!
[WARNING] File encoding has not been set, using platform encoding UTF-8, i.e. build is platform dependent!
[INFO] Compiling 1 source file to /PoCAdaptation/exploit/result/CVE-2022-23596/1.0.1/exploit/target/test-classes
[INFO] -------------------------------------------------------------
[ERROR] COMPILATION ERROR : 
[INFO] -------------------------------------------------------------
[ERROR] /PoCAdaptation/exploit/result/CVE-2022-23596/1.0.1/exploit/src/test/java/edu/vision/se/Testcase1.java:[23,24] cannot find symbol
  symbol:   method extractContents(java.io.File)
  location: variable archive of type com.github.junrar.Archive
[INFO] 1 error
[INFO] -------------------------------------------------------------
[INFO] ------------------------------------------------------------------------
[INFO] BUILD FAILURE
[INFO] ------------------------------------------------------------------------
[INFO] Total time:  1.024 s
[INFO] Finished at: 2025-07-14T07:24:18Z
[INFO] ------------------------------------------------------------------------
[ERROR] Failed to execute goal org.apache.maven.plugins:maven-compiler-plugin:3.1:testCompile (default-testCompile) on project CVE-2022-23596: Compilation failure
[ERROR] /PoCAdaptation/exploit/result/CVE-2022-23596/1.0.1/exploit/src/test/java/edu/vision/se/Testcase1.java:[23,24] cannot find symbol
[ERROR]   symbol:   method extractContents(java.io.File)
[ERROR]   location: variable archive of type com.github.junrar.Archive
[ERROR] 
[ERROR] -> [Help 1]
[ERROR] 
[ERROR] To see the full stack trace of the errors, re-run Maven with the -e switch.
[ERROR] Re-run Maven using the -X switch to enable full debug logging.
[ERROR] 
[ERROR] For more information about the errors and possible solutions, please read the following articles:
[ERROR] [Help 1] http://cwiki.apache.org/confluence/display/MAVEN/MojoFailureException


[96m[Verifier] Verifying reproduction...[0m
[91m[Verifier] âœ— Behavior not found: 'org.junit.runners.model.TestTimedOutException'[0m
[91m[Executor] Reproduction result: Failure[0m
[91m[RepairModule] Repair failed after simulated annealing.[0m
[96m[Adapter] Test code repair attempted.[0m
[96m[Executor] Executing exploit for CVE-2022-23596 on version 1.0.1...[0m
[INFO] Scanning for projects...
[INFO] 
[INFO] --------------------< edu.vision.se:CVE-2022-23596 >--------------------
[INFO] Building junrar CVE-2022-23596 1.0-SNAPSHOT
[INFO]   from pom.xml
[INFO] --------------------------------[ jar ]---------------------------------
[INFO] 
[INFO] --- maven-clean-plugin:2.5:clean (default-clean) @ CVE-2022-23596 ---
[INFO] Deleting /PoCAdaptation/exploit/result/CVE-2022-23596/1.0.1/exploit/target
[INFO] 
[INFO] --- maven-resources-plugin:2.6:resources (default-resources) @ CVE-2022-23596 ---
[WARNING] Using platform encoding (UTF-8 actually) to copy filtered resources, i.e. build is platform dependent!
[INFO] Copying 0 resource
[INFO] 
[INFO] --- maven-compiler-plugin:3.1:compile (default-compile) @ CVE-2022-23596 ---
[INFO] No sources to compile
[INFO] 
[INFO] --- maven-resources-plugin:2.6:testResources (default-testResources) @ CVE-2022-23596 ---
[WARNING] Using platform encoding (UTF-8 actually) to copy filtered resources, i.e. build is platform dependent!
[INFO] Copying 1 resource
[INFO] 
[INFO] --- maven-compiler-plugin:3.1:testCompile (default-testCompile) @ CVE-2022-23596 ---
[INFO] Changes detected - recompiling the module!
[WARNING] File encoding has not been set, using platform encoding UTF-8, i.e. build is platform dependent!
[INFO] Compiling 1 source file to /PoCAdaptation/exploit/result/CVE-2022-23596/1.0.1/exploit/target/test-classes
[INFO] -------------------------------------------------------------
[ERROR] COMPILATION ERROR : 
[INFO] -------------------------------------------------------------
[ERROR] /PoCAdaptation/exploit/result/CVE-2022-23596/1.0.1/exploit/src/test/java/edu/vision/se/Testcase1.java:[4,25] cannot find symbol
  symbol:   class Junrar
  location: package com.github.junrar
[ERROR] /PoCAdaptation/exploit/result/CVE-2022-23596/1.0.1/exploit/src/test/java/edu/vision/se/Testcase1.java:[19,13] cannot find symbol
  symbol:   variable Junrar
  location: class edu.vision.se.Testcase1
[INFO] 2 errors 
[INFO] -------------------------------------------------------------
[INFO] ------------------------------------------------------------------------
[INFO] BUILD FAILURE
[INFO] ------------------------------------------------------------------------
[INFO] Total time:  0.961 s
[INFO] Finished at: 2025-07-14T07:24:20Z
[INFO] ------------------------------------------------------------------------
[ERROR] Failed to execute goal org.apache.maven.plugins:maven-compiler-plugin:3.1:testCompile (default-testCompile) on project CVE-2022-23596: Compilation failure: Compilation failure: 
[ERROR] /PoCAdaptation/exploit/result/CVE-2022-23596/1.0.1/exploit/src/test/java/edu/vision/se/Testcase1.java:[4,25] cannot find symbol
[ERROR]   symbol:   class Junrar
[ERROR]   location: package com.github.junrar
[ERROR] /PoCAdaptation/exploit/result/CVE-2022-23596/1.0.1/exploit/src/test/java/edu/vision/se/Testcase1.java:[19,13] cannot find symbol
[ERROR]   symbol:   variable Junrar
[ERROR]   location: class edu.vision.se.Testcase1
[ERROR] -> [Help 1]
[ERROR] 
[ERROR] To see the full stack trace of the errors, re-run Maven with the -e switch.
[ERROR] Re-run Maven using the -X switch to enable full debug logging.
[ERROR] 
[ERROR] For more information about the errors and possible solutions, please read the following articles:
[ERROR] [Help 1] http://cwiki.apache.org/confluence/display/MAVEN/MojoFailureException


[96m[Verifier] Verifying reproduction...[0m
[91m[Verifier] âœ— Behavior not found: 'org.junit.runners.model.TestTimedOutException'[0m
[91m[Executor] Reproduction result: Failure[0m
[91m[Adapter] Adaptation from 2.0.0 to 1.0.1 failed.[0m
[96m[Executor] Executing exploit for CVE-2022-23596 on version 1.0.1...[0m
[INFO] Scanning for projects...
[INFO] 
[INFO] --------------------< edu.vision.se:CVE-2022-23596 >--------------------
[INFO] Building junrar CVE-2022-23596 1.0-SNAPSHOT
[INFO]   from pom.xml
[INFO] --------------------------------[ jar ]---------------------------------
[INFO] 
[INFO] --- maven-clean-plugin:2.5:clean (default-clean) @ CVE-2022-23596 ---
[INFO] Deleting /PoCAdaptation/exploit/result/CVE-2022-23596/1.0.1/exploit/target
[INFO] 
[INFO] --- maven-resources-plugin:2.6:resources (default-resources) @ CVE-2022-23596 ---
[WARNING] Using platform encoding (UTF-8 actually) to copy filtered resources, i.e. build is platform dependent!
[INFO] Copying 0 resource
[INFO] 
[INFO] --- maven-compiler-plugin:3.1:compile (default-compile) @ CVE-2022-23596 ---
[INFO] No sources to compile
[INFO] 
[INFO] --- maven-resources-plugin:2.6:testResources (default-testResources) @ CVE-2022-23596 ---
[WARNING] Using platform encoding (UTF-8 actually) to copy filtered resources, i.e. build is platform dependent!
[INFO] Copying 1 resource
[INFO] 
[INFO] --- maven-compiler-plugin:3.1:testCompile (default-testCompile) @ CVE-2022-23596 ---
[INFO] Changes detected - recompiling the module!
[WARNING] File encoding has not been set, using platform encoding UTF-8, i.e. build is platform dependent!
[INFO] Compiling 1 source file to /PoCAdaptation/exploit/result/CVE-2022-23596/1.0.1/exploit/target/test-classes
[INFO] -------------------------------------------------------------
[ERROR] COMPILATION ERROR : 
[INFO] -------------------------------------------------------------
[ERROR] /PoCAdaptation/exploit/result/CVE-2022-23596/1.0.1/exploit/src/test/java/edu/vision/se/Testcase1.java:[4,25] cannot find symbol
  symbol:   class Junrar
  location: package com.github.junrar
[ERROR] /PoCAdaptation/exploit/result/CVE-2022-23596/1.0.1/exploit/src/test/java/edu/vision/se/Testcase1.java:[19,13] cannot find symbol
  symbol:   variable Junrar
  location: class edu.vision.se.Testcase1
[INFO] 2 errors 
[INFO] -------------------------------------------------------------
[INFO] ------------------------------------------------------------------------
[INFO] BUILD FAILURE
[INFO] ------------------------------------------------------------------------
[INFO] Total time:  0.855 s
[INFO] Finished at: 2025-07-14T07:24:22Z
[INFO] ------------------------------------------------------------------------
[ERROR] Failed to execute goal org.apache.maven.plugins:maven-compiler-plugin:3.1:testCompile (default-testCompile) on project CVE-2022-23596: Compilation failure: Compilation failure: 
[ERROR] /PoCAdaptation/exploit/result/CVE-2022-23596/1.0.1/exploit/src/test/java/edu/vision/se/Testcase1.java:[4,25] cannot find symbol
[ERROR]   symbol:   class Junrar
[ERROR]   location: package com.github.junrar
[ERROR] /PoCAdaptation/exploit/result/CVE-2022-23596/1.0.1/exploit/src/test/java/edu/vision/se/Testcase1.java:[19,13] cannot find symbol
[ERROR]   symbol:   variable Junrar
[ERROR]   location: class edu.vision.se.Testcase1
[ERROR] -> [Help 1]
[ERROR] 
[ERROR] To see the full stack trace of the errors, re-run Maven with the -e switch.
[ERROR] Re-run Maven using the -X switch to enable full debug logging.
[ERROR] 
[ERROR] For more information about the errors and possible solutions, please read the following articles:
[ERROR] [Help 1] http://cwiki.apache.org/confluence/display/MAVEN/MojoFailureException


[96m[Verifier] Verifying reproduction...[0m
[91m[Verifier] âœ— Behavior not found: 'org.junit.runners.model.TestTimedOutException'[0m
[91m[Executor] Reproduction result: Failure[0m
[96m[ErrorManager] Ignoring line: [ERROR] Failed to execute goal org.apache.maven.plugins:maven-compiler-plugin:3.1:testCompile (default-testCompile) on project CVE-2022-23596: Compilation failure: Compilation failure:[0m
[92m[ErrorManager] Processing line: [ERROR] /PoCAdaptation/exploit/result/CVE-2022-23596/1.0.1/exploit/src/test/java/edu/vision/se/Testcase1.java:[4,25] cannot find symbol[0m
[92m[ErrorManager] Processing line: [ERROR]   symbol:   class Junrar[0m
[92m[ErrorManager] Processing line: [ERROR]   location: package com.github.junrar[0m
[92m[ErrorManager] Processing line: [ERROR] /PoCAdaptation/exploit/result/CVE-2022-23596/1.0.1/exploit/src/test/java/edu/vision/se/Testcase1.java:[19,13] cannot find symbol[0m
[92m[ErrorManager] Processing line: [ERROR]   symbol:   variable Junrar[0m
[92m[ErrorManager] Processing line: [ERROR]   location: class edu.vision.se.Testcase1[0m
[96m[ErrorManager] Ignoring line: [ERROR] -> [Help 1][0m
[96m[ErrorManager] Ignoring line: [ERROR][0m
[96m[ErrorManager] Ignoring line: [ERROR] To see the full stack trace of the errors, re-run Maven with the -e switch.[0m
[96m[ErrorManager] Ignoring line: [ERROR] Re-run Maven using the -X switch to enable full debug logging.[0m
[96m[ErrorManager] Ignoring line: [ERROR][0m
[96m[ErrorManager] Ignoring line: [ERROR] For more information about the errors and possible solutions, please read the following articles:[0m
[96m[ErrorManager] Ignoring line: [ERROR] [Help 1] http://cwiki.apache.org/confluence/display/MAVEN/MojoFailureException[0m
[96m[Adapter] Locating fix position in error log.[0m
---------
[LLMClient] Asking: You are given a Java error log when executing 'mvn test' in a project with dependency version 1.0.1:com.github.junrar:junrar.
This test file compiles and runs successfully with version 2.0.0.

Your task is to:
output the location in the project that should be modified to fix the problem **without updating this library**.

Please return 'pom' if the fix is in the pom.xml file, or 'test' if the fix is in the test code.
Do not return any other text, just 'pom' or 'test'.

The error log is:
[INFO] Scanning for projects...
[INFO] 
[INFO] --------------------< edu.vision.se:CVE-2022-23596 >--------------------
[INFO] Building junrar CVE-2022-23596 1.0-SNAPSHOT
[INFO]   from pom.xml
[INFO] --------------------------------[ jar ]---------------------------------
[INFO] 
[INFO] --- maven-clean-plugin:2.5:clean (default-clean) @ CVE-2022-23596 ---
[INFO] Deleting /PoCAdaptation/exploit/result/CVE-2022-23596/1.0.1/exploit/target
[INFO] 
[INFO] --- maven-resources-plugin:2.6:resources (default-resources) @ CVE-2022-23596 ---
[WARNING] Using platform encoding (UTF-8 actually) to copy filtered resources, i.e. build is platform dependent!
[INFO] Copying 0 resource
[INFO] 
[INFO] --- maven-compiler-plugin:3.1:compile (default-compile) @ CVE-2022-23596 ---
[INFO] No sources to compile
[INFO] 
[INFO] --- maven-resources-plugin:2.6:testResources (default-testResources) @ CVE-2022-23596 ---
[WARNING] Using platform encoding (UTF-8 actually) to copy filtered resources, i.e. build is platform dependent!
[INFO] Copying 1 resource
[INFO] 
[INFO] --- maven-compiler-plugin:3.1:testCompile (default-testCompile) @ CVE-2022-23596 ---
[INFO] Changes detected - recompiling the module!
[WARNING] File encoding has not been set, using platform encoding UTF-8, i.e. build is platform dependent!
[INFO] Compiling 1 source file to /PoCAdaptation/exploit/result/CVE-2022-23596/1.0.1/exploit/target/test-classes
[INFO] -------------------------------------------------------------
[ERROR] COMPILATION ERROR : 
[INFO] -------------------------------------------------------------
[ERROR] /PoCAdaptation/exploit/result/CVE-2022-23596/1.0.1/exploit/src/test/java/edu/vision/se/Testcase1.java:[4,25] cannot find symbol
  symbol:   class Junrar
  location: package com.github.junrar
[ERROR] /PoCAdaptation/exploit/result/CVE-2022-23596/1.0.1/exploit/src/test/java/edu/vision/se/Testcase1.java:[19,13] cannot find symbol
  symbol:   variable Junrar
  location: class edu.vision.se.Testcase1
[INFO] 2 errors 
[INFO] -------------------------------------------------------------
[INFO] ------------------------------------------------------------------------
[INFO] BUILD FAILURE
[INFO] ------------------------------------------------------------------------
[INFO] Total time:  0.855 s
[INFO] Finished at: 2025-07-14T07:24:22Z
[INFO] ------------------------------------------------------------------------
[ERROR] Failed to execute goal org.apache.maven.plugins:maven-compiler-plugin:3.1:testCompile (default-testCompile) on project CVE-2022-23596: Compilation failure: Compilation failure: 
[ERROR] /PoCAdaptation/exploit/result/CVE-2022-23596/1.0.1/exploit/src/test/java/edu/vision/se/Testcase1.java:[4,25] cannot find symbol
[ERROR]   symbol:   class Junrar
[ERROR]   location: package com.github.junrar
[ERROR] /PoCAdaptation/exploit/result/CVE-2022-23596/1.0.1/exploit/src/test/java/edu/vision/se/Testcase1.java:[19,13] cannot find symbol
[ERROR]   symbol:   variable Junrar
[ERROR]   location: class edu.vision.se.Testcase1
[ERROR] -> [Help 1]
[ERROR] 
[ERROR] To see the full stack trace of the errors, re-run Maven with the -e switch.
[ERROR] Re-run Maven using the -X switch to enable full debug logging.
[ERROR] 
[ERROR] For more information about the errors and possible solutions, please read the following articles:
[ERROR] [Help 1] http://cwiki.apache.org/confluence/display/MAVEN/MojoFailureException


current_pom file is:<?xml version='1.0' encoding='utf-8'?>
<project xmlns="http://maven.apache.org/POM/4.0.0" xmlns:xsi="http://www.w3.org/2001/XMLSchema-instance" xsi:schemaLocation="http://maven.apache.org/POM/4.0.0 https://maven.apache.org/xsd/maven-4.0.0.xsd">
  <groupId>edu.vision.se</groupId><version>1.0-SNAPSHOT</version><modelVersion>4.0.0</modelVersion>
  <artifactId>CVE-2022-23596</artifactId>
  <name>junrar CVE-2022-23596</name>

  <properties>
    <maven.compiler.target>11</maven.compiler.target>
    <maven.compiler.source>11</maven.compiler.source>
  </properties>

  <dependencies>
    <dependency>
      <groupId>com.github.junrar</groupId>
      <artifactId>junrar</artifactId>
      <version>1.0.1</version>
    </dependency>
    <dependency>
        <groupId>cn.hutool</groupId>
        <artifactId>hutool-all</artifactId>
        <version>5.7.10</version>
    </dependency>
  <dependency><groupId>junit</groupId><artifactId>junit</artifactId><version>4.13.2</version></dependency>
  
  </dependencies>
</project>
---------
---------
[LLMClient] Response: test
---------
[96m[Adapter] LLM response for fix position: test[0m
[96m[Adapter] Fix position is in test code.[0m
---------
[LLMClient] Asking: You are given an error when executing exploit in in 1.0.1:com.github.junrar:junrar
This exploit file compiles and reproduced successfully in 2.0.0 with an assertion error.

Your task is fix the error.

Only output the modified version of the test file. No explanations. 
### Compilation Errors:
[INFO] Scanning for projects...
[INFO] 
[INFO] --------------------< edu.vision.se:CVE-2022-23596 >--------------------
[INFO] Building junrar CVE-2022-23596 1.0-SNAPSHOT
[INFO]   from pom.xml
[INFO] --------------------------------[ jar ]---------------------------------
[INFO] 
[INFO] --- maven-clean-plugin:2.5:clean (default-clean) @ CVE-2022-23596 ---
[INFO] Deleting /PoCAdaptation/exploit/result/CVE-2022-23596/1.0.1/exploit/target
[INFO] 
[INFO] --- maven-resources-plugin:2.6:resources (default-resources) @ CVE-2022-23596 ---
[WARNING] Using platform encoding (UTF-8 actually) to copy filtered resources, i.e. build is platform dependent!
[INFO] Copying 0 resource
[INFO] 
[INFO] --- maven-compiler-plugin:3.1:compile (default-compile) @ CVE-2022-23596 ---
[INFO] No sources to compile
[INFO] 
[INFO] --- maven-resources-plugin:2.6:testResources (default-testResources) @ CVE-2022-23596 ---
[WARNING] Using platform encoding (UTF-8 actually) to copy filtered resources, i.e. build is platform dependent!
[INFO] Copying 1 resource
[INFO] 
[INFO] --- maven-compiler-plugin:3.1:testCompile (default-testCompile) @ CVE-2022-23596 ---
[INFO] Changes detected - recompiling the module!
[WARNING] File encoding has not been set, using platform encoding UTF-8, i.e. build is platform dependent!
[INFO] Compiling 1 source file to /PoCAdaptation/exploit/result/CVE-2022-23596/1.0.1/exploit/target/test-classes
[INFO] -------------------------------------------------------------
[ERROR] COMPILATION ERROR : 
[INFO] -------------------------------------------------------------
[ERROR] /PoCAdaptation/exploit/result/CVE-2022-23596/1.0.1/exploit/src/test/java/edu/vision/se/Testcase1.java:[4,25] cannot find symbol
  symbol:   class Junrar
  location: package com.github.junrar
[ERROR] /PoCAdaptation/exploit/result/CVE-2022-23596/1.0.1/exploit/src/test/java/edu/vision/se/Testcase1.java:[19,13] cannot find symbol
  symbol:   variable Junrar
  location: class edu.vision.se.Testcase1
[INFO] 2 errors 
[INFO] -------------------------------------------------------------
[INFO] ------------------------------------------------------------------------
[INFO] BUILD FAILURE
[INFO] ------------------------------------------------------------------------
[INFO] Total time:  0.855 s
[INFO] Finished at: 2025-07-14T07:24:22Z
[INFO] ------------------------------------------------------------------------
[ERROR] Failed to execute goal org.apache.maven.plugins:maven-compiler-plugin:3.1:testCompile (default-testCompile) on project CVE-2022-23596: Compilation failure: Compilation failure: 
[ERROR] /PoCAdaptation/exploit/result/CVE-2022-23596/1.0.1/exploit/src/test/java/edu/vision/se/Testcase1.java:[4,25] cannot find symbol
[ERROR]   symbol:   class Junrar
[ERROR]   location: package com.github.junrar
[ERROR] /PoCAdaptation/exploit/result/CVE-2022-23596/1.0.1/exploit/src/test/java/edu/vision/se/Testcase1.java:[19,13] cannot find symbol
[ERROR]   symbol:   variable Junrar
[ERROR]   location: class edu.vision.se.Testcase1
[ERROR] -> [Help 1]
[ERROR] 
[ERROR] To see the full stack trace of the errors, re-run Maven with the -e switch.
[ERROR] Re-run Maven using the -X switch to enable full debug logging.
[ERROR] 
[ERROR] For more information about the errors and possible solutions, please read the following articles:
[ERROR] [Help 1] http://cwiki.apache.org/confluence/display/MAVEN/MojoFailureException

### Test File Content:
package edu.vision.se;

import cn.hutool.core.io.FileUtil;
import com.github.junrar.Junrar;
import org.junit.Test;
import com.github.junrar.exception.RarException; // Updated import
import java.io.File;

import static org.junit.Assert.assertTrue;
import static org.junit.Assert.fail;

public class Testcase1 {
    @Test(timeout = 2000)
    public void testCorruptHeader() throws Exception {
        File file = FileUtil.file(System.getProperty("user.dir"), "src/test/resources/loop.rar");
        File destFile = File.createTempFile("temp", null).getParentFile();

        try {
            Junrar.extract(file, destFile);
            fail("the test fail");
        } catch (Exception e) {
            validateThrow(e);
        }
    }

    public void validateThrow(Throwable e) {
        assertTrue(e instanceof RarException); // Updated check
    }
}



---------
---------
[LLMClient] Response: ```java
package edu.vision.se;

import cn.hutool.core.io.FileUtil;
import com.github.junrar.exception.RarException;
import com.github.junrar.Archive;
import com.github.junrar.extract.ExtractArchive;
import org.junit.Test;
import java.io.File;

import static org.junit.Assert.assertTrue;
import static org.junit.Assert.fail;

public class Testcase1 {
    @Test(timeout = 2000)
    public void testCorruptHeader() throws Exception {
        File file = FileUtil.file(System.getProperty("user.dir"), "src/test/resources/loop.rar");
        File destFile = File.createTempFile("temp", null).getParentFile();

        try {
            ExtractArchive extractArchive = new ExtractArchive();
            extractArchive.extract(file, destFile);
            fail("the test fail");
        } catch (Exception e) {
            validateThrow(e);
        }
    }

    public void validateThrow(Throwable e) {
        assertTrue(e instanceof RarException);
    }
}
```
---------
[96m[RepairModule] Wrote modified code to /PoCAdaptation/exploit/result/CVE-2022-23596/1.0.1/exploit/src/test/java/edu/vision/se/Testcase1.java[0m
[96m[Executor] Executing exploit for CVE-2022-23596 on version 1.0.1...[0m
[INFO] Scanning for projects...
[INFO] 
[INFO] --------------------< edu.vision.se:CVE-2022-23596 >--------------------
[INFO] Building junrar CVE-2022-23596 1.0-SNAPSHOT
[INFO]   from pom.xml
[INFO] --------------------------------[ jar ]---------------------------------
[INFO] 
[INFO] --- maven-clean-plugin:2.5:clean (default-clean) @ CVE-2022-23596 ---
[INFO] Deleting /PoCAdaptation/exploit/result/CVE-2022-23596/1.0.1/exploit/target
[INFO] 
[INFO] --- maven-resources-plugin:2.6:resources (default-resources) @ CVE-2022-23596 ---
[WARNING] Using platform encoding (UTF-8 actually) to copy filtered resources, i.e. build is platform dependent!
[INFO] Copying 0 resource
[INFO] 
[INFO] --- maven-compiler-plugin:3.1:compile (default-compile) @ CVE-2022-23596 ---
[INFO] No sources to compile
[INFO] 
[INFO] --- maven-resources-plugin:2.6:testResources (default-testResources) @ CVE-2022-23596 ---
[WARNING] Using platform encoding (UTF-8 actually) to copy filtered resources, i.e. build is platform dependent!
[INFO] Copying 1 resource
[INFO] 
[INFO] --- maven-compiler-plugin:3.1:testCompile (default-testCompile) @ CVE-2022-23596 ---
[INFO] Changes detected - recompiling the module!
[WARNING] File encoding has not been set, using platform encoding UTF-8, i.e. build is platform dependent!
[INFO] Compiling 1 source file to /PoCAdaptation/exploit/result/CVE-2022-23596/1.0.1/exploit/target/test-classes
[INFO] -------------------------------------------------------------
[ERROR] COMPILATION ERROR : 
[INFO] -------------------------------------------------------------
[ERROR] /PoCAdaptation/exploit/result/CVE-2022-23596/1.0.1/exploit/src/test/java/edu/vision/se/Testcase1.java:[21,27] cannot find symbol
  symbol:   method extract(java.io.File,java.io.File)
  location: variable extractArchive of type com.github.junrar.extract.ExtractArchive
[INFO] 1 error
[INFO] -------------------------------------------------------------
[INFO] ------------------------------------------------------------------------
[INFO] BUILD FAILURE
[INFO] ------------------------------------------------------------------------
[INFO] Total time:  1.010 s
[INFO] Finished at: 2025-07-14T07:25:13Z
[INFO] ------------------------------------------------------------------------
[ERROR] Failed to execute goal org.apache.maven.plugins:maven-compiler-plugin:3.1:testCompile (default-testCompile) on project CVE-2022-23596: Compilation failure
[ERROR] /PoCAdaptation/exploit/result/CVE-2022-23596/1.0.1/exploit/src/test/java/edu/vision/se/Testcase1.java:[21,27] cannot find symbol
[ERROR]   symbol:   method extract(java.io.File,java.io.File)
[ERROR]   location: variable extractArchive of type com.github.junrar.extract.ExtractArchive
[ERROR] 
[ERROR] -> [Help 1]
[ERROR] 
[ERROR] To see the full stack trace of the errors, re-run Maven with the -e switch.
[ERROR] Re-run Maven using the -X switch to enable full debug logging.
[ERROR] 
[ERROR] For more information about the errors and possible solutions, please read the following articles:
[ERROR] [Help 1] http://cwiki.apache.org/confluence/display/MAVEN/MojoFailureException


[96m[Verifier] Verifying reproduction...[0m
[91m[Verifier] âœ— Behavior not found: 'org.junit.runners.model.TestTimedOutException'[0m
[91m[Executor] Reproduction result: Failure[0m
[91m[RepairModule] Repair failed after simulated annealing.[0m
[96m[Adapter] Test code repair attempted.[0m
[96m[Executor] Executing exploit for CVE-2022-23596 on version 1.0.1...[0m
[INFO] Scanning for projects...
[INFO] 
[INFO] --------------------< edu.vision.se:CVE-2022-23596 >--------------------
[INFO] Building junrar CVE-2022-23596 1.0-SNAPSHOT
[INFO]   from pom.xml
[INFO] --------------------------------[ jar ]---------------------------------
[INFO] 
[INFO] --- maven-clean-plugin:2.5:clean (default-clean) @ CVE-2022-23596 ---
[INFO] Deleting /PoCAdaptation/exploit/result/CVE-2022-23596/1.0.1/exploit/target
[INFO] 
[INFO] --- maven-resources-plugin:2.6:resources (default-resources) @ CVE-2022-23596 ---
[WARNING] Using platform encoding (UTF-8 actually) to copy filtered resources, i.e. build is platform dependent!
[INFO] Copying 0 resource
[INFO] 
[INFO] --- maven-compiler-plugin:3.1:compile (default-compile) @ CVE-2022-23596 ---
[INFO] No sources to compile
[INFO] 
[INFO] --- maven-resources-plugin:2.6:testResources (default-testResources) @ CVE-2022-23596 ---
[WARNING] Using platform encoding (UTF-8 actually) to copy filtered resources, i.e. build is platform dependent!
[INFO] Copying 1 resource
[INFO] 
[INFO] --- maven-compiler-plugin:3.1:testCompile (default-testCompile) @ CVE-2022-23596 ---
[INFO] Changes detected - recompiling the module!
[WARNING] File encoding has not been set, using platform encoding UTF-8, i.e. build is platform dependent!
[INFO] Compiling 1 source file to /PoCAdaptation/exploit/result/CVE-2022-23596/1.0.1/exploit/target/test-classes
[INFO] -------------------------------------------------------------
[ERROR] COMPILATION ERROR : 
[INFO] -------------------------------------------------------------
[ERROR] /PoCAdaptation/exploit/result/CVE-2022-23596/1.0.1/exploit/src/test/java/edu/vision/se/Testcase1.java:[4,25] cannot find symbol
  symbol:   class Junrar
  location: package com.github.junrar
[ERROR] /PoCAdaptation/exploit/result/CVE-2022-23596/1.0.1/exploit/src/test/java/edu/vision/se/Testcase1.java:[19,13] cannot find symbol
  symbol:   variable Junrar
  location: class edu.vision.se.Testcase1
[INFO] 2 errors 
[INFO] -------------------------------------------------------------
[INFO] ------------------------------------------------------------------------
[INFO] BUILD FAILURE
[INFO] ------------------------------------------------------------------------
[INFO] Total time:  1.053 s
[INFO] Finished at: 2025-07-14T07:25:15Z
[INFO] ------------------------------------------------------------------------
[ERROR] Failed to execute goal org.apache.maven.plugins:maven-compiler-plugin:3.1:testCompile (default-testCompile) on project CVE-2022-23596: Compilation failure: Compilation failure: 
[ERROR] /PoCAdaptation/exploit/result/CVE-2022-23596/1.0.1/exploit/src/test/java/edu/vision/se/Testcase1.java:[4,25] cannot find symbol
[ERROR]   symbol:   class Junrar
[ERROR]   location: package com.github.junrar
[ERROR] /PoCAdaptation/exploit/result/CVE-2022-23596/1.0.1/exploit/src/test/java/edu/vision/se/Testcase1.java:[19,13] cannot find symbol
[ERROR]   symbol:   variable Junrar
[ERROR]   location: class edu.vision.se.Testcase1
[ERROR] -> [Help 1]
[ERROR] 
[ERROR] To see the full stack trace of the errors, re-run Maven with the -e switch.
[ERROR] Re-run Maven using the -X switch to enable full debug logging.
[ERROR] 
[ERROR] For more information about the errors and possible solutions, please read the following articles:
[ERROR] [Help 1] http://cwiki.apache.org/confluence/display/MAVEN/MojoFailureException


[96m[Verifier] Verifying reproduction...[0m
[91m[Verifier] âœ— Behavior not found: 'org.junit.runners.model.TestTimedOutException'[0m
[91m[Executor] Reproduction result: Failure[0m
[91m[Adapter] Adaptation from 2.0.0 to 1.0.1 failed.[0m
[96m[Executor] Executing exploit for CVE-2022-23596 on version 1.0.1...[0m
[INFO] Scanning for projects...
[INFO] 
[INFO] --------------------< edu.vision.se:CVE-2022-23596 >--------------------
[INFO] Building junrar CVE-2022-23596 1.0-SNAPSHOT
[INFO]   from pom.xml
[INFO] --------------------------------[ jar ]---------------------------------
[INFO] 
[INFO] --- maven-clean-plugin:2.5:clean (default-clean) @ CVE-2022-23596 ---
[INFO] Deleting /PoCAdaptation/exploit/result/CVE-2022-23596/1.0.1/exploit/target
[INFO] 
[INFO] --- maven-resources-plugin:2.6:resources (default-resources) @ CVE-2022-23596 ---
[WARNING] Using platform encoding (UTF-8 actually) to copy filtered resources, i.e. build is platform dependent!
[INFO] Copying 0 resource
[INFO] 
[INFO] --- maven-compiler-plugin:3.1:compile (default-compile) @ CVE-2022-23596 ---
[INFO] No sources to compile
[INFO] 
[INFO] --- maven-resources-plugin:2.6:testResources (default-testResources) @ CVE-2022-23596 ---
[WARNING] Using platform encoding (UTF-8 actually) to copy filtered resources, i.e. build is platform dependent!
[INFO] Copying 1 resource
[INFO] 
[INFO] --- maven-compiler-plugin:3.1:testCompile (default-testCompile) @ CVE-2022-23596 ---
[INFO] Changes detected - recompiling the module!
[WARNING] File encoding has not been set, using platform encoding UTF-8, i.e. build is platform dependent!
[INFO] Compiling 1 source file to /PoCAdaptation/exploit/result/CVE-2022-23596/1.0.1/exploit/target/test-classes
[INFO] -------------------------------------------------------------
[ERROR] COMPILATION ERROR : 
[INFO] -------------------------------------------------------------
[ERROR] /PoCAdaptation/exploit/result/CVE-2022-23596/1.0.1/exploit/src/test/java/edu/vision/se/Testcase1.java:[4,25] cannot find symbol
  symbol:   class Junrar
  location: package com.github.junrar
[ERROR] /PoCAdaptation/exploit/result/CVE-2022-23596/1.0.1/exploit/src/test/java/edu/vision/se/Testcase1.java:[19,13] cannot find symbol
  symbol:   variable Junrar
  location: class edu.vision.se.Testcase1
[INFO] 2 errors 
[INFO] -------------------------------------------------------------
[INFO] ------------------------------------------------------------------------
[INFO] BUILD FAILURE
[INFO] ------------------------------------------------------------------------
[INFO] Total time:  0.985 s
[INFO] Finished at: 2025-07-14T07:25:17Z
[INFO] ------------------------------------------------------------------------
[ERROR] Failed to execute goal org.apache.maven.plugins:maven-compiler-plugin:3.1:testCompile (default-testCompile) on project CVE-2022-23596: Compilation failure: Compilation failure: 
[ERROR] /PoCAdaptation/exploit/result/CVE-2022-23596/1.0.1/exploit/src/test/java/edu/vision/se/Testcase1.java:[4,25] cannot find symbol
[ERROR]   symbol:   class Junrar
[ERROR]   location: package com.github.junrar
[ERROR] /PoCAdaptation/exploit/result/CVE-2022-23596/1.0.1/exploit/src/test/java/edu/vision/se/Testcase1.java:[19,13] cannot find symbol
[ERROR]   symbol:   variable Junrar
[ERROR]   location: class edu.vision.se.Testcase1
[ERROR] -> [Help 1]
[ERROR] 
[ERROR] To see the full stack trace of the errors, re-run Maven with the -e switch.
[ERROR] Re-run Maven using the -X switch to enable full debug logging.
[ERROR] 
[ERROR] For more information about the errors and possible solutions, please read the following articles:
[ERROR] [Help 1] http://cwiki.apache.org/confluence/display/MAVEN/MojoFailureException


[96m[Verifier] Verifying reproduction...[0m
[91m[Verifier] âœ— Behavior not found: 'org.junit.runners.model.TestTimedOutException'[0m
[91m[Executor] Reproduction result: Failure[0m
[96m[ErrorManager] Ignoring line: [ERROR] Failed to execute goal org.apache.maven.plugins:maven-compiler-plugin:3.1:testCompile (default-testCompile) on project CVE-2022-23596: Compilation failure: Compilation failure:[0m
[92m[ErrorManager] Processing line: [ERROR] /PoCAdaptation/exploit/result/CVE-2022-23596/1.0.1/exploit/src/test/java/edu/vision/se/Testcase1.java:[4,25] cannot find symbol[0m
[92m[ErrorManager] Processing line: [ERROR]   symbol:   class Junrar[0m
[92m[ErrorManager] Processing line: [ERROR]   location: package com.github.junrar[0m
[92m[ErrorManager] Processing line: [ERROR] /PoCAdaptation/exploit/result/CVE-2022-23596/1.0.1/exploit/src/test/java/edu/vision/se/Testcase1.java:[19,13] cannot find symbol[0m
[92m[ErrorManager] Processing line: [ERROR]   symbol:   variable Junrar[0m
[92m[ErrorManager] Processing line: [ERROR]   location: class edu.vision.se.Testcase1[0m
[96m[ErrorManager] Ignoring line: [ERROR] -> [Help 1][0m
[96m[ErrorManager] Ignoring line: [ERROR][0m
[96m[ErrorManager] Ignoring line: [ERROR] To see the full stack trace of the errors, re-run Maven with the -e switch.[0m
[96m[ErrorManager] Ignoring line: [ERROR] Re-run Maven using the -X switch to enable full debug logging.[0m
[96m[ErrorManager] Ignoring line: [ERROR][0m
[96m[ErrorManager] Ignoring line: [ERROR] For more information about the errors and possible solutions, please read the following articles:[0m
[96m[ErrorManager] Ignoring line: [ERROR] [Help 1] http://cwiki.apache.org/confluence/display/MAVEN/MojoFailureException[0m
[96m[Adapter] Locating fix position in error log.[0m
---------
[LLMClient] Asking: You are given a Java error log when executing 'mvn test' in a project with dependency version 1.0.1:com.github.junrar:junrar.
This test file compiles and runs successfully with version 2.0.0.

Your task is to:
output the location in the project that should be modified to fix the problem **without updating this library**.

Please return 'pom' if the fix is in the pom.xml file, or 'test' if the fix is in the test code.
Do not return any other text, just 'pom' or 'test'.

The error log is:
[INFO] Scanning for projects...
[INFO] 
[INFO] --------------------< edu.vision.se:CVE-2022-23596 >--------------------
[INFO] Building junrar CVE-2022-23596 1.0-SNAPSHOT
[INFO]   from pom.xml
[INFO] --------------------------------[ jar ]---------------------------------
[INFO] 
[INFO] --- maven-clean-plugin:2.5:clean (default-clean) @ CVE-2022-23596 ---
[INFO] Deleting /PoCAdaptation/exploit/result/CVE-2022-23596/1.0.1/exploit/target
[INFO] 
[INFO] --- maven-resources-plugin:2.6:resources (default-resources) @ CVE-2022-23596 ---
[WARNING] Using platform encoding (UTF-8 actually) to copy filtered resources, i.e. build is platform dependent!
[INFO] Copying 0 resource
[INFO] 
[INFO] --- maven-compiler-plugin:3.1:compile (default-compile) @ CVE-2022-23596 ---
[INFO] No sources to compile
[INFO] 
[INFO] --- maven-resources-plugin:2.6:testResources (default-testResources) @ CVE-2022-23596 ---
[WARNING] Using platform encoding (UTF-8 actually) to copy filtered resources, i.e. build is platform dependent!
[INFO] Copying 1 resource
[INFO] 
[INFO] --- maven-compiler-plugin:3.1:testCompile (default-testCompile) @ CVE-2022-23596 ---
[INFO] Changes detected - recompiling the module!
[WARNING] File encoding has not been set, using platform encoding UTF-8, i.e. build is platform dependent!
[INFO] Compiling 1 source file to /PoCAdaptation/exploit/result/CVE-2022-23596/1.0.1/exploit/target/test-classes
[INFO] -------------------------------------------------------------
[ERROR] COMPILATION ERROR : 
[INFO] -------------------------------------------------------------
[ERROR] /PoCAdaptation/exploit/result/CVE-2022-23596/1.0.1/exploit/src/test/java/edu/vision/se/Testcase1.java:[4,25] cannot find symbol
  symbol:   class Junrar
  location: package com.github.junrar
[ERROR] /PoCAdaptation/exploit/result/CVE-2022-23596/1.0.1/exploit/src/test/java/edu/vision/se/Testcase1.java:[19,13] cannot find symbol
  symbol:   variable Junrar
  location: class edu.vision.se.Testcase1
[INFO] 2 errors 
[INFO] -------------------------------------------------------------
[INFO] ------------------------------------------------------------------------
[INFO] BUILD FAILURE
[INFO] ------------------------------------------------------------------------
[INFO] Total time:  0.985 s
[INFO] Finished at: 2025-07-14T07:25:17Z
[INFO] ------------------------------------------------------------------------
[ERROR] Failed to execute goal org.apache.maven.plugins:maven-compiler-plugin:3.1:testCompile (default-testCompile) on project CVE-2022-23596: Compilation failure: Compilation failure: 
[ERROR] /PoCAdaptation/exploit/result/CVE-2022-23596/1.0.1/exploit/src/test/java/edu/vision/se/Testcase1.java:[4,25] cannot find symbol
[ERROR]   symbol:   class Junrar
[ERROR]   location: package com.github.junrar
[ERROR] /PoCAdaptation/exploit/result/CVE-2022-23596/1.0.1/exploit/src/test/java/edu/vision/se/Testcase1.java:[19,13] cannot find symbol
[ERROR]   symbol:   variable Junrar
[ERROR]   location: class edu.vision.se.Testcase1
[ERROR] -> [Help 1]
[ERROR] 
[ERROR] To see the full stack trace of the errors, re-run Maven with the -e switch.
[ERROR] Re-run Maven using the -X switch to enable full debug logging.
[ERROR] 
[ERROR] For more information about the errors and possible solutions, please read the following articles:
[ERROR] [Help 1] http://cwiki.apache.org/confluence/display/MAVEN/MojoFailureException


current_pom file is:<?xml version='1.0' encoding='utf-8'?>
<project xmlns="http://maven.apache.org/POM/4.0.0" xmlns:xsi="http://www.w3.org/2001/XMLSchema-instance" xsi:schemaLocation="http://maven.apache.org/POM/4.0.0 https://maven.apache.org/xsd/maven-4.0.0.xsd">
  <groupId>edu.vision.se</groupId><version>1.0-SNAPSHOT</version><modelVersion>4.0.0</modelVersion>
  <artifactId>CVE-2022-23596</artifactId>
  <name>junrar CVE-2022-23596</name>

  <properties>
    <maven.compiler.target>11</maven.compiler.target>
    <maven.compiler.source>11</maven.compiler.source>
  </properties>

  <dependencies>
    <dependency>
      <groupId>com.github.junrar</groupId>
      <artifactId>junrar</artifactId>
      <version>1.0.1</version>
    </dependency>
    <dependency>
        <groupId>cn.hutool</groupId>
        <artifactId>hutool-all</artifactId>
        <version>5.7.10</version>
    </dependency>
  <dependency><groupId>junit</groupId><artifactId>junit</artifactId><version>4.13.2</version></dependency>
  
  </dependencies>
</project>
---------
[Adapt] â° Timeout: exceeded 300 seconds for 2.0.0 â†’ 1.0.1
[91m[Adapter] Adaptation failed for 1.0.1[0m

[Executor] â–¶ Summary of return codes:
  - Version 5.0.0: âœ“ Success (exit code 0)
  - Version 1.0.1: âœ— Failed (exit code 1)
