Running main_process.py for CVE: CVE-2022-22968
Versions: 2.5.6.SEC03

[1m[Main] === Starting adaptation process for CVE-2022-22968 ===[0m
[96m[Processor] Fetching all available Maven versions...[0m
[96m[Analyzer] Loading cached versions from: /PoCAdaptation/library/org_springframework_spring-context.txt[0m
[96m[Analyzer] org.springframework:spring-context has 308 versions (cached).[0m
[96m[Processor] Identifying versions with successful reproduction...[0m
[96m[Processor] Pending versions: ['2.0', '2.0.1', '2.0.2', '2.0.3', '2.0.4', '2.0.5', '2.0.6', '2.0.7', '2.0.8', '2.5', '2.5.1', '2.5.2', '2.5.3', '2.5.4', '2.5.5', '2.5.6', '2.5.6.SEC01', '2.5.6.SEC02', '2.5.6.SEC03'][0m
[96m[Preparer] Pending directory already exists: /PoCAdaptation/exploit/pending/CVE-2022-22968[0m
[92m[Main] Total affected versions: 194[0m
[92m[Main] Already reproduced versions: 175[0m
[93m[Main] Versions pending adaptation: 19[0m
[96m[Main]     -> ['2.0', '2.0.1', '2.0.2', '2.0.3', '2.0.4', '2.0.5', '2.0.6', '2.0.7', '2.0.8', '2.5', '2.5.1', '2.5.2', '2.5.3', '2.5.4', '2.5.5', '2.5.6', '2.5.6.SEC01', '2.5.6.SEC02', '2.5.6.SEC03'][0m
[96m[Main]     -> ['3.0.0.RELEASE', '3.0.1.RELEASE', '3.0.2.RELEASE', '3.0.3.RELEASE', '3.0.4.RELEASE', '3.0.5.RELEASE', '3.0.6.RELEASE', '3.0.7.RELEASE', '3.1.0.RELEASE', '3.1.1.RELEASE', '3.1.2.RELEASE', '3.1.3.RELEASE', '3.1.4.RELEASE', '3.2.0.RELEASE', '3.2.1.RELEASE', '3.2.2.RELEASE', '3.2.3.RELEASE', '3.2.4.RELEASE', '3.2.5.RELEASE', '3.2.6.RELEASE', '3.2.7.RELEASE', '3.2.8.RELEASE', '3.2.9.RELEASE', '3.2.10.RELEASE', '3.2.11.RELEASE', '3.2.12.RELEASE', '3.2.13.RELEASE', '3.2.14.RELEASE', '3.2.15.RELEASE', '3.2.16.RELEASE', '3.2.17.RELEASE', '3.2.18.RELEASE', '4.0.0.RELEASE', '4.0.1.RELEASE', '4.0.2.RELEASE', '4.0.3.RELEASE', '4.0.4.RELEASE', '4.0.5.RELEASE', '4.0.6.RELEASE', '4.0.7.RELEASE', '4.0.8.RELEASE', '4.0.9.RELEASE', '4.1.0.RELEASE', '4.1.1.RELEASE', '4.1.2.RELEASE', '4.1.3.RELEASE', '4.1.4.RELEASE', '4.1.5.RELEASE', '4.1.6.RELEASE', '4.1.7.RELEASE', '4.1.8.RELEASE', '4.1.9.RELEASE', '4.2.0.RELEASE', '4.2.1.RELEASE', '4.2.2.RELEASE', '4.2.3.RELEASE', '4.2.4.RELEASE', '4.2.5.RELEASE', '4.2.6.RELEASE', '4.2.7.RELEASE', '4.2.8.RELEASE', '4.2.9.RELEASE', '4.3.0.RELEASE', '4.3.1.RELEASE', '4.3.2.RELEASE', '4.3.3.RELEASE', '4.3.4.RELEASE', '4.3.5.RELEASE', '4.3.6.RELEASE', '4.3.7.RELEASE', '4.3.8.RELEASE', '4.3.9.RELEASE', '4.3.10.RELEASE', '4.3.11.RELEASE', '4.3.12.RELEASE', '4.3.13.RELEASE', '4.3.14.RELEASE', '4.3.15.RELEASE', '4.3.16.RELEASE', '4.3.17.RELEASE', '4.3.18.RELEASE', '4.3.19.RELEASE', '4.3.20.RELEASE', '4.3.21.RELEASE', '4.3.22.RELEASE', '4.3.23.RELEASE', '4.3.24.RELEASE', '4.3.25.RELEASE', '4.3.26.RELEASE', '4.3.27.RELEASE', '4.3.28.RELEASE', '4.3.29.RELEASE', '4.3.30.RELEASE', '5.0.0.RELEASE', '5.0.1.RELEASE', '5.0.2.RELEASE', '5.0.3.RELEASE', '5.0.4.RELEASE', '5.0.5.RELEASE', '5.0.6.RELEASE', '5.0.7.RELEASE', '5.0.8.RELEASE', '5.0.9.RELEASE', '5.0.10.RELEASE', '5.0.11.RELEASE', '5.0.12.RELEASE', '5.0.13.RELEASE', '5.0.14.RELEASE', '5.0.15.RELEASE', '5.0.16.RELEASE', '5.0.17.RELEASE', '5.0.18.RELEASE', '5.0.19.RELEASE', '5.0.20.RELEASE', '5.1.0.RELEASE', '5.1.1.RELEASE', '5.1.2.RELEASE', '5.1.3.RELEASE', '5.1.4.RELEASE', '5.1.5.RELEASE', '5.1.6.RELEASE', '5.1.7.RELEASE', '5.1.8.RELEASE', '5.1.9.RELEASE', '5.1.10.RELEASE', '5.1.11.RELEASE', '5.1.12.RELEASE', '5.1.13.RELEASE', '5.1.14.RELEASE', '5.1.15.RELEASE', '5.1.16.RELEASE', '5.1.17.RELEASE', '5.1.18.RELEASE', '5.1.19.RELEASE', '5.1.20.RELEASE', '5.2.0.RELEASE', '5.2.1.RELEASE', '5.2.2.RELEASE', '5.2.3.RELEASE', '5.2.4.RELEASE', '5.2.5.RELEASE', '5.2.6.RELEASE', '5.2.7.RELEASE', '5.2.8.RELEASE', '5.2.9.RELEASE', '5.2.10.RELEASE', '5.2.11.RELEASE', '5.2.12.RELEASE', '5.2.13.RELEASE', '5.2.14.RELEASE', '5.2.15.RELEASE', '5.2.16.RELEASE', '5.2.17.RELEASE', '5.2.18.RELEASE', '5.2.19.RELEASE', '5.2.20.RELEASE', '5.3.0', '5.3.1', '5.3.2', '5.3.3', '5.3.4', '5.3.5', '5.3.6', '5.3.7', '5.3.8', '5.3.9', '5.3.10', '5.3.11', '5.3.12', '5.3.13', '5.3.14', '5.3.15', '5.3.16', '5.3.17', '5.3.18'][0m
[96m[Executor] Running initial exploit mvn test in /PoCAdaptation/exploit/origin/CVE-2022-22968/exploit[0m
[91m[Executor] Initial exploit execution finished with return code 1[0m
[INFO] Scanning for projects...
[INFO] 
[INFO] --------------------< edu.vision.se:CVE-2022-22968 >--------------------
[INFO] Building CVE-2022-22968 1.0-SNAPSHOT
[INFO]   from pom.xml
[INFO] --------------------------------[ jar ]---------------------------------
[INFO] 
[INFO] --- maven-clean-plugin:2.5:clean (default-clean) @ CVE-2022-22968 ---
[INFO] Deleting /PoCAdaptation/exploit/origin/CVE-2022-22968/exploit/target
[INFO] 
[INFO] --- maven-resources-plugin:2.6:resources (default-resources) @ CVE-2022-22968 ---
[WARNING] Using platform encoding (UTF-8 actually) to copy filtered resources, i.e. build is platform dependent!
[INFO] skip non existing resourceDirectory /PoCAdaptation/exploit/origin/CVE-2022-22968/exploit/src/main/resources
[INFO] 
[INFO] --- maven-compiler-plugin:3.1:compile (default-compile) @ CVE-2022-22968 ---
[INFO] No sources to compile
[INFO] 
[INFO] --- maven-resources-plugin:2.6:testResources (default-testResources) @ CVE-2022-22968 ---
[WARNING] Using platform encoding (UTF-8 actually) to copy filtered resources, i.e. build is platform dependent!
[INFO] skip non existing resourceDirectory /PoCAdaptation/exploit/origin/CVE-2022-22968/exploit/src/test/resources
[INFO] 
[INFO] --- maven-compiler-plugin:3.1:testCompile (default-testCompile) @ CVE-2022-22968 ---
[INFO] Changes detected - recompiling the module!
[WARNING] File encoding has not been set, using platform encoding UTF-8, i.e. build is platform dependent!
[INFO] Compiling 2 source files to /PoCAdaptation/exploit/origin/CVE-2022-22968/exploit/target/test-classes
[INFO] -------------------------------------------------------------
[WARNING] COMPILATION WARNING : 
[INFO] -------------------------------------------------------------
[WARNING] Some messages have been simplified; recompile with -Xdiags:verbose to get full output
[INFO] 1 warning
[INFO] -------------------------------------------------------------
[INFO] -------------------------------------------------------------
[ERROR] COMPILATION ERROR : 
[INFO] -------------------------------------------------------------
[ERROR] /PoCAdaptation/exploit/origin/CVE-2022-22968/exploit/src/test/java/edu/vision/se/Testcase1.java:[16,15] method setAllowedFields in class org.springframework.validation.DataBinder cannot be applied to given types;
  required: java.lang.String[]
  found: java.lang.String,java.lang.String
  reason: actual and formal argument lists differ in length
[ERROR] /PoCAdaptation/exploit/origin/CVE-2022-22968/exploit/src/test/java/edu/vision/se/Testcase1.java:[17,36] incompatible types: java.lang.String cannot be converted to java.lang.String[]
[ERROR] /PoCAdaptation/exploit/origin/CVE-2022-22968/exploit/src/test/java/edu/vision/se/Testcase1.java:[19,12] cannot find symbol
  symbol:   method add(java.lang.String,java.lang.String)
  location: variable pvs of type org.springframework.beans.MutablePropertyValues
[ERROR] /PoCAdaptation/exploit/origin/CVE-2022-22968/exploit/src/test/java/edu/vision/se/Testcase1.java:[20,12] cannot find symbol
  symbol:   method add(java.lang.String,int)
  location: variable pvs of type org.springframework.beans.MutablePropertyValues
[INFO] 4 errors 
[INFO] -------------------------------------------------------------
[INFO] ------------------------------------------------------------------------
[INFO] BUILD FAILURE
[INFO] ------------------------------------------------------------------------
[INFO] Total time:  0.898 s
[INFO] Finished at: 2025-07-14T06:53:28Z
[INFO] ------------------------------------------------------------------------
[ERROR] Failed to execute goal org.apache.maven.plugins:maven-compiler-plugin:3.1:testCompile (default-testCompile) on project CVE-2022-22968: Compilation failure: Compilation failure: 
[ERROR] /PoCAdaptation/exploit/origin/CVE-2022-22968/exploit/src/test/java/edu/vision/se/Testcase1.java:[16,15] method setAllowedFields in class org.springframework.validation.DataBinder cannot be applied to given types;
[ERROR]   required: java.lang.String[]
[ERROR]   found: java.lang.String,java.lang.String
[ERROR]   reason: actual and formal argument lists differ in length
[ERROR] /PoCAdaptation/exploit/origin/CVE-2022-22968/exploit/src/test/java/edu/vision/se/Testcase1.java:[17,36] incompatible types: java.lang.String cannot be converted to java.lang.String[]
[ERROR] /PoCAdaptation/exploit/origin/CVE-2022-22968/exploit/src/test/java/edu/vision/se/Testcase1.java:[19,12] cannot find symbol
[ERROR]   symbol:   method add(java.lang.String,java.lang.String)
[ERROR]   location: variable pvs of type org.springframework.beans.MutablePropertyValues
[ERROR] /PoCAdaptation/exploit/origin/CVE-2022-22968/exploit/src/test/java/edu/vision/se/Testcase1.java:[20,12] cannot find symbol
[ERROR]   symbol:   method add(java.lang.String,int)
[ERROR]   location: variable pvs of type org.springframework.beans.MutablePropertyValues
[ERROR] -> [Help 1]
[ERROR] 
[ERROR] To see the full stack trace of the errors, re-run Maven with the -e switch.
[ERROR] Re-run Maven using the -X switch to enable full debug logging.
[ERROR] 
[ERROR] For more information about the errors and possible solutions, please read the following articles:
[ERROR] [Help 1] http://cwiki.apache.org/confluence/display/MAVEN/MojoFailureException


[96m[Verifier] Verifying reproduction...[0m
[91m[Verifier] âœ— Behavior not found: 'java.lang.AssertionError'[0m
[91m[Verifier] Initial exploit behavior does NOT match expected reproduction.[0m
[96m[Selector] Nearest need adapatation version selected: 2.5.6.SEC03[0m
[96m[Selector] Closest reproduced version: 3.0.0.RELEASE at index 46[0m
[96m[Adapter] Trying next closest version: 2.5.6.SEC03[0m
[]
[93m[Preparer] No usable exploit dirs found under /PoCAdaptation/exploit/valid/CVE-2022-22968, use source[0m
[92m[Preparer] Copied exploit to: /PoCAdaptation/exploit/pending/CVE-2022-22968/2.5.6.SEC03/exploit[0m
[96m[Preparer] Updating dependency version to 2.5.6.SEC03 in /PoCAdaptation/exploit/pending/CVE-2022-22968/2.5.6.SEC03/exploit/pom.xml[0m
[92m[Preparer] Updated dependency version to 2.5.6.SEC03 in /PoCAdaptation/exploit/pending/CVE-2022-22968/2.5.6.SEC03/exploit/pom.xml[0m
[96m[Executor] Attempting direct exploit execution on 2.5.6.SEC03...[0m
[96m[Executor] Executing exploit for CVE-2022-22968 on version 2.5.6.SEC03...[0m
[INFO] Scanning for projects...
[INFO] 
[INFO] --------------------< edu.vision.se:CVE-2022-22968 >--------------------
[INFO] Building CVE-2022-22968 1.0-SNAPSHOT
[INFO]   from pom.xml
[INFO] --------------------------------[ jar ]---------------------------------
[INFO] 
[INFO] --- maven-clean-plugin:2.5:clean (default-clean) @ CVE-2022-22968 ---
[INFO] Deleting /PoCAdaptation/exploit/pending/CVE-2022-22968/2.5.6.SEC03/exploit/target
[INFO] 
[INFO] --- maven-resources-plugin:2.6:resources (default-resources) @ CVE-2022-22968 ---
[WARNING] Using platform encoding (UTF-8 actually) to copy filtered resources, i.e. build is platform dependent!
[INFO] skip non existing resourceDirectory /PoCAdaptation/exploit/pending/CVE-2022-22968/2.5.6.SEC03/exploit/src/main/resources
[INFO] 
[INFO] --- maven-compiler-plugin:3.1:compile (default-compile) @ CVE-2022-22968 ---
[INFO] No sources to compile
[INFO] 
[INFO] --- maven-resources-plugin:2.6:testResources (default-testResources) @ CVE-2022-22968 ---
[WARNING] Using platform encoding (UTF-8 actually) to copy filtered resources, i.e. build is platform dependent!
[INFO] skip non existing resourceDirectory /PoCAdaptation/exploit/pending/CVE-2022-22968/2.5.6.SEC03/exploit/src/test/resources
[INFO] 
[INFO] --- maven-compiler-plugin:3.1:testCompile (default-testCompile) @ CVE-2022-22968 ---
[INFO] Changes detected - recompiling the module!
[WARNING] File encoding has not been set, using platform encoding UTF-8, i.e. build is platform dependent!
[INFO] Compiling 2 source files to /PoCAdaptation/exploit/pending/CVE-2022-22968/2.5.6.SEC03/exploit/target/test-classes
[INFO] -------------------------------------------------------------
[WARNING] COMPILATION WARNING : 
[INFO] -------------------------------------------------------------
[WARNING] Some messages have been simplified; recompile with -Xdiags:verbose to get full output
[INFO] 1 warning
[INFO] -------------------------------------------------------------
[INFO] -------------------------------------------------------------
[ERROR] COMPILATION ERROR : 
[INFO] -------------------------------------------------------------
[ERROR] /PoCAdaptation/exploit/pending/CVE-2022-22968/2.5.6.SEC03/exploit/src/test/java/edu/vision/se/Testcase1.java:[16,15] method setAllowedFields in class org.springframework.validation.DataBinder cannot be applied to given types;
  required: java.lang.String[]
  found: java.lang.String,java.lang.String
  reason: actual and formal argument lists differ in length
[ERROR] /PoCAdaptation/exploit/pending/CVE-2022-22968/2.5.6.SEC03/exploit/src/test/java/edu/vision/se/Testcase1.java:[17,36] incompatible types: java.lang.String cannot be converted to java.lang.String[]
[ERROR] /PoCAdaptation/exploit/pending/CVE-2022-22968/2.5.6.SEC03/exploit/src/test/java/edu/vision/se/Testcase1.java:[19,12] cannot find symbol
  symbol:   method add(java.lang.String,java.lang.String)
  location: variable pvs of type org.springframework.beans.MutablePropertyValues
[ERROR] /PoCAdaptation/exploit/pending/CVE-2022-22968/2.5.6.SEC03/exploit/src/test/java/edu/vision/se/Testcase1.java:[20,12] cannot find symbol
  symbol:   method add(java.lang.String,int)
  location: variable pvs of type org.springframework.beans.MutablePropertyValues
[INFO] 4 errors 
[INFO] -------------------------------------------------------------
[INFO] ------------------------------------------------------------------------
[INFO] BUILD FAILURE
[INFO] ------------------------------------------------------------------------
[INFO] Total time:  0.925 s
[INFO] Finished at: 2025-07-14T06:53:32Z
[INFO] ------------------------------------------------------------------------
[ERROR] Failed to execute goal org.apache.maven.plugins:maven-compiler-plugin:3.1:testCompile (default-testCompile) on project CVE-2022-22968: Compilation failure: Compilation failure: 
[ERROR] /PoCAdaptation/exploit/pending/CVE-2022-22968/2.5.6.SEC03/exploit/src/test/java/edu/vision/se/Testcase1.java:[16,15] method setAllowedFields in class org.springframework.validation.DataBinder cannot be applied to given types;
[ERROR]   required: java.lang.String[]
[ERROR]   found: java.lang.String,java.lang.String
[ERROR]   reason: actual and formal argument lists differ in length
[ERROR] /PoCAdaptation/exploit/pending/CVE-2022-22968/2.5.6.SEC03/exploit/src/test/java/edu/vision/se/Testcase1.java:[17,36] incompatible types: java.lang.String cannot be converted to java.lang.String[]
[ERROR] /PoCAdaptation/exploit/pending/CVE-2022-22968/2.5.6.SEC03/exploit/src/test/java/edu/vision/se/Testcase1.java:[19,12] cannot find symbol
[ERROR]   symbol:   method add(java.lang.String,java.lang.String)
[ERROR]   location: variable pvs of type org.springframework.beans.MutablePropertyValues
[ERROR] /PoCAdaptation/exploit/pending/CVE-2022-22968/2.5.6.SEC03/exploit/src/test/java/edu/vision/se/Testcase1.java:[20,12] cannot find symbol
[ERROR]   symbol:   method add(java.lang.String,int)
[ERROR]   location: variable pvs of type org.springframework.beans.MutablePropertyValues
[ERROR] -> [Help 1]
[ERROR] 
[ERROR] To see the full stack trace of the errors, re-run Maven with the -e switch.
[ERROR] Re-run Maven using the -X switch to enable full debug logging.
[ERROR] 
[ERROR] For more information about the errors and possible solutions, please read the following articles:
[ERROR] [Help 1] http://cwiki.apache.org/confluence/display/MAVEN/MojoFailureException


[96m[Verifier] Verifying reproduction...[0m
[91m[Verifier] âœ— Behavior not found: 'java.lang.AssertionError'[0m
[91m[Executor] Reproduction result: Failure[0m
[96m[Adapter] Attempting adaptation from base version 3.0.0.RELEASE to 2.5.6.SEC03...[0m
[96m[Adapter] Start adapting exploit from 3.0.0.RELEASE to 2.5.6.SEC03"[0m
[96m[Executor] Executing exploit for CVE-2022-22968 on version 2.5.6.SEC03...[0m
[INFO] Scanning for projects...
[INFO] 
[INFO] --------------------< edu.vision.se:CVE-2022-22968 >--------------------
[INFO] Building CVE-2022-22968 1.0-SNAPSHOT
[INFO]   from pom.xml
[INFO] --------------------------------[ jar ]---------------------------------
[INFO] 
[INFO] --- maven-clean-plugin:2.5:clean (default-clean) @ CVE-2022-22968 ---
[INFO] Deleting /PoCAdaptation/exploit/result/CVE-2022-22968/2.5.6.SEC03/exploit/target
[INFO] 
[INFO] --- maven-resources-plugin:2.6:resources (default-resources) @ CVE-2022-22968 ---
[WARNING] Using platform encoding (UTF-8 actually) to copy filtered resources, i.e. build is platform dependent!
[INFO] skip non existing resourceDirectory /PoCAdaptation/exploit/result/CVE-2022-22968/2.5.6.SEC03/exploit/src/main/resources
[INFO] 
[INFO] --- maven-compiler-plugin:3.1:compile (default-compile) @ CVE-2022-22968 ---
[INFO] No sources to compile
[INFO] 
[INFO] --- maven-resources-plugin:2.6:testResources (default-testResources) @ CVE-2022-22968 ---
[WARNING] Using platform encoding (UTF-8 actually) to copy filtered resources, i.e. build is platform dependent!
[INFO] skip non existing resourceDirectory /PoCAdaptation/exploit/result/CVE-2022-22968/2.5.6.SEC03/exploit/src/test/resources
[INFO] 
[INFO] --- maven-compiler-plugin:3.1:testCompile (default-testCompile) @ CVE-2022-22968 ---
[INFO] Changes detected - recompiling the module!
[WARNING] File encoding has not been set, using platform encoding UTF-8, i.e. build is platform dependent!
[INFO] Compiling 2 source files to /PoCAdaptation/exploit/result/CVE-2022-22968/2.5.6.SEC03/exploit/target/test-classes
[INFO] -------------------------------------------------------------
[WARNING] COMPILATION WARNING : 
[INFO] -------------------------------------------------------------
[WARNING] Some messages have been simplified; recompile with -Xdiags:verbose to get full output
[INFO] 1 warning
[INFO] -------------------------------------------------------------
[INFO] -------------------------------------------------------------
[ERROR] COMPILATION ERROR : 
[INFO] -------------------------------------------------------------
[ERROR] /PoCAdaptation/exploit/result/CVE-2022-22968/2.5.6.SEC03/exploit/src/test/java/edu/vision/se/Testcase1.java:[16,15] method setAllowedFields in class org.springframework.validation.DataBinder cannot be applied to given types;
  required: java.lang.String[]
  found: java.lang.String,java.lang.String
  reason: actual and formal argument lists differ in length
[ERROR] /PoCAdaptation/exploit/result/CVE-2022-22968/2.5.6.SEC03/exploit/src/test/java/edu/vision/se/Testcase1.java:[17,36] incompatible types: java.lang.String cannot be converted to java.lang.String[]
[ERROR] /PoCAdaptation/exploit/result/CVE-2022-22968/2.5.6.SEC03/exploit/src/test/java/edu/vision/se/Testcase1.java:[19,12] cannot find symbol
  symbol:   method add(java.lang.String,java.lang.String)
  location: variable pvs of type org.springframework.beans.MutablePropertyValues
[ERROR] /PoCAdaptation/exploit/result/CVE-2022-22968/2.5.6.SEC03/exploit/src/test/java/edu/vision/se/Testcase1.java:[20,12] cannot find symbol
  symbol:   method add(java.lang.String,int)
  location: variable pvs of type org.springframework.beans.MutablePropertyValues
[INFO] 4 errors 
[INFO] -------------------------------------------------------------
[INFO] ------------------------------------------------------------------------
[INFO] BUILD FAILURE
[INFO] ------------------------------------------------------------------------
[INFO] Total time:  0.982 s
[INFO] Finished at: 2025-07-14T06:53:34Z
[INFO] ------------------------------------------------------------------------
[ERROR] Failed to execute goal org.apache.maven.plugins:maven-compiler-plugin:3.1:testCompile (default-testCompile) on project CVE-2022-22968: Compilation failure: Compilation failure: 
[ERROR] /PoCAdaptation/exploit/result/CVE-2022-22968/2.5.6.SEC03/exploit/src/test/java/edu/vision/se/Testcase1.java:[16,15] method setAllowedFields in class org.springframework.validation.DataBinder cannot be applied to given types;
[ERROR]   required: java.lang.String[]
[ERROR]   found: java.lang.String,java.lang.String
[ERROR]   reason: actual and formal argument lists differ in length
[ERROR] /PoCAdaptation/exploit/result/CVE-2022-22968/2.5.6.SEC03/exploit/src/test/java/edu/vision/se/Testcase1.java:[17,36] incompatible types: java.lang.String cannot be converted to java.lang.String[]
[ERROR] /PoCAdaptation/exploit/result/CVE-2022-22968/2.5.6.SEC03/exploit/src/test/java/edu/vision/se/Testcase1.java:[19,12] cannot find symbol
[ERROR]   symbol:   method add(java.lang.String,java.lang.String)
[ERROR]   location: variable pvs of type org.springframework.beans.MutablePropertyValues
[ERROR] /PoCAdaptation/exploit/result/CVE-2022-22968/2.5.6.SEC03/exploit/src/test/java/edu/vision/se/Testcase1.java:[20,12] cannot find symbol
[ERROR]   symbol:   method add(java.lang.String,int)
[ERROR]   location: variable pvs of type org.springframework.beans.MutablePropertyValues
[ERROR] -> [Help 1]
[ERROR] 
[ERROR] To see the full stack trace of the errors, re-run Maven with the -e switch.
[ERROR] Re-run Maven using the -X switch to enable full debug logging.
[ERROR] 
[ERROR] For more information about the errors and possible solutions, please read the following articles:
[ERROR] [Help 1] http://cwiki.apache.org/confluence/display/MAVEN/MojoFailureException


[96m[Verifier] Verifying reproduction...[0m
[91m[Verifier] âœ— Behavior not found: 'java.lang.AssertionError'[0m
[91m[Executor] Reproduction result: Failure[0m
[96m[ErrorManager] Ignoring line: [ERROR] Failed to execute goal org.apache.maven.plugins:maven-compiler-plugin:3.1:testCompile (default-testCompile) on project CVE-2022-22968: Compilation failure: Compilation failure:[0m
[92m[ErrorManager] Processing line: [ERROR] /PoCAdaptation/exploit/result/CVE-2022-22968/2.5.6.SEC03/exploit/src/test/java/edu/vision/se/Testcase1.java:[16,15] method setAllowedFields in class org.springframework.validation.DataBinder cannot be applied to given types;[0m
[92m[ErrorManager] Processing line: [ERROR]   required: java.lang.String[][0m
[92m[ErrorManager] Processing line: [ERROR]   found: java.lang.String,java.lang.String[0m
[92m[ErrorManager] Processing line: [ERROR]   reason: actual and formal argument lists differ in length[0m
[92m[ErrorManager] Processing line: [ERROR] /PoCAdaptation/exploit/result/CVE-2022-22968/2.5.6.SEC03/exploit/src/test/java/edu/vision/se/Testcase1.java:[17,36] incompatible types: java.lang.String cannot be converted to java.lang.String[][0m
[92m[ErrorManager] Processing line: [ERROR] /PoCAdaptation/exploit/result/CVE-2022-22968/2.5.6.SEC03/exploit/src/test/java/edu/vision/se/Testcase1.java:[19,12] cannot find symbol[0m
[92m[ErrorManager] Processing line: [ERROR]   symbol:   method add(java.lang.String,java.lang.String)[0m
[92m[ErrorManager] Processing line: [ERROR]   location: variable pvs of type org.springframework.beans.MutablePropertyValues[0m
[92m[ErrorManager] Processing line: [ERROR] /PoCAdaptation/exploit/result/CVE-2022-22968/2.5.6.SEC03/exploit/src/test/java/edu/vision/se/Testcase1.java:[20,12] cannot find symbol[0m
[92m[ErrorManager] Processing line: [ERROR]   symbol:   method add(java.lang.String,int)[0m
[92m[ErrorManager] Processing line: [ERROR]   location: variable pvs of type org.springframework.beans.MutablePropertyValues[0m
[96m[ErrorManager] Ignoring line: [ERROR] -> [Help 1][0m
[96m[ErrorManager] Ignoring line: [ERROR][0m
[96m[ErrorManager] Ignoring line: [ERROR] To see the full stack trace of the errors, re-run Maven with the -e switch.[0m
[96m[ErrorManager] Ignoring line: [ERROR] Re-run Maven using the -X switch to enable full debug logging.[0m
[96m[ErrorManager] Ignoring line: [ERROR][0m
[96m[ErrorManager] Ignoring line: [ERROR] For more information about the errors and possible solutions, please read the following articles:[0m
[96m[ErrorManager] Ignoring line: [ERROR] [Help 1] http://cwiki.apache.org/confluence/display/MAVEN/MojoFailureException[0m
[96m[Adapter] Locating fix position in error log.[0m
---------
[LLMClient] Asking: You are given a Java error log when executing 'mvn test' in a project with dependency version 2.5.6.SEC03:org.springframework:spring-context.
This test file compiles and runs successfully with version 3.0.0.RELEASE.

Your task is to:
output the location in the project that should be modified to fix the problem **without updating this library**.

Please return 'pom' if the fix is in the pom.xml file, or 'test' if the fix is in the test code.
Do not return any other text, just 'pom' or 'test'.

The error log is:
[INFO] Scanning for projects...
[INFO] 
[INFO] --------------------< edu.vision.se:CVE-2022-22968 >--------------------
[INFO] Building CVE-2022-22968 1.0-SNAPSHOT
[INFO]   from pom.xml
[INFO] --------------------------------[ jar ]---------------------------------
[INFO] 
[INFO] --- maven-clean-plugin:2.5:clean (default-clean) @ CVE-2022-22968 ---
[INFO] Deleting /PoCAdaptation/exploit/result/CVE-2022-22968/2.5.6.SEC03/exploit/target
[INFO] 
[INFO] --- maven-resources-plugin:2.6:resources (default-resources) @ CVE-2022-22968 ---
[WARNING] Using platform encoding (UTF-8 actually) to copy filtered resources, i.e. build is platform dependent!
[INFO] skip non existing resourceDirectory /PoCAdaptation/exploit/result/CVE-2022-22968/2.5.6.SEC03/exploit/src/main/resources
[INFO] 
[INFO] --- maven-compiler-plugin:3.1:compile (default-compile) @ CVE-2022-22968 ---
[INFO] No sources to compile
[INFO] 
[INFO] --- maven-resources-plugin:2.6:testResources (default-testResources) @ CVE-2022-22968 ---
[WARNING] Using platform encoding (UTF-8 actually) to copy filtered resources, i.e. build is platform dependent!
[INFO] skip non existing resourceDirectory /PoCAdaptation/exploit/result/CVE-2022-22968/2.5.6.SEC03/exploit/src/test/resources
[INFO] 
[INFO] --- maven-compiler-plugin:3.1:testCompile (default-testCompile) @ CVE-2022-22968 ---
[INFO] Changes detected - recompiling the module!
[WARNING] File encoding has not been set, using platform encoding UTF-8, i.e. build is platform dependent!
[INFO] Compiling 2 source files to /PoCAdaptation/exploit/result/CVE-2022-22968/2.5.6.SEC03/exploit/target/test-classes
[INFO] -------------------------------------------------------------
[WARNING] COMPILATION WARNING : 
[INFO] -------------------------------------------------------------
[WARNING] Some messages have been simplified; recompile with -Xdiags:verbose to get full output
[INFO] 1 warning
[INFO] -------------------------------------------------------------
[INFO] -------------------------------------------------------------
[ERROR] COMPILATION ERROR : 
[INFO] -------------------------------------------------------------
[ERROR] /PoCAdaptation/exploit/result/CVE-2022-22968/2.5.6.SEC03/exploit/src/test/java/edu/vision/se/Testcase1.java:[16,15] method setAllowedFields in class org.springframework.validation.DataBinder cannot be applied to given types;
  required: java.lang.String[]
  found: java.lang.String,java.lang.String
  reason: actual and formal argument lists differ in length
[ERROR] /PoCAdaptation/exploit/result/CVE-2022-22968/2.5.6.SEC03/exploit/src/test/java/edu/vision/se/Testcase1.java:[17,36] incompatible types: java.lang.String cannot be converted to java.lang.String[]
[ERROR] /PoCAdaptation/exploit/result/CVE-2022-22968/2.5.6.SEC03/exploit/src/test/java/edu/vision/se/Testcase1.java:[19,12] cannot find symbol
  symbol:   method add(java.lang.String,java.lang.String)
  location: variable pvs of type org.springframework.beans.MutablePropertyValues
[ERROR] /PoCAdaptation/exploit/result/CVE-2022-22968/2.5.6.SEC03/exploit/src/test/java/edu/vision/se/Testcase1.java:[20,12] cannot find symbol
  symbol:   method add(java.lang.String,int)
  location: variable pvs of type org.springframework.beans.MutablePropertyValues
[INFO] 4 errors 
[INFO] -------------------------------------------------------------
[INFO] ------------------------------------------------------------------------
[INFO] BUILD FAILURE
[INFO] ------------------------------------------------------------------------
[INFO] Total time:  0.982 s
[INFO] Finished at: 2025-07-14T06:53:34Z
[INFO] ------------------------------------------------------------------------
[ERROR] Failed to execute goal org.apache.maven.plugins:maven-compiler-plugin:3.1:testCompile (default-testCompile) on project CVE-2022-22968: Compilation failure: Compilation failure: 
[ERROR] /PoCAdaptation/exploit/result/CVE-2022-22968/2.5.6.SEC03/exploit/src/test/java/edu/vision/se/Testcase1.java:[16,15] method setAllowedFields in class org.springframework.validation.DataBinder cannot be applied to given types;
[ERROR]   required: java.lang.String[]
[ERROR]   found: java.lang.String,java.lang.String
[ERROR]   reason: actual and formal argument lists differ in length
[ERROR] /PoCAdaptation/exploit/result/CVE-2022-22968/2.5.6.SEC03/exploit/src/test/java/edu/vision/se/Testcase1.java:[17,36] incompatible types: java.lang.String cannot be converted to java.lang.String[]
[ERROR] /PoCAdaptation/exploit/result/CVE-2022-22968/2.5.6.SEC03/exploit/src/test/java/edu/vision/se/Testcase1.java:[19,12] cannot find symbol
[ERROR]   symbol:   method add(java.lang.String,java.lang.String)
[ERROR]   location: variable pvs of type org.springframework.beans.MutablePropertyValues
[ERROR] /PoCAdaptation/exploit/result/CVE-2022-22968/2.5.6.SEC03/exploit/src/test/java/edu/vision/se/Testcase1.java:[20,12] cannot find symbol
[ERROR]   symbol:   method add(java.lang.String,int)
[ERROR]   location: variable pvs of type org.springframework.beans.MutablePropertyValues
[ERROR] -> [Help 1]
[ERROR] 
[ERROR] To see the full stack trace of the errors, re-run Maven with the -e switch.
[ERROR] Re-run Maven using the -X switch to enable full debug logging.
[ERROR] 
[ERROR] For more information about the errors and possible solutions, please read the following articles:
[ERROR] [Help 1] http://cwiki.apache.org/confluence/display/MAVEN/MojoFailureException


current_pom file is:<?xml version='1.0' encoding='utf-8'?>
<project xmlns="http://maven.apache.org/POM/4.0.0" xmlns:xsi="http://www.w3.org/2001/XMLSchema-instance" xsi:schemaLocation="http://maven.apache.org/POM/4.0.0 https://maven.apache.org/xsd/maven-4.0.0.xsd">
  <modelVersion>4.0.0</modelVersion>
  <groupId>edu.vision.se</groupId>
  <artifactId>CVE-2022-22968</artifactId>
  <version>1.0-SNAPSHOT</version>
  <properties>
    <maven.compiler.target>11</maven.compiler.target>
    <maven.compiler.source>11</maven.compiler.source>
  </properties>
  <dependencies>
    <dependency>
      <groupId>org.springframework</groupId>
      <artifactId>spring-context</artifactId>
      <version>2.5.6.SEC03</version>
    </dependency>
  <dependency><groupId>junit</groupId><artifactId>junit</artifactId><version>4.13.2</version></dependency>
  
  </dependencies>
</project>
---------
---------
[LLMClient] Response: test
---------
[96m[Adapter] LLM response for fix position: test[0m
[96m[Adapter] Fix position is in test code.[0m
---------
[LLMClient] Asking: You are given an error when executing exploit in in 2.5.6.SEC03:org.springframework:spring-context
This exploit file compiles and reproduced successfully in 3.0.0.RELEASE with an assertion error.

Your task is fix the error.

Only output the modified version of the test file. No explanations. 
### Compilation Errors:
[INFO] Scanning for projects...
[INFO] 
[INFO] --------------------< edu.vision.se:CVE-2022-22968 >--------------------
[INFO] Building CVE-2022-22968 1.0-SNAPSHOT
[INFO]   from pom.xml
[INFO] --------------------------------[ jar ]---------------------------------
[INFO] 
[INFO] --- maven-clean-plugin:2.5:clean (default-clean) @ CVE-2022-22968 ---
[INFO] Deleting /PoCAdaptation/exploit/result/CVE-2022-22968/2.5.6.SEC03/exploit/target
[INFO] 
[INFO] --- maven-resources-plugin:2.6:resources (default-resources) @ CVE-2022-22968 ---
[WARNING] Using platform encoding (UTF-8 actually) to copy filtered resources, i.e. build is platform dependent!
[INFO] skip non existing resourceDirectory /PoCAdaptation/exploit/result/CVE-2022-22968/2.5.6.SEC03/exploit/src/main/resources
[INFO] 
[INFO] --- maven-compiler-plugin:3.1:compile (default-compile) @ CVE-2022-22968 ---
[INFO] No sources to compile
[INFO] 
[INFO] --- maven-resources-plugin:2.6:testResources (default-testResources) @ CVE-2022-22968 ---
[WARNING] Using platform encoding (UTF-8 actually) to copy filtered resources, i.e. build is platform dependent!
[INFO] skip non existing resourceDirectory /PoCAdaptation/exploit/result/CVE-2022-22968/2.5.6.SEC03/exploit/src/test/resources
[INFO] 
[INFO] --- maven-compiler-plugin:3.1:testCompile (default-testCompile) @ CVE-2022-22968 ---
[INFO] Changes detected - recompiling the module!
[WARNING] File encoding has not been set, using platform encoding UTF-8, i.e. build is platform dependent!
[INFO] Compiling 2 source files to /PoCAdaptation/exploit/result/CVE-2022-22968/2.5.6.SEC03/exploit/target/test-classes
[INFO] -------------------------------------------------------------
[WARNING] COMPILATION WARNING : 
[INFO] -------------------------------------------------------------
[WARNING] Some messages have been simplified; recompile with -Xdiags:verbose to get full output
[INFO] 1 warning
[INFO] -------------------------------------------------------------
[INFO] -------------------------------------------------------------
[ERROR] COMPILATION ERROR : 
[INFO] -------------------------------------------------------------
[ERROR] /PoCAdaptation/exploit/result/CVE-2022-22968/2.5.6.SEC03/exploit/src/test/java/edu/vision/se/Testcase1.java:[16,15] method setAllowedFields in class org.springframework.validation.DataBinder cannot be applied to given types;
  required: java.lang.String[]
  found: java.lang.String,java.lang.String
  reason: actual and formal argument lists differ in length
[ERROR] /PoCAdaptation/exploit/result/CVE-2022-22968/2.5.6.SEC03/exploit/src/test/java/edu/vision/se/Testcase1.java:[17,36] incompatible types: java.lang.String cannot be converted to java.lang.String[]
[ERROR] /PoCAdaptation/exploit/result/CVE-2022-22968/2.5.6.SEC03/exploit/src/test/java/edu/vision/se/Testcase1.java:[19,12] cannot find symbol
  symbol:   method add(java.lang.String,java.lang.String)
  location: variable pvs of type org.springframework.beans.MutablePropertyValues
[ERROR] /PoCAdaptation/exploit/result/CVE-2022-22968/2.5.6.SEC03/exploit/src/test/java/edu/vision/se/Testcase1.java:[20,12] cannot find symbol
  symbol:   method add(java.lang.String,int)
  location: variable pvs of type org.springframework.beans.MutablePropertyValues
[INFO] 4 errors 
[INFO] -------------------------------------------------------------
[INFO] ------------------------------------------------------------------------
[INFO] BUILD FAILURE
[INFO] ------------------------------------------------------------------------
[INFO] Total time:  0.982 s
[INFO] Finished at: 2025-07-14T06:53:34Z
[INFO] ------------------------------------------------------------------------
[ERROR] Failed to execute goal org.apache.maven.plugins:maven-compiler-plugin:3.1:testCompile (default-testCompile) on project CVE-2022-22968: Compilation failure: Compilation failure: 
[ERROR] /PoCAdaptation/exploit/result/CVE-2022-22968/2.5.6.SEC03/exploit/src/test/java/edu/vision/se/Testcase1.java:[16,15] method setAllowedFields in class org.springframework.validation.DataBinder cannot be applied to given types;
[ERROR]   required: java.lang.String[]
[ERROR]   found: java.lang.String,java.lang.String
[ERROR]   reason: actual and formal argument lists differ in length
[ERROR] /PoCAdaptation/exploit/result/CVE-2022-22968/2.5.6.SEC03/exploit/src/test/java/edu/vision/se/Testcase1.java:[17,36] incompatible types: java.lang.String cannot be converted to java.lang.String[]
[ERROR] /PoCAdaptation/exploit/result/CVE-2022-22968/2.5.6.SEC03/exploit/src/test/java/edu/vision/se/Testcase1.java:[19,12] cannot find symbol
[ERROR]   symbol:   method add(java.lang.String,java.lang.String)
[ERROR]   location: variable pvs of type org.springframework.beans.MutablePropertyValues
[ERROR] /PoCAdaptation/exploit/result/CVE-2022-22968/2.5.6.SEC03/exploit/src/test/java/edu/vision/se/Testcase1.java:[20,12] cannot find symbol
[ERROR]   symbol:   method add(java.lang.String,int)
[ERROR]   location: variable pvs of type org.springframework.beans.MutablePropertyValues
[ERROR] -> [Help 1]
[ERROR] 
[ERROR] To see the full stack trace of the errors, re-run Maven with the -e switch.
[ERROR] Re-run Maven using the -X switch to enable full debug logging.
[ERROR] 
[ERROR] For more information about the errors and possible solutions, please read the following articles:
[ERROR] [Help 1] http://cwiki.apache.org/confluence/display/MAVEN/MojoFailureException

### Test File Content:
package edu.vision.se;

import static org.junit.Assert.assertEquals;
import static org.junit.Assert.assertTrue;

import org.junit.Test;
import org.springframework.beans.MutablePropertyValues;
import org.springframework.validation.BindException;
import org.springframework.validation.DataBinder;

public class Testcase1 {
    @Test
    public void bindingWithAllowedAndDisallowedFields() throws BindException {
        TestBean rod = new TestBean();
        DataBinder binder = new DataBinder(rod);
        binder.setAllowedFields("name", "age");
        binder.setDisallowedFields("AGE");
        MutablePropertyValues pvs = new MutablePropertyValues();
        pvs.add("name", "Rod");
        pvs.add("age", 32);

        binder.bind(pvs);
        binder.close();

        assertEquals("changed name correctly", "Rod", rod.getName());
        assertEquals("did not change age", 0, rod.getAge());

        String[] suppressedFields = binder.getBindingResult().getSuppressedFields();
        boolean containsField = false;
        for (String actualField : suppressedFields) {
            if ("age".equals(actualField)) {
                containsField = true;
                break;
            }
        }
        assertTrue("not found: " + "age", containsField);

    }
}


---------
---------
[LLMClient] Response: ```java
package edu.vision.se;

import static org.junit.Assert.assertEquals;
import static org.junit.Assert.assertTrue;

import org.junit.Test;
import org.springframework.beans.MutablePropertyValues;
import org.springframework.validation.BindException;
import org.springframework.validation.DataBinder;

public class Testcase1 {
    @Test
    public void bindingWithAllowedAndDisallowedFields() throws BindException {
        TestBean rod = new TestBean();
        DataBinder binder = new DataBinder(rod);
        binder.setAllowedFields(new String[] {"name", "age"});
        binder.setDisallowedFields(new String[] {"AGE"});
        MutablePropertyValues pvs = new MutablePropertyValues();
        pvs.addPropertyValue("name", "Rod");
        pvs.addPropertyValue("age", 32);

        binder.bind(pvs);
        binder.close();

        assertEquals("changed name correctly", "Rod", rod.getName());
        assertEquals("did not change age", 0, rod.getAge());

        String[] suppressedFields = binder.getBindingResult().getSuppressedFields();
        boolean containsField = false;
        for (String actualField : suppressedFields) {
            if ("age".equals(actualField)) {
                containsField = true;
                break;
            }
        }
        assertTrue("not found: " + "age", containsField);

    }
}
```
---------
[96m[RepairModule] Wrote modified code to /PoCAdaptation/exploit/result/CVE-2022-22968/2.5.6.SEC03/exploit/src/test/java/edu/vision/se/Testcase1.java[0m
[96m[Executor] Executing exploit for CVE-2022-22968 on version 2.5.6.SEC03...[0m
[INFO] Scanning for projects...
[INFO] 
[INFO] --------------------< edu.vision.se:CVE-2022-22968 >--------------------
[INFO] Building CVE-2022-22968 1.0-SNAPSHOT
[INFO]   from pom.xml
[INFO] --------------------------------[ jar ]---------------------------------
[INFO] 
[INFO] --- maven-clean-plugin:2.5:clean (default-clean) @ CVE-2022-22968 ---
[INFO] Deleting /PoCAdaptation/exploit/result/CVE-2022-22968/2.5.6.SEC03/exploit/target
[INFO] 
[INFO] --- maven-resources-plugin:2.6:resources (default-resources) @ CVE-2022-22968 ---
[WARNING] Using platform encoding (UTF-8 actually) to copy filtered resources, i.e. build is platform dependent!
[INFO] skip non existing resourceDirectory /PoCAdaptation/exploit/result/CVE-2022-22968/2.5.6.SEC03/exploit/src/main/resources
[INFO] 
[INFO] --- maven-compiler-plugin:3.1:compile (default-compile) @ CVE-2022-22968 ---
[INFO] No sources to compile
[INFO] 
[INFO] --- maven-resources-plugin:2.6:testResources (default-testResources) @ CVE-2022-22968 ---
[WARNING] Using platform encoding (UTF-8 actually) to copy filtered resources, i.e. build is platform dependent!
[INFO] skip non existing resourceDirectory /PoCAdaptation/exploit/result/CVE-2022-22968/2.5.6.SEC03/exploit/src/test/resources
[INFO] 
[INFO] --- maven-compiler-plugin:3.1:testCompile (default-testCompile) @ CVE-2022-22968 ---
[INFO] Changes detected - recompiling the module!
[WARNING] File encoding has not been set, using platform encoding UTF-8, i.e. build is platform dependent!
[INFO] Compiling 2 source files to /PoCAdaptation/exploit/result/CVE-2022-22968/2.5.6.SEC03/exploit/target/test-classes
[INFO] 
[INFO] --- maven-surefire-plugin:2.12.4:test (default-test) @ CVE-2022-22968 ---
[INFO] Surefire report directory: /PoCAdaptation/exploit/result/CVE-2022-22968/2.5.6.SEC03/exploit/target/surefire-reports

-------------------------------------------------------
 T E S T S
-------------------------------------------------------
Running edu.vision.se.Testcase1
Tests run: 1, Failures: 1, Errors: 0, Skipped: 0, Time elapsed: 0.097 sec <<< FAILURE!
bindingWithAllowedAndDisallowedFields(edu.vision.se.Testcase1)  Time elapsed: 0.079 sec  <<< FAILURE!
java.lang.AssertionError: did not change age expected:<0> but was:<32>
	at org.junit.Assert.fail(Assert.java:89)
	at org.junit.Assert.failNotEquals(Assert.java:835)
	at org.junit.Assert.assertEquals(Assert.java:647)
	at edu.vision.se.Testcase1.bindingWithAllowedAndDisallowedFields(Testcase1.java:26)
	at java.base/jdk.internal.reflect.NativeMethodAccessorImpl.invoke0(Native Method)
	at java.base/jdk.internal.reflect.NativeMethodAccessorImpl.invoke(NativeMethodAccessorImpl.java:62)
	at java.base/jdk.internal.reflect.DelegatingMethodAccessorImpl.invoke(DelegatingMethodAccessorImpl.java:43)
	at java.base/java.lang.reflect.Method.invoke(Method.java:566)
	at org.junit.runners.model.FrameworkMethod$1.runReflectiveCall(FrameworkMethod.java:59)
	at org.junit.internal.runners.model.ReflectiveCallable.run(ReflectiveCallable.java:12)
	at org.junit.runners.model.FrameworkMethod.invokeExplosively(FrameworkMethod.java:56)
	at org.junit.internal.runners.statements.InvokeMethod.evaluate(InvokeMethod.java:17)
	at org.junit.runners.ParentRunner$3.evaluate(ParentRunner.java:306)
	at org.junit.runners.BlockJUnit4ClassRunner$1.evaluate(BlockJUnit4ClassRunner.java:100)
	at org.junit.runners.ParentRunner.runLeaf(ParentRunner.java:366)
	at org.junit.runners.BlockJUnit4ClassRunner.runChild(BlockJUnit4ClassRunner.java:103)
	at org.junit.runners.BlockJUnit4ClassRunner.runChild(BlockJUnit4ClassRunner.java:63)
	at org.junit.runners.ParentRunner$4.run(ParentRunner.java:331)
	at org.junit.runners.ParentRunner$1.schedule(ParentRunner.java:79)
	at org.junit.runners.ParentRunner.runChildren(ParentRunner.java:329)
	at org.junit.runners.ParentRunner.access$100(ParentRunner.java:66)
	at org.junit.runners.ParentRunner$2.evaluate(ParentRunner.java:293)
	at org.junit.runners.ParentRunner$3.evaluate(ParentRunner.java:306)
	at org.junit.runners.ParentRunner.run(ParentRunner.java:413)
	at org.apache.maven.surefire.junit4.JUnit4Provider.execute(JUnit4Provider.java:252)
	at org.apache.maven.surefire.junit4.JUnit4Provider.executeTestSet(JUnit4Provider.java:141)
	at org.apache.maven.surefire.junit4.JUnit4Provider.invoke(JUnit4Provider.java:112)
	at java.base/jdk.internal.reflect.NativeMethodAccessorImpl.invoke0(Native Method)
	at java.base/jdk.internal.reflect.NativeMethodAccessorImpl.invoke(NativeMethodAccessorImpl.java:62)
	at java.base/jdk.internal.reflect.DelegatingMethodAccessorImpl.invoke(DelegatingMethodAccessorImpl.java:43)
	at java.base/java.lang.reflect.Method.invoke(Method.java:566)
	at org.apache.maven.surefire.util.ReflectionUtils.invokeMethodWithArray(ReflectionUtils.java:189)
	at org.apache.maven.surefire.booter.ProviderFactory$ProviderProxy.invoke(ProviderFactory.java:165)
	at org.apache.maven.surefire.booter.ProviderFactory.invokeProvider(ProviderFactory.java:85)
	at org.apache.maven.surefire.booter.ForkedBooter.runSuitesInProcess(ForkedBooter.java:115)
	at org.apache.maven.surefire.booter.ForkedBooter.main(ForkedBooter.java:75)


Results :

Failed tests:   bindingWithAllowedAndDisallowedFields(edu.vision.se.Testcase1): did not change age expected:<0> but was:<32>

Tests run: 1, Failures: 1, Errors: 0, Skipped: 0

[INFO] ------------------------------------------------------------------------
[INFO] BUILD FAILURE
[INFO] ------------------------------------------------------------------------
[INFO] Total time:  1.357 s
[INFO] Finished at: 2025-07-14T06:53:54Z
[INFO] ------------------------------------------------------------------------
[ERROR] Failed to execute goal org.apache.maven.plugins:maven-surefire-plugin:2.12.4:test (default-test) on project CVE-2022-22968: There are test failures.
[ERROR] 
[ERROR] Please refer to /PoCAdaptation/exploit/result/CVE-2022-22968/2.5.6.SEC03/exploit/target/surefire-reports for the individual test results.
[ERROR] -> [Help 1]
[ERROR] 
[ERROR] To see the full stack trace of the errors, re-run Maven with the -e switch.
[ERROR] Re-run Maven using the -X switch to enable full debug logging.
[ERROR] 
[ERROR] For more information about the errors and possible solutions, please read the following articles:
[ERROR] [Help 1] http://cwiki.apache.org/confluence/display/MAVEN/MojoFailureException


[96m[Verifier] Verifying reproduction...[0m
[92m[Verifier] âœ“ Behavior matched: 'java.lang.AssertionError'[0m
[92m[Verifier] âœ“ Detail matched: '32'[0m
[92m[Verifier] âœ“ All reproduction indicators matched.[0m
[92m[Executor] Reproduction result: Success[0m
[92m[RepairModule] Test repair success with diff[0m
[96m[Adapter] Test code repair attempted.[0m
[96m[Executor] Executing exploit for CVE-2022-22968 on version 2.5.6.SEC03...[0m
[INFO] Scanning for projects...
[INFO] 
[INFO] --------------------< edu.vision.se:CVE-2022-22968 >--------------------
[INFO] Building CVE-2022-22968 1.0-SNAPSHOT
[INFO]   from pom.xml
[INFO] --------------------------------[ jar ]---------------------------------
[INFO] 
[INFO] --- maven-clean-plugin:2.5:clean (default-clean) @ CVE-2022-22968 ---
[INFO] Deleting /PoCAdaptation/exploit/result/CVE-2022-22968/2.5.6.SEC03/exploit/target
[INFO] 
[INFO] --- maven-resources-plugin:2.6:resources (default-resources) @ CVE-2022-22968 ---
[WARNING] Using platform encoding (UTF-8 actually) to copy filtered resources, i.e. build is platform dependent!
[INFO] skip non existing resourceDirectory /PoCAdaptation/exploit/result/CVE-2022-22968/2.5.6.SEC03/exploit/src/main/resources
[INFO] 
[INFO] --- maven-compiler-plugin:3.1:compile (default-compile) @ CVE-2022-22968 ---
[INFO] No sources to compile
[INFO] 
[INFO] --- maven-resources-plugin:2.6:testResources (default-testResources) @ CVE-2022-22968 ---
[WARNING] Using platform encoding (UTF-8 actually) to copy filtered resources, i.e. build is platform dependent!
[INFO] skip non existing resourceDirectory /PoCAdaptation/exploit/result/CVE-2022-22968/2.5.6.SEC03/exploit/src/test/resources
[INFO] 
[INFO] --- maven-compiler-plugin:3.1:testCompile (default-testCompile) @ CVE-2022-22968 ---
[INFO] Changes detected - recompiling the module!
[WARNING] File encoding has not been set, using platform encoding UTF-8, i.e. build is platform dependent!
[INFO] Compiling 2 source files to /PoCAdaptation/exploit/result/CVE-2022-22968/2.5.6.SEC03/exploit/target/test-classes
[INFO] 
[INFO] --- maven-surefire-plugin:2.12.4:test (default-test) @ CVE-2022-22968 ---
[INFO] Surefire report directory: /PoCAdaptation/exploit/result/CVE-2022-22968/2.5.6.SEC03/exploit/target/surefire-reports

-------------------------------------------------------
 T E S T S
-------------------------------------------------------
Running edu.vision.se.Testcase1
Tests run: 1, Failures: 1, Errors: 0, Skipped: 0, Time elapsed: 0.092 sec <<< FAILURE!
bindingWithAllowedAndDisallowedFields(edu.vision.se.Testcase1)  Time elapsed: 0.081 sec  <<< FAILURE!
java.lang.AssertionError: did not change age expected:<0> but was:<32>
	at org.junit.Assert.fail(Assert.java:89)
	at org.junit.Assert.failNotEquals(Assert.java:835)
	at org.junit.Assert.assertEquals(Assert.java:647)
	at edu.vision.se.Testcase1.bindingWithAllowedAndDisallowedFields(Testcase1.java:26)
	at java.base/jdk.internal.reflect.NativeMethodAccessorImpl.invoke0(Native Method)
	at java.base/jdk.internal.reflect.NativeMethodAccessorImpl.invoke(NativeMethodAccessorImpl.java:62)
	at java.base/jdk.internal.reflect.DelegatingMethodAccessorImpl.invoke(DelegatingMethodAccessorImpl.java:43)
	at java.base/java.lang.reflect.Method.invoke(Method.java:566)
	at org.junit.runners.model.FrameworkMethod$1.runReflectiveCall(FrameworkMethod.java:59)
	at org.junit.internal.runners.model.ReflectiveCallable.run(ReflectiveCallable.java:12)
	at org.junit.runners.model.FrameworkMethod.invokeExplosively(FrameworkMethod.java:56)
	at org.junit.internal.runners.statements.InvokeMethod.evaluate(InvokeMethod.java:17)
	at org.junit.runners.ParentRunner$3.evaluate(ParentRunner.java:306)
	at org.junit.runners.BlockJUnit4ClassRunner$1.evaluate(BlockJUnit4ClassRunner.java:100)
	at org.junit.runners.ParentRunner.runLeaf(ParentRunner.java:366)
	at org.junit.runners.BlockJUnit4ClassRunner.runChild(BlockJUnit4ClassRunner.java:103)
	at org.junit.runners.BlockJUnit4ClassRunner.runChild(BlockJUnit4ClassRunner.java:63)
	at org.junit.runners.ParentRunner$4.run(ParentRunner.java:331)
	at org.junit.runners.ParentRunner$1.schedule(ParentRunner.java:79)
	at org.junit.runners.ParentRunner.runChildren(ParentRunner.java:329)
	at org.junit.runners.ParentRunner.access$100(ParentRunner.java:66)
	at org.junit.runners.ParentRunner$2.evaluate(ParentRunner.java:293)
	at org.junit.runners.ParentRunner$3.evaluate(ParentRunner.java:306)
	at org.junit.runners.ParentRunner.run(ParentRunner.java:413)
	at org.apache.maven.surefire.junit4.JUnit4Provider.execute(JUnit4Provider.java:252)
	at org.apache.maven.surefire.junit4.JUnit4Provider.executeTestSet(JUnit4Provider.java:141)
	at org.apache.maven.surefire.junit4.JUnit4Provider.invoke(JUnit4Provider.java:112)
	at java.base/jdk.internal.reflect.NativeMethodAccessorImpl.invoke0(Native Method)
	at java.base/jdk.internal.reflect.NativeMethodAccessorImpl.invoke(NativeMethodAccessorImpl.java:62)
	at java.base/jdk.internal.reflect.DelegatingMethodAccessorImpl.invoke(DelegatingMethodAccessorImpl.java:43)
	at java.base/java.lang.reflect.Method.invoke(Method.java:566)
	at org.apache.maven.surefire.util.ReflectionUtils.invokeMethodWithArray(ReflectionUtils.java:189)
	at org.apache.maven.surefire.booter.ProviderFactory$ProviderProxy.invoke(ProviderFactory.java:165)
	at org.apache.maven.surefire.booter.ProviderFactory.invokeProvider(ProviderFactory.java:85)
	at org.apache.maven.surefire.booter.ForkedBooter.runSuitesInProcess(ForkedBooter.java:115)
	at org.apache.maven.surefire.booter.ForkedBooter.main(ForkedBooter.java:75)


Results :

Failed tests:   bindingWithAllowedAndDisallowedFields(edu.vision.se.Testcase1): did not change age expected:<0> but was:<32>

Tests run: 1, Failures: 1, Errors: 0, Skipped: 0

[INFO] ------------------------------------------------------------------------
[INFO] BUILD FAILURE
[INFO] ------------------------------------------------------------------------
[INFO] Total time:  1.333 s
[INFO] Finished at: 2025-07-14T06:53:56Z
[INFO] ------------------------------------------------------------------------
[ERROR] Failed to execute goal org.apache.maven.plugins:maven-surefire-plugin:2.12.4:test (default-test) on project CVE-2022-22968: There are test failures.
[ERROR] 
[ERROR] Please refer to /PoCAdaptation/exploit/result/CVE-2022-22968/2.5.6.SEC03/exploit/target/surefire-reports for the individual test results.
[ERROR] -> [Help 1]
[ERROR] 
[ERROR] To see the full stack trace of the errors, re-run Maven with the -e switch.
[ERROR] Re-run Maven using the -X switch to enable full debug logging.
[ERROR] 
[ERROR] For more information about the errors and possible solutions, please read the following articles:
[ERROR] [Help 1] http://cwiki.apache.org/confluence/display/MAVEN/MojoFailureException


[96m[Verifier] Verifying reproduction...[0m
[92m[Verifier] âœ“ Behavior matched: 'java.lang.AssertionError'[0m
[92m[Verifier] âœ“ Detail matched: '32'[0m
[92m[Verifier] âœ“ All reproduction indicators matched.[0m
[92m[Executor] Reproduction result: Success[0m
[92m[Adapter] Adaptation from 3.0.0.RELEASE to 2.5.6.SEC03 successful.[0m
[Adapt] âœ“ Completed: True
[96m[Adapter] Adaptation complete. Retesting exploit on 2.5.6.SEC03...[0m
[92m[Executor] Adaptation + reproduction successful on 2.5.6.SEC03[0m
[96m[Adapter] Copied successful adaptation to /PoCAdaptation/exploit/valid/CVE-2022-22968/2.5.6.SEC03[0m

[Executor] â–¶ Summary of return codes:
  - Version 2.5.6.SEC03: âœ“ Success (exit code 0)
